2025-07-13 22:58:41 - INFO - Logging initialized.
 Writing to /home/jovyan/Workspace/workspace_mnist/logs/exp_icecream_noise_saltpepper_50perc_part2/experiment_logs_2025-07-13_22-58-41.log
2025-07-13 22:58:41 - INFO - ========== [Experiment Start] ==========
2025-07-13 22:58:41 - INFO - Views combinations successfully generated.
2025-07-13 22:58:41 - INFO - Topological Data Analysis pipeline generated.
2025-07-13 22:58:41 - INFO - Folder to save results has been created.
2025-07-13 22:58:41 - INFO - Reading dataset from mnist_784.csv (chunk size: 70000).
2025-07-13 22:58:42 - INFO - Starting multiview data preparation for a chunk of size (70000, 784)...
2025-07-13 22:58:42 - INFO - Running using 28 jobs.
2025-07-13 22:58:42 - INFO - Contaminating dataset with salt_pepper, quantity=0.5, transparency=0.
2025-07-13 22:58:45 - INFO - Splitting data: 80.0% train / 30.0% test (random_state=174730097)
2025-07-13 22:58:45 - INFO - Using full training data without second split.
2025-07-13 22:58:45 - INFO - Data split complete. Train size: (49000, 784), Test size: (21000, 784)
2025-07-13 22:58:45 - INFO - Reshaping train and test data into square images...
2025-07-13 22:58:45 - INFO - Reshaping complete. Train images shape: (49000, 28, 28), Test images shape: (21000, 28, 28)
2025-07-13 22:58:45 - INFO - Splitting images into quadrant views...
2025-07-13 22:58:45 - INFO - Quadrant view splitting complete. Train views: 4, Test views: 4
2025-07-13 22:58:45 - INFO - Starting TDA pipeline transformation on train data...
2025-07-13 23:06:50 - INFO - TDA transformation for train completed (8.07 minutes).
2025-07-13 23:06:50 - INFO - Applying TDA pipeline transformation on test data...
2025-07-13 23:10:10 - INFO - TDA transformation for test completed (3.33 minutes).
2025-07-13 23:10:10 - INFO - ========== [Model Training Start] ==========
2025-07-13 23:10:10 - INFO - Training model: original
2025-07-13 23:10:11 - INFO - Model original completed in 1.22 seconds.
2025-07-13 23:10:11 - INFO - >>> Model original trained. Accuracy: 0.6638 (1.22 sec.)
2025-07-13 23:10:11 - INFO - Training model: original-bottom_right
2025-07-13 23:10:20 - INFO - Model original-bottom_right completed in 9.71 seconds.
2025-07-13 23:10:20 - INFO - >>> Model original-bottom_right trained. Accuracy: 0.6914 (9.71 sec.)
2025-07-13 23:10:20 - INFO - Training model: original-top_right
2025-07-13 23:10:30 - INFO - Model original-top_right completed in 9.60 seconds.
2025-07-13 23:10:30 - INFO - >>> Model original-top_right trained. Accuracy: 0.7261 (9.60 sec.)
2025-07-13 23:10:30 - INFO - Training model: original-tda
2025-07-13 23:10:51 - INFO - Model original-tda completed in 20.43 seconds.
2025-07-13 23:10:51 - INFO - >>> Model original-tda trained. Accuracy: 0.6851 (20.43 sec.)
2025-07-13 23:10:51 - INFO - Training model: original-top_left
2025-07-13 23:11:00 - INFO - Model original-top_left completed in 9.14 seconds.
2025-07-13 23:11:00 - INFO - >>> Model original-top_left trained. Accuracy: 0.7081 (9.14 sec.)
2025-07-13 23:11:00 - INFO - Training model: original-bottom_left
2025-07-13 23:11:09 - INFO - Model original-bottom_left completed in 9.66 seconds.
2025-07-13 23:11:09 - INFO - >>> Model original-bottom_left trained. Accuracy: 0.6950 (9.66 sec.)
2025-07-13 23:11:09 - INFO - Training model: original-bottom_right-top_right
2025-07-13 23:11:22 - INFO - Model original-bottom_right-top_right completed in 12.95 seconds.
2025-07-13 23:11:22 - INFO - >>> Model original-bottom_right-top_right trained. Accuracy: 0.7440 (12.95 sec.)
2025-07-13 23:11:22 - INFO - Training model: original-bottom_right-tda
2025-07-13 23:11:46 - INFO - Model original-bottom_right-tda completed in 23.32 seconds.
2025-07-13 23:11:46 - INFO - >>> Model original-bottom_right-tda trained. Accuracy: 0.7019 (23.32 sec.)
2025-07-13 23:11:46 - INFO - Training model: original-bottom_right-top_left
2025-07-13 23:11:58 - INFO - Model original-bottom_right-top_left completed in 12.66 seconds.
2025-07-13 23:11:58 - INFO - >>> Model original-bottom_right-top_left trained. Accuracy: 0.7260 (12.66 sec.)
2025-07-13 23:11:58 - INFO - Training model: original-bottom_right-bottom_left
2025-07-13 23:12:11 - INFO - Model original-bottom_right-bottom_left completed in 12.51 seconds.
2025-07-13 23:12:11 - INFO - >>> Model original-bottom_right-bottom_left trained. Accuracy: 0.7152 (12.51 sec.)
2025-07-13 23:12:11 - INFO - Training model: original-top_right-tda
2025-07-13 23:12:35 - INFO - Model original-top_right-tda completed in 23.80 seconds.
2025-07-13 23:12:35 - INFO - >>> Model original-top_right-tda trained. Accuracy: 0.7338 (23.80 sec.)
2025-07-13 23:12:35 - INFO - Training model: original-top_left-top_right
2025-07-13 23:12:47 - INFO - Model original-top_left-top_right completed in 12.87 seconds.
2025-07-13 23:12:47 - INFO - >>> Model original-top_left-top_right trained. Accuracy: 0.7526 (12.87 sec.)
2025-07-13 23:12:47 - INFO - Training model: original-top_right-bottom_left
2025-07-13 23:13:00 - INFO - Model original-top_right-bottom_left completed in 12.64 seconds.
2025-07-13 23:13:00 - INFO - >>> Model original-top_right-bottom_left trained. Accuracy: 0.7516 (12.64 sec.)
2025-07-13 23:13:00 - INFO - Training model: original-top_left-tda
2025-07-13 23:13:24 - INFO - Model original-top_left-tda completed in 23.51 seconds.
2025-07-13 23:13:24 - INFO - >>> Model original-top_left-tda trained. Accuracy: 0.7137 (23.51 sec.)
2025-07-13 23:13:24 - INFO - Training model: original-bottom_left-tda
2025-07-13 23:13:47 - INFO - Model original-bottom_left-tda completed in 23.50 seconds.
2025-07-13 23:13:47 - INFO - >>> Model original-bottom_left-tda trained. Accuracy: 0.7050 (23.50 sec.)
2025-07-13 23:13:47 - INFO - Training model: original-top_left-bottom_left
2025-07-13 23:14:00 - INFO - Model original-top_left-bottom_left completed in 12.62 seconds.
2025-07-13 23:14:00 - INFO - >>> Model original-top_left-bottom_left trained. Accuracy: 0.7318 (12.62 sec.)
2025-07-13 23:14:00 - INFO - Training model: original-bottom_right-top_right-tda
2025-07-13 23:14:27 - INFO - Model original-bottom_right-top_right-tda completed in 26.82 seconds.
2025-07-13 23:14:27 - INFO - >>> Model original-bottom_right-top_right-tda trained. Accuracy: 0.7516 (26.82 sec.)
2025-07-13 23:14:27 - INFO - Training model: original-top_left-bottom_right-top_right
2025-07-13 23:14:42 - INFO - Model original-top_left-bottom_right-top_right completed in 15.91 seconds.
2025-07-13 23:14:42 - INFO - >>> Model original-top_left-bottom_right-top_right trained. Accuracy: 0.7750 (15.91 sec.)
2025-07-13 23:14:42 - INFO - Training model: original-bottom_right-top_right-bottom_left
2025-07-13 23:14:59 - INFO - Model original-bottom_right-top_right-bottom_left completed in 16.15 seconds.
2025-07-13 23:14:59 - INFO - >>> Model original-bottom_right-top_right-bottom_left trained. Accuracy: 0.7723 (16.15 sec.)
2025-07-13 23:14:59 - INFO - Training model: original-bottom_right-top_left-tda
2025-07-13 23:15:25 - INFO - Model original-bottom_right-top_left-tda completed in 26.54 seconds.
2025-07-13 23:15:25 - INFO - >>> Model original-bottom_right-top_left-tda trained. Accuracy: 0.7342 (26.54 sec.)
2025-07-13 23:15:25 - INFO - Training model: original-bottom_left-bottom_right-tda
2025-07-13 23:15:52 - INFO - Model original-bottom_left-bottom_right-tda completed in 26.94 seconds.
2025-07-13 23:15:52 - INFO - >>> Model original-bottom_left-bottom_right-tda trained. Accuracy: 0.7263 (26.94 sec.)
2025-07-13 23:15:52 - INFO - Training model: original-bottom_right-top_left-bottom_left
2025-07-13 23:16:08 - INFO - Model original-bottom_right-top_left-bottom_left completed in 15.68 seconds.
2025-07-13 23:16:08 - INFO - >>> Model original-bottom_right-top_left-bottom_left trained. Accuracy: 0.7516 (15.68 sec.)
2025-07-13 23:16:08 - INFO - Training model: original-top_left-top_right-tda
2025-07-13 23:16:35 - INFO - Model original-top_left-top_right-tda completed in 26.95 seconds.
2025-07-13 23:16:35 - INFO - >>> Model original-top_left-top_right-tda trained. Accuracy: 0.7578 (26.95 sec.)
2025-07-13 23:16:35 - INFO - Training model: original-bottom_left-top_right-tda
2025-07-13 23:17:01 - INFO - Model original-bottom_left-top_right-tda completed in 26.56 seconds.
2025-07-13 23:17:01 - INFO - >>> Model original-bottom_left-top_right-tda trained. Accuracy: 0.7567 (26.56 sec.)
2025-07-13 23:17:01 - INFO - Training model: original-top_left-top_right-bottom_left
2025-07-13 23:17:17 - INFO - Model original-top_left-top_right-bottom_left completed in 15.76 seconds.
2025-07-13 23:17:17 - INFO - >>> Model original-top_left-top_right-bottom_left trained. Accuracy: 0.7830 (15.76 sec.)
2025-07-13 23:17:17 - INFO - Training model: original-bottom_left-top_left-tda
2025-07-13 23:17:44 - INFO - Model original-bottom_left-top_left-tda completed in 26.53 seconds.
2025-07-13 23:17:44 - INFO - >>> Model original-bottom_left-top_left-tda trained. Accuracy: 0.7365 (26.53 sec.)
2025-07-13 23:17:44 - INFO - Training model: bottom_right-top_right-original-tda-top_left
2025-07-13 23:18:14 - INFO - Model bottom_right-top_right-original-tda-top_left completed in 30.08 seconds.
2025-07-13 23:18:14 - INFO - >>> Model bottom_right-top_right-original-tda-top_left trained. Accuracy: 0.7763 (30.08 sec.)
2025-07-13 23:18:14 - INFO - Training model: bottom_right-top_right-original-tda-bottom_left
2025-07-13 23:18:43 - INFO - Model bottom_right-top_right-original-tda-bottom_left completed in 29.80 seconds.
2025-07-13 23:18:43 - INFO - >>> Model bottom_right-top_right-original-tda-bottom_left trained. Accuracy: 0.7714 (29.80 sec.)
2025-07-13 23:18:43 - INFO - Training model: bottom_right-top_right-original-top_left-bottom_left
2025-07-13 23:19:03 - INFO - Model bottom_right-top_right-original-top_left-bottom_left completed in 19.07 seconds.
2025-07-13 23:19:03 - INFO - >>> Model bottom_right-top_right-original-top_left-bottom_left trained. Accuracy: 0.7988 (19.07 sec.)
2025-07-13 23:19:03 - INFO - Training model: bottom_right-original-tda-top_left-bottom_left
2025-07-13 23:19:32 - INFO - Model bottom_right-original-tda-top_left-bottom_left completed in 29.71 seconds.
2025-07-13 23:19:32 - INFO - >>> Model bottom_right-original-tda-top_left-bottom_left trained. Accuracy: 0.7560 (29.71 sec.)
2025-07-13 23:19:32 - INFO - Training model: top_right-original-tda-top_left-bottom_left
2025-07-13 23:20:02 - INFO - Model top_right-original-tda-top_left-bottom_left completed in 30.15 seconds.
2025-07-13 23:20:02 - INFO - >>> Model top_right-original-tda-top_left-bottom_left trained. Accuracy: 0.7816 (30.15 sec.)
2025-07-13 23:20:02 - INFO - Training model: bottom_right-top_right-original-tda-top_left-bottom_left
2025-07-13 23:20:36 - INFO - Model bottom_right-top_right-original-tda-top_left-bottom_left completed in 33.71 seconds.
2025-07-13 23:20:36 - INFO - >>> Model bottom_right-top_right-original-tda-top_left-bottom_left trained. Accuracy: 0.7961 (33.71 sec.)
2025-07-13 23:20:36 - INFO - All models trained successfully.
2025-07-13 23:20:36 - INFO - ========== [Model Training Completed] in 10.44 minutes ==========
2025-07-13 23:20:36 - INFO - ========== [Experiment Training Complete] ==========
2025-07-13 23:20:36 - INFO - Results saved to /home/jovyan/Workspace/workspace_mnist/results/exp_icecream_noise_saltpepper_50perc_part2/exp_icecream_noise_saltpepper_50perc_part2_2025-07-13_23-20-36.json
2025-07-13 23:20:36 - INFO - Results successfully saved to /home/jovyan/Workspace/workspace_mnist/results/exp_icecream_noise_saltpepper_50perc_part2/exp_icecream_noise_saltpepper_50perc_part2_2025-07-13_23-20-36.json
2025-07-13 23:20:36 - INFO - Forced Garbage collection executed to Free Memory.
2025-07-13 23:20:36 - INFO - ========== [Experiment Completed] in 21.93 minutes ==========
