2025-03-23 10:17:15 - INFO - Logging initialized.
 Writing to /home/jovyan/Workspace/workspace_mnist/logs/exp_noise_icecream/experiment_logs_2025-03-23_10-17-15.log
2025-03-23 10:17:15 - INFO - ========== [Experiment Start] ==========
2025-03-23 10:17:15 - INFO - Views combinations succesfully generated.
2025-03-23 10:17:15 - INFO - Topological Data Analysis pipeline generated.
2025-03-23 10:17:15 - INFO - Generating folder to save results.
2025-03-23 10:17:15 - INFO - Reading dataset in chunks from mnist_784.csv (chunk size: 70000)
2025-03-23 10:17:16 - INFO - Starting multiview data preparation for a chunk of size (70000, 784)...
2025-03-23 10:17:16 - INFO - Running using 16 jobs.
2025-03-23 10:17:16 - INFO - Contaminating dataset with lines using 23.
2025-03-23 10:17:26 - INFO - Splitting data: 80.0% train / 20.0% test (random_state=451678828)
2025-03-23 10:17:26 - INFO - Data split complete. Train size: (44800, 784), Test size: (14000, 784)
2025-03-23 10:17:26 - INFO - Reshaping train and test data into square images...
2025-03-23 10:17:26 - INFO - Reshaping complete. Train images: (44800, 28, 28), Test images: (14000, 28, 28)
2025-03-23 10:17:26 - INFO - Splitting images into quadrant views...
2025-03-23 10:17:26 - INFO - Quadrant view splitting complete. Train views: 4, Test views: 4
2025-03-23 10:17:26 - INFO - >> Starting TDA pipeline transformation on train data...
2025-03-23 10:26:03 - INFO - >> TDA transformation for train data completed (8.62 minutes).
2025-03-23 10:26:03 - INFO - >> Applying TDA pipeline transformation on test data...
2025-03-23 10:28:42 - INFO - >> TDA transformation for test data completed (2.65 minutes).
2025-03-23 10:28:42 - INFO - ========== [Model Training Start] ==========
2025-03-23 10:28:42 - INFO - Training model: original
2025-03-23 10:28:44 - INFO - Model original completed in 1.62 seconds.
2025-03-23 10:28:44 - INFO - >>> Model original trained. Accuracy: 0.8847 (1.62 sec.)
2025-03-23 10:28:44 - INFO - Training model: bottom_left-original
2025-03-23 10:28:57 - INFO - Model bottom_left-original completed in 13.34 seconds.
2025-03-23 10:28:57 - INFO - >>> Model bottom_left-original trained. Accuracy: 0.8944 (13.34 sec.)
2025-03-23 10:28:57 - INFO - Training model: top_left-original
2025-03-23 10:29:10 - INFO - Model top_left-original completed in 13.09 seconds.
2025-03-23 10:29:10 - INFO - >>> Model top_left-original trained. Accuracy: 0.8979 (13.09 sec.)
2025-03-23 10:29:10 - INFO - Training model: original-top_right
2025-03-23 10:29:24 - INFO - Model original-top_right completed in 13.61 seconds.
2025-03-23 10:29:24 - INFO - >>> Model original-top_right trained. Accuracy: 0.9006 (13.61 sec.)
2025-03-23 10:29:24 - INFO - Training model: bottom_right-original
2025-03-23 10:29:37 - INFO - Model bottom_right-original completed in 13.33 seconds.
2025-03-23 10:29:37 - INFO - >>> Model bottom_right-original trained. Accuracy: 0.8995 (13.33 sec.)
2025-03-23 10:29:37 - INFO - Training model: tda-original
2025-03-23 10:30:05 - INFO - Model tda-original completed in 28.30 seconds.
2025-03-23 10:30:05 - INFO - >>> Model tda-original trained. Accuracy: 0.8872 (28.30 sec.)
2025-03-23 10:30:05 - INFO - Training model: bottom_left-top_left-original
2025-03-23 10:30:23 - INFO - Model bottom_left-top_left-original completed in 17.58 seconds.
2025-03-23 10:30:23 - INFO - >>> Model bottom_left-top_left-original trained. Accuracy: 0.9048 (17.58 sec.)
2025-03-23 10:30:23 - INFO - Training model: bottom_left-original-top_right
2025-03-23 10:30:41 - INFO - Model bottom_left-original-top_right completed in 18.05 seconds.
2025-03-23 10:30:41 - INFO - >>> Model bottom_left-original-top_right trained. Accuracy: 0.9093 (18.05 sec.)
2025-03-23 10:30:41 - INFO - Training model: bottom_right-bottom_left-original
2025-03-23 10:30:59 - INFO - Model bottom_right-bottom_left-original completed in 18.13 seconds.
2025-03-23 10:30:59 - INFO - >>> Model bottom_right-bottom_left-original trained. Accuracy: 0.9040 (18.13 sec.)
2025-03-23 10:30:59 - INFO - Training model: bottom_left-tda-original
2025-03-23 10:31:32 - INFO - Model bottom_left-tda-original completed in 33.02 seconds.
2025-03-23 10:31:32 - INFO - >>> Model bottom_left-tda-original trained. Accuracy: 0.8936 (33.02 sec.)
2025-03-23 10:31:32 - INFO - Training model: top_left-original-top_right
2025-03-23 10:31:50 - INFO - Model top_left-original-top_right completed in 18.03 seconds.
2025-03-23 10:31:50 - INFO - >>> Model top_left-original-top_right trained. Accuracy: 0.9097 (18.03 sec.)
2025-03-23 10:31:50 - INFO - Training model: bottom_right-top_left-original
2025-03-23 10:32:08 - INFO - Model bottom_right-top_left-original completed in 17.75 seconds.
2025-03-23 10:32:08 - INFO - >>> Model bottom_right-top_left-original trained. Accuracy: 0.9079 (17.75 sec.)
2025-03-23 10:32:08 - INFO - Training model: top_left-tda-original
2025-03-23 10:32:41 - INFO - Model top_left-tda-original completed in 32.59 seconds.
2025-03-23 10:32:41 - INFO - >>> Model top_left-tda-original trained. Accuracy: 0.8942 (32.59 sec.)
2025-03-23 10:32:41 - INFO - Training model: bottom_right-original-top_right
2025-03-23 10:32:59 - INFO - Model bottom_right-original-top_right completed in 18.32 seconds.
2025-03-23 10:32:59 - INFO - >>> Model bottom_right-original-top_right trained. Accuracy: 0.9119 (18.32 sec.)
2025-03-23 10:32:59 - INFO - Training model: tda-original-top_right
2025-03-23 10:33:32 - INFO - Model tda-original-top_right completed in 33.19 seconds.
2025-03-23 10:33:32 - INFO - >>> Model tda-original-top_right trained. Accuracy: 0.9005 (33.19 sec.)
2025-03-23 10:33:32 - INFO - Training model: bottom_right-tda-original
2025-03-23 10:34:05 - INFO - Model bottom_right-tda-original completed in 33.09 seconds.
2025-03-23 10:34:05 - INFO - >>> Model bottom_right-tda-original trained. Accuracy: 0.8958 (33.09 sec.)
2025-03-23 10:34:05 - INFO - Training model: bottom_left-top_left-original-top_right
2025-03-23 10:34:28 - INFO - Model bottom_left-top_left-original-top_right completed in 22.36 seconds.
2025-03-23 10:34:28 - INFO - >>> Model bottom_left-top_left-original-top_right trained. Accuracy: 0.9190 (22.36 sec.)
2025-03-23 10:34:28 - INFO - Training model: bottom_right-bottom_left-top_left-original
2025-03-23 10:34:50 - INFO - Model bottom_right-bottom_left-top_left-original completed in 22.40 seconds.
2025-03-23 10:34:50 - INFO - >>> Model bottom_right-bottom_left-top_left-original trained. Accuracy: 0.9154 (22.40 sec.)
2025-03-23 10:34:50 - INFO - Training model: bottom_left-top_left-tda-original
2025-03-23 10:35:27 - INFO - Model bottom_left-top_left-tda-original completed in 36.90 seconds.
2025-03-23 10:35:27 - INFO - >>> Model bottom_left-top_left-tda-original trained. Accuracy: 0.9041 (36.90 sec.)
2025-03-23 10:35:27 - INFO - Training model: bottom_right-bottom_left-original-top_right
2025-03-23 10:35:50 - INFO - Model bottom_right-bottom_left-original-top_right completed in 23.00 seconds.
2025-03-23 10:35:50 - INFO - >>> Model bottom_right-bottom_left-original-top_right trained. Accuracy: 0.9161 (23.00 sec.)
2025-03-23 10:35:50 - INFO - Training model: bottom_left-tda-original-top_right
2025-03-23 10:36:28 - INFO - Model bottom_left-tda-original-top_right completed in 37.72 seconds.
2025-03-23 10:36:28 - INFO - >>> Model bottom_left-tda-original-top_right trained. Accuracy: 0.9055 (37.72 sec.)
2025-03-23 10:36:28 - INFO - Training model: bottom_right-bottom_left-tda-original
2025-03-23 10:37:05 - INFO - Model bottom_right-bottom_left-tda-original completed in 37.65 seconds.
2025-03-23 10:37:05 - INFO - >>> Model bottom_right-bottom_left-tda-original trained. Accuracy: 0.9014 (37.65 sec.)
2025-03-23 10:37:05 - INFO - Training model: bottom_right-top_left-original-top_right
2025-03-23 10:37:28 - INFO - Model bottom_right-top_left-original-top_right completed in 22.83 seconds.
2025-03-23 10:37:28 - INFO - >>> Model bottom_right-top_left-original-top_right trained. Accuracy: 0.9221 (22.83 sec.)
2025-03-23 10:37:28 - INFO - Training model: top_left-tda-original-top_right
2025-03-23 10:38:06 - INFO - Model top_left-tda-original-top_right completed in 37.58 seconds.
2025-03-23 10:38:06 - INFO - >>> Model top_left-tda-original-top_right trained. Accuracy: 0.9101 (37.58 sec.)
2025-03-23 10:38:06 - INFO - Training model: bottom_right-top_left-tda-original
2025-03-23 10:38:43 - INFO - Model bottom_right-top_left-tda-original completed in 37.10 seconds.
2025-03-23 10:38:43 - INFO - >>> Model bottom_right-top_left-tda-original trained. Accuracy: 0.9050 (37.10 sec.)
2025-03-23 10:38:43 - INFO - Training model: bottom_right-tda-original-top_right
2025-03-23 10:39:21 - INFO - Model bottom_right-tda-original-top_right completed in 37.86 seconds.
2025-03-23 10:39:21 - INFO - >>> Model bottom_right-tda-original-top_right trained. Accuracy: 0.9091 (37.86 sec.)
2025-03-23 10:39:21 - INFO - Training model: bottom_left-top_left-top_right-bottom_right-original
2025-03-23 10:39:48 - INFO - Model bottom_left-top_left-top_right-bottom_right-original completed in 27.02 seconds.
2025-03-23 10:39:48 - INFO - >>> Model bottom_left-top_left-top_right-bottom_right-original trained. Accuracy: 0.9281 (27.02 sec.)
2025-03-23 10:39:48 - INFO - Training model: bottom_left-top_left-top_right-tda-original
2025-03-23 10:40:30 - INFO - Model bottom_left-top_left-top_right-tda-original completed in 42.14 seconds.
2025-03-23 10:40:30 - INFO - >>> Model bottom_left-top_left-top_right-tda-original trained. Accuracy: 0.9175 (42.14 sec.)
2025-03-23 10:40:30 - INFO - Training model: bottom_left-top_left-bottom_right-tda-original
2025-03-23 10:41:12 - INFO - Model bottom_left-top_left-bottom_right-tda-original completed in 42.33 seconds.
2025-03-23 10:41:12 - INFO - >>> Model bottom_left-top_left-bottom_right-tda-original trained. Accuracy: 0.9134 (42.33 sec.)
2025-03-23 10:41:12 - INFO - Training model: bottom_left-top_right-bottom_right-tda-original
2025-03-23 10:41:55 - INFO - Model bottom_left-top_right-bottom_right-tda-original completed in 42.85 seconds.
2025-03-23 10:41:55 - INFO - >>> Model bottom_left-top_right-bottom_right-tda-original trained. Accuracy: 0.9154 (42.85 sec.)
2025-03-23 10:41:55 - INFO - Training model: top_left-top_right-bottom_right-tda-original
2025-03-23 10:42:37 - INFO - Model top_left-top_right-bottom_right-tda-original completed in 42.30 seconds.
2025-03-23 10:42:37 - INFO - >>> Model top_left-top_right-bottom_right-tda-original trained. Accuracy: 0.9203 (42.30 sec.)
2025-03-23 10:42:37 - INFO - Training model: bottom_left-top_left-top_right-bottom_right-tda-original
2025-03-23 10:43:24 - INFO - Model bottom_left-top_left-top_right-bottom_right-tda-original completed in 46.65 seconds.
2025-03-23 10:43:24 - INFO - >>> Model bottom_left-top_left-top_right-bottom_right-tda-original trained. Accuracy: 0.9269 (46.65 sec.)
2025-03-23 10:43:24 - INFO - All models trained successfully.
2025-03-23 10:43:24 - INFO - ========== [Model Training Completed] in 14.70 minutes ==========
2025-03-23 10:43:24 - INFO - ========== [Experiment Training Complete] ==========
2025-03-23 10:43:24 - INFO - Results saved to /home/jovyan/Workspace/workspace_mnist/results/exp_noise_icecream/experiment_trainsize_predictions_2025-03-23_10-43-24.json
2025-03-23 10:43:24 - INFO - Results successfully saved to /home/jovyan/Workspace/workspace_mnist/results/exp_noise_icecream/experiment_trainsize_predictions_2025-03-23_10-43-24.json
2025-03-23 10:43:24 - INFO - Garbage collection executed.
2025-03-23 10:43:24 - INFO - ========== [Experiment Completed] in 26.15 minutes ==========
