2025-03-23 12:14:31 - INFO - Logging initialized.
 Writing to /home/jovyan/Workspace/workspace_mnist/logs/exp_noise_icecream/experiment_logs_2025-03-23_12-14-31.log
2025-03-23 12:14:31 - INFO - ========== [Experiment Start] ==========
2025-03-23 12:14:31 - INFO - Views combinations succesfully generated.
2025-03-23 12:14:31 - INFO - Topological Data Analysis pipeline generated.
2025-03-23 12:14:31 - INFO - Generating folder to save results.
2025-03-23 12:14:31 - INFO - Reading dataset in chunks from mnist_784.csv (chunk size: 70000)
2025-03-23 12:14:32 - INFO - Starting multiview data preparation for a chunk of size (70000, 784)...
2025-03-23 12:14:32 - INFO - Running using 16 jobs.
2025-03-23 12:14:32 - INFO - Contaminating dataset with lines using 23.
2025-03-23 12:14:42 - INFO - Splitting data: 64.4% train / 20.0% test (random_state=759596069)
2025-03-23 12:14:42 - INFO - Data split complete. Train size: (36088, 784), Test size: (14000, 784)
2025-03-23 12:14:42 - INFO - Reshaping train and test data into square images...
2025-03-23 12:14:42 - INFO - Reshaping complete. Train images: (36088, 28, 28), Test images: (14000, 28, 28)
2025-03-23 12:14:42 - INFO - Splitting images into quadrant views...
2025-03-23 12:14:42 - INFO - Quadrant view splitting complete. Train views: 4, Test views: 4
2025-03-23 12:14:42 - INFO - >> Starting TDA pipeline transformation on train data...
2025-03-23 12:21:42 - INFO - >> TDA transformation for train data completed (7.00 minutes).
2025-03-23 12:21:42 - INFO - >> Applying TDA pipeline transformation on test data...
2025-03-23 12:24:21 - INFO - >> TDA transformation for test data completed (2.65 minutes).
2025-03-23 12:24:21 - INFO - ========== [Model Training Start] ==========
2025-03-23 12:24:21 - INFO - Training model: original
2025-03-23 12:24:23 - INFO - Model original completed in 1.33 seconds.
2025-03-23 12:24:23 - INFO - >>> Model original trained. Accuracy: 0.8794 (1.33 sec.)
2025-03-23 12:24:23 - INFO - Training model: bottom_left-original
2025-03-23 12:24:33 - INFO - Model bottom_left-original completed in 10.63 seconds.
2025-03-23 12:24:33 - INFO - >>> Model bottom_left-original trained. Accuracy: 0.8919 (10.63 sec.)
2025-03-23 12:24:33 - INFO - Training model: top_left-original
2025-03-23 12:24:44 - INFO - Model top_left-original completed in 10.47 seconds.
2025-03-23 12:24:44 - INFO - >>> Model top_left-original trained. Accuracy: 0.8948 (10.47 sec.)
2025-03-23 12:24:44 - INFO - Training model: original-top_right
2025-03-23 12:24:54 - INFO - Model original-top_right completed in 10.67 seconds.
2025-03-23 12:24:54 - INFO - >>> Model original-top_right trained. Accuracy: 0.8944 (10.67 sec.)
2025-03-23 12:24:54 - INFO - Training model: bottom_right-original
2025-03-23 12:25:05 - INFO - Model bottom_right-original completed in 10.87 seconds.
2025-03-23 12:25:05 - INFO - >>> Model bottom_right-original trained. Accuracy: 0.8935 (10.87 sec.)
2025-03-23 12:25:05 - INFO - Training model: tda-original
2025-03-23 12:25:28 - INFO - Model tda-original completed in 22.56 seconds.
2025-03-23 12:25:28 - INFO - >>> Model tda-original trained. Accuracy: 0.8807 (22.56 sec.)
2025-03-23 12:25:28 - INFO - Training model: bottom_left-top_left-original
2025-03-23 12:25:42 - INFO - Model bottom_left-top_left-original completed in 14.14 seconds.
2025-03-23 12:25:42 - INFO - >>> Model bottom_left-top_left-original trained. Accuracy: 0.9024 (14.14 sec.)
2025-03-23 12:25:42 - INFO - Training model: bottom_left-original-top_right
2025-03-23 12:25:56 - INFO - Model bottom_left-original-top_right completed in 14.43 seconds.
2025-03-23 12:25:56 - INFO - >>> Model bottom_left-original-top_right trained. Accuracy: 0.9021 (14.43 sec.)
2025-03-23 12:25:56 - INFO - Training model: bottom_right-bottom_left-original
2025-03-23 12:26:11 - INFO - Model bottom_right-bottom_left-original completed in 14.86 seconds.
2025-03-23 12:26:11 - INFO - >>> Model bottom_right-bottom_left-original trained. Accuracy: 0.9011 (14.86 sec.)
2025-03-23 12:26:11 - INFO - Training model: bottom_left-tda-original
2025-03-23 12:26:37 - INFO - Model bottom_left-tda-original completed in 26.14 seconds.
2025-03-23 12:26:37 - INFO - >>> Model bottom_left-tda-original trained. Accuracy: 0.8889 (26.14 sec.)
2025-03-23 12:26:37 - INFO - Training model: top_left-original-top_right
2025-03-23 12:26:52 - INFO - Model top_left-original-top_right completed in 14.22 seconds.
2025-03-23 12:26:52 - INFO - >>> Model top_left-original-top_right trained. Accuracy: 0.9046 (14.22 sec.)
2025-03-23 12:26:52 - INFO - Training model: bottom_right-top_left-original
2025-03-23 12:27:06 - INFO - Model bottom_right-top_left-original completed in 14.28 seconds.
2025-03-23 12:27:06 - INFO - >>> Model bottom_right-top_left-original trained. Accuracy: 0.9041 (14.28 sec.)
2025-03-23 12:27:06 - INFO - Training model: top_left-tda-original
2025-03-23 12:27:32 - INFO - Model top_left-tda-original completed in 26.05 seconds.
2025-03-23 12:27:32 - INFO - >>> Model top_left-tda-original trained. Accuracy: 0.8933 (26.05 sec.)
2025-03-23 12:27:32 - INFO - Training model: bottom_right-original-top_right
2025-03-23 12:27:47 - INFO - Model bottom_right-original-top_right completed in 14.74 seconds.
2025-03-23 12:27:47 - INFO - >>> Model bottom_right-original-top_right trained. Accuracy: 0.9029 (14.74 sec.)
2025-03-23 12:27:47 - INFO - Training model: tda-original-top_right
2025-03-23 12:28:13 - INFO - Model tda-original-top_right completed in 26.35 seconds.
2025-03-23 12:28:13 - INFO - >>> Model tda-original-top_right trained. Accuracy: 0.8916 (26.35 sec.)
2025-03-23 12:28:13 - INFO - Training model: bottom_right-tda-original
2025-03-23 12:28:39 - INFO - Model bottom_right-tda-original completed in 26.41 seconds.
2025-03-23 12:28:39 - INFO - >>> Model bottom_right-tda-original trained. Accuracy: 0.8894 (26.41 sec.)
2025-03-23 12:28:39 - INFO - Training model: bottom_left-top_left-original-top_right
2025-03-23 12:28:57 - INFO - Model bottom_left-top_left-original-top_right completed in 18.00 seconds.
2025-03-23 12:28:57 - INFO - >>> Model bottom_left-top_left-original-top_right trained. Accuracy: 0.9154 (18.00 sec.)
2025-03-23 12:28:57 - INFO - Training model: bottom_right-bottom_left-top_left-original
2025-03-23 12:29:16 - INFO - Model bottom_right-bottom_left-top_left-original completed in 18.07 seconds.
2025-03-23 12:29:16 - INFO - >>> Model bottom_right-bottom_left-top_left-original trained. Accuracy: 0.9126 (18.07 sec.)
2025-03-23 12:29:16 - INFO - Training model: bottom_left-top_left-tda-original
2025-03-23 12:29:45 - INFO - Model bottom_left-top_left-tda-original completed in 29.79 seconds.
2025-03-23 12:29:45 - INFO - >>> Model bottom_left-top_left-tda-original trained. Accuracy: 0.9015 (29.79 sec.)
2025-03-23 12:29:45 - INFO - Training model: bottom_right-bottom_left-original-top_right
2025-03-23 12:30:04 - INFO - Model bottom_right-bottom_left-original-top_right completed in 18.36 seconds.
2025-03-23 12:30:04 - INFO - >>> Model bottom_right-bottom_left-original-top_right trained. Accuracy: 0.9118 (18.36 sec.)
2025-03-23 12:30:04 - INFO - Training model: bottom_left-tda-original-top_right
2025-03-23 12:30:34 - INFO - Model bottom_left-tda-original-top_right completed in 29.99 seconds.
2025-03-23 12:30:34 - INFO - >>> Model bottom_left-tda-original-top_right trained. Accuracy: 0.9020 (29.99 sec.)
2025-03-23 12:30:34 - INFO - Training model: bottom_right-bottom_left-tda-original
2025-03-23 12:31:04 - INFO - Model bottom_right-bottom_left-tda-original completed in 30.12 seconds.
2025-03-23 12:31:04 - INFO - >>> Model bottom_right-bottom_left-tda-original trained. Accuracy: 0.8974 (30.12 sec.)
2025-03-23 12:31:04 - INFO - Training model: bottom_right-top_left-original-top_right
2025-03-23 12:31:22 - INFO - Model bottom_right-top_left-original-top_right completed in 18.20 seconds.
2025-03-23 12:31:22 - INFO - >>> Model bottom_right-top_left-original-top_right trained. Accuracy: 0.9154 (18.20 sec.)
2025-03-23 12:31:22 - INFO - Training model: top_left-tda-original-top_right
2025-03-23 12:31:52 - INFO - Model top_left-tda-original-top_right completed in 29.90 seconds.
2025-03-23 12:31:52 - INFO - >>> Model top_left-tda-original-top_right trained. Accuracy: 0.9011 (29.90 sec.)
2025-03-23 12:31:52 - INFO - Training model: bottom_right-top_left-tda-original
2025-03-23 12:32:22 - INFO - Model bottom_right-top_left-tda-original completed in 29.79 seconds.
2025-03-23 12:32:22 - INFO - >>> Model bottom_right-top_left-tda-original trained. Accuracy: 0.9004 (29.79 sec.)
2025-03-23 12:32:22 - INFO - Training model: bottom_right-tda-original-top_right
2025-03-23 12:32:52 - INFO - Model bottom_right-tda-original-top_right completed in 30.37 seconds.
2025-03-23 12:32:52 - INFO - >>> Model bottom_right-tda-original-top_right trained. Accuracy: 0.9000 (30.37 sec.)
2025-03-23 12:32:52 - INFO - Training model: bottom_left-top_left-top_right-bottom_right-original
2025-03-23 12:33:14 - INFO - Model bottom_left-top_left-top_right-bottom_right-original completed in 21.56 seconds.
2025-03-23 12:33:14 - INFO - >>> Model bottom_left-top_left-top_right-bottom_right-original trained. Accuracy: 0.9226 (21.56 sec.)
2025-03-23 12:33:14 - INFO - Training model: bottom_left-top_left-top_right-tda-original
2025-03-23 12:33:47 - INFO - Model bottom_left-top_left-top_right-tda-original completed in 33.59 seconds.
2025-03-23 12:33:47 - INFO - >>> Model bottom_left-top_left-top_right-tda-original trained. Accuracy: 0.9136 (33.59 sec.)
2025-03-23 12:33:47 - INFO - Training model: bottom_left-top_left-bottom_right-tda-original
2025-03-23 12:34:21 - INFO - Model bottom_left-top_left-bottom_right-tda-original completed in 33.33 seconds.
2025-03-23 12:34:21 - INFO - >>> Model bottom_left-top_left-bottom_right-tda-original trained. Accuracy: 0.9076 (33.33 sec.)
2025-03-23 12:34:21 - INFO - Training model: bottom_left-top_right-bottom_right-tda-original
2025-03-23 12:34:54 - INFO - Model bottom_left-top_right-bottom_right-tda-original completed in 33.75 seconds.
2025-03-23 12:34:54 - INFO - >>> Model bottom_left-top_right-bottom_right-tda-original trained. Accuracy: 0.9099 (33.75 sec.)
2025-03-23 12:34:54 - INFO - Training model: top_left-top_right-bottom_right-tda-original
2025-03-23 12:35:28 - INFO - Model top_left-top_right-bottom_right-tda-original completed in 33.87 seconds.
2025-03-23 12:35:28 - INFO - >>> Model top_left-top_right-bottom_right-tda-original trained. Accuracy: 0.9122 (33.87 sec.)
2025-03-23 12:35:28 - INFO - Training model: bottom_left-top_left-top_right-bottom_right-tda-original
2025-03-23 12:36:05 - INFO - Model bottom_left-top_left-top_right-bottom_right-tda-original completed in 37.15 seconds.
2025-03-23 12:36:05 - INFO - >>> Model bottom_left-top_left-top_right-bottom_right-tda-original trained. Accuracy: 0.9216 (37.15 sec.)
2025-03-23 12:36:05 - INFO - All models trained successfully.
2025-03-23 12:36:05 - INFO - ========== [Model Training Completed] in 11.73 minutes ==========
2025-03-23 12:36:05 - INFO - ========== [Experiment Training Complete] ==========
2025-03-23 12:36:05 - INFO - Results saved to /home/jovyan/Workspace/workspace_mnist/results/exp_noise_icecream/experiment_trainsize_predictions_2025-03-23_12-36-05.json
2025-03-23 12:36:05 - INFO - Results successfully saved to /home/jovyan/Workspace/workspace_mnist/results/exp_noise_icecream/experiment_trainsize_predictions_2025-03-23_12-36-05.json
2025-03-23 12:36:05 - INFO - Garbage collection executed.
2025-03-23 12:36:05 - INFO - ========== [Experiment Completed] in 21.57 minutes ==========
