2025-04-05 21:52:33 - INFO - Logging initialized.
 Writing to /home/jovyan/Workspace/workspace_mnist/logs/exp_noise_icecream/experiment_logs_2025-04-05_21-52-33.log
2025-04-05 21:52:33 - INFO - ========== [Experiment Start] ==========
2025-04-05 21:52:33 - INFO - Views combinations succesfully generated.
2025-04-05 21:52:33 - INFO - Topological Data Analysis pipeline generated.
2025-04-05 21:52:33 - INFO - Generating folder to save results.
2025-04-05 21:52:33 - INFO - Reading dataset in chunks from mnist_784.csv (chunk size: 70000)
2025-04-05 21:52:34 - INFO - Starting multiview data preparation for a chunk of size (70000, 784)...
2025-04-05 21:52:34 - INFO - Running using 22 jobs.
2025-04-05 21:52:34 - INFO - Contaminating dataset with circles using 2.
2025-04-05 21:52:34 - INFO - Splitting data: 80.0% train / 20.0% test (random_state=508701318)
2025-04-05 21:52:34 - INFO - Data split complete. Train size: (44800, 784), Test size: (14000, 784)
2025-04-05 21:52:34 - INFO - Reshaping train and test data into square images...
2025-04-05 21:52:34 - INFO - Reshaping complete. Train images: (44800, 28, 28), Test images: (14000, 28, 28)
2025-04-05 21:52:34 - INFO - Splitting images into quadrant views...
2025-04-05 21:52:34 - INFO - Quadrant view splitting complete. Train views: 4, Test views: 4
2025-04-05 21:52:34 - INFO - >> Starting TDA pipeline transformation on train data...
2025-04-05 21:59:03 - INFO - >> TDA transformation for train data completed (6.50 minutes).
2025-04-05 21:59:03 - INFO - >> Applying TDA pipeline transformation on test data...
2025-04-05 22:01:08 - INFO - >> TDA transformation for test data completed (2.07 minutes).
2025-04-05 22:01:08 - INFO - ========== [Model Training Start] ==========
2025-04-05 22:01:08 - INFO - Training model: original
2025-04-05 22:01:09 - INFO - Model original completed in 1.04 seconds.
2025-04-05 22:01:09 - INFO - >>> Model original trained. Accuracy: 0.9667 (1.04 sec.)
2025-04-05 22:01:09 - INFO - Training model: original-bottom_left
2025-04-05 22:01:17 - INFO - Model original-bottom_left completed in 8.74 seconds.
2025-04-05 22:01:17 - INFO - >>> Model original-bottom_left trained. Accuracy: 0.9691 (8.74 sec.)
2025-04-05 22:01:17 - INFO - Training model: original-tda
2025-04-05 22:01:28 - INFO - Model original-tda completed in 11.02 seconds.
2025-04-05 22:01:29 - INFO - >>> Model original-tda trained. Accuracy: 0.9831 (11.02 sec.)
2025-04-05 22:01:29 - INFO - Training model: original-bottom_right
2025-04-05 22:01:37 - INFO - Model original-bottom_right completed in 8.82 seconds.
2025-04-05 22:01:37 - INFO - >>> Model original-bottom_right trained. Accuracy: 0.9702 (8.82 sec.)
2025-04-05 22:01:37 - INFO - Training model: top_right-original
2025-04-05 22:01:46 - INFO - Model top_right-original completed in 8.89 seconds.
2025-04-05 22:01:46 - INFO - >>> Model top_right-original trained. Accuracy: 0.9697 (8.89 sec.)
2025-04-05 22:01:46 - INFO - Training model: original-top_left
2025-04-05 22:01:55 - INFO - Model original-top_left completed in 8.62 seconds.
2025-04-05 22:01:55 - INFO - >>> Model original-top_left trained. Accuracy: 0.9699 (8.62 sec.)
2025-04-05 22:01:55 - INFO - Training model: original-tda-bottom_left
2025-04-05 22:02:09 - INFO - Model original-tda-bottom_left completed in 14.11 seconds.
2025-04-05 22:02:09 - INFO - >>> Model original-tda-bottom_left trained. Accuracy: 0.9825 (14.11 sec.)
2025-04-05 22:02:09 - INFO - Training model: original-bottom_left-bottom_right
2025-04-05 22:02:21 - INFO - Model original-bottom_left-bottom_right completed in 12.26 seconds.
2025-04-05 22:02:21 - INFO - >>> Model original-bottom_left-bottom_right trained. Accuracy: 0.9717 (12.26 sec.)
2025-04-05 22:02:21 - INFO - Training model: top_right-original-bottom_left
2025-04-05 22:02:33 - INFO - Model top_right-original-bottom_left completed in 12.08 seconds.
2025-04-05 22:02:33 - INFO - >>> Model top_right-original-bottom_left trained. Accuracy: 0.9720 (12.08 sec.)
2025-04-05 22:02:33 - INFO - Training model: original-top_left-bottom_left
2025-04-05 22:02:45 - INFO - Model original-top_left-bottom_left completed in 11.63 seconds.
2025-04-05 22:02:45 - INFO - >>> Model original-top_left-bottom_left trained. Accuracy: 0.9721 (11.63 sec.)
2025-04-05 22:02:45 - INFO - Training model: original-tda-bottom_right
2025-04-05 22:03:00 - INFO - Model original-tda-bottom_right completed in 14.57 seconds.
2025-04-05 22:03:00 - INFO - >>> Model original-tda-bottom_right trained. Accuracy: 0.9836 (14.57 sec.)
2025-04-05 22:03:00 - INFO - Training model: top_right-original-tda
2025-04-05 22:03:14 - INFO - Model top_right-original-tda completed in 14.09 seconds.
2025-04-05 22:03:14 - INFO - >>> Model top_right-original-tda trained. Accuracy: 0.9822 (14.09 sec.)
2025-04-05 22:03:14 - INFO - Training model: original-tda-top_left
2025-04-05 22:03:28 - INFO - Model original-tda-top_left completed in 13.91 seconds.
2025-04-05 22:03:28 - INFO - >>> Model original-tda-top_left trained. Accuracy: 0.9824 (13.91 sec.)
2025-04-05 22:03:28 - INFO - Training model: top_right-original-bottom_right
2025-04-05 22:03:40 - INFO - Model top_right-original-bottom_right completed in 12.21 seconds.
2025-04-05 22:03:40 - INFO - >>> Model top_right-original-bottom_right trained. Accuracy: 0.9724 (12.21 sec.)
2025-04-05 22:03:40 - INFO - Training model: original-top_left-bottom_right
2025-04-05 22:03:52 - INFO - Model original-top_left-bottom_right completed in 11.82 seconds.
2025-04-05 22:03:52 - INFO - >>> Model original-top_left-bottom_right trained. Accuracy: 0.9719 (11.82 sec.)
2025-04-05 22:03:52 - INFO - Training model: top_right-original-top_left
2025-04-05 22:04:04 - INFO - Model top_right-original-top_left completed in 11.90 seconds.
2025-04-05 22:04:04 - INFO - >>> Model top_right-original-top_left trained. Accuracy: 0.9709 (11.90 sec.)
2025-04-05 22:04:04 - INFO - Training model: original-tda-bottom_left-bottom_right
2025-04-05 22:04:21 - INFO - Model original-tda-bottom_left-bottom_right completed in 17.30 seconds.
2025-04-05 22:04:21 - INFO - >>> Model original-tda-bottom_left-bottom_right trained. Accuracy: 0.9826 (17.30 sec.)
2025-04-05 22:04:21 - INFO - Training model: top_right-original-tda-bottom_left
2025-04-05 22:04:38 - INFO - Model top_right-original-tda-bottom_left completed in 17.41 seconds.
2025-04-05 22:04:38 - INFO - >>> Model top_right-original-tda-bottom_left trained. Accuracy: 0.9824 (17.41 sec.)
2025-04-05 22:04:38 - INFO - Training model: original-tda-top_left-bottom_left
2025-04-05 22:04:55 - INFO - Model original-tda-top_left-bottom_left completed in 17.04 seconds.
2025-04-05 22:04:55 - INFO - >>> Model original-tda-top_left-bottom_left trained. Accuracy: 0.9824 (17.04 sec.)
2025-04-05 22:04:55 - INFO - Training model: top_right-original-bottom_left-bottom_right
2025-04-05 22:05:10 - INFO - Model top_right-original-bottom_left-bottom_right completed in 15.05 seconds.
2025-04-05 22:05:10 - INFO - >>> Model top_right-original-bottom_left-bottom_right trained. Accuracy: 0.9730 (15.05 sec.)
2025-04-05 22:05:10 - INFO - Training model: original-top_left-bottom_left-bottom_right
2025-04-05 22:05:26 - INFO - Model original-top_left-bottom_left-bottom_right completed in 15.24 seconds.
2025-04-05 22:05:26 - INFO - >>> Model original-top_left-bottom_left-bottom_right trained. Accuracy: 0.9740 (15.24 sec.)
2025-04-05 22:05:26 - INFO - Training model: top_right-original-top_left-bottom_left
2025-04-05 22:05:41 - INFO - Model top_right-original-top_left-bottom_left completed in 14.91 seconds.
2025-04-05 22:05:41 - INFO - >>> Model top_right-original-top_left-bottom_left trained. Accuracy: 0.9732 (14.91 sec.)
2025-04-05 22:05:41 - INFO - Training model: top_right-original-tda-bottom_right
2025-04-05 22:05:58 - INFO - Model top_right-original-tda-bottom_right completed in 17.57 seconds.
2025-04-05 22:05:58 - INFO - >>> Model top_right-original-tda-bottom_right trained. Accuracy: 0.9834 (17.57 sec.)
2025-04-05 22:05:58 - INFO - Training model: original-tda-top_left-bottom_right
2025-04-05 22:06:15 - INFO - Model original-tda-top_left-bottom_right completed in 17.10 seconds.
2025-04-05 22:06:15 - INFO - >>> Model original-tda-top_left-bottom_right trained. Accuracy: 0.9844 (17.10 sec.)
2025-04-05 22:06:15 - INFO - Training model: top_right-original-tda-top_left
2025-04-05 22:06:32 - INFO - Model top_right-original-tda-top_left completed in 16.90 seconds.
2025-04-05 22:06:32 - INFO - >>> Model top_right-original-tda-top_left trained. Accuracy: 0.9829 (16.90 sec.)
2025-04-05 22:06:32 - INFO - Training model: top_right-original-top_left-bottom_right
2025-04-05 22:06:47 - INFO - Model top_right-original-top_left-bottom_right completed in 15.31 seconds.
2025-04-05 22:06:47 - INFO - >>> Model top_right-original-top_left-bottom_right trained. Accuracy: 0.9730 (15.31 sec.)
2025-04-05 22:06:47 - INFO - Training model: bottom_left-tda-bottom_right-top_right-original
2025-04-05 22:07:08 - INFO - Model bottom_left-tda-bottom_right-top_right-original completed in 20.34 seconds.
2025-04-05 22:07:08 - INFO - >>> Model bottom_left-tda-bottom_right-top_right-original trained. Accuracy: 0.9839 (20.34 sec.)
2025-04-05 22:07:08 - INFO - Training model: bottom_left-tda-bottom_right-top_left-original
2025-04-05 22:07:28 - INFO - Model bottom_left-tda-bottom_right-top_left-original completed in 20.27 seconds.
2025-04-05 22:07:28 - INFO - >>> Model bottom_left-tda-bottom_right-top_left-original trained. Accuracy: 0.9834 (20.27 sec.)
2025-04-05 22:07:28 - INFO - Training model: bottom_left-tda-top_right-top_left-original
2025-04-05 22:07:48 - INFO - Model bottom_left-tda-top_right-top_left-original completed in 20.17 seconds.
2025-04-05 22:07:48 - INFO - >>> Model bottom_left-tda-top_right-top_left-original trained. Accuracy: 0.9833 (20.17 sec.)
2025-04-05 22:07:48 - INFO - Training model: bottom_left-bottom_right-top_right-top_left-original
2025-04-05 22:08:07 - INFO - Model bottom_left-bottom_right-top_right-top_left-original completed in 18.39 seconds.
2025-04-05 22:08:07 - INFO - >>> Model bottom_left-bottom_right-top_right-top_left-original trained. Accuracy: 0.9754 (18.39 sec.)
2025-04-05 22:08:07 - INFO - Training model: tda-bottom_right-top_right-top_left-original
2025-04-05 22:08:27 - INFO - Model tda-bottom_right-top_right-top_left-original completed in 20.44 seconds.
2025-04-05 22:08:27 - INFO - >>> Model tda-bottom_right-top_right-top_left-original trained. Accuracy: 0.9842 (20.44 sec.)
2025-04-05 22:08:27 - INFO - Training model: bottom_left-tda-bottom_right-top_right-top_left-original
2025-04-05 22:08:51 - INFO - Model bottom_left-tda-bottom_right-top_right-top_left-original completed in 23.58 seconds.
2025-04-05 22:08:51 - INFO - >>> Model bottom_left-tda-bottom_right-top_right-top_left-original trained. Accuracy: 0.9840 (23.58 sec.)
2025-04-05 22:08:51 - INFO - All models trained successfully.
2025-04-05 22:08:51 - INFO - ========== [Model Training Completed] in 7.72 minutes ==========
2025-04-05 22:08:51 - INFO - ========== [Experiment Training Complete] ==========
2025-04-05 22:08:51 - INFO - Results saved to /home/jovyan/Workspace/workspace_mnist/results/exp_noise_icecream/experiment_trainsize_predictions_2025-04-05_22-08-51.json
2025-04-05 22:08:51 - INFO - Results successfully saved to /home/jovyan/Workspace/workspace_mnist/results/exp_noise_icecream/experiment_trainsize_predictions_2025-04-05_22-08-51.json
2025-04-05 22:08:51 - INFO - Garbage collection executed.
2025-04-05 22:08:51 - INFO - ========== [Experiment Completed] in 16.30 minutes ==========
