2025-03-23 16:09:07 - INFO - Logging initialized.
 Writing to /home/jovyan/Workspace/workspace_mnist/logs/exp_noise_icecream/experiment_logs_2025-03-23_16-09-07.log
2025-03-23 16:09:07 - INFO - ========== [Experiment Start] ==========
2025-03-23 16:09:07 - INFO - Views combinations succesfully generated.
2025-03-23 16:09:07 - INFO - Topological Data Analysis pipeline generated.
2025-03-23 16:09:07 - INFO - Generating folder to save results.
2025-03-23 16:09:07 - INFO - Reading dataset in chunks from mnist_784.csv (chunk size: 70000)
2025-03-23 16:09:07 - INFO - Starting multiview data preparation for a chunk of size (70000, 784)...
2025-03-23 16:09:07 - INFO - Running using 16 jobs.
2025-03-23 16:09:07 - INFO - Contaminating dataset with lines using 23.
2025-03-23 16:09:17 - INFO - Splitting data: 10.0% train / 20.0% test (random_state=101577605)
2025-03-23 16:09:18 - INFO - Data split complete. Train size: (5600, 784), Test size: (14000, 784)
2025-03-23 16:09:18 - INFO - Reshaping train and test data into square images...
2025-03-23 16:09:18 - INFO - Reshaping complete. Train images: (5600, 28, 28), Test images: (14000, 28, 28)
2025-03-23 16:09:18 - INFO - Splitting images into quadrant views...
2025-03-23 16:09:18 - INFO - Quadrant view splitting complete. Train views: 4, Test views: 4
2025-03-23 16:09:18 - INFO - >> Starting TDA pipeline transformation on train data...
2025-03-23 16:10:21 - INFO - >> TDA transformation for train data completed (1.06 minutes).
2025-03-23 16:10:21 - INFO - >> Applying TDA pipeline transformation on test data...
2025-03-23 16:13:02 - INFO - >> TDA transformation for test data completed (2.68 minutes).
2025-03-23 16:13:02 - INFO - ========== [Model Training Start] ==========
2025-03-23 16:13:02 - INFO - Training model: original
2025-03-23 16:13:03 - INFO - Model original completed in 0.35 seconds.
2025-03-23 16:13:03 - INFO - >>> Model original trained. Accuracy: 0.8224 (0.35 sec.)
2025-03-23 16:13:03 - INFO - Training model: bottom_left-original
2025-03-23 16:13:06 - INFO - Model bottom_left-original completed in 3.56 seconds.
2025-03-23 16:13:06 - INFO - >>> Model bottom_left-original trained. Accuracy: 0.8355 (3.56 sec.)
2025-03-23 16:13:06 - INFO - Training model: top_left-original
2025-03-23 16:13:10 - INFO - Model top_left-original completed in 3.50 seconds.
2025-03-23 16:13:10 - INFO - >>> Model top_left-original trained. Accuracy: 0.8431 (3.50 sec.)
2025-03-23 16:13:10 - INFO - Training model: original-top_right
2025-03-23 16:13:13 - INFO - Model original-top_right completed in 3.51 seconds.
2025-03-23 16:13:13 - INFO - >>> Model original-top_right trained. Accuracy: 0.8493 (3.51 sec.)
2025-03-23 16:13:13 - INFO - Training model: bottom_right-original
2025-03-23 16:13:17 - INFO - Model bottom_right-original completed in 3.50 seconds.
2025-03-23 16:13:17 - INFO - >>> Model bottom_right-original trained. Accuracy: 0.8364 (3.50 sec.)
2025-03-23 16:13:17 - INFO - Training model: tda-original
2025-03-23 16:13:21 - INFO - Model tda-original completed in 4.55 seconds.
2025-03-23 16:13:21 - INFO - >>> Model tda-original trained. Accuracy: 0.8248 (4.55 sec.)
2025-03-23 16:13:21 - INFO - Training model: bottom_left-top_left-original
2025-03-23 16:13:26 - INFO - Model bottom_left-top_left-original completed in 5.00 seconds.
2025-03-23 16:13:26 - INFO - >>> Model bottom_left-top_left-original trained. Accuracy: 0.8516 (5.00 sec.)
2025-03-23 16:13:26 - INFO - Training model: bottom_left-original-top_right
2025-03-23 16:13:32 - INFO - Model bottom_left-original-top_right completed in 5.15 seconds.
2025-03-23 16:13:32 - INFO - >>> Model bottom_left-original-top_right trained. Accuracy: 0.8574 (5.15 sec.)
2025-03-23 16:13:32 - INFO - Training model: bottom_right-bottom_left-original
2025-03-23 16:13:37 - INFO - Model bottom_right-bottom_left-original completed in 5.28 seconds.
2025-03-23 16:13:37 - INFO - >>> Model bottom_right-bottom_left-original trained. Accuracy: 0.8438 (5.28 sec.)
2025-03-23 16:13:37 - INFO - Training model: bottom_left-tda-original
2025-03-23 16:13:43 - INFO - Model bottom_left-tda-original completed in 6.26 seconds.
2025-03-23 16:13:43 - INFO - >>> Model bottom_left-tda-original trained. Accuracy: 0.8344 (6.26 sec.)
2025-03-23 16:13:43 - INFO - Training model: top_left-original-top_right
2025-03-23 16:13:49 - INFO - Model top_left-original-top_right completed in 5.52 seconds.
2025-03-23 16:13:49 - INFO - >>> Model top_left-original-top_right trained. Accuracy: 0.8579 (5.52 sec.)
2025-03-23 16:13:49 - INFO - Training model: bottom_right-top_left-original
2025-03-23 16:13:54 - INFO - Model bottom_right-top_left-original completed in 5.36 seconds.
2025-03-23 16:13:54 - INFO - >>> Model bottom_right-top_left-original trained. Accuracy: 0.8519 (5.36 sec.)
2025-03-23 16:13:54 - INFO - Training model: top_left-tda-original
2025-03-23 16:14:00 - INFO - Model top_left-tda-original completed in 6.25 seconds.
2025-03-23 16:14:00 - INFO - >>> Model top_left-tda-original trained. Accuracy: 0.8381 (6.25 sec.)
2025-03-23 16:14:00 - INFO - Training model: bottom_right-original-top_right
2025-03-23 16:14:05 - INFO - Model bottom_right-original-top_right completed in 5.05 seconds.
2025-03-23 16:14:05 - INFO - >>> Model bottom_right-original-top_right trained. Accuracy: 0.8561 (5.05 sec.)
2025-03-23 16:14:05 - INFO - Training model: tda-original-top_right
2025-03-23 16:14:11 - INFO - Model tda-original-top_right completed in 6.19 seconds.
2025-03-23 16:14:11 - INFO - >>> Model tda-original-top_right trained. Accuracy: 0.8441 (6.19 sec.)
2025-03-23 16:14:11 - INFO - Training model: bottom_right-tda-original
2025-03-23 16:14:18 - INFO - Model bottom_right-tda-original completed in 6.25 seconds.
2025-03-23 16:14:18 - INFO - >>> Model bottom_right-tda-original trained. Accuracy: 0.8324 (6.25 sec.)
2025-03-23 16:14:18 - INFO - Training model: bottom_left-top_left-original-top_right
2025-03-23 16:14:25 - INFO - Model bottom_left-top_left-original-top_right completed in 6.85 seconds.
2025-03-23 16:14:25 - INFO - >>> Model bottom_left-top_left-original-top_right trained. Accuracy: 0.8750 (6.85 sec.)
2025-03-23 16:14:25 - INFO - Training model: bottom_right-bottom_left-top_left-original
2025-03-23 16:14:31 - INFO - Model bottom_right-bottom_left-top_left-original completed in 6.77 seconds.
2025-03-23 16:14:31 - INFO - >>> Model bottom_right-bottom_left-top_left-original trained. Accuracy: 0.8608 (6.77 sec.)
2025-03-23 16:14:31 - INFO - Training model: bottom_left-top_left-tda-original
2025-03-23 16:14:39 - INFO - Model bottom_left-top_left-tda-original completed in 8.07 seconds.
2025-03-23 16:14:39 - INFO - >>> Model bottom_left-top_left-tda-original trained. Accuracy: 0.8504 (8.07 sec.)
2025-03-23 16:14:39 - INFO - Training model: bottom_right-bottom_left-original-top_right
2025-03-23 16:14:46 - INFO - Model bottom_right-bottom_left-original-top_right completed in 6.83 seconds.
2025-03-23 16:14:46 - INFO - >>> Model bottom_right-bottom_left-original-top_right trained. Accuracy: 0.8659 (6.83 sec.)
2025-03-23 16:14:46 - INFO - Training model: bottom_left-tda-original-top_right
2025-03-23 16:14:54 - INFO - Model bottom_left-tda-original-top_right completed in 7.84 seconds.
2025-03-23 16:14:54 - INFO - >>> Model bottom_left-tda-original-top_right trained. Accuracy: 0.8560 (7.84 sec.)
2025-03-23 16:14:54 - INFO - Training model: bottom_right-bottom_left-tda-original
2025-03-23 16:15:02 - INFO - Model bottom_right-bottom_left-tda-original completed in 7.79 seconds.
2025-03-23 16:15:02 - INFO - >>> Model bottom_right-bottom_left-tda-original trained. Accuracy: 0.8425 (7.79 sec.)
2025-03-23 16:15:02 - INFO - Training model: bottom_right-top_left-original-top_right
2025-03-23 16:15:09 - INFO - Model bottom_right-top_left-original-top_right completed in 6.99 seconds.
2025-03-23 16:15:09 - INFO - >>> Model bottom_right-top_left-original-top_right trained. Accuracy: 0.8713 (6.99 sec.)
2025-03-23 16:15:09 - INFO - Training model: top_left-tda-original-top_right
2025-03-23 16:15:17 - INFO - Model top_left-tda-original-top_right completed in 8.06 seconds.
2025-03-23 16:15:17 - INFO - >>> Model top_left-tda-original-top_right trained. Accuracy: 0.8563 (8.06 sec.)
2025-03-23 16:15:17 - INFO - Training model: bottom_right-top_left-tda-original
2025-03-23 16:15:25 - INFO - Model bottom_right-top_left-tda-original completed in 8.09 seconds.
2025-03-23 16:15:25 - INFO - >>> Model bottom_right-top_left-tda-original trained. Accuracy: 0.8502 (8.09 sec.)
2025-03-23 16:15:25 - INFO - Training model: bottom_right-tda-original-top_right
2025-03-23 16:15:33 - INFO - Model bottom_right-tda-original-top_right completed in 8.08 seconds.
2025-03-23 16:15:33 - INFO - >>> Model bottom_right-tda-original-top_right trained. Accuracy: 0.8534 (8.08 sec.)
2025-03-23 16:15:33 - INFO - Training model: bottom_left-top_left-top_right-bottom_right-original
2025-03-23 16:15:42 - INFO - Model bottom_left-top_left-top_right-bottom_right-original completed in 8.87 seconds.
2025-03-23 16:15:42 - INFO - >>> Model bottom_left-top_left-top_right-bottom_right-original trained. Accuracy: 0.8817 (8.87 sec.)
2025-03-23 16:15:42 - INFO - Training model: bottom_left-top_left-top_right-tda-original
2025-03-23 16:15:52 - INFO - Model bottom_left-top_left-top_right-tda-original completed in 9.51 seconds.
2025-03-23 16:15:52 - INFO - >>> Model bottom_left-top_left-top_right-tda-original trained. Accuracy: 0.8711 (9.51 sec.)
2025-03-23 16:15:52 - INFO - Training model: bottom_left-top_left-bottom_right-tda-original
2025-03-23 16:16:01 - INFO - Model bottom_left-top_left-bottom_right-tda-original completed in 9.21 seconds.
2025-03-23 16:16:01 - INFO - >>> Model bottom_left-top_left-bottom_right-tda-original trained. Accuracy: 0.8599 (9.21 sec.)
2025-03-23 16:16:01 - INFO - Training model: bottom_left-top_right-bottom_right-tda-original
2025-03-23 16:16:11 - INFO - Model bottom_left-top_right-bottom_right-tda-original completed in 9.81 seconds.
2025-03-23 16:16:11 - INFO - >>> Model bottom_left-top_right-bottom_right-tda-original trained. Accuracy: 0.8636 (9.81 sec.)
2025-03-23 16:16:11 - INFO - Training model: top_left-top_right-bottom_right-tda-original
2025-03-23 16:16:20 - INFO - Model top_left-top_right-bottom_right-tda-original completed in 9.62 seconds.
2025-03-23 16:16:20 - INFO - >>> Model top_left-top_right-bottom_right-tda-original trained. Accuracy: 0.8694 (9.62 sec.)
2025-03-23 16:16:20 - INFO - Training model: bottom_left-top_left-top_right-bottom_right-tda-original
2025-03-23 16:16:32 - INFO - Model bottom_left-top_left-top_right-bottom_right-tda-original completed in 11.45 seconds.
2025-03-23 16:16:32 - INFO - >>> Model bottom_left-top_left-top_right-bottom_right-tda-original trained. Accuracy: 0.8784 (11.45 sec.)
2025-03-23 16:16:32 - INFO - All models trained successfully.
2025-03-23 16:16:32 - INFO - ========== [Model Training Completed] in 3.49 minutes ==========
2025-03-23 16:16:32 - INFO - ========== [Experiment Training Complete] ==========
2025-03-23 16:16:32 - INFO - Results saved to /home/jovyan/Workspace/workspace_mnist/results/exp_noise_icecream/experiment_trainsize_predictions_2025-03-23_16-16-32.json
2025-03-23 16:16:32 - INFO - Results successfully saved to /home/jovyan/Workspace/workspace_mnist/results/exp_noise_icecream/experiment_trainsize_predictions_2025-03-23_16-16-32.json
2025-03-23 16:16:32 - INFO - Garbage collection executed.
2025-03-23 16:16:32 - INFO - ========== [Experiment Completed] in 7.42 minutes ==========
