2025-03-22 19:32:07 - INFO - Logging initialized.
 Writing to /home/jovyan/Workspace/workspace_mnist/logs/exp_noise_icecream/experiment_logs_2025-03-22_19-32-07.log
2025-03-22 19:32:07 - INFO - ========== [Experiment Start] ==========
2025-03-22 19:32:07 - INFO - Views combinations succesfully generated.
2025-03-22 19:32:07 - INFO - Topological Data Analysis pipeline generated.
2025-03-22 19:32:07 - INFO - Generating folder to save results.
2025-03-22 19:32:07 - INFO - Reading dataset in chunks from mnist_784.csv (chunk size: 70000)
2025-03-22 19:32:08 - INFO - Starting multiview data preparation for a chunk of size (70000, 784)...
2025-03-22 19:32:08 - INFO - Running using 16 jobs.
2025-03-22 19:32:08 - INFO - Contaminating dataset with lines using 23.
2025-03-22 19:32:18 - INFO - Splitting data: 56.7% train / 20.0% test (random_state=561967060)
2025-03-22 19:32:18 - INFO - Data split complete. Train size: (31733, 784), Test size: (14000, 784)
2025-03-22 19:32:18 - INFO - Reshaping train and test data into square images...
2025-03-22 19:32:18 - INFO - Reshaping complete. Train images: (31733, 28, 28), Test images: (14000, 28, 28)
2025-03-22 19:32:18 - INFO - Splitting images into quadrant views...
2025-03-22 19:32:18 - INFO - Quadrant view splitting complete. Train views: 4, Test views: 4
2025-03-22 19:32:18 - INFO - >> Starting TDA pipeline transformation on train data...
2025-03-22 19:38:32 - INFO - >> TDA transformation for train data completed (6.22 minutes).
2025-03-22 19:38:32 - INFO - >> Applying TDA pipeline transformation on test data...
2025-03-22 19:41:16 - INFO - >> TDA transformation for test data completed (2.73 minutes).
2025-03-22 19:41:16 - INFO - ========== [Model Training Start] ==========
2025-03-22 19:41:16 - INFO - Training model: original
2025-03-22 19:41:17 - INFO - Model original completed in 1.16 seconds.
2025-03-22 19:41:17 - INFO - >>> Model original trained. Accuracy: 0.8808 (1.16 sec.)
2025-03-22 19:41:17 - INFO - Training model: bottom_left-original
2025-03-22 19:41:26 - INFO - Model bottom_left-original completed in 9.38 seconds.
2025-03-22 19:41:26 - INFO - >>> Model bottom_left-original trained. Accuracy: 0.8921 (9.38 sec.)
2025-03-22 19:41:26 - INFO - Training model: top_left-original
2025-03-22 19:41:35 - INFO - Model top_left-original completed in 9.15 seconds.
2025-03-22 19:41:35 - INFO - >>> Model top_left-original trained. Accuracy: 0.8974 (9.15 sec.)
2025-03-22 19:41:35 - INFO - Training model: original-top_right
2025-03-22 19:41:45 - INFO - Model original-top_right completed in 9.56 seconds.
2025-03-22 19:41:45 - INFO - >>> Model original-top_right trained. Accuracy: 0.8984 (9.56 sec.)
2025-03-22 19:41:45 - INFO - Training model: bottom_right-original
2025-03-22 19:41:54 - INFO - Model bottom_right-original completed in 9.48 seconds.
2025-03-22 19:41:54 - INFO - >>> Model bottom_right-original trained. Accuracy: 0.8926 (9.48 sec.)
2025-03-22 19:41:54 - INFO - Training model: tda-original
2025-03-22 19:42:14 - INFO - Model tda-original completed in 19.35 seconds.
2025-03-22 19:42:14 - INFO - >>> Model tda-original trained. Accuracy: 0.8831 (19.35 sec.)
2025-03-22 19:42:14 - INFO - Training model: bottom_left-top_left-original
2025-03-22 19:42:26 - INFO - Model bottom_left-top_left-original completed in 12.57 seconds.
2025-03-22 19:42:26 - INFO - >>> Model bottom_left-top_left-original trained. Accuracy: 0.9032 (12.57 sec.)
2025-03-22 19:42:26 - INFO - Training model: bottom_left-original-top_right
2025-03-22 19:42:39 - INFO - Model bottom_left-original-top_right completed in 12.78 seconds.
2025-03-22 19:42:39 - INFO - >>> Model bottom_left-original-top_right trained. Accuracy: 0.9062 (12.78 sec.)
2025-03-22 19:42:39 - INFO - Training model: bottom_right-bottom_left-original
2025-03-22 19:42:52 - INFO - Model bottom_right-bottom_left-original completed in 12.75 seconds.
2025-03-22 19:42:52 - INFO - >>> Model bottom_right-bottom_left-original trained. Accuracy: 0.8974 (12.75 sec.)
2025-03-22 19:42:52 - INFO - Training model: bottom_left-tda-original
2025-03-22 19:43:14 - INFO - Model bottom_left-tda-original completed in 22.61 seconds.
2025-03-22 19:43:14 - INFO - >>> Model bottom_left-tda-original trained. Accuracy: 0.8901 (22.61 sec.)
2025-03-22 19:43:14 - INFO - Training model: top_left-original-top_right
2025-03-22 19:43:27 - INFO - Model top_left-original-top_right completed in 12.44 seconds.
2025-03-22 19:43:27 - INFO - >>> Model top_left-original-top_right trained. Accuracy: 0.9106 (12.44 sec.)
2025-03-22 19:43:27 - INFO - Training model: bottom_right-top_left-original
2025-03-22 19:43:39 - INFO - Model bottom_right-top_left-original completed in 12.49 seconds.
2025-03-22 19:43:39 - INFO - >>> Model bottom_right-top_left-original trained. Accuracy: 0.9051 (12.49 sec.)
2025-03-22 19:43:39 - INFO - Training model: top_left-tda-original
2025-03-22 19:44:02 - INFO - Model top_left-tda-original completed in 22.47 seconds.
2025-03-22 19:44:02 - INFO - >>> Model top_left-tda-original trained. Accuracy: 0.8961 (22.47 sec.)
2025-03-22 19:44:02 - INFO - Training model: bottom_right-original-top_right
2025-03-22 19:44:15 - INFO - Model bottom_right-original-top_right completed in 13.08 seconds.
2025-03-22 19:44:15 - INFO - >>> Model bottom_right-original-top_right trained. Accuracy: 0.9068 (13.08 sec.)
2025-03-22 19:44:15 - INFO - Training model: tda-original-top_right
2025-03-22 19:44:38 - INFO - Model tda-original-top_right completed in 22.86 seconds.
2025-03-22 19:44:38 - INFO - >>> Model tda-original-top_right trained. Accuracy: 0.8956 (22.86 sec.)
2025-03-22 19:44:38 - INFO - Training model: bottom_right-tda-original
2025-03-22 19:45:00 - INFO - Model bottom_right-tda-original completed in 22.63 seconds.
2025-03-22 19:45:00 - INFO - >>> Model bottom_right-tda-original trained. Accuracy: 0.8918 (22.63 sec.)
2025-03-22 19:45:00 - INFO - Training model: bottom_left-top_left-original-top_right
2025-03-22 19:45:16 - INFO - Model bottom_left-top_left-original-top_right completed in 15.88 seconds.
2025-03-22 19:45:16 - INFO - >>> Model bottom_left-top_left-original-top_right trained. Accuracy: 0.9175 (15.88 sec.)
2025-03-22 19:45:16 - INFO - Training model: bottom_right-bottom_left-top_left-original
2025-03-22 19:45:32 - INFO - Model bottom_right-bottom_left-top_left-original completed in 15.75 seconds.
2025-03-22 19:45:32 - INFO - >>> Model bottom_right-bottom_left-top_left-original trained. Accuracy: 0.9124 (15.75 sec.)
2025-03-22 19:45:32 - INFO - Training model: bottom_left-top_left-tda-original
2025-03-22 19:45:58 - INFO - Model bottom_left-top_left-tda-original completed in 25.88 seconds.
2025-03-22 19:45:58 - INFO - >>> Model bottom_left-top_left-tda-original trained. Accuracy: 0.9006 (25.88 sec.)
2025-03-22 19:45:58 - INFO - Training model: bottom_right-bottom_left-original-top_right
2025-03-22 19:46:14 - INFO - Model bottom_right-bottom_left-original-top_right completed in 16.15 seconds.
2025-03-22 19:46:14 - INFO - >>> Model bottom_right-bottom_left-original-top_right trained. Accuracy: 0.9129 (16.15 sec.)
2025-03-22 19:46:14 - INFO - Training model: bottom_left-tda-original-top_right
2025-03-22 19:46:40 - INFO - Model bottom_left-tda-original-top_right completed in 26.04 seconds.
2025-03-22 19:46:40 - INFO - >>> Model bottom_left-tda-original-top_right trained. Accuracy: 0.9039 (26.04 sec.)
2025-03-22 19:46:40 - INFO - Training model: bottom_right-bottom_left-tda-original
2025-03-22 19:47:06 - INFO - Model bottom_right-bottom_left-tda-original completed in 26.01 seconds.
2025-03-22 19:47:06 - INFO - >>> Model bottom_right-bottom_left-tda-original trained. Accuracy: 0.8968 (26.01 sec.)
2025-03-22 19:47:06 - INFO - Training model: bottom_right-top_left-original-top_right
2025-03-22 19:47:22 - INFO - Model bottom_right-top_left-original-top_right completed in 15.98 seconds.
2025-03-22 19:47:22 - INFO - >>> Model bottom_right-top_left-original-top_right trained. Accuracy: 0.9193 (15.98 sec.)
2025-03-22 19:47:22 - INFO - Training model: top_left-tda-original-top_right
2025-03-22 19:47:48 - INFO - Model top_left-tda-original-top_right completed in 25.92 seconds.
2025-03-22 19:47:48 - INFO - >>> Model top_left-tda-original-top_right trained. Accuracy: 0.9092 (25.92 sec.)
2025-03-22 19:47:48 - INFO - Training model: bottom_right-top_left-tda-original
2025-03-22 19:48:14 - INFO - Model bottom_right-top_left-tda-original completed in 26.14 seconds.
2025-03-22 19:48:14 - INFO - >>> Model bottom_right-top_left-tda-original trained. Accuracy: 0.9043 (26.14 sec.)
2025-03-22 19:48:14 - INFO - Training model: bottom_right-tda-original-top_right
2025-03-22 19:48:40 - INFO - Model bottom_right-tda-original-top_right completed in 26.31 seconds.
2025-03-22 19:48:40 - INFO - >>> Model bottom_right-tda-original-top_right trained. Accuracy: 0.9053 (26.31 sec.)
2025-03-22 19:48:40 - INFO - Training model: bottom_left-top_left-top_right-bottom_right-original
2025-03-22 19:49:00 - INFO - Model bottom_left-top_left-top_right-bottom_right-original completed in 19.48 seconds.
2025-03-22 19:49:00 - INFO - >>> Model bottom_left-top_left-top_right-bottom_right-original trained. Accuracy: 0.9266 (19.48 sec.)
2025-03-22 19:49:00 - INFO - Training model: bottom_left-top_left-top_right-tda-original
2025-03-22 19:49:29 - INFO - Model bottom_left-top_left-top_right-tda-original completed in 29.16 seconds.
2025-03-22 19:49:29 - INFO - >>> Model bottom_left-top_left-top_right-tda-original trained. Accuracy: 0.9161 (29.16 sec.)
2025-03-22 19:49:29 - INFO - Training model: bottom_left-top_left-bottom_right-tda-original
2025-03-22 19:49:58 - INFO - Model bottom_left-top_left-bottom_right-tda-original completed in 29.22 seconds.
2025-03-22 19:49:58 - INFO - >>> Model bottom_left-top_left-bottom_right-tda-original trained. Accuracy: 0.9103 (29.22 sec.)
2025-03-22 19:49:58 - INFO - Training model: bottom_left-top_right-bottom_right-tda-original
2025-03-22 19:50:28 - INFO - Model bottom_left-top_right-bottom_right-tda-original completed in 29.41 seconds.
2025-03-22 19:50:28 - INFO - >>> Model bottom_left-top_right-bottom_right-tda-original trained. Accuracy: 0.9099 (29.41 sec.)
2025-03-22 19:50:28 - INFO - Training model: top_left-top_right-bottom_right-tda-original
2025-03-22 19:50:57 - INFO - Model top_left-top_right-bottom_right-tda-original completed in 29.42 seconds.
2025-03-22 19:50:57 - INFO - >>> Model top_left-top_right-bottom_right-tda-original trained. Accuracy: 0.9169 (29.42 sec.)
2025-03-22 19:50:57 - INFO - Training model: bottom_left-top_left-top_right-bottom_right-tda-original
2025-03-22 19:51:30 - INFO - Model bottom_left-top_left-top_right-bottom_right-tda-original completed in 32.66 seconds.
2025-03-22 19:51:30 - INFO - >>> Model bottom_left-top_left-top_right-bottom_right-tda-original trained. Accuracy: 0.9226 (32.66 sec.)
2025-03-22 19:51:30 - INFO - All models trained successfully.
2025-03-22 19:51:30 - INFO - ========== [Model Training Completed] in 10.24 minutes ==========
2025-03-22 19:51:30 - INFO - ========== [Experiment Training Complete] ==========
2025-03-22 19:51:30 - INFO - Results saved to /home/jovyan/Workspace/workspace_mnist/results/exp_noise_icecream/experiment_trainsize_predictions_2025-03-22_19-51-30.json
2025-03-22 19:51:30 - INFO - Results successfully saved to /home/jovyan/Workspace/workspace_mnist/results/exp_noise_icecream/experiment_trainsize_predictions_2025-03-22_19-51-30.json
2025-03-22 19:51:30 - INFO - Garbage collection executed.
2025-03-22 19:51:30 - INFO - ========== [Experiment Completed] in 19.38 minutes ==========
