2025-03-22 21:20:01 - INFO - Logging initialized.
 Writing to /home/jovyan/Workspace/workspace_mnist/logs/exp_noise_icecream/experiment_logs_2025-03-22_21-20-01.log
2025-03-22 21:20:01 - INFO - ========== [Experiment Start] ==========
2025-03-22 21:20:01 - INFO - Views combinations succesfully generated.
2025-03-22 21:20:01 - INFO - Topological Data Analysis pipeline generated.
2025-03-22 21:20:01 - INFO - Generating folder to save results.
2025-03-22 21:20:01 - INFO - Reading dataset in chunks from mnist_784.csv (chunk size: 70000)
2025-03-22 21:20:02 - INFO - Starting multiview data preparation for a chunk of size (70000, 784)...
2025-03-22 21:20:02 - INFO - Running using 16 jobs.
2025-03-22 21:20:02 - INFO - Contaminating dataset with lines using 23.
2025-03-22 21:20:12 - INFO - Splitting data: 25.6% train / 20.0% test (random_state=323447783)
2025-03-22 21:20:12 - INFO - Data split complete. Train size: (14311, 784), Test size: (14000, 784)
2025-03-22 21:20:12 - INFO - Reshaping train and test data into square images...
2025-03-22 21:20:12 - INFO - Reshaping complete. Train images: (14311, 28, 28), Test images: (14000, 28, 28)
2025-03-22 21:20:12 - INFO - Splitting images into quadrant views...
2025-03-22 21:20:12 - INFO - Quadrant view splitting complete. Train views: 4, Test views: 4
2025-03-22 21:20:12 - INFO - >> Starting TDA pipeline transformation on train data...
2025-03-22 21:22:58 - INFO - >> TDA transformation for train data completed (2.77 minutes).
2025-03-22 21:22:58 - INFO - >> Applying TDA pipeline transformation on test data...
2025-03-22 21:25:39 - INFO - >> TDA transformation for test data completed (2.69 minutes).
2025-03-22 21:25:39 - INFO - ========== [Model Training Start] ==========
2025-03-22 21:25:39 - INFO - Training model: original
2025-03-22 21:25:40 - INFO - Model original completed in 0.52 seconds.
2025-03-22 21:25:40 - INFO - >>> Model original trained. Accuracy: 0.8549 (0.52 sec.)
2025-03-22 21:25:40 - INFO - Training model: bottom_left-original
2025-03-22 21:25:45 - INFO - Model bottom_left-original completed in 4.88 seconds.
2025-03-22 21:25:45 - INFO - >>> Model bottom_left-original trained. Accuracy: 0.8671 (4.88 sec.)
2025-03-22 21:25:45 - INFO - Training model: top_left-original
2025-03-22 21:25:50 - INFO - Model top_left-original completed in 4.78 seconds.
2025-03-22 21:25:50 - INFO - >>> Model top_left-original trained. Accuracy: 0.8694 (4.78 sec.)
2025-03-22 21:25:50 - INFO - Training model: original-top_right
2025-03-22 21:25:55 - INFO - Model original-top_right completed in 4.99 seconds.
2025-03-22 21:25:55 - INFO - >>> Model original-top_right trained. Accuracy: 0.8757 (4.99 sec.)
2025-03-22 21:25:55 - INFO - Training model: bottom_right-original
2025-03-22 21:25:59 - INFO - Model bottom_right-original completed in 4.83 seconds.
2025-03-22 21:25:59 - INFO - >>> Model bottom_right-original trained. Accuracy: 0.8665 (4.83 sec.)
2025-03-22 21:25:59 - INFO - Training model: tda-original
2025-03-22 21:26:08 - INFO - Model tda-original completed in 9.00 seconds.
2025-03-22 21:26:08 - INFO - >>> Model tda-original trained. Accuracy: 0.8574 (9.00 sec.)
2025-03-22 21:26:08 - INFO - Training model: bottom_left-top_left-original
2025-03-22 21:26:15 - INFO - Model bottom_left-top_left-original completed in 6.71 seconds.
2025-03-22 21:26:15 - INFO - >>> Model bottom_left-top_left-original trained. Accuracy: 0.8741 (6.71 sec.)
2025-03-22 21:26:15 - INFO - Training model: bottom_left-original-top_right
2025-03-22 21:26:22 - INFO - Model bottom_left-original-top_right completed in 6.97 seconds.
2025-03-22 21:26:22 - INFO - >>> Model bottom_left-original-top_right trained. Accuracy: 0.8853 (6.97 sec.)
2025-03-22 21:26:22 - INFO - Training model: bottom_right-bottom_left-original
2025-03-22 21:26:29 - INFO - Model bottom_right-bottom_left-original completed in 6.97 seconds.
2025-03-22 21:26:29 - INFO - >>> Model bottom_right-bottom_left-original trained. Accuracy: 0.8723 (6.97 sec.)
2025-03-22 21:26:29 - INFO - Training model: bottom_left-tda-original
2025-03-22 21:26:40 - INFO - Model bottom_left-tda-original completed in 10.92 seconds.
2025-03-22 21:26:40 - INFO - >>> Model bottom_left-tda-original trained. Accuracy: 0.8646 (10.92 sec.)
2025-03-22 21:26:40 - INFO - Training model: top_left-original-top_right
2025-03-22 21:26:47 - INFO - Model top_left-original-top_right completed in 7.00 seconds.
2025-03-22 21:26:47 - INFO - >>> Model top_left-original-top_right trained. Accuracy: 0.8846 (7.00 sec.)
2025-03-22 21:26:47 - INFO - Training model: bottom_right-top_left-original
2025-03-22 21:26:54 - INFO - Model bottom_right-top_left-original completed in 6.98 seconds.
2025-03-22 21:26:54 - INFO - >>> Model bottom_right-top_left-original trained. Accuracy: 0.8754 (6.98 sec.)
2025-03-22 21:26:54 - INFO - Training model: top_left-tda-original
2025-03-22 21:27:05 - INFO - Model top_left-tda-original completed in 10.94 seconds.
2025-03-22 21:27:05 - INFO - >>> Model top_left-tda-original trained. Accuracy: 0.8664 (10.94 sec.)
2025-03-22 21:27:05 - INFO - Training model: bottom_right-original-top_right
2025-03-22 21:27:12 - INFO - Model bottom_right-original-top_right completed in 7.13 seconds.
2025-03-22 21:27:12 - INFO - >>> Model bottom_right-original-top_right trained. Accuracy: 0.8836 (7.13 sec.)
2025-03-22 21:27:12 - INFO - Training model: tda-original-top_right
2025-03-22 21:27:23 - INFO - Model tda-original-top_right completed in 10.99 seconds.
2025-03-22 21:27:23 - INFO - >>> Model tda-original-top_right trained. Accuracy: 0.8742 (10.99 sec.)
2025-03-22 21:27:23 - INFO - Training model: bottom_right-tda-original
2025-03-22 21:27:34 - INFO - Model bottom_right-tda-original completed in 11.00 seconds.
2025-03-22 21:27:34 - INFO - >>> Model bottom_right-tda-original trained. Accuracy: 0.8646 (11.00 sec.)
2025-03-22 21:27:34 - INFO - Training model: bottom_left-top_left-original-top_right
2025-03-22 21:27:43 - INFO - Model bottom_left-top_left-original-top_right completed in 8.89 seconds.
2025-03-22 21:27:43 - INFO - >>> Model bottom_left-top_left-original-top_right trained. Accuracy: 0.8939 (8.89 sec.)
2025-03-22 21:27:43 - INFO - Training model: bottom_right-bottom_left-top_left-original
2025-03-22 21:27:52 - INFO - Model bottom_right-bottom_left-top_left-original completed in 8.94 seconds.
2025-03-22 21:27:52 - INFO - >>> Model bottom_right-bottom_left-top_left-original trained. Accuracy: 0.8856 (8.94 sec.)
2025-03-22 21:27:52 - INFO - Training model: bottom_left-top_left-tda-original
2025-03-22 21:28:05 - INFO - Model bottom_left-top_left-tda-original completed in 12.79 seconds.
2025-03-22 21:28:05 - INFO - >>> Model bottom_left-top_left-tda-original trained. Accuracy: 0.8739 (12.79 sec.)
2025-03-22 21:28:05 - INFO - Training model: bottom_right-bottom_left-original-top_right
2025-03-22 21:28:14 - INFO - Model bottom_right-bottom_left-original-top_right completed in 9.08 seconds.
2025-03-22 21:28:14 - INFO - >>> Model bottom_right-bottom_left-original-top_right trained. Accuracy: 0.8936 (9.08 sec.)
2025-03-22 21:28:14 - INFO - Training model: bottom_left-tda-original-top_right
2025-03-22 21:28:27 - INFO - Model bottom_left-tda-original-top_right completed in 13.03 seconds.
2025-03-22 21:28:27 - INFO - >>> Model bottom_left-tda-original-top_right trained. Accuracy: 0.8811 (13.03 sec.)
2025-03-22 21:28:27 - INFO - Training model: bottom_right-bottom_left-tda-original
2025-03-22 21:28:40 - INFO - Model bottom_right-bottom_left-tda-original completed in 12.98 seconds.
2025-03-22 21:28:40 - INFO - >>> Model bottom_right-bottom_left-tda-original trained. Accuracy: 0.8702 (12.98 sec.)
2025-03-22 21:28:40 - INFO - Training model: bottom_right-top_left-original-top_right
2025-03-22 21:28:49 - INFO - Model bottom_right-top_left-original-top_right completed in 8.99 seconds.
2025-03-22 21:28:49 - INFO - >>> Model bottom_right-top_left-original-top_right trained. Accuracy: 0.8919 (8.99 sec.)
2025-03-22 21:28:49 - INFO - Training model: top_left-tda-original-top_right
2025-03-22 21:29:02 - INFO - Model top_left-tda-original-top_right completed in 12.84 seconds.
2025-03-22 21:29:02 - INFO - >>> Model top_left-tda-original-top_right trained. Accuracy: 0.8838 (12.84 sec.)
2025-03-22 21:29:02 - INFO - Training model: bottom_right-top_left-tda-original
2025-03-22 21:29:15 - INFO - Model bottom_right-top_left-tda-original completed in 13.16 seconds.
2025-03-22 21:29:15 - INFO - >>> Model bottom_right-top_left-tda-original trained. Accuracy: 0.8731 (13.16 sec.)
2025-03-22 21:29:15 - INFO - Training model: bottom_right-tda-original-top_right
2025-03-22 21:29:28 - INFO - Model bottom_right-tda-original-top_right completed in 12.74 seconds.
2025-03-22 21:29:28 - INFO - >>> Model bottom_right-tda-original-top_right trained. Accuracy: 0.8800 (12.74 sec.)
2025-03-22 21:29:28 - INFO - Training model: bottom_left-top_left-top_right-bottom_right-original
2025-03-22 21:29:38 - INFO - Model bottom_left-top_left-top_right-bottom_right-original completed in 10.82 seconds.
2025-03-22 21:29:38 - INFO - >>> Model bottom_left-top_left-top_right-bottom_right-original trained. Accuracy: 0.9014 (10.82 sec.)
2025-03-22 21:29:38 - INFO - Training model: bottom_left-top_left-top_right-tda-original
2025-03-22 21:29:54 - INFO - Model bottom_left-top_left-top_right-tda-original completed in 15.25 seconds.
2025-03-22 21:29:54 - INFO - >>> Model bottom_left-top_left-top_right-tda-original trained. Accuracy: 0.8923 (15.25 sec.)
2025-03-22 21:29:54 - INFO - Training model: bottom_left-top_left-bottom_right-tda-original
2025-03-22 21:30:08 - INFO - Model bottom_left-top_left-bottom_right-tda-original completed in 14.68 seconds.
2025-03-22 21:30:08 - INFO - >>> Model bottom_left-top_left-bottom_right-tda-original trained. Accuracy: 0.8824 (14.68 sec.)
2025-03-22 21:30:08 - INFO - Training model: bottom_left-top_right-bottom_right-tda-original
2025-03-22 21:30:23 - INFO - Model bottom_left-top_right-bottom_right-tda-original completed in 14.87 seconds.
2025-03-22 21:30:23 - INFO - >>> Model bottom_left-top_right-bottom_right-tda-original trained. Accuracy: 0.8913 (14.87 sec.)
2025-03-22 21:30:23 - INFO - Training model: top_left-top_right-bottom_right-tda-original
2025-03-22 21:30:38 - INFO - Model top_left-top_right-bottom_right-tda-original completed in 14.82 seconds.
2025-03-22 21:30:38 - INFO - >>> Model top_left-top_right-bottom_right-tda-original trained. Accuracy: 0.8889 (14.82 sec.)
2025-03-22 21:30:38 - INFO - Training model: bottom_left-top_left-top_right-bottom_right-tda-original
2025-03-22 21:30:55 - INFO - Model bottom_left-top_left-top_right-bottom_right-tda-original completed in 16.87 seconds.
2025-03-22 21:30:55 - INFO - >>> Model bottom_left-top_left-top_right-bottom_right-tda-original trained. Accuracy: 0.9003 (16.87 sec.)
2025-03-22 21:30:55 - INFO - All models trained successfully.
2025-03-22 21:30:55 - INFO - ========== [Model Training Completed] in 5.26 minutes ==========
2025-03-22 21:30:55 - INFO - ========== [Experiment Training Complete] ==========
2025-03-22 21:30:55 - INFO - Results saved to /home/jovyan/Workspace/workspace_mnist/results/exp_noise_icecream/experiment_trainsize_predictions_2025-03-22_21-30-55.json
2025-03-22 21:30:55 - INFO - Results successfully saved to /home/jovyan/Workspace/workspace_mnist/results/exp_noise_icecream/experiment_trainsize_predictions_2025-03-22_21-30-55.json
2025-03-22 21:30:55 - INFO - Garbage collection executed.
2025-03-22 21:30:55 - INFO - ========== [Experiment Completed] in 10.90 minutes ==========
