2025-03-23 09:53:27 - INFO - Logging initialized.
 Writing to /home/jovyan/Workspace/workspace_mnist/logs/exp_noise_icecream/experiment_logs_2025-03-23_09-53-27.log
2025-03-23 09:53:27 - INFO - ========== [Experiment Start] ==========
2025-03-23 09:53:27 - INFO - Views combinations succesfully generated.
2025-03-23 09:53:27 - INFO - Topological Data Analysis pipeline generated.
2025-03-23 09:53:27 - INFO - Generating folder to save results.
2025-03-23 09:53:27 - INFO - Reading dataset in chunks from mnist_784.csv (chunk size: 70000)
2025-03-23 09:53:28 - INFO - Starting multiview data preparation for a chunk of size (70000, 784)...
2025-03-23 09:53:28 - INFO - Running using 16 jobs.
2025-03-23 09:53:28 - INFO - Contaminating dataset with lines using 23.
2025-03-23 09:53:38 - INFO - Splitting data: 72.2% train / 20.0% test (random_state=451678828)
2025-03-23 09:53:38 - INFO - Data split complete. Train size: (40444, 784), Test size: (14000, 784)
2025-03-23 09:53:38 - INFO - Reshaping train and test data into square images...
2025-03-23 09:53:38 - INFO - Reshaping complete. Train images: (40444, 28, 28), Test images: (14000, 28, 28)
2025-03-23 09:53:38 - INFO - Splitting images into quadrant views...
2025-03-23 09:53:38 - INFO - Quadrant view splitting complete. Train views: 4, Test views: 4
2025-03-23 09:53:38 - INFO - >> Starting TDA pipeline transformation on train data...
2025-03-23 10:01:27 - INFO - >> TDA transformation for train data completed (7.82 minutes).
2025-03-23 10:01:27 - INFO - >> Applying TDA pipeline transformation on test data...
2025-03-23 10:04:05 - INFO - >> TDA transformation for test data completed (2.64 minutes).
2025-03-23 10:04:05 - INFO - ========== [Model Training Start] ==========
2025-03-23 10:04:05 - INFO - Training model: original
2025-03-23 10:04:07 - INFO - Model original completed in 1.47 seconds.
2025-03-23 10:04:07 - INFO - >>> Model original trained. Accuracy: 0.8807 (1.47 sec.)
2025-03-23 10:04:07 - INFO - Training model: bottom_left-original
2025-03-23 10:04:19 - INFO - Model bottom_left-original completed in 11.85 seconds.
2025-03-23 10:04:19 - INFO - >>> Model bottom_left-original trained. Accuracy: 0.8893 (11.85 sec.)
2025-03-23 10:04:19 - INFO - Training model: top_left-original
2025-03-23 10:04:30 - INFO - Model top_left-original completed in 11.42 seconds.
2025-03-23 10:04:30 - INFO - >>> Model top_left-original trained. Accuracy: 0.8940 (11.42 sec.)
2025-03-23 10:04:30 - INFO - Training model: original-top_right
2025-03-23 10:04:42 - INFO - Model original-top_right completed in 12.00 seconds.
2025-03-23 10:04:42 - INFO - >>> Model original-top_right trained. Accuracy: 0.8975 (12.00 sec.)
2025-03-23 10:04:42 - INFO - Training model: bottom_right-original
2025-03-23 10:04:54 - INFO - Model bottom_right-original completed in 12.19 seconds.
2025-03-23 10:04:54 - INFO - >>> Model bottom_right-original trained. Accuracy: 0.8946 (12.19 sec.)
2025-03-23 10:04:54 - INFO - Training model: tda-original
2025-03-23 10:05:20 - INFO - Model tda-original completed in 25.28 seconds.
2025-03-23 10:05:20 - INFO - >>> Model tda-original trained. Accuracy: 0.8814 (25.28 sec.)
2025-03-23 10:05:20 - INFO - Training model: bottom_left-top_left-original
2025-03-23 10:05:35 - INFO - Model bottom_left-top_left-original completed in 15.76 seconds.
2025-03-23 10:05:35 - INFO - >>> Model bottom_left-top_left-original trained. Accuracy: 0.9006 (15.76 sec.)
2025-03-23 10:05:35 - INFO - Training model: bottom_left-original-top_right
2025-03-23 10:05:52 - INFO - Model bottom_left-original-top_right completed in 16.23 seconds.
2025-03-23 10:05:52 - INFO - >>> Model bottom_left-original-top_right trained. Accuracy: 0.9066 (16.23 sec.)
2025-03-23 10:05:52 - INFO - Training model: bottom_right-bottom_left-original
2025-03-23 10:06:08 - INFO - Model bottom_right-bottom_left-original completed in 16.23 seconds.
2025-03-23 10:06:08 - INFO - >>> Model bottom_right-bottom_left-original trained. Accuracy: 0.8991 (16.23 sec.)
2025-03-23 10:06:08 - INFO - Training model: bottom_left-tda-original
2025-03-23 10:06:37 - INFO - Model bottom_left-tda-original completed in 29.43 seconds.
2025-03-23 10:06:37 - INFO - >>> Model bottom_left-tda-original trained. Accuracy: 0.8884 (29.43 sec.)
2025-03-23 10:06:37 - INFO - Training model: top_left-original-top_right
2025-03-23 10:06:53 - INFO - Model top_left-original-top_right completed in 16.06 seconds.
2025-03-23 10:06:53 - INFO - >>> Model top_left-original-top_right trained. Accuracy: 0.9076 (16.06 sec.)
2025-03-23 10:06:53 - INFO - Training model: bottom_right-top_left-original
2025-03-23 10:07:10 - INFO - Model bottom_right-top_left-original completed in 16.23 seconds.
2025-03-23 10:07:10 - INFO - >>> Model bottom_right-top_left-original trained. Accuracy: 0.9021 (16.23 sec.)
2025-03-23 10:07:10 - INFO - Training model: top_left-tda-original
2025-03-23 10:07:39 - INFO - Model top_left-tda-original completed in 29.38 seconds.
2025-03-23 10:07:39 - INFO - >>> Model top_left-tda-original trained. Accuracy: 0.8910 (29.38 sec.)
2025-03-23 10:07:39 - INFO - Training model: bottom_right-original-top_right
2025-03-23 10:07:55 - INFO - Model bottom_right-original-top_right completed in 16.16 seconds.
2025-03-23 10:07:55 - INFO - >>> Model bottom_right-original-top_right trained. Accuracy: 0.9081 (16.16 sec.)
2025-03-23 10:07:55 - INFO - Training model: tda-original-top_right
2025-03-23 10:08:25 - INFO - Model tda-original-top_right completed in 29.76 seconds.
2025-03-23 10:08:25 - INFO - >>> Model tda-original-top_right trained. Accuracy: 0.8948 (29.76 sec.)
2025-03-23 10:08:25 - INFO - Training model: bottom_right-tda-original
2025-03-23 10:08:54 - INFO - Model bottom_right-tda-original completed in 29.35 seconds.
2025-03-23 10:08:54 - INFO - >>> Model bottom_right-tda-original trained. Accuracy: 0.8913 (29.35 sec.)
2025-03-23 10:08:54 - INFO - Training model: bottom_left-top_left-original-top_right
2025-03-23 10:09:15 - INFO - Model bottom_left-top_left-original-top_right completed in 20.20 seconds.
2025-03-23 10:09:15 - INFO - >>> Model bottom_left-top_left-original-top_right trained. Accuracy: 0.9189 (20.20 sec.)
2025-03-23 10:09:15 - INFO - Training model: bottom_right-bottom_left-top_left-original
2025-03-23 10:09:35 - INFO - Model bottom_right-bottom_left-top_left-original completed in 20.33 seconds.
2025-03-23 10:09:35 - INFO - >>> Model bottom_right-bottom_left-top_left-original trained. Accuracy: 0.9100 (20.33 sec.)
2025-03-23 10:09:35 - INFO - Training model: bottom_left-top_left-tda-original
2025-03-23 10:10:08 - INFO - Model bottom_left-top_left-tda-original completed in 33.17 seconds.
2025-03-23 10:10:08 - INFO - >>> Model bottom_left-top_left-tda-original trained. Accuracy: 0.8983 (33.17 sec.)
2025-03-23 10:10:08 - INFO - Training model: bottom_right-bottom_left-original-top_right
2025-03-23 10:10:29 - INFO - Model bottom_right-bottom_left-original-top_right completed in 20.74 seconds.
2025-03-23 10:10:29 - INFO - >>> Model bottom_right-bottom_left-original-top_right trained. Accuracy: 0.9149 (20.74 sec.)
2025-03-23 10:10:29 - INFO - Training model: bottom_left-tda-original-top_right
2025-03-23 10:11:02 - INFO - Model bottom_left-tda-original-top_right completed in 33.61 seconds.
2025-03-23 10:11:02 - INFO - >>> Model bottom_left-tda-original-top_right trained. Accuracy: 0.9013 (33.61 sec.)
2025-03-23 10:11:02 - INFO - Training model: bottom_right-bottom_left-tda-original
2025-03-23 10:11:36 - INFO - Model bottom_right-bottom_left-tda-original completed in 34.01 seconds.
2025-03-23 10:11:36 - INFO - >>> Model bottom_right-bottom_left-tda-original trained. Accuracy: 0.8971 (34.01 sec.)
2025-03-23 10:11:36 - INFO - Training model: bottom_right-top_left-original-top_right
2025-03-23 10:11:57 - INFO - Model bottom_right-top_left-original-top_right completed in 20.32 seconds.
2025-03-23 10:11:57 - INFO - >>> Model bottom_right-top_left-original-top_right trained. Accuracy: 0.9185 (20.32 sec.)
2025-03-23 10:11:57 - INFO - Training model: top_left-tda-original-top_right
2025-03-23 10:12:30 - INFO - Model top_left-tda-original-top_right completed in 33.36 seconds.
2025-03-23 10:12:30 - INFO - >>> Model top_left-tda-original-top_right trained. Accuracy: 0.9073 (33.36 sec.)
2025-03-23 10:12:30 - INFO - Training model: bottom_right-top_left-tda-original
2025-03-23 10:13:04 - INFO - Model bottom_right-top_left-tda-original completed in 33.62 seconds.
2025-03-23 10:13:04 - INFO - >>> Model bottom_right-top_left-tda-original trained. Accuracy: 0.9008 (33.62 sec.)
2025-03-23 10:13:04 - INFO - Training model: bottom_right-tda-original-top_right
2025-03-23 10:13:38 - INFO - Model bottom_right-tda-original-top_right completed in 33.83 seconds.
2025-03-23 10:13:38 - INFO - >>> Model bottom_right-tda-original-top_right trained. Accuracy: 0.9050 (33.83 sec.)
2025-03-23 10:13:38 - INFO - Training model: bottom_left-top_left-top_right-bottom_right-original
2025-03-23 10:14:02 - INFO - Model bottom_left-top_left-top_right-bottom_right-original completed in 24.35 seconds.
2025-03-23 10:14:02 - INFO - >>> Model bottom_left-top_left-top_right-bottom_right-original trained. Accuracy: 0.9266 (24.35 sec.)
2025-03-23 10:14:02 - INFO - Training model: bottom_left-top_left-top_right-tda-original
2025-03-23 10:14:40 - INFO - Model bottom_left-top_left-top_right-tda-original completed in 37.73 seconds.
2025-03-23 10:14:40 - INFO - >>> Model bottom_left-top_left-top_right-tda-original trained. Accuracy: 0.9151 (37.73 sec.)
2025-03-23 10:14:40 - INFO - Training model: bottom_left-top_left-bottom_right-tda-original
2025-03-23 10:15:17 - INFO - Model bottom_left-top_left-bottom_right-tda-original completed in 37.56 seconds.
2025-03-23 10:15:17 - INFO - >>> Model bottom_left-top_left-bottom_right-tda-original trained. Accuracy: 0.9073 (37.56 sec.)
2025-03-23 10:15:17 - INFO - Training model: bottom_left-top_right-bottom_right-tda-original
2025-03-23 10:15:55 - INFO - Model bottom_left-top_right-bottom_right-tda-original completed in 37.91 seconds.
2025-03-23 10:15:55 - INFO - >>> Model bottom_left-top_right-bottom_right-tda-original trained. Accuracy: 0.9117 (37.91 sec.)
2025-03-23 10:15:55 - INFO - Training model: top_left-top_right-bottom_right-tda-original
2025-03-23 10:16:33 - INFO - Model top_left-top_right-bottom_right-tda-original completed in 37.97 seconds.
2025-03-23 10:16:33 - INFO - >>> Model top_left-top_right-bottom_right-tda-original trained. Accuracy: 0.9156 (37.97 sec.)
2025-03-23 10:16:33 - INFO - Training model: bottom_left-top_left-top_right-bottom_right-tda-original
2025-03-23 10:17:15 - INFO - Model bottom_left-top_left-top_right-bottom_right-tda-original completed in 41.85 seconds.
2025-03-23 10:17:15 - INFO - >>> Model bottom_left-top_left-top_right-bottom_right-tda-original trained. Accuracy: 0.9240 (41.85 sec.)
2025-03-23 10:17:15 - INFO - All models trained successfully.
2025-03-23 10:17:15 - INFO - ========== [Model Training Completed] in 13.16 minutes ==========
2025-03-23 10:17:15 - INFO - ========== [Experiment Training Complete] ==========
2025-03-23 10:17:15 - INFO - Results saved to /home/jovyan/Workspace/workspace_mnist/results/exp_noise_icecream/experiment_trainsize_predictions_2025-03-23_10-17-15.json
2025-03-23 10:17:15 - INFO - Results successfully saved to /home/jovyan/Workspace/workspace_mnist/results/exp_noise_icecream/experiment_trainsize_predictions_2025-03-23_10-17-15.json
2025-03-23 10:17:15 - INFO - Garbage collection executed.
2025-03-23 10:17:15 - INFO - ========== [Experiment Completed] in 23.81 minutes ==========
