2025-03-23 18:27:01 - INFO - Logging initialized.
 Writing to /home/jovyan/Workspace/workspace_mnist/logs/exp_noise_icecream/experiment_logs_2025-03-23_18-27-01.log
2025-03-23 18:27:01 - INFO - ========== [Experiment Start] ==========
2025-03-23 18:27:01 - INFO - Views combinations succesfully generated.
2025-03-23 18:27:01 - INFO - Topological Data Analysis pipeline generated.
2025-03-23 18:27:01 - INFO - Generating folder to save results.
2025-03-23 18:27:01 - INFO - Reading dataset in chunks from mnist_784.csv (chunk size: 70000)
2025-03-23 18:27:02 - INFO - Starting multiview data preparation for a chunk of size (70000, 784)...
2025-03-23 18:27:02 - INFO - Running using 16 jobs.
2025-03-23 18:27:02 - INFO - Contaminating dataset with lines using 23.
2025-03-23 18:27:12 - INFO - Splitting data: 80.0% train / 20.0% test (random_state=101577605)
2025-03-23 18:27:12 - INFO - Data split complete. Train size: (44800, 784), Test size: (14000, 784)
2025-03-23 18:27:12 - INFO - Reshaping train and test data into square images...
2025-03-23 18:27:12 - INFO - Reshaping complete. Train images: (44800, 28, 28), Test images: (14000, 28, 28)
2025-03-23 18:27:12 - INFO - Splitting images into quadrant views...
2025-03-23 18:27:12 - INFO - Quadrant view splitting complete. Train views: 4, Test views: 4
2025-03-23 18:27:12 - INFO - >> Starting TDA pipeline transformation on train data...
2025-03-23 18:36:11 - INFO - >> TDA transformation for train data completed (8.97 minutes).
2025-03-23 18:36:11 - INFO - >> Applying TDA pipeline transformation on test data...
2025-03-23 18:38:52 - INFO - >> TDA transformation for test data completed (2.68 minutes).
2025-03-23 18:38:52 - INFO - ========== [Model Training Start] ==========
2025-03-23 18:38:52 - INFO - Training model: original
2025-03-23 18:38:53 - INFO - Model original completed in 1.66 seconds.
2025-03-23 18:38:53 - INFO - >>> Model original trained. Accuracy: 0.8853 (1.66 sec.)
2025-03-23 18:38:53 - INFO - Training model: bottom_left-original
2025-03-23 18:39:07 - INFO - Model bottom_left-original completed in 13.34 seconds.
2025-03-23 18:39:07 - INFO - >>> Model bottom_left-original trained. Accuracy: 0.8964 (13.34 sec.)
2025-03-23 18:39:07 - INFO - Training model: top_left-original
2025-03-23 18:39:20 - INFO - Model top_left-original completed in 13.23 seconds.
2025-03-23 18:39:20 - INFO - >>> Model top_left-original trained. Accuracy: 0.9027 (13.23 sec.)
2025-03-23 18:39:20 - INFO - Training model: original-top_right
2025-03-23 18:39:33 - INFO - Model original-top_right completed in 13.51 seconds.
2025-03-23 18:39:33 - INFO - >>> Model original-top_right trained. Accuracy: 0.9012 (13.51 sec.)
2025-03-23 18:39:34 - INFO - Training model: bottom_right-original
2025-03-23 18:39:47 - INFO - Model bottom_right-original completed in 13.44 seconds.
2025-03-23 18:39:47 - INFO - >>> Model bottom_right-original trained. Accuracy: 0.8987 (13.44 sec.)
2025-03-23 18:39:47 - INFO - Training model: tda-original
2025-03-23 18:40:15 - INFO - Model tda-original completed in 28.18 seconds.
2025-03-23 18:40:15 - INFO - >>> Model tda-original trained. Accuracy: 0.8887 (28.18 sec.)
2025-03-23 18:40:15 - INFO - Training model: bottom_left-top_left-original
2025-03-23 18:40:33 - INFO - Model bottom_left-top_left-original completed in 17.57 seconds.
2025-03-23 18:40:33 - INFO - >>> Model bottom_left-top_left-original trained. Accuracy: 0.9076 (17.57 sec.)
2025-03-23 18:40:33 - INFO - Training model: bottom_left-original-top_right
2025-03-23 18:40:51 - INFO - Model bottom_left-original-top_right completed in 17.96 seconds.
2025-03-23 18:40:51 - INFO - >>> Model bottom_left-original-top_right trained. Accuracy: 0.9094 (17.96 sec.)
2025-03-23 18:40:51 - INFO - Training model: bottom_right-bottom_left-original
2025-03-23 18:41:09 - INFO - Model bottom_right-bottom_left-original completed in 18.09 seconds.
2025-03-23 18:41:09 - INFO - >>> Model bottom_right-bottom_left-original trained. Accuracy: 0.9046 (18.09 sec.)
2025-03-23 18:41:09 - INFO - Training model: bottom_left-tda-original
2025-03-23 18:41:41 - INFO - Model bottom_left-tda-original completed in 32.55 seconds.
2025-03-23 18:41:41 - INFO - >>> Model bottom_left-tda-original trained. Accuracy: 0.8944 (32.55 sec.)
2025-03-23 18:41:41 - INFO - Training model: top_left-original-top_right
2025-03-23 18:41:59 - INFO - Model top_left-original-top_right completed in 17.69 seconds.
2025-03-23 18:41:59 - INFO - >>> Model top_left-original-top_right trained. Accuracy: 0.9110 (17.69 sec.)
2025-03-23 18:41:59 - INFO - Training model: bottom_right-top_left-original
2025-03-23 18:42:17 - INFO - Model bottom_right-top_left-original completed in 17.83 seconds.
2025-03-23 18:42:17 - INFO - >>> Model bottom_right-top_left-original trained. Accuracy: 0.9085 (17.83 sec.)
2025-03-23 18:42:17 - INFO - Training model: top_left-tda-original
2025-03-23 18:42:50 - INFO - Model top_left-tda-original completed in 32.76 seconds.
2025-03-23 18:42:50 - INFO - >>> Model top_left-tda-original trained. Accuracy: 0.9006 (32.76 sec.)
2025-03-23 18:42:50 - INFO - Training model: bottom_right-original-top_right
2025-03-23 18:43:08 - INFO - Model bottom_right-original-top_right completed in 18.33 seconds.
2025-03-23 18:43:08 - INFO - >>> Model bottom_right-original-top_right trained. Accuracy: 0.9094 (18.33 sec.)
2025-03-23 18:43:08 - INFO - Training model: tda-original-top_right
2025-03-23 18:43:41 - INFO - Model tda-original-top_right completed in 32.99 seconds.
2025-03-23 18:43:41 - INFO - >>> Model tda-original-top_right trained. Accuracy: 0.9008 (32.99 sec.)
2025-03-23 18:43:41 - INFO - Training model: bottom_right-tda-original
2025-03-23 18:44:14 - INFO - Model bottom_right-tda-original completed in 33.00 seconds.
2025-03-23 18:44:14 - INFO - >>> Model bottom_right-tda-original trained. Accuracy: 0.8951 (33.00 sec.)
2025-03-23 18:44:14 - INFO - Training model: bottom_left-top_left-original-top_right
2025-03-23 18:44:36 - INFO - Model bottom_left-top_left-original-top_right completed in 22.24 seconds.
2025-03-23 18:44:36 - INFO - >>> Model bottom_left-top_left-original-top_right trained. Accuracy: 0.9201 (22.24 sec.)
2025-03-23 18:44:36 - INFO - Training model: bottom_right-bottom_left-top_left-original
2025-03-23 18:44:59 - INFO - Model bottom_right-bottom_left-top_left-original completed in 22.40 seconds.
2025-03-23 18:44:59 - INFO - >>> Model bottom_right-bottom_left-top_left-original trained. Accuracy: 0.9141 (22.40 sec.)
2025-03-23 18:44:59 - INFO - Training model: bottom_left-top_left-tda-original
2025-03-23 18:45:36 - INFO - Model bottom_left-top_left-tda-original completed in 36.92 seconds.
2025-03-23 18:45:36 - INFO - >>> Model bottom_left-top_left-tda-original trained. Accuracy: 0.9049 (36.92 sec.)
2025-03-23 18:45:36 - INFO - Training model: bottom_right-bottom_left-original-top_right
2025-03-23 18:45:58 - INFO - Model bottom_right-bottom_left-original-top_right completed in 22.84 seconds.
2025-03-23 18:45:58 - INFO - >>> Model bottom_right-bottom_left-original-top_right trained. Accuracy: 0.9179 (22.84 sec.)
2025-03-23 18:45:58 - INFO - Training model: bottom_left-tda-original-top_right
2025-03-23 18:46:36 - INFO - Model bottom_left-tda-original-top_right completed in 37.65 seconds.
2025-03-23 18:46:36 - INFO - >>> Model bottom_left-tda-original-top_right trained. Accuracy: 0.9072 (37.65 sec.)
2025-03-23 18:46:36 - INFO - Training model: bottom_right-bottom_left-tda-original
2025-03-23 18:47:14 - INFO - Model bottom_right-bottom_left-tda-original completed in 37.66 seconds.
2025-03-23 18:47:14 - INFO - >>> Model bottom_right-bottom_left-tda-original trained. Accuracy: 0.9021 (37.66 sec.)
2025-03-23 18:47:14 - INFO - Training model: bottom_right-top_left-original-top_right
2025-03-23 18:47:36 - INFO - Model bottom_right-top_left-original-top_right completed in 22.68 seconds.
2025-03-23 18:47:36 - INFO - >>> Model bottom_right-top_left-original-top_right trained. Accuracy: 0.9195 (22.68 sec.)
2025-03-23 18:47:36 - INFO - Training model: top_left-tda-original-top_right
2025-03-23 18:48:14 - INFO - Model top_left-tda-original-top_right completed in 37.40 seconds.
2025-03-23 18:48:14 - INFO - >>> Model top_left-tda-original-top_right trained. Accuracy: 0.9103 (37.40 sec.)
2025-03-23 18:48:14 - INFO - Training model: bottom_right-top_left-tda-original
2025-03-23 18:48:51 - INFO - Model bottom_right-top_left-tda-original completed in 37.34 seconds.
2025-03-23 18:48:51 - INFO - >>> Model bottom_right-top_left-tda-original trained. Accuracy: 0.9055 (37.34 sec.)
2025-03-23 18:48:51 - INFO - Training model: bottom_right-tda-original-top_right
2025-03-23 18:49:29 - INFO - Model bottom_right-tda-original-top_right completed in 37.59 seconds.
2025-03-23 18:49:29 - INFO - >>> Model bottom_right-tda-original-top_right trained. Accuracy: 0.9084 (37.59 sec.)
2025-03-23 18:49:29 - INFO - Training model: bottom_left-top_left-top_right-bottom_right-original
2025-03-23 18:49:56 - INFO - Model bottom_left-top_left-top_right-bottom_right-original completed in 26.94 seconds.
2025-03-23 18:49:56 - INFO - >>> Model bottom_left-top_left-top_right-bottom_right-original trained. Accuracy: 0.9281 (26.94 sec.)
2025-03-23 18:49:56 - INFO - Training model: bottom_left-top_left-top_right-tda-original
2025-03-23 18:50:38 - INFO - Model bottom_left-top_left-top_right-tda-original completed in 42.11 seconds.
2025-03-23 18:50:38 - INFO - >>> Model bottom_left-top_left-top_right-tda-original trained. Accuracy: 0.9191 (42.11 sec.)
2025-03-23 18:50:38 - INFO - Training model: bottom_left-top_left-bottom_right-tda-original
2025-03-23 18:51:20 - INFO - Model bottom_left-top_left-bottom_right-tda-original completed in 42.46 seconds.
2025-03-23 18:51:20 - INFO - >>> Model bottom_left-top_left-bottom_right-tda-original trained. Accuracy: 0.9131 (42.46 sec.)
2025-03-23 18:51:20 - INFO - Training model: bottom_left-top_right-bottom_right-tda-original
2025-03-23 18:52:03 - INFO - Model bottom_left-top_right-bottom_right-tda-original completed in 42.43 seconds.
2025-03-23 18:52:03 - INFO - >>> Model bottom_left-top_right-bottom_right-tda-original trained. Accuracy: 0.9152 (42.43 sec.)
2025-03-23 18:52:03 - INFO - Training model: top_left-top_right-bottom_right-tda-original
2025-03-23 18:52:45 - INFO - Model top_left-top_right-bottom_right-tda-original completed in 42.64 seconds.
2025-03-23 18:52:45 - INFO - >>> Model top_left-top_right-bottom_right-tda-original trained. Accuracy: 0.9160 (42.64 sec.)
2025-03-23 18:52:45 - INFO - Training model: bottom_left-top_left-top_right-bottom_right-tda-original
2025-03-23 18:53:32 - INFO - Model bottom_left-top_left-top_right-bottom_right-tda-original completed in 46.81 seconds.
2025-03-23 18:53:32 - INFO - >>> Model bottom_left-top_left-top_right-bottom_right-tda-original trained. Accuracy: 0.9252 (46.81 sec.)
2025-03-23 18:53:32 - INFO - All models trained successfully.
2025-03-23 18:53:32 - INFO - ========== [Model Training Completed] in 14.67 minutes ==========
2025-03-23 18:53:32 - INFO - ========== [Experiment Training Complete] ==========
2025-03-23 18:53:32 - INFO - Results saved to /home/jovyan/Workspace/workspace_mnist/results/exp_noise_icecream/experiment_trainsize_predictions_2025-03-23_18-53-32.json
2025-03-23 18:53:32 - INFO - Results successfully saved to /home/jovyan/Workspace/workspace_mnist/results/exp_noise_icecream/experiment_trainsize_predictions_2025-03-23_18-53-32.json
2025-03-23 18:53:32 - INFO - Garbage collection executed.
2025-03-23 18:53:32 - INFO - ========== [Experiment Completed] in 26.52 minutes ==========
