2025-03-23 05:44:03 - INFO - Logging initialized.
 Writing to /home/jovyan/Workspace/workspace_mnist/logs/exp_noise_icecream/experiment_logs_2025-03-23_05-44-03.log
2025-03-23 05:44:03 - INFO - ========== [Experiment Start] ==========
2025-03-23 05:44:03 - INFO - Views combinations succesfully generated.
2025-03-23 05:44:03 - INFO - Topological Data Analysis pipeline generated.
2025-03-23 05:44:03 - INFO - Generating folder to save results.
2025-03-23 05:44:03 - INFO - Reading dataset in chunks from mnist_784.csv (chunk size: 70000)
2025-03-23 05:44:04 - INFO - Starting multiview data preparation for a chunk of size (70000, 784)...
2025-03-23 05:44:04 - INFO - Running using 16 jobs.
2025-03-23 05:44:04 - INFO - Contaminating dataset with lines using 23.
2025-03-23 05:44:14 - INFO - Splitting data: 33.3% train / 20.0% test (random_state=999719309)
2025-03-23 05:44:14 - INFO - Data split complete. Train size: (18666, 784), Test size: (14000, 784)
2025-03-23 05:44:14 - INFO - Reshaping train and test data into square images...
2025-03-23 05:44:14 - INFO - Reshaping complete. Train images: (18666, 28, 28), Test images: (14000, 28, 28)
2025-03-23 05:44:14 - INFO - Splitting images into quadrant views...
2025-03-23 05:44:14 - INFO - Quadrant view splitting complete. Train views: 4, Test views: 4
2025-03-23 05:44:14 - INFO - >> Starting TDA pipeline transformation on train data...
2025-03-23 05:47:53 - INFO - >> TDA transformation for train data completed (3.65 minutes).
2025-03-23 05:47:53 - INFO - >> Applying TDA pipeline transformation on test data...
2025-03-23 05:50:33 - INFO - >> TDA transformation for test data completed (2.67 minutes).
2025-03-23 05:50:33 - INFO - ========== [Model Training Start] ==========
2025-03-23 05:50:33 - INFO - Training model: original
2025-03-23 05:50:34 - INFO - Model original completed in 0.65 seconds.
2025-03-23 05:50:34 - INFO - >>> Model original trained. Accuracy: 0.8639 (0.65 sec.)
2025-03-23 05:50:34 - INFO - Training model: bottom_left-original
2025-03-23 05:50:40 - INFO - Model bottom_left-original completed in 5.80 seconds.
2025-03-23 05:50:40 - INFO - >>> Model bottom_left-original trained. Accuracy: 0.8748 (5.80 sec.)
2025-03-23 05:50:40 - INFO - Training model: top_left-original
2025-03-23 05:50:46 - INFO - Model top_left-original completed in 5.81 seconds.
2025-03-23 05:50:46 - INFO - >>> Model top_left-original trained. Accuracy: 0.8797 (5.81 sec.)
2025-03-23 05:50:46 - INFO - Training model: original-top_right
2025-03-23 05:50:52 - INFO - Model original-top_right completed in 6.01 seconds.
2025-03-23 05:50:52 - INFO - >>> Model original-top_right trained. Accuracy: 0.8797 (6.01 sec.)
2025-03-23 05:50:52 - INFO - Training model: bottom_right-original
2025-03-23 05:50:58 - INFO - Model bottom_right-original completed in 5.96 seconds.
2025-03-23 05:50:58 - INFO - >>> Model bottom_right-original trained. Accuracy: 0.8761 (5.96 sec.)
2025-03-23 05:50:58 - INFO - Training model: tda-original
2025-03-23 05:51:09 - INFO - Model tda-original completed in 11.36 seconds.
2025-03-23 05:51:09 - INFO - >>> Model tda-original trained. Accuracy: 0.8664 (11.36 sec.)
2025-03-23 05:51:09 - INFO - Training model: bottom_left-top_left-original
2025-03-23 05:51:17 - INFO - Model bottom_left-top_left-original completed in 8.01 seconds.
2025-03-23 05:51:17 - INFO - >>> Model bottom_left-top_left-original trained. Accuracy: 0.8884 (8.01 sec.)
2025-03-23 05:51:17 - INFO - Training model: bottom_left-original-top_right
2025-03-23 05:51:25 - INFO - Model bottom_left-original-top_right completed in 8.27 seconds.
2025-03-23 05:51:25 - INFO - >>> Model bottom_left-original-top_right trained. Accuracy: 0.8899 (8.27 sec.)
2025-03-23 05:51:25 - INFO - Training model: bottom_right-bottom_left-original
2025-03-23 05:51:34 - INFO - Model bottom_right-bottom_left-original completed in 8.25 seconds.
2025-03-23 05:51:34 - INFO - >>> Model bottom_right-bottom_left-original trained. Accuracy: 0.8808 (8.25 sec.)
2025-03-23 05:51:34 - INFO - Training model: bottom_left-tda-original
2025-03-23 05:51:47 - INFO - Model bottom_left-tda-original completed in 13.56 seconds.
2025-03-23 05:51:47 - INFO - >>> Model bottom_left-tda-original trained. Accuracy: 0.8724 (13.56 sec.)
2025-03-23 05:51:47 - INFO - Training model: top_left-original-top_right
2025-03-23 05:51:55 - INFO - Model top_left-original-top_right completed in 8.23 seconds.
2025-03-23 05:51:55 - INFO - >>> Model top_left-original-top_right trained. Accuracy: 0.8921 (8.23 sec.)
2025-03-23 05:51:55 - INFO - Training model: bottom_right-top_left-original
2025-03-23 05:52:04 - INFO - Model bottom_right-top_left-original completed in 8.24 seconds.
2025-03-23 05:52:04 - INFO - >>> Model bottom_right-top_left-original trained. Accuracy: 0.8866 (8.24 sec.)
2025-03-23 05:52:04 - INFO - Training model: top_left-tda-original
2025-03-23 05:52:17 - INFO - Model top_left-tda-original completed in 13.48 seconds.
2025-03-23 05:52:17 - INFO - >>> Model top_left-tda-original trained. Accuracy: 0.8749 (13.48 sec.)
2025-03-23 05:52:17 - INFO - Training model: bottom_right-original-top_right
2025-03-23 05:52:25 - INFO - Model bottom_right-original-top_right completed in 8.23 seconds.
2025-03-23 05:52:25 - INFO - >>> Model bottom_right-original-top_right trained. Accuracy: 0.8884 (8.23 sec.)
2025-03-23 05:52:25 - INFO - Training model: tda-original-top_right
2025-03-23 05:52:39 - INFO - Model tda-original-top_right completed in 13.63 seconds.
2025-03-23 05:52:39 - INFO - >>> Model tda-original-top_right trained. Accuracy: 0.8774 (13.63 sec.)
2025-03-23 05:52:39 - INFO - Training model: bottom_right-tda-original
2025-03-23 05:52:52 - INFO - Model bottom_right-tda-original completed in 13.50 seconds.
2025-03-23 05:52:52 - INFO - >>> Model bottom_right-tda-original trained. Accuracy: 0.8716 (13.50 sec.)
2025-03-23 05:52:52 - INFO - Training model: bottom_left-top_left-original-top_right
2025-03-23 05:53:03 - INFO - Model bottom_left-top_left-original-top_right completed in 10.37 seconds.
2025-03-23 05:53:03 - INFO - >>> Model bottom_left-top_left-original-top_right trained. Accuracy: 0.9045 (10.37 sec.)
2025-03-23 05:53:03 - INFO - Training model: bottom_right-bottom_left-top_left-original
2025-03-23 05:53:13 - INFO - Model bottom_right-bottom_left-top_left-original completed in 10.30 seconds.
2025-03-23 05:53:13 - INFO - >>> Model bottom_right-bottom_left-top_left-original trained. Accuracy: 0.8959 (10.30 sec.)
2025-03-23 05:53:13 - INFO - Training model: bottom_left-top_left-tda-original
2025-03-23 05:53:29 - INFO - Model bottom_left-top_left-tda-original completed in 15.75 seconds.
2025-03-23 05:53:29 - INFO - >>> Model bottom_left-top_left-tda-original trained. Accuracy: 0.8850 (15.75 sec.)
2025-03-23 05:53:29 - INFO - Training model: bottom_right-bottom_left-original-top_right
2025-03-23 05:53:39 - INFO - Model bottom_right-bottom_left-original-top_right completed in 10.38 seconds.
2025-03-23 05:53:39 - INFO - >>> Model bottom_right-bottom_left-original-top_right trained. Accuracy: 0.8972 (10.38 sec.)
2025-03-23 05:53:39 - INFO - Training model: bottom_left-tda-original-top_right
2025-03-23 05:53:55 - INFO - Model bottom_left-tda-original-top_right completed in 15.97 seconds.
2025-03-23 05:53:55 - INFO - >>> Model bottom_left-tda-original-top_right trained. Accuracy: 0.8886 (15.97 sec.)
2025-03-23 05:53:55 - INFO - Training model: bottom_right-bottom_left-tda-original
2025-03-23 05:54:11 - INFO - Model bottom_right-bottom_left-tda-original completed in 15.90 seconds.
2025-03-23 05:54:11 - INFO - >>> Model bottom_right-bottom_left-tda-original trained. Accuracy: 0.8780 (15.90 sec.)
2025-03-23 05:54:11 - INFO - Training model: bottom_right-top_left-original-top_right
2025-03-23 05:54:22 - INFO - Model bottom_right-top_left-original-top_right completed in 10.38 seconds.
2025-03-23 05:54:22 - INFO - >>> Model bottom_right-top_left-original-top_right trained. Accuracy: 0.9026 (10.38 sec.)
2025-03-23 05:54:22 - INFO - Training model: top_left-tda-original-top_right
2025-03-23 05:54:37 - INFO - Model top_left-tda-original-top_right completed in 15.86 seconds.
2025-03-23 05:54:37 - INFO - >>> Model top_left-tda-original-top_right trained. Accuracy: 0.8885 (15.86 sec.)
2025-03-23 05:54:37 - INFO - Training model: bottom_right-top_left-tda-original
2025-03-23 05:54:53 - INFO - Model bottom_right-top_left-tda-original completed in 15.77 seconds.
2025-03-23 05:54:53 - INFO - >>> Model bottom_right-top_left-tda-original trained. Accuracy: 0.8853 (15.77 sec.)
2025-03-23 05:54:53 - INFO - Training model: bottom_right-tda-original-top_right
2025-03-23 05:55:09 - INFO - Model bottom_right-tda-original-top_right completed in 16.16 seconds.
2025-03-23 05:55:09 - INFO - >>> Model bottom_right-tda-original-top_right trained. Accuracy: 0.8867 (16.16 sec.)
2025-03-23 05:55:09 - INFO - Training model: bottom_left-top_left-top_right-bottom_right-original
2025-03-23 05:55:22 - INFO - Model bottom_left-top_left-top_right-bottom_right-original completed in 12.74 seconds.
2025-03-23 05:55:22 - INFO - >>> Model bottom_left-top_left-top_right-bottom_right-original trained. Accuracy: 0.9129 (12.74 sec.)
2025-03-23 05:55:22 - INFO - Training model: bottom_left-top_left-top_right-tda-original
2025-03-23 05:55:40 - INFO - Model bottom_left-top_left-top_right-tda-original completed in 18.00 seconds.
2025-03-23 05:55:40 - INFO - >>> Model bottom_left-top_left-top_right-tda-original trained. Accuracy: 0.8999 (18.00 sec.)
2025-03-23 05:55:40 - INFO - Training model: bottom_left-top_left-bottom_right-tda-original
2025-03-23 05:55:58 - INFO - Model bottom_left-top_left-bottom_right-tda-original completed in 18.24 seconds.
2025-03-23 05:55:58 - INFO - >>> Model bottom_left-top_left-bottom_right-tda-original trained. Accuracy: 0.8917 (18.24 sec.)
2025-03-23 05:55:58 - INFO - Training model: bottom_left-top_right-bottom_right-tda-original
2025-03-23 05:56:17 - INFO - Model bottom_left-top_right-bottom_right-tda-original completed in 18.18 seconds.
2025-03-23 05:56:17 - INFO - >>> Model bottom_left-top_right-bottom_right-tda-original trained. Accuracy: 0.8956 (18.18 sec.)
2025-03-23 05:56:17 - INFO - Training model: top_left-top_right-bottom_right-tda-original
2025-03-23 05:56:35 - INFO - Model top_left-top_right-bottom_right-tda-original completed in 18.16 seconds.
2025-03-23 05:56:35 - INFO - >>> Model top_left-top_right-bottom_right-tda-original trained. Accuracy: 0.8988 (18.16 sec.)
2025-03-23 05:56:35 - INFO - Training model: bottom_left-top_left-top_right-bottom_right-tda-original
2025-03-23 05:56:55 - INFO - Model bottom_left-top_left-top_right-bottom_right-tda-original completed in 20.27 seconds.
2025-03-23 05:56:55 - INFO - >>> Model bottom_left-top_left-top_right-bottom_right-tda-original trained. Accuracy: 0.9089 (20.27 sec.)
2025-03-23 05:56:55 - INFO - All models trained successfully.
2025-03-23 05:56:55 - INFO - ========== [Model Training Completed] in 6.36 minutes ==========
2025-03-23 05:56:55 - INFO - ========== [Experiment Training Complete] ==========
2025-03-23 05:56:55 - INFO - Results saved to /home/jovyan/Workspace/workspace_mnist/results/exp_noise_icecream/experiment_trainsize_predictions_2025-03-23_05-56-55.json
2025-03-23 05:56:55 - INFO - Results successfully saved to /home/jovyan/Workspace/workspace_mnist/results/exp_noise_icecream/experiment_trainsize_predictions_2025-03-23_05-56-55.json
2025-03-23 05:56:55 - INFO - Garbage collection executed.
2025-03-23 05:56:55 - INFO - ========== [Experiment Completed] in 12.87 minutes ==========
