2025-04-06 06:15:55 - INFO - Logging initialized.
 Writing to /home/jovyan/Workspace/workspace_mnist/logs/exp_noise_icecream/experiment_logs_2025-04-06_06-15-55.log
2025-04-06 06:15:55 - INFO - ========== [Experiment Start] ==========
2025-04-06 06:15:55 - INFO - Views combinations succesfully generated.
2025-04-06 06:15:55 - INFO - Topological Data Analysis pipeline generated.
2025-04-06 06:15:55 - INFO - Generating folder to save results.
2025-04-06 06:15:55 - INFO - Reading dataset in chunks from mnist_784.csv (chunk size: 70000)
2025-04-06 06:15:56 - INFO - Starting multiview data preparation for a chunk of size (70000, 784)...
2025-04-06 06:15:56 - INFO - Running using 22 jobs.
2025-04-06 06:15:56 - INFO - Contaminating dataset with circles using 2.
2025-04-06 06:15:56 - INFO - Splitting data: 56.7% train / 20.0% test (random_state=582848128)
2025-04-06 06:15:56 - INFO - Data split complete. Train size: (31733, 784), Test size: (14000, 784)
2025-04-06 06:15:56 - INFO - Reshaping train and test data into square images...
2025-04-06 06:15:56 - INFO - Reshaping complete. Train images: (31733, 28, 28), Test images: (14000, 28, 28)
2025-04-06 06:15:56 - INFO - Splitting images into quadrant views...
2025-04-06 06:15:56 - INFO - Quadrant view splitting complete. Train views: 4, Test views: 4
2025-04-06 06:15:56 - INFO - >> Starting TDA pipeline transformation on train data...
2025-04-06 06:20:31 - INFO - >> TDA transformation for train data completed (4.57 minutes).
2025-04-06 06:20:31 - INFO - >> Applying TDA pipeline transformation on test data...
2025-04-06 06:22:35 - INFO - >> TDA transformation for test data completed (2.07 minutes).
2025-04-06 06:22:35 - INFO - ========== [Model Training Start] ==========
2025-04-06 06:22:35 - INFO - Training model: original
2025-04-06 06:22:36 - INFO - Model original completed in 0.70 seconds.
2025-04-06 06:22:36 - INFO - >>> Model original trained. Accuracy: 0.9630 (0.70 sec.)
2025-04-06 06:22:36 - INFO - Training model: original-bottom_left
2025-04-06 06:22:42 - INFO - Model original-bottom_left completed in 6.03 seconds.
2025-04-06 06:22:42 - INFO - >>> Model original-bottom_left trained. Accuracy: 0.9656 (6.03 sec.)
2025-04-06 06:22:42 - INFO - Training model: original-tda
2025-04-06 06:22:50 - INFO - Model original-tda completed in 7.86 seconds.
2025-04-06 06:22:50 - INFO - >>> Model original-tda trained. Accuracy: 0.9819 (7.86 sec.)
2025-04-06 06:22:50 - INFO - Training model: original-bottom_right
2025-04-06 06:22:56 - INFO - Model original-bottom_right completed in 6.47 seconds.
2025-04-06 06:22:56 - INFO - >>> Model original-bottom_right trained. Accuracy: 0.9679 (6.47 sec.)
2025-04-06 06:22:56 - INFO - Training model: top_right-original
2025-04-06 06:23:02 - INFO - Model top_right-original completed in 6.34 seconds.
2025-04-06 06:23:02 - INFO - >>> Model top_right-original trained. Accuracy: 0.9665 (6.34 sec.)
2025-04-06 06:23:02 - INFO - Training model: original-top_left
2025-04-06 06:23:09 - INFO - Model original-top_left completed in 6.18 seconds.
2025-04-06 06:23:09 - INFO - >>> Model original-top_left trained. Accuracy: 0.9667 (6.18 sec.)
2025-04-06 06:23:09 - INFO - Training model: original-tda-bottom_left
2025-04-06 06:23:19 - INFO - Model original-tda-bottom_left completed in 10.13 seconds.
2025-04-06 06:23:19 - INFO - >>> Model original-tda-bottom_left trained. Accuracy: 0.9806 (10.13 sec.)
2025-04-06 06:23:19 - INFO - Training model: original-bottom_left-bottom_right
2025-04-06 06:23:27 - INFO - Model original-bottom_left-bottom_right completed in 8.68 seconds.
2025-04-06 06:23:27 - INFO - >>> Model original-bottom_left-bottom_right trained. Accuracy: 0.9676 (8.68 sec.)
2025-04-06 06:23:27 - INFO - Training model: top_right-original-bottom_left
2025-04-06 06:23:36 - INFO - Model top_right-original-bottom_left completed in 8.53 seconds.
2025-04-06 06:23:36 - INFO - >>> Model top_right-original-bottom_left trained. Accuracy: 0.9684 (8.53 sec.)
2025-04-06 06:23:36 - INFO - Training model: original-top_left-bottom_left
2025-04-06 06:23:44 - INFO - Model original-top_left-bottom_left completed in 8.48 seconds.
2025-04-06 06:23:44 - INFO - >>> Model original-top_left-bottom_left trained. Accuracy: 0.9694 (8.48 sec.)
2025-04-06 06:23:44 - INFO - Training model: original-tda-bottom_right
2025-04-06 06:23:55 - INFO - Model original-tda-bottom_right completed in 10.18 seconds.
2025-04-06 06:23:55 - INFO - >>> Model original-tda-bottom_right trained. Accuracy: 0.9826 (10.18 sec.)
2025-04-06 06:23:55 - INFO - Training model: top_right-original-tda
2025-04-06 06:24:05 - INFO - Model top_right-original-tda completed in 9.96 seconds.
2025-04-06 06:24:05 - INFO - >>> Model top_right-original-tda trained. Accuracy: 0.9815 (9.96 sec.)
2025-04-06 06:24:05 - INFO - Training model: original-tda-top_left
2025-04-06 06:24:15 - INFO - Model original-tda-top_left completed in 10.24 seconds.
2025-04-06 06:24:15 - INFO - >>> Model original-tda-top_left trained. Accuracy: 0.9810 (10.24 sec.)
2025-04-06 06:24:15 - INFO - Training model: top_right-original-bottom_right
2025-04-06 06:24:23 - INFO - Model top_right-original-bottom_right completed in 8.67 seconds.
2025-04-06 06:24:23 - INFO - >>> Model top_right-original-bottom_right trained. Accuracy: 0.9689 (8.67 sec.)
2025-04-06 06:24:23 - INFO - Training model: original-top_left-bottom_right
2025-04-06 06:24:32 - INFO - Model original-top_left-bottom_right completed in 8.54 seconds.
2025-04-06 06:24:32 - INFO - >>> Model original-top_left-bottom_right trained. Accuracy: 0.9689 (8.54 sec.)
2025-04-06 06:24:32 - INFO - Training model: top_right-original-top_left
2025-04-06 06:24:41 - INFO - Model top_right-original-top_left completed in 8.48 seconds.
2025-04-06 06:24:41 - INFO - >>> Model top_right-original-top_left trained. Accuracy: 0.9691 (8.48 sec.)
2025-04-06 06:24:41 - INFO - Training model: original-tda-bottom_left-bottom_right
2025-04-06 06:24:53 - INFO - Model original-tda-bottom_left-bottom_right completed in 12.65 seconds.
2025-04-06 06:24:53 - INFO - >>> Model original-tda-bottom_left-bottom_right trained. Accuracy: 0.9817 (12.65 sec.)
2025-04-06 06:24:53 - INFO - Training model: top_right-original-tda-bottom_left
2025-04-06 06:25:05 - INFO - Model top_right-original-tda-bottom_left completed in 12.08 seconds.
2025-04-06 06:25:05 - INFO - >>> Model top_right-original-tda-bottom_left trained. Accuracy: 0.9821 (12.08 sec.)
2025-04-06 06:25:05 - INFO - Training model: original-tda-top_left-bottom_left
2025-04-06 06:25:18 - INFO - Model original-tda-top_left-bottom_left completed in 12.27 seconds.
2025-04-06 06:25:18 - INFO - >>> Model original-tda-top_left-bottom_left trained. Accuracy: 0.9816 (12.27 sec.)
2025-04-06 06:25:18 - INFO - Training model: top_right-original-bottom_left-bottom_right
2025-04-06 06:25:29 - INFO - Model top_right-original-bottom_left-bottom_right completed in 11.14 seconds.
2025-04-06 06:25:29 - INFO - >>> Model top_right-original-bottom_left-bottom_right trained. Accuracy: 0.9689 (11.14 sec.)
2025-04-06 06:25:29 - INFO - Training model: original-top_left-bottom_left-bottom_right
2025-04-06 06:25:39 - INFO - Model original-top_left-bottom_left-bottom_right completed in 10.72 seconds.
2025-04-06 06:25:39 - INFO - >>> Model original-top_left-bottom_left-bottom_right trained. Accuracy: 0.9711 (10.72 sec.)
2025-04-06 06:25:39 - INFO - Training model: top_right-original-top_left-bottom_left
2025-04-06 06:25:50 - INFO - Model top_right-original-top_left-bottom_left completed in 10.91 seconds.
2025-04-06 06:25:50 - INFO - >>> Model top_right-original-top_left-bottom_left trained. Accuracy: 0.9713 (10.91 sec.)
2025-04-06 06:25:50 - INFO - Training model: top_right-original-tda-bottom_right
2025-04-06 06:26:03 - INFO - Model top_right-original-tda-bottom_right completed in 12.38 seconds.
2025-04-06 06:26:03 - INFO - >>> Model top_right-original-tda-bottom_right trained. Accuracy: 0.9840 (12.38 sec.)
2025-04-06 06:26:03 - INFO - Training model: original-tda-top_left-bottom_right
2025-04-06 06:26:15 - INFO - Model original-tda-top_left-bottom_right completed in 12.56 seconds.
2025-04-06 06:26:15 - INFO - >>> Model original-tda-top_left-bottom_right trained. Accuracy: 0.9832 (12.56 sec.)
2025-04-06 06:26:15 - INFO - Training model: top_right-original-tda-top_left
2025-04-06 06:26:28 - INFO - Model top_right-original-tda-top_left completed in 12.41 seconds.
2025-04-06 06:26:28 - INFO - >>> Model top_right-original-tda-top_left trained. Accuracy: 0.9821 (12.41 sec.)
2025-04-06 06:26:28 - INFO - Training model: top_right-original-top_left-bottom_right
2025-04-06 06:26:38 - INFO - Model top_right-original-top_left-bottom_right completed in 10.79 seconds.
2025-04-06 06:26:38 - INFO - >>> Model top_right-original-top_left-bottom_right trained. Accuracy: 0.9721 (10.79 sec.)
2025-04-06 06:26:38 - INFO - Training model: bottom_left-tda-bottom_right-top_right-original
2025-04-06 06:26:53 - INFO - Model bottom_left-tda-bottom_right-top_right-original completed in 14.81 seconds.
2025-04-06 06:26:53 - INFO - >>> Model bottom_left-tda-bottom_right-top_right-original trained. Accuracy: 0.9838 (14.81 sec.)
2025-04-06 06:26:53 - INFO - Training model: bottom_left-tda-bottom_right-top_left-original
2025-04-06 06:27:08 - INFO - Model bottom_left-tda-bottom_right-top_left-original completed in 14.71 seconds.
2025-04-06 06:27:08 - INFO - >>> Model bottom_left-tda-bottom_right-top_left-original trained. Accuracy: 0.9833 (14.71 sec.)
2025-04-06 06:27:08 - INFO - Training model: bottom_left-tda-top_right-top_left-original
2025-04-06 06:27:22 - INFO - Model bottom_left-tda-top_right-top_left-original completed in 14.46 seconds.
2025-04-06 06:27:22 - INFO - >>> Model bottom_left-tda-top_right-top_left-original trained. Accuracy: 0.9825 (14.46 sec.)
2025-04-06 06:27:22 - INFO - Training model: bottom_left-bottom_right-top_right-top_left-original
2025-04-06 06:27:36 - INFO - Model bottom_left-bottom_right-top_right-top_left-original completed in 13.10 seconds.
2025-04-06 06:27:36 - INFO - >>> Model bottom_left-bottom_right-top_right-top_left-original trained. Accuracy: 0.9725 (13.10 sec.)
2025-04-06 06:27:36 - INFO - Training model: tda-bottom_right-top_right-top_left-original
2025-04-06 06:27:50 - INFO - Model tda-bottom_right-top_right-top_left-original completed in 14.77 seconds.
2025-04-06 06:27:50 - INFO - >>> Model tda-bottom_right-top_right-top_left-original trained. Accuracy: 0.9846 (14.77 sec.)
2025-04-06 06:27:50 - INFO - Training model: bottom_left-tda-bottom_right-top_right-top_left-original
2025-04-06 06:28:08 - INFO - Model bottom_left-tda-bottom_right-top_right-top_left-original completed in 17.16 seconds.
2025-04-06 06:28:08 - INFO - >>> Model bottom_left-tda-bottom_right-top_right-top_left-original trained. Accuracy: 0.9847 (17.16 sec.)
2025-04-06 06:28:08 - INFO - All models trained successfully.
2025-04-06 06:28:08 - INFO - ========== [Model Training Completed] in 5.54 minutes ==========
2025-04-06 06:28:08 - INFO - ========== [Experiment Training Complete] ==========
2025-04-06 06:28:08 - INFO - Results saved to /home/jovyan/Workspace/workspace_mnist/results/exp_noise_icecream/experiment_trainsize_predictions_2025-04-06_06-28-08.json
2025-04-06 06:28:08 - INFO - Results successfully saved to /home/jovyan/Workspace/workspace_mnist/results/exp_noise_icecream/experiment_trainsize_predictions_2025-04-06_06-28-08.json
2025-04-06 06:28:08 - INFO - Garbage collection executed.
2025-04-06 06:28:08 - INFO - ========== [Experiment Completed] in 12.21 minutes ==========
