2025-03-23 15:42:41 - INFO - Logging initialized.
 Writing to /home/jovyan/Workspace/workspace_mnist/logs/exp_noise_icecream/experiment_logs_2025-03-23_15-42-41.log
2025-03-23 15:42:41 - INFO - ========== [Experiment Start] ==========
2025-03-23 15:42:41 - INFO - Views combinations succesfully generated.
2025-03-23 15:42:41 - INFO - Topological Data Analysis pipeline generated.
2025-03-23 15:42:41 - INFO - Generating folder to save results.
2025-03-23 15:42:41 - INFO - Reading dataset in chunks from mnist_784.csv (chunk size: 70000)
2025-03-23 15:42:41 - INFO - Starting multiview data preparation for a chunk of size (70000, 784)...
2025-03-23 15:42:41 - INFO - Running using 16 jobs.
2025-03-23 15:42:41 - INFO - Contaminating dataset with lines using 23.
2025-03-23 15:42:52 - INFO - Splitting data: 80.0% train / 20.0% test (random_state=248065843)
2025-03-23 15:42:52 - INFO - Data split complete. Train size: (44800, 784), Test size: (14000, 784)
2025-03-23 15:42:52 - INFO - Reshaping train and test data into square images...
2025-03-23 15:42:52 - INFO - Reshaping complete. Train images: (44800, 28, 28), Test images: (14000, 28, 28)
2025-03-23 15:42:52 - INFO - Splitting images into quadrant views...
2025-03-23 15:42:52 - INFO - Quadrant view splitting complete. Train views: 4, Test views: 4
2025-03-23 15:42:52 - INFO - >> Starting TDA pipeline transformation on train data...
2025-03-23 15:51:42 - INFO - >> TDA transformation for train data completed (8.84 minutes).
2025-03-23 15:51:42 - INFO - >> Applying TDA pipeline transformation on test data...
2025-03-23 15:54:28 - INFO - >> TDA transformation for test data completed (2.76 minutes).
2025-03-23 15:54:28 - INFO - ========== [Model Training Start] ==========
2025-03-23 15:54:28 - INFO - Training model: original
2025-03-23 15:54:29 - INFO - Model original completed in 1.67 seconds.
2025-03-23 15:54:29 - INFO - >>> Model original trained. Accuracy: 0.8855 (1.67 sec.)
2025-03-23 15:54:29 - INFO - Training model: bottom_left-original
2025-03-23 15:54:42 - INFO - Model bottom_left-original completed in 13.18 seconds.
2025-03-23 15:54:42 - INFO - >>> Model bottom_left-original trained. Accuracy: 0.8961 (13.18 sec.)
2025-03-23 15:54:42 - INFO - Training model: top_left-original
2025-03-23 15:54:56 - INFO - Model top_left-original completed in 13.15 seconds.
2025-03-23 15:54:56 - INFO - >>> Model top_left-original trained. Accuracy: 0.9004 (13.15 sec.)
2025-03-23 15:54:56 - INFO - Training model: original-top_right
2025-03-23 15:55:09 - INFO - Model original-top_right completed in 13.45 seconds.
2025-03-23 15:55:09 - INFO - >>> Model original-top_right trained. Accuracy: 0.8999 (13.45 sec.)
2025-03-23 15:55:09 - INFO - Training model: bottom_right-original
2025-03-23 15:55:23 - INFO - Model bottom_right-original completed in 13.56 seconds.
2025-03-23 15:55:23 - INFO - >>> Model bottom_right-original trained. Accuracy: 0.8962 (13.56 sec.)
2025-03-23 15:55:23 - INFO - Training model: tda-original
2025-03-23 15:55:51 - INFO - Model tda-original completed in 28.21 seconds.
2025-03-23 15:55:51 - INFO - >>> Model tda-original trained. Accuracy: 0.8869 (28.21 sec.)
2025-03-23 15:55:51 - INFO - Training model: bottom_left-top_left-original
2025-03-23 15:56:09 - INFO - Model bottom_left-top_left-original completed in 17.80 seconds.
2025-03-23 15:56:09 - INFO - >>> Model bottom_left-top_left-original trained. Accuracy: 0.9056 (17.80 sec.)
2025-03-23 15:56:09 - INFO - Training model: bottom_left-original-top_right
2025-03-23 15:56:27 - INFO - Model bottom_left-original-top_right completed in 18.33 seconds.
2025-03-23 15:56:27 - INFO - >>> Model bottom_left-original-top_right trained. Accuracy: 0.9075 (18.33 sec.)
2025-03-23 15:56:27 - INFO - Training model: bottom_right-bottom_left-original
2025-03-23 15:56:45 - INFO - Model bottom_right-bottom_left-original completed in 18.10 seconds.
2025-03-23 15:56:45 - INFO - >>> Model bottom_right-bottom_left-original trained. Accuracy: 0.9005 (18.10 sec.)
2025-03-23 15:56:45 - INFO - Training model: bottom_left-tda-original
2025-03-23 15:57:18 - INFO - Model bottom_left-tda-original completed in 32.66 seconds.
2025-03-23 15:57:18 - INFO - >>> Model bottom_left-tda-original trained. Accuracy: 0.8933 (32.66 sec.)
2025-03-23 15:57:18 - INFO - Training model: top_left-original-top_right
2025-03-23 15:57:35 - INFO - Model top_left-original-top_right completed in 17.73 seconds.
2025-03-23 15:57:35 - INFO - >>> Model top_left-original-top_right trained. Accuracy: 0.9105 (17.73 sec.)
2025-03-23 15:57:35 - INFO - Training model: bottom_right-top_left-original
2025-03-23 15:57:53 - INFO - Model bottom_right-top_left-original completed in 17.76 seconds.
2025-03-23 15:57:53 - INFO - >>> Model bottom_right-top_left-original trained. Accuracy: 0.9086 (17.76 sec.)
2025-03-23 15:57:53 - INFO - Training model: top_left-tda-original
2025-03-23 15:58:26 - INFO - Model top_left-tda-original completed in 32.53 seconds.
2025-03-23 15:58:26 - INFO - >>> Model top_left-tda-original trained. Accuracy: 0.8967 (32.53 sec.)
2025-03-23 15:58:26 - INFO - Training model: bottom_right-original-top_right
2025-03-23 15:58:44 - INFO - Model bottom_right-original-top_right completed in 18.09 seconds.
2025-03-23 15:58:44 - INFO - >>> Model bottom_right-original-top_right trained. Accuracy: 0.9089 (18.09 sec.)
2025-03-23 15:58:44 - INFO - Training model: tda-original-top_right
2025-03-23 15:59:17 - INFO - Model tda-original-top_right completed in 32.87 seconds.
2025-03-23 15:59:17 - INFO - >>> Model tda-original-top_right trained. Accuracy: 0.8989 (32.87 sec.)
2025-03-23 15:59:17 - INFO - Training model: bottom_right-tda-original
2025-03-23 15:59:50 - INFO - Model bottom_right-tda-original completed in 33.08 seconds.
2025-03-23 15:59:50 - INFO - >>> Model bottom_right-tda-original trained. Accuracy: 0.8946 (33.08 sec.)
2025-03-23 15:59:50 - INFO - Training model: bottom_left-top_left-original-top_right
2025-03-23 16:00:12 - INFO - Model bottom_left-top_left-original-top_right completed in 21.94 seconds.
2025-03-23 16:00:12 - INFO - >>> Model bottom_left-top_left-original-top_right trained. Accuracy: 0.9181 (21.94 sec.)
2025-03-23 16:00:12 - INFO - Training model: bottom_right-bottom_left-top_left-original
2025-03-23 16:00:34 - INFO - Model bottom_right-bottom_left-top_left-original completed in 22.26 seconds.
2025-03-23 16:00:34 - INFO - >>> Model bottom_right-bottom_left-top_left-original trained. Accuracy: 0.9119 (22.26 sec.)
2025-03-23 16:00:34 - INFO - Training model: bottom_left-top_left-tda-original
2025-03-23 16:01:11 - INFO - Model bottom_left-top_left-tda-original completed in 37.20 seconds.
2025-03-23 16:01:11 - INFO - >>> Model bottom_left-top_left-tda-original trained. Accuracy: 0.9028 (37.20 sec.)
2025-03-23 16:01:11 - INFO - Training model: bottom_right-bottom_left-original-top_right
2025-03-23 16:01:34 - INFO - Model bottom_right-bottom_left-original-top_right completed in 22.92 seconds.
2025-03-23 16:01:34 - INFO - >>> Model bottom_right-bottom_left-original-top_right trained. Accuracy: 0.9161 (22.92 sec.)
2025-03-23 16:01:34 - INFO - Training model: bottom_left-tda-original-top_right
2025-03-23 16:02:12 - INFO - Model bottom_left-tda-original-top_right completed in 37.47 seconds.
2025-03-23 16:02:12 - INFO - >>> Model bottom_left-tda-original-top_right trained. Accuracy: 0.9056 (37.47 sec.)
2025-03-23 16:02:12 - INFO - Training model: bottom_right-bottom_left-tda-original
2025-03-23 16:02:49 - INFO - Model bottom_right-bottom_left-tda-original completed in 37.28 seconds.
2025-03-23 16:02:49 - INFO - >>> Model bottom_right-bottom_left-tda-original trained. Accuracy: 0.9010 (37.28 sec.)
2025-03-23 16:02:49 - INFO - Training model: bottom_right-top_left-original-top_right
2025-03-23 16:03:11 - INFO - Model bottom_right-top_left-original-top_right completed in 22.43 seconds.
2025-03-23 16:03:11 - INFO - >>> Model bottom_right-top_left-original-top_right trained. Accuracy: 0.9205 (22.43 sec.)
2025-03-23 16:03:11 - INFO - Training model: top_left-tda-original-top_right
2025-03-23 16:03:49 - INFO - Model top_left-tda-original-top_right completed in 37.46 seconds.
2025-03-23 16:03:49 - INFO - >>> Model top_left-tda-original-top_right trained. Accuracy: 0.9077 (37.46 sec.)
2025-03-23 16:03:49 - INFO - Training model: bottom_right-top_left-tda-original
2025-03-23 16:04:26 - INFO - Model bottom_right-top_left-tda-original completed in 37.51 seconds.
2025-03-23 16:04:26 - INFO - >>> Model bottom_right-top_left-tda-original trained. Accuracy: 0.9068 (37.51 sec.)
2025-03-23 16:04:26 - INFO - Training model: bottom_right-tda-original-top_right
2025-03-23 16:05:04 - INFO - Model bottom_right-tda-original-top_right completed in 37.82 seconds.
2025-03-23 16:05:04 - INFO - >>> Model bottom_right-tda-original-top_right trained. Accuracy: 0.9069 (37.82 sec.)
2025-03-23 16:05:04 - INFO - Training model: bottom_left-top_left-top_right-bottom_right-original
2025-03-23 16:05:31 - INFO - Model bottom_left-top_left-top_right-bottom_right-original completed in 27.05 seconds.
2025-03-23 16:05:31 - INFO - >>> Model bottom_left-top_left-top_right-bottom_right-original trained. Accuracy: 0.9285 (27.05 sec.)
2025-03-23 16:05:31 - INFO - Training model: bottom_left-top_left-top_right-tda-original
2025-03-23 16:06:13 - INFO - Model bottom_left-top_left-top_right-tda-original completed in 42.15 seconds.
2025-03-23 16:06:13 - INFO - >>> Model bottom_left-top_left-top_right-tda-original trained. Accuracy: 0.9170 (42.15 sec.)
2025-03-23 16:06:13 - INFO - Training model: bottom_left-top_left-bottom_right-tda-original
2025-03-23 16:06:55 - INFO - Model bottom_left-top_left-bottom_right-tda-original completed in 41.91 seconds.
2025-03-23 16:06:55 - INFO - >>> Model bottom_left-top_left-bottom_right-tda-original trained. Accuracy: 0.9120 (41.91 sec.)
2025-03-23 16:06:55 - INFO - Training model: bottom_left-top_right-bottom_right-tda-original
2025-03-23 16:07:38 - INFO - Model bottom_left-top_right-bottom_right-tda-original completed in 42.37 seconds.
2025-03-23 16:07:38 - INFO - >>> Model bottom_left-top_right-bottom_right-tda-original trained. Accuracy: 0.9149 (42.37 sec.)
2025-03-23 16:07:38 - INFO - Training model: top_left-top_right-bottom_right-tda-original
2025-03-23 16:08:20 - INFO - Model top_left-top_right-bottom_right-tda-original completed in 41.98 seconds.
2025-03-23 16:08:20 - INFO - >>> Model top_left-top_right-bottom_right-tda-original trained. Accuracy: 0.9180 (41.98 sec.)
2025-03-23 16:08:20 - INFO - Training model: bottom_left-top_left-top_right-bottom_right-tda-original
2025-03-23 16:09:06 - INFO - Model bottom_left-top_left-top_right-bottom_right-tda-original completed in 46.84 seconds.
2025-03-23 16:09:06 - INFO - >>> Model bottom_left-top_left-top_right-bottom_right-tda-original trained. Accuracy: 0.9249 (46.84 sec.)
2025-03-23 16:09:06 - INFO - All models trained successfully.
2025-03-23 16:09:06 - INFO - ========== [Model Training Completed] in 14.65 minutes ==========
2025-03-23 16:09:06 - INFO - ========== [Experiment Training Complete] ==========
2025-03-23 16:09:07 - INFO - Results saved to /home/jovyan/Workspace/workspace_mnist/results/exp_noise_icecream/experiment_trainsize_predictions_2025-03-23_16-09-06.json
2025-03-23 16:09:07 - INFO - Results successfully saved to /home/jovyan/Workspace/workspace_mnist/results/exp_noise_icecream/experiment_trainsize_predictions_2025-03-23_16-09-06.json
2025-03-23 16:09:07 - INFO - Garbage collection executed.
2025-03-23 16:09:07 - INFO - ========== [Experiment Completed] in 26.43 minutes ==========
