2025-03-22 08:09:52 - INFO - Logging initialized.
 Writing to /home/jovyan/Workspace/workspace_mnist/logs/exp_noise_icecream/experiment_logs_2025-03-22_08-09-52.log
2025-03-22 08:09:52 - INFO - ========== [Experiment Start] ==========
2025-03-22 08:09:52 - INFO - Views combinations succesfully generated.
2025-03-22 08:09:52 - INFO - Topological Data Analysis pipeline generated.
2025-03-22 08:09:52 - INFO - Generating folder to save results.
2025-03-22 08:09:52 - INFO - Reading dataset in chunks from mnist_784.csv (chunk size: 70000)
2025-03-22 08:09:53 - INFO - Starting multiview data preparation for a chunk of size (70000, 784)...
2025-03-22 08:09:53 - INFO - Running using 16 jobs.
2025-03-22 08:09:53 - INFO - Contaminating dataset with lines using 23.
2025-03-22 08:10:03 - INFO - Splitting data: 41.1% train / 20.0% test (random_state=601133337)
2025-03-22 08:10:03 - INFO - Data split complete. Train size: (23022, 784), Test size: (14000, 784)
2025-03-22 08:10:03 - INFO - Reshaping train and test data into square images...
2025-03-22 08:10:03 - INFO - Reshaping complete. Train images: (23022, 28, 28), Test images: (14000, 28, 28)
2025-03-22 08:10:03 - INFO - Splitting images into quadrant views...
2025-03-22 08:10:03 - INFO - Quadrant view splitting complete. Train views: 4, Test views: 4
2025-03-22 08:10:03 - INFO - >> Starting TDA pipeline transformation on train data...
2025-03-22 08:14:24 - INFO - >> TDA transformation for train data completed (4.34 minutes).
2025-03-22 08:14:24 - INFO - >> Applying TDA pipeline transformation on test data...
2025-03-22 08:17:00 - INFO - >> TDA transformation for test data completed (2.60 minutes).
2025-03-22 08:17:00 - INFO - ========== [Model Training Start] ==========
2025-03-22 08:17:00 - INFO - Training model: original
2025-03-22 08:17:01 - INFO - Model original completed in 0.82 seconds.
2025-03-22 08:17:01 - INFO - >>> Model original trained. Accuracy: 0.8682 (0.82 sec.)
2025-03-22 08:17:01 - INFO - Training model: bottom_left-original
2025-03-22 08:17:07 - INFO - Model bottom_left-original completed in 6.96 seconds.
2025-03-22 08:17:07 - INFO - >>> Model bottom_left-original trained. Accuracy: 0.8807 (6.96 sec.)
2025-03-22 08:17:07 - INFO - Training model: top_left-original
2025-03-22 08:17:14 - INFO - Model top_left-original completed in 6.83 seconds.
2025-03-22 08:17:14 - INFO - >>> Model top_left-original trained. Accuracy: 0.8854 (6.83 sec.)
2025-03-22 08:17:14 - INFO - Training model: original-top_right
2025-03-22 08:17:21 - INFO - Model original-top_right completed in 6.98 seconds.
2025-03-22 08:17:21 - INFO - >>> Model original-top_right trained. Accuracy: 0.8871 (6.98 sec.)
2025-03-22 08:17:21 - INFO - Training model: bottom_right-original
2025-03-22 08:17:28 - INFO - Model bottom_right-original completed in 6.89 seconds.
2025-03-22 08:17:28 - INFO - >>> Model bottom_right-original trained. Accuracy: 0.8817 (6.89 sec.)
2025-03-22 08:17:28 - INFO - Training model: tda-original
2025-03-22 08:17:42 - INFO - Model tda-original completed in 14.08 seconds.
2025-03-22 08:17:42 - INFO - >>> Model tda-original trained. Accuracy: 0.8728 (14.08 sec.)
2025-03-22 08:17:42 - INFO - Training model: bottom_left-top_left-original
2025-03-22 08:17:52 - INFO - Model bottom_left-top_left-original completed in 9.23 seconds.
2025-03-22 08:17:52 - INFO - >>> Model bottom_left-top_left-original trained. Accuracy: 0.8951 (9.23 sec.)
2025-03-22 08:17:52 - INFO - Training model: bottom_left-original-top_right
2025-03-22 08:18:01 - INFO - Model bottom_left-original-top_right completed in 9.45 seconds.
2025-03-22 08:18:01 - INFO - >>> Model bottom_left-original-top_right trained. Accuracy: 0.8977 (9.45 sec.)
2025-03-22 08:18:01 - INFO - Training model: bottom_right-bottom_left-original
2025-03-22 08:18:11 - INFO - Model bottom_right-bottom_left-original completed in 9.69 seconds.
2025-03-22 08:18:11 - INFO - >>> Model bottom_right-bottom_left-original trained. Accuracy: 0.8880 (9.69 sec.)
2025-03-22 08:18:11 - INFO - Training model: bottom_left-tda-original
2025-03-22 08:18:27 - INFO - Model bottom_left-tda-original completed in 16.48 seconds.
2025-03-22 08:18:27 - INFO - >>> Model bottom_left-tda-original trained. Accuracy: 0.8776 (16.48 sec.)
2025-03-22 08:18:27 - INFO - Training model: top_left-original-top_right
2025-03-22 08:18:37 - INFO - Model top_left-original-top_right completed in 9.56 seconds.
2025-03-22 08:18:37 - INFO - >>> Model top_left-original-top_right trained. Accuracy: 0.8986 (9.56 sec.)
2025-03-22 08:18:37 - INFO - Training model: bottom_right-top_left-original
2025-03-22 08:18:46 - INFO - Model bottom_right-top_left-original completed in 9.42 seconds.
2025-03-22 08:18:46 - INFO - >>> Model bottom_right-top_left-original trained. Accuracy: 0.8940 (9.42 sec.)
2025-03-22 08:18:46 - INFO - Training model: top_left-tda-original
2025-03-22 08:19:03 - INFO - Model top_left-tda-original completed in 16.45 seconds.
2025-03-22 08:19:03 - INFO - >>> Model top_left-tda-original trained. Accuracy: 0.8816 (16.45 sec.)
2025-03-22 08:19:03 - INFO - Training model: bottom_right-original-top_right
2025-03-22 08:19:12 - INFO - Model bottom_right-original-top_right completed in 9.61 seconds.
2025-03-22 08:19:12 - INFO - >>> Model bottom_right-original-top_right trained. Accuracy: 0.8959 (9.61 sec.)
2025-03-22 08:19:12 - INFO - Training model: tda-original-top_right
2025-03-22 08:19:29 - INFO - Model tda-original-top_right completed in 16.67 seconds.
2025-03-22 08:19:29 - INFO - >>> Model tda-original-top_right trained. Accuracy: 0.8841 (16.67 sec.)
2025-03-22 08:19:29 - INFO - Training model: bottom_right-tda-original
2025-03-22 08:19:46 - INFO - Model bottom_right-tda-original completed in 16.69 seconds.
2025-03-22 08:19:46 - INFO - >>> Model bottom_right-tda-original trained. Accuracy: 0.8799 (16.69 sec.)
2025-03-22 08:19:46 - INFO - Training model: bottom_left-top_left-original-top_right
2025-03-22 08:19:58 - INFO - Model bottom_left-top_left-original-top_right completed in 12.09 seconds.
2025-03-22 08:19:58 - INFO - >>> Model bottom_left-top_left-original-top_right trained. Accuracy: 0.9074 (12.09 sec.)
2025-03-22 08:19:58 - INFO - Training model: bottom_right-bottom_left-top_left-original
2025-03-22 08:20:10 - INFO - Model bottom_right-bottom_left-top_left-original completed in 12.04 seconds.
2025-03-22 08:20:10 - INFO - >>> Model bottom_right-bottom_left-top_left-original trained. Accuracy: 0.9021 (12.04 sec.)
2025-03-22 08:20:10 - INFO - Training model: bottom_left-top_left-tda-original
2025-03-22 08:20:29 - INFO - Model bottom_left-top_left-tda-original completed in 19.01 seconds.
2025-03-22 08:20:29 - INFO - >>> Model bottom_left-top_left-tda-original trained. Accuracy: 0.8916 (19.01 sec.)
2025-03-22 08:20:29 - INFO - Training model: bottom_right-bottom_left-original-top_right
2025-03-22 08:20:41 - INFO - Model bottom_right-bottom_left-original-top_right completed in 12.23 seconds.
2025-03-22 08:20:41 - INFO - >>> Model bottom_right-bottom_left-original-top_right trained. Accuracy: 0.9029 (12.23 sec.)
2025-03-22 08:20:41 - INFO - Training model: bottom_left-tda-original-top_right
2025-03-22 08:21:00 - INFO - Model bottom_left-tda-original-top_right completed in 19.06 seconds.
2025-03-22 08:21:00 - INFO - >>> Model bottom_left-tda-original-top_right trained. Accuracy: 0.8913 (19.06 sec.)
2025-03-22 08:21:00 - INFO - Training model: bottom_right-bottom_left-tda-original
2025-03-22 08:21:19 - INFO - Model bottom_right-bottom_left-tda-original completed in 19.12 seconds.
2025-03-22 08:21:19 - INFO - >>> Model bottom_right-bottom_left-tda-original trained. Accuracy: 0.8861 (19.12 sec.)
2025-03-22 08:21:19 - INFO - Training model: bottom_right-top_left-original-top_right
2025-03-22 08:21:31 - INFO - Model bottom_right-top_left-original-top_right completed in 12.03 seconds.
2025-03-22 08:21:31 - INFO - >>> Model bottom_right-top_left-original-top_right trained. Accuracy: 0.9086 (12.03 sec.)
2025-03-22 08:21:31 - INFO - Training model: top_left-tda-original-top_right
2025-03-22 08:21:50 - INFO - Model top_left-tda-original-top_right completed in 19.18 seconds.
2025-03-22 08:21:50 - INFO - >>> Model top_left-tda-original-top_right trained. Accuracy: 0.8971 (19.18 sec.)
2025-03-22 08:21:50 - INFO - Training model: bottom_right-top_left-tda-original
2025-03-22 08:22:09 - INFO - Model bottom_right-top_left-tda-original completed in 18.97 seconds.
2025-03-22 08:22:09 - INFO - >>> Model bottom_right-top_left-tda-original trained. Accuracy: 0.8916 (18.97 sec.)
2025-03-22 08:22:09 - INFO - Training model: bottom_right-tda-original-top_right
2025-03-22 08:22:29 - INFO - Model bottom_right-tda-original-top_right completed in 19.14 seconds.
2025-03-22 08:22:29 - INFO - >>> Model bottom_right-tda-original-top_right trained. Accuracy: 0.8944 (19.14 sec.)
2025-03-22 08:22:29 - INFO - Training model: bottom_left-top_left-top_right-bottom_right-original
2025-03-22 08:22:43 - INFO - Model bottom_left-top_left-top_right-bottom_right-original completed in 14.63 seconds.
2025-03-22 08:22:43 - INFO - >>> Model bottom_left-top_left-top_right-bottom_right-original trained. Accuracy: 0.9169 (14.63 sec.)
2025-03-22 08:22:43 - INFO - Training model: bottom_left-top_left-top_right-tda-original
2025-03-22 08:23:05 - INFO - Model bottom_left-top_left-top_right-tda-original completed in 21.48 seconds.
2025-03-22 08:23:05 - INFO - >>> Model bottom_left-top_left-top_right-tda-original trained. Accuracy: 0.9071 (21.48 sec.)
2025-03-22 08:23:05 - INFO - Training model: bottom_left-top_left-bottom_right-tda-original
2025-03-22 08:23:26 - INFO - Model bottom_left-top_left-bottom_right-tda-original completed in 21.72 seconds.
2025-03-22 08:23:26 - INFO - >>> Model bottom_left-top_left-bottom_right-tda-original trained. Accuracy: 0.8998 (21.72 sec.)
2025-03-22 08:23:26 - INFO - Training model: bottom_left-top_right-bottom_right-tda-original
2025-03-22 08:23:48 - INFO - Model bottom_left-top_right-bottom_right-tda-original completed in 21.67 seconds.
2025-03-22 08:23:48 - INFO - >>> Model bottom_left-top_right-bottom_right-tda-original trained. Accuracy: 0.9013 (21.67 sec.)
2025-03-22 08:23:48 - INFO - Training model: top_left-top_right-bottom_right-tda-original
2025-03-22 08:24:10 - INFO - Model top_left-top_right-bottom_right-tda-original completed in 21.67 seconds.
2025-03-22 08:24:10 - INFO - >>> Model top_left-top_right-bottom_right-tda-original trained. Accuracy: 0.9066 (21.67 sec.)
2025-03-22 08:24:10 - INFO - Training model: bottom_left-top_left-top_right-bottom_right-tda-original
2025-03-22 08:24:34 - INFO - Model bottom_left-top_left-top_right-bottom_right-tda-original completed in 24.09 seconds.
2025-03-22 08:24:34 - INFO - >>> Model bottom_left-top_left-top_right-bottom_right-tda-original trained. Accuracy: 0.9144 (24.09 sec.)
2025-03-22 08:24:34 - INFO - All models trained successfully.
2025-03-22 08:24:34 - INFO - ========== [Model Training Completed] in 7.57 minutes ==========
2025-03-22 08:24:34 - INFO - ========== [Experiment Training Complete] ==========
2025-03-22 08:24:34 - INFO - Results saved to /home/jovyan/Workspace/workspace_mnist/results/exp_noise_icecream/experiment_trainsize_predictions_2025-03-22_08-24-34.json
2025-03-22 08:24:34 - INFO - Results successfully saved to /home/jovyan/Workspace/workspace_mnist/results/exp_noise_icecream/experiment_trainsize_predictions_2025-03-22_08-24-34.json
2025-03-22 08:24:34 - INFO - Garbage collection executed.
2025-03-22 08:24:34 - INFO - ========== [Experiment Completed] in 14.69 minutes ==========
