2025-04-06 16:20:07 - INFO - Logging initialized.
 Writing to /home/jovyan/Workspace/workspace_mnist/logs/exp_noise_icecream/experiment_logs_2025-04-06_16-20-07.log
2025-04-06 16:20:07 - INFO - ========== [Experiment Start] ==========
2025-04-06 16:20:07 - INFO - Views combinations succesfully generated.
2025-04-06 16:20:07 - INFO - Topological Data Analysis pipeline generated.
2025-04-06 16:20:07 - INFO - Generating folder to save results.
2025-04-06 16:20:07 - INFO - Reading dataset in chunks from mnist_784.csv (chunk size: 70000)
2025-04-06 16:20:08 - INFO - Starting multiview data preparation for a chunk of size (70000, 784)...
2025-04-06 16:20:08 - INFO - Running using 22 jobs.
2025-04-06 16:20:08 - INFO - Contaminating dataset with circles using 2.
2025-04-06 16:20:08 - INFO - Splitting data: 17.8% train / 20.0% test (random_state=402417678)
2025-04-06 16:20:08 - INFO - Data split complete. Train size: (9955, 784), Test size: (14000, 784)
2025-04-06 16:20:08 - INFO - Reshaping train and test data into square images...
2025-04-06 16:20:08 - INFO - Reshaping complete. Train images: (9955, 28, 28), Test images: (14000, 28, 28)
2025-04-06 16:20:08 - INFO - Splitting images into quadrant views...
2025-04-06 16:20:08 - INFO - Quadrant view splitting complete. Train views: 4, Test views: 4
2025-04-06 16:20:08 - INFO - >> Starting TDA pipeline transformation on train data...
2025-04-06 16:21:36 - INFO - >> TDA transformation for train data completed (1.47 minutes).
2025-04-06 16:21:36 - INFO - >> Applying TDA pipeline transformation on test data...
2025-04-06 16:23:42 - INFO - >> TDA transformation for test data completed (2.10 minutes).
2025-04-06 16:23:42 - INFO - ========== [Model Training Start] ==========
2025-04-06 16:23:42 - INFO - Training model: original
2025-04-06 16:23:43 - INFO - Model original completed in 0.29 seconds.
2025-04-06 16:23:43 - INFO - >>> Model original trained. Accuracy: 0.9486 (0.29 sec.)
2025-04-06 16:23:43 - INFO - Training model: original-bottom_left
2025-04-06 16:23:47 - INFO - Model original-bottom_left completed in 4.09 seconds.
2025-04-06 16:23:47 - INFO - >>> Model original-bottom_left trained. Accuracy: 0.9508 (4.09 sec.)
2025-04-06 16:23:47 - INFO - Training model: original-tda
2025-04-06 16:23:50 - INFO - Model original-tda completed in 3.58 seconds.
2025-04-06 16:23:50 - INFO - >>> Model original-tda trained. Accuracy: 0.9731 (3.58 sec.)
2025-04-06 16:23:50 - INFO - Training model: original-bottom_right
2025-04-06 16:23:54 - INFO - Model original-bottom_right completed in 3.82 seconds.
2025-04-06 16:23:54 - INFO - >>> Model original-bottom_right trained. Accuracy: 0.9525 (3.82 sec.)
2025-04-06 16:23:54 - INFO - Training model: top_right-original
2025-04-06 16:23:58 - INFO - Model top_right-original completed in 3.69 seconds.
2025-04-06 16:23:58 - INFO - >>> Model top_right-original trained. Accuracy: 0.9529 (3.69 sec.)
2025-04-06 16:23:58 - INFO - Training model: original-top_left
2025-04-06 16:24:02 - INFO - Model original-top_left completed in 3.84 seconds.
2025-04-06 16:24:02 - INFO - >>> Model original-top_left trained. Accuracy: 0.9521 (3.84 sec.)
2025-04-06 16:24:02 - INFO - Training model: original-tda-bottom_left
2025-04-06 16:24:07 - INFO - Model original-tda-bottom_left completed in 5.62 seconds.
2025-04-06 16:24:07 - INFO - >>> Model original-tda-bottom_left trained. Accuracy: 0.9710 (5.62 sec.)
2025-04-06 16:24:07 - INFO - Training model: original-bottom_left-bottom_right
2025-04-06 16:24:13 - INFO - Model original-bottom_left-bottom_right completed in 6.17 seconds.
2025-04-06 16:24:13 - INFO - >>> Model original-bottom_left-bottom_right trained. Accuracy: 0.9542 (6.17 sec.)
2025-04-06 16:24:13 - INFO - Training model: top_right-original-bottom_left
2025-04-06 16:24:19 - INFO - Model top_right-original-bottom_left completed in 5.66 seconds.
2025-04-06 16:24:19 - INFO - >>> Model top_right-original-bottom_left trained. Accuracy: 0.9545 (5.66 sec.)
2025-04-06 16:24:19 - INFO - Training model: original-top_left-bottom_left
2025-04-06 16:24:25 - INFO - Model original-top_left-bottom_left completed in 5.68 seconds.
2025-04-06 16:24:25 - INFO - >>> Model original-top_left-bottom_left trained. Accuracy: 0.9549 (5.68 sec.)
2025-04-06 16:24:25 - INFO - Training model: original-tda-bottom_right
2025-04-06 16:24:31 - INFO - Model original-tda-bottom_right completed in 5.70 seconds.
2025-04-06 16:24:31 - INFO - >>> Model original-tda-bottom_right trained. Accuracy: 0.9729 (5.70 sec.)
2025-04-06 16:24:31 - INFO - Training model: top_right-original-tda
2025-04-06 16:24:36 - INFO - Model top_right-original-tda completed in 5.41 seconds.
2025-04-06 16:24:36 - INFO - >>> Model top_right-original-tda trained. Accuracy: 0.9722 (5.41 sec.)
2025-04-06 16:24:36 - INFO - Training model: original-tda-top_left
2025-04-06 16:24:42 - INFO - Model original-tda-top_left completed in 5.90 seconds.
2025-04-06 16:24:42 - INFO - >>> Model original-tda-top_left trained. Accuracy: 0.9719 (5.90 sec.)
2025-04-06 16:24:42 - INFO - Training model: top_right-original-bottom_right
2025-04-06 16:24:48 - INFO - Model top_right-original-bottom_right completed in 5.92 seconds.
2025-04-06 16:24:48 - INFO - >>> Model top_right-original-bottom_right trained. Accuracy: 0.9541 (5.92 sec.)
2025-04-06 16:24:48 - INFO - Training model: original-top_left-bottom_right
2025-04-06 16:24:54 - INFO - Model original-top_left-bottom_right completed in 6.01 seconds.
2025-04-06 16:24:54 - INFO - >>> Model original-top_left-bottom_right trained. Accuracy: 0.9547 (6.01 sec.)
2025-04-06 16:24:54 - INFO - Training model: top_right-original-top_left
2025-04-06 16:25:00 - INFO - Model top_right-original-top_left completed in 5.76 seconds.
2025-04-06 16:25:00 - INFO - >>> Model top_right-original-top_left trained. Accuracy: 0.9554 (5.76 sec.)
2025-04-06 16:25:00 - INFO - Training model: original-tda-bottom_left-bottom_right
2025-04-06 16:25:07 - INFO - Model original-tda-bottom_left-bottom_right completed in 7.26 seconds.
2025-04-06 16:25:07 - INFO - >>> Model original-tda-bottom_left-bottom_right trained. Accuracy: 0.9737 (7.26 sec.)
2025-04-06 16:25:07 - INFO - Training model: top_right-original-tda-bottom_left
2025-04-06 16:25:15 - INFO - Model top_right-original-tda-bottom_left completed in 7.72 seconds.
2025-04-06 16:25:15 - INFO - >>> Model top_right-original-tda-bottom_left trained. Accuracy: 0.9734 (7.72 sec.)
2025-04-06 16:25:15 - INFO - Training model: original-tda-top_left-bottom_left
2025-04-06 16:25:23 - INFO - Model original-tda-top_left-bottom_left completed in 7.96 seconds.
2025-04-06 16:25:23 - INFO - >>> Model original-tda-top_left-bottom_left trained. Accuracy: 0.9708 (7.96 sec.)
2025-04-06 16:25:23 - INFO - Training model: top_right-original-bottom_left-bottom_right
2025-04-06 16:25:30 - INFO - Model top_right-original-bottom_left-bottom_right completed in 7.78 seconds.
2025-04-06 16:25:30 - INFO - >>> Model top_right-original-bottom_left-bottom_right trained. Accuracy: 0.9586 (7.78 sec.)
2025-04-06 16:25:30 - INFO - Training model: original-top_left-bottom_left-bottom_right
2025-04-06 16:25:38 - INFO - Model original-top_left-bottom_left-bottom_right completed in 7.80 seconds.
2025-04-06 16:25:38 - INFO - >>> Model original-top_left-bottom_left-bottom_right trained. Accuracy: 0.9579 (7.80 sec.)
2025-04-06 16:25:38 - INFO - Training model: top_right-original-top_left-bottom_left
2025-04-06 16:25:46 - INFO - Model top_right-original-top_left-bottom_left completed in 7.77 seconds.
2025-04-06 16:25:46 - INFO - >>> Model top_right-original-top_left-bottom_left trained. Accuracy: 0.9580 (7.77 sec.)
2025-04-06 16:25:46 - INFO - Training model: top_right-original-tda-bottom_right
2025-04-06 16:25:53 - INFO - Model top_right-original-tda-bottom_right completed in 7.48 seconds.
2025-04-06 16:25:53 - INFO - >>> Model top_right-original-tda-bottom_right trained. Accuracy: 0.9743 (7.48 sec.)
2025-04-06 16:25:53 - INFO - Training model: original-tda-top_left-bottom_right
2025-04-06 16:26:01 - INFO - Model original-tda-top_left-bottom_right completed in 7.45 seconds.
2025-04-06 16:26:01 - INFO - >>> Model original-tda-top_left-bottom_right trained. Accuracy: 0.9736 (7.45 sec.)
2025-04-06 16:26:01 - INFO - Training model: top_right-original-tda-top_left
2025-04-06 16:26:08 - INFO - Model top_right-original-tda-top_left completed in 7.18 seconds.
2025-04-06 16:26:08 - INFO - >>> Model top_right-original-tda-top_left trained. Accuracy: 0.9731 (7.18 sec.)
2025-04-06 16:26:08 - INFO - Training model: top_right-original-top_left-bottom_right
2025-04-06 16:26:16 - INFO - Model top_right-original-top_left-bottom_right completed in 8.11 seconds.
2025-04-06 16:26:16 - INFO - >>> Model top_right-original-top_left-bottom_right trained. Accuracy: 0.9581 (8.11 sec.)
2025-04-06 16:26:16 - INFO - Training model: bottom_left-tda-bottom_right-top_right-original
2025-04-06 16:26:25 - INFO - Model bottom_left-tda-bottom_right-top_right-original completed in 9.13 seconds.
2025-04-06 16:26:25 - INFO - >>> Model bottom_left-tda-bottom_right-top_right-original trained. Accuracy: 0.9746 (9.13 sec.)
2025-04-06 16:26:25 - INFO - Training model: bottom_left-tda-bottom_right-top_left-original
2025-04-06 16:26:35 - INFO - Model bottom_left-tda-bottom_right-top_left-original completed in 9.64 seconds.
2025-04-06 16:26:35 - INFO - >>> Model bottom_left-tda-bottom_right-top_left-original trained. Accuracy: 0.9742 (9.64 sec.)
2025-04-06 16:26:35 - INFO - Training model: bottom_left-tda-top_right-top_left-original
2025-04-06 16:26:45 - INFO - Model bottom_left-tda-top_right-top_left-original completed in 9.78 seconds.
2025-04-06 16:26:45 - INFO - >>> Model bottom_left-tda-top_right-top_left-original trained. Accuracy: 0.9741 (9.78 sec.)
2025-04-06 16:26:45 - INFO - Training model: bottom_left-bottom_right-top_right-top_left-original
2025-04-06 16:26:54 - INFO - Model bottom_left-bottom_right-top_right-top_left-original completed in 9.72 seconds.
2025-04-06 16:26:54 - INFO - >>> Model bottom_left-bottom_right-top_right-top_left-original trained. Accuracy: 0.9611 (9.72 sec.)
2025-04-06 16:26:54 - INFO - Training model: tda-bottom_right-top_right-top_left-original
2025-04-06 16:27:04 - INFO - Model tda-bottom_right-top_right-top_left-original completed in 9.61 seconds.
2025-04-06 16:27:04 - INFO - >>> Model tda-bottom_right-top_right-top_left-original trained. Accuracy: 0.9754 (9.61 sec.)
2025-04-06 16:27:04 - INFO - Training model: bottom_left-tda-bottom_right-top_right-top_left-original
2025-04-06 16:27:15 - INFO - Model bottom_left-tda-bottom_right-top_right-top_left-original completed in 11.28 seconds.
2025-04-06 16:27:15 - INFO - >>> Model bottom_left-tda-bottom_right-top_right-top_left-original trained. Accuracy: 0.9760 (11.28 sec.)
2025-04-06 16:27:15 - INFO - All models trained successfully.
2025-04-06 16:27:15 - INFO - ========== [Model Training Completed] in 3.55 minutes ==========
2025-04-06 16:27:15 - INFO - ========== [Experiment Training Complete] ==========
2025-04-06 16:27:15 - INFO - Results saved to /home/jovyan/Workspace/workspace_mnist/results/exp_noise_icecream/experiment_trainsize_predictions_2025-04-06_16-27-15.json
2025-04-06 16:27:15 - INFO - Results successfully saved to /home/jovyan/Workspace/workspace_mnist/results/exp_noise_icecream/experiment_trainsize_predictions_2025-04-06_16-27-15.json
2025-04-06 16:27:15 - INFO - Garbage collection executed.
2025-04-06 16:27:15 - INFO - ========== [Experiment Completed] in 7.14 minutes ==========
