2025-04-06 16:43:59 - INFO - Logging initialized.
 Writing to /home/jovyan/Workspace/workspace_mnist/logs/exp_noise_icecream/experiment_logs_2025-04-06_16-43-59.log
2025-04-06 16:43:59 - INFO - ========== [Experiment Start] ==========
2025-04-06 16:43:59 - INFO - Views combinations succesfully generated.
2025-04-06 16:43:59 - INFO - Topological Data Analysis pipeline generated.
2025-04-06 16:43:59 - INFO - Generating folder to save results.
2025-04-06 16:43:59 - INFO - Reading dataset in chunks from mnist_784.csv (chunk size: 70000)
2025-04-06 16:44:00 - INFO - Starting multiview data preparation for a chunk of size (70000, 784)...
2025-04-06 16:44:00 - INFO - Running using 22 jobs.
2025-04-06 16:44:00 - INFO - Contaminating dataset with circles using 2.
2025-04-06 16:44:00 - INFO - Splitting data: 41.1% train / 20.0% test (random_state=402417678)
2025-04-06 16:44:00 - INFO - Data split complete. Train size: (23022, 784), Test size: (14000, 784)
2025-04-06 16:44:00 - INFO - Reshaping train and test data into square images...
2025-04-06 16:44:00 - INFO - Reshaping complete. Train images: (23022, 28, 28), Test images: (14000, 28, 28)
2025-04-06 16:44:00 - INFO - Splitting images into quadrant views...
2025-04-06 16:44:00 - INFO - Quadrant view splitting complete. Train views: 4, Test views: 4
2025-04-06 16:44:00 - INFO - >> Starting TDA pipeline transformation on train data...
2025-04-06 16:47:16 - INFO - >> TDA transformation for train data completed (3.27 minutes).
2025-04-06 16:47:16 - INFO - >> Applying TDA pipeline transformation on test data...
2025-04-06 16:49:18 - INFO - >> TDA transformation for test data completed (2.03 minutes).
2025-04-06 16:49:18 - INFO - ========== [Model Training Start] ==========
2025-04-06 16:49:18 - INFO - Training model: original
2025-04-06 16:49:19 - INFO - Model original completed in 0.53 seconds.
2025-04-06 16:49:19 - INFO - >>> Model original trained. Accuracy: 0.9589 (0.53 sec.)
2025-04-06 16:49:19 - INFO - Training model: original-bottom_left
2025-04-06 16:49:23 - INFO - Model original-bottom_left completed in 4.87 seconds.
2025-04-06 16:49:23 - INFO - >>> Model original-bottom_left trained. Accuracy: 0.9620 (4.87 sec.)
2025-04-06 16:49:23 - INFO - Training model: original-tda
2025-04-06 16:49:29 - INFO - Model original-tda completed in 5.76 seconds.
2025-04-06 16:49:29 - INFO - >>> Model original-tda trained. Accuracy: 0.9788 (5.76 sec.)
2025-04-06 16:49:29 - INFO - Training model: original-bottom_right
2025-04-06 16:49:35 - INFO - Model original-bottom_right completed in 5.26 seconds.
2025-04-06 16:49:35 - INFO - >>> Model original-bottom_right trained. Accuracy: 0.9624 (5.26 sec.)
2025-04-06 16:49:35 - INFO - Training model: top_right-original
2025-04-06 16:49:40 - INFO - Model top_right-original completed in 5.10 seconds.
2025-04-06 16:49:40 - INFO - >>> Model top_right-original trained. Accuracy: 0.9623 (5.10 sec.)
2025-04-06 16:49:40 - INFO - Training model: original-top_left
2025-04-06 16:49:45 - INFO - Model original-top_left completed in 4.98 seconds.
2025-04-06 16:49:45 - INFO - >>> Model original-top_left trained. Accuracy: 0.9630 (4.98 sec.)
2025-04-06 16:49:45 - INFO - Training model: original-tda-bottom_left
2025-04-06 16:49:53 - INFO - Model original-tda-bottom_left completed in 8.07 seconds.
2025-04-06 16:49:53 - INFO - >>> Model original-tda-bottom_left trained. Accuracy: 0.9779 (8.07 sec.)
2025-04-06 16:49:53 - INFO - Training model: original-bottom_left-bottom_right
2025-04-06 16:50:00 - INFO - Model original-bottom_left-bottom_right completed in 7.06 seconds.
2025-04-06 16:50:00 - INFO - >>> Model original-bottom_left-bottom_right trained. Accuracy: 0.9641 (7.06 sec.)
2025-04-06 16:50:00 - INFO - Training model: top_right-original-bottom_left
2025-04-06 16:50:07 - INFO - Model top_right-original-bottom_left completed in 7.23 seconds.
2025-04-06 16:50:07 - INFO - >>> Model top_right-original-bottom_left trained. Accuracy: 0.9645 (7.23 sec.)
2025-04-06 16:50:07 - INFO - Training model: original-top_left-bottom_left
2025-04-06 16:50:14 - INFO - Model original-top_left-bottom_left completed in 6.87 seconds.
2025-04-06 16:50:14 - INFO - >>> Model original-top_left-bottom_left trained. Accuracy: 0.9640 (6.87 sec.)
2025-04-06 16:50:14 - INFO - Training model: original-tda-bottom_right
2025-04-06 16:50:22 - INFO - Model original-tda-bottom_right completed in 8.07 seconds.
2025-04-06 16:50:22 - INFO - >>> Model original-tda-bottom_right trained. Accuracy: 0.9795 (8.07 sec.)
2025-04-06 16:50:22 - INFO - Training model: top_right-original-tda
2025-04-06 16:50:30 - INFO - Model top_right-original-tda completed in 8.07 seconds.
2025-04-06 16:50:30 - INFO - >>> Model top_right-original-tda trained. Accuracy: 0.9788 (8.07 sec.)
2025-04-06 16:50:30 - INFO - Training model: original-tda-top_left
2025-04-06 16:50:38 - INFO - Model original-tda-top_left completed in 7.90 seconds.
2025-04-06 16:50:38 - INFO - >>> Model original-tda-top_left trained. Accuracy: 0.9776 (7.90 sec.)
2025-04-06 16:50:38 - INFO - Training model: top_right-original-bottom_right
2025-04-06 16:50:45 - INFO - Model top_right-original-bottom_right completed in 7.11 seconds.
2025-04-06 16:50:45 - INFO - >>> Model top_right-original-bottom_right trained. Accuracy: 0.9641 (7.11 sec.)
2025-04-06 16:50:45 - INFO - Training model: original-top_left-bottom_right
2025-04-06 16:50:52 - INFO - Model original-top_left-bottom_right completed in 6.85 seconds.
2025-04-06 16:50:52 - INFO - >>> Model original-top_left-bottom_right trained. Accuracy: 0.9646 (6.85 sec.)
2025-04-06 16:50:52 - INFO - Training model: top_right-original-top_left
2025-04-06 16:50:59 - INFO - Model top_right-original-top_left completed in 6.88 seconds.
2025-04-06 16:50:59 - INFO - >>> Model top_right-original-top_left trained. Accuracy: 0.9651 (6.88 sec.)
2025-04-06 16:50:59 - INFO - Training model: original-tda-bottom_left-bottom_right
2025-04-06 16:51:09 - INFO - Model original-tda-bottom_left-bottom_right completed in 9.92 seconds.
2025-04-06 16:51:09 - INFO - >>> Model original-tda-bottom_left-bottom_right trained. Accuracy: 0.9799 (9.92 sec.)
2025-04-06 16:51:09 - INFO - Training model: top_right-original-tda-bottom_left
2025-04-06 16:51:19 - INFO - Model top_right-original-tda-bottom_left completed in 10.03 seconds.
2025-04-06 16:51:19 - INFO - >>> Model top_right-original-tda-bottom_left trained. Accuracy: 0.9796 (10.03 sec.)
2025-04-06 16:51:19 - INFO - Training model: original-tda-top_left-bottom_left
2025-04-06 16:51:29 - INFO - Model original-tda-top_left-bottom_left completed in 9.85 seconds.
2025-04-06 16:51:29 - INFO - >>> Model original-tda-top_left-bottom_left trained. Accuracy: 0.9774 (9.85 sec.)
2025-04-06 16:51:29 - INFO - Training model: top_right-original-bottom_left-bottom_right
2025-04-06 16:51:38 - INFO - Model top_right-original-bottom_left-bottom_right completed in 9.03 seconds.
2025-04-06 16:51:38 - INFO - >>> Model top_right-original-bottom_left-bottom_right trained. Accuracy: 0.9677 (9.03 sec.)
2025-04-06 16:51:38 - INFO - Training model: original-top_left-bottom_left-bottom_right
2025-04-06 16:51:47 - INFO - Model original-top_left-bottom_left-bottom_right completed in 9.17 seconds.
2025-04-06 16:51:47 - INFO - >>> Model original-top_left-bottom_left-bottom_right trained. Accuracy: 0.9671 (9.17 sec.)
2025-04-06 16:51:47 - INFO - Training model: top_right-original-top_left-bottom_left
2025-04-06 16:51:56 - INFO - Model top_right-original-top_left-bottom_left completed in 9.21 seconds.
2025-04-06 16:51:56 - INFO - >>> Model top_right-original-top_left-bottom_left trained. Accuracy: 0.9668 (9.21 sec.)
2025-04-06 16:51:56 - INFO - Training model: top_right-original-tda-bottom_right
2025-04-06 16:52:06 - INFO - Model top_right-original-tda-bottom_right completed in 9.91 seconds.
2025-04-06 16:52:06 - INFO - >>> Model top_right-original-tda-bottom_right trained. Accuracy: 0.9796 (9.91 sec.)
2025-04-06 16:52:06 - INFO - Training model: original-tda-top_left-bottom_right
2025-04-06 16:52:16 - INFO - Model original-tda-top_left-bottom_right completed in 9.89 seconds.
2025-04-06 16:52:16 - INFO - >>> Model original-tda-top_left-bottom_right trained. Accuracy: 0.9794 (9.89 sec.)
2025-04-06 16:52:16 - INFO - Training model: top_right-original-tda-top_left
2025-04-06 16:52:26 - INFO - Model top_right-original-tda-top_left completed in 10.00 seconds.
2025-04-06 16:52:26 - INFO - >>> Model top_right-original-tda-top_left trained. Accuracy: 0.9779 (10.00 sec.)
2025-04-06 16:52:26 - INFO - Training model: top_right-original-top_left-bottom_right
2025-04-06 16:52:35 - INFO - Model top_right-original-top_left-bottom_right completed in 9.03 seconds.
2025-04-06 16:52:35 - INFO - >>> Model top_right-original-top_left-bottom_right trained. Accuracy: 0.9668 (9.03 sec.)
2025-04-06 16:52:35 - INFO - Training model: bottom_left-tda-bottom_right-top_right-original
2025-04-06 16:52:47 - INFO - Model bottom_left-tda-bottom_right-top_right-original completed in 12.03 seconds.
2025-04-06 16:52:47 - INFO - >>> Model bottom_left-tda-bottom_right-top_right-original trained. Accuracy: 0.9806 (12.03 sec.)
2025-04-06 16:52:47 - INFO - Training model: bottom_left-tda-bottom_right-top_left-original
2025-04-06 16:52:59 - INFO - Model bottom_left-tda-bottom_right-top_left-original completed in 12.10 seconds.
2025-04-06 16:52:59 - INFO - >>> Model bottom_left-tda-bottom_right-top_left-original trained. Accuracy: 0.9795 (12.10 sec.)
2025-04-06 16:52:59 - INFO - Training model: bottom_left-tda-top_right-top_left-original
2025-04-06 16:53:11 - INFO - Model bottom_left-tda-top_right-top_left-original completed in 11.88 seconds.
2025-04-06 16:53:11 - INFO - >>> Model bottom_left-tda-top_right-top_left-original trained. Accuracy: 0.9788 (11.88 sec.)
2025-04-06 16:53:11 - INFO - Training model: bottom_left-bottom_right-top_right-top_left-original
2025-04-06 16:53:22 - INFO - Model bottom_left-bottom_right-top_right-top_left-original completed in 11.13 seconds.
2025-04-06 16:53:22 - INFO - >>> Model bottom_left-bottom_right-top_right-top_left-original trained. Accuracy: 0.9695 (11.13 sec.)
2025-04-06 16:53:22 - INFO - Training model: tda-bottom_right-top_right-top_left-original
2025-04-06 16:53:34 - INFO - Model tda-bottom_right-top_right-top_left-original completed in 11.99 seconds.
2025-04-06 16:53:34 - INFO - >>> Model tda-bottom_right-top_right-top_left-original trained. Accuracy: 0.9801 (11.99 sec.)
2025-04-06 16:53:34 - INFO - Training model: bottom_left-tda-bottom_right-top_right-top_left-original
2025-04-06 16:53:48 - INFO - Model bottom_left-tda-bottom_right-top_right-top_left-original completed in 14.01 seconds.
2025-04-06 16:53:48 - INFO - >>> Model bottom_left-tda-bottom_right-top_right-top_left-original trained. Accuracy: 0.9804 (14.01 sec.)
2025-04-06 16:53:48 - INFO - All models trained successfully.
2025-04-06 16:53:48 - INFO - ========== [Model Training Completed] in 4.50 minutes ==========
2025-04-06 16:53:48 - INFO - ========== [Experiment Training Complete] ==========
2025-04-06 16:53:48 - INFO - Results saved to /home/jovyan/Workspace/workspace_mnist/results/exp_noise_icecream/experiment_trainsize_predictions_2025-04-06_16-53-48.json
2025-04-06 16:53:48 - INFO - Results successfully saved to /home/jovyan/Workspace/workspace_mnist/results/exp_noise_icecream/experiment_trainsize_predictions_2025-04-06_16-53-48.json
2025-04-06 16:53:48 - INFO - Garbage collection executed.
2025-04-06 16:53:48 - INFO - ========== [Experiment Completed] in 9.82 minutes ==========
