2025-04-06 21:53:40 - INFO - Logging initialized.
 Writing to /home/jovyan/Workspace/workspace_mnist/logs/exp_noise_icecream/experiment_logs_2025-04-06_21-53-40.log
2025-04-06 21:53:40 - INFO - ========== [Experiment Start] ==========
2025-04-06 21:53:40 - INFO - Views combinations succesfully generated.
2025-04-06 21:53:40 - INFO - Topological Data Analysis pipeline generated.
2025-04-06 21:53:40 - INFO - Generating folder to save results.
2025-04-06 21:53:40 - INFO - Reading dataset in chunks from mnist_784.csv (chunk size: 70000)
2025-04-06 21:53:41 - INFO - Starting multiview data preparation for a chunk of size (70000, 784)...
2025-04-06 21:53:41 - INFO - Running using 22 jobs.
2025-04-06 21:53:41 - INFO - Contaminating dataset with circles using 2.
2025-04-06 21:53:41 - INFO - Splitting data: 25.6% train / 20.0% test (random_state=362334714)
2025-04-06 21:53:41 - INFO - Data split complete. Train size: (14311, 784), Test size: (14000, 784)
2025-04-06 21:53:41 - INFO - Reshaping train and test data into square images...
2025-04-06 21:53:41 - INFO - Reshaping complete. Train images: (14311, 28, 28), Test images: (14000, 28, 28)
2025-04-06 21:53:41 - INFO - Splitting images into quadrant views...
2025-04-06 21:53:41 - INFO - Quadrant view splitting complete. Train views: 4, Test views: 4
2025-04-06 21:53:41 - INFO - >> Starting TDA pipeline transformation on train data...
2025-04-06 21:55:47 - INFO - >> TDA transformation for train data completed (2.09 minutes).
2025-04-06 21:55:47 - INFO - >> Applying TDA pipeline transformation on test data...
2025-04-06 21:57:51 - INFO - >> TDA transformation for test data completed (2.07 minutes).
2025-04-06 21:57:51 - INFO - ========== [Model Training Start] ==========
2025-04-06 21:57:51 - INFO - Training model: original
2025-04-06 21:57:51 - INFO - Model original completed in 0.38 seconds.
2025-04-06 21:57:51 - INFO - >>> Model original trained. Accuracy: 0.9568 (0.38 sec.)
2025-04-06 21:57:51 - INFO - Training model: original-bottom_left
2025-04-06 21:57:55 - INFO - Model original-bottom_left completed in 3.99 seconds.
2025-04-06 21:57:55 - INFO - >>> Model original-bottom_left trained. Accuracy: 0.9600 (3.99 sec.)
2025-04-06 21:57:55 - INFO - Training model: original-tda
2025-04-06 21:58:00 - INFO - Model original-tda completed in 4.43 seconds.
2025-04-06 21:58:00 - INFO - >>> Model original-tda trained. Accuracy: 0.9781 (4.43 sec.)
2025-04-06 21:58:00 - INFO - Training model: original-bottom_right
2025-04-06 21:58:04 - INFO - Model original-bottom_right completed in 3.99 seconds.
2025-04-06 21:58:04 - INFO - >>> Model original-bottom_right trained. Accuracy: 0.9591 (3.99 sec.)
2025-04-06 21:58:04 - INFO - Training model: top_right-original
2025-04-06 21:58:08 - INFO - Model top_right-original completed in 3.97 seconds.
2025-04-06 21:58:08 - INFO - >>> Model top_right-original trained. Accuracy: 0.9589 (3.97 sec.)
2025-04-06 21:58:08 - INFO - Training model: original-top_left
2025-04-06 21:58:12 - INFO - Model original-top_left completed in 4.19 seconds.
2025-04-06 21:58:12 - INFO - >>> Model original-top_left trained. Accuracy: 0.9614 (4.19 sec.)
2025-04-06 21:58:12 - INFO - Training model: original-tda-bottom_left
2025-04-06 21:58:18 - INFO - Model original-tda-bottom_left completed in 6.14 seconds.
2025-04-06 21:58:18 - INFO - >>> Model original-tda-bottom_left trained. Accuracy: 0.9761 (6.14 sec.)
2025-04-06 21:58:18 - INFO - Training model: original-bottom_left-bottom_right
2025-04-06 21:58:24 - INFO - Model original-bottom_left-bottom_right completed in 5.84 seconds.
2025-04-06 21:58:24 - INFO - >>> Model original-bottom_left-bottom_right trained. Accuracy: 0.9616 (5.84 sec.)
2025-04-06 21:58:24 - INFO - Training model: top_right-original-bottom_left
2025-04-06 21:58:30 - INFO - Model top_right-original-bottom_left completed in 5.79 seconds.
2025-04-06 21:58:30 - INFO - >>> Model top_right-original-bottom_left trained. Accuracy: 0.9611 (5.79 sec.)
2025-04-06 21:58:30 - INFO - Training model: original-top_left-bottom_left
2025-04-06 21:58:36 - INFO - Model original-top_left-bottom_left completed in 6.14 seconds.
2025-04-06 21:58:36 - INFO - >>> Model original-top_left-bottom_left trained. Accuracy: 0.9631 (6.14 sec.)
2025-04-06 21:58:36 - INFO - Training model: original-tda-bottom_right
2025-04-06 21:58:42 - INFO - Model original-tda-bottom_right completed in 6.13 seconds.
2025-04-06 21:58:42 - INFO - >>> Model original-tda-bottom_right trained. Accuracy: 0.9783 (6.13 sec.)
2025-04-06 21:58:42 - INFO - Training model: top_right-original-tda
2025-04-06 21:58:48 - INFO - Model top_right-original-tda completed in 6.20 seconds.
2025-04-06 21:58:48 - INFO - >>> Model top_right-original-tda trained. Accuracy: 0.9793 (6.20 sec.)
2025-04-06 21:58:48 - INFO - Training model: original-tda-top_left
2025-04-06 21:58:54 - INFO - Model original-tda-top_left completed in 6.25 seconds.
2025-04-06 21:58:54 - INFO - >>> Model original-tda-top_left trained. Accuracy: 0.9773 (6.25 sec.)
2025-04-06 21:58:54 - INFO - Training model: top_right-original-bottom_right
2025-04-06 21:59:00 - INFO - Model top_right-original-bottom_right completed in 6.08 seconds.
2025-04-06 21:59:00 - INFO - >>> Model top_right-original-bottom_right trained. Accuracy: 0.9601 (6.08 sec.)
2025-04-06 21:59:00 - INFO - Training model: original-top_left-bottom_right
2025-04-06 21:59:07 - INFO - Model original-top_left-bottom_right completed in 6.09 seconds.
2025-04-06 21:59:07 - INFO - >>> Model original-top_left-bottom_right trained. Accuracy: 0.9631 (6.09 sec.)
2025-04-06 21:59:07 - INFO - Training model: top_right-original-top_left
2025-04-06 21:59:13 - INFO - Model top_right-original-top_left completed in 6.19 seconds.
2025-04-06 21:59:13 - INFO - >>> Model top_right-original-top_left trained. Accuracy: 0.9641 (6.19 sec.)
2025-04-06 21:59:13 - INFO - Training model: original-tda-bottom_left-bottom_right
2025-04-06 21:59:20 - INFO - Model original-tda-bottom_left-bottom_right completed in 7.74 seconds.
2025-04-06 21:59:20 - INFO - >>> Model original-tda-bottom_left-bottom_right trained. Accuracy: 0.9765 (7.74 sec.)
2025-04-06 21:59:20 - INFO - Training model: top_right-original-tda-bottom_left
2025-04-06 21:59:28 - INFO - Model top_right-original-tda-bottom_left completed in 7.93 seconds.
2025-04-06 21:59:28 - INFO - >>> Model top_right-original-tda-bottom_left trained. Accuracy: 0.9788 (7.93 sec.)
2025-04-06 21:59:28 - INFO - Training model: original-tda-top_left-bottom_left
2025-04-06 21:59:36 - INFO - Model original-tda-top_left-bottom_left completed in 8.03 seconds.
2025-04-06 21:59:36 - INFO - >>> Model original-tda-top_left-bottom_left trained. Accuracy: 0.9783 (8.03 sec.)
2025-04-06 21:59:36 - INFO - Training model: top_right-original-bottom_left-bottom_right
2025-04-06 21:59:44 - INFO - Model top_right-original-bottom_left-bottom_right completed in 7.67 seconds.
2025-04-06 21:59:44 - INFO - >>> Model top_right-original-bottom_left-bottom_right trained. Accuracy: 0.9628 (7.67 sec.)
2025-04-06 21:59:44 - INFO - Training model: original-top_left-bottom_left-bottom_right
2025-04-06 21:59:52 - INFO - Model original-top_left-bottom_left-bottom_right completed in 7.73 seconds.
2025-04-06 21:59:52 - INFO - >>> Model original-top_left-bottom_left-bottom_right trained. Accuracy: 0.9651 (7.73 sec.)
2025-04-06 21:59:52 - INFO - Training model: top_right-original-top_left-bottom_left
2025-04-06 21:59:59 - INFO - Model top_right-original-top_left-bottom_left completed in 7.45 seconds.
2025-04-06 21:59:59 - INFO - >>> Model top_right-original-top_left-bottom_left trained. Accuracy: 0.9645 (7.45 sec.)
2025-04-06 21:59:59 - INFO - Training model: top_right-original-tda-bottom_right
2025-04-06 22:00:06 - INFO - Model top_right-original-tda-bottom_right completed in 6.60 seconds.
2025-04-06 22:00:06 - INFO - >>> Model top_right-original-tda-bottom_right trained. Accuracy: 0.9798 (6.60 sec.)
2025-04-06 22:00:06 - INFO - Training model: original-tda-top_left-bottom_right
2025-04-06 22:00:14 - INFO - Model original-tda-top_left-bottom_right completed in 7.87 seconds.
2025-04-06 22:00:14 - INFO - >>> Model original-tda-top_left-bottom_right trained. Accuracy: 0.9799 (7.87 sec.)
2025-04-06 22:00:14 - INFO - Training model: top_right-original-tda-top_left
2025-04-06 22:00:22 - INFO - Model top_right-original-tda-top_left completed in 7.72 seconds.
2025-04-06 22:00:22 - INFO - >>> Model top_right-original-tda-top_left trained. Accuracy: 0.9787 (7.72 sec.)
2025-04-06 22:00:22 - INFO - Training model: top_right-original-top_left-bottom_right
2025-04-06 22:00:29 - INFO - Model top_right-original-top_left-bottom_right completed in 7.72 seconds.
2025-04-06 22:00:29 - INFO - >>> Model top_right-original-top_left-bottom_right trained. Accuracy: 0.9643 (7.72 sec.)
2025-04-06 22:00:29 - INFO - Training model: bottom_left-tda-bottom_right-top_right-original
2025-04-06 22:00:39 - INFO - Model bottom_left-tda-bottom_right-top_right-original completed in 9.71 seconds.
2025-04-06 22:00:39 - INFO - >>> Model bottom_left-tda-bottom_right-top_right-original trained. Accuracy: 0.9790 (9.71 sec.)
2025-04-06 22:00:39 - INFO - Training model: bottom_left-tda-bottom_right-top_left-original
2025-04-06 22:00:49 - INFO - Model bottom_left-tda-bottom_right-top_left-original completed in 9.68 seconds.
2025-04-06 22:00:49 - INFO - >>> Model bottom_left-tda-bottom_right-top_left-original trained. Accuracy: 0.9791 (9.68 sec.)
2025-04-06 22:00:49 - INFO - Training model: bottom_left-tda-top_right-top_left-original
2025-04-06 22:00:58 - INFO - Model bottom_left-tda-top_right-top_left-original completed in 9.53 seconds.
2025-04-06 22:00:58 - INFO - >>> Model bottom_left-tda-top_right-top_left-original trained. Accuracy: 0.9798 (9.53 sec.)
2025-04-06 22:00:58 - INFO - Training model: bottom_left-bottom_right-top_right-top_left-original
2025-04-06 22:01:08 - INFO - Model bottom_left-bottom_right-top_right-top_left-original completed in 9.44 seconds.
2025-04-06 22:01:08 - INFO - >>> Model bottom_left-bottom_right-top_right-top_left-original trained. Accuracy: 0.9665 (9.44 sec.)
2025-04-06 22:01:08 - INFO - Training model: tda-bottom_right-top_right-top_left-original
2025-04-06 22:01:17 - INFO - Model tda-bottom_right-top_right-top_left-original completed in 9.77 seconds.
2025-04-06 22:01:17 - INFO - >>> Model tda-bottom_right-top_right-top_left-original trained. Accuracy: 0.9797 (9.77 sec.)
2025-04-06 22:01:17 - INFO - Training model: bottom_left-tda-bottom_right-top_right-top_left-original
2025-04-06 22:01:29 - INFO - Model bottom_left-tda-bottom_right-top_right-top_left-original completed in 11.55 seconds.
2025-04-06 22:01:29 - INFO - >>> Model bottom_left-tda-bottom_right-top_right-top_left-original trained. Accuracy: 0.9797 (11.55 sec.)
2025-04-06 22:01:29 - INFO - All models trained successfully.
2025-04-06 22:01:29 - INFO - ========== [Model Training Completed] in 3.64 minutes ==========
2025-04-06 22:01:29 - INFO - ========== [Experiment Training Complete] ==========
2025-04-06 22:01:29 - INFO - Results saved to /home/jovyan/Workspace/workspace_mnist/results/exp_noise_icecream/experiment_trainsize_predictions_2025-04-06_22-01-29.json
2025-04-06 22:01:29 - INFO - Results successfully saved to /home/jovyan/Workspace/workspace_mnist/results/exp_noise_icecream/experiment_trainsize_predictions_2025-04-06_22-01-29.json
2025-04-06 22:01:29 - INFO - Garbage collection executed.
2025-04-06 22:01:29 - INFO - ========== [Experiment Completed] in 7.82 minutes ==========
