2025-03-23 03:28:20 - INFO - Logging initialized.
 Writing to /home/jovyan/Workspace/workspace_mnist/logs/exp_noise_icecream/experiment_logs_2025-03-23_03-28-20.log
2025-03-23 03:28:20 - INFO - ========== [Experiment Start] ==========
2025-03-23 03:28:20 - INFO - Views combinations succesfully generated.
2025-03-23 03:28:20 - INFO - Topological Data Analysis pipeline generated.
2025-03-23 03:28:20 - INFO - Generating folder to save results.
2025-03-23 03:28:20 - INFO - Reading dataset in chunks from mnist_784.csv (chunk size: 70000)
2025-03-23 03:28:21 - INFO - Starting multiview data preparation for a chunk of size (70000, 784)...
2025-03-23 03:28:21 - INFO - Running using 16 jobs.
2025-03-23 03:28:21 - INFO - Contaminating dataset with lines using 23.
2025-03-23 03:28:31 - INFO - Splitting data: 48.9% train / 20.0% test (random_state=582848128)
2025-03-23 03:28:31 - INFO - Data split complete. Train size: (27377, 784), Test size: (14000, 784)
2025-03-23 03:28:31 - INFO - Reshaping train and test data into square images...
2025-03-23 03:28:31 - INFO - Reshaping complete. Train images: (27377, 28, 28), Test images: (14000, 28, 28)
2025-03-23 03:28:31 - INFO - Splitting images into quadrant views...
2025-03-23 03:28:31 - INFO - Quadrant view splitting complete. Train views: 4, Test views: 4
2025-03-23 03:28:31 - INFO - >> Starting TDA pipeline transformation on train data...
2025-03-23 03:33:49 - INFO - >> TDA transformation for train data completed (5.30 minutes).
2025-03-23 03:33:49 - INFO - >> Applying TDA pipeline transformation on test data...
2025-03-23 03:36:30 - INFO - >> TDA transformation for test data completed (2.67 minutes).
2025-03-23 03:36:30 - INFO - ========== [Model Training Start] ==========
2025-03-23 03:36:30 - INFO - Training model: original
2025-03-23 03:36:31 - INFO - Model original completed in 1.02 seconds.
2025-03-23 03:36:31 - INFO - >>> Model original trained. Accuracy: 0.8719 (1.02 sec.)
2025-03-23 03:36:31 - INFO - Training model: bottom_left-original
2025-03-23 03:36:39 - INFO - Model bottom_left-original completed in 8.08 seconds.
2025-03-23 03:36:39 - INFO - >>> Model bottom_left-original trained. Accuracy: 0.8849 (8.08 sec.)
2025-03-23 03:36:39 - INFO - Training model: top_left-original
2025-03-23 03:36:46 - INFO - Model top_left-original completed in 7.74 seconds.
2025-03-23 03:36:46 - INFO - >>> Model top_left-original trained. Accuracy: 0.8861 (7.74 sec.)
2025-03-23 03:36:46 - INFO - Training model: original-top_right
2025-03-23 03:36:55 - INFO - Model original-top_right completed in 8.12 seconds.
2025-03-23 03:36:55 - INFO - >>> Model original-top_right trained. Accuracy: 0.8906 (8.12 sec.)
2025-03-23 03:36:55 - INFO - Training model: bottom_right-original
2025-03-23 03:37:03 - INFO - Model bottom_right-original completed in 8.15 seconds.
2025-03-23 03:37:03 - INFO - >>> Model bottom_right-original trained. Accuracy: 0.8854 (8.15 sec.)
2025-03-23 03:37:03 - INFO - Training model: tda-original
2025-03-23 03:37:19 - INFO - Model tda-original completed in 16.49 seconds.
2025-03-23 03:37:19 - INFO - >>> Model tda-original trained. Accuracy: 0.8739 (16.49 sec.)
2025-03-23 03:37:19 - INFO - Training model: bottom_left-top_left-original
2025-03-23 03:37:30 - INFO - Model bottom_left-top_left-original completed in 10.83 seconds.
2025-03-23 03:37:30 - INFO - >>> Model bottom_left-top_left-original trained. Accuracy: 0.8977 (10.83 sec.)
2025-03-23 03:37:30 - INFO - Training model: bottom_left-original-top_right
2025-03-23 03:37:41 - INFO - Model bottom_left-original-top_right completed in 11.11 seconds.
2025-03-23 03:37:41 - INFO - >>> Model bottom_left-original-top_right trained. Accuracy: 0.9002 (11.11 sec.)
2025-03-23 03:37:41 - INFO - Training model: bottom_right-bottom_left-original
2025-03-23 03:37:52 - INFO - Model bottom_right-bottom_left-original completed in 11.07 seconds.
2025-03-23 03:37:52 - INFO - >>> Model bottom_right-bottom_left-original trained. Accuracy: 0.8921 (11.07 sec.)
2025-03-23 03:37:52 - INFO - Training model: bottom_left-tda-original
2025-03-23 03:38:12 - INFO - Model bottom_left-tda-original completed in 19.43 seconds.
2025-03-23 03:38:12 - INFO - >>> Model bottom_left-tda-original trained. Accuracy: 0.8834 (19.43 sec.)
2025-03-23 03:38:12 - INFO - Training model: top_left-original-top_right
2025-03-23 03:38:23 - INFO - Model top_left-original-top_right completed in 10.83 seconds.
2025-03-23 03:38:23 - INFO - >>> Model top_left-original-top_right trained. Accuracy: 0.9001 (10.83 sec.)
2025-03-23 03:38:23 - INFO - Training model: bottom_right-top_left-original
2025-03-23 03:38:33 - INFO - Model bottom_right-top_left-original completed in 10.85 seconds.
2025-03-23 03:38:33 - INFO - >>> Model bottom_right-top_left-original trained. Accuracy: 0.8954 (10.85 sec.)
2025-03-23 03:38:33 - INFO - Training model: top_left-tda-original
2025-03-23 03:38:53 - INFO - Model top_left-tda-original completed in 19.24 seconds.
2025-03-23 03:38:53 - INFO - >>> Model top_left-tda-original trained. Accuracy: 0.8853 (19.24 sec.)
2025-03-23 03:38:53 - INFO - Training model: bottom_right-original-top_right
2025-03-23 03:39:04 - INFO - Model bottom_right-original-top_right completed in 11.18 seconds.
2025-03-23 03:39:04 - INFO - >>> Model bottom_right-original-top_right trained. Accuracy: 0.8975 (11.18 sec.)
2025-03-23 03:39:04 - INFO - Training model: tda-original-top_right
2025-03-23 03:39:23 - INFO - Model tda-original-top_right completed in 19.38 seconds.
2025-03-23 03:39:23 - INFO - >>> Model tda-original-top_right trained. Accuracy: 0.8874 (19.38 sec.)
2025-03-23 03:39:23 - INFO - Training model: bottom_right-tda-original
2025-03-23 03:39:43 - INFO - Model bottom_right-tda-original completed in 19.52 seconds.
2025-03-23 03:39:43 - INFO - >>> Model bottom_right-tda-original trained. Accuracy: 0.8822 (19.52 sec.)
2025-03-23 03:39:43 - INFO - Training model: bottom_left-top_left-original-top_right
2025-03-23 03:39:56 - INFO - Model bottom_left-top_left-original-top_right completed in 13.74 seconds.
2025-03-23 03:39:56 - INFO - >>> Model bottom_left-top_left-original-top_right trained. Accuracy: 0.9109 (13.74 sec.)
2025-03-23 03:39:56 - INFO - Training model: bottom_right-bottom_left-top_left-original
2025-03-23 03:40:10 - INFO - Model bottom_right-bottom_left-top_left-original completed in 13.91 seconds.
2025-03-23 03:40:10 - INFO - >>> Model bottom_right-bottom_left-top_left-original trained. Accuracy: 0.9029 (13.91 sec.)
2025-03-23 03:40:10 - INFO - Training model: bottom_left-top_left-tda-original
2025-03-23 03:40:33 - INFO - Model bottom_left-top_left-tda-original completed in 22.19 seconds.
2025-03-23 03:40:33 - INFO - >>> Model bottom_left-top_left-tda-original trained. Accuracy: 0.8950 (22.19 sec.)
2025-03-23 03:40:33 - INFO - Training model: bottom_right-bottom_left-original-top_right
2025-03-23 03:40:46 - INFO - Model bottom_right-bottom_left-original-top_right completed in 13.82 seconds.
2025-03-23 03:40:46 - INFO - >>> Model bottom_right-bottom_left-original-top_right trained. Accuracy: 0.9070 (13.82 sec.)
2025-03-23 03:40:46 - INFO - Training model: bottom_left-tda-original-top_right
2025-03-23 03:41:09 - INFO - Model bottom_left-tda-original-top_right completed in 22.46 seconds.
2025-03-23 03:41:09 - INFO - >>> Model bottom_left-tda-original-top_right trained. Accuracy: 0.8974 (22.46 sec.)
2025-03-23 03:41:09 - INFO - Training model: bottom_right-bottom_left-tda-original
2025-03-23 03:41:32 - INFO - Model bottom_right-bottom_left-tda-original completed in 22.60 seconds.
2025-03-23 03:41:32 - INFO - >>> Model bottom_right-bottom_left-tda-original trained. Accuracy: 0.8899 (22.60 sec.)
2025-03-23 03:41:32 - INFO - Training model: bottom_right-top_left-original-top_right
2025-03-23 03:41:45 - INFO - Model bottom_right-top_left-original-top_right completed in 13.73 seconds.
2025-03-23 03:41:45 - INFO - >>> Model bottom_right-top_left-original-top_right trained. Accuracy: 0.9101 (13.73 sec.)
2025-03-23 03:41:45 - INFO - Training model: top_left-tda-original-top_right
2025-03-23 03:42:08 - INFO - Model top_left-tda-original-top_right completed in 22.37 seconds.
2025-03-23 03:42:08 - INFO - >>> Model top_left-tda-original-top_right trained. Accuracy: 0.8981 (22.37 sec.)
2025-03-23 03:42:08 - INFO - Training model: bottom_right-top_left-tda-original
2025-03-23 03:42:30 - INFO - Model bottom_right-top_left-tda-original completed in 22.51 seconds.
2025-03-23 03:42:30 - INFO - >>> Model bottom_right-top_left-tda-original trained. Accuracy: 0.8926 (22.51 sec.)
2025-03-23 03:42:30 - INFO - Training model: bottom_right-tda-original-top_right
2025-03-23 03:42:53 - INFO - Model bottom_right-tda-original-top_right completed in 22.52 seconds.
2025-03-23 03:42:53 - INFO - >>> Model bottom_right-tda-original-top_right trained. Accuracy: 0.8971 (22.52 sec.)
2025-03-23 03:42:53 - INFO - Training model: bottom_left-top_left-top_right-bottom_right-original
2025-03-23 03:43:10 - INFO - Model bottom_left-top_left-top_right-bottom_right-original completed in 16.88 seconds.
2025-03-23 03:43:10 - INFO - >>> Model bottom_left-top_left-top_right-bottom_right-original trained. Accuracy: 0.9168 (16.88 sec.)
2025-03-23 03:43:10 - INFO - Training model: bottom_left-top_left-top_right-tda-original
2025-03-23 03:43:35 - INFO - Model bottom_left-top_left-top_right-tda-original completed in 25.10 seconds.
2025-03-23 03:43:35 - INFO - >>> Model bottom_left-top_left-top_right-tda-original trained. Accuracy: 0.9088 (25.10 sec.)
2025-03-23 03:43:35 - INFO - Training model: bottom_left-top_left-bottom_right-tda-original
2025-03-23 03:44:00 - INFO - Model bottom_left-top_left-bottom_right-tda-original completed in 25.21 seconds.
2025-03-23 03:44:00 - INFO - >>> Model bottom_left-top_left-bottom_right-tda-original trained. Accuracy: 0.9021 (25.21 sec.)
2025-03-23 03:44:00 - INFO - Training model: bottom_left-top_right-bottom_right-tda-original
2025-03-23 03:44:25 - INFO - Model bottom_left-top_right-bottom_right-tda-original completed in 25.56 seconds.
2025-03-23 03:44:25 - INFO - >>> Model bottom_left-top_right-bottom_right-tda-original trained. Accuracy: 0.9069 (25.56 sec.)
2025-03-23 03:44:25 - INFO - Training model: top_left-top_right-bottom_right-tda-original
2025-03-23 03:44:51 - INFO - Model top_left-top_right-bottom_right-tda-original completed in 25.41 seconds.
2025-03-23 03:44:51 - INFO - >>> Model top_left-top_right-bottom_right-tda-original trained. Accuracy: 0.9080 (25.41 sec.)
2025-03-23 03:44:51 - INFO - Training model: bottom_left-top_left-top_right-bottom_right-tda-original
2025-03-23 03:45:19 - INFO - Model bottom_left-top_left-top_right-bottom_right-tda-original completed in 28.08 seconds.
2025-03-23 03:45:19 - INFO - >>> Model bottom_left-top_left-top_right-bottom_right-tda-original trained. Accuracy: 0.9160 (28.08 sec.)
2025-03-23 03:45:19 - INFO - All models trained successfully.
2025-03-23 03:45:19 - INFO - ========== [Model Training Completed] in 8.82 minutes ==========
2025-03-23 03:45:19 - INFO - ========== [Experiment Training Complete] ==========
2025-03-23 03:45:19 - INFO - Results saved to /home/jovyan/Workspace/workspace_mnist/results/exp_noise_icecream/experiment_trainsize_predictions_2025-03-23_03-45-19.json
2025-03-23 03:45:19 - INFO - Results successfully saved to /home/jovyan/Workspace/workspace_mnist/results/exp_noise_icecream/experiment_trainsize_predictions_2025-03-23_03-45-19.json
2025-03-23 03:45:19 - INFO - Garbage collection executed.
2025-03-23 03:45:19 - INFO - ========== [Experiment Completed] in 16.98 minutes ==========
