2025-04-06 13:06:38 - INFO - Logging initialized.
 Writing to /home/jovyan/Workspace/workspace_mnist/logs/exp_noise_icecream/experiment_logs_2025-04-06_13-06-38.log
2025-04-06 13:06:38 - INFO - ========== [Experiment Start] ==========
2025-04-06 13:06:38 - INFO - Views combinations succesfully generated.
2025-04-06 13:06:38 - INFO - Topological Data Analysis pipeline generated.
2025-04-06 13:06:38 - INFO - Generating folder to save results.
2025-04-06 13:06:38 - INFO - Reading dataset in chunks from mnist_784.csv (chunk size: 70000)
2025-04-06 13:06:39 - INFO - Starting multiview data preparation for a chunk of size (70000, 784)...
2025-04-06 13:06:39 - INFO - Running using 22 jobs.
2025-04-06 13:06:39 - INFO - Contaminating dataset with circles using 2.
2025-04-06 13:06:39 - INFO - Splitting data: 41.1% train / 20.0% test (random_state=248065843)
2025-04-06 13:06:39 - INFO - Data split complete. Train size: (23022, 784), Test size: (14000, 784)
2025-04-06 13:06:39 - INFO - Reshaping train and test data into square images...
2025-04-06 13:06:39 - INFO - Reshaping complete. Train images: (23022, 28, 28), Test images: (14000, 28, 28)
2025-04-06 13:06:39 - INFO - Splitting images into quadrant views...
2025-04-06 13:06:39 - INFO - Quadrant view splitting complete. Train views: 4, Test views: 4
2025-04-06 13:06:39 - INFO - >> Starting TDA pipeline transformation on train data...
2025-04-06 13:09:55 - INFO - >> TDA transformation for train data completed (3.27 minutes).
2025-04-06 13:09:55 - INFO - >> Applying TDA pipeline transformation on test data...
2025-04-06 13:11:55 - INFO - >> TDA transformation for test data completed (2.00 minutes).
2025-04-06 13:11:55 - INFO - ========== [Model Training Start] ==========
2025-04-06 13:11:55 - INFO - Training model: original
2025-04-06 13:11:56 - INFO - Model original completed in 0.54 seconds.
2025-04-06 13:11:56 - INFO - >>> Model original trained. Accuracy: 0.9611 (0.54 sec.)
2025-04-06 13:11:56 - INFO - Training model: original-bottom_left
2025-04-06 13:12:01 - INFO - Model original-bottom_left completed in 4.86 seconds.
2025-04-06 13:12:01 - INFO - >>> Model original-bottom_left trained. Accuracy: 0.9636 (4.86 sec.)
2025-04-06 13:12:01 - INFO - Training model: original-tda
2025-04-06 13:12:06 - INFO - Model original-tda completed in 5.89 seconds.
2025-04-06 13:12:06 - INFO - >>> Model original-tda trained. Accuracy: 0.9800 (5.89 sec.)
2025-04-06 13:12:06 - INFO - Training model: original-bottom_right
2025-04-06 13:12:12 - INFO - Model original-bottom_right completed in 5.05 seconds.
2025-04-06 13:12:12 - INFO - >>> Model original-bottom_right trained. Accuracy: 0.9647 (5.05 sec.)
2025-04-06 13:12:12 - INFO - Training model: top_right-original
2025-04-06 13:12:17 - INFO - Model top_right-original completed in 5.02 seconds.
2025-04-06 13:12:17 - INFO - >>> Model top_right-original trained. Accuracy: 0.9644 (5.02 sec.)
2025-04-06 13:12:17 - INFO - Training model: original-top_left
2025-04-06 13:12:22 - INFO - Model original-top_left completed in 5.04 seconds.
2025-04-06 13:12:22 - INFO - >>> Model original-top_left trained. Accuracy: 0.9644 (5.04 sec.)
2025-04-06 13:12:22 - INFO - Training model: original-tda-bottom_left
2025-04-06 13:12:30 - INFO - Model original-tda-bottom_left completed in 7.99 seconds.
2025-04-06 13:12:30 - INFO - >>> Model original-tda-bottom_left trained. Accuracy: 0.9792 (7.99 sec.)
2025-04-06 13:12:30 - INFO - Training model: original-bottom_left-bottom_right
2025-04-06 13:12:37 - INFO - Model original-bottom_left-bottom_right completed in 7.16 seconds.
2025-04-06 13:12:37 - INFO - >>> Model original-bottom_left-bottom_right trained. Accuracy: 0.9656 (7.16 sec.)
2025-04-06 13:12:37 - INFO - Training model: top_right-original-bottom_left
2025-04-06 13:12:44 - INFO - Model top_right-original-bottom_left completed in 7.16 seconds.
2025-04-06 13:12:44 - INFO - >>> Model top_right-original-bottom_left trained. Accuracy: 0.9672 (7.16 sec.)
2025-04-06 13:12:44 - INFO - Training model: original-top_left-bottom_left
2025-04-06 13:12:51 - INFO - Model original-top_left-bottom_left completed in 6.66 seconds.
2025-04-06 13:12:51 - INFO - >>> Model original-top_left-bottom_left trained. Accuracy: 0.9668 (6.66 sec.)
2025-04-06 13:12:51 - INFO - Training model: original-tda-bottom_right
2025-04-06 13:12:59 - INFO - Model original-tda-bottom_right completed in 8.18 seconds.
2025-04-06 13:12:59 - INFO - >>> Model original-tda-bottom_right trained. Accuracy: 0.9803 (8.18 sec.)
2025-04-06 13:12:59 - INFO - Training model: top_right-original-tda
2025-04-06 13:13:06 - INFO - Model top_right-original-tda completed in 7.65 seconds.
2025-04-06 13:13:06 - INFO - >>> Model top_right-original-tda trained. Accuracy: 0.9806 (7.65 sec.)
2025-04-06 13:13:06 - INFO - Training model: original-tda-top_left
2025-04-06 13:13:14 - INFO - Model original-tda-top_left completed in 7.81 seconds.
2025-04-06 13:13:14 - INFO - >>> Model original-tda-top_left trained. Accuracy: 0.9796 (7.81 sec.)
2025-04-06 13:13:14 - INFO - Training model: top_right-original-bottom_right
2025-04-06 13:13:21 - INFO - Model top_right-original-bottom_right completed in 7.18 seconds.
2025-04-06 13:13:21 - INFO - >>> Model top_right-original-bottom_right trained. Accuracy: 0.9672 (7.18 sec.)
2025-04-06 13:13:21 - INFO - Training model: original-top_left-bottom_right
2025-04-06 13:13:29 - INFO - Model original-top_left-bottom_right completed in 7.04 seconds.
2025-04-06 13:13:29 - INFO - >>> Model original-top_left-bottom_right trained. Accuracy: 0.9668 (7.04 sec.)
2025-04-06 13:13:29 - INFO - Training model: top_right-original-top_left
2025-04-06 13:13:36 - INFO - Model top_right-original-top_left completed in 7.23 seconds.
2025-04-06 13:13:36 - INFO - >>> Model top_right-original-top_left trained. Accuracy: 0.9669 (7.23 sec.)
2025-04-06 13:13:36 - INFO - Training model: original-tda-bottom_left-bottom_right
2025-04-06 13:13:46 - INFO - Model original-tda-bottom_left-bottom_right completed in 9.97 seconds.
2025-04-06 13:13:46 - INFO - >>> Model original-tda-bottom_left-bottom_right trained. Accuracy: 0.9809 (9.97 sec.)
2025-04-06 13:13:46 - INFO - Training model: top_right-original-tda-bottom_left
2025-04-06 13:13:56 - INFO - Model top_right-original-tda-bottom_left completed in 9.99 seconds.
2025-04-06 13:13:56 - INFO - >>> Model top_right-original-tda-bottom_left trained. Accuracy: 0.9810 (9.99 sec.)
2025-04-06 13:13:56 - INFO - Training model: original-tda-top_left-bottom_left
2025-04-06 13:14:06 - INFO - Model original-tda-top_left-bottom_left completed in 9.94 seconds.
2025-04-06 13:14:06 - INFO - >>> Model original-tda-top_left-bottom_left trained. Accuracy: 0.9799 (9.94 sec.)
2025-04-06 13:14:06 - INFO - Training model: top_right-original-bottom_left-bottom_right
2025-04-06 13:14:15 - INFO - Model top_right-original-bottom_left-bottom_right completed in 9.14 seconds.
2025-04-06 13:14:15 - INFO - >>> Model top_right-original-bottom_left-bottom_right trained. Accuracy: 0.9697 (9.14 sec.)
2025-04-06 13:14:15 - INFO - Training model: original-top_left-bottom_left-bottom_right
2025-04-06 13:14:24 - INFO - Model original-top_left-bottom_left-bottom_right completed in 9.06 seconds.
2025-04-06 13:14:24 - INFO - >>> Model original-top_left-bottom_left-bottom_right trained. Accuracy: 0.9697 (9.06 sec.)
2025-04-06 13:14:24 - INFO - Training model: top_right-original-top_left-bottom_left
2025-04-06 13:14:33 - INFO - Model top_right-original-top_left-bottom_left completed in 8.94 seconds.
2025-04-06 13:14:33 - INFO - >>> Model top_right-original-top_left-bottom_left trained. Accuracy: 0.9698 (8.94 sec.)
2025-04-06 13:14:33 - INFO - Training model: top_right-original-tda-bottom_right
2025-04-06 13:14:43 - INFO - Model top_right-original-tda-bottom_right completed in 9.96 seconds.
2025-04-06 13:14:43 - INFO - >>> Model top_right-original-tda-bottom_right trained. Accuracy: 0.9819 (9.96 sec.)
2025-04-06 13:14:43 - INFO - Training model: original-tda-top_left-bottom_right
2025-04-06 13:14:53 - INFO - Model original-tda-top_left-bottom_right completed in 9.91 seconds.
2025-04-06 13:14:53 - INFO - >>> Model original-tda-top_left-bottom_right trained. Accuracy: 0.9809 (9.91 sec.)
2025-04-06 13:14:53 - INFO - Training model: top_right-original-tda-top_left
2025-04-06 13:15:03 - INFO - Model top_right-original-tda-top_left completed in 9.96 seconds.
2025-04-06 13:15:03 - INFO - >>> Model top_right-original-tda-top_left trained. Accuracy: 0.9807 (9.96 sec.)
2025-04-06 13:15:03 - INFO - Training model: top_right-original-top_left-bottom_right
2025-04-06 13:15:12 - INFO - Model top_right-original-top_left-bottom_right completed in 9.11 seconds.
2025-04-06 13:15:12 - INFO - >>> Model top_right-original-top_left-bottom_right trained. Accuracy: 0.9704 (9.11 sec.)
2025-04-06 13:15:12 - INFO - Training model: bottom_left-tda-bottom_right-top_right-original
2025-04-06 13:15:24 - INFO - Model bottom_left-tda-bottom_right-top_right-original completed in 12.03 seconds.
2025-04-06 13:15:24 - INFO - >>> Model bottom_left-tda-bottom_right-top_right-original trained. Accuracy: 0.9821 (12.03 sec.)
2025-04-06 13:15:24 - INFO - Training model: bottom_left-tda-bottom_right-top_left-original
2025-04-06 13:15:36 - INFO - Model bottom_left-tda-bottom_right-top_left-original completed in 12.07 seconds.
2025-04-06 13:15:36 - INFO - >>> Model bottom_left-tda-bottom_right-top_left-original trained. Accuracy: 0.9809 (12.07 sec.)
2025-04-06 13:15:36 - INFO - Training model: bottom_left-tda-top_right-top_left-original
2025-04-06 13:15:48 - INFO - Model bottom_left-tda-top_right-top_left-original completed in 11.86 seconds.
2025-04-06 13:15:48 - INFO - >>> Model bottom_left-tda-top_right-top_left-original trained. Accuracy: 0.9816 (11.86 sec.)
2025-04-06 13:15:48 - INFO - Training model: bottom_left-bottom_right-top_right-top_left-original
2025-04-06 13:15:59 - INFO - Model bottom_left-bottom_right-top_right-top_left-original completed in 11.03 seconds.
2025-04-06 13:15:59 - INFO - >>> Model bottom_left-bottom_right-top_right-top_left-original trained. Accuracy: 0.9734 (11.03 sec.)
2025-04-06 13:15:59 - INFO - Training model: tda-bottom_right-top_right-top_left-original
2025-04-06 13:16:11 - INFO - Model tda-bottom_right-top_right-top_left-original completed in 11.79 seconds.
2025-04-06 13:16:11 - INFO - >>> Model tda-bottom_right-top_right-top_left-original trained. Accuracy: 0.9824 (11.79 sec.)
2025-04-06 13:16:11 - INFO - Training model: bottom_left-tda-bottom_right-top_right-top_left-original
2025-04-06 13:16:25 - INFO - Model bottom_left-tda-bottom_right-top_right-top_left-original completed in 14.19 seconds.
2025-04-06 13:16:25 - INFO - >>> Model bottom_left-tda-bottom_right-top_right-top_left-original trained. Accuracy: 0.9826 (14.19 sec.)
2025-04-06 13:16:25 - INFO - All models trained successfully.
2025-04-06 13:16:25 - INFO - ========== [Model Training Completed] in 4.49 minutes ==========
2025-04-06 13:16:25 - INFO - ========== [Experiment Training Complete] ==========
2025-04-06 13:16:25 - INFO - Results saved to /home/jovyan/Workspace/workspace_mnist/results/exp_noise_icecream/experiment_trainsize_predictions_2025-04-06_13-16-25.json
2025-04-06 13:16:25 - INFO - Results successfully saved to /home/jovyan/Workspace/workspace_mnist/results/exp_noise_icecream/experiment_trainsize_predictions_2025-04-06_13-16-25.json
2025-04-06 13:16:25 - INFO - Garbage collection executed.
2025-04-06 13:16:25 - INFO - ========== [Experiment Completed] in 9.78 minutes ==========
