2025-03-22 13:48:40 - INFO - Logging initialized.
 Writing to /home/jovyan/Workspace/workspace_mnist/logs/exp_noise_icecream/experiment_logs_2025-03-22_13-48-40.log
2025-03-22 13:48:40 - INFO - ========== [Experiment Start] ==========
2025-03-22 13:48:40 - INFO - Views combinations succesfully generated.
2025-03-22 13:48:40 - INFO - Topological Data Analysis pipeline generated.
2025-03-22 13:48:40 - INFO - Generating folder to save results.
2025-03-22 13:48:40 - INFO - Reading dataset in chunks from mnist_784.csv (chunk size: 70000)
2025-03-22 13:48:41 - INFO - Starting multiview data preparation for a chunk of size (70000, 784)...
2025-03-22 13:48:41 - INFO - Running using 16 jobs.
2025-03-22 13:48:41 - INFO - Contaminating dataset with lines using 23.
2025-03-22 13:48:51 - INFO - Splitting data: 48.9% train / 20.0% test (random_state=508701318)
2025-03-22 13:48:51 - INFO - Data split complete. Train size: (27377, 784), Test size: (14000, 784)
2025-03-22 13:48:51 - INFO - Reshaping train and test data into square images...
2025-03-22 13:48:51 - INFO - Reshaping complete. Train images: (27377, 28, 28), Test images: (14000, 28, 28)
2025-03-22 13:48:51 - INFO - Splitting images into quadrant views...
2025-03-22 13:48:51 - INFO - Quadrant view splitting complete. Train views: 4, Test views: 4
2025-03-22 13:48:51 - INFO - >> Starting TDA pipeline transformation on train data...
2025-03-22 13:54:08 - INFO - >> TDA transformation for train data completed (5.28 minutes).
2025-03-22 13:54:08 - INFO - >> Applying TDA pipeline transformation on test data...
2025-03-22 13:56:48 - INFO - >> TDA transformation for test data completed (2.66 minutes).
2025-03-22 13:56:48 - INFO - ========== [Model Training Start] ==========
2025-03-22 13:56:48 - INFO - Training model: original
2025-03-22 13:56:49 - INFO - Model original completed in 0.99 seconds.
2025-03-22 13:56:49 - INFO - >>> Model original trained. Accuracy: 0.8737 (0.99 sec.)
2025-03-22 13:56:49 - INFO - Training model: bottom_left-original
2025-03-22 13:56:57 - INFO - Model bottom_left-original completed in 8.19 seconds.
2025-03-22 13:56:57 - INFO - >>> Model bottom_left-original trained. Accuracy: 0.8837 (8.19 sec.)
2025-03-22 13:56:57 - INFO - Training model: top_left-original
2025-03-22 13:57:05 - INFO - Model top_left-original completed in 7.94 seconds.
2025-03-22 13:57:05 - INFO - >>> Model top_left-original trained. Accuracy: 0.8901 (7.94 sec.)
2025-03-22 13:57:05 - INFO - Training model: original-top_right
2025-03-22 13:57:13 - INFO - Model original-top_right completed in 8.22 seconds.
2025-03-22 13:57:13 - INFO - >>> Model original-top_right trained. Accuracy: 0.8901 (8.22 sec.)
2025-03-22 13:57:13 - INFO - Training model: bottom_right-original
2025-03-22 13:57:21 - INFO - Model bottom_right-original completed in 8.15 seconds.
2025-03-22 13:57:21 - INFO - >>> Model bottom_right-original trained. Accuracy: 0.8854 (8.15 sec.)
2025-03-22 13:57:21 - INFO - Training model: tda-original
2025-03-22 13:57:38 - INFO - Model tda-original completed in 16.68 seconds.
2025-03-22 13:57:38 - INFO - >>> Model tda-original trained. Accuracy: 0.8757 (16.68 sec.)
2025-03-22 13:57:38 - INFO - Training model: bottom_left-top_left-original
2025-03-22 13:57:49 - INFO - Model bottom_left-top_left-original completed in 10.72 seconds.
2025-03-22 13:57:49 - INFO - >>> Model bottom_left-top_left-original trained. Accuracy: 0.8948 (10.72 sec.)
2025-03-22 13:57:49 - INFO - Training model: bottom_left-original-top_right
2025-03-22 13:58:00 - INFO - Model bottom_left-original-top_right completed in 11.00 seconds.
2025-03-22 13:58:00 - INFO - >>> Model bottom_left-original-top_right trained. Accuracy: 0.8984 (11.00 sec.)
2025-03-22 13:58:00 - INFO - Training model: bottom_right-bottom_left-original
2025-03-22 13:58:11 - INFO - Model bottom_right-bottom_left-original completed in 11.26 seconds.
2025-03-22 13:58:11 - INFO - >>> Model bottom_right-bottom_left-original trained. Accuracy: 0.8901 (11.26 sec.)
2025-03-22 13:58:11 - INFO - Training model: bottom_left-tda-original
2025-03-22 13:58:31 - INFO - Model bottom_left-tda-original completed in 19.69 seconds.
2025-03-22 13:58:31 - INFO - >>> Model bottom_left-tda-original trained. Accuracy: 0.8814 (19.69 sec.)
2025-03-22 13:58:31 - INFO - Training model: top_left-original-top_right
2025-03-22 13:58:42 - INFO - Model top_left-original-top_right completed in 11.01 seconds.
2025-03-22 13:58:42 - INFO - >>> Model top_left-original-top_right trained. Accuracy: 0.8993 (11.01 sec.)
2025-03-22 13:58:42 - INFO - Training model: bottom_right-top_left-original
2025-03-22 13:58:53 - INFO - Model bottom_right-top_left-original completed in 11.02 seconds.
2025-03-22 13:58:53 - INFO - >>> Model bottom_right-top_left-original trained. Accuracy: 0.8950 (11.02 sec.)
2025-03-22 13:58:53 - INFO - Training model: top_left-tda-original
2025-03-22 13:59:12 - INFO - Model top_left-tda-original completed in 19.46 seconds.
2025-03-22 13:59:12 - INFO - >>> Model top_left-tda-original trained. Accuracy: 0.8876 (19.46 sec.)
2025-03-22 13:59:12 - INFO - Training model: bottom_right-original-top_right
2025-03-22 13:59:23 - INFO - Model bottom_right-original-top_right completed in 11.21 seconds.
2025-03-22 13:59:23 - INFO - >>> Model bottom_right-original-top_right trained. Accuracy: 0.8982 (11.21 sec.)
2025-03-22 13:59:23 - INFO - Training model: tda-original-top_right
2025-03-22 13:59:43 - INFO - Model tda-original-top_right completed in 19.55 seconds.
2025-03-22 13:59:43 - INFO - >>> Model tda-original-top_right trained. Accuracy: 0.8881 (19.55 sec.)
2025-03-22 13:59:43 - INFO - Training model: bottom_right-tda-original
2025-03-22 14:00:03 - INFO - Model bottom_right-tda-original completed in 19.60 seconds.
2025-03-22 14:00:03 - INFO - >>> Model bottom_right-tda-original trained. Accuracy: 0.8827 (19.60 sec.)
2025-03-22 14:00:03 - INFO - Training model: bottom_left-top_left-original-top_right
2025-03-22 14:00:17 - INFO - Model bottom_left-top_left-original-top_right completed in 13.96 seconds.
2025-03-22 14:00:17 - INFO - >>> Model bottom_left-top_left-original-top_right trained. Accuracy: 0.9091 (13.96 sec.)
2025-03-22 14:00:17 - INFO - Training model: bottom_right-bottom_left-top_left-original
2025-03-22 14:00:30 - INFO - Model bottom_right-bottom_left-top_left-original completed in 13.59 seconds.
2025-03-22 14:00:30 - INFO - >>> Model bottom_right-bottom_left-top_left-original trained. Accuracy: 0.9030 (13.59 sec.)
2025-03-22 14:00:30 - INFO - Training model: bottom_left-top_left-tda-original
2025-03-22 14:00:52 - INFO - Model bottom_left-top_left-tda-original completed in 22.13 seconds.
2025-03-22 14:00:52 - INFO - >>> Model bottom_left-top_left-tda-original trained. Accuracy: 0.8944 (22.13 sec.)
2025-03-22 14:00:52 - INFO - Training model: bottom_right-bottom_left-original-top_right
2025-03-22 14:01:06 - INFO - Model bottom_right-bottom_left-original-top_right completed in 14.05 seconds.
2025-03-22 14:01:06 - INFO - >>> Model bottom_right-bottom_left-original-top_right trained. Accuracy: 0.9051 (14.05 sec.)
2025-03-22 14:01:06 - INFO - Training model: bottom_left-tda-original-top_right
2025-03-22 14:01:29 - INFO - Model bottom_left-tda-original-top_right completed in 22.51 seconds.
2025-03-22 14:01:29 - INFO - >>> Model bottom_left-tda-original-top_right trained. Accuracy: 0.8960 (22.51 sec.)
2025-03-22 14:01:29 - INFO - Training model: bottom_right-bottom_left-tda-original
2025-03-22 14:01:51 - INFO - Model bottom_right-bottom_left-tda-original completed in 22.38 seconds.
2025-03-22 14:01:51 - INFO - >>> Model bottom_right-bottom_left-tda-original trained. Accuracy: 0.8886 (22.38 sec.)
2025-03-22 14:01:51 - INFO - Training model: bottom_right-top_left-original-top_right
2025-03-22 14:02:05 - INFO - Model bottom_right-top_left-original-top_right completed in 13.91 seconds.
2025-03-22 14:02:05 - INFO - >>> Model bottom_right-top_left-original-top_right trained. Accuracy: 0.9108 (13.91 sec.)
2025-03-22 14:02:05 - INFO - Training model: top_left-tda-original-top_right
2025-03-22 14:02:28 - INFO - Model top_left-tda-original-top_right completed in 22.46 seconds.
2025-03-22 14:02:28 - INFO - >>> Model top_left-tda-original-top_right trained. Accuracy: 0.8989 (22.46 sec.)
2025-03-22 14:02:28 - INFO - Training model: bottom_right-top_left-tda-original
2025-03-22 14:02:50 - INFO - Model bottom_right-top_left-tda-original completed in 22.48 seconds.
2025-03-22 14:02:50 - INFO - >>> Model bottom_right-top_left-tda-original trained. Accuracy: 0.8938 (22.48 sec.)
2025-03-22 14:02:50 - INFO - Training model: bottom_right-tda-original-top_right
2025-03-22 14:03:13 - INFO - Model bottom_right-tda-original-top_right completed in 22.59 seconds.
2025-03-22 14:03:13 - INFO - >>> Model bottom_right-tda-original-top_right trained. Accuracy: 0.8971 (22.59 sec.)
2025-03-22 14:03:13 - INFO - Training model: bottom_left-top_left-top_right-bottom_right-original
2025-03-22 14:03:29 - INFO - Model bottom_left-top_left-top_right-bottom_right-original completed in 16.68 seconds.
2025-03-22 14:03:29 - INFO - >>> Model bottom_left-top_left-top_right-bottom_right-original trained. Accuracy: 0.9169 (16.68 sec.)
2025-03-22 14:03:29 - INFO - Training model: bottom_left-top_left-top_right-tda-original
2025-03-22 14:03:55 - INFO - Model bottom_left-top_left-top_right-tda-original completed in 25.20 seconds.
2025-03-22 14:03:55 - INFO - >>> Model bottom_left-top_left-top_right-tda-original trained. Accuracy: 0.9076 (25.20 sec.)
2025-03-22 14:03:55 - INFO - Training model: bottom_left-top_left-bottom_right-tda-original
2025-03-22 14:04:20 - INFO - Model bottom_left-top_left-bottom_right-tda-original completed in 25.28 seconds.
2025-03-22 14:04:20 - INFO - >>> Model bottom_left-top_left-bottom_right-tda-original trained. Accuracy: 0.9006 (25.28 sec.)
2025-03-22 14:04:20 - INFO - Training model: bottom_left-top_right-bottom_right-tda-original
2025-03-22 14:04:46 - INFO - Model bottom_left-top_right-bottom_right-tda-original completed in 25.64 seconds.
2025-03-22 14:04:46 - INFO - >>> Model bottom_left-top_right-bottom_right-tda-original trained. Accuracy: 0.9040 (25.64 sec.)
2025-03-22 14:04:46 - INFO - Training model: top_left-top_right-bottom_right-tda-original
2025-03-22 14:05:11 - INFO - Model top_left-top_right-bottom_right-tda-original completed in 25.36 seconds.
2025-03-22 14:05:11 - INFO - >>> Model top_left-top_right-bottom_right-tda-original trained. Accuracy: 0.9096 (25.36 sec.)
2025-03-22 14:05:11 - INFO - Training model: bottom_left-top_left-top_right-bottom_right-tda-original
2025-03-22 14:05:39 - INFO - Model bottom_left-top_left-top_right-bottom_right-tda-original completed in 28.15 seconds.
2025-03-22 14:05:39 - INFO - >>> Model bottom_left-top_left-top_right-bottom_right-tda-original trained. Accuracy: 0.9149 (28.15 sec.)
2025-03-22 14:05:39 - INFO - All models trained successfully.
2025-03-22 14:05:39 - INFO - ========== [Model Training Completed] in 8.85 minutes ==========
2025-03-22 14:05:39 - INFO - ========== [Experiment Training Complete] ==========
2025-03-22 14:05:39 - INFO - Results saved to /home/jovyan/Workspace/workspace_mnist/results/exp_noise_icecream/experiment_trainsize_predictions_2025-03-22_14-05-39.json
2025-03-22 14:05:39 - INFO - Results successfully saved to /home/jovyan/Workspace/workspace_mnist/results/exp_noise_icecream/experiment_trainsize_predictions_2025-03-22_14-05-39.json
2025-03-22 14:05:39 - INFO - Garbage collection executed.
2025-03-22 14:05:39 - INFO - ========== [Experiment Completed] in 16.98 minutes ==========
