2025-04-06 23:12:08 - INFO - Logging initialized.
 Writing to /home/jovyan/Workspace/workspace_mnist/logs/exp_noise_icecream/experiment_logs_2025-04-06_23-12-08.log
2025-04-06 23:12:08 - INFO - ========== [Experiment Start] ==========
2025-04-06 23:12:08 - INFO - Views combinations succesfully generated.
2025-04-06 23:12:08 - INFO - Topological Data Analysis pipeline generated.
2025-04-06 23:12:08 - INFO - Generating folder to save results.
2025-04-06 23:12:08 - INFO - Reading dataset in chunks from mnist_784.csv (chunk size: 70000)
2025-04-06 23:12:09 - INFO - Starting multiview data preparation for a chunk of size (70000, 784)...
2025-04-06 23:12:09 - INFO - Running using 22 jobs.
2025-04-06 23:12:09 - INFO - Contaminating dataset with circles using 2.
2025-04-06 23:12:09 - INFO - Splitting data: 80.0% train / 20.0% test (random_state=362334714)
2025-04-06 23:12:09 - INFO - Data split complete. Train size: (44800, 784), Test size: (14000, 784)
2025-04-06 23:12:09 - INFO - Reshaping train and test data into square images...
2025-04-06 23:12:09 - INFO - Reshaping complete. Train images: (44800, 28, 28), Test images: (14000, 28, 28)
2025-04-06 23:12:09 - INFO - Splitting images into quadrant views...
2025-04-06 23:12:09 - INFO - Quadrant view splitting complete. Train views: 4, Test views: 4
2025-04-06 23:12:09 - INFO - >> Starting TDA pipeline transformation on train data...
2025-04-06 23:18:45 - INFO - >> TDA transformation for train data completed (6.60 minutes).
2025-04-06 23:18:45 - INFO - >> Applying TDA pipeline transformation on test data...
2025-04-06 23:20:46 - INFO - >> TDA transformation for test data completed (2.01 minutes).
2025-04-06 23:20:46 - INFO - ========== [Model Training Start] ==========
2025-04-06 23:20:46 - INFO - Training model: original
2025-04-06 23:20:47 - INFO - Model original completed in 1.06 seconds.
2025-04-06 23:20:47 - INFO - >>> Model original trained. Accuracy: 0.9689 (1.06 sec.)
2025-04-06 23:20:47 - INFO - Training model: original-bottom_left
2025-04-06 23:20:55 - INFO - Model original-bottom_left completed in 8.70 seconds.
2025-04-06 23:20:55 - INFO - >>> Model original-bottom_left trained. Accuracy: 0.9722 (8.70 sec.)
2025-04-06 23:20:55 - INFO - Training model: original-tda
2025-04-06 23:21:07 - INFO - Model original-tda completed in 11.10 seconds.
2025-04-06 23:21:07 - INFO - >>> Model original-tda trained. Accuracy: 0.9837 (11.10 sec.)
2025-04-06 23:21:07 - INFO - Training model: original-bottom_right
2025-04-06 23:21:15 - INFO - Model original-bottom_right completed in 8.76 seconds.
2025-04-06 23:21:15 - INFO - >>> Model original-bottom_right trained. Accuracy: 0.9735 (8.76 sec.)
2025-04-06 23:21:15 - INFO - Training model: top_right-original
2025-04-06 23:21:24 - INFO - Model top_right-original completed in 8.85 seconds.
2025-04-06 23:21:24 - INFO - >>> Model top_right-original trained. Accuracy: 0.9715 (8.85 sec.)
2025-04-06 23:21:24 - INFO - Training model: original-top_left
2025-04-06 23:21:33 - INFO - Model original-top_left completed in 8.80 seconds.
2025-04-06 23:21:33 - INFO - >>> Model original-top_left trained. Accuracy: 0.9723 (8.80 sec.)
2025-04-06 23:21:33 - INFO - Training model: original-tda-bottom_left
2025-04-06 23:21:47 - INFO - Model original-tda-bottom_left completed in 14.05 seconds.
2025-04-06 23:21:47 - INFO - >>> Model original-tda-bottom_left trained. Accuracy: 0.9836 (14.05 sec.)
2025-04-06 23:21:47 - INFO - Training model: original-bottom_left-bottom_right
2025-04-06 23:21:59 - INFO - Model original-bottom_left-bottom_right completed in 12.04 seconds.
2025-04-06 23:21:59 - INFO - >>> Model original-bottom_left-bottom_right trained. Accuracy: 0.9736 (12.04 sec.)
2025-04-06 23:21:59 - INFO - Training model: top_right-original-bottom_left
2025-04-06 23:22:11 - INFO - Model top_right-original-bottom_left completed in 11.83 seconds.
2025-04-06 23:22:11 - INFO - >>> Model top_right-original-bottom_left trained. Accuracy: 0.9734 (11.83 sec.)
2025-04-06 23:22:11 - INFO - Training model: original-top_left-bottom_left
2025-04-06 23:22:23 - INFO - Model original-top_left-bottom_left completed in 11.72 seconds.
2025-04-06 23:22:23 - INFO - >>> Model original-top_left-bottom_left trained. Accuracy: 0.9755 (11.72 sec.)
2025-04-06 23:22:23 - INFO - Training model: original-tda-bottom_right
2025-04-06 23:22:37 - INFO - Model original-tda-bottom_right completed in 14.26 seconds.
2025-04-06 23:22:37 - INFO - >>> Model original-tda-bottom_right trained. Accuracy: 0.9847 (14.26 sec.)
2025-04-06 23:22:37 - INFO - Training model: top_right-original-tda
2025-04-06 23:22:51 - INFO - Model top_right-original-tda completed in 14.38 seconds.
2025-04-06 23:22:51 - INFO - >>> Model top_right-original-tda trained. Accuracy: 0.9844 (14.38 sec.)
2025-04-06 23:22:51 - INFO - Training model: original-tda-top_left
2025-04-06 23:23:05 - INFO - Model original-tda-top_left completed in 14.00 seconds.
2025-04-06 23:23:05 - INFO - >>> Model original-tda-top_left trained. Accuracy: 0.9832 (14.00 sec.)
2025-04-06 23:23:05 - INFO - Training model: top_right-original-bottom_right
2025-04-06 23:23:18 - INFO - Model top_right-original-bottom_right completed in 12.39 seconds.
2025-04-06 23:23:18 - INFO - >>> Model top_right-original-bottom_right trained. Accuracy: 0.9729 (12.39 sec.)
2025-04-06 23:23:18 - INFO - Training model: original-top_left-bottom_right
2025-04-06 23:23:29 - INFO - Model original-top_left-bottom_right completed in 11.69 seconds.
2025-04-06 23:23:29 - INFO - >>> Model original-top_left-bottom_right trained. Accuracy: 0.9741 (11.69 sec.)
2025-04-06 23:23:29 - INFO - Training model: top_right-original-top_left
2025-04-06 23:23:41 - INFO - Model top_right-original-top_left completed in 11.54 seconds.
2025-04-06 23:23:41 - INFO - >>> Model top_right-original-top_left trained. Accuracy: 0.9739 (11.54 sec.)
2025-04-06 23:23:41 - INFO - Training model: original-tda-bottom_left-bottom_right
2025-04-06 23:23:58 - INFO - Model original-tda-bottom_left-bottom_right completed in 17.23 seconds.
2025-04-06 23:23:58 - INFO - >>> Model original-tda-bottom_left-bottom_right trained. Accuracy: 0.9848 (17.23 sec.)
2025-04-06 23:23:58 - INFO - Training model: top_right-original-tda-bottom_left
2025-04-06 23:24:15 - INFO - Model top_right-original-tda-bottom_left completed in 17.09 seconds.
2025-04-06 23:24:15 - INFO - >>> Model top_right-original-tda-bottom_left trained. Accuracy: 0.9834 (17.09 sec.)
2025-04-06 23:24:15 - INFO - Training model: original-tda-top_left-bottom_left
2025-04-06 23:24:32 - INFO - Model original-tda-top_left-bottom_left completed in 17.12 seconds.
2025-04-06 23:24:32 - INFO - >>> Model original-tda-top_left-bottom_left trained. Accuracy: 0.9831 (17.12 sec.)
2025-04-06 23:24:32 - INFO - Training model: top_right-original-bottom_left-bottom_right
2025-04-06 23:24:48 - INFO - Model top_right-original-bottom_left-bottom_right completed in 15.32 seconds.
2025-04-06 23:24:48 - INFO - >>> Model top_right-original-bottom_left-bottom_right trained. Accuracy: 0.9741 (15.32 sec.)
2025-04-06 23:24:48 - INFO - Training model: original-top_left-bottom_left-bottom_right
2025-04-06 23:25:03 - INFO - Model original-top_left-bottom_left-bottom_right completed in 14.89 seconds.
2025-04-06 23:25:03 - INFO - >>> Model original-top_left-bottom_left-bottom_right trained. Accuracy: 0.9771 (14.89 sec.)
2025-04-06 23:25:03 - INFO - Training model: top_right-original-top_left-bottom_left
2025-04-06 23:25:17 - INFO - Model top_right-original-top_left-bottom_left completed in 14.69 seconds.
2025-04-06 23:25:17 - INFO - >>> Model top_right-original-top_left-bottom_left trained. Accuracy: 0.9754 (14.69 sec.)
2025-04-06 23:25:17 - INFO - Training model: top_right-original-tda-bottom_right
2025-04-06 23:25:35 - INFO - Model top_right-original-tda-bottom_right completed in 17.62 seconds.
2025-04-06 23:25:35 - INFO - >>> Model top_right-original-tda-bottom_right trained. Accuracy: 0.9841 (17.62 sec.)
2025-04-06 23:25:35 - INFO - Training model: original-tda-top_left-bottom_right
2025-04-06 23:25:52 - INFO - Model original-tda-top_left-bottom_right completed in 17.27 seconds.
2025-04-06 23:25:52 - INFO - >>> Model original-tda-top_left-bottom_right trained. Accuracy: 0.9841 (17.27 sec.)
2025-04-06 23:25:52 - INFO - Training model: top_right-original-tda-top_left
2025-04-06 23:26:09 - INFO - Model top_right-original-tda-top_left completed in 17.16 seconds.
2025-04-06 23:26:09 - INFO - >>> Model top_right-original-tda-top_left trained. Accuracy: 0.9843 (17.16 sec.)
2025-04-06 23:26:09 - INFO - Training model: top_right-original-top_left-bottom_right
2025-04-06 23:26:25 - INFO - Model top_right-original-top_left-bottom_right completed in 15.26 seconds.
2025-04-06 23:26:25 - INFO - >>> Model top_right-original-top_left-bottom_right trained. Accuracy: 0.9756 (15.26 sec.)
2025-04-06 23:26:25 - INFO - Training model: bottom_left-tda-bottom_right-top_right-original
2025-04-06 23:26:45 - INFO - Model bottom_left-tda-bottom_right-top_right-original completed in 20.42 seconds.
2025-04-06 23:26:45 - INFO - >>> Model bottom_left-tda-bottom_right-top_right-original trained. Accuracy: 0.9850 (20.42 sec.)
2025-04-06 23:26:45 - INFO - Training model: bottom_left-tda-bottom_right-top_left-original
2025-04-06 23:27:06 - INFO - Model bottom_left-tda-bottom_right-top_left-original completed in 20.43 seconds.
2025-04-06 23:27:06 - INFO - >>> Model bottom_left-tda-bottom_right-top_left-original trained. Accuracy: 0.9847 (20.43 sec.)
2025-04-06 23:27:06 - INFO - Training model: bottom_left-tda-top_right-top_left-original
2025-04-06 23:27:26 - INFO - Model bottom_left-tda-top_right-top_left-original completed in 20.09 seconds.
2025-04-06 23:27:26 - INFO - >>> Model bottom_left-tda-top_right-top_left-original trained. Accuracy: 0.9846 (20.09 sec.)
2025-04-06 23:27:26 - INFO - Training model: bottom_left-bottom_right-top_right-top_left-original
2025-04-06 23:27:44 - INFO - Model bottom_left-bottom_right-top_right-top_left-original completed in 18.53 seconds.
2025-04-06 23:27:44 - INFO - >>> Model bottom_left-bottom_right-top_right-top_left-original trained. Accuracy: 0.9776 (18.53 sec.)
2025-04-06 23:27:44 - INFO - Training model: tda-bottom_right-top_right-top_left-original
2025-04-06 23:28:05 - INFO - Model tda-bottom_right-top_right-top_left-original completed in 20.50 seconds.
2025-04-06 23:28:05 - INFO - >>> Model tda-bottom_right-top_right-top_left-original trained. Accuracy: 0.9848 (20.50 sec.)
2025-04-06 23:28:05 - INFO - Training model: bottom_left-tda-bottom_right-top_right-top_left-original
2025-04-06 23:28:28 - INFO - Model bottom_left-tda-bottom_right-top_right-top_left-original completed in 23.25 seconds.
2025-04-06 23:28:28 - INFO - >>> Model bottom_left-tda-bottom_right-top_right-top_left-original trained. Accuracy: 0.9849 (23.25 sec.)
2025-04-06 23:28:28 - INFO - All models trained successfully.
2025-04-06 23:28:28 - INFO - ========== [Model Training Completed] in 7.70 minutes ==========
2025-04-06 23:28:28 - INFO - ========== [Experiment Training Complete] ==========
2025-04-06 23:28:28 - INFO - Results saved to /home/jovyan/Workspace/workspace_mnist/results/exp_noise_icecream/experiment_trainsize_predictions_2025-04-06_23-28-28.json
2025-04-06 23:28:28 - INFO - Results successfully saved to /home/jovyan/Workspace/workspace_mnist/results/exp_noise_icecream/experiment_trainsize_predictions_2025-04-06_23-28-28.json
2025-04-06 23:28:28 - INFO - Garbage collection executed.
2025-04-06 23:28:28 - INFO - ========== [Experiment Completed] in 16.33 minutes ==========
