2025-04-06 14:24:25 - INFO - Logging initialized.
 Writing to /home/jovyan/Workspace/workspace_mnist/logs/exp_noise_icecream/experiment_logs_2025-04-06_14-24-25.log
2025-04-06 14:24:25 - INFO - ========== [Experiment Start] ==========
2025-04-06 14:24:25 - INFO - Views combinations succesfully generated.
2025-04-06 14:24:25 - INFO - Topological Data Analysis pipeline generated.
2025-04-06 14:24:25 - INFO - Generating folder to save results.
2025-04-06 14:24:25 - INFO - Reading dataset in chunks from mnist_784.csv (chunk size: 70000)
2025-04-06 14:24:26 - INFO - Starting multiview data preparation for a chunk of size (70000, 784)...
2025-04-06 14:24:26 - INFO - Running using 22 jobs.
2025-04-06 14:24:26 - INFO - Contaminating dataset with circles using 2.
2025-04-06 14:24:26 - INFO - Splitting data: 10.0% train / 20.0% test (random_state=101577605)
2025-04-06 14:24:26 - INFO - Data split complete. Train size: (5600, 784), Test size: (14000, 784)
2025-04-06 14:24:26 - INFO - Reshaping train and test data into square images...
2025-04-06 14:24:26 - INFO - Reshaping complete. Train images: (5600, 28, 28), Test images: (14000, 28, 28)
2025-04-06 14:24:26 - INFO - Splitting images into quadrant views...
2025-04-06 14:24:26 - INFO - Quadrant view splitting complete. Train views: 4, Test views: 4
2025-04-06 14:24:26 - INFO - >> Starting TDA pipeline transformation on train data...
2025-04-06 14:25:16 - INFO - >> TDA transformation for train data completed (0.83 minutes).
2025-04-06 14:25:16 - INFO - >> Applying TDA pipeline transformation on test data...
2025-04-06 14:27:17 - INFO - >> TDA transformation for test data completed (2.01 minutes).
2025-04-06 14:27:17 - INFO - ========== [Model Training Start] ==========
2025-04-06 14:27:17 - INFO - Training model: original
2025-04-06 14:27:17 - INFO - Model original completed in 0.21 seconds.
2025-04-06 14:27:17 - INFO - >>> Model original trained. Accuracy: 0.9398 (0.21 sec.)
2025-04-06 14:27:17 - INFO - Training model: original-bottom_left
2025-04-06 14:27:21 - INFO - Model original-bottom_left completed in 4.38 seconds.
2025-04-06 14:27:21 - INFO - >>> Model original-bottom_left trained. Accuracy: 0.9424 (4.38 sec.)
2025-04-06 14:27:21 - INFO - Training model: original-tda
2025-04-06 14:27:25 - INFO - Model original-tda completed in 3.70 seconds.
2025-04-06 14:27:25 - INFO - >>> Model original-tda trained. Accuracy: 0.9714 (3.70 sec.)
2025-04-06 14:27:25 - INFO - Training model: original-bottom_right
2025-04-06 14:27:29 - INFO - Model original-bottom_right completed in 4.11 seconds.
2025-04-06 14:27:29 - INFO - >>> Model original-bottom_right trained. Accuracy: 0.9444 (4.11 sec.)
2025-04-06 14:27:29 - INFO - Training model: top_right-original
2025-04-06 14:27:33 - INFO - Model top_right-original completed in 4.32 seconds.
2025-04-06 14:27:33 - INFO - >>> Model top_right-original trained. Accuracy: 0.9456 (4.32 sec.)
2025-04-06 14:27:33 - INFO - Training model: original-top_left
2025-04-06 14:27:38 - INFO - Model original-top_left completed in 4.11 seconds.
2025-04-06 14:27:38 - INFO - >>> Model original-top_left trained. Accuracy: 0.9432 (4.11 sec.)
2025-04-06 14:27:38 - INFO - Training model: original-tda-bottom_left
2025-04-06 14:27:44 - INFO - Model original-tda-bottom_left completed in 6.02 seconds.
2025-04-06 14:27:44 - INFO - >>> Model original-tda-bottom_left trained. Accuracy: 0.9679 (6.02 sec.)
2025-04-06 14:27:44 - INFO - Training model: original-bottom_left-bottom_right
2025-04-06 14:27:50 - INFO - Model original-bottom_left-bottom_right completed in 6.36 seconds.
2025-04-06 14:27:50 - INFO - >>> Model original-bottom_left-bottom_right trained. Accuracy: 0.9472 (6.36 sec.)
2025-04-06 14:27:50 - INFO - Training model: top_right-original-bottom_left
2025-04-06 14:27:56 - INFO - Model top_right-original-bottom_left completed in 6.07 seconds.
2025-04-06 14:27:56 - INFO - >>> Model top_right-original-bottom_left trained. Accuracy: 0.9482 (6.07 sec.)
2025-04-06 14:27:56 - INFO - Training model: original-top_left-bottom_left
2025-04-06 14:28:03 - INFO - Model original-top_left-bottom_left completed in 6.65 seconds.
2025-04-06 14:28:03 - INFO - >>> Model original-top_left-bottom_left trained. Accuracy: 0.9455 (6.65 sec.)
2025-04-06 14:28:03 - INFO - Training model: original-tda-bottom_right
2025-04-06 14:28:09 - INFO - Model original-tda-bottom_right completed in 6.05 seconds.
2025-04-06 14:28:09 - INFO - >>> Model original-tda-bottom_right trained. Accuracy: 0.9720 (6.05 sec.)
2025-04-06 14:28:09 - INFO - Training model: top_right-original-tda
2025-04-06 14:28:15 - INFO - Model top_right-original-tda completed in 5.90 seconds.
2025-04-06 14:28:15 - INFO - >>> Model top_right-original-tda trained. Accuracy: 0.9714 (5.90 sec.)
2025-04-06 14:28:15 - INFO - Training model: original-tda-top_left
2025-04-06 14:28:21 - INFO - Model original-tda-top_left completed in 5.96 seconds.
2025-04-06 14:28:21 - INFO - >>> Model original-tda-top_left trained. Accuracy: 0.9688 (5.96 sec.)
2025-04-06 14:28:21 - INFO - Training model: top_right-original-bottom_right
2025-04-06 14:28:27 - INFO - Model top_right-original-bottom_right completed in 5.99 seconds.
2025-04-06 14:28:27 - INFO - >>> Model top_right-original-bottom_right trained. Accuracy: 0.9494 (5.99 sec.)
2025-04-06 14:28:27 - INFO - Training model: original-top_left-bottom_right
2025-04-06 14:28:33 - INFO - Model original-top_left-bottom_right completed in 6.42 seconds.
2025-04-06 14:28:33 - INFO - >>> Model original-top_left-bottom_right trained. Accuracy: 0.9484 (6.42 sec.)
2025-04-06 14:28:33 - INFO - Training model: top_right-original-top_left
2025-04-06 14:28:40 - INFO - Model top_right-original-top_left completed in 6.51 seconds.
2025-04-06 14:28:40 - INFO - >>> Model top_right-original-top_left trained. Accuracy: 0.9496 (6.51 sec.)
2025-04-06 14:28:40 - INFO - Training model: original-tda-bottom_left-bottom_right
2025-04-06 14:28:47 - INFO - Model original-tda-bottom_left-bottom_right completed in 7.84 seconds.
2025-04-06 14:28:47 - INFO - >>> Model original-tda-bottom_left-bottom_right trained. Accuracy: 0.9695 (7.84 sec.)
2025-04-06 14:28:47 - INFO - Training model: top_right-original-tda-bottom_left
2025-04-06 14:28:55 - INFO - Model top_right-original-tda-bottom_left completed in 7.92 seconds.
2025-04-06 14:28:55 - INFO - >>> Model top_right-original-tda-bottom_left trained. Accuracy: 0.9714 (7.92 sec.)
2025-04-06 14:28:55 - INFO - Training model: original-tda-top_left-bottom_left
2025-04-06 14:29:03 - INFO - Model original-tda-top_left-bottom_left completed in 7.91 seconds.
2025-04-06 14:29:03 - INFO - >>> Model original-tda-top_left-bottom_left trained. Accuracy: 0.9695 (7.91 sec.)
2025-04-06 14:29:03 - INFO - Training model: top_right-original-bottom_left-bottom_right
2025-04-06 14:29:12 - INFO - Model top_right-original-bottom_left-bottom_right completed in 8.53 seconds.
2025-04-06 14:29:12 - INFO - >>> Model top_right-original-bottom_left-bottom_right trained. Accuracy: 0.9507 (8.53 sec.)
2025-04-06 14:29:12 - INFO - Training model: original-top_left-bottom_left-bottom_right
2025-04-06 14:29:21 - INFO - Model original-top_left-bottom_left-bottom_right completed in 8.78 seconds.
2025-04-06 14:29:21 - INFO - >>> Model original-top_left-bottom_left-bottom_right trained. Accuracy: 0.9511 (8.78 sec.)
2025-04-06 14:29:21 - INFO - Training model: top_right-original-top_left-bottom_left
2025-04-06 14:29:29 - INFO - Model top_right-original-top_left-bottom_left completed in 8.58 seconds.
2025-04-06 14:29:29 - INFO - >>> Model top_right-original-top_left-bottom_left trained. Accuracy: 0.9528 (8.58 sec.)
2025-04-06 14:29:29 - INFO - Training model: top_right-original-tda-bottom_right
2025-04-06 14:29:37 - INFO - Model top_right-original-tda-bottom_right completed in 7.92 seconds.
2025-04-06 14:29:37 - INFO - >>> Model top_right-original-tda-bottom_right trained. Accuracy: 0.9744 (7.92 sec.)
2025-04-06 14:29:37 - INFO - Training model: original-tda-top_left-bottom_right
2025-04-06 14:29:45 - INFO - Model original-tda-top_left-bottom_right completed in 7.83 seconds.
2025-04-06 14:29:45 - INFO - >>> Model original-tda-top_left-bottom_right trained. Accuracy: 0.9721 (7.83 sec.)
2025-04-06 14:29:45 - INFO - Training model: top_right-original-tda-top_left
2025-04-06 14:29:53 - INFO - Model top_right-original-tda-top_left completed in 8.05 seconds.
2025-04-06 14:29:53 - INFO - >>> Model top_right-original-tda-top_left trained. Accuracy: 0.9702 (8.05 sec.)
2025-04-06 14:29:53 - INFO - Training model: top_right-original-top_left-bottom_right
2025-04-06 14:30:02 - INFO - Model top_right-original-top_left-bottom_right completed in 8.69 seconds.
2025-04-06 14:30:02 - INFO - >>> Model top_right-original-top_left-bottom_right trained. Accuracy: 0.9522 (8.69 sec.)
2025-04-06 14:30:02 - INFO - Training model: bottom_left-tda-bottom_right-top_right-original
2025-04-06 14:30:12 - INFO - Model bottom_left-tda-bottom_right-top_right-original completed in 10.16 seconds.
2025-04-06 14:30:12 - INFO - >>> Model bottom_left-tda-bottom_right-top_right-original trained. Accuracy: 0.9726 (10.16 sec.)
2025-04-06 14:30:12 - INFO - Training model: bottom_left-tda-bottom_right-top_left-original
2025-04-06 14:30:23 - INFO - Model bottom_left-tda-bottom_right-top_left-original completed in 10.69 seconds.
2025-04-06 14:30:23 - INFO - >>> Model bottom_left-tda-bottom_right-top_left-original trained. Accuracy: 0.9721 (10.69 sec.)
2025-04-06 14:30:23 - INFO - Training model: bottom_left-tda-top_right-top_left-original
2025-04-06 14:30:33 - INFO - Model bottom_left-tda-top_right-top_left-original completed in 10.51 seconds.
2025-04-06 14:30:33 - INFO - >>> Model bottom_left-tda-top_right-top_left-original trained. Accuracy: 0.9706 (10.51 sec.)
2025-04-06 14:30:33 - INFO - Training model: bottom_left-bottom_right-top_right-top_left-original
2025-04-06 14:30:44 - INFO - Model bottom_left-bottom_right-top_right-top_left-original completed in 10.76 seconds.
2025-04-06 14:30:44 - INFO - >>> Model bottom_left-bottom_right-top_right-top_left-original trained. Accuracy: 0.9541 (10.76 sec.)
2025-04-06 14:30:44 - INFO - Training model: tda-bottom_right-top_right-top_left-original
2025-04-06 14:30:54 - INFO - Model tda-bottom_right-top_right-top_left-original completed in 10.67 seconds.
2025-04-06 14:30:54 - INFO - >>> Model tda-bottom_right-top_right-top_left-original trained. Accuracy: 0.9719 (10.67 sec.)
2025-04-06 14:30:54 - INFO - Training model: bottom_left-tda-bottom_right-top_right-top_left-original
2025-04-06 14:31:07 - INFO - Model bottom_left-tda-bottom_right-top_right-top_left-original completed in 12.28 seconds.
2025-04-06 14:31:07 - INFO - >>> Model bottom_left-tda-bottom_right-top_right-top_left-original trained. Accuracy: 0.9734 (12.28 sec.)
2025-04-06 14:31:07 - INFO - All models trained successfully.
2025-04-06 14:31:07 - INFO - ========== [Model Training Completed] in 3.83 minutes ==========
2025-04-06 14:31:07 - INFO - ========== [Experiment Training Complete] ==========
2025-04-06 14:31:07 - INFO - Results saved to /home/jovyan/Workspace/workspace_mnist/results/exp_noise_icecream/experiment_trainsize_predictions_2025-04-06_14-31-07.json
2025-04-06 14:31:07 - INFO - Results successfully saved to /home/jovyan/Workspace/workspace_mnist/results/exp_noise_icecream/experiment_trainsize_predictions_2025-04-06_14-31-07.json
2025-04-06 14:31:07 - INFO - Garbage collection executed.
2025-04-06 14:31:07 - INFO - ========== [Experiment Completed] in 6.69 minutes ==========
