2025-04-06 19:34:25 - INFO - Logging initialized.
 Writing to /home/jovyan/Workspace/workspace_mnist/logs/exp_noise_icecream/experiment_logs_2025-04-06_19-34-25.log
2025-04-06 19:34:25 - INFO - ========== [Experiment Start] ==========
2025-04-06 19:34:25 - INFO - Views combinations succesfully generated.
2025-04-06 19:34:25 - INFO - Topological Data Analysis pipeline generated.
2025-04-06 19:34:25 - INFO - Generating folder to save results.
2025-04-06 19:34:25 - INFO - Reading dataset in chunks from mnist_784.csv (chunk size: 70000)
2025-04-06 19:34:26 - INFO - Starting multiview data preparation for a chunk of size (70000, 784)...
2025-04-06 19:34:26 - INFO - Running using 22 jobs.
2025-04-06 19:34:26 - INFO - Contaminating dataset with circles using 2.
2025-04-06 19:34:26 - INFO - Splitting data: 80.0% train / 20.0% test (random_state=663904535)
2025-04-06 19:34:26 - INFO - Data split complete. Train size: (44800, 784), Test size: (14000, 784)
2025-04-06 19:34:26 - INFO - Reshaping train and test data into square images...
2025-04-06 19:34:26 - INFO - Reshaping complete. Train images: (44800, 28, 28), Test images: (14000, 28, 28)
2025-04-06 19:34:26 - INFO - Splitting images into quadrant views...
2025-04-06 19:34:26 - INFO - Quadrant view splitting complete. Train views: 4, Test views: 4
2025-04-06 19:34:26 - INFO - >> Starting TDA pipeline transformation on train data...
2025-04-06 19:40:58 - INFO - >> TDA transformation for train data completed (6.53 minutes).
2025-04-06 19:40:58 - INFO - >> Applying TDA pipeline transformation on test data...
2025-04-06 19:42:59 - INFO - >> TDA transformation for test data completed (2.01 minutes).
2025-04-06 19:42:59 - INFO - ========== [Model Training Start] ==========
2025-04-06 19:42:59 - INFO - Training model: original
2025-04-06 19:43:00 - INFO - Model original completed in 1.07 seconds.
2025-04-06 19:43:00 - INFO - >>> Model original trained. Accuracy: 0.9661 (1.07 sec.)
2025-04-06 19:43:00 - INFO - Training model: original-bottom_left
2025-04-06 19:43:09 - INFO - Model original-bottom_left completed in 9.03 seconds.
2025-04-06 19:43:09 - INFO - >>> Model original-bottom_left trained. Accuracy: 0.9694 (9.03 sec.)
2025-04-06 19:43:09 - INFO - Training model: original-tda
2025-04-06 19:43:20 - INFO - Model original-tda completed in 10.84 seconds.
2025-04-06 19:43:20 - INFO - >>> Model original-tda trained. Accuracy: 0.9841 (10.84 sec.)
2025-04-06 19:43:20 - INFO - Training model: original-bottom_right
2025-04-06 19:43:28 - INFO - Model original-bottom_right completed in 8.69 seconds.
2025-04-06 19:43:28 - INFO - >>> Model original-bottom_right trained. Accuracy: 0.9711 (8.69 sec.)
2025-04-06 19:43:28 - INFO - Training model: top_right-original
2025-04-06 19:43:37 - INFO - Model top_right-original completed in 8.98 seconds.
2025-04-06 19:43:37 - INFO - >>> Model top_right-original trained. Accuracy: 0.9686 (8.98 sec.)
2025-04-06 19:43:37 - INFO - Training model: original-top_left
2025-04-06 19:43:46 - INFO - Model original-top_left completed in 8.51 seconds.
2025-04-06 19:43:46 - INFO - >>> Model original-top_left trained. Accuracy: 0.9701 (8.51 sec.)
2025-04-06 19:43:46 - INFO - Training model: original-tda-bottom_left
2025-04-06 19:44:00 - INFO - Model original-tda-bottom_left completed in 13.99 seconds.
2025-04-06 19:44:00 - INFO - >>> Model original-tda-bottom_left trained. Accuracy: 0.9831 (13.99 sec.)
2025-04-06 19:44:00 - INFO - Training model: original-bottom_left-bottom_right
2025-04-06 19:44:12 - INFO - Model original-bottom_left-bottom_right completed in 11.84 seconds.
2025-04-06 19:44:12 - INFO - >>> Model original-bottom_left-bottom_right trained. Accuracy: 0.9711 (11.84 sec.)
2025-04-06 19:44:12 - INFO - Training model: top_right-original-bottom_left
2025-04-06 19:44:23 - INFO - Model top_right-original-bottom_left completed in 11.70 seconds.
2025-04-06 19:44:23 - INFO - >>> Model top_right-original-bottom_left trained. Accuracy: 0.9706 (11.70 sec.)
2025-04-06 19:44:23 - INFO - Training model: original-top_left-bottom_left
2025-04-06 19:44:35 - INFO - Model original-top_left-bottom_left completed in 11.41 seconds.
2025-04-06 19:44:35 - INFO - >>> Model original-top_left-bottom_left trained. Accuracy: 0.9715 (11.41 sec.)
2025-04-06 19:44:35 - INFO - Training model: original-tda-bottom_right
2025-04-06 19:44:49 - INFO - Model original-tda-bottom_right completed in 14.13 seconds.
2025-04-06 19:44:49 - INFO - >>> Model original-tda-bottom_right trained. Accuracy: 0.9836 (14.13 sec.)
2025-04-06 19:44:49 - INFO - Training model: top_right-original-tda
2025-04-06 19:45:03 - INFO - Model top_right-original-tda completed in 14.39 seconds.
2025-04-06 19:45:03 - INFO - >>> Model top_right-original-tda trained. Accuracy: 0.9842 (14.39 sec.)
2025-04-06 19:45:03 - INFO - Training model: original-tda-top_left
2025-04-06 19:45:17 - INFO - Model original-tda-top_left completed in 13.98 seconds.
2025-04-06 19:45:17 - INFO - >>> Model original-tda-top_left trained. Accuracy: 0.9836 (13.98 sec.)
2025-04-06 19:45:17 - INFO - Training model: top_right-original-bottom_right
2025-04-06 19:45:30 - INFO - Model top_right-original-bottom_right completed in 12.20 seconds.
2025-04-06 19:45:30 - INFO - >>> Model top_right-original-bottom_right trained. Accuracy: 0.9711 (12.20 sec.)
2025-04-06 19:45:30 - INFO - Training model: original-top_left-bottom_right
2025-04-06 19:45:41 - INFO - Model original-top_left-bottom_right completed in 11.93 seconds.
2025-04-06 19:45:41 - INFO - >>> Model original-top_left-bottom_right trained. Accuracy: 0.9733 (11.93 sec.)
2025-04-06 19:45:41 - INFO - Training model: top_right-original-top_left
2025-04-06 19:45:53 - INFO - Model top_right-original-top_left completed in 11.73 seconds.
2025-04-06 19:45:53 - INFO - >>> Model top_right-original-top_left trained. Accuracy: 0.9714 (11.73 sec.)
2025-04-06 19:45:53 - INFO - Training model: original-tda-bottom_left-bottom_right
2025-04-06 19:46:11 - INFO - Model original-tda-bottom_left-bottom_right completed in 17.51 seconds.
2025-04-06 19:46:11 - INFO - >>> Model original-tda-bottom_left-bottom_right trained. Accuracy: 0.9826 (17.51 sec.)
2025-04-06 19:46:11 - INFO - Training model: top_right-original-tda-bottom_left
2025-04-06 19:46:28 - INFO - Model top_right-original-tda-bottom_left completed in 16.92 seconds.
2025-04-06 19:46:28 - INFO - >>> Model top_right-original-tda-bottom_left trained. Accuracy: 0.9834 (16.92 sec.)
2025-04-06 19:46:28 - INFO - Training model: original-tda-top_left-bottom_left
2025-04-06 19:46:45 - INFO - Model original-tda-top_left-bottom_left completed in 17.08 seconds.
2025-04-06 19:46:45 - INFO - >>> Model original-tda-top_left-bottom_left trained. Accuracy: 0.9828 (17.08 sec.)
2025-04-06 19:46:45 - INFO - Training model: top_right-original-bottom_left-bottom_right
2025-04-06 19:47:00 - INFO - Model top_right-original-bottom_left-bottom_right completed in 15.11 seconds.
2025-04-06 19:47:00 - INFO - >>> Model top_right-original-bottom_left-bottom_right trained. Accuracy: 0.9724 (15.11 sec.)
2025-04-06 19:47:00 - INFO - Training model: original-top_left-bottom_left-bottom_right
2025-04-06 19:47:15 - INFO - Model original-top_left-bottom_left-bottom_right completed in 14.89 seconds.
2025-04-06 19:47:15 - INFO - >>> Model original-top_left-bottom_left-bottom_right trained. Accuracy: 0.9736 (14.89 sec.)
2025-04-06 19:47:15 - INFO - Training model: top_right-original-top_left-bottom_left
2025-04-06 19:47:29 - INFO - Model top_right-original-top_left-bottom_left completed in 14.54 seconds.
2025-04-06 19:47:29 - INFO - >>> Model top_right-original-top_left-bottom_left trained. Accuracy: 0.9731 (14.54 sec.)
2025-04-06 19:47:29 - INFO - Training model: top_right-original-tda-bottom_right
2025-04-06 19:47:47 - INFO - Model top_right-original-tda-bottom_right completed in 17.35 seconds.
2025-04-06 19:47:47 - INFO - >>> Model top_right-original-tda-bottom_right trained. Accuracy: 0.9839 (17.35 sec.)
2025-04-06 19:47:47 - INFO - Training model: original-tda-top_left-bottom_right
2025-04-06 19:48:04 - INFO - Model original-tda-top_left-bottom_right completed in 17.08 seconds.
2025-04-06 19:48:04 - INFO - >>> Model original-tda-top_left-bottom_right trained. Accuracy: 0.9845 (17.08 sec.)
2025-04-06 19:48:04 - INFO - Training model: top_right-original-tda-top_left
2025-04-06 19:48:20 - INFO - Model top_right-original-tda-top_left completed in 16.77 seconds.
2025-04-06 19:48:20 - INFO - >>> Model top_right-original-tda-top_left trained. Accuracy: 0.9838 (16.77 sec.)
2025-04-06 19:48:20 - INFO - Training model: top_right-original-top_left-bottom_right
2025-04-06 19:48:36 - INFO - Model top_right-original-top_left-bottom_right completed in 15.18 seconds.
2025-04-06 19:48:36 - INFO - >>> Model top_right-original-top_left-bottom_right trained. Accuracy: 0.9744 (15.18 sec.)
2025-04-06 19:48:36 - INFO - Training model: bottom_left-tda-bottom_right-top_right-original
2025-04-06 19:48:56 - INFO - Model bottom_left-tda-bottom_right-top_right-original completed in 20.56 seconds.
2025-04-06 19:48:56 - INFO - >>> Model bottom_left-tda-bottom_right-top_right-original trained. Accuracy: 0.9834 (20.56 sec.)
2025-04-06 19:48:56 - INFO - Training model: bottom_left-tda-bottom_right-top_left-original
2025-04-06 19:49:17 - INFO - Model bottom_left-tda-bottom_right-top_left-original completed in 20.49 seconds.
2025-04-06 19:49:17 - INFO - >>> Model bottom_left-tda-bottom_right-top_left-original trained. Accuracy: 0.9839 (20.49 sec.)
2025-04-06 19:49:17 - INFO - Training model: bottom_left-tda-top_right-top_left-original
2025-04-06 19:49:37 - INFO - Model bottom_left-tda-top_right-top_left-original completed in 20.06 seconds.
2025-04-06 19:49:37 - INFO - >>> Model bottom_left-tda-top_right-top_left-original trained. Accuracy: 0.9837 (20.06 sec.)
2025-04-06 19:49:37 - INFO - Training model: bottom_left-bottom_right-top_right-top_left-original
2025-04-06 19:49:55 - INFO - Model bottom_left-bottom_right-top_right-top_left-original completed in 17.79 seconds.
2025-04-06 19:49:55 - INFO - >>> Model bottom_left-bottom_right-top_right-top_left-original trained. Accuracy: 0.9756 (17.79 sec.)
2025-04-06 19:49:55 - INFO - Training model: tda-bottom_right-top_right-top_left-original
2025-04-06 19:50:15 - INFO - Model tda-bottom_right-top_right-top_left-original completed in 20.41 seconds.
2025-04-06 19:50:15 - INFO - >>> Model tda-bottom_right-top_right-top_left-original trained. Accuracy: 0.9851 (20.41 sec.)
2025-04-06 19:50:15 - INFO - Training model: bottom_left-tda-bottom_right-top_right-top_left-original
2025-04-06 19:50:39 - INFO - Model bottom_left-tda-bottom_right-top_right-top_left-original completed in 23.64 seconds.
2025-04-06 19:50:39 - INFO - >>> Model bottom_left-tda-bottom_right-top_right-top_left-original trained. Accuracy: 0.9848 (23.64 sec.)
2025-04-06 19:50:39 - INFO - All models trained successfully.
2025-04-06 19:50:39 - INFO - ========== [Model Training Completed] in 7.67 minutes ==========
2025-04-06 19:50:39 - INFO - ========== [Experiment Training Complete] ==========
2025-04-06 19:50:39 - INFO - Results saved to /home/jovyan/Workspace/workspace_mnist/results/exp_noise_icecream/experiment_trainsize_predictions_2025-04-06_19-50-39.json
2025-04-06 19:50:39 - INFO - Results successfully saved to /home/jovyan/Workspace/workspace_mnist/results/exp_noise_icecream/experiment_trainsize_predictions_2025-04-06_19-50-39.json
2025-04-06 19:50:39 - INFO - Garbage collection executed.
2025-04-06 19:50:39 - INFO - ========== [Experiment Completed] in 16.23 minutes ==========
