2025-03-22 21:11:01 - INFO - Logging initialized.
 Writing to /home/jovyan/Workspace/workspace_mnist/logs/exp_noise_icecream/experiment_logs_2025-03-22_21-11-01.log
2025-03-22 21:11:01 - INFO - ========== [Experiment Start] ==========
2025-03-22 21:11:01 - INFO - Views combinations succesfully generated.
2025-03-22 21:11:01 - INFO - Topological Data Analysis pipeline generated.
2025-03-22 21:11:01 - INFO - Generating folder to save results.
2025-03-22 21:11:01 - INFO - Reading dataset in chunks from mnist_784.csv (chunk size: 70000)
2025-03-22 21:11:02 - INFO - Starting multiview data preparation for a chunk of size (70000, 784)...
2025-03-22 21:11:02 - INFO - Running using 16 jobs.
2025-03-22 21:11:02 - INFO - Contaminating dataset with lines using 23.
2025-03-22 21:11:12 - INFO - Splitting data: 17.8% train / 20.0% test (random_state=323447783)
2025-03-22 21:11:12 - INFO - Data split complete. Train size: (9955, 784), Test size: (14000, 784)
2025-03-22 21:11:12 - INFO - Reshaping train and test data into square images...
2025-03-22 21:11:12 - INFO - Reshaping complete. Train images: (9955, 28, 28), Test images: (14000, 28, 28)
2025-03-22 21:11:12 - INFO - Splitting images into quadrant views...
2025-03-22 21:11:12 - INFO - Quadrant view splitting complete. Train views: 4, Test views: 4
2025-03-22 21:11:12 - INFO - >> Starting TDA pipeline transformation on train data...
2025-03-22 21:13:08 - INFO - >> TDA transformation for train data completed (1.93 minutes).
2025-03-22 21:13:08 - INFO - >> Applying TDA pipeline transformation on test data...
2025-03-22 21:15:48 - INFO - >> TDA transformation for test data completed (2.67 minutes).
2025-03-22 21:15:48 - INFO - ========== [Model Training Start] ==========
2025-03-22 21:15:48 - INFO - Training model: original
2025-03-22 21:15:48 - INFO - Model original completed in 0.41 seconds.
2025-03-22 21:15:48 - INFO - >>> Model original trained. Accuracy: 0.8412 (0.41 sec.)
2025-03-22 21:15:48 - INFO - Training model: bottom_left-original
2025-03-22 21:15:52 - INFO - Model bottom_left-original completed in 4.16 seconds.
2025-03-22 21:15:52 - INFO - >>> Model bottom_left-original trained. Accuracy: 0.8529 (4.16 sec.)
2025-03-22 21:15:52 - INFO - Training model: top_left-original
2025-03-22 21:15:56 - INFO - Model top_left-original completed in 4.14 seconds.
2025-03-22 21:15:56 - INFO - >>> Model top_left-original trained. Accuracy: 0.8581 (4.14 sec.)
2025-03-22 21:15:56 - INFO - Training model: original-top_right
2025-03-22 21:16:01 - INFO - Model original-top_right completed in 4.19 seconds.
2025-03-22 21:16:01 - INFO - >>> Model original-top_right trained. Accuracy: 0.8639 (4.19 sec.)
2025-03-22 21:16:01 - INFO - Training model: bottom_right-original
2025-03-22 21:16:05 - INFO - Model bottom_right-original completed in 4.30 seconds.
2025-03-22 21:16:05 - INFO - >>> Model bottom_right-original trained. Accuracy: 0.8536 (4.30 sec.)
2025-03-22 21:16:05 - INFO - Training model: tda-original
2025-03-22 21:16:12 - INFO - Model tda-original completed in 6.79 seconds.
2025-03-22 21:16:12 - INFO - >>> Model tda-original trained. Accuracy: 0.8417 (6.79 sec.)
2025-03-22 21:16:12 - INFO - Training model: bottom_left-top_left-original
2025-03-22 21:16:17 - INFO - Model bottom_left-top_left-original completed in 5.69 seconds.
2025-03-22 21:16:17 - INFO - >>> Model bottom_left-top_left-original trained. Accuracy: 0.8662 (5.69 sec.)
2025-03-22 21:16:17 - INFO - Training model: bottom_left-original-top_right
2025-03-22 21:16:23 - INFO - Model bottom_left-original-top_right completed in 5.76 seconds.
2025-03-22 21:16:23 - INFO - >>> Model bottom_left-original-top_right trained. Accuracy: 0.8721 (5.76 sec.)
2025-03-22 21:16:23 - INFO - Training model: bottom_right-bottom_left-original
2025-03-22 21:16:29 - INFO - Model bottom_right-bottom_left-original completed in 5.93 seconds.
2025-03-22 21:16:29 - INFO - >>> Model bottom_right-bottom_left-original trained. Accuracy: 0.8588 (5.93 sec.)
2025-03-22 21:16:29 - INFO - Training model: bottom_left-tda-original
2025-03-22 21:16:37 - INFO - Model bottom_left-tda-original completed in 8.30 seconds.
2025-03-22 21:16:37 - INFO - >>> Model bottom_left-tda-original trained. Accuracy: 0.8499 (8.30 sec.)
2025-03-22 21:16:37 - INFO - Training model: top_left-original-top_right
2025-03-22 21:16:43 - INFO - Model top_left-original-top_right completed in 5.88 seconds.
2025-03-22 21:16:43 - INFO - >>> Model top_left-original-top_right trained. Accuracy: 0.8743 (5.88 sec.)
2025-03-22 21:16:43 - INFO - Training model: bottom_right-top_left-original
2025-03-22 21:16:49 - INFO - Model bottom_right-top_left-original completed in 6.01 seconds.
2025-03-22 21:16:49 - INFO - >>> Model bottom_right-top_left-original trained. Accuracy: 0.8650 (6.01 sec.)
2025-03-22 21:16:49 - INFO - Training model: top_left-tda-original
2025-03-22 21:16:58 - INFO - Model top_left-tda-original completed in 8.44 seconds.
2025-03-22 21:16:58 - INFO - >>> Model top_left-tda-original trained. Accuracy: 0.8533 (8.44 sec.)
2025-03-22 21:16:58 - INFO - Training model: bottom_right-original-top_right
2025-03-22 21:17:04 - INFO - Model bottom_right-original-top_right completed in 5.75 seconds.
2025-03-22 21:17:04 - INFO - >>> Model bottom_right-original-top_right trained. Accuracy: 0.8717 (5.75 sec.)
2025-03-22 21:17:04 - INFO - Training model: tda-original-top_right
2025-03-22 21:17:12 - INFO - Model tda-original-top_right completed in 8.35 seconds.
2025-03-22 21:17:12 - INFO - >>> Model tda-original-top_right trained. Accuracy: 0.8616 (8.35 sec.)
2025-03-22 21:17:12 - INFO - Training model: bottom_right-tda-original
2025-03-22 21:17:20 - INFO - Model bottom_right-tda-original completed in 8.36 seconds.
2025-03-22 21:17:20 - INFO - >>> Model bottom_right-tda-original trained. Accuracy: 0.8490 (8.36 sec.)
2025-03-22 21:17:20 - INFO - Training model: bottom_left-top_left-original-top_right
2025-03-22 21:17:27 - INFO - Model bottom_left-top_left-original-top_right completed in 7.10 seconds.
2025-03-22 21:17:27 - INFO - >>> Model bottom_left-top_left-original-top_right trained. Accuracy: 0.8859 (7.10 sec.)
2025-03-22 21:17:27 - INFO - Training model: bottom_right-bottom_left-top_left-original
2025-03-22 21:17:35 - INFO - Model bottom_right-bottom_left-top_left-original completed in 7.44 seconds.
2025-03-22 21:17:35 - INFO - >>> Model bottom_right-bottom_left-top_left-original trained. Accuracy: 0.8742 (7.44 sec.)
2025-03-22 21:17:35 - INFO - Training model: bottom_left-top_left-tda-original
2025-03-22 21:17:45 - INFO - Model bottom_left-top_left-tda-original completed in 10.04 seconds.
2025-03-22 21:17:45 - INFO - >>> Model bottom_left-top_left-tda-original trained. Accuracy: 0.8624 (10.04 sec.)
2025-03-22 21:17:45 - INFO - Training model: bottom_right-bottom_left-original-top_right
2025-03-22 21:17:52 - INFO - Model bottom_right-bottom_left-original-top_right completed in 7.52 seconds.
2025-03-22 21:17:52 - INFO - >>> Model bottom_right-bottom_left-original-top_right trained. Accuracy: 0.8814 (7.52 sec.)
2025-03-22 21:17:52 - INFO - Training model: bottom_left-tda-original-top_right
2025-03-22 21:18:03 - INFO - Model bottom_left-tda-original-top_right completed in 10.32 seconds.
2025-03-22 21:18:03 - INFO - >>> Model bottom_left-tda-original-top_right trained. Accuracy: 0.8679 (10.32 sec.)
2025-03-22 21:18:03 - INFO - Training model: bottom_right-bottom_left-tda-original
2025-03-22 21:18:13 - INFO - Model bottom_right-bottom_left-tda-original completed in 10.13 seconds.
2025-03-22 21:18:13 - INFO - >>> Model bottom_right-bottom_left-tda-original trained. Accuracy: 0.8566 (10.13 sec.)
2025-03-22 21:18:13 - INFO - Training model: bottom_right-top_left-original-top_right
2025-03-22 21:18:20 - INFO - Model bottom_right-top_left-original-top_right completed in 7.50 seconds.
2025-03-22 21:18:20 - INFO - >>> Model bottom_right-top_left-original-top_right trained. Accuracy: 0.8832 (7.50 sec.)
2025-03-22 21:18:20 - INFO - Training model: top_left-tda-original-top_right
2025-03-22 21:18:31 - INFO - Model top_left-tda-original-top_right completed in 10.39 seconds.
2025-03-22 21:18:31 - INFO - >>> Model top_left-tda-original-top_right trained. Accuracy: 0.8734 (10.39 sec.)
2025-03-22 21:18:31 - INFO - Training model: bottom_right-top_left-tda-original
2025-03-22 21:18:41 - INFO - Model bottom_right-top_left-tda-original completed in 10.04 seconds.
2025-03-22 21:18:41 - INFO - >>> Model bottom_right-top_left-tda-original trained. Accuracy: 0.8638 (10.04 sec.)
2025-03-22 21:18:41 - INFO - Training model: bottom_right-tda-original-top_right
2025-03-22 21:18:51 - INFO - Model bottom_right-tda-original-top_right completed in 10.05 seconds.
2025-03-22 21:18:51 - INFO - >>> Model bottom_right-tda-original-top_right trained. Accuracy: 0.8681 (10.05 sec.)
2025-03-22 21:18:51 - INFO - Training model: bottom_left-top_left-top_right-bottom_right-original
2025-03-22 21:19:00 - INFO - Model bottom_left-top_left-top_right-bottom_right-original completed in 9.11 seconds.
2025-03-22 21:19:00 - INFO - >>> Model bottom_left-top_left-top_right-bottom_right-original trained. Accuracy: 0.8944 (9.11 sec.)
2025-03-22 21:19:00 - INFO - Training model: bottom_left-top_left-top_right-tda-original
2025-03-22 21:19:12 - INFO - Model bottom_left-top_left-top_right-tda-original completed in 11.76 seconds.
2025-03-22 21:19:12 - INFO - >>> Model bottom_left-top_left-top_right-tda-original trained. Accuracy: 0.8814 (11.76 sec.)
2025-03-22 21:19:12 - INFO - Training model: bottom_left-top_left-bottom_right-tda-original
2025-03-22 21:19:24 - INFO - Model bottom_left-top_left-bottom_right-tda-original completed in 11.82 seconds.
2025-03-22 21:19:24 - INFO - >>> Model bottom_left-top_left-bottom_right-tda-original trained. Accuracy: 0.8719 (11.82 sec.)
2025-03-22 21:19:24 - INFO - Training model: bottom_left-top_right-bottom_right-tda-original
2025-03-22 21:19:36 - INFO - Model bottom_left-top_right-bottom_right-tda-original completed in 12.04 seconds.
2025-03-22 21:19:36 - INFO - >>> Model bottom_left-top_right-bottom_right-tda-original trained. Accuracy: 0.8779 (12.04 sec.)
2025-03-22 21:19:36 - INFO - Training model: top_left-top_right-bottom_right-tda-original
2025-03-22 21:19:47 - INFO - Model top_left-top_right-bottom_right-tda-original completed in 11.83 seconds.
2025-03-22 21:19:47 - INFO - >>> Model top_left-top_right-bottom_right-tda-original trained. Accuracy: 0.8832 (11.83 sec.)
2025-03-22 21:19:47 - INFO - Training model: bottom_left-top_left-top_right-bottom_right-tda-original
2025-03-22 21:20:01 - INFO - Model bottom_left-top_left-top_right-bottom_right-tda-original completed in 13.60 seconds.
2025-03-22 21:20:01 - INFO - >>> Model bottom_left-top_left-top_right-bottom_right-tda-original trained. Accuracy: 0.8914 (13.60 sec.)
2025-03-22 21:20:01 - INFO - All models trained successfully.
2025-03-22 21:20:01 - INFO - ========== [Model Training Completed] in 4.22 minutes ==========
2025-03-22 21:20:01 - INFO - ========== [Experiment Training Complete] ==========
2025-03-22 21:20:01 - INFO - Results saved to /home/jovyan/Workspace/workspace_mnist/results/exp_noise_icecream/experiment_trainsize_predictions_2025-03-22_21-20-01.json
2025-03-22 21:20:01 - INFO - Results successfully saved to /home/jovyan/Workspace/workspace_mnist/results/exp_noise_icecream/experiment_trainsize_predictions_2025-03-22_21-20-01.json
2025-03-22 21:20:01 - INFO - Garbage collection executed.
2025-03-22 21:20:01 - INFO - ========== [Experiment Completed] in 9.00 minutes ==========
