2025-04-06 13:39:51 - INFO - Logging initialized.
 Writing to /home/jovyan/Workspace/workspace_mnist/logs/exp_noise_icecream/experiment_logs_2025-04-06_13-39-51.log
2025-04-06 13:39:51 - INFO - ========== [Experiment Start] ==========
2025-04-06 13:39:51 - INFO - Views combinations succesfully generated.
2025-04-06 13:39:51 - INFO - Topological Data Analysis pipeline generated.
2025-04-06 13:39:51 - INFO - Generating folder to save results.
2025-04-06 13:39:51 - INFO - Reading dataset in chunks from mnist_784.csv (chunk size: 70000)
2025-04-06 13:39:51 - INFO - Starting multiview data preparation for a chunk of size (70000, 784)...
2025-04-06 13:39:51 - INFO - Running using 22 jobs.
2025-04-06 13:39:51 - INFO - Contaminating dataset with circles using 2.
2025-04-06 13:39:51 - INFO - Splitting data: 64.4% train / 20.0% test (random_state=248065843)
2025-04-06 13:39:52 - INFO - Data split complete. Train size: (36088, 784), Test size: (14000, 784)
2025-04-06 13:39:52 - INFO - Reshaping train and test data into square images...
2025-04-06 13:39:52 - INFO - Reshaping complete. Train images: (36088, 28, 28), Test images: (14000, 28, 28)
2025-04-06 13:39:52 - INFO - Splitting images into quadrant views...
2025-04-06 13:39:52 - INFO - Quadrant view splitting complete. Train views: 4, Test views: 4
2025-04-06 13:39:52 - INFO - >> Starting TDA pipeline transformation on train data...
2025-04-06 13:45:01 - INFO - >> TDA transformation for train data completed (5.16 minutes).
2025-04-06 13:45:01 - INFO - >> Applying TDA pipeline transformation on test data...
2025-04-06 13:47:06 - INFO - >> TDA transformation for test data completed (2.08 minutes).
2025-04-06 13:47:06 - INFO - ========== [Model Training Start] ==========
2025-04-06 13:47:06 - INFO - Training model: original
2025-04-06 13:47:07 - INFO - Model original completed in 0.80 seconds.
2025-04-06 13:47:07 - INFO - >>> Model original trained. Accuracy: 0.9661 (0.80 sec.)
2025-04-06 13:47:07 - INFO - Training model: original-bottom_left
2025-04-06 13:47:14 - INFO - Model original-bottom_left completed in 6.88 seconds.
2025-04-06 13:47:14 - INFO - >>> Model original-bottom_left trained. Accuracy: 0.9694 (6.88 sec.)
2025-04-06 13:47:14 - INFO - Training model: original-tda
2025-04-06 13:47:22 - INFO - Model original-tda completed in 8.79 seconds.
2025-04-06 13:47:22 - INFO - >>> Model original-tda trained. Accuracy: 0.9828 (8.79 sec.)
2025-04-06 13:47:22 - INFO - Training model: original-bottom_right
2025-04-06 13:47:29 - INFO - Model original-bottom_right completed in 6.91 seconds.
2025-04-06 13:47:29 - INFO - >>> Model original-bottom_right trained. Accuracy: 0.9714 (6.91 sec.)
2025-04-06 13:47:29 - INFO - Training model: top_right-original
2025-04-06 13:47:36 - INFO - Model top_right-original completed in 7.07 seconds.
2025-04-06 13:47:36 - INFO - >>> Model top_right-original trained. Accuracy: 0.9699 (7.07 sec.)
2025-04-06 13:47:36 - INFO - Training model: original-top_left
2025-04-06 13:47:43 - INFO - Model original-top_left completed in 6.83 seconds.
2025-04-06 13:47:43 - INFO - >>> Model original-top_left trained. Accuracy: 0.9686 (6.83 sec.)
2025-04-06 13:47:43 - INFO - Training model: original-tda-bottom_left
2025-04-06 13:47:54 - INFO - Model original-tda-bottom_left completed in 11.23 seconds.
2025-04-06 13:47:54 - INFO - >>> Model original-tda-bottom_left trained. Accuracy: 0.9806 (11.23 sec.)
2025-04-06 13:47:54 - INFO - Training model: original-bottom_left-bottom_right
2025-04-06 13:48:04 - INFO - Model original-bottom_left-bottom_right completed in 9.82 seconds.
2025-04-06 13:48:04 - INFO - >>> Model original-bottom_left-bottom_right trained. Accuracy: 0.9713 (9.82 sec.)
2025-04-06 13:48:04 - INFO - Training model: top_right-original-bottom_left
2025-04-06 13:48:14 - INFO - Model top_right-original-bottom_left completed in 9.58 seconds.
2025-04-06 13:48:14 - INFO - >>> Model top_right-original-bottom_left trained. Accuracy: 0.9712 (9.58 sec.)
2025-04-06 13:48:14 - INFO - Training model: original-top_left-bottom_left
2025-04-06 13:48:23 - INFO - Model original-top_left-bottom_left completed in 9.58 seconds.
2025-04-06 13:48:23 - INFO - >>> Model original-top_left-bottom_left trained. Accuracy: 0.9711 (9.58 sec.)
2025-04-06 13:48:23 - INFO - Training model: original-tda-bottom_right
2025-04-06 13:48:35 - INFO - Model original-tda-bottom_right completed in 11.42 seconds.
2025-04-06 13:48:35 - INFO - >>> Model original-tda-bottom_right trained. Accuracy: 0.9829 (11.42 sec.)
2025-04-06 13:48:35 - INFO - Training model: top_right-original-tda
2025-04-06 13:48:46 - INFO - Model top_right-original-tda completed in 11.03 seconds.
2025-04-06 13:48:46 - INFO - >>> Model top_right-original-tda trained. Accuracy: 0.9819 (11.03 sec.)
2025-04-06 13:48:46 - INFO - Training model: original-tda-top_left
2025-04-06 13:48:57 - INFO - Model original-tda-top_left completed in 11.11 seconds.
2025-04-06 13:48:57 - INFO - >>> Model original-tda-top_left trained. Accuracy: 0.9816 (11.11 sec.)
2025-04-06 13:48:57 - INFO - Training model: top_right-original-bottom_right
2025-04-06 13:49:07 - INFO - Model top_right-original-bottom_right completed in 9.70 seconds.
2025-04-06 13:49:07 - INFO - >>> Model top_right-original-bottom_right trained. Accuracy: 0.9717 (9.70 sec.)
2025-04-06 13:49:07 - INFO - Training model: original-top_left-bottom_right
2025-04-06 13:49:16 - INFO - Model original-top_left-bottom_right completed in 9.65 seconds.
2025-04-06 13:49:16 - INFO - >>> Model original-top_left-bottom_right trained. Accuracy: 0.9716 (9.65 sec.)
2025-04-06 13:49:16 - INFO - Training model: top_right-original-top_left
2025-04-06 13:49:26 - INFO - Model top_right-original-top_left completed in 9.78 seconds.
2025-04-06 13:49:26 - INFO - >>> Model top_right-original-top_left trained. Accuracy: 0.9704 (9.78 sec.)
2025-04-06 13:49:26 - INFO - Training model: original-tda-bottom_left-bottom_right
2025-04-06 13:49:40 - INFO - Model original-tda-bottom_left-bottom_right completed in 14.01 seconds.
2025-04-06 13:49:40 - INFO - >>> Model original-tda-bottom_left-bottom_right trained. Accuracy: 0.9815 (14.01 sec.)
2025-04-06 13:49:40 - INFO - Training model: top_right-original-tda-bottom_left
2025-04-06 13:49:54 - INFO - Model top_right-original-tda-bottom_left completed in 13.95 seconds.
2025-04-06 13:49:54 - INFO - >>> Model top_right-original-tda-bottom_left trained. Accuracy: 0.9820 (13.95 sec.)
2025-04-06 13:49:54 - INFO - Training model: original-tda-top_left-bottom_left
2025-04-06 13:50:08 - INFO - Model original-tda-top_left-bottom_left completed in 13.54 seconds.
2025-04-06 13:50:08 - INFO - >>> Model original-tda-top_left-bottom_left trained. Accuracy: 0.9809 (13.54 sec.)
2025-04-06 13:50:08 - INFO - Training model: top_right-original-bottom_left-bottom_right
2025-04-06 13:50:20 - INFO - Model top_right-original-bottom_left-bottom_right completed in 12.55 seconds.
2025-04-06 13:50:20 - INFO - >>> Model top_right-original-bottom_left-bottom_right trained. Accuracy: 0.9734 (12.55 sec.)
2025-04-06 13:50:20 - INFO - Training model: original-top_left-bottom_left-bottom_right
2025-04-06 13:50:32 - INFO - Model original-top_left-bottom_left-bottom_right completed in 12.24 seconds.
2025-04-06 13:50:32 - INFO - >>> Model original-top_left-bottom_left-bottom_right trained. Accuracy: 0.9737 (12.24 sec.)
2025-04-06 13:50:32 - INFO - Training model: top_right-original-top_left-bottom_left
2025-04-06 13:50:45 - INFO - Model top_right-original-top_left-bottom_left completed in 12.19 seconds.
2025-04-06 13:50:45 - INFO - >>> Model top_right-original-top_left-bottom_left trained. Accuracy: 0.9739 (12.19 sec.)
2025-04-06 13:50:45 - INFO - Training model: top_right-original-tda-bottom_right
2025-04-06 13:50:59 - INFO - Model top_right-original-tda-bottom_right completed in 14.18 seconds.
2025-04-06 13:50:59 - INFO - >>> Model top_right-original-tda-bottom_right trained. Accuracy: 0.9832 (14.18 sec.)
2025-04-06 13:50:59 - INFO - Training model: original-tda-top_left-bottom_right
2025-04-06 13:51:13 - INFO - Model original-tda-top_left-bottom_right completed in 14.06 seconds.
2025-04-06 13:51:13 - INFO - >>> Model original-tda-top_left-bottom_right trained. Accuracy: 0.9825 (14.06 sec.)
2025-04-06 13:51:13 - INFO - Training model: top_right-original-tda-top_left
2025-04-06 13:51:27 - INFO - Model top_right-original-tda-top_left completed in 13.78 seconds.
2025-04-06 13:51:27 - INFO - >>> Model top_right-original-tda-top_left trained. Accuracy: 0.9828 (13.78 sec.)
2025-04-06 13:51:27 - INFO - Training model: top_right-original-top_left-bottom_right
2025-04-06 13:51:39 - INFO - Model top_right-original-top_left-bottom_right completed in 12.10 seconds.
2025-04-06 13:51:39 - INFO - >>> Model top_right-original-top_left-bottom_right trained. Accuracy: 0.9741 (12.10 sec.)
2025-04-06 13:51:39 - INFO - Training model: bottom_left-tda-bottom_right-top_right-original
2025-04-06 13:51:55 - INFO - Model bottom_left-tda-bottom_right-top_right-original completed in 16.63 seconds.
2025-04-06 13:51:55 - INFO - >>> Model bottom_left-tda-bottom_right-top_right-original trained. Accuracy: 0.9834 (16.63 sec.)
2025-04-06 13:51:55 - INFO - Training model: bottom_left-tda-bottom_right-top_left-original
2025-04-06 13:52:12 - INFO - Model bottom_left-tda-bottom_right-top_left-original completed in 16.78 seconds.
2025-04-06 13:52:12 - INFO - >>> Model bottom_left-tda-bottom_right-top_left-original trained. Accuracy: 0.9827 (16.78 sec.)
2025-04-06 13:52:12 - INFO - Training model: bottom_left-tda-top_right-top_left-original
2025-04-06 13:52:29 - INFO - Model bottom_left-tda-top_right-top_left-original completed in 16.84 seconds.
2025-04-06 13:52:29 - INFO - >>> Model bottom_left-tda-top_right-top_left-original trained. Accuracy: 0.9829 (16.84 sec.)
2025-04-06 13:52:29 - INFO - Training model: bottom_left-bottom_right-top_right-top_left-original
2025-04-06 13:52:44 - INFO - Model bottom_left-bottom_right-top_right-top_left-original completed in 14.82 seconds.
2025-04-06 13:52:44 - INFO - >>> Model bottom_left-bottom_right-top_right-top_left-original trained. Accuracy: 0.9762 (14.82 sec.)
2025-04-06 13:52:44 - INFO - Training model: tda-bottom_right-top_right-top_left-original
2025-04-06 13:53:01 - INFO - Model tda-bottom_right-top_right-top_left-original completed in 16.62 seconds.
2025-04-06 13:53:01 - INFO - >>> Model tda-bottom_right-top_right-top_left-original trained. Accuracy: 0.9837 (16.62 sec.)
2025-04-06 13:53:01 - INFO - Training model: bottom_left-tda-bottom_right-top_right-top_left-original
2025-04-06 13:53:20 - INFO - Model bottom_left-tda-bottom_right-top_right-top_left-original completed in 19.23 seconds.
2025-04-06 13:53:20 - INFO - >>> Model bottom_left-tda-bottom_right-top_right-top_left-original trained. Accuracy: 0.9844 (19.23 sec.)
2025-04-06 13:53:20 - INFO - All models trained successfully.
2025-04-06 13:53:20 - INFO - ========== [Model Training Completed] in 6.23 minutes ==========
2025-04-06 13:53:20 - INFO - ========== [Experiment Training Complete] ==========
2025-04-06 13:53:20 - INFO - Results saved to /home/jovyan/Workspace/workspace_mnist/results/exp_noise_icecream/experiment_trainsize_predictions_2025-04-06_13-53-20.json
2025-04-06 13:53:20 - INFO - Results successfully saved to /home/jovyan/Workspace/workspace_mnist/results/exp_noise_icecream/experiment_trainsize_predictions_2025-04-06_13-53-20.json
2025-04-06 13:53:20 - INFO - Garbage collection executed.
2025-04-06 13:53:20 - INFO - ========== [Experiment Completed] in 13.49 minutes ==========
