2025-03-23 11:38:15 - INFO - Logging initialized.
 Writing to /home/jovyan/Workspace/workspace_mnist/logs/exp_noise_icecream/experiment_logs_2025-03-23_11-38-15.log
2025-03-23 11:38:15 - INFO - ========== [Experiment Start] ==========
2025-03-23 11:38:15 - INFO - Views combinations succesfully generated.
2025-03-23 11:38:15 - INFO - Topological Data Analysis pipeline generated.
2025-03-23 11:38:15 - INFO - Generating folder to save results.
2025-03-23 11:38:15 - INFO - Reading dataset in chunks from mnist_784.csv (chunk size: 70000)
2025-03-23 11:38:15 - INFO - Starting multiview data preparation for a chunk of size (70000, 784)...
2025-03-23 11:38:15 - INFO - Running using 16 jobs.
2025-03-23 11:38:15 - INFO - Contaminating dataset with lines using 23.
2025-03-23 11:38:26 - INFO - Splitting data: 48.9% train / 20.0% test (random_state=759596069)
2025-03-23 11:38:26 - INFO - Data split complete. Train size: (27377, 784), Test size: (14000, 784)
2025-03-23 11:38:26 - INFO - Reshaping train and test data into square images...
2025-03-23 11:38:26 - INFO - Reshaping complete. Train images: (27377, 28, 28), Test images: (14000, 28, 28)
2025-03-23 11:38:26 - INFO - Splitting images into quadrant views...
2025-03-23 11:38:26 - INFO - Quadrant view splitting complete. Train views: 4, Test views: 4
2025-03-23 11:38:26 - INFO - >> Starting TDA pipeline transformation on train data...
2025-03-23 11:43:41 - INFO - >> TDA transformation for train data completed (5.26 minutes).
2025-03-23 11:43:41 - INFO - >> Applying TDA pipeline transformation on test data...
2025-03-23 11:46:21 - INFO - >> TDA transformation for test data completed (2.66 minutes).
2025-03-23 11:46:21 - INFO - ========== [Model Training Start] ==========
2025-03-23 11:46:21 - INFO - Training model: original
2025-03-23 11:46:22 - INFO - Model original completed in 0.99 seconds.
2025-03-23 11:46:22 - INFO - >>> Model original trained. Accuracy: 0.8733 (0.99 sec.)
2025-03-23 11:46:22 - INFO - Training model: bottom_left-original
2025-03-23 11:46:30 - INFO - Model bottom_left-original completed in 8.17 seconds.
2025-03-23 11:46:30 - INFO - >>> Model bottom_left-original trained. Accuracy: 0.8852 (8.17 sec.)
2025-03-23 11:46:30 - INFO - Training model: top_left-original
2025-03-23 11:46:38 - INFO - Model top_left-original completed in 7.96 seconds.
2025-03-23 11:46:38 - INFO - >>> Model top_left-original trained. Accuracy: 0.8909 (7.96 sec.)
2025-03-23 11:46:38 - INFO - Training model: original-top_right
2025-03-23 11:46:46 - INFO - Model original-top_right completed in 8.14 seconds.
2025-03-23 11:46:46 - INFO - >>> Model original-top_right trained. Accuracy: 0.8896 (8.14 sec.)
2025-03-23 11:46:46 - INFO - Training model: bottom_right-original
2025-03-23 11:46:54 - INFO - Model bottom_right-original completed in 8.13 seconds.
2025-03-23 11:46:54 - INFO - >>> Model bottom_right-original trained. Accuracy: 0.8871 (8.13 sec.)
2025-03-23 11:46:54 - INFO - Training model: tda-original
2025-03-23 11:47:11 - INFO - Model tda-original completed in 16.48 seconds.
2025-03-23 11:47:11 - INFO - >>> Model tda-original trained. Accuracy: 0.8761 (16.48 sec.)
2025-03-23 11:47:11 - INFO - Training model: bottom_left-top_left-original
2025-03-23 11:47:22 - INFO - Model bottom_left-top_left-original completed in 10.99 seconds.
2025-03-23 11:47:22 - INFO - >>> Model bottom_left-top_left-original trained. Accuracy: 0.8972 (10.99 sec.)
2025-03-23 11:47:22 - INFO - Training model: bottom_left-original-top_right
2025-03-23 11:47:33 - INFO - Model bottom_left-original-top_right completed in 10.99 seconds.
2025-03-23 11:47:33 - INFO - >>> Model bottom_left-original-top_right trained. Accuracy: 0.8974 (10.99 sec.)
2025-03-23 11:47:33 - INFO - Training model: bottom_right-bottom_left-original
2025-03-23 11:47:44 - INFO - Model bottom_right-bottom_left-original completed in 11.00 seconds.
2025-03-23 11:47:44 - INFO - >>> Model bottom_right-bottom_left-original trained. Accuracy: 0.8938 (11.00 sec.)
2025-03-23 11:47:44 - INFO - Training model: bottom_left-tda-original
2025-03-23 11:48:03 - INFO - Model bottom_left-tda-original completed in 19.51 seconds.
2025-03-23 11:48:03 - INFO - >>> Model bottom_left-tda-original trained. Accuracy: 0.8835 (19.51 sec.)
2025-03-23 11:48:03 - INFO - Training model: top_left-original-top_right
2025-03-23 11:48:14 - INFO - Model top_left-original-top_right completed in 11.03 seconds.
2025-03-23 11:48:14 - INFO - >>> Model top_left-original-top_right trained. Accuracy: 0.9001 (11.03 sec.)
2025-03-23 11:48:14 - INFO - Training model: bottom_right-top_left-original
2025-03-23 11:48:25 - INFO - Model bottom_right-top_left-original completed in 10.95 seconds.
2025-03-23 11:48:25 - INFO - >>> Model bottom_right-top_left-original trained. Accuracy: 0.8991 (10.95 sec.)
2025-03-23 11:48:25 - INFO - Training model: top_left-tda-original
2025-03-23 11:48:44 - INFO - Model top_left-tda-original completed in 19.33 seconds.
2025-03-23 11:48:44 - INFO - >>> Model top_left-tda-original trained. Accuracy: 0.8865 (19.33 sec.)
2025-03-23 11:48:44 - INFO - Training model: bottom_right-original-top_right
2025-03-23 11:48:55 - INFO - Model bottom_right-original-top_right completed in 11.00 seconds.
2025-03-23 11:48:55 - INFO - >>> Model bottom_right-original-top_right trained. Accuracy: 0.8989 (11.00 sec.)
2025-03-23 11:48:55 - INFO - Training model: tda-original-top_right
2025-03-23 11:49:15 - INFO - Model tda-original-top_right completed in 19.56 seconds.
2025-03-23 11:49:15 - INFO - >>> Model tda-original-top_right trained. Accuracy: 0.8881 (19.56 sec.)
2025-03-23 11:49:15 - INFO - Training model: bottom_right-tda-original
2025-03-23 11:49:35 - INFO - Model bottom_right-tda-original completed in 19.68 seconds.
2025-03-23 11:49:35 - INFO - >>> Model bottom_right-tda-original trained. Accuracy: 0.8847 (19.68 sec.)
2025-03-23 11:49:35 - INFO - Training model: bottom_left-top_left-original-top_right
2025-03-23 11:49:48 - INFO - Model bottom_left-top_left-original-top_right completed in 13.74 seconds.
2025-03-23 11:49:48 - INFO - >>> Model bottom_left-top_left-original-top_right trained. Accuracy: 0.9131 (13.74 sec.)
2025-03-23 11:49:48 - INFO - Training model: bottom_right-bottom_left-top_left-original
2025-03-23 11:50:02 - INFO - Model bottom_right-bottom_left-top_left-original completed in 13.99 seconds.
2025-03-23 11:50:02 - INFO - >>> Model bottom_right-bottom_left-top_left-original trained. Accuracy: 0.9063 (13.99 sec.)
2025-03-23 11:50:02 - INFO - Training model: bottom_left-top_left-tda-original
2025-03-23 11:50:25 - INFO - Model bottom_left-top_left-tda-original completed in 22.27 seconds.
2025-03-23 11:50:25 - INFO - >>> Model bottom_left-top_left-tda-original trained. Accuracy: 0.8957 (22.27 sec.)
2025-03-23 11:50:25 - INFO - Training model: bottom_right-bottom_left-original-top_right
2025-03-23 11:50:39 - INFO - Model bottom_right-bottom_left-original-top_right completed in 13.88 seconds.
2025-03-23 11:50:39 - INFO - >>> Model bottom_right-bottom_left-original-top_right trained. Accuracy: 0.9075 (13.88 sec.)
2025-03-23 11:50:39 - INFO - Training model: bottom_left-tda-original-top_right
2025-03-23 11:51:01 - INFO - Model bottom_left-tda-original-top_right completed in 22.57 seconds.
2025-03-23 11:51:01 - INFO - >>> Model bottom_left-tda-original-top_right trained. Accuracy: 0.8946 (22.57 sec.)
2025-03-23 11:51:01 - INFO - Training model: bottom_right-bottom_left-tda-original
2025-03-23 11:51:24 - INFO - Model bottom_right-bottom_left-tda-original completed in 22.59 seconds.
2025-03-23 11:51:24 - INFO - >>> Model bottom_right-bottom_left-tda-original trained. Accuracy: 0.8927 (22.59 sec.)
2025-03-23 11:51:24 - INFO - Training model: bottom_right-top_left-original-top_right
2025-03-23 11:51:38 - INFO - Model bottom_right-top_left-original-top_right completed in 13.83 seconds.
2025-03-23 11:51:38 - INFO - >>> Model bottom_right-top_left-original-top_right trained. Accuracy: 0.9110 (13.83 sec.)
2025-03-23 11:51:38 - INFO - Training model: top_left-tda-original-top_right
2025-03-23 11:52:00 - INFO - Model top_left-tda-original-top_right completed in 22.38 seconds.
2025-03-23 11:52:00 - INFO - >>> Model top_left-tda-original-top_right trained. Accuracy: 0.9006 (22.38 sec.)
2025-03-23 11:52:00 - INFO - Training model: bottom_right-top_left-tda-original
2025-03-23 11:52:22 - INFO - Model bottom_right-top_left-tda-original completed in 22.51 seconds.
2025-03-23 11:52:22 - INFO - >>> Model bottom_right-top_left-tda-original trained. Accuracy: 0.8948 (22.51 sec.)
2025-03-23 11:52:22 - INFO - Training model: bottom_right-tda-original-top_right
2025-03-23 11:52:45 - INFO - Model bottom_right-tda-original-top_right completed in 22.66 seconds.
2025-03-23 11:52:45 - INFO - >>> Model bottom_right-tda-original-top_right trained. Accuracy: 0.8964 (22.66 sec.)
2025-03-23 11:52:45 - INFO - Training model: bottom_left-top_left-top_right-bottom_right-original
2025-03-23 11:53:02 - INFO - Model bottom_left-top_left-top_right-bottom_right-original completed in 16.71 seconds.
2025-03-23 11:53:02 - INFO - >>> Model bottom_left-top_left-top_right-bottom_right-original trained. Accuracy: 0.9216 (16.71 sec.)
2025-03-23 11:53:02 - INFO - Training model: bottom_left-top_left-top_right-tda-original
2025-03-23 11:53:27 - INFO - Model bottom_left-top_left-top_right-tda-original completed in 25.37 seconds.
2025-03-23 11:53:27 - INFO - >>> Model bottom_left-top_left-top_right-tda-original trained. Accuracy: 0.9102 (25.37 sec.)
2025-03-23 11:53:27 - INFO - Training model: bottom_left-top_left-bottom_right-tda-original
2025-03-23 11:53:53 - INFO - Model bottom_left-top_left-bottom_right-tda-original completed in 25.35 seconds.
2025-03-23 11:53:53 - INFO - >>> Model bottom_left-top_left-bottom_right-tda-original trained. Accuracy: 0.9042 (25.35 sec.)
2025-03-23 11:53:53 - INFO - Training model: bottom_left-top_right-bottom_right-tda-original
2025-03-23 11:54:18 - INFO - Model bottom_left-top_right-bottom_right-tda-original completed in 25.53 seconds.
2025-03-23 11:54:18 - INFO - >>> Model bottom_left-top_right-bottom_right-tda-original trained. Accuracy: 0.9051 (25.53 sec.)
2025-03-23 11:54:18 - INFO - Training model: top_left-top_right-bottom_right-tda-original
2025-03-23 11:54:44 - INFO - Model top_left-top_right-bottom_right-tda-original completed in 25.67 seconds.
2025-03-23 11:54:44 - INFO - >>> Model top_left-top_right-bottom_right-tda-original trained. Accuracy: 0.9108 (25.67 sec.)
2025-03-23 11:54:44 - INFO - Training model: bottom_left-top_left-top_right-bottom_right-tda-original
2025-03-23 11:55:12 - INFO - Model bottom_left-top_left-top_right-bottom_right-tda-original completed in 28.43 seconds.
2025-03-23 11:55:12 - INFO - >>> Model bottom_left-top_left-top_right-bottom_right-tda-original trained. Accuracy: 0.9194 (28.43 sec.)
2025-03-23 11:55:12 - INFO - All models trained successfully.
2025-03-23 11:55:12 - INFO - ========== [Model Training Completed] in 8.86 minutes ==========
2025-03-23 11:55:12 - INFO - ========== [Experiment Training Complete] ==========
2025-03-23 11:55:12 - INFO - Results saved to /home/jovyan/Workspace/workspace_mnist/results/exp_noise_icecream/experiment_trainsize_predictions_2025-03-23_11-55-12.json
2025-03-23 11:55:12 - INFO - Results successfully saved to /home/jovyan/Workspace/workspace_mnist/results/exp_noise_icecream/experiment_trainsize_predictions_2025-03-23_11-55-12.json
2025-03-23 11:55:12 - INFO - Garbage collection executed.
2025-03-23 11:55:12 - INFO - ========== [Experiment Completed] in 16.96 minutes ==========
