2025-03-24 03:46:11 - INFO - Logging initialized.
 Writing to /home/jovyan/Workspace/workspace_mnist/logs/exp_noise_icecream/experiment_logs_2025-03-24_03-46-11.log
2025-03-24 03:46:11 - INFO - ========== [Experiment Start] ==========
2025-03-24 03:46:11 - INFO - Views combinations succesfully generated.
2025-03-24 03:46:11 - INFO - Topological Data Analysis pipeline generated.
2025-03-24 03:46:11 - INFO - Generating folder to save results.
2025-03-24 03:46:11 - INFO - Reading dataset in chunks from mnist_784.csv (chunk size: 70000)
2025-03-24 03:46:12 - INFO - Starting multiview data preparation for a chunk of size (70000, 784)...
2025-03-24 03:46:12 - INFO - Running using 16 jobs.
2025-03-24 03:46:12 - INFO - Contaminating dataset with lines using 23.
2025-03-24 03:46:22 - INFO - Splitting data: 41.1% train / 20.0% test (random_state=362334714)
2025-03-24 03:46:22 - INFO - Data split complete. Train size: (23022, 784), Test size: (14000, 784)
2025-03-24 03:46:22 - INFO - Reshaping train and test data into square images...
2025-03-24 03:46:22 - INFO - Reshaping complete. Train images: (23022, 28, 28), Test images: (14000, 28, 28)
2025-03-24 03:46:22 - INFO - Splitting images into quadrant views...
2025-03-24 03:46:22 - INFO - Quadrant view splitting complete. Train views: 4, Test views: 4
2025-03-24 03:46:22 - INFO - >> Starting TDA pipeline transformation on train data...
2025-03-24 03:50:55 - INFO - >> TDA transformation for train data completed (4.54 minutes).
2025-03-24 03:50:55 - INFO - >> Applying TDA pipeline transformation on test data...
2025-03-24 03:53:35 - INFO - >> TDA transformation for test data completed (2.68 minutes).
2025-03-24 03:53:35 - INFO - ========== [Model Training Start] ==========
2025-03-24 03:53:35 - INFO - Training model: original
2025-03-24 03:53:36 - INFO - Model original completed in 0.82 seconds.
2025-03-24 03:53:36 - INFO - >>> Model original trained. Accuracy: 0.8726 (0.82 sec.)
2025-03-24 03:53:36 - INFO - Training model: bottom_left-original
2025-03-24 03:53:43 - INFO - Model bottom_left-original completed in 6.84 seconds.
2025-03-24 03:53:43 - INFO - >>> Model bottom_left-original trained. Accuracy: 0.8826 (6.84 sec.)
2025-03-24 03:53:43 - INFO - Training model: top_left-original
2025-03-24 03:53:50 - INFO - Model top_left-original completed in 6.74 seconds.
2025-03-24 03:53:50 - INFO - >>> Model top_left-original trained. Accuracy: 0.8876 (6.74 sec.)
2025-03-24 03:53:50 - INFO - Training model: original-top_right
2025-03-24 03:53:57 - INFO - Model original-top_right completed in 7.08 seconds.
2025-03-24 03:53:57 - INFO - >>> Model original-top_right trained. Accuracy: 0.8919 (7.08 sec.)
2025-03-24 03:53:57 - INFO - Training model: bottom_right-original
2025-03-24 03:54:04 - INFO - Model bottom_right-original completed in 6.94 seconds.
2025-03-24 03:54:04 - INFO - >>> Model bottom_right-original trained. Accuracy: 0.8866 (6.94 sec.)
2025-03-24 03:54:04 - INFO - Training model: tda-original
2025-03-24 03:54:18 - INFO - Model tda-original completed in 13.95 seconds.
2025-03-24 03:54:18 - INFO - >>> Model tda-original trained. Accuracy: 0.8756 (13.95 sec.)
2025-03-24 03:54:18 - INFO - Training model: bottom_left-top_left-original
2025-03-24 03:54:27 - INFO - Model bottom_left-top_left-original completed in 9.24 seconds.
2025-03-24 03:54:27 - INFO - >>> Model bottom_left-top_left-original trained. Accuracy: 0.8959 (9.24 sec.)
2025-03-24 03:54:27 - INFO - Training model: bottom_left-original-top_right
2025-03-24 03:54:37 - INFO - Model bottom_left-original-top_right completed in 9.59 seconds.
2025-03-24 03:54:37 - INFO - >>> Model bottom_left-original-top_right trained. Accuracy: 0.8999 (9.59 sec.)
2025-03-24 03:54:37 - INFO - Training model: bottom_right-bottom_left-original
2025-03-24 03:54:46 - INFO - Model bottom_right-bottom_left-original completed in 9.56 seconds.
2025-03-24 03:54:46 - INFO - >>> Model bottom_right-bottom_left-original trained. Accuracy: 0.8909 (9.56 sec.)
2025-03-24 03:54:46 - INFO - Training model: bottom_left-tda-original
2025-03-24 03:55:03 - INFO - Model bottom_left-tda-original completed in 16.54 seconds.
2025-03-24 03:55:03 - INFO - >>> Model bottom_left-tda-original trained. Accuracy: 0.8822 (16.54 sec.)
2025-03-24 03:55:03 - INFO - Training model: top_left-original-top_right
2025-03-24 03:55:12 - INFO - Model top_left-original-top_right completed in 9.45 seconds.
2025-03-24 03:55:12 - INFO - >>> Model top_left-original-top_right trained. Accuracy: 0.8999 (9.45 sec.)
2025-03-24 03:55:12 - INFO - Training model: bottom_right-top_left-original
2025-03-24 03:55:21 - INFO - Model bottom_right-top_left-original completed in 9.24 seconds.
2025-03-24 03:55:21 - INFO - >>> Model bottom_right-top_left-original trained. Accuracy: 0.8946 (9.24 sec.)
2025-03-24 03:55:21 - INFO - Training model: top_left-tda-original
2025-03-24 03:55:38 - INFO - Model top_left-tda-original completed in 16.22 seconds.
2025-03-24 03:55:38 - INFO - >>> Model top_left-tda-original trained. Accuracy: 0.8856 (16.22 sec.)
2025-03-24 03:55:38 - INFO - Training model: bottom_right-original-top_right
2025-03-24 03:55:47 - INFO - Model bottom_right-original-top_right completed in 9.71 seconds.
2025-03-24 03:55:47 - INFO - >>> Model bottom_right-original-top_right trained. Accuracy: 0.9001 (9.71 sec.)
2025-03-24 03:55:47 - INFO - Training model: tda-original-top_right
2025-03-24 03:56:04 - INFO - Model tda-original-top_right completed in 16.52 seconds.
2025-03-24 03:56:04 - INFO - >>> Model tda-original-top_right trained. Accuracy: 0.8884 (16.52 sec.)
2025-03-24 03:56:04 - INFO - Training model: bottom_right-tda-original
2025-03-24 03:56:20 - INFO - Model bottom_right-tda-original completed in 16.55 seconds.
2025-03-24 03:56:20 - INFO - >>> Model bottom_right-tda-original trained. Accuracy: 0.8829 (16.55 sec.)
2025-03-24 03:56:20 - INFO - Training model: bottom_left-top_left-original-top_right
2025-03-24 03:56:32 - INFO - Model bottom_left-top_left-original-top_right completed in 11.70 seconds.
2025-03-24 03:56:32 - INFO - >>> Model bottom_left-top_left-original-top_right trained. Accuracy: 0.9095 (11.70 sec.)
2025-03-24 03:56:32 - INFO - Training model: bottom_right-bottom_left-top_left-original
2025-03-24 03:56:44 - INFO - Model bottom_right-bottom_left-top_left-original completed in 11.73 seconds.
2025-03-24 03:56:44 - INFO - >>> Model bottom_right-bottom_left-top_left-original trained. Accuracy: 0.9026 (11.73 sec.)
2025-03-24 03:56:44 - INFO - Training model: bottom_left-top_left-tda-original
2025-03-24 03:57:03 - INFO - Model bottom_left-top_left-tda-original completed in 18.70 seconds.
2025-03-24 03:57:03 - INFO - >>> Model bottom_left-top_left-tda-original trained. Accuracy: 0.8910 (18.70 sec.)
2025-03-24 03:57:03 - INFO - Training model: bottom_right-bottom_left-original-top_right
2025-03-24 03:57:15 - INFO - Model bottom_right-bottom_left-original-top_right completed in 12.02 seconds.
2025-03-24 03:57:15 - INFO - >>> Model bottom_right-bottom_left-original-top_right trained. Accuracy: 0.9089 (12.02 sec.)
2025-03-24 03:57:15 - INFO - Training model: bottom_left-tda-original-top_right
2025-03-24 03:57:34 - INFO - Model bottom_left-tda-original-top_right completed in 19.02 seconds.
2025-03-24 03:57:34 - INFO - >>> Model bottom_left-tda-original-top_right trained. Accuracy: 0.8986 (19.02 sec.)
2025-03-24 03:57:34 - INFO - Training model: bottom_right-bottom_left-tda-original
2025-03-24 03:57:53 - INFO - Model bottom_right-bottom_left-tda-original completed in 19.18 seconds.
2025-03-24 03:57:53 - INFO - >>> Model bottom_right-bottom_left-tda-original trained. Accuracy: 0.8905 (19.18 sec.)
2025-03-24 03:57:53 - INFO - Training model: bottom_right-top_left-original-top_right
2025-03-24 03:58:05 - INFO - Model bottom_right-top_left-original-top_right completed in 12.14 seconds.
2025-03-24 03:58:05 - INFO - >>> Model bottom_right-top_left-original-top_right trained. Accuracy: 0.9095 (12.14 sec.)
2025-03-24 03:58:05 - INFO - Training model: top_left-tda-original-top_right
2025-03-24 03:58:24 - INFO - Model top_left-tda-original-top_right completed in 19.04 seconds.
2025-03-24 03:58:24 - INFO - >>> Model top_left-tda-original-top_right trained. Accuracy: 0.8967 (19.04 sec.)
2025-03-24 03:58:24 - INFO - Training model: bottom_right-top_left-tda-original
2025-03-24 03:58:43 - INFO - Model bottom_right-top_left-tda-original completed in 18.97 seconds.
2025-03-24 03:58:43 - INFO - >>> Model bottom_right-top_left-tda-original trained. Accuracy: 0.8946 (18.97 sec.)
2025-03-24 03:58:43 - INFO - Training model: bottom_right-tda-original-top_right
2025-03-24 03:59:02 - INFO - Model bottom_right-tda-original-top_right completed in 19.01 seconds.
2025-03-24 03:59:02 - INFO - >>> Model bottom_right-tda-original-top_right trained. Accuracy: 0.8969 (19.01 sec.)
2025-03-24 03:59:02 - INFO - Training model: bottom_left-top_left-top_right-bottom_right-original
2025-03-24 03:59:16 - INFO - Model bottom_left-top_left-top_right-bottom_right-original completed in 14.47 seconds.
2025-03-24 03:59:16 - INFO - >>> Model bottom_left-top_left-top_right-bottom_right-original trained. Accuracy: 0.9185 (14.47 sec.)
2025-03-24 03:59:16 - INFO - Training model: bottom_left-top_left-top_right-tda-original
2025-03-24 03:59:38 - INFO - Model bottom_left-top_left-top_right-tda-original completed in 21.37 seconds.
2025-03-24 03:59:38 - INFO - >>> Model bottom_left-top_left-top_right-tda-original trained. Accuracy: 0.9083 (21.37 sec.)
2025-03-24 03:59:38 - INFO - Training model: bottom_left-top_left-bottom_right-tda-original
2025-03-24 03:59:59 - INFO - Model bottom_left-top_left-bottom_right-tda-original completed in 21.38 seconds.
2025-03-24 03:59:59 - INFO - >>> Model bottom_left-top_left-bottom_right-tda-original trained. Accuracy: 0.8996 (21.38 sec.)
2025-03-24 03:59:59 - INFO - Training model: bottom_left-top_right-bottom_right-tda-original
2025-03-24 04:00:21 - INFO - Model bottom_left-top_right-bottom_right-tda-original completed in 21.66 seconds.
2025-03-24 04:00:21 - INFO - >>> Model bottom_left-top_right-bottom_right-tda-original trained. Accuracy: 0.9051 (21.66 sec.)
2025-03-24 04:00:21 - INFO - Training model: top_left-top_right-bottom_right-tda-original
2025-03-24 04:00:43 - INFO - Model top_left-top_right-bottom_right-tda-original completed in 21.69 seconds.
2025-03-24 04:00:43 - INFO - >>> Model top_left-top_right-bottom_right-tda-original trained. Accuracy: 0.9075 (21.69 sec.)
2025-03-24 04:00:43 - INFO - Training model: bottom_left-top_left-top_right-bottom_right-tda-original
2025-03-24 04:01:07 - INFO - Model bottom_left-top_left-top_right-bottom_right-tda-original completed in 24.15 seconds.
2025-03-24 04:01:07 - INFO - >>> Model bottom_left-top_left-top_right-bottom_right-tda-original trained. Accuracy: 0.9169 (24.15 sec.)
2025-03-24 04:01:07 - INFO - All models trained successfully.
2025-03-24 04:01:07 - INFO - ========== [Model Training Completed] in 7.52 minutes ==========
2025-03-24 04:01:07 - INFO - ========== [Experiment Training Complete] ==========
2025-03-24 04:01:07 - INFO - Results saved to /home/jovyan/Workspace/workspace_mnist/results/exp_noise_icecream/experiment_trainsize_predictions_2025-03-24_04-01-07.json
2025-03-24 04:01:07 - INFO - Results successfully saved to /home/jovyan/Workspace/workspace_mnist/results/exp_noise_icecream/experiment_trainsize_predictions_2025-03-24_04-01-07.json
2025-03-24 04:01:07 - INFO - Garbage collection executed.
2025-03-24 04:01:07 - INFO - ========== [Experiment Completed] in 14.93 minutes ==========
