2025-03-23 03:13:24 - INFO - Logging initialized.
 Writing to /home/jovyan/Workspace/workspace_mnist/logs/exp_noise_icecream/experiment_logs_2025-03-23_03-13-24.log
2025-03-23 03:13:24 - INFO - ========== [Experiment Start] ==========
2025-03-23 03:13:24 - INFO - Views combinations succesfully generated.
2025-03-23 03:13:24 - INFO - Topological Data Analysis pipeline generated.
2025-03-23 03:13:24 - INFO - Generating folder to save results.
2025-03-23 03:13:24 - INFO - Reading dataset in chunks from mnist_784.csv (chunk size: 70000)
2025-03-23 03:13:25 - INFO - Starting multiview data preparation for a chunk of size (70000, 784)...
2025-03-23 03:13:25 - INFO - Running using 16 jobs.
2025-03-23 03:13:25 - INFO - Contaminating dataset with lines using 23.
2025-03-23 03:13:35 - INFO - Splitting data: 41.1% train / 20.0% test (random_state=582848128)
2025-03-23 03:13:35 - INFO - Data split complete. Train size: (23022, 784), Test size: (14000, 784)
2025-03-23 03:13:35 - INFO - Reshaping train and test data into square images...
2025-03-23 03:13:35 - INFO - Reshaping complete. Train images: (23022, 28, 28), Test images: (14000, 28, 28)
2025-03-23 03:13:35 - INFO - Splitting images into quadrant views...
2025-03-23 03:13:35 - INFO - Quadrant view splitting complete. Train views: 4, Test views: 4
2025-03-23 03:13:35 - INFO - >> Starting TDA pipeline transformation on train data...
2025-03-23 03:18:07 - INFO - >> TDA transformation for train data completed (4.53 minutes).
2025-03-23 03:18:07 - INFO - >> Applying TDA pipeline transformation on test data...
2025-03-23 03:20:49 - INFO - >> TDA transformation for test data completed (2.70 minutes).
2025-03-23 03:20:49 - INFO - ========== [Model Training Start] ==========
2025-03-23 03:20:49 - INFO - Training model: original
2025-03-23 03:20:50 - INFO - Model original completed in 0.87 seconds.
2025-03-23 03:20:50 - INFO - >>> Model original trained. Accuracy: 0.8663 (0.87 sec.)
2025-03-23 03:20:50 - INFO - Training model: bottom_left-original
2025-03-23 03:20:57 - INFO - Model bottom_left-original completed in 6.81 seconds.
2025-03-23 03:20:57 - INFO - >>> Model bottom_left-original trained. Accuracy: 0.8788 (6.81 sec.)
2025-03-23 03:20:57 - INFO - Training model: top_left-original
2025-03-23 03:21:03 - INFO - Model top_left-original completed in 6.85 seconds.
2025-03-23 03:21:03 - INFO - >>> Model top_left-original trained. Accuracy: 0.8831 (6.85 sec.)
2025-03-23 03:21:03 - INFO - Training model: original-top_right
2025-03-23 03:21:10 - INFO - Model original-top_right completed in 6.98 seconds.
2025-03-23 03:21:10 - INFO - >>> Model original-top_right trained. Accuracy: 0.8847 (6.98 sec.)
2025-03-23 03:21:10 - INFO - Training model: bottom_right-original
2025-03-23 03:21:17 - INFO - Model bottom_right-original completed in 7.02 seconds.
2025-03-23 03:21:17 - INFO - >>> Model bottom_right-original trained. Accuracy: 0.8781 (7.02 sec.)
2025-03-23 03:21:17 - INFO - Training model: tda-original
2025-03-23 03:21:31 - INFO - Model tda-original completed in 13.77 seconds.
2025-03-23 03:21:31 - INFO - >>> Model tda-original trained. Accuracy: 0.8685 (13.77 sec.)
2025-03-23 03:21:31 - INFO - Training model: bottom_left-top_left-original
2025-03-23 03:21:41 - INFO - Model bottom_left-top_left-original completed in 9.30 seconds.
2025-03-23 03:21:41 - INFO - >>> Model bottom_left-top_left-original trained. Accuracy: 0.8883 (9.30 sec.)
2025-03-23 03:21:41 - INFO - Training model: bottom_left-original-top_right
2025-03-23 03:21:50 - INFO - Model bottom_left-original-top_right completed in 9.72 seconds.
2025-03-23 03:21:50 - INFO - >>> Model bottom_left-original-top_right trained. Accuracy: 0.8923 (9.72 sec.)
2025-03-23 03:21:50 - INFO - Training model: bottom_right-bottom_left-original
2025-03-23 03:22:00 - INFO - Model bottom_right-bottom_left-original completed in 9.61 seconds.
2025-03-23 03:22:00 - INFO - >>> Model bottom_right-bottom_left-original trained. Accuracy: 0.8867 (9.61 sec.)
2025-03-23 03:22:00 - INFO - Training model: bottom_left-tda-original
2025-03-23 03:22:16 - INFO - Model bottom_left-tda-original completed in 16.27 seconds.
2025-03-23 03:22:16 - INFO - >>> Model bottom_left-tda-original trained. Accuracy: 0.8759 (16.27 sec.)
2025-03-23 03:22:16 - INFO - Training model: top_left-original-top_right
2025-03-23 03:22:26 - INFO - Model top_left-original-top_right completed in 9.43 seconds.
2025-03-23 03:22:26 - INFO - >>> Model top_left-original-top_right trained. Accuracy: 0.8962 (9.43 sec.)
2025-03-23 03:22:26 - INFO - Training model: bottom_right-top_left-original
2025-03-23 03:22:35 - INFO - Model bottom_right-top_left-original completed in 9.58 seconds.
2025-03-23 03:22:35 - INFO - >>> Model bottom_right-top_left-original trained. Accuracy: 0.8890 (9.58 sec.)
2025-03-23 03:22:35 - INFO - Training model: top_left-tda-original
2025-03-23 03:22:51 - INFO - Model top_left-tda-original completed in 16.19 seconds.
2025-03-23 03:22:51 - INFO - >>> Model top_left-tda-original trained. Accuracy: 0.8803 (16.19 sec.)
2025-03-23 03:22:51 - INFO - Training model: bottom_right-original-top_right
2025-03-23 03:23:01 - INFO - Model bottom_right-original-top_right completed in 9.64 seconds.
2025-03-23 03:23:01 - INFO - >>> Model bottom_right-original-top_right trained. Accuracy: 0.8946 (9.64 sec.)
2025-03-23 03:23:01 - INFO - Training model: tda-original-top_right
2025-03-23 03:23:18 - INFO - Model tda-original-top_right completed in 16.63 seconds.
2025-03-23 03:23:18 - INFO - >>> Model tda-original-top_right trained. Accuracy: 0.8846 (16.63 sec.)
2025-03-23 03:23:18 - INFO - Training model: bottom_right-tda-original
2025-03-23 03:23:34 - INFO - Model bottom_right-tda-original completed in 16.56 seconds.
2025-03-23 03:23:34 - INFO - >>> Model bottom_right-tda-original trained. Accuracy: 0.8769 (16.56 sec.)
2025-03-23 03:23:34 - INFO - Training model: bottom_left-top_left-original-top_right
2025-03-23 03:23:46 - INFO - Model bottom_left-top_left-original-top_right completed in 12.08 seconds.
2025-03-23 03:23:46 - INFO - >>> Model bottom_left-top_left-original-top_right trained. Accuracy: 0.9061 (12.08 sec.)
2025-03-23 03:23:46 - INFO - Training model: bottom_right-bottom_left-top_left-original
2025-03-23 03:23:58 - INFO - Model bottom_right-bottom_left-top_left-original completed in 11.77 seconds.
2025-03-23 03:23:58 - INFO - >>> Model bottom_right-bottom_left-top_left-original trained. Accuracy: 0.8976 (11.77 sec.)
2025-03-23 03:23:58 - INFO - Training model: bottom_left-top_left-tda-original
2025-03-23 03:24:17 - INFO - Model bottom_left-top_left-tda-original completed in 18.98 seconds.
2025-03-23 03:24:17 - INFO - >>> Model bottom_left-top_left-tda-original trained. Accuracy: 0.8854 (18.98 sec.)
2025-03-23 03:24:17 - INFO - Training model: bottom_right-bottom_left-original-top_right
2025-03-23 03:24:29 - INFO - Model bottom_right-bottom_left-original-top_right completed in 12.23 seconds.
2025-03-23 03:24:29 - INFO - >>> Model bottom_right-bottom_left-original-top_right trained. Accuracy: 0.9024 (12.23 sec.)
2025-03-23 03:24:29 - INFO - Training model: bottom_left-tda-original-top_right
2025-03-23 03:24:48 - INFO - Model bottom_left-tda-original-top_right completed in 18.82 seconds.
2025-03-23 03:24:48 - INFO - >>> Model bottom_left-tda-original-top_right trained. Accuracy: 0.8911 (18.82 sec.)
2025-03-23 03:24:48 - INFO - Training model: bottom_right-bottom_left-tda-original
2025-03-23 03:25:07 - INFO - Model bottom_right-bottom_left-tda-original completed in 18.99 seconds.
2025-03-23 03:25:07 - INFO - >>> Model bottom_right-bottom_left-tda-original trained. Accuracy: 0.8845 (18.99 sec.)
2025-03-23 03:25:07 - INFO - Training model: bottom_right-top_left-original-top_right
2025-03-23 03:25:19 - INFO - Model bottom_right-top_left-original-top_right completed in 11.94 seconds.
2025-03-23 03:25:19 - INFO - >>> Model bottom_right-top_left-original-top_right trained. Accuracy: 0.9048 (11.94 sec.)
2025-03-23 03:25:19 - INFO - Training model: top_left-tda-original-top_right
2025-03-23 03:25:38 - INFO - Model top_left-tda-original-top_right completed in 18.77 seconds.
2025-03-23 03:25:38 - INFO - >>> Model top_left-tda-original-top_right trained. Accuracy: 0.8959 (18.77 sec.)
2025-03-23 03:25:38 - INFO - Training model: bottom_right-top_left-tda-original
2025-03-23 03:25:57 - INFO - Model bottom_right-top_left-tda-original completed in 19.04 seconds.
2025-03-23 03:25:57 - INFO - >>> Model bottom_right-top_left-tda-original trained. Accuracy: 0.8891 (19.04 sec.)
2025-03-23 03:25:57 - INFO - Training model: bottom_right-tda-original-top_right
2025-03-23 03:26:16 - INFO - Model bottom_right-tda-original-top_right completed in 18.94 seconds.
2025-03-23 03:26:16 - INFO - >>> Model bottom_right-tda-original-top_right trained. Accuracy: 0.8908 (18.94 sec.)
2025-03-23 03:26:16 - INFO - Training model: bottom_left-top_left-top_right-bottom_right-original
2025-03-23 03:26:30 - INFO - Model bottom_left-top_left-top_right-bottom_right-original completed in 14.30 seconds.
2025-03-23 03:26:30 - INFO - >>> Model bottom_left-top_left-top_right-bottom_right-original trained. Accuracy: 0.9128 (14.30 sec.)
2025-03-23 03:26:30 - INFO - Training model: bottom_left-top_left-top_right-tda-original
2025-03-23 03:26:51 - INFO - Model bottom_left-top_left-top_right-tda-original completed in 21.30 seconds.
2025-03-23 03:26:51 - INFO - >>> Model bottom_left-top_left-top_right-tda-original trained. Accuracy: 0.9026 (21.30 sec.)
2025-03-23 03:26:51 - INFO - Training model: bottom_left-top_left-bottom_right-tda-original
2025-03-23 03:27:13 - INFO - Model bottom_left-top_left-bottom_right-tda-original completed in 21.42 seconds.
2025-03-23 03:27:13 - INFO - >>> Model bottom_left-top_left-bottom_right-tda-original trained. Accuracy: 0.8955 (21.42 sec.)
2025-03-23 03:27:13 - INFO - Training model: bottom_left-top_right-bottom_right-tda-original
2025-03-23 03:27:34 - INFO - Model bottom_left-top_right-bottom_right-tda-original completed in 21.51 seconds.
2025-03-23 03:27:34 - INFO - >>> Model bottom_left-top_right-bottom_right-tda-original trained. Accuracy: 0.8996 (21.51 sec.)
2025-03-23 03:27:34 - INFO - Training model: top_left-top_right-bottom_right-tda-original
2025-03-23 03:27:56 - INFO - Model top_left-top_right-bottom_right-tda-original completed in 21.60 seconds.
2025-03-23 03:27:56 - INFO - >>> Model top_left-top_right-bottom_right-tda-original trained. Accuracy: 0.9029 (21.60 sec.)
2025-03-23 03:27:56 - INFO - Training model: bottom_left-top_left-top_right-bottom_right-tda-original
2025-03-23 03:28:20 - INFO - Model bottom_left-top_left-top_right-bottom_right-tda-original completed in 24.04 seconds.
2025-03-23 03:28:20 - INFO - >>> Model bottom_left-top_left-top_right-bottom_right-tda-original trained. Accuracy: 0.9122 (24.04 sec.)
2025-03-23 03:28:20 - INFO - All models trained successfully.
2025-03-23 03:28:20 - INFO - ========== [Model Training Completed] in 7.52 minutes ==========
2025-03-23 03:28:20 - INFO - ========== [Experiment Training Complete] ==========
2025-03-23 03:28:20 - INFO - Results saved to /home/jovyan/Workspace/workspace_mnist/results/exp_noise_icecream/experiment_trainsize_predictions_2025-03-23_03-28-20.json
2025-03-23 03:28:20 - INFO - Results successfully saved to /home/jovyan/Workspace/workspace_mnist/results/exp_noise_icecream/experiment_trainsize_predictions_2025-03-23_03-28-20.json
2025-03-23 03:28:20 - INFO - Garbage collection executed.
2025-03-23 03:28:20 - INFO - ========== [Experiment Completed] in 14.94 minutes ==========
