2025-04-05 16:49:19 - INFO - Logging initialized.
 Writing to /home/jovyan/Workspace/workspace_mnist/logs/exp_noise_icecream/experiment_logs_2025-04-05_16-49-19.log
2025-04-05 16:49:19 - INFO - ========== [Experiment Start] ==========
2025-04-05 16:49:19 - INFO - Views combinations succesfully generated.
2025-04-05 16:49:19 - INFO - Topological Data Analysis pipeline generated.
2025-04-05 16:49:19 - INFO - Generating folder to save results.
2025-04-05 16:49:19 - INFO - Reading dataset in chunks from mnist_784.csv (chunk size: 70000)
2025-04-05 16:49:19 - INFO - Starting multiview data preparation for a chunk of size (70000, 784)...
2025-04-05 16:49:19 - INFO - Running using 22 jobs.
2025-04-05 16:49:19 - INFO - Contaminating dataset with circles using 2.
2025-04-05 16:49:19 - INFO - Splitting data: 17.8% train / 20.0% test (random_state=601133337)
2025-04-05 16:49:20 - INFO - Data split complete. Train size: (9955, 784), Test size: (14000, 784)
2025-04-05 16:49:20 - INFO - Reshaping train and test data into square images...
2025-04-05 16:49:20 - INFO - Reshaping complete. Train images: (9955, 28, 28), Test images: (14000, 28, 28)
2025-04-05 16:49:20 - INFO - Splitting images into quadrant views...
2025-04-05 16:49:20 - INFO - Quadrant view splitting complete. Train views: 4, Test views: 4
2025-04-05 16:49:20 - INFO - >> Starting TDA pipeline transformation on train data...
2025-04-05 16:50:49 - INFO - >> TDA transformation for train data completed (1.48 minutes).
2025-04-05 16:50:49 - INFO - >> Applying TDA pipeline transformation on test data...
2025-04-05 16:52:53 - INFO - >> TDA transformation for test data completed (2.08 minutes).
2025-04-05 16:52:53 - INFO - ========== [Model Training Start] ==========
2025-04-05 16:52:53 - INFO - Training model: original
2025-04-05 16:52:53 - INFO - Model original completed in 0.31 seconds.
2025-04-05 16:52:53 - INFO - >>> Model original trained. Accuracy: 0.9504 (0.31 sec.)
2025-04-05 16:52:53 - INFO - Training model: original-bottom_left
2025-04-05 16:52:58 - INFO - Model original-bottom_left completed in 4.24 seconds.
2025-04-05 16:52:58 - INFO - >>> Model original-bottom_left trained. Accuracy: 0.9520 (4.24 sec.)
2025-04-05 16:52:58 - INFO - Training model: original-tda
2025-04-05 16:53:01 - INFO - Model original-tda completed in 3.69 seconds.
2025-04-05 16:53:01 - INFO - >>> Model original-tda trained. Accuracy: 0.9761 (3.69 sec.)
2025-04-05 16:53:01 - INFO - Training model: original-bottom_right
2025-04-05 16:53:05 - INFO - Model original-bottom_right completed in 3.93 seconds.
2025-04-05 16:53:05 - INFO - >>> Model original-bottom_right trained. Accuracy: 0.9549 (3.93 sec.)
2025-04-05 16:53:05 - INFO - Training model: top_right-original
2025-04-05 16:53:09 - INFO - Model top_right-original completed in 3.90 seconds.
2025-04-05 16:53:09 - INFO - >>> Model top_right-original trained. Accuracy: 0.9531 (3.90 sec.)
2025-04-05 16:53:09 - INFO - Training model: original-top_left
2025-04-05 16:53:13 - INFO - Model original-top_left completed in 3.75 seconds.
2025-04-05 16:53:13 - INFO - >>> Model original-top_left trained. Accuracy: 0.9544 (3.75 sec.)
2025-04-05 16:53:13 - INFO - Training model: original-tda-bottom_left
2025-04-05 16:53:18 - INFO - Model original-tda-bottom_left completed in 5.44 seconds.
2025-04-05 16:53:18 - INFO - >>> Model original-tda-bottom_left trained. Accuracy: 0.9740 (5.44 sec.)
2025-04-05 16:53:18 - INFO - Training model: original-bottom_left-bottom_right
2025-04-05 16:53:24 - INFO - Model original-bottom_left-bottom_right completed in 5.82 seconds.
2025-04-05 16:53:24 - INFO - >>> Model original-bottom_left-bottom_right trained. Accuracy: 0.9544 (5.82 sec.)
2025-04-05 16:53:24 - INFO - Training model: top_right-original-bottom_left
2025-04-05 16:53:30 - INFO - Model top_right-original-bottom_left completed in 5.87 seconds.
2025-04-05 16:53:30 - INFO - >>> Model top_right-original-bottom_left trained. Accuracy: 0.9553 (5.87 sec.)
2025-04-05 16:53:30 - INFO - Training model: original-top_left-bottom_left
2025-04-05 16:53:36 - INFO - Model original-top_left-bottom_left completed in 5.71 seconds.
2025-04-05 16:53:36 - INFO - >>> Model original-top_left-bottom_left trained. Accuracy: 0.9566 (5.71 sec.)
2025-04-05 16:53:36 - INFO - Training model: original-tda-bottom_right
2025-04-05 16:53:41 - INFO - Model original-tda-bottom_right completed in 5.54 seconds.
2025-04-05 16:53:41 - INFO - >>> Model original-tda-bottom_right trained. Accuracy: 0.9770 (5.54 sec.)
2025-04-05 16:53:41 - INFO - Training model: top_right-original-tda
2025-04-05 16:53:47 - INFO - Model top_right-original-tda completed in 5.69 seconds.
2025-04-05 16:53:47 - INFO - >>> Model top_right-original-tda trained. Accuracy: 0.9766 (5.69 sec.)
2025-04-05 16:53:47 - INFO - Training model: original-tda-top_left
2025-04-05 16:53:53 - INFO - Model original-tda-top_left completed in 5.86 seconds.
2025-04-05 16:53:53 - INFO - >>> Model original-tda-top_left trained. Accuracy: 0.9736 (5.86 sec.)
2025-04-05 16:53:53 - INFO - Training model: top_right-original-bottom_right
2025-04-05 16:53:59 - INFO - Model top_right-original-bottom_right completed in 5.65 seconds.
2025-04-05 16:53:59 - INFO - >>> Model top_right-original-bottom_right trained. Accuracy: 0.9571 (5.65 sec.)
2025-04-05 16:53:59 - INFO - Training model: original-top_left-bottom_right
2025-04-05 16:54:05 - INFO - Model original-top_left-bottom_right completed in 6.08 seconds.
2025-04-05 16:54:05 - INFO - >>> Model original-top_left-bottom_right trained. Accuracy: 0.9574 (6.08 sec.)
2025-04-05 16:54:05 - INFO - Training model: top_right-original-top_left
2025-04-05 16:54:10 - INFO - Model top_right-original-top_left completed in 5.61 seconds.
2025-04-05 16:54:10 - INFO - >>> Model top_right-original-top_left trained. Accuracy: 0.9561 (5.61 sec.)
2025-04-05 16:54:10 - INFO - Training model: original-tda-bottom_left-bottom_right
2025-04-05 16:54:18 - INFO - Model original-tda-bottom_left-bottom_right completed in 7.54 seconds.
2025-04-05 16:54:18 - INFO - >>> Model original-tda-bottom_left-bottom_right trained. Accuracy: 0.9751 (7.54 sec.)
2025-04-05 16:54:18 - INFO - Training model: top_right-original-tda-bottom_left
2025-04-05 16:54:26 - INFO - Model top_right-original-tda-bottom_left completed in 7.72 seconds.
2025-04-05 16:54:26 - INFO - >>> Model top_right-original-tda-bottom_left trained. Accuracy: 0.9774 (7.72 sec.)
2025-04-05 16:54:26 - INFO - Training model: original-tda-top_left-bottom_left
2025-04-05 16:54:33 - INFO - Model original-tda-top_left-bottom_left completed in 7.66 seconds.
2025-04-05 16:54:33 - INFO - >>> Model original-tda-top_left-bottom_left trained. Accuracy: 0.9746 (7.66 sec.)
2025-04-05 16:54:33 - INFO - Training model: top_right-original-bottom_left-bottom_right
2025-04-05 16:54:41 - INFO - Model top_right-original-bottom_left-bottom_right completed in 7.62 seconds.
2025-04-05 16:54:41 - INFO - >>> Model top_right-original-bottom_left-bottom_right trained. Accuracy: 0.9577 (7.62 sec.)
2025-04-05 16:54:41 - INFO - Training model: original-top_left-bottom_left-bottom_right
2025-04-05 16:54:49 - INFO - Model original-top_left-bottom_left-bottom_right completed in 7.85 seconds.
2025-04-05 16:54:49 - INFO - >>> Model original-top_left-bottom_left-bottom_right trained. Accuracy: 0.9582 (7.85 sec.)
2025-04-05 16:54:49 - INFO - Training model: top_right-original-top_left-bottom_left
2025-04-05 16:54:57 - INFO - Model top_right-original-top_left-bottom_left completed in 7.88 seconds.
2025-04-05 16:54:57 - INFO - >>> Model top_right-original-top_left-bottom_left trained. Accuracy: 0.9582 (7.88 sec.)
2025-04-05 16:54:57 - INFO - Training model: top_right-original-tda-bottom_right
2025-04-05 16:55:04 - INFO - Model top_right-original-tda-bottom_right completed in 7.57 seconds.
2025-04-05 16:55:04 - INFO - >>> Model top_right-original-tda-bottom_right trained. Accuracy: 0.9769 (7.57 sec.)
2025-04-05 16:55:04 - INFO - Training model: original-tda-top_left-bottom_right
2025-04-05 16:55:12 - INFO - Model original-tda-top_left-bottom_right completed in 7.43 seconds.
2025-04-05 16:55:12 - INFO - >>> Model original-tda-top_left-bottom_right trained. Accuracy: 0.9763 (7.43 sec.)
2025-04-05 16:55:12 - INFO - Training model: top_right-original-tda-top_left
2025-04-05 16:55:19 - INFO - Model top_right-original-tda-top_left completed in 7.62 seconds.
2025-04-05 16:55:19 - INFO - >>> Model top_right-original-tda-top_left trained. Accuracy: 0.9761 (7.62 sec.)
2025-04-05 16:55:19 - INFO - Training model: top_right-original-top_left-bottom_right
2025-04-05 16:55:27 - INFO - Model top_right-original-top_left-bottom_right completed in 7.89 seconds.
2025-04-05 16:55:27 - INFO - >>> Model top_right-original-top_left-bottom_right trained. Accuracy: 0.9609 (7.89 sec.)
2025-04-05 16:55:27 - INFO - Training model: bottom_left-tda-bottom_right-top_right-original
2025-04-05 16:55:36 - INFO - Model bottom_left-tda-bottom_right-top_right-original completed in 9.30 seconds.
2025-04-05 16:55:36 - INFO - >>> Model bottom_left-tda-bottom_right-top_right-original trained. Accuracy: 0.9770 (9.30 sec.)
2025-04-05 16:55:36 - INFO - Training model: bottom_left-tda-bottom_right-top_left-original
2025-04-05 16:55:46 - INFO - Model bottom_left-tda-bottom_right-top_left-original completed in 9.61 seconds.
2025-04-05 16:55:46 - INFO - >>> Model bottom_left-tda-bottom_right-top_left-original trained. Accuracy: 0.9766 (9.61 sec.)
2025-04-05 16:55:46 - INFO - Training model: bottom_left-tda-top_right-top_left-original
2025-04-05 16:55:55 - INFO - Model bottom_left-tda-top_right-top_left-original completed in 9.29 seconds.
2025-04-05 16:55:55 - INFO - >>> Model bottom_left-tda-top_right-top_left-original trained. Accuracy: 0.9764 (9.29 sec.)
2025-04-05 16:55:55 - INFO - Training model: bottom_left-bottom_right-top_right-top_left-original
2025-04-05 16:56:05 - INFO - Model bottom_left-bottom_right-top_right-top_left-original completed in 9.60 seconds.
2025-04-05 16:56:05 - INFO - >>> Model bottom_left-bottom_right-top_right-top_left-original trained. Accuracy: 0.9613 (9.60 sec.)
2025-04-05 16:56:05 - INFO - Training model: tda-bottom_right-top_right-top_left-original
2025-04-05 16:56:14 - INFO - Model tda-bottom_right-top_right-top_left-original completed in 9.24 seconds.
2025-04-05 16:56:14 - INFO - >>> Model tda-bottom_right-top_right-top_left-original trained. Accuracy: 0.9784 (9.24 sec.)
2025-04-05 16:56:14 - INFO - Training model: bottom_left-tda-bottom_right-top_right-top_left-original
2025-04-05 16:56:26 - INFO - Model bottom_left-tda-bottom_right-top_right-top_left-original completed in 11.82 seconds.
2025-04-05 16:56:26 - INFO - >>> Model bottom_left-tda-bottom_right-top_right-top_left-original trained. Accuracy: 0.9779 (11.82 sec.)
2025-04-05 16:56:26 - INFO - All models trained successfully.
2025-04-05 16:56:26 - INFO - ========== [Model Training Completed] in 3.55 minutes ==========
2025-04-05 16:56:26 - INFO - ========== [Experiment Training Complete] ==========
2025-04-05 16:56:26 - INFO - Results saved to /home/jovyan/Workspace/workspace_mnist/results/exp_noise_icecream/experiment_trainsize_predictions_2025-04-05_16-56-26.json
2025-04-05 16:56:26 - INFO - Results successfully saved to /home/jovyan/Workspace/workspace_mnist/results/exp_noise_icecream/experiment_trainsize_predictions_2025-04-05_16-56-26.json
2025-04-05 16:56:26 - INFO - Garbage collection executed.
2025-04-05 16:56:26 - INFO - ========== [Experiment Completed] in 7.13 minutes ==========
