2025-04-06 13:27:27 - INFO - Logging initialized.
 Writing to /home/jovyan/Workspace/workspace_mnist/logs/exp_noise_icecream/experiment_logs_2025-04-06_13-27-27.log
2025-04-06 13:27:27 - INFO - ========== [Experiment Start] ==========
2025-04-06 13:27:27 - INFO - Views combinations succesfully generated.
2025-04-06 13:27:27 - INFO - Topological Data Analysis pipeline generated.
2025-04-06 13:27:27 - INFO - Generating folder to save results.
2025-04-06 13:27:27 - INFO - Reading dataset in chunks from mnist_784.csv (chunk size: 70000)
2025-04-06 13:27:28 - INFO - Starting multiview data preparation for a chunk of size (70000, 784)...
2025-04-06 13:27:28 - INFO - Running using 22 jobs.
2025-04-06 13:27:28 - INFO - Contaminating dataset with circles using 2.
2025-04-06 13:27:28 - INFO - Splitting data: 56.7% train / 20.0% test (random_state=248065843)
2025-04-06 13:27:28 - INFO - Data split complete. Train size: (31733, 784), Test size: (14000, 784)
2025-04-06 13:27:28 - INFO - Reshaping train and test data into square images...
2025-04-06 13:27:28 - INFO - Reshaping complete. Train images: (31733, 28, 28), Test images: (14000, 28, 28)
2025-04-06 13:27:28 - INFO - Splitting images into quadrant views...
2025-04-06 13:27:28 - INFO - Quadrant view splitting complete. Train views: 4, Test views: 4
2025-04-06 13:27:28 - INFO - >> Starting TDA pipeline transformation on train data...
2025-04-06 13:32:11 - INFO - >> TDA transformation for train data completed (4.70 minutes).
2025-04-06 13:32:11 - INFO - >> Applying TDA pipeline transformation on test data...
2025-04-06 13:34:14 - INFO - >> TDA transformation for test data completed (2.05 minutes).
2025-04-06 13:34:14 - INFO - ========== [Model Training Start] ==========
2025-04-06 13:34:14 - INFO - Training model: original
2025-04-06 13:34:14 - INFO - Model original completed in 0.71 seconds.
2025-04-06 13:34:15 - INFO - >>> Model original trained. Accuracy: 0.9644 (0.71 sec.)
2025-04-06 13:34:15 - INFO - Training model: original-bottom_left
2025-04-06 13:34:21 - INFO - Model original-bottom_left completed in 6.24 seconds.
2025-04-06 13:34:21 - INFO - >>> Model original-bottom_left trained. Accuracy: 0.9678 (6.24 sec.)
2025-04-06 13:34:21 - INFO - Training model: original-tda
2025-04-06 13:34:28 - INFO - Model original-tda completed in 7.74 seconds.
2025-04-06 13:34:28 - INFO - >>> Model original-tda trained. Accuracy: 0.9826 (7.74 sec.)
2025-04-06 13:34:28 - INFO - Training model: original-bottom_right
2025-04-06 13:34:35 - INFO - Model original-bottom_right completed in 6.28 seconds.
2025-04-06 13:34:35 - INFO - >>> Model original-bottom_right trained. Accuracy: 0.9679 (6.28 sec.)
2025-04-06 13:34:35 - INFO - Training model: top_right-original
2025-04-06 13:34:41 - INFO - Model top_right-original completed in 6.25 seconds.
2025-04-06 13:34:41 - INFO - >>> Model top_right-original trained. Accuracy: 0.9677 (6.25 sec.)
2025-04-06 13:34:41 - INFO - Training model: original-top_left
2025-04-06 13:34:47 - INFO - Model original-top_left completed in 6.19 seconds.
2025-04-06 13:34:47 - INFO - >>> Model original-top_left trained. Accuracy: 0.9671 (6.19 sec.)
2025-04-06 13:34:47 - INFO - Training model: original-tda-bottom_left
2025-04-06 13:34:58 - INFO - Model original-tda-bottom_left completed in 10.29 seconds.
2025-04-06 13:34:58 - INFO - >>> Model original-tda-bottom_left trained. Accuracy: 0.9806 (10.29 sec.)
2025-04-06 13:34:58 - INFO - Training model: original-bottom_left-bottom_right
2025-04-06 13:35:06 - INFO - Model original-bottom_left-bottom_right completed in 8.83 seconds.
2025-04-06 13:35:06 - INFO - >>> Model original-bottom_left-bottom_right trained. Accuracy: 0.9698 (8.83 sec.)
2025-04-06 13:35:06 - INFO - Training model: top_right-original-bottom_left
2025-04-06 13:35:15 - INFO - Model top_right-original-bottom_left completed in 8.59 seconds.
2025-04-06 13:35:15 - INFO - >>> Model top_right-original-bottom_left trained. Accuracy: 0.9693 (8.59 sec.)
2025-04-06 13:35:15 - INFO - Training model: original-top_left-bottom_left
2025-04-06 13:35:24 - INFO - Model original-top_left-bottom_left completed in 8.78 seconds.
2025-04-06 13:35:24 - INFO - >>> Model original-top_left-bottom_left trained. Accuracy: 0.9692 (8.78 sec.)
2025-04-06 13:35:24 - INFO - Training model: original-tda-bottom_right
2025-04-06 13:35:34 - INFO - Model original-tda-bottom_right completed in 10.08 seconds.
2025-04-06 13:35:34 - INFO - >>> Model original-tda-bottom_right trained. Accuracy: 0.9831 (10.08 sec.)
2025-04-06 13:35:34 - INFO - Training model: top_right-original-tda
2025-04-06 13:35:44 - INFO - Model top_right-original-tda completed in 10.17 seconds.
2025-04-06 13:35:44 - INFO - >>> Model top_right-original-tda trained. Accuracy: 0.9819 (10.17 sec.)
2025-04-06 13:35:44 - INFO - Training model: original-tda-top_left
2025-04-06 13:35:54 - INFO - Model original-tda-top_left completed in 9.99 seconds.
2025-04-06 13:35:54 - INFO - >>> Model original-tda-top_left trained. Accuracy: 0.9821 (9.99 sec.)
2025-04-06 13:35:54 - INFO - Training model: top_right-original-bottom_right
2025-04-06 13:36:03 - INFO - Model top_right-original-bottom_right completed in 8.99 seconds.
2025-04-06 13:36:03 - INFO - >>> Model top_right-original-bottom_right trained. Accuracy: 0.9696 (8.99 sec.)
2025-04-06 13:36:03 - INFO - Training model: original-top_left-bottom_right
2025-04-06 13:36:12 - INFO - Model original-top_left-bottom_right completed in 8.72 seconds.
2025-04-06 13:36:12 - INFO - >>> Model original-top_left-bottom_right trained. Accuracy: 0.9699 (8.72 sec.)
2025-04-06 13:36:12 - INFO - Training model: top_right-original-top_left
2025-04-06 13:36:20 - INFO - Model top_right-original-top_left completed in 8.58 seconds.
2025-04-06 13:36:20 - INFO - >>> Model top_right-original-top_left trained. Accuracy: 0.9697 (8.58 sec.)
2025-04-06 13:36:20 - INFO - Training model: original-tda-bottom_left-bottom_right
2025-04-06 13:36:33 - INFO - Model original-tda-bottom_left-bottom_right completed in 12.54 seconds.
2025-04-06 13:36:33 - INFO - >>> Model original-tda-bottom_left-bottom_right trained. Accuracy: 0.9823 (12.54 sec.)
2025-04-06 13:36:33 - INFO - Training model: top_right-original-tda-bottom_left
2025-04-06 13:36:46 - INFO - Model top_right-original-tda-bottom_left completed in 12.71 seconds.
2025-04-06 13:36:46 - INFO - >>> Model top_right-original-tda-bottom_left trained. Accuracy: 0.9821 (12.71 sec.)
2025-04-06 13:36:46 - INFO - Training model: original-tda-top_left-bottom_left
2025-04-06 13:36:58 - INFO - Model original-tda-top_left-bottom_left completed in 12.25 seconds.
2025-04-06 13:36:58 - INFO - >>> Model original-tda-top_left-bottom_left trained. Accuracy: 0.9811 (12.25 sec.)
2025-04-06 13:36:58 - INFO - Training model: top_right-original-bottom_left-bottom_right
2025-04-06 13:37:09 - INFO - Model top_right-original-bottom_left-bottom_right completed in 11.04 seconds.
2025-04-06 13:37:09 - INFO - >>> Model top_right-original-bottom_left-bottom_right trained. Accuracy: 0.9710 (11.04 sec.)
2025-04-06 13:37:09 - INFO - Training model: original-top_left-bottom_left-bottom_right
2025-04-06 13:37:20 - INFO - Model original-top_left-bottom_left-bottom_right completed in 10.87 seconds.
2025-04-06 13:37:20 - INFO - >>> Model original-top_left-bottom_left-bottom_right trained. Accuracy: 0.9711 (10.87 sec.)
2025-04-06 13:37:20 - INFO - Training model: top_right-original-top_left-bottom_left
2025-04-06 13:37:31 - INFO - Model top_right-original-top_left-bottom_left completed in 11.07 seconds.
2025-04-06 13:37:31 - INFO - >>> Model top_right-original-top_left-bottom_left trained. Accuracy: 0.9714 (11.07 sec.)
2025-04-06 13:37:31 - INFO - Training model: top_right-original-tda-bottom_right
2025-04-06 13:37:44 - INFO - Model top_right-original-tda-bottom_right completed in 13.02 seconds.
2025-04-06 13:37:44 - INFO - >>> Model top_right-original-tda-bottom_right trained. Accuracy: 0.9819 (13.02 sec.)
2025-04-06 13:37:44 - INFO - Training model: original-tda-top_left-bottom_right
2025-04-06 13:37:56 - INFO - Model original-tda-top_left-bottom_right completed in 12.52 seconds.
2025-04-06 13:37:56 - INFO - >>> Model original-tda-top_left-bottom_right trained. Accuracy: 0.9832 (12.52 sec.)
2025-04-06 13:37:56 - INFO - Training model: top_right-original-tda-top_left
2025-04-06 13:38:09 - INFO - Model top_right-original-tda-top_left completed in 12.62 seconds.
2025-04-06 13:38:09 - INFO - >>> Model top_right-original-tda-top_left trained. Accuracy: 0.9834 (12.62 sec.)
2025-04-06 13:38:09 - INFO - Training model: top_right-original-top_left-bottom_right
2025-04-06 13:38:20 - INFO - Model top_right-original-top_left-bottom_right completed in 11.27 seconds.
2025-04-06 13:38:20 - INFO - >>> Model top_right-original-top_left-bottom_right trained. Accuracy: 0.9736 (11.27 sec.)
2025-04-06 13:38:20 - INFO - Training model: bottom_left-tda-bottom_right-top_right-original
2025-04-06 13:38:35 - INFO - Model bottom_left-tda-bottom_right-top_right-original completed in 15.15 seconds.
2025-04-06 13:38:35 - INFO - >>> Model bottom_left-tda-bottom_right-top_right-original trained. Accuracy: 0.9832 (15.15 sec.)
2025-04-06 13:38:35 - INFO - Training model: bottom_left-tda-bottom_right-top_left-original
2025-04-06 13:38:50 - INFO - Model bottom_left-tda-bottom_right-top_left-original completed in 14.89 seconds.
2025-04-06 13:38:50 - INFO - >>> Model bottom_left-tda-bottom_right-top_left-original trained. Accuracy: 0.9836 (14.89 sec.)
2025-04-06 13:38:50 - INFO - Training model: bottom_left-tda-top_right-top_left-original
2025-04-06 13:39:05 - INFO - Model bottom_left-tda-top_right-top_left-original completed in 14.63 seconds.
2025-04-06 13:39:05 - INFO - >>> Model bottom_left-tda-top_right-top_left-original trained. Accuracy: 0.9827 (14.63 sec.)
2025-04-06 13:39:05 - INFO - Training model: bottom_left-bottom_right-top_right-top_left-original
2025-04-06 13:39:18 - INFO - Model bottom_left-bottom_right-top_right-top_left-original completed in 13.00 seconds.
2025-04-06 13:39:18 - INFO - >>> Model bottom_left-bottom_right-top_right-top_left-original trained. Accuracy: 0.9739 (13.00 sec.)
2025-04-06 13:39:18 - INFO - Training model: tda-bottom_right-top_right-top_left-original
2025-04-06 13:39:33 - INFO - Model tda-bottom_right-top_right-top_left-original completed in 14.86 seconds.
2025-04-06 13:39:33 - INFO - >>> Model tda-bottom_right-top_right-top_left-original trained. Accuracy: 0.9834 (14.86 sec.)
2025-04-06 13:39:33 - INFO - Training model: bottom_left-tda-bottom_right-top_right-top_left-original
2025-04-06 13:39:50 - INFO - Model bottom_left-tda-bottom_right-top_right-top_left-original completed in 17.52 seconds.
2025-04-06 13:39:50 - INFO - >>> Model bottom_left-tda-bottom_right-top_right-top_left-original trained. Accuracy: 0.9836 (17.52 sec.)
2025-04-06 13:39:50 - INFO - All models trained successfully.
2025-04-06 13:39:50 - INFO - ========== [Model Training Completed] in 5.61 minutes ==========
2025-04-06 13:39:50 - INFO - ========== [Experiment Training Complete] ==========
2025-04-06 13:39:51 - INFO - Results saved to /home/jovyan/Workspace/workspace_mnist/results/exp_noise_icecream/experiment_trainsize_predictions_2025-04-06_13-39-50.json
2025-04-06 13:39:51 - INFO - Results successfully saved to /home/jovyan/Workspace/workspace_mnist/results/exp_noise_icecream/experiment_trainsize_predictions_2025-04-06_13-39-50.json
2025-04-06 13:39:51 - INFO - Garbage collection executed.
2025-04-06 13:39:51 - INFO - ========== [Experiment Completed] in 12.39 minutes ==========
