2025-04-06 04:39:53 - INFO - Logging initialized.
 Writing to /home/jovyan/Workspace/workspace_mnist/logs/exp_noise_icecream/experiment_logs_2025-04-06_04-39-53.log
2025-04-06 04:39:53 - INFO - ========== [Experiment Start] ==========
2025-04-06 04:39:53 - INFO - Views combinations succesfully generated.
2025-04-06 04:39:53 - INFO - Topological Data Analysis pipeline generated.
2025-04-06 04:39:53 - INFO - Generating folder to save results.
2025-04-06 04:39:53 - INFO - Reading dataset in chunks from mnist_784.csv (chunk size: 70000)
2025-04-06 04:39:54 - INFO - Starting multiview data preparation for a chunk of size (70000, 784)...
2025-04-06 04:39:54 - INFO - Running using 22 jobs.
2025-04-06 04:39:54 - INFO - Contaminating dataset with circles using 2.
2025-04-06 04:39:54 - INFO - Splitting data: 64.4% train / 20.0% test (random_state=824368717)
2025-04-06 04:39:55 - INFO - Data split complete. Train size: (36088, 784), Test size: (14000, 784)
2025-04-06 04:39:55 - INFO - Reshaping train and test data into square images...
2025-04-06 04:39:55 - INFO - Reshaping complete. Train images: (36088, 28, 28), Test images: (14000, 28, 28)
2025-04-06 04:39:55 - INFO - Splitting images into quadrant views...
2025-04-06 04:39:55 - INFO - Quadrant view splitting complete. Train views: 4, Test views: 4
2025-04-06 04:39:55 - INFO - >> Starting TDA pipeline transformation on train data...
2025-04-06 04:45:10 - INFO - >> TDA transformation for train data completed (5.26 minutes).
2025-04-06 04:45:10 - INFO - >> Applying TDA pipeline transformation on test data...
2025-04-06 04:47:15 - INFO - >> TDA transformation for test data completed (2.09 minutes).
2025-04-06 04:47:15 - INFO - ========== [Model Training Start] ==========
2025-04-06 04:47:15 - INFO - Training model: original
2025-04-06 04:47:16 - INFO - Model original completed in 0.83 seconds.
2025-04-06 04:47:16 - INFO - >>> Model original trained. Accuracy: 0.9648 (0.83 sec.)
2025-04-06 04:47:16 - INFO - Training model: original-bottom_left
2025-04-06 04:47:23 - INFO - Model original-bottom_left completed in 6.97 seconds.
2025-04-06 04:47:23 - INFO - >>> Model original-bottom_left trained. Accuracy: 0.9685 (6.97 sec.)
2025-04-06 04:47:23 - INFO - Training model: original-tda
2025-04-06 04:47:32 - INFO - Model original-tda completed in 8.84 seconds.
2025-04-06 04:47:32 - INFO - >>> Model original-tda trained. Accuracy: 0.9826 (8.84 sec.)
2025-04-06 04:47:32 - INFO - Training model: original-bottom_right
2025-04-06 04:47:39 - INFO - Model original-bottom_right completed in 7.00 seconds.
2025-04-06 04:47:39 - INFO - >>> Model original-bottom_right trained. Accuracy: 0.9694 (7.00 sec.)
2025-04-06 04:47:39 - INFO - Training model: top_right-original
2025-04-06 04:47:46 - INFO - Model top_right-original completed in 6.91 seconds.
2025-04-06 04:47:46 - INFO - >>> Model top_right-original trained. Accuracy: 0.9677 (6.91 sec.)
2025-04-06 04:47:46 - INFO - Training model: original-top_left
2025-04-06 04:47:53 - INFO - Model original-top_left completed in 6.88 seconds.
2025-04-06 04:47:53 - INFO - >>> Model original-top_left trained. Accuracy: 0.9666 (6.88 sec.)
2025-04-06 04:47:53 - INFO - Training model: original-tda-bottom_left
2025-04-06 04:48:04 - INFO - Model original-tda-bottom_left completed in 11.21 seconds.
2025-04-06 04:48:04 - INFO - >>> Model original-tda-bottom_left trained. Accuracy: 0.9829 (11.21 sec.)
2025-04-06 04:48:04 - INFO - Training model: original-bottom_left-bottom_right
2025-04-06 04:48:13 - INFO - Model original-bottom_left-bottom_right completed in 9.54 seconds.
2025-04-06 04:48:13 - INFO - >>> Model original-bottom_left-bottom_right trained. Accuracy: 0.9703 (9.54 sec.)
2025-04-06 04:48:13 - INFO - Training model: top_right-original-bottom_left
2025-04-06 04:48:23 - INFO - Model top_right-original-bottom_left completed in 9.39 seconds.
2025-04-06 04:48:23 - INFO - >>> Model top_right-original-bottom_left trained. Accuracy: 0.9709 (9.39 sec.)
2025-04-06 04:48:23 - INFO - Training model: original-top_left-bottom_left
2025-04-06 04:48:32 - INFO - Model original-top_left-bottom_left completed in 9.35 seconds.
2025-04-06 04:48:32 - INFO - >>> Model original-top_left-bottom_left trained. Accuracy: 0.9708 (9.35 sec.)
2025-04-06 04:48:32 - INFO - Training model: original-tda-bottom_right
2025-04-06 04:48:44 - INFO - Model original-tda-bottom_right completed in 11.42 seconds.
2025-04-06 04:48:44 - INFO - >>> Model original-tda-bottom_right trained. Accuracy: 0.9831 (11.42 sec.)
2025-04-06 04:48:44 - INFO - Training model: top_right-original-tda
2025-04-06 04:48:55 - INFO - Model top_right-original-tda completed in 11.20 seconds.
2025-04-06 04:48:55 - INFO - >>> Model top_right-original-tda trained. Accuracy: 0.9830 (11.20 sec.)
2025-04-06 04:48:55 - INFO - Training model: original-tda-top_left
2025-04-06 04:49:06 - INFO - Model original-tda-top_left completed in 11.21 seconds.
2025-04-06 04:49:06 - INFO - >>> Model original-tda-top_left trained. Accuracy: 0.9829 (11.21 sec.)
2025-04-06 04:49:06 - INFO - Training model: top_right-original-bottom_right
2025-04-06 04:49:16 - INFO - Model top_right-original-bottom_right completed in 9.67 seconds.
2025-04-06 04:49:16 - INFO - >>> Model top_right-original-bottom_right trained. Accuracy: 0.9709 (9.67 sec.)
2025-04-06 04:49:16 - INFO - Training model: original-top_left-bottom_right
2025-04-06 04:49:25 - INFO - Model original-top_left-bottom_right completed in 9.47 seconds.
2025-04-06 04:49:25 - INFO - >>> Model original-top_left-bottom_right trained. Accuracy: 0.9704 (9.47 sec.)
2025-04-06 04:49:25 - INFO - Training model: top_right-original-top_left
2025-04-06 04:49:35 - INFO - Model top_right-original-top_left completed in 9.55 seconds.
2025-04-06 04:49:35 - INFO - >>> Model top_right-original-top_left trained. Accuracy: 0.9690 (9.55 sec.)
2025-04-06 04:49:35 - INFO - Training model: original-tda-bottom_left-bottom_right
2025-04-06 04:49:48 - INFO - Model original-tda-bottom_left-bottom_right completed in 13.68 seconds.
2025-04-06 04:49:48 - INFO - >>> Model original-tda-bottom_left-bottom_right trained. Accuracy: 0.9836 (13.68 sec.)
2025-04-06 04:49:48 - INFO - Training model: top_right-original-tda-bottom_left
2025-04-06 04:50:02 - INFO - Model top_right-original-tda-bottom_left completed in 13.97 seconds.
2025-04-06 04:50:02 - INFO - >>> Model top_right-original-tda-bottom_left trained. Accuracy: 0.9839 (13.97 sec.)
2025-04-06 04:50:02 - INFO - Training model: original-tda-top_left-bottom_left
2025-04-06 04:50:16 - INFO - Model original-tda-top_left-bottom_left completed in 13.65 seconds.
2025-04-06 04:50:16 - INFO - >>> Model original-tda-top_left-bottom_left trained. Accuracy: 0.9834 (13.65 sec.)
2025-04-06 04:50:16 - INFO - Training model: top_right-original-bottom_left-bottom_right
2025-04-06 04:50:28 - INFO - Model top_right-original-bottom_left-bottom_right completed in 12.32 seconds.
2025-04-06 04:50:28 - INFO - >>> Model top_right-original-bottom_left-bottom_right trained. Accuracy: 0.9734 (12.32 sec.)
2025-04-06 04:50:28 - INFO - Training model: original-top_left-bottom_left-bottom_right
2025-04-06 04:50:40 - INFO - Model original-top_left-bottom_left-bottom_right completed in 11.91 seconds.
2025-04-06 04:50:40 - INFO - >>> Model original-top_left-bottom_left-bottom_right trained. Accuracy: 0.9728 (11.91 sec.)
2025-04-06 04:50:40 - INFO - Training model: top_right-original-top_left-bottom_left
2025-04-06 04:50:52 - INFO - Model top_right-original-top_left-bottom_left completed in 11.96 seconds.
2025-04-06 04:50:52 - INFO - >>> Model top_right-original-top_left-bottom_left trained. Accuracy: 0.9731 (11.96 sec.)
2025-04-06 04:50:52 - INFO - Training model: top_right-original-tda-bottom_right
2025-04-06 04:51:06 - INFO - Model top_right-original-tda-bottom_right completed in 13.85 seconds.
2025-04-06 04:51:06 - INFO - >>> Model top_right-original-tda-bottom_right trained. Accuracy: 0.9842 (13.85 sec.)
2025-04-06 04:51:06 - INFO - Training model: original-tda-top_left-bottom_right
2025-04-06 04:51:20 - INFO - Model original-tda-top_left-bottom_right completed in 13.77 seconds.
2025-04-06 04:51:20 - INFO - >>> Model original-tda-top_left-bottom_right trained. Accuracy: 0.9841 (13.77 sec.)
2025-04-06 04:51:20 - INFO - Training model: top_right-original-tda-top_left
2025-04-06 04:51:34 - INFO - Model top_right-original-tda-top_left completed in 13.72 seconds.
2025-04-06 04:51:34 - INFO - >>> Model top_right-original-tda-top_left trained. Accuracy: 0.9826 (13.72 sec.)
2025-04-06 04:51:34 - INFO - Training model: top_right-original-top_left-bottom_right
2025-04-06 04:51:46 - INFO - Model top_right-original-top_left-bottom_right completed in 12.40 seconds.
2025-04-06 04:51:46 - INFO - >>> Model top_right-original-top_left-bottom_right trained. Accuracy: 0.9721 (12.40 sec.)
2025-04-06 04:51:46 - INFO - Training model: bottom_left-tda-bottom_right-top_right-original
2025-04-06 04:52:02 - INFO - Model bottom_left-tda-bottom_right-top_right-original completed in 16.39 seconds.
2025-04-06 04:52:02 - INFO - >>> Model bottom_left-tda-bottom_right-top_right-original trained. Accuracy: 0.9849 (16.39 sec.)
2025-04-06 04:52:02 - INFO - Training model: bottom_left-tda-bottom_right-top_left-original
2025-04-06 04:52:19 - INFO - Model bottom_left-tda-bottom_right-top_left-original completed in 16.23 seconds.
2025-04-06 04:52:19 - INFO - >>> Model bottom_left-tda-bottom_right-top_left-original trained. Accuracy: 0.9849 (16.23 sec.)
2025-04-06 04:52:19 - INFO - Training model: bottom_left-tda-top_right-top_left-original
2025-04-06 04:52:35 - INFO - Model bottom_left-tda-top_right-top_left-original completed in 16.36 seconds.
2025-04-06 04:52:35 - INFO - >>> Model bottom_left-tda-top_right-top_left-original trained. Accuracy: 0.9844 (16.36 sec.)
2025-04-06 04:52:35 - INFO - Training model: bottom_left-bottom_right-top_right-top_left-original
2025-04-06 04:52:50 - INFO - Model bottom_left-bottom_right-top_right-top_left-original completed in 14.57 seconds.
2025-04-06 04:52:50 - INFO - >>> Model bottom_left-bottom_right-top_right-top_left-original trained. Accuracy: 0.9748 (14.57 sec.)
2025-04-06 04:52:50 - INFO - Training model: tda-bottom_right-top_right-top_left-original
2025-04-06 04:53:06 - INFO - Model tda-bottom_right-top_right-top_left-original completed in 16.43 seconds.
2025-04-06 04:53:06 - INFO - >>> Model tda-bottom_right-top_right-top_left-original trained. Accuracy: 0.9853 (16.43 sec.)
2025-04-06 04:53:06 - INFO - Training model: bottom_left-tda-bottom_right-top_right-top_left-original
2025-04-06 04:53:25 - INFO - Model bottom_left-tda-bottom_right-top_right-top_left-original completed in 19.19 seconds.
2025-04-06 04:53:25 - INFO - >>> Model bottom_left-tda-bottom_right-top_right-top_left-original trained. Accuracy: 0.9859 (19.19 sec.)
2025-04-06 04:53:25 - INFO - All models trained successfully.
2025-04-06 04:53:25 - INFO - ========== [Model Training Completed] in 6.17 minutes ==========
2025-04-06 04:53:25 - INFO - ========== [Experiment Training Complete] ==========
2025-04-06 04:53:25 - INFO - Results saved to /home/jovyan/Workspace/workspace_mnist/results/exp_noise_icecream/experiment_trainsize_predictions_2025-04-06_04-53-25.json
2025-04-06 04:53:25 - INFO - Results successfully saved to /home/jovyan/Workspace/workspace_mnist/results/exp_noise_icecream/experiment_trainsize_predictions_2025-04-06_04-53-25.json
2025-04-06 04:53:25 - INFO - Garbage collection executed.
2025-04-06 04:53:25 - INFO - ========== [Experiment Completed] in 13.53 minutes ==========
