2025-03-22 20:13:08 - INFO - Logging initialized.
 Writing to /home/jovyan/Workspace/workspace_mnist/logs/exp_noise_icecream/experiment_logs_2025-03-22_20-13-08.log
2025-03-22 20:13:08 - INFO - ========== [Experiment Start] ==========
2025-03-22 20:13:08 - INFO - Views combinations succesfully generated.
2025-03-22 20:13:08 - INFO - Topological Data Analysis pipeline generated.
2025-03-22 20:13:08 - INFO - Generating folder to save results.
2025-03-22 20:13:08 - INFO - Reading dataset in chunks from mnist_784.csv (chunk size: 70000)
2025-03-22 20:13:09 - INFO - Starting multiview data preparation for a chunk of size (70000, 784)...
2025-03-22 20:13:09 - INFO - Running using 16 jobs.
2025-03-22 20:13:09 - INFO - Contaminating dataset with lines using 23.
2025-03-22 20:13:19 - INFO - Splitting data: 72.2% train / 20.0% test (random_state=561967060)
2025-03-22 20:13:19 - INFO - Data split complete. Train size: (40444, 784), Test size: (14000, 784)
2025-03-22 20:13:19 - INFO - Reshaping train and test data into square images...
2025-03-22 20:13:19 - INFO - Reshaping complete. Train images: (40444, 28, 28), Test images: (14000, 28, 28)
2025-03-22 20:13:19 - INFO - Splitting images into quadrant views...
2025-03-22 20:13:19 - INFO - Quadrant view splitting complete. Train views: 4, Test views: 4
2025-03-22 20:13:19 - INFO - >> Starting TDA pipeline transformation on train data...
2025-03-22 20:21:19 - INFO - >> TDA transformation for train data completed (7.99 minutes).
2025-03-22 20:21:19 - INFO - >> Applying TDA pipeline transformation on test data...
2025-03-22 20:24:02 - INFO - >> TDA transformation for test data completed (2.72 minutes).
2025-03-22 20:24:02 - INFO - ========== [Model Training Start] ==========
2025-03-22 20:24:02 - INFO - Training model: original
2025-03-22 20:24:04 - INFO - Model original completed in 1.48 seconds.
2025-03-22 20:24:04 - INFO - >>> Model original trained. Accuracy: 0.8831 (1.48 sec.)
2025-03-22 20:24:04 - INFO - Training model: bottom_left-original
2025-03-22 20:24:16 - INFO - Model bottom_left-original completed in 11.95 seconds.
2025-03-22 20:24:16 - INFO - >>> Model bottom_left-original trained. Accuracy: 0.8958 (11.95 sec.)
2025-03-22 20:24:16 - INFO - Training model: top_left-original
2025-03-22 20:24:27 - INFO - Model top_left-original completed in 11.73 seconds.
2025-03-22 20:24:27 - INFO - >>> Model top_left-original trained. Accuracy: 0.8994 (11.73 sec.)
2025-03-22 20:24:27 - INFO - Training model: original-top_right
2025-03-22 20:24:39 - INFO - Model original-top_right completed in 12.09 seconds.
2025-03-22 20:24:39 - INFO - >>> Model original-top_right trained. Accuracy: 0.9007 (12.09 sec.)
2025-03-22 20:24:39 - INFO - Training model: bottom_right-original
2025-03-22 20:24:51 - INFO - Model bottom_right-original completed in 12.02 seconds.
2025-03-22 20:24:51 - INFO - >>> Model bottom_right-original trained. Accuracy: 0.8956 (12.02 sec.)
2025-03-22 20:24:51 - INFO - Training model: tda-original
2025-03-22 20:25:17 - INFO - Model tda-original completed in 25.26 seconds.
2025-03-22 20:25:17 - INFO - >>> Model tda-original trained. Accuracy: 0.8861 (25.26 sec.)
2025-03-22 20:25:17 - INFO - Training model: bottom_left-top_left-original
2025-03-22 20:25:32 - INFO - Model bottom_left-top_left-original completed in 15.63 seconds.
2025-03-22 20:25:32 - INFO - >>> Model bottom_left-top_left-original trained. Accuracy: 0.9059 (15.63 sec.)
2025-03-22 20:25:32 - INFO - Training model: bottom_left-original-top_right
2025-03-22 20:25:48 - INFO - Model bottom_left-original-top_right completed in 16.15 seconds.
2025-03-22 20:25:48 - INFO - >>> Model bottom_left-original-top_right trained. Accuracy: 0.9067 (16.15 sec.)
2025-03-22 20:25:48 - INFO - Training model: bottom_right-bottom_left-original
2025-03-22 20:26:04 - INFO - Model bottom_right-bottom_left-original completed in 16.03 seconds.
2025-03-22 20:26:04 - INFO - >>> Model bottom_right-bottom_left-original trained. Accuracy: 0.9006 (16.03 sec.)
2025-03-22 20:26:04 - INFO - Training model: bottom_left-tda-original
2025-03-22 20:26:34 - INFO - Model bottom_left-tda-original completed in 29.19 seconds.
2025-03-22 20:26:34 - INFO - >>> Model bottom_left-tda-original trained. Accuracy: 0.8924 (29.19 sec.)
2025-03-22 20:26:34 - INFO - Training model: top_left-original-top_right
2025-03-22 20:26:50 - INFO - Model top_left-original-top_right completed in 16.04 seconds.
2025-03-22 20:26:50 - INFO - >>> Model top_left-original-top_right trained. Accuracy: 0.9101 (16.04 sec.)
2025-03-22 20:26:50 - INFO - Training model: bottom_right-top_left-original
2025-03-22 20:27:06 - INFO - Model bottom_right-top_left-original completed in 16.25 seconds.
2025-03-22 20:27:06 - INFO - >>> Model bottom_right-top_left-original trained. Accuracy: 0.9077 (16.25 sec.)
2025-03-22 20:27:06 - INFO - Training model: top_left-tda-original
2025-03-22 20:27:35 - INFO - Model top_left-tda-original completed in 29.14 seconds.
2025-03-22 20:27:35 - INFO - >>> Model top_left-tda-original trained. Accuracy: 0.8967 (29.14 sec.)
2025-03-22 20:27:35 - INFO - Training model: bottom_right-original-top_right
2025-03-22 20:27:52 - INFO - Model bottom_right-original-top_right completed in 16.63 seconds.
2025-03-22 20:27:52 - INFO - >>> Model bottom_right-original-top_right trained. Accuracy: 0.9088 (16.63 sec.)
2025-03-22 20:27:52 - INFO - Training model: tda-original-top_right
2025-03-22 20:28:22 - INFO - Model tda-original-top_right completed in 29.94 seconds.
2025-03-22 20:28:22 - INFO - >>> Model tda-original-top_right trained. Accuracy: 0.8988 (29.94 sec.)
2025-03-22 20:28:22 - INFO - Training model: bottom_right-tda-original
2025-03-22 20:28:51 - INFO - Model bottom_right-tda-original completed in 29.61 seconds.
2025-03-22 20:28:51 - INFO - >>> Model bottom_right-tda-original trained. Accuracy: 0.8938 (29.61 sec.)
2025-03-22 20:28:51 - INFO - Training model: bottom_left-top_left-original-top_right
2025-03-22 20:29:11 - INFO - Model bottom_left-top_left-original-top_right completed in 20.15 seconds.
2025-03-22 20:29:11 - INFO - >>> Model bottom_left-top_left-original-top_right trained. Accuracy: 0.9196 (20.15 sec.)
2025-03-22 20:29:11 - INFO - Training model: bottom_right-bottom_left-top_left-original
2025-03-22 20:29:32 - INFO - Model bottom_right-bottom_left-top_left-original completed in 20.35 seconds.
2025-03-22 20:29:32 - INFO - >>> Model bottom_right-bottom_left-top_left-original trained. Accuracy: 0.9131 (20.35 sec.)
2025-03-22 20:29:32 - INFO - Training model: bottom_left-top_left-tda-original
2025-03-22 20:30:05 - INFO - Model bottom_left-top_left-tda-original completed in 33.23 seconds.
2025-03-22 20:30:05 - INFO - >>> Model bottom_left-top_left-tda-original trained. Accuracy: 0.9040 (33.23 sec.)
2025-03-22 20:30:05 - INFO - Training model: bottom_right-bottom_left-original-top_right
2025-03-22 20:30:26 - INFO - Model bottom_right-bottom_left-original-top_right completed in 20.86 seconds.
2025-03-22 20:30:26 - INFO - >>> Model bottom_right-bottom_left-original-top_right trained. Accuracy: 0.9148 (20.86 sec.)
2025-03-22 20:30:26 - INFO - Training model: bottom_left-tda-original-top_right
2025-03-22 20:31:00 - INFO - Model bottom_left-tda-original-top_right completed in 33.68 seconds.
2025-03-22 20:31:00 - INFO - >>> Model bottom_left-tda-original-top_right trained. Accuracy: 0.9055 (33.68 sec.)
2025-03-22 20:31:00 - INFO - Training model: bottom_right-bottom_left-tda-original
2025-03-22 20:31:34 - INFO - Model bottom_right-bottom_left-tda-original completed in 33.95 seconds.
2025-03-22 20:31:34 - INFO - >>> Model bottom_right-bottom_left-tda-original trained. Accuracy: 0.8990 (33.95 sec.)
2025-03-22 20:31:34 - INFO - Training model: bottom_right-top_left-original-top_right
2025-03-22 20:31:54 - INFO - Model bottom_right-top_left-original-top_right completed in 20.32 seconds.
2025-03-22 20:31:54 - INFO - >>> Model bottom_right-top_left-original-top_right trained. Accuracy: 0.9200 (20.32 sec.)
2025-03-22 20:31:54 - INFO - Training model: top_left-tda-original-top_right
2025-03-22 20:32:27 - INFO - Model top_left-tda-original-top_right completed in 33.53 seconds.
2025-03-22 20:32:27 - INFO - >>> Model top_left-tda-original-top_right trained. Accuracy: 0.9094 (33.53 sec.)
2025-03-22 20:32:27 - INFO - Training model: bottom_right-top_left-tda-original
2025-03-22 20:33:01 - INFO - Model bottom_right-top_left-tda-original completed in 33.46 seconds.
2025-03-22 20:33:01 - INFO - >>> Model bottom_right-top_left-tda-original trained. Accuracy: 0.9065 (33.46 sec.)
2025-03-22 20:33:01 - INFO - Training model: bottom_right-tda-original-top_right
2025-03-22 20:33:35 - INFO - Model bottom_right-tda-original-top_right completed in 33.80 seconds.
2025-03-22 20:33:35 - INFO - >>> Model bottom_right-tda-original-top_right trained. Accuracy: 0.9063 (33.80 sec.)
2025-03-22 20:33:35 - INFO - Training model: bottom_left-top_left-top_right-bottom_right-original
2025-03-22 20:33:59 - INFO - Model bottom_left-top_left-top_right-bottom_right-original completed in 24.62 seconds.
2025-03-22 20:33:59 - INFO - >>> Model bottom_left-top_left-top_right-bottom_right-original trained. Accuracy: 0.9290 (24.62 sec.)
2025-03-22 20:33:59 - INFO - Training model: bottom_left-top_left-top_right-tda-original
2025-03-22 20:34:37 - INFO - Model bottom_left-top_left-top_right-tda-original completed in 37.57 seconds.
2025-03-22 20:34:37 - INFO - >>> Model bottom_left-top_left-top_right-tda-original trained. Accuracy: 0.9185 (37.57 sec.)
2025-03-22 20:34:37 - INFO - Training model: bottom_left-top_left-bottom_right-tda-original
2025-03-22 20:35:14 - INFO - Model bottom_left-top_left-bottom_right-tda-original completed in 37.49 seconds.
2025-03-22 20:35:14 - INFO - >>> Model bottom_left-top_left-bottom_right-tda-original trained. Accuracy: 0.9113 (37.49 sec.)
2025-03-22 20:35:14 - INFO - Training model: bottom_left-top_right-bottom_right-tda-original
2025-03-22 20:35:53 - INFO - Model bottom_left-top_right-bottom_right-tda-original completed in 38.16 seconds.
2025-03-22 20:35:53 - INFO - >>> Model bottom_left-top_right-bottom_right-tda-original trained. Accuracy: 0.9136 (38.16 sec.)
2025-03-22 20:35:53 - INFO - Training model: top_left-top_right-bottom_right-tda-original
2025-03-22 20:36:30 - INFO - Model top_left-top_right-bottom_right-tda-original completed in 37.91 seconds.
2025-03-22 20:36:30 - INFO - >>> Model top_left-top_right-bottom_right-tda-original trained. Accuracy: 0.9192 (37.91 sec.)
2025-03-22 20:36:30 - INFO - Training model: bottom_left-top_left-top_right-bottom_right-tda-original
2025-03-22 20:37:13 - INFO - Model bottom_left-top_left-top_right-bottom_right-tda-original completed in 42.57 seconds.
2025-03-22 20:37:13 - INFO - >>> Model bottom_left-top_left-top_right-bottom_right-tda-original trained. Accuracy: 0.9254 (42.57 sec.)
2025-03-22 20:37:13 - INFO - All models trained successfully.
2025-03-22 20:37:13 - INFO - ========== [Model Training Completed] in 13.18 minutes ==========
2025-03-22 20:37:13 - INFO - ========== [Experiment Training Complete] ==========
2025-03-22 20:37:13 - INFO - Results saved to /home/jovyan/Workspace/workspace_mnist/results/exp_noise_icecream/experiment_trainsize_predictions_2025-03-22_20-37-13.json
2025-03-22 20:37:13 - INFO - Results successfully saved to /home/jovyan/Workspace/workspace_mnist/results/exp_noise_icecream/experiment_trainsize_predictions_2025-03-22_20-37-13.json
2025-03-22 20:37:13 - INFO - Garbage collection executed.
2025-03-22 20:37:13 - INFO - ========== [Experiment Completed] in 24.08 minutes ==========
