2025-03-24 01:54:27 - INFO - Logging initialized.
 Writing to /home/jovyan/Workspace/workspace_mnist/logs/exp_noise_icecream/experiment_logs_2025-03-24_01-54-27.log
2025-03-24 01:54:27 - INFO - ========== [Experiment Start] ==========
2025-03-24 01:54:27 - INFO - Views combinations succesfully generated.
2025-03-24 01:54:27 - INFO - Topological Data Analysis pipeline generated.
2025-03-24 01:54:27 - INFO - Generating folder to save results.
2025-03-24 01:54:27 - INFO - Reading dataset in chunks from mnist_784.csv (chunk size: 70000)
2025-03-24 01:54:27 - INFO - Starting multiview data preparation for a chunk of size (70000, 784)...
2025-03-24 01:54:27 - INFO - Running using 16 jobs.
2025-03-24 01:54:27 - INFO - Contaminating dataset with lines using 23.
2025-03-24 01:54:38 - INFO - Splitting data: 64.4% train / 20.0% test (random_state=72789604)
2025-03-24 01:54:38 - INFO - Data split complete. Train size: (36088, 784), Test size: (14000, 784)
2025-03-24 01:54:38 - INFO - Reshaping train and test data into square images...
2025-03-24 01:54:38 - INFO - Reshaping complete. Train images: (36088, 28, 28), Test images: (14000, 28, 28)
2025-03-24 01:54:38 - INFO - Splitting images into quadrant views...
2025-03-24 01:54:38 - INFO - Quadrant view splitting complete. Train views: 4, Test views: 4
2025-03-24 01:54:38 - INFO - >> Starting TDA pipeline transformation on train data...
2025-03-24 02:01:34 - INFO - >> TDA transformation for train data completed (6.94 minutes).
2025-03-24 02:01:34 - INFO - >> Applying TDA pipeline transformation on test data...
2025-03-24 02:04:14 - INFO - >> TDA transformation for test data completed (2.66 minutes).
2025-03-24 02:04:14 - INFO - ========== [Model Training Start] ==========
2025-03-24 02:04:14 - INFO - Training model: original
2025-03-24 02:04:15 - INFO - Model original completed in 1.32 seconds.
2025-03-24 02:04:15 - INFO - >>> Model original trained. Accuracy: 0.8851 (1.32 sec.)
2025-03-24 02:04:15 - INFO - Training model: bottom_left-original
2025-03-24 02:04:26 - INFO - Model bottom_left-original completed in 10.61 seconds.
2025-03-24 02:04:26 - INFO - >>> Model bottom_left-original trained. Accuracy: 0.8941 (10.61 sec.)
2025-03-24 02:04:26 - INFO - Training model: top_left-original
2025-03-24 02:04:36 - INFO - Model top_left-original completed in 10.47 seconds.
2025-03-24 02:04:36 - INFO - >>> Model top_left-original trained. Accuracy: 0.8972 (10.47 sec.)
2025-03-24 02:04:36 - INFO - Training model: original-top_right
2025-03-24 02:04:47 - INFO - Model original-top_right completed in 10.78 seconds.
2025-03-24 02:04:47 - INFO - >>> Model original-top_right trained. Accuracy: 0.9001 (10.78 sec.)
2025-03-24 02:04:47 - INFO - Training model: bottom_right-original
2025-03-24 02:04:58 - INFO - Model bottom_right-original completed in 10.78 seconds.
2025-03-24 02:04:58 - INFO - >>> Model bottom_right-original trained. Accuracy: 0.8948 (10.78 sec.)
2025-03-24 02:04:58 - INFO - Training model: tda-original
2025-03-24 02:05:20 - INFO - Model tda-original completed in 22.34 seconds.
2025-03-24 02:05:20 - INFO - >>> Model tda-original trained. Accuracy: 0.8873 (22.34 sec.)
2025-03-24 02:05:20 - INFO - Training model: bottom_left-top_left-original
2025-03-24 02:05:34 - INFO - Model bottom_left-top_left-original completed in 13.86 seconds.
2025-03-24 02:05:34 - INFO - >>> Model bottom_left-top_left-original trained. Accuracy: 0.9066 (13.86 sec.)
2025-03-24 02:05:34 - INFO - Training model: bottom_left-original-top_right
2025-03-24 02:05:48 - INFO - Model bottom_left-original-top_right completed in 14.54 seconds.
2025-03-24 02:05:48 - INFO - >>> Model bottom_left-original-top_right trained. Accuracy: 0.9076 (14.54 sec.)
2025-03-24 02:05:48 - INFO - Training model: bottom_right-bottom_left-original
2025-03-24 02:06:03 - INFO - Model bottom_right-bottom_left-original completed in 14.53 seconds.
2025-03-24 02:06:03 - INFO - >>> Model bottom_right-bottom_left-original trained. Accuracy: 0.9012 (14.53 sec.)
2025-03-24 02:06:03 - INFO - Training model: bottom_left-tda-original
2025-03-24 02:06:29 - INFO - Model bottom_left-tda-original completed in 25.85 seconds.
2025-03-24 02:06:29 - INFO - >>> Model bottom_left-tda-original trained. Accuracy: 0.8926 (25.85 sec.)
2025-03-24 02:06:29 - INFO - Training model: top_left-original-top_right
2025-03-24 02:06:43 - INFO - Model top_left-original-top_right completed in 14.26 seconds.
2025-03-24 02:06:43 - INFO - >>> Model top_left-original-top_right trained. Accuracy: 0.9096 (14.26 sec.)
2025-03-24 02:06:43 - INFO - Training model: bottom_right-top_left-original
2025-03-24 02:06:57 - INFO - Model bottom_right-top_left-original completed in 14.35 seconds.
2025-03-24 02:06:57 - INFO - >>> Model bottom_right-top_left-original trained. Accuracy: 0.9059 (14.35 sec.)
2025-03-24 02:06:57 - INFO - Training model: top_left-tda-original
2025-03-24 02:07:23 - INFO - Model top_left-tda-original completed in 25.87 seconds.
2025-03-24 02:07:23 - INFO - >>> Model top_left-tda-original trained. Accuracy: 0.8969 (25.87 sec.)
2025-03-24 02:07:23 - INFO - Training model: bottom_right-original-top_right
2025-03-24 02:07:38 - INFO - Model bottom_right-original-top_right completed in 14.76 seconds.
2025-03-24 02:07:38 - INFO - >>> Model bottom_right-original-top_right trained. Accuracy: 0.9068 (14.76 sec.)
2025-03-24 02:07:38 - INFO - Training model: tda-original-top_right
2025-03-24 02:08:04 - INFO - Model tda-original-top_right completed in 25.97 seconds.
2025-03-24 02:08:04 - INFO - >>> Model tda-original-top_right trained. Accuracy: 0.8977 (25.97 sec.)
2025-03-24 02:08:04 - INFO - Training model: bottom_right-tda-original
2025-03-24 02:08:30 - INFO - Model bottom_right-tda-original completed in 25.85 seconds.
2025-03-24 02:08:30 - INFO - >>> Model bottom_right-tda-original trained. Accuracy: 0.8949 (25.85 sec.)
2025-03-24 02:08:30 - INFO - Training model: bottom_left-top_left-original-top_right
2025-03-24 02:08:48 - INFO - Model bottom_left-top_left-original-top_right completed in 17.81 seconds.
2025-03-24 02:08:48 - INFO - >>> Model bottom_left-top_left-original-top_right trained. Accuracy: 0.9196 (17.81 sec.)
2025-03-24 02:08:48 - INFO - Training model: bottom_right-bottom_left-top_left-original
2025-03-24 02:09:06 - INFO - Model bottom_right-bottom_left-top_left-original completed in 17.84 seconds.
2025-03-24 02:09:06 - INFO - >>> Model bottom_right-bottom_left-top_left-original trained. Accuracy: 0.9117 (17.84 sec.)
2025-03-24 02:09:06 - INFO - Training model: bottom_left-top_left-tda-original
2025-03-24 02:09:35 - INFO - Model bottom_left-top_left-tda-original completed in 29.34 seconds.
2025-03-24 02:09:35 - INFO - >>> Model bottom_left-top_left-tda-original trained. Accuracy: 0.9026 (29.34 sec.)
2025-03-24 02:09:35 - INFO - Training model: bottom_right-bottom_left-original-top_right
2025-03-24 02:09:53 - INFO - Model bottom_right-bottom_left-original-top_right completed in 18.14 seconds.
2025-03-24 02:09:53 - INFO - >>> Model bottom_right-bottom_left-original-top_right trained. Accuracy: 0.9156 (18.14 sec.)
2025-03-24 02:09:53 - INFO - Training model: bottom_left-tda-original-top_right
2025-03-24 02:10:23 - INFO - Model bottom_left-tda-original-top_right completed in 29.74 seconds.
2025-03-24 02:10:23 - INFO - >>> Model bottom_left-tda-original-top_right trained. Accuracy: 0.9061 (29.74 sec.)
2025-03-24 02:10:23 - INFO - Training model: bottom_right-bottom_left-tda-original
2025-03-24 02:10:53 - INFO - Model bottom_right-bottom_left-tda-original completed in 29.88 seconds.
2025-03-24 02:10:53 - INFO - >>> Model bottom_right-bottom_left-tda-original trained. Accuracy: 0.8997 (29.88 sec.)
2025-03-24 02:10:53 - INFO - Training model: bottom_right-top_left-original-top_right
2025-03-24 02:11:11 - INFO - Model bottom_right-top_left-original-top_right completed in 18.09 seconds.
2025-03-24 02:11:11 - INFO - >>> Model bottom_right-top_left-original-top_right trained. Accuracy: 0.9174 (18.09 sec.)
2025-03-24 02:11:11 - INFO - Training model: top_left-tda-original-top_right
2025-03-24 02:11:40 - INFO - Model top_left-tda-original-top_right completed in 29.50 seconds.
2025-03-24 02:11:40 - INFO - >>> Model top_left-tda-original-top_right trained. Accuracy: 0.9081 (29.50 sec.)
2025-03-24 02:11:40 - INFO - Training model: bottom_right-top_left-tda-original
2025-03-24 02:12:10 - INFO - Model bottom_right-top_left-tda-original completed in 29.65 seconds.
2025-03-24 02:12:10 - INFO - >>> Model bottom_right-top_left-tda-original trained. Accuracy: 0.9036 (29.65 sec.)
2025-03-24 02:12:10 - INFO - Training model: bottom_right-tda-original-top_right
2025-03-24 02:12:40 - INFO - Model bottom_right-tda-original-top_right completed in 29.91 seconds.
2025-03-24 02:12:40 - INFO - >>> Model bottom_right-tda-original-top_right trained. Accuracy: 0.9053 (29.91 sec.)
2025-03-24 02:12:40 - INFO - Training model: bottom_left-top_left-top_right-bottom_right-original
2025-03-24 02:13:02 - INFO - Model bottom_left-top_left-top_right-bottom_right-original completed in 21.78 seconds.
2025-03-24 02:13:02 - INFO - >>> Model bottom_left-top_left-top_right-bottom_right-original trained. Accuracy: 0.9267 (21.78 sec.)
2025-03-24 02:13:02 - INFO - Training model: bottom_left-top_left-top_right-tda-original
2025-03-24 02:13:35 - INFO - Model bottom_left-top_left-top_right-tda-original completed in 33.31 seconds.
2025-03-24 02:13:35 - INFO - >>> Model bottom_left-top_left-top_right-tda-original trained. Accuracy: 0.9159 (33.31 sec.)
2025-03-24 02:13:35 - INFO - Training model: bottom_left-top_left-bottom_right-tda-original
2025-03-24 02:14:08 - INFO - Model bottom_left-top_left-bottom_right-tda-original completed in 33.37 seconds.
2025-03-24 02:14:08 - INFO - >>> Model bottom_left-top_left-bottom_right-tda-original trained. Accuracy: 0.9098 (33.37 sec.)
2025-03-24 02:14:08 - INFO - Training model: bottom_left-top_right-bottom_right-tda-original
2025-03-24 02:14:42 - INFO - Model bottom_left-top_right-bottom_right-tda-original completed in 33.42 seconds.
2025-03-24 02:14:42 - INFO - >>> Model bottom_left-top_right-bottom_right-tda-original trained. Accuracy: 0.9133 (33.42 sec.)
2025-03-24 02:14:42 - INFO - Training model: top_left-top_right-bottom_right-tda-original
2025-03-24 02:15:15 - INFO - Model top_left-top_right-bottom_right-tda-original completed in 33.51 seconds.
2025-03-24 02:15:15 - INFO - >>> Model top_left-top_right-bottom_right-tda-original trained. Accuracy: 0.9146 (33.51 sec.)
2025-03-24 02:15:15 - INFO - Training model: bottom_left-top_left-top_right-bottom_right-tda-original
2025-03-24 02:15:52 - INFO - Model bottom_left-top_left-top_right-bottom_right-tda-original completed in 37.15 seconds.
2025-03-24 02:15:52 - INFO - >>> Model bottom_left-top_left-top_right-bottom_right-tda-original trained. Accuracy: 0.9236 (37.15 sec.)
2025-03-24 02:15:52 - INFO - All models trained successfully.
2025-03-24 02:15:52 - INFO - ========== [Model Training Completed] in 11.65 minutes ==========
2025-03-24 02:15:52 - INFO - ========== [Experiment Training Complete] ==========
2025-03-24 02:15:53 - INFO - Results saved to /home/jovyan/Workspace/workspace_mnist/results/exp_noise_icecream/experiment_trainsize_predictions_2025-03-24_02-15-52.json
2025-03-24 02:15:53 - INFO - Results successfully saved to /home/jovyan/Workspace/workspace_mnist/results/exp_noise_icecream/experiment_trainsize_predictions_2025-03-24_02-15-52.json
2025-03-24 02:15:53 - INFO - Garbage collection executed.
2025-03-24 02:15:53 - INFO - ========== [Experiment Completed] in 21.43 minutes ==========
