2025-04-05 20:20:26 - INFO - Logging initialized.
 Writing to /home/jovyan/Workspace/workspace_mnist/logs/exp_noise_icecream/experiment_logs_2025-04-05_20-20-26.log
2025-04-05 20:20:26 - INFO - ========== [Experiment Start] ==========
2025-04-05 20:20:26 - INFO - Views combinations succesfully generated.
2025-04-05 20:20:26 - INFO - Topological Data Analysis pipeline generated.
2025-04-05 20:20:26 - INFO - Generating folder to save results.
2025-04-05 20:20:26 - INFO - Reading dataset in chunks from mnist_784.csv (chunk size: 70000)
2025-04-05 20:20:27 - INFO - Starting multiview data preparation for a chunk of size (70000, 784)...
2025-04-05 20:20:27 - INFO - Running using 22 jobs.
2025-04-05 20:20:27 - INFO - Contaminating dataset with circles using 2.
2025-04-05 20:20:27 - INFO - Splitting data: 10.0% train / 20.0% test (random_state=508701318)
2025-04-05 20:20:27 - INFO - Data split complete. Train size: (5600, 784), Test size: (14000, 784)
2025-04-05 20:20:27 - INFO - Reshaping train and test data into square images...
2025-04-05 20:20:27 - INFO - Reshaping complete. Train images: (5600, 28, 28), Test images: (14000, 28, 28)
2025-04-05 20:20:27 - INFO - Splitting images into quadrant views...
2025-04-05 20:20:27 - INFO - Quadrant view splitting complete. Train views: 4, Test views: 4
2025-04-05 20:20:27 - INFO - >> Starting TDA pipeline transformation on train data...
2025-04-05 20:21:20 - INFO - >> TDA transformation for train data completed (0.88 minutes).
2025-04-05 20:21:20 - INFO - >> Applying TDA pipeline transformation on test data...
2025-04-05 20:23:24 - INFO - >> TDA transformation for test data completed (2.08 minutes).
2025-04-05 20:23:24 - INFO - ========== [Model Training Start] ==========
2025-04-05 20:23:24 - INFO - Training model: original
2025-04-05 20:23:24 - INFO - Model original completed in 0.25 seconds.
2025-04-05 20:23:24 - INFO - >>> Model original trained. Accuracy: 0.9387 (0.25 sec.)
2025-04-05 20:23:24 - INFO - Training model: original-bottom_left
2025-04-05 20:23:29 - INFO - Model original-bottom_left completed in 4.46 seconds.
2025-04-05 20:23:29 - INFO - >>> Model original-bottom_left trained. Accuracy: 0.9411 (4.46 sec.)
2025-04-05 20:23:29 - INFO - Training model: original-tda
2025-04-05 20:23:33 - INFO - Model original-tda completed in 3.74 seconds.
2025-04-05 20:23:33 - INFO - >>> Model original-tda trained. Accuracy: 0.9695 (3.74 sec.)
2025-04-05 20:23:33 - INFO - Training model: original-bottom_right
2025-04-05 20:23:37 - INFO - Model original-bottom_right completed in 4.07 seconds.
2025-04-05 20:23:37 - INFO - >>> Model original-bottom_right trained. Accuracy: 0.9441 (4.07 sec.)
2025-04-05 20:23:37 - INFO - Training model: top_right-original
2025-04-05 20:23:41 - INFO - Model top_right-original completed in 4.48 seconds.
2025-04-05 20:23:41 - INFO - >>> Model top_right-original trained. Accuracy: 0.9441 (4.48 sec.)
2025-04-05 20:23:41 - INFO - Training model: original-top_left
2025-04-05 20:23:46 - INFO - Model original-top_left completed in 4.73 seconds.
2025-04-05 20:23:46 - INFO - >>> Model original-top_left trained. Accuracy: 0.9419 (4.73 sec.)
2025-04-05 20:23:46 - INFO - Training model: original-tda-bottom_left
2025-04-05 20:23:52 - INFO - Model original-tda-bottom_left completed in 5.79 seconds.
2025-04-05 20:23:52 - INFO - >>> Model original-tda-bottom_left trained. Accuracy: 0.9667 (5.79 sec.)
2025-04-05 20:23:52 - INFO - Training model: original-bottom_left-bottom_right
2025-04-05 20:23:58 - INFO - Model original-bottom_left-bottom_right completed in 6.30 seconds.
2025-04-05 20:23:58 - INFO - >>> Model original-bottom_left-bottom_right trained. Accuracy: 0.9459 (6.30 sec.)
2025-04-05 20:23:58 - INFO - Training model: top_right-original-bottom_left
2025-04-05 20:24:05 - INFO - Model top_right-original-bottom_left completed in 6.15 seconds.
2025-04-05 20:24:05 - INFO - >>> Model top_right-original-bottom_left trained. Accuracy: 0.9475 (6.15 sec.)
2025-04-05 20:24:05 - INFO - Training model: original-top_left-bottom_left
2025-04-05 20:24:11 - INFO - Model original-top_left-bottom_left completed in 6.57 seconds.
2025-04-05 20:24:11 - INFO - >>> Model original-top_left-bottom_left trained. Accuracy: 0.9431 (6.57 sec.)
2025-04-05 20:24:11 - INFO - Training model: original-tda-bottom_right
2025-04-05 20:24:17 - INFO - Model original-tda-bottom_right completed in 6.04 seconds.
2025-04-05 20:24:17 - INFO - >>> Model original-tda-bottom_right trained. Accuracy: 0.9717 (6.04 sec.)
2025-04-05 20:24:17 - INFO - Training model: top_right-original-tda
2025-04-05 20:24:23 - INFO - Model top_right-original-tda completed in 5.91 seconds.
2025-04-05 20:24:23 - INFO - >>> Model top_right-original-tda trained. Accuracy: 0.9721 (5.91 sec.)
2025-04-05 20:24:23 - INFO - Training model: original-tda-top_left
2025-04-05 20:24:29 - INFO - Model original-tda-top_left completed in 6.17 seconds.
2025-04-05 20:24:29 - INFO - >>> Model original-tda-top_left trained. Accuracy: 0.9699 (6.17 sec.)
2025-04-05 20:24:29 - INFO - Training model: top_right-original-bottom_right
2025-04-05 20:24:36 - INFO - Model top_right-original-bottom_right completed in 6.47 seconds.
2025-04-05 20:24:36 - INFO - >>> Model top_right-original-bottom_right trained. Accuracy: 0.9499 (6.47 sec.)
2025-04-05 20:24:36 - INFO - Training model: original-top_left-bottom_right
2025-04-05 20:24:42 - INFO - Model original-top_left-bottom_right completed in 6.19 seconds.
2025-04-05 20:24:42 - INFO - >>> Model original-top_left-bottom_right trained. Accuracy: 0.9463 (6.19 sec.)
2025-04-05 20:24:42 - INFO - Training model: top_right-original-top_left
2025-04-05 20:24:49 - INFO - Model top_right-original-top_left completed in 6.77 seconds.
2025-04-05 20:24:49 - INFO - >>> Model top_right-original-top_left trained. Accuracy: 0.9491 (6.77 sec.)
2025-04-05 20:24:49 - INFO - Training model: original-tda-bottom_left-bottom_right
2025-04-05 20:24:57 - INFO - Model original-tda-bottom_left-bottom_right completed in 7.71 seconds.
2025-04-05 20:24:57 - INFO - >>> Model original-tda-bottom_left-bottom_right trained. Accuracy: 0.9699 (7.71 sec.)
2025-04-05 20:24:57 - INFO - Training model: top_right-original-tda-bottom_left
2025-04-05 20:25:05 - INFO - Model top_right-original-tda-bottom_left completed in 8.25 seconds.
2025-04-05 20:25:05 - INFO - >>> Model top_right-original-tda-bottom_left trained. Accuracy: 0.9719 (8.25 sec.)
2025-04-05 20:25:05 - INFO - Training model: original-tda-top_left-bottom_left
2025-04-05 20:25:13 - INFO - Model original-tda-top_left-bottom_left completed in 8.26 seconds.
2025-04-05 20:25:13 - INFO - >>> Model original-tda-top_left-bottom_left trained. Accuracy: 0.9686 (8.26 sec.)
2025-04-05 20:25:13 - INFO - Training model: top_right-original-bottom_left-bottom_right
2025-04-05 20:25:21 - INFO - Model top_right-original-bottom_left-bottom_right completed in 8.29 seconds.
2025-04-05 20:25:21 - INFO - >>> Model top_right-original-bottom_left-bottom_right trained. Accuracy: 0.9511 (8.29 sec.)
2025-04-05 20:25:21 - INFO - Training model: original-top_left-bottom_left-bottom_right
2025-04-05 20:25:30 - INFO - Model original-top_left-bottom_left-bottom_right completed in 8.29 seconds.
2025-04-05 20:25:30 - INFO - >>> Model original-top_left-bottom_left-bottom_right trained. Accuracy: 0.9482 (8.29 sec.)
2025-04-05 20:25:30 - INFO - Training model: top_right-original-top_left-bottom_left
2025-04-05 20:25:38 - INFO - Model top_right-original-top_left-bottom_left completed in 8.07 seconds.
2025-04-05 20:25:38 - INFO - >>> Model top_right-original-top_left-bottom_left trained. Accuracy: 0.9504 (8.07 sec.)
2025-04-05 20:25:38 - INFO - Training model: top_right-original-tda-bottom_right
2025-04-05 20:25:46 - INFO - Model top_right-original-tda-bottom_right completed in 8.26 seconds.
2025-04-05 20:25:46 - INFO - >>> Model top_right-original-tda-bottom_right trained. Accuracy: 0.9734 (8.26 sec.)
2025-04-05 20:25:46 - INFO - Training model: original-tda-top_left-bottom_right
2025-04-05 20:25:54 - INFO - Model original-tda-top_left-bottom_right completed in 8.21 seconds.
2025-04-05 20:25:54 - INFO - >>> Model original-tda-top_left-bottom_right trained. Accuracy: 0.9719 (8.21 sec.)
2025-04-05 20:25:54 - INFO - Training model: top_right-original-tda-top_left
2025-04-05 20:26:02 - INFO - Model top_right-original-tda-top_left completed in 8.18 seconds.
2025-04-05 20:26:02 - INFO - >>> Model top_right-original-tda-top_left trained. Accuracy: 0.9725 (8.18 sec.)
2025-04-05 20:26:02 - INFO - Training model: top_right-original-top_left-bottom_right
2025-04-05 20:26:11 - INFO - Model top_right-original-top_left-bottom_right completed in 8.30 seconds.
2025-04-05 20:26:11 - INFO - >>> Model top_right-original-top_left-bottom_right trained. Accuracy: 0.9525 (8.30 sec.)
2025-04-05 20:26:11 - INFO - Training model: bottom_left-tda-bottom_right-top_right-original
2025-04-05 20:26:21 - INFO - Model bottom_left-tda-bottom_right-top_right-original completed in 10.33 seconds.
2025-04-05 20:26:21 - INFO - >>> Model bottom_left-tda-bottom_right-top_right-original trained. Accuracy: 0.9740 (10.33 sec.)
2025-04-05 20:26:21 - INFO - Training model: bottom_left-tda-bottom_right-top_left-original
2025-04-05 20:26:31 - INFO - Model bottom_left-tda-bottom_right-top_left-original completed in 10.33 seconds.
2025-04-05 20:26:31 - INFO - >>> Model bottom_left-tda-bottom_right-top_left-original trained. Accuracy: 0.9705 (10.33 sec.)
2025-04-05 20:26:31 - INFO - Training model: bottom_left-tda-top_right-top_left-original
2025-04-05 20:26:42 - INFO - Model bottom_left-tda-top_right-top_left-original completed in 10.43 seconds.
2025-04-05 20:26:42 - INFO - >>> Model bottom_left-tda-top_right-top_left-original trained. Accuracy: 0.9727 (10.43 sec.)
2025-04-05 20:26:42 - INFO - Training model: bottom_left-bottom_right-top_right-top_left-original
2025-04-05 20:26:52 - INFO - Model bottom_left-bottom_right-top_right-top_left-original completed in 10.68 seconds.
2025-04-05 20:26:52 - INFO - >>> Model bottom_left-bottom_right-top_right-top_left-original trained. Accuracy: 0.9539 (10.68 sec.)
2025-04-05 20:26:52 - INFO - Training model: tda-bottom_right-top_right-top_left-original
2025-04-05 20:27:03 - INFO - Model tda-bottom_right-top_right-top_left-original completed in 10.22 seconds.
2025-04-05 20:27:03 - INFO - >>> Model tda-bottom_right-top_right-top_left-original trained. Accuracy: 0.9747 (10.22 sec.)
2025-04-05 20:27:03 - INFO - Training model: bottom_left-tda-bottom_right-top_right-top_left-original
2025-04-05 20:27:15 - INFO - Model bottom_left-tda-bottom_right-top_right-top_left-original completed in 12.31 seconds.
2025-04-05 20:27:15 - INFO - >>> Model bottom_left-tda-bottom_right-top_right-top_left-original trained. Accuracy: 0.9742 (12.31 sec.)
2025-04-05 20:27:15 - INFO - All models trained successfully.
2025-04-05 20:27:15 - INFO - ========== [Model Training Completed] in 3.85 minutes ==========
2025-04-05 20:27:15 - INFO - ========== [Experiment Training Complete] ==========
2025-04-05 20:27:15 - INFO - Results saved to /home/jovyan/Workspace/workspace_mnist/results/exp_noise_icecream/experiment_trainsize_predictions_2025-04-05_20-27-15.json
2025-04-05 20:27:15 - INFO - Results successfully saved to /home/jovyan/Workspace/workspace_mnist/results/exp_noise_icecream/experiment_trainsize_predictions_2025-04-05_20-27-15.json
2025-04-05 20:27:15 - INFO - Garbage collection executed.
2025-04-05 20:27:15 - INFO - ========== [Experiment Completed] in 6.82 minutes ==========
