2025-04-06 05:31:12 - INFO - Logging initialized.
 Writing to /home/jovyan/Workspace/workspace_mnist/logs/exp_noise_icecream/experiment_logs_2025-04-06_05-31-12.log
2025-04-06 05:31:12 - INFO - ========== [Experiment Start] ==========
2025-04-06 05:31:12 - INFO - Views combinations succesfully generated.
2025-04-06 05:31:12 - INFO - Topological Data Analysis pipeline generated.
2025-04-06 05:31:12 - INFO - Generating folder to save results.
2025-04-06 05:31:12 - INFO - Reading dataset in chunks from mnist_784.csv (chunk size: 70000)
2025-04-06 05:31:12 - INFO - Starting multiview data preparation for a chunk of size (70000, 784)...
2025-04-06 05:31:12 - INFO - Running using 22 jobs.
2025-04-06 05:31:12 - INFO - Contaminating dataset with circles using 2.
2025-04-06 05:31:12 - INFO - Splitting data: 17.8% train / 20.0% test (random_state=582848128)
2025-04-06 05:31:13 - INFO - Data split complete. Train size: (9955, 784), Test size: (14000, 784)
2025-04-06 05:31:13 - INFO - Reshaping train and test data into square images...
2025-04-06 05:31:13 - INFO - Reshaping complete. Train images: (9955, 28, 28), Test images: (14000, 28, 28)
2025-04-06 05:31:13 - INFO - Splitting images into quadrant views...
2025-04-06 05:31:13 - INFO - Quadrant view splitting complete. Train views: 4, Test views: 4
2025-04-06 05:31:13 - INFO - >> Starting TDA pipeline transformation on train data...
2025-04-06 05:32:41 - INFO - >> TDA transformation for train data completed (1.47 minutes).
2025-04-06 05:32:41 - INFO - >> Applying TDA pipeline transformation on test data...
2025-04-06 05:34:44 - INFO - >> TDA transformation for test data completed (2.05 minutes).
2025-04-06 05:34:44 - INFO - ========== [Model Training Start] ==========
2025-04-06 05:34:44 - INFO - Training model: original
2025-04-06 05:34:44 - INFO - Model original completed in 0.29 seconds.
2025-04-06 05:34:44 - INFO - >>> Model original trained. Accuracy: 0.9467 (0.29 sec.)
2025-04-06 05:34:44 - INFO - Training model: original-bottom_left
2025-04-06 05:34:48 - INFO - Model original-bottom_left completed in 3.75 seconds.
2025-04-06 05:34:48 - INFO - >>> Model original-bottom_left trained. Accuracy: 0.9486 (3.75 sec.)
2025-04-06 05:34:48 - INFO - Training model: original-tda
2025-04-06 05:34:52 - INFO - Model original-tda completed in 3.96 seconds.
2025-04-06 05:34:52 - INFO - >>> Model original-tda trained. Accuracy: 0.9720 (3.96 sec.)
2025-04-06 05:34:52 - INFO - Training model: original-bottom_right
2025-04-06 05:34:56 - INFO - Model original-bottom_right completed in 4.15 seconds.
2025-04-06 05:34:56 - INFO - >>> Model original-bottom_right trained. Accuracy: 0.9504 (4.15 sec.)
2025-04-06 05:34:56 - INFO - Training model: top_right-original
2025-04-06 05:35:00 - INFO - Model top_right-original completed in 3.89 seconds.
2025-04-06 05:35:00 - INFO - >>> Model top_right-original trained. Accuracy: 0.9505 (3.89 sec.)
2025-04-06 05:35:00 - INFO - Training model: original-top_left
2025-04-06 05:35:04 - INFO - Model original-top_left completed in 4.06 seconds.
2025-04-06 05:35:04 - INFO - >>> Model original-top_left trained. Accuracy: 0.9516 (4.06 sec.)
2025-04-06 05:35:04 - INFO - Training model: original-tda-bottom_left
2025-04-06 05:35:10 - INFO - Model original-tda-bottom_left completed in 5.55 seconds.
2025-04-06 05:35:10 - INFO - >>> Model original-tda-bottom_left trained. Accuracy: 0.9691 (5.55 sec.)
2025-04-06 05:35:10 - INFO - Training model: original-bottom_left-bottom_right
2025-04-06 05:35:15 - INFO - Model original-bottom_left-bottom_right completed in 5.52 seconds.
2025-04-06 05:35:15 - INFO - >>> Model original-bottom_left-bottom_right trained. Accuracy: 0.9515 (5.52 sec.)
2025-04-06 05:35:15 - INFO - Training model: top_right-original-bottom_left
2025-04-06 05:35:21 - INFO - Model top_right-original-bottom_left completed in 5.50 seconds.
2025-04-06 05:35:21 - INFO - >>> Model top_right-original-bottom_left trained. Accuracy: 0.9521 (5.50 sec.)
2025-04-06 05:35:21 - INFO - Training model: original-top_left-bottom_left
2025-04-06 05:35:27 - INFO - Model original-top_left-bottom_left completed in 5.85 seconds.
2025-04-06 05:35:27 - INFO - >>> Model original-top_left-bottom_left trained. Accuracy: 0.9523 (5.85 sec.)
2025-04-06 05:35:27 - INFO - Training model: original-tda-bottom_right
2025-04-06 05:35:32 - INFO - Model original-tda-bottom_right completed in 5.65 seconds.
2025-04-06 05:35:32 - INFO - >>> Model original-tda-bottom_right trained. Accuracy: 0.9729 (5.65 sec.)
2025-04-06 05:35:32 - INFO - Training model: top_right-original-tda
2025-04-06 05:35:38 - INFO - Model top_right-original-tda completed in 5.79 seconds.
2025-04-06 05:35:38 - INFO - >>> Model top_right-original-tda trained. Accuracy: 0.9736 (5.79 sec.)
2025-04-06 05:35:38 - INFO - Training model: original-tda-top_left
2025-04-06 05:35:44 - INFO - Model original-tda-top_left completed in 5.82 seconds.
2025-04-06 05:35:44 - INFO - >>> Model original-tda-top_left trained. Accuracy: 0.9718 (5.82 sec.)
2025-04-06 05:35:44 - INFO - Training model: top_right-original-bottom_right
2025-04-06 05:35:50 - INFO - Model top_right-original-bottom_right completed in 5.95 seconds.
2025-04-06 05:35:50 - INFO - >>> Model top_right-original-bottom_right trained. Accuracy: 0.9527 (5.95 sec.)
2025-04-06 05:35:50 - INFO - Training model: original-top_left-bottom_right
2025-04-06 05:35:55 - INFO - Model original-top_left-bottom_right completed in 5.63 seconds.
2025-04-06 05:35:55 - INFO - >>> Model original-top_left-bottom_right trained. Accuracy: 0.9549 (5.63 sec.)
2025-04-06 05:35:55 - INFO - Training model: top_right-original-top_left
2025-04-06 05:36:01 - INFO - Model top_right-original-top_left completed in 5.97 seconds.
2025-04-06 05:36:01 - INFO - >>> Model top_right-original-top_left trained. Accuracy: 0.9564 (5.97 sec.)
2025-04-06 05:36:01 - INFO - Training model: original-tda-bottom_left-bottom_right
2025-04-06 05:36:09 - INFO - Model original-tda-bottom_left-bottom_right completed in 7.31 seconds.
2025-04-06 05:36:09 - INFO - >>> Model original-tda-bottom_left-bottom_right trained. Accuracy: 0.9714 (7.31 sec.)
2025-04-06 05:36:09 - INFO - Training model: top_right-original-tda-bottom_left
2025-04-06 05:36:16 - INFO - Model top_right-original-tda-bottom_left completed in 7.11 seconds.
2025-04-06 05:36:16 - INFO - >>> Model top_right-original-tda-bottom_left trained. Accuracy: 0.9735 (7.11 sec.)
2025-04-06 05:36:16 - INFO - Training model: original-tda-top_left-bottom_left
2025-04-06 05:36:24 - INFO - Model original-tda-top_left-bottom_left completed in 7.77 seconds.
2025-04-06 05:36:24 - INFO - >>> Model original-tda-top_left-bottom_left trained. Accuracy: 0.9715 (7.77 sec.)
2025-04-06 05:36:24 - INFO - Training model: top_right-original-bottom_left-bottom_right
2025-04-06 05:36:31 - INFO - Model top_right-original-bottom_left-bottom_right completed in 7.90 seconds.
2025-04-06 05:36:31 - INFO - >>> Model top_right-original-bottom_left-bottom_right trained. Accuracy: 0.9541 (7.90 sec.)
2025-04-06 05:36:31 - INFO - Training model: original-top_left-bottom_left-bottom_right
2025-04-06 05:36:39 - INFO - Model original-top_left-bottom_left-bottom_right completed in 7.90 seconds.
2025-04-06 05:36:39 - INFO - >>> Model original-top_left-bottom_left-bottom_right trained. Accuracy: 0.9562 (7.90 sec.)
2025-04-06 05:36:39 - INFO - Training model: top_right-original-top_left-bottom_left
2025-04-06 05:36:47 - INFO - Model top_right-original-top_left-bottom_left completed in 7.75 seconds.
2025-04-06 05:36:47 - INFO - >>> Model top_right-original-top_left-bottom_left trained. Accuracy: 0.9574 (7.75 sec.)
2025-04-06 05:36:47 - INFO - Training model: top_right-original-tda-bottom_right
2025-04-06 05:36:55 - INFO - Model top_right-original-tda-bottom_right completed in 7.39 seconds.
2025-04-06 05:36:55 - INFO - >>> Model top_right-original-tda-bottom_right trained. Accuracy: 0.9744 (7.39 sec.)
2025-04-06 05:36:55 - INFO - Training model: original-tda-top_left-bottom_right
2025-04-06 05:37:02 - INFO - Model original-tda-top_left-bottom_right completed in 7.46 seconds.
2025-04-06 05:37:02 - INFO - >>> Model original-tda-top_left-bottom_right trained. Accuracy: 0.9748 (7.46 sec.)
2025-04-06 05:37:02 - INFO - Training model: top_right-original-tda-top_left
2025-04-06 05:37:09 - INFO - Model top_right-original-tda-top_left completed in 7.44 seconds.
2025-04-06 05:37:09 - INFO - >>> Model top_right-original-tda-top_left trained. Accuracy: 0.9741 (7.44 sec.)
2025-04-06 05:37:09 - INFO - Training model: top_right-original-top_left-bottom_right
2025-04-06 05:37:17 - INFO - Model top_right-original-top_left-bottom_right completed in 7.55 seconds.
2025-04-06 05:37:17 - INFO - >>> Model top_right-original-top_left-bottom_right trained. Accuracy: 0.9596 (7.55 sec.)
2025-04-06 05:37:17 - INFO - Training model: bottom_left-tda-bottom_right-top_right-original
2025-04-06 05:37:27 - INFO - Model bottom_left-tda-bottom_right-top_right-original completed in 9.58 seconds.
2025-04-06 05:37:27 - INFO - >>> Model bottom_left-tda-bottom_right-top_right-original trained. Accuracy: 0.9739 (9.58 sec.)
2025-04-06 05:37:27 - INFO - Training model: bottom_left-tda-bottom_right-top_left-original
2025-04-06 05:37:36 - INFO - Model bottom_left-tda-bottom_right-top_left-original completed in 9.56 seconds.
2025-04-06 05:37:36 - INFO - >>> Model bottom_left-tda-bottom_right-top_left-original trained. Accuracy: 0.9734 (9.56 sec.)
2025-04-06 05:37:36 - INFO - Training model: bottom_left-tda-top_right-top_left-original
2025-04-06 05:37:46 - INFO - Model bottom_left-tda-top_right-top_left-original completed in 9.42 seconds.
2025-04-06 05:37:46 - INFO - >>> Model bottom_left-tda-top_right-top_left-original trained. Accuracy: 0.9746 (9.42 sec.)
2025-04-06 05:37:46 - INFO - Training model: bottom_left-bottom_right-top_right-top_left-original
2025-04-06 05:37:55 - INFO - Model bottom_left-bottom_right-top_right-top_left-original completed in 9.37 seconds.
2025-04-06 05:37:55 - INFO - >>> Model bottom_left-bottom_right-top_right-top_left-original trained. Accuracy: 0.9596 (9.37 sec.)
2025-04-06 05:37:55 - INFO - Training model: tda-bottom_right-top_right-top_left-original
2025-04-06 05:38:04 - INFO - Model tda-bottom_right-top_right-top_left-original completed in 9.48 seconds.
2025-04-06 05:38:04 - INFO - >>> Model tda-bottom_right-top_right-top_left-original trained. Accuracy: 0.9766 (9.48 sec.)
2025-04-06 05:38:04 - INFO - Training model: bottom_left-tda-bottom_right-top_right-top_left-original
2025-04-06 05:38:15 - INFO - Model bottom_left-tda-bottom_right-top_right-top_left-original completed in 10.97 seconds.
2025-04-06 05:38:15 - INFO - >>> Model bottom_left-tda-bottom_right-top_right-top_left-original trained. Accuracy: 0.9755 (10.97 sec.)
2025-04-06 05:38:15 - INFO - All models trained successfully.
2025-04-06 05:38:15 - INFO - ========== [Model Training Completed] in 3.52 minutes ==========
2025-04-06 05:38:15 - INFO - ========== [Experiment Training Complete] ==========
2025-04-06 05:38:16 - INFO - Results saved to /home/jovyan/Workspace/workspace_mnist/results/exp_noise_icecream/experiment_trainsize_predictions_2025-04-06_05-38-15.json
2025-04-06 05:38:16 - INFO - Results successfully saved to /home/jovyan/Workspace/workspace_mnist/results/exp_noise_icecream/experiment_trainsize_predictions_2025-04-06_05-38-15.json
2025-04-06 05:38:16 - INFO - Garbage collection executed.
2025-04-06 05:38:16 - INFO - ========== [Experiment Completed] in 7.07 minutes ==========
