2025-03-23 14:06:10 - INFO - Logging initialized.
 Writing to /home/jovyan/Workspace/workspace_mnist/logs/exp_noise_icecream/experiment_logs_2025-03-23_14-06-10.log
2025-03-23 14:06:10 - INFO - ========== [Experiment Start] ==========
2025-03-23 14:06:10 - INFO - Views combinations succesfully generated.
2025-03-23 14:06:10 - INFO - Topological Data Analysis pipeline generated.
2025-03-23 14:06:10 - INFO - Generating folder to save results.
2025-03-23 14:06:10 - INFO - Reading dataset in chunks from mnist_784.csv (chunk size: 70000)
2025-03-23 14:06:10 - INFO - Starting multiview data preparation for a chunk of size (70000, 784)...
2025-03-23 14:06:10 - INFO - Running using 16 jobs.
2025-03-23 14:06:10 - INFO - Contaminating dataset with lines using 23.
2025-03-23 14:06:20 - INFO - Splitting data: 41.1% train / 20.0% test (random_state=248065843)
2025-03-23 14:06:20 - INFO - Data split complete. Train size: (23022, 784), Test size: (14000, 784)
2025-03-23 14:06:20 - INFO - Reshaping train and test data into square images...
2025-03-23 14:06:20 - INFO - Reshaping complete. Train images: (23022, 28, 28), Test images: (14000, 28, 28)
2025-03-23 14:06:20 - INFO - Splitting images into quadrant views...
2025-03-23 14:06:20 - INFO - Quadrant view splitting complete. Train views: 4, Test views: 4
2025-03-23 14:06:20 - INFO - >> Starting TDA pipeline transformation on train data...
2025-03-23 14:10:48 - INFO - >> TDA transformation for train data completed (4.47 minutes).
2025-03-23 14:10:48 - INFO - >> Applying TDA pipeline transformation on test data...
2025-03-23 14:13:30 - INFO - >> TDA transformation for test data completed (2.69 minutes).
2025-03-23 14:13:30 - INFO - ========== [Model Training Start] ==========
2025-03-23 14:13:30 - INFO - Training model: original
2025-03-23 14:13:31 - INFO - Model original completed in 0.82 seconds.
2025-03-23 14:13:31 - INFO - >>> Model original trained. Accuracy: 0.8689 (0.82 sec.)
2025-03-23 14:13:31 - INFO - Training model: bottom_left-original
2025-03-23 14:13:38 - INFO - Model bottom_left-original completed in 6.83 seconds.
2025-03-23 14:13:38 - INFO - >>> Model bottom_left-original trained. Accuracy: 0.8804 (6.83 sec.)
2025-03-23 14:13:38 - INFO - Training model: top_left-original
2025-03-23 14:13:44 - INFO - Model top_left-original completed in 6.74 seconds.
2025-03-23 14:13:44 - INFO - >>> Model top_left-original trained. Accuracy: 0.8859 (6.74 sec.)
2025-03-23 14:13:44 - INFO - Training model: original-top_right
2025-03-23 14:13:51 - INFO - Model original-top_right completed in 7.04 seconds.
2025-03-23 14:13:51 - INFO - >>> Model original-top_right trained. Accuracy: 0.8881 (7.04 sec.)
2025-03-23 14:13:51 - INFO - Training model: bottom_right-original
2025-03-23 14:13:58 - INFO - Model bottom_right-original completed in 7.11 seconds.
2025-03-23 14:13:58 - INFO - >>> Model bottom_right-original trained. Accuracy: 0.8828 (7.11 sec.)
2025-03-23 14:13:58 - INFO - Training model: tda-original
2025-03-23 14:14:12 - INFO - Model tda-original completed in 13.90 seconds.
2025-03-23 14:14:12 - INFO - >>> Model tda-original trained. Accuracy: 0.8715 (13.90 sec.)
2025-03-23 14:14:12 - INFO - Training model: bottom_left-top_left-original
2025-03-23 14:14:22 - INFO - Model bottom_left-top_left-original completed in 9.34 seconds.
2025-03-23 14:14:22 - INFO - >>> Model bottom_left-top_left-original trained. Accuracy: 0.8928 (9.34 sec.)
2025-03-23 14:14:22 - INFO - Training model: bottom_left-original-top_right
2025-03-23 14:14:31 - INFO - Model bottom_left-original-top_right completed in 9.43 seconds.
2025-03-23 14:14:31 - INFO - >>> Model bottom_left-original-top_right trained. Accuracy: 0.8964 (9.43 sec.)
2025-03-23 14:14:31 - INFO - Training model: bottom_right-bottom_left-original
2025-03-23 14:14:41 - INFO - Model bottom_right-bottom_left-original completed in 9.56 seconds.
2025-03-23 14:14:41 - INFO - >>> Model bottom_right-bottom_left-original trained. Accuracy: 0.8889 (9.56 sec.)
2025-03-23 14:14:41 - INFO - Training model: bottom_left-tda-original
2025-03-23 14:14:57 - INFO - Model bottom_left-tda-original completed in 16.39 seconds.
2025-03-23 14:14:57 - INFO - >>> Model bottom_left-tda-original trained. Accuracy: 0.8766 (16.39 sec.)
2025-03-23 14:14:57 - INFO - Training model: top_left-original-top_right
2025-03-23 14:15:07 - INFO - Model top_left-original-top_right completed in 9.66 seconds.
2025-03-23 14:15:07 - INFO - >>> Model top_left-original-top_right trained. Accuracy: 0.8962 (9.66 sec.)
2025-03-23 14:15:07 - INFO - Training model: bottom_right-top_left-original
2025-03-23 14:15:16 - INFO - Model bottom_right-top_left-original completed in 9.47 seconds.
2025-03-23 14:15:16 - INFO - >>> Model bottom_right-top_left-original trained. Accuracy: 0.8945 (9.47 sec.)
2025-03-23 14:15:16 - INFO - Training model: top_left-tda-original
2025-03-23 14:15:32 - INFO - Model top_left-tda-original completed in 16.26 seconds.
2025-03-23 14:15:32 - INFO - >>> Model top_left-tda-original trained. Accuracy: 0.8825 (16.26 sec.)
2025-03-23 14:15:32 - INFO - Training model: bottom_right-original-top_right
2025-03-23 14:15:42 - INFO - Model bottom_right-original-top_right completed in 9.54 seconds.
2025-03-23 14:15:42 - INFO - >>> Model bottom_right-original-top_right trained. Accuracy: 0.8990 (9.54 sec.)
2025-03-23 14:15:42 - INFO - Training model: tda-original-top_right
2025-03-23 14:15:58 - INFO - Model tda-original-top_right completed in 16.35 seconds.
2025-03-23 14:15:58 - INFO - >>> Model tda-original-top_right trained. Accuracy: 0.8861 (16.35 sec.)
2025-03-23 14:15:58 - INFO - Training model: bottom_right-tda-original
2025-03-23 14:16:15 - INFO - Model bottom_right-tda-original completed in 16.45 seconds.
2025-03-23 14:16:15 - INFO - >>> Model bottom_right-tda-original trained. Accuracy: 0.8805 (16.45 sec.)
2025-03-23 14:16:15 - INFO - Training model: bottom_left-top_left-original-top_right
2025-03-23 14:16:27 - INFO - Model bottom_left-top_left-original-top_right completed in 11.92 seconds.
2025-03-23 14:16:27 - INFO - >>> Model bottom_left-top_left-original-top_right trained. Accuracy: 0.9106 (11.92 sec.)
2025-03-23 14:16:27 - INFO - Training model: bottom_right-bottom_left-top_left-original
2025-03-23 14:16:39 - INFO - Model bottom_right-bottom_left-top_left-original completed in 12.12 seconds.
2025-03-23 14:16:39 - INFO - >>> Model bottom_right-bottom_left-top_left-original trained. Accuracy: 0.9014 (12.12 sec.)
2025-03-23 14:16:39 - INFO - Training model: bottom_left-top_left-tda-original
2025-03-23 14:16:58 - INFO - Model bottom_left-top_left-tda-original completed in 18.89 seconds.
2025-03-23 14:16:58 - INFO - >>> Model bottom_left-top_left-tda-original trained. Accuracy: 0.8904 (18.89 sec.)
2025-03-23 14:16:58 - INFO - Training model: bottom_right-bottom_left-original-top_right
2025-03-23 14:17:10 - INFO - Model bottom_right-bottom_left-original-top_right completed in 12.19 seconds.
2025-03-23 14:17:10 - INFO - >>> Model bottom_right-bottom_left-original-top_right trained. Accuracy: 0.9069 (12.19 sec.)
2025-03-23 14:17:10 - INFO - Training model: bottom_left-tda-original-top_right
2025-03-23 14:17:29 - INFO - Model bottom_left-tda-original-top_right completed in 19.00 seconds.
2025-03-23 14:17:29 - INFO - >>> Model bottom_left-tda-original-top_right trained. Accuracy: 0.8952 (19.00 sec.)
2025-03-23 14:17:29 - INFO - Training model: bottom_right-bottom_left-tda-original
2025-03-23 14:17:48 - INFO - Model bottom_right-bottom_left-tda-original completed in 19.11 seconds.
2025-03-23 14:17:48 - INFO - >>> Model bottom_right-bottom_left-tda-original trained. Accuracy: 0.8866 (19.11 sec.)
2025-03-23 14:17:48 - INFO - Training model: bottom_right-top_left-original-top_right
2025-03-23 14:18:00 - INFO - Model bottom_right-top_left-original-top_right completed in 12.17 seconds.
2025-03-23 14:18:00 - INFO - >>> Model bottom_right-top_left-original-top_right trained. Accuracy: 0.9083 (12.17 sec.)
2025-03-23 14:18:00 - INFO - Training model: top_left-tda-original-top_right
2025-03-23 14:18:19 - INFO - Model top_left-tda-original-top_right completed in 18.85 seconds.
2025-03-23 14:18:19 - INFO - >>> Model top_left-tda-original-top_right trained. Accuracy: 0.8963 (18.85 sec.)
2025-03-23 14:18:19 - INFO - Training model: bottom_right-top_left-tda-original
2025-03-23 14:18:38 - INFO - Model bottom_right-top_left-tda-original completed in 18.77 seconds.
2025-03-23 14:18:38 - INFO - >>> Model bottom_right-top_left-tda-original trained. Accuracy: 0.8939 (18.77 sec.)
2025-03-23 14:18:38 - INFO - Training model: bottom_right-tda-original-top_right
2025-03-23 14:18:57 - INFO - Model bottom_right-tda-original-top_right completed in 19.10 seconds.
2025-03-23 14:18:57 - INFO - >>> Model bottom_right-tda-original-top_right trained. Accuracy: 0.8969 (19.10 sec.)
2025-03-23 14:18:57 - INFO - Training model: bottom_left-top_left-top_right-bottom_right-original
2025-03-23 14:19:12 - INFO - Model bottom_left-top_left-top_right-bottom_right-original completed in 14.65 seconds.
2025-03-23 14:19:12 - INFO - >>> Model bottom_left-top_left-top_right-bottom_right-original trained. Accuracy: 0.9168 (14.65 sec.)
2025-03-23 14:19:12 - INFO - Training model: bottom_left-top_left-top_right-tda-original
2025-03-23 14:19:33 - INFO - Model bottom_left-top_left-top_right-tda-original completed in 21.43 seconds.
2025-03-23 14:19:33 - INFO - >>> Model bottom_left-top_left-top_right-tda-original trained. Accuracy: 0.9061 (21.43 sec.)
2025-03-23 14:19:33 - INFO - Training model: bottom_left-top_left-bottom_right-tda-original
2025-03-23 14:19:55 - INFO - Model bottom_left-top_left-bottom_right-tda-original completed in 21.57 seconds.
2025-03-23 14:19:55 - INFO - >>> Model bottom_left-top_left-bottom_right-tda-original trained. Accuracy: 0.9009 (21.57 sec.)
2025-03-23 14:19:55 - INFO - Training model: bottom_left-top_right-bottom_right-tda-original
2025-03-23 14:20:16 - INFO - Model bottom_left-top_right-bottom_right-tda-original completed in 21.56 seconds.
2025-03-23 14:20:16 - INFO - >>> Model bottom_left-top_right-bottom_right-tda-original trained. Accuracy: 0.9029 (21.56 sec.)
2025-03-23 14:20:16 - INFO - Training model: top_left-top_right-bottom_right-tda-original
2025-03-23 14:20:38 - INFO - Model top_left-top_right-bottom_right-tda-original completed in 21.73 seconds.
2025-03-23 14:20:38 - INFO - >>> Model top_left-top_right-bottom_right-tda-original trained. Accuracy: 0.9065 (21.73 sec.)
2025-03-23 14:20:38 - INFO - Training model: bottom_left-top_left-top_right-bottom_right-tda-original
2025-03-23 14:21:02 - INFO - Model bottom_left-top_left-top_right-bottom_right-tda-original completed in 24.28 seconds.
2025-03-23 14:21:02 - INFO - >>> Model bottom_left-top_left-top_right-bottom_right-tda-original trained. Accuracy: 0.9154 (24.28 sec.)
2025-03-23 14:21:02 - INFO - All models trained successfully.
2025-03-23 14:21:02 - INFO - ========== [Model Training Completed] in 7.54 minutes ==========
2025-03-23 14:21:02 - INFO - ========== [Experiment Training Complete] ==========
2025-03-23 14:21:02 - INFO - Results saved to /home/jovyan/Workspace/workspace_mnist/results/exp_noise_icecream/experiment_trainsize_predictions_2025-03-23_14-21-02.json
2025-03-23 14:21:02 - INFO - Results successfully saved to /home/jovyan/Workspace/workspace_mnist/results/exp_noise_icecream/experiment_trainsize_predictions_2025-03-23_14-21-02.json
2025-03-23 14:21:02 - INFO - Garbage collection executed.
2025-03-23 14:21:02 - INFO - ========== [Experiment Completed] in 14.88 minutes ==========
