2025-04-06 22:43:40 - INFO - Logging initialized.
 Writing to /home/jovyan/Workspace/workspace_mnist/logs/exp_noise_icecream/experiment_logs_2025-04-06_22-43-40.log
2025-04-06 22:43:40 - INFO - ========== [Experiment Start] ==========
2025-04-06 22:43:40 - INFO - Views combinations succesfully generated.
2025-04-06 22:43:40 - INFO - Topological Data Analysis pipeline generated.
2025-04-06 22:43:40 - INFO - Generating folder to save results.
2025-04-06 22:43:40 - INFO - Reading dataset in chunks from mnist_784.csv (chunk size: 70000)
2025-04-06 22:43:41 - INFO - Starting multiview data preparation for a chunk of size (70000, 784)...
2025-04-06 22:43:41 - INFO - Running using 22 jobs.
2025-04-06 22:43:41 - INFO - Contaminating dataset with circles using 2.
2025-04-06 22:43:41 - INFO - Splitting data: 64.4% train / 20.0% test (random_state=362334714)
2025-04-06 22:43:41 - INFO - Data split complete. Train size: (36088, 784), Test size: (14000, 784)
2025-04-06 22:43:41 - INFO - Reshaping train and test data into square images...
2025-04-06 22:43:41 - INFO - Reshaping complete. Train images: (36088, 28, 28), Test images: (14000, 28, 28)
2025-04-06 22:43:41 - INFO - Splitting images into quadrant views...
2025-04-06 22:43:41 - INFO - Quadrant view splitting complete. Train views: 4, Test views: 4
2025-04-06 22:43:41 - INFO - >> Starting TDA pipeline transformation on train data...
2025-04-06 22:48:59 - INFO - >> TDA transformation for train data completed (5.31 minutes).
2025-04-06 22:48:59 - INFO - >> Applying TDA pipeline transformation on test data...
2025-04-06 22:51:04 - INFO - >> TDA transformation for test data completed (2.08 minutes).
2025-04-06 22:51:04 - INFO - ========== [Model Training Start] ==========
2025-04-06 22:51:04 - INFO - Training model: original
2025-04-06 22:51:05 - INFO - Model original completed in 0.80 seconds.
2025-04-06 22:51:05 - INFO - >>> Model original trained. Accuracy: 0.9665 (0.80 sec.)
2025-04-06 22:51:05 - INFO - Training model: original-bottom_left
2025-04-06 22:51:12 - INFO - Model original-bottom_left completed in 6.91 seconds.
2025-04-06 22:51:12 - INFO - >>> Model original-bottom_left trained. Accuracy: 0.9696 (6.91 sec.)
2025-04-06 22:51:12 - INFO - Training model: original-tda
2025-04-06 22:51:21 - INFO - Model original-tda completed in 8.79 seconds.
2025-04-06 22:51:21 - INFO - >>> Model original-tda trained. Accuracy: 0.9826 (8.79 sec.)
2025-04-06 22:51:21 - INFO - Training model: original-bottom_right
2025-04-06 22:51:28 - INFO - Model original-bottom_right completed in 7.30 seconds.
2025-04-06 22:51:28 - INFO - >>> Model original-bottom_right trained. Accuracy: 0.9704 (7.30 sec.)
2025-04-06 22:51:28 - INFO - Training model: top_right-original
2025-04-06 22:51:35 - INFO - Model top_right-original completed in 6.90 seconds.
2025-04-06 22:51:35 - INFO - >>> Model top_right-original trained. Accuracy: 0.9692 (6.90 sec.)
2025-04-06 22:51:35 - INFO - Training model: original-top_left
2025-04-06 22:51:42 - INFO - Model original-top_left completed in 6.82 seconds.
2025-04-06 22:51:42 - INFO - >>> Model original-top_left trained. Accuracy: 0.9701 (6.82 sec.)
2025-04-06 22:51:42 - INFO - Training model: original-tda-bottom_left
2025-04-06 22:51:53 - INFO - Model original-tda-bottom_left completed in 11.22 seconds.
2025-04-06 22:51:53 - INFO - >>> Model original-tda-bottom_left trained. Accuracy: 0.9816 (11.22 sec.)
2025-04-06 22:51:53 - INFO - Training model: original-bottom_left-bottom_right
2025-04-06 22:52:03 - INFO - Model original-bottom_left-bottom_right completed in 9.70 seconds.
2025-04-06 22:52:03 - INFO - >>> Model original-bottom_left-bottom_right trained. Accuracy: 0.9710 (9.70 sec.)
2025-04-06 22:52:03 - INFO - Training model: top_right-original-bottom_left
2025-04-06 22:52:12 - INFO - Model top_right-original-bottom_left completed in 9.56 seconds.
2025-04-06 22:52:12 - INFO - >>> Model top_right-original-bottom_left trained. Accuracy: 0.9703 (9.56 sec.)
2025-04-06 22:52:12 - INFO - Training model: original-top_left-bottom_left
2025-04-06 22:52:22 - INFO - Model original-top_left-bottom_left completed in 9.46 seconds.
2025-04-06 22:52:22 - INFO - >>> Model original-top_left-bottom_left trained. Accuracy: 0.9717 (9.46 sec.)
2025-04-06 22:52:22 - INFO - Training model: original-tda-bottom_right
2025-04-06 22:52:33 - INFO - Model original-tda-bottom_right completed in 11.35 seconds.
2025-04-06 22:52:33 - INFO - >>> Model original-tda-bottom_right trained. Accuracy: 0.9822 (11.35 sec.)
2025-04-06 22:52:33 - INFO - Training model: top_right-original-tda
2025-04-06 22:52:45 - INFO - Model top_right-original-tda completed in 11.36 seconds.
2025-04-06 22:52:45 - INFO - >>> Model top_right-original-tda trained. Accuracy: 0.9836 (11.36 sec.)
2025-04-06 22:52:45 - INFO - Training model: original-tda-top_left
2025-04-06 22:52:56 - INFO - Model original-tda-top_left completed in 11.12 seconds.
2025-04-06 22:52:56 - INFO - >>> Model original-tda-top_left trained. Accuracy: 0.9825 (11.12 sec.)
2025-04-06 22:52:56 - INFO - Training model: top_right-original-bottom_right
2025-04-06 22:53:05 - INFO - Model top_right-original-bottom_right completed in 9.67 seconds.
2025-04-06 22:53:05 - INFO - >>> Model top_right-original-bottom_right trained. Accuracy: 0.9706 (9.67 sec.)
2025-04-06 22:53:05 - INFO - Training model: original-top_left-bottom_right
2025-04-06 22:53:15 - INFO - Model original-top_left-bottom_right completed in 9.75 seconds.
2025-04-06 22:53:15 - INFO - >>> Model original-top_left-bottom_right trained. Accuracy: 0.9726 (9.75 sec.)
2025-04-06 22:53:15 - INFO - Training model: top_right-original-top_left
2025-04-06 22:53:25 - INFO - Model top_right-original-top_left completed in 9.65 seconds.
2025-04-06 22:53:25 - INFO - >>> Model top_right-original-top_left trained. Accuracy: 0.9722 (9.65 sec.)
2025-04-06 22:53:25 - INFO - Training model: original-tda-bottom_left-bottom_right
2025-04-06 22:53:39 - INFO - Model original-tda-bottom_left-bottom_right completed in 14.18 seconds.
2025-04-06 22:53:39 - INFO - >>> Model original-tda-bottom_left-bottom_right trained. Accuracy: 0.9826 (14.18 sec.)
2025-04-06 22:53:39 - INFO - Training model: top_right-original-tda-bottom_left
2025-04-06 22:53:53 - INFO - Model top_right-original-tda-bottom_left completed in 13.53 seconds.
2025-04-06 22:53:53 - INFO - >>> Model top_right-original-tda-bottom_left trained. Accuracy: 0.9835 (13.53 sec.)
2025-04-06 22:53:53 - INFO - Training model: original-tda-top_left-bottom_left
2025-04-06 22:54:06 - INFO - Model original-tda-top_left-bottom_left completed in 13.83 seconds.
2025-04-06 22:54:06 - INFO - >>> Model original-tda-top_left-bottom_left trained. Accuracy: 0.9831 (13.83 sec.)
2025-04-06 22:54:06 - INFO - Training model: top_right-original-bottom_left-bottom_right
2025-04-06 22:54:19 - INFO - Model top_right-original-bottom_left-bottom_right completed in 12.31 seconds.
2025-04-06 22:54:19 - INFO - >>> Model top_right-original-bottom_left-bottom_right trained. Accuracy: 0.9724 (12.31 sec.)
2025-04-06 22:54:19 - INFO - Training model: original-top_left-bottom_left-bottom_right
2025-04-06 22:54:31 - INFO - Model original-top_left-bottom_left-bottom_right completed in 12.08 seconds.
2025-04-06 22:54:31 - INFO - >>> Model original-top_left-bottom_left-bottom_right trained. Accuracy: 0.9732 (12.08 sec.)
2025-04-06 22:54:31 - INFO - Training model: top_right-original-top_left-bottom_left
2025-04-06 22:54:43 - INFO - Model top_right-original-top_left-bottom_left completed in 12.43 seconds.
2025-04-06 22:54:43 - INFO - >>> Model top_right-original-top_left-bottom_left trained. Accuracy: 0.9742 (12.43 sec.)
2025-04-06 22:54:43 - INFO - Training model: top_right-original-tda-bottom_right
2025-04-06 22:54:57 - INFO - Model top_right-original-tda-bottom_right completed in 14.20 seconds.
2025-04-06 22:54:57 - INFO - >>> Model top_right-original-tda-bottom_right trained. Accuracy: 0.9831 (14.20 sec.)
2025-04-06 22:54:57 - INFO - Training model: original-tda-top_left-bottom_right
2025-04-06 22:55:11 - INFO - Model original-tda-top_left-bottom_right completed in 13.83 seconds.
2025-04-06 22:55:11 - INFO - >>> Model original-tda-top_left-bottom_right trained. Accuracy: 0.9840 (13.83 sec.)
2025-04-06 22:55:11 - INFO - Training model: top_right-original-tda-top_left
2025-04-06 22:55:25 - INFO - Model top_right-original-tda-top_left completed in 14.18 seconds.
2025-04-06 22:55:25 - INFO - >>> Model top_right-original-tda-top_left trained. Accuracy: 0.9838 (14.18 sec.)
2025-04-06 22:55:25 - INFO - Training model: top_right-original-top_left-bottom_right
2025-04-06 22:55:38 - INFO - Model top_right-original-top_left-bottom_right completed in 12.32 seconds.
2025-04-06 22:55:38 - INFO - >>> Model top_right-original-top_left-bottom_right trained. Accuracy: 0.9734 (12.32 sec.)
2025-04-06 22:55:38 - INFO - Training model: bottom_left-tda-bottom_right-top_right-original
2025-04-06 22:55:55 - INFO - Model bottom_left-tda-bottom_right-top_right-original completed in 16.84 seconds.
2025-04-06 22:55:55 - INFO - >>> Model bottom_left-tda-bottom_right-top_right-original trained. Accuracy: 0.9846 (16.84 sec.)
2025-04-06 22:55:55 - INFO - Training model: bottom_left-tda-bottom_right-top_left-original
2025-04-06 22:56:11 - INFO - Model bottom_left-tda-bottom_right-top_left-original completed in 16.73 seconds.
2025-04-06 22:56:11 - INFO - >>> Model bottom_left-tda-bottom_right-top_left-original trained. Accuracy: 0.9839 (16.73 sec.)
2025-04-06 22:56:11 - INFO - Training model: bottom_left-tda-top_right-top_left-original
2025-04-06 22:56:28 - INFO - Model bottom_left-tda-top_right-top_left-original completed in 16.27 seconds.
2025-04-06 22:56:28 - INFO - >>> Model bottom_left-tda-top_right-top_left-original trained. Accuracy: 0.9843 (16.27 sec.)
2025-04-06 22:56:28 - INFO - Training model: bottom_left-bottom_right-top_right-top_left-original
2025-04-06 22:56:43 - INFO - Model bottom_left-bottom_right-top_right-top_left-original completed in 15.10 seconds.
2025-04-06 22:56:43 - INFO - >>> Model bottom_left-bottom_right-top_right-top_left-original trained. Accuracy: 0.9749 (15.10 sec.)
2025-04-06 22:56:43 - INFO - Training model: tda-bottom_right-top_right-top_left-original
2025-04-06 22:56:59 - INFO - Model tda-bottom_right-top_right-top_left-original completed in 16.35 seconds.
2025-04-06 22:56:59 - INFO - >>> Model tda-bottom_right-top_right-top_left-original trained. Accuracy: 0.9843 (16.35 sec.)
2025-04-06 22:56:59 - INFO - Training model: bottom_left-tda-bottom_right-top_right-top_left-original
2025-04-06 22:57:18 - INFO - Model bottom_left-tda-bottom_right-top_right-top_left-original completed in 19.12 seconds.
2025-04-06 22:57:18 - INFO - >>> Model bottom_left-tda-bottom_right-top_right-top_left-original trained. Accuracy: 0.9845 (19.12 sec.)
2025-04-06 22:57:18 - INFO - All models trained successfully.
2025-04-06 22:57:18 - INFO - ========== [Model Training Completed] in 6.23 minutes ==========
2025-04-06 22:57:18 - INFO - ========== [Experiment Training Complete] ==========
2025-04-06 22:57:18 - INFO - Results saved to /home/jovyan/Workspace/workspace_mnist/results/exp_noise_icecream/experiment_trainsize_predictions_2025-04-06_22-57-18.json
2025-04-06 22:57:18 - INFO - Results successfully saved to /home/jovyan/Workspace/workspace_mnist/results/exp_noise_icecream/experiment_trainsize_predictions_2025-04-06_22-57-18.json
2025-04-06 22:57:18 - INFO - Garbage collection executed.
2025-04-06 22:57:18 - INFO - ========== [Experiment Completed] in 13.64 minutes ==========
