2025-03-22 06:39:43 - INFO - Logging initialized.
 Writing to /home/jovyan/Workspace/workspace_mnist/logs/exp_noise_icecream/experiment_logs_2025-03-22_06-39-43.log
2025-03-22 06:39:43 - INFO - ========== [Experiment Start] ==========
2025-03-22 06:39:43 - INFO - Views combinations succesfully generated.
2025-03-22 06:39:43 - INFO - Topological Data Analysis pipeline generated.
2025-03-22 06:39:43 - INFO - Generating folder to save results.
2025-03-22 06:39:43 - INFO - Reading dataset in chunks from mnist_784.csv (chunk size: 70000)
2025-03-22 06:39:43 - INFO - Starting multiview data preparation for a chunk of size (70000, 784)...
2025-03-22 06:39:43 - INFO - Running using 16 jobs.
2025-03-22 06:39:43 - INFO - Contaminating dataset with lines using 23.
2025-03-22 06:39:53 - INFO - Splitting data: 72.2% train / 20.0% test (random_state=910968928)
2025-03-22 06:39:53 - INFO - Data split complete. Train size: (40444, 784), Test size: (14000, 784)
2025-03-22 06:39:53 - INFO - Reshaping train and test data into square images...
2025-03-22 06:39:53 - INFO - Reshaping complete. Train images: (40444, 28, 28), Test images: (14000, 28, 28)
2025-03-22 06:39:53 - INFO - Splitting images into quadrant views...
2025-03-22 06:39:53 - INFO - Quadrant view splitting complete. Train views: 4, Test views: 4
2025-03-22 06:39:53 - INFO - >> Starting TDA pipeline transformation on train data...
2025-03-22 06:47:51 - INFO - >> TDA transformation for train data completed (7.96 minutes).
2025-03-22 06:47:51 - INFO - >> Applying TDA pipeline transformation on test data...
2025-03-22 06:50:32 - INFO - >> TDA transformation for test data completed (2.68 minutes).
2025-03-22 06:50:32 - INFO - ========== [Model Training Start] ==========
2025-03-22 06:50:32 - INFO - Training model: original
2025-03-22 06:50:34 - INFO - Model original completed in 1.48 seconds.
2025-03-22 06:50:34 - INFO - >>> Model original trained. Accuracy: 0.8841 (1.48 sec.)
2025-03-22 06:50:34 - INFO - Training model: bottom_left-original
2025-03-22 06:50:46 - INFO - Model bottom_left-original completed in 12.02 seconds.
2025-03-22 06:50:46 - INFO - >>> Model bottom_left-original trained. Accuracy: 0.8956 (12.02 sec.)
2025-03-22 06:50:46 - INFO - Training model: top_left-original
2025-03-22 06:50:57 - INFO - Model top_left-original completed in 11.85 seconds.
2025-03-22 06:50:57 - INFO - >>> Model top_left-original trained. Accuracy: 0.8989 (11.85 sec.)
2025-03-22 06:50:57 - INFO - Training model: original-top_right
2025-03-22 06:51:09 - INFO - Model original-top_right completed in 11.98 seconds.
2025-03-22 06:51:09 - INFO - >>> Model original-top_right trained. Accuracy: 0.8988 (11.98 sec.)
2025-03-22 06:51:09 - INFO - Training model: bottom_right-original
2025-03-22 06:51:22 - INFO - Model bottom_right-original completed in 12.28 seconds.
2025-03-22 06:51:22 - INFO - >>> Model bottom_right-original trained. Accuracy: 0.8969 (12.28 sec.)
2025-03-22 06:51:22 - INFO - Training model: tda-original
2025-03-22 06:51:47 - INFO - Model tda-original completed in 25.31 seconds.
2025-03-22 06:51:47 - INFO - >>> Model tda-original trained. Accuracy: 0.8868 (25.31 sec.)
2025-03-22 06:51:47 - INFO - Training model: bottom_left-top_left-original
2025-03-22 06:52:03 - INFO - Model bottom_left-top_left-original completed in 15.69 seconds.
2025-03-22 06:52:03 - INFO - >>> Model bottom_left-top_left-original trained. Accuracy: 0.9038 (15.69 sec.)
2025-03-22 06:52:03 - INFO - Training model: bottom_left-original-top_right
2025-03-22 06:52:19 - INFO - Model bottom_left-original-top_right completed in 16.41 seconds.
2025-03-22 06:52:19 - INFO - >>> Model bottom_left-original-top_right trained. Accuracy: 0.9092 (16.41 sec.)
2025-03-22 06:52:19 - INFO - Training model: bottom_right-bottom_left-original
2025-03-22 06:52:36 - INFO - Model bottom_right-bottom_left-original completed in 16.37 seconds.
2025-03-22 06:52:36 - INFO - >>> Model bottom_right-bottom_left-original trained. Accuracy: 0.9011 (16.37 sec.)
2025-03-22 06:52:36 - INFO - Training model: bottom_left-tda-original
2025-03-22 06:53:05 - INFO - Model bottom_left-tda-original completed in 29.72 seconds.
2025-03-22 06:53:05 - INFO - >>> Model bottom_left-tda-original trained. Accuracy: 0.8941 (29.72 sec.)
2025-03-22 06:53:05 - INFO - Training model: top_left-original-top_right
2025-03-22 06:53:21 - INFO - Model top_left-original-top_right completed in 16.10 seconds.
2025-03-22 06:53:21 - INFO - >>> Model top_left-original-top_right trained. Accuracy: 0.9086 (16.10 sec.)
2025-03-22 06:53:21 - INFO - Training model: bottom_right-top_left-original
2025-03-22 06:53:37 - INFO - Model bottom_right-top_left-original completed in 16.12 seconds.
2025-03-22 06:53:37 - INFO - >>> Model bottom_right-top_left-original trained. Accuracy: 0.9069 (16.12 sec.)
2025-03-22 06:53:37 - INFO - Training model: top_left-tda-original
2025-03-22 06:54:07 - INFO - Model top_left-tda-original completed in 29.27 seconds.
2025-03-22 06:54:07 - INFO - >>> Model top_left-tda-original trained. Accuracy: 0.8956 (29.27 sec.)
2025-03-22 06:54:07 - INFO - Training model: bottom_right-original-top_right
2025-03-22 06:54:23 - INFO - Model bottom_right-original-top_right completed in 16.28 seconds.
2025-03-22 06:54:23 - INFO - >>> Model bottom_right-original-top_right trained. Accuracy: 0.9089 (16.28 sec.)
2025-03-22 06:54:23 - INFO - Training model: tda-original-top_right
2025-03-22 06:54:53 - INFO - Model tda-original-top_right completed in 29.77 seconds.
2025-03-22 06:54:53 - INFO - >>> Model tda-original-top_right trained. Accuracy: 0.8968 (29.77 sec.)
2025-03-22 06:54:53 - INFO - Training model: bottom_right-tda-original
2025-03-22 06:55:23 - INFO - Model bottom_right-tda-original completed in 29.78 seconds.
2025-03-22 06:55:23 - INFO - >>> Model bottom_right-tda-original trained. Accuracy: 0.8962 (29.78 sec.)
2025-03-22 06:55:23 - INFO - Training model: bottom_left-top_left-original-top_right
2025-03-22 06:55:43 - INFO - Model bottom_left-top_left-original-top_right completed in 19.99 seconds.
2025-03-22 06:55:43 - INFO - >>> Model bottom_left-top_left-original-top_right trained. Accuracy: 0.9184 (19.99 sec.)
2025-03-22 06:55:43 - INFO - Training model: bottom_right-bottom_left-top_left-original
2025-03-22 06:56:03 - INFO - Model bottom_right-bottom_left-top_left-original completed in 20.10 seconds.
2025-03-22 06:56:03 - INFO - >>> Model bottom_right-bottom_left-top_left-original trained. Accuracy: 0.9140 (20.10 sec.)
2025-03-22 06:56:03 - INFO - Training model: bottom_left-top_left-tda-original
2025-03-22 06:56:36 - INFO - Model bottom_left-top_left-tda-original completed in 33.35 seconds.
2025-03-22 06:56:36 - INFO - >>> Model bottom_left-top_left-tda-original trained. Accuracy: 0.9021 (33.35 sec.)
2025-03-22 06:56:36 - INFO - Training model: bottom_right-bottom_left-original-top_right
2025-03-22 06:56:56 - INFO - Model bottom_right-bottom_left-original-top_right completed in 20.25 seconds.
2025-03-22 06:56:56 - INFO - >>> Model bottom_right-bottom_left-original-top_right trained. Accuracy: 0.9150 (20.25 sec.)
2025-03-22 06:56:56 - INFO - Training model: bottom_left-tda-original-top_right
2025-03-22 06:57:30 - INFO - Model bottom_left-tda-original-top_right completed in 33.66 seconds.
2025-03-22 06:57:30 - INFO - >>> Model bottom_left-tda-original-top_right trained. Accuracy: 0.9062 (33.66 sec.)
2025-03-22 06:57:30 - INFO - Training model: bottom_right-bottom_left-tda-original
2025-03-22 06:58:04 - INFO - Model bottom_right-bottom_left-tda-original completed in 33.86 seconds.
2025-03-22 06:58:04 - INFO - >>> Model bottom_right-bottom_left-tda-original trained. Accuracy: 0.9006 (33.86 sec.)
2025-03-22 06:58:04 - INFO - Training model: bottom_right-top_left-original-top_right
2025-03-22 06:58:24 - INFO - Model bottom_right-top_left-original-top_right completed in 20.47 seconds.
2025-03-22 06:58:24 - INFO - >>> Model bottom_right-top_left-original-top_right trained. Accuracy: 0.9194 (20.47 sec.)
2025-03-22 06:58:24 - INFO - Training model: top_left-tda-original-top_right
2025-03-22 06:58:58 - INFO - Model top_left-tda-original-top_right completed in 33.61 seconds.
2025-03-22 06:58:58 - INFO - >>> Model top_left-tda-original-top_right trained. Accuracy: 0.9082 (33.61 sec.)
2025-03-22 06:58:58 - INFO - Training model: bottom_right-top_left-tda-original
2025-03-22 06:59:32 - INFO - Model bottom_right-top_left-tda-original completed in 33.63 seconds.
2025-03-22 06:59:32 - INFO - >>> Model bottom_right-top_left-tda-original trained. Accuracy: 0.9048 (33.63 sec.)
2025-03-22 06:59:32 - INFO - Training model: bottom_right-tda-original-top_right
2025-03-22 07:00:05 - INFO - Model bottom_right-tda-original-top_right completed in 33.52 seconds.
2025-03-22 07:00:05 - INFO - >>> Model bottom_right-tda-original-top_right trained. Accuracy: 0.9067 (33.52 sec.)
2025-03-22 07:00:05 - INFO - Training model: bottom_left-top_left-top_right-bottom_right-original
2025-03-22 07:00:29 - INFO - Model bottom_left-top_left-top_right-bottom_right-original completed in 24.30 seconds.
2025-03-22 07:00:29 - INFO - >>> Model bottom_left-top_left-top_right-bottom_right-original trained. Accuracy: 0.9245 (24.30 sec.)
2025-03-22 07:00:29 - INFO - Training model: bottom_left-top_left-top_right-tda-original
2025-03-22 07:01:07 - INFO - Model bottom_left-top_left-top_right-tda-original completed in 37.84 seconds.
2025-03-22 07:01:07 - INFO - >>> Model bottom_left-top_left-top_right-tda-original trained. Accuracy: 0.9155 (37.84 sec.)
2025-03-22 07:01:07 - INFO - Training model: bottom_left-top_left-bottom_right-tda-original
2025-03-22 07:01:45 - INFO - Model bottom_left-top_left-bottom_right-tda-original completed in 37.74 seconds.
2025-03-22 07:01:45 - INFO - >>> Model bottom_left-top_left-bottom_right-tda-original trained. Accuracy: 0.9119 (37.74 sec.)
2025-03-22 07:01:45 - INFO - Training model: bottom_left-top_right-bottom_right-tda-original
2025-03-22 07:02:23 - INFO - Model bottom_left-top_right-bottom_right-tda-original completed in 38.00 seconds.
2025-03-22 07:02:23 - INFO - >>> Model bottom_left-top_right-bottom_right-tda-original trained. Accuracy: 0.9146 (38.00 sec.)
2025-03-22 07:02:23 - INFO - Training model: top_left-top_right-bottom_right-tda-original
2025-03-22 07:03:01 - INFO - Model top_left-top_right-bottom_right-tda-original completed in 37.67 seconds.
2025-03-22 07:03:01 - INFO - >>> Model top_left-top_right-bottom_right-tda-original trained. Accuracy: 0.9176 (37.67 sec.)
2025-03-22 07:03:01 - INFO - Training model: bottom_left-top_left-top_right-bottom_right-tda-original
2025-03-22 07:03:43 - INFO - Model bottom_left-top_left-top_right-bottom_right-tda-original completed in 42.20 seconds.
2025-03-22 07:03:43 - INFO - >>> Model bottom_left-top_left-top_right-bottom_right-tda-original trained. Accuracy: 0.9239 (42.20 sec.)
2025-03-22 07:03:43 - INFO - All models trained successfully.
2025-03-22 07:03:43 - INFO - ========== [Model Training Completed] in 13.18 minutes ==========
2025-03-22 07:03:43 - INFO - ========== [Experiment Training Complete] ==========
2025-03-22 07:03:43 - INFO - Results saved to /home/jovyan/Workspace/workspace_mnist/results/exp_noise_icecream/experiment_trainsize_predictions_2025-03-22_07-03-43.json
2025-03-22 07:03:43 - INFO - Results successfully saved to /home/jovyan/Workspace/workspace_mnist/results/exp_noise_icecream/experiment_trainsize_predictions_2025-03-22_07-03-43.json
2025-03-22 07:03:43 - INFO - Garbage collection executed.
2025-03-22 07:03:43 - INFO - ========== [Experiment Completed] in 24.01 minutes ==========
