2025-04-06 23:28:28 - INFO - Logging initialized.
 Writing to /home/jovyan/Workspace/workspace_mnist/logs/exp_noise_icecream/experiment_logs_2025-04-06_23-28-28.log
2025-04-06 23:28:28 - INFO - ========== [Experiment Start] ==========
2025-04-06 23:28:28 - INFO - Views combinations succesfully generated.
2025-04-06 23:28:28 - INFO - Topological Data Analysis pipeline generated.
2025-04-06 23:28:28 - INFO - Generating folder to save results.
2025-04-06 23:28:28 - INFO - Reading dataset in chunks from mnist_784.csv (chunk size: 70000)
2025-04-06 23:28:29 - INFO - Starting multiview data preparation for a chunk of size (70000, 784)...
2025-04-06 23:28:29 - INFO - Running using 22 jobs.
2025-04-06 23:28:29 - INFO - Contaminating dataset with circles using 2.
2025-04-06 23:28:29 - INFO - Splitting data: 10.0% train / 20.0% test (random_state=690752124)
2025-04-06 23:28:29 - INFO - Data split complete. Train size: (5600, 784), Test size: (14000, 784)
2025-04-06 23:28:29 - INFO - Reshaping train and test data into square images...
2025-04-06 23:28:29 - INFO - Reshaping complete. Train images: (5600, 28, 28), Test images: (14000, 28, 28)
2025-04-06 23:28:29 - INFO - Splitting images into quadrant views...
2025-04-06 23:28:29 - INFO - Quadrant view splitting complete. Train views: 4, Test views: 4
2025-04-06 23:28:29 - INFO - >> Starting TDA pipeline transformation on train data...
2025-04-06 23:29:21 - INFO - >> TDA transformation for train data completed (0.87 minutes).
2025-04-06 23:29:21 - INFO - >> Applying TDA pipeline transformation on test data...
2025-04-06 23:31:30 - INFO - >> TDA transformation for test data completed (2.15 minutes).
2025-04-06 23:31:30 - INFO - ========== [Model Training Start] ==========
2025-04-06 23:31:30 - INFO - Training model: original
2025-04-06 23:31:30 - INFO - Model original completed in 0.25 seconds.
2025-04-06 23:31:30 - INFO - >>> Model original trained. Accuracy: 0.9402 (0.25 sec.)
2025-04-06 23:31:30 - INFO - Training model: original-bottom_left
2025-04-06 23:31:35 - INFO - Model original-bottom_left completed in 4.41 seconds.
2025-04-06 23:31:35 - INFO - >>> Model original-bottom_left trained. Accuracy: 0.9409 (4.41 sec.)
2025-04-06 23:31:35 - INFO - Training model: original-tda
2025-04-06 23:31:39 - INFO - Model original-tda completed in 3.94 seconds.
2025-04-06 23:31:39 - INFO - >>> Model original-tda trained. Accuracy: 0.9690 (3.94 sec.)
2025-04-06 23:31:39 - INFO - Training model: original-bottom_right
2025-04-06 23:31:43 - INFO - Model original-bottom_right completed in 4.50 seconds.
2025-04-06 23:31:43 - INFO - >>> Model original-bottom_right trained. Accuracy: 0.9439 (4.50 sec.)
2025-04-06 23:31:43 - INFO - Training model: top_right-original
2025-04-06 23:31:47 - INFO - Model top_right-original completed in 4.31 seconds.
2025-04-06 23:31:47 - INFO - >>> Model top_right-original trained. Accuracy: 0.9455 (4.31 sec.)
2025-04-06 23:31:47 - INFO - Training model: original-top_left
2025-04-06 23:31:51 - INFO - Model original-top_left completed in 3.99 seconds.
2025-04-06 23:31:51 - INFO - >>> Model original-top_left trained. Accuracy: 0.9446 (3.99 sec.)
2025-04-06 23:31:51 - INFO - Training model: original-tda-bottom_left
2025-04-06 23:31:57 - INFO - Model original-tda-bottom_left completed in 5.85 seconds.
2025-04-06 23:31:57 - INFO - >>> Model original-tda-bottom_left trained. Accuracy: 0.9669 (5.85 sec.)
2025-04-06 23:31:57 - INFO - Training model: original-bottom_left-bottom_right
2025-04-06 23:32:04 - INFO - Model original-bottom_left-bottom_right completed in 6.65 seconds.
2025-04-06 23:32:04 - INFO - >>> Model original-bottom_left-bottom_right trained. Accuracy: 0.9450 (6.65 sec.)
2025-04-06 23:32:04 - INFO - Training model: top_right-original-bottom_left
2025-04-06 23:32:10 - INFO - Model top_right-original-bottom_left completed in 6.52 seconds.
2025-04-06 23:32:10 - INFO - >>> Model top_right-original-bottom_left trained. Accuracy: 0.9476 (6.52 sec.)
2025-04-06 23:32:10 - INFO - Training model: original-top_left-bottom_left
2025-04-06 23:32:17 - INFO - Model original-top_left-bottom_left completed in 6.37 seconds.
2025-04-06 23:32:17 - INFO - >>> Model original-top_left-bottom_left trained. Accuracy: 0.9439 (6.37 sec.)
2025-04-06 23:32:17 - INFO - Training model: original-tda-bottom_right
2025-04-06 23:32:23 - INFO - Model original-tda-bottom_right completed in 5.89 seconds.
2025-04-06 23:32:23 - INFO - >>> Model original-tda-bottom_right trained. Accuracy: 0.9700 (5.89 sec.)
2025-04-06 23:32:23 - INFO - Training model: top_right-original-tda
2025-04-06 23:32:29 - INFO - Model top_right-original-tda completed in 5.93 seconds.
2025-04-06 23:32:29 - INFO - >>> Model top_right-original-tda trained. Accuracy: 0.9704 (5.93 sec.)
2025-04-06 23:32:29 - INFO - Training model: original-tda-top_left
2025-04-06 23:32:35 - INFO - Model original-tda-top_left completed in 6.23 seconds.
2025-04-06 23:32:35 - INFO - >>> Model original-tda-top_left trained. Accuracy: 0.9675 (6.23 sec.)
2025-04-06 23:32:35 - INFO - Training model: top_right-original-bottom_right
2025-04-06 23:32:41 - INFO - Model top_right-original-bottom_right completed in 6.36 seconds.
2025-04-06 23:32:41 - INFO - >>> Model top_right-original-bottom_right trained. Accuracy: 0.9490 (6.36 sec.)
2025-04-06 23:32:41 - INFO - Training model: original-top_left-bottom_right
2025-04-06 23:32:47 - INFO - Model original-top_left-bottom_right completed in 6.05 seconds.
2025-04-06 23:32:47 - INFO - >>> Model original-top_left-bottom_right trained. Accuracy: 0.9462 (6.05 sec.)
2025-04-06 23:32:47 - INFO - Training model: top_right-original-top_left
2025-04-06 23:32:54 - INFO - Model top_right-original-top_left completed in 6.63 seconds.
2025-04-06 23:32:54 - INFO - >>> Model top_right-original-top_left trained. Accuracy: 0.9494 (6.63 sec.)
2025-04-06 23:32:54 - INFO - Training model: original-tda-bottom_left-bottom_right
2025-04-06 23:33:02 - INFO - Model original-tda-bottom_left-bottom_right completed in 8.11 seconds.
2025-04-06 23:33:02 - INFO - >>> Model original-tda-bottom_left-bottom_right trained. Accuracy: 0.9684 (8.11 sec.)
2025-04-06 23:33:02 - INFO - Training model: top_right-original-tda-bottom_left
2025-04-06 23:33:10 - INFO - Model top_right-original-tda-bottom_left completed in 8.17 seconds.
2025-04-06 23:33:10 - INFO - >>> Model top_right-original-tda-bottom_left trained. Accuracy: 0.9714 (8.17 sec.)
2025-04-06 23:33:10 - INFO - Training model: original-tda-top_left-bottom_left
2025-04-06 23:33:19 - INFO - Model original-tda-top_left-bottom_left completed in 8.24 seconds.
2025-04-06 23:33:19 - INFO - >>> Model original-tda-top_left-bottom_left trained. Accuracy: 0.9679 (8.24 sec.)
2025-04-06 23:33:19 - INFO - Training model: top_right-original-bottom_left-bottom_right
2025-04-06 23:33:27 - INFO - Model top_right-original-bottom_left-bottom_right completed in 8.89 seconds.
2025-04-06 23:33:27 - INFO - >>> Model top_right-original-bottom_left-bottom_right trained. Accuracy: 0.9516 (8.89 sec.)
2025-04-06 23:33:27 - INFO - Training model: original-top_left-bottom_left-bottom_right
2025-04-06 23:33:36 - INFO - Model original-top_left-bottom_left-bottom_right completed in 8.24 seconds.
2025-04-06 23:33:36 - INFO - >>> Model original-top_left-bottom_left-bottom_right trained. Accuracy: 0.9490 (8.24 sec.)
2025-04-06 23:33:36 - INFO - Training model: top_right-original-top_left-bottom_left
2025-04-06 23:33:44 - INFO - Model top_right-original-top_left-bottom_left completed in 8.40 seconds.
2025-04-06 23:33:44 - INFO - >>> Model top_right-original-top_left-bottom_left trained. Accuracy: 0.9509 (8.40 sec.)
2025-04-06 23:33:44 - INFO - Training model: top_right-original-tda-bottom_right
2025-04-06 23:33:52 - INFO - Model top_right-original-tda-bottom_right completed in 7.93 seconds.
2025-04-06 23:33:52 - INFO - >>> Model top_right-original-tda-bottom_right trained. Accuracy: 0.9729 (7.93 sec.)
2025-04-06 23:33:52 - INFO - Training model: original-tda-top_left-bottom_right
2025-04-06 23:34:00 - INFO - Model original-tda-top_left-bottom_right completed in 7.94 seconds.
2025-04-06 23:34:00 - INFO - >>> Model original-tda-top_left-bottom_right trained. Accuracy: 0.9698 (7.94 sec.)
2025-04-06 23:34:00 - INFO - Training model: top_right-original-tda-top_left
2025-04-06 23:34:08 - INFO - Model top_right-original-tda-top_left completed in 7.68 seconds.
2025-04-06 23:34:08 - INFO - >>> Model top_right-original-tda-top_left trained. Accuracy: 0.9699 (7.68 sec.)
2025-04-06 23:34:08 - INFO - Training model: top_right-original-top_left-bottom_right
2025-04-06 23:34:16 - INFO - Model top_right-original-top_left-bottom_right completed in 8.43 seconds.
2025-04-06 23:34:16 - INFO - >>> Model top_right-original-top_left-bottom_right trained. Accuracy: 0.9532 (8.43 sec.)
2025-04-06 23:34:16 - INFO - Training model: bottom_left-tda-bottom_right-top_right-original
2025-04-06 23:34:26 - INFO - Model bottom_left-tda-bottom_right-top_right-original completed in 9.55 seconds.
2025-04-06 23:34:26 - INFO - >>> Model bottom_left-tda-bottom_right-top_right-original trained. Accuracy: 0.9730 (9.55 sec.)
2025-04-06 23:34:26 - INFO - Training model: bottom_left-tda-bottom_right-top_left-original
2025-04-06 23:34:36 - INFO - Model bottom_left-tda-bottom_right-top_left-original completed in 10.28 seconds.
2025-04-06 23:34:36 - INFO - >>> Model bottom_left-tda-bottom_right-top_left-original trained. Accuracy: 0.9703 (10.28 sec.)
2025-04-06 23:34:36 - INFO - Training model: bottom_left-tda-top_right-top_left-original
2025-04-06 23:34:46 - INFO - Model bottom_left-tda-top_right-top_left-original completed in 10.25 seconds.
2025-04-06 23:34:46 - INFO - >>> Model bottom_left-tda-top_right-top_left-original trained. Accuracy: 0.9730 (10.25 sec.)
2025-04-06 23:34:46 - INFO - Training model: bottom_left-bottom_right-top_right-top_left-original
2025-04-06 23:34:57 - INFO - Model bottom_left-bottom_right-top_right-top_left-original completed in 10.70 seconds.
2025-04-06 23:34:57 - INFO - >>> Model bottom_left-bottom_right-top_right-top_left-original trained. Accuracy: 0.9544 (10.70 sec.)
2025-04-06 23:34:57 - INFO - Training model: tda-bottom_right-top_right-top_left-original
2025-04-06 23:35:07 - INFO - Model tda-bottom_right-top_right-top_left-original completed in 10.41 seconds.
2025-04-06 23:35:07 - INFO - >>> Model tda-bottom_right-top_right-top_left-original trained. Accuracy: 0.9721 (10.41 sec.)
2025-04-06 23:35:07 - INFO - Training model: bottom_left-tda-bottom_right-top_right-top_left-original
2025-04-06 23:35:20 - INFO - Model bottom_left-tda-bottom_right-top_right-top_left-original completed in 12.65 seconds.
2025-04-06 23:35:20 - INFO - >>> Model bottom_left-tda-bottom_right-top_right-top_left-original trained. Accuracy: 0.9738 (12.65 sec.)
2025-04-06 23:35:20 - INFO - All models trained successfully.
2025-04-06 23:35:20 - INFO - ========== [Model Training Completed] in 3.83 minutes ==========
2025-04-06 23:35:20 - INFO - ========== [Experiment Training Complete] ==========
2025-04-06 23:35:20 - INFO - Results saved to /home/jovyan/Workspace/workspace_mnist/results/exp_noise_icecream/experiment_trainsize_predictions_2025-04-06_23-35-20.json
2025-04-06 23:35:20 - INFO - Results successfully saved to /home/jovyan/Workspace/workspace_mnist/results/exp_noise_icecream/experiment_trainsize_predictions_2025-04-06_23-35-20.json
2025-04-06 23:35:20 - INFO - Garbage collection executed.
2025-04-06 23:35:20 - INFO - ========== [Experiment Completed] in 6.87 minutes ==========
