2025-04-05 17:13:07 - INFO - Logging initialized.
 Writing to /home/jovyan/Workspace/workspace_mnist/logs/exp_noise_icecream/experiment_logs_2025-04-05_17-13-07.log
2025-04-05 17:13:07 - INFO - ========== [Experiment Start] ==========
2025-04-05 17:13:07 - INFO - Views combinations succesfully generated.
2025-04-05 17:13:07 - INFO - Topological Data Analysis pipeline generated.
2025-04-05 17:13:07 - INFO - Generating folder to save results.
2025-04-05 17:13:07 - INFO - Reading dataset in chunks from mnist_784.csv (chunk size: 70000)
2025-04-05 17:13:08 - INFO - Starting multiview data preparation for a chunk of size (70000, 784)...
2025-04-05 17:13:08 - INFO - Running using 22 jobs.
2025-04-05 17:13:08 - INFO - Contaminating dataset with circles using 2.
2025-04-05 17:13:08 - INFO - Splitting data: 41.1% train / 20.0% test (random_state=601133337)
2025-04-05 17:13:08 - INFO - Data split complete. Train size: (23022, 784), Test size: (14000, 784)
2025-04-05 17:13:08 - INFO - Reshaping train and test data into square images...
2025-04-05 17:13:08 - INFO - Reshaping complete. Train images: (23022, 28, 28), Test images: (14000, 28, 28)
2025-04-05 17:13:08 - INFO - Splitting images into quadrant views...
2025-04-05 17:13:08 - INFO - Quadrant view splitting complete. Train views: 4, Test views: 4
2025-04-05 17:13:08 - INFO - >> Starting TDA pipeline transformation on train data...
2025-04-05 17:16:30 - INFO - >> TDA transformation for train data completed (3.38 minutes).
2025-04-05 17:16:30 - INFO - >> Applying TDA pipeline transformation on test data...
2025-04-05 17:18:35 - INFO - >> TDA transformation for test data completed (2.08 minutes).
2025-04-05 17:18:35 - INFO - ========== [Model Training Start] ==========
2025-04-05 17:18:35 - INFO - Training model: original
2025-04-05 17:18:36 - INFO - Model original completed in 0.50 seconds.
2025-04-05 17:18:36 - INFO - >>> Model original trained. Accuracy: 0.9601 (0.50 sec.)
2025-04-05 17:18:36 - INFO - Training model: original-bottom_left
2025-04-05 17:18:41 - INFO - Model original-bottom_left completed in 5.07 seconds.
2025-04-05 17:18:41 - INFO - >>> Model original-bottom_left trained. Accuracy: 0.9619 (5.07 sec.)
2025-04-05 17:18:41 - INFO - Training model: original-tda
2025-04-05 17:18:47 - INFO - Model original-tda completed in 5.88 seconds.
2025-04-05 17:18:47 - INFO - >>> Model original-tda trained. Accuracy: 0.9805 (5.88 sec.)
2025-04-05 17:18:47 - INFO - Training model: original-bottom_right
2025-04-05 17:18:52 - INFO - Model original-bottom_right completed in 5.25 seconds.
2025-04-05 17:18:52 - INFO - >>> Model original-bottom_right trained. Accuracy: 0.9652 (5.25 sec.)
2025-04-05 17:18:52 - INFO - Training model: top_right-original
2025-04-05 17:18:57 - INFO - Model top_right-original completed in 5.01 seconds.
2025-04-05 17:18:57 - INFO - >>> Model top_right-original trained. Accuracy: 0.9642 (5.01 sec.)
2025-04-05 17:18:57 - INFO - Training model: original-top_left
2025-04-05 17:19:02 - INFO - Model original-top_left completed in 5.00 seconds.
2025-04-05 17:19:02 - INFO - >>> Model original-top_left trained. Accuracy: 0.9644 (5.00 sec.)
2025-04-05 17:19:02 - INFO - Training model: original-tda-bottom_left
2025-04-05 17:19:10 - INFO - Model original-tda-bottom_left completed in 7.95 seconds.
2025-04-05 17:19:10 - INFO - >>> Model original-tda-bottom_left trained. Accuracy: 0.9795 (7.95 sec.)
2025-04-05 17:19:10 - INFO - Training model: original-bottom_left-bottom_right
2025-04-05 17:19:17 - INFO - Model original-bottom_left-bottom_right completed in 7.07 seconds.
2025-04-05 17:19:17 - INFO - >>> Model original-bottom_left-bottom_right trained. Accuracy: 0.9654 (7.07 sec.)
2025-04-05 17:19:17 - INFO - Training model: top_right-original-bottom_left
2025-04-05 17:19:24 - INFO - Model top_right-original-bottom_left completed in 6.97 seconds.
2025-04-05 17:19:24 - INFO - >>> Model top_right-original-bottom_left trained. Accuracy: 0.9654 (6.97 sec.)
2025-04-05 17:19:24 - INFO - Training model: original-top_left-bottom_left
2025-04-05 17:19:31 - INFO - Model original-top_left-bottom_left completed in 6.87 seconds.
2025-04-05 17:19:31 - INFO - >>> Model original-top_left-bottom_left trained. Accuracy: 0.9661 (6.87 sec.)
2025-04-05 17:19:31 - INFO - Training model: original-tda-bottom_right
2025-04-05 17:19:39 - INFO - Model original-tda-bottom_right completed in 7.71 seconds.
2025-04-05 17:19:39 - INFO - >>> Model original-tda-bottom_right trained. Accuracy: 0.9812 (7.71 sec.)
2025-04-05 17:19:39 - INFO - Training model: top_right-original-tda
2025-04-05 17:19:47 - INFO - Model top_right-original-tda completed in 7.92 seconds.
2025-04-05 17:19:47 - INFO - >>> Model top_right-original-tda trained. Accuracy: 0.9805 (7.92 sec.)
2025-04-05 17:19:47 - INFO - Training model: original-tda-top_left
2025-04-05 17:19:55 - INFO - Model original-tda-top_left completed in 7.99 seconds.
2025-04-05 17:19:55 - INFO - >>> Model original-tda-top_left trained. Accuracy: 0.9811 (7.99 sec.)
2025-04-05 17:19:55 - INFO - Training model: top_right-original-bottom_right
2025-04-05 17:20:02 - INFO - Model top_right-original-bottom_right completed in 7.11 seconds.
2025-04-05 17:20:02 - INFO - >>> Model top_right-original-bottom_right trained. Accuracy: 0.9668 (7.11 sec.)
2025-04-05 17:20:02 - INFO - Training model: original-top_left-bottom_right
2025-04-05 17:20:09 - INFO - Model original-top_left-bottom_right completed in 7.34 seconds.
2025-04-05 17:20:09 - INFO - >>> Model original-top_left-bottom_right trained. Accuracy: 0.9679 (7.34 sec.)
2025-04-05 17:20:09 - INFO - Training model: top_right-original-top_left
2025-04-05 17:20:16 - INFO - Model top_right-original-top_left completed in 7.09 seconds.
2025-04-05 17:20:16 - INFO - >>> Model top_right-original-top_left trained. Accuracy: 0.9661 (7.09 sec.)
2025-04-05 17:20:16 - INFO - Training model: original-tda-bottom_left-bottom_right
2025-04-05 17:20:26 - INFO - Model original-tda-bottom_left-bottom_right completed in 10.17 seconds.
2025-04-05 17:20:26 - INFO - >>> Model original-tda-bottom_left-bottom_right trained. Accuracy: 0.9814 (10.17 sec.)
2025-04-05 17:20:26 - INFO - Training model: top_right-original-tda-bottom_left
2025-04-05 17:20:37 - INFO - Model top_right-original-tda-bottom_left completed in 10.15 seconds.
2025-04-05 17:20:37 - INFO - >>> Model top_right-original-tda-bottom_left trained. Accuracy: 0.9811 (10.15 sec.)
2025-04-05 17:20:37 - INFO - Training model: original-tda-top_left-bottom_left
2025-04-05 17:20:46 - INFO - Model original-tda-top_left-bottom_left completed in 9.92 seconds.
2025-04-05 17:20:46 - INFO - >>> Model original-tda-top_left-bottom_left trained. Accuracy: 0.9800 (9.92 sec.)
2025-04-05 17:20:46 - INFO - Training model: top_right-original-bottom_left-bottom_right
2025-04-05 17:20:56 - INFO - Model top_right-original-bottom_left-bottom_right completed in 9.20 seconds.
2025-04-05 17:20:56 - INFO - >>> Model top_right-original-bottom_left-bottom_right trained. Accuracy: 0.9679 (9.20 sec.)
2025-04-05 17:20:56 - INFO - Training model: original-top_left-bottom_left-bottom_right
2025-04-05 17:21:05 - INFO - Model original-top_left-bottom_left-bottom_right completed in 8.98 seconds.
2025-04-05 17:21:05 - INFO - >>> Model original-top_left-bottom_left-bottom_right trained. Accuracy: 0.9695 (8.98 sec.)
2025-04-05 17:21:05 - INFO - Training model: top_right-original-top_left-bottom_left
2025-04-05 17:21:13 - INFO - Model top_right-original-top_left-bottom_left completed in 8.75 seconds.
2025-04-05 17:21:13 - INFO - >>> Model top_right-original-top_left-bottom_left trained. Accuracy: 0.9675 (8.75 sec.)
2025-04-05 17:21:13 - INFO - Training model: top_right-original-tda-bottom_right
2025-04-05 17:21:23 - INFO - Model top_right-original-tda-bottom_right completed in 10.06 seconds.
2025-04-05 17:21:23 - INFO - >>> Model top_right-original-tda-bottom_right trained. Accuracy: 0.9806 (10.06 sec.)
2025-04-05 17:21:23 - INFO - Training model: original-tda-top_left-bottom_right
2025-04-05 17:21:33 - INFO - Model original-tda-top_left-bottom_right completed in 9.91 seconds.
2025-04-05 17:21:33 - INFO - >>> Model original-tda-top_left-bottom_right trained. Accuracy: 0.9815 (9.91 sec.)
2025-04-05 17:21:33 - INFO - Training model: top_right-original-tda-top_left
2025-04-05 17:21:43 - INFO - Model top_right-original-tda-top_left completed in 9.84 seconds.
2025-04-05 17:21:43 - INFO - >>> Model top_right-original-tda-top_left trained. Accuracy: 0.9815 (9.84 sec.)
2025-04-05 17:21:43 - INFO - Training model: top_right-original-top_left-bottom_right
2025-04-05 17:21:53 - INFO - Model top_right-original-top_left-bottom_right completed in 9.36 seconds.
2025-04-05 17:21:53 - INFO - >>> Model top_right-original-top_left-bottom_right trained. Accuracy: 0.9692 (9.36 sec.)
2025-04-05 17:21:53 - INFO - Training model: bottom_left-tda-bottom_right-top_right-original
2025-04-05 17:22:05 - INFO - Model bottom_left-tda-bottom_right-top_right-original completed in 12.25 seconds.
2025-04-05 17:22:05 - INFO - >>> Model bottom_left-tda-bottom_right-top_right-original trained. Accuracy: 0.9821 (12.25 sec.)
2025-04-05 17:22:05 - INFO - Training model: bottom_left-tda-bottom_right-top_left-original
2025-04-05 17:22:17 - INFO - Model bottom_left-tda-bottom_right-top_left-original completed in 12.04 seconds.
2025-04-05 17:22:17 - INFO - >>> Model bottom_left-tda-bottom_right-top_left-original trained. Accuracy: 0.9814 (12.04 sec.)
2025-04-05 17:22:17 - INFO - Training model: bottom_left-tda-top_right-top_left-original
2025-04-05 17:22:29 - INFO - Model bottom_left-tda-top_right-top_left-original completed in 11.99 seconds.
2025-04-05 17:22:29 - INFO - >>> Model bottom_left-tda-top_right-top_left-original trained. Accuracy: 0.9809 (11.99 sec.)
2025-04-05 17:22:29 - INFO - Training model: bottom_left-bottom_right-top_right-top_left-original
2025-04-05 17:22:40 - INFO - Model bottom_left-bottom_right-top_right-top_left-original completed in 10.87 seconds.
2025-04-05 17:22:40 - INFO - >>> Model bottom_left-bottom_right-top_right-top_left-original trained. Accuracy: 0.9721 (10.87 sec.)
2025-04-05 17:22:40 - INFO - Training model: tda-bottom_right-top_right-top_left-original
2025-04-05 17:22:52 - INFO - Model tda-bottom_right-top_right-top_left-original completed in 12.06 seconds.
2025-04-05 17:22:52 - INFO - >>> Model tda-bottom_right-top_right-top_left-original trained. Accuracy: 0.9818 (12.06 sec.)
2025-04-05 17:22:52 - INFO - Training model: bottom_left-tda-bottom_right-top_right-top_left-original
2025-04-05 17:23:05 - INFO - Model bottom_left-tda-bottom_right-top_right-top_left-original completed in 13.65 seconds.
2025-04-05 17:23:05 - INFO - >>> Model bottom_left-tda-bottom_right-top_right-top_left-original trained. Accuracy: 0.9828 (13.65 sec.)
2025-04-05 17:23:05 - INFO - All models trained successfully.
2025-04-05 17:23:05 - INFO - ========== [Model Training Completed] in 4.50 minutes ==========
2025-04-05 17:23:05 - INFO - ========== [Experiment Training Complete] ==========
2025-04-05 17:23:06 - INFO - Results saved to /home/jovyan/Workspace/workspace_mnist/results/exp_noise_icecream/experiment_trainsize_predictions_2025-04-05_17-23-05.json
2025-04-05 17:23:06 - INFO - Results successfully saved to /home/jovyan/Workspace/workspace_mnist/results/exp_noise_icecream/experiment_trainsize_predictions_2025-04-05_17-23-05.json
2025-04-05 17:23:06 - INFO - Garbage collection executed.
2025-04-05 17:23:06 - INFO - ========== [Experiment Completed] in 9.98 minutes ==========
