2025-04-06 02:38:32 - INFO - Logging initialized.
 Writing to /home/jovyan/Workspace/workspace_mnist/logs/exp_noise_icecream/experiment_logs_2025-04-06_02-38-32.log
2025-04-06 02:38:32 - INFO - ========== [Experiment Start] ==========
2025-04-06 02:38:32 - INFO - Views combinations succesfully generated.
2025-04-06 02:38:32 - INFO - Topological Data Analysis pipeline generated.
2025-04-06 02:38:32 - INFO - Generating folder to save results.
2025-04-06 02:38:32 - INFO - Reading dataset in chunks from mnist_784.csv (chunk size: 70000)
2025-04-06 02:38:32 - INFO - Starting multiview data preparation for a chunk of size (70000, 784)...
2025-04-06 02:38:32 - INFO - Running using 22 jobs.
2025-04-06 02:38:32 - INFO - Contaminating dataset with circles using 2.
2025-04-06 02:38:32 - INFO - Splitting data: 56.7% train / 20.0% test (random_state=323447783)
2025-04-06 02:38:33 - INFO - Data split complete. Train size: (31733, 784), Test size: (14000, 784)
2025-04-06 02:38:33 - INFO - Reshaping train and test data into square images...
2025-04-06 02:38:33 - INFO - Reshaping complete. Train images: (31733, 28, 28), Test images: (14000, 28, 28)
2025-04-06 02:38:33 - INFO - Splitting images into quadrant views...
2025-04-06 02:38:33 - INFO - Quadrant view splitting complete. Train views: 4, Test views: 4
2025-04-06 02:38:33 - INFO - >> Starting TDA pipeline transformation on train data...
2025-04-06 02:43:16 - INFO - >> TDA transformation for train data completed (4.72 minutes).
2025-04-06 02:43:16 - INFO - >> Applying TDA pipeline transformation on test data...
2025-04-06 02:45:17 - INFO - >> TDA transformation for test data completed (2.03 minutes).
2025-04-06 02:45:17 - INFO - ========== [Model Training Start] ==========
2025-04-06 02:45:17 - INFO - Training model: original
2025-04-06 02:45:18 - INFO - Model original completed in 0.72 seconds.
2025-04-06 02:45:18 - INFO - >>> Model original trained. Accuracy: 0.9648 (0.72 sec.)
2025-04-06 02:45:18 - INFO - Training model: original-bottom_left
2025-04-06 02:45:24 - INFO - Model original-bottom_left completed in 6.00 seconds.
2025-04-06 02:45:24 - INFO - >>> Model original-bottom_left trained. Accuracy: 0.9675 (6.00 sec.)
2025-04-06 02:45:24 - INFO - Training model: original-tda
2025-04-06 02:45:32 - INFO - Model original-tda completed in 7.81 seconds.
2025-04-06 02:45:32 - INFO - >>> Model original-tda trained. Accuracy: 0.9833 (7.81 sec.)
2025-04-06 02:45:32 - INFO - Training model: original-bottom_right
2025-04-06 02:45:38 - INFO - Model original-bottom_right completed in 6.24 seconds.
2025-04-06 02:45:38 - INFO - >>> Model original-bottom_right trained. Accuracy: 0.9696 (6.24 sec.)
2025-04-06 02:45:38 - INFO - Training model: top_right-original
2025-04-06 02:45:45 - INFO - Model top_right-original completed in 6.32 seconds.
2025-04-06 02:45:45 - INFO - >>> Model top_right-original trained. Accuracy: 0.9676 (6.32 sec.)
2025-04-06 02:45:45 - INFO - Training model: original-top_left
2025-04-06 02:45:51 - INFO - Model original-top_left completed in 6.06 seconds.
2025-04-06 02:45:51 - INFO - >>> Model original-top_left trained. Accuracy: 0.9690 (6.06 sec.)
2025-04-06 02:45:51 - INFO - Training model: original-tda-bottom_left
2025-04-06 02:46:01 - INFO - Model original-tda-bottom_left completed in 10.28 seconds.
2025-04-06 02:46:01 - INFO - >>> Model original-tda-bottom_left trained. Accuracy: 0.9821 (10.28 sec.)
2025-04-06 02:46:01 - INFO - Training model: original-bottom_left-bottom_right
2025-04-06 02:46:09 - INFO - Model original-bottom_left-bottom_right completed in 8.48 seconds.
2025-04-06 02:46:09 - INFO - >>> Model original-bottom_left-bottom_right trained. Accuracy: 0.9713 (8.48 sec.)
2025-04-06 02:46:09 - INFO - Training model: top_right-original-bottom_left
2025-04-06 02:46:18 - INFO - Model top_right-original-bottom_left completed in 8.91 seconds.
2025-04-06 02:46:18 - INFO - >>> Model top_right-original-bottom_left trained. Accuracy: 0.9688 (8.91 sec.)
2025-04-06 02:46:18 - INFO - Training model: original-top_left-bottom_left
2025-04-06 02:46:27 - INFO - Model original-top_left-bottom_left completed in 8.44 seconds.
2025-04-06 02:46:27 - INFO - >>> Model original-top_left-bottom_left trained. Accuracy: 0.9705 (8.44 sec.)
2025-04-06 02:46:27 - INFO - Training model: original-tda-bottom_right
2025-04-06 02:46:37 - INFO - Model original-tda-bottom_right completed in 10.27 seconds.
2025-04-06 02:46:37 - INFO - >>> Model original-tda-bottom_right trained. Accuracy: 0.9835 (10.27 sec.)
2025-04-06 02:46:37 - INFO - Training model: top_right-original-tda
2025-04-06 02:46:47 - INFO - Model top_right-original-tda completed in 10.13 seconds.
2025-04-06 02:46:47 - INFO - >>> Model top_right-original-tda trained. Accuracy: 0.9831 (10.13 sec.)
2025-04-06 02:46:47 - INFO - Training model: original-tda-top_left
2025-04-06 02:46:57 - INFO - Model original-tda-top_left completed in 9.95 seconds.
2025-04-06 02:46:57 - INFO - >>> Model original-tda-top_left trained. Accuracy: 0.9831 (9.95 sec.)
2025-04-06 02:46:57 - INFO - Training model: top_right-original-bottom_right
2025-04-06 02:47:06 - INFO - Model top_right-original-bottom_right completed in 8.93 seconds.
2025-04-06 02:47:06 - INFO - >>> Model top_right-original-bottom_right trained. Accuracy: 0.9712 (8.93 sec.)
2025-04-06 02:47:06 - INFO - Training model: original-top_left-bottom_right
2025-04-06 02:47:15 - INFO - Model original-top_left-bottom_right completed in 8.91 seconds.
2025-04-06 02:47:15 - INFO - >>> Model original-top_left-bottom_right trained. Accuracy: 0.9713 (8.91 sec.)
2025-04-06 02:47:15 - INFO - Training model: top_right-original-top_left
2025-04-06 02:47:24 - INFO - Model top_right-original-top_left completed in 8.54 seconds.
2025-04-06 02:47:24 - INFO - >>> Model top_right-original-top_left trained. Accuracy: 0.9716 (8.54 sec.)
2025-04-06 02:47:24 - INFO - Training model: original-tda-bottom_left-bottom_right
2025-04-06 02:47:36 - INFO - Model original-tda-bottom_left-bottom_right completed in 12.51 seconds.
2025-04-06 02:47:36 - INFO - >>> Model original-tda-bottom_left-bottom_right trained. Accuracy: 0.9827 (12.51 sec.)
2025-04-06 02:47:36 - INFO - Training model: top_right-original-tda-bottom_left
2025-04-06 02:47:48 - INFO - Model top_right-original-tda-bottom_left completed in 12.29 seconds.
2025-04-06 02:47:48 - INFO - >>> Model top_right-original-tda-bottom_left trained. Accuracy: 0.9836 (12.29 sec.)
2025-04-06 02:47:48 - INFO - Training model: original-tda-top_left-bottom_left
2025-04-06 02:48:01 - INFO - Model original-tda-top_left-bottom_left completed in 12.30 seconds.
2025-04-06 02:48:01 - INFO - >>> Model original-tda-top_left-bottom_left trained. Accuracy: 0.9831 (12.30 sec.)
2025-04-06 02:48:01 - INFO - Training model: top_right-original-bottom_left-bottom_right
2025-04-06 02:48:12 - INFO - Model top_right-original-bottom_left-bottom_right completed in 11.11 seconds.
2025-04-06 02:48:12 - INFO - >>> Model top_right-original-bottom_left-bottom_right trained. Accuracy: 0.9725 (11.11 sec.)
2025-04-06 02:48:12 - INFO - Training model: original-top_left-bottom_left-bottom_right
2025-04-06 02:48:23 - INFO - Model original-top_left-bottom_left-bottom_right completed in 10.86 seconds.
2025-04-06 02:48:23 - INFO - >>> Model original-top_left-bottom_left-bottom_right trained. Accuracy: 0.9738 (10.86 sec.)
2025-04-06 02:48:23 - INFO - Training model: top_right-original-top_left-bottom_left
2025-04-06 02:48:33 - INFO - Model top_right-original-top_left-bottom_left completed in 10.65 seconds.
2025-04-06 02:48:33 - INFO - >>> Model top_right-original-top_left-bottom_left trained. Accuracy: 0.9724 (10.65 sec.)
2025-04-06 02:48:33 - INFO - Training model: top_right-original-tda-bottom_right
2025-04-06 02:48:46 - INFO - Model top_right-original-tda-bottom_right completed in 12.74 seconds.
2025-04-06 02:48:46 - INFO - >>> Model top_right-original-tda-bottom_right trained. Accuracy: 0.9838 (12.74 sec.)
2025-04-06 02:48:46 - INFO - Training model: original-tda-top_left-bottom_right
2025-04-06 02:48:58 - INFO - Model original-tda-top_left-bottom_right completed in 12.16 seconds.
2025-04-06 02:48:58 - INFO - >>> Model original-tda-top_left-bottom_right trained. Accuracy: 0.9843 (12.16 sec.)
2025-04-06 02:48:58 - INFO - Training model: top_right-original-tda-top_left
2025-04-06 02:49:11 - INFO - Model top_right-original-tda-top_left completed in 12.41 seconds.
2025-04-06 02:49:11 - INFO - >>> Model top_right-original-tda-top_left trained. Accuracy: 0.9837 (12.41 sec.)
2025-04-06 02:49:11 - INFO - Training model: top_right-original-top_left-bottom_right
2025-04-06 02:49:22 - INFO - Model top_right-original-top_left-bottom_right completed in 11.22 seconds.
2025-04-06 02:49:22 - INFO - >>> Model top_right-original-top_left-bottom_right trained. Accuracy: 0.9744 (11.22 sec.)
2025-04-06 02:49:22 - INFO - Training model: bottom_left-tda-bottom_right-top_right-original
2025-04-06 02:49:37 - INFO - Model bottom_left-tda-bottom_right-top_right-original completed in 15.06 seconds.
2025-04-06 02:49:37 - INFO - >>> Model bottom_left-tda-bottom_right-top_right-original trained. Accuracy: 0.9837 (15.06 sec.)
2025-04-06 02:49:37 - INFO - Training model: bottom_left-tda-bottom_right-top_left-original
2025-04-06 02:49:52 - INFO - Model bottom_left-tda-bottom_right-top_left-original completed in 14.65 seconds.
2025-04-06 02:49:52 - INFO - >>> Model bottom_left-tda-bottom_right-top_left-original trained. Accuracy: 0.9839 (14.65 sec.)
2025-04-06 02:49:52 - INFO - Training model: bottom_left-tda-top_right-top_left-original
2025-04-06 02:50:06 - INFO - Model bottom_left-tda-top_right-top_left-original completed in 14.86 seconds.
2025-04-06 02:50:06 - INFO - >>> Model bottom_left-tda-top_right-top_left-original trained. Accuracy: 0.9844 (14.86 sec.)
2025-04-06 02:50:06 - INFO - Training model: bottom_left-bottom_right-top_right-top_left-original
2025-04-06 02:50:20 - INFO - Model bottom_left-bottom_right-top_right-top_left-original completed in 13.37 seconds.
2025-04-06 02:50:20 - INFO - >>> Model bottom_left-bottom_right-top_right-top_left-original trained. Accuracy: 0.9767 (13.37 sec.)
2025-04-06 02:50:20 - INFO - Training model: tda-bottom_right-top_right-top_left-original
2025-04-06 02:50:35 - INFO - Model tda-bottom_right-top_right-top_left-original completed in 14.78 seconds.
2025-04-06 02:50:35 - INFO - >>> Model tda-bottom_right-top_right-top_left-original trained. Accuracy: 0.9854 (14.78 sec.)
2025-04-06 02:50:35 - INFO - Training model: bottom_left-tda-bottom_right-top_right-top_left-original
2025-04-06 02:50:51 - INFO - Model bottom_left-tda-bottom_right-top_right-top_left-original completed in 16.82 seconds.
2025-04-06 02:50:51 - INFO - >>> Model bottom_left-tda-bottom_right-top_right-top_left-original trained. Accuracy: 0.9854 (16.82 sec.)
2025-04-06 02:50:51 - INFO - All models trained successfully.
2025-04-06 02:50:51 - INFO - ========== [Model Training Completed] in 5.57 minutes ==========
2025-04-06 02:50:51 - INFO - ========== [Experiment Training Complete] ==========
2025-04-06 02:50:52 - INFO - Results saved to /home/jovyan/Workspace/workspace_mnist/results/exp_noise_icecream/experiment_trainsize_predictions_2025-04-06_02-50-51.json
2025-04-06 02:50:52 - INFO - Results successfully saved to /home/jovyan/Workspace/workspace_mnist/results/exp_noise_icecream/experiment_trainsize_predictions_2025-04-06_02-50-51.json
2025-04-06 02:50:52 - INFO - Garbage collection executed.
2025-04-06 02:50:52 - INFO - ========== [Experiment Completed] in 12.33 minutes ==========
