2025-03-22 16:48:26 - INFO - Logging initialized.
 Writing to /home/jovyan/Workspace/workspace_mnist/logs/exp_noise_icecream/experiment_logs_2025-03-22_16-48-26.log
2025-03-22 16:48:26 - INFO - ========== [Experiment Start] ==========
2025-03-22 16:48:26 - INFO - Views combinations succesfully generated.
2025-03-22 16:48:26 - INFO - Topological Data Analysis pipeline generated.
2025-03-22 16:48:26 - INFO - Generating folder to save results.
2025-03-22 16:48:26 - INFO - Reading dataset in chunks from mnist_784.csv (chunk size: 70000)
2025-03-22 16:48:26 - INFO - Starting multiview data preparation for a chunk of size (70000, 784)...
2025-03-22 16:48:26 - INFO - Running using 16 jobs.
2025-03-22 16:48:26 - INFO - Contaminating dataset with lines using 23.
2025-03-22 16:48:37 - INFO - Splitting data: 56.7% train / 20.0% test (random_state=701363565)
2025-03-22 16:48:37 - INFO - Data split complete. Train size: (31733, 784), Test size: (14000, 784)
2025-03-22 16:48:37 - INFO - Reshaping train and test data into square images...
2025-03-22 16:48:37 - INFO - Reshaping complete. Train images: (31733, 28, 28), Test images: (14000, 28, 28)
2025-03-22 16:48:37 - INFO - Splitting images into quadrant views...
2025-03-22 16:48:37 - INFO - Quadrant view splitting complete. Train views: 4, Test views: 4
2025-03-22 16:48:37 - INFO - >> Starting TDA pipeline transformation on train data...
2025-03-22 16:54:49 - INFO - >> TDA transformation for train data completed (6.21 minutes).
2025-03-22 16:54:49 - INFO - >> Applying TDA pipeline transformation on test data...
2025-03-22 16:57:33 - INFO - >> TDA transformation for test data completed (2.72 minutes).
2025-03-22 16:57:33 - INFO - ========== [Model Training Start] ==========
2025-03-22 16:57:33 - INFO - Training model: original
2025-03-22 16:57:34 - INFO - Model original completed in 1.10 seconds.
2025-03-22 16:57:34 - INFO - >>> Model original trained. Accuracy: 0.8796 (1.10 sec.)
2025-03-22 16:57:34 - INFO - Training model: bottom_left-original
2025-03-22 16:57:43 - INFO - Model bottom_left-original completed in 9.28 seconds.
2025-03-22 16:57:43 - INFO - >>> Model bottom_left-original trained. Accuracy: 0.8895 (9.28 sec.)
2025-03-22 16:57:43 - INFO - Training model: top_left-original
2025-03-22 16:57:52 - INFO - Model top_left-original completed in 9.09 seconds.
2025-03-22 16:57:52 - INFO - >>> Model top_left-original trained. Accuracy: 0.8946 (9.09 sec.)
2025-03-22 16:57:52 - INFO - Training model: original-top_right
2025-03-22 16:58:02 - INFO - Model original-top_right completed in 9.41 seconds.
2025-03-22 16:58:02 - INFO - >>> Model original-top_right trained. Accuracy: 0.8960 (9.41 sec.)
2025-03-22 16:58:02 - INFO - Training model: bottom_right-original
2025-03-22 16:58:11 - INFO - Model bottom_right-original completed in 9.32 seconds.
2025-03-22 16:58:11 - INFO - >>> Model bottom_right-original trained. Accuracy: 0.8901 (9.32 sec.)
2025-03-22 16:58:11 - INFO - Training model: tda-original
2025-03-22 16:58:30 - INFO - Model tda-original completed in 19.51 seconds.
2025-03-22 16:58:30 - INFO - >>> Model tda-original trained. Accuracy: 0.8819 (19.51 sec.)
2025-03-22 16:58:30 - INFO - Training model: bottom_left-top_left-original
2025-03-22 16:58:43 - INFO - Model bottom_left-top_left-original completed in 12.43 seconds.
2025-03-22 16:58:43 - INFO - >>> Model bottom_left-top_left-original trained. Accuracy: 0.9001 (12.43 sec.)
2025-03-22 16:58:43 - INFO - Training model: bottom_left-original-top_right
2025-03-22 16:58:55 - INFO - Model bottom_left-original-top_right completed in 12.64 seconds.
2025-03-22 16:58:55 - INFO - >>> Model bottom_left-original-top_right trained. Accuracy: 0.9018 (12.64 sec.)
2025-03-22 16:58:55 - INFO - Training model: bottom_right-bottom_left-original
2025-03-22 16:59:08 - INFO - Model bottom_right-bottom_left-original completed in 12.63 seconds.
2025-03-22 16:59:08 - INFO - >>> Model bottom_right-bottom_left-original trained. Accuracy: 0.8966 (12.63 sec.)
2025-03-22 16:59:08 - INFO - Training model: bottom_left-tda-original
2025-03-22 16:59:31 - INFO - Model bottom_left-tda-original completed in 22.91 seconds.
2025-03-22 16:59:31 - INFO - >>> Model bottom_left-tda-original trained. Accuracy: 0.8866 (22.91 sec.)
2025-03-22 16:59:31 - INFO - Training model: top_left-original-top_right
2025-03-22 16:59:44 - INFO - Model top_left-original-top_right completed in 12.62 seconds.
2025-03-22 16:59:44 - INFO - >>> Model top_left-original-top_right trained. Accuracy: 0.9052 (12.62 sec.)
2025-03-22 16:59:44 - INFO - Training model: bottom_right-top_left-original
2025-03-22 16:59:56 - INFO - Model bottom_right-top_left-original completed in 12.68 seconds.
2025-03-22 16:59:56 - INFO - >>> Model bottom_right-top_left-original trained. Accuracy: 0.8999 (12.68 sec.)
2025-03-22 16:59:56 - INFO - Training model: top_left-tda-original
2025-03-22 17:00:19 - INFO - Model top_left-tda-original completed in 22.36 seconds.
2025-03-22 17:00:19 - INFO - >>> Model top_left-tda-original trained. Accuracy: 0.8919 (22.36 sec.)
2025-03-22 17:00:19 - INFO - Training model: bottom_right-original-top_right
2025-03-22 17:00:32 - INFO - Model bottom_right-original-top_right completed in 12.93 seconds.
2025-03-22 17:00:32 - INFO - >>> Model bottom_right-original-top_right trained. Accuracy: 0.9028 (12.93 sec.)
2025-03-22 17:00:32 - INFO - Training model: tda-original-top_right
2025-03-22 17:00:54 - INFO - Model tda-original-top_right completed in 22.77 seconds.
2025-03-22 17:00:54 - INFO - >>> Model tda-original-top_right trained. Accuracy: 0.8940 (22.77 sec.)
2025-03-22 17:00:54 - INFO - Training model: bottom_right-tda-original
2025-03-22 17:01:17 - INFO - Model bottom_right-tda-original completed in 22.90 seconds.
2025-03-22 17:01:17 - INFO - >>> Model bottom_right-tda-original trained. Accuracy: 0.8889 (22.90 sec.)
2025-03-22 17:01:17 - INFO - Training model: bottom_left-top_left-original-top_right
2025-03-22 17:01:33 - INFO - Model bottom_left-top_left-original-top_right completed in 15.89 seconds.
2025-03-22 17:01:33 - INFO - >>> Model bottom_left-top_left-original-top_right trained. Accuracy: 0.9140 (15.89 sec.)
2025-03-22 17:01:33 - INFO - Training model: bottom_right-bottom_left-top_left-original
2025-03-22 17:01:49 - INFO - Model bottom_right-bottom_left-top_left-original completed in 15.71 seconds.
2025-03-22 17:01:49 - INFO - >>> Model bottom_right-bottom_left-top_left-original trained. Accuracy: 0.9064 (15.71 sec.)
2025-03-22 17:01:49 - INFO - Training model: bottom_left-top_left-tda-original
2025-03-22 17:02:15 - INFO - Model bottom_left-top_left-tda-original completed in 25.65 seconds.
2025-03-22 17:02:15 - INFO - >>> Model bottom_left-top_left-tda-original trained. Accuracy: 0.8974 (25.65 sec.)
2025-03-22 17:02:15 - INFO - Training model: bottom_right-bottom_left-original-top_right
2025-03-22 17:02:31 - INFO - Model bottom_right-bottom_left-original-top_right completed in 16.07 seconds.
2025-03-22 17:02:31 - INFO - >>> Model bottom_right-bottom_left-original-top_right trained. Accuracy: 0.9081 (16.07 sec.)
2025-03-22 17:02:31 - INFO - Training model: bottom_left-tda-original-top_right
2025-03-22 17:02:57 - INFO - Model bottom_left-tda-original-top_right completed in 26.18 seconds.
2025-03-22 17:02:57 - INFO - >>> Model bottom_left-tda-original-top_right trained. Accuracy: 0.9001 (26.18 sec.)
2025-03-22 17:02:57 - INFO - Training model: bottom_right-bottom_left-tda-original
2025-03-22 17:03:23 - INFO - Model bottom_right-bottom_left-tda-original completed in 26.20 seconds.
2025-03-22 17:03:23 - INFO - >>> Model bottom_right-bottom_left-tda-original trained. Accuracy: 0.8952 (26.20 sec.)
2025-03-22 17:03:23 - INFO - Training model: bottom_right-top_left-original-top_right
2025-03-22 17:03:39 - INFO - Model bottom_right-top_left-original-top_right completed in 15.98 seconds.
2025-03-22 17:03:39 - INFO - >>> Model bottom_right-top_left-original-top_right trained. Accuracy: 0.9126 (15.98 sec.)
2025-03-22 17:03:39 - INFO - Training model: top_left-tda-original-top_right
2025-03-22 17:04:05 - INFO - Model top_left-tda-original-top_right completed in 26.05 seconds.
2025-03-22 17:04:05 - INFO - >>> Model top_left-tda-original-top_right trained. Accuracy: 0.9026 (26.05 sec.)
2025-03-22 17:04:05 - INFO - Training model: bottom_right-top_left-tda-original
2025-03-22 17:04:31 - INFO - Model bottom_right-top_left-tda-original completed in 25.83 seconds.
2025-03-22 17:04:31 - INFO - >>> Model bottom_right-top_left-tda-original trained. Accuracy: 0.8998 (25.83 sec.)
2025-03-22 17:04:31 - INFO - Training model: bottom_right-tda-original-top_right
2025-03-22 17:04:57 - INFO - Model bottom_right-tda-original-top_right completed in 26.29 seconds.
2025-03-22 17:04:57 - INFO - >>> Model bottom_right-tda-original-top_right trained. Accuracy: 0.9014 (26.29 sec.)
2025-03-22 17:04:57 - INFO - Training model: bottom_left-top_left-top_right-bottom_right-original
2025-03-22 17:05:16 - INFO - Model bottom_left-top_left-top_right-bottom_right-original completed in 18.92 seconds.
2025-03-22 17:05:16 - INFO - >>> Model bottom_left-top_left-top_right-bottom_right-original trained. Accuracy: 0.9199 (18.92 sec.)
2025-03-22 17:05:16 - INFO - Training model: bottom_left-top_left-top_right-tda-original
2025-03-22 17:05:45 - INFO - Model bottom_left-top_left-top_right-tda-original completed in 29.30 seconds.
2025-03-22 17:05:45 - INFO - >>> Model bottom_left-top_left-top_right-tda-original trained. Accuracy: 0.9132 (29.30 sec.)
2025-03-22 17:05:45 - INFO - Training model: bottom_left-top_left-bottom_right-tda-original
2025-03-22 17:06:15 - INFO - Model bottom_left-top_left-bottom_right-tda-original completed in 29.32 seconds.
2025-03-22 17:06:15 - INFO - >>> Model bottom_left-top_left-bottom_right-tda-original trained. Accuracy: 0.9032 (29.32 sec.)
2025-03-22 17:06:15 - INFO - Training model: bottom_left-top_right-bottom_right-tda-original
2025-03-22 17:06:44 - INFO - Model bottom_left-top_right-bottom_right-tda-original completed in 29.37 seconds.
2025-03-22 17:06:44 - INFO - >>> Model bottom_left-top_right-bottom_right-tda-original trained. Accuracy: 0.9079 (29.37 sec.)
2025-03-22 17:06:44 - INFO - Training model: top_left-top_right-bottom_right-tda-original
2025-03-22 17:07:14 - INFO - Model top_left-top_right-bottom_right-tda-original completed in 29.40 seconds.
2025-03-22 17:07:14 - INFO - >>> Model top_left-top_right-bottom_right-tda-original trained. Accuracy: 0.9121 (29.40 sec.)
2025-03-22 17:07:14 - INFO - Training model: bottom_left-top_left-top_right-bottom_right-tda-original
2025-03-22 17:07:46 - INFO - Model bottom_left-top_left-top_right-bottom_right-tda-original completed in 32.66 seconds.
2025-03-22 17:07:46 - INFO - >>> Model bottom_left-top_left-top_right-bottom_right-tda-original trained. Accuracy: 0.9192 (32.66 sec.)
2025-03-22 17:07:46 - INFO - All models trained successfully.
2025-03-22 17:07:46 - INFO - ========== [Model Training Completed] in 10.23 minutes ==========
2025-03-22 17:07:46 - INFO - ========== [Experiment Training Complete] ==========
2025-03-22 17:07:46 - INFO - Results saved to /home/jovyan/Workspace/workspace_mnist/results/exp_noise_icecream/experiment_trainsize_predictions_2025-03-22_17-07-46.json
2025-03-22 17:07:46 - INFO - Results successfully saved to /home/jovyan/Workspace/workspace_mnist/results/exp_noise_icecream/experiment_trainsize_predictions_2025-03-22_17-07-46.json
2025-03-22 17:07:46 - INFO - Garbage collection executed.
2025-03-22 17:07:46 - INFO - ========== [Experiment Completed] in 19.35 minutes ==========
