2025-03-23 21:54:00 - INFO - Logging initialized.
 Writing to /home/jovyan/Workspace/workspace_mnist/logs/exp_noise_icecream/experiment_logs_2025-03-23_21-54-00.log
2025-03-23 21:54:00 - INFO - ========== [Experiment Start] ==========
2025-03-23 21:54:00 - INFO - Views combinations succesfully generated.
2025-03-23 21:54:00 - INFO - Topological Data Analysis pipeline generated.
2025-03-23 21:54:00 - INFO - Generating folder to save results.
2025-03-23 21:54:00 - INFO - Reading dataset in chunks from mnist_784.csv (chunk size: 70000)
2025-03-23 21:54:01 - INFO - Starting multiview data preparation for a chunk of size (70000, 784)...
2025-03-23 21:54:01 - INFO - Running using 16 jobs.
2025-03-23 21:54:01 - INFO - Contaminating dataset with lines using 23.
2025-03-23 21:54:11 - INFO - Splitting data: 25.6% train / 20.0% test (random_state=663904535)
2025-03-23 21:54:11 - INFO - Data split complete. Train size: (14311, 784), Test size: (14000, 784)
2025-03-23 21:54:11 - INFO - Reshaping train and test data into square images...
2025-03-23 21:54:11 - INFO - Reshaping complete. Train images: (14311, 28, 28), Test images: (14000, 28, 28)
2025-03-23 21:54:11 - INFO - Splitting images into quadrant views...
2025-03-23 21:54:11 - INFO - Quadrant view splitting complete. Train views: 4, Test views: 4
2025-03-23 21:54:11 - INFO - >> Starting TDA pipeline transformation on train data...
2025-03-23 21:56:58 - INFO - >> TDA transformation for train data completed (2.78 minutes).
2025-03-23 21:56:58 - INFO - >> Applying TDA pipeline transformation on test data...
2025-03-23 21:59:40 - INFO - >> TDA transformation for test data completed (2.70 minutes).
2025-03-23 21:59:40 - INFO - ========== [Model Training Start] ==========
2025-03-23 21:59:40 - INFO - Training model: original
2025-03-23 21:59:40 - INFO - Model original completed in 0.52 seconds.
2025-03-23 21:59:40 - INFO - >>> Model original trained. Accuracy: 0.8582 (0.52 sec.)
2025-03-23 21:59:40 - INFO - Training model: bottom_left-original
2025-03-23 21:59:45 - INFO - Model bottom_left-original completed in 4.99 seconds.
2025-03-23 21:59:45 - INFO - >>> Model bottom_left-original trained. Accuracy: 0.8698 (4.99 sec.)
2025-03-23 21:59:45 - INFO - Training model: top_left-original
2025-03-23 21:59:50 - INFO - Model top_left-original completed in 4.73 seconds.
2025-03-23 21:59:50 - INFO - >>> Model top_left-original trained. Accuracy: 0.8757 (4.73 sec.)
2025-03-23 21:59:50 - INFO - Training model: original-top_right
2025-03-23 21:59:55 - INFO - Model original-top_right completed in 4.92 seconds.
2025-03-23 21:59:55 - INFO - >>> Model original-top_right trained. Accuracy: 0.8759 (4.92 sec.)
2025-03-23 21:59:55 - INFO - Training model: bottom_right-original
2025-03-23 22:00:00 - INFO - Model bottom_right-original completed in 5.02 seconds.
2025-03-23 22:00:00 - INFO - >>> Model bottom_right-original trained. Accuracy: 0.8721 (5.02 sec.)
2025-03-23 22:00:00 - INFO - Training model: tda-original
2025-03-23 22:00:09 - INFO - Model tda-original completed in 8.76 seconds.
2025-03-23 22:00:09 - INFO - >>> Model tda-original trained. Accuracy: 0.8595 (8.76 sec.)
2025-03-23 22:00:09 - INFO - Training model: bottom_left-top_left-original
2025-03-23 22:00:16 - INFO - Model bottom_left-top_left-original completed in 6.71 seconds.
2025-03-23 22:00:16 - INFO - >>> Model bottom_left-top_left-original trained. Accuracy: 0.8819 (6.71 sec.)
2025-03-23 22:00:16 - INFO - Training model: bottom_left-original-top_right
2025-03-23 22:00:22 - INFO - Model bottom_left-original-top_right completed in 6.72 seconds.
2025-03-23 22:00:22 - INFO - >>> Model bottom_left-original-top_right trained. Accuracy: 0.8868 (6.72 sec.)
2025-03-23 22:00:22 - INFO - Training model: bottom_right-bottom_left-original
2025-03-23 22:00:29 - INFO - Model bottom_right-bottom_left-original completed in 7.11 seconds.
2025-03-23 22:00:29 - INFO - >>> Model bottom_right-bottom_left-original trained. Accuracy: 0.8788 (7.11 sec.)
2025-03-23 22:00:29 - INFO - Training model: bottom_left-tda-original
2025-03-23 22:00:40 - INFO - Model bottom_left-tda-original completed in 11.00 seconds.
2025-03-23 22:00:40 - INFO - >>> Model bottom_left-tda-original trained. Accuracy: 0.8678 (11.00 sec.)
2025-03-23 22:00:40 - INFO - Training model: top_left-original-top_right
2025-03-23 22:00:47 - INFO - Model top_left-original-top_right completed in 6.94 seconds.
2025-03-23 22:00:47 - INFO - >>> Model top_left-original-top_right trained. Accuracy: 0.8849 (6.94 sec.)
2025-03-23 22:00:47 - INFO - Training model: bottom_right-top_left-original
2025-03-23 22:00:54 - INFO - Model bottom_right-top_left-original completed in 6.74 seconds.
2025-03-23 22:00:54 - INFO - >>> Model bottom_right-top_left-original trained. Accuracy: 0.8843 (6.74 sec.)
2025-03-23 22:00:54 - INFO - Training model: top_left-tda-original
2025-03-23 22:01:05 - INFO - Model top_left-tda-original completed in 10.86 seconds.
2025-03-23 22:01:05 - INFO - >>> Model top_left-tda-original trained. Accuracy: 0.8733 (10.86 sec.)
2025-03-23 22:01:05 - INFO - Training model: bottom_right-original-top_right
2025-03-23 22:01:12 - INFO - Model bottom_right-original-top_right completed in 7.00 seconds.
2025-03-23 22:01:12 - INFO - >>> Model bottom_right-original-top_right trained. Accuracy: 0.8862 (7.00 sec.)
2025-03-23 22:01:12 - INFO - Training model: tda-original-top_right
2025-03-23 22:01:23 - INFO - Model tda-original-top_right completed in 11.09 seconds.
2025-03-23 22:01:23 - INFO - >>> Model tda-original-top_right trained. Accuracy: 0.8731 (11.09 sec.)
2025-03-23 22:01:23 - INFO - Training model: bottom_right-tda-original
2025-03-23 22:01:34 - INFO - Model bottom_right-tda-original completed in 10.94 seconds.
2025-03-23 22:01:34 - INFO - >>> Model bottom_right-tda-original trained. Accuracy: 0.8694 (10.94 sec.)
2025-03-23 22:01:34 - INFO - Training model: bottom_left-top_left-original-top_right
2025-03-23 22:01:43 - INFO - Model bottom_left-top_left-original-top_right completed in 8.92 seconds.
2025-03-23 22:01:43 - INFO - >>> Model bottom_left-top_left-original-top_right trained. Accuracy: 0.8979 (8.92 sec.)
2025-03-23 22:01:43 - INFO - Training model: bottom_right-bottom_left-top_left-original
2025-03-23 22:01:52 - INFO - Model bottom_right-bottom_left-top_left-original completed in 8.83 seconds.
2025-03-23 22:01:52 - INFO - >>> Model bottom_right-bottom_left-top_left-original trained. Accuracy: 0.8916 (8.83 sec.)
2025-03-23 22:01:52 - INFO - Training model: bottom_left-top_left-tda-original
2025-03-23 22:02:04 - INFO - Model bottom_left-top_left-tda-original completed in 12.66 seconds.
2025-03-23 22:02:04 - INFO - >>> Model bottom_left-top_left-tda-original trained. Accuracy: 0.8809 (12.66 sec.)
2025-03-23 22:02:04 - INFO - Training model: bottom_right-bottom_left-original-top_right
2025-03-23 22:02:13 - INFO - Model bottom_right-bottom_left-original-top_right completed in 8.91 seconds.
2025-03-23 22:02:13 - INFO - >>> Model bottom_right-bottom_left-original-top_right trained. Accuracy: 0.8947 (8.91 sec.)
2025-03-23 22:02:13 - INFO - Training model: bottom_left-tda-original-top_right
2025-03-23 22:02:26 - INFO - Model bottom_left-tda-original-top_right completed in 13.05 seconds.
2025-03-23 22:02:26 - INFO - >>> Model bottom_left-tda-original-top_right trained. Accuracy: 0.8844 (13.05 sec.)
2025-03-23 22:02:26 - INFO - Training model: bottom_right-bottom_left-tda-original
2025-03-23 22:02:40 - INFO - Model bottom_right-bottom_left-tda-original completed in 13.16 seconds.
2025-03-23 22:02:40 - INFO - >>> Model bottom_right-bottom_left-tda-original trained. Accuracy: 0.8749 (13.16 sec.)
2025-03-23 22:02:40 - INFO - Training model: bottom_right-top_left-original-top_right
2025-03-23 22:02:49 - INFO - Model bottom_right-top_left-original-top_right completed in 8.90 seconds.
2025-03-23 22:02:49 - INFO - >>> Model bottom_right-top_left-original-top_right trained. Accuracy: 0.8969 (8.90 sec.)
2025-03-23 22:02:49 - INFO - Training model: top_left-tda-original-top_right
2025-03-23 22:03:01 - INFO - Model top_left-tda-original-top_right completed in 12.90 seconds.
2025-03-23 22:03:01 - INFO - >>> Model top_left-tda-original-top_right trained. Accuracy: 0.8851 (12.90 sec.)
2025-03-23 22:03:01 - INFO - Training model: bottom_right-top_left-tda-original
2025-03-23 22:03:14 - INFO - Model bottom_right-top_left-tda-original completed in 13.07 seconds.
2025-03-23 22:03:14 - INFO - >>> Model bottom_right-top_left-tda-original trained. Accuracy: 0.8831 (13.07 sec.)
2025-03-23 22:03:14 - INFO - Training model: bottom_right-tda-original-top_right
2025-03-23 22:03:28 - INFO - Model bottom_right-tda-original-top_right completed in 13.10 seconds.
2025-03-23 22:03:28 - INFO - >>> Model bottom_right-tda-original-top_right trained. Accuracy: 0.8839 (13.10 sec.)
2025-03-23 22:03:28 - INFO - Training model: bottom_left-top_left-top_right-bottom_right-original
2025-03-23 22:03:39 - INFO - Model bottom_left-top_left-top_right-bottom_right-original completed in 11.01 seconds.
2025-03-23 22:03:39 - INFO - >>> Model bottom_left-top_left-top_right-bottom_right-original trained. Accuracy: 0.9052 (11.01 sec.)
2025-03-23 22:03:39 - INFO - Training model: bottom_left-top_left-top_right-tda-original
2025-03-23 22:03:53 - INFO - Model bottom_left-top_left-top_right-tda-original completed in 14.79 seconds.
2025-03-23 22:03:53 - INFO - >>> Model bottom_left-top_left-top_right-tda-original trained. Accuracy: 0.8955 (14.79 sec.)
2025-03-23 22:03:53 - INFO - Training model: bottom_left-top_left-bottom_right-tda-original
2025-03-23 22:04:08 - INFO - Model bottom_left-top_left-bottom_right-tda-original completed in 14.99 seconds.
2025-03-23 22:04:08 - INFO - >>> Model bottom_left-top_left-bottom_right-tda-original trained. Accuracy: 0.8896 (14.99 sec.)
2025-03-23 22:04:08 - INFO - Training model: bottom_left-top_right-bottom_right-tda-original
2025-03-23 22:04:23 - INFO - Model bottom_left-top_right-bottom_right-tda-original completed in 15.04 seconds.
2025-03-23 22:04:23 - INFO - >>> Model bottom_left-top_right-bottom_right-tda-original trained. Accuracy: 0.8951 (15.04 sec.)
2025-03-23 22:04:23 - INFO - Training model: top_left-top_right-bottom_right-tda-original
2025-03-23 22:04:38 - INFO - Model top_left-top_right-bottom_right-tda-original completed in 14.76 seconds.
2025-03-23 22:04:38 - INFO - >>> Model top_left-top_right-bottom_right-tda-original trained. Accuracy: 0.8959 (14.76 sec.)
2025-03-23 22:04:38 - INFO - Training model: bottom_left-top_left-top_right-bottom_right-tda-original
2025-03-23 22:04:55 - INFO - Model bottom_left-top_left-top_right-bottom_right-tda-original completed in 17.04 seconds.
2025-03-23 22:04:55 - INFO - >>> Model bottom_left-top_left-top_right-bottom_right-tda-original trained. Accuracy: 0.9039 (17.04 sec.)
2025-03-23 22:04:55 - INFO - All models trained successfully.
2025-03-23 22:04:55 - INFO - ========== [Model Training Completed] in 5.26 minutes ==========
2025-03-23 22:04:55 - INFO - ========== [Experiment Training Complete] ==========
2025-03-23 22:04:55 - INFO - Results saved to /home/jovyan/Workspace/workspace_mnist/results/exp_noise_icecream/experiment_trainsize_predictions_2025-03-23_22-04-55.json
2025-03-23 22:04:55 - INFO - Results successfully saved to /home/jovyan/Workspace/workspace_mnist/results/exp_noise_icecream/experiment_trainsize_predictions_2025-03-23_22-04-55.json
2025-03-23 22:04:55 - INFO - Garbage collection executed.
2025-03-23 22:04:55 - INFO - ========== [Experiment Completed] in 10.92 minutes ==========
