2025-04-06 15:56:58 - INFO - Logging initialized.
 Writing to /home/jovyan/Workspace/workspace_mnist/logs/exp_noise_icecream/experiment_logs_2025-04-06_15-56-58.log
2025-04-06 15:56:58 - INFO - ========== [Experiment Start] ==========
2025-04-06 15:56:58 - INFO - Views combinations succesfully generated.
2025-04-06 15:56:58 - INFO - Topological Data Analysis pipeline generated.
2025-04-06 15:56:58 - INFO - Generating folder to save results.
2025-04-06 15:56:58 - INFO - Reading dataset in chunks from mnist_784.csv (chunk size: 70000)
2025-04-06 15:56:59 - INFO - Starting multiview data preparation for a chunk of size (70000, 784)...
2025-04-06 15:56:59 - INFO - Running using 22 jobs.
2025-04-06 15:56:59 - INFO - Contaminating dataset with circles using 2.
2025-04-06 15:56:59 - INFO - Splitting data: 80.0% train / 20.0% test (random_state=101577605)
2025-04-06 15:56:59 - INFO - Data split complete. Train size: (44800, 784), Test size: (14000, 784)
2025-04-06 15:56:59 - INFO - Reshaping train and test data into square images...
2025-04-06 15:56:59 - INFO - Reshaping complete. Train images: (44800, 28, 28), Test images: (14000, 28, 28)
2025-04-06 15:56:59 - INFO - Splitting images into quadrant views...
2025-04-06 15:56:59 - INFO - Quadrant view splitting complete. Train views: 4, Test views: 4
2025-04-06 15:56:59 - INFO - >> Starting TDA pipeline transformation on train data...
2025-04-06 16:03:37 - INFO - >> TDA transformation for train data completed (6.64 minutes).
2025-04-06 16:03:37 - INFO - >> Applying TDA pipeline transformation on test data...
2025-04-06 16:05:41 - INFO - >> TDA transformation for test data completed (2.06 minutes).
2025-04-06 16:05:41 - INFO - ========== [Model Training Start] ==========
2025-04-06 16:05:41 - INFO - Training model: original
2025-04-06 16:05:42 - INFO - Model original completed in 1.05 seconds.
2025-04-06 16:05:42 - INFO - >>> Model original trained. Accuracy: 0.9658 (1.05 sec.)
2025-04-06 16:05:42 - INFO - Training model: original-bottom_left
2025-04-06 16:05:51 - INFO - Model original-bottom_left completed in 8.62 seconds.
2025-04-06 16:05:51 - INFO - >>> Model original-bottom_left trained. Accuracy: 0.9692 (8.62 sec.)
2025-04-06 16:05:51 - INFO - Training model: original-tda
2025-04-06 16:06:02 - INFO - Model original-tda completed in 10.98 seconds.
2025-04-06 16:06:02 - INFO - >>> Model original-tda trained. Accuracy: 0.9830 (10.98 sec.)
2025-04-06 16:06:02 - INFO - Training model: original-bottom_right
2025-04-06 16:06:11 - INFO - Model original-bottom_right completed in 8.61 seconds.
2025-04-06 16:06:11 - INFO - >>> Model original-bottom_right trained. Accuracy: 0.9701 (8.61 sec.)
2025-04-06 16:06:11 - INFO - Training model: top_right-original
2025-04-06 16:06:19 - INFO - Model top_right-original completed in 8.58 seconds.
2025-04-06 16:06:19 - INFO - >>> Model top_right-original trained. Accuracy: 0.9697 (8.58 sec.)
2025-04-06 16:06:19 - INFO - Training model: original-top_left
2025-04-06 16:06:28 - INFO - Model original-top_left completed in 8.40 seconds.
2025-04-06 16:06:28 - INFO - >>> Model original-top_left trained. Accuracy: 0.9696 (8.40 sec.)
2025-04-06 16:06:28 - INFO - Training model: original-tda-bottom_left
2025-04-06 16:06:42 - INFO - Model original-tda-bottom_left completed in 14.18 seconds.
2025-04-06 16:06:42 - INFO - >>> Model original-tda-bottom_left trained. Accuracy: 0.9819 (14.18 sec.)
2025-04-06 16:06:42 - INFO - Training model: original-bottom_left-bottom_right
2025-04-06 16:06:54 - INFO - Model original-bottom_left-bottom_right completed in 11.80 seconds.
2025-04-06 16:06:54 - INFO - >>> Model original-bottom_left-bottom_right trained. Accuracy: 0.9709 (11.80 sec.)
2025-04-06 16:06:54 - INFO - Training model: top_right-original-bottom_left
2025-04-06 16:07:05 - INFO - Model top_right-original-bottom_left completed in 11.67 seconds.
2025-04-06 16:07:05 - INFO - >>> Model top_right-original-bottom_left trained. Accuracy: 0.9715 (11.67 sec.)
2025-04-06 16:07:05 - INFO - Training model: original-top_left-bottom_left
2025-04-06 16:07:17 - INFO - Model original-top_left-bottom_left completed in 11.78 seconds.
2025-04-06 16:07:17 - INFO - >>> Model original-top_left-bottom_left trained. Accuracy: 0.9697 (11.78 sec.)
2025-04-06 16:07:17 - INFO - Training model: original-tda-bottom_right
2025-04-06 16:07:31 - INFO - Model original-tda-bottom_right completed in 14.21 seconds.
2025-04-06 16:07:31 - INFO - >>> Model original-tda-bottom_right trained. Accuracy: 0.9839 (14.21 sec.)
2025-04-06 16:07:31 - INFO - Training model: top_right-original-tda
2025-04-06 16:07:45 - INFO - Model top_right-original-tda completed in 14.02 seconds.
2025-04-06 16:07:45 - INFO - >>> Model top_right-original-tda trained. Accuracy: 0.9831 (14.02 sec.)
2025-04-06 16:07:45 - INFO - Training model: original-tda-top_left
2025-04-06 16:07:59 - INFO - Model original-tda-top_left completed in 14.01 seconds.
2025-04-06 16:07:59 - INFO - >>> Model original-tda-top_left trained. Accuracy: 0.9824 (14.01 sec.)
2025-04-06 16:07:59 - INFO - Training model: top_right-original-bottom_right
2025-04-06 16:08:11 - INFO - Model top_right-original-bottom_right completed in 12.11 seconds.
2025-04-06 16:08:11 - INFO - >>> Model top_right-original-bottom_right trained. Accuracy: 0.9716 (12.11 sec.)
2025-04-06 16:08:11 - INFO - Training model: original-top_left-bottom_right
2025-04-06 16:08:23 - INFO - Model original-top_left-bottom_right completed in 11.91 seconds.
2025-04-06 16:08:23 - INFO - >>> Model original-top_left-bottom_right trained. Accuracy: 0.9719 (11.91 sec.)
2025-04-06 16:08:23 - INFO - Training model: top_right-original-top_left
2025-04-06 16:08:35 - INFO - Model top_right-original-top_left completed in 11.83 seconds.
2025-04-06 16:08:35 - INFO - >>> Model top_right-original-top_left trained. Accuracy: 0.9716 (11.83 sec.)
2025-04-06 16:08:35 - INFO - Training model: original-tda-bottom_left-bottom_right
2025-04-06 16:08:53 - INFO - Model original-tda-bottom_left-bottom_right completed in 17.36 seconds.
2025-04-06 16:08:53 - INFO - >>> Model original-tda-bottom_left-bottom_right trained. Accuracy: 0.9835 (17.36 sec.)
2025-04-06 16:08:53 - INFO - Training model: top_right-original-tda-bottom_left
2025-04-06 16:09:10 - INFO - Model top_right-original-tda-bottom_left completed in 17.18 seconds.
2025-04-06 16:09:10 - INFO - >>> Model top_right-original-tda-bottom_left trained. Accuracy: 0.9832 (17.18 sec.)
2025-04-06 16:09:10 - INFO - Training model: original-tda-top_left-bottom_left
2025-04-06 16:09:27 - INFO - Model original-tda-top_left-bottom_left completed in 17.13 seconds.
2025-04-06 16:09:27 - INFO - >>> Model original-tda-top_left-bottom_left trained. Accuracy: 0.9820 (17.13 sec.)
2025-04-06 16:09:27 - INFO - Training model: top_right-original-bottom_left-bottom_right
2025-04-06 16:09:42 - INFO - Model top_right-original-bottom_left-bottom_right completed in 14.97 seconds.
2025-04-06 16:09:42 - INFO - >>> Model top_right-original-bottom_left-bottom_right trained. Accuracy: 0.9737 (14.97 sec.)
2025-04-06 16:09:42 - INFO - Training model: original-top_left-bottom_left-bottom_right
2025-04-06 16:09:56 - INFO - Model original-top_left-bottom_left-bottom_right completed in 14.59 seconds.
2025-04-06 16:09:56 - INFO - >>> Model original-top_left-bottom_left-bottom_right trained. Accuracy: 0.9726 (14.59 sec.)
2025-04-06 16:09:56 - INFO - Training model: top_right-original-top_left-bottom_left
2025-04-06 16:10:11 - INFO - Model top_right-original-top_left-bottom_left completed in 14.40 seconds.
2025-04-06 16:10:11 - INFO - >>> Model top_right-original-top_left-bottom_left trained. Accuracy: 0.9736 (14.40 sec.)
2025-04-06 16:10:11 - INFO - Training model: top_right-original-tda-bottom_right
2025-04-06 16:10:28 - INFO - Model top_right-original-tda-bottom_right completed in 17.12 seconds.
2025-04-06 16:10:28 - INFO - >>> Model top_right-original-tda-bottom_right trained. Accuracy: 0.9849 (17.12 sec.)
2025-04-06 16:10:28 - INFO - Training model: original-tda-top_left-bottom_right
2025-04-06 16:10:45 - INFO - Model original-tda-top_left-bottom_right completed in 17.16 seconds.
2025-04-06 16:10:45 - INFO - >>> Model original-tda-top_left-bottom_right trained. Accuracy: 0.9840 (17.16 sec.)
2025-04-06 16:10:45 - INFO - Training model: top_right-original-tda-top_left
2025-04-06 16:11:03 - INFO - Model top_right-original-tda-top_left completed in 17.57 seconds.
2025-04-06 16:11:03 - INFO - >>> Model top_right-original-tda-top_left trained. Accuracy: 0.9829 (17.57 sec.)
2025-04-06 16:11:03 - INFO - Training model: top_right-original-top_left-bottom_right
2025-04-06 16:11:18 - INFO - Model top_right-original-top_left-bottom_right completed in 14.91 seconds.
2025-04-06 16:11:18 - INFO - >>> Model top_right-original-top_left-bottom_right trained. Accuracy: 0.9741 (14.91 sec.)
2025-04-06 16:11:18 - INFO - Training model: bottom_left-tda-bottom_right-top_right-original
2025-04-06 16:11:38 - INFO - Model bottom_left-tda-bottom_right-top_right-original completed in 20.59 seconds.
2025-04-06 16:11:38 - INFO - >>> Model bottom_left-tda-bottom_right-top_right-original trained. Accuracy: 0.9837 (20.59 sec.)
2025-04-06 16:11:38 - INFO - Training model: bottom_left-tda-bottom_right-top_left-original
2025-04-06 16:11:59 - INFO - Model bottom_left-tda-bottom_right-top_left-original completed in 20.43 seconds.
2025-04-06 16:11:59 - INFO - >>> Model bottom_left-tda-bottom_right-top_left-original trained. Accuracy: 0.9839 (20.43 sec.)
2025-04-06 16:11:59 - INFO - Training model: bottom_left-tda-top_right-top_left-original
2025-04-06 16:12:19 - INFO - Model bottom_left-tda-top_right-top_left-original completed in 20.01 seconds.
2025-04-06 16:12:19 - INFO - >>> Model bottom_left-tda-top_right-top_left-original trained. Accuracy: 0.9831 (20.01 sec.)
2025-04-06 16:12:19 - INFO - Training model: bottom_left-bottom_right-top_right-top_left-original
2025-04-06 16:12:36 - INFO - Model bottom_left-bottom_right-top_right-top_left-original completed in 17.64 seconds.
2025-04-06 16:12:36 - INFO - >>> Model bottom_left-bottom_right-top_right-top_left-original trained. Accuracy: 0.9746 (17.64 sec.)
2025-04-06 16:12:36 - INFO - Training model: tda-bottom_right-top_right-top_left-original
2025-04-06 16:12:57 - INFO - Model tda-bottom_right-top_right-top_left-original completed in 20.27 seconds.
2025-04-06 16:12:57 - INFO - >>> Model tda-bottom_right-top_right-top_left-original trained. Accuracy: 0.9849 (20.27 sec.)
2025-04-06 16:12:57 - INFO - Training model: bottom_left-tda-bottom_right-top_right-top_left-original
2025-04-06 16:13:20 - INFO - Model bottom_left-tda-bottom_right-top_right-top_left-original completed in 23.39 seconds.
2025-04-06 16:13:20 - INFO - >>> Model bottom_left-tda-bottom_right-top_right-top_left-original trained. Accuracy: 0.9847 (23.39 sec.)
2025-04-06 16:13:20 - INFO - All models trained successfully.
2025-04-06 16:13:20 - INFO - ========== [Model Training Completed] in 7.64 minutes ==========
2025-04-06 16:13:20 - INFO - ========== [Experiment Training Complete] ==========
2025-04-06 16:13:20 - INFO - Results saved to /home/jovyan/Workspace/workspace_mnist/results/exp_noise_icecream/experiment_trainsize_predictions_2025-04-06_16-13-20.json
2025-04-06 16:13:20 - INFO - Results successfully saved to /home/jovyan/Workspace/workspace_mnist/results/exp_noise_icecream/experiment_trainsize_predictions_2025-04-06_16-13-20.json
2025-04-06 16:13:20 - INFO - Garbage collection executed.
2025-04-06 16:13:20 - INFO - ========== [Experiment Completed] in 16.37 minutes ==========
