2025-04-06 01:01:31 - INFO - Logging initialized.
 Writing to /home/jovyan/Workspace/workspace_mnist/logs/exp_noise_icecream/experiment_logs_2025-04-06_01-01-31.log
2025-04-06 01:01:31 - INFO - ========== [Experiment Start] ==========
2025-04-06 01:01:31 - INFO - Views combinations succesfully generated.
2025-04-06 01:01:31 - INFO - Topological Data Analysis pipeline generated.
2025-04-06 01:01:31 - INFO - Generating folder to save results.
2025-04-06 01:01:31 - INFO - Reading dataset in chunks from mnist_784.csv (chunk size: 70000)
2025-04-06 01:01:31 - INFO - Starting multiview data preparation for a chunk of size (70000, 784)...
2025-04-06 01:01:31 - INFO - Running using 22 jobs.
2025-04-06 01:01:31 - INFO - Contaminating dataset with circles using 2.
2025-04-06 01:01:31 - INFO - Splitting data: 64.4% train / 20.0% test (random_state=561967060)
2025-04-06 01:01:32 - INFO - Data split complete. Train size: (36088, 784), Test size: (14000, 784)
2025-04-06 01:01:32 - INFO - Reshaping train and test data into square images...
2025-04-06 01:01:32 - INFO - Reshaping complete. Train images: (36088, 28, 28), Test images: (14000, 28, 28)
2025-04-06 01:01:32 - INFO - Splitting images into quadrant views...
2025-04-06 01:01:32 - INFO - Quadrant view splitting complete. Train views: 4, Test views: 4
2025-04-06 01:01:32 - INFO - >> Starting TDA pipeline transformation on train data...
2025-04-06 01:06:49 - INFO - >> TDA transformation for train data completed (5.30 minutes).
2025-04-06 01:06:49 - INFO - >> Applying TDA pipeline transformation on test data...
2025-04-06 01:08:55 - INFO - >> TDA transformation for test data completed (2.10 minutes).
2025-04-06 01:08:55 - INFO - ========== [Model Training Start] ==========
2025-04-06 01:08:55 - INFO - Training model: original
2025-04-06 01:08:56 - INFO - Model original completed in 0.86 seconds.
2025-04-06 01:08:56 - INFO - >>> Model original trained. Accuracy: 0.9649 (0.86 sec.)
2025-04-06 01:08:56 - INFO - Training model: original-bottom_left
2025-04-06 01:09:03 - INFO - Model original-bottom_left completed in 7.07 seconds.
2025-04-06 01:09:03 - INFO - >>> Model original-bottom_left trained. Accuracy: 0.9677 (7.07 sec.)
2025-04-06 01:09:03 - INFO - Training model: original-tda
2025-04-06 01:09:12 - INFO - Model original-tda completed in 8.60 seconds.
2025-04-06 01:09:12 - INFO - >>> Model original-tda trained. Accuracy: 0.9821 (8.60 sec.)
2025-04-06 01:09:12 - INFO - Training model: original-bottom_right
2025-04-06 01:09:19 - INFO - Model original-bottom_right completed in 7.07 seconds.
2025-04-06 01:09:19 - INFO - >>> Model original-bottom_right trained. Accuracy: 0.9701 (7.07 sec.)
2025-04-06 01:09:19 - INFO - Training model: top_right-original
2025-04-06 01:09:26 - INFO - Model top_right-original completed in 7.11 seconds.
2025-04-06 01:09:26 - INFO - >>> Model top_right-original trained. Accuracy: 0.9681 (7.11 sec.)
2025-04-06 01:09:26 - INFO - Training model: original-top_left
2025-04-06 01:09:33 - INFO - Model original-top_left completed in 6.92 seconds.
2025-04-06 01:09:33 - INFO - >>> Model original-top_left trained. Accuracy: 0.9679 (6.92 sec.)
2025-04-06 01:09:33 - INFO - Training model: original-tda-bottom_left
2025-04-06 01:09:44 - INFO - Model original-tda-bottom_left completed in 11.14 seconds.
2025-04-06 01:09:44 - INFO - >>> Model original-tda-bottom_left trained. Accuracy: 0.9818 (11.14 sec.)
2025-04-06 01:09:44 - INFO - Training model: original-bottom_left-bottom_right
2025-04-06 01:09:54 - INFO - Model original-bottom_left-bottom_right completed in 9.53 seconds.
2025-04-06 01:09:54 - INFO - >>> Model original-bottom_left-bottom_right trained. Accuracy: 0.9704 (9.53 sec.)
2025-04-06 01:09:54 - INFO - Training model: top_right-original-bottom_left
2025-04-06 01:10:03 - INFO - Model top_right-original-bottom_left completed in 9.69 seconds.
2025-04-06 01:10:03 - INFO - >>> Model top_right-original-bottom_left trained. Accuracy: 0.9699 (9.69 sec.)
2025-04-06 01:10:03 - INFO - Training model: original-top_left-bottom_left
2025-04-06 01:10:13 - INFO - Model original-top_left-bottom_left completed in 9.45 seconds.
2025-04-06 01:10:13 - INFO - >>> Model original-top_left-bottom_left trained. Accuracy: 0.9701 (9.45 sec.)
2025-04-06 01:10:13 - INFO - Training model: original-tda-bottom_right
2025-04-06 01:10:24 - INFO - Model original-tda-bottom_right completed in 11.36 seconds.
2025-04-06 01:10:24 - INFO - >>> Model original-tda-bottom_right trained. Accuracy: 0.9830 (11.36 sec.)
2025-04-06 01:10:24 - INFO - Training model: top_right-original-tda
2025-04-06 01:10:36 - INFO - Model top_right-original-tda completed in 11.39 seconds.
2025-04-06 01:10:36 - INFO - >>> Model top_right-original-tda trained. Accuracy: 0.9829 (11.39 sec.)
2025-04-06 01:10:36 - INFO - Training model: original-tda-top_left
2025-04-06 01:10:47 - INFO - Model original-tda-top_left completed in 11.17 seconds.
2025-04-06 01:10:47 - INFO - >>> Model original-tda-top_left trained. Accuracy: 0.9821 (11.17 sec.)
2025-04-06 01:10:47 - INFO - Training model: top_right-original-bottom_right
2025-04-06 01:10:57 - INFO - Model top_right-original-bottom_right completed in 10.03 seconds.
2025-04-06 01:10:57 - INFO - >>> Model top_right-original-bottom_right trained. Accuracy: 0.9702 (10.03 sec.)
2025-04-06 01:10:57 - INFO - Training model: original-top_left-bottom_right
2025-04-06 01:11:06 - INFO - Model original-top_left-bottom_right completed in 9.65 seconds.
2025-04-06 01:11:06 - INFO - >>> Model original-top_left-bottom_right trained. Accuracy: 0.9717 (9.65 sec.)
2025-04-06 01:11:06 - INFO - Training model: top_right-original-top_left
2025-04-06 01:11:16 - INFO - Model top_right-original-top_left completed in 9.66 seconds.
2025-04-06 01:11:16 - INFO - >>> Model top_right-original-top_left trained. Accuracy: 0.9706 (9.66 sec.)
2025-04-06 01:11:16 - INFO - Training model: original-tda-bottom_left-bottom_right
2025-04-06 01:11:30 - INFO - Model original-tda-bottom_left-bottom_right completed in 14.07 seconds.
2025-04-06 01:11:30 - INFO - >>> Model original-tda-bottom_left-bottom_right trained. Accuracy: 0.9828 (14.07 sec.)
2025-04-06 01:11:30 - INFO - Training model: top_right-original-tda-bottom_left
2025-04-06 01:11:44 - INFO - Model top_right-original-tda-bottom_left completed in 14.00 seconds.
2025-04-06 01:11:44 - INFO - >>> Model top_right-original-tda-bottom_left trained. Accuracy: 0.9836 (14.00 sec.)
2025-04-06 01:11:44 - INFO - Training model: original-tda-top_left-bottom_left
2025-04-06 01:11:58 - INFO - Model original-tda-top_left-bottom_left completed in 13.74 seconds.
2025-04-06 01:11:58 - INFO - >>> Model original-tda-top_left-bottom_left trained. Accuracy: 0.9824 (13.74 sec.)
2025-04-06 01:11:58 - INFO - Training model: top_right-original-bottom_left-bottom_right
2025-04-06 01:12:10 - INFO - Model top_right-original-bottom_left-bottom_right completed in 12.35 seconds.
2025-04-06 01:12:10 - INFO - >>> Model top_right-original-bottom_left-bottom_right trained. Accuracy: 0.9714 (12.35 sec.)
2025-04-06 01:12:10 - INFO - Training model: original-top_left-bottom_left-bottom_right
2025-04-06 01:12:22 - INFO - Model original-top_left-bottom_left-bottom_right completed in 11.91 seconds.
2025-04-06 01:12:22 - INFO - >>> Model original-top_left-bottom_left-bottom_right trained. Accuracy: 0.9720 (11.91 sec.)
2025-04-06 01:12:22 - INFO - Training model: top_right-original-top_left-bottom_left
2025-04-06 01:12:34 - INFO - Model top_right-original-top_left-bottom_left completed in 12.04 seconds.
2025-04-06 01:12:34 - INFO - >>> Model top_right-original-top_left-bottom_left trained. Accuracy: 0.9724 (12.04 sec.)
2025-04-06 01:12:34 - INFO - Training model: top_right-original-tda-bottom_right
2025-04-06 01:12:48 - INFO - Model top_right-original-tda-bottom_right completed in 13.78 seconds.
2025-04-06 01:12:48 - INFO - >>> Model top_right-original-tda-bottom_right trained. Accuracy: 0.9833 (13.78 sec.)
2025-04-06 01:12:48 - INFO - Training model: original-tda-top_left-bottom_right
2025-04-06 01:13:02 - INFO - Model original-tda-top_left-bottom_right completed in 13.54 seconds.
2025-04-06 01:13:02 - INFO - >>> Model original-tda-top_left-bottom_right trained. Accuracy: 0.9836 (13.54 sec.)
2025-04-06 01:13:02 - INFO - Training model: top_right-original-tda-top_left
2025-04-06 01:13:15 - INFO - Model top_right-original-tda-top_left completed in 13.66 seconds.
2025-04-06 01:13:15 - INFO - >>> Model top_right-original-tda-top_left trained. Accuracy: 0.9831 (13.66 sec.)
2025-04-06 01:13:15 - INFO - Training model: top_right-original-top_left-bottom_right
2025-04-06 01:13:28 - INFO - Model top_right-original-top_left-bottom_right completed in 12.46 seconds.
2025-04-06 01:13:28 - INFO - >>> Model top_right-original-top_left-bottom_right trained. Accuracy: 0.9726 (12.46 sec.)
2025-04-06 01:13:28 - INFO - Training model: bottom_left-tda-bottom_right-top_right-original
2025-04-06 01:13:44 - INFO - Model bottom_left-tda-bottom_right-top_right-original completed in 16.59 seconds.
2025-04-06 01:13:44 - INFO - >>> Model bottom_left-tda-bottom_right-top_right-original trained. Accuracy: 0.9832 (16.59 sec.)
2025-04-06 01:13:44 - INFO - Training model: bottom_left-tda-bottom_right-top_left-original
2025-04-06 01:14:01 - INFO - Model bottom_left-tda-bottom_right-top_left-original completed in 16.54 seconds.
2025-04-06 01:14:01 - INFO - >>> Model bottom_left-tda-bottom_right-top_left-original trained. Accuracy: 0.9834 (16.54 sec.)
2025-04-06 01:14:01 - INFO - Training model: bottom_left-tda-top_right-top_left-original
2025-04-06 01:14:17 - INFO - Model bottom_left-tda-top_right-top_left-original completed in 16.38 seconds.
2025-04-06 01:14:17 - INFO - >>> Model bottom_left-tda-top_right-top_left-original trained. Accuracy: 0.9842 (16.38 sec.)
2025-04-06 01:14:17 - INFO - Training model: bottom_left-bottom_right-top_right-top_left-original
2025-04-06 01:14:32 - INFO - Model bottom_left-bottom_right-top_right-top_left-original completed in 14.94 seconds.
2025-04-06 01:14:32 - INFO - >>> Model bottom_left-bottom_right-top_right-top_left-original trained. Accuracy: 0.9739 (14.94 sec.)
2025-04-06 01:14:32 - INFO - Training model: tda-bottom_right-top_right-top_left-original
2025-04-06 01:14:49 - INFO - Model tda-bottom_right-top_right-top_left-original completed in 16.55 seconds.
2025-04-06 01:14:49 - INFO - >>> Model tda-bottom_right-top_right-top_left-original trained. Accuracy: 0.9842 (16.55 sec.)
2025-04-06 01:14:49 - INFO - Training model: bottom_left-tda-bottom_right-top_right-top_left-original
2025-04-06 01:15:08 - INFO - Model bottom_left-tda-bottom_right-top_right-top_left-original completed in 19.25 seconds.
2025-04-06 01:15:08 - INFO - >>> Model bottom_left-tda-bottom_right-top_right-top_left-original trained. Accuracy: 0.9841 (19.25 sec.)
2025-04-06 01:15:08 - INFO - All models trained successfully.
2025-04-06 01:15:08 - INFO - ========== [Model Training Completed] in 6.21 minutes ==========
2025-04-06 01:15:08 - INFO - ========== [Experiment Training Complete] ==========
2025-04-06 01:15:08 - INFO - Results saved to /home/jovyan/Workspace/workspace_mnist/results/exp_noise_icecream/experiment_trainsize_predictions_2025-04-06_01-15-08.json
2025-04-06 01:15:08 - INFO - Results successfully saved to /home/jovyan/Workspace/workspace_mnist/results/exp_noise_icecream/experiment_trainsize_predictions_2025-04-06_01-15-08.json
2025-04-06 01:15:08 - INFO - Garbage collection executed.
2025-04-06 01:15:08 - INFO - ========== [Experiment Completed] in 13.63 minutes ==========
