2025-04-05 21:24:08 - INFO - Logging initialized.
 Writing to /home/jovyan/Workspace/workspace_mnist/logs/exp_noise_icecream/experiment_logs_2025-04-05_21-24-08.log
2025-04-05 21:24:08 - INFO - ========== [Experiment Start] ==========
2025-04-05 21:24:08 - INFO - Views combinations succesfully generated.
2025-04-05 21:24:08 - INFO - Topological Data Analysis pipeline generated.
2025-04-05 21:24:08 - INFO - Generating folder to save results.
2025-04-05 21:24:08 - INFO - Reading dataset in chunks from mnist_784.csv (chunk size: 70000)
2025-04-05 21:24:09 - INFO - Starting multiview data preparation for a chunk of size (70000, 784)...
2025-04-05 21:24:09 - INFO - Running using 22 jobs.
2025-04-05 21:24:09 - INFO - Contaminating dataset with circles using 2.
2025-04-05 21:24:09 - INFO - Splitting data: 64.4% train / 20.0% test (random_state=508701318)
2025-04-05 21:24:09 - INFO - Data split complete. Train size: (36088, 784), Test size: (14000, 784)
2025-04-05 21:24:09 - INFO - Reshaping train and test data into square images...
2025-04-05 21:24:09 - INFO - Reshaping complete. Train images: (36088, 28, 28), Test images: (14000, 28, 28)
2025-04-05 21:24:09 - INFO - Splitting images into quadrant views...
2025-04-05 21:24:09 - INFO - Quadrant view splitting complete. Train views: 4, Test views: 4
2025-04-05 21:24:09 - INFO - >> Starting TDA pipeline transformation on train data...
2025-04-05 21:29:28 - INFO - >> TDA transformation for train data completed (5.32 minutes).
2025-04-05 21:29:28 - INFO - >> Applying TDA pipeline transformation on test data...
2025-04-05 21:31:31 - INFO - >> TDA transformation for test data completed (2.05 minutes).
2025-04-05 21:31:31 - INFO - ========== [Model Training Start] ==========
2025-04-05 21:31:31 - INFO - Training model: original
2025-04-05 21:31:32 - INFO - Model original completed in 0.81 seconds.
2025-04-05 21:31:32 - INFO - >>> Model original trained. Accuracy: 0.9618 (0.81 sec.)
2025-04-05 21:31:32 - INFO - Training model: original-bottom_left
2025-04-05 21:31:39 - INFO - Model original-bottom_left completed in 6.97 seconds.
2025-04-05 21:31:39 - INFO - >>> Model original-bottom_left trained. Accuracy: 0.9644 (6.97 sec.)
2025-04-05 21:31:39 - INFO - Training model: original-tda
2025-04-05 21:31:48 - INFO - Model original-tda completed in 8.70 seconds.
2025-04-05 21:31:48 - INFO - >>> Model original-tda trained. Accuracy: 0.9826 (8.70 sec.)
2025-04-05 21:31:48 - INFO - Training model: original-bottom_right
2025-04-05 21:31:55 - INFO - Model original-bottom_right completed in 7.26 seconds.
2025-04-05 21:31:55 - INFO - >>> Model original-bottom_right trained. Accuracy: 0.9676 (7.26 sec.)
2025-04-05 21:31:55 - INFO - Training model: top_right-original
2025-04-05 21:32:02 - INFO - Model top_right-original completed in 7.11 seconds.
2025-04-05 21:32:02 - INFO - >>> Model top_right-original trained. Accuracy: 0.9644 (7.11 sec.)
2025-04-05 21:32:02 - INFO - Training model: original-top_left
2025-04-05 21:32:09 - INFO - Model original-top_left completed in 6.71 seconds.
2025-04-05 21:32:09 - INFO - >>> Model original-top_left trained. Accuracy: 0.9662 (6.71 sec.)
2025-04-05 21:32:09 - INFO - Training model: original-tda-bottom_left
2025-04-05 21:32:20 - INFO - Model original-tda-bottom_left completed in 11.16 seconds.
2025-04-05 21:32:20 - INFO - >>> Model original-tda-bottom_left trained. Accuracy: 0.9809 (11.16 sec.)
2025-04-05 21:32:20 - INFO - Training model: original-bottom_left-bottom_right
2025-04-05 21:32:30 - INFO - Model original-bottom_left-bottom_right completed in 9.85 seconds.
2025-04-05 21:32:30 - INFO - >>> Model original-bottom_left-bottom_right trained. Accuracy: 0.9671 (9.85 sec.)
2025-04-05 21:32:30 - INFO - Training model: top_right-original-bottom_left
2025-04-05 21:32:39 - INFO - Model top_right-original-bottom_left completed in 9.51 seconds.
2025-04-05 21:32:39 - INFO - >>> Model top_right-original-bottom_left trained. Accuracy: 0.9670 (9.51 sec.)
2025-04-05 21:32:39 - INFO - Training model: original-top_left-bottom_left
2025-04-05 21:32:48 - INFO - Model original-top_left-bottom_left completed in 9.29 seconds.
2025-04-05 21:32:48 - INFO - >>> Model original-top_left-bottom_left trained. Accuracy: 0.9674 (9.29 sec.)
2025-04-05 21:32:48 - INFO - Training model: original-tda-bottom_right
2025-04-05 21:33:00 - INFO - Model original-tda-bottom_right completed in 11.49 seconds.
2025-04-05 21:33:00 - INFO - >>> Model original-tda-bottom_right trained. Accuracy: 0.9838 (11.49 sec.)
2025-04-05 21:33:00 - INFO - Training model: top_right-original-tda
2025-04-05 21:33:11 - INFO - Model top_right-original-tda completed in 11.18 seconds.
2025-04-05 21:33:11 - INFO - >>> Model top_right-original-tda trained. Accuracy: 0.9812 (11.18 sec.)
2025-04-05 21:33:11 - INFO - Training model: original-tda-top_left
2025-04-05 21:33:22 - INFO - Model original-tda-top_left completed in 11.08 seconds.
2025-04-05 21:33:22 - INFO - >>> Model original-tda-top_left trained. Accuracy: 0.9804 (11.08 sec.)
2025-04-05 21:33:22 - INFO - Training model: top_right-original-bottom_right
2025-04-05 21:33:32 - INFO - Model top_right-original-bottom_right completed in 9.46 seconds.
2025-04-05 21:33:32 - INFO - >>> Model top_right-original-bottom_right trained. Accuracy: 0.9683 (9.46 sec.)
2025-04-05 21:33:32 - INFO - Training model: original-top_left-bottom_right
2025-04-05 21:33:41 - INFO - Model original-top_left-bottom_right completed in 9.34 seconds.
2025-04-05 21:33:41 - INFO - >>> Model original-top_left-bottom_right trained. Accuracy: 0.9685 (9.34 sec.)
2025-04-05 21:33:41 - INFO - Training model: top_right-original-top_left
2025-04-05 21:33:50 - INFO - Model top_right-original-top_left completed in 9.29 seconds.
2025-04-05 21:33:50 - INFO - >>> Model top_right-original-top_left trained. Accuracy: 0.9677 (9.29 sec.)
2025-04-05 21:33:50 - INFO - Training model: original-tda-bottom_left-bottom_right
2025-04-05 21:34:04 - INFO - Model original-tda-bottom_left-bottom_right completed in 13.91 seconds.
2025-04-05 21:34:04 - INFO - >>> Model original-tda-bottom_left-bottom_right trained. Accuracy: 0.9819 (13.91 sec.)
2025-04-05 21:34:04 - INFO - Training model: top_right-original-tda-bottom_left
2025-04-05 21:34:18 - INFO - Model top_right-original-tda-bottom_left completed in 13.87 seconds.
2025-04-05 21:34:18 - INFO - >>> Model top_right-original-tda-bottom_left trained. Accuracy: 0.9812 (13.87 sec.)
2025-04-05 21:34:18 - INFO - Training model: original-tda-top_left-bottom_left
2025-04-05 21:34:32 - INFO - Model original-tda-top_left-bottom_left completed in 13.50 seconds.
2025-04-05 21:34:32 - INFO - >>> Model original-tda-top_left-bottom_left trained. Accuracy: 0.9803 (13.50 sec.)
2025-04-05 21:34:32 - INFO - Training model: top_right-original-bottom_left-bottom_right
2025-04-05 21:34:44 - INFO - Model top_right-original-bottom_left-bottom_right completed in 12.41 seconds.
2025-04-05 21:34:44 - INFO - >>> Model top_right-original-bottom_left-bottom_right trained. Accuracy: 0.9696 (12.41 sec.)
2025-04-05 21:34:44 - INFO - Training model: original-top_left-bottom_left-bottom_right
2025-04-05 21:34:56 - INFO - Model original-top_left-bottom_left-bottom_right completed in 12.13 seconds.
2025-04-05 21:34:56 - INFO - >>> Model original-top_left-bottom_left-bottom_right trained. Accuracy: 0.9704 (12.13 sec.)
2025-04-05 21:34:56 - INFO - Training model: top_right-original-top_left-bottom_left
2025-04-05 21:35:08 - INFO - Model top_right-original-top_left-bottom_left completed in 11.87 seconds.
2025-04-05 21:35:08 - INFO - >>> Model top_right-original-top_left-bottom_left trained. Accuracy: 0.9688 (11.87 sec.)
2025-04-05 21:35:08 - INFO - Training model: top_right-original-tda-bottom_right
2025-04-05 21:35:22 - INFO - Model top_right-original-tda-bottom_right completed in 13.99 seconds.
2025-04-05 21:35:22 - INFO - >>> Model top_right-original-tda-bottom_right trained. Accuracy: 0.9828 (13.99 sec.)
2025-04-05 21:35:22 - INFO - Training model: original-tda-top_left-bottom_right
2025-04-05 21:35:36 - INFO - Model original-tda-top_left-bottom_right completed in 13.77 seconds.
2025-04-05 21:35:36 - INFO - >>> Model original-tda-top_left-bottom_right trained. Accuracy: 0.9832 (13.77 sec.)
2025-04-05 21:35:36 - INFO - Training model: top_right-original-tda-top_left
2025-04-05 21:35:49 - INFO - Model top_right-original-tda-top_left completed in 13.64 seconds.
2025-04-05 21:35:49 - INFO - >>> Model top_right-original-tda-top_left trained. Accuracy: 0.9813 (13.64 sec.)
2025-04-05 21:35:49 - INFO - Training model: top_right-original-top_left-bottom_right
2025-04-05 21:36:02 - INFO - Model top_right-original-top_left-bottom_right completed in 12.10 seconds.
2025-04-05 21:36:02 - INFO - >>> Model top_right-original-top_left-bottom_right trained. Accuracy: 0.9706 (12.10 sec.)
2025-04-05 21:36:02 - INFO - Training model: bottom_left-tda-bottom_right-top_right-original
2025-04-05 21:36:18 - INFO - Model bottom_left-tda-bottom_right-top_right-original completed in 16.43 seconds.
2025-04-05 21:36:18 - INFO - >>> Model bottom_left-tda-bottom_right-top_right-original trained. Accuracy: 0.9824 (16.43 sec.)
2025-04-05 21:36:18 - INFO - Training model: bottom_left-tda-bottom_right-top_left-original
2025-04-05 21:36:34 - INFO - Model bottom_left-tda-bottom_right-top_left-original completed in 16.23 seconds.
2025-04-05 21:36:34 - INFO - >>> Model bottom_left-tda-bottom_right-top_left-original trained. Accuracy: 0.9821 (16.23 sec.)
2025-04-05 21:36:34 - INFO - Training model: bottom_left-tda-top_right-top_left-original
2025-04-05 21:36:51 - INFO - Model bottom_left-tda-top_right-top_left-original completed in 16.49 seconds.
2025-04-05 21:36:51 - INFO - >>> Model bottom_left-tda-top_right-top_left-original trained. Accuracy: 0.9812 (16.49 sec.)
2025-04-05 21:36:51 - INFO - Training model: bottom_left-bottom_right-top_right-top_left-original
2025-04-05 21:37:05 - INFO - Model bottom_left-bottom_right-top_right-top_left-original completed in 14.72 seconds.
2025-04-05 21:37:05 - INFO - >>> Model bottom_left-bottom_right-top_right-top_left-original trained. Accuracy: 0.9718 (14.72 sec.)
2025-04-05 21:37:05 - INFO - Training model: tda-bottom_right-top_right-top_left-original
2025-04-05 21:37:22 - INFO - Model tda-bottom_right-top_right-top_left-original completed in 16.21 seconds.
2025-04-05 21:37:22 - INFO - >>> Model tda-bottom_right-top_right-top_left-original trained. Accuracy: 0.9824 (16.21 sec.)
2025-04-05 21:37:22 - INFO - Training model: bottom_left-tda-bottom_right-top_right-top_left-original
2025-04-05 21:37:41 - INFO - Model bottom_left-tda-bottom_right-top_right-top_left-original completed in 19.01 seconds.
2025-04-05 21:37:41 - INFO - >>> Model bottom_left-tda-bottom_right-top_right-top_left-original trained. Accuracy: 0.9826 (19.01 sec.)
2025-04-05 21:37:41 - INFO - All models trained successfully.
2025-04-05 21:37:41 - INFO - ========== [Model Training Completed] in 6.16 minutes ==========
2025-04-05 21:37:41 - INFO - ========== [Experiment Training Complete] ==========
2025-04-05 21:37:41 - INFO - Results saved to /home/jovyan/Workspace/workspace_mnist/results/exp_noise_icecream/experiment_trainsize_predictions_2025-04-05_21-37-41.json
2025-04-05 21:37:41 - INFO - Results successfully saved to /home/jovyan/Workspace/workspace_mnist/results/exp_noise_icecream/experiment_trainsize_predictions_2025-04-05_21-37-41.json
2025-04-05 21:37:41 - INFO - Garbage collection executed.
2025-04-05 21:37:41 - INFO - ========== [Experiment Completed] in 13.55 minutes ==========
