2025-03-23 14:57:17 - INFO - Logging initialized.
 Writing to /home/jovyan/Workspace/workspace_mnist/logs/exp_noise_icecream/experiment_logs_2025-03-23_14-57-17.log
2025-03-23 14:57:17 - INFO - ========== [Experiment Start] ==========
2025-03-23 14:57:17 - INFO - Views combinations succesfully generated.
2025-03-23 14:57:17 - INFO - Topological Data Analysis pipeline generated.
2025-03-23 14:57:17 - INFO - Generating folder to save results.
2025-03-23 14:57:17 - INFO - Reading dataset in chunks from mnist_784.csv (chunk size: 70000)
2025-03-23 14:57:18 - INFO - Starting multiview data preparation for a chunk of size (70000, 784)...
2025-03-23 14:57:18 - INFO - Running using 16 jobs.
2025-03-23 14:57:18 - INFO - Contaminating dataset with lines using 23.
2025-03-23 14:57:28 - INFO - Splitting data: 64.4% train / 20.0% test (random_state=248065843)
2025-03-23 14:57:28 - INFO - Data split complete. Train size: (36088, 784), Test size: (14000, 784)
2025-03-23 14:57:28 - INFO - Reshaping train and test data into square images...
2025-03-23 14:57:28 - INFO - Reshaping complete. Train images: (36088, 28, 28), Test images: (14000, 28, 28)
2025-03-23 14:57:28 - INFO - Splitting images into quadrant views...
2025-03-23 14:57:28 - INFO - Quadrant view splitting complete. Train views: 4, Test views: 4
2025-03-23 14:57:28 - INFO - >> Starting TDA pipeline transformation on train data...
2025-03-23 15:04:29 - INFO - >> TDA transformation for train data completed (7.03 minutes).
2025-03-23 15:04:29 - INFO - >> Applying TDA pipeline transformation on test data...
2025-03-23 15:07:09 - INFO - >> TDA transformation for test data completed (2.65 minutes).
2025-03-23 15:07:09 - INFO - ========== [Model Training Start] ==========
2025-03-23 15:07:09 - INFO - Training model: original
2025-03-23 15:07:10 - INFO - Model original completed in 1.32 seconds.
2025-03-23 15:07:10 - INFO - >>> Model original trained. Accuracy: 0.8809 (1.32 sec.)
2025-03-23 15:07:10 - INFO - Training model: bottom_left-original
2025-03-23 15:07:21 - INFO - Model bottom_left-original completed in 10.57 seconds.
2025-03-23 15:07:21 - INFO - >>> Model bottom_left-original trained. Accuracy: 0.8914 (10.57 sec.)
2025-03-23 15:07:21 - INFO - Training model: top_left-original
2025-03-23 15:07:31 - INFO - Model top_left-original completed in 10.44 seconds.
2025-03-23 15:07:31 - INFO - >>> Model top_left-original trained. Accuracy: 0.8967 (10.44 sec.)
2025-03-23 15:07:31 - INFO - Training model: original-top_right
2025-03-23 15:07:42 - INFO - Model original-top_right completed in 10.64 seconds.
2025-03-23 15:07:42 - INFO - >>> Model original-top_right trained. Accuracy: 0.8975 (10.64 sec.)
2025-03-23 15:07:42 - INFO - Training model: bottom_right-original
2025-03-23 15:07:52 - INFO - Model bottom_right-original completed in 10.79 seconds.
2025-03-23 15:07:52 - INFO - >>> Model bottom_right-original trained. Accuracy: 0.8939 (10.79 sec.)
2025-03-23 15:07:52 - INFO - Training model: tda-original
2025-03-23 15:08:15 - INFO - Model tda-original completed in 22.38 seconds.
2025-03-23 15:08:15 - INFO - >>> Model tda-original trained. Accuracy: 0.8828 (22.38 sec.)
2025-03-23 15:08:15 - INFO - Training model: bottom_left-top_left-original
2025-03-23 15:08:29 - INFO - Model bottom_left-top_left-original completed in 14.12 seconds.
2025-03-23 15:08:29 - INFO - >>> Model bottom_left-top_left-original trained. Accuracy: 0.9046 (14.12 sec.)
2025-03-23 15:08:29 - INFO - Training model: bottom_left-original-top_right
2025-03-23 15:08:44 - INFO - Model bottom_left-original-top_right completed in 14.60 seconds.
2025-03-23 15:08:44 - INFO - >>> Model bottom_left-original-top_right trained. Accuracy: 0.9071 (14.60 sec.)
2025-03-23 15:08:44 - INFO - Training model: bottom_right-bottom_left-original
2025-03-23 15:08:58 - INFO - Model bottom_right-bottom_left-original completed in 14.45 seconds.
2025-03-23 15:08:58 - INFO - >>> Model bottom_right-bottom_left-original trained. Accuracy: 0.8976 (14.45 sec.)
2025-03-23 15:08:58 - INFO - Training model: bottom_left-tda-original
2025-03-23 15:09:24 - INFO - Model bottom_left-tda-original completed in 26.05 seconds.
2025-03-23 15:09:24 - INFO - >>> Model bottom_left-tda-original trained. Accuracy: 0.8887 (26.05 sec.)
2025-03-23 15:09:24 - INFO - Training model: top_left-original-top_right
2025-03-23 15:09:38 - INFO - Model top_left-original-top_right completed in 14.23 seconds.
2025-03-23 15:09:38 - INFO - >>> Model top_left-original-top_right trained. Accuracy: 0.9074 (14.23 sec.)
2025-03-23 15:09:38 - INFO - Training model: bottom_right-top_left-original
2025-03-23 15:09:53 - INFO - Model bottom_right-top_left-original completed in 14.37 seconds.
2025-03-23 15:09:53 - INFO - >>> Model bottom_right-top_left-original trained. Accuracy: 0.9049 (14.37 sec.)
2025-03-23 15:09:53 - INFO - Training model: top_left-tda-original
2025-03-23 15:10:18 - INFO - Model top_left-tda-original completed in 25.82 seconds.
2025-03-23 15:10:18 - INFO - >>> Model top_left-tda-original trained. Accuracy: 0.8930 (25.82 sec.)
2025-03-23 15:10:18 - INFO - Training model: bottom_right-original-top_right
2025-03-23 15:10:33 - INFO - Model bottom_right-original-top_right completed in 14.46 seconds.
2025-03-23 15:10:33 - INFO - >>> Model bottom_right-original-top_right trained. Accuracy: 0.9068 (14.46 sec.)
2025-03-23 15:10:33 - INFO - Training model: tda-original-top_right
2025-03-23 15:10:59 - INFO - Model tda-original-top_right completed in 26.03 seconds.
2025-03-23 15:10:59 - INFO - >>> Model tda-original-top_right trained. Accuracy: 0.8963 (26.03 sec.)
2025-03-23 15:10:59 - INFO - Training model: bottom_right-tda-original
2025-03-23 15:11:25 - INFO - Model bottom_right-tda-original completed in 26.11 seconds.
2025-03-23 15:11:25 - INFO - >>> Model bottom_right-tda-original trained. Accuracy: 0.8904 (26.11 sec.)
2025-03-23 15:11:25 - INFO - Training model: bottom_left-top_left-original-top_right
2025-03-23 15:11:43 - INFO - Model bottom_left-top_left-original-top_right completed in 17.96 seconds.
2025-03-23 15:11:43 - INFO - >>> Model bottom_left-top_left-original-top_right trained. Accuracy: 0.9182 (17.96 sec.)
2025-03-23 15:11:43 - INFO - Training model: bottom_right-bottom_left-top_left-original
2025-03-23 15:12:01 - INFO - Model bottom_right-bottom_left-top_left-original completed in 18.06 seconds.
2025-03-23 15:12:01 - INFO - >>> Model bottom_right-bottom_left-top_left-original trained. Accuracy: 0.9129 (18.06 sec.)
2025-03-23 15:12:01 - INFO - Training model: bottom_left-top_left-tda-original
2025-03-23 15:12:31 - INFO - Model bottom_left-top_left-tda-original completed in 29.54 seconds.
2025-03-23 15:12:31 - INFO - >>> Model bottom_left-top_left-tda-original trained. Accuracy: 0.9004 (29.54 sec.)
2025-03-23 15:12:31 - INFO - Training model: bottom_right-bottom_left-original-top_right
2025-03-23 15:12:49 - INFO - Model bottom_right-bottom_left-original-top_right completed in 18.38 seconds.
2025-03-23 15:12:49 - INFO - >>> Model bottom_right-bottom_left-original-top_right trained. Accuracy: 0.9135 (18.38 sec.)
2025-03-23 15:12:49 - INFO - Training model: bottom_left-tda-original-top_right
2025-03-23 15:13:19 - INFO - Model bottom_left-tda-original-top_right completed in 29.89 seconds.
2025-03-23 15:13:19 - INFO - >>> Model bottom_left-tda-original-top_right trained. Accuracy: 0.9049 (29.89 sec.)
2025-03-23 15:13:19 - INFO - Training model: bottom_right-bottom_left-tda-original
2025-03-23 15:13:49 - INFO - Model bottom_right-bottom_left-tda-original completed in 29.85 seconds.
2025-03-23 15:13:49 - INFO - >>> Model bottom_right-bottom_left-tda-original trained. Accuracy: 0.8954 (29.85 sec.)
2025-03-23 15:13:49 - INFO - Training model: bottom_right-top_left-original-top_right
2025-03-23 15:14:07 - INFO - Model bottom_right-top_left-original-top_right completed in 18.25 seconds.
2025-03-23 15:14:07 - INFO - >>> Model bottom_right-top_left-original-top_right trained. Accuracy: 0.9164 (18.25 sec.)
2025-03-23 15:14:07 - INFO - Training model: top_left-tda-original-top_right
2025-03-23 15:14:37 - INFO - Model top_left-tda-original-top_right completed in 29.66 seconds.
2025-03-23 15:14:37 - INFO - >>> Model top_left-tda-original-top_right trained. Accuracy: 0.9071 (29.66 sec.)
2025-03-23 15:14:37 - INFO - Training model: bottom_right-top_left-tda-original
2025-03-23 15:15:07 - INFO - Model bottom_right-top_left-tda-original completed in 29.92 seconds.
2025-03-23 15:15:07 - INFO - >>> Model bottom_right-top_left-tda-original trained. Accuracy: 0.9016 (29.92 sec.)
2025-03-23 15:15:07 - INFO - Training model: bottom_right-tda-original-top_right
2025-03-23 15:15:37 - INFO - Model bottom_right-tda-original-top_right completed in 29.97 seconds.
2025-03-23 15:15:37 - INFO - >>> Model bottom_right-tda-original-top_right trained. Accuracy: 0.9057 (29.97 sec.)
2025-03-23 15:15:37 - INFO - Training model: bottom_left-top_left-top_right-bottom_right-original
2025-03-23 15:15:58 - INFO - Model bottom_left-top_left-top_right-bottom_right-original completed in 21.79 seconds.
2025-03-23 15:15:58 - INFO - >>> Model bottom_left-top_left-top_right-bottom_right-original trained. Accuracy: 0.9254 (21.79 sec.)
2025-03-23 15:15:58 - INFO - Training model: bottom_left-top_left-top_right-tda-original
2025-03-23 15:16:31 - INFO - Model bottom_left-top_left-top_right-tda-original completed in 33.12 seconds.
2025-03-23 15:16:31 - INFO - >>> Model bottom_left-top_left-top_right-tda-original trained. Accuracy: 0.9138 (33.12 sec.)
2025-03-23 15:16:31 - INFO - Training model: bottom_left-top_left-bottom_right-tda-original
2025-03-23 15:17:04 - INFO - Model bottom_left-top_left-bottom_right-tda-original completed in 33.00 seconds.
2025-03-23 15:17:04 - INFO - >>> Model bottom_left-top_left-bottom_right-tda-original trained. Accuracy: 0.9103 (33.00 sec.)
2025-03-23 15:17:04 - INFO - Training model: bottom_left-top_right-bottom_right-tda-original
2025-03-23 15:17:38 - INFO - Model bottom_left-top_right-bottom_right-tda-original completed in 33.67 seconds.
2025-03-23 15:17:38 - INFO - >>> Model bottom_left-top_right-bottom_right-tda-original trained. Accuracy: 0.9112 (33.67 sec.)
2025-03-23 15:17:38 - INFO - Training model: top_left-top_right-bottom_right-tda-original
2025-03-23 15:18:12 - INFO - Model top_left-top_right-bottom_right-tda-original completed in 33.34 seconds.
2025-03-23 15:18:12 - INFO - >>> Model top_left-top_right-bottom_right-tda-original trained. Accuracy: 0.9159 (33.34 sec.)
2025-03-23 15:18:12 - INFO - Training model: bottom_left-top_left-top_right-bottom_right-tda-original
2025-03-23 15:18:49 - INFO - Model bottom_left-top_left-top_right-bottom_right-tda-original completed in 37.19 seconds.
2025-03-23 15:18:49 - INFO - >>> Model bottom_left-top_left-top_right-bottom_right-tda-original trained. Accuracy: 0.9220 (37.19 sec.)
2025-03-23 15:18:49 - INFO - All models trained successfully.
2025-03-23 15:18:49 - INFO - ========== [Model Training Completed] in 11.67 minutes ==========
2025-03-23 15:18:49 - INFO - ========== [Experiment Training Complete] ==========
2025-03-23 15:18:49 - INFO - Results saved to /home/jovyan/Workspace/workspace_mnist/results/exp_noise_icecream/experiment_trainsize_predictions_2025-03-23_15-18-49.json
2025-03-23 15:18:49 - INFO - Results successfully saved to /home/jovyan/Workspace/workspace_mnist/results/exp_noise_icecream/experiment_trainsize_predictions_2025-03-23_15-18-49.json
2025-03-23 15:18:49 - INFO - Garbage collection executed.
2025-03-23 15:18:49 - INFO - ========== [Experiment Completed] in 21.53 minutes ==========
