2025-03-22 14:05:39 - INFO - Logging initialized.
 Writing to /home/jovyan/Workspace/workspace_mnist/logs/exp_noise_icecream/experiment_logs_2025-03-22_14-05-39.log
2025-03-22 14:05:39 - INFO - ========== [Experiment Start] ==========
2025-03-22 14:05:39 - INFO - Views combinations succesfully generated.
2025-03-22 14:05:39 - INFO - Topological Data Analysis pipeline generated.
2025-03-22 14:05:39 - INFO - Generating folder to save results.
2025-03-22 14:05:39 - INFO - Reading dataset in chunks from mnist_784.csv (chunk size: 70000)
2025-03-22 14:05:40 - INFO - Starting multiview data preparation for a chunk of size (70000, 784)...
2025-03-22 14:05:40 - INFO - Running using 16 jobs.
2025-03-22 14:05:40 - INFO - Contaminating dataset with lines using 23.
2025-03-22 14:05:50 - INFO - Splitting data: 56.7% train / 20.0% test (random_state=508701318)
2025-03-22 14:05:50 - INFO - Data split complete. Train size: (31733, 784), Test size: (14000, 784)
2025-03-22 14:05:50 - INFO - Reshaping train and test data into square images...
2025-03-22 14:05:50 - INFO - Reshaping complete. Train images: (31733, 28, 28), Test images: (14000, 28, 28)
2025-03-22 14:05:50 - INFO - Splitting images into quadrant views...
2025-03-22 14:05:50 - INFO - Quadrant view splitting complete. Train views: 4, Test views: 4
2025-03-22 14:05:50 - INFO - >> Starting TDA pipeline transformation on train data...
2025-03-22 14:11:59 - INFO - >> TDA transformation for train data completed (6.15 minutes).
2025-03-22 14:11:59 - INFO - >> Applying TDA pipeline transformation on test data...
2025-03-22 14:14:37 - INFO - >> TDA transformation for test data completed (2.63 minutes).
2025-03-22 14:14:37 - INFO - ========== [Model Training Start] ==========
2025-03-22 14:14:37 - INFO - Training model: original
2025-03-22 14:14:39 - INFO - Model original completed in 1.17 seconds.
2025-03-22 14:14:39 - INFO - >>> Model original trained. Accuracy: 0.8783 (1.17 sec.)
2025-03-22 14:14:39 - INFO - Training model: bottom_left-original
2025-03-22 14:14:48 - INFO - Model bottom_left-original completed in 9.17 seconds.
2025-03-22 14:14:48 - INFO - >>> Model bottom_left-original trained. Accuracy: 0.8897 (9.17 sec.)
2025-03-22 14:14:48 - INFO - Training model: top_left-original
2025-03-22 14:14:57 - INFO - Model top_left-original completed in 9.27 seconds.
2025-03-22 14:14:57 - INFO - >>> Model top_left-original trained. Accuracy: 0.8956 (9.27 sec.)
2025-03-22 14:14:57 - INFO - Training model: original-top_right
2025-03-22 14:15:06 - INFO - Model original-top_right completed in 9.43 seconds.
2025-03-22 14:15:06 - INFO - >>> Model original-top_right trained. Accuracy: 0.8951 (9.43 sec.)
2025-03-22 14:15:06 - INFO - Training model: bottom_right-original
2025-03-22 14:15:16 - INFO - Model bottom_right-original completed in 9.32 seconds.
2025-03-22 14:15:16 - INFO - >>> Model bottom_right-original trained. Accuracy: 0.8888 (9.32 sec.)
2025-03-22 14:15:16 - INFO - Training model: tda-original
2025-03-22 14:15:35 - INFO - Model tda-original completed in 19.66 seconds.
2025-03-22 14:15:35 - INFO - >>> Model tda-original trained. Accuracy: 0.8806 (19.66 sec.)
2025-03-22 14:15:35 - INFO - Training model: bottom_left-top_left-original
2025-03-22 14:15:48 - INFO - Model bottom_left-top_left-original completed in 12.49 seconds.
2025-03-22 14:15:48 - INFO - >>> Model bottom_left-top_left-original trained. Accuracy: 0.8996 (12.49 sec.)
2025-03-22 14:15:48 - INFO - Training model: bottom_left-original-top_right
2025-03-22 14:16:01 - INFO - Model bottom_left-original-top_right completed in 12.89 seconds.
2025-03-22 14:16:01 - INFO - >>> Model bottom_left-original-top_right trained. Accuracy: 0.9026 (12.89 sec.)
2025-03-22 14:16:01 - INFO - Training model: bottom_right-bottom_left-original
2025-03-22 14:16:14 - INFO - Model bottom_right-bottom_left-original completed in 12.86 seconds.
2025-03-22 14:16:14 - INFO - >>> Model bottom_right-bottom_left-original trained. Accuracy: 0.8951 (12.86 sec.)
2025-03-22 14:16:14 - INFO - Training model: bottom_left-tda-original
2025-03-22 14:16:36 - INFO - Model bottom_left-tda-original completed in 22.67 seconds.
2025-03-22 14:16:36 - INFO - >>> Model bottom_left-tda-original trained. Accuracy: 0.8864 (22.67 sec.)
2025-03-22 14:16:36 - INFO - Training model: top_left-original-top_right
2025-03-22 14:16:49 - INFO - Model top_left-original-top_right completed in 12.51 seconds.
2025-03-22 14:16:49 - INFO - >>> Model top_left-original-top_right trained. Accuracy: 0.9022 (12.51 sec.)
2025-03-22 14:16:49 - INFO - Training model: bottom_right-top_left-original
2025-03-22 14:17:02 - INFO - Model bottom_right-top_left-original completed in 12.65 seconds.
2025-03-22 14:17:02 - INFO - >>> Model bottom_right-top_left-original trained. Accuracy: 0.8996 (12.65 sec.)
2025-03-22 14:17:02 - INFO - Training model: top_left-tda-original
2025-03-22 14:17:24 - INFO - Model top_left-tda-original completed in 22.50 seconds.
2025-03-22 14:17:24 - INFO - >>> Model top_left-tda-original trained. Accuracy: 0.8906 (22.50 sec.)
2025-03-22 14:17:24 - INFO - Training model: bottom_right-original-top_right
2025-03-22 14:17:37 - INFO - Model bottom_right-original-top_right completed in 12.66 seconds.
2025-03-22 14:17:37 - INFO - >>> Model bottom_right-original-top_right trained. Accuracy: 0.9025 (12.66 sec.)
2025-03-22 14:17:37 - INFO - Training model: tda-original-top_right
2025-03-22 14:17:59 - INFO - Model tda-original-top_right completed in 22.72 seconds.
2025-03-22 14:17:59 - INFO - >>> Model tda-original-top_right trained. Accuracy: 0.8917 (22.72 sec.)
2025-03-22 14:17:59 - INFO - Training model: bottom_right-tda-original
2025-03-22 14:18:22 - INFO - Model bottom_right-tda-original completed in 23.00 seconds.
2025-03-22 14:18:22 - INFO - >>> Model bottom_right-tda-original trained. Accuracy: 0.8867 (23.00 sec.)
2025-03-22 14:18:22 - INFO - Training model: bottom_left-top_left-original-top_right
2025-03-22 14:18:38 - INFO - Model bottom_left-top_left-original-top_right completed in 15.92 seconds.
2025-03-22 14:18:38 - INFO - >>> Model bottom_left-top_left-original-top_right trained. Accuracy: 0.9138 (15.92 sec.)
2025-03-22 14:18:38 - INFO - Training model: bottom_right-bottom_left-top_left-original
2025-03-22 14:18:54 - INFO - Model bottom_right-bottom_left-top_left-original completed in 15.76 seconds.
2025-03-22 14:18:54 - INFO - >>> Model bottom_right-bottom_left-top_left-original trained. Accuracy: 0.9069 (15.76 sec.)
2025-03-22 14:18:54 - INFO - Training model: bottom_left-top_left-tda-original
2025-03-22 14:19:20 - INFO - Model bottom_left-top_left-tda-original completed in 25.76 seconds.
2025-03-22 14:19:20 - INFO - >>> Model bottom_left-top_left-tda-original trained. Accuracy: 0.8979 (25.76 sec.)
2025-03-22 14:19:20 - INFO - Training model: bottom_right-bottom_left-original-top_right
2025-03-22 14:19:36 - INFO - Model bottom_right-bottom_left-original-top_right completed in 16.05 seconds.
2025-03-22 14:19:36 - INFO - >>> Model bottom_right-bottom_left-original-top_right trained. Accuracy: 0.9085 (16.05 sec.)
2025-03-22 14:19:36 - INFO - Training model: bottom_left-tda-original-top_right
2025-03-22 14:20:02 - INFO - Model bottom_left-tda-original-top_right completed in 26.06 seconds.
2025-03-22 14:20:02 - INFO - >>> Model bottom_left-tda-original-top_right trained. Accuracy: 0.8990 (26.06 sec.)
2025-03-22 14:20:02 - INFO - Training model: bottom_right-bottom_left-tda-original
2025-03-22 14:20:28 - INFO - Model bottom_right-bottom_left-tda-original completed in 26.13 seconds.
2025-03-22 14:20:28 - INFO - >>> Model bottom_right-bottom_left-tda-original trained. Accuracy: 0.8930 (26.13 sec.)
2025-03-22 14:20:28 - INFO - Training model: bottom_right-top_left-original-top_right
2025-03-22 14:20:44 - INFO - Model bottom_right-top_left-original-top_right completed in 15.94 seconds.
2025-03-22 14:20:44 - INFO - >>> Model bottom_right-top_left-original-top_right trained. Accuracy: 0.9118 (15.94 sec.)
2025-03-22 14:20:44 - INFO - Training model: top_left-tda-original-top_right
2025-03-22 14:21:10 - INFO - Model top_left-tda-original-top_right completed in 25.97 seconds.
2025-03-22 14:21:10 - INFO - >>> Model top_left-tda-original-top_right trained. Accuracy: 0.9016 (25.97 sec.)
2025-03-22 14:21:10 - INFO - Training model: bottom_right-top_left-tda-original
2025-03-22 14:21:36 - INFO - Model bottom_right-top_left-tda-original completed in 25.94 seconds.
2025-03-22 14:21:36 - INFO - >>> Model bottom_right-top_left-tda-original trained. Accuracy: 0.8979 (25.94 sec.)
2025-03-22 14:21:36 - INFO - Training model: bottom_right-tda-original-top_right
2025-03-22 14:22:02 - INFO - Model bottom_right-tda-original-top_right completed in 26.05 seconds.
2025-03-22 14:22:02 - INFO - >>> Model bottom_right-tda-original-top_right trained. Accuracy: 0.9005 (26.05 sec.)
2025-03-22 14:22:02 - INFO - Training model: bottom_left-top_left-top_right-bottom_right-original
2025-03-22 14:22:21 - INFO - Model bottom_left-top_left-top_right-bottom_right-original completed in 19.33 seconds.
2025-03-22 14:22:21 - INFO - >>> Model bottom_left-top_left-top_right-bottom_right-original trained. Accuracy: 0.9208 (19.33 sec.)
2025-03-22 14:22:21 - INFO - Training model: bottom_left-top_left-top_right-tda-original
2025-03-22 14:22:50 - INFO - Model bottom_left-top_left-top_right-tda-original completed in 29.03 seconds.
2025-03-22 14:22:50 - INFO - >>> Model bottom_left-top_left-top_right-tda-original trained. Accuracy: 0.9129 (29.03 sec.)
2025-03-22 14:22:50 - INFO - Training model: bottom_left-top_left-bottom_right-tda-original
2025-03-22 14:23:19 - INFO - Model bottom_left-top_left-bottom_right-tda-original completed in 29.02 seconds.
2025-03-22 14:23:19 - INFO - >>> Model bottom_left-top_left-bottom_right-tda-original trained. Accuracy: 0.9045 (29.02 sec.)
2025-03-22 14:23:19 - INFO - Training model: bottom_left-top_right-bottom_right-tda-original
2025-03-22 14:23:49 - INFO - Model bottom_left-top_right-bottom_right-tda-original completed in 29.39 seconds.
2025-03-22 14:23:49 - INFO - >>> Model bottom_left-top_right-bottom_right-tda-original trained. Accuracy: 0.9056 (29.39 sec.)
2025-03-22 14:23:49 - INFO - Training model: top_left-top_right-bottom_right-tda-original
2025-03-22 14:24:18 - INFO - Model top_left-top_right-bottom_right-tda-original completed in 29.36 seconds.
2025-03-22 14:24:18 - INFO - >>> Model top_left-top_right-bottom_right-tda-original trained. Accuracy: 0.9119 (29.36 sec.)
2025-03-22 14:24:18 - INFO - Training model: bottom_left-top_left-top_right-bottom_right-tda-original
2025-03-22 14:24:51 - INFO - Model bottom_left-top_left-top_right-bottom_right-tda-original completed in 32.84 seconds.
2025-03-22 14:24:51 - INFO - >>> Model bottom_left-top_left-top_right-bottom_right-tda-original trained. Accuracy: 0.9185 (32.84 sec.)
2025-03-22 14:24:51 - INFO - All models trained successfully.
2025-03-22 14:24:51 - INFO - ========== [Model Training Completed] in 10.23 minutes ==========
2025-03-22 14:24:51 - INFO - ========== [Experiment Training Complete] ==========
2025-03-22 14:24:51 - INFO - Results saved to /home/jovyan/Workspace/workspace_mnist/results/exp_noise_icecream/experiment_trainsize_predictions_2025-03-22_14-24-51.json
2025-03-22 14:24:51 - INFO - Results successfully saved to /home/jovyan/Workspace/workspace_mnist/results/exp_noise_icecream/experiment_trainsize_predictions_2025-03-22_14-24-51.json
2025-03-22 14:24:51 - INFO - Garbage collection executed.
2025-03-22 14:24:51 - INFO - ========== [Experiment Completed] in 19.20 minutes ==========
