2025-04-05 18:52:58 - INFO - Logging initialized.
 Writing to /home/jovyan/Workspace/workspace_mnist/logs/exp_noise_icecream/experiment_logs_2025-04-05_18-52-58.log
2025-04-05 18:52:58 - INFO - ========== [Experiment Start] ==========
2025-04-05 18:52:58 - INFO - Views combinations succesfully generated.
2025-04-05 18:52:58 - INFO - Topological Data Analysis pipeline generated.
2025-04-05 18:52:58 - INFO - Generating folder to save results.
2025-04-05 18:52:58 - INFO - Reading dataset in chunks from mnist_784.csv (chunk size: 70000)
2025-04-05 18:52:59 - INFO - Starting multiview data preparation for a chunk of size (70000, 784)...
2025-04-05 18:52:59 - INFO - Running using 22 jobs.
2025-04-05 18:52:59 - INFO - Contaminating dataset with circles using 2.
2025-04-05 18:52:59 - INFO - Splitting data: 33.3% train / 20.0% test (random_state=12444143)
2025-04-05 18:52:59 - INFO - Data split complete. Train size: (18666, 784), Test size: (14000, 784)
2025-04-05 18:52:59 - INFO - Reshaping train and test data into square images...
2025-04-05 18:52:59 - INFO - Reshaping complete. Train images: (18666, 28, 28), Test images: (14000, 28, 28)
2025-04-05 18:52:59 - INFO - Splitting images into quadrant views...
2025-04-05 18:52:59 - INFO - Quadrant view splitting complete. Train views: 4, Test views: 4
2025-04-05 18:52:59 - INFO - >> Starting TDA pipeline transformation on train data...
2025-04-05 18:55:47 - INFO - >> TDA transformation for train data completed (2.80 minutes).
2025-04-05 18:55:47 - INFO - >> Applying TDA pipeline transformation on test data...
2025-04-05 18:57:53 - INFO - >> TDA transformation for test data completed (2.11 minutes).
2025-04-05 18:57:53 - INFO - ========== [Model Training Start] ==========
2025-04-05 18:57:53 - INFO - Training model: original
2025-04-05 18:57:54 - INFO - Model original completed in 0.42 seconds.
2025-04-05 18:57:54 - INFO - >>> Model original trained. Accuracy: 0.9578 (0.42 sec.)
2025-04-05 18:57:54 - INFO - Training model: original-bottom_left
2025-04-05 18:57:58 - INFO - Model original-bottom_left completed in 4.55 seconds.
2025-04-05 18:57:58 - INFO - >>> Model original-bottom_left trained. Accuracy: 0.9594 (4.55 sec.)
2025-04-05 18:57:58 - INFO - Training model: original-tda
2025-04-05 18:58:03 - INFO - Model original-tda completed in 5.20 seconds.
2025-04-05 18:58:03 - INFO - >>> Model original-tda trained. Accuracy: 0.9778 (5.20 sec.)
2025-04-05 18:58:03 - INFO - Training model: original-bottom_right
2025-04-05 18:58:08 - INFO - Model original-bottom_right completed in 4.59 seconds.
2025-04-05 18:58:08 - INFO - >>> Model original-bottom_right trained. Accuracy: 0.9614 (4.59 sec.)
2025-04-05 18:58:08 - INFO - Training model: top_right-original
2025-04-05 18:58:12 - INFO - Model top_right-original completed in 4.33 seconds.
2025-04-05 18:58:12 - INFO - >>> Model top_right-original trained. Accuracy: 0.9611 (4.33 sec.)
2025-04-05 18:58:12 - INFO - Training model: original-top_left
2025-04-05 18:58:17 - INFO - Model original-top_left completed in 4.57 seconds.
2025-04-05 18:58:17 - INFO - >>> Model original-top_left trained. Accuracy: 0.9604 (4.57 sec.)
2025-04-05 18:58:17 - INFO - Training model: original-tda-bottom_left
2025-04-05 18:58:24 - INFO - Model original-tda-bottom_left completed in 7.06 seconds.
2025-04-05 18:58:24 - INFO - >>> Model original-tda-bottom_left trained. Accuracy: 0.9767 (7.06 sec.)
2025-04-05 18:58:24 - INFO - Training model: original-bottom_left-bottom_right
2025-04-05 18:58:30 - INFO - Model original-bottom_left-bottom_right completed in 6.24 seconds.
2025-04-05 18:58:30 - INFO - >>> Model original-bottom_left-bottom_right trained. Accuracy: 0.9609 (6.24 sec.)
2025-04-05 18:58:30 - INFO - Training model: top_right-original-bottom_left
2025-04-05 18:58:36 - INFO - Model top_right-original-bottom_left completed in 6.10 seconds.
2025-04-05 18:58:36 - INFO - >>> Model top_right-original-bottom_left trained. Accuracy: 0.9626 (6.10 sec.)
2025-04-05 18:58:36 - INFO - Training model: original-top_left-bottom_left
2025-04-05 18:58:43 - INFO - Model original-top_left-bottom_left completed in 6.36 seconds.
2025-04-05 18:58:43 - INFO - >>> Model original-top_left-bottom_left trained. Accuracy: 0.9605 (6.36 sec.)
2025-04-05 18:58:43 - INFO - Training model: original-tda-bottom_right
2025-04-05 18:58:50 - INFO - Model original-tda-bottom_right completed in 7.16 seconds.
2025-04-05 18:58:50 - INFO - >>> Model original-tda-bottom_right trained. Accuracy: 0.9792 (7.16 sec.)
2025-04-05 18:58:50 - INFO - Training model: top_right-original-tda
2025-04-05 18:58:57 - INFO - Model top_right-original-tda completed in 7.00 seconds.
2025-04-05 18:58:57 - INFO - >>> Model top_right-original-tda trained. Accuracy: 0.9789 (7.00 sec.)
2025-04-05 18:58:57 - INFO - Training model: original-tda-top_left
2025-04-05 18:59:04 - INFO - Model original-tda-top_left completed in 6.78 seconds.
2025-04-05 18:59:04 - INFO - >>> Model original-tda-top_left trained. Accuracy: 0.9774 (6.78 sec.)
2025-04-05 18:59:04 - INFO - Training model: top_right-original-bottom_right
2025-04-05 18:59:10 - INFO - Model top_right-original-bottom_right completed in 6.36 seconds.
2025-04-05 18:59:10 - INFO - >>> Model top_right-original-bottom_right trained. Accuracy: 0.9648 (6.36 sec.)
2025-04-05 18:59:10 - INFO - Training model: original-top_left-bottom_right
2025-04-05 18:59:16 - INFO - Model original-top_left-bottom_right completed in 6.42 seconds.
2025-04-05 18:59:16 - INFO - >>> Model original-top_left-bottom_right trained. Accuracy: 0.9629 (6.42 sec.)
2025-04-05 18:59:16 - INFO - Training model: top_right-original-top_left
2025-04-05 18:59:23 - INFO - Model top_right-original-top_left completed in 6.27 seconds.
2025-04-05 18:59:23 - INFO - >>> Model top_right-original-top_left trained. Accuracy: 0.9637 (6.27 sec.)
2025-04-05 18:59:23 - INFO - Training model: original-tda-bottom_left-bottom_right
2025-04-05 18:59:32 - INFO - Model original-tda-bottom_left-bottom_right completed in 8.88 seconds.
2025-04-05 18:59:32 - INFO - >>> Model original-tda-bottom_left-bottom_right trained. Accuracy: 0.9786 (8.88 sec.)
2025-04-05 18:59:32 - INFO - Training model: top_right-original-tda-bottom_left
2025-04-05 18:59:41 - INFO - Model top_right-original-tda-bottom_left completed in 9.01 seconds.
2025-04-05 18:59:41 - INFO - >>> Model top_right-original-tda-bottom_left trained. Accuracy: 0.9782 (9.01 sec.)
2025-04-05 18:59:41 - INFO - Training model: original-tda-top_left-bottom_left
2025-04-05 18:59:49 - INFO - Model original-tda-top_left-bottom_left completed in 8.71 seconds.
2025-04-05 18:59:49 - INFO - >>> Model original-tda-top_left-bottom_left trained. Accuracy: 0.9767 (8.71 sec.)
2025-04-05 18:59:49 - INFO - Training model: top_right-original-bottom_left-bottom_right
2025-04-05 18:59:57 - INFO - Model top_right-original-bottom_left-bottom_right completed in 7.95 seconds.
2025-04-05 18:59:57 - INFO - >>> Model top_right-original-bottom_left-bottom_right trained. Accuracy: 0.9659 (7.95 sec.)
2025-04-05 18:59:57 - INFO - Training model: original-top_left-bottom_left-bottom_right
2025-04-05 19:00:05 - INFO - Model original-top_left-bottom_left-bottom_right completed in 7.54 seconds.
2025-04-05 19:00:05 - INFO - >>> Model original-top_left-bottom_left-bottom_right trained. Accuracy: 0.9629 (7.54 sec.)
2025-04-05 19:00:05 - INFO - Training model: top_right-original-top_left-bottom_left
2025-04-05 19:00:13 - INFO - Model top_right-original-top_left-bottom_left completed in 7.78 seconds.
2025-04-05 19:00:13 - INFO - >>> Model top_right-original-top_left-bottom_left trained. Accuracy: 0.9646 (7.78 sec.)
2025-04-05 19:00:13 - INFO - Training model: top_right-original-tda-bottom_right
2025-04-05 19:00:21 - INFO - Model top_right-original-tda-bottom_right completed in 8.64 seconds.
2025-04-05 19:00:21 - INFO - >>> Model top_right-original-tda-bottom_right trained. Accuracy: 0.9798 (8.64 sec.)
2025-04-05 19:00:21 - INFO - Training model: original-tda-top_left-bottom_right
2025-04-05 19:00:30 - INFO - Model original-tda-top_left-bottom_right completed in 8.91 seconds.
2025-04-05 19:00:30 - INFO - >>> Model original-tda-top_left-bottom_right trained. Accuracy: 0.9801 (8.91 sec.)
2025-04-05 19:00:30 - INFO - Training model: top_right-original-tda-top_left
2025-04-05 19:00:39 - INFO - Model top_right-original-tda-top_left completed in 8.83 seconds.
2025-04-05 19:00:39 - INFO - >>> Model top_right-original-tda-top_left trained. Accuracy: 0.9781 (8.83 sec.)
2025-04-05 19:00:39 - INFO - Training model: top_right-original-top_left-bottom_right
2025-04-05 19:00:47 - INFO - Model top_right-original-top_left-bottom_right completed in 8.38 seconds.
2025-04-05 19:00:47 - INFO - >>> Model top_right-original-top_left-bottom_right trained. Accuracy: 0.9662 (8.38 sec.)
2025-04-05 19:00:47 - INFO - Training model: bottom_left-tda-bottom_right-top_right-original
2025-04-05 19:00:58 - INFO - Model bottom_left-tda-bottom_right-top_right-original completed in 10.60 seconds.
2025-04-05 19:00:58 - INFO - >>> Model bottom_left-tda-bottom_right-top_right-original trained. Accuracy: 0.9787 (10.60 sec.)
2025-04-05 19:00:58 - INFO - Training model: bottom_left-tda-bottom_right-top_left-original
2025-04-05 19:01:08 - INFO - Model bottom_left-tda-bottom_right-top_left-original completed in 10.51 seconds.
2025-04-05 19:01:08 - INFO - >>> Model bottom_left-tda-bottom_right-top_left-original trained. Accuracy: 0.9794 (10.51 sec.)
2025-04-05 19:01:08 - INFO - Training model: bottom_left-tda-top_right-top_left-original
2025-04-05 19:01:19 - INFO - Model bottom_left-tda-top_right-top_left-original completed in 10.76 seconds.
2025-04-05 19:01:19 - INFO - >>> Model bottom_left-tda-top_right-top_left-original trained. Accuracy: 0.9782 (10.76 sec.)
2025-04-05 19:01:19 - INFO - Training model: bottom_left-bottom_right-top_right-top_left-original
2025-04-05 19:01:30 - INFO - Model bottom_left-bottom_right-top_right-top_left-original completed in 10.51 seconds.
2025-04-05 19:01:30 - INFO - >>> Model bottom_left-bottom_right-top_right-top_left-original trained. Accuracy: 0.9676 (10.51 sec.)
2025-04-05 19:01:30 - INFO - Training model: tda-bottom_right-top_right-top_left-original
2025-04-05 19:01:41 - INFO - Model tda-bottom_right-top_right-top_left-original completed in 10.78 seconds.
2025-04-05 19:01:41 - INFO - >>> Model tda-bottom_right-top_right-top_left-original trained. Accuracy: 0.9796 (10.78 sec.)
2025-04-05 19:01:41 - INFO - Training model: bottom_left-tda-bottom_right-top_right-top_left-original
2025-04-05 19:01:54 - INFO - Model bottom_left-tda-bottom_right-top_right-top_left-original completed in 12.98 seconds.
2025-04-05 19:01:54 - INFO - >>> Model bottom_left-tda-bottom_right-top_right-top_left-original trained. Accuracy: 0.9795 (12.98 sec.)
2025-04-05 19:01:54 - INFO - All models trained successfully.
2025-04-05 19:01:54 - INFO - ========== [Model Training Completed] in 4.01 minutes ==========
2025-04-05 19:01:54 - INFO - ========== [Experiment Training Complete] ==========
2025-04-05 19:01:54 - INFO - Results saved to /home/jovyan/Workspace/workspace_mnist/results/exp_noise_icecream/experiment_trainsize_predictions_2025-04-05_19-01-54.json
2025-04-05 19:01:54 - INFO - Results successfully saved to /home/jovyan/Workspace/workspace_mnist/results/exp_noise_icecream/experiment_trainsize_predictions_2025-04-05_19-01-54.json
2025-04-05 19:01:54 - INFO - Garbage collection executed.
2025-04-05 19:01:54 - INFO - ========== [Experiment Completed] in 8.93 minutes ==========
