2025-04-06 16:35:08 - INFO - Logging initialized.
 Writing to /home/jovyan/Workspace/workspace_mnist/logs/exp_noise_icecream/experiment_logs_2025-04-06_16-35-08.log
2025-04-06 16:35:08 - INFO - ========== [Experiment Start] ==========
2025-04-06 16:35:08 - INFO - Views combinations succesfully generated.
2025-04-06 16:35:08 - INFO - Topological Data Analysis pipeline generated.
2025-04-06 16:35:08 - INFO - Generating folder to save results.
2025-04-06 16:35:08 - INFO - Reading dataset in chunks from mnist_784.csv (chunk size: 70000)
2025-04-06 16:35:08 - INFO - Starting multiview data preparation for a chunk of size (70000, 784)...
2025-04-06 16:35:08 - INFO - Running using 22 jobs.
2025-04-06 16:35:08 - INFO - Contaminating dataset with circles using 2.
2025-04-06 16:35:08 - INFO - Splitting data: 33.3% train / 20.0% test (random_state=402417678)
2025-04-06 16:35:09 - INFO - Data split complete. Train size: (18666, 784), Test size: (14000, 784)
2025-04-06 16:35:09 - INFO - Reshaping train and test data into square images...
2025-04-06 16:35:09 - INFO - Reshaping complete. Train images: (18666, 28, 28), Test images: (14000, 28, 28)
2025-04-06 16:35:09 - INFO - Splitting images into quadrant views...
2025-04-06 16:35:09 - INFO - Quadrant view splitting complete. Train views: 4, Test views: 4
2025-04-06 16:35:09 - INFO - >> Starting TDA pipeline transformation on train data...
2025-04-06 16:37:54 - INFO - >> TDA transformation for train data completed (2.75 minutes).
2025-04-06 16:37:54 - INFO - >> Applying TDA pipeline transformation on test data...
2025-04-06 16:39:58 - INFO - >> TDA transformation for test data completed (2.08 minutes).
2025-04-06 16:39:58 - INFO - ========== [Model Training Start] ==========
2025-04-06 16:39:58 - INFO - Training model: original
2025-04-06 16:39:59 - INFO - Model original completed in 0.42 seconds.
2025-04-06 16:39:59 - INFO - >>> Model original trained. Accuracy: 0.9570 (0.42 sec.)
2025-04-06 16:39:59 - INFO - Training model: original-bottom_left
2025-04-06 16:40:03 - INFO - Model original-bottom_left completed in 4.58 seconds.
2025-04-06 16:40:03 - INFO - >>> Model original-bottom_left trained. Accuracy: 0.9595 (4.58 sec.)
2025-04-06 16:40:03 - INFO - Training model: original-tda
2025-04-06 16:40:09 - INFO - Model original-tda completed in 5.34 seconds.
2025-04-06 16:40:09 - INFO - >>> Model original-tda trained. Accuracy: 0.9769 (5.34 sec.)
2025-04-06 16:40:09 - INFO - Training model: original-bottom_right
2025-04-06 16:40:13 - INFO - Model original-bottom_right completed in 4.37 seconds.
2025-04-06 16:40:13 - INFO - >>> Model original-bottom_right trained. Accuracy: 0.9595 (4.37 sec.)
2025-04-06 16:40:13 - INFO - Training model: top_right-original
2025-04-06 16:40:17 - INFO - Model top_right-original completed in 4.25 seconds.
2025-04-06 16:40:17 - INFO - >>> Model top_right-original trained. Accuracy: 0.9599 (4.25 sec.)
2025-04-06 16:40:17 - INFO - Training model: original-top_left
2025-04-06 16:40:22 - INFO - Model original-top_left completed in 4.39 seconds.
2025-04-06 16:40:22 - INFO - >>> Model original-top_left trained. Accuracy: 0.9607 (4.39 sec.)
2025-04-06 16:40:22 - INFO - Training model: original-tda-bottom_left
2025-04-06 16:40:29 - INFO - Model original-tda-bottom_left completed in 6.95 seconds.
2025-04-06 16:40:29 - INFO - >>> Model original-tda-bottom_left trained. Accuracy: 0.9764 (6.95 sec.)
2025-04-06 16:40:29 - INFO - Training model: original-bottom_left-bottom_right
2025-04-06 16:40:35 - INFO - Model original-bottom_left-bottom_right completed in 6.44 seconds.
2025-04-06 16:40:35 - INFO - >>> Model original-bottom_left-bottom_right trained. Accuracy: 0.9625 (6.44 sec.)
2025-04-06 16:40:35 - INFO - Training model: top_right-original-bottom_left
2025-04-06 16:40:41 - INFO - Model top_right-original-bottom_left completed in 6.43 seconds.
2025-04-06 16:40:41 - INFO - >>> Model top_right-original-bottom_left trained. Accuracy: 0.9623 (6.43 sec.)
2025-04-06 16:40:41 - INFO - Training model: original-top_left-bottom_left
2025-04-06 16:40:48 - INFO - Model original-top_left-bottom_left completed in 6.31 seconds.
2025-04-06 16:40:48 - INFO - >>> Model original-top_left-bottom_left trained. Accuracy: 0.9626 (6.31 sec.)
2025-04-06 16:40:48 - INFO - Training model: original-tda-bottom_right
2025-04-06 16:40:55 - INFO - Model original-tda-bottom_right completed in 7.04 seconds.
2025-04-06 16:40:55 - INFO - >>> Model original-tda-bottom_right trained. Accuracy: 0.9782 (7.04 sec.)
2025-04-06 16:40:55 - INFO - Training model: top_right-original-tda
2025-04-06 16:41:01 - INFO - Model top_right-original-tda completed in 6.73 seconds.
2025-04-06 16:41:02 - INFO - >>> Model top_right-original-tda trained. Accuracy: 0.9779 (6.73 sec.)
2025-04-06 16:41:02 - INFO - Training model: original-tda-top_left
2025-04-06 16:41:08 - INFO - Model original-tda-top_left completed in 6.89 seconds.
2025-04-06 16:41:08 - INFO - >>> Model original-tda-top_left trained. Accuracy: 0.9769 (6.89 sec.)
2025-04-06 16:41:08 - INFO - Training model: top_right-original-bottom_right
2025-04-06 16:41:15 - INFO - Model top_right-original-bottom_right completed in 6.32 seconds.
2025-04-06 16:41:15 - INFO - >>> Model top_right-original-bottom_right trained. Accuracy: 0.9624 (6.32 sec.)
2025-04-06 16:41:15 - INFO - Training model: original-top_left-bottom_right
2025-04-06 16:41:21 - INFO - Model original-top_left-bottom_right completed in 6.56 seconds.
2025-04-06 16:41:21 - INFO - >>> Model original-top_left-bottom_right trained. Accuracy: 0.9632 (6.56 sec.)
2025-04-06 16:41:21 - INFO - Training model: top_right-original-top_left
2025-04-06 16:41:28 - INFO - Model top_right-original-top_left completed in 6.22 seconds.
2025-04-06 16:41:28 - INFO - >>> Model top_right-original-top_left trained. Accuracy: 0.9630 (6.22 sec.)
2025-04-06 16:41:28 - INFO - Training model: original-tda-bottom_left-bottom_right
2025-04-06 16:41:37 - INFO - Model original-tda-bottom_left-bottom_right completed in 9.01 seconds.
2025-04-06 16:41:37 - INFO - >>> Model original-tda-bottom_left-bottom_right trained. Accuracy: 0.9771 (9.01 sec.)
2025-04-06 16:41:37 - INFO - Training model: top_right-original-tda-bottom_left
2025-04-06 16:41:45 - INFO - Model top_right-original-tda-bottom_left completed in 8.52 seconds.
2025-04-06 16:41:45 - INFO - >>> Model top_right-original-tda-bottom_left trained. Accuracy: 0.9781 (8.52 sec.)
2025-04-06 16:41:45 - INFO - Training model: original-tda-top_left-bottom_left
2025-04-06 16:41:54 - INFO - Model original-tda-top_left-bottom_left completed in 8.97 seconds.
2025-04-06 16:41:54 - INFO - >>> Model original-tda-top_left-bottom_left trained. Accuracy: 0.9766 (8.97 sec.)
2025-04-06 16:41:54 - INFO - Training model: top_right-original-bottom_left-bottom_right
2025-04-06 16:42:02 - INFO - Model top_right-original-bottom_left-bottom_right completed in 8.16 seconds.
2025-04-06 16:42:02 - INFO - >>> Model top_right-original-bottom_left-bottom_right trained. Accuracy: 0.9646 (8.16 sec.)
2025-04-06 16:42:02 - INFO - Training model: original-top_left-bottom_left-bottom_right
2025-04-06 16:42:11 - INFO - Model original-top_left-bottom_left-bottom_right completed in 8.45 seconds.
2025-04-06 16:42:11 - INFO - >>> Model original-top_left-bottom_left-bottom_right trained. Accuracy: 0.9645 (8.45 sec.)
2025-04-06 16:42:11 - INFO - Training model: top_right-original-top_left-bottom_left
2025-04-06 16:42:19 - INFO - Model top_right-original-top_left-bottom_left completed in 8.18 seconds.
2025-04-06 16:42:19 - INFO - >>> Model top_right-original-top_left-bottom_left trained. Accuracy: 0.9662 (8.18 sec.)
2025-04-06 16:42:19 - INFO - Training model: top_right-original-tda-bottom_right
2025-04-06 16:42:28 - INFO - Model top_right-original-tda-bottom_right completed in 8.74 seconds.
2025-04-06 16:42:28 - INFO - >>> Model top_right-original-tda-bottom_right trained. Accuracy: 0.9786 (8.74 sec.)
2025-04-06 16:42:28 - INFO - Training model: original-tda-top_left-bottom_right
2025-04-06 16:42:37 - INFO - Model original-tda-top_left-bottom_right completed in 9.03 seconds.
2025-04-06 16:42:37 - INFO - >>> Model original-tda-top_left-bottom_right trained. Accuracy: 0.9780 (9.03 sec.)
2025-04-06 16:42:37 - INFO - Training model: top_right-original-tda-top_left
2025-04-06 16:42:45 - INFO - Model top_right-original-tda-top_left completed in 8.62 seconds.
2025-04-06 16:42:45 - INFO - >>> Model top_right-original-tda-top_left trained. Accuracy: 0.9769 (8.62 sec.)
2025-04-06 16:42:45 - INFO - Training model: top_right-original-top_left-bottom_right
2025-04-06 16:42:54 - INFO - Model top_right-original-top_left-bottom_right completed in 8.30 seconds.
2025-04-06 16:42:54 - INFO - >>> Model top_right-original-top_left-bottom_right trained. Accuracy: 0.9659 (8.30 sec.)
2025-04-06 16:42:54 - INFO - Training model: bottom_left-tda-bottom_right-top_right-original
2025-04-06 16:43:04 - INFO - Model bottom_left-tda-bottom_right-top_right-original completed in 10.50 seconds.
2025-04-06 16:43:04 - INFO - >>> Model bottom_left-tda-bottom_right-top_right-original trained. Accuracy: 0.9789 (10.50 sec.)
2025-04-06 16:43:04 - INFO - Training model: bottom_left-tda-bottom_right-top_left-original
2025-04-06 16:43:15 - INFO - Model bottom_left-tda-bottom_right-top_left-original completed in 10.78 seconds.
2025-04-06 16:43:15 - INFO - >>> Model bottom_left-tda-bottom_right-top_left-original trained. Accuracy: 0.9786 (10.78 sec.)
2025-04-06 16:43:15 - INFO - Training model: bottom_left-tda-top_right-top_left-original
2025-04-06 16:43:25 - INFO - Model bottom_left-tda-top_right-top_left-original completed in 10.41 seconds.
2025-04-06 16:43:25 - INFO - >>> Model bottom_left-tda-top_right-top_left-original trained. Accuracy: 0.9784 (10.41 sec.)
2025-04-06 16:43:25 - INFO - Training model: bottom_left-bottom_right-top_right-top_left-original
2025-04-06 16:43:35 - INFO - Model bottom_left-bottom_right-top_right-top_left-original completed in 10.08 seconds.
2025-04-06 16:43:35 - INFO - >>> Model bottom_left-bottom_right-top_right-top_left-original trained. Accuracy: 0.9683 (10.08 sec.)
2025-04-06 16:43:35 - INFO - Training model: tda-bottom_right-top_right-top_left-original
2025-04-06 16:43:46 - INFO - Model tda-bottom_right-top_right-top_left-original completed in 10.60 seconds.
2025-04-06 16:43:46 - INFO - >>> Model tda-bottom_right-top_right-top_left-original trained. Accuracy: 0.9789 (10.60 sec.)
2025-04-06 16:43:46 - INFO - Training model: bottom_left-tda-bottom_right-top_right-top_left-original
2025-04-06 16:43:59 - INFO - Model bottom_left-tda-bottom_right-top_right-top_left-original completed in 12.63 seconds.
2025-04-06 16:43:59 - INFO - >>> Model bottom_left-tda-bottom_right-top_right-top_left-original trained. Accuracy: 0.9797 (12.63 sec.)
2025-04-06 16:43:59 - INFO - All models trained successfully.
2025-04-06 16:43:59 - INFO - ========== [Model Training Completed] in 4.01 minutes ==========
2025-04-06 16:43:59 - INFO - ========== [Experiment Training Complete] ==========
2025-04-06 16:43:59 - INFO - Results saved to /home/jovyan/Workspace/workspace_mnist/results/exp_noise_icecream/experiment_trainsize_predictions_2025-04-06_16-43-59.json
2025-04-06 16:43:59 - INFO - Results successfully saved to /home/jovyan/Workspace/workspace_mnist/results/exp_noise_icecream/experiment_trainsize_predictions_2025-04-06_16-43-59.json
2025-04-06 16:43:59 - INFO - Garbage collection executed.
2025-04-06 16:43:59 - INFO - ========== [Experiment Completed] in 8.85 minutes ==========
