2025-03-23 03:45:19 - INFO - Logging initialized.
 Writing to /home/jovyan/Workspace/workspace_mnist/logs/exp_noise_icecream/experiment_logs_2025-03-23_03-45-19.log
2025-03-23 03:45:19 - INFO - ========== [Experiment Start] ==========
2025-03-23 03:45:19 - INFO - Views combinations succesfully generated.
2025-03-23 03:45:19 - INFO - Topological Data Analysis pipeline generated.
2025-03-23 03:45:19 - INFO - Generating folder to save results.
2025-03-23 03:45:19 - INFO - Reading dataset in chunks from mnist_784.csv (chunk size: 70000)
2025-03-23 03:45:20 - INFO - Starting multiview data preparation for a chunk of size (70000, 784)...
2025-03-23 03:45:20 - INFO - Running using 16 jobs.
2025-03-23 03:45:20 - INFO - Contaminating dataset with lines using 23.
2025-03-23 03:45:30 - INFO - Splitting data: 56.7% train / 20.0% test (random_state=582848128)
2025-03-23 03:45:30 - INFO - Data split complete. Train size: (31733, 784), Test size: (14000, 784)
2025-03-23 03:45:30 - INFO - Reshaping train and test data into square images...
2025-03-23 03:45:30 - INFO - Reshaping complete. Train images: (31733, 28, 28), Test images: (14000, 28, 28)
2025-03-23 03:45:30 - INFO - Splitting images into quadrant views...
2025-03-23 03:45:30 - INFO - Quadrant view splitting complete. Train views: 4, Test views: 4
2025-03-23 03:45:30 - INFO - >> Starting TDA pipeline transformation on train data...
2025-03-23 03:51:45 - INFO - >> TDA transformation for train data completed (6.24 minutes).
2025-03-23 03:51:45 - INFO - >> Applying TDA pipeline transformation on test data...
2025-03-23 03:54:28 - INFO - >> TDA transformation for test data completed (2.73 minutes).
2025-03-23 03:54:28 - INFO - ========== [Model Training Start] ==========
2025-03-23 03:54:28 - INFO - Training model: original
2025-03-23 03:54:29 - INFO - Model original completed in 1.17 seconds.
2025-03-23 03:54:29 - INFO - >>> Model original trained. Accuracy: 0.8747 (1.17 sec.)
2025-03-23 03:54:29 - INFO - Training model: bottom_left-original
2025-03-23 03:54:39 - INFO - Model bottom_left-original completed in 9.34 seconds.
2025-03-23 03:54:39 - INFO - >>> Model bottom_left-original trained. Accuracy: 0.8875 (9.34 sec.)
2025-03-23 03:54:39 - INFO - Training model: top_left-original
2025-03-23 03:54:48 - INFO - Model top_left-original completed in 9.02 seconds.
2025-03-23 03:54:48 - INFO - >>> Model top_left-original trained. Accuracy: 0.8889 (9.02 sec.)
2025-03-23 03:54:48 - INFO - Training model: original-top_right
2025-03-23 03:54:57 - INFO - Model original-top_right completed in 9.44 seconds.
2025-03-23 03:54:57 - INFO - >>> Model original-top_right trained. Accuracy: 0.8956 (9.44 sec.)
2025-03-23 03:54:57 - INFO - Training model: bottom_right-original
2025-03-23 03:55:07 - INFO - Model bottom_right-original completed in 9.45 seconds.
2025-03-23 03:55:07 - INFO - >>> Model bottom_right-original trained. Accuracy: 0.8864 (9.45 sec.)
2025-03-23 03:55:07 - INFO - Training model: tda-original
2025-03-23 03:55:26 - INFO - Model tda-original completed in 19.35 seconds.
2025-03-23 03:55:26 - INFO - >>> Model tda-original trained. Accuracy: 0.8780 (19.35 sec.)
2025-03-23 03:55:26 - INFO - Training model: bottom_left-top_left-original
2025-03-23 03:55:38 - INFO - Model bottom_left-top_left-original completed in 12.31 seconds.
2025-03-23 03:55:38 - INFO - >>> Model bottom_left-top_left-original trained. Accuracy: 0.8973 (12.31 sec.)
2025-03-23 03:55:38 - INFO - Training model: bottom_left-original-top_right
2025-03-23 03:55:51 - INFO - Model bottom_left-original-top_right completed in 12.94 seconds.
2025-03-23 03:55:51 - INFO - >>> Model bottom_left-original-top_right trained. Accuracy: 0.9031 (12.94 sec.)
2025-03-23 03:55:51 - INFO - Training model: bottom_right-bottom_left-original
2025-03-23 03:56:04 - INFO - Model bottom_right-bottom_left-original completed in 12.49 seconds.
2025-03-23 03:56:04 - INFO - >>> Model bottom_right-bottom_left-original trained. Accuracy: 0.8941 (12.49 sec.)
2025-03-23 03:56:04 - INFO - Training model: bottom_left-tda-original
2025-03-23 03:56:26 - INFO - Model bottom_left-tda-original completed in 22.69 seconds.
2025-03-23 03:56:26 - INFO - >>> Model bottom_left-tda-original trained. Accuracy: 0.8827 (22.69 sec.)
2025-03-23 03:56:26 - INFO - Training model: top_left-original-top_right
2025-03-23 03:56:39 - INFO - Model top_left-original-top_right completed in 12.58 seconds.
2025-03-23 03:56:39 - INFO - >>> Model top_left-original-top_right trained. Accuracy: 0.9031 (12.58 sec.)
2025-03-23 03:56:39 - INFO - Training model: bottom_right-top_left-original
2025-03-23 03:56:52 - INFO - Model bottom_right-top_left-original completed in 12.58 seconds.
2025-03-23 03:56:52 - INFO - >>> Model bottom_right-top_left-original trained. Accuracy: 0.8985 (12.58 sec.)
2025-03-23 03:56:52 - INFO - Training model: top_left-tda-original
2025-03-23 03:57:14 - INFO - Model top_left-tda-original completed in 22.46 seconds.
2025-03-23 03:57:14 - INFO - >>> Model top_left-tda-original trained. Accuracy: 0.8881 (22.46 sec.)
2025-03-23 03:57:14 - INFO - Training model: bottom_right-original-top_right
2025-03-23 03:57:27 - INFO - Model bottom_right-original-top_right completed in 12.78 seconds.
2025-03-23 03:57:27 - INFO - >>> Model bottom_right-original-top_right trained. Accuracy: 0.9004 (12.78 sec.)
2025-03-23 03:57:27 - INFO - Training model: tda-original-top_right
2025-03-23 03:57:50 - INFO - Model tda-original-top_right completed in 22.75 seconds.
2025-03-23 03:57:50 - INFO - >>> Model tda-original-top_right trained. Accuracy: 0.8932 (22.75 sec.)
2025-03-23 03:57:50 - INFO - Training model: bottom_right-tda-original
2025-03-23 03:58:13 - INFO - Model bottom_right-tda-original completed in 22.89 seconds.
2025-03-23 03:58:13 - INFO - >>> Model bottom_right-tda-original trained. Accuracy: 0.8848 (22.89 sec.)
2025-03-23 03:58:13 - INFO - Training model: bottom_left-top_left-original-top_right
2025-03-23 03:58:28 - INFO - Model bottom_left-top_left-original-top_right completed in 15.84 seconds.
2025-03-23 03:58:28 - INFO - >>> Model bottom_left-top_left-original-top_right trained. Accuracy: 0.9133 (15.84 sec.)
2025-03-23 03:58:28 - INFO - Training model: bottom_right-bottom_left-top_left-original
2025-03-23 03:58:44 - INFO - Model bottom_right-bottom_left-top_left-original completed in 15.65 seconds.
2025-03-23 03:58:44 - INFO - >>> Model bottom_right-bottom_left-top_left-original trained. Accuracy: 0.9067 (15.65 sec.)
2025-03-23 03:58:44 - INFO - Training model: bottom_left-top_left-tda-original
2025-03-23 03:59:10 - INFO - Model bottom_left-top_left-tda-original completed in 25.49 seconds.
2025-03-23 03:59:10 - INFO - >>> Model bottom_left-top_left-tda-original trained. Accuracy: 0.8942 (25.49 sec.)
2025-03-23 03:59:10 - INFO - Training model: bottom_right-bottom_left-original-top_right
2025-03-23 03:59:26 - INFO - Model bottom_right-bottom_left-original-top_right completed in 16.05 seconds.
2025-03-23 03:59:26 - INFO - >>> Model bottom_right-bottom_left-original-top_right trained. Accuracy: 0.9108 (16.05 sec.)
2025-03-23 03:59:26 - INFO - Training model: bottom_left-tda-original-top_right
2025-03-23 03:59:52 - INFO - Model bottom_left-tda-original-top_right completed in 26.01 seconds.
2025-03-23 03:59:52 - INFO - >>> Model bottom_left-tda-original-top_right trained. Accuracy: 0.8994 (26.01 sec.)
2025-03-23 03:59:52 - INFO - Training model: bottom_right-bottom_left-tda-original
2025-03-23 04:00:18 - INFO - Model bottom_right-bottom_left-tda-original completed in 25.95 seconds.
2025-03-23 04:00:18 - INFO - >>> Model bottom_right-bottom_left-tda-original trained. Accuracy: 0.8920 (25.95 sec.)
2025-03-23 04:00:18 - INFO - Training model: bottom_right-top_left-original-top_right
2025-03-23 04:00:33 - INFO - Model bottom_right-top_left-original-top_right completed in 15.80 seconds.
2025-03-23 04:00:33 - INFO - >>> Model bottom_right-top_left-original-top_right trained. Accuracy: 0.9142 (15.80 sec.)
2025-03-23 04:00:33 - INFO - Training model: top_left-tda-original-top_right
2025-03-23 04:00:59 - INFO - Model top_left-tda-original-top_right completed in 25.82 seconds.
2025-03-23 04:00:59 - INFO - >>> Model top_left-tda-original-top_right trained. Accuracy: 0.9031 (25.82 sec.)
2025-03-23 04:00:59 - INFO - Training model: bottom_right-top_left-tda-original
2025-03-23 04:01:25 - INFO - Model bottom_right-top_left-tda-original completed in 25.96 seconds.
2025-03-23 04:01:25 - INFO - >>> Model bottom_right-top_left-tda-original trained. Accuracy: 0.8964 (25.96 sec.)
2025-03-23 04:01:25 - INFO - Training model: bottom_right-tda-original-top_right
2025-03-23 04:01:51 - INFO - Model bottom_right-tda-original-top_right completed in 26.30 seconds.
2025-03-23 04:01:51 - INFO - >>> Model bottom_right-tda-original-top_right trained. Accuracy: 0.8995 (26.30 sec.)
2025-03-23 04:01:51 - INFO - Training model: bottom_left-top_left-top_right-bottom_right-original
2025-03-23 04:02:11 - INFO - Model bottom_left-top_left-top_right-bottom_right-original completed in 19.09 seconds.
2025-03-23 04:02:11 - INFO - >>> Model bottom_left-top_left-top_right-bottom_right-original trained. Accuracy: 0.9206 (19.09 sec.)
2025-03-23 04:02:11 - INFO - Training model: bottom_left-top_left-top_right-tda-original
2025-03-23 04:02:40 - INFO - Model bottom_left-top_left-top_right-tda-original completed in 29.10 seconds.
2025-03-23 04:02:40 - INFO - >>> Model bottom_left-top_left-top_right-tda-original trained. Accuracy: 0.9111 (29.10 sec.)
2025-03-23 04:02:40 - INFO - Training model: bottom_left-top_left-bottom_right-tda-original
2025-03-23 04:03:09 - INFO - Model bottom_left-top_left-bottom_right-tda-original completed in 29.26 seconds.
2025-03-23 04:03:09 - INFO - >>> Model bottom_left-top_left-bottom_right-tda-original trained. Accuracy: 0.9031 (29.26 sec.)
2025-03-23 04:03:09 - INFO - Training model: bottom_left-top_right-bottom_right-tda-original
2025-03-23 04:03:38 - INFO - Model bottom_left-top_right-bottom_right-tda-original completed in 29.44 seconds.
2025-03-23 04:03:38 - INFO - >>> Model bottom_left-top_right-bottom_right-tda-original trained. Accuracy: 0.9077 (29.44 sec.)
2025-03-23 04:03:38 - INFO - Training model: top_left-top_right-bottom_right-tda-original
2025-03-23 04:04:08 - INFO - Model top_left-top_right-bottom_right-tda-original completed in 29.37 seconds.
2025-03-23 04:04:08 - INFO - >>> Model top_left-top_right-bottom_right-tda-original trained. Accuracy: 0.9102 (29.37 sec.)
2025-03-23 04:04:08 - INFO - Training model: bottom_left-top_left-top_right-bottom_right-tda-original
2025-03-23 04:04:40 - INFO - Model bottom_left-top_left-top_right-bottom_right-tda-original completed in 32.52 seconds.
2025-03-23 04:04:40 - INFO - >>> Model bottom_left-top_left-top_right-bottom_right-tda-original trained. Accuracy: 0.9191 (32.52 sec.)
2025-03-23 04:04:40 - INFO - All models trained successfully.
2025-03-23 04:04:40 - INFO - ========== [Model Training Completed] in 10.20 minutes ==========
2025-03-23 04:04:40 - INFO - ========== [Experiment Training Complete] ==========
2025-03-23 04:04:40 - INFO - Results saved to /home/jovyan/Workspace/workspace_mnist/results/exp_noise_icecream/experiment_trainsize_predictions_2025-03-23_04-04-40.json
2025-03-23 04:04:40 - INFO - Results successfully saved to /home/jovyan/Workspace/workspace_mnist/results/exp_noise_icecream/experiment_trainsize_predictions_2025-03-23_04-04-40.json
2025-03-23 04:04:40 - INFO - Garbage collection executed.
2025-03-23 04:04:40 - INFO - ========== [Experiment Completed] in 19.36 minutes ==========
