2025-04-06 11:39:14 - INFO - Logging initialized.
 Writing to /home/jovyan/Workspace/workspace_mnist/logs/exp_noise_icecream/experiment_logs_2025-04-06_11-39-14.log
2025-04-06 11:39:14 - INFO - ========== [Experiment Start] ==========
2025-04-06 11:39:14 - INFO - Views combinations succesfully generated.
2025-04-06 11:39:14 - INFO - Topological Data Analysis pipeline generated.
2025-04-06 11:39:14 - INFO - Generating folder to save results.
2025-04-06 11:39:14 - INFO - Reading dataset in chunks from mnist_784.csv (chunk size: 70000)
2025-04-06 11:39:15 - INFO - Starting multiview data preparation for a chunk of size (70000, 784)...
2025-04-06 11:39:15 - INFO - Running using 22 jobs.
2025-04-06 11:39:15 - INFO - Contaminating dataset with circles using 2.
2025-04-06 11:39:15 - INFO - Splitting data: 56.7% train / 20.0% test (random_state=759596069)
2025-04-06 11:39:15 - INFO - Data split complete. Train size: (31733, 784), Test size: (14000, 784)
2025-04-06 11:39:15 - INFO - Reshaping train and test data into square images...
2025-04-06 11:39:15 - INFO - Reshaping complete. Train images: (31733, 28, 28), Test images: (14000, 28, 28)
2025-04-06 11:39:15 - INFO - Splitting images into quadrant views...
2025-04-06 11:39:15 - INFO - Quadrant view splitting complete. Train views: 4, Test views: 4
2025-04-06 11:39:15 - INFO - >> Starting TDA pipeline transformation on train data...
2025-04-06 11:43:55 - INFO - >> TDA transformation for train data completed (4.67 minutes).
2025-04-06 11:43:55 - INFO - >> Applying TDA pipeline transformation on test data...
2025-04-06 11:45:55 - INFO - >> TDA transformation for test data completed (2.00 minutes).
2025-04-06 11:45:55 - INFO - ========== [Model Training Start] ==========
2025-04-06 11:45:55 - INFO - Training model: original
2025-04-06 11:45:56 - INFO - Model original completed in 0.69 seconds.
2025-04-06 11:45:56 - INFO - >>> Model original trained. Accuracy: 0.9624 (0.69 sec.)
2025-04-06 11:45:56 - INFO - Training model: original-bottom_left
2025-04-06 11:46:02 - INFO - Model original-bottom_left completed in 6.31 seconds.
2025-04-06 11:46:02 - INFO - >>> Model original-bottom_left trained. Accuracy: 0.9659 (6.31 sec.)
2025-04-06 11:46:02 - INFO - Training model: original-tda
2025-04-06 11:46:10 - INFO - Model original-tda completed in 7.57 seconds.
2025-04-06 11:46:10 - INFO - >>> Model original-tda trained. Accuracy: 0.9825 (7.57 sec.)
2025-04-06 11:46:10 - INFO - Training model: original-bottom_right
2025-04-06 11:46:16 - INFO - Model original-bottom_right completed in 6.35 seconds.
2025-04-06 11:46:16 - INFO - >>> Model original-bottom_right trained. Accuracy: 0.9663 (6.35 sec.)
2025-04-06 11:46:16 - INFO - Training model: top_right-original
2025-04-06 11:46:23 - INFO - Model top_right-original completed in 6.58 seconds.
2025-04-06 11:46:23 - INFO - >>> Model top_right-original trained. Accuracy: 0.9651 (6.58 sec.)
2025-04-06 11:46:23 - INFO - Training model: original-top_left
2025-04-06 11:46:29 - INFO - Model original-top_left completed in 6.20 seconds.
2025-04-06 11:46:29 - INFO - >>> Model original-top_left trained. Accuracy: 0.9656 (6.20 sec.)
2025-04-06 11:46:29 - INFO - Training model: original-tda-bottom_left
2025-04-06 11:46:39 - INFO - Model original-tda-bottom_left completed in 10.16 seconds.
2025-04-06 11:46:39 - INFO - >>> Model original-tda-bottom_left trained. Accuracy: 0.9815 (10.16 sec.)
2025-04-06 11:46:39 - INFO - Training model: original-bottom_left-bottom_right
2025-04-06 11:46:48 - INFO - Model original-bottom_left-bottom_right completed in 8.41 seconds.
2025-04-06 11:46:48 - INFO - >>> Model original-bottom_left-bottom_right trained. Accuracy: 0.9671 (8.41 sec.)
2025-04-06 11:46:48 - INFO - Training model: top_right-original-bottom_left
2025-04-06 11:46:56 - INFO - Model top_right-original-bottom_left completed in 8.63 seconds.
2025-04-06 11:46:56 - INFO - >>> Model top_right-original-bottom_left trained. Accuracy: 0.9683 (8.63 sec.)
2025-04-06 11:46:56 - INFO - Training model: original-top_left-bottom_left
2025-04-06 11:47:05 - INFO - Model original-top_left-bottom_left completed in 8.57 seconds.
2025-04-06 11:47:05 - INFO - >>> Model original-top_left-bottom_left trained. Accuracy: 0.9671 (8.57 sec.)
2025-04-06 11:47:05 - INFO - Training model: original-tda-bottom_right
2025-04-06 11:47:15 - INFO - Model original-tda-bottom_right completed in 10.31 seconds.
2025-04-06 11:47:15 - INFO - >>> Model original-tda-bottom_right trained. Accuracy: 0.9838 (10.31 sec.)
2025-04-06 11:47:15 - INFO - Training model: top_right-original-tda
2025-04-06 11:47:25 - INFO - Model top_right-original-tda completed in 10.35 seconds.
2025-04-06 11:47:25 - INFO - >>> Model top_right-original-tda trained. Accuracy: 0.9819 (10.35 sec.)
2025-04-06 11:47:25 - INFO - Training model: original-tda-top_left
2025-04-06 11:47:36 - INFO - Model original-tda-top_left completed in 10.21 seconds.
2025-04-06 11:47:36 - INFO - >>> Model original-tda-top_left trained. Accuracy: 0.9819 (10.21 sec.)
2025-04-06 11:47:36 - INFO - Training model: top_right-original-bottom_right
2025-04-06 11:47:44 - INFO - Model top_right-original-bottom_right completed in 8.68 seconds.
2025-04-06 11:47:44 - INFO - >>> Model top_right-original-bottom_right trained. Accuracy: 0.9696 (8.68 sec.)
2025-04-06 11:47:44 - INFO - Training model: original-top_left-bottom_right
2025-04-06 11:47:53 - INFO - Model original-top_left-bottom_right completed in 8.56 seconds.
2025-04-06 11:47:53 - INFO - >>> Model original-top_left-bottom_right trained. Accuracy: 0.9677 (8.56 sec.)
2025-04-06 11:47:53 - INFO - Training model: top_right-original-top_left
2025-04-06 11:48:01 - INFO - Model top_right-original-top_left completed in 8.59 seconds.
2025-04-06 11:48:01 - INFO - >>> Model top_right-original-top_left trained. Accuracy: 0.9672 (8.59 sec.)
2025-04-06 11:48:01 - INFO - Training model: original-tda-bottom_left-bottom_right
2025-04-06 11:48:14 - INFO - Model original-tda-bottom_left-bottom_right completed in 12.55 seconds.
2025-04-06 11:48:14 - INFO - >>> Model original-tda-bottom_left-bottom_right trained. Accuracy: 0.9829 (12.55 sec.)
2025-04-06 11:48:14 - INFO - Training model: top_right-original-tda-bottom_left
2025-04-06 11:48:26 - INFO - Model top_right-original-tda-bottom_left completed in 12.43 seconds.
2025-04-06 11:48:26 - INFO - >>> Model top_right-original-tda-bottom_left trained. Accuracy: 0.9823 (12.43 sec.)
2025-04-06 11:48:26 - INFO - Training model: original-tda-top_left-bottom_left
2025-04-06 11:48:39 - INFO - Model original-tda-top_left-bottom_left completed in 12.69 seconds.
2025-04-06 11:48:39 - INFO - >>> Model original-tda-top_left-bottom_left trained. Accuracy: 0.9815 (12.69 sec.)
2025-04-06 11:48:39 - INFO - Training model: top_right-original-bottom_left-bottom_right
2025-04-06 11:48:50 - INFO - Model top_right-original-bottom_left-bottom_right completed in 11.31 seconds.
2025-04-06 11:48:50 - INFO - >>> Model top_right-original-bottom_left-bottom_right trained. Accuracy: 0.9694 (11.31 sec.)
2025-04-06 11:48:50 - INFO - Training model: original-top_left-bottom_left-bottom_right
2025-04-06 11:49:02 - INFO - Model original-top_left-bottom_left-bottom_right completed in 11.07 seconds.
2025-04-06 11:49:02 - INFO - >>> Model original-top_left-bottom_left-bottom_right trained. Accuracy: 0.9696 (11.07 sec.)
2025-04-06 11:49:02 - INFO - Training model: top_right-original-top_left-bottom_left
2025-04-06 11:49:13 - INFO - Model top_right-original-top_left-bottom_left completed in 11.12 seconds.
2025-04-06 11:49:13 - INFO - >>> Model top_right-original-top_left-bottom_left trained. Accuracy: 0.9698 (11.12 sec.)
2025-04-06 11:49:13 - INFO - Training model: top_right-original-tda-bottom_right
2025-04-06 11:49:26 - INFO - Model top_right-original-tda-bottom_right completed in 12.87 seconds.
2025-04-06 11:49:26 - INFO - >>> Model top_right-original-tda-bottom_right trained. Accuracy: 0.9836 (12.87 sec.)
2025-04-06 11:49:26 - INFO - Training model: original-tda-top_left-bottom_right
2025-04-06 11:49:38 - INFO - Model original-tda-top_left-bottom_right completed in 12.50 seconds.
2025-04-06 11:49:38 - INFO - >>> Model original-tda-top_left-bottom_right trained. Accuracy: 0.9836 (12.50 sec.)
2025-04-06 11:49:38 - INFO - Training model: top_right-original-tda-top_left
2025-04-06 11:49:50 - INFO - Model top_right-original-tda-top_left completed in 12.44 seconds.
2025-04-06 11:49:50 - INFO - >>> Model top_right-original-tda-top_left trained. Accuracy: 0.9829 (12.44 sec.)
2025-04-06 11:49:50 - INFO - Training model: top_right-original-top_left-bottom_right
2025-04-06 11:50:02 - INFO - Model top_right-original-top_left-bottom_right completed in 11.15 seconds.
2025-04-06 11:50:02 - INFO - >>> Model top_right-original-top_left-bottom_right trained. Accuracy: 0.9696 (11.15 sec.)
2025-04-06 11:50:02 - INFO - Training model: bottom_left-tda-bottom_right-top_right-original
2025-04-06 11:50:17 - INFO - Model bottom_left-tda-bottom_right-top_right-original completed in 15.07 seconds.
2025-04-06 11:50:17 - INFO - >>> Model bottom_left-tda-bottom_right-top_right-original trained. Accuracy: 0.9836 (15.07 sec.)
2025-04-06 11:50:17 - INFO - Training model: bottom_left-tda-bottom_right-top_left-original
2025-04-06 11:50:32 - INFO - Model bottom_left-tda-bottom_right-top_left-original completed in 14.93 seconds.
2025-04-06 11:50:32 - INFO - >>> Model bottom_left-tda-bottom_right-top_left-original trained. Accuracy: 0.9826 (14.93 sec.)
2025-04-06 11:50:32 - INFO - Training model: bottom_left-tda-top_right-top_left-original
2025-04-06 11:50:46 - INFO - Model bottom_left-tda-top_right-top_left-original completed in 14.70 seconds.
2025-04-06 11:50:46 - INFO - >>> Model bottom_left-tda-top_right-top_left-original trained. Accuracy: 0.9825 (14.70 sec.)
2025-04-06 11:50:46 - INFO - Training model: bottom_left-bottom_right-top_right-top_left-original
2025-04-06 11:51:00 - INFO - Model bottom_left-bottom_right-top_right-top_left-original completed in 13.64 seconds.
2025-04-06 11:51:00 - INFO - >>> Model bottom_left-bottom_right-top_right-top_left-original trained. Accuracy: 0.9726 (13.64 sec.)
2025-04-06 11:51:00 - INFO - Training model: tda-bottom_right-top_right-top_left-original
2025-04-06 11:51:15 - INFO - Model tda-bottom_right-top_right-top_left-original completed in 14.91 seconds.
2025-04-06 11:51:15 - INFO - >>> Model tda-bottom_right-top_right-top_left-original trained. Accuracy: 0.9848 (14.91 sec.)
2025-04-06 11:51:15 - INFO - Training model: bottom_left-tda-bottom_right-top_right-top_left-original
2025-04-06 11:51:32 - INFO - Model bottom_left-tda-bottom_right-top_right-top_left-original completed in 17.19 seconds.
2025-04-06 11:51:32 - INFO - >>> Model bottom_left-tda-bottom_right-top_right-top_left-original trained. Accuracy: 0.9843 (17.19 sec.)
2025-04-06 11:51:32 - INFO - All models trained successfully.
2025-04-06 11:51:32 - INFO - ========== [Model Training Completed] in 5.61 minutes ==========
2025-04-06 11:51:32 - INFO - ========== [Experiment Training Complete] ==========
2025-04-06 11:51:32 - INFO - Results saved to /home/jovyan/Workspace/workspace_mnist/results/exp_noise_icecream/experiment_trainsize_predictions_2025-04-06_11-51-32.json
2025-04-06 11:51:32 - INFO - Results successfully saved to /home/jovyan/Workspace/workspace_mnist/results/exp_noise_icecream/experiment_trainsize_predictions_2025-04-06_11-51-32.json
2025-04-06 11:51:32 - INFO - Garbage collection executed.
2025-04-06 11:51:32 - INFO - ========== [Experiment Completed] in 12.30 minutes ==========
