2025-04-05 17:23:06 - INFO - Logging initialized.
 Writing to /home/jovyan/Workspace/workspace_mnist/logs/exp_noise_icecream/experiment_logs_2025-04-05_17-23-06.log
2025-04-05 17:23:06 - INFO - ========== [Experiment Start] ==========
2025-04-05 17:23:06 - INFO - Views combinations succesfully generated.
2025-04-05 17:23:06 - INFO - Topological Data Analysis pipeline generated.
2025-04-05 17:23:06 - INFO - Generating folder to save results.
2025-04-05 17:23:06 - INFO - Reading dataset in chunks from mnist_784.csv (chunk size: 70000)
2025-04-05 17:23:06 - INFO - Starting multiview data preparation for a chunk of size (70000, 784)...
2025-04-05 17:23:06 - INFO - Running using 22 jobs.
2025-04-05 17:23:06 - INFO - Contaminating dataset with circles using 2.
2025-04-05 17:23:06 - INFO - Splitting data: 48.9% train / 20.0% test (random_state=601133337)
2025-04-05 17:23:07 - INFO - Data split complete. Train size: (27377, 784), Test size: (14000, 784)
2025-04-05 17:23:07 - INFO - Reshaping train and test data into square images...
2025-04-05 17:23:07 - INFO - Reshaping complete. Train images: (27377, 28, 28), Test images: (14000, 28, 28)
2025-04-05 17:23:07 - INFO - Splitting images into quadrant views...
2025-04-05 17:23:07 - INFO - Quadrant view splitting complete. Train views: 4, Test views: 4
2025-04-05 17:23:07 - INFO - >> Starting TDA pipeline transformation on train data...
2025-04-05 17:27:06 - INFO - >> TDA transformation for train data completed (3.99 minutes).
2025-04-05 17:27:06 - INFO - >> Applying TDA pipeline transformation on test data...
2025-04-05 17:29:10 - INFO - >> TDA transformation for test data completed (2.07 minutes).
2025-04-05 17:29:10 - INFO - ========== [Model Training Start] ==========
2025-04-05 17:29:10 - INFO - Training model: original
2025-04-05 17:29:11 - INFO - Model original completed in 0.61 seconds.
2025-04-05 17:29:11 - INFO - >>> Model original trained. Accuracy: 0.9623 (0.61 sec.)
2025-04-05 17:29:11 - INFO - Training model: original-bottom_left
2025-04-05 17:29:16 - INFO - Model original-bottom_left completed in 5.53 seconds.
2025-04-05 17:29:16 - INFO - >>> Model original-bottom_left trained. Accuracy: 0.9649 (5.53 sec.)
2025-04-05 17:29:16 - INFO - Training model: original-tda
2025-04-05 17:29:23 - INFO - Model original-tda completed in 6.88 seconds.
2025-04-05 17:29:23 - INFO - >>> Model original-tda trained. Accuracy: 0.9814 (6.88 sec.)
2025-04-05 17:29:23 - INFO - Training model: original-bottom_right
2025-04-05 17:29:29 - INFO - Model original-bottom_right completed in 5.72 seconds.
2025-04-05 17:29:29 - INFO - >>> Model original-bottom_right trained. Accuracy: 0.9671 (5.72 sec.)
2025-04-05 17:29:29 - INFO - Training model: top_right-original
2025-04-05 17:29:35 - INFO - Model top_right-original completed in 5.79 seconds.
2025-04-05 17:29:35 - INFO - >>> Model top_right-original trained. Accuracy: 0.9643 (5.79 sec.)
2025-04-05 17:29:35 - INFO - Training model: original-top_left
2025-04-05 17:29:40 - INFO - Model original-top_left completed in 5.63 seconds.
2025-04-05 17:29:40 - INFO - >>> Model original-top_left trained. Accuracy: 0.9661 (5.63 sec.)
2025-04-05 17:29:40 - INFO - Training model: original-tda-bottom_left
2025-04-05 17:29:49 - INFO - Model original-tda-bottom_left completed in 9.00 seconds.
2025-04-05 17:29:49 - INFO - >>> Model original-tda-bottom_left trained. Accuracy: 0.9801 (9.00 sec.)
2025-04-05 17:29:49 - INFO - Training model: original-bottom_left-bottom_right
2025-04-05 17:29:57 - INFO - Model original-bottom_left-bottom_right completed in 8.01 seconds.
2025-04-05 17:29:57 - INFO - >>> Model original-bottom_left-bottom_right trained. Accuracy: 0.9680 (8.01 sec.)
2025-04-05 17:29:57 - INFO - Training model: top_right-original-bottom_left
2025-04-05 17:30:05 - INFO - Model top_right-original-bottom_left completed in 7.73 seconds.
2025-04-05 17:30:05 - INFO - >>> Model top_right-original-bottom_left trained. Accuracy: 0.9658 (7.73 sec.)
2025-04-05 17:30:05 - INFO - Training model: original-top_left-bottom_left
2025-04-05 17:30:13 - INFO - Model original-top_left-bottom_left completed in 7.66 seconds.
2025-04-05 17:30:13 - INFO - >>> Model original-top_left-bottom_left trained. Accuracy: 0.9681 (7.66 sec.)
2025-04-05 17:30:13 - INFO - Training model: original-tda-bottom_right
2025-04-05 17:30:22 - INFO - Model original-tda-bottom_right completed in 9.11 seconds.
2025-04-05 17:30:22 - INFO - >>> Model original-tda-bottom_right trained. Accuracy: 0.9814 (9.11 sec.)
2025-04-05 17:30:22 - INFO - Training model: top_right-original-tda
2025-04-05 17:30:31 - INFO - Model top_right-original-tda completed in 8.90 seconds.
2025-04-05 17:30:31 - INFO - >>> Model top_right-original-tda trained. Accuracy: 0.9807 (8.90 sec.)
2025-04-05 17:30:31 - INFO - Training model: original-tda-top_left
2025-04-05 17:30:40 - INFO - Model original-tda-top_left completed in 9.07 seconds.
2025-04-05 17:30:40 - INFO - >>> Model original-tda-top_left trained. Accuracy: 0.9806 (9.07 sec.)
2025-04-05 17:30:40 - INFO - Training model: top_right-original-bottom_right
2025-04-05 17:30:48 - INFO - Model top_right-original-bottom_right completed in 7.92 seconds.
2025-04-05 17:30:48 - INFO - >>> Model top_right-original-bottom_right trained. Accuracy: 0.9683 (7.92 sec.)
2025-04-05 17:30:48 - INFO - Training model: original-top_left-bottom_right
2025-04-05 17:30:56 - INFO - Model original-top_left-bottom_right completed in 7.76 seconds.
2025-04-05 17:30:56 - INFO - >>> Model original-top_left-bottom_right trained. Accuracy: 0.9698 (7.76 sec.)
2025-04-05 17:30:56 - INFO - Training model: top_right-original-top_left
2025-04-05 17:31:03 - INFO - Model top_right-original-top_left completed in 7.92 seconds.
2025-04-05 17:31:03 - INFO - >>> Model top_right-original-top_left trained. Accuracy: 0.9679 (7.92 sec.)
2025-04-05 17:31:03 - INFO - Training model: original-tda-bottom_left-bottom_right
2025-04-05 17:31:15 - INFO - Model original-tda-bottom_left-bottom_right completed in 11.32 seconds.
2025-04-05 17:31:15 - INFO - >>> Model original-tda-bottom_left-bottom_right trained. Accuracy: 0.9812 (11.32 sec.)
2025-04-05 17:31:15 - INFO - Training model: top_right-original-tda-bottom_left
2025-04-05 17:31:26 - INFO - Model top_right-original-tda-bottom_left completed in 11.11 seconds.
2025-04-05 17:31:26 - INFO - >>> Model top_right-original-tda-bottom_left trained. Accuracy: 0.9808 (11.11 sec.)
2025-04-05 17:31:26 - INFO - Training model: original-tda-top_left-bottom_left
2025-04-05 17:31:37 - INFO - Model original-tda-top_left-bottom_left completed in 10.86 seconds.
2025-04-05 17:31:37 - INFO - >>> Model original-tda-top_left-bottom_left trained. Accuracy: 0.9811 (10.86 sec.)
2025-04-05 17:31:37 - INFO - Training model: top_right-original-bottom_left-bottom_right
2025-04-05 17:31:47 - INFO - Model top_right-original-bottom_left-bottom_right completed in 10.10 seconds.
2025-04-05 17:31:47 - INFO - >>> Model top_right-original-bottom_left-bottom_right trained. Accuracy: 0.9704 (10.10 sec.)
2025-04-05 17:31:47 - INFO - Training model: original-top_left-bottom_left-bottom_right
2025-04-05 17:31:57 - INFO - Model original-top_left-bottom_left-bottom_right completed in 10.19 seconds.
2025-04-05 17:31:57 - INFO - >>> Model original-top_left-bottom_left-bottom_right trained. Accuracy: 0.9704 (10.19 sec.)
2025-04-05 17:31:57 - INFO - Training model: top_right-original-top_left-bottom_left
2025-04-05 17:32:07 - INFO - Model top_right-original-top_left-bottom_left completed in 9.91 seconds.
2025-04-05 17:32:07 - INFO - >>> Model top_right-original-top_left-bottom_left trained. Accuracy: 0.9696 (9.91 sec.)
2025-04-05 17:32:07 - INFO - Training model: top_right-original-tda-bottom_right
2025-04-05 17:32:18 - INFO - Model top_right-original-tda-bottom_right completed in 11.26 seconds.
2025-04-05 17:32:18 - INFO - >>> Model top_right-original-tda-bottom_right trained. Accuracy: 0.9821 (11.26 sec.)
2025-04-05 17:32:18 - INFO - Training model: original-tda-top_left-bottom_right
2025-04-05 17:32:30 - INFO - Model original-tda-top_left-bottom_right completed in 11.46 seconds.
2025-04-05 17:32:30 - INFO - >>> Model original-tda-top_left-bottom_right trained. Accuracy: 0.9819 (11.46 sec.)
2025-04-05 17:32:30 - INFO - Training model: top_right-original-tda-top_left
2025-04-05 17:32:41 - INFO - Model top_right-original-tda-top_left completed in 11.24 seconds.
2025-04-05 17:32:41 - INFO - >>> Model top_right-original-tda-top_left trained. Accuracy: 0.9808 (11.24 sec.)
2025-04-05 17:32:41 - INFO - Training model: top_right-original-top_left-bottom_right
2025-04-05 17:32:51 - INFO - Model top_right-original-top_left-bottom_right completed in 10.05 seconds.
2025-04-05 17:32:51 - INFO - >>> Model top_right-original-top_left-bottom_right trained. Accuracy: 0.9720 (10.05 sec.)
2025-04-05 17:32:51 - INFO - Training model: bottom_left-tda-bottom_right-top_right-original
2025-04-05 17:33:04 - INFO - Model bottom_left-tda-bottom_right-top_right-original completed in 13.16 seconds.
2025-04-05 17:33:04 - INFO - >>> Model bottom_left-tda-bottom_right-top_right-original trained. Accuracy: 0.9824 (13.16 sec.)
2025-04-05 17:33:04 - INFO - Training model: bottom_left-tda-bottom_right-top_left-original
2025-04-05 17:33:18 - INFO - Model bottom_left-tda-bottom_right-top_left-original completed in 13.55 seconds.
2025-04-05 17:33:18 - INFO - >>> Model bottom_left-tda-bottom_right-top_left-original trained. Accuracy: 0.9820 (13.55 sec.)
2025-04-05 17:33:18 - INFO - Training model: bottom_left-tda-top_right-top_left-original
2025-04-05 17:33:31 - INFO - Model bottom_left-tda-top_right-top_left-original completed in 13.07 seconds.
2025-04-05 17:33:31 - INFO - >>> Model bottom_left-tda-top_right-top_left-original trained. Accuracy: 0.9818 (13.07 sec.)
2025-04-05 17:33:31 - INFO - Training model: bottom_left-bottom_right-top_right-top_left-original
2025-04-05 17:33:43 - INFO - Model bottom_left-bottom_right-top_right-top_left-original completed in 12.07 seconds.
2025-04-05 17:33:43 - INFO - >>> Model bottom_left-bottom_right-top_right-top_left-original trained. Accuracy: 0.9724 (12.07 sec.)
2025-04-05 17:33:43 - INFO - Training model: tda-bottom_right-top_right-top_left-original
2025-04-05 17:33:56 - INFO - Model tda-bottom_right-top_right-top_left-original completed in 13.11 seconds.
2025-04-05 17:33:56 - INFO - >>> Model tda-bottom_right-top_right-top_left-original trained. Accuracy: 0.9830 (13.11 sec.)
2025-04-05 17:33:56 - INFO - Training model: bottom_left-tda-bottom_right-top_right-top_left-original
2025-04-05 17:34:11 - INFO - Model bottom_left-tda-bottom_right-top_right-top_left-original completed in 15.41 seconds.
2025-04-05 17:34:11 - INFO - >>> Model bottom_left-tda-bottom_right-top_right-top_left-original trained. Accuracy: 0.9827 (15.41 sec.)
2025-04-05 17:34:11 - INFO - All models trained successfully.
2025-04-05 17:34:11 - INFO - ========== [Model Training Completed] in 5.02 minutes ==========
2025-04-05 17:34:11 - INFO - ========== [Experiment Training Complete] ==========
2025-04-05 17:34:12 - INFO - Results saved to /home/jovyan/Workspace/workspace_mnist/results/exp_noise_icecream/experiment_trainsize_predictions_2025-04-05_17-34-11.json
2025-04-05 17:34:12 - INFO - Results successfully saved to /home/jovyan/Workspace/workspace_mnist/results/exp_noise_icecream/experiment_trainsize_predictions_2025-04-05_17-34-11.json
2025-04-05 17:34:12 - INFO - Garbage collection executed.
2025-04-05 17:34:12 - INFO - ========== [Experiment Completed] in 11.10 minutes ==========
