2025-08-29 21:41:01 - INFO - Logging initialized.
 Writing to /home/jovyan/Workspace/mnist/logs/exp_icecream_mlp_100sample/experiment_logs_2025-08-29_21-41-01.log
2025-08-29 21:41:01 - INFO - ========== [Experiment Start] ==========
2025-08-29 21:41:01 - INFO - Views combinations successfully generated.
2025-08-29 21:41:01 - INFO - Topological Data Analysis pipeline generated.
2025-08-29 21:41:01 - INFO - Folder to save results has been created.
2025-08-29 21:41:01 - INFO - Reading dataset from mnist_784.csv (chunk size: 70000).
2025-08-29 21:41:02 - INFO - Starting multiview data preparation for a chunk of size (70000, 784)...
2025-08-29 21:41:02 - INFO - Running using 28 jobs.
2025-08-29 21:41:02 - INFO - Splitting data: 80.0% train / 30.0% test (random_state=755442662)
2025-08-29 21:41:02 - INFO - Using full training data without second split.
2025-08-29 21:41:02 - INFO - Data split complete. Train size: (70, 784), Test size: (30, 784)
2025-08-29 21:41:02 - INFO - Reshaping train and test data into square images...
2025-08-29 21:41:02 - INFO - Reshaping complete. Train images shape: (70, 28, 28), Test images shape: (30, 28, 28)
2025-08-29 21:41:02 - INFO - Splitting images into quadrant views...
2025-08-29 21:41:02 - INFO - Quadrant view splitting complete. Train views: 4, Test views: 4
2025-08-29 21:41:02 - INFO - Starting TDA pipeline transformation on train data...
2025-08-29 21:41:03 - INFO - TDA transformation for train completed (0.02 minutes).
2025-08-29 21:41:03 - INFO - Applying TDA pipeline transformation on test data...
2025-08-29 21:41:04 - INFO - TDA transformation for test completed (0.01 minutes).
2025-08-29 21:41:04 - INFO - ========== [Model Training Start] ==========
2025-08-29 21:41:04 - INFO - Training model: original
2025-08-29 21:41:04 - INFO - Model original completed in 0.13 seconds.
2025-08-29 21:41:04 - INFO - >>> Model original trained. Accuracy: 0.5667 (0.13 sec.)
2025-08-29 21:41:04 - INFO - Training model: original-top_right
2025-08-29 21:41:08 - INFO - Model original-top_right completed in 4.24 seconds.
2025-08-29 21:41:08 - INFO - >>> Model original-top_right trained. Accuracy: 0.5333 (4.24 sec.)
2025-08-29 21:41:08 - INFO - Training model: bottom_right-original
2025-08-29 21:41:12 - INFO - Model bottom_right-original completed in 4.20 seconds.
2025-08-29 21:41:12 - INFO - >>> Model bottom_right-original trained. Accuracy: 0.4667 (4.20 sec.)
2025-08-29 21:41:12 - INFO - Training model: original-top_left
2025-08-29 21:41:17 - INFO - Model original-top_left completed in 4.17 seconds.
2025-08-29 21:41:17 - INFO - >>> Model original-top_left trained. Accuracy: 0.5000 (4.17 sec.)
2025-08-29 21:41:17 - INFO - Training model: original-bottom_left
2025-08-29 21:41:21 - INFO - Model original-bottom_left completed in 4.16 seconds.
2025-08-29 21:41:21 - INFO - >>> Model original-bottom_left trained. Accuracy: 0.5000 (4.16 sec.)
2025-08-29 21:41:21 - INFO - Training model: original-tda
2025-08-29 21:41:25 - INFO - Model original-tda completed in 3.97 seconds.
2025-08-29 21:41:25 - INFO - >>> Model original-tda trained. Accuracy: 0.7667 (3.97 sec.)
2025-08-29 21:41:25 - INFO - Training model: bottom_right-original-top_right
2025-08-29 21:41:31 - INFO - Model bottom_right-original-top_right completed in 6.34 seconds.
2025-08-29 21:41:31 - INFO - >>> Model bottom_right-original-top_right trained. Accuracy: 0.5333 (6.34 sec.)
2025-08-29 21:41:31 - INFO - Training model: original-top_right-top_left
2025-08-29 21:41:37 - INFO - Model original-top_right-top_left completed in 6.38 seconds.
2025-08-29 21:41:37 - INFO - >>> Model original-top_right-top_left trained. Accuracy: 0.5333 (6.38 sec.)
2025-08-29 21:41:37 - INFO - Training model: original-top_right-bottom_left
2025-08-29 21:41:44 - INFO - Model original-top_right-bottom_left completed in 6.30 seconds.
2025-08-29 21:41:44 - INFO - >>> Model original-top_right-bottom_left trained. Accuracy: 0.6000 (6.30 sec.)
2025-08-29 21:41:44 - INFO - Training model: original-top_right-tda
2025-08-29 21:41:50 - INFO - Model original-top_right-tda completed in 6.22 seconds.
2025-08-29 21:41:50 - INFO - >>> Model original-top_right-tda trained. Accuracy: 0.7667 (6.22 sec.)
2025-08-29 21:41:50 - INFO - Training model: bottom_right-original-top_left
2025-08-29 21:41:56 - INFO - Model bottom_right-original-top_left completed in 6.34 seconds.
2025-08-29 21:41:56 - INFO - >>> Model bottom_right-original-top_left trained. Accuracy: 0.5667 (6.34 sec.)
2025-08-29 21:41:56 - INFO - Training model: bottom_right-original-bottom_left
2025-08-29 21:42:03 - INFO - Model bottom_right-original-bottom_left completed in 6.23 seconds.
2025-08-29 21:42:03 - INFO - >>> Model bottom_right-original-bottom_left trained. Accuracy: 0.4667 (6.23 sec.)
2025-08-29 21:42:03 - INFO - Training model: bottom_right-original-tda
2025-08-29 21:42:09 - INFO - Model bottom_right-original-tda completed in 6.12 seconds.
2025-08-29 21:42:09 - INFO - >>> Model bottom_right-original-tda trained. Accuracy: 0.7333 (6.12 sec.)
2025-08-29 21:42:09 - INFO - Training model: original-bottom_left-top_left
2025-08-29 21:42:15 - INFO - Model original-bottom_left-top_left completed in 6.35 seconds.
2025-08-29 21:42:15 - INFO - >>> Model original-bottom_left-top_left trained. Accuracy: 0.5667 (6.35 sec.)
2025-08-29 21:42:15 - INFO - Training model: tda-original-top_left
2025-08-29 21:42:21 - INFO - Model tda-original-top_left completed in 6.34 seconds.
2025-08-29 21:42:21 - INFO - >>> Model tda-original-top_left trained. Accuracy: 0.7000 (6.34 sec.)
2025-08-29 21:42:21 - INFO - Training model: original-bottom_left-tda
2025-08-29 21:42:28 - INFO - Model original-bottom_left-tda completed in 6.20 seconds.
2025-08-29 21:42:28 - INFO - >>> Model original-bottom_left-tda trained. Accuracy: 0.7000 (6.20 sec.)
2025-08-29 21:42:28 - INFO - Training model: bottom_right-original-top_right-top_left
2025-08-29 21:42:36 - INFO - Model bottom_right-original-top_right-top_left completed in 8.39 seconds.
2025-08-29 21:42:36 - INFO - >>> Model bottom_right-original-top_right-top_left trained. Accuracy: 0.6667 (8.39 sec.)
2025-08-29 21:42:36 - INFO - Training model: bottom_right-original-top_right-bottom_left
2025-08-29 21:42:44 - INFO - Model bottom_right-original-top_right-bottom_left completed in 8.28 seconds.
2025-08-29 21:42:44 - INFO - >>> Model bottom_right-original-top_right-bottom_left trained. Accuracy: 0.6000 (8.28 sec.)
2025-08-29 21:42:44 - INFO - Training model: bottom_right-original-top_right-tda
2025-08-29 21:42:53 - INFO - Model bottom_right-original-top_right-tda completed in 8.55 seconds.
2025-08-29 21:42:53 - INFO - >>> Model bottom_right-original-top_right-tda trained. Accuracy: 0.7667 (8.55 sec.)
2025-08-29 21:42:53 - INFO - Training model: original-top_right-bottom_left-top_left
2025-08-29 21:43:01 - INFO - Model original-top_right-bottom_left-top_left completed in 8.36 seconds.
2025-08-29 21:43:01 - INFO - >>> Model original-top_right-bottom_left-top_left trained. Accuracy: 0.6000 (8.36 sec.)
2025-08-29 21:43:01 - INFO - Training model: tda-original-top_right-top_left
2025-08-29 21:43:10 - INFO - Model tda-original-top_right-top_left completed in 8.50 seconds.
2025-08-29 21:43:10 - INFO - >>> Model tda-original-top_right-top_left trained. Accuracy: 0.8000 (8.50 sec.)
2025-08-29 21:43:10 - INFO - Training model: original-top_right-bottom_left-tda
2025-08-29 21:43:18 - INFO - Model original-top_right-bottom_left-tda completed in 8.30 seconds.
2025-08-29 21:43:18 - INFO - >>> Model original-top_right-bottom_left-tda trained. Accuracy: 0.8333 (8.30 sec.)
2025-08-29 21:43:18 - INFO - Training model: bottom_right-original-bottom_left-top_left
2025-08-29 21:43:26 - INFO - Model bottom_right-original-bottom_left-top_left completed in 8.25 seconds.
2025-08-29 21:43:26 - INFO - >>> Model bottom_right-original-bottom_left-top_left trained. Accuracy: 0.6333 (8.25 sec.)
2025-08-29 21:43:26 - INFO - Training model: bottom_right-original-tda-top_left
2025-08-29 21:43:35 - INFO - Model bottom_right-original-tda-top_left completed in 8.34 seconds.
2025-08-29 21:43:35 - INFO - >>> Model bottom_right-original-tda-top_left trained. Accuracy: 0.7333 (8.34 sec.)
2025-08-29 21:43:35 - INFO - Training model: bottom_right-original-bottom_left-tda
2025-08-29 21:43:43 - INFO - Model bottom_right-original-bottom_left-tda completed in 8.56 seconds.
2025-08-29 21:43:43 - INFO - >>> Model bottom_right-original-bottom_left-tda trained. Accuracy: 0.7333 (8.56 sec.)
2025-08-29 21:43:43 - INFO - Training model: tda-original-bottom_left-top_left
2025-08-29 21:43:52 - INFO - Model tda-original-bottom_left-top_left completed in 8.28 seconds.
2025-08-29 21:43:52 - INFO - >>> Model tda-original-bottom_left-top_left trained. Accuracy: 0.6333 (8.28 sec.)
2025-08-29 21:43:52 - INFO - Training model: top_right-bottom_right-top_left-bottom_left-original
2025-08-29 21:44:02 - INFO - Model top_right-bottom_right-top_left-bottom_left-original completed in 10.40 seconds.
2025-08-29 21:44:02 - INFO - >>> Model top_right-bottom_right-top_left-bottom_left-original trained. Accuracy: 0.6667 (10.40 sec.)
2025-08-29 21:44:02 - INFO - Training model: top_right-bottom_right-top_left-tda-original
2025-08-29 21:44:12 - INFO - Model top_right-bottom_right-top_left-tda-original completed in 10.31 seconds.
2025-08-29 21:44:12 - INFO - >>> Model top_right-bottom_right-top_left-tda-original trained. Accuracy: 0.7333 (10.31 sec.)
2025-08-29 21:44:12 - INFO - Training model: top_right-bottom_right-bottom_left-tda-original
2025-08-29 21:44:23 - INFO - Model top_right-bottom_right-bottom_left-tda-original completed in 10.54 seconds.
2025-08-29 21:44:23 - INFO - >>> Model top_right-bottom_right-bottom_left-tda-original trained. Accuracy: 0.7667 (10.54 sec.)
2025-08-29 21:44:23 - INFO - Training model: top_right-top_left-bottom_left-tda-original
2025-08-29 21:44:33 - INFO - Model top_right-top_left-bottom_left-tda-original completed in 10.44 seconds.
2025-08-29 21:44:33 - INFO - >>> Model top_right-top_left-bottom_left-tda-original trained. Accuracy: 0.7333 (10.44 sec.)
2025-08-29 21:44:33 - INFO - Training model: bottom_right-top_left-bottom_left-tda-original
2025-08-29 21:44:44 - INFO - Model bottom_right-top_left-bottom_left-tda-original completed in 10.46 seconds.
2025-08-29 21:44:44 - INFO - >>> Model bottom_right-top_left-bottom_left-tda-original trained. Accuracy: 0.6000 (10.46 sec.)
2025-08-29 21:44:44 - INFO - Training model: top_right-bottom_right-top_left-bottom_left-tda-original
2025-08-29 21:44:56 - INFO - Model top_right-bottom_right-top_left-bottom_left-tda-original completed in 12.47 seconds.
2025-08-29 21:44:56 - INFO - >>> Model top_right-bottom_right-top_left-bottom_left-tda-original trained. Accuracy: 0.7667 (12.47 sec.)
2025-08-29 21:44:56 - INFO - All models trained successfully.
2025-08-29 21:44:56 - INFO - ========== [Model Training Completed] in 3.87 minutes ==========
2025-08-29 21:44:56 - INFO - ========== [Experiment Training Complete] ==========
2025-08-29 21:44:56 - INFO - Results saved to /home/jovyan/Workspace/mnist/results/exp_icecream_mlp_100sample/exp_icecream_mlp_100sample_2025-08-29_21-44-56.json
2025-08-29 21:44:56 - INFO - Results successfully saved to /home/jovyan/Workspace/mnist/results/exp_icecream_mlp_100sample/exp_icecream_mlp_100sample_2025-08-29_21-44-56.json
2025-08-29 21:44:56 - INFO - Forced Garbage collection executed to Free Memory.
2025-08-29 21:44:56 - INFO - ========== [Experiment Completed] in 3.91 minutes ==========
