2025-08-29 15:02:44 - INFO - Logging initialized.
 Writing to /home/jovyan/Workspace/mnist/logs/exp_icecream_mlp_100sample/experiment_logs_2025-08-29_15-02-44.log
2025-08-29 15:02:44 - INFO - ========== [Experiment Start] ==========
2025-08-29 15:02:44 - INFO - Views combinations successfully generated.
2025-08-29 15:02:44 - INFO - Topological Data Analysis pipeline generated.
2025-08-29 15:02:44 - INFO - Folder to save results has been created.
2025-08-29 15:02:44 - INFO - Reading dataset from mnist_784.csv (chunk size: 70000).
2025-08-29 15:02:45 - INFO - Starting multiview data preparation for a chunk of size (70000, 784)...
2025-08-29 15:02:45 - INFO - Running using 28 jobs.
2025-08-29 15:02:45 - INFO - Splitting data: 80.0% train / 30.0% test (random_state=202962277)
2025-08-29 15:02:45 - INFO - Using full training data without second split.
2025-08-29 15:02:45 - INFO - Data split complete. Train size: (70, 784), Test size: (30, 784)
2025-08-29 15:02:45 - INFO - Reshaping train and test data into square images...
2025-08-29 15:02:45 - INFO - Reshaping complete. Train images shape: (70, 28, 28), Test images shape: (30, 28, 28)
2025-08-29 15:02:45 - INFO - Splitting images into quadrant views...
2025-08-29 15:02:45 - INFO - Quadrant view splitting complete. Train views: 4, Test views: 4
2025-08-29 15:02:45 - INFO - Starting TDA pipeline transformation on train data...
2025-08-29 15:02:46 - INFO - TDA transformation for train completed (0.02 minutes).
2025-08-29 15:02:46 - INFO - Applying TDA pipeline transformation on test data...
2025-08-29 15:02:47 - INFO - TDA transformation for test completed (0.01 minutes).
2025-08-29 15:02:47 - INFO - ========== [Model Training Start] ==========
2025-08-29 15:02:47 - INFO - Training model: original
2025-08-29 15:02:47 - INFO - Model original completed in 0.09 seconds.
2025-08-29 15:02:47 - INFO - >>> Model original trained. Accuracy: 0.6667 (0.09 sec.)
2025-08-29 15:02:47 - INFO - Training model: original-bottom_right
2025-08-29 15:02:51 - INFO - Model original-bottom_right completed in 4.18 seconds.
2025-08-29 15:02:51 - INFO - >>> Model original-bottom_right trained. Accuracy: 0.5667 (4.18 sec.)
2025-08-29 15:02:51 - INFO - Training model: tda-original
2025-08-29 15:02:55 - INFO - Model tda-original completed in 4.07 seconds.
2025-08-29 15:02:55 - INFO - >>> Model tda-original trained. Accuracy: 0.7667 (4.07 sec.)
2025-08-29 15:02:55 - INFO - Training model: top_right-original
2025-08-29 15:02:59 - INFO - Model top_right-original completed in 4.12 seconds.
2025-08-29 15:02:59 - INFO - >>> Model top_right-original trained. Accuracy: 0.6000 (4.12 sec.)
2025-08-29 15:02:59 - INFO - Training model: original-top_left
2025-08-29 15:03:03 - INFO - Model original-top_left completed in 4.05 seconds.
2025-08-29 15:03:03 - INFO - >>> Model original-top_left trained. Accuracy: 0.5333 (4.05 sec.)
2025-08-29 15:03:03 - INFO - Training model: original-bottom_left
2025-08-29 15:03:07 - INFO - Model original-bottom_left completed in 4.13 seconds.
2025-08-29 15:03:07 - INFO - >>> Model original-bottom_left trained. Accuracy: 0.6667 (4.13 sec.)
2025-08-29 15:03:07 - INFO - Training model: tda-original-bottom_right
2025-08-29 15:03:14 - INFO - Model tda-original-bottom_right completed in 6.34 seconds.
2025-08-29 15:03:14 - INFO - >>> Model tda-original-bottom_right trained. Accuracy: 0.7333 (6.34 sec.)
2025-08-29 15:03:14 - INFO - Training model: top_right-original-bottom_right
2025-08-29 15:03:20 - INFO - Model top_right-original-bottom_right completed in 6.29 seconds.
2025-08-29 15:03:20 - INFO - >>> Model top_right-original-bottom_right trained. Accuracy: 0.5333 (6.29 sec.)
2025-08-29 15:03:20 - INFO - Training model: original-bottom_right-top_left
2025-08-29 15:03:26 - INFO - Model original-bottom_right-top_left completed in 6.40 seconds.
2025-08-29 15:03:26 - INFO - >>> Model original-bottom_right-top_left trained. Accuracy: 0.5333 (6.40 sec.)
2025-08-29 15:03:26 - INFO - Training model: original-bottom_right-bottom_left
2025-08-29 15:03:33 - INFO - Model original-bottom_right-bottom_left completed in 6.16 seconds.
2025-08-29 15:03:33 - INFO - >>> Model original-bottom_right-bottom_left trained. Accuracy: 0.6667 (6.16 sec.)
2025-08-29 15:03:33 - INFO - Training model: tda-top_right-original
2025-08-29 15:03:37 - INFO - Model tda-top_right-original completed in 4.49 seconds.
2025-08-29 15:03:37 - INFO - >>> Model tda-top_right-original trained. Accuracy: 0.7667 (4.49 sec.)
2025-08-29 15:03:37 - INFO - Training model: tda-original-top_left
2025-08-29 15:03:43 - INFO - Model tda-original-top_left completed in 5.85 seconds.
2025-08-29 15:03:43 - INFO - >>> Model tda-original-top_left trained. Accuracy: 0.7667 (5.85 sec.)
2025-08-29 15:03:43 - INFO - Training model: tda-original-bottom_left
2025-08-29 15:03:49 - INFO - Model tda-original-bottom_left completed in 6.04 seconds.
2025-08-29 15:03:49 - INFO - >>> Model tda-original-bottom_left trained. Accuracy: 0.7667 (6.04 sec.)
2025-08-29 15:03:49 - INFO - Training model: top_right-original-top_left
2025-08-29 15:03:55 - INFO - Model top_right-original-top_left completed in 6.31 seconds.
2025-08-29 15:03:55 - INFO - >>> Model top_right-original-top_left trained. Accuracy: 0.5667 (6.31 sec.)
2025-08-29 15:03:55 - INFO - Training model: top_right-original-bottom_left
2025-08-29 15:04:02 - INFO - Model top_right-original-bottom_left completed in 6.47 seconds.
2025-08-29 15:04:02 - INFO - >>> Model top_right-original-bottom_left trained. Accuracy: 0.6333 (6.47 sec.)
2025-08-29 15:04:02 - INFO - Training model: original-top_left-bottom_left
2025-08-29 15:04:08 - INFO - Model original-top_left-bottom_left completed in 6.37 seconds.
2025-08-29 15:04:08 - INFO - >>> Model original-top_left-bottom_left trained. Accuracy: 0.5000 (6.37 sec.)
2025-08-29 15:04:08 - INFO - Training model: tda-top_right-original-bottom_right
2025-08-29 15:04:17 - INFO - Model tda-top_right-original-bottom_right completed in 8.47 seconds.
2025-08-29 15:04:17 - INFO - >>> Model tda-top_right-original-bottom_right trained. Accuracy: 0.8000 (8.47 sec.)
2025-08-29 15:04:17 - INFO - Training model: tda-original-bottom_right-top_left
2025-08-29 15:04:25 - INFO - Model tda-original-bottom_right-top_left completed in 8.41 seconds.
2025-08-29 15:04:25 - INFO - >>> Model tda-original-bottom_right-top_left trained. Accuracy: 0.7667 (8.41 sec.)
2025-08-29 15:04:25 - INFO - Training model: tda-original-bottom_right-bottom_left
2025-08-29 15:04:33 - INFO - Model tda-original-bottom_right-bottom_left completed in 8.27 seconds.
2025-08-29 15:04:33 - INFO - >>> Model tda-original-bottom_right-bottom_left trained. Accuracy: 0.7667 (8.27 sec.)
2025-08-29 15:04:33 - INFO - Training model: top_right-original-bottom_right-top_left
2025-08-29 15:04:41 - INFO - Model top_right-original-bottom_right-top_left completed in 8.04 seconds.
2025-08-29 15:04:41 - INFO - >>> Model top_right-original-bottom_right-top_left trained. Accuracy: 0.5667 (8.04 sec.)
2025-08-29 15:04:41 - INFO - Training model: top_right-original-bottom_right-bottom_left
2025-08-29 15:04:50 - INFO - Model top_right-original-bottom_right-bottom_left completed in 8.18 seconds.
2025-08-29 15:04:50 - INFO - >>> Model top_right-original-bottom_right-bottom_left trained. Accuracy: 0.7000 (8.18 sec.)
2025-08-29 15:04:50 - INFO - Training model: original-bottom_right-top_left-bottom_left
2025-08-29 15:04:58 - INFO - Model original-bottom_right-top_left-bottom_left completed in 8.56 seconds.
2025-08-29 15:04:58 - INFO - >>> Model original-bottom_right-top_left-bottom_left trained. Accuracy: 0.6333 (8.56 sec.)
2025-08-29 15:04:58 - INFO - Training model: tda-top_right-original-top_left
2025-08-29 15:05:07 - INFO - Model tda-top_right-original-top_left completed in 8.76 seconds.
2025-08-29 15:05:07 - INFO - >>> Model tda-top_right-original-top_left trained. Accuracy: 0.7000 (8.76 sec.)
2025-08-29 15:05:07 - INFO - Training model: tda-top_right-original-bottom_left
2025-08-29 15:05:15 - INFO - Model tda-top_right-original-bottom_left completed in 8.40 seconds.
2025-08-29 15:05:15 - INFO - >>> Model tda-top_right-original-bottom_left trained. Accuracy: 0.8000 (8.40 sec.)
2025-08-29 15:05:15 - INFO - Training model: tda-original-top_left-bottom_left
2025-08-29 15:05:24 - INFO - Model tda-original-top_left-bottom_left completed in 8.45 seconds.
2025-08-29 15:05:24 - INFO - >>> Model tda-original-top_left-bottom_left trained. Accuracy: 0.7667 (8.45 sec.)
2025-08-29 15:05:24 - INFO - Training model: top_right-original-top_left-bottom_left
2025-08-29 15:05:32 - INFO - Model top_right-original-top_left-bottom_left completed in 8.43 seconds.
2025-08-29 15:05:32 - INFO - >>> Model top_right-original-top_left-bottom_left trained. Accuracy: 0.6667 (8.43 sec.)
2025-08-29 15:05:32 - INFO - Training model: bottom_right-original-tda-top_right-top_left
2025-08-29 15:05:43 - INFO - Model bottom_right-original-tda-top_right-top_left completed in 10.68 seconds.
2025-08-29 15:05:43 - INFO - >>> Model bottom_right-original-tda-top_right-top_left trained. Accuracy: 0.8000 (10.68 sec.)
2025-08-29 15:05:43 - INFO - Training model: bottom_right-original-tda-top_right-bottom_left
2025-08-29 15:05:53 - INFO - Model bottom_right-original-tda-top_right-bottom_left completed in 10.60 seconds.
2025-08-29 15:05:53 - INFO - >>> Model bottom_right-original-tda-top_right-bottom_left trained. Accuracy: 0.8000 (10.60 sec.)
2025-08-29 15:05:54 - INFO - Training model: bottom_right-original-tda-top_left-bottom_left
2025-08-29 15:06:04 - INFO - Model bottom_right-original-tda-top_left-bottom_left completed in 10.70 seconds.
2025-08-29 15:06:04 - INFO - >>> Model bottom_right-original-tda-top_left-bottom_left trained. Accuracy: 0.7667 (10.70 sec.)
2025-08-29 15:06:04 - INFO - Training model: bottom_right-original-top_right-top_left-bottom_left
2025-08-29 15:06:15 - INFO - Model bottom_right-original-top_right-top_left-bottom_left completed in 10.74 seconds.
2025-08-29 15:06:15 - INFO - >>> Model bottom_right-original-top_right-top_left-bottom_left trained. Accuracy: 0.6667 (10.74 sec.)
2025-08-29 15:06:15 - INFO - Training model: original-tda-top_right-top_left-bottom_left
2025-08-29 15:06:26 - INFO - Model original-tda-top_right-top_left-bottom_left completed in 10.68 seconds.
2025-08-29 15:06:26 - INFO - >>> Model original-tda-top_right-top_left-bottom_left trained. Accuracy: 0.7667 (10.68 sec.)
2025-08-29 15:06:26 - INFO - Training model: bottom_right-original-tda-top_right-top_left-bottom_left
2025-08-29 15:06:38 - INFO - Model bottom_right-original-tda-top_right-top_left-bottom_left completed in 12.83 seconds.
2025-08-29 15:06:38 - INFO - >>> Model bottom_right-original-tda-top_right-top_left-bottom_left trained. Accuracy: 0.8000 (12.83 sec.)
2025-08-29 15:06:38 - INFO - All models trained successfully.
2025-08-29 15:06:38 - INFO - ========== [Model Training Completed] in 3.86 minutes ==========
2025-08-29 15:06:38 - INFO - ========== [Experiment Training Complete] ==========
2025-08-29 15:06:38 - INFO - Results saved to /home/jovyan/Workspace/mnist/results/exp_icecream_mlp_100sample/exp_icecream_mlp_100sample_2025-08-29_15-06-38.json
2025-08-29 15:06:38 - INFO - Results successfully saved to /home/jovyan/Workspace/mnist/results/exp_icecream_mlp_100sample/exp_icecream_mlp_100sample_2025-08-29_15-06-38.json
2025-08-29 15:06:38 - INFO - Forced Garbage collection executed to Free Memory.
2025-08-29 15:06:39 - INFO - ========== [Experiment Completed] in 3.91 minutes ==========
