2025-08-29 19:43:08 - INFO - Logging initialized.
 Writing to /home/jovyan/Workspace/mnist/logs/exp_icecream_mlp_100sample/experiment_logs_2025-08-29_19-43-08.log
2025-08-29 19:43:08 - INFO - ========== [Experiment Start] ==========
2025-08-29 19:43:08 - INFO - Views combinations successfully generated.
2025-08-29 19:43:08 - INFO - Topological Data Analysis pipeline generated.
2025-08-29 19:43:08 - INFO - Folder to save results has been created.
2025-08-29 19:43:08 - INFO - Reading dataset from mnist_784.csv (chunk size: 70000).
2025-08-29 19:43:09 - INFO - Starting multiview data preparation for a chunk of size (70000, 784)...
2025-08-29 19:43:09 - INFO - Running using 28 jobs.
2025-08-29 19:43:09 - INFO - Splitting data: 80.0% train / 30.0% test (random_state=851363085)
2025-08-29 19:43:09 - INFO - Using full training data without second split.
2025-08-29 19:43:09 - INFO - Data split complete. Train size: (70, 784), Test size: (30, 784)
2025-08-29 19:43:09 - INFO - Reshaping train and test data into square images...
2025-08-29 19:43:09 - INFO - Reshaping complete. Train images shape: (70, 28, 28), Test images shape: (30, 28, 28)
2025-08-29 19:43:09 - INFO - Splitting images into quadrant views...
2025-08-29 19:43:09 - INFO - Quadrant view splitting complete. Train views: 4, Test views: 4
2025-08-29 19:43:09 - INFO - Starting TDA pipeline transformation on train data...
2025-08-29 19:43:10 - INFO - TDA transformation for train completed (0.02 minutes).
2025-08-29 19:43:10 - INFO - Applying TDA pipeline transformation on test data...
2025-08-29 19:43:11 - INFO - TDA transformation for test completed (0.01 minutes).
2025-08-29 19:43:11 - INFO - ========== [Model Training Start] ==========
2025-08-29 19:43:11 - INFO - Training model: original
2025-08-29 19:43:11 - INFO - Model original completed in 0.10 seconds.
2025-08-29 19:43:11 - INFO - >>> Model original trained. Accuracy: 0.5667 (0.10 sec.)
2025-08-29 19:43:11 - INFO - Training model: original-bottom_right
2025-08-29 19:43:14 - INFO - Model original-bottom_right completed in 3.27 seconds.
2025-08-29 19:43:14 - INFO - >>> Model original-bottom_right trained. Accuracy: 0.4667 (3.27 sec.)
2025-08-29 19:43:14 - INFO - Training model: tda-original
2025-08-29 19:43:18 - INFO - Model tda-original completed in 3.61 seconds.
2025-08-29 19:43:18 - INFO - >>> Model tda-original trained. Accuracy: 0.6333 (3.61 sec.)
2025-08-29 19:43:18 - INFO - Training model: top_right-original
2025-08-29 19:43:22 - INFO - Model top_right-original completed in 3.47 seconds.
2025-08-29 19:43:22 - INFO - >>> Model top_right-original trained. Accuracy: 0.4667 (3.47 sec.)
2025-08-29 19:43:22 - INFO - Training model: original-top_left
2025-08-29 19:43:25 - INFO - Model original-top_left completed in 3.69 seconds.
2025-08-29 19:43:25 - INFO - >>> Model original-top_left trained. Accuracy: 0.3667 (3.69 sec.)
2025-08-29 19:43:25 - INFO - Training model: original-bottom_left
2025-08-29 19:43:29 - INFO - Model original-bottom_left completed in 3.64 seconds.
2025-08-29 19:43:29 - INFO - >>> Model original-bottom_left trained. Accuracy: 0.4333 (3.64 sec.)
2025-08-29 19:43:29 - INFO - Training model: tda-original-bottom_right
2025-08-29 19:43:35 - INFO - Model tda-original-bottom_right completed in 5.81 seconds.
2025-08-29 19:43:35 - INFO - >>> Model tda-original-bottom_right trained. Accuracy: 0.6333 (5.81 sec.)
2025-08-29 19:43:35 - INFO - Training model: top_right-original-bottom_right
2025-08-29 19:43:40 - INFO - Model top_right-original-bottom_right completed in 5.62 seconds.
2025-08-29 19:43:40 - INFO - >>> Model top_right-original-bottom_right trained. Accuracy: 0.5667 (5.62 sec.)
2025-08-29 19:43:40 - INFO - Training model: original-bottom_right-top_left
2025-08-29 19:43:46 - INFO - Model original-bottom_right-top_left completed in 5.87 seconds.
2025-08-29 19:43:46 - INFO - >>> Model original-bottom_right-top_left trained. Accuracy: 0.4667 (5.87 sec.)
2025-08-29 19:43:46 - INFO - Training model: original-bottom_right-bottom_left
2025-08-29 19:43:52 - INFO - Model original-bottom_right-bottom_left completed in 5.67 seconds.
2025-08-29 19:43:52 - INFO - >>> Model original-bottom_right-bottom_left trained. Accuracy: 0.4000 (5.67 sec.)
2025-08-29 19:43:52 - INFO - Training model: tda-top_right-original
2025-08-29 19:43:58 - INFO - Model tda-top_right-original completed in 5.76 seconds.
2025-08-29 19:43:58 - INFO - >>> Model tda-top_right-original trained. Accuracy: 0.6333 (5.76 sec.)
2025-08-29 19:43:58 - INFO - Training model: tda-original-top_left
2025-08-29 19:44:04 - INFO - Model tda-original-top_left completed in 5.89 seconds.
2025-08-29 19:44:04 - INFO - >>> Model tda-original-top_left trained. Accuracy: 0.6333 (5.89 sec.)
2025-08-29 19:44:04 - INFO - Training model: tda-original-bottom_left
2025-08-29 19:44:09 - INFO - Model tda-original-bottom_left completed in 5.68 seconds.
2025-08-29 19:44:09 - INFO - >>> Model tda-original-bottom_left trained. Accuracy: 0.6000 (5.68 sec.)
2025-08-29 19:44:09 - INFO - Training model: top_right-original-top_left
2025-08-29 19:44:15 - INFO - Model top_right-original-top_left completed in 5.72 seconds.
2025-08-29 19:44:15 - INFO - >>> Model top_right-original-top_left trained. Accuracy: 0.3667 (5.72 sec.)
2025-08-29 19:44:15 - INFO - Training model: top_right-original-bottom_left
2025-08-29 19:44:21 - INFO - Model top_right-original-bottom_left completed in 5.90 seconds.
2025-08-29 19:44:21 - INFO - >>> Model top_right-original-bottom_left trained. Accuracy: 0.4667 (5.90 sec.)
2025-08-29 19:44:21 - INFO - Training model: original-top_left-bottom_left
2025-08-29 19:44:27 - INFO - Model original-top_left-bottom_left completed in 5.62 seconds.
2025-08-29 19:44:27 - INFO - >>> Model original-top_left-bottom_left trained. Accuracy: 0.5000 (5.62 sec.)
2025-08-29 19:44:27 - INFO - Training model: tda-top_right-original-bottom_right
2025-08-29 19:44:35 - INFO - Model tda-top_right-original-bottom_right completed in 8.01 seconds.
2025-08-29 19:44:35 - INFO - >>> Model tda-top_right-original-bottom_right trained. Accuracy: 0.6333 (8.01 sec.)
2025-08-29 19:44:35 - INFO - Training model: tda-original-bottom_right-top_left
2025-08-29 19:44:42 - INFO - Model tda-original-bottom_right-top_left completed in 7.73 seconds.
2025-08-29 19:44:42 - INFO - >>> Model tda-original-bottom_right-top_left trained. Accuracy: 0.6667 (7.73 sec.)
2025-08-29 19:44:42 - INFO - Training model: tda-original-bottom_right-bottom_left
2025-08-29 19:44:50 - INFO - Model tda-original-bottom_right-bottom_left completed in 8.01 seconds.
2025-08-29 19:44:50 - INFO - >>> Model tda-original-bottom_right-bottom_left trained. Accuracy: 0.6000 (8.01 sec.)
2025-08-29 19:44:50 - INFO - Training model: top_right-original-bottom_right-top_left
2025-08-29 19:44:58 - INFO - Model top_right-original-bottom_right-top_left completed in 8.06 seconds.
2025-08-29 19:44:58 - INFO - >>> Model top_right-original-bottom_right-top_left trained. Accuracy: 0.4667 (8.06 sec.)
2025-08-29 19:44:58 - INFO - Training model: top_right-original-bottom_right-bottom_left
2025-08-29 19:45:06 - INFO - Model top_right-original-bottom_right-bottom_left completed in 7.81 seconds.
2025-08-29 19:45:06 - INFO - >>> Model top_right-original-bottom_right-bottom_left trained. Accuracy: 0.4667 (7.81 sec.)
2025-08-29 19:45:06 - INFO - Training model: original-bottom_right-top_left-bottom_left
2025-08-29 19:45:14 - INFO - Model original-bottom_right-top_left-bottom_left completed in 7.81 seconds.
2025-08-29 19:45:14 - INFO - >>> Model original-bottom_right-top_left-bottom_left trained. Accuracy: 0.4333 (7.81 sec.)
2025-08-29 19:45:14 - INFO - Training model: tda-top_right-original-top_left
2025-08-29 19:45:22 - INFO - Model tda-top_right-original-top_left completed in 7.79 seconds.
2025-08-29 19:45:22 - INFO - >>> Model tda-top_right-original-top_left trained. Accuracy: 0.6333 (7.79 sec.)
2025-08-29 19:45:22 - INFO - Training model: tda-top_right-original-bottom_left
2025-08-29 19:45:30 - INFO - Model tda-top_right-original-bottom_left completed in 7.72 seconds.
2025-08-29 19:45:30 - INFO - >>> Model tda-top_right-original-bottom_left trained. Accuracy: 0.6000 (7.72 sec.)
2025-08-29 19:45:30 - INFO - Training model: tda-original-top_left-bottom_left
2025-08-29 19:45:37 - INFO - Model tda-original-top_left-bottom_left completed in 7.83 seconds.
2025-08-29 19:45:37 - INFO - >>> Model tda-original-top_left-bottom_left trained. Accuracy: 0.6667 (7.83 sec.)
2025-08-29 19:45:37 - INFO - Training model: top_right-original-top_left-bottom_left
2025-08-29 19:45:45 - INFO - Model top_right-original-top_left-bottom_left completed in 7.79 seconds.
2025-08-29 19:45:45 - INFO - >>> Model top_right-original-top_left-bottom_left trained. Accuracy: 0.4667 (7.79 sec.)
2025-08-29 19:45:45 - INFO - Training model: bottom_right-original-tda-top_right-top_left
2025-08-29 19:45:55 - INFO - Model bottom_right-original-tda-top_right-top_left completed in 9.95 seconds.
2025-08-29 19:45:55 - INFO - >>> Model bottom_right-original-tda-top_right-top_left trained. Accuracy: 0.6667 (9.95 sec.)
2025-08-29 19:45:55 - INFO - Training model: bottom_right-original-tda-top_right-bottom_left
2025-08-29 19:46:05 - INFO - Model bottom_right-original-tda-top_right-bottom_left completed in 9.85 seconds.
2025-08-29 19:46:05 - INFO - >>> Model bottom_right-original-tda-top_right-bottom_left trained. Accuracy: 0.6667 (9.85 sec.)
2025-08-29 19:46:05 - INFO - Training model: bottom_right-original-tda-top_left-bottom_left
2025-08-29 19:46:15 - INFO - Model bottom_right-original-tda-top_left-bottom_left completed in 10.06 seconds.
2025-08-29 19:46:15 - INFO - >>> Model bottom_right-original-tda-top_left-bottom_left trained. Accuracy: 0.6667 (10.06 sec.)
2025-08-29 19:46:15 - INFO - Training model: bottom_right-original-top_right-top_left-bottom_left
2025-08-29 19:46:25 - INFO - Model bottom_right-original-top_right-top_left-bottom_left completed in 9.94 seconds.
2025-08-29 19:46:25 - INFO - >>> Model bottom_right-original-top_right-top_left-bottom_left trained. Accuracy: 0.5000 (9.94 sec.)
2025-08-29 19:46:25 - INFO - Training model: original-tda-top_right-top_left-bottom_left
2025-08-29 19:46:35 - INFO - Model original-tda-top_right-top_left-bottom_left completed in 9.83 seconds.
2025-08-29 19:46:35 - INFO - >>> Model original-tda-top_right-top_left-bottom_left trained. Accuracy: 0.6000 (9.83 sec.)
2025-08-29 19:46:35 - INFO - Training model: bottom_right-original-tda-top_right-top_left-bottom_left
2025-08-29 19:46:47 - INFO - Model bottom_right-original-tda-top_right-top_left-bottom_left completed in 12.06 seconds.
2025-08-29 19:46:47 - INFO - >>> Model bottom_right-original-tda-top_right-top_left-bottom_left trained. Accuracy: 0.6667 (12.06 sec.)
2025-08-29 19:46:47 - INFO - All models trained successfully.
2025-08-29 19:46:47 - INFO - ========== [Model Training Completed] in 3.60 minutes ==========
2025-08-29 19:46:47 - INFO - ========== [Experiment Training Complete] ==========
2025-08-29 19:46:47 - INFO - Results saved to /home/jovyan/Workspace/mnist/results/exp_icecream_mlp_100sample/exp_icecream_mlp_100sample_2025-08-29_19-46-47.json
2025-08-29 19:46:47 - INFO - Results successfully saved to /home/jovyan/Workspace/mnist/results/exp_icecream_mlp_100sample/exp_icecream_mlp_100sample_2025-08-29_19-46-47.json
2025-08-29 19:46:47 - INFO - Forced Garbage collection executed to Free Memory.
2025-08-29 19:46:47 - INFO - ========== [Experiment Completed] in 3.65 minutes ==========
