2025-08-29 18:27:52 - INFO - Logging initialized.
 Writing to /home/jovyan/Workspace/mnist/logs/exp_icecream_mlp_100sample/experiment_logs_2025-08-29_18-27-52.log
2025-08-29 18:27:52 - INFO - ========== [Experiment Start] ==========
2025-08-29 18:27:52 - INFO - Views combinations successfully generated.
2025-08-29 18:27:52 - INFO - Topological Data Analysis pipeline generated.
2025-08-29 18:27:52 - INFO - Folder to save results has been created.
2025-08-29 18:27:52 - INFO - Reading dataset from mnist_784.csv (chunk size: 70000).
2025-08-29 18:27:53 - INFO - Starting multiview data preparation for a chunk of size (70000, 784)...
2025-08-29 18:27:53 - INFO - Running using 28 jobs.
2025-08-29 18:27:53 - INFO - Splitting data: 80.0% train / 30.0% test (random_state=343120651)
2025-08-29 18:27:53 - INFO - Using full training data without second split.
2025-08-29 18:27:53 - INFO - Data split complete. Train size: (70, 784), Test size: (30, 784)
2025-08-29 18:27:53 - INFO - Reshaping train and test data into square images...
2025-08-29 18:27:53 - INFO - Reshaping complete. Train images shape: (70, 28, 28), Test images shape: (30, 28, 28)
2025-08-29 18:27:53 - INFO - Splitting images into quadrant views...
2025-08-29 18:27:53 - INFO - Quadrant view splitting complete. Train views: 4, Test views: 4
2025-08-29 18:27:53 - INFO - Starting TDA pipeline transformation on train data...
2025-08-29 18:27:54 - INFO - TDA transformation for train completed (0.01 minutes).
2025-08-29 18:27:54 - INFO - Applying TDA pipeline transformation on test data...
2025-08-29 18:27:54 - INFO - TDA transformation for test completed (0.01 minutes).
2025-08-29 18:27:54 - INFO - ========== [Model Training Start] ==========
2025-08-29 18:27:54 - INFO - Training model: original
2025-08-29 18:27:54 - INFO - Model original completed in 0.10 seconds.
2025-08-29 18:27:54 - INFO - >>> Model original trained. Accuracy: 0.7000 (0.10 sec.)
2025-08-29 18:27:54 - INFO - Training model: original-bottom_right
2025-08-29 18:27:58 - INFO - Model original-bottom_right completed in 4.06 seconds.
2025-08-29 18:27:58 - INFO - >>> Model original-bottom_right trained. Accuracy: 0.6333 (4.06 sec.)
2025-08-29 18:27:58 - INFO - Training model: tda-original
2025-08-29 18:28:02 - INFO - Model tda-original completed in 3.98 seconds.
2025-08-29 18:28:02 - INFO - >>> Model tda-original trained. Accuracy: 0.8000 (3.98 sec.)
2025-08-29 18:28:02 - INFO - Training model: top_right-original
2025-08-29 18:28:06 - INFO - Model top_right-original completed in 3.87 seconds.
2025-08-29 18:28:06 - INFO - >>> Model top_right-original trained. Accuracy: 0.6333 (3.87 sec.)
2025-08-29 18:28:06 - INFO - Training model: original-top_left
2025-08-29 18:28:10 - INFO - Model original-top_left completed in 3.98 seconds.
2025-08-29 18:28:10 - INFO - >>> Model original-top_left trained. Accuracy: 0.5000 (3.98 sec.)
2025-08-29 18:28:10 - INFO - Training model: original-bottom_left
2025-08-29 18:28:14 - INFO - Model original-bottom_left completed in 3.95 seconds.
2025-08-29 18:28:14 - INFO - >>> Model original-bottom_left trained. Accuracy: 0.6333 (3.95 sec.)
2025-08-29 18:28:14 - INFO - Training model: tda-original-bottom_right
2025-08-29 18:28:20 - INFO - Model tda-original-bottom_right completed in 6.18 seconds.
2025-08-29 18:28:20 - INFO - >>> Model tda-original-bottom_right trained. Accuracy: 0.8333 (6.18 sec.)
2025-08-29 18:28:20 - INFO - Training model: top_right-original-bottom_right
2025-08-29 18:28:26 - INFO - Model top_right-original-bottom_right completed in 6.15 seconds.
2025-08-29 18:28:26 - INFO - >>> Model top_right-original-bottom_right trained. Accuracy: 0.6333 (6.15 sec.)
2025-08-29 18:28:26 - INFO - Training model: original-bottom_right-top_left
2025-08-29 18:28:32 - INFO - Model original-bottom_right-top_left completed in 6.10 seconds.
2025-08-29 18:28:32 - INFO - >>> Model original-bottom_right-top_left trained. Accuracy: 0.5667 (6.10 sec.)
2025-08-29 18:28:32 - INFO - Training model: original-bottom_right-bottom_left
2025-08-29 18:28:38 - INFO - Model original-bottom_right-bottom_left completed in 6.04 seconds.
2025-08-29 18:28:39 - INFO - >>> Model original-bottom_right-bottom_left trained. Accuracy: 0.6000 (6.04 sec.)
2025-08-29 18:28:39 - INFO - Training model: tda-top_right-original
2025-08-29 18:28:45 - INFO - Model tda-top_right-original completed in 6.11 seconds.
2025-08-29 18:28:45 - INFO - >>> Model tda-top_right-original trained. Accuracy: 0.8000 (6.11 sec.)
2025-08-29 18:28:45 - INFO - Training model: tda-original-top_left
2025-08-29 18:28:51 - INFO - Model tda-original-top_left completed in 6.17 seconds.
2025-08-29 18:28:51 - INFO - >>> Model tda-original-top_left trained. Accuracy: 0.8000 (6.17 sec.)
2025-08-29 18:28:51 - INFO - Training model: tda-original-bottom_left
2025-08-29 18:28:57 - INFO - Model tda-original-bottom_left completed in 6.24 seconds.
2025-08-29 18:28:57 - INFO - >>> Model tda-original-bottom_left trained. Accuracy: 0.8000 (6.24 sec.)
2025-08-29 18:28:57 - INFO - Training model: top_right-original-top_left
2025-08-29 18:29:03 - INFO - Model top_right-original-top_left completed in 6.27 seconds.
2025-08-29 18:29:03 - INFO - >>> Model top_right-original-top_left trained. Accuracy: 0.5667 (6.27 sec.)
2025-08-29 18:29:03 - INFO - Training model: top_right-original-bottom_left
2025-08-29 18:29:09 - INFO - Model top_right-original-bottom_left completed in 6.10 seconds.
2025-08-29 18:29:09 - INFO - >>> Model top_right-original-bottom_left trained. Accuracy: 0.6000 (6.10 sec.)
2025-08-29 18:29:09 - INFO - Training model: original-top_left-bottom_left
2025-08-29 18:29:16 - INFO - Model original-top_left-bottom_left completed in 6.36 seconds.
2025-08-29 18:29:16 - INFO - >>> Model original-top_left-bottom_left trained. Accuracy: 0.6000 (6.36 sec.)
2025-08-29 18:29:16 - INFO - Training model: tda-top_right-original-bottom_right
2025-08-29 18:29:24 - INFO - Model tda-top_right-original-bottom_right completed in 8.27 seconds.
2025-08-29 18:29:24 - INFO - >>> Model tda-top_right-original-bottom_right trained. Accuracy: 0.7667 (8.27 sec.)
2025-08-29 18:29:24 - INFO - Training model: tda-original-bottom_right-top_left
2025-08-29 18:29:32 - INFO - Model tda-original-bottom_right-top_left completed in 8.21 seconds.
2025-08-29 18:29:32 - INFO - >>> Model tda-original-bottom_right-top_left trained. Accuracy: 0.8333 (8.21 sec.)
2025-08-29 18:29:32 - INFO - Training model: tda-original-bottom_right-bottom_left
2025-08-29 18:29:40 - INFO - Model tda-original-bottom_right-bottom_left completed in 8.17 seconds.
2025-08-29 18:29:40 - INFO - >>> Model tda-original-bottom_right-bottom_left trained. Accuracy: 0.8000 (8.17 sec.)
2025-08-29 18:29:40 - INFO - Training model: top_right-original-bottom_right-top_left
2025-08-29 18:29:49 - INFO - Model top_right-original-bottom_right-top_left completed in 8.30 seconds.
2025-08-29 18:29:49 - INFO - >>> Model top_right-original-bottom_right-top_left trained. Accuracy: 0.6333 (8.30 sec.)
2025-08-29 18:29:49 - INFO - Training model: top_right-original-bottom_right-bottom_left
2025-08-29 18:29:57 - INFO - Model top_right-original-bottom_right-bottom_left completed in 8.22 seconds.
2025-08-29 18:29:57 - INFO - >>> Model top_right-original-bottom_right-bottom_left trained. Accuracy: 0.7000 (8.22 sec.)
2025-08-29 18:29:57 - INFO - Training model: original-bottom_right-top_left-bottom_left
2025-08-29 18:30:06 - INFO - Model original-bottom_right-top_left-bottom_left completed in 8.51 seconds.
2025-08-29 18:30:06 - INFO - >>> Model original-bottom_right-top_left-bottom_left trained. Accuracy: 0.6667 (8.51 sec.)
2025-08-29 18:30:06 - INFO - Training model: tda-top_right-original-top_left
2025-08-29 18:30:14 - INFO - Model tda-top_right-original-top_left completed in 8.22 seconds.
2025-08-29 18:30:14 - INFO - >>> Model tda-top_right-original-top_left trained. Accuracy: 0.7667 (8.22 sec.)
2025-08-29 18:30:14 - INFO - Training model: tda-top_right-original-bottom_left
2025-08-29 18:30:22 - INFO - Model tda-top_right-original-bottom_left completed in 8.31 seconds.
2025-08-29 18:30:22 - INFO - >>> Model tda-top_right-original-bottom_left trained. Accuracy: 0.7667 (8.31 sec.)
2025-08-29 18:30:22 - INFO - Training model: tda-original-top_left-bottom_left
2025-08-29 18:30:30 - INFO - Model tda-original-top_left-bottom_left completed in 8.39 seconds.
2025-08-29 18:30:30 - INFO - >>> Model tda-original-top_left-bottom_left trained. Accuracy: 0.8333 (8.39 sec.)
2025-08-29 18:30:30 - INFO - Training model: top_right-original-top_left-bottom_left
2025-08-29 18:30:39 - INFO - Model top_right-original-top_left-bottom_left completed in 8.31 seconds.
2025-08-29 18:30:39 - INFO - >>> Model top_right-original-top_left-bottom_left trained. Accuracy: 0.6667 (8.31 sec.)
2025-08-29 18:30:39 - INFO - Training model: bottom_right-original-tda-top_right-top_left
2025-08-29 18:30:49 - INFO - Model bottom_right-original-tda-top_right-top_left completed in 10.49 seconds.
2025-08-29 18:30:49 - INFO - >>> Model bottom_right-original-tda-top_right-top_left trained. Accuracy: 0.8000 (10.49 sec.)
2025-08-29 18:30:49 - INFO - Training model: bottom_right-original-tda-top_right-bottom_left
2025-08-29 18:31:00 - INFO - Model bottom_right-original-tda-top_right-bottom_left completed in 10.51 seconds.
2025-08-29 18:31:00 - INFO - >>> Model bottom_right-original-tda-top_right-bottom_left trained. Accuracy: 0.7667 (10.51 sec.)
2025-08-29 18:31:00 - INFO - Training model: bottom_right-original-tda-top_left-bottom_left
2025-08-29 18:31:10 - INFO - Model bottom_right-original-tda-top_left-bottom_left completed in 10.36 seconds.
2025-08-29 18:31:10 - INFO - >>> Model bottom_right-original-tda-top_left-bottom_left trained. Accuracy: 0.8333 (10.36 sec.)
2025-08-29 18:31:10 - INFO - Training model: bottom_right-original-top_right-top_left-bottom_left
2025-08-29 18:31:21 - INFO - Model bottom_right-original-top_right-top_left-bottom_left completed in 10.45 seconds.
2025-08-29 18:31:21 - INFO - >>> Model bottom_right-original-top_right-top_left-bottom_left trained. Accuracy: 0.6667 (10.45 sec.)
2025-08-29 18:31:21 - INFO - Training model: original-tda-top_right-top_left-bottom_left
2025-08-29 18:31:31 - INFO - Model original-tda-top_right-top_left-bottom_left completed in 10.64 seconds.
2025-08-29 18:31:31 - INFO - >>> Model original-tda-top_right-top_left-bottom_left trained. Accuracy: 0.8000 (10.64 sec.)
2025-08-29 18:31:31 - INFO - Training model: bottom_right-original-tda-top_right-top_left-bottom_left
2025-08-29 18:31:44 - INFO - Model bottom_right-original-tda-top_right-top_left-bottom_left completed in 12.69 seconds.
2025-08-29 18:31:44 - INFO - >>> Model bottom_right-original-tda-top_right-top_left-bottom_left trained. Accuracy: 0.7667 (12.69 sec.)
2025-08-29 18:31:44 - INFO - All models trained successfully.
2025-08-29 18:31:44 - INFO - ========== [Model Training Completed] in 3.83 minutes ==========
2025-08-29 18:31:44 - INFO - ========== [Experiment Training Complete] ==========
2025-08-29 18:31:44 - INFO - Results saved to /home/jovyan/Workspace/mnist/results/exp_icecream_mlp_100sample/exp_icecream_mlp_100sample_2025-08-29_18-31-44.json
2025-08-29 18:31:44 - INFO - Results successfully saved to /home/jovyan/Workspace/mnist/results/exp_icecream_mlp_100sample/exp_icecream_mlp_100sample_2025-08-29_18-31-44.json
2025-08-29 18:31:44 - INFO - Forced Garbage collection executed to Free Memory.
2025-08-29 18:31:44 - INFO - ========== [Experiment Completed] in 3.87 minutes ==========
