2025-08-29 22:22:56 - INFO - Logging initialized.
 Writing to /home/jovyan/Workspace/mnist/logs/exp_icecream_mlp_100sample/experiment_logs_2025-08-29_22-22-56.log
2025-08-29 22:22:56 - INFO - ========== [Experiment Start] ==========
2025-08-29 22:22:56 - INFO - Views combinations successfully generated.
2025-08-29 22:22:56 - INFO - Topological Data Analysis pipeline generated.
2025-08-29 22:22:56 - INFO - Folder to save results has been created.
2025-08-29 22:22:56 - INFO - Reading dataset from mnist_784.csv (chunk size: 70000).
2025-08-29 22:22:57 - INFO - Starting multiview data preparation for a chunk of size (70000, 784)...
2025-08-29 22:22:57 - INFO - Running using 28 jobs.
2025-08-29 22:22:57 - INFO - Splitting data: 80.0% train / 30.0% test (random_state=668296105)
2025-08-29 22:22:57 - INFO - Using full training data without second split.
2025-08-29 22:22:57 - INFO - Data split complete. Train size: (70, 784), Test size: (30, 784)
2025-08-29 22:22:57 - INFO - Reshaping train and test data into square images...
2025-08-29 22:22:57 - INFO - Reshaping complete. Train images shape: (70, 28, 28), Test images shape: (30, 28, 28)
2025-08-29 22:22:57 - INFO - Splitting images into quadrant views...
2025-08-29 22:22:57 - INFO - Quadrant view splitting complete. Train views: 4, Test views: 4
2025-08-29 22:22:57 - INFO - Starting TDA pipeline transformation on train data...
2025-08-29 22:22:59 - INFO - TDA transformation for train completed (0.02 minutes).
2025-08-29 22:22:59 - INFO - Applying TDA pipeline transformation on test data...
2025-08-29 22:22:59 - INFO - TDA transformation for test completed (0.01 minutes).
2025-08-29 22:22:59 - INFO - ========== [Model Training Start] ==========
2025-08-29 22:22:59 - INFO - Training model: original
2025-08-29 22:22:59 - INFO - Model original completed in 0.09 seconds.
2025-08-29 22:22:59 - INFO - >>> Model original trained. Accuracy: 0.6000 (0.09 sec.)
2025-08-29 22:22:59 - INFO - Training model: original-top_right
2025-08-29 22:23:03 - INFO - Model original-top_right completed in 3.89 seconds.
2025-08-29 22:23:03 - INFO - >>> Model original-top_right trained. Accuracy: 0.5000 (3.89 sec.)
2025-08-29 22:23:03 - INFO - Training model: bottom_right-original
2025-08-29 22:23:07 - INFO - Model bottom_right-original completed in 4.10 seconds.
2025-08-29 22:23:07 - INFO - >>> Model bottom_right-original trained. Accuracy: 0.5667 (4.10 sec.)
2025-08-29 22:23:07 - INFO - Training model: original-top_left
2025-08-29 22:23:11 - INFO - Model original-top_left completed in 3.79 seconds.
2025-08-29 22:23:11 - INFO - >>> Model original-top_left trained. Accuracy: 0.5667 (3.79 sec.)
2025-08-29 22:23:11 - INFO - Training model: original-bottom_left
2025-08-29 22:23:15 - INFO - Model original-bottom_left completed in 3.99 seconds.
2025-08-29 22:23:15 - INFO - >>> Model original-bottom_left trained. Accuracy: 0.5667 (3.99 sec.)
2025-08-29 22:23:15 - INFO - Training model: original-tda
2025-08-29 22:23:19 - INFO - Model original-tda completed in 3.85 seconds.
2025-08-29 22:23:19 - INFO - >>> Model original-tda trained. Accuracy: 0.7333 (3.85 sec.)
2025-08-29 22:23:19 - INFO - Training model: bottom_right-original-top_right
2025-08-29 22:23:25 - INFO - Model bottom_right-original-top_right completed in 5.99 seconds.
2025-08-29 22:23:25 - INFO - >>> Model bottom_right-original-top_right trained. Accuracy: 0.6000 (5.99 sec.)
2025-08-29 22:23:25 - INFO - Training model: original-top_right-top_left
2025-08-29 22:23:31 - INFO - Model original-top_right-top_left completed in 5.76 seconds.
2025-08-29 22:23:31 - INFO - >>> Model original-top_right-top_left trained. Accuracy: 0.6000 (5.76 sec.)
2025-08-29 22:23:31 - INFO - Training model: original-top_right-bottom_left
2025-08-29 22:23:37 - INFO - Model original-top_right-bottom_left completed in 6.07 seconds.
2025-08-29 22:23:37 - INFO - >>> Model original-top_right-bottom_left trained. Accuracy: 0.6667 (6.07 sec.)
2025-08-29 22:23:37 - INFO - Training model: original-top_right-tda
2025-08-29 22:23:43 - INFO - Model original-top_right-tda completed in 6.25 seconds.
2025-08-29 22:23:43 - INFO - >>> Model original-top_right-tda trained. Accuracy: 0.6667 (6.25 sec.)
2025-08-29 22:23:43 - INFO - Training model: bottom_right-original-top_left
2025-08-29 22:23:49 - INFO - Model bottom_right-original-top_left completed in 6.36 seconds.
2025-08-29 22:23:49 - INFO - >>> Model bottom_right-original-top_left trained. Accuracy: 0.5667 (6.36 sec.)
2025-08-29 22:23:49 - INFO - Training model: bottom_right-original-bottom_left
2025-08-29 22:23:55 - INFO - Model bottom_right-original-bottom_left completed in 6.04 seconds.
2025-08-29 22:23:55 - INFO - >>> Model bottom_right-original-bottom_left trained. Accuracy: 0.5000 (6.04 sec.)
2025-08-29 22:23:55 - INFO - Training model: bottom_right-original-tda
2025-08-29 22:24:01 - INFO - Model bottom_right-original-tda completed in 5.99 seconds.
2025-08-29 22:24:01 - INFO - >>> Model bottom_right-original-tda trained. Accuracy: 0.7667 (5.99 sec.)
2025-08-29 22:24:01 - INFO - Training model: original-bottom_left-top_left
2025-08-29 22:24:07 - INFO - Model original-bottom_left-top_left completed in 6.00 seconds.
2025-08-29 22:24:07 - INFO - >>> Model original-bottom_left-top_left trained. Accuracy: 0.5667 (6.00 sec.)
2025-08-29 22:24:07 - INFO - Training model: tda-original-top_left
2025-08-29 22:24:14 - INFO - Model tda-original-top_left completed in 6.20 seconds.
2025-08-29 22:24:14 - INFO - >>> Model tda-original-top_left trained. Accuracy: 0.6667 (6.20 sec.)
2025-08-29 22:24:14 - INFO - Training model: original-bottom_left-tda
2025-08-29 22:24:18 - INFO - Model original-bottom_left-tda completed in 4.78 seconds.
2025-08-29 22:24:18 - INFO - >>> Model original-bottom_left-tda trained. Accuracy: 0.8000 (4.78 sec.)
2025-08-29 22:24:18 - INFO - Training model: bottom_right-original-top_right-top_left
2025-08-29 22:24:26 - INFO - Model bottom_right-original-top_right-top_left completed in 8.04 seconds.
2025-08-29 22:24:26 - INFO - >>> Model bottom_right-original-top_right-top_left trained. Accuracy: 0.5667 (8.04 sec.)
2025-08-29 22:24:26 - INFO - Training model: bottom_right-original-top_right-bottom_left
2025-08-29 22:24:34 - INFO - Model bottom_right-original-top_right-bottom_left completed in 7.80 seconds.
2025-08-29 22:24:34 - INFO - >>> Model bottom_right-original-top_right-bottom_left trained. Accuracy: 0.6667 (7.80 sec.)
2025-08-29 22:24:34 - INFO - Training model: bottom_right-original-top_right-tda
2025-08-29 22:24:43 - INFO - Model bottom_right-original-top_right-tda completed in 8.32 seconds.
2025-08-29 22:24:43 - INFO - >>> Model bottom_right-original-top_right-tda trained. Accuracy: 0.7333 (8.32 sec.)
2025-08-29 22:24:43 - INFO - Training model: original-top_right-bottom_left-top_left
2025-08-29 22:24:50 - INFO - Model original-top_right-bottom_left-top_left completed in 7.76 seconds.
2025-08-29 22:24:50 - INFO - >>> Model original-top_right-bottom_left-top_left trained. Accuracy: 0.6333 (7.76 sec.)
2025-08-29 22:24:50 - INFO - Training model: tda-original-top_right-top_left
2025-08-29 22:24:59 - INFO - Model tda-original-top_right-top_left completed in 8.15 seconds.
2025-08-29 22:24:59 - INFO - >>> Model tda-original-top_right-top_left trained. Accuracy: 0.6667 (8.15 sec.)
2025-08-29 22:24:59 - INFO - Training model: original-top_right-bottom_left-tda
2025-08-29 22:25:06 - INFO - Model original-top_right-bottom_left-tda completed in 7.68 seconds.
2025-08-29 22:25:06 - INFO - >>> Model original-top_right-bottom_left-tda trained. Accuracy: 0.6667 (7.68 sec.)
2025-08-29 22:25:06 - INFO - Training model: bottom_right-original-bottom_left-top_left
2025-08-29 22:25:14 - INFO - Model bottom_right-original-bottom_left-top_left completed in 7.86 seconds.
2025-08-29 22:25:14 - INFO - >>> Model bottom_right-original-bottom_left-top_left trained. Accuracy: 0.6667 (7.86 sec.)
2025-08-29 22:25:14 - INFO - Training model: bottom_right-original-tda-top_left
2025-08-29 22:25:22 - INFO - Model bottom_right-original-tda-top_left completed in 7.77 seconds.
2025-08-29 22:25:22 - INFO - >>> Model bottom_right-original-tda-top_left trained. Accuracy: 0.7333 (7.77 sec.)
2025-08-29 22:25:22 - INFO - Training model: bottom_right-original-bottom_left-tda
2025-08-29 22:25:30 - INFO - Model bottom_right-original-bottom_left-tda completed in 8.27 seconds.
2025-08-29 22:25:30 - INFO - >>> Model bottom_right-original-bottom_left-tda trained. Accuracy: 0.7667 (8.27 sec.)
2025-08-29 22:25:30 - INFO - Training model: tda-original-bottom_left-top_left
2025-08-29 22:25:38 - INFO - Model tda-original-bottom_left-top_left completed in 8.21 seconds.
2025-08-29 22:25:38 - INFO - >>> Model tda-original-bottom_left-top_left trained. Accuracy: 0.7000 (8.21 sec.)
2025-08-29 22:25:38 - INFO - Training model: top_right-bottom_right-top_left-bottom_left-original
2025-08-29 22:25:49 - INFO - Model top_right-bottom_right-top_left-bottom_left-original completed in 10.25 seconds.
2025-08-29 22:25:49 - INFO - >>> Model top_right-bottom_right-top_left-bottom_left-original trained. Accuracy: 0.6000 (10.25 sec.)
2025-08-29 22:25:49 - INFO - Training model: top_right-bottom_right-top_left-tda-original
2025-08-29 22:25:59 - INFO - Model top_right-bottom_right-top_left-tda-original completed in 10.15 seconds.
2025-08-29 22:25:59 - INFO - >>> Model top_right-bottom_right-top_left-tda-original trained. Accuracy: 0.8000 (10.15 sec.)
2025-08-29 22:25:59 - INFO - Training model: top_right-bottom_right-bottom_left-tda-original
2025-08-29 22:26:09 - INFO - Model top_right-bottom_right-bottom_left-tda-original completed in 10.30 seconds.
2025-08-29 22:26:09 - INFO - >>> Model top_right-bottom_right-bottom_left-tda-original trained. Accuracy: 0.7333 (10.30 sec.)
2025-08-29 22:26:09 - INFO - Training model: top_right-top_left-bottom_left-tda-original
2025-08-29 22:26:19 - INFO - Model top_right-top_left-bottom_left-tda-original completed in 10.18 seconds.
2025-08-29 22:26:19 - INFO - >>> Model top_right-top_left-bottom_left-tda-original trained. Accuracy: 0.7333 (10.18 sec.)
2025-08-29 22:26:19 - INFO - Training model: bottom_right-top_left-bottom_left-tda-original
2025-08-29 22:26:30 - INFO - Model bottom_right-top_left-bottom_left-tda-original completed in 10.33 seconds.
2025-08-29 22:26:30 - INFO - >>> Model bottom_right-top_left-bottom_left-tda-original trained. Accuracy: 0.7000 (10.33 sec.)
2025-08-29 22:26:30 - INFO - Training model: top_right-bottom_right-top_left-bottom_left-tda-original
2025-08-29 22:26:42 - INFO - Model top_right-bottom_right-top_left-bottom_left-tda-original completed in 12.20 seconds.
2025-08-29 22:26:42 - INFO - >>> Model top_right-bottom_right-top_left-bottom_left-tda-original trained. Accuracy: 0.7667 (12.20 sec.)
2025-08-29 22:26:42 - INFO - All models trained successfully.
2025-08-29 22:26:42 - INFO - ========== [Model Training Completed] in 3.71 minutes ==========
2025-08-29 22:26:42 - INFO - ========== [Experiment Training Complete] ==========
2025-08-29 22:26:42 - INFO - Results saved to /home/jovyan/Workspace/mnist/results/exp_icecream_mlp_100sample/exp_icecream_mlp_100sample_2025-08-29_22-26-42.json
2025-08-29 22:26:42 - INFO - Results successfully saved to /home/jovyan/Workspace/mnist/results/exp_icecream_mlp_100sample/exp_icecream_mlp_100sample_2025-08-29_22-26-42.json
2025-08-29 22:26:42 - INFO - Forced Garbage collection executed to Free Memory.
2025-08-29 22:26:42 - INFO - ========== [Experiment Completed] in 3.76 minutes ==========
