2025-08-29 18:16:13 - INFO - Logging initialized.
 Writing to /home/jovyan/Workspace/mnist/logs/exp_icecream_mlp_100sample/experiment_logs_2025-08-29_18-16-13.log
2025-08-29 18:16:13 - INFO - ========== [Experiment Start] ==========
2025-08-29 18:16:13 - INFO - Views combinations successfully generated.
2025-08-29 18:16:13 - INFO - Topological Data Analysis pipeline generated.
2025-08-29 18:16:13 - INFO - Folder to save results has been created.
2025-08-29 18:16:13 - INFO - Reading dataset from mnist_784.csv (chunk size: 70000).
2025-08-29 18:16:14 - INFO - Starting multiview data preparation for a chunk of size (70000, 784)...
2025-08-29 18:16:14 - INFO - Running using 28 jobs.
2025-08-29 18:16:14 - INFO - Splitting data: 80.0% train / 30.0% test (random_state=975610351)
2025-08-29 18:16:14 - INFO - Using full training data without second split.
2025-08-29 18:16:14 - INFO - Data split complete. Train size: (70, 784), Test size: (30, 784)
2025-08-29 18:16:14 - INFO - Reshaping train and test data into square images...
2025-08-29 18:16:14 - INFO - Reshaping complete. Train images shape: (70, 28, 28), Test images shape: (30, 28, 28)
2025-08-29 18:16:14 - INFO - Splitting images into quadrant views...
2025-08-29 18:16:14 - INFO - Quadrant view splitting complete. Train views: 4, Test views: 4
2025-08-29 18:16:14 - INFO - Starting TDA pipeline transformation on train data...
2025-08-29 18:16:15 - INFO - TDA transformation for train completed (0.02 minutes).
2025-08-29 18:16:15 - INFO - Applying TDA pipeline transformation on test data...
2025-08-29 18:16:16 - INFO - TDA transformation for test completed (0.01 minutes).
2025-08-29 18:16:16 - INFO - ========== [Model Training Start] ==========
2025-08-29 18:16:16 - INFO - Training model: original
2025-08-29 18:16:16 - INFO - Model original completed in 0.10 seconds.
2025-08-29 18:16:16 - INFO - >>> Model original trained. Accuracy: 0.7000 (0.10 sec.)
2025-08-29 18:16:16 - INFO - Training model: original-bottom_right
2025-08-29 18:16:20 - INFO - Model original-bottom_right completed in 4.02 seconds.
2025-08-29 18:16:20 - INFO - >>> Model original-bottom_right trained. Accuracy: 0.5667 (4.02 sec.)
2025-08-29 18:16:20 - INFO - Training model: tda-original
2025-08-29 18:16:24 - INFO - Model tda-original completed in 4.04 seconds.
2025-08-29 18:16:24 - INFO - >>> Model tda-original trained. Accuracy: 0.7333 (4.04 sec.)
2025-08-29 18:16:24 - INFO - Training model: top_right-original
2025-08-29 18:16:28 - INFO - Model top_right-original completed in 3.93 seconds.
2025-08-29 18:16:28 - INFO - >>> Model top_right-original trained. Accuracy: 0.6000 (3.93 sec.)
2025-08-29 18:16:28 - INFO - Training model: original-top_left
2025-08-29 18:16:32 - INFO - Model original-top_left completed in 3.88 seconds.
2025-08-29 18:16:32 - INFO - >>> Model original-top_left trained. Accuracy: 0.6667 (3.88 sec.)
2025-08-29 18:16:32 - INFO - Training model: original-bottom_left
2025-08-29 18:16:36 - INFO - Model original-bottom_left completed in 4.16 seconds.
2025-08-29 18:16:36 - INFO - >>> Model original-bottom_left trained. Accuracy: 0.6000 (4.16 sec.)
2025-08-29 18:16:36 - INFO - Training model: tda-original-bottom_right
2025-08-29 18:16:42 - INFO - Model tda-original-bottom_right completed in 6.35 seconds.
2025-08-29 18:16:42 - INFO - >>> Model tda-original-bottom_right trained. Accuracy: 0.7333 (6.35 sec.)
2025-08-29 18:16:42 - INFO - Training model: top_right-original-bottom_right
2025-08-29 18:16:48 - INFO - Model top_right-original-bottom_right completed in 6.02 seconds.
2025-08-29 18:16:48 - INFO - >>> Model top_right-original-bottom_right trained. Accuracy: 0.6000 (6.02 sec.)
2025-08-29 18:16:48 - INFO - Training model: original-bottom_right-top_left
2025-08-29 18:16:54 - INFO - Model original-bottom_right-top_left completed in 5.96 seconds.
2025-08-29 18:16:54 - INFO - >>> Model original-bottom_right-top_left trained. Accuracy: 0.6000 (5.96 sec.)
2025-08-29 18:16:54 - INFO - Training model: original-bottom_right-bottom_left
2025-08-29 18:17:01 - INFO - Model original-bottom_right-bottom_left completed in 6.16 seconds.
2025-08-29 18:17:01 - INFO - >>> Model original-bottom_right-bottom_left trained. Accuracy: 0.5333 (6.16 sec.)
2025-08-29 18:17:01 - INFO - Training model: tda-top_right-original
2025-08-29 18:17:07 - INFO - Model tda-top_right-original completed in 6.11 seconds.
2025-08-29 18:17:07 - INFO - >>> Model tda-top_right-original trained. Accuracy: 0.8000 (6.11 sec.)
2025-08-29 18:17:07 - INFO - Training model: tda-original-top_left
2025-08-29 18:17:13 - INFO - Model tda-original-top_left completed in 6.36 seconds.
2025-08-29 18:17:13 - INFO - >>> Model tda-original-top_left trained. Accuracy: 0.8667 (6.36 sec.)
2025-08-29 18:17:13 - INFO - Training model: tda-original-bottom_left
2025-08-29 18:17:19 - INFO - Model tda-original-bottom_left completed in 6.05 seconds.
2025-08-29 18:17:19 - INFO - >>> Model tda-original-bottom_left trained. Accuracy: 0.8000 (6.05 sec.)
2025-08-29 18:17:19 - INFO - Training model: top_right-original-top_left
2025-08-29 18:17:25 - INFO - Model top_right-original-top_left completed in 6.19 seconds.
2025-08-29 18:17:25 - INFO - >>> Model top_right-original-top_left trained. Accuracy: 0.6000 (6.19 sec.)
2025-08-29 18:17:25 - INFO - Training model: top_right-original-bottom_left
2025-08-29 18:17:32 - INFO - Model top_right-original-bottom_left completed in 6.27 seconds.
2025-08-29 18:17:32 - INFO - >>> Model top_right-original-bottom_left trained. Accuracy: 0.6333 (6.27 sec.)
2025-08-29 18:17:32 - INFO - Training model: original-top_left-bottom_left
2025-08-29 18:17:38 - INFO - Model original-top_left-bottom_left completed in 6.21 seconds.
2025-08-29 18:17:38 - INFO - >>> Model original-top_left-bottom_left trained. Accuracy: 0.6333 (6.21 sec.)
2025-08-29 18:17:38 - INFO - Training model: tda-top_right-original-bottom_right
2025-08-29 18:17:46 - INFO - Model tda-top_right-original-bottom_right completed in 8.37 seconds.
2025-08-29 18:17:46 - INFO - >>> Model tda-top_right-original-bottom_right trained. Accuracy: 0.8000 (8.37 sec.)
2025-08-29 18:17:46 - INFO - Training model: tda-original-bottom_right-top_left
2025-08-29 18:17:54 - INFO - Model tda-original-bottom_right-top_left completed in 8.27 seconds.
2025-08-29 18:17:54 - INFO - >>> Model tda-original-bottom_right-top_left trained. Accuracy: 0.8667 (8.27 sec.)
2025-08-29 18:17:54 - INFO - Training model: tda-original-bottom_right-bottom_left
2025-08-29 18:18:03 - INFO - Model tda-original-bottom_right-bottom_left completed in 8.48 seconds.
2025-08-29 18:18:03 - INFO - >>> Model tda-original-bottom_right-bottom_left trained. Accuracy: 0.7667 (8.48 sec.)
2025-08-29 18:18:03 - INFO - Training model: top_right-original-bottom_right-top_left
2025-08-29 18:18:11 - INFO - Model top_right-original-bottom_right-top_left completed in 8.21 seconds.
2025-08-29 18:18:11 - INFO - >>> Model top_right-original-bottom_right-top_left trained. Accuracy: 0.6000 (8.21 sec.)
2025-08-29 18:18:11 - INFO - Training model: top_right-original-bottom_right-bottom_left
2025-08-29 18:18:19 - INFO - Model top_right-original-bottom_right-bottom_left completed in 8.14 seconds.
2025-08-29 18:18:19 - INFO - >>> Model top_right-original-bottom_right-bottom_left trained. Accuracy: 0.5667 (8.14 sec.)
2025-08-29 18:18:19 - INFO - Training model: original-bottom_right-top_left-bottom_left
2025-08-29 18:18:28 - INFO - Model original-bottom_right-top_left-bottom_left completed in 8.25 seconds.
2025-08-29 18:18:28 - INFO - >>> Model original-bottom_right-top_left-bottom_left trained. Accuracy: 0.6333 (8.25 sec.)
2025-08-29 18:18:28 - INFO - Training model: tda-top_right-original-top_left
2025-08-29 18:18:36 - INFO - Model tda-top_right-original-top_left completed in 8.42 seconds.
2025-08-29 18:18:36 - INFO - >>> Model tda-top_right-original-top_left trained. Accuracy: 0.9000 (8.42 sec.)
2025-08-29 18:18:36 - INFO - Training model: tda-top_right-original-bottom_left
2025-08-29 18:18:44 - INFO - Model tda-top_right-original-bottom_left completed in 8.18 seconds.
2025-08-29 18:18:44 - INFO - >>> Model tda-top_right-original-bottom_left trained. Accuracy: 0.7667 (8.18 sec.)
2025-08-29 18:18:44 - INFO - Training model: tda-original-top_left-bottom_left
2025-08-29 18:18:52 - INFO - Model tda-original-top_left-bottom_left completed in 8.29 seconds.
2025-08-29 18:18:52 - INFO - >>> Model tda-original-top_left-bottom_left trained. Accuracy: 0.8667 (8.29 sec.)
2025-08-29 18:18:52 - INFO - Training model: top_right-original-top_left-bottom_left
2025-08-29 18:19:01 - INFO - Model top_right-original-top_left-bottom_left completed in 8.34 seconds.
2025-08-29 18:19:01 - INFO - >>> Model top_right-original-top_left-bottom_left trained. Accuracy: 0.6333 (8.34 sec.)
2025-08-29 18:19:01 - INFO - Training model: bottom_right-original-tda-top_right-top_left
2025-08-29 18:19:11 - INFO - Model bottom_right-original-tda-top_right-top_left completed in 10.46 seconds.
2025-08-29 18:19:11 - INFO - >>> Model bottom_right-original-tda-top_right-top_left trained. Accuracy: 0.8667 (10.46 sec.)
2025-08-29 18:19:11 - INFO - Training model: bottom_right-original-tda-top_right-bottom_left
2025-08-29 18:19:22 - INFO - Model bottom_right-original-tda-top_right-bottom_left completed in 10.54 seconds.
2025-08-29 18:19:22 - INFO - >>> Model bottom_right-original-tda-top_right-bottom_left trained. Accuracy: 0.8000 (10.54 sec.)
2025-08-29 18:19:22 - INFO - Training model: bottom_right-original-tda-top_left-bottom_left
2025-08-29 18:19:32 - INFO - Model bottom_right-original-tda-top_left-bottom_left completed in 10.29 seconds.
2025-08-29 18:19:32 - INFO - >>> Model bottom_right-original-tda-top_left-bottom_left trained. Accuracy: 0.8333 (10.29 sec.)
2025-08-29 18:19:32 - INFO - Training model: bottom_right-original-top_right-top_left-bottom_left
2025-08-29 18:19:43 - INFO - Model bottom_right-original-top_right-top_left-bottom_left completed in 10.57 seconds.
2025-08-29 18:19:43 - INFO - >>> Model bottom_right-original-top_right-top_left-bottom_left trained. Accuracy: 0.6667 (10.57 sec.)
2025-08-29 18:19:43 - INFO - Training model: original-tda-top_right-top_left-bottom_left
2025-08-29 18:19:53 - INFO - Model original-tda-top_right-top_left-bottom_left completed in 10.50 seconds.
2025-08-29 18:19:53 - INFO - >>> Model original-tda-top_right-top_left-bottom_left trained. Accuracy: 0.8333 (10.50 sec.)
2025-08-29 18:19:53 - INFO - Training model: bottom_right-original-tda-top_right-top_left-bottom_left
2025-08-29 18:20:06 - INFO - Model bottom_right-original-tda-top_right-top_left-bottom_left completed in 12.64 seconds.
2025-08-29 18:20:06 - INFO - >>> Model bottom_right-original-tda-top_right-top_left-bottom_left trained. Accuracy: 0.8667 (12.64 sec.)
2025-08-29 18:20:06 - INFO - All models trained successfully.
2025-08-29 18:20:06 - INFO - ========== [Model Training Completed] in 3.83 minutes ==========
2025-08-29 18:20:06 - INFO - ========== [Experiment Training Complete] ==========
2025-08-29 18:20:06 - INFO - Results saved to /home/jovyan/Workspace/mnist/results/exp_icecream_mlp_100sample/exp_icecream_mlp_100sample_2025-08-29_18-20-06.json
2025-08-29 18:20:06 - INFO - Results successfully saved to /home/jovyan/Workspace/mnist/results/exp_icecream_mlp_100sample/exp_icecream_mlp_100sample_2025-08-29_18-20-06.json
2025-08-29 18:20:06 - INFO - Forced Garbage collection executed to Free Memory.
2025-08-29 18:20:06 - INFO - ========== [Experiment Completed] in 3.88 minutes ==========
