2025-08-29 17:27:32 - INFO - Logging initialized.
 Writing to /home/jovyan/Workspace/mnist/logs/exp_icecream_mlp_100sample/experiment_logs_2025-08-29_17-27-32.log
2025-08-29 17:27:32 - INFO - ========== [Experiment Start] ==========
2025-08-29 17:27:32 - INFO - Views combinations successfully generated.
2025-08-29 17:27:32 - INFO - Topological Data Analysis pipeline generated.
2025-08-29 17:27:32 - INFO - Folder to save results has been created.
2025-08-29 17:27:32 - INFO - Reading dataset from mnist_784.csv (chunk size: 70000).
2025-08-29 17:27:32 - INFO - Starting multiview data preparation for a chunk of size (70000, 784)...
2025-08-29 17:27:32 - INFO - Running using 28 jobs.
2025-08-29 17:27:33 - INFO - Splitting data: 80.0% train / 30.0% test (random_state=834797232)
2025-08-29 17:27:33 - INFO - Using full training data without second split.
2025-08-29 17:27:33 - INFO - Data split complete. Train size: (70, 784), Test size: (30, 784)
2025-08-29 17:27:33 - INFO - Reshaping train and test data into square images...
2025-08-29 17:27:33 - INFO - Reshaping complete. Train images shape: (70, 28, 28), Test images shape: (30, 28, 28)
2025-08-29 17:27:33 - INFO - Splitting images into quadrant views...
2025-08-29 17:27:33 - INFO - Quadrant view splitting complete. Train views: 4, Test views: 4
2025-08-29 17:27:33 - INFO - Starting TDA pipeline transformation on train data...
2025-08-29 17:27:33 - INFO - TDA transformation for train completed (0.01 minutes).
2025-08-29 17:27:33 - INFO - Applying TDA pipeline transformation on test data...
2025-08-29 17:27:34 - INFO - TDA transformation for test completed (0.01 minutes).
2025-08-29 17:27:34 - INFO - ========== [Model Training Start] ==========
2025-08-29 17:27:34 - INFO - Training model: original
2025-08-29 17:27:34 - INFO - Model original completed in 0.10 seconds.
2025-08-29 17:27:34 - INFO - >>> Model original trained. Accuracy: 0.6667 (0.10 sec.)
2025-08-29 17:27:34 - INFO - Training model: original-bottom_right
2025-08-29 17:27:37 - INFO - Model original-bottom_right completed in 2.53 seconds.
2025-08-29 17:27:37 - INFO - >>> Model original-bottom_right trained. Accuracy: 0.7000 (2.53 sec.)
2025-08-29 17:27:37 - INFO - Training model: tda-original
2025-08-29 17:27:40 - INFO - Model tda-original completed in 3.81 seconds.
2025-08-29 17:27:40 - INFO - >>> Model tda-original trained. Accuracy: 0.8000 (3.81 sec.)
2025-08-29 17:27:40 - INFO - Training model: top_right-original
2025-08-29 17:27:44 - INFO - Model top_right-original completed in 3.57 seconds.
2025-08-29 17:27:44 - INFO - >>> Model top_right-original trained. Accuracy: 0.6333 (3.57 sec.)
2025-08-29 17:27:44 - INFO - Training model: original-top_left
2025-08-29 17:27:48 - INFO - Model original-top_left completed in 3.82 seconds.
2025-08-29 17:27:48 - INFO - >>> Model original-top_left trained. Accuracy: 0.6000 (3.82 sec.)
2025-08-29 17:27:48 - INFO - Training model: original-bottom_left
2025-08-29 17:27:52 - INFO - Model original-bottom_left completed in 4.11 seconds.
2025-08-29 17:27:52 - INFO - >>> Model original-bottom_left trained. Accuracy: 0.5667 (4.11 sec.)
2025-08-29 17:27:52 - INFO - Training model: tda-original-bottom_right
2025-08-29 17:27:58 - INFO - Model tda-original-bottom_right completed in 6.37 seconds.
2025-08-29 17:27:58 - INFO - >>> Model tda-original-bottom_right trained. Accuracy: 0.8000 (6.37 sec.)
2025-08-29 17:27:58 - INFO - Training model: top_right-original-bottom_right
2025-08-29 17:28:04 - INFO - Model top_right-original-bottom_right completed in 5.79 seconds.
2025-08-29 17:28:04 - INFO - >>> Model top_right-original-bottom_right trained. Accuracy: 0.7000 (5.79 sec.)
2025-08-29 17:28:04 - INFO - Training model: original-bottom_right-top_left
2025-08-29 17:28:10 - INFO - Model original-bottom_right-top_left completed in 6.22 seconds.
2025-08-29 17:28:10 - INFO - >>> Model original-bottom_right-top_left trained. Accuracy: 0.6000 (6.22 sec.)
2025-08-29 17:28:10 - INFO - Training model: original-bottom_right-bottom_left
2025-08-29 17:28:17 - INFO - Model original-bottom_right-bottom_left completed in 6.43 seconds.
2025-08-29 17:28:17 - INFO - >>> Model original-bottom_right-bottom_left trained. Accuracy: 0.6000 (6.43 sec.)
2025-08-29 17:28:17 - INFO - Training model: tda-top_right-original
2025-08-29 17:28:23 - INFO - Model tda-top_right-original completed in 6.46 seconds.
2025-08-29 17:28:23 - INFO - >>> Model tda-top_right-original trained. Accuracy: 0.8333 (6.46 sec.)
2025-08-29 17:28:23 - INFO - Training model: tda-original-top_left
2025-08-29 17:28:30 - INFO - Model tda-original-top_left completed in 6.39 seconds.
2025-08-29 17:28:30 - INFO - >>> Model tda-original-top_left trained. Accuracy: 0.7667 (6.39 sec.)
2025-08-29 17:28:30 - INFO - Training model: tda-original-bottom_left
2025-08-29 17:28:36 - INFO - Model tda-original-bottom_left completed in 6.47 seconds.
2025-08-29 17:28:36 - INFO - >>> Model tda-original-bottom_left trained. Accuracy: 0.7667 (6.47 sec.)
2025-08-29 17:28:36 - INFO - Training model: top_right-original-top_left
2025-08-29 17:28:42 - INFO - Model top_right-original-top_left completed in 6.15 seconds.
2025-08-29 17:28:42 - INFO - >>> Model top_right-original-top_left trained. Accuracy: 0.6667 (6.15 sec.)
2025-08-29 17:28:42 - INFO - Training model: top_right-original-bottom_left
2025-08-29 17:28:49 - INFO - Model top_right-original-bottom_left completed in 6.54 seconds.
2025-08-29 17:28:49 - INFO - >>> Model top_right-original-bottom_left trained. Accuracy: 0.6000 (6.54 sec.)
2025-08-29 17:28:49 - INFO - Training model: original-top_left-bottom_left
2025-08-29 17:28:55 - INFO - Model original-top_left-bottom_left completed in 6.52 seconds.
2025-08-29 17:28:55 - INFO - >>> Model original-top_left-bottom_left trained. Accuracy: 0.6000 (6.52 sec.)
2025-08-29 17:28:55 - INFO - Training model: tda-top_right-original-bottom_right
2025-08-29 17:29:04 - INFO - Model tda-top_right-original-bottom_right completed in 8.45 seconds.
2025-08-29 17:29:04 - INFO - >>> Model tda-top_right-original-bottom_right trained. Accuracy: 0.8000 (8.45 sec.)
2025-08-29 17:29:04 - INFO - Training model: tda-original-bottom_right-top_left
2025-08-29 17:29:12 - INFO - Model tda-original-bottom_right-top_left completed in 8.42 seconds.
2025-08-29 17:29:12 - INFO - >>> Model tda-original-bottom_right-top_left trained. Accuracy: 0.8000 (8.42 sec.)
2025-08-29 17:29:12 - INFO - Training model: tda-original-bottom_right-bottom_left
2025-08-29 17:29:21 - INFO - Model tda-original-bottom_right-bottom_left completed in 8.68 seconds.
2025-08-29 17:29:21 - INFO - >>> Model tda-original-bottom_right-bottom_left trained. Accuracy: 0.7333 (8.68 sec.)
2025-08-29 17:29:21 - INFO - Training model: top_right-original-bottom_right-top_left
2025-08-29 17:29:29 - INFO - Model top_right-original-bottom_right-top_left completed in 8.56 seconds.
2025-08-29 17:29:29 - INFO - >>> Model top_right-original-bottom_right-top_left trained. Accuracy: 0.6667 (8.56 sec.)
2025-08-29 17:29:29 - INFO - Training model: top_right-original-bottom_right-bottom_left
2025-08-29 17:29:38 - INFO - Model top_right-original-bottom_right-bottom_left completed in 8.70 seconds.
2025-08-29 17:29:38 - INFO - >>> Model top_right-original-bottom_right-bottom_left trained. Accuracy: 0.6667 (8.70 sec.)
2025-08-29 17:29:38 - INFO - Training model: original-bottom_right-top_left-bottom_left
2025-08-29 17:29:46 - INFO - Model original-bottom_right-top_left-bottom_left completed in 8.28 seconds.
2025-08-29 17:29:46 - INFO - >>> Model original-bottom_right-top_left-bottom_left trained. Accuracy: 0.5667 (8.28 sec.)
2025-08-29 17:29:46 - INFO - Training model: tda-top_right-original-top_left
2025-08-29 17:29:54 - INFO - Model tda-top_right-original-top_left completed in 7.58 seconds.
2025-08-29 17:29:54 - INFO - >>> Model tda-top_right-original-top_left trained. Accuracy: 0.8000 (7.58 sec.)
2025-08-29 17:29:54 - INFO - Training model: tda-top_right-original-bottom_left
2025-08-29 17:30:00 - INFO - Model tda-top_right-original-bottom_left completed in 5.94 seconds.
2025-08-29 17:30:00 - INFO - >>> Model tda-top_right-original-bottom_left trained. Accuracy: 0.8000 (5.94 sec.)
2025-08-29 17:30:00 - INFO - Training model: tda-original-top_left-bottom_left
2025-08-29 17:30:08 - INFO - Model tda-original-top_left-bottom_left completed in 8.53 seconds.
2025-08-29 17:30:08 - INFO - >>> Model tda-original-top_left-bottom_left trained. Accuracy: 0.7000 (8.53 sec.)
2025-08-29 17:30:08 - INFO - Training model: top_right-original-top_left-bottom_left
2025-08-29 17:30:17 - INFO - Model top_right-original-top_left-bottom_left completed in 8.56 seconds.
2025-08-29 17:30:17 - INFO - >>> Model top_right-original-top_left-bottom_left trained. Accuracy: 0.6667 (8.56 sec.)
2025-08-29 17:30:17 - INFO - Training model: bottom_right-original-tda-top_right-top_left
2025-08-29 17:30:28 - INFO - Model bottom_right-original-tda-top_right-top_left completed in 11.08 seconds.
2025-08-29 17:30:28 - INFO - >>> Model bottom_right-original-tda-top_right-top_left trained. Accuracy: 0.7667 (11.08 sec.)
2025-08-29 17:30:28 - INFO - Training model: bottom_right-original-tda-top_right-bottom_left
2025-08-29 17:30:39 - INFO - Model bottom_right-original-tda-top_right-bottom_left completed in 10.69 seconds.
2025-08-29 17:30:39 - INFO - >>> Model bottom_right-original-tda-top_right-bottom_left trained. Accuracy: 0.7333 (10.69 sec.)
2025-08-29 17:30:39 - INFO - Training model: bottom_right-original-tda-top_left-bottom_left
2025-08-29 17:30:50 - INFO - Model bottom_right-original-tda-top_left-bottom_left completed in 10.74 seconds.
2025-08-29 17:30:50 - INFO - >>> Model bottom_right-original-tda-top_left-bottom_left trained. Accuracy: 0.7000 (10.74 sec.)
2025-08-29 17:30:50 - INFO - Training model: bottom_right-original-top_right-top_left-bottom_left
2025-08-29 17:31:00 - INFO - Model bottom_right-original-top_right-top_left-bottom_left completed in 10.07 seconds.
2025-08-29 17:31:00 - INFO - >>> Model bottom_right-original-top_right-top_left-bottom_left trained. Accuracy: 0.7333 (10.07 sec.)
2025-08-29 17:31:00 - INFO - Training model: original-tda-top_right-top_left-bottom_left
2025-08-29 17:31:10 - INFO - Model original-tda-top_right-top_left-bottom_left completed in 10.71 seconds.
2025-08-29 17:31:10 - INFO - >>> Model original-tda-top_right-top_left-bottom_left trained. Accuracy: 0.7667 (10.71 sec.)
2025-08-29 17:31:10 - INFO - Training model: bottom_right-original-tda-top_right-top_left-bottom_left
2025-08-29 17:31:22 - INFO - Model bottom_right-original-tda-top_right-top_left-bottom_left completed in 11.88 seconds.
2025-08-29 17:31:22 - INFO - >>> Model bottom_right-original-tda-top_right-top_left-bottom_left trained. Accuracy: 0.7667 (11.88 sec.)
2025-08-29 17:31:22 - INFO - All models trained successfully.
2025-08-29 17:31:22 - INFO - ========== [Model Training Completed] in 3.81 minutes ==========
2025-08-29 17:31:22 - INFO - ========== [Experiment Training Complete] ==========
2025-08-29 17:31:22 - INFO - Results saved to /home/jovyan/Workspace/mnist/results/exp_icecream_mlp_100sample/exp_icecream_mlp_100sample_2025-08-29_17-31-22.json
2025-08-29 17:31:22 - INFO - Results successfully saved to /home/jovyan/Workspace/mnist/results/exp_icecream_mlp_100sample/exp_icecream_mlp_100sample_2025-08-29_17-31-22.json
2025-08-29 17:31:22 - INFO - Forced Garbage collection executed to Free Memory.
2025-08-29 17:31:22 - INFO - ========== [Experiment Completed] in 3.85 minutes ==========
