2025-08-29 22:19:11 - INFO - Logging initialized.
 Writing to /home/jovyan/Workspace/mnist/logs/exp_icecream_mlp_100sample/experiment_logs_2025-08-29_22-19-11.log
2025-08-29 22:19:11 - INFO - ========== [Experiment Start] ==========
2025-08-29 22:19:11 - INFO - Views combinations successfully generated.
2025-08-29 22:19:11 - INFO - Topological Data Analysis pipeline generated.
2025-08-29 22:19:11 - INFO - Folder to save results has been created.
2025-08-29 22:19:11 - INFO - Reading dataset from mnist_784.csv (chunk size: 70000).
2025-08-29 22:19:12 - INFO - Starting multiview data preparation for a chunk of size (70000, 784)...
2025-08-29 22:19:12 - INFO - Running using 28 jobs.
2025-08-29 22:19:12 - INFO - Splitting data: 80.0% train / 30.0% test (random_state=846639422)
2025-08-29 22:19:12 - INFO - Using full training data without second split.
2025-08-29 22:19:12 - INFO - Data split complete. Train size: (70, 784), Test size: (30, 784)
2025-08-29 22:19:12 - INFO - Reshaping train and test data into square images...
2025-08-29 22:19:12 - INFO - Reshaping complete. Train images shape: (70, 28, 28), Test images shape: (30, 28, 28)
2025-08-29 22:19:12 - INFO - Splitting images into quadrant views...
2025-08-29 22:19:12 - INFO - Quadrant view splitting complete. Train views: 4, Test views: 4
2025-08-29 22:19:12 - INFO - Starting TDA pipeline transformation on train data...
2025-08-29 22:19:13 - INFO - TDA transformation for train completed (0.01 minutes).
2025-08-29 22:19:13 - INFO - Applying TDA pipeline transformation on test data...
2025-08-29 22:19:13 - INFO - TDA transformation for test completed (0.01 minutes).
2025-08-29 22:19:13 - INFO - ========== [Model Training Start] ==========
2025-08-29 22:19:13 - INFO - Training model: original
2025-08-29 22:19:14 - INFO - Model original completed in 0.10 seconds.
2025-08-29 22:19:14 - INFO - >>> Model original trained. Accuracy: 0.8333 (0.10 sec.)
2025-08-29 22:19:14 - INFO - Training model: original-top_right
2025-08-29 22:19:17 - INFO - Model original-top_right completed in 3.92 seconds.
2025-08-29 22:19:17 - INFO - >>> Model original-top_right trained. Accuracy: 0.7333 (3.92 sec.)
2025-08-29 22:19:17 - INFO - Training model: bottom_right-original
2025-08-29 22:19:21 - INFO - Model bottom_right-original completed in 3.73 seconds.
2025-08-29 22:19:21 - INFO - >>> Model bottom_right-original trained. Accuracy: 0.7333 (3.73 sec.)
2025-08-29 22:19:21 - INFO - Training model: original-top_left
2025-08-29 22:19:25 - INFO - Model original-top_left completed in 3.95 seconds.
2025-08-29 22:19:25 - INFO - >>> Model original-top_left trained. Accuracy: 0.7333 (3.95 sec.)
2025-08-29 22:19:25 - INFO - Training model: original-bottom_left
2025-08-29 22:19:29 - INFO - Model original-bottom_left completed in 4.24 seconds.
2025-08-29 22:19:29 - INFO - >>> Model original-bottom_left trained. Accuracy: 0.7333 (4.24 sec.)
2025-08-29 22:19:29 - INFO - Training model: original-tda
2025-08-29 22:19:33 - INFO - Model original-tda completed in 3.94 seconds.
2025-08-29 22:19:33 - INFO - >>> Model original-tda trained. Accuracy: 0.8667 (3.94 sec.)
2025-08-29 22:19:33 - INFO - Training model: bottom_right-original-top_right
2025-08-29 22:19:39 - INFO - Model bottom_right-original-top_right completed in 5.96 seconds.
2025-08-29 22:19:39 - INFO - >>> Model bottom_right-original-top_right trained. Accuracy: 0.7000 (5.96 sec.)
2025-08-29 22:19:39 - INFO - Training model: original-top_right-top_left
2025-08-29 22:19:45 - INFO - Model original-top_right-top_left completed in 5.98 seconds.
2025-08-29 22:19:45 - INFO - >>> Model original-top_right-top_left trained. Accuracy: 0.6667 (5.98 sec.)
2025-08-29 22:19:45 - INFO - Training model: original-top_right-bottom_left
2025-08-29 22:19:51 - INFO - Model original-top_right-bottom_left completed in 6.04 seconds.
2025-08-29 22:19:51 - INFO - >>> Model original-top_right-bottom_left trained. Accuracy: 0.6667 (6.04 sec.)
2025-08-29 22:19:51 - INFO - Training model: original-top_right-tda
2025-08-29 22:19:57 - INFO - Model original-top_right-tda completed in 6.07 seconds.
2025-08-29 22:19:57 - INFO - >>> Model original-top_right-tda trained. Accuracy: 0.8333 (6.07 sec.)
2025-08-29 22:19:57 - INFO - Training model: bottom_right-original-top_left
2025-08-29 22:20:03 - INFO - Model bottom_right-original-top_left completed in 5.89 seconds.
2025-08-29 22:20:03 - INFO - >>> Model bottom_right-original-top_left trained. Accuracy: 0.6667 (5.89 sec.)
2025-08-29 22:20:03 - INFO - Training model: bottom_right-original-bottom_left
2025-08-29 22:20:09 - INFO - Model bottom_right-original-bottom_left completed in 5.96 seconds.
2025-08-29 22:20:09 - INFO - >>> Model bottom_right-original-bottom_left trained. Accuracy: 0.7333 (5.96 sec.)
2025-08-29 22:20:09 - INFO - Training model: bottom_right-original-tda
2025-08-29 22:20:15 - INFO - Model bottom_right-original-tda completed in 6.12 seconds.
2025-08-29 22:20:15 - INFO - >>> Model bottom_right-original-tda trained. Accuracy: 0.8333 (6.12 sec.)
2025-08-29 22:20:15 - INFO - Training model: original-bottom_left-top_left
2025-08-29 22:20:21 - INFO - Model original-bottom_left-top_left completed in 5.96 seconds.
2025-08-29 22:20:21 - INFO - >>> Model original-bottom_left-top_left trained. Accuracy: 0.7333 (5.96 sec.)
2025-08-29 22:20:21 - INFO - Training model: tda-original-top_left
2025-08-29 22:20:27 - INFO - Model tda-original-top_left completed in 6.00 seconds.
2025-08-29 22:20:27 - INFO - >>> Model tda-original-top_left trained. Accuracy: 0.7667 (6.00 sec.)
2025-08-29 22:20:27 - INFO - Training model: original-bottom_left-tda
2025-08-29 22:20:33 - INFO - Model original-bottom_left-tda completed in 5.88 seconds.
2025-08-29 22:20:33 - INFO - >>> Model original-bottom_left-tda trained. Accuracy: 0.9000 (5.88 sec.)
2025-08-29 22:20:33 - INFO - Training model: bottom_right-original-top_right-top_left
2025-08-29 22:20:42 - INFO - Model bottom_right-original-top_right-top_left completed in 8.25 seconds.
2025-08-29 22:20:42 - INFO - >>> Model bottom_right-original-top_right-top_left trained. Accuracy: 0.6667 (8.25 sec.)
2025-08-29 22:20:42 - INFO - Training model: bottom_right-original-top_right-bottom_left
2025-08-29 22:20:50 - INFO - Model bottom_right-original-top_right-bottom_left completed in 8.22 seconds.
2025-08-29 22:20:50 - INFO - >>> Model bottom_right-original-top_right-bottom_left trained. Accuracy: 0.7333 (8.22 sec.)
2025-08-29 22:20:50 - INFO - Training model: bottom_right-original-top_right-tda
2025-08-29 22:20:58 - INFO - Model bottom_right-original-top_right-tda completed in 8.27 seconds.
2025-08-29 22:20:58 - INFO - >>> Model bottom_right-original-top_right-tda trained. Accuracy: 0.8000 (8.27 sec.)
2025-08-29 22:20:58 - INFO - Training model: original-top_right-bottom_left-top_left
2025-08-29 22:21:06 - INFO - Model original-top_right-bottom_left-top_left completed in 8.18 seconds.
2025-08-29 22:21:06 - INFO - >>> Model original-top_right-bottom_left-top_left trained. Accuracy: 0.6667 (8.18 sec.)
2025-08-29 22:21:06 - INFO - Training model: tda-original-top_right-top_left
2025-08-29 22:21:14 - INFO - Model tda-original-top_right-top_left completed in 7.96 seconds.
2025-08-29 22:21:14 - INFO - >>> Model tda-original-top_right-top_left trained. Accuracy: 0.7000 (7.96 sec.)
2025-08-29 22:21:14 - INFO - Training model: original-top_right-bottom_left-tda
2025-08-29 22:21:22 - INFO - Model original-top_right-bottom_left-tda completed in 7.52 seconds.
2025-08-29 22:21:22 - INFO - >>> Model original-top_right-bottom_left-tda trained. Accuracy: 0.8333 (7.52 sec.)
2025-08-29 22:21:22 - INFO - Training model: bottom_right-original-bottom_left-top_left
2025-08-29 22:21:29 - INFO - Model bottom_right-original-bottom_left-top_left completed in 7.53 seconds.
2025-08-29 22:21:29 - INFO - >>> Model bottom_right-original-bottom_left-top_left trained. Accuracy: 0.7333 (7.53 sec.)
2025-08-29 22:21:29 - INFO - Training model: bottom_right-original-tda-top_left
2025-08-29 22:21:37 - INFO - Model bottom_right-original-tda-top_left completed in 8.04 seconds.
2025-08-29 22:21:37 - INFO - >>> Model bottom_right-original-tda-top_left trained. Accuracy: 0.8000 (8.04 sec.)
2025-08-29 22:21:37 - INFO - Training model: bottom_right-original-bottom_left-tda
2025-08-29 22:21:45 - INFO - Model bottom_right-original-bottom_left-tda completed in 7.91 seconds.
2025-08-29 22:21:45 - INFO - >>> Model bottom_right-original-bottom_left-tda trained. Accuracy: 0.8333 (7.91 sec.)
2025-08-29 22:21:45 - INFO - Training model: tda-original-bottom_left-top_left
2025-08-29 22:21:53 - INFO - Model tda-original-bottom_left-top_left completed in 7.92 seconds.
2025-08-29 22:21:53 - INFO - >>> Model tda-original-bottom_left-top_left trained. Accuracy: 0.8000 (7.92 sec.)
2025-08-29 22:21:53 - INFO - Training model: top_right-bottom_right-top_left-bottom_left-original
2025-08-29 22:22:03 - INFO - Model top_right-bottom_right-top_left-bottom_left-original completed in 9.96 seconds.
2025-08-29 22:22:03 - INFO - >>> Model top_right-bottom_right-top_left-bottom_left-original trained. Accuracy: 0.8000 (9.96 sec.)
2025-08-29 22:22:03 - INFO - Training model: top_right-bottom_right-top_left-tda-original
2025-08-29 22:22:13 - INFO - Model top_right-bottom_right-top_left-tda-original completed in 10.14 seconds.
2025-08-29 22:22:13 - INFO - >>> Model top_right-bottom_right-top_left-tda-original trained. Accuracy: 0.8667 (10.14 sec.)
2025-08-29 22:22:13 - INFO - Training model: top_right-bottom_right-bottom_left-tda-original
2025-08-29 22:22:23 - INFO - Model top_right-bottom_right-bottom_left-tda-original completed in 10.11 seconds.
2025-08-29 22:22:23 - INFO - >>> Model top_right-bottom_right-bottom_left-tda-original trained. Accuracy: 0.8333 (10.11 sec.)
2025-08-29 22:22:23 - INFO - Training model: top_right-top_left-bottom_left-tda-original
2025-08-29 22:22:33 - INFO - Model top_right-top_left-bottom_left-tda-original completed in 9.99 seconds.
2025-08-29 22:22:33 - INFO - >>> Model top_right-top_left-bottom_left-tda-original trained. Accuracy: 0.7667 (9.99 sec.)
2025-08-29 22:22:33 - INFO - Training model: bottom_right-top_left-bottom_left-tda-original
2025-08-29 22:22:44 - INFO - Model bottom_right-top_left-bottom_left-tda-original completed in 10.31 seconds.
2025-08-29 22:22:44 - INFO - >>> Model bottom_right-top_left-bottom_left-tda-original trained. Accuracy: 0.8000 (10.31 sec.)
2025-08-29 22:22:44 - INFO - Training model: top_right-bottom_right-top_left-bottom_left-tda-original
2025-08-29 22:22:56 - INFO - Model top_right-bottom_right-top_left-bottom_left-tda-original completed in 12.43 seconds.
2025-08-29 22:22:56 - INFO - >>> Model top_right-bottom_right-top_left-bottom_left-tda-original trained. Accuracy: 0.8333 (12.43 sec.)
2025-08-29 22:22:56 - INFO - All models trained successfully.
2025-08-29 22:22:56 - INFO - ========== [Model Training Completed] in 3.71 minutes ==========
2025-08-29 22:22:56 - INFO - ========== [Experiment Training Complete] ==========
2025-08-29 22:22:56 - INFO - Results saved to /home/jovyan/Workspace/mnist/results/exp_icecream_mlp_100sample/exp_icecream_mlp_100sample_2025-08-29_22-22-56.json
2025-08-29 22:22:56 - INFO - Results successfully saved to /home/jovyan/Workspace/mnist/results/exp_icecream_mlp_100sample/exp_icecream_mlp_100sample_2025-08-29_22-22-56.json
2025-08-29 22:22:56 - INFO - Forced Garbage collection executed to Free Memory.
2025-08-29 22:22:56 - INFO - ========== [Experiment Completed] in 3.75 minutes ==========
