2025-08-29 15:10:37 - INFO - Logging initialized.
 Writing to /home/jovyan/Workspace/mnist/logs/exp_icecream_mlp_100sample/experiment_logs_2025-08-29_15-10-37.log
2025-08-29 15:10:37 - INFO - ========== [Experiment Start] ==========
2025-08-29 15:10:37 - INFO - Views combinations successfully generated.
2025-08-29 15:10:37 - INFO - Topological Data Analysis pipeline generated.
2025-08-29 15:10:37 - INFO - Folder to save results has been created.
2025-08-29 15:10:37 - INFO - Reading dataset from mnist_784.csv (chunk size: 70000).
2025-08-29 15:10:38 - INFO - Starting multiview data preparation for a chunk of size (70000, 784)...
2025-08-29 15:10:38 - INFO - Running using 28 jobs.
2025-08-29 15:10:38 - INFO - Splitting data: 80.0% train / 30.0% test (random_state=187409441)
2025-08-29 15:10:38 - INFO - Using full training data without second split.
2025-08-29 15:10:38 - INFO - Data split complete. Train size: (70, 784), Test size: (30, 784)
2025-08-29 15:10:38 - INFO - Reshaping train and test data into square images...
2025-08-29 15:10:38 - INFO - Reshaping complete. Train images shape: (70, 28, 28), Test images shape: (30, 28, 28)
2025-08-29 15:10:38 - INFO - Splitting images into quadrant views...
2025-08-29 15:10:38 - INFO - Quadrant view splitting complete. Train views: 4, Test views: 4
2025-08-29 15:10:38 - INFO - Starting TDA pipeline transformation on train data...
2025-08-29 15:10:39 - INFO - TDA transformation for train completed (0.02 minutes).
2025-08-29 15:10:39 - INFO - Applying TDA pipeline transformation on test data...
2025-08-29 15:10:39 - INFO - TDA transformation for test completed (0.01 minutes).
2025-08-29 15:10:39 - INFO - ========== [Model Training Start] ==========
2025-08-29 15:10:39 - INFO - Training model: original
2025-08-29 15:10:40 - INFO - Model original completed in 0.09 seconds.
2025-08-29 15:10:40 - INFO - >>> Model original trained. Accuracy: 0.7333 (0.09 sec.)
2025-08-29 15:10:40 - INFO - Training model: original-bottom_right
2025-08-29 15:10:44 - INFO - Model original-bottom_right completed in 4.29 seconds.
2025-08-29 15:10:44 - INFO - >>> Model original-bottom_right trained. Accuracy: 0.6667 (4.29 sec.)
2025-08-29 15:10:44 - INFO - Training model: tda-original
2025-08-29 15:10:48 - INFO - Model tda-original completed in 4.12 seconds.
2025-08-29 15:10:48 - INFO - >>> Model tda-original trained. Accuracy: 0.8333 (4.12 sec.)
2025-08-29 15:10:48 - INFO - Training model: top_right-original
2025-08-29 15:10:52 - INFO - Model top_right-original completed in 4.14 seconds.
2025-08-29 15:10:52 - INFO - >>> Model top_right-original trained. Accuracy: 0.6000 (4.14 sec.)
2025-08-29 15:10:52 - INFO - Training model: original-top_left
2025-08-29 15:10:56 - INFO - Model original-top_left completed in 4.15 seconds.
2025-08-29 15:10:56 - INFO - >>> Model original-top_left trained. Accuracy: 0.6667 (4.15 sec.)
2025-08-29 15:10:56 - INFO - Training model: original-bottom_left
2025-08-29 15:11:00 - INFO - Model original-bottom_left completed in 4.09 seconds.
2025-08-29 15:11:00 - INFO - >>> Model original-bottom_left trained. Accuracy: 0.7000 (4.09 sec.)
2025-08-29 15:11:00 - INFO - Training model: tda-original-bottom_right
2025-08-29 15:11:07 - INFO - Model tda-original-bottom_right completed in 6.38 seconds.
2025-08-29 15:11:07 - INFO - >>> Model tda-original-bottom_right trained. Accuracy: 0.7667 (6.38 sec.)
2025-08-29 15:11:07 - INFO - Training model: top_right-original-bottom_right
2025-08-29 15:11:13 - INFO - Model top_right-original-bottom_right completed in 6.31 seconds.
2025-08-29 15:11:13 - INFO - >>> Model top_right-original-bottom_right trained. Accuracy: 0.6667 (6.31 sec.)
2025-08-29 15:11:13 - INFO - Training model: original-bottom_right-top_left
2025-08-29 15:11:19 - INFO - Model original-bottom_right-top_left completed in 6.19 seconds.
2025-08-29 15:11:19 - INFO - >>> Model original-bottom_right-top_left trained. Accuracy: 0.6000 (6.19 sec.)
2025-08-29 15:11:19 - INFO - Training model: original-bottom_right-bottom_left
2025-08-29 15:11:26 - INFO - Model original-bottom_right-bottom_left completed in 6.44 seconds.
2025-08-29 15:11:26 - INFO - >>> Model original-bottom_right-bottom_left trained. Accuracy: 0.7000 (6.44 sec.)
2025-08-29 15:11:26 - INFO - Training model: tda-top_right-original
2025-08-29 15:11:32 - INFO - Model tda-top_right-original completed in 6.24 seconds.
2025-08-29 15:11:32 - INFO - >>> Model tda-top_right-original trained. Accuracy: 0.8000 (6.24 sec.)
2025-08-29 15:11:32 - INFO - Training model: tda-original-top_left
2025-08-29 15:11:38 - INFO - Model tda-original-top_left completed in 6.45 seconds.
2025-08-29 15:11:38 - INFO - >>> Model tda-original-top_left trained. Accuracy: 0.8333 (6.45 sec.)
2025-08-29 15:11:38 - INFO - Training model: tda-original-bottom_left
2025-08-29 15:11:45 - INFO - Model tda-original-bottom_left completed in 6.25 seconds.
2025-08-29 15:11:45 - INFO - >>> Model tda-original-bottom_left trained. Accuracy: 0.7333 (6.25 sec.)
2025-08-29 15:11:45 - INFO - Training model: top_right-original-top_left
2025-08-29 15:11:51 - INFO - Model top_right-original-top_left completed in 6.36 seconds.
2025-08-29 15:11:51 - INFO - >>> Model top_right-original-top_left trained. Accuracy: 0.6333 (6.36 sec.)
2025-08-29 15:11:51 - INFO - Training model: top_right-original-bottom_left
2025-08-29 15:11:57 - INFO - Model top_right-original-bottom_left completed in 6.23 seconds.
2025-08-29 15:11:57 - INFO - >>> Model top_right-original-bottom_left trained. Accuracy: 0.6333 (6.23 sec.)
2025-08-29 15:11:57 - INFO - Training model: original-top_left-bottom_left
2025-08-29 15:12:04 - INFO - Model original-top_left-bottom_left completed in 6.31 seconds.
2025-08-29 15:12:04 - INFO - >>> Model original-top_left-bottom_left trained. Accuracy: 0.6000 (6.31 sec.)
2025-08-29 15:12:04 - INFO - Training model: tda-top_right-original-bottom_right
2025-08-29 15:12:12 - INFO - Model tda-top_right-original-bottom_right completed in 8.54 seconds.
2025-08-29 15:12:12 - INFO - >>> Model tda-top_right-original-bottom_right trained. Accuracy: 0.8333 (8.54 sec.)
2025-08-29 15:12:12 - INFO - Training model: tda-original-bottom_right-top_left
2025-08-29 15:12:21 - INFO - Model tda-original-bottom_right-top_left completed in 8.56 seconds.
2025-08-29 15:12:21 - INFO - >>> Model tda-original-bottom_right-top_left trained. Accuracy: 0.8667 (8.56 sec.)
2025-08-29 15:12:21 - INFO - Training model: tda-original-bottom_right-bottom_left
2025-08-29 15:12:29 - INFO - Model tda-original-bottom_right-bottom_left completed in 8.58 seconds.
2025-08-29 15:12:29 - INFO - >>> Model tda-original-bottom_right-bottom_left trained. Accuracy: 0.7333 (8.58 sec.)
2025-08-29 15:12:29 - INFO - Training model: top_right-original-bottom_right-top_left
2025-08-29 15:12:38 - INFO - Model top_right-original-bottom_right-top_left completed in 8.48 seconds.
2025-08-29 15:12:38 - INFO - >>> Model top_right-original-bottom_right-top_left trained. Accuracy: 0.7000 (8.48 sec.)
2025-08-29 15:12:38 - INFO - Training model: top_right-original-bottom_right-bottom_left
2025-08-29 15:12:46 - INFO - Model top_right-original-bottom_right-bottom_left completed in 8.52 seconds.
2025-08-29 15:12:46 - INFO - >>> Model top_right-original-bottom_right-bottom_left trained. Accuracy: 0.6333 (8.52 sec.)
2025-08-29 15:12:46 - INFO - Training model: original-bottom_right-top_left-bottom_left
2025-08-29 15:12:55 - INFO - Model original-bottom_right-top_left-bottom_left completed in 8.41 seconds.
2025-08-29 15:12:55 - INFO - >>> Model original-bottom_right-top_left-bottom_left trained. Accuracy: 0.6667 (8.41 sec.)
2025-08-29 15:12:55 - INFO - Training model: tda-top_right-original-top_left
2025-08-29 15:13:03 - INFO - Model tda-top_right-original-top_left completed in 8.55 seconds.
2025-08-29 15:13:03 - INFO - >>> Model tda-top_right-original-top_left trained. Accuracy: 0.8000 (8.55 sec.)
2025-08-29 15:13:03 - INFO - Training model: tda-top_right-original-bottom_left
2025-08-29 15:13:12 - INFO - Model tda-top_right-original-bottom_left completed in 8.56 seconds.
2025-08-29 15:13:12 - INFO - >>> Model tda-top_right-original-bottom_left trained. Accuracy: 0.7000 (8.56 sec.)
2025-08-29 15:13:12 - INFO - Training model: tda-original-top_left-bottom_left
2025-08-29 15:13:20 - INFO - Model tda-original-top_left-bottom_left completed in 8.51 seconds.
2025-08-29 15:13:20 - INFO - >>> Model tda-original-top_left-bottom_left trained. Accuracy: 0.8000 (8.51 sec.)
2025-08-29 15:13:20 - INFO - Training model: top_right-original-top_left-bottom_left
2025-08-29 15:13:29 - INFO - Model top_right-original-top_left-bottom_left completed in 8.54 seconds.
2025-08-29 15:13:29 - INFO - >>> Model top_right-original-top_left-bottom_left trained. Accuracy: 0.6333 (8.54 sec.)
2025-08-29 15:13:29 - INFO - Training model: bottom_right-original-tda-top_right-top_left
2025-08-29 15:13:40 - INFO - Model bottom_right-original-tda-top_right-top_left completed in 10.83 seconds.
2025-08-29 15:13:40 - INFO - >>> Model bottom_right-original-tda-top_right-top_left trained. Accuracy: 0.7667 (10.83 sec.)
2025-08-29 15:13:40 - INFO - Training model: bottom_right-original-tda-top_right-bottom_left
2025-08-29 15:13:51 - INFO - Model bottom_right-original-tda-top_right-bottom_left completed in 10.89 seconds.
2025-08-29 15:13:51 - INFO - >>> Model bottom_right-original-tda-top_right-bottom_left trained. Accuracy: 0.6667 (10.89 sec.)
2025-08-29 15:13:51 - INFO - Training model: bottom_right-original-tda-top_left-bottom_left
2025-08-29 15:14:01 - INFO - Model bottom_right-original-tda-top_left-bottom_left completed in 10.68 seconds.
2025-08-29 15:14:01 - INFO - >>> Model bottom_right-original-tda-top_left-bottom_left trained. Accuracy: 0.7000 (10.68 sec.)
2025-08-29 15:14:01 - INFO - Training model: bottom_right-original-top_right-top_left-bottom_left
2025-08-29 15:14:12 - INFO - Model bottom_right-original-top_right-top_left-bottom_left completed in 10.91 seconds.
2025-08-29 15:14:12 - INFO - >>> Model bottom_right-original-top_right-top_left-bottom_left trained. Accuracy: 0.6000 (10.91 sec.)
2025-08-29 15:14:12 - INFO - Training model: original-tda-top_right-top_left-bottom_left
2025-08-29 15:14:23 - INFO - Model original-tda-top_right-top_left-bottom_left completed in 10.90 seconds.
2025-08-29 15:14:23 - INFO - >>> Model original-tda-top_right-top_left-bottom_left trained. Accuracy: 0.7333 (10.90 sec.)
2025-08-29 15:14:23 - INFO - Training model: bottom_right-original-tda-top_right-top_left-bottom_left
2025-08-29 15:14:36 - INFO - Model bottom_right-original-tda-top_right-top_left-bottom_left completed in 13.03 seconds.
2025-08-29 15:14:36 - INFO - >>> Model bottom_right-original-tda-top_right-top_left-bottom_left trained. Accuracy: 0.7333 (13.03 sec.)
2025-08-29 15:14:36 - INFO - All models trained successfully.
2025-08-29 15:14:36 - INFO - ========== [Model Training Completed] in 3.95 minutes ==========
2025-08-29 15:14:36 - INFO - ========== [Experiment Training Complete] ==========
2025-08-29 15:14:36 - INFO - Results saved to /home/jovyan/Workspace/mnist/results/exp_icecream_mlp_100sample/exp_icecream_mlp_100sample_2025-08-29_15-14-36.json
2025-08-29 15:14:36 - INFO - Results successfully saved to /home/jovyan/Workspace/mnist/results/exp_icecream_mlp_100sample/exp_icecream_mlp_100sample_2025-08-29_15-14-36.json
2025-08-29 15:14:36 - INFO - Forced Garbage collection executed to Free Memory.
2025-08-29 15:14:36 - INFO - ========== [Experiment Completed] in 3.99 minutes ==========
