2025-08-29 22:37:49 - INFO - Logging initialized.
 Writing to /home/jovyan/Workspace/mnist/logs/exp_icecream_mlp_100sample/experiment_logs_2025-08-29_22-37-49.log
2025-08-29 22:37:49 - INFO - ========== [Experiment Start] ==========
2025-08-29 22:37:49 - INFO - Views combinations successfully generated.
2025-08-29 22:37:49 - INFO - Topological Data Analysis pipeline generated.
2025-08-29 22:37:49 - INFO - Folder to save results has been created.
2025-08-29 22:37:49 - INFO - Reading dataset from mnist_784.csv (chunk size: 70000).
2025-08-29 22:37:50 - INFO - Starting multiview data preparation for a chunk of size (70000, 784)...
2025-08-29 22:37:50 - INFO - Running using 28 jobs.
2025-08-29 22:37:50 - INFO - Splitting data: 80.0% train / 30.0% test (random_state=911352456)
2025-08-29 22:37:50 - INFO - Using full training data without second split.
2025-08-29 22:37:50 - INFO - Data split complete. Train size: (70, 784), Test size: (30, 784)
2025-08-29 22:37:50 - INFO - Reshaping train and test data into square images...
2025-08-29 22:37:50 - INFO - Reshaping complete. Train images shape: (70, 28, 28), Test images shape: (30, 28, 28)
2025-08-29 22:37:50 - INFO - Splitting images into quadrant views...
2025-08-29 22:37:50 - INFO - Quadrant view splitting complete. Train views: 4, Test views: 4
2025-08-29 22:37:50 - INFO - Starting TDA pipeline transformation on train data...
2025-08-29 22:37:51 - INFO - TDA transformation for train completed (0.02 minutes).
2025-08-29 22:37:51 - INFO - Applying TDA pipeline transformation on test data...
2025-08-29 22:37:52 - INFO - TDA transformation for test completed (0.01 minutes).
2025-08-29 22:37:52 - INFO - ========== [Model Training Start] ==========
2025-08-29 22:37:52 - INFO - Training model: original
2025-08-29 22:37:52 - INFO - Model original completed in 0.09 seconds.
2025-08-29 22:37:52 - INFO - >>> Model original trained. Accuracy: 0.7667 (0.09 sec.)
2025-08-29 22:37:52 - INFO - Training model: original-top_right
2025-08-29 22:37:56 - INFO - Model original-top_right completed in 4.09 seconds.
2025-08-29 22:37:56 - INFO - >>> Model original-top_right trained. Accuracy: 0.7667 (4.09 sec.)
2025-08-29 22:37:56 - INFO - Training model: bottom_right-original
2025-08-29 22:38:00 - INFO - Model bottom_right-original completed in 4.02 seconds.
2025-08-29 22:38:00 - INFO - >>> Model bottom_right-original trained. Accuracy: 0.5333 (4.02 sec.)
2025-08-29 22:38:00 - INFO - Training model: original-top_left
2025-08-29 22:38:03 - INFO - Model original-top_left completed in 3.54 seconds.
2025-08-29 22:38:03 - INFO - >>> Model original-top_left trained. Accuracy: 0.7000 (3.54 sec.)
2025-08-29 22:38:03 - INFO - Training model: original-bottom_left
2025-08-29 22:38:08 - INFO - Model original-bottom_left completed in 4.16 seconds.
2025-08-29 22:38:08 - INFO - >>> Model original-bottom_left trained. Accuracy: 0.6333 (4.16 sec.)
2025-08-29 22:38:08 - INFO - Training model: original-tda
2025-08-29 22:38:11 - INFO - Model original-tda completed in 3.82 seconds.
2025-08-29 22:38:11 - INFO - >>> Model original-tda trained. Accuracy: 0.7333 (3.82 sec.)
2025-08-29 22:38:11 - INFO - Training model: bottom_right-original-top_right
2025-08-29 22:38:17 - INFO - Model bottom_right-original-top_right completed in 5.89 seconds.
2025-08-29 22:38:17 - INFO - >>> Model bottom_right-original-top_right trained. Accuracy: 0.6333 (5.89 sec.)
2025-08-29 22:38:17 - INFO - Training model: original-top_right-top_left
2025-08-29 22:38:24 - INFO - Model original-top_right-top_left completed in 6.22 seconds.
2025-08-29 22:38:24 - INFO - >>> Model original-top_right-top_left trained. Accuracy: 0.6333 (6.22 sec.)
2025-08-29 22:38:24 - INFO - Training model: original-top_right-bottom_left
2025-08-29 22:38:29 - INFO - Model original-top_right-bottom_left completed in 5.91 seconds.
2025-08-29 22:38:29 - INFO - >>> Model original-top_right-bottom_left trained. Accuracy: 0.6000 (5.91 sec.)
2025-08-29 22:38:29 - INFO - Training model: original-top_right-tda
2025-08-29 22:38:35 - INFO - Model original-top_right-tda completed in 5.80 seconds.
2025-08-29 22:38:35 - INFO - >>> Model original-top_right-tda trained. Accuracy: 0.7333 (5.80 sec.)
2025-08-29 22:38:35 - INFO - Training model: bottom_right-original-top_left
2025-08-29 22:38:41 - INFO - Model bottom_right-original-top_left completed in 5.94 seconds.
2025-08-29 22:38:41 - INFO - >>> Model bottom_right-original-top_left trained. Accuracy: 0.6000 (5.94 sec.)
2025-08-29 22:38:41 - INFO - Training model: bottom_right-original-bottom_left
2025-08-29 22:38:47 - INFO - Model bottom_right-original-bottom_left completed in 5.81 seconds.
2025-08-29 22:38:47 - INFO - >>> Model bottom_right-original-bottom_left trained. Accuracy: 0.6667 (5.81 sec.)
2025-08-29 22:38:47 - INFO - Training model: bottom_right-original-tda
2025-08-29 22:38:53 - INFO - Model bottom_right-original-tda completed in 6.28 seconds.
2025-08-29 22:38:53 - INFO - >>> Model bottom_right-original-tda trained. Accuracy: 0.7667 (6.28 sec.)
2025-08-29 22:38:53 - INFO - Training model: original-bottom_left-top_left
2025-08-29 22:38:58 - INFO - Model original-bottom_left-top_left completed in 4.79 seconds.
2025-08-29 22:38:58 - INFO - >>> Model original-bottom_left-top_left trained. Accuracy: 0.6333 (4.79 sec.)
2025-08-29 22:38:58 - INFO - Training model: tda-original-top_left
2025-08-29 22:39:03 - INFO - Model tda-original-top_left completed in 5.34 seconds.
2025-08-29 22:39:03 - INFO - >>> Model tda-original-top_left trained. Accuracy: 0.7333 (5.34 sec.)
2025-08-29 22:39:03 - INFO - Training model: original-bottom_left-tda
2025-08-29 22:39:09 - INFO - Model original-bottom_left-tda completed in 5.78 seconds.
2025-08-29 22:39:09 - INFO - >>> Model original-bottom_left-tda trained. Accuracy: 0.8000 (5.78 sec.)
2025-08-29 22:39:09 - INFO - Training model: bottom_right-original-top_right-top_left
2025-08-29 22:39:17 - INFO - Model bottom_right-original-top_right-top_left completed in 7.83 seconds.
2025-08-29 22:39:17 - INFO - >>> Model bottom_right-original-top_right-top_left trained. Accuracy: 0.7000 (7.83 sec.)
2025-08-29 22:39:17 - INFO - Training model: bottom_right-original-top_right-bottom_left
2025-08-29 22:39:25 - INFO - Model bottom_right-original-top_right-bottom_left completed in 7.70 seconds.
2025-08-29 22:39:25 - INFO - >>> Model bottom_right-original-top_right-bottom_left trained. Accuracy: 0.6000 (7.70 sec.)
2025-08-29 22:39:25 - INFO - Training model: bottom_right-original-top_right-tda
2025-08-29 22:39:33 - INFO - Model bottom_right-original-top_right-tda completed in 7.99 seconds.
2025-08-29 22:39:33 - INFO - >>> Model bottom_right-original-top_right-tda trained. Accuracy: 0.7333 (7.99 sec.)
2025-08-29 22:39:33 - INFO - Training model: original-top_right-bottom_left-top_left
2025-08-29 22:39:41 - INFO - Model original-top_right-bottom_left-top_left completed in 7.85 seconds.
2025-08-29 22:39:41 - INFO - >>> Model original-top_right-bottom_left-top_left trained. Accuracy: 0.6667 (7.85 sec.)
2025-08-29 22:39:41 - INFO - Training model: tda-original-top_right-top_left
2025-08-29 22:39:48 - INFO - Model tda-original-top_right-top_left completed in 7.82 seconds.
2025-08-29 22:39:48 - INFO - >>> Model tda-original-top_right-top_left trained. Accuracy: 0.7667 (7.82 sec.)
2025-08-29 22:39:48 - INFO - Training model: original-top_right-bottom_left-tda
2025-08-29 22:39:57 - INFO - Model original-top_right-bottom_left-tda completed in 8.03 seconds.
2025-08-29 22:39:57 - INFO - >>> Model original-top_right-bottom_left-tda trained. Accuracy: 0.7333 (8.03 sec.)
2025-08-29 22:39:57 - INFO - Training model: bottom_right-original-bottom_left-top_left
2025-08-29 22:40:04 - INFO - Model bottom_right-original-bottom_left-top_left completed in 7.52 seconds.
2025-08-29 22:40:04 - INFO - >>> Model bottom_right-original-bottom_left-top_left trained. Accuracy: 0.7000 (7.52 sec.)
2025-08-29 22:40:04 - INFO - Training model: bottom_right-original-tda-top_left
2025-08-29 22:40:12 - INFO - Model bottom_right-original-tda-top_left completed in 8.12 seconds.
2025-08-29 22:40:12 - INFO - >>> Model bottom_right-original-tda-top_left trained. Accuracy: 0.7000 (8.12 sec.)
2025-08-29 22:40:12 - INFO - Training model: bottom_right-original-bottom_left-tda
2025-08-29 22:40:20 - INFO - Model bottom_right-original-bottom_left-tda completed in 7.95 seconds.
2025-08-29 22:40:20 - INFO - >>> Model bottom_right-original-bottom_left-tda trained. Accuracy: 0.7667 (7.95 sec.)
2025-08-29 22:40:20 - INFO - Training model: tda-original-bottom_left-top_left
2025-08-29 22:40:28 - INFO - Model tda-original-bottom_left-top_left completed in 7.73 seconds.
2025-08-29 22:40:28 - INFO - >>> Model tda-original-bottom_left-top_left trained. Accuracy: 0.7333 (7.73 sec.)
2025-08-29 22:40:28 - INFO - Training model: top_right-bottom_right-top_left-bottom_left-original
2025-08-29 22:40:38 - INFO - Model top_right-bottom_right-top_left-bottom_left-original completed in 10.06 seconds.
2025-08-29 22:40:38 - INFO - >>> Model top_right-bottom_right-top_left-bottom_left-original trained. Accuracy: 0.6000 (10.06 sec.)
2025-08-29 22:40:38 - INFO - Training model: top_right-bottom_right-top_left-tda-original
2025-08-29 22:40:48 - INFO - Model top_right-bottom_right-top_left-tda-original completed in 9.84 seconds.
2025-08-29 22:40:48 - INFO - >>> Model top_right-bottom_right-top_left-tda-original trained. Accuracy: 0.7667 (9.84 sec.)
2025-08-29 22:40:48 - INFO - Training model: top_right-bottom_right-bottom_left-tda-original
2025-08-29 22:40:58 - INFO - Model top_right-bottom_right-bottom_left-tda-original completed in 10.28 seconds.
2025-08-29 22:40:58 - INFO - >>> Model top_right-bottom_right-bottom_left-tda-original trained. Accuracy: 0.7667 (10.28 sec.)
2025-08-29 22:40:58 - INFO - Training model: top_right-top_left-bottom_left-tda-original
2025-08-29 22:41:08 - INFO - Model top_right-top_left-bottom_left-tda-original completed in 10.14 seconds.
2025-08-29 22:41:08 - INFO - >>> Model top_right-top_left-bottom_left-tda-original trained. Accuracy: 0.7667 (10.14 sec.)
2025-08-29 22:41:08 - INFO - Training model: bottom_right-top_left-bottom_left-tda-original
2025-08-29 22:41:18 - INFO - Model bottom_right-top_left-bottom_left-tda-original completed in 10.15 seconds.
2025-08-29 22:41:18 - INFO - >>> Model bottom_right-top_left-bottom_left-tda-original trained. Accuracy: 0.7667 (10.15 sec.)
2025-08-29 22:41:18 - INFO - Training model: top_right-bottom_right-top_left-bottom_left-tda-original
2025-08-29 22:41:30 - INFO - Model top_right-bottom_right-top_left-bottom_left-tda-original completed in 11.90 seconds.
2025-08-29 22:41:30 - INFO - >>> Model top_right-bottom_right-top_left-bottom_left-tda-original trained. Accuracy: 0.7333 (11.90 sec.)
2025-08-29 22:41:30 - INFO - All models trained successfully.
2025-08-29 22:41:30 - INFO - ========== [Model Training Completed] in 3.64 minutes ==========
2025-08-29 22:41:30 - INFO - ========== [Experiment Training Complete] ==========
2025-08-29 22:41:30 - INFO - Results saved to /home/jovyan/Workspace/mnist/results/exp_icecream_mlp_100sample/exp_icecream_mlp_100sample_2025-08-29_22-41-30.json
2025-08-29 22:41:30 - INFO - Results successfully saved to /home/jovyan/Workspace/mnist/results/exp_icecream_mlp_100sample/exp_icecream_mlp_100sample_2025-08-29_22-41-30.json
2025-08-29 22:41:30 - INFO - Forced Garbage collection executed to Free Memory.
2025-08-29 22:41:30 - INFO - ========== [Experiment Completed] in 3.68 minutes ==========
