2025-08-29 23:29:08 - INFO - Logging initialized.
 Writing to /home/jovyan/Workspace/mnist/logs/exp_icecream_mlp_100sample/experiment_logs_2025-08-29_23-29-08.log
2025-08-29 23:29:08 - INFO - ========== [Experiment Start] ==========
2025-08-29 23:29:08 - INFO - Views combinations successfully generated.
2025-08-29 23:29:08 - INFO - Topological Data Analysis pipeline generated.
2025-08-29 23:29:08 - INFO - Folder to save results has been created.
2025-08-29 23:29:08 - INFO - Reading dataset from mnist_784.csv (chunk size: 70000).
2025-08-29 23:29:09 - INFO - Starting multiview data preparation for a chunk of size (70000, 784)...
2025-08-29 23:29:09 - INFO - Running using 28 jobs.
2025-08-29 23:29:09 - INFO - Splitting data: 80.0% train / 30.0% test (random_state=116099207)
2025-08-29 23:29:09 - INFO - Using full training data without second split.
2025-08-29 23:29:09 - INFO - Data split complete. Train size: (70, 784), Test size: (30, 784)
2025-08-29 23:29:09 - INFO - Reshaping train and test data into square images...
2025-08-29 23:29:09 - INFO - Reshaping complete. Train images shape: (70, 28, 28), Test images shape: (30, 28, 28)
2025-08-29 23:29:09 - INFO - Splitting images into quadrant views...
2025-08-29 23:29:09 - INFO - Quadrant view splitting complete. Train views: 4, Test views: 4
2025-08-29 23:29:09 - INFO - Starting TDA pipeline transformation on train data...
2025-08-29 23:29:10 - INFO - TDA transformation for train completed (0.02 minutes).
2025-08-29 23:29:10 - INFO - Applying TDA pipeline transformation on test data...
2025-08-29 23:29:11 - INFO - TDA transformation for test completed (0.01 minutes).
2025-08-29 23:29:11 - INFO - ========== [Model Training Start] ==========
2025-08-29 23:29:11 - INFO - Training model: original
2025-08-29 23:29:11 - INFO - Model original completed in 0.10 seconds.
2025-08-29 23:29:11 - INFO - >>> Model original trained. Accuracy: 0.7667 (0.10 sec.)
2025-08-29 23:29:11 - INFO - Training model: original-top_right
2025-08-29 23:29:15 - INFO - Model original-top_right completed in 3.83 seconds.
2025-08-29 23:29:15 - INFO - >>> Model original-top_right trained. Accuracy: 0.7333 (3.83 sec.)
2025-08-29 23:29:15 - INFO - Training model: bottom_right-original
2025-08-29 23:29:18 - INFO - Model bottom_right-original completed in 3.83 seconds.
2025-08-29 23:29:18 - INFO - >>> Model bottom_right-original trained. Accuracy: 0.5667 (3.83 sec.)
2025-08-29 23:29:18 - INFO - Training model: original-top_left
2025-08-29 23:29:22 - INFO - Model original-top_left completed in 3.73 seconds.
2025-08-29 23:29:22 - INFO - >>> Model original-top_left trained. Accuracy: 0.5333 (3.73 sec.)
2025-08-29 23:29:22 - INFO - Training model: original-bottom_left
2025-08-29 23:29:26 - INFO - Model original-bottom_left completed in 3.74 seconds.
2025-08-29 23:29:26 - INFO - >>> Model original-bottom_left trained. Accuracy: 0.6000 (3.74 sec.)
2025-08-29 23:29:26 - INFO - Training model: original-tda
2025-08-29 23:29:30 - INFO - Model original-tda completed in 3.80 seconds.
2025-08-29 23:29:30 - INFO - >>> Model original-tda trained. Accuracy: 0.8667 (3.80 sec.)
2025-08-29 23:29:30 - INFO - Training model: bottom_right-original-top_right
2025-08-29 23:29:36 - INFO - Model bottom_right-original-top_right completed in 6.05 seconds.
2025-08-29 23:29:36 - INFO - >>> Model bottom_right-original-top_right trained. Accuracy: 0.6333 (6.05 sec.)
2025-08-29 23:29:36 - INFO - Training model: original-top_right-top_left
2025-08-29 23:29:42 - INFO - Model original-top_right-top_left completed in 5.98 seconds.
2025-08-29 23:29:42 - INFO - >>> Model original-top_right-top_left trained. Accuracy: 0.7000 (5.98 sec.)
2025-08-29 23:29:42 - INFO - Training model: original-top_right-bottom_left
2025-08-29 23:29:48 - INFO - Model original-top_right-bottom_left completed in 6.03 seconds.
2025-08-29 23:29:48 - INFO - >>> Model original-top_right-bottom_left trained. Accuracy: 0.7000 (6.03 sec.)
2025-08-29 23:29:48 - INFO - Training model: original-top_right-tda
2025-08-29 23:29:54 - INFO - Model original-top_right-tda completed in 6.00 seconds.
2025-08-29 23:29:54 - INFO - >>> Model original-top_right-tda trained. Accuracy: 0.8000 (6.00 sec.)
2025-08-29 23:29:54 - INFO - Training model: bottom_right-original-top_left
2025-08-29 23:30:00 - INFO - Model bottom_right-original-top_left completed in 5.84 seconds.
2025-08-29 23:30:00 - INFO - >>> Model bottom_right-original-top_left trained. Accuracy: 0.5000 (5.84 sec.)
2025-08-29 23:30:00 - INFO - Training model: bottom_right-original-bottom_left
2025-08-29 23:30:06 - INFO - Model bottom_right-original-bottom_left completed in 6.01 seconds.
2025-08-29 23:30:06 - INFO - >>> Model bottom_right-original-bottom_left trained. Accuracy: 0.4667 (6.01 sec.)
2025-08-29 23:30:06 - INFO - Training model: bottom_right-original-tda
2025-08-29 23:30:12 - INFO - Model bottom_right-original-tda completed in 5.97 seconds.
2025-08-29 23:30:12 - INFO - >>> Model bottom_right-original-tda trained. Accuracy: 0.7000 (5.97 sec.)
2025-08-29 23:30:12 - INFO - Training model: original-bottom_left-top_left
2025-08-29 23:30:18 - INFO - Model original-bottom_left-top_left completed in 6.14 seconds.
2025-08-29 23:30:18 - INFO - >>> Model original-bottom_left-top_left trained. Accuracy: 0.6000 (6.14 sec.)
2025-08-29 23:30:18 - INFO - Training model: tda-original-top_left
2025-08-29 23:30:24 - INFO - Model tda-original-top_left completed in 5.75 seconds.
2025-08-29 23:30:24 - INFO - >>> Model tda-original-top_left trained. Accuracy: 0.7333 (5.75 sec.)
2025-08-29 23:30:24 - INFO - Training model: original-bottom_left-tda
2025-08-29 23:30:30 - INFO - Model original-bottom_left-tda completed in 6.00 seconds.
2025-08-29 23:30:30 - INFO - >>> Model original-bottom_left-tda trained. Accuracy: 0.6667 (6.00 sec.)
2025-08-29 23:30:30 - INFO - Training model: bottom_right-original-top_right-top_left
2025-08-29 23:30:38 - INFO - Model bottom_right-original-top_right-top_left completed in 8.17 seconds.
2025-08-29 23:30:38 - INFO - >>> Model bottom_right-original-top_right-top_left trained. Accuracy: 0.7667 (8.17 sec.)
2025-08-29 23:30:38 - INFO - Training model: bottom_right-original-top_right-bottom_left
2025-08-29 23:30:46 - INFO - Model bottom_right-original-top_right-bottom_left completed in 7.76 seconds.
2025-08-29 23:30:46 - INFO - >>> Model bottom_right-original-top_right-bottom_left trained. Accuracy: 0.6667 (7.76 sec.)
2025-08-29 23:30:46 - INFO - Training model: bottom_right-original-top_right-tda
2025-08-29 23:30:54 - INFO - Model bottom_right-original-top_right-tda completed in 8.17 seconds.
2025-08-29 23:30:54 - INFO - >>> Model bottom_right-original-top_right-tda trained. Accuracy: 0.8000 (8.17 sec.)
2025-08-29 23:30:54 - INFO - Training model: original-top_right-bottom_left-top_left
2025-08-29 23:31:02 - INFO - Model original-top_right-bottom_left-top_left completed in 8.19 seconds.
2025-08-29 23:31:02 - INFO - >>> Model original-top_right-bottom_left-top_left trained. Accuracy: 0.7000 (8.19 sec.)
2025-08-29 23:31:02 - INFO - Training model: tda-original-top_right-top_left
2025-08-29 23:31:10 - INFO - Model tda-original-top_right-top_left completed in 8.10 seconds.
2025-08-29 23:31:10 - INFO - >>> Model tda-original-top_right-top_left trained. Accuracy: 0.8333 (8.10 sec.)
2025-08-29 23:31:10 - INFO - Training model: original-top_right-bottom_left-tda
2025-08-29 23:31:18 - INFO - Model original-top_right-bottom_left-tda completed in 8.08 seconds.
2025-08-29 23:31:18 - INFO - >>> Model original-top_right-bottom_left-tda trained. Accuracy: 0.8000 (8.08 sec.)
2025-08-29 23:31:18 - INFO - Training model: bottom_right-original-bottom_left-top_left
2025-08-29 23:31:26 - INFO - Model bottom_right-original-bottom_left-top_left completed in 8.14 seconds.
2025-08-29 23:31:26 - INFO - >>> Model bottom_right-original-bottom_left-top_left trained. Accuracy: 0.6000 (8.14 sec.)
2025-08-29 23:31:26 - INFO - Training model: bottom_right-original-tda-top_left
2025-08-29 23:31:34 - INFO - Model bottom_right-original-tda-top_left completed in 8.15 seconds.
2025-08-29 23:31:34 - INFO - >>> Model bottom_right-original-tda-top_left trained. Accuracy: 0.8000 (8.15 sec.)
2025-08-29 23:31:34 - INFO - Training model: bottom_right-original-bottom_left-tda
2025-08-29 23:31:42 - INFO - Model bottom_right-original-bottom_left-tda completed in 7.88 seconds.
2025-08-29 23:31:42 - INFO - >>> Model bottom_right-original-bottom_left-tda trained. Accuracy: 0.6000 (7.88 sec.)
2025-08-29 23:31:42 - INFO - Training model: tda-original-bottom_left-top_left
2025-08-29 23:31:50 - INFO - Model tda-original-bottom_left-top_left completed in 8.13 seconds.
2025-08-29 23:31:50 - INFO - >>> Model tda-original-bottom_left-top_left trained. Accuracy: 0.7333 (8.13 sec.)
2025-08-29 23:31:50 - INFO - Training model: top_right-bottom_right-top_left-bottom_left-original
2025-08-29 23:32:01 - INFO - Model top_right-bottom_right-top_left-bottom_left-original completed in 10.29 seconds.
2025-08-29 23:32:01 - INFO - >>> Model top_right-bottom_right-top_left-bottom_left-original trained. Accuracy: 0.7000 (10.29 sec.)
2025-08-29 23:32:01 - INFO - Training model: top_right-bottom_right-top_left-tda-original
2025-08-29 23:32:11 - INFO - Model top_right-bottom_right-top_left-tda-original completed in 10.36 seconds.
2025-08-29 23:32:11 - INFO - >>> Model top_right-bottom_right-top_left-tda-original trained. Accuracy: 0.8333 (10.36 sec.)
2025-08-29 23:32:11 - INFO - Training model: top_right-bottom_right-bottom_left-tda-original
2025-08-29 23:32:21 - INFO - Model top_right-bottom_right-bottom_left-tda-original completed in 10.38 seconds.
2025-08-29 23:32:21 - INFO - >>> Model top_right-bottom_right-bottom_left-tda-original trained. Accuracy: 0.8000 (10.38 sec.)
2025-08-29 23:32:21 - INFO - Training model: top_right-top_left-bottom_left-tda-original
2025-08-29 23:32:32 - INFO - Model top_right-top_left-bottom_left-tda-original completed in 10.53 seconds.
2025-08-29 23:32:32 - INFO - >>> Model top_right-top_left-bottom_left-tda-original trained. Accuracy: 0.7333 (10.53 sec.)
2025-08-29 23:32:32 - INFO - Training model: bottom_right-top_left-bottom_left-tda-original
2025-08-29 23:32:42 - INFO - Model bottom_right-top_left-bottom_left-tda-original completed in 10.41 seconds.
2025-08-29 23:32:42 - INFO - >>> Model bottom_right-top_left-bottom_left-tda-original trained. Accuracy: 0.7333 (10.41 sec.)
2025-08-29 23:32:42 - INFO - Training model: top_right-bottom_right-top_left-bottom_left-tda-original
2025-08-29 23:32:55 - INFO - Model top_right-bottom_right-top_left-bottom_left-tda-original completed in 12.42 seconds.
2025-08-29 23:32:55 - INFO - >>> Model top_right-bottom_right-top_left-bottom_left-tda-original trained. Accuracy: 0.7667 (12.42 sec.)
2025-08-29 23:32:55 - INFO - All models trained successfully.
2025-08-29 23:32:55 - INFO - ========== [Model Training Completed] in 3.73 minutes ==========
2025-08-29 23:32:55 - INFO - ========== [Experiment Training Complete] ==========
2025-08-29 23:32:55 - INFO - Results saved to /home/jovyan/Workspace/mnist/results/exp_icecream_mlp_100sample/exp_icecream_mlp_100sample_2025-08-29_23-32-55.json
2025-08-29 23:32:55 - INFO - Results successfully saved to /home/jovyan/Workspace/mnist/results/exp_icecream_mlp_100sample/exp_icecream_mlp_100sample_2025-08-29_23-32-55.json
2025-08-29 23:32:55 - INFO - Forced Garbage collection executed to Free Memory.
2025-08-29 23:32:55 - INFO - ========== [Experiment Completed] in 3.78 minutes ==========
