2025-08-29 18:35:34 - INFO - Logging initialized.
 Writing to /home/jovyan/Workspace/mnist/logs/exp_icecream_mlp_100sample/experiment_logs_2025-08-29_18-35-34.log
2025-08-29 18:35:34 - INFO - ========== [Experiment Start] ==========
2025-08-29 18:35:34 - INFO - Views combinations successfully generated.
2025-08-29 18:35:34 - INFO - Topological Data Analysis pipeline generated.
2025-08-29 18:35:34 - INFO - Folder to save results has been created.
2025-08-29 18:35:34 - INFO - Reading dataset from mnist_784.csv (chunk size: 70000).
2025-08-29 18:35:35 - INFO - Starting multiview data preparation for a chunk of size (70000, 784)...
2025-08-29 18:35:35 - INFO - Running using 28 jobs.
2025-08-29 18:35:35 - INFO - Splitting data: 80.0% train / 30.0% test (random_state=417496659)
2025-08-29 18:35:35 - INFO - Using full training data without second split.
2025-08-29 18:35:35 - INFO - Data split complete. Train size: (70, 784), Test size: (30, 784)
2025-08-29 18:35:35 - INFO - Reshaping train and test data into square images...
2025-08-29 18:35:35 - INFO - Reshaping complete. Train images shape: (70, 28, 28), Test images shape: (30, 28, 28)
2025-08-29 18:35:35 - INFO - Splitting images into quadrant views...
2025-08-29 18:35:35 - INFO - Quadrant view splitting complete. Train views: 4, Test views: 4
2025-08-29 18:35:35 - INFO - Starting TDA pipeline transformation on train data...
2025-08-29 18:35:36 - INFO - TDA transformation for train completed (0.01 minutes).
2025-08-29 18:35:36 - INFO - Applying TDA pipeline transformation on test data...
2025-08-29 18:35:36 - INFO - TDA transformation for test completed (0.01 minutes).
2025-08-29 18:35:36 - INFO - ========== [Model Training Start] ==========
2025-08-29 18:35:36 - INFO - Training model: original
2025-08-29 18:35:36 - INFO - Model original completed in 0.10 seconds.
2025-08-29 18:35:36 - INFO - >>> Model original trained. Accuracy: 0.6333 (0.10 sec.)
2025-08-29 18:35:36 - INFO - Training model: original-bottom_right
2025-08-29 18:35:41 - INFO - Model original-bottom_right completed in 4.11 seconds.
2025-08-29 18:35:41 - INFO - >>> Model original-bottom_right trained. Accuracy: 0.5333 (4.11 sec.)
2025-08-29 18:35:41 - INFO - Training model: tda-original
2025-08-29 18:35:44 - INFO - Model tda-original completed in 3.87 seconds.
2025-08-29 18:35:44 - INFO - >>> Model tda-original trained. Accuracy: 0.7667 (3.87 sec.)
2025-08-29 18:35:44 - INFO - Training model: top_right-original
2025-08-29 18:35:48 - INFO - Model top_right-original completed in 3.91 seconds.
2025-08-29 18:35:48 - INFO - >>> Model top_right-original trained. Accuracy: 0.5667 (3.91 sec.)
2025-08-29 18:35:48 - INFO - Training model: original-top_left
2025-08-29 18:35:52 - INFO - Model original-top_left completed in 3.84 seconds.
2025-08-29 18:35:52 - INFO - >>> Model original-top_left trained. Accuracy: 0.5333 (3.84 sec.)
2025-08-29 18:35:52 - INFO - Training model: original-bottom_left
2025-08-29 18:35:56 - INFO - Model original-bottom_left completed in 3.98 seconds.
2025-08-29 18:35:56 - INFO - >>> Model original-bottom_left trained. Accuracy: 0.6333 (3.98 sec.)
2025-08-29 18:35:56 - INFO - Training model: tda-original-bottom_right
2025-08-29 18:36:02 - INFO - Model tda-original-bottom_right completed in 6.08 seconds.
2025-08-29 18:36:02 - INFO - >>> Model tda-original-bottom_right trained. Accuracy: 0.6667 (6.08 sec.)
2025-08-29 18:36:02 - INFO - Training model: top_right-original-bottom_right
2025-08-29 18:36:08 - INFO - Model top_right-original-bottom_right completed in 5.92 seconds.
2025-08-29 18:36:08 - INFO - >>> Model top_right-original-bottom_right trained. Accuracy: 0.5000 (5.92 sec.)
2025-08-29 18:36:08 - INFO - Training model: original-bottom_right-top_left
2025-08-29 18:36:14 - INFO - Model original-bottom_right-top_left completed in 6.12 seconds.
2025-08-29 18:36:14 - INFO - >>> Model original-bottom_right-top_left trained. Accuracy: 0.4667 (6.12 sec.)
2025-08-29 18:36:14 - INFO - Training model: original-bottom_right-bottom_left
2025-08-29 18:36:20 - INFO - Model original-bottom_right-bottom_left completed in 6.15 seconds.
2025-08-29 18:36:20 - INFO - >>> Model original-bottom_right-bottom_left trained. Accuracy: 0.5333 (6.15 sec.)
2025-08-29 18:36:21 - INFO - Training model: tda-top_right-original
2025-08-29 18:36:27 - INFO - Model tda-top_right-original completed in 6.02 seconds.
2025-08-29 18:36:27 - INFO - >>> Model tda-top_right-original trained. Accuracy: 0.8000 (6.02 sec.)
2025-08-29 18:36:27 - INFO - Training model: tda-original-top_left
2025-08-29 18:36:32 - INFO - Model tda-original-top_left completed in 5.96 seconds.
2025-08-29 18:36:32 - INFO - >>> Model tda-original-top_left trained. Accuracy: 0.7333 (5.96 sec.)
2025-08-29 18:36:32 - INFO - Training model: tda-original-bottom_left
2025-08-29 18:36:39 - INFO - Model tda-original-bottom_left completed in 6.16 seconds.
2025-08-29 18:36:39 - INFO - >>> Model tda-original-bottom_left trained. Accuracy: 0.7333 (6.16 sec.)
2025-08-29 18:36:39 - INFO - Training model: top_right-original-top_left
2025-08-29 18:36:45 - INFO - Model top_right-original-top_left completed in 6.29 seconds.
2025-08-29 18:36:45 - INFO - >>> Model top_right-original-top_left trained. Accuracy: 0.5667 (6.29 sec.)
2025-08-29 18:36:45 - INFO - Training model: top_right-original-bottom_left
2025-08-29 18:36:51 - INFO - Model top_right-original-bottom_left completed in 6.10 seconds.
2025-08-29 18:36:51 - INFO - >>> Model top_right-original-bottom_left trained. Accuracy: 0.6333 (6.10 sec.)
2025-08-29 18:36:51 - INFO - Training model: original-top_left-bottom_left
2025-08-29 18:36:57 - INFO - Model original-top_left-bottom_left completed in 6.36 seconds.
2025-08-29 18:36:57 - INFO - >>> Model original-top_left-bottom_left trained. Accuracy: 0.6667 (6.36 sec.)
2025-08-29 18:36:57 - INFO - Training model: tda-top_right-original-bottom_right
2025-08-29 18:37:06 - INFO - Model tda-top_right-original-bottom_right completed in 8.30 seconds.
2025-08-29 18:37:06 - INFO - >>> Model tda-top_right-original-bottom_right trained. Accuracy: 0.7000 (8.30 sec.)
2025-08-29 18:37:06 - INFO - Training model: tda-original-bottom_right-top_left
2025-08-29 18:37:14 - INFO - Model tda-original-bottom_right-top_left completed in 8.18 seconds.
2025-08-29 18:37:14 - INFO - >>> Model tda-original-bottom_right-top_left trained. Accuracy: 0.6333 (8.18 sec.)
2025-08-29 18:37:14 - INFO - Training model: tda-original-bottom_right-bottom_left
2025-08-29 18:37:22 - INFO - Model tda-original-bottom_right-bottom_left completed in 8.14 seconds.
2025-08-29 18:37:22 - INFO - >>> Model tda-original-bottom_right-bottom_left trained. Accuracy: 0.6667 (8.14 sec.)
2025-08-29 18:37:22 - INFO - Training model: top_right-original-bottom_right-top_left
2025-08-29 18:37:30 - INFO - Model top_right-original-bottom_right-top_left completed in 8.00 seconds.
2025-08-29 18:37:30 - INFO - >>> Model top_right-original-bottom_right-top_left trained. Accuracy: 0.5000 (8.00 sec.)
2025-08-29 18:37:30 - INFO - Training model: top_right-original-bottom_right-bottom_left
2025-08-29 18:37:38 - INFO - Model top_right-original-bottom_right-bottom_left completed in 8.33 seconds.
2025-08-29 18:37:38 - INFO - >>> Model top_right-original-bottom_right-bottom_left trained. Accuracy: 0.5667 (8.33 sec.)
2025-08-29 18:37:38 - INFO - Training model: original-bottom_right-top_left-bottom_left
2025-08-29 18:37:47 - INFO - Model original-bottom_right-top_left-bottom_left completed in 8.28 seconds.
2025-08-29 18:37:47 - INFO - >>> Model original-bottom_right-top_left-bottom_left trained. Accuracy: 0.5000 (8.28 sec.)
2025-08-29 18:37:47 - INFO - Training model: tda-top_right-original-top_left
2025-08-29 18:37:55 - INFO - Model tda-top_right-original-top_left completed in 8.10 seconds.
2025-08-29 18:37:55 - INFO - >>> Model tda-top_right-original-top_left trained. Accuracy: 0.7667 (8.10 sec.)
2025-08-29 18:37:55 - INFO - Training model: tda-top_right-original-bottom_left
2025-08-29 18:38:03 - INFO - Model tda-top_right-original-bottom_left completed in 8.39 seconds.
2025-08-29 18:38:03 - INFO - >>> Model tda-top_right-original-bottom_left trained. Accuracy: 0.7333 (8.39 sec.)
2025-08-29 18:38:03 - INFO - Training model: tda-original-top_left-bottom_left
2025-08-29 18:38:11 - INFO - Model tda-original-top_left-bottom_left completed in 8.23 seconds.
2025-08-29 18:38:11 - INFO - >>> Model tda-original-top_left-bottom_left trained. Accuracy: 0.7667 (8.23 sec.)
2025-08-29 18:38:11 - INFO - Training model: top_right-original-top_left-bottom_left
2025-08-29 18:38:20 - INFO - Model top_right-original-top_left-bottom_left completed in 8.39 seconds.
2025-08-29 18:38:20 - INFO - >>> Model top_right-original-top_left-bottom_left trained. Accuracy: 0.6667 (8.39 sec.)
2025-08-29 18:38:20 - INFO - Training model: bottom_right-original-tda-top_right-top_left
2025-08-29 18:38:30 - INFO - Model bottom_right-original-tda-top_right-top_left completed in 10.31 seconds.
2025-08-29 18:38:30 - INFO - >>> Model bottom_right-original-tda-top_right-top_left trained. Accuracy: 0.7333 (10.31 sec.)
2025-08-29 18:38:30 - INFO - Training model: bottom_right-original-tda-top_right-bottom_left
2025-08-29 18:38:41 - INFO - Model bottom_right-original-tda-top_right-bottom_left completed in 10.60 seconds.
2025-08-29 18:38:41 - INFO - >>> Model bottom_right-original-tda-top_right-bottom_left trained. Accuracy: 0.6667 (10.60 sec.)
2025-08-29 18:38:41 - INFO - Training model: bottom_right-original-tda-top_left-bottom_left
2025-08-29 18:38:51 - INFO - Model bottom_right-original-tda-top_left-bottom_left completed in 10.46 seconds.
2025-08-29 18:38:51 - INFO - >>> Model bottom_right-original-tda-top_left-bottom_left trained. Accuracy: 0.6333 (10.46 sec.)
2025-08-29 18:38:51 - INFO - Training model: bottom_right-original-top_right-top_left-bottom_left
2025-08-29 18:39:02 - INFO - Model bottom_right-original-top_right-top_left-bottom_left completed in 10.47 seconds.
2025-08-29 18:39:02 - INFO - >>> Model bottom_right-original-top_right-top_left-bottom_left trained. Accuracy: 0.6000 (10.47 sec.)
2025-08-29 18:39:02 - INFO - Training model: original-tda-top_right-top_left-bottom_left
2025-08-29 18:39:12 - INFO - Model original-tda-top_right-top_left-bottom_left completed in 10.52 seconds.
2025-08-29 18:39:12 - INFO - >>> Model original-tda-top_right-top_left-bottom_left trained. Accuracy: 0.8000 (10.52 sec.)
2025-08-29 18:39:12 - INFO - Training model: bottom_right-original-tda-top_right-top_left-bottom_left
2025-08-29 18:39:25 - INFO - Model bottom_right-original-tda-top_right-top_left-bottom_left completed in 12.60 seconds.
2025-08-29 18:39:25 - INFO - >>> Model bottom_right-original-tda-top_right-top_left-bottom_left trained. Accuracy: 0.6333 (12.60 sec.)
2025-08-29 18:39:25 - INFO - All models trained successfully.
2025-08-29 18:39:25 - INFO - ========== [Model Training Completed] in 3.81 minutes ==========
2025-08-29 18:39:25 - INFO - ========== [Experiment Training Complete] ==========
2025-08-29 18:39:25 - INFO - Results saved to /home/jovyan/Workspace/mnist/results/exp_icecream_mlp_100sample/exp_icecream_mlp_100sample_2025-08-29_18-39-25.json
2025-08-29 18:39:25 - INFO - Results successfully saved to /home/jovyan/Workspace/mnist/results/exp_icecream_mlp_100sample/exp_icecream_mlp_100sample_2025-08-29_18-39-25.json
2025-08-29 18:39:25 - INFO - Forced Garbage collection executed to Free Memory.
2025-08-29 18:39:25 - INFO - ========== [Experiment Completed] in 3.85 minutes ==========
