2025-08-29 16:15:50 - INFO - Logging initialized.
 Writing to /home/jovyan/Workspace/mnist/logs/exp_icecream_mlp_100sample/experiment_logs_2025-08-29_16-15-50.log
2025-08-29 16:15:50 - INFO - ========== [Experiment Start] ==========
2025-08-29 16:15:50 - INFO - Views combinations successfully generated.
2025-08-29 16:15:50 - INFO - Topological Data Analysis pipeline generated.
2025-08-29 16:15:50 - INFO - Folder to save results has been created.
2025-08-29 16:15:50 - INFO - Reading dataset from mnist_784.csv (chunk size: 70000).
2025-08-29 16:15:50 - INFO - Starting multiview data preparation for a chunk of size (70000, 784)...
2025-08-29 16:15:50 - INFO - Running using 28 jobs.
2025-08-29 16:15:51 - INFO - Splitting data: 80.0% train / 30.0% test (random_state=698523122)
2025-08-29 16:15:51 - INFO - Using full training data without second split.
2025-08-29 16:15:51 - INFO - Data split complete. Train size: (70, 784), Test size: (30, 784)
2025-08-29 16:15:51 - INFO - Reshaping train and test data into square images...
2025-08-29 16:15:51 - INFO - Reshaping complete. Train images shape: (70, 28, 28), Test images shape: (30, 28, 28)
2025-08-29 16:15:51 - INFO - Splitting images into quadrant views...
2025-08-29 16:15:51 - INFO - Quadrant view splitting complete. Train views: 4, Test views: 4
2025-08-29 16:15:51 - INFO - Starting TDA pipeline transformation on train data...
2025-08-29 16:15:51 - INFO - TDA transformation for train completed (0.01 minutes).
2025-08-29 16:15:51 - INFO - Applying TDA pipeline transformation on test data...
2025-08-29 16:15:52 - INFO - TDA transformation for test completed (0.01 minutes).
2025-08-29 16:15:52 - INFO - ========== [Model Training Start] ==========
2025-08-29 16:15:52 - INFO - Training model: original
2025-08-29 16:15:52 - INFO - Model original completed in 0.09 seconds.
2025-08-29 16:15:52 - INFO - >>> Model original trained. Accuracy: 0.6333 (0.09 sec.)
2025-08-29 16:15:52 - INFO - Training model: original-bottom_right
2025-08-29 16:15:55 - INFO - Model original-bottom_right completed in 3.40 seconds.
2025-08-29 16:15:55 - INFO - >>> Model original-bottom_right trained. Accuracy: 0.5000 (3.40 sec.)
2025-08-29 16:15:55 - INFO - Training model: tda-original
2025-08-29 16:15:59 - INFO - Model tda-original completed in 3.85 seconds.
2025-08-29 16:15:59 - INFO - >>> Model tda-original trained. Accuracy: 0.8000 (3.85 sec.)
2025-08-29 16:15:59 - INFO - Training model: top_right-original
2025-08-29 16:16:02 - INFO - Model top_right-original completed in 2.36 seconds.
2025-08-29 16:16:02 - INFO - >>> Model top_right-original trained. Accuracy: 0.6000 (2.36 sec.)
2025-08-29 16:16:02 - INFO - Training model: original-top_left
2025-08-29 16:16:04 - INFO - Model original-top_left completed in 2.12 seconds.
2025-08-29 16:16:04 - INFO - >>> Model original-top_left trained. Accuracy: 0.6000 (2.12 sec.)
2025-08-29 16:16:04 - INFO - Training model: original-bottom_left
2025-08-29 16:16:06 - INFO - Model original-bottom_left completed in 2.11 seconds.
2025-08-29 16:16:06 - INFO - >>> Model original-bottom_left trained. Accuracy: 0.5000 (2.11 sec.)
2025-08-29 16:16:06 - INFO - Training model: tda-original-bottom_right
2025-08-29 16:16:09 - INFO - Model tda-original-bottom_right completed in 3.24 seconds.
2025-08-29 16:16:09 - INFO - >>> Model tda-original-bottom_right trained. Accuracy: 0.7667 (3.24 sec.)
2025-08-29 16:16:09 - INFO - Training model: top_right-original-bottom_right
2025-08-29 16:16:12 - INFO - Model top_right-original-bottom_right completed in 3.27 seconds.
2025-08-29 16:16:12 - INFO - >>> Model top_right-original-bottom_right trained. Accuracy: 0.5667 (3.27 sec.)
2025-08-29 16:16:12 - INFO - Training model: original-bottom_right-top_left
2025-08-29 16:16:18 - INFO - Model original-bottom_right-top_left completed in 5.68 seconds.
2025-08-29 16:16:18 - INFO - >>> Model original-bottom_right-top_left trained. Accuracy: 0.5667 (5.68 sec.)
2025-08-29 16:16:18 - INFO - Training model: original-bottom_right-bottom_left
2025-08-29 16:16:24 - INFO - Model original-bottom_right-bottom_left completed in 5.72 seconds.
2025-08-29 16:16:24 - INFO - >>> Model original-bottom_right-bottom_left trained. Accuracy: 0.4000 (5.72 sec.)
2025-08-29 16:16:24 - INFO - Training model: tda-top_right-original
2025-08-29 16:16:30 - INFO - Model tda-top_right-original completed in 6.35 seconds.
2025-08-29 16:16:30 - INFO - >>> Model tda-top_right-original trained. Accuracy: 0.8000 (6.35 sec.)
2025-08-29 16:16:30 - INFO - Training model: tda-original-top_left
2025-08-29 16:16:37 - INFO - Model tda-original-top_left completed in 6.35 seconds.
2025-08-29 16:16:37 - INFO - >>> Model tda-original-top_left trained. Accuracy: 0.8000 (6.35 sec.)
2025-08-29 16:16:37 - INFO - Training model: tda-original-bottom_left
2025-08-29 16:16:43 - INFO - Model tda-original-bottom_left completed in 6.10 seconds.
2025-08-29 16:16:43 - INFO - >>> Model tda-original-bottom_left trained. Accuracy: 0.7667 (6.10 sec.)
2025-08-29 16:16:43 - INFO - Training model: top_right-original-top_left
2025-08-29 16:16:49 - INFO - Model top_right-original-top_left completed in 5.98 seconds.
2025-08-29 16:16:49 - INFO - >>> Model top_right-original-top_left trained. Accuracy: 0.6000 (5.98 sec.)
2025-08-29 16:16:49 - INFO - Training model: top_right-original-bottom_left
2025-08-29 16:16:54 - INFO - Model top_right-original-bottom_left completed in 5.75 seconds.
2025-08-29 16:16:54 - INFO - >>> Model top_right-original-bottom_left trained. Accuracy: 0.6000 (5.75 sec.)
2025-08-29 16:16:54 - INFO - Training model: original-top_left-bottom_left
2025-08-29 16:17:01 - INFO - Model original-top_left-bottom_left completed in 6.07 seconds.
2025-08-29 16:17:01 - INFO - >>> Model original-top_left-bottom_left trained. Accuracy: 0.4667 (6.07 sec.)
2025-08-29 16:17:01 - INFO - Training model: tda-top_right-original-bottom_right
2025-08-29 16:17:09 - INFO - Model tda-top_right-original-bottom_right completed in 7.97 seconds.
2025-08-29 16:17:09 - INFO - >>> Model tda-top_right-original-bottom_right trained. Accuracy: 0.7667 (7.97 sec.)
2025-08-29 16:17:09 - INFO - Training model: tda-original-bottom_right-top_left
2025-08-29 16:17:17 - INFO - Model tda-original-bottom_right-top_left completed in 8.46 seconds.
2025-08-29 16:17:17 - INFO - >>> Model tda-original-bottom_right-top_left trained. Accuracy: 0.7667 (8.46 sec.)
2025-08-29 16:17:17 - INFO - Training model: tda-original-bottom_right-bottom_left
2025-08-29 16:17:25 - INFO - Model tda-original-bottom_right-bottom_left completed in 7.90 seconds.
2025-08-29 16:17:25 - INFO - >>> Model tda-original-bottom_right-bottom_left trained. Accuracy: 0.7333 (7.90 sec.)
2025-08-29 16:17:25 - INFO - Training model: top_right-original-bottom_right-top_left
2025-08-29 16:17:33 - INFO - Model top_right-original-bottom_right-top_left completed in 8.38 seconds.
2025-08-29 16:17:33 - INFO - >>> Model top_right-original-bottom_right-top_left trained. Accuracy: 0.5333 (8.38 sec.)
2025-08-29 16:17:33 - INFO - Training model: top_right-original-bottom_right-bottom_left
2025-08-29 16:17:42 - INFO - Model top_right-original-bottom_right-bottom_left completed in 8.41 seconds.
2025-08-29 16:17:42 - INFO - >>> Model top_right-original-bottom_right-bottom_left trained. Accuracy: 0.5333 (8.41 sec.)
2025-08-29 16:17:42 - INFO - Training model: original-bottom_right-top_left-bottom_left
2025-08-29 16:17:50 - INFO - Model original-bottom_right-top_left-bottom_left completed in 8.43 seconds.
2025-08-29 16:17:50 - INFO - >>> Model original-bottom_right-top_left-bottom_left trained. Accuracy: 0.4667 (8.43 sec.)
2025-08-29 16:17:50 - INFO - Training model: tda-top_right-original-top_left
2025-08-29 16:17:58 - INFO - Model tda-top_right-original-top_left completed in 8.09 seconds.
2025-08-29 16:17:58 - INFO - >>> Model tda-top_right-original-top_left trained. Accuracy: 0.7333 (8.09 sec.)
2025-08-29 16:17:58 - INFO - Training model: tda-top_right-original-bottom_left
2025-08-29 16:18:07 - INFO - Model tda-top_right-original-bottom_left completed in 8.42 seconds.
2025-08-29 16:18:07 - INFO - >>> Model tda-top_right-original-bottom_left trained. Accuracy: 0.7333 (8.42 sec.)
2025-08-29 16:18:07 - INFO - Training model: tda-original-top_left-bottom_left
2025-08-29 16:18:15 - INFO - Model tda-original-top_left-bottom_left completed in 8.50 seconds.
2025-08-29 16:18:15 - INFO - >>> Model tda-original-top_left-bottom_left trained. Accuracy: 0.7667 (8.50 sec.)
2025-08-29 16:18:15 - INFO - Training model: top_right-original-top_left-bottom_left
2025-08-29 16:18:24 - INFO - Model top_right-original-top_left-bottom_left completed in 8.48 seconds.
2025-08-29 16:18:24 - INFO - >>> Model top_right-original-top_left-bottom_left trained. Accuracy: 0.5667 (8.48 sec.)
2025-08-29 16:18:24 - INFO - Training model: bottom_right-original-tda-top_right-top_left
2025-08-29 16:18:34 - INFO - Model bottom_right-original-tda-top_right-top_left completed in 10.12 seconds.
2025-08-29 16:18:34 - INFO - >>> Model bottom_right-original-tda-top_right-top_left trained. Accuracy: 0.7667 (10.12 sec.)
2025-08-29 16:18:34 - INFO - Training model: bottom_right-original-tda-top_right-bottom_left
2025-08-29 16:18:43 - INFO - Model bottom_right-original-tda-top_right-bottom_left completed in 9.56 seconds.
2025-08-29 16:18:43 - INFO - >>> Model bottom_right-original-tda-top_right-bottom_left trained. Accuracy: 0.7333 (9.56 sec.)
2025-08-29 16:18:43 - INFO - Training model: bottom_right-original-tda-top_left-bottom_left
2025-08-29 16:18:53 - INFO - Model bottom_right-original-tda-top_left-bottom_left completed in 9.49 seconds.
2025-08-29 16:18:53 - INFO - >>> Model bottom_right-original-tda-top_left-bottom_left trained. Accuracy: 0.7333 (9.49 sec.)
2025-08-29 16:18:53 - INFO - Training model: bottom_right-original-top_right-top_left-bottom_left
2025-08-29 16:19:03 - INFO - Model bottom_right-original-top_right-top_left-bottom_left completed in 9.89 seconds.
2025-08-29 16:19:03 - INFO - >>> Model bottom_right-original-top_right-top_left-bottom_left trained. Accuracy: 0.5333 (9.89 sec.)
2025-08-29 16:19:03 - INFO - Training model: original-tda-top_right-top_left-bottom_left
2025-08-29 16:19:13 - INFO - Model original-tda-top_right-top_left-bottom_left completed in 10.03 seconds.
2025-08-29 16:19:13 - INFO - >>> Model original-tda-top_right-top_left-bottom_left trained. Accuracy: 0.7667 (10.03 sec.)
2025-08-29 16:19:13 - INFO - Training model: bottom_right-original-tda-top_right-top_left-bottom_left
2025-08-29 16:19:25 - INFO - Model bottom_right-original-tda-top_right-top_left-bottom_left completed in 12.08 seconds.
2025-08-29 16:19:25 - INFO - >>> Model bottom_right-original-tda-top_right-top_left-bottom_left trained. Accuracy: 0.7333 (12.08 sec.)
2025-08-29 16:19:25 - INFO - All models trained successfully.
2025-08-29 16:19:25 - INFO - ========== [Model Training Completed] in 3.55 minutes ==========
2025-08-29 16:19:25 - INFO - ========== [Experiment Training Complete] ==========
2025-08-29 16:19:25 - INFO - Results saved to /home/jovyan/Workspace/mnist/results/exp_icecream_mlp_100sample/exp_icecream_mlp_100sample_2025-08-29_16-19-25.json
2025-08-29 16:19:25 - INFO - Results successfully saved to /home/jovyan/Workspace/mnist/results/exp_icecream_mlp_100sample/exp_icecream_mlp_100sample_2025-08-29_16-19-25.json
2025-08-29 16:19:25 - INFO - Forced Garbage collection executed to Free Memory.
2025-08-29 16:19:25 - INFO - ========== [Experiment Completed] in 3.59 minutes ==========
