2025-08-29 17:15:46 - INFO - Logging initialized.
 Writing to /home/jovyan/Workspace/mnist/logs/exp_icecream_mlp_100sample/experiment_logs_2025-08-29_17-15-46.log
2025-08-29 17:15:46 - INFO - ========== [Experiment Start] ==========
2025-08-29 17:15:46 - INFO - Views combinations successfully generated.
2025-08-29 17:15:46 - INFO - Topological Data Analysis pipeline generated.
2025-08-29 17:15:46 - INFO - Folder to save results has been created.
2025-08-29 17:15:46 - INFO - Reading dataset from mnist_784.csv (chunk size: 70000).
2025-08-29 17:15:47 - INFO - Starting multiview data preparation for a chunk of size (70000, 784)...
2025-08-29 17:15:47 - INFO - Running using 28 jobs.
2025-08-29 17:15:47 - INFO - Splitting data: 80.0% train / 30.0% test (random_state=701163723)
2025-08-29 17:15:47 - INFO - Using full training data without second split.
2025-08-29 17:15:47 - INFO - Data split complete. Train size: (70, 784), Test size: (30, 784)
2025-08-29 17:15:47 - INFO - Reshaping train and test data into square images...
2025-08-29 17:15:47 - INFO - Reshaping complete. Train images shape: (70, 28, 28), Test images shape: (30, 28, 28)
2025-08-29 17:15:47 - INFO - Splitting images into quadrant views...
2025-08-29 17:15:47 - INFO - Quadrant view splitting complete. Train views: 4, Test views: 4
2025-08-29 17:15:47 - INFO - Starting TDA pipeline transformation on train data...
2025-08-29 17:15:49 - INFO - TDA transformation for train completed (0.02 minutes).
2025-08-29 17:15:49 - INFO - Applying TDA pipeline transformation on test data...
2025-08-29 17:15:50 - INFO - TDA transformation for test completed (0.01 minutes).
2025-08-29 17:15:50 - INFO - ========== [Model Training Start] ==========
2025-08-29 17:15:50 - INFO - Training model: original
2025-08-29 17:15:50 - INFO - Model original completed in 0.12 seconds.
2025-08-29 17:15:50 - INFO - >>> Model original trained. Accuracy: 0.6000 (0.12 sec.)
2025-08-29 17:15:50 - INFO - Training model: original-bottom_right
2025-08-29 17:15:53 - INFO - Model original-bottom_right completed in 2.92 seconds.
2025-08-29 17:15:53 - INFO - >>> Model original-bottom_right trained. Accuracy: 0.5333 (2.92 sec.)
2025-08-29 17:15:53 - INFO - Training model: tda-original
2025-08-29 17:15:56 - INFO - Model tda-original completed in 3.70 seconds.
2025-08-29 17:15:56 - INFO - >>> Model tda-original trained. Accuracy: 0.8667 (3.70 sec.)
2025-08-29 17:15:56 - INFO - Training model: top_right-original
2025-08-29 17:16:01 - INFO - Model top_right-original completed in 4.37 seconds.
2025-08-29 17:16:01 - INFO - >>> Model top_right-original trained. Accuracy: 0.4667 (4.37 sec.)
2025-08-29 17:16:01 - INFO - Training model: original-top_left
2025-08-29 17:16:04 - INFO - Model original-top_left completed in 3.61 seconds.
2025-08-29 17:16:04 - INFO - >>> Model original-top_left trained. Accuracy: 0.5000 (3.61 sec.)
2025-08-29 17:16:04 - INFO - Training model: original-bottom_left
2025-08-29 17:16:09 - INFO - Model original-bottom_left completed in 4.25 seconds.
2025-08-29 17:16:09 - INFO - >>> Model original-bottom_left trained. Accuracy: 0.5667 (4.25 sec.)
2025-08-29 17:16:09 - INFO - Training model: tda-original-bottom_right
2025-08-29 17:16:15 - INFO - Model tda-original-bottom_right completed in 6.25 seconds.
2025-08-29 17:16:15 - INFO - >>> Model tda-original-bottom_right trained. Accuracy: 0.8000 (6.25 sec.)
2025-08-29 17:16:15 - INFO - Training model: top_right-original-bottom_right
2025-08-29 17:16:21 - INFO - Model top_right-original-bottom_right completed in 5.86 seconds.
2025-08-29 17:16:21 - INFO - >>> Model top_right-original-bottom_right trained. Accuracy: 0.4667 (5.86 sec.)
2025-08-29 17:16:21 - INFO - Training model: original-bottom_right-top_left
2025-08-29 17:16:27 - INFO - Model original-bottom_right-top_left completed in 5.85 seconds.
2025-08-29 17:16:27 - INFO - >>> Model original-bottom_right-top_left trained. Accuracy: 0.5667 (5.85 sec.)
2025-08-29 17:16:27 - INFO - Training model: original-bottom_right-bottom_left
2025-08-29 17:16:31 - INFO - Model original-bottom_right-bottom_left completed in 4.31 seconds.
2025-08-29 17:16:31 - INFO - >>> Model original-bottom_right-bottom_left trained. Accuracy: 0.6000 (4.31 sec.)
2025-08-29 17:16:31 - INFO - Training model: tda-top_right-original
2025-08-29 17:16:37 - INFO - Model tda-top_right-original completed in 6.50 seconds.
2025-08-29 17:16:37 - INFO - >>> Model tda-top_right-original trained. Accuracy: 0.8000 (6.50 sec.)
2025-08-29 17:16:37 - INFO - Training model: tda-original-top_left
2025-08-29 17:16:44 - INFO - Model tda-original-top_left completed in 6.53 seconds.
2025-08-29 17:16:44 - INFO - >>> Model tda-original-top_left trained. Accuracy: 0.9000 (6.53 sec.)
2025-08-29 17:16:44 - INFO - Training model: tda-original-bottom_left
2025-08-29 17:16:51 - INFO - Model tda-original-bottom_left completed in 6.90 seconds.
2025-08-29 17:16:51 - INFO - >>> Model tda-original-bottom_left trained. Accuracy: 0.8333 (6.90 sec.)
2025-08-29 17:16:51 - INFO - Training model: top_right-original-top_left
2025-08-29 17:16:57 - INFO - Model top_right-original-top_left completed in 5.97 seconds.
2025-08-29 17:16:57 - INFO - >>> Model top_right-original-top_left trained. Accuracy: 0.3667 (5.97 sec.)
2025-08-29 17:16:57 - INFO - Training model: top_right-original-bottom_left
2025-08-29 17:17:03 - INFO - Model top_right-original-bottom_left completed in 6.18 seconds.
2025-08-29 17:17:03 - INFO - >>> Model top_right-original-bottom_left trained. Accuracy: 0.4667 (6.18 sec.)
2025-08-29 17:17:03 - INFO - Training model: original-top_left-bottom_left
2025-08-29 17:17:09 - INFO - Model original-top_left-bottom_left completed in 6.47 seconds.
2025-08-29 17:17:09 - INFO - >>> Model original-top_left-bottom_left trained. Accuracy: 0.6000 (6.47 sec.)
2025-08-29 17:17:09 - INFO - Training model: tda-top_right-original-bottom_right
2025-08-29 17:17:18 - INFO - Model tda-top_right-original-bottom_right completed in 9.01 seconds.
2025-08-29 17:17:18 - INFO - >>> Model tda-top_right-original-bottom_right trained. Accuracy: 0.7333 (9.01 sec.)
2025-08-29 17:17:18 - INFO - Training model: tda-original-bottom_right-top_left
2025-08-29 17:17:27 - INFO - Model tda-original-bottom_right-top_left completed in 8.53 seconds.
2025-08-29 17:17:27 - INFO - >>> Model tda-original-bottom_right-top_left trained. Accuracy: 0.9333 (8.53 sec.)
2025-08-29 17:17:27 - INFO - Training model: tda-original-bottom_right-bottom_left
2025-08-29 17:17:36 - INFO - Model tda-original-bottom_right-bottom_left completed in 8.59 seconds.
2025-08-29 17:17:36 - INFO - >>> Model tda-original-bottom_right-bottom_left trained. Accuracy: 0.7667 (8.59 sec.)
2025-08-29 17:17:36 - INFO - Training model: top_right-original-bottom_right-top_left
2025-08-29 17:17:44 - INFO - Model top_right-original-bottom_right-top_left completed in 8.42 seconds.
2025-08-29 17:17:44 - INFO - >>> Model top_right-original-bottom_right-top_left trained. Accuracy: 0.5333 (8.42 sec.)
2025-08-29 17:17:44 - INFO - Training model: top_right-original-bottom_right-bottom_left
2025-08-29 17:17:53 - INFO - Model top_right-original-bottom_right-bottom_left completed in 8.67 seconds.
2025-08-29 17:17:53 - INFO - >>> Model top_right-original-bottom_right-bottom_left trained. Accuracy: 0.5333 (8.67 sec.)
2025-08-29 17:17:53 - INFO - Training model: original-bottom_right-top_left-bottom_left
2025-08-29 17:18:01 - INFO - Model original-bottom_right-top_left-bottom_left completed in 8.59 seconds.
2025-08-29 17:18:01 - INFO - >>> Model original-bottom_right-top_left-bottom_left trained. Accuracy: 0.6667 (8.59 sec.)
2025-08-29 17:18:01 - INFO - Training model: tda-top_right-original-top_left
2025-08-29 17:18:10 - INFO - Model tda-top_right-original-top_left completed in 8.88 seconds.
2025-08-29 17:18:10 - INFO - >>> Model tda-top_right-original-top_left trained. Accuracy: 0.8667 (8.88 sec.)
2025-08-29 17:18:10 - INFO - Training model: tda-top_right-original-bottom_left
2025-08-29 17:18:19 - INFO - Model tda-top_right-original-bottom_left completed in 8.79 seconds.
2025-08-29 17:18:19 - INFO - >>> Model tda-top_right-original-bottom_left trained. Accuracy: 0.7000 (8.79 sec.)
2025-08-29 17:18:19 - INFO - Training model: tda-original-top_left-bottom_left
2025-08-29 17:18:28 - INFO - Model tda-original-top_left-bottom_left completed in 8.83 seconds.
2025-08-29 17:18:28 - INFO - >>> Model tda-original-top_left-bottom_left trained. Accuracy: 0.8333 (8.83 sec.)
2025-08-29 17:18:28 - INFO - Training model: top_right-original-top_left-bottom_left
2025-08-29 17:18:36 - INFO - Model top_right-original-top_left-bottom_left completed in 8.40 seconds.
2025-08-29 17:18:36 - INFO - >>> Model top_right-original-top_left-bottom_left trained. Accuracy: 0.4667 (8.40 sec.)
2025-08-29 17:18:36 - INFO - Training model: bottom_right-original-tda-top_right-top_left
2025-08-29 17:18:45 - INFO - Model bottom_right-original-tda-top_right-top_left completed in 9.23 seconds.
2025-08-29 17:18:45 - INFO - >>> Model bottom_right-original-tda-top_right-top_left trained. Accuracy: 0.8333 (9.23 sec.)
2025-08-29 17:18:45 - INFO - Training model: bottom_right-original-tda-top_right-bottom_left
2025-08-29 17:18:56 - INFO - Model bottom_right-original-tda-top_right-bottom_left completed in 10.49 seconds.
2025-08-29 17:18:56 - INFO - >>> Model bottom_right-original-tda-top_right-bottom_left trained. Accuracy: 0.7000 (10.49 sec.)
2025-08-29 17:18:56 - INFO - Training model: bottom_right-original-tda-top_left-bottom_left
2025-08-29 17:19:04 - INFO - Model bottom_right-original-tda-top_left-bottom_left completed in 8.48 seconds.
2025-08-29 17:19:04 - INFO - >>> Model bottom_right-original-tda-top_left-bottom_left trained. Accuracy: 0.8000 (8.48 sec.)
2025-08-29 17:19:04 - INFO - Training model: bottom_right-original-top_right-top_left-bottom_left
2025-08-29 17:19:15 - INFO - Model bottom_right-original-top_right-top_left-bottom_left completed in 10.19 seconds.
2025-08-29 17:19:15 - INFO - >>> Model bottom_right-original-top_right-top_left-bottom_left trained. Accuracy: 0.5333 (10.19 sec.)
2025-08-29 17:19:15 - INFO - Training model: original-tda-top_right-top_left-bottom_left
2025-08-29 17:19:25 - INFO - Model original-tda-top_right-top_left-bottom_left completed in 10.40 seconds.
2025-08-29 17:19:25 - INFO - >>> Model original-tda-top_right-top_left-bottom_left trained. Accuracy: 0.7667 (10.40 sec.)
2025-08-29 17:19:25 - INFO - Training model: bottom_right-original-tda-top_right-top_left-bottom_left
2025-08-29 17:19:38 - INFO - Model bottom_right-original-tda-top_right-top_left-bottom_left completed in 13.24 seconds.
2025-08-29 17:19:38 - INFO - >>> Model bottom_right-original-tda-top_right-top_left-bottom_left trained. Accuracy: 0.6667 (13.24 sec.)
2025-08-29 17:19:38 - INFO - All models trained successfully.
2025-08-29 17:19:38 - INFO - ========== [Model Training Completed] in 3.81 minutes ==========
2025-08-29 17:19:38 - INFO - ========== [Experiment Training Complete] ==========
2025-08-29 17:19:38 - INFO - Results saved to /home/jovyan/Workspace/mnist/results/exp_icecream_mlp_100sample/exp_icecream_mlp_100sample_2025-08-29_17-19-38.json
2025-08-29 17:19:38 - INFO - Results successfully saved to /home/jovyan/Workspace/mnist/results/exp_icecream_mlp_100sample/exp_icecream_mlp_100sample_2025-08-29_17-19-38.json
2025-08-29 17:19:38 - INFO - Forced Garbage collection executed to Free Memory.
2025-08-29 17:19:38 - INFO - ========== [Experiment Completed] in 3.87 minutes ==========
