2025-07-18 05:19:04 - INFO - Logging initialized.
 Writing to /home/jovyan/Workspace/workspace_mnist/logs/exp_icecream_noise_saltpepper_20_pt2/experiment_logs_2025-07-18_05-19-04.log
2025-07-18 05:19:04 - INFO - ========== [Experiment Start] ==========
2025-07-18 05:19:04 - INFO - Views combinations successfully generated.
2025-07-18 05:19:04 - INFO - Topological Data Analysis pipeline generated.
2025-07-18 05:19:04 - INFO - Folder to save results has been created.
2025-07-18 05:19:04 - INFO - Reading dataset from mnist_784.csv (chunk size: 70000).
2025-07-18 05:19:05 - INFO - Starting multiview data preparation for a chunk of size (70000, 784)...
2025-07-18 05:19:05 - INFO - Running using 20 jobs.
2025-07-18 05:19:05 - INFO - Contaminating dataset with salt_pepper, quantity=0.2, transparency=0.
2025-07-18 05:19:09 - INFO - Splitting data: 80.0% train / 30.0% test (random_state=854859636)
2025-07-18 05:19:09 - INFO - Using full training data without second split.
2025-07-18 05:19:09 - INFO - Data split complete. Train size: (49000, 784), Test size: (21000, 784)
2025-07-18 05:19:09 - INFO - Reshaping train and test data into square images...
2025-07-18 05:19:09 - INFO - Reshaping complete. Train images shape: (49000, 28, 28), Test images shape: (21000, 28, 28)
2025-07-18 05:19:09 - INFO - Splitting images into quadrant views...
2025-07-18 05:19:09 - INFO - Quadrant view splitting complete. Train views: 4, Test views: 4
2025-07-18 05:19:09 - INFO - Starting TDA pipeline transformation on train data...
2025-07-18 05:29:10 - INFO - TDA transformation for train completed (10.03 minutes).
2025-07-18 05:29:10 - INFO - Applying TDA pipeline transformation on test data...
2025-07-18 05:33:23 - INFO - TDA transformation for test completed (4.22 minutes).
2025-07-18 05:33:23 - INFO - ========== [Model Training Start] ==========
2025-07-18 05:33:23 - INFO - Training model: original
2025-07-18 05:33:25 - INFO - Model original completed in 1.23 seconds.
2025-07-18 05:33:25 - INFO - >>> Model original trained. Accuracy: 0.9059 (1.23 sec.)
2025-07-18 05:33:25 - INFO - Training model: top_right-original
2025-07-18 05:33:35 - INFO - Model top_right-original completed in 9.93 seconds.
2025-07-18 05:33:35 - INFO - >>> Model top_right-original trained. Accuracy: 0.9227 (9.93 sec.)
2025-07-18 05:33:35 - INFO - Training model: original-bottom_right
2025-07-18 05:33:44 - INFO - Model original-bottom_right completed in 9.70 seconds.
2025-07-18 05:33:44 - INFO - >>> Model original-bottom_right trained. Accuracy: 0.9192 (9.70 sec.)
2025-07-18 05:33:44 - INFO - Training model: original-bottom_left
2025-07-18 05:33:54 - INFO - Model original-bottom_left completed in 9.97 seconds.
2025-07-18 05:33:54 - INFO - >>> Model original-bottom_left trained. Accuracy: 0.9170 (9.97 sec.)
2025-07-18 05:33:54 - INFO - Training model: top_left-original
2025-07-18 05:34:04 - INFO - Model top_left-original completed in 9.93 seconds.
2025-07-18 05:34:04 - INFO - >>> Model top_left-original trained. Accuracy: 0.9195 (9.93 sec.)
2025-07-18 05:34:04 - INFO - Training model: tda-original
2025-07-18 05:34:27 - INFO - Model tda-original completed in 22.79 seconds.
2025-07-18 05:34:27 - INFO - >>> Model tda-original trained. Accuracy: 0.9152 (22.79 sec.)
2025-07-18 05:34:27 - INFO - Training model: top_right-original-bottom_right
2025-07-18 05:34:41 - INFO - Model top_right-original-bottom_right completed in 13.66 seconds.
2025-07-18 05:34:41 - INFO - >>> Model top_right-original-bottom_right trained. Accuracy: 0.9296 (13.66 sec.)
2025-07-18 05:34:41 - INFO - Training model: top_right-original-bottom_left
2025-07-18 05:34:54 - INFO - Model top_right-original-bottom_left completed in 13.42 seconds.
2025-07-18 05:34:54 - INFO - >>> Model top_right-original-bottom_left trained. Accuracy: 0.9292 (13.42 sec.)
2025-07-18 05:34:54 - INFO - Training model: top_right-original-top_left
2025-07-18 05:35:07 - INFO - Model top_right-original-top_left completed in 13.47 seconds.
2025-07-18 05:35:07 - INFO - >>> Model top_right-original-top_left trained. Accuracy: 0.9303 (13.47 sec.)
2025-07-18 05:35:07 - INFO - Training model: top_right-tda-original
2025-07-18 05:35:33 - INFO - Model top_right-tda-original completed in 25.84 seconds.
2025-07-18 05:35:33 - INFO - >>> Model top_right-tda-original trained. Accuracy: 0.9258 (25.84 sec.)
2025-07-18 05:35:33 - INFO - Training model: bottom_left-original-bottom_right
2025-07-18 05:35:47 - INFO - Model bottom_left-original-bottom_right completed in 13.66 seconds.
2025-07-18 05:35:47 - INFO - >>> Model bottom_left-original-bottom_right trained. Accuracy: 0.9232 (13.66 sec.)
2025-07-18 05:35:47 - INFO - Training model: top_left-original-bottom_right
2025-07-18 05:36:01 - INFO - Model top_left-original-bottom_right completed in 13.87 seconds.
2025-07-18 05:36:01 - INFO - >>> Model top_left-original-bottom_right trained. Accuracy: 0.9282 (13.87 sec.)
2025-07-18 05:36:01 - INFO - Training model: tda-original-bottom_right
2025-07-18 05:36:27 - INFO - Model tda-original-bottom_right completed in 26.59 seconds.
2025-07-18 05:36:27 - INFO - >>> Model tda-original-bottom_right trained. Accuracy: 0.9224 (26.59 sec.)
2025-07-18 05:36:27 - INFO - Training model: top_left-original-bottom_left
2025-07-18 05:36:40 - INFO - Model top_left-original-bottom_left completed in 12.97 seconds.
2025-07-18 05:36:40 - INFO - >>> Model top_left-original-bottom_left trained. Accuracy: 0.9268 (12.97 sec.)
2025-07-18 05:36:40 - INFO - Training model: tda-original-bottom_left
2025-07-18 05:37:07 - INFO - Model tda-original-bottom_left completed in 26.26 seconds.
2025-07-18 05:37:07 - INFO - >>> Model tda-original-bottom_left trained. Accuracy: 0.9199 (26.26 sec.)
2025-07-18 05:37:07 - INFO - Training model: top_left-tda-original
2025-07-18 05:37:32 - INFO - Model top_left-tda-original completed in 25.80 seconds.
2025-07-18 05:37:32 - INFO - >>> Model top_left-tda-original trained. Accuracy: 0.9219 (25.80 sec.)
2025-07-18 05:37:32 - INFO - Training model: top_right-bottom_left-original-bottom_right
2025-07-18 05:37:50 - INFO - Model top_right-bottom_left-original-bottom_right completed in 17.36 seconds.
2025-07-18 05:37:50 - INFO - >>> Model top_right-bottom_left-original-bottom_right trained. Accuracy: 0.9360 (17.36 sec.)
2025-07-18 05:37:50 - INFO - Training model: top_right-top_left-original-bottom_right
2025-07-18 05:38:07 - INFO - Model top_right-top_left-original-bottom_right completed in 16.92 seconds.
2025-07-18 05:38:07 - INFO - >>> Model top_right-top_left-original-bottom_right trained. Accuracy: 0.9392 (16.92 sec.)
2025-07-18 05:38:07 - INFO - Training model: top_right-tda-original-bottom_right
2025-07-18 05:38:37 - INFO - Model top_right-tda-original-bottom_right completed in 30.54 seconds.
2025-07-18 05:38:37 - INFO - >>> Model top_right-tda-original-bottom_right trained. Accuracy: 0.9335 (30.54 sec.)
2025-07-18 05:38:37 - INFO - Training model: top_right-top_left-original-bottom_left
2025-07-18 05:38:54 - INFO - Model top_right-top_left-original-bottom_left completed in 16.78 seconds.
2025-07-18 05:38:54 - INFO - >>> Model top_right-top_left-original-bottom_left trained. Accuracy: 0.9380 (16.78 sec.)
2025-07-18 05:38:54 - INFO - Training model: top_right-tda-original-bottom_left
2025-07-18 05:39:23 - INFO - Model top_right-tda-original-bottom_left completed in 29.09 seconds.
2025-07-18 05:39:23 - INFO - >>> Model top_right-tda-original-bottom_left trained. Accuracy: 0.9314 (29.09 sec.)
2025-07-18 05:39:23 - INFO - Training model: top_right-tda-original-top_left
2025-07-18 05:39:53 - INFO - Model top_right-tda-original-top_left completed in 29.46 seconds.
2025-07-18 05:39:53 - INFO - >>> Model top_right-tda-original-top_left trained. Accuracy: 0.9324 (29.46 sec.)
2025-07-18 05:39:53 - INFO - Training model: top_left-bottom_left-original-bottom_right
2025-07-18 05:40:09 - INFO - Model top_left-bottom_left-original-bottom_right completed in 16.54 seconds.
2025-07-18 05:40:09 - INFO - >>> Model top_left-bottom_left-original-bottom_right trained. Accuracy: 0.9332 (16.54 sec.)
2025-07-18 05:40:09 - INFO - Training model: tda-bottom_left-original-bottom_right
2025-07-18 05:40:40 - INFO - Model tda-bottom_left-original-bottom_right completed in 30.38 seconds.
2025-07-18 05:40:40 - INFO - >>> Model tda-bottom_left-original-bottom_right trained. Accuracy: 0.9268 (30.38 sec.)
2025-07-18 05:40:40 - INFO - Training model: top_left-tda-original-bottom_right
2025-07-18 05:41:09 - INFO - Model top_left-tda-original-bottom_right completed in 29.83 seconds.
2025-07-18 05:41:09 - INFO - >>> Model top_left-tda-original-bottom_right trained. Accuracy: 0.9312 (29.83 sec.)
2025-07-18 05:41:09 - INFO - Training model: top_left-tda-original-bottom_left
2025-07-18 05:41:39 - INFO - Model top_left-tda-original-bottom_left completed in 29.57 seconds.
2025-07-18 05:41:39 - INFO - >>> Model top_left-tda-original-bottom_left trained. Accuracy: 0.9291 (29.57 sec.)
2025-07-18 05:41:39 - INFO - Training model: top_right-bottom_right-original-bottom_left-top_left
2025-07-18 05:42:00 - INFO - Model top_right-bottom_right-original-bottom_left-top_left completed in 20.64 seconds.
2025-07-18 05:42:00 - INFO - >>> Model top_right-bottom_right-original-bottom_left-top_left trained. Accuracy: 0.9453 (20.64 sec.)
2025-07-18 05:42:00 - INFO - Training model: top_right-bottom_right-original-bottom_left-tda
2025-07-18 05:42:33 - INFO - Model top_right-bottom_right-original-bottom_left-tda completed in 33.82 seconds.
2025-07-18 05:42:33 - INFO - >>> Model top_right-bottom_right-original-bottom_left-tda trained. Accuracy: 0.9367 (33.82 sec.)
2025-07-18 05:42:33 - INFO - Training model: top_right-bottom_right-original-top_left-tda
2025-07-18 05:43:06 - INFO - Model top_right-bottom_right-original-top_left-tda completed in 32.82 seconds.
2025-07-18 05:43:06 - INFO - >>> Model top_right-bottom_right-original-top_left-tda trained. Accuracy: 0.9411 (32.82 sec.)
2025-07-18 05:43:06 - INFO - Training model: top_right-original-bottom_left-top_left-tda
2025-07-18 05:43:39 - INFO - Model top_right-original-bottom_left-top_left-tda completed in 32.79 seconds.
2025-07-18 05:43:39 - INFO - >>> Model top_right-original-bottom_left-top_left-tda trained. Accuracy: 0.9393 (32.79 sec.)
2025-07-18 05:43:39 - INFO - Training model: bottom_right-original-bottom_left-top_left-tda
2025-07-18 05:44:12 - INFO - Model bottom_right-original-bottom_left-top_left-tda completed in 33.33 seconds.
2025-07-18 05:44:12 - INFO - >>> Model bottom_right-original-bottom_left-top_left-tda trained. Accuracy: 0.9369 (33.33 sec.)
2025-07-18 05:44:12 - INFO - Training model: top_right-bottom_right-original-bottom_left-top_left-tda
2025-07-18 05:44:49 - INFO - Model top_right-bottom_right-original-bottom_left-top_left-tda completed in 36.63 seconds.
2025-07-18 05:44:49 - INFO - >>> Model top_right-bottom_right-original-bottom_left-top_left-tda trained. Accuracy: 0.9472 (36.63 sec.)
2025-07-18 05:44:49 - INFO - All models trained successfully.
2025-07-18 05:44:49 - INFO - ========== [Model Training Completed] in 11.43 minutes ==========
2025-07-18 05:44:49 - INFO - ========== [Experiment Training Complete] ==========
2025-07-18 05:44:49 - INFO - Results saved to /home/jovyan/Workspace/workspace_mnist/results/exp_icecream_noise_saltpepper_20_pt2/exp_icecream_noise_saltpepper_20_pt2_2025-07-18_05-44-49.json
2025-07-18 05:44:49 - INFO - Results successfully saved to /home/jovyan/Workspace/workspace_mnist/results/exp_icecream_noise_saltpepper_20_pt2/exp_icecream_noise_saltpepper_20_pt2_2025-07-18_05-44-49.json
2025-07-18 05:44:49 - INFO - Forced Garbage collection executed to Free Memory.
2025-07-18 05:44:49 - INFO - ========== [Experiment Completed] in 25.75 minutes ==========
