2025-07-18 05:44:49 - INFO - Logging initialized.
 Writing to /home/jovyan/Workspace/workspace_mnist/logs/exp_icecream_noise_saltpepper_20_pt2/experiment_logs_2025-07-18_05-44-49.log
2025-07-18 05:44:49 - INFO - ========== [Experiment Start] ==========
2025-07-18 05:44:49 - INFO - Views combinations successfully generated.
2025-07-18 05:44:49 - INFO - Topological Data Analysis pipeline generated.
2025-07-18 05:44:49 - INFO - Folder to save results has been created.
2025-07-18 05:44:49 - INFO - Reading dataset from mnist_784.csv (chunk size: 70000).
2025-07-18 05:44:50 - INFO - Starting multiview data preparation for a chunk of size (70000, 784)...
2025-07-18 05:44:50 - INFO - Running using 20 jobs.
2025-07-18 05:44:50 - INFO - Contaminating dataset with salt_pepper, quantity=0.2, transparency=0.
2025-07-18 05:44:54 - INFO - Splitting data: 80.0% train / 30.0% test (random_state=893015676)
2025-07-18 05:44:54 - INFO - Using full training data without second split.
2025-07-18 05:44:54 - INFO - Data split complete. Train size: (49000, 784), Test size: (21000, 784)
2025-07-18 05:44:54 - INFO - Reshaping train and test data into square images...
2025-07-18 05:44:54 - INFO - Reshaping complete. Train images shape: (49000, 28, 28), Test images shape: (21000, 28, 28)
2025-07-18 05:44:54 - INFO - Splitting images into quadrant views...
2025-07-18 05:44:54 - INFO - Quadrant view splitting complete. Train views: 4, Test views: 4
2025-07-18 05:44:54 - INFO - Starting TDA pipeline transformation on train data...
2025-07-18 05:55:52 - INFO - TDA transformation for train completed (10.97 minutes).
2025-07-18 05:55:52 - INFO - Applying TDA pipeline transformation on test data...
2025-07-18 06:00:17 - INFO - TDA transformation for test completed (4.42 minutes).
2025-07-18 06:00:17 - INFO - ========== [Model Training Start] ==========
2025-07-18 06:00:17 - INFO - Training model: original
2025-07-18 06:00:19 - INFO - Model original completed in 1.25 seconds.
2025-07-18 06:00:19 - INFO - >>> Model original trained. Accuracy: 0.9090 (1.25 sec.)
2025-07-18 06:00:19 - INFO - Training model: top_right-original
2025-07-18 06:00:28 - INFO - Model top_right-original completed in 9.70 seconds.
2025-07-18 06:00:28 - INFO - >>> Model top_right-original trained. Accuracy: 0.9282 (9.70 sec.)
2025-07-18 06:00:28 - INFO - Training model: original-bottom_right
2025-07-18 06:00:38 - INFO - Model original-bottom_right completed in 9.74 seconds.
2025-07-18 06:00:38 - INFO - >>> Model original-bottom_right trained. Accuracy: 0.9221 (9.74 sec.)
2025-07-18 06:00:38 - INFO - Training model: original-bottom_left
2025-07-18 06:00:48 - INFO - Model original-bottom_left completed in 9.77 seconds.
2025-07-18 06:00:48 - INFO - >>> Model original-bottom_left trained. Accuracy: 0.9192 (9.77 sec.)
2025-07-18 06:00:48 - INFO - Training model: top_left-original
2025-07-18 06:00:58 - INFO - Model top_left-original completed in 9.69 seconds.
2025-07-18 06:00:58 - INFO - >>> Model top_left-original trained. Accuracy: 0.9212 (9.69 sec.)
2025-07-18 06:00:58 - INFO - Training model: tda-original
2025-07-18 06:01:20 - INFO - Model tda-original completed in 22.89 seconds.
2025-07-18 06:01:20 - INFO - >>> Model tda-original trained. Accuracy: 0.9195 (22.89 sec.)
2025-07-18 06:01:20 - INFO - Training model: top_right-original-bottom_right
2025-07-18 06:01:34 - INFO - Model top_right-original-bottom_right completed in 13.74 seconds.
2025-07-18 06:01:34 - INFO - >>> Model top_right-original-bottom_right trained. Accuracy: 0.9332 (13.74 sec.)
2025-07-18 06:01:34 - INFO - Training model: top_right-original-bottom_left
2025-07-18 06:01:48 - INFO - Model top_right-original-bottom_left completed in 13.58 seconds.
2025-07-18 06:01:48 - INFO - >>> Model top_right-original-bottom_left trained. Accuracy: 0.9313 (13.58 sec.)
2025-07-18 06:01:48 - INFO - Training model: top_right-original-top_left
2025-07-18 06:02:01 - INFO - Model top_right-original-top_left completed in 13.44 seconds.
2025-07-18 06:02:01 - INFO - >>> Model top_right-original-top_left trained. Accuracy: 0.9335 (13.44 sec.)
2025-07-18 06:02:01 - INFO - Training model: top_right-tda-original
2025-07-18 06:02:28 - INFO - Model top_right-tda-original completed in 26.63 seconds.
2025-07-18 06:02:28 - INFO - >>> Model top_right-tda-original trained. Accuracy: 0.9304 (26.63 sec.)
2025-07-18 06:02:28 - INFO - Training model: bottom_left-original-bottom_right
2025-07-18 06:02:41 - INFO - Model bottom_left-original-bottom_right completed in 13.28 seconds.
2025-07-18 06:02:41 - INFO - >>> Model bottom_left-original-bottom_right trained. Accuracy: 0.9245 (13.28 sec.)
2025-07-18 06:02:41 - INFO - Training model: top_left-original-bottom_right
2025-07-18 06:02:55 - INFO - Model top_left-original-bottom_right completed in 13.84 seconds.
2025-07-18 06:02:55 - INFO - >>> Model top_left-original-bottom_right trained. Accuracy: 0.9270 (13.84 sec.)
2025-07-18 06:02:55 - INFO - Training model: tda-original-bottom_right
2025-07-18 06:03:21 - INFO - Model tda-original-bottom_right completed in 26.29 seconds.
2025-07-18 06:03:21 - INFO - >>> Model tda-original-bottom_right trained. Accuracy: 0.9250 (26.29 sec.)
2025-07-18 06:03:21 - INFO - Training model: top_left-original-bottom_left
2025-07-18 06:03:34 - INFO - Model top_left-original-bottom_left completed in 13.04 seconds.
2025-07-18 06:03:34 - INFO - >>> Model top_left-original-bottom_left trained. Accuracy: 0.9262 (13.04 sec.)
2025-07-18 06:03:34 - INFO - Training model: tda-original-bottom_left
2025-07-18 06:04:01 - INFO - Model tda-original-bottom_left completed in 26.40 seconds.
2025-07-18 06:04:01 - INFO - >>> Model tda-original-bottom_left trained. Accuracy: 0.9203 (26.40 sec.)
2025-07-18 06:04:01 - INFO - Training model: top_left-tda-original
2025-07-18 06:04:27 - INFO - Model top_left-tda-original completed in 26.40 seconds.
2025-07-18 06:04:27 - INFO - >>> Model top_left-tda-original trained. Accuracy: 0.9238 (26.40 sec.)
2025-07-18 06:04:27 - INFO - Training model: top_right-bottom_left-original-bottom_right
2025-07-18 06:04:45 - INFO - Model top_right-bottom_left-original-bottom_right completed in 17.40 seconds.
2025-07-18 06:04:45 - INFO - >>> Model top_right-bottom_left-original-bottom_right trained. Accuracy: 0.9383 (17.40 sec.)
2025-07-18 06:04:45 - INFO - Training model: top_right-top_left-original-bottom_right
2025-07-18 06:05:01 - INFO - Model top_right-top_left-original-bottom_right completed in 16.60 seconds.
2025-07-18 06:05:01 - INFO - >>> Model top_right-top_left-original-bottom_right trained. Accuracy: 0.9401 (16.60 sec.)
2025-07-18 06:05:01 - INFO - Training model: top_right-tda-original-bottom_right
2025-07-18 06:05:31 - INFO - Model top_right-tda-original-bottom_right completed in 29.51 seconds.
2025-07-18 06:05:31 - INFO - >>> Model top_right-tda-original-bottom_right trained. Accuracy: 0.9367 (29.51 sec.)
2025-07-18 06:05:31 - INFO - Training model: top_right-top_left-original-bottom_left
2025-07-18 06:05:47 - INFO - Model top_right-top_left-original-bottom_left completed in 16.69 seconds.
2025-07-18 06:05:47 - INFO - >>> Model top_right-top_left-original-bottom_left trained. Accuracy: 0.9395 (16.69 sec.)
2025-07-18 06:05:47 - INFO - Training model: top_right-tda-original-bottom_left
2025-07-18 06:06:17 - INFO - Model top_right-tda-original-bottom_left completed in 29.97 seconds.
2025-07-18 06:06:17 - INFO - >>> Model top_right-tda-original-bottom_left trained. Accuracy: 0.9332 (29.97 sec.)
2025-07-18 06:06:17 - INFO - Training model: top_right-tda-original-top_left
2025-07-18 06:06:48 - INFO - Model top_right-tda-original-top_left completed in 30.25 seconds.
2025-07-18 06:06:48 - INFO - >>> Model top_right-tda-original-top_left trained. Accuracy: 0.9357 (30.25 sec.)
2025-07-18 06:06:48 - INFO - Training model: top_left-bottom_left-original-bottom_right
2025-07-18 06:07:04 - INFO - Model top_left-bottom_left-original-bottom_right completed in 16.85 seconds.
2025-07-18 06:07:04 - INFO - >>> Model top_left-bottom_left-original-bottom_right trained. Accuracy: 0.9330 (16.85 sec.)
2025-07-18 06:07:04 - INFO - Training model: tda-bottom_left-original-bottom_right
2025-07-18 06:07:34 - INFO - Model tda-bottom_left-original-bottom_right completed in 29.62 seconds.
2025-07-18 06:07:34 - INFO - >>> Model tda-bottom_left-original-bottom_right trained. Accuracy: 0.9274 (29.62 sec.)
2025-07-18 06:07:34 - INFO - Training model: top_left-tda-original-bottom_right
2025-07-18 06:08:04 - INFO - Model top_left-tda-original-bottom_right completed in 29.51 seconds.
2025-07-18 06:08:04 - INFO - >>> Model top_left-tda-original-bottom_right trained. Accuracy: 0.9316 (29.51 sec.)
2025-07-18 06:08:04 - INFO - Training model: top_left-tda-original-bottom_left
2025-07-18 06:08:33 - INFO - Model top_left-tda-original-bottom_left completed in 29.65 seconds.
2025-07-18 06:08:33 - INFO - >>> Model top_left-tda-original-bottom_left trained. Accuracy: 0.9294 (29.65 sec.)
2025-07-18 06:08:33 - INFO - Training model: top_right-bottom_right-original-bottom_left-top_left
2025-07-18 06:08:54 - INFO - Model top_right-bottom_right-original-bottom_left-top_left completed in 20.32 seconds.
2025-07-18 06:08:54 - INFO - >>> Model top_right-bottom_right-original-bottom_left-top_left trained. Accuracy: 0.9456 (20.32 sec.)
2025-07-18 06:08:54 - INFO - Training model: top_right-bottom_right-original-bottom_left-tda
2025-07-18 06:09:27 - INFO - Model top_right-bottom_right-original-bottom_left-tda completed in 33.46 seconds.
2025-07-18 06:09:27 - INFO - >>> Model top_right-bottom_right-original-bottom_left-tda trained. Accuracy: 0.9403 (33.46 sec.)
2025-07-18 06:09:27 - INFO - Training model: top_right-bottom_right-original-top_left-tda
2025-07-18 06:10:01 - INFO - Model top_right-bottom_right-original-top_left-tda completed in 33.71 seconds.
2025-07-18 06:10:01 - INFO - >>> Model top_right-bottom_right-original-top_left-tda trained. Accuracy: 0.9430 (33.71 sec.)
2025-07-18 06:10:01 - INFO - Training model: top_right-original-bottom_left-top_left-tda
2025-07-18 06:10:33 - INFO - Model top_right-original-bottom_left-top_left-tda completed in 32.73 seconds.
2025-07-18 06:10:33 - INFO - >>> Model top_right-original-bottom_left-top_left-tda trained. Accuracy: 0.9402 (32.73 sec.)
2025-07-18 06:10:33 - INFO - Training model: bottom_right-original-bottom_left-top_left-tda
2025-07-18 06:11:07 - INFO - Model bottom_right-original-bottom_left-top_left-tda completed in 33.13 seconds.
2025-07-18 06:11:07 - INFO - >>> Model bottom_right-original-bottom_left-top_left-tda trained. Accuracy: 0.9346 (33.13 sec.)
2025-07-18 06:11:07 - INFO - Training model: top_right-bottom_right-original-bottom_left-top_left-tda
2025-07-18 06:11:44 - INFO - Model top_right-bottom_right-original-bottom_left-top_left-tda completed in 36.91 seconds.
2025-07-18 06:11:44 - INFO - >>> Model top_right-bottom_right-original-bottom_left-top_left-tda trained. Accuracy: 0.9469 (36.91 sec.)
2025-07-18 06:11:44 - INFO - All models trained successfully.
2025-07-18 06:11:44 - INFO - ========== [Model Training Completed] in 11.43 minutes ==========
2025-07-18 06:11:44 - INFO - ========== [Experiment Training Complete] ==========
2025-07-18 06:11:44 - INFO - Results saved to /home/jovyan/Workspace/workspace_mnist/results/exp_icecream_noise_saltpepper_20_pt2/exp_icecream_noise_saltpepper_20_pt2_2025-07-18_06-11-44.json
2025-07-18 06:11:44 - INFO - Results successfully saved to /home/jovyan/Workspace/workspace_mnist/results/exp_icecream_noise_saltpepper_20_pt2/exp_icecream_noise_saltpepper_20_pt2_2025-07-18_06-11-44.json
2025-07-18 06:11:44 - INFO - Forced Garbage collection executed to Free Memory.
2025-07-18 06:11:44 - INFO - ========== [Experiment Completed] in 26.91 minutes ==========
