2025-07-17 21:37:34 - INFO - Logging initialized.
 Writing to /home/jovyan/Workspace/workspace_mnist/logs/exp_icecream_noise_saltpepper_20_pt2/experiment_logs_2025-07-17_21-37-34.log
2025-07-17 21:37:34 - INFO - ========== [Experiment Start] ==========
2025-07-17 21:37:34 - INFO - Views combinations successfully generated.
2025-07-17 21:37:34 - INFO - Topological Data Analysis pipeline generated.
2025-07-17 21:37:34 - INFO - Folder to save results has been created.
2025-07-17 21:37:34 - INFO - Reading dataset from mnist_784.csv (chunk size: 70000).
2025-07-17 21:37:35 - INFO - Starting multiview data preparation for a chunk of size (70000, 784)...
2025-07-17 21:37:35 - INFO - Running using 20 jobs.
2025-07-17 21:37:35 - INFO - Contaminating dataset with salt_pepper, quantity=0.2, transparency=0.
2025-07-17 21:37:39 - INFO - Splitting data: 80.0% train / 30.0% test (random_state=618350488)
2025-07-17 21:37:39 - INFO - Using full training data without second split.
2025-07-17 21:37:39 - INFO - Data split complete. Train size: (49000, 784), Test size: (21000, 784)
2025-07-17 21:37:39 - INFO - Reshaping train and test data into square images...
2025-07-17 21:37:39 - INFO - Reshaping complete. Train images shape: (49000, 28, 28), Test images shape: (21000, 28, 28)
2025-07-17 21:37:39 - INFO - Splitting images into quadrant views...
2025-07-17 21:37:39 - INFO - Quadrant view splitting complete. Train views: 4, Test views: 4
2025-07-17 21:37:39 - INFO - Starting TDA pipeline transformation on train data...
2025-07-17 21:48:00 - INFO - TDA transformation for train completed (10.34 minutes).
2025-07-17 21:48:00 - INFO - Applying TDA pipeline transformation on test data...
2025-07-17 21:52:16 - INFO - TDA transformation for test completed (4.28 minutes).
2025-07-17 21:52:16 - INFO - ========== [Model Training Start] ==========
2025-07-17 21:52:16 - INFO - Training model: original
2025-07-17 21:52:17 - INFO - Model original completed in 1.24 seconds.
2025-07-17 21:52:17 - INFO - >>> Model original trained. Accuracy: 0.9011 (1.24 sec.)
2025-07-17 21:52:17 - INFO - Training model: top_right-original
2025-07-17 21:52:28 - INFO - Model top_right-original completed in 10.36 seconds.
2025-07-17 21:52:28 - INFO - >>> Model top_right-original trained. Accuracy: 0.9206 (10.36 sec.)
2025-07-17 21:52:28 - INFO - Training model: original-bottom_right
2025-07-17 21:52:38 - INFO - Model original-bottom_right completed in 10.49 seconds.
2025-07-17 21:52:38 - INFO - >>> Model original-bottom_right trained. Accuracy: 0.9153 (10.49 sec.)
2025-07-17 21:52:38 - INFO - Training model: original-bottom_left
2025-07-17 21:52:48 - INFO - Model original-bottom_left completed in 9.86 seconds.
2025-07-17 21:52:48 - INFO - >>> Model original-bottom_left trained. Accuracy: 0.9113 (9.86 sec.)
2025-07-17 21:52:48 - INFO - Training model: top_left-original
2025-07-17 21:52:58 - INFO - Model top_left-original completed in 10.07 seconds.
2025-07-17 21:52:58 - INFO - >>> Model top_left-original trained. Accuracy: 0.9136 (10.07 sec.)
2025-07-17 21:52:58 - INFO - Training model: tda-original
2025-07-17 21:53:22 - INFO - Model tda-original completed in 23.39 seconds.
2025-07-17 21:53:22 - INFO - >>> Model tda-original trained. Accuracy: 0.9110 (23.39 sec.)
2025-07-17 21:53:22 - INFO - Training model: top_right-original-bottom_right
2025-07-17 21:53:36 - INFO - Model top_right-original-bottom_right completed in 13.95 seconds.
2025-07-17 21:53:36 - INFO - >>> Model top_right-original-bottom_right trained. Accuracy: 0.9281 (13.95 sec.)
2025-07-17 21:53:36 - INFO - Training model: top_right-original-bottom_left
2025-07-17 21:53:49 - INFO - Model top_right-original-bottom_left completed in 13.78 seconds.
2025-07-17 21:53:49 - INFO - >>> Model top_right-original-bottom_left trained. Accuracy: 0.9254 (13.78 sec.)
2025-07-17 21:53:49 - INFO - Training model: top_right-original-top_left
2025-07-17 21:54:03 - INFO - Model top_right-original-top_left completed in 13.91 seconds.
2025-07-17 21:54:03 - INFO - >>> Model top_right-original-top_left trained. Accuracy: 0.9280 (13.91 sec.)
2025-07-17 21:54:03 - INFO - Training model: top_right-tda-original
2025-07-17 21:54:30 - INFO - Model top_right-tda-original completed in 26.36 seconds.
2025-07-17 21:54:30 - INFO - >>> Model top_right-tda-original trained. Accuracy: 0.9233 (26.36 sec.)
2025-07-17 21:54:30 - INFO - Training model: bottom_left-original-bottom_right
2025-07-17 21:54:43 - INFO - Model bottom_left-original-bottom_right completed in 13.29 seconds.
2025-07-17 21:54:43 - INFO - >>> Model bottom_left-original-bottom_right trained. Accuracy: 0.9192 (13.29 sec.)
2025-07-17 21:54:43 - INFO - Training model: top_left-original-bottom_right
2025-07-17 21:54:57 - INFO - Model top_left-original-bottom_right completed in 13.80 seconds.
2025-07-17 21:54:57 - INFO - >>> Model top_left-original-bottom_right trained. Accuracy: 0.9216 (13.80 sec.)
2025-07-17 21:54:57 - INFO - Training model: tda-original-bottom_right
2025-07-17 21:55:23 - INFO - Model tda-original-bottom_right completed in 26.36 seconds.
2025-07-17 21:55:23 - INFO - >>> Model tda-original-bottom_right trained. Accuracy: 0.9204 (26.36 sec.)
2025-07-17 21:55:23 - INFO - Training model: top_left-original-bottom_left
2025-07-17 21:55:37 - INFO - Model top_left-original-bottom_left completed in 13.42 seconds.
2025-07-17 21:55:37 - INFO - >>> Model top_left-original-bottom_left trained. Accuracy: 0.9209 (13.42 sec.)
2025-07-17 21:55:37 - INFO - Training model: tda-original-bottom_left
2025-07-17 21:56:03 - INFO - Model tda-original-bottom_left completed in 26.48 seconds.
2025-07-17 21:56:03 - INFO - >>> Model tda-original-bottom_left trained. Accuracy: 0.9149 (26.48 sec.)
2025-07-17 21:56:03 - INFO - Training model: top_left-tda-original
2025-07-17 21:56:29 - INFO - Model top_left-tda-original completed in 26.23 seconds.
2025-07-17 21:56:29 - INFO - >>> Model top_left-tda-original trained. Accuracy: 0.9187 (26.23 sec.)
2025-07-17 21:56:29 - INFO - Training model: top_right-bottom_left-original-bottom_right
2025-07-17 21:56:47 - INFO - Model top_right-bottom_left-original-bottom_right completed in 17.44 seconds.
2025-07-17 21:56:47 - INFO - >>> Model top_right-bottom_left-original-bottom_right trained. Accuracy: 0.9326 (17.44 sec.)
2025-07-17 21:56:47 - INFO - Training model: top_right-top_left-original-bottom_right
2025-07-17 21:57:04 - INFO - Model top_right-top_left-original-bottom_right completed in 17.01 seconds.
2025-07-17 21:57:04 - INFO - >>> Model top_right-top_left-original-bottom_right trained. Accuracy: 0.9364 (17.01 sec.)
2025-07-17 21:57:04 - INFO - Training model: top_right-tda-original-bottom_right
2025-07-17 21:57:34 - INFO - Model top_right-tda-original-bottom_right completed in 30.36 seconds.
2025-07-17 21:57:34 - INFO - >>> Model top_right-tda-original-bottom_right trained. Accuracy: 0.9327 (30.36 sec.)
2025-07-17 21:57:34 - INFO - Training model: top_right-top_left-original-bottom_left
2025-07-17 21:57:51 - INFO - Model top_right-top_left-original-bottom_left completed in 16.74 seconds.
2025-07-17 21:57:51 - INFO - >>> Model top_right-top_left-original-bottom_left trained. Accuracy: 0.9350 (16.74 sec.)
2025-07-17 21:57:51 - INFO - Training model: top_right-tda-original-bottom_left
2025-07-17 21:58:21 - INFO - Model top_right-tda-original-bottom_left completed in 29.94 seconds.
2025-07-17 21:58:21 - INFO - >>> Model top_right-tda-original-bottom_left trained. Accuracy: 0.9277 (29.94 sec.)
2025-07-17 21:58:21 - INFO - Training model: top_right-tda-original-top_left
2025-07-17 21:58:50 - INFO - Model top_right-tda-original-top_left completed in 29.34 seconds.
2025-07-17 21:58:50 - INFO - >>> Model top_right-tda-original-top_left trained. Accuracy: 0.9321 (29.34 sec.)
2025-07-17 21:58:50 - INFO - Training model: top_left-bottom_left-original-bottom_right
2025-07-17 21:59:07 - INFO - Model top_left-bottom_left-original-bottom_right completed in 17.04 seconds.
2025-07-17 21:59:07 - INFO - >>> Model top_left-bottom_left-original-bottom_right trained. Accuracy: 0.9282 (17.04 sec.)
2025-07-17 21:59:07 - INFO - Training model: tda-bottom_left-original-bottom_right
2025-07-17 21:59:37 - INFO - Model tda-bottom_left-original-bottom_right completed in 29.83 seconds.
2025-07-17 21:59:37 - INFO - >>> Model tda-bottom_left-original-bottom_right trained. Accuracy: 0.9233 (29.83 sec.)
2025-07-17 21:59:37 - INFO - Training model: top_left-tda-original-bottom_right
2025-07-17 22:00:07 - INFO - Model top_left-tda-original-bottom_right completed in 30.07 seconds.
2025-07-17 22:00:07 - INFO - >>> Model top_left-tda-original-bottom_right trained. Accuracy: 0.9272 (30.07 sec.)
2025-07-17 22:00:07 - INFO - Training model: top_left-tda-original-bottom_left
2025-07-17 22:00:36 - INFO - Model top_left-tda-original-bottom_left completed in 29.40 seconds.
2025-07-17 22:00:36 - INFO - >>> Model top_left-tda-original-bottom_left trained. Accuracy: 0.9238 (29.40 sec.)
2025-07-17 22:00:36 - INFO - Training model: top_right-bottom_right-original-bottom_left-top_left
2025-07-17 22:00:56 - INFO - Model top_right-bottom_right-original-bottom_left-top_left completed in 20.00 seconds.
2025-07-17 22:00:56 - INFO - >>> Model top_right-bottom_right-original-bottom_left-top_left trained. Accuracy: 0.9422 (20.00 sec.)
2025-07-17 22:00:56 - INFO - Training model: top_right-bottom_right-original-bottom_left-tda
2025-07-17 22:01:29 - INFO - Model top_right-bottom_right-original-bottom_left-tda completed in 32.88 seconds.
2025-07-17 22:01:29 - INFO - >>> Model top_right-bottom_right-original-bottom_left-tda trained. Accuracy: 0.9354 (32.88 sec.)
2025-07-17 22:01:29 - INFO - Training model: top_right-bottom_right-original-top_left-tda
2025-07-17 22:02:03 - INFO - Model top_right-bottom_right-original-top_left-tda completed in 33.64 seconds.
2025-07-17 22:02:03 - INFO - >>> Model top_right-bottom_right-original-top_left-tda trained. Accuracy: 0.9395 (33.64 sec.)
2025-07-17 22:02:03 - INFO - Training model: top_right-original-bottom_left-top_left-tda
2025-07-17 22:02:36 - INFO - Model top_right-original-bottom_left-top_left-tda completed in 33.17 seconds.
2025-07-17 22:02:36 - INFO - >>> Model top_right-original-bottom_left-top_left-tda trained. Accuracy: 0.9368 (33.17 sec.)
2025-07-17 22:02:36 - INFO - Training model: bottom_right-original-bottom_left-top_left-tda
2025-07-17 22:03:09 - INFO - Model bottom_right-original-bottom_left-top_left-tda completed in 32.51 seconds.
2025-07-17 22:03:09 - INFO - >>> Model bottom_right-original-bottom_left-top_left-tda trained. Accuracy: 0.9308 (32.51 sec.)
2025-07-17 22:03:09 - INFO - Training model: top_right-bottom_right-original-bottom_left-top_left-tda
2025-07-17 22:03:46 - INFO - Model top_right-bottom_right-original-bottom_left-top_left-tda completed in 36.88 seconds.
2025-07-17 22:03:46 - INFO - >>> Model top_right-bottom_right-original-bottom_left-top_left-tda trained. Accuracy: 0.9434 (36.88 sec.)
2025-07-17 22:03:46 - INFO - All models trained successfully.
2025-07-17 22:03:46 - INFO - ========== [Model Training Completed] in 11.49 minutes ==========
2025-07-17 22:03:46 - INFO - ========== [Experiment Training Complete] ==========
2025-07-17 22:03:46 - INFO - Results saved to /home/jovyan/Workspace/workspace_mnist/results/exp_icecream_noise_saltpepper_20_pt2/exp_icecream_noise_saltpepper_20_pt2_2025-07-17_22-03-46.json
2025-07-17 22:03:46 - INFO - Results successfully saved to /home/jovyan/Workspace/workspace_mnist/results/exp_icecream_noise_saltpepper_20_pt2/exp_icecream_noise_saltpepper_20_pt2_2025-07-17_22-03-46.json
2025-07-17 22:03:46 - INFO - Forced Garbage collection executed to Free Memory.
2025-07-17 22:03:46 - INFO - ========== [Experiment Completed] in 26.19 minutes ==========
