2025-05-06 10:56:31 - INFO - Logging initialized.
 Writing to /home/jovyan/Workspace/workspace_mnist/logs/exp_noise_salt_10_trainsplit_vary_noise/experiment_logs_2025-05-06_10-56-31.log
2025-05-06 10:56:31 - INFO - ========== [Experiment Start] ==========
2025-05-06 10:56:31 - INFO - Views combinations successfully generated.
2025-05-06 10:56:31 - INFO - Topological Data Analysis pipeline generated.
2025-05-06 10:56:31 - INFO - Folder to save results has been created.
2025-05-06 10:56:31 - INFO - Reading dataset from mnist_784.csv (chunk size: 70000).
2025-05-06 10:56:32 - INFO - Starting multiview data preparation for a chunk of size (70000, 784)...
2025-05-06 10:56:32 - INFO - Running using 20 jobs.
2025-05-06 10:56:32 - INFO - Contaminating dataset with salt, quantity=175, transparency=1.0.
2025-05-06 10:56:36 - INFO - Splitting data: 50.0% train / 20.0% test (random_state=601133337)
2025-05-06 10:56:36 - INFO - Using full training data without second split.
2025-05-06 10:56:36 - INFO - Data split complete. Train size: (56000, 784), Test size: (14000, 784)
2025-05-06 10:56:36 - INFO - Reshaping train and test data into square images...
2025-05-06 10:56:36 - INFO - Reshaping complete. Train images shape: (56000, 28, 28), Test images shape: (14000, 28, 28)
2025-05-06 10:56:36 - INFO - Splitting images into quadrant views...
2025-05-06 10:56:36 - INFO - Quadrant view splitting complete. Train views: 4, Test views: 4
2025-05-06 10:56:36 - INFO - Saving sample images for each view...
2025-05-06 10:56:36 - INFO - Sample views saved successfully.
2025-05-06 10:56:36 - INFO - Starting TDA pipeline transformation on train data...
