2025-07-16 15:48:41 - INFO - Logging initialized.
 Writing to /home/jovyan/Workspace/workspace_mnist/logs/exp_icecream_noise_saltpepper_30_part3/experiment_logs_2025-07-16_15-48-41.log
2025-07-16 15:48:41 - INFO - ========== [Experiment Start] ==========
2025-07-16 15:48:41 - INFO - Views combinations successfully generated.
2025-07-16 15:48:41 - INFO - Topological Data Analysis pipeline generated.
2025-07-16 15:48:41 - INFO - Folder to save results has been created.
2025-07-16 15:48:41 - INFO - Reading dataset from mnist_784.csv (chunk size: 70000).
2025-07-16 15:48:42 - INFO - Starting multiview data preparation for a chunk of size (70000, 784)...
2025-07-16 15:48:42 - INFO - Running using 20 jobs.
2025-07-16 15:48:42 - INFO - Contaminating dataset with salt_pepper, quantity=0.3, transparency=0.
2025-07-16 15:48:45 - INFO - Splitting data: 80.0% train / 30.0% test (random_state=602836005)
2025-07-16 15:48:46 - INFO - Using full training data without second split.
2025-07-16 15:48:46 - INFO - Data split complete. Train size: (49000, 784), Test size: (21000, 784)
2025-07-16 15:48:46 - INFO - Reshaping train and test data into square images...
2025-07-16 15:48:46 - INFO - Reshaping complete. Train images shape: (49000, 28, 28), Test images shape: (21000, 28, 28)
2025-07-16 15:48:46 - INFO - Splitting images into quadrant views...
2025-07-16 15:48:46 - INFO - Quadrant view splitting complete. Train views: 4, Test views: 4
2025-07-16 15:48:46 - INFO - Starting TDA pipeline transformation on train data...
2025-07-16 15:58:49 - INFO - TDA transformation for train completed (10.06 minutes).
2025-07-16 15:58:49 - INFO - Applying TDA pipeline transformation on test data...
2025-07-16 16:03:01 - INFO - TDA transformation for test completed (4.20 minutes).
2025-07-16 16:03:01 - INFO - ========== [Model Training Start] ==========
2025-07-16 16:03:01 - INFO - Training model: original
2025-07-16 16:03:02 - INFO - Model original completed in 1.24 seconds.
2025-07-16 16:03:02 - INFO - >>> Model original trained. Accuracy: 0.8550 (1.24 sec.)
2025-07-16 16:03:02 - INFO - Training model: top_right-original
2025-07-16 16:03:12 - INFO - Model top_right-original completed in 10.03 seconds.
2025-07-16 16:03:12 - INFO - >>> Model top_right-original trained. Accuracy: 0.8841 (10.03 sec.)
2025-07-16 16:03:12 - INFO - Training model: original-bottom_right
2025-07-16 16:03:23 - INFO - Model original-bottom_right completed in 10.59 seconds.
2025-07-16 16:03:23 - INFO - >>> Model original-bottom_right trained. Accuracy: 0.8741 (10.59 sec.)
2025-07-16 16:03:23 - INFO - Training model: original-bottom_left
2025-07-16 16:03:33 - INFO - Model original-bottom_left completed in 10.14 seconds.
2025-07-16 16:03:33 - INFO - >>> Model original-bottom_left trained. Accuracy: 0.8693 (10.14 sec.)
2025-07-16 16:03:33 - INFO - Training model: top_left-original
2025-07-16 16:03:43 - INFO - Model top_left-original completed in 10.12 seconds.
2025-07-16 16:03:43 - INFO - >>> Model top_left-original trained. Accuracy: 0.8785 (10.12 sec.)
2025-07-16 16:03:43 - INFO - Training model: tda-original
2025-07-16 16:04:06 - INFO - Model tda-original completed in 23.09 seconds.
2025-07-16 16:04:06 - INFO - >>> Model tda-original trained. Accuracy: 0.8700 (23.09 sec.)
2025-07-16 16:04:06 - INFO - Training model: top_right-original-bottom_right
2025-07-16 16:04:20 - INFO - Model top_right-original-bottom_right completed in 14.03 seconds.
2025-07-16 16:04:20 - INFO - >>> Model top_right-original-bottom_right trained. Accuracy: 0.8953 (14.03 sec.)
2025-07-16 16:04:20 - INFO - Training model: top_right-original-bottom_left
2025-07-16 16:04:34 - INFO - Model top_right-original-bottom_left completed in 13.89 seconds.
2025-07-16 16:04:34 - INFO - >>> Model top_right-original-bottom_left trained. Accuracy: 0.8931 (13.89 sec.)
2025-07-16 16:04:34 - INFO - Training model: top_right-original-top_left
2025-07-16 16:04:48 - INFO - Model top_right-original-top_left completed in 13.61 seconds.
2025-07-16 16:04:48 - INFO - >>> Model top_right-original-top_left trained. Accuracy: 0.8963 (13.61 sec.)
2025-07-16 16:04:48 - INFO - Training model: top_right-tda-original
2025-07-16 16:05:15 - INFO - Model top_right-tda-original completed in 27.26 seconds.
2025-07-16 16:05:15 - INFO - >>> Model top_right-tda-original trained. Accuracy: 0.8902 (27.26 sec.)
2025-07-16 16:05:15 - INFO - Training model: bottom_left-original-bottom_right
2025-07-16 16:05:29 - INFO - Model bottom_left-original-bottom_right completed in 14.05 seconds.
2025-07-16 16:05:29 - INFO - >>> Model bottom_left-original-bottom_right trained. Accuracy: 0.8793 (14.05 sec.)
2025-07-16 16:05:29 - INFO - Training model: top_left-original-bottom_right
2025-07-16 16:05:43 - INFO - Model top_left-original-bottom_right completed in 14.10 seconds.
2025-07-16 16:05:43 - INFO - >>> Model top_left-original-bottom_right trained. Accuracy: 0.8885 (14.10 sec.)
2025-07-16 16:05:43 - INFO - Training model: tda-original-bottom_right
2025-07-16 16:06:11 - INFO - Model tda-original-bottom_right completed in 27.44 seconds.
2025-07-16 16:06:11 - INFO - >>> Model tda-original-bottom_right trained. Accuracy: 0.8825 (27.44 sec.)
2025-07-16 16:06:11 - INFO - Training model: top_left-original-bottom_left
2025-07-16 16:06:24 - INFO - Model top_left-original-bottom_left completed in 13.42 seconds.
2025-07-16 16:06:24 - INFO - >>> Model top_left-original-bottom_left trained. Accuracy: 0.8858 (13.42 sec.)
2025-07-16 16:06:24 - INFO - Training model: tda-original-bottom_left
2025-07-16 16:06:51 - INFO - Model tda-original-bottom_left completed in 27.18 seconds.
2025-07-16 16:06:51 - INFO - >>> Model tda-original-bottom_left trained. Accuracy: 0.8752 (27.18 sec.)
2025-07-16 16:06:51 - INFO - Training model: top_left-tda-original
2025-07-16 16:07:18 - INFO - Model top_left-tda-original completed in 26.60 seconds.
2025-07-16 16:07:18 - INFO - >>> Model top_left-tda-original trained. Accuracy: 0.8835 (26.60 sec.)
2025-07-16 16:07:18 - INFO - Training model: top_right-bottom_left-original-bottom_right
2025-07-16 16:07:36 - INFO - Model top_right-bottom_left-original-bottom_right completed in 17.89 seconds.
2025-07-16 16:07:36 - INFO - >>> Model top_right-bottom_left-original-bottom_right trained. Accuracy: 0.9029 (17.89 sec.)
2025-07-16 16:07:36 - INFO - Training model: top_right-top_left-original-bottom_right
2025-07-16 16:07:53 - INFO - Model top_right-top_left-original-bottom_right completed in 17.42 seconds.
2025-07-16 16:07:53 - INFO - >>> Model top_right-top_left-original-bottom_right trained. Accuracy: 0.9085 (17.42 sec.)
2025-07-16 16:07:53 - INFO - Training model: top_right-tda-original-bottom_right
2025-07-16 16:08:25 - INFO - Model top_right-tda-original-bottom_right completed in 31.50 seconds.
2025-07-16 16:08:25 - INFO - >>> Model top_right-tda-original-bottom_right trained. Accuracy: 0.9008 (31.50 sec.)
2025-07-16 16:08:25 - INFO - Training model: top_right-top_left-original-bottom_left
2025-07-16 16:08:42 - INFO - Model top_right-top_left-original-bottom_left completed in 17.62 seconds.
2025-07-16 16:08:42 - INFO - >>> Model top_right-top_left-original-bottom_left trained. Accuracy: 0.9076 (17.62 sec.)
2025-07-16 16:08:42 - INFO - Training model: top_right-tda-original-bottom_left
2025-07-16 16:09:13 - INFO - Model top_right-tda-original-bottom_left completed in 30.95 seconds.
2025-07-16 16:09:13 - INFO - >>> Model top_right-tda-original-bottom_left trained. Accuracy: 0.8953 (30.95 sec.)
2025-07-16 16:09:13 - INFO - Training model: top_right-tda-original-top_left
2025-07-16 16:09:44 - INFO - Model top_right-tda-original-top_left completed in 30.84 seconds.
2025-07-16 16:09:44 - INFO - >>> Model top_right-tda-original-top_left trained. Accuracy: 0.9027 (30.84 sec.)
2025-07-16 16:09:44 - INFO - Training model: top_left-bottom_left-original-bottom_right
2025-07-16 16:10:02 - INFO - Model top_left-bottom_left-original-bottom_right completed in 17.55 seconds.
2025-07-16 16:10:02 - INFO - >>> Model top_left-bottom_left-original-bottom_right trained. Accuracy: 0.8968 (17.55 sec.)
2025-07-16 16:10:02 - INFO - Training model: tda-bottom_left-original-bottom_right
2025-07-16 16:10:33 - INFO - Model tda-bottom_left-original-bottom_right completed in 30.90 seconds.
2025-07-16 16:10:33 - INFO - >>> Model tda-bottom_left-original-bottom_right trained. Accuracy: 0.8867 (30.90 sec.)
2025-07-16 16:10:33 - INFO - Training model: top_left-tda-original-bottom_right
2025-07-16 16:11:04 - INFO - Model top_left-tda-original-bottom_right completed in 31.27 seconds.
2025-07-16 16:11:04 - INFO - >>> Model top_left-tda-original-bottom_right trained. Accuracy: 0.8939 (31.27 sec.)
2025-07-16 16:11:04 - INFO - Training model: top_left-tda-original-bottom_left
2025-07-16 16:11:35 - INFO - Model top_left-tda-original-bottom_left completed in 31.09 seconds.
2025-07-16 16:11:35 - INFO - >>> Model top_left-tda-original-bottom_left trained. Accuracy: 0.8910 (31.09 sec.)
2025-07-16 16:11:35 - INFO - Training model: top_right-bottom_right-original-bottom_left-top_left
2025-07-16 16:11:56 - INFO - Model top_right-bottom_right-original-bottom_left-top_left completed in 21.00 seconds.
2025-07-16 16:11:56 - INFO - >>> Model top_right-bottom_right-original-bottom_left-top_left trained. Accuracy: 0.9166 (21.00 sec.)
2025-07-16 16:11:56 - INFO - Training model: top_right-bottom_right-original-bottom_left-tda
2025-07-16 16:12:30 - INFO - Model top_right-bottom_right-original-bottom_left-tda completed in 34.13 seconds.
2025-07-16 16:12:30 - INFO - >>> Model top_right-bottom_right-original-bottom_left-tda trained. Accuracy: 0.9072 (34.13 sec.)
2025-07-16 16:12:30 - INFO - Training model: top_right-bottom_right-original-top_left-tda
2025-07-16 16:13:05 - INFO - Model top_right-bottom_right-original-top_left-tda completed in 34.59 seconds.
2025-07-16 16:13:05 - INFO - >>> Model top_right-bottom_right-original-top_left-tda trained. Accuracy: 0.9117 (34.59 sec.)
2025-07-16 16:13:05 - INFO - Training model: top_right-original-bottom_left-top_left-tda
2025-07-16 16:13:38 - INFO - Model top_right-original-bottom_left-top_left-tda completed in 33.40 seconds.
2025-07-16 16:13:38 - INFO - >>> Model top_right-original-bottom_left-top_left-tda trained. Accuracy: 0.9089 (33.40 sec.)
2025-07-16 16:13:38 - INFO - Training model: bottom_right-original-bottom_left-top_left-tda
2025-07-16 16:14:12 - INFO - Model bottom_right-original-bottom_left-top_left-tda completed in 34.00 seconds.
2025-07-16 16:14:12 - INFO - >>> Model bottom_right-original-bottom_left-top_left-tda trained. Accuracy: 0.9000 (34.00 sec.)
2025-07-16 16:14:12 - INFO - Training model: top_right-bottom_right-original-bottom_left-top_left-tda
2025-07-16 16:14:49 - INFO - Model top_right-bottom_right-original-bottom_left-top_left-tda completed in 36.93 seconds.
2025-07-16 16:14:49 - INFO - >>> Model top_right-bottom_right-original-bottom_left-top_left-tda trained. Accuracy: 0.9187 (36.93 sec.)
2025-07-16 16:14:49 - INFO - All models trained successfully.
2025-07-16 16:14:49 - INFO - ========== [Model Training Completed] in 11.80 minutes ==========
2025-07-16 16:14:49 - INFO - ========== [Experiment Training Complete] ==========
2025-07-16 16:14:49 - INFO - Results saved to /home/jovyan/Workspace/workspace_mnist/results/exp_icecream_noise_saltpepper_30_part3/exp_icecream_noise_saltpepper_30_part3_2025-07-16_16-14-49.json
2025-07-16 16:14:49 - INFO - Results successfully saved to /home/jovyan/Workspace/workspace_mnist/results/exp_icecream_noise_saltpepper_30_part3/exp_icecream_noise_saltpepper_30_part3_2025-07-16_16-14-49.json
2025-07-16 16:14:49 - INFO - Forced Garbage collection executed to Free Memory.
2025-07-16 16:14:49 - INFO - ========== [Experiment Completed] in 26.14 minutes ==========
