2025-07-10 19:33:51 - INFO - Logging initialized.
 Writing to /home/jovyan/Workspace/workspace_mnist/logs/exp_icecream_noise_saltpepper/experiment_logs_2025-07-10_19-33-51.log
2025-07-10 19:33:51 - INFO - ========== [Experiment Start] ==========
2025-07-10 19:33:51 - INFO - Views combinations successfully generated.
2025-07-10 19:33:51 - INFO - Topological Data Analysis pipeline generated.
2025-07-10 19:33:51 - INFO - Folder to save results has been created.
2025-07-10 19:33:51 - INFO - Reading dataset from mnist_784.csv (chunk size: 70000).
2025-07-10 19:33:52 - INFO - Starting multiview data preparation for a chunk of size (70000, 784)...
2025-07-10 19:33:52 - INFO - Running using 28 jobs.
2025-07-10 19:33:52 - INFO - Contaminating dataset with salt_pepper, quantity=0.1, transparency=0.
2025-07-10 19:33:55 - INFO - Splitting data: 80.0% train / 30.0% test (random_state=744296951)
2025-07-10 19:33:55 - INFO - Using full training data without second split.
2025-07-10 19:33:55 - INFO - Data split complete. Train size: (49000, 784), Test size: (21000, 784)
2025-07-10 19:33:55 - INFO - Reshaping train and test data into square images...
2025-07-10 19:33:55 - INFO - Reshaping complete. Train images shape: (49000, 28, 28), Test images shape: (21000, 28, 28)
2025-07-10 19:33:55 - INFO - Splitting images into quadrant views...
2025-07-10 19:33:55 - INFO - Quadrant view splitting complete. Train views: 4, Test views: 4
2025-07-10 19:33:55 - INFO - Saving sample images for each view...
2025-07-10 19:33:55 - INFO - Sample views saved successfully.
2025-07-10 19:33:55 - INFO - Starting TDA pipeline transformation on train data...
2025-07-10 19:41:43 - INFO - TDA transformation for train completed (7.79 minutes).
2025-07-10 19:41:43 - INFO - Applying TDA pipeline transformation on test data...
2025-07-10 19:45:04 - INFO - TDA transformation for test completed (3.36 minutes).
2025-07-10 19:45:04 - INFO - ========== [Model Training Start] ==========
2025-07-10 19:45:04 - INFO - Training model: original
2025-07-10 19:45:05 - INFO - Model original completed in 1.06 seconds.
2025-07-10 19:45:05 - INFO - >>> Model original trained. Accuracy: 0.9392 (1.06 sec.)
2025-07-10 19:45:05 - INFO - Training model: top_right-original
2025-07-10 19:45:14 - INFO - Model top_right-original completed in 8.45 seconds.
2025-07-10 19:45:14 - INFO - >>> Model top_right-original trained. Accuracy: 0.9487 (8.45 sec.)
2025-07-10 19:45:14 - INFO - Training model: original-tda
2025-07-10 19:45:32 - INFO - Model original-tda completed in 18.17 seconds.
2025-07-10 19:45:32 - INFO - >>> Model original-tda trained. Accuracy: 0.9471 (18.17 sec.)
2025-07-10 19:45:32 - INFO - Training model: bottom_left-original
2025-07-10 19:45:41 - INFO - Model bottom_left-original completed in 8.80 seconds.
2025-07-10 19:45:41 - INFO - >>> Model bottom_left-original trained. Accuracy: 0.9464 (8.80 sec.)
2025-07-10 19:45:41 - INFO - Training model: original-top_left
2025-07-10 19:45:49 - INFO - Model original-top_left completed in 8.47 seconds.
2025-07-10 19:45:49 - INFO - >>> Model original-top_left trained. Accuracy: 0.9473 (8.47 sec.)
2025-07-10 19:45:49 - INFO - Training model: original-bottom_right
2025-07-10 19:45:58 - INFO - Model original-bottom_right completed in 9.06 seconds.
2025-07-10 19:45:58 - INFO - >>> Model original-bottom_right trained. Accuracy: 0.9488 (9.06 sec.)
2025-07-10 19:45:58 - INFO - Training model: top_right-original-tda
2025-07-10 19:46:19 - INFO - Model top_right-original-tda completed in 20.68 seconds.
2025-07-10 19:46:19 - INFO - >>> Model top_right-original-tda trained. Accuracy: 0.9510 (20.68 sec.)
2025-07-10 19:46:19 - INFO - Training model: top_right-bottom_left-original
2025-07-10 19:46:31 - INFO - Model top_right-bottom_left-original completed in 11.85 seconds.
2025-07-10 19:46:31 - INFO - >>> Model top_right-bottom_left-original trained. Accuracy: 0.9514 (11.85 sec.)
2025-07-10 19:46:31 - INFO - Training model: top_right-original-top_left
2025-07-10 19:46:42 - INFO - Model top_right-original-top_left completed in 11.73 seconds.
2025-07-10 19:46:42 - INFO - >>> Model top_right-original-top_left trained. Accuracy: 0.9520 (11.73 sec.)
2025-07-10 19:46:42 - INFO - Training model: top_right-original-bottom_right
2025-07-10 19:46:54 - INFO - Model top_right-original-bottom_right completed in 11.99 seconds.
2025-07-10 19:46:54 - INFO - >>> Model top_right-original-bottom_right trained. Accuracy: 0.9540 (11.99 sec.)
2025-07-10 19:46:54 - INFO - Training model: bottom_left-original-tda
2025-07-10 19:47:16 - INFO - Model bottom_left-original-tda completed in 21.41 seconds.
2025-07-10 19:47:16 - INFO - >>> Model bottom_left-original-tda trained. Accuracy: 0.9474 (21.41 sec.)
2025-07-10 19:47:16 - INFO - Training model: original-tda-top_left
2025-07-10 19:47:37 - INFO - Model original-tda-top_left completed in 21.01 seconds.
2025-07-10 19:47:37 - INFO - >>> Model original-tda-top_left trained. Accuracy: 0.9501 (21.01 sec.)
2025-07-10 19:47:37 - INFO - Training model: original-tda-bottom_right
2025-07-10 19:47:58 - INFO - Model original-tda-bottom_right completed in 21.42 seconds.
2025-07-10 19:47:58 - INFO - >>> Model original-tda-bottom_right trained. Accuracy: 0.9517 (21.42 sec.)
2025-07-10 19:47:58 - INFO - Training model: bottom_left-original-top_left
2025-07-10 19:48:10 - INFO - Model bottom_left-original-top_left completed in 11.62 seconds.
2025-07-10 19:48:10 - INFO - >>> Model bottom_left-original-top_left trained. Accuracy: 0.9504 (11.62 sec.)
2025-07-10 19:48:10 - INFO - Training model: bottom_left-original-bottom_right
2025-07-10 19:48:22 - INFO - Model bottom_left-original-bottom_right completed in 11.89 seconds.
2025-07-10 19:48:22 - INFO - >>> Model bottom_left-original-bottom_right trained. Accuracy: 0.9494 (11.89 sec.)
2025-07-10 19:48:22 - INFO - Training model: original-bottom_right-top_left
2025-07-10 19:48:34 - INFO - Model original-bottom_right-top_left completed in 11.77 seconds.
2025-07-10 19:48:34 - INFO - >>> Model original-bottom_right-top_left trained. Accuracy: 0.9526 (11.77 sec.)
2025-07-10 19:48:34 - INFO - Training model: top_right-bottom_left-original-tda
2025-07-10 19:48:58 - INFO - Model top_right-bottom_left-original-tda completed in 24.31 seconds.
2025-07-10 19:48:58 - INFO - >>> Model top_right-bottom_left-original-tda trained. Accuracy: 0.9542 (24.31 sec.)
2025-07-10 19:48:58 - INFO - Training model: top_right-original-tda-top_left
2025-07-10 19:49:22 - INFO - Model top_right-original-tda-top_left completed in 24.39 seconds.
2025-07-10 19:49:22 - INFO - >>> Model top_right-original-tda-top_left trained. Accuracy: 0.9549 (24.39 sec.)
2025-07-10 19:49:22 - INFO - Training model: top_right-original-tda-bottom_right
2025-07-10 19:49:47 - INFO - Model top_right-original-tda-bottom_right completed in 24.73 seconds.
2025-07-10 19:49:47 - INFO - >>> Model top_right-original-tda-bottom_right trained. Accuracy: 0.9580 (24.73 sec.)
2025-07-10 19:49:47 - INFO - Training model: top_right-bottom_left-original-top_left
2025-07-10 19:50:02 - INFO - Model top_right-bottom_left-original-top_left completed in 14.85 seconds.
2025-07-10 19:50:02 - INFO - >>> Model top_right-bottom_left-original-top_left trained. Accuracy: 0.9552 (14.85 sec.)
2025-07-10 19:50:02 - INFO - Training model: top_right-bottom_left-original-bottom_right
2025-07-10 19:50:17 - INFO - Model top_right-bottom_left-original-bottom_right completed in 15.21 seconds.
2025-07-10 19:50:17 - INFO - >>> Model top_right-bottom_left-original-bottom_right trained. Accuracy: 0.9568 (15.21 sec.)
2025-07-10 19:50:17 - INFO - Training model: top_right-original-bottom_right-top_left
2025-07-10 19:50:32 - INFO - Model top_right-original-bottom_right-top_left completed in 14.84 seconds.
2025-07-10 19:50:32 - INFO - >>> Model top_right-original-bottom_right-top_left trained. Accuracy: 0.9581 (14.84 sec.)
2025-07-10 19:50:32 - INFO - Training model: bottom_left-original-tda-top_left
2025-07-10 19:50:56 - INFO - Model bottom_left-original-tda-top_left completed in 24.34 seconds.
2025-07-10 19:50:56 - INFO - >>> Model bottom_left-original-tda-top_left trained. Accuracy: 0.9532 (24.34 sec.)
2025-07-10 19:50:56 - INFO - Training model: bottom_left-original-tda-bottom_right
2025-07-10 19:51:20 - INFO - Model bottom_left-original-tda-bottom_right completed in 24.08 seconds.
2025-07-10 19:51:20 - INFO - >>> Model bottom_left-original-tda-bottom_right trained. Accuracy: 0.9520 (24.08 sec.)
2025-07-10 19:51:20 - INFO - Training model: original-tda-bottom_right-top_left
2025-07-10 19:51:44 - INFO - Model original-tda-bottom_right-top_left completed in 24.13 seconds.
2025-07-10 19:51:44 - INFO - >>> Model original-tda-bottom_right-top_left trained. Accuracy: 0.9564 (24.13 sec.)
2025-07-10 19:51:44 - INFO - Training model: bottom_left-original-bottom_right-top_left
2025-07-10 19:51:59 - INFO - Model bottom_left-original-bottom_right-top_left completed in 14.68 seconds.
2025-07-10 19:51:59 - INFO - >>> Model bottom_left-original-bottom_right-top_left trained. Accuracy: 0.9559 (14.68 sec.)
2025-07-10 19:51:59 - INFO - Training model: top_right-tda-bottom_left-top_left-original
2025-07-10 19:52:26 - INFO - Model top_right-tda-bottom_left-top_left-original completed in 27.24 seconds.
2025-07-10 19:52:26 - INFO - >>> Model top_right-tda-bottom_left-top_left-original trained. Accuracy: 0.9573 (27.24 sec.)
2025-07-10 19:52:26 - INFO - Training model: top_right-tda-bottom_left-bottom_right-original
2025-07-10 19:52:54 - INFO - Model top_right-tda-bottom_left-bottom_right-original completed in 27.68 seconds.
2025-07-10 19:52:54 - INFO - >>> Model top_right-tda-bottom_left-bottom_right-original trained. Accuracy: 0.9587 (27.68 sec.)
2025-07-10 19:52:54 - INFO - Training model: top_right-tda-top_left-bottom_right-original
2025-07-10 19:53:21 - INFO - Model top_right-tda-top_left-bottom_right-original completed in 27.41 seconds.
2025-07-10 19:53:21 - INFO - >>> Model top_right-tda-top_left-bottom_right-original trained. Accuracy: 0.9605 (27.41 sec.)
2025-07-10 19:53:21 - INFO - Training model: top_right-bottom_left-top_left-bottom_right-original
2025-07-10 19:53:39 - INFO - Model top_right-bottom_left-top_left-bottom_right-original completed in 17.60 seconds.
2025-07-10 19:53:39 - INFO - >>> Model top_right-bottom_left-top_left-bottom_right-original trained. Accuracy: 0.9608 (17.60 sec.)
2025-07-10 19:53:39 - INFO - Training model: tda-bottom_left-top_left-bottom_right-original
2025-07-10 19:54:06 - INFO - Model tda-bottom_left-top_left-bottom_right-original completed in 27.20 seconds.
2025-07-10 19:54:06 - INFO - >>> Model tda-bottom_left-top_left-bottom_right-original trained. Accuracy: 0.9573 (27.20 sec.)
2025-07-10 19:54:06 - INFO - Training model: top_right-tda-bottom_left-top_left-bottom_right-original
2025-07-10 19:54:37 - INFO - Model top_right-tda-bottom_left-top_left-bottom_right-original completed in 30.51 seconds.
2025-07-10 19:54:37 - INFO - >>> Model top_right-tda-bottom_left-top_left-bottom_right-original trained. Accuracy: 0.9630 (30.51 sec.)
2025-07-10 19:54:37 - INFO - All models trained successfully.
2025-07-10 19:54:37 - INFO - ========== [Model Training Completed] in 9.54 minutes ==========
2025-07-10 19:54:37 - INFO - ========== [Experiment Training Complete] ==========
2025-07-10 19:54:37 - INFO - Results saved to /home/jovyan/Workspace/workspace_mnist/results/exp_icecream_noise_saltpepper/exp_icecream_noise_saltpepper_2025-07-10_19-54-37.json
2025-07-10 19:54:37 - INFO - Results successfully saved to /home/jovyan/Workspace/workspace_mnist/results/exp_icecream_noise_saltpepper/exp_icecream_noise_saltpepper_2025-07-10_19-54-37.json
2025-07-10 19:54:37 - INFO - Forced Garbage collection executed to Free Memory.
2025-07-10 19:54:37 - INFO - ========== [Experiment Completed] in 20.77 minutes ==========
