2025-07-15 14:56:42 - INFO - Logging initialized.
 Writing to /home/jovyan/Workspace/workspace_mnist/logs/exp_icecream_noise_saltpepper_30/experiment_logs_2025-07-15_14-56-42.log
2025-07-15 14:56:42 - INFO - ========== [Experiment Start] ==========
2025-07-15 14:56:42 - INFO - Views combinations successfully generated.
2025-07-15 14:56:42 - INFO - Topological Data Analysis pipeline generated.
2025-07-15 14:56:42 - INFO - Folder to save results has been created.
2025-07-15 14:56:42 - INFO - Reading dataset from mnist_784.csv (chunk size: 70000).
2025-07-15 14:56:43 - INFO - Starting multiview data preparation for a chunk of size (70000, 784)...
2025-07-15 14:56:43 - INFO - Running using 28 jobs.
2025-07-15 14:56:43 - INFO - Contaminating dataset with salt_pepper, quantity=0.3, transparency=0.
2025-07-15 14:56:47 - INFO - Splitting data: 80.0% train / 30.0% test (random_state=414321304)
2025-07-15 14:56:47 - INFO - Using full training data without second split.
2025-07-15 14:56:47 - INFO - Data split complete. Train size: (49000, 784), Test size: (21000, 784)
2025-07-15 14:56:47 - INFO - Reshaping train and test data into square images...
2025-07-15 14:56:47 - INFO - Reshaping complete. Train images shape: (49000, 28, 28), Test images shape: (21000, 28, 28)
2025-07-15 14:56:47 - INFO - Splitting images into quadrant views...
2025-07-15 14:56:47 - INFO - Quadrant view splitting complete. Train views: 4, Test views: 4
2025-07-15 14:56:47 - INFO - Starting TDA pipeline transformation on train data...
2025-07-15 15:04:33 - INFO - TDA transformation for train completed (7.77 minutes).
2025-07-15 15:04:33 - INFO - Applying TDA pipeline transformation on test data...
2025-07-15 15:07:54 - INFO - TDA transformation for test completed (3.35 minutes).
2025-07-15 15:07:54 - INFO - ========== [Model Training Start] ==========
2025-07-15 15:07:54 - INFO - Training model: original
2025-07-15 15:07:55 - INFO - Model original completed in 1.11 seconds.
2025-07-15 15:07:55 - INFO - >>> Model original trained. Accuracy: 0.8555 (1.11 sec.)
2025-07-15 15:07:55 - INFO - Training model: original-bottom_right
2025-07-15 15:08:04 - INFO - Model original-bottom_right completed in 9.14 seconds.
2025-07-15 15:08:04 - INFO - >>> Model original-bottom_right trained. Accuracy: 0.8733 (9.14 sec.)
2025-07-15 15:08:04 - INFO - Training model: original-top_right
2025-07-15 15:08:13 - INFO - Model original-top_right completed in 9.13 seconds.
2025-07-15 15:08:13 - INFO - >>> Model original-top_right trained. Accuracy: 0.8838 (9.13 sec.)
2025-07-15 15:08:13 - INFO - Training model: original-tda
2025-07-15 15:08:33 - INFO - Model original-tda completed in 19.64 seconds.
2025-07-15 15:08:33 - INFO - >>> Model original-tda trained. Accuracy: 0.8710 (19.64 sec.)
2025-07-15 15:08:33 - INFO - Training model: original-top_left
2025-07-15 15:08:41 - INFO - Model original-top_left completed in 8.54 seconds.
2025-07-15 15:08:41 - INFO - >>> Model original-top_left trained. Accuracy: 0.8775 (8.54 sec.)
2025-07-15 15:08:41 - INFO - Training model: original-bottom_left
2025-07-15 15:08:50 - INFO - Model original-bottom_left completed in 9.08 seconds.
2025-07-15 15:08:50 - INFO - >>> Model original-bottom_left trained. Accuracy: 0.8698 (9.08 sec.)
2025-07-15 15:08:50 - INFO - Training model: original-bottom_right-top_right
2025-07-15 15:09:03 - INFO - Model original-bottom_right-top_right completed in 12.21 seconds.
2025-07-15 15:09:03 - INFO - >>> Model original-bottom_right-top_right trained. Accuracy: 0.8939 (12.21 sec.)
2025-07-15 15:09:03 - INFO - Training model: original-bottom_right-tda
2025-07-15 15:09:25 - INFO - Model original-bottom_right-tda completed in 22.62 seconds.
2025-07-15 15:09:25 - INFO - >>> Model original-bottom_right-tda trained. Accuracy: 0.8797 (22.62 sec.)
2025-07-15 15:09:25 - INFO - Training model: original-bottom_right-top_left
2025-07-15 15:09:37 - INFO - Model original-bottom_right-top_left completed in 11.98 seconds.
2025-07-15 15:09:37 - INFO - >>> Model original-bottom_right-top_left trained. Accuracy: 0.8874 (11.98 sec.)
2025-07-15 15:09:37 - INFO - Training model: original-bottom_right-bottom_left
2025-07-15 15:09:50 - INFO - Model original-bottom_right-bottom_left completed in 12.46 seconds.
2025-07-15 15:09:50 - INFO - >>> Model original-bottom_right-bottom_left trained. Accuracy: 0.8800 (12.46 sec.)
2025-07-15 15:09:50 - INFO - Training model: original-top_right-tda
2025-07-15 15:10:13 - INFO - Model original-top_right-tda completed in 23.10 seconds.
2025-07-15 15:10:13 - INFO - >>> Model original-top_right-tda trained. Accuracy: 0.8895 (23.10 sec.)
2025-07-15 15:10:13 - INFO - Training model: original-top_left-top_right
2025-07-15 15:10:25 - INFO - Model original-top_left-top_right completed in 12.21 seconds.
2025-07-15 15:10:25 - INFO - >>> Model original-top_left-top_right trained. Accuracy: 0.8974 (12.21 sec.)
2025-07-15 15:10:25 - INFO - Training model: original-top_right-bottom_left
2025-07-15 15:10:38 - INFO - Model original-top_right-bottom_left completed in 12.48 seconds.
2025-07-15 15:10:38 - INFO - >>> Model original-top_right-bottom_left trained. Accuracy: 0.8907 (12.48 sec.)
2025-07-15 15:10:38 - INFO - Training model: original-top_left-tda
2025-07-15 15:11:00 - INFO - Model original-top_left-tda completed in 22.33 seconds.
2025-07-15 15:11:00 - INFO - >>> Model original-top_left-tda trained. Accuracy: 0.8828 (22.33 sec.)
2025-07-15 15:11:00 - INFO - Training model: original-bottom_left-tda
2025-07-15 15:11:23 - INFO - Model original-bottom_left-tda completed in 22.86 seconds.
2025-07-15 15:11:23 - INFO - >>> Model original-bottom_left-tda trained. Accuracy: 0.8758 (22.86 sec.)
2025-07-15 15:11:23 - INFO - Training model: original-top_left-bottom_left
2025-07-15 15:11:35 - INFO - Model original-top_left-bottom_left completed in 11.86 seconds.
2025-07-15 15:11:35 - INFO - >>> Model original-top_left-bottom_left trained. Accuracy: 0.8852 (11.86 sec.)
2025-07-15 15:11:35 - INFO - Training model: original-bottom_right-top_right-tda
2025-07-15 15:12:01 - INFO - Model original-bottom_right-top_right-tda completed in 26.36 seconds.
2025-07-15 15:12:01 - INFO - >>> Model original-bottom_right-top_right-tda trained. Accuracy: 0.8989 (26.36 sec.)
2025-07-15 15:12:01 - INFO - Training model: original-top_left-bottom_right-top_right
2025-07-15 15:12:16 - INFO - Model original-top_left-bottom_right-top_right completed in 15.25 seconds.
2025-07-15 15:12:16 - INFO - >>> Model original-top_left-bottom_right-top_right trained. Accuracy: 0.9059 (15.25 sec.)
2025-07-15 15:12:16 - INFO - Training model: original-bottom_right-top_right-bottom_left
2025-07-15 15:12:32 - INFO - Model original-bottom_right-top_right-bottom_left completed in 15.67 seconds.
2025-07-15 15:12:32 - INFO - >>> Model original-bottom_right-top_right-bottom_left trained. Accuracy: 0.9023 (15.67 sec.)
2025-07-15 15:12:32 - INFO - Training model: original-bottom_right-top_left-tda
2025-07-15 15:12:58 - INFO - Model original-bottom_right-top_left-tda completed in 25.88 seconds.
2025-07-15 15:12:58 - INFO - >>> Model original-bottom_right-top_left-tda trained. Accuracy: 0.8926 (25.88 sec.)
2025-07-15 15:12:58 - INFO - Training model: original-bottom_left-bottom_right-tda
2025-07-15 15:13:24 - INFO - Model original-bottom_left-bottom_right-tda completed in 26.17 seconds.
2025-07-15 15:13:24 - INFO - >>> Model original-bottom_left-bottom_right-tda trained. Accuracy: 0.8865 (26.17 sec.)
2025-07-15 15:13:24 - INFO - Training model: original-bottom_right-top_left-bottom_left
2025-07-15 15:13:39 - INFO - Model original-bottom_right-top_left-bottom_left completed in 15.01 seconds.
2025-07-15 15:13:39 - INFO - >>> Model original-bottom_right-top_left-bottom_left trained. Accuracy: 0.8954 (15.01 sec.)
2025-07-15 15:13:39 - INFO - Training model: original-top_left-top_right-tda
2025-07-15 15:14:05 - INFO - Model original-top_left-top_right-tda completed in 26.22 seconds.
2025-07-15 15:14:05 - INFO - >>> Model original-top_left-top_right-tda trained. Accuracy: 0.9001 (26.22 sec.)
2025-07-15 15:14:05 - INFO - Training model: original-bottom_left-top_right-tda
2025-07-15 15:14:31 - INFO - Model original-bottom_left-top_right-tda completed in 25.76 seconds.
2025-07-15 15:14:31 - INFO - >>> Model original-bottom_left-top_right-tda trained. Accuracy: 0.8959 (25.76 sec.)
2025-07-15 15:14:31 - INFO - Training model: original-top_left-top_right-bottom_left
2025-07-15 15:14:47 - INFO - Model original-top_left-top_right-bottom_left completed in 15.59 seconds.
2025-07-15 15:14:47 - INFO - >>> Model original-top_left-top_right-bottom_left trained. Accuracy: 0.9063 (15.59 sec.)
2025-07-15 15:14:47 - INFO - Training model: original-bottom_left-top_left-tda
2025-07-15 15:15:12 - INFO - Model original-bottom_left-top_left-tda completed in 25.90 seconds.
2025-07-15 15:15:12 - INFO - >>> Model original-bottom_left-top_left-tda trained. Accuracy: 0.8877 (25.90 sec.)
2025-07-15 15:15:12 - INFO - Training model: bottom_right-top_right-original-tda-top_left
2025-07-15 15:15:41 - INFO - Model bottom_right-top_right-original-tda-top_left completed in 28.95 seconds.
2025-07-15 15:15:41 - INFO - >>> Model bottom_right-top_right-original-tda-top_left trained. Accuracy: 0.9108 (28.95 sec.)
2025-07-15 15:15:41 - INFO - Training model: bottom_right-top_right-original-tda-bottom_left
2025-07-15 15:16:10 - INFO - Model bottom_right-top_right-original-tda-bottom_left completed in 29.04 seconds.
2025-07-15 15:16:10 - INFO - >>> Model bottom_right-top_right-original-tda-bottom_left trained. Accuracy: 0.9074 (29.04 sec.)
2025-07-15 15:16:10 - INFO - Training model: bottom_right-top_right-original-top_left-bottom_left
2025-07-15 15:16:29 - INFO - Model bottom_right-top_right-original-top_left-bottom_left completed in 18.58 seconds.
2025-07-15 15:16:29 - INFO - >>> Model bottom_right-top_right-original-top_left-bottom_left trained. Accuracy: 0.9171 (18.58 sec.)
2025-07-15 15:16:29 - INFO - Training model: bottom_right-original-tda-top_left-bottom_left
2025-07-15 15:16:58 - INFO - Model bottom_right-original-tda-top_left-bottom_left completed in 29.10 seconds.
2025-07-15 15:16:58 - INFO - >>> Model bottom_right-original-tda-top_left-bottom_left trained. Accuracy: 0.9010 (29.10 sec.)
2025-07-15 15:16:58 - INFO - Training model: top_right-original-tda-top_left-bottom_left
2025-07-15 15:17:27 - INFO - Model top_right-original-tda-top_left-bottom_left completed in 29.09 seconds.
2025-07-15 15:17:27 - INFO - >>> Model top_right-original-tda-top_left-bottom_left trained. Accuracy: 0.9090 (29.09 sec.)
2025-07-15 15:17:27 - INFO - Training model: bottom_right-top_right-original-tda-top_left-bottom_left
2025-07-15 15:17:59 - INFO - Model bottom_right-top_right-original-tda-top_left-bottom_left completed in 32.20 seconds.
2025-07-15 15:17:59 - INFO - >>> Model bottom_right-top_right-original-tda-top_left-bottom_left trained. Accuracy: 0.9175 (32.20 sec.)
2025-07-15 15:17:59 - INFO - All models trained successfully.
2025-07-15 15:17:59 - INFO - ========== [Model Training Completed] in 10.09 minutes ==========
2025-07-15 15:17:59 - INFO - ========== [Experiment Training Complete] ==========
2025-07-15 15:18:00 - INFO - Results saved to /home/jovyan/Workspace/workspace_mnist/results/exp_icecream_noise_saltpepper_30/exp_icecream_noise_saltpepper_30_2025-07-15_15-17-59.json
2025-07-15 15:18:00 - INFO - Results successfully saved to /home/jovyan/Workspace/workspace_mnist/results/exp_icecream_noise_saltpepper_30/exp_icecream_noise_saltpepper_30_2025-07-15_15-17-59.json
2025-07-15 15:18:00 - INFO - Forced Garbage collection executed to Free Memory.
2025-07-15 15:18:00 - INFO - ========== [Experiment Completed] in 21.29 minutes ==========
