2025-07-15 00:25:39 - INFO - Logging initialized.
 Writing to /home/jovyan/Workspace/workspace_mnist/logs/exp_icecream_noise_saltpepper_30/experiment_logs_2025-07-15_00-25-39.log
2025-07-15 00:25:39 - INFO - ========== [Experiment Start] ==========
2025-07-15 00:25:39 - INFO - Views combinations successfully generated.
2025-07-15 00:25:39 - INFO - Topological Data Analysis pipeline generated.
2025-07-15 00:25:39 - INFO - Folder to save results has been created.
2025-07-15 00:25:39 - INFO - Reading dataset from mnist_784.csv (chunk size: 70000).
2025-07-15 00:25:40 - INFO - Starting multiview data preparation for a chunk of size (70000, 784)...
2025-07-15 00:25:40 - INFO - Running using 28 jobs.
2025-07-15 00:25:40 - INFO - Contaminating dataset with salt_pepper, quantity=0.3, transparency=0.
2025-07-15 00:25:44 - INFO - Splitting data: 80.0% train / 30.0% test (random_state=774451448)
2025-07-15 00:25:44 - INFO - Using full training data without second split.
2025-07-15 00:25:44 - INFO - Data split complete. Train size: (49000, 784), Test size: (21000, 784)
2025-07-15 00:25:44 - INFO - Reshaping train and test data into square images...
2025-07-15 00:25:44 - INFO - Reshaping complete. Train images shape: (49000, 28, 28), Test images shape: (21000, 28, 28)
2025-07-15 00:25:44 - INFO - Splitting images into quadrant views...
2025-07-15 00:25:44 - INFO - Quadrant view splitting complete. Train views: 4, Test views: 4
2025-07-15 00:25:44 - INFO - Starting TDA pipeline transformation on train data...
2025-07-15 00:33:27 - INFO - TDA transformation for train completed (7.73 minutes).
2025-07-15 00:33:27 - INFO - Applying TDA pipeline transformation on test data...
2025-07-15 00:36:42 - INFO - TDA transformation for test completed (3.24 minutes).
2025-07-15 00:36:42 - INFO - ========== [Model Training Start] ==========
2025-07-15 00:36:42 - INFO - Training model: original
2025-07-15 00:36:43 - INFO - Model original completed in 1.11 seconds.
2025-07-15 00:36:43 - INFO - >>> Model original trained. Accuracy: 0.8536 (1.11 sec.)
2025-07-15 00:36:43 - INFO - Training model: original-bottom_right
2025-07-15 00:36:53 - INFO - Model original-bottom_right completed in 9.47 seconds.
2025-07-15 00:36:53 - INFO - >>> Model original-bottom_right trained. Accuracy: 0.8720 (9.47 sec.)
2025-07-15 00:36:53 - INFO - Training model: original-top_right
2025-07-15 00:37:02 - INFO - Model original-top_right completed in 9.42 seconds.
2025-07-15 00:37:02 - INFO - >>> Model original-top_right trained. Accuracy: 0.8828 (9.42 sec.)
2025-07-15 00:37:02 - INFO - Training model: original-tda
2025-07-15 00:37:22 - INFO - Model original-tda completed in 19.85 seconds.
2025-07-15 00:37:22 - INFO - >>> Model original-tda trained. Accuracy: 0.8669 (19.85 sec.)
2025-07-15 00:37:22 - INFO - Training model: original-top_left
2025-07-15 00:37:31 - INFO - Model original-top_left completed in 8.89 seconds.
2025-07-15 00:37:31 - INFO - >>> Model original-top_left trained. Accuracy: 0.8738 (8.89 sec.)
2025-07-15 00:37:31 - INFO - Training model: original-bottom_left
2025-07-15 00:37:40 - INFO - Model original-bottom_left completed in 9.37 seconds.
2025-07-15 00:37:40 - INFO - >>> Model original-bottom_left trained. Accuracy: 0.8675 (9.37 sec.)
2025-07-15 00:37:40 - INFO - Training model: original-bottom_right-top_right
2025-07-15 00:37:53 - INFO - Model original-bottom_right-top_right completed in 12.46 seconds.
2025-07-15 00:37:53 - INFO - >>> Model original-bottom_right-top_right trained. Accuracy: 0.8931 (12.46 sec.)
2025-07-15 00:37:53 - INFO - Training model: original-bottom_right-tda
2025-07-15 00:38:16 - INFO - Model original-bottom_right-tda completed in 23.29 seconds.
2025-07-15 00:38:16 - INFO - >>> Model original-bottom_right-tda trained. Accuracy: 0.8784 (23.29 sec.)
2025-07-15 00:38:16 - INFO - Training model: original-bottom_right-top_left
2025-07-15 00:38:28 - INFO - Model original-bottom_right-top_left completed in 12.23 seconds.
2025-07-15 00:38:28 - INFO - >>> Model original-bottom_right-top_left trained. Accuracy: 0.8852 (12.23 sec.)
2025-07-15 00:38:28 - INFO - Training model: original-bottom_right-bottom_left
2025-07-15 00:38:41 - INFO - Model original-bottom_right-bottom_left completed in 12.72 seconds.
2025-07-15 00:38:41 - INFO - >>> Model original-bottom_right-bottom_left trained. Accuracy: 0.8777 (12.72 sec.)
2025-07-15 00:38:41 - INFO - Training model: original-top_right-tda
2025-07-15 00:39:03 - INFO - Model original-top_right-tda completed in 22.61 seconds.
2025-07-15 00:39:03 - INFO - >>> Model original-top_right-tda trained. Accuracy: 0.8877 (22.61 sec.)
2025-07-15 00:39:03 - INFO - Training model: original-top_left-top_right
2025-07-15 00:39:16 - INFO - Model original-top_left-top_right completed in 12.17 seconds.
2025-07-15 00:39:16 - INFO - >>> Model original-top_left-top_right trained. Accuracy: 0.8969 (12.17 sec.)
2025-07-15 00:39:16 - INFO - Training model: original-top_right-bottom_left
2025-07-15 00:39:28 - INFO - Model original-top_right-bottom_left completed in 12.28 seconds.
2025-07-15 00:39:28 - INFO - >>> Model original-top_right-bottom_left trained. Accuracy: 0.8911 (12.28 sec.)
2025-07-15 00:39:28 - INFO - Training model: original-top_left-tda
2025-07-15 00:39:50 - INFO - Model original-top_left-tda completed in 22.43 seconds.
2025-07-15 00:39:50 - INFO - >>> Model original-top_left-tda trained. Accuracy: 0.8798 (22.43 sec.)
2025-07-15 00:39:50 - INFO - Training model: original-bottom_left-tda
2025-07-15 00:40:13 - INFO - Model original-bottom_left-tda completed in 22.53 seconds.
2025-07-15 00:40:13 - INFO - >>> Model original-bottom_left-tda trained. Accuracy: 0.8730 (22.53 sec.)
2025-07-15 00:40:13 - INFO - Training model: original-top_left-bottom_left
2025-07-15 00:40:25 - INFO - Model original-top_left-bottom_left completed in 12.10 seconds.
2025-07-15 00:40:25 - INFO - >>> Model original-top_left-bottom_left trained. Accuracy: 0.8831 (12.10 sec.)
2025-07-15 00:40:25 - INFO - Training model: original-bottom_right-top_right-tda
2025-07-15 00:40:51 - INFO - Model original-bottom_right-top_right-tda completed in 26.11 seconds.
2025-07-15 00:40:51 - INFO - >>> Model original-bottom_right-top_right-tda trained. Accuracy: 0.8976 (26.11 sec.)
2025-07-15 00:40:51 - INFO - Training model: original-top_left-bottom_right-top_right
2025-07-15 00:41:06 - INFO - Model original-top_left-bottom_right-top_right completed in 15.40 seconds.
2025-07-15 00:41:06 - INFO - >>> Model original-top_left-bottom_right-top_right trained. Accuracy: 0.9066 (15.40 sec.)
2025-07-15 00:41:06 - INFO - Training model: original-bottom_right-top_right-bottom_left
2025-07-15 00:41:22 - INFO - Model original-bottom_right-top_right-bottom_left completed in 15.42 seconds.
2025-07-15 00:41:22 - INFO - >>> Model original-bottom_right-top_right-bottom_left trained. Accuracy: 0.9024 (15.42 sec.)
2025-07-15 00:41:22 - INFO - Training model: original-bottom_right-top_left-tda
2025-07-15 00:41:48 - INFO - Model original-bottom_right-top_left-tda completed in 26.01 seconds.
2025-07-15 00:41:48 - INFO - >>> Model original-bottom_right-top_left-tda trained. Accuracy: 0.8892 (26.01 sec.)
2025-07-15 00:41:48 - INFO - Training model: original-bottom_left-bottom_right-tda
2025-07-15 00:42:14 - INFO - Model original-bottom_left-bottom_right-tda completed in 26.31 seconds.
2025-07-15 00:42:14 - INFO - >>> Model original-bottom_left-bottom_right-tda trained. Accuracy: 0.8844 (26.31 sec.)
2025-07-15 00:42:14 - INFO - Training model: original-bottom_right-top_left-bottom_left
2025-07-15 00:42:29 - INFO - Model original-bottom_right-top_left-bottom_left completed in 15.19 seconds.
2025-07-15 00:42:29 - INFO - >>> Model original-bottom_right-top_left-bottom_left trained. Accuracy: 0.8947 (15.19 sec.)
2025-07-15 00:42:29 - INFO - Training model: original-top_left-top_right-tda
2025-07-15 00:42:55 - INFO - Model original-top_left-top_right-tda completed in 26.08 seconds.
2025-07-15 00:42:55 - INFO - >>> Model original-top_left-top_right-tda trained. Accuracy: 0.8989 (26.08 sec.)
2025-07-15 00:42:55 - INFO - Training model: original-bottom_left-top_right-tda
2025-07-15 00:43:21 - INFO - Model original-bottom_left-top_right-tda completed in 25.90 seconds.
2025-07-15 00:43:21 - INFO - >>> Model original-bottom_left-top_right-tda trained. Accuracy: 0.8950 (25.90 sec.)
2025-07-15 00:43:21 - INFO - Training model: original-top_left-top_right-bottom_left
2025-07-15 00:43:36 - INFO - Model original-top_left-top_right-bottom_left completed in 14.57 seconds.
2025-07-15 00:43:36 - INFO - >>> Model original-top_left-top_right-bottom_left trained. Accuracy: 0.9070 (14.57 sec.)
2025-07-15 00:43:36 - INFO - Training model: original-bottom_left-top_left-tda
2025-07-15 00:44:02 - INFO - Model original-bottom_left-top_left-tda completed in 26.04 seconds.
2025-07-15 00:44:02 - INFO - >>> Model original-bottom_left-top_left-tda trained. Accuracy: 0.8873 (26.04 sec.)
2025-07-15 00:44:02 - INFO - Training model: bottom_right-top_right-original-tda-top_left
2025-07-15 00:44:31 - INFO - Model bottom_right-top_right-original-tda-top_left completed in 29.25 seconds.
2025-07-15 00:44:31 - INFO - >>> Model bottom_right-top_right-original-tda-top_left trained. Accuracy: 0.9095 (29.25 sec.)
2025-07-15 00:44:31 - INFO - Training model: bottom_right-top_right-original-tda-bottom_left
2025-07-15 00:45:01 - INFO - Model bottom_right-top_right-original-tda-bottom_left completed in 29.66 seconds.
2025-07-15 00:45:01 - INFO - >>> Model bottom_right-top_right-original-tda-bottom_left trained. Accuracy: 0.9051 (29.66 sec.)
2025-07-15 00:45:01 - INFO - Training model: bottom_right-top_right-original-top_left-bottom_left
2025-07-15 00:45:19 - INFO - Model bottom_right-top_right-original-top_left-bottom_left completed in 18.20 seconds.
2025-07-15 00:45:19 - INFO - >>> Model bottom_right-top_right-original-top_left-bottom_left trained. Accuracy: 0.9162 (18.20 sec.)
2025-07-15 00:45:19 - INFO - Training model: bottom_right-original-tda-top_left-bottom_left
2025-07-15 00:45:48 - INFO - Model bottom_right-original-tda-top_left-bottom_left completed in 29.22 seconds.
2025-07-15 00:45:48 - INFO - >>> Model bottom_right-original-tda-top_left-bottom_left trained. Accuracy: 0.8962 (29.22 sec.)
2025-07-15 00:45:48 - INFO - Training model: top_right-original-tda-top_left-bottom_left
2025-07-15 00:46:18 - INFO - Model top_right-original-tda-top_left-bottom_left completed in 29.44 seconds.
2025-07-15 00:46:18 - INFO - >>> Model top_right-original-tda-top_left-bottom_left trained. Accuracy: 0.9087 (29.44 sec.)
2025-07-15 00:46:18 - INFO - Training model: bottom_right-top_right-original-tda-top_left-bottom_left
2025-07-15 00:46:50 - INFO - Model bottom_right-top_right-original-tda-top_left-bottom_left completed in 32.24 seconds.
2025-07-15 00:46:50 - INFO - >>> Model bottom_right-top_right-original-tda-top_left-bottom_left trained. Accuracy: 0.9172 (32.24 sec.)
2025-07-15 00:46:50 - INFO - All models trained successfully.
2025-07-15 00:46:50 - INFO - ========== [Model Training Completed] in 10.13 minutes ==========
2025-07-15 00:46:50 - INFO - ========== [Experiment Training Complete] ==========
2025-07-15 00:46:50 - INFO - Results saved to /home/jovyan/Workspace/workspace_mnist/results/exp_icecream_noise_saltpepper_30/exp_icecream_noise_saltpepper_30_2025-07-15_00-46-50.json
2025-07-15 00:46:50 - INFO - Results successfully saved to /home/jovyan/Workspace/workspace_mnist/results/exp_icecream_noise_saltpepper_30/exp_icecream_noise_saltpepper_30_2025-07-15_00-46-50.json
2025-07-15 00:46:50 - INFO - Forced Garbage collection executed to Free Memory.
2025-07-15 00:46:50 - INFO - ========== [Experiment Completed] in 21.18 minutes ==========
