2025-07-15 15:39:19 - INFO - Logging initialized.
 Writing to /home/jovyan/Workspace/workspace_mnist/logs/exp_icecream_noise_saltpepper_30/experiment_logs_2025-07-15_15-39-19.log
2025-07-15 15:39:19 - INFO - ========== [Experiment Start] ==========
2025-07-15 15:39:19 - INFO - Views combinations successfully generated.
2025-07-15 15:39:19 - INFO - Topological Data Analysis pipeline generated.
2025-07-15 15:39:19 - INFO - Folder to save results has been created.
2025-07-15 15:39:19 - INFO - Reading dataset from mnist_784.csv (chunk size: 70000).
2025-07-15 15:39:20 - INFO - Starting multiview data preparation for a chunk of size (70000, 784)...
2025-07-15 15:39:20 - INFO - Running using 28 jobs.
2025-07-15 15:39:20 - INFO - Contaminating dataset with salt_pepper, quantity=0.3, transparency=0.
2025-07-15 15:39:24 - INFO - Splitting data: 80.0% train / 30.0% test (random_state=866933024)
2025-07-15 15:39:24 - INFO - Using full training data without second split.
2025-07-15 15:39:24 - INFO - Data split complete. Train size: (49000, 784), Test size: (21000, 784)
2025-07-15 15:39:24 - INFO - Reshaping train and test data into square images...
2025-07-15 15:39:24 - INFO - Reshaping complete. Train images shape: (49000, 28, 28), Test images shape: (21000, 28, 28)
2025-07-15 15:39:24 - INFO - Splitting images into quadrant views...
2025-07-15 15:39:24 - INFO - Quadrant view splitting complete. Train views: 4, Test views: 4
2025-07-15 15:39:24 - INFO - Starting TDA pipeline transformation on train data...
2025-07-15 15:47:20 - INFO - TDA transformation for train completed (7.95 minutes).
2025-07-15 15:47:20 - INFO - Applying TDA pipeline transformation on test data...
2025-07-15 15:50:41 - INFO - TDA transformation for test completed (3.34 minutes).
2025-07-15 15:50:41 - INFO - ========== [Model Training Start] ==========
2025-07-15 15:50:41 - INFO - Training model: original
2025-07-15 15:50:42 - INFO - Model original completed in 1.11 seconds.
2025-07-15 15:50:42 - INFO - >>> Model original trained. Accuracy: 0.8562 (1.11 sec.)
2025-07-15 15:50:42 - INFO - Training model: original-bottom_right
2025-07-15 15:50:51 - INFO - Model original-bottom_right completed in 8.85 seconds.
2025-07-15 15:50:51 - INFO - >>> Model original-bottom_right trained. Accuracy: 0.8732 (8.85 sec.)
2025-07-15 15:50:51 - INFO - Training model: original-top_right
2025-07-15 15:51:00 - INFO - Model original-top_right completed in 9.46 seconds.
2025-07-15 15:51:00 - INFO - >>> Model original-top_right trained. Accuracy: 0.8854 (9.46 sec.)
2025-07-15 15:51:00 - INFO - Training model: original-tda
2025-07-15 15:51:20 - INFO - Model original-tda completed in 19.81 seconds.
2025-07-15 15:51:20 - INFO - >>> Model original-tda trained. Accuracy: 0.8702 (19.81 sec.)
2025-07-15 15:51:20 - INFO - Training model: original-top_left
2025-07-15 15:51:29 - INFO - Model original-top_left completed in 9.08 seconds.
2025-07-15 15:51:29 - INFO - >>> Model original-top_left trained. Accuracy: 0.8769 (9.08 sec.)
2025-07-15 15:51:29 - INFO - Training model: original-bottom_left
2025-07-15 15:51:38 - INFO - Model original-bottom_left completed in 8.98 seconds.
2025-07-15 15:51:38 - INFO - >>> Model original-bottom_left trained. Accuracy: 0.8719 (8.98 sec.)
2025-07-15 15:51:38 - INFO - Training model: original-bottom_right-top_right
2025-07-15 15:51:51 - INFO - Model original-bottom_right-top_right completed in 12.30 seconds.
2025-07-15 15:51:51 - INFO - >>> Model original-bottom_right-top_right trained. Accuracy: 0.8978 (12.30 sec.)
2025-07-15 15:51:51 - INFO - Training model: original-bottom_right-tda
2025-07-15 15:52:14 - INFO - Model original-bottom_right-tda completed in 23.40 seconds.
2025-07-15 15:52:14 - INFO - >>> Model original-bottom_right-tda trained. Accuracy: 0.8806 (23.40 sec.)
2025-07-15 15:52:14 - INFO - Training model: original-bottom_right-top_left
2025-07-15 15:52:26 - INFO - Model original-bottom_right-top_left completed in 12.15 seconds.
2025-07-15 15:52:26 - INFO - >>> Model original-bottom_right-top_left trained. Accuracy: 0.8881 (12.15 sec.)
2025-07-15 15:52:26 - INFO - Training model: original-bottom_right-bottom_left
2025-07-15 15:52:39 - INFO - Model original-bottom_right-bottom_left completed in 12.57 seconds.
2025-07-15 15:52:39 - INFO - >>> Model original-bottom_right-bottom_left trained. Accuracy: 0.8805 (12.57 sec.)
2025-07-15 15:52:39 - INFO - Training model: original-top_right-tda
2025-07-15 15:53:02 - INFO - Model original-top_right-tda completed in 23.04 seconds.
2025-07-15 15:53:02 - INFO - >>> Model original-top_right-tda trained. Accuracy: 0.8908 (23.04 sec.)
2025-07-15 15:53:02 - INFO - Training model: original-top_left-top_right
2025-07-15 15:53:14 - INFO - Model original-top_left-top_right completed in 12.29 seconds.
2025-07-15 15:53:14 - INFO - >>> Model original-top_left-top_right trained. Accuracy: 0.8966 (12.29 sec.)
2025-07-15 15:53:14 - INFO - Training model: original-top_right-bottom_left
2025-07-15 15:53:26 - INFO - Model original-top_right-bottom_left completed in 12.32 seconds.
2025-07-15 15:53:26 - INFO - >>> Model original-top_right-bottom_left trained. Accuracy: 0.8936 (12.32 sec.)
2025-07-15 15:53:26 - INFO - Training model: original-top_left-tda
2025-07-15 15:53:50 - INFO - Model original-top_left-tda completed in 23.13 seconds.
2025-07-15 15:53:50 - INFO - >>> Model original-top_left-tda trained. Accuracy: 0.8834 (23.13 sec.)
2025-07-15 15:53:50 - INFO - Training model: original-bottom_left-tda
2025-07-15 15:54:12 - INFO - Model original-bottom_left-tda completed in 22.22 seconds.
2025-07-15 15:54:12 - INFO - >>> Model original-bottom_left-tda trained. Accuracy: 0.8767 (22.22 sec.)
2025-07-15 15:54:12 - INFO - Training model: original-top_left-bottom_left
2025-07-15 15:54:24 - INFO - Model original-top_left-bottom_left completed in 12.36 seconds.
2025-07-15 15:54:24 - INFO - >>> Model original-top_left-bottom_left trained. Accuracy: 0.8877 (12.36 sec.)
2025-07-15 15:54:24 - INFO - Training model: original-bottom_right-top_right-tda
2025-07-15 15:54:51 - INFO - Model original-bottom_right-top_right-tda completed in 26.34 seconds.
2025-07-15 15:54:51 - INFO - >>> Model original-bottom_right-top_right-tda trained. Accuracy: 0.9001 (26.34 sec.)
2025-07-15 15:54:51 - INFO - Training model: original-top_left-bottom_right-top_right
2025-07-15 15:55:06 - INFO - Model original-top_left-bottom_right-top_right completed in 15.57 seconds.
2025-07-15 15:55:06 - INFO - >>> Model original-top_left-bottom_right-top_right trained. Accuracy: 0.9070 (15.57 sec.)
2025-07-15 15:55:06 - INFO - Training model: original-bottom_right-top_right-bottom_left
2025-07-15 15:55:22 - INFO - Model original-bottom_right-top_right-bottom_left completed in 15.70 seconds.
2025-07-15 15:55:22 - INFO - >>> Model original-bottom_right-top_right-bottom_left trained. Accuracy: 0.9053 (15.70 sec.)
2025-07-15 15:55:22 - INFO - Training model: original-bottom_right-top_left-tda
2025-07-15 15:55:48 - INFO - Model original-bottom_right-top_left-tda completed in 26.22 seconds.
2025-07-15 15:55:48 - INFO - >>> Model original-bottom_right-top_left-tda trained. Accuracy: 0.8930 (26.22 sec.)
2025-07-15 15:55:48 - INFO - Training model: original-bottom_left-bottom_right-tda
2025-07-15 15:56:14 - INFO - Model original-bottom_left-bottom_right-tda completed in 26.09 seconds.
2025-07-15 15:56:14 - INFO - >>> Model original-bottom_left-bottom_right-tda trained. Accuracy: 0.8864 (26.09 sec.)
2025-07-15 15:56:14 - INFO - Training model: original-bottom_right-top_left-bottom_left
2025-07-15 15:56:29 - INFO - Model original-bottom_right-top_left-bottom_left completed in 15.12 seconds.
2025-07-15 15:56:29 - INFO - >>> Model original-bottom_right-top_left-bottom_left trained. Accuracy: 0.8963 (15.12 sec.)
2025-07-15 15:56:29 - INFO - Training model: original-top_left-top_right-tda
2025-07-15 15:56:55 - INFO - Model original-top_left-top_right-tda completed in 25.94 seconds.
2025-07-15 15:56:55 - INFO - >>> Model original-top_left-top_right-tda trained. Accuracy: 0.9028 (25.94 sec.)
2025-07-15 15:56:55 - INFO - Training model: original-bottom_left-top_right-tda
2025-07-15 15:57:21 - INFO - Model original-bottom_left-top_right-tda completed in 26.04 seconds.
2025-07-15 15:57:21 - INFO - >>> Model original-bottom_left-top_right-tda trained. Accuracy: 0.8978 (26.04 sec.)
2025-07-15 15:57:21 - INFO - Training model: original-top_left-top_right-bottom_left
2025-07-15 15:57:36 - INFO - Model original-top_left-top_right-bottom_left completed in 15.24 seconds.
2025-07-15 15:57:36 - INFO - >>> Model original-top_left-top_right-bottom_left trained. Accuracy: 0.9088 (15.24 sec.)
2025-07-15 15:57:36 - INFO - Training model: original-bottom_left-top_left-tda
2025-07-15 15:58:03 - INFO - Model original-bottom_left-top_left-tda completed in 26.10 seconds.
2025-07-15 15:58:03 - INFO - >>> Model original-bottom_left-top_left-tda trained. Accuracy: 0.8917 (26.10 sec.)
2025-07-15 15:58:03 - INFO - Training model: bottom_right-top_right-original-tda-top_left
2025-07-15 15:58:32 - INFO - Model bottom_right-top_right-original-tda-top_left completed in 29.20 seconds.
2025-07-15 15:58:32 - INFO - >>> Model bottom_right-top_right-original-tda-top_left trained. Accuracy: 0.9118 (29.20 sec.)
2025-07-15 15:58:32 - INFO - Training model: bottom_right-top_right-original-tda-bottom_left
2025-07-15 15:59:01 - INFO - Model bottom_right-top_right-original-tda-bottom_left completed in 29.50 seconds.
2025-07-15 15:59:01 - INFO - >>> Model bottom_right-top_right-original-tda-bottom_left trained. Accuracy: 0.9090 (29.50 sec.)
2025-07-15 15:59:01 - INFO - Training model: bottom_right-top_right-original-top_left-bottom_left
2025-07-15 15:59:19 - INFO - Model bottom_right-top_right-original-top_left-bottom_left completed in 18.26 seconds.
2025-07-15 15:59:19 - INFO - >>> Model bottom_right-top_right-original-top_left-bottom_left trained. Accuracy: 0.9174 (18.26 sec.)
2025-07-15 15:59:19 - INFO - Training model: bottom_right-original-tda-top_left-bottom_left
2025-07-15 15:59:49 - INFO - Model bottom_right-original-tda-top_left-bottom_left completed in 29.04 seconds.
2025-07-15 15:59:49 - INFO - >>> Model bottom_right-original-tda-top_left-bottom_left trained. Accuracy: 0.9000 (29.04 sec.)
2025-07-15 15:59:49 - INFO - Training model: top_right-original-tda-top_left-bottom_left
2025-07-15 16:00:18 - INFO - Model top_right-original-tda-top_left-bottom_left completed in 29.17 seconds.
2025-07-15 16:00:18 - INFO - >>> Model top_right-original-tda-top_left-bottom_left trained. Accuracy: 0.9107 (29.17 sec.)
2025-07-15 16:00:18 - INFO - Training model: bottom_right-top_right-original-tda-top_left-bottom_left
2025-07-15 16:00:50 - INFO - Model bottom_right-top_right-original-tda-top_left-bottom_left completed in 32.38 seconds.
2025-07-15 16:00:50 - INFO - >>> Model bottom_right-top_right-original-tda-top_left-bottom_left trained. Accuracy: 0.9194 (32.38 sec.)
2025-07-15 16:00:50 - INFO - All models trained successfully.
2025-07-15 16:00:50 - INFO - ========== [Model Training Completed] in 10.15 minutes ==========
2025-07-15 16:00:50 - INFO - ========== [Experiment Training Complete] ==========
2025-07-15 16:00:50 - INFO - Results saved to /home/jovyan/Workspace/workspace_mnist/results/exp_icecream_noise_saltpepper_30/exp_icecream_noise_saltpepper_30_2025-07-15_16-00-50.json
2025-07-15 16:00:50 - INFO - Results successfully saved to /home/jovyan/Workspace/workspace_mnist/results/exp_icecream_noise_saltpepper_30/exp_icecream_noise_saltpepper_30_2025-07-15_16-00-50.json
2025-07-15 16:00:50 - INFO - Forced Garbage collection executed to Free Memory.
2025-07-15 16:00:50 - INFO - ========== [Experiment Completed] in 21.52 minutes ==========
