2025-07-15 04:20:16 - INFO - Logging initialized.
 Writing to /home/jovyan/Workspace/workspace_mnist/logs/exp_icecream_noise_saltpepper_30/experiment_logs_2025-07-15_04-20-16.log
2025-07-15 04:20:16 - INFO - ========== [Experiment Start] ==========
2025-07-15 04:20:16 - INFO - Views combinations successfully generated.
2025-07-15 04:20:16 - INFO - Topological Data Analysis pipeline generated.
2025-07-15 04:20:16 - INFO - Folder to save results has been created.
2025-07-15 04:20:16 - INFO - Reading dataset from mnist_784.csv (chunk size: 70000).
2025-07-15 04:20:17 - INFO - Starting multiview data preparation for a chunk of size (70000, 784)...
2025-07-15 04:20:17 - INFO - Running using 28 jobs.
2025-07-15 04:20:17 - INFO - Contaminating dataset with salt_pepper, quantity=0.3, transparency=0.
2025-07-15 04:20:21 - INFO - Splitting data: 80.0% train / 30.0% test (random_state=569338830)
2025-07-15 04:20:21 - INFO - Using full training data without second split.
2025-07-15 04:20:21 - INFO - Data split complete. Train size: (49000, 784), Test size: (21000, 784)
2025-07-15 04:20:21 - INFO - Reshaping train and test data into square images...
2025-07-15 04:20:21 - INFO - Reshaping complete. Train images shape: (49000, 28, 28), Test images shape: (21000, 28, 28)
2025-07-15 04:20:21 - INFO - Splitting images into quadrant views...
2025-07-15 04:20:21 - INFO - Quadrant view splitting complete. Train views: 4, Test views: 4
2025-07-15 04:20:21 - INFO - Starting TDA pipeline transformation on train data...
2025-07-15 04:28:07 - INFO - TDA transformation for train completed (7.77 minutes).
2025-07-15 04:28:07 - INFO - Applying TDA pipeline transformation on test data...
2025-07-15 04:31:25 - INFO - TDA transformation for test completed (3.30 minutes).
2025-07-15 04:31:25 - INFO - ========== [Model Training Start] ==========
2025-07-15 04:31:25 - INFO - Training model: original
2025-07-15 04:31:26 - INFO - Model original completed in 1.13 seconds.
2025-07-15 04:31:26 - INFO - >>> Model original trained. Accuracy: 0.8566 (1.13 sec.)
2025-07-15 04:31:26 - INFO - Training model: original-bottom_right
2025-07-15 04:31:35 - INFO - Model original-bottom_right completed in 9.33 seconds.
2025-07-15 04:31:35 - INFO - >>> Model original-bottom_right trained. Accuracy: 0.8744 (9.33 sec.)
2025-07-15 04:31:35 - INFO - Training model: original-top_right
2025-07-15 04:31:44 - INFO - Model original-top_right completed in 9.25 seconds.
2025-07-15 04:31:44 - INFO - >>> Model original-top_right trained. Accuracy: 0.8839 (9.25 sec.)
2025-07-15 04:31:44 - INFO - Training model: original-tda
2025-07-15 04:32:04 - INFO - Model original-tda completed in 19.82 seconds.
2025-07-15 04:32:04 - INFO - >>> Model original-tda trained. Accuracy: 0.8700 (19.82 sec.)
2025-07-15 04:32:04 - INFO - Training model: original-top_left
2025-07-15 04:32:13 - INFO - Model original-top_left completed in 8.82 seconds.
2025-07-15 04:32:13 - INFO - >>> Model original-top_left trained. Accuracy: 0.8762 (8.82 sec.)
2025-07-15 04:32:13 - INFO - Training model: original-bottom_left
2025-07-15 04:32:22 - INFO - Model original-bottom_left completed in 9.10 seconds.
2025-07-15 04:32:22 - INFO - >>> Model original-bottom_left trained. Accuracy: 0.8717 (9.10 sec.)
2025-07-15 04:32:22 - INFO - Training model: original-bottom_right-top_right
2025-07-15 04:32:35 - INFO - Model original-bottom_right-top_right completed in 12.52 seconds.
2025-07-15 04:32:35 - INFO - >>> Model original-bottom_right-top_right trained. Accuracy: 0.8930 (12.52 sec.)
2025-07-15 04:32:35 - INFO - Training model: original-bottom_right-tda
2025-07-15 04:32:58 - INFO - Model original-bottom_right-tda completed in 23.02 seconds.
2025-07-15 04:32:58 - INFO - >>> Model original-bottom_right-tda trained. Accuracy: 0.8793 (23.02 sec.)
2025-07-15 04:32:58 - INFO - Training model: original-bottom_right-top_left
2025-07-15 04:33:10 - INFO - Model original-bottom_right-top_left completed in 12.28 seconds.
2025-07-15 04:33:10 - INFO - >>> Model original-bottom_right-top_left trained. Accuracy: 0.8856 (12.28 sec.)
2025-07-15 04:33:10 - INFO - Training model: original-bottom_right-bottom_left
2025-07-15 04:33:22 - INFO - Model original-bottom_right-bottom_left completed in 12.46 seconds.
2025-07-15 04:33:22 - INFO - >>> Model original-bottom_right-bottom_left trained. Accuracy: 0.8825 (12.46 sec.)
2025-07-15 04:33:22 - INFO - Training model: original-top_right-tda
2025-07-15 04:33:45 - INFO - Model original-top_right-tda completed in 22.58 seconds.
2025-07-15 04:33:45 - INFO - >>> Model original-top_right-tda trained. Accuracy: 0.8894 (22.58 sec.)
2025-07-15 04:33:45 - INFO - Training model: original-top_left-top_right
2025-07-15 04:33:57 - INFO - Model original-top_left-top_right completed in 12.45 seconds.
2025-07-15 04:33:57 - INFO - >>> Model original-top_left-top_right trained. Accuracy: 0.8946 (12.45 sec.)
2025-07-15 04:33:57 - INFO - Training model: original-top_right-bottom_left
2025-07-15 04:34:09 - INFO - Model original-top_right-bottom_left completed in 11.81 seconds.
2025-07-15 04:34:09 - INFO - >>> Model original-top_right-bottom_left trained. Accuracy: 0.8939 (11.81 sec.)
2025-07-15 04:34:09 - INFO - Training model: original-top_left-tda
2025-07-15 04:34:32 - INFO - Model original-top_left-tda completed in 22.75 seconds.
2025-07-15 04:34:32 - INFO - >>> Model original-top_left-tda trained. Accuracy: 0.8822 (22.75 sec.)
2025-07-15 04:34:32 - INFO - Training model: original-bottom_left-tda
2025-07-15 04:34:55 - INFO - Model original-bottom_left-tda completed in 22.92 seconds.
2025-07-15 04:34:55 - INFO - >>> Model original-bottom_left-tda trained. Accuracy: 0.8760 (22.92 sec.)
2025-07-15 04:34:55 - INFO - Training model: original-top_left-bottom_left
2025-07-15 04:35:07 - INFO - Model original-top_left-bottom_left completed in 11.66 seconds.
2025-07-15 04:35:07 - INFO - >>> Model original-top_left-bottom_left trained. Accuracy: 0.8860 (11.66 sec.)
2025-07-15 04:35:07 - INFO - Training model: original-bottom_right-top_right-tda
2025-07-15 04:35:33 - INFO - Model original-bottom_right-top_right-tda completed in 26.17 seconds.
2025-07-15 04:35:33 - INFO - >>> Model original-bottom_right-top_right-tda trained. Accuracy: 0.8986 (26.17 sec.)
2025-07-15 04:35:33 - INFO - Training model: original-top_left-bottom_right-top_right
2025-07-15 04:35:48 - INFO - Model original-top_left-bottom_right-top_right completed in 15.53 seconds.
2025-07-15 04:35:48 - INFO - >>> Model original-top_left-bottom_right-top_right trained. Accuracy: 0.9060 (15.53 sec.)
2025-07-15 04:35:48 - INFO - Training model: original-bottom_right-top_right-bottom_left
2025-07-15 04:36:04 - INFO - Model original-bottom_right-top_right-bottom_left completed in 15.47 seconds.
2025-07-15 04:36:04 - INFO - >>> Model original-bottom_right-top_right-bottom_left trained. Accuracy: 0.9036 (15.47 sec.)
2025-07-15 04:36:04 - INFO - Training model: original-bottom_right-top_left-tda
2025-07-15 04:36:30 - INFO - Model original-bottom_right-top_left-tda completed in 26.04 seconds.
2025-07-15 04:36:30 - INFO - >>> Model original-bottom_right-top_left-tda trained. Accuracy: 0.8929 (26.04 sec.)
2025-07-15 04:36:30 - INFO - Training model: original-bottom_left-bottom_right-tda
2025-07-15 04:36:56 - INFO - Model original-bottom_left-bottom_right-tda completed in 25.88 seconds.
2025-07-15 04:36:56 - INFO - >>> Model original-bottom_left-bottom_right-tda trained. Accuracy: 0.8867 (25.88 sec.)
2025-07-15 04:36:56 - INFO - Training model: original-bottom_right-top_left-bottom_left
2025-07-15 04:37:11 - INFO - Model original-bottom_right-top_left-bottom_left completed in 15.11 seconds.
2025-07-15 04:37:11 - INFO - >>> Model original-bottom_right-top_left-bottom_left trained. Accuracy: 0.8978 (15.11 sec.)
2025-07-15 04:37:11 - INFO - Training model: original-top_left-top_right-tda
2025-07-15 04:37:37 - INFO - Model original-top_left-top_right-tda completed in 26.12 seconds.
2025-07-15 04:37:37 - INFO - >>> Model original-top_left-top_right-tda trained. Accuracy: 0.9004 (26.12 sec.)
2025-07-15 04:37:37 - INFO - Training model: original-bottom_left-top_right-tda
2025-07-15 04:38:03 - INFO - Model original-bottom_left-top_right-tda completed in 26.10 seconds.
2025-07-15 04:38:03 - INFO - >>> Model original-bottom_left-top_right-tda trained. Accuracy: 0.8968 (26.10 sec.)
2025-07-15 04:38:03 - INFO - Training model: original-top_left-top_right-bottom_left
2025-07-15 04:38:18 - INFO - Model original-top_left-top_right-bottom_left completed in 15.01 seconds.
2025-07-15 04:38:18 - INFO - >>> Model original-top_left-top_right-bottom_left trained. Accuracy: 0.9067 (15.01 sec.)
2025-07-15 04:38:18 - INFO - Training model: original-bottom_left-top_left-tda
2025-07-15 04:38:44 - INFO - Model original-bottom_left-top_left-tda completed in 25.72 seconds.
2025-07-15 04:38:44 - INFO - >>> Model original-bottom_left-top_left-tda trained. Accuracy: 0.8896 (25.72 sec.)
2025-07-15 04:38:44 - INFO - Training model: bottom_right-top_right-original-tda-top_left
2025-07-15 04:39:13 - INFO - Model bottom_right-top_right-original-tda-top_left completed in 28.99 seconds.
2025-07-15 04:39:13 - INFO - >>> Model bottom_right-top_right-original-tda-top_left trained. Accuracy: 0.9087 (28.99 sec.)
2025-07-15 04:39:13 - INFO - Training model: bottom_right-top_right-original-tda-bottom_left
2025-07-15 04:39:41 - INFO - Model bottom_right-top_right-original-tda-bottom_left completed in 28.65 seconds.
2025-07-15 04:39:41 - INFO - >>> Model bottom_right-top_right-original-tda-bottom_left trained. Accuracy: 0.9063 (28.65 sec.)
2025-07-15 04:39:41 - INFO - Training model: bottom_right-top_right-original-top_left-bottom_left
2025-07-15 04:40:00 - INFO - Model bottom_right-top_right-original-top_left-bottom_left completed in 18.72 seconds.
2025-07-15 04:40:00 - INFO - >>> Model bottom_right-top_right-original-top_left-bottom_left trained. Accuracy: 0.9170 (18.72 sec.)
2025-07-15 04:40:00 - INFO - Training model: bottom_right-original-tda-top_left-bottom_left
2025-07-15 04:40:29 - INFO - Model bottom_right-original-tda-top_left-bottom_left completed in 28.79 seconds.
2025-07-15 04:40:29 - INFO - >>> Model bottom_right-original-tda-top_left-bottom_left trained. Accuracy: 0.9000 (28.79 sec.)
2025-07-15 04:40:29 - INFO - Training model: top_right-original-tda-top_left-bottom_left
2025-07-15 04:40:58 - INFO - Model top_right-original-tda-top_left-bottom_left completed in 28.85 seconds.
2025-07-15 04:40:58 - INFO - >>> Model top_right-original-tda-top_left-bottom_left trained. Accuracy: 0.9085 (28.85 sec.)
2025-07-15 04:40:58 - INFO - Training model: bottom_right-top_right-original-tda-top_left-bottom_left
2025-07-15 04:41:30 - INFO - Model bottom_right-top_right-original-tda-top_left-bottom_left completed in 31.77 seconds.
2025-07-15 04:41:30 - INFO - >>> Model bottom_right-top_right-original-tda-top_left-bottom_left trained. Accuracy: 0.9163 (31.77 sec.)
2025-07-15 04:41:30 - INFO - All models trained successfully.
2025-07-15 04:41:30 - INFO - ========== [Model Training Completed] in 10.08 minutes ==========
2025-07-15 04:41:30 - INFO - ========== [Experiment Training Complete] ==========
2025-07-15 04:41:30 - INFO - Results saved to /home/jovyan/Workspace/workspace_mnist/results/exp_icecream_noise_saltpepper_30/exp_icecream_noise_saltpepper_30_2025-07-15_04-41-30.json
2025-07-15 04:41:30 - INFO - Results successfully saved to /home/jovyan/Workspace/workspace_mnist/results/exp_icecream_noise_saltpepper_30/exp_icecream_noise_saltpepper_30_2025-07-15_04-41-30.json
2025-07-15 04:41:30 - INFO - Forced Garbage collection executed to Free Memory.
2025-07-15 04:41:30 - INFO - ========== [Experiment Completed] in 21.23 minutes ==========
