2025-07-11 07:18:47 - INFO - Logging initialized.
 Writing to /home/jovyan/Workspace/workspace_mnist/logs/exp_icecream_noise_saltpepper_10perc_pt2/experiment_logs_2025-07-11_07-18-47.log
2025-07-11 07:18:47 - INFO - ========== [Experiment Start] ==========
2025-07-11 07:18:47 - INFO - Views combinations successfully generated.
2025-07-11 07:18:47 - INFO - Topological Data Analysis pipeline generated.
2025-07-11 07:18:47 - INFO - Folder to save results has been created.
2025-07-11 07:18:47 - INFO - Reading dataset from mnist_784.csv (chunk size: 70000).
2025-07-11 07:18:47 - INFO - Starting multiview data preparation for a chunk of size (70000, 784)...
2025-07-11 07:18:47 - INFO - Running using 28 jobs.
2025-07-11 07:18:47 - INFO - Contaminating dataset with salt_pepper, quantity=0.1, transparency=0.
2025-07-11 07:18:51 - INFO - Splitting data: 80.0% train / 30.0% test (random_state=625262102)
2025-07-11 07:18:51 - INFO - Using full training data without second split.
2025-07-11 07:18:51 - INFO - Data split complete. Train size: (49000, 784), Test size: (21000, 784)
2025-07-11 07:18:51 - INFO - Reshaping train and test data into square images...
2025-07-11 07:18:51 - INFO - Reshaping complete. Train images shape: (49000, 28, 28), Test images shape: (21000, 28, 28)
2025-07-11 07:18:51 - INFO - Splitting images into quadrant views...
2025-07-11 07:18:51 - INFO - Quadrant view splitting complete. Train views: 4, Test views: 4
2025-07-11 07:18:51 - INFO - Saving sample images for each view...
2025-07-11 07:18:51 - INFO - Sample views saved successfully.
2025-07-11 07:18:51 - INFO - Starting TDA pipeline transformation on train data...
2025-07-11 07:26:28 - INFO - TDA transformation for train completed (7.61 minutes).
2025-07-11 07:26:28 - INFO - Applying TDA pipeline transformation on test data...
2025-07-11 07:29:44 - INFO - TDA transformation for test completed (3.27 minutes).
2025-07-11 07:29:44 - INFO - ========== [Model Training Start] ==========
2025-07-11 07:29:44 - INFO - Training model: original
2025-07-11 07:29:45 - INFO - Model original completed in 1.06 seconds.
2025-07-11 07:29:45 - INFO - >>> Model original trained. Accuracy: 0.9395 (1.06 sec.)
2025-07-11 07:29:45 - INFO - Training model: top_right-original
2025-07-11 07:29:54 - INFO - Model top_right-original completed in 9.05 seconds.
2025-07-11 07:29:54 - INFO - >>> Model top_right-original trained. Accuracy: 0.9486 (9.05 sec.)
2025-07-11 07:29:54 - INFO - Training model: original-tda
2025-07-11 07:30:12 - INFO - Model original-tda completed in 18.23 seconds.
2025-07-11 07:30:12 - INFO - >>> Model original-tda trained. Accuracy: 0.9456 (18.23 sec.)
2025-07-11 07:30:12 - INFO - Training model: bottom_left-original
2025-07-11 07:30:21 - INFO - Model bottom_left-original completed in 8.83 seconds.
2025-07-11 07:30:21 - INFO - >>> Model bottom_left-original trained. Accuracy: 0.9459 (8.83 sec.)
2025-07-11 07:30:21 - INFO - Training model: original-top_left
2025-07-11 07:30:30 - INFO - Model original-top_left completed in 8.54 seconds.
2025-07-11 07:30:30 - INFO - >>> Model original-top_left trained. Accuracy: 0.9483 (8.54 sec.)
2025-07-11 07:30:30 - INFO - Training model: original-bottom_right
2025-07-11 07:30:38 - INFO - Model original-bottom_right completed in 8.82 seconds.
2025-07-11 07:30:38 - INFO - >>> Model original-bottom_right trained. Accuracy: 0.9467 (8.82 sec.)
2025-07-11 07:30:38 - INFO - Training model: top_right-original-tda
2025-07-11 07:31:00 - INFO - Model top_right-original-tda completed in 21.19 seconds.
2025-07-11 07:31:00 - INFO - >>> Model top_right-original-tda trained. Accuracy: 0.9525 (21.19 sec.)
2025-07-11 07:31:00 - INFO - Training model: top_right-bottom_left-original
2025-07-11 07:31:12 - INFO - Model top_right-bottom_left-original completed in 11.84 seconds.
2025-07-11 07:31:12 - INFO - >>> Model top_right-bottom_left-original trained. Accuracy: 0.9510 (11.84 sec.)
2025-07-11 07:31:12 - INFO - Training model: top_right-original-top_left
2025-07-11 07:31:23 - INFO - Model top_right-original-top_left completed in 11.47 seconds.
2025-07-11 07:31:23 - INFO - >>> Model top_right-original-top_left trained. Accuracy: 0.9540 (11.47 sec.)
2025-07-11 07:31:23 - INFO - Training model: top_right-original-bottom_right
2025-07-11 07:31:35 - INFO - Model top_right-original-bottom_right completed in 12.12 seconds.
2025-07-11 07:31:35 - INFO - >>> Model top_right-original-bottom_right trained. Accuracy: 0.9527 (12.12 sec.)
2025-07-11 07:31:35 - INFO - Training model: bottom_left-original-tda
2025-07-11 07:31:56 - INFO - Model bottom_left-original-tda completed in 21.32 seconds.
2025-07-11 07:31:56 - INFO - >>> Model bottom_left-original-tda trained. Accuracy: 0.9480 (21.32 sec.)
2025-07-11 07:31:56 - INFO - Training model: original-tda-top_left
2025-07-11 07:32:18 - INFO - Model original-tda-top_left completed in 21.09 seconds.
2025-07-11 07:32:18 - INFO - >>> Model original-tda-top_left trained. Accuracy: 0.9512 (21.09 sec.)
2025-07-11 07:32:18 - INFO - Training model: original-tda-bottom_right
2025-07-11 07:32:39 - INFO - Model original-tda-bottom_right completed in 21.50 seconds.
2025-07-11 07:32:39 - INFO - >>> Model original-tda-bottom_right trained. Accuracy: 0.9504 (21.50 sec.)
2025-07-11 07:32:39 - INFO - Training model: bottom_left-original-top_left
2025-07-11 07:32:51 - INFO - Model bottom_left-original-top_left completed in 11.53 seconds.
2025-07-11 07:32:51 - INFO - >>> Model bottom_left-original-top_left trained. Accuracy: 0.9510 (11.53 sec.)
2025-07-11 07:32:51 - INFO - Training model: bottom_left-original-bottom_right
2025-07-11 07:33:02 - INFO - Model bottom_left-original-bottom_right completed in 11.86 seconds.
2025-07-11 07:33:02 - INFO - >>> Model bottom_left-original-bottom_right trained. Accuracy: 0.9494 (11.86 sec.)
2025-07-11 07:33:02 - INFO - Training model: original-bottom_right-top_left
2025-07-11 07:33:14 - INFO - Model original-bottom_right-top_left completed in 11.83 seconds.
2025-07-11 07:33:14 - INFO - >>> Model original-bottom_right-top_left trained. Accuracy: 0.9540 (11.83 sec.)
2025-07-11 07:33:14 - INFO - Training model: top_right-bottom_left-original-tda
2025-07-11 07:33:39 - INFO - Model top_right-bottom_left-original-tda completed in 24.31 seconds.
2025-07-11 07:33:39 - INFO - >>> Model top_right-bottom_left-original-tda trained. Accuracy: 0.9539 (24.31 sec.)
2025-07-11 07:33:39 - INFO - Training model: top_right-original-tda-top_left
2025-07-11 07:34:03 - INFO - Model top_right-original-tda-top_left completed in 24.22 seconds.
2025-07-11 07:34:03 - INFO - >>> Model top_right-original-tda-top_left trained. Accuracy: 0.9564 (24.22 sec.)
2025-07-11 07:34:03 - INFO - Training model: top_right-original-tda-bottom_right
2025-07-11 07:34:27 - INFO - Model top_right-original-tda-bottom_right completed in 24.70 seconds.
2025-07-11 07:34:27 - INFO - >>> Model top_right-original-tda-bottom_right trained. Accuracy: 0.9575 (24.70 sec.)
2025-07-11 07:34:27 - INFO - Training model: top_right-bottom_left-original-top_left
2025-07-11 07:34:42 - INFO - Model top_right-bottom_left-original-top_left completed in 14.84 seconds.
2025-07-11 07:34:42 - INFO - >>> Model top_right-bottom_left-original-top_left trained. Accuracy: 0.9563 (14.84 sec.)
2025-07-11 07:34:42 - INFO - Training model: top_right-bottom_left-original-bottom_right
2025-07-11 07:34:57 - INFO - Model top_right-bottom_left-original-bottom_right completed in 14.64 seconds.
2025-07-11 07:34:57 - INFO - >>> Model top_right-bottom_left-original-bottom_right trained. Accuracy: 0.9562 (14.64 sec.)
2025-07-11 07:34:57 - INFO - Training model: top_right-original-bottom_right-top_left
2025-07-11 07:35:12 - INFO - Model top_right-original-bottom_right-top_left completed in 15.07 seconds.
2025-07-11 07:35:12 - INFO - >>> Model top_right-original-bottom_right-top_left trained. Accuracy: 0.9590 (15.07 sec.)
2025-07-11 07:35:12 - INFO - Training model: bottom_left-original-tda-top_left
2025-07-11 07:35:36 - INFO - Model bottom_left-original-tda-top_left completed in 24.18 seconds.
2025-07-11 07:35:36 - INFO - >>> Model bottom_left-original-tda-top_left trained. Accuracy: 0.9531 (24.18 sec.)
2025-07-11 07:35:36 - INFO - Training model: bottom_left-original-tda-bottom_right
2025-07-11 07:36:01 - INFO - Model bottom_left-original-tda-bottom_right completed in 24.36 seconds.
2025-07-11 07:36:01 - INFO - >>> Model bottom_left-original-tda-bottom_right trained. Accuracy: 0.9518 (24.36 sec.)
2025-07-11 07:36:01 - INFO - Training model: original-tda-bottom_right-top_left
2025-07-11 07:36:25 - INFO - Model original-tda-bottom_right-top_left completed in 24.10 seconds.
2025-07-11 07:36:25 - INFO - >>> Model original-tda-bottom_right-top_left trained. Accuracy: 0.9563 (24.10 sec.)
2025-07-11 07:36:25 - INFO - Training model: bottom_left-original-bottom_right-top_left
2025-07-11 07:36:39 - INFO - Model bottom_left-original-bottom_right-top_left completed in 14.69 seconds.
2025-07-11 07:36:39 - INFO - >>> Model bottom_left-original-bottom_right-top_left trained. Accuracy: 0.9558 (14.69 sec.)
2025-07-11 07:36:39 - INFO - Training model: top_right-tda-bottom_left-top_left-original
2025-07-11 07:37:07 - INFO - Model top_right-tda-bottom_left-top_left-original completed in 27.30 seconds.
2025-07-11 07:37:07 - INFO - >>> Model top_right-tda-bottom_left-top_left-original trained. Accuracy: 0.9592 (27.30 sec.)
2025-07-11 07:37:07 - INFO - Training model: top_right-tda-bottom_left-bottom_right-original
2025-07-11 07:37:34 - INFO - Model top_right-tda-bottom_left-bottom_right-original completed in 27.31 seconds.
2025-07-11 07:37:34 - INFO - >>> Model top_right-tda-bottom_left-bottom_right-original trained. Accuracy: 0.9597 (27.31 sec.)
2025-07-11 07:37:34 - INFO - Training model: top_right-tda-top_left-bottom_right-original
2025-07-11 07:38:00 - INFO - Model top_right-tda-top_left-bottom_right-original completed in 25.82 seconds.
2025-07-11 07:38:00 - INFO - >>> Model top_right-tda-top_left-bottom_right-original trained. Accuracy: 0.9617 (25.82 sec.)
2025-07-11 07:38:00 - INFO - Training model: top_right-bottom_left-top_left-bottom_right-original
2025-07-11 07:38:17 - INFO - Model top_right-bottom_left-top_left-bottom_right-original completed in 17.18 seconds.
2025-07-11 07:38:17 - INFO - >>> Model top_right-bottom_left-top_left-bottom_right-original trained. Accuracy: 0.9613 (17.18 sec.)
2025-07-11 07:38:17 - INFO - Training model: tda-bottom_left-top_left-bottom_right-original
2025-07-11 07:38:45 - INFO - Model tda-bottom_left-top_left-bottom_right-original completed in 27.58 seconds.
2025-07-11 07:38:45 - INFO - >>> Model tda-bottom_left-top_left-bottom_right-original trained. Accuracy: 0.9580 (27.58 sec.)
2025-07-11 07:38:45 - INFO - Training model: top_right-tda-bottom_left-top_left-bottom_right-original
2025-07-11 07:39:15 - INFO - Model top_right-tda-bottom_left-top_left-bottom_right-original completed in 30.52 seconds.
2025-07-11 07:39:15 - INFO - >>> Model top_right-tda-bottom_left-top_left-bottom_right-original trained. Accuracy: 0.9640 (30.52 sec.)
2025-07-11 07:39:15 - INFO - All models trained successfully.
2025-07-11 07:39:15 - INFO - ========== [Model Training Completed] in 9.52 minutes ==========
2025-07-11 07:39:15 - INFO - ========== [Experiment Training Complete] ==========
2025-07-11 07:39:15 - INFO - Results saved to /home/jovyan/Workspace/workspace_mnist/results/exp_icecream_noise_saltpepper_10perc_pt2/exp_icecream_noise_saltpepper_10perc_pt2_2025-07-11_07-39-15.json
2025-07-11 07:39:15 - INFO - Results successfully saved to /home/jovyan/Workspace/workspace_mnist/results/exp_icecream_noise_saltpepper_10perc_pt2/exp_icecream_noise_saltpepper_10perc_pt2_2025-07-11_07-39-15.json
2025-07-11 07:39:15 - INFO - Forced Garbage collection executed to Free Memory.
2025-07-11 07:39:15 - INFO - ========== [Experiment Completed] in 20.48 minutes ==========
