2025-07-11 10:23:08 - INFO - Logging initialized.
 Writing to /home/jovyan/Workspace/workspace_mnist/logs/exp_icecream_noise_saltpepper_10perc_pt2/experiment_logs_2025-07-11_10-23-08.log
2025-07-11 10:23:08 - INFO - ========== [Experiment Start] ==========
2025-07-11 10:23:08 - INFO - Views combinations successfully generated.
2025-07-11 10:23:08 - INFO - Topological Data Analysis pipeline generated.
2025-07-11 10:23:08 - INFO - Folder to save results has been created.
2025-07-11 10:23:08 - INFO - Reading dataset from mnist_784.csv (chunk size: 70000).
2025-07-11 10:23:08 - INFO - Starting multiview data preparation for a chunk of size (70000, 784)...
2025-07-11 10:23:08 - INFO - Running using 28 jobs.
2025-07-11 10:23:08 - INFO - Contaminating dataset with salt_pepper, quantity=0.1, transparency=0.
2025-07-11 10:23:12 - INFO - Splitting data: 80.0% train / 30.0% test (random_state=18813224)
2025-07-11 10:23:12 - INFO - Using full training data without second split.
2025-07-11 10:23:12 - INFO - Data split complete. Train size: (49000, 784), Test size: (21000, 784)
2025-07-11 10:23:12 - INFO - Reshaping train and test data into square images...
2025-07-11 10:23:12 - INFO - Reshaping complete. Train images shape: (49000, 28, 28), Test images shape: (21000, 28, 28)
2025-07-11 10:23:12 - INFO - Splitting images into quadrant views...
2025-07-11 10:23:12 - INFO - Quadrant view splitting complete. Train views: 4, Test views: 4
2025-07-11 10:23:12 - INFO - Saving sample images for each view...
2025-07-11 10:23:12 - INFO - Sample views saved successfully.
2025-07-11 10:23:12 - INFO - Starting TDA pipeline transformation on train data...
2025-07-11 10:31:02 - INFO - TDA transformation for train completed (7.83 minutes).
2025-07-11 10:31:02 - INFO - Applying TDA pipeline transformation on test data...
2025-07-11 10:34:13 - INFO - TDA transformation for test completed (3.19 minutes).
2025-07-11 10:34:13 - INFO - ========== [Model Training Start] ==========
2025-07-11 10:34:13 - INFO - Training model: original
2025-07-11 10:34:14 - INFO - Model original completed in 1.06 seconds.
2025-07-11 10:34:14 - INFO - >>> Model original trained. Accuracy: 0.9417 (1.06 sec.)
2025-07-11 10:34:14 - INFO - Training model: top_right-original
2025-07-11 10:34:23 - INFO - Model top_right-original completed in 8.63 seconds.
2025-07-11 10:34:23 - INFO - >>> Model top_right-original trained. Accuracy: 0.9497 (8.63 sec.)
2025-07-11 10:34:23 - INFO - Training model: original-tda
2025-07-11 10:34:41 - INFO - Model original-tda completed in 18.11 seconds.
2025-07-11 10:34:41 - INFO - >>> Model original-tda trained. Accuracy: 0.9488 (18.11 sec.)
2025-07-11 10:34:41 - INFO - Training model: bottom_left-original
2025-07-11 10:34:50 - INFO - Model bottom_left-original completed in 8.67 seconds.
2025-07-11 10:34:50 - INFO - >>> Model bottom_left-original trained. Accuracy: 0.9485 (8.67 sec.)
2025-07-11 10:34:50 - INFO - Training model: original-top_left
2025-07-11 10:34:58 - INFO - Model original-top_left completed in 8.85 seconds.
2025-07-11 10:34:58 - INFO - >>> Model original-top_left trained. Accuracy: 0.9513 (8.85 sec.)
2025-07-11 10:34:58 - INFO - Training model: original-bottom_right
2025-07-11 10:35:07 - INFO - Model original-bottom_right completed in 8.83 seconds.
2025-07-11 10:35:07 - INFO - >>> Model original-bottom_right trained. Accuracy: 0.9516 (8.83 sec.)
2025-07-11 10:35:07 - INFO - Training model: top_right-original-tda
2025-07-11 10:35:29 - INFO - Model top_right-original-tda completed in 21.24 seconds.
2025-07-11 10:35:29 - INFO - >>> Model top_right-original-tda trained. Accuracy: 0.9548 (21.24 sec.)
2025-07-11 10:35:29 - INFO - Training model: top_right-bottom_left-original
2025-07-11 10:35:40 - INFO - Model top_right-bottom_left-original completed in 11.91 seconds.
2025-07-11 10:35:40 - INFO - >>> Model top_right-bottom_left-original trained. Accuracy: 0.9534 (11.91 sec.)
2025-07-11 10:35:40 - INFO - Training model: top_right-original-top_left
2025-07-11 10:35:52 - INFO - Model top_right-original-top_left completed in 11.44 seconds.
2025-07-11 10:35:52 - INFO - >>> Model top_right-original-top_left trained. Accuracy: 0.9548 (11.44 sec.)
2025-07-11 10:35:52 - INFO - Training model: top_right-original-bottom_right
2025-07-11 10:36:04 - INFO - Model top_right-original-bottom_right completed in 12.32 seconds.
2025-07-11 10:36:04 - INFO - >>> Model top_right-original-bottom_right trained. Accuracy: 0.9555 (12.32 sec.)
2025-07-11 10:36:04 - INFO - Training model: bottom_left-original-tda
2025-07-11 10:36:25 - INFO - Model bottom_left-original-tda completed in 21.13 seconds.
2025-07-11 10:36:25 - INFO - >>> Model bottom_left-original-tda trained. Accuracy: 0.9498 (21.13 sec.)
2025-07-11 10:36:25 - INFO - Training model: original-tda-top_left
2025-07-11 10:36:46 - INFO - Model original-tda-top_left completed in 21.03 seconds.
2025-07-11 10:36:46 - INFO - >>> Model original-tda-top_left trained. Accuracy: 0.9530 (21.03 sec.)
2025-07-11 10:36:46 - INFO - Training model: original-tda-bottom_right
2025-07-11 10:37:08 - INFO - Model original-tda-bottom_right completed in 21.37 seconds.
2025-07-11 10:37:08 - INFO - >>> Model original-tda-bottom_right trained. Accuracy: 0.9546 (21.37 sec.)
2025-07-11 10:37:08 - INFO - Training model: bottom_left-original-top_left
2025-07-11 10:37:19 - INFO - Model bottom_left-original-top_left completed in 11.67 seconds.
2025-07-11 10:37:19 - INFO - >>> Model bottom_left-original-top_left trained. Accuracy: 0.9532 (11.67 sec.)
2025-07-11 10:37:19 - INFO - Training model: bottom_left-original-bottom_right
2025-07-11 10:37:31 - INFO - Model bottom_left-original-bottom_right completed in 11.69 seconds.
2025-07-11 10:37:31 - INFO - >>> Model bottom_left-original-bottom_right trained. Accuracy: 0.9531 (11.69 sec.)
2025-07-11 10:37:31 - INFO - Training model: original-bottom_right-top_left
2025-07-11 10:37:43 - INFO - Model original-bottom_right-top_left completed in 12.12 seconds.
2025-07-11 10:37:43 - INFO - >>> Model original-bottom_right-top_left trained. Accuracy: 0.9555 (12.12 sec.)
2025-07-11 10:37:43 - INFO - Training model: top_right-bottom_left-original-tda
2025-07-11 10:38:07 - INFO - Model top_right-bottom_left-original-tda completed in 24.04 seconds.
2025-07-11 10:38:07 - INFO - >>> Model top_right-bottom_left-original-tda trained. Accuracy: 0.9564 (24.04 sec.)
2025-07-11 10:38:07 - INFO - Training model: top_right-original-tda-top_left
2025-07-11 10:38:32 - INFO - Model top_right-original-tda-top_left completed in 24.31 seconds.
2025-07-11 10:38:32 - INFO - >>> Model top_right-original-tda-top_left trained. Accuracy: 0.9576 (24.31 sec.)
2025-07-11 10:38:32 - INFO - Training model: top_right-original-tda-bottom_right
2025-07-11 10:38:56 - INFO - Model top_right-original-tda-bottom_right completed in 24.56 seconds.
2025-07-11 10:38:56 - INFO - >>> Model top_right-original-tda-bottom_right trained. Accuracy: 0.9598 (24.56 sec.)
2025-07-11 10:38:56 - INFO - Training model: top_right-bottom_left-original-top_left
2025-07-11 10:39:11 - INFO - Model top_right-bottom_left-original-top_left completed in 14.91 seconds.
2025-07-11 10:39:11 - INFO - >>> Model top_right-bottom_left-original-top_left trained. Accuracy: 0.9592 (14.91 sec.)
2025-07-11 10:39:11 - INFO - Training model: top_right-bottom_left-original-bottom_right
2025-07-11 10:39:26 - INFO - Model top_right-bottom_left-original-bottom_right completed in 15.13 seconds.
2025-07-11 10:39:26 - INFO - >>> Model top_right-bottom_left-original-bottom_right trained. Accuracy: 0.9587 (15.13 sec.)
2025-07-11 10:39:26 - INFO - Training model: top_right-original-bottom_right-top_left
2025-07-11 10:39:41 - INFO - Model top_right-original-bottom_right-top_left completed in 15.10 seconds.
2025-07-11 10:39:41 - INFO - >>> Model top_right-original-bottom_right-top_left trained. Accuracy: 0.9610 (15.10 sec.)
2025-07-11 10:39:41 - INFO - Training model: bottom_left-original-tda-top_left
2025-07-11 10:40:05 - INFO - Model bottom_left-original-tda-top_left completed in 24.07 seconds.
2025-07-11 10:40:05 - INFO - >>> Model bottom_left-original-tda-top_left trained. Accuracy: 0.9553 (24.07 sec.)
2025-07-11 10:40:05 - INFO - Training model: bottom_left-original-tda-bottom_right
2025-07-11 10:40:30 - INFO - Model bottom_left-original-tda-bottom_right completed in 24.31 seconds.
2025-07-11 10:40:30 - INFO - >>> Model bottom_left-original-tda-bottom_right trained. Accuracy: 0.9545 (24.31 sec.)
2025-07-11 10:40:30 - INFO - Training model: original-tda-bottom_right-top_left
2025-07-11 10:40:54 - INFO - Model original-tda-bottom_right-top_left completed in 24.18 seconds.
2025-07-11 10:40:54 - INFO - >>> Model original-tda-bottom_right-top_left trained. Accuracy: 0.9586 (24.18 sec.)
2025-07-11 10:40:54 - INFO - Training model: bottom_left-original-bottom_right-top_left
2025-07-11 10:41:08 - INFO - Model bottom_left-original-bottom_right-top_left completed in 14.39 seconds.
2025-07-11 10:41:08 - INFO - >>> Model bottom_left-original-bottom_right-top_left trained. Accuracy: 0.9593 (14.39 sec.)
2025-07-11 10:41:08 - INFO - Training model: top_right-tda-bottom_left-top_left-original
2025-07-11 10:41:35 - INFO - Model top_right-tda-bottom_left-top_left-original completed in 26.80 seconds.
2025-07-11 10:41:35 - INFO - >>> Model top_right-tda-bottom_left-top_left-original trained. Accuracy: 0.9609 (26.80 sec.)
2025-07-11 10:41:35 - INFO - Training model: top_right-tda-bottom_left-bottom_right-original
2025-07-11 10:42:02 - INFO - Model top_right-tda-bottom_left-bottom_right-original completed in 27.21 seconds.
2025-07-11 10:42:02 - INFO - >>> Model top_right-tda-bottom_left-bottom_right-original trained. Accuracy: 0.9594 (27.21 sec.)
2025-07-11 10:42:02 - INFO - Training model: top_right-tda-top_left-bottom_right-original
2025-07-11 10:42:29 - INFO - Model top_right-tda-top_left-bottom_right-original completed in 27.09 seconds.
2025-07-11 10:42:29 - INFO - >>> Model top_right-tda-top_left-bottom_right-original trained. Accuracy: 0.9638 (27.09 sec.)
2025-07-11 10:42:29 - INFO - Training model: top_right-bottom_left-top_left-bottom_right-original
2025-07-11 10:42:47 - INFO - Model top_right-bottom_left-top_left-bottom_right-original completed in 17.94 seconds.
2025-07-11 10:42:47 - INFO - >>> Model top_right-bottom_left-top_left-bottom_right-original trained. Accuracy: 0.9637 (17.94 sec.)
2025-07-11 10:42:47 - INFO - Training model: tda-bottom_left-top_left-bottom_right-original
2025-07-11 10:43:14 - INFO - Model tda-bottom_left-top_left-bottom_right-original completed in 26.25 seconds.
2025-07-11 10:43:14 - INFO - >>> Model tda-bottom_left-top_left-bottom_right-original trained. Accuracy: 0.9600 (26.25 sec.)
2025-07-11 10:43:14 - INFO - Training model: top_right-tda-bottom_left-top_left-bottom_right-original
2025-07-11 10:43:44 - INFO - Model top_right-tda-bottom_left-top_left-bottom_right-original completed in 30.12 seconds.
2025-07-11 10:43:44 - INFO - >>> Model top_right-tda-bottom_left-top_left-bottom_right-original trained. Accuracy: 0.9660 (30.12 sec.)
2025-07-11 10:43:44 - INFO - All models trained successfully.
2025-07-11 10:43:44 - INFO - ========== [Model Training Completed] in 9.51 minutes ==========
2025-07-11 10:43:44 - INFO - ========== [Experiment Training Complete] ==========
2025-07-11 10:43:44 - INFO - Results saved to /home/jovyan/Workspace/workspace_mnist/results/exp_icecream_noise_saltpepper_10perc_pt2/exp_icecream_noise_saltpepper_10perc_pt2_2025-07-11_10-43-44.json
2025-07-11 10:43:44 - INFO - Results successfully saved to /home/jovyan/Workspace/workspace_mnist/results/exp_icecream_noise_saltpepper_10perc_pt2/exp_icecream_noise_saltpepper_10perc_pt2_2025-07-11_10-43-44.json
2025-07-11 10:43:44 - INFO - Forced Garbage collection executed to Free Memory.
2025-07-11 10:43:44 - INFO - ========== [Experiment Completed] in 20.60 minutes ==========
