2025-07-11 09:42:17 - INFO - Logging initialized.
 Writing to /home/jovyan/Workspace/workspace_mnist/logs/exp_icecream_noise_saltpepper_10perc_pt2/experiment_logs_2025-07-11_09-42-17.log
2025-07-11 09:42:17 - INFO - ========== [Experiment Start] ==========
2025-07-11 09:42:17 - INFO - Views combinations successfully generated.
2025-07-11 09:42:17 - INFO - Topological Data Analysis pipeline generated.
2025-07-11 09:42:17 - INFO - Folder to save results has been created.
2025-07-11 09:42:17 - INFO - Reading dataset from mnist_784.csv (chunk size: 70000).
2025-07-11 09:42:18 - INFO - Starting multiview data preparation for a chunk of size (70000, 784)...
2025-07-11 09:42:18 - INFO - Running using 28 jobs.
2025-07-11 09:42:18 - INFO - Contaminating dataset with salt_pepper, quantity=0.1, transparency=0.
2025-07-11 09:42:21 - INFO - Splitting data: 80.0% train / 30.0% test (random_state=380887082)
2025-07-11 09:42:21 - INFO - Using full training data without second split.
2025-07-11 09:42:21 - INFO - Data split complete. Train size: (49000, 784), Test size: (21000, 784)
2025-07-11 09:42:21 - INFO - Reshaping train and test data into square images...
2025-07-11 09:42:21 - INFO - Reshaping complete. Train images shape: (49000, 28, 28), Test images shape: (21000, 28, 28)
2025-07-11 09:42:21 - INFO - Splitting images into quadrant views...
2025-07-11 09:42:21 - INFO - Quadrant view splitting complete. Train views: 4, Test views: 4
2025-07-11 09:42:21 - INFO - Saving sample images for each view...
2025-07-11 09:42:21 - INFO - Sample views saved successfully.
2025-07-11 09:42:21 - INFO - Starting TDA pipeline transformation on train data...
2025-07-11 09:50:02 - INFO - TDA transformation for train completed (7.68 minutes).
2025-07-11 09:50:02 - INFO - Applying TDA pipeline transformation on test data...
2025-07-11 09:53:14 - INFO - TDA transformation for test completed (3.21 minutes).
2025-07-11 09:53:14 - INFO - ========== [Model Training Start] ==========
2025-07-11 09:53:14 - INFO - Training model: original
2025-07-11 09:53:16 - INFO - Model original completed in 1.09 seconds.
2025-07-11 09:53:16 - INFO - >>> Model original trained. Accuracy: 0.9402 (1.09 sec.)
2025-07-11 09:53:16 - INFO - Training model: top_right-original
2025-07-11 09:53:24 - INFO - Model top_right-original completed in 8.76 seconds.
2025-07-11 09:53:24 - INFO - >>> Model top_right-original trained. Accuracy: 0.9499 (8.76 sec.)
2025-07-11 09:53:24 - INFO - Training model: original-tda
2025-07-11 09:53:43 - INFO - Model original-tda completed in 18.23 seconds.
2025-07-11 09:53:43 - INFO - >>> Model original-tda trained. Accuracy: 0.9478 (18.23 sec.)
2025-07-11 09:53:43 - INFO - Training model: bottom_left-original
2025-07-11 09:53:51 - INFO - Model bottom_left-original completed in 8.54 seconds.
2025-07-11 09:53:51 - INFO - >>> Model bottom_left-original trained. Accuracy: 0.9469 (8.54 sec.)
2025-07-11 09:53:51 - INFO - Training model: original-top_left
2025-07-11 09:54:00 - INFO - Model original-top_left completed in 8.49 seconds.
2025-07-11 09:54:00 - INFO - >>> Model original-top_left trained. Accuracy: 0.9478 (8.49 sec.)
2025-07-11 09:54:00 - INFO - Training model: original-bottom_right
2025-07-11 09:54:09 - INFO - Model original-bottom_right completed in 9.09 seconds.
2025-07-11 09:54:09 - INFO - >>> Model original-bottom_right trained. Accuracy: 0.9486 (9.09 sec.)
2025-07-11 09:54:09 - INFO - Training model: top_right-original-tda
2025-07-11 09:54:30 - INFO - Model top_right-original-tda completed in 21.07 seconds.
2025-07-11 09:54:30 - INFO - >>> Model top_right-original-tda trained. Accuracy: 0.9530 (21.07 sec.)
2025-07-11 09:54:30 - INFO - Training model: top_right-bottom_left-original
2025-07-11 09:54:42 - INFO - Model top_right-bottom_left-original completed in 11.87 seconds.
2025-07-11 09:54:42 - INFO - >>> Model top_right-bottom_left-original trained. Accuracy: 0.9529 (11.87 sec.)
2025-07-11 09:54:42 - INFO - Training model: top_right-original-top_left
2025-07-11 09:54:53 - INFO - Model top_right-original-top_left completed in 11.78 seconds.
2025-07-11 09:54:53 - INFO - >>> Model top_right-original-top_left trained. Accuracy: 0.9532 (11.78 sec.)
2025-07-11 09:54:53 - INFO - Training model: top_right-original-bottom_right
2025-07-11 09:55:05 - INFO - Model top_right-original-bottom_right completed in 11.72 seconds.
2025-07-11 09:55:05 - INFO - >>> Model top_right-original-bottom_right trained. Accuracy: 0.9550 (11.72 sec.)
2025-07-11 09:55:05 - INFO - Training model: bottom_left-original-tda
2025-07-11 09:55:26 - INFO - Model bottom_left-original-tda completed in 20.86 seconds.
2025-07-11 09:55:26 - INFO - >>> Model bottom_left-original-tda trained. Accuracy: 0.9491 (20.86 sec.)
2025-07-11 09:55:26 - INFO - Training model: original-tda-top_left
2025-07-11 09:55:47 - INFO - Model original-tda-top_left completed in 21.06 seconds.
2025-07-11 09:55:47 - INFO - >>> Model original-tda-top_left trained. Accuracy: 0.9516 (21.06 sec.)
2025-07-11 09:55:47 - INFO - Training model: original-tda-bottom_right
2025-07-11 09:56:08 - INFO - Model original-tda-bottom_right completed in 20.95 seconds.
2025-07-11 09:56:08 - INFO - >>> Model original-tda-bottom_right trained. Accuracy: 0.9515 (20.95 sec.)
2025-07-11 09:56:08 - INFO - Training model: bottom_left-original-top_left
2025-07-11 09:56:20 - INFO - Model bottom_left-original-top_left completed in 11.88 seconds.
2025-07-11 09:56:20 - INFO - >>> Model bottom_left-original-top_left trained. Accuracy: 0.9510 (11.88 sec.)
2025-07-11 09:56:20 - INFO - Training model: bottom_left-original-bottom_right
2025-07-11 09:56:32 - INFO - Model bottom_left-original-bottom_right completed in 11.80 seconds.
2025-07-11 09:56:32 - INFO - >>> Model bottom_left-original-bottom_right trained. Accuracy: 0.9507 (11.80 sec.)
2025-07-11 09:56:32 - INFO - Training model: original-bottom_right-top_left
2025-07-11 09:56:44 - INFO - Model original-bottom_right-top_left completed in 11.88 seconds.
2025-07-11 09:56:44 - INFO - >>> Model original-bottom_right-top_left trained. Accuracy: 0.9532 (11.88 sec.)
2025-07-11 09:56:44 - INFO - Training model: top_right-bottom_left-original-tda
2025-07-11 09:57:08 - INFO - Model top_right-bottom_left-original-tda completed in 24.03 seconds.
2025-07-11 09:57:08 - INFO - >>> Model top_right-bottom_left-original-tda trained. Accuracy: 0.9550 (24.03 sec.)
2025-07-11 09:57:08 - INFO - Training model: top_right-original-tda-top_left
2025-07-11 09:57:32 - INFO - Model top_right-original-tda-top_left completed in 24.11 seconds.
2025-07-11 09:57:32 - INFO - >>> Model top_right-original-tda-top_left trained. Accuracy: 0.9570 (24.11 sec.)
2025-07-11 09:57:32 - INFO - Training model: top_right-original-tda-bottom_right
2025-07-11 09:57:56 - INFO - Model top_right-original-tda-bottom_right completed in 24.34 seconds.
2025-07-11 09:57:56 - INFO - >>> Model top_right-original-tda-bottom_right trained. Accuracy: 0.9567 (24.34 sec.)
2025-07-11 09:57:56 - INFO - Training model: top_right-bottom_left-original-top_left
2025-07-11 09:58:11 - INFO - Model top_right-bottom_left-original-top_left completed in 14.62 seconds.
2025-07-11 09:58:11 - INFO - >>> Model top_right-bottom_left-original-top_left trained. Accuracy: 0.9574 (14.62 sec.)
2025-07-11 09:58:11 - INFO - Training model: top_right-bottom_left-original-bottom_right
2025-07-11 09:58:26 - INFO - Model top_right-bottom_left-original-bottom_right completed in 15.28 seconds.
2025-07-11 09:58:26 - INFO - >>> Model top_right-bottom_left-original-bottom_right trained. Accuracy: 0.9571 (15.28 sec.)
2025-07-11 09:58:26 - INFO - Training model: top_right-original-bottom_right-top_left
2025-07-11 09:58:41 - INFO - Model top_right-original-bottom_right-top_left completed in 14.84 seconds.
2025-07-11 09:58:41 - INFO - >>> Model top_right-original-bottom_right-top_left trained. Accuracy: 0.9596 (14.84 sec.)
2025-07-11 09:58:41 - INFO - Training model: bottom_left-original-tda-top_left
2025-07-11 09:59:05 - INFO - Model bottom_left-original-tda-top_left completed in 24.02 seconds.
2025-07-11 09:59:05 - INFO - >>> Model bottom_left-original-tda-top_left trained. Accuracy: 0.9537 (24.02 sec.)
2025-07-11 09:59:05 - INFO - Training model: bottom_left-original-tda-bottom_right
2025-07-11 09:59:29 - INFO - Model bottom_left-original-tda-bottom_right completed in 24.36 seconds.
2025-07-11 09:59:29 - INFO - >>> Model bottom_left-original-tda-bottom_right trained. Accuracy: 0.9536 (24.36 sec.)
2025-07-11 09:59:29 - INFO - Training model: original-tda-bottom_right-top_left
2025-07-11 09:59:53 - INFO - Model original-tda-bottom_right-top_left completed in 24.21 seconds.
2025-07-11 09:59:53 - INFO - >>> Model original-tda-bottom_right-top_left trained. Accuracy: 0.9565 (24.21 sec.)
2025-07-11 09:59:53 - INFO - Training model: bottom_left-original-bottom_right-top_left
2025-07-11 10:00:08 - INFO - Model bottom_left-original-bottom_right-top_left completed in 15.09 seconds.
2025-07-11 10:00:08 - INFO - >>> Model bottom_left-original-bottom_right-top_left trained. Accuracy: 0.9555 (15.09 sec.)
2025-07-11 10:00:08 - INFO - Training model: top_right-tda-bottom_left-top_left-original
2025-07-11 10:00:35 - INFO - Model top_right-tda-bottom_left-top_left-original completed in 26.41 seconds.
2025-07-11 10:00:35 - INFO - >>> Model top_right-tda-bottom_left-top_left-original trained. Accuracy: 0.9598 (26.41 sec.)
2025-07-11 10:00:35 - INFO - Training model: top_right-tda-bottom_left-bottom_right-original
2025-07-11 10:01:01 - INFO - Model top_right-tda-bottom_left-bottom_right-original completed in 26.60 seconds.
2025-07-11 10:01:01 - INFO - >>> Model top_right-tda-bottom_left-bottom_right-original trained. Accuracy: 0.9590 (26.60 sec.)
2025-07-11 10:01:01 - INFO - Training model: top_right-tda-top_left-bottom_right-original
2025-07-11 10:01:28 - INFO - Model top_right-tda-top_left-bottom_right-original completed in 26.03 seconds.
2025-07-11 10:01:28 - INFO - >>> Model top_right-tda-top_left-bottom_right-original trained. Accuracy: 0.9610 (26.03 sec.)
2025-07-11 10:01:28 - INFO - Training model: top_right-bottom_left-top_left-bottom_right-original
2025-07-11 10:01:45 - INFO - Model top_right-bottom_left-top_left-bottom_right-original completed in 17.52 seconds.
2025-07-11 10:01:45 - INFO - >>> Model top_right-bottom_left-top_left-bottom_right-original trained. Accuracy: 0.9621 (17.52 sec.)
2025-07-11 10:01:45 - INFO - Training model: tda-bottom_left-top_left-bottom_right-original
2025-07-11 10:02:12 - INFO - Model tda-bottom_left-top_left-bottom_right-original completed in 27.11 seconds.
2025-07-11 10:02:12 - INFO - >>> Model tda-bottom_left-top_left-bottom_right-original trained. Accuracy: 0.9585 (27.11 sec.)
2025-07-11 10:02:12 - INFO - Training model: top_right-tda-bottom_left-top_left-bottom_right-original
2025-07-11 10:02:42 - INFO - Model top_right-tda-bottom_left-top_left-bottom_right-original completed in 30.30 seconds.
2025-07-11 10:02:42 - INFO - >>> Model top_right-tda-bottom_left-top_left-bottom_right-original trained. Accuracy: 0.9637 (30.30 sec.)
2025-07-11 10:02:42 - INFO - All models trained successfully.
2025-07-11 10:02:42 - INFO - ========== [Model Training Completed] in 9.47 minutes ==========
2025-07-11 10:02:42 - INFO - ========== [Experiment Training Complete] ==========
2025-07-11 10:02:43 - INFO - Results saved to /home/jovyan/Workspace/workspace_mnist/results/exp_icecream_noise_saltpepper_10perc_pt2/exp_icecream_noise_saltpepper_10perc_pt2_2025-07-11_10-02-42.json
2025-07-11 10:02:43 - INFO - Results successfully saved to /home/jovyan/Workspace/workspace_mnist/results/exp_icecream_noise_saltpepper_10perc_pt2/exp_icecream_noise_saltpepper_10perc_pt2_2025-07-11_10-02-42.json
2025-07-11 10:02:43 - INFO - Forced Garbage collection executed to Free Memory.
2025-07-11 10:02:43 - INFO - ========== [Experiment Completed] in 20.43 minutes ==========
