2025-03-26 07:08:34 - INFO - Logging initialized.
 Writing to /home/jovyan/Workspace/workspace_mnist/logs/exp_noise_icecream_lines_q3/experiment_logs_2025-03-26_07-08-34.log
2025-03-26 07:08:34 - INFO - ========== [Experiment Start] ==========
2025-03-26 07:08:34 - INFO - Views combinations succesfully generated.
2025-03-26 07:08:34 - INFO - Topological Data Analysis pipeline generated.
2025-03-26 07:08:34 - INFO - Generating folder to save results.
2025-03-26 07:08:34 - INFO - Reading dataset in chunks from mnist_784.csv (chunk size: 70000)
2025-03-26 07:08:35 - INFO - Starting multiview data preparation for a chunk of size (70000, 784)...
2025-03-26 07:08:35 - INFO - Running using 22 jobs.
2025-03-26 07:08:35 - INFO - Contaminating dataset with lines using 3.
2025-03-26 07:08:39 - INFO - Splitting data: 64.4% train / 20.0% test (random_state=248065843)
2025-03-26 07:08:39 - INFO - Data split complete. Train size: (36088, 784), Test size: (14000, 784)
2025-03-26 07:08:39 - INFO - Reshaping train and test data into square images...
2025-03-26 07:08:39 - INFO - Reshaping complete. Train images: (36088, 28, 28), Test images: (14000, 28, 28)
2025-03-26 07:08:39 - INFO - Splitting images into quadrant views...
2025-03-26 07:08:39 - INFO - Quadrant view splitting complete. Train views: 4, Test views: 4
2025-03-26 07:08:39 - INFO - >> Starting TDA pipeline transformation on train data...
2025-03-26 07:13:48 - INFO - >> TDA transformation for train data completed (5.14 minutes).
2025-03-26 07:13:48 - INFO - >> Applying TDA pipeline transformation on test data...
2025-03-26 07:15:52 - INFO - >> TDA transformation for test data completed (2.07 minutes).
2025-03-26 07:15:52 - INFO - ========== [Model Training Start] ==========
2025-03-26 07:15:52 - INFO - Training model: original
2025-03-26 07:15:53 - INFO - Model original completed in 0.91 seconds.
2025-03-26 07:15:53 - INFO - >>> Model original trained. Accuracy: 0.9531 (0.91 sec.)
2025-03-26 07:15:53 - INFO - Training model: original-top_right
2025-03-26 07:16:01 - INFO - Model original-top_right completed in 7.70 seconds.
2025-03-26 07:16:01 - INFO - >>> Model original-top_right trained. Accuracy: 0.9574 (7.70 sec.)
2025-03-26 07:16:01 - INFO - Training model: original-tda
2025-03-26 07:16:14 - INFO - Model original-tda completed in 12.90 seconds.
2025-03-26 07:16:14 - INFO - >>> Model original-tda trained. Accuracy: 0.9588 (12.90 sec.)
2025-03-26 07:16:14 - INFO - Training model: original-top_left
2025-03-26 07:16:21 - INFO - Model original-top_left completed in 7.51 seconds.
2025-03-26 07:16:21 - INFO - >>> Model original-top_left trained. Accuracy: 0.9589 (7.51 sec.)
2025-03-26 07:16:21 - INFO - Training model: original-bottom_left
2025-03-26 07:16:29 - INFO - Model original-bottom_left completed in 7.52 seconds.
2025-03-26 07:16:29 - INFO - >>> Model original-bottom_left trained. Accuracy: 0.9581 (7.52 sec.)
2025-03-26 07:16:29 - INFO - Training model: bottom_right-original
2025-03-26 07:16:36 - INFO - Model bottom_right-original completed in 7.57 seconds.
2025-03-26 07:16:36 - INFO - >>> Model bottom_right-original trained. Accuracy: 0.9594 (7.57 sec.)
2025-03-26 07:16:36 - INFO - Training model: tda-original-top_right
2025-03-26 07:16:52 - INFO - Model tda-original-top_right completed in 16.06 seconds.
2025-03-26 07:16:52 - INFO - >>> Model tda-original-top_right trained. Accuracy: 0.9626 (16.06 sec.)
2025-03-26 07:16:52 - INFO - Training model: original-top_right-top_left
2025-03-26 07:17:02 - INFO - Model original-top_right-top_left completed in 10.19 seconds.
2025-03-26 07:17:02 - INFO - >>> Model original-top_right-top_left trained. Accuracy: 0.9609 (10.19 sec.)
2025-03-26 07:17:02 - INFO - Training model: original-top_right-bottom_left
2025-03-26 07:17:13 - INFO - Model original-top_right-bottom_left completed in 10.11 seconds.
2025-03-26 07:17:13 - INFO - >>> Model original-top_right-bottom_left trained. Accuracy: 0.9604 (10.11 sec.)
2025-03-26 07:17:13 - INFO - Training model: bottom_right-original-top_right
2025-03-26 07:17:23 - INFO - Model bottom_right-original-top_right completed in 10.40 seconds.
2025-03-26 07:17:23 - INFO - >>> Model bottom_right-original-top_right trained. Accuracy: 0.9623 (10.40 sec.)
2025-03-26 07:17:23 - INFO - Training model: original-tda-top_left
2025-03-26 07:17:39 - INFO - Model original-tda-top_left completed in 15.63 seconds.
2025-03-26 07:17:39 - INFO - >>> Model original-tda-top_left trained. Accuracy: 0.9606 (15.63 sec.)
2025-03-26 07:17:39 - INFO - Training model: original-tda-bottom_left
2025-03-26 07:17:55 - INFO - Model original-tda-bottom_left completed in 15.97 seconds.
2025-03-26 07:17:55 - INFO - >>> Model original-tda-bottom_left trained. Accuracy: 0.9596 (15.97 sec.)
2025-03-26 07:17:55 - INFO - Training model: bottom_right-original-tda
2025-03-26 07:18:11 - INFO - Model bottom_right-original-tda completed in 16.07 seconds.
2025-03-26 07:18:11 - INFO - >>> Model bottom_right-original-tda trained. Accuracy: 0.9616 (16.07 sec.)
2025-03-26 07:18:11 - INFO - Training model: original-top_left-bottom_left
2025-03-26 07:18:21 - INFO - Model original-top_left-bottom_left completed in 10.33 seconds.
2025-03-26 07:18:21 - INFO - >>> Model original-top_left-bottom_left trained. Accuracy: 0.9604 (10.33 sec.)
2025-03-26 07:18:21 - INFO - Training model: bottom_right-original-top_left
2025-03-26 07:18:31 - INFO - Model bottom_right-original-top_left completed in 10.25 seconds.
2025-03-26 07:18:31 - INFO - >>> Model bottom_right-original-top_left trained. Accuracy: 0.9608 (10.25 sec.)
2025-03-26 07:18:31 - INFO - Training model: bottom_right-original-bottom_left
2025-03-26 07:18:42 - INFO - Model bottom_right-original-bottom_left completed in 10.62 seconds.
2025-03-26 07:18:42 - INFO - >>> Model bottom_right-original-bottom_left trained. Accuracy: 0.9610 (10.62 sec.)
2025-03-26 07:18:42 - INFO - Training model: tda-original-top_right-top_left
2025-03-26 07:19:00 - INFO - Model tda-original-top_right-top_left completed in 18.64 seconds.
2025-03-26 07:19:00 - INFO - >>> Model tda-original-top_right-top_left trained. Accuracy: 0.9639 (18.64 sec.)
2025-03-26 07:19:00 - INFO - Training model: tda-original-top_right-bottom_left
2025-03-26 07:19:19 - INFO - Model tda-original-top_right-bottom_left completed in 18.54 seconds.
2025-03-26 07:19:19 - INFO - >>> Model tda-original-top_right-bottom_left trained. Accuracy: 0.9638 (18.54 sec.)
2025-03-26 07:19:19 - INFO - Training model: tda-bottom_right-original-top_right
2025-03-26 07:19:38 - INFO - Model tda-bottom_right-original-top_right completed in 18.76 seconds.
2025-03-26 07:19:38 - INFO - >>> Model tda-bottom_right-original-top_right trained. Accuracy: 0.9662 (18.76 sec.)
2025-03-26 07:19:38 - INFO - Training model: original-top_right-top_left-bottom_left
2025-03-26 07:19:51 - INFO - Model original-top_right-top_left-bottom_left completed in 13.05 seconds.
2025-03-26 07:19:51 - INFO - >>> Model original-top_right-top_left-bottom_left trained. Accuracy: 0.9656 (13.05 sec.)
2025-03-26 07:19:51 - INFO - Training model: bottom_right-original-top_right-top_left
2025-03-26 07:20:04 - INFO - Model bottom_right-original-top_right-top_left completed in 13.41 seconds.
2025-03-26 07:20:04 - INFO - >>> Model bottom_right-original-top_right-top_left trained. Accuracy: 0.9653 (13.41 sec.)
2025-03-26 07:20:04 - INFO - Training model: bottom_right-original-top_right-bottom_left
2025-03-26 07:20:18 - INFO - Model bottom_right-original-top_right-bottom_left completed in 13.42 seconds.
2025-03-26 07:20:18 - INFO - >>> Model bottom_right-original-top_right-bottom_left trained. Accuracy: 0.9648 (13.42 sec.)
2025-03-26 07:20:18 - INFO - Training model: original-tda-top_left-bottom_left
2025-03-26 07:20:36 - INFO - Model original-tda-top_left-bottom_left completed in 18.46 seconds.
2025-03-26 07:20:36 - INFO - >>> Model original-tda-top_left-bottom_left trained. Accuracy: 0.9635 (18.46 sec.)
2025-03-26 07:20:36 - INFO - Training model: bottom_right-original-tda-top_left
2025-03-26 07:20:55 - INFO - Model bottom_right-original-tda-top_left completed in 18.57 seconds.
2025-03-26 07:20:55 - INFO - >>> Model bottom_right-original-tda-top_left trained. Accuracy: 0.9641 (18.57 sec.)
2025-03-26 07:20:55 - INFO - Training model: bottom_right-original-tda-bottom_left
2025-03-26 07:21:14 - INFO - Model bottom_right-original-tda-bottom_left completed in 18.80 seconds.
2025-03-26 07:21:14 - INFO - >>> Model bottom_right-original-tda-bottom_left trained. Accuracy: 0.9638 (18.80 sec.)
2025-03-26 07:21:14 - INFO - Training model: bottom_right-original-top_left-bottom_left
2025-03-26 07:21:27 - INFO - Model bottom_right-original-top_left-bottom_left completed in 13.49 seconds.
2025-03-26 07:21:27 - INFO - >>> Model bottom_right-original-top_left-bottom_left trained. Accuracy: 0.9638 (13.49 sec.)
2025-03-26 07:21:27 - INFO - Training model: top_right-tda-top_left-bottom_left-original
2025-03-26 07:21:49 - INFO - Model top_right-tda-top_left-bottom_left-original completed in 21.46 seconds.
2025-03-26 07:21:49 - INFO - >>> Model top_right-tda-top_left-bottom_left-original trained. Accuracy: 0.9681 (21.46 sec.)
2025-03-26 07:21:49 - INFO - Training model: top_right-tda-top_left-original-bottom_right
2025-03-26 07:22:10 - INFO - Model top_right-tda-top_left-original-bottom_right completed in 21.70 seconds.
2025-03-26 07:22:10 - INFO - >>> Model top_right-tda-top_left-original-bottom_right trained. Accuracy: 0.9689 (21.70 sec.)
2025-03-26 07:22:10 - INFO - Training model: top_right-tda-bottom_left-original-bottom_right
2025-03-26 07:22:32 - INFO - Model top_right-tda-bottom_left-original-bottom_right completed in 21.87 seconds.
2025-03-26 07:22:32 - INFO - >>> Model top_right-tda-bottom_left-original-bottom_right trained. Accuracy: 0.9675 (21.87 sec.)
2025-03-26 07:22:32 - INFO - Training model: top_right-top_left-bottom_left-original-bottom_right
2025-03-26 07:22:48 - INFO - Model top_right-top_left-bottom_left-original-bottom_right completed in 15.83 seconds.
2025-03-26 07:22:48 - INFO - >>> Model top_right-top_left-bottom_left-original-bottom_right trained. Accuracy: 0.9681 (15.83 sec.)
2025-03-26 07:22:48 - INFO - Training model: tda-top_left-bottom_left-original-bottom_right
2025-03-26 07:23:10 - INFO - Model tda-top_left-bottom_left-original-bottom_right completed in 21.59 seconds.
2025-03-26 07:23:10 - INFO - >>> Model tda-top_left-bottom_left-original-bottom_right trained. Accuracy: 0.9663 (21.59 sec.)
2025-03-26 07:23:10 - INFO - Training model: top_right-tda-top_left-bottom_left-original-bottom_right
2025-03-26 07:23:34 - INFO - Model top_right-tda-top_left-bottom_left-original-bottom_right completed in 24.39 seconds.
2025-03-26 07:23:34 - INFO - >>> Model top_right-tda-top_left-bottom_left-original-bottom_right trained. Accuracy: 0.9696 (24.39 sec.)
2025-03-26 07:23:34 - INFO - All models trained successfully.
2025-03-26 07:23:34 - INFO - ========== [Model Training Completed] in 7.70 minutes ==========
2025-03-26 07:23:34 - INFO - ========== [Experiment Training Complete] ==========
2025-03-26 07:23:34 - INFO - Results saved to /home/jovyan/Workspace/workspace_mnist/results/exp_noise_icecream_lines_q3/experiment_trainsize_predictions_2025-03-26_07-23-34.json
2025-03-26 07:23:34 - INFO - Results successfully saved to /home/jovyan/Workspace/workspace_mnist/results/exp_noise_icecream_lines_q3/experiment_trainsize_predictions_2025-03-26_07-23-34.json
2025-03-26 07:23:34 - INFO - Garbage collection executed.
2025-03-26 07:23:34 - INFO - ========== [Experiment Completed] in 15.00 minutes ==========
