2025-03-25 12:07:37 - INFO - Logging initialized.
 Writing to /home/jovyan/Workspace/workspace_mnist/logs/exp_noise_icecream_lines_q3/experiment_logs_2025-03-25_12-07-37.log
2025-03-25 12:07:37 - INFO - ========== [Experiment Start] ==========
2025-03-25 12:07:37 - INFO - Views combinations succesfully generated.
2025-03-25 12:07:37 - INFO - Topological Data Analysis pipeline generated.
2025-03-25 12:07:37 - INFO - Generating folder to save results.
2025-03-25 12:07:37 - INFO - Reading dataset in chunks from mnist_784.csv (chunk size: 70000)
2025-03-25 12:07:38 - INFO - Starting multiview data preparation for a chunk of size (70000, 784)...
2025-03-25 12:07:38 - INFO - Running using 22 jobs.
2025-03-25 12:07:38 - INFO - Contaminating dataset with lines using 3.
2025-03-25 12:07:42 - INFO - Splitting data: 17.8% train / 20.0% test (random_state=508701318)
2025-03-25 12:07:42 - INFO - Data split complete. Train size: (9955, 784), Test size: (14000, 784)
2025-03-25 12:07:42 - INFO - Reshaping train and test data into square images...
2025-03-25 12:07:42 - INFO - Reshaping complete. Train images: (9955, 28, 28), Test images: (14000, 28, 28)
2025-03-25 12:07:42 - INFO - Splitting images into quadrant views...
2025-03-25 12:07:42 - INFO - Quadrant view splitting complete. Train views: 4, Test views: 4
2025-03-25 12:07:42 - INFO - >> Starting TDA pipeline transformation on train data...
2025-03-25 12:09:10 - INFO - >> TDA transformation for train data completed (1.46 minutes).
2025-03-25 12:09:10 - INFO - >> Applying TDA pipeline transformation on test data...
2025-03-25 12:11:10 - INFO - >> TDA transformation for test data completed (2.00 minutes).
2025-03-25 12:11:10 - INFO - ========== [Model Training Start] ==========
2025-03-25 12:11:10 - INFO - Training model: original
2025-03-25 12:11:10 - INFO - Model original completed in 0.27 seconds.
2025-03-25 12:11:10 - INFO - >>> Model original trained. Accuracy: 0.9311 (0.27 sec.)
2025-03-25 12:11:10 - INFO - Training model: original-top_right
2025-03-25 12:11:15 - INFO - Model original-top_right completed in 4.12 seconds.
2025-03-25 12:11:15 - INFO - >>> Model original-top_right trained. Accuracy: 0.9387 (4.12 sec.)
2025-03-25 12:11:15 - INFO - Training model: original-tda
2025-03-25 12:11:19 - INFO - Model original-tda completed in 4.81 seconds.
2025-03-25 12:11:19 - INFO - >>> Model original-tda trained. Accuracy: 0.9374 (4.81 sec.)
2025-03-25 12:11:19 - INFO - Training model: original-top_left
2025-03-25 12:11:23 - INFO - Model original-top_left completed in 3.89 seconds.
2025-03-25 12:11:23 - INFO - >>> Model original-top_left trained. Accuracy: 0.9354 (3.89 sec.)
2025-03-25 12:11:23 - INFO - Training model: original-bottom_left
2025-03-25 12:11:27 - INFO - Model original-bottom_left completed in 4.08 seconds.
2025-03-25 12:11:27 - INFO - >>> Model original-bottom_left trained. Accuracy: 0.9355 (4.08 sec.)
2025-03-25 12:11:27 - INFO - Training model: bottom_right-original
2025-03-25 12:11:31 - INFO - Model bottom_right-original completed in 4.02 seconds.
2025-03-25 12:11:31 - INFO - >>> Model bottom_right-original trained. Accuracy: 0.9369 (4.02 sec.)
2025-03-25 12:11:31 - INFO - Training model: tda-original-top_right
2025-03-25 12:11:38 - INFO - Model tda-original-top_right completed in 6.72 seconds.
2025-03-25 12:11:38 - INFO - >>> Model tda-original-top_right trained. Accuracy: 0.9446 (6.72 sec.)
2025-03-25 12:11:38 - INFO - Training model: original-top_right-top_left
2025-03-25 12:11:44 - INFO - Model original-top_right-top_left completed in 5.82 seconds.
2025-03-25 12:11:44 - INFO - >>> Model original-top_right-top_left trained. Accuracy: 0.9423 (5.82 sec.)
2025-03-25 12:11:44 - INFO - Training model: original-top_right-bottom_left
2025-03-25 12:11:50 - INFO - Model original-top_right-bottom_left completed in 5.79 seconds.
2025-03-25 12:11:50 - INFO - >>> Model original-top_right-bottom_left trained. Accuracy: 0.9407 (5.79 sec.)
2025-03-25 12:11:50 - INFO - Training model: bottom_right-original-top_right
2025-03-25 12:11:55 - INFO - Model bottom_right-original-top_right completed in 5.74 seconds.
2025-03-25 12:11:55 - INFO - >>> Model bottom_right-original-top_right trained. Accuracy: 0.9437 (5.74 sec.)
2025-03-25 12:11:55 - INFO - Training model: original-tda-top_left
2025-03-25 12:12:02 - INFO - Model original-tda-top_left completed in 6.58 seconds.
2025-03-25 12:12:02 - INFO - >>> Model original-tda-top_left trained. Accuracy: 0.9425 (6.58 sec.)
2025-03-25 12:12:02 - INFO - Training model: original-tda-bottom_left
2025-03-25 12:12:09 - INFO - Model original-tda-bottom_left completed in 6.66 seconds.
2025-03-25 12:12:09 - INFO - >>> Model original-tda-bottom_left trained. Accuracy: 0.9383 (6.66 sec.)
2025-03-25 12:12:09 - INFO - Training model: bottom_right-original-tda
2025-03-25 12:12:15 - INFO - Model bottom_right-original-tda completed in 6.43 seconds.
2025-03-25 12:12:15 - INFO - >>> Model bottom_right-original-tda trained. Accuracy: 0.9409 (6.43 sec.)
2025-03-25 12:12:15 - INFO - Training model: original-top_left-bottom_left
2025-03-25 12:12:21 - INFO - Model original-top_left-bottom_left completed in 5.86 seconds.
2025-03-25 12:12:21 - INFO - >>> Model original-top_left-bottom_left trained. Accuracy: 0.9381 (5.86 sec.)
2025-03-25 12:12:21 - INFO - Training model: bottom_right-original-top_left
2025-03-25 12:12:27 - INFO - Model bottom_right-original-top_left completed in 5.70 seconds.
2025-03-25 12:12:27 - INFO - >>> Model bottom_right-original-top_left trained. Accuracy: 0.9391 (5.70 sec.)
2025-03-25 12:12:27 - INFO - Training model: bottom_right-original-bottom_left
2025-03-25 12:12:32 - INFO - Model bottom_right-original-bottom_left completed in 5.55 seconds.
2025-03-25 12:12:32 - INFO - >>> Model bottom_right-original-bottom_left trained. Accuracy: 0.9393 (5.55 sec.)
2025-03-25 12:12:32 - INFO - Training model: tda-original-top_right-top_left
2025-03-25 12:12:41 - INFO - Model tda-original-top_right-top_left completed in 8.67 seconds.
2025-03-25 12:12:41 - INFO - >>> Model tda-original-top_right-top_left trained. Accuracy: 0.9490 (8.67 sec.)
2025-03-25 12:12:41 - INFO - Training model: tda-original-top_right-bottom_left
2025-03-25 12:12:49 - INFO - Model tda-original-top_right-bottom_left completed in 8.45 seconds.
2025-03-25 12:12:49 - INFO - >>> Model tda-original-top_right-bottom_left trained. Accuracy: 0.9459 (8.45 sec.)
2025-03-25 12:12:49 - INFO - Training model: tda-bottom_right-original-top_right
2025-03-25 12:12:58 - INFO - Model tda-bottom_right-original-top_right completed in 8.45 seconds.
2025-03-25 12:12:58 - INFO - >>> Model tda-bottom_right-original-top_right trained. Accuracy: 0.9489 (8.45 sec.)
2025-03-25 12:12:58 - INFO - Training model: original-top_right-top_left-bottom_left
2025-03-25 12:13:06 - INFO - Model original-top_right-top_left-bottom_left completed in 8.05 seconds.
2025-03-25 12:13:06 - INFO - >>> Model original-top_right-top_left-bottom_left trained. Accuracy: 0.9460 (8.05 sec.)
2025-03-25 12:13:06 - INFO - Training model: bottom_right-original-top_right-top_left
2025-03-25 12:13:13 - INFO - Model bottom_right-original-top_right-top_left completed in 7.57 seconds.
2025-03-25 12:13:13 - INFO - >>> Model bottom_right-original-top_right-top_left trained. Accuracy: 0.9479 (7.57 sec.)
2025-03-25 12:13:13 - INFO - Training model: bottom_right-original-top_right-bottom_left
2025-03-25 12:13:21 - INFO - Model bottom_right-original-top_right-bottom_left completed in 7.54 seconds.
2025-03-25 12:13:21 - INFO - >>> Model bottom_right-original-top_right-bottom_left trained. Accuracy: 0.9457 (7.54 sec.)
2025-03-25 12:13:21 - INFO - Training model: original-tda-top_left-bottom_left
2025-03-25 12:13:30 - INFO - Model original-tda-top_left-bottom_left completed in 8.64 seconds.
2025-03-25 12:13:30 - INFO - >>> Model original-tda-top_left-bottom_left trained. Accuracy: 0.9446 (8.64 sec.)
2025-03-25 12:13:30 - INFO - Training model: bottom_right-original-tda-top_left
2025-03-25 12:13:38 - INFO - Model bottom_right-original-tda-top_left completed in 8.59 seconds.
2025-03-25 12:13:38 - INFO - >>> Model bottom_right-original-tda-top_left trained. Accuracy: 0.9454 (8.59 sec.)
2025-03-25 12:13:38 - INFO - Training model: bottom_right-original-tda-bottom_left
2025-03-25 12:13:47 - INFO - Model bottom_right-original-tda-bottom_left completed in 8.99 seconds.
2025-03-25 12:13:47 - INFO - >>> Model bottom_right-original-tda-bottom_left trained. Accuracy: 0.9425 (8.99 sec.)
2025-03-25 12:13:47 - INFO - Training model: bottom_right-original-top_left-bottom_left
2025-03-25 12:13:55 - INFO - Model bottom_right-original-top_left-bottom_left completed in 7.68 seconds.
2025-03-25 12:13:55 - INFO - >>> Model bottom_right-original-top_left-bottom_left trained. Accuracy: 0.9429 (7.68 sec.)
2025-03-25 12:13:55 - INFO - Training model: top_right-tda-top_left-bottom_left-original
2025-03-25 12:14:06 - INFO - Model top_right-tda-top_left-bottom_left-original completed in 10.66 seconds.
2025-03-25 12:14:06 - INFO - >>> Model top_right-tda-top_left-bottom_left-original trained. Accuracy: 0.9504 (10.66 sec.)
2025-03-25 12:14:06 - INFO - Training model: top_right-tda-top_left-original-bottom_right
2025-03-25 12:14:16 - INFO - Model top_right-tda-top_left-original-bottom_right completed in 10.47 seconds.
2025-03-25 12:14:16 - INFO - >>> Model top_right-tda-top_left-original-bottom_right trained. Accuracy: 0.9534 (10.47 sec.)
2025-03-25 12:14:16 - INFO - Training model: top_right-tda-bottom_left-original-bottom_right
2025-03-25 12:14:26 - INFO - Model top_right-tda-bottom_left-original-bottom_right completed in 10.37 seconds.
2025-03-25 12:14:26 - INFO - >>> Model top_right-tda-bottom_left-original-bottom_right trained. Accuracy: 0.9496 (10.37 sec.)
2025-03-25 12:14:26 - INFO - Training model: top_right-top_left-bottom_left-original-bottom_right
2025-03-25 12:14:36 - INFO - Model top_right-top_left-bottom_left-original-bottom_right completed in 9.51 seconds.
2025-03-25 12:14:36 - INFO - >>> Model top_right-top_left-bottom_left-original-bottom_right trained. Accuracy: 0.9499 (9.51 sec.)
2025-03-25 12:14:36 - INFO - Training model: tda-top_left-bottom_left-original-bottom_right
2025-03-25 12:14:47 - INFO - Model tda-top_left-bottom_left-original-bottom_right completed in 10.70 seconds.
2025-03-25 12:14:47 - INFO - >>> Model tda-top_left-bottom_left-original-bottom_right trained. Accuracy: 0.9465 (10.70 sec.)
2025-03-25 12:14:47 - INFO - Training model: top_right-tda-top_left-bottom_left-original-bottom_right
2025-03-25 12:14:59 - INFO - Model top_right-tda-top_left-bottom_left-original-bottom_right completed in 12.37 seconds.
2025-03-25 12:14:59 - INFO - >>> Model top_right-tda-top_left-bottom_left-original-bottom_right trained. Accuracy: 0.9539 (12.37 sec.)
2025-03-25 12:14:59 - INFO - All models trained successfully.
2025-03-25 12:14:59 - INFO - ========== [Model Training Completed] in 3.82 minutes ==========
2025-03-25 12:14:59 - INFO - ========== [Experiment Training Complete] ==========
2025-03-25 12:14:59 - INFO - Results saved to /home/jovyan/Workspace/workspace_mnist/results/exp_noise_icecream_lines_q3/experiment_trainsize_predictions_2025-03-25_12-14-59.json
2025-03-25 12:14:59 - INFO - Results successfully saved to /home/jovyan/Workspace/workspace_mnist/results/exp_noise_icecream_lines_q3/experiment_trainsize_predictions_2025-03-25_12-14-59.json
2025-03-25 12:14:59 - INFO - Garbage collection executed.
2025-03-25 12:14:59 - INFO - ========== [Experiment Completed] in 7.36 minutes ==========
