2025-03-26 09:38:25 - INFO - Logging initialized.
 Writing to /home/jovyan/Workspace/workspace_mnist/logs/exp_noise_icecream_lines_q3/experiment_logs_2025-03-26_09-38-25.log
2025-03-26 09:38:25 - INFO - ========== [Experiment Start] ==========
2025-03-26 09:38:25 - INFO - Views combinations succesfully generated.
2025-03-26 09:38:25 - INFO - Topological Data Analysis pipeline generated.
2025-03-26 09:38:25 - INFO - Generating folder to save results.
2025-03-26 09:38:25 - INFO - Reading dataset in chunks from mnist_784.csv (chunk size: 70000)
2025-03-26 09:38:26 - INFO - Starting multiview data preparation for a chunk of size (70000, 784)...
2025-03-26 09:38:26 - INFO - Running using 22 jobs.
2025-03-26 09:38:26 - INFO - Contaminating dataset with lines using 3.
2025-03-26 09:38:30 - INFO - Splitting data: 80.0% train / 20.0% test (random_state=101577605)
2025-03-26 09:38:30 - INFO - Data split complete. Train size: (44800, 784), Test size: (14000, 784)
2025-03-26 09:38:30 - INFO - Reshaping train and test data into square images...
2025-03-26 09:38:30 - INFO - Reshaping complete. Train images: (44800, 28, 28), Test images: (14000, 28, 28)
2025-03-26 09:38:30 - INFO - Splitting images into quadrant views...
2025-03-26 09:38:30 - INFO - Quadrant view splitting complete. Train views: 4, Test views: 4
2025-03-26 09:38:30 - INFO - >> Starting TDA pipeline transformation on train data...
2025-03-26 09:45:04 - INFO - >> TDA transformation for train data completed (6.57 minutes).
2025-03-26 09:45:04 - INFO - >> Applying TDA pipeline transformation on test data...
2025-03-26 09:47:05 - INFO - >> TDA transformation for test data completed (2.02 minutes).
2025-03-26 09:47:05 - INFO - ========== [Model Training Start] ==========
2025-03-26 09:47:05 - INFO - Training model: original
2025-03-26 09:47:06 - INFO - Model original completed in 1.13 seconds.
2025-03-26 09:47:06 - INFO - >>> Model original trained. Accuracy: 0.9526 (1.13 sec.)
2025-03-26 09:47:06 - INFO - Training model: original-top_right
2025-03-26 09:47:16 - INFO - Model original-top_right completed in 9.40 seconds.
2025-03-26 09:47:16 - INFO - >>> Model original-top_right trained. Accuracy: 0.9572 (9.40 sec.)
2025-03-26 09:47:16 - INFO - Training model: original-tda
2025-03-26 09:47:32 - INFO - Model original-tda completed in 16.46 seconds.
2025-03-26 09:47:32 - INFO - >>> Model original-tda trained. Accuracy: 0.9575 (16.46 sec.)
2025-03-26 09:47:32 - INFO - Training model: original-top_left
2025-03-26 09:47:41 - INFO - Model original-top_left completed in 9.16 seconds.
2025-03-26 09:47:41 - INFO - >>> Model original-top_left trained. Accuracy: 0.9584 (9.16 sec.)
2025-03-26 09:47:41 - INFO - Training model: original-bottom_left
2025-03-26 09:47:51 - INFO - Model original-bottom_left completed in 9.47 seconds.
2025-03-26 09:47:51 - INFO - >>> Model original-bottom_left trained. Accuracy: 0.9573 (9.47 sec.)
2025-03-26 09:47:51 - INFO - Training model: bottom_right-original
2025-03-26 09:48:00 - INFO - Model bottom_right-original completed in 9.60 seconds.
2025-03-26 09:48:00 - INFO - >>> Model bottom_right-original trained. Accuracy: 0.9588 (9.60 sec.)
2025-03-26 09:48:00 - INFO - Training model: tda-original-top_right
2025-03-26 09:48:21 - INFO - Model tda-original-top_right completed in 20.18 seconds.
2025-03-26 09:48:21 - INFO - >>> Model tda-original-top_right trained. Accuracy: 0.9616 (20.18 sec.)
2025-03-26 09:48:21 - INFO - Training model: original-top_right-top_left
2025-03-26 09:48:34 - INFO - Model original-top_right-top_left completed in 13.00 seconds.
2025-03-26 09:48:34 - INFO - >>> Model original-top_right-top_left trained. Accuracy: 0.9604 (13.00 sec.)
2025-03-26 09:48:34 - INFO - Training model: original-top_right-bottom_left
2025-03-26 09:48:46 - INFO - Model original-top_right-bottom_left completed in 12.76 seconds.
2025-03-26 09:48:46 - INFO - >>> Model original-top_right-bottom_left trained. Accuracy: 0.9603 (12.76 sec.)
2025-03-26 09:48:46 - INFO - Training model: bottom_right-original-top_right
2025-03-26 09:49:00 - INFO - Model bottom_right-original-top_right completed in 13.19 seconds.
2025-03-26 09:49:00 - INFO - >>> Model bottom_right-original-top_right trained. Accuracy: 0.9619 (13.19 sec.)
2025-03-26 09:49:00 - INFO - Training model: original-tda-top_left
2025-03-26 09:49:20 - INFO - Model original-tda-top_left completed in 20.07 seconds.
2025-03-26 09:49:20 - INFO - >>> Model original-tda-top_left trained. Accuracy: 0.9616 (20.07 sec.)
2025-03-26 09:49:20 - INFO - Training model: original-tda-bottom_left
2025-03-26 09:49:40 - INFO - Model original-tda-bottom_left completed in 19.96 seconds.
2025-03-26 09:49:40 - INFO - >>> Model original-tda-bottom_left trained. Accuracy: 0.9593 (19.96 sec.)
2025-03-26 09:49:40 - INFO - Training model: bottom_right-original-tda
2025-03-26 09:50:00 - INFO - Model bottom_right-original-tda completed in 19.97 seconds.
2025-03-26 09:50:00 - INFO - >>> Model bottom_right-original-tda trained. Accuracy: 0.9607 (19.97 sec.)
2025-03-26 09:50:00 - INFO - Training model: original-top_left-bottom_left
2025-03-26 09:50:12 - INFO - Model original-top_left-bottom_left completed in 12.51 seconds.
2025-03-26 09:50:12 - INFO - >>> Model original-top_left-bottom_left trained. Accuracy: 0.9605 (12.51 sec.)
2025-03-26 09:50:12 - INFO - Training model: bottom_right-original-top_left
2025-03-26 09:50:25 - INFO - Model bottom_right-original-top_left completed in 12.97 seconds.
2025-03-26 09:50:25 - INFO - >>> Model bottom_right-original-top_left trained. Accuracy: 0.9616 (12.97 sec.)
2025-03-26 09:50:25 - INFO - Training model: bottom_right-original-bottom_left
2025-03-26 09:50:38 - INFO - Model bottom_right-original-bottom_left completed in 13.19 seconds.
2025-03-26 09:50:38 - INFO - >>> Model bottom_right-original-bottom_left trained. Accuracy: 0.9606 (13.19 sec.)
2025-03-26 09:50:38 - INFO - Training model: tda-original-top_right-top_left
2025-03-26 09:51:02 - INFO - Model tda-original-top_right-top_left completed in 23.39 seconds.
2025-03-26 09:51:02 - INFO - >>> Model tda-original-top_right-top_left trained. Accuracy: 0.9643 (23.39 sec.)
2025-03-26 09:51:02 - INFO - Training model: tda-original-top_right-bottom_left
2025-03-26 09:51:25 - INFO - Model tda-original-top_right-bottom_left completed in 23.48 seconds.
2025-03-26 09:51:25 - INFO - >>> Model tda-original-top_right-bottom_left trained. Accuracy: 0.9641 (23.48 sec.)
2025-03-26 09:51:25 - INFO - Training model: tda-bottom_right-original-top_right
2025-03-26 09:51:49 - INFO - Model tda-bottom_right-original-top_right completed in 23.57 seconds.
2025-03-26 09:51:49 - INFO - >>> Model tda-bottom_right-original-top_right trained. Accuracy: 0.9652 (23.57 sec.)
2025-03-26 09:51:49 - INFO - Training model: original-top_right-top_left-bottom_left
2025-03-26 09:52:05 - INFO - Model original-top_right-top_left-bottom_left completed in 16.12 seconds.
2025-03-26 09:52:05 - INFO - >>> Model original-top_right-top_left-bottom_left trained. Accuracy: 0.9646 (16.12 sec.)
2025-03-26 09:52:05 - INFO - Training model: bottom_right-original-top_right-top_left
2025-03-26 09:52:21 - INFO - Model bottom_right-original-top_right-top_left completed in 16.16 seconds.
2025-03-26 09:52:21 - INFO - >>> Model bottom_right-original-top_right-top_left trained. Accuracy: 0.9652 (16.16 sec.)
2025-03-26 09:52:21 - INFO - Training model: bottom_right-original-top_right-bottom_left
2025-03-26 09:52:37 - INFO - Model bottom_right-original-top_right-bottom_left completed in 16.30 seconds.
2025-03-26 09:52:37 - INFO - >>> Model bottom_right-original-top_right-bottom_left trained. Accuracy: 0.9644 (16.30 sec.)
2025-03-26 09:52:37 - INFO - Training model: original-tda-top_left-bottom_left
2025-03-26 09:53:01 - INFO - Model original-tda-top_left-bottom_left completed in 23.26 seconds.
2025-03-26 09:53:01 - INFO - >>> Model original-tda-top_left-bottom_left trained. Accuracy: 0.9625 (23.26 sec.)
2025-03-26 09:53:01 - INFO - Training model: bottom_right-original-tda-top_left
2025-03-26 09:53:24 - INFO - Model bottom_right-original-tda-top_left completed in 23.52 seconds.
2025-03-26 09:53:24 - INFO - >>> Model bottom_right-original-tda-top_left trained. Accuracy: 0.9646 (23.52 sec.)
2025-03-26 09:53:24 - INFO - Training model: bottom_right-original-tda-bottom_left
2025-03-26 09:53:48 - INFO - Model bottom_right-original-tda-bottom_left completed in 23.37 seconds.
2025-03-26 09:53:48 - INFO - >>> Model bottom_right-original-tda-bottom_left trained. Accuracy: 0.9631 (23.37 sec.)
2025-03-26 09:53:48 - INFO - Training model: bottom_right-original-top_left-bottom_left
2025-03-26 09:54:04 - INFO - Model bottom_right-original-top_left-bottom_left completed in 16.26 seconds.
2025-03-26 09:54:04 - INFO - >>> Model bottom_right-original-top_left-bottom_left trained. Accuracy: 0.9639 (16.26 sec.)
2025-03-26 09:54:04 - INFO - Training model: top_right-tda-top_left-bottom_left-original
2025-03-26 09:54:31 - INFO - Model top_right-tda-top_left-bottom_left-original completed in 26.92 seconds.
2025-03-26 09:54:31 - INFO - >>> Model top_right-tda-top_left-bottom_left-original trained. Accuracy: 0.9669 (26.92 sec.)
2025-03-26 09:54:31 - INFO - Training model: top_right-tda-top_left-original-bottom_right
2025-03-26 09:54:58 - INFO - Model top_right-tda-top_left-original-bottom_right completed in 26.95 seconds.
2025-03-26 09:54:58 - INFO - >>> Model top_right-tda-top_left-original-bottom_right trained. Accuracy: 0.9678 (26.95 sec.)
2025-03-26 09:54:58 - INFO - Training model: top_right-tda-bottom_left-original-bottom_right
2025-03-26 09:55:25 - INFO - Model top_right-tda-bottom_left-original-bottom_right completed in 27.06 seconds.
2025-03-26 09:55:25 - INFO - >>> Model top_right-tda-bottom_left-original-bottom_right trained. Accuracy: 0.9681 (27.06 sec.)
2025-03-26 09:55:25 - INFO - Training model: top_right-top_left-bottom_left-original-bottom_right
2025-03-26 09:55:45 - INFO - Model top_right-top_left-bottom_left-original-bottom_right completed in 19.83 seconds.
2025-03-26 09:55:45 - INFO - >>> Model top_right-top_left-bottom_left-original-bottom_right trained. Accuracy: 0.9684 (19.83 sec.)
2025-03-26 09:55:45 - INFO - Training model: tda-top_left-bottom_left-original-bottom_right
2025-03-26 09:56:12 - INFO - Model tda-top_left-bottom_left-original-bottom_right completed in 27.08 seconds.
2025-03-26 09:56:12 - INFO - >>> Model tda-top_left-bottom_left-original-bottom_right trained. Accuracy: 0.9667 (27.08 sec.)
2025-03-26 09:56:12 - INFO - Training model: top_right-tda-top_left-bottom_left-original-bottom_right
2025-03-26 09:56:42 - INFO - Model top_right-tda-top_left-bottom_left-original-bottom_right completed in 30.02 seconds.
2025-03-26 09:56:42 - INFO - >>> Model top_right-tda-top_left-bottom_left-original-bottom_right trained. Accuracy: 0.9697 (30.02 sec.)
2025-03-26 09:56:42 - INFO - All models trained successfully.
2025-03-26 09:56:42 - INFO - ========== [Model Training Completed] in 9.61 minutes ==========
2025-03-26 09:56:42 - INFO - ========== [Experiment Training Complete] ==========
2025-03-26 09:56:42 - INFO - Results saved to /home/jovyan/Workspace/workspace_mnist/results/exp_noise_icecream_lines_q3/experiment_trainsize_predictions_2025-03-26_09-56-42.json
2025-03-26 09:56:42 - INFO - Results successfully saved to /home/jovyan/Workspace/workspace_mnist/results/exp_noise_icecream_lines_q3/experiment_trainsize_predictions_2025-03-26_09-56-42.json
2025-03-26 09:56:42 - INFO - Garbage collection executed.
2025-03-26 09:56:42 - INFO - ========== [Experiment Completed] in 18.29 minutes ==========
