2025-03-26 11:37:35 - INFO - Logging initialized.
 Writing to /home/jovyan/Workspace/workspace_mnist/logs/exp_noise_icecream_lines_q3/experiment_logs_2025-03-26_11-37-35.log
2025-03-26 11:37:35 - INFO - ========== [Experiment Start] ==========
2025-03-26 11:37:35 - INFO - Views combinations succesfully generated.
2025-03-26 11:37:35 - INFO - Topological Data Analysis pipeline generated.
2025-03-26 11:37:35 - INFO - Generating folder to save results.
2025-03-26 11:37:35 - INFO - Reading dataset in chunks from mnist_784.csv (chunk size: 70000)
2025-03-26 11:37:35 - INFO - Starting multiview data preparation for a chunk of size (70000, 784)...
2025-03-26 11:37:35 - INFO - Running using 22 jobs.
2025-03-26 11:37:35 - INFO - Contaminating dataset with lines using 3.
2025-03-26 11:37:39 - INFO - Splitting data: 80.0% train / 20.0% test (random_state=402417678)
2025-03-26 11:37:39 - INFO - Data split complete. Train size: (44800, 784), Test size: (14000, 784)
2025-03-26 11:37:39 - INFO - Reshaping train and test data into square images...
2025-03-26 11:37:39 - INFO - Reshaping complete. Train images: (44800, 28, 28), Test images: (14000, 28, 28)
2025-03-26 11:37:39 - INFO - Splitting images into quadrant views...
2025-03-26 11:37:39 - INFO - Quadrant view splitting complete. Train views: 4, Test views: 4
2025-03-26 11:37:39 - INFO - >> Starting TDA pipeline transformation on train data...
2025-03-26 11:44:12 - INFO - >> TDA transformation for train data completed (6.53 minutes).
2025-03-26 11:44:12 - INFO - >> Applying TDA pipeline transformation on test data...
2025-03-26 11:46:14 - INFO - >> TDA transformation for test data completed (2.04 minutes).
2025-03-26 11:46:14 - INFO - ========== [Model Training Start] ==========
2025-03-26 11:46:14 - INFO - Training model: original
2025-03-26 11:46:15 - INFO - Model original completed in 1.13 seconds.
2025-03-26 11:46:15 - INFO - >>> Model original trained. Accuracy: 0.9518 (1.13 sec.)
2025-03-26 11:46:15 - INFO - Training model: original-top_right
2025-03-26 11:46:25 - INFO - Model original-top_right completed in 9.57 seconds.
2025-03-26 11:46:25 - INFO - >>> Model original-top_right trained. Accuracy: 0.9571 (9.57 sec.)
2025-03-26 11:46:25 - INFO - Training model: original-tda
2025-03-26 11:46:41 - INFO - Model original-tda completed in 16.79 seconds.
2025-03-26 11:46:41 - INFO - >>> Model original-tda trained. Accuracy: 0.9566 (16.79 sec.)
2025-03-26 11:46:41 - INFO - Training model: original-top_left
2025-03-26 11:46:51 - INFO - Model original-top_left completed in 9.22 seconds.
2025-03-26 11:46:51 - INFO - >>> Model original-top_left trained. Accuracy: 0.9569 (9.22 sec.)
2025-03-26 11:46:51 - INFO - Training model: original-bottom_left
2025-03-26 11:47:00 - INFO - Model original-bottom_left completed in 9.29 seconds.
2025-03-26 11:47:00 - INFO - >>> Model original-bottom_left trained. Accuracy: 0.9562 (9.29 sec.)
2025-03-26 11:47:00 - INFO - Training model: bottom_right-original
2025-03-26 11:47:10 - INFO - Model bottom_right-original completed in 9.69 seconds.
2025-03-26 11:47:10 - INFO - >>> Model bottom_right-original trained. Accuracy: 0.9575 (9.69 sec.)
2025-03-26 11:47:10 - INFO - Training model: tda-original-top_right
2025-03-26 11:47:30 - INFO - Model tda-original-top_right completed in 20.20 seconds.
2025-03-26 11:47:30 - INFO - >>> Model tda-original-top_right trained. Accuracy: 0.9600 (20.20 sec.)
2025-03-26 11:47:30 - INFO - Training model: original-top_right-top_left
2025-03-26 11:47:43 - INFO - Model original-top_right-top_left completed in 13.06 seconds.
2025-03-26 11:47:43 - INFO - >>> Model original-top_right-top_left trained. Accuracy: 0.9603 (13.06 sec.)
2025-03-26 11:47:43 - INFO - Training model: original-top_right-bottom_left
2025-03-26 11:47:56 - INFO - Model original-top_right-bottom_left completed in 12.73 seconds.
2025-03-26 11:47:56 - INFO - >>> Model original-top_right-bottom_left trained. Accuracy: 0.9590 (12.73 sec.)
2025-03-26 11:47:56 - INFO - Training model: bottom_right-original-top_right
2025-03-26 11:48:09 - INFO - Model bottom_right-original-top_right completed in 12.91 seconds.
2025-03-26 11:48:09 - INFO - >>> Model bottom_right-original-top_right trained. Accuracy: 0.9596 (12.91 sec.)
2025-03-26 11:48:09 - INFO - Training model: original-tda-top_left
2025-03-26 11:48:29 - INFO - Model original-tda-top_left completed in 20.04 seconds.
2025-03-26 11:48:29 - INFO - >>> Model original-tda-top_left trained. Accuracy: 0.9601 (20.04 sec.)
2025-03-26 11:48:29 - INFO - Training model: original-tda-bottom_left
2025-03-26 11:48:49 - INFO - Model original-tda-bottom_left completed in 20.04 seconds.
2025-03-26 11:48:49 - INFO - >>> Model original-tda-bottom_left trained. Accuracy: 0.9575 (20.04 sec.)
2025-03-26 11:48:49 - INFO - Training model: bottom_right-original-tda
2025-03-26 11:49:09 - INFO - Model bottom_right-original-tda completed in 20.37 seconds.
2025-03-26 11:49:09 - INFO - >>> Model bottom_right-original-tda trained. Accuracy: 0.9592 (20.37 sec.)
2025-03-26 11:49:09 - INFO - Training model: original-top_left-bottom_left
2025-03-26 11:49:22 - INFO - Model original-top_left-bottom_left completed in 12.67 seconds.
2025-03-26 11:49:22 - INFO - >>> Model original-top_left-bottom_left trained. Accuracy: 0.9585 (12.67 sec.)
2025-03-26 11:49:22 - INFO - Training model: bottom_right-original-top_left
2025-03-26 11:49:35 - INFO - Model bottom_right-original-top_left completed in 12.80 seconds.
2025-03-26 11:49:35 - INFO - >>> Model bottom_right-original-top_left trained. Accuracy: 0.9601 (12.80 sec.)
2025-03-26 11:49:35 - INFO - Training model: bottom_right-original-bottom_left
2025-03-26 11:49:48 - INFO - Model bottom_right-original-bottom_left completed in 12.97 seconds.
2025-03-26 11:49:48 - INFO - >>> Model bottom_right-original-bottom_left trained. Accuracy: 0.9595 (12.97 sec.)
2025-03-26 11:49:48 - INFO - Training model: tda-original-top_right-top_left
2025-03-26 11:50:11 - INFO - Model tda-original-top_right-top_left completed in 23.59 seconds.
2025-03-26 11:50:11 - INFO - >>> Model tda-original-top_right-top_left trained. Accuracy: 0.9621 (23.59 sec.)
2025-03-26 11:50:11 - INFO - Training model: tda-original-top_right-bottom_left
2025-03-26 11:50:34 - INFO - Model tda-original-top_right-bottom_left completed in 23.31 seconds.
2025-03-26 11:50:34 - INFO - >>> Model tda-original-top_right-bottom_left trained. Accuracy: 0.9624 (23.31 sec.)
2025-03-26 11:50:34 - INFO - Training model: tda-bottom_right-original-top_right
2025-03-26 11:50:58 - INFO - Model tda-bottom_right-original-top_right completed in 24.00 seconds.
2025-03-26 11:50:58 - INFO - >>> Model tda-bottom_right-original-top_right trained. Accuracy: 0.9634 (24.00 sec.)
2025-03-26 11:50:58 - INFO - Training model: original-top_right-top_left-bottom_left
2025-03-26 11:51:14 - INFO - Model original-top_right-top_left-bottom_left completed in 15.72 seconds.
2025-03-26 11:51:14 - INFO - >>> Model original-top_right-top_left-bottom_left trained. Accuracy: 0.9630 (15.72 sec.)
2025-03-26 11:51:14 - INFO - Training model: bottom_right-original-top_right-top_left
2025-03-26 11:51:31 - INFO - Model bottom_right-original-top_right-top_left completed in 16.31 seconds.
2025-03-26 11:51:31 - INFO - >>> Model bottom_right-original-top_right-top_left trained. Accuracy: 0.9645 (16.31 sec.)
2025-03-26 11:51:31 - INFO - Training model: bottom_right-original-top_right-bottom_left
2025-03-26 11:51:47 - INFO - Model bottom_right-original-top_right-bottom_left completed in 16.25 seconds.
2025-03-26 11:51:47 - INFO - >>> Model bottom_right-original-top_right-bottom_left trained. Accuracy: 0.9629 (16.25 sec.)
2025-03-26 11:51:47 - INFO - Training model: original-tda-top_left-bottom_left
2025-03-26 11:52:10 - INFO - Model original-tda-top_left-bottom_left completed in 23.29 seconds.
2025-03-26 11:52:10 - INFO - >>> Model original-tda-top_left-bottom_left trained. Accuracy: 0.9624 (23.29 sec.)
2025-03-26 11:52:10 - INFO - Training model: bottom_right-original-tda-top_left
2025-03-26 11:52:34 - INFO - Model bottom_right-original-tda-top_left completed in 23.62 seconds.
2025-03-26 11:52:34 - INFO - >>> Model bottom_right-original-tda-top_left trained. Accuracy: 0.9626 (23.62 sec.)
2025-03-26 11:52:34 - INFO - Training model: bottom_right-original-tda-bottom_left
2025-03-26 11:52:57 - INFO - Model bottom_right-original-tda-bottom_left completed in 23.48 seconds.
2025-03-26 11:52:57 - INFO - >>> Model bottom_right-original-tda-bottom_left trained. Accuracy: 0.9616 (23.48 sec.)
2025-03-26 11:52:57 - INFO - Training model: bottom_right-original-top_left-bottom_left
2025-03-26 11:53:14 - INFO - Model bottom_right-original-top_left-bottom_left completed in 16.35 seconds.
2025-03-26 11:53:14 - INFO - >>> Model bottom_right-original-top_left-bottom_left trained. Accuracy: 0.9640 (16.35 sec.)
2025-03-26 11:53:14 - INFO - Training model: top_right-tda-top_left-bottom_left-original
2025-03-26 11:53:40 - INFO - Model top_right-tda-top_left-bottom_left-original completed in 26.57 seconds.
2025-03-26 11:53:40 - INFO - >>> Model top_right-tda-top_left-bottom_left-original trained. Accuracy: 0.9646 (26.57 sec.)
2025-03-26 11:53:40 - INFO - Training model: top_right-tda-top_left-original-bottom_right
2025-03-26 11:54:07 - INFO - Model top_right-tda-top_left-original-bottom_right completed in 26.59 seconds.
2025-03-26 11:54:07 - INFO - >>> Model top_right-tda-top_left-original-bottom_right trained. Accuracy: 0.9660 (26.59 sec.)
2025-03-26 11:54:07 - INFO - Training model: top_right-tda-bottom_left-original-bottom_right
2025-03-26 11:54:34 - INFO - Model top_right-tda-bottom_left-original-bottom_right completed in 27.03 seconds.
2025-03-26 11:54:34 - INFO - >>> Model top_right-tda-bottom_left-original-bottom_right trained. Accuracy: 0.9651 (27.03 sec.)
2025-03-26 11:54:34 - INFO - Training model: top_right-top_left-bottom_left-original-bottom_right
2025-03-26 11:54:53 - INFO - Model top_right-top_left-bottom_left-original-bottom_right completed in 19.63 seconds.
2025-03-26 11:54:53 - INFO - >>> Model top_right-top_left-bottom_left-original-bottom_right trained. Accuracy: 0.9656 (19.63 sec.)
2025-03-26 11:54:53 - INFO - Training model: tda-top_left-bottom_left-original-bottom_right
2025-03-26 11:55:20 - INFO - Model tda-top_left-bottom_left-original-bottom_right completed in 26.77 seconds.
2025-03-26 11:55:20 - INFO - >>> Model tda-top_left-bottom_left-original-bottom_right trained. Accuracy: 0.9642 (26.77 sec.)
2025-03-26 11:55:20 - INFO - Training model: top_right-tda-top_left-bottom_left-original-bottom_right
2025-03-26 11:55:50 - INFO - Model top_right-tda-top_left-bottom_left-original-bottom_right completed in 30.27 seconds.
2025-03-26 11:55:50 - INFO - >>> Model top_right-tda-top_left-bottom_left-original-bottom_right trained. Accuracy: 0.9683 (30.27 sec.)
2025-03-26 11:55:50 - INFO - All models trained successfully.
2025-03-26 11:55:50 - INFO - ========== [Model Training Completed] in 9.61 minutes ==========
2025-03-26 11:55:50 - INFO - ========== [Experiment Training Complete] ==========
2025-03-26 11:55:51 - INFO - Results saved to /home/jovyan/Workspace/workspace_mnist/results/exp_noise_icecream_lines_q3/experiment_trainsize_predictions_2025-03-26_11-55-50.json
2025-03-26 11:55:51 - INFO - Results successfully saved to /home/jovyan/Workspace/workspace_mnist/results/exp_noise_icecream_lines_q3/experiment_trainsize_predictions_2025-03-26_11-55-50.json
2025-03-26 11:55:51 - INFO - Garbage collection executed.
2025-03-26 11:55:51 - INFO - ========== [Experiment Completed] in 18.27 minutes ==========
