2025-03-25 16:30:41 - INFO - Logging initialized.
 Writing to /home/jovyan/Workspace/workspace_mnist/logs/exp_noise_icecream_lines_q3/experiment_logs_2025-03-25_16-30-41.log
2025-03-25 16:30:41 - INFO - ========== [Experiment Start] ==========
2025-03-25 16:30:41 - INFO - Views combinations succesfully generated.
2025-03-25 16:30:41 - INFO - Topological Data Analysis pipeline generated.
2025-03-25 16:30:41 - INFO - Generating folder to save results.
2025-03-25 16:30:41 - INFO - Reading dataset in chunks from mnist_784.csv (chunk size: 70000)
2025-03-25 16:30:42 - INFO - Starting multiview data preparation for a chunk of size (70000, 784)...
2025-03-25 16:30:42 - INFO - Running using 22 jobs.
2025-03-25 16:30:42 - INFO - Contaminating dataset with lines using 3.
2025-03-25 16:30:45 - INFO - Splitting data: 41.1% train / 20.0% test (random_state=561967060)
2025-03-25 16:30:45 - INFO - Data split complete. Train size: (23022, 784), Test size: (14000, 784)
2025-03-25 16:30:45 - INFO - Reshaping train and test data into square images...
2025-03-25 16:30:45 - INFO - Reshaping complete. Train images: (23022, 28, 28), Test images: (14000, 28, 28)
2025-03-25 16:30:45 - INFO - Splitting images into quadrant views...
2025-03-25 16:30:45 - INFO - Quadrant view splitting complete. Train views: 4, Test views: 4
2025-03-25 16:30:45 - INFO - >> Starting TDA pipeline transformation on train data...
2025-03-25 16:34:10 - INFO - >> TDA transformation for train data completed (3.41 minutes).
2025-03-25 16:34:10 - INFO - >> Applying TDA pipeline transformation on test data...
2025-03-25 16:36:15 - INFO - >> TDA transformation for test data completed (2.09 minutes).
2025-03-25 16:36:15 - INFO - ========== [Model Training Start] ==========
2025-03-25 16:36:15 - INFO - Training model: original
2025-03-25 16:36:16 - INFO - Model original completed in 0.54 seconds.
2025-03-25 16:36:16 - INFO - >>> Model original trained. Accuracy: 0.9452 (0.54 sec.)
2025-03-25 16:36:16 - INFO - Training model: original-top_right
2025-03-25 16:36:21 - INFO - Model original-top_right completed in 5.47 seconds.
2025-03-25 16:36:21 - INFO - >>> Model original-top_right trained. Accuracy: 0.9509 (5.47 sec.)
2025-03-25 16:36:21 - INFO - Training model: original-tda
2025-03-25 16:36:30 - INFO - Model original-tda completed in 8.61 seconds.
2025-03-25 16:36:30 - INFO - >>> Model original-tda trained. Accuracy: 0.9524 (8.61 sec.)
2025-03-25 16:36:30 - INFO - Training model: original-top_left
2025-03-25 16:36:35 - INFO - Model original-top_left completed in 5.25 seconds.
2025-03-25 16:36:35 - INFO - >>> Model original-top_left trained. Accuracy: 0.9523 (5.25 sec.)
2025-03-25 16:36:35 - INFO - Training model: original-bottom_left
2025-03-25 16:36:41 - INFO - Model original-bottom_left completed in 5.27 seconds.
2025-03-25 16:36:41 - INFO - >>> Model original-bottom_left trained. Accuracy: 0.9491 (5.27 sec.)
2025-03-25 16:36:41 - INFO - Training model: bottom_right-original
2025-03-25 16:36:46 - INFO - Model bottom_right-original completed in 5.24 seconds.
2025-03-25 16:36:46 - INFO - >>> Model bottom_right-original trained. Accuracy: 0.9497 (5.24 sec.)
2025-03-25 16:36:46 - INFO - Training model: tda-original-top_right
2025-03-25 16:36:57 - INFO - Model tda-original-top_right completed in 10.91 seconds.
2025-03-25 16:36:57 - INFO - >>> Model tda-original-top_right trained. Accuracy: 0.9562 (10.91 sec.)
2025-03-25 16:36:57 - INFO - Training model: original-top_right-top_left
2025-03-25 16:37:04 - INFO - Model original-top_right-top_left completed in 7.50 seconds.
2025-03-25 16:37:04 - INFO - >>> Model original-top_right-top_left trained. Accuracy: 0.9546 (7.50 sec.)
2025-03-25 16:37:04 - INFO - Training model: original-top_right-bottom_left
2025-03-25 16:37:12 - INFO - Model original-top_right-bottom_left completed in 7.42 seconds.
2025-03-25 16:37:12 - INFO - >>> Model original-top_right-bottom_left trained. Accuracy: 0.9533 (7.42 sec.)
2025-03-25 16:37:12 - INFO - Training model: bottom_right-original-top_right
2025-03-25 16:37:19 - INFO - Model bottom_right-original-top_right completed in 7.64 seconds.
2025-03-25 16:37:19 - INFO - >>> Model bottom_right-original-top_right trained. Accuracy: 0.9546 (7.64 sec.)
2025-03-25 16:37:19 - INFO - Training model: original-tda-top_left
2025-03-25 16:37:30 - INFO - Model original-tda-top_left completed in 10.55 seconds.
2025-03-25 16:37:30 - INFO - >>> Model original-tda-top_left trained. Accuracy: 0.9549 (10.55 sec.)
2025-03-25 16:37:30 - INFO - Training model: original-tda-bottom_left
2025-03-25 16:37:40 - INFO - Model original-tda-bottom_left completed in 10.33 seconds.
2025-03-25 16:37:40 - INFO - >>> Model original-tda-bottom_left trained. Accuracy: 0.9528 (10.33 sec.)
2025-03-25 16:37:40 - INFO - Training model: bottom_right-original-tda
2025-03-25 16:37:51 - INFO - Model bottom_right-original-tda completed in 10.58 seconds.
2025-03-25 16:37:51 - INFO - >>> Model bottom_right-original-tda trained. Accuracy: 0.9545 (10.58 sec.)
2025-03-25 16:37:51 - INFO - Training model: original-top_left-bottom_left
2025-03-25 16:37:58 - INFO - Model original-top_left-bottom_left completed in 7.36 seconds.
2025-03-25 16:37:58 - INFO - >>> Model original-top_left-bottom_left trained. Accuracy: 0.9549 (7.36 sec.)
2025-03-25 16:37:58 - INFO - Training model: bottom_right-original-top_left
2025-03-25 16:38:05 - INFO - Model bottom_right-original-top_left completed in 7.29 seconds.
2025-03-25 16:38:05 - INFO - >>> Model bottom_right-original-top_left trained. Accuracy: 0.9534 (7.29 sec.)
2025-03-25 16:38:05 - INFO - Training model: bottom_right-original-bottom_left
2025-03-25 16:38:13 - INFO - Model bottom_right-original-bottom_left completed in 7.38 seconds.
2025-03-25 16:38:13 - INFO - >>> Model bottom_right-original-bottom_left trained. Accuracy: 0.9511 (7.38 sec.)
2025-03-25 16:38:13 - INFO - Training model: tda-original-top_right-top_left
2025-03-25 16:38:25 - INFO - Model tda-original-top_right-top_left completed in 12.59 seconds.
2025-03-25 16:38:25 - INFO - >>> Model tda-original-top_right-top_left trained. Accuracy: 0.9587 (12.59 sec.)
2025-03-25 16:38:25 - INFO - Training model: tda-original-top_right-bottom_left
2025-03-25 16:38:38 - INFO - Model tda-original-top_right-bottom_left completed in 12.62 seconds.
2025-03-25 16:38:38 - INFO - >>> Model tda-original-top_right-bottom_left trained. Accuracy: 0.9567 (12.62 sec.)
2025-03-25 16:38:38 - INFO - Training model: tda-bottom_right-original-top_right
2025-03-25 16:38:51 - INFO - Model tda-bottom_right-original-top_right completed in 12.67 seconds.
2025-03-25 16:38:51 - INFO - >>> Model tda-bottom_right-original-top_right trained. Accuracy: 0.9592 (12.67 sec.)
2025-03-25 16:38:51 - INFO - Training model: original-top_right-top_left-bottom_left
2025-03-25 16:39:00 - INFO - Model original-top_right-top_left-bottom_left completed in 9.42 seconds.
2025-03-25 16:39:00 - INFO - >>> Model original-top_right-top_left-bottom_left trained. Accuracy: 0.9596 (9.42 sec.)
2025-03-25 16:39:00 - INFO - Training model: bottom_right-original-top_right-top_left
2025-03-25 16:39:10 - INFO - Model bottom_right-original-top_right-top_left completed in 9.65 seconds.
2025-03-25 16:39:10 - INFO - >>> Model bottom_right-original-top_right-top_left trained. Accuracy: 0.9581 (9.65 sec.)
2025-03-25 16:39:10 - INFO - Training model: bottom_right-original-top_right-bottom_left
2025-03-25 16:39:20 - INFO - Model bottom_right-original-top_right-bottom_left completed in 9.73 seconds.
2025-03-25 16:39:20 - INFO - >>> Model bottom_right-original-top_right-bottom_left trained. Accuracy: 0.9564 (9.73 sec.)
2025-03-25 16:39:20 - INFO - Training model: original-tda-top_left-bottom_left
2025-03-25 16:39:32 - INFO - Model original-tda-top_left-bottom_left completed in 12.88 seconds.
2025-03-25 16:39:32 - INFO - >>> Model original-tda-top_left-bottom_left trained. Accuracy: 0.9566 (12.88 sec.)
2025-03-25 16:39:32 - INFO - Training model: bottom_right-original-tda-top_left
2025-03-25 16:39:45 - INFO - Model bottom_right-original-tda-top_left completed in 12.92 seconds.
2025-03-25 16:39:45 - INFO - >>> Model bottom_right-original-tda-top_left trained. Accuracy: 0.9587 (12.92 sec.)
2025-03-25 16:39:45 - INFO - Training model: bottom_right-original-tda-bottom_left
2025-03-25 16:39:58 - INFO - Model bottom_right-original-tda-bottom_left completed in 12.76 seconds.
2025-03-25 16:39:58 - INFO - >>> Model bottom_right-original-tda-bottom_left trained. Accuracy: 0.9554 (12.76 sec.)
2025-03-25 16:39:58 - INFO - Training model: bottom_right-original-top_left-bottom_left
2025-03-25 16:40:08 - INFO - Model bottom_right-original-top_left-bottom_left completed in 9.61 seconds.
2025-03-25 16:40:08 - INFO - >>> Model bottom_right-original-top_left-bottom_left trained. Accuracy: 0.9567 (9.61 sec.)
2025-03-25 16:40:08 - INFO - Training model: top_right-tda-top_left-bottom_left-original
2025-03-25 16:40:23 - INFO - Model top_right-tda-top_left-bottom_left-original completed in 15.21 seconds.
2025-03-25 16:40:23 - INFO - >>> Model top_right-tda-top_left-bottom_left-original trained. Accuracy: 0.9613 (15.21 sec.)
2025-03-25 16:40:23 - INFO - Training model: top_right-tda-top_left-original-bottom_right
2025-03-25 16:40:38 - INFO - Model top_right-tda-top_left-original-bottom_right completed in 14.95 seconds.
2025-03-25 16:40:38 - INFO - >>> Model top_right-tda-top_left-original-bottom_right trained. Accuracy: 0.9612 (14.95 sec.)
2025-03-25 16:40:38 - INFO - Training model: top_right-tda-bottom_left-original-bottom_right
2025-03-25 16:40:53 - INFO - Model top_right-tda-bottom_left-original-bottom_right completed in 15.02 seconds.
2025-03-25 16:40:53 - INFO - >>> Model top_right-tda-bottom_left-original-bottom_right trained. Accuracy: 0.9594 (15.02 sec.)
2025-03-25 16:40:53 - INFO - Training model: top_right-top_left-bottom_left-original-bottom_right
2025-03-25 16:41:04 - INFO - Model top_right-top_left-bottom_left-original-bottom_right completed in 11.38 seconds.
2025-03-25 16:41:04 - INFO - >>> Model top_right-top_left-bottom_left-original-bottom_right trained. Accuracy: 0.9616 (11.38 sec.)
2025-03-25 16:41:04 - INFO - Training model: tda-top_left-bottom_left-original-bottom_right
2025-03-25 16:41:19 - INFO - Model tda-top_left-bottom_left-original-bottom_right completed in 15.06 seconds.
2025-03-25 16:41:19 - INFO - >>> Model tda-top_left-bottom_left-original-bottom_right trained. Accuracy: 0.9589 (15.06 sec.)
2025-03-25 16:41:19 - INFO - Training model: top_right-tda-top_left-bottom_left-original-bottom_right
2025-03-25 16:41:36 - INFO - Model top_right-tda-top_left-bottom_left-original-bottom_right completed in 16.64 seconds.
2025-03-25 16:41:36 - INFO - >>> Model top_right-tda-top_left-bottom_left-original-bottom_right trained. Accuracy: 0.9634 (16.64 sec.)
2025-03-25 16:41:36 - INFO - All models trained successfully.
2025-03-25 16:41:36 - INFO - ========== [Model Training Completed] in 5.34 minutes ==========
2025-03-25 16:41:36 - INFO - ========== [Experiment Training Complete] ==========
2025-03-25 16:41:36 - INFO - Results saved to /home/jovyan/Workspace/workspace_mnist/results/exp_noise_icecream_lines_q3/experiment_trainsize_predictions_2025-03-25_16-41-36.json
2025-03-25 16:41:36 - INFO - Results successfully saved to /home/jovyan/Workspace/workspace_mnist/results/exp_noise_icecream_lines_q3/experiment_trainsize_predictions_2025-03-25_16-41-36.json
2025-03-25 16:41:36 - INFO - Garbage collection executed.
2025-03-25 16:41:36 - INFO - ========== [Experiment Completed] in 10.92 minutes ==========
