2025-03-26 13:04:42 - INFO - Logging initialized.
 Writing to /home/jovyan/Workspace/workspace_mnist/logs/exp_noise_icecream_lines_q3/experiment_logs_2025-03-26_13-04-42.log
2025-03-26 13:04:42 - INFO - ========== [Experiment Start] ==========
2025-03-26 13:04:42 - INFO - Views combinations succesfully generated.
2025-03-26 13:04:42 - INFO - Topological Data Analysis pipeline generated.
2025-03-26 13:04:42 - INFO - Generating folder to save results.
2025-03-26 13:04:42 - INFO - Reading dataset in chunks from mnist_784.csv (chunk size: 70000)
2025-03-26 13:04:43 - INFO - Starting multiview data preparation for a chunk of size (70000, 784)...
2025-03-26 13:04:43 - INFO - Running using 22 jobs.
2025-03-26 13:04:43 - INFO - Contaminating dataset with lines using 3.
2025-03-26 13:04:46 - INFO - Splitting data: 64.4% train / 20.0% test (random_state=663904535)
2025-03-26 13:04:46 - INFO - Data split complete. Train size: (36088, 784), Test size: (14000, 784)
2025-03-26 13:04:46 - INFO - Reshaping train and test data into square images...
2025-03-26 13:04:46 - INFO - Reshaping complete. Train images: (36088, 28, 28), Test images: (14000, 28, 28)
2025-03-26 13:04:46 - INFO - Splitting images into quadrant views...
2025-03-26 13:04:46 - INFO - Quadrant view splitting complete. Train views: 4, Test views: 4
2025-03-26 13:04:46 - INFO - >> Starting TDA pipeline transformation on train data...
2025-03-26 13:09:57 - INFO - >> TDA transformation for train data completed (5.18 minutes).
2025-03-26 13:09:57 - INFO - >> Applying TDA pipeline transformation on test data...
2025-03-26 13:12:01 - INFO - >> TDA transformation for test data completed (2.06 minutes).
2025-03-26 13:12:01 - INFO - ========== [Model Training Start] ==========
2025-03-26 13:12:01 - INFO - Training model: original
2025-03-26 13:12:02 - INFO - Model original completed in 0.91 seconds.
2025-03-26 13:12:02 - INFO - >>> Model original trained. Accuracy: 0.9504 (0.91 sec.)
2025-03-26 13:12:02 - INFO - Training model: original-top_right
2025-03-26 13:12:09 - INFO - Model original-top_right completed in 7.65 seconds.
2025-03-26 13:12:09 - INFO - >>> Model original-top_right trained. Accuracy: 0.9544 (7.65 sec.)
2025-03-26 13:12:09 - INFO - Training model: original-tda
2025-03-26 13:12:23 - INFO - Model original-tda completed in 13.20 seconds.
2025-03-26 13:12:23 - INFO - >>> Model original-tda trained. Accuracy: 0.9560 (13.20 sec.)
2025-03-26 13:12:23 - INFO - Training model: original-top_left
2025-03-26 13:12:30 - INFO - Model original-top_left completed in 7.56 seconds.
2025-03-26 13:12:30 - INFO - >>> Model original-top_left trained. Accuracy: 0.9557 (7.56 sec.)
2025-03-26 13:12:30 - INFO - Training model: original-bottom_left
2025-03-26 13:12:38 - INFO - Model original-bottom_left completed in 7.40 seconds.
2025-03-26 13:12:38 - INFO - >>> Model original-bottom_left trained. Accuracy: 0.9545 (7.40 sec.)
2025-03-26 13:12:38 - INFO - Training model: bottom_right-original
2025-03-26 13:12:45 - INFO - Model bottom_right-original completed in 7.60 seconds.
2025-03-26 13:12:45 - INFO - >>> Model bottom_right-original trained. Accuracy: 0.9558 (7.60 sec.)
2025-03-26 13:12:45 - INFO - Training model: tda-original-top_right
2025-03-26 13:13:01 - INFO - Model tda-original-top_right completed in 16.08 seconds.
2025-03-26 13:13:01 - INFO - >>> Model tda-original-top_right trained. Accuracy: 0.9585 (16.08 sec.)
2025-03-26 13:13:01 - INFO - Training model: original-top_right-top_left
2025-03-26 13:13:12 - INFO - Model original-top_right-top_left completed in 10.42 seconds.
2025-03-26 13:13:12 - INFO - >>> Model original-top_right-top_left trained. Accuracy: 0.9580 (10.42 sec.)
2025-03-26 13:13:12 - INFO - Training model: original-top_right-bottom_left
2025-03-26 13:13:22 - INFO - Model original-top_right-bottom_left completed in 10.64 seconds.
2025-03-26 13:13:22 - INFO - >>> Model original-top_right-bottom_left trained. Accuracy: 0.9597 (10.64 sec.)
2025-03-26 13:13:22 - INFO - Training model: bottom_right-original-top_right
2025-03-26 13:13:33 - INFO - Model bottom_right-original-top_right completed in 10.72 seconds.
2025-03-26 13:13:33 - INFO - >>> Model bottom_right-original-top_right trained. Accuracy: 0.9590 (10.72 sec.)
2025-03-26 13:13:33 - INFO - Training model: original-tda-top_left
2025-03-26 13:13:49 - INFO - Model original-tda-top_left completed in 15.83 seconds.
2025-03-26 13:13:49 - INFO - >>> Model original-tda-top_left trained. Accuracy: 0.9577 (15.83 sec.)
2025-03-26 13:13:49 - INFO - Training model: original-tda-bottom_left
2025-03-26 13:14:05 - INFO - Model original-tda-bottom_left completed in 15.86 seconds.
2025-03-26 13:14:05 - INFO - >>> Model original-tda-bottom_left trained. Accuracy: 0.9565 (15.86 sec.)
2025-03-26 13:14:05 - INFO - Training model: bottom_right-original-tda
2025-03-26 13:14:21 - INFO - Model bottom_right-original-tda completed in 15.89 seconds.
2025-03-26 13:14:21 - INFO - >>> Model bottom_right-original-tda trained. Accuracy: 0.9602 (15.89 sec.)
2025-03-26 13:14:21 - INFO - Training model: original-top_left-bottom_left
2025-03-26 13:14:31 - INFO - Model original-top_left-bottom_left completed in 10.34 seconds.
2025-03-26 13:14:31 - INFO - >>> Model original-top_left-bottom_left trained. Accuracy: 0.9588 (10.34 sec.)
2025-03-26 13:14:31 - INFO - Training model: bottom_right-original-top_left
2025-03-26 13:14:42 - INFO - Model bottom_right-original-top_left completed in 10.47 seconds.
2025-03-26 13:14:42 - INFO - >>> Model bottom_right-original-top_left trained. Accuracy: 0.9590 (10.47 sec.)
2025-03-26 13:14:42 - INFO - Training model: bottom_right-original-bottom_left
2025-03-26 13:14:52 - INFO - Model bottom_right-original-bottom_left completed in 10.51 seconds.
2025-03-26 13:14:52 - INFO - >>> Model bottom_right-original-bottom_left trained. Accuracy: 0.9591 (10.51 sec.)
2025-03-26 13:14:52 - INFO - Training model: tda-original-top_right-top_left
2025-03-26 13:15:11 - INFO - Model tda-original-top_right-top_left completed in 18.68 seconds.
2025-03-26 13:15:11 - INFO - >>> Model tda-original-top_right-top_left trained. Accuracy: 0.9621 (18.68 sec.)
2025-03-26 13:15:11 - INFO - Training model: tda-original-top_right-bottom_left
2025-03-26 13:15:29 - INFO - Model tda-original-top_right-bottom_left completed in 18.64 seconds.
2025-03-26 13:15:29 - INFO - >>> Model tda-original-top_right-bottom_left trained. Accuracy: 0.9609 (18.64 sec.)
2025-03-26 13:15:29 - INFO - Training model: tda-bottom_right-original-top_right
2025-03-26 13:15:48 - INFO - Model tda-bottom_right-original-top_right completed in 18.90 seconds.
2025-03-26 13:15:48 - INFO - >>> Model tda-bottom_right-original-top_right trained. Accuracy: 0.9624 (18.90 sec.)
2025-03-26 13:15:48 - INFO - Training model: original-top_right-top_left-bottom_left
2025-03-26 13:16:01 - INFO - Model original-top_right-top_left-bottom_left completed in 13.06 seconds.
2025-03-26 13:16:01 - INFO - >>> Model original-top_right-top_left-bottom_left trained. Accuracy: 0.9620 (13.06 sec.)
2025-03-26 13:16:01 - INFO - Training model: bottom_right-original-top_right-top_left
2025-03-26 13:16:15 - INFO - Model bottom_right-original-top_right-top_left completed in 13.44 seconds.
2025-03-26 13:16:15 - INFO - >>> Model bottom_right-original-top_right-top_left trained. Accuracy: 0.9625 (13.44 sec.)
2025-03-26 13:16:15 - INFO - Training model: bottom_right-original-top_right-bottom_left
2025-03-26 13:16:28 - INFO - Model bottom_right-original-top_right-bottom_left completed in 13.11 seconds.
2025-03-26 13:16:28 - INFO - >>> Model bottom_right-original-top_right-bottom_left trained. Accuracy: 0.9611 (13.11 sec.)
2025-03-26 13:16:28 - INFO - Training model: original-tda-top_left-bottom_left
2025-03-26 13:16:46 - INFO - Model original-tda-top_left-bottom_left completed in 18.31 seconds.
2025-03-26 13:16:46 - INFO - >>> Model original-tda-top_left-bottom_left trained. Accuracy: 0.9603 (18.31 sec.)
2025-03-26 13:16:46 - INFO - Training model: bottom_right-original-tda-top_left
2025-03-26 13:17:05 - INFO - Model bottom_right-original-tda-top_left completed in 18.76 seconds.
2025-03-26 13:17:05 - INFO - >>> Model bottom_right-original-tda-top_left trained. Accuracy: 0.9611 (18.76 sec.)
2025-03-26 13:17:05 - INFO - Training model: bottom_right-original-tda-bottom_left
2025-03-26 13:17:24 - INFO - Model bottom_right-original-tda-bottom_left completed in 18.95 seconds.
2025-03-26 13:17:24 - INFO - >>> Model bottom_right-original-tda-bottom_left trained. Accuracy: 0.9610 (18.95 sec.)
2025-03-26 13:17:24 - INFO - Training model: bottom_right-original-top_left-bottom_left
2025-03-26 13:17:37 - INFO - Model bottom_right-original-top_left-bottom_left completed in 13.32 seconds.
2025-03-26 13:17:37 - INFO - >>> Model bottom_right-original-top_left-bottom_left trained. Accuracy: 0.9620 (13.32 sec.)
2025-03-26 13:17:37 - INFO - Training model: top_right-tda-top_left-bottom_left-original
2025-03-26 13:17:59 - INFO - Model top_right-tda-top_left-bottom_left-original completed in 21.61 seconds.
2025-03-26 13:17:59 - INFO - >>> Model top_right-tda-top_left-bottom_left-original trained. Accuracy: 0.9646 (21.61 sec.)
2025-03-26 13:17:59 - INFO - Training model: top_right-tda-top_left-original-bottom_right
2025-03-26 13:18:21 - INFO - Model top_right-tda-top_left-original-bottom_right completed in 21.71 seconds.
2025-03-26 13:18:21 - INFO - >>> Model top_right-tda-top_left-original-bottom_right trained. Accuracy: 0.9653 (21.71 sec.)
2025-03-26 13:18:21 - INFO - Training model: top_right-tda-bottom_left-original-bottom_right
2025-03-26 13:18:42 - INFO - Model top_right-tda-bottom_left-original-bottom_right completed in 21.74 seconds.
2025-03-26 13:18:42 - INFO - >>> Model top_right-tda-bottom_left-original-bottom_right trained. Accuracy: 0.9634 (21.74 sec.)
2025-03-26 13:18:42 - INFO - Training model: top_right-top_left-bottom_left-original-bottom_right
2025-03-26 13:18:59 - INFO - Model top_right-top_left-bottom_left-original-bottom_right completed in 16.23 seconds.
2025-03-26 13:18:59 - INFO - >>> Model top_right-top_left-bottom_left-original-bottom_right trained. Accuracy: 0.9654 (16.23 sec.)
2025-03-26 13:18:59 - INFO - Training model: tda-top_left-bottom_left-original-bottom_right
2025-03-26 13:19:20 - INFO - Model tda-top_left-bottom_left-original-bottom_right completed in 21.35 seconds.
2025-03-26 13:19:20 - INFO - >>> Model tda-top_left-bottom_left-original-bottom_right trained. Accuracy: 0.9627 (21.35 sec.)
2025-03-26 13:19:20 - INFO - Training model: top_right-tda-top_left-bottom_left-original-bottom_right
2025-03-26 13:19:44 - INFO - Model top_right-tda-top_left-bottom_left-original-bottom_right completed in 24.19 seconds.
2025-03-26 13:19:44 - INFO - >>> Model top_right-tda-top_left-bottom_left-original-bottom_right trained. Accuracy: 0.9672 (24.19 sec.)
2025-03-26 13:19:44 - INFO - All models trained successfully.
2025-03-26 13:19:44 - INFO - ========== [Model Training Completed] in 7.72 minutes ==========
2025-03-26 13:19:44 - INFO - ========== [Experiment Training Complete] ==========
2025-03-26 13:19:44 - INFO - Results saved to /home/jovyan/Workspace/workspace_mnist/results/exp_noise_icecream_lines_q3/experiment_trainsize_predictions_2025-03-26_13-19-44.json
2025-03-26 13:19:44 - INFO - Results successfully saved to /home/jovyan/Workspace/workspace_mnist/results/exp_noise_icecream_lines_q3/experiment_trainsize_predictions_2025-03-26_13-19-44.json
2025-03-26 13:19:44 - INFO - Garbage collection executed.
2025-03-26 13:19:44 - INFO - ========== [Experiment Completed] in 15.04 minutes ==========
