2025-03-25 17:39:32 - INFO - Logging initialized.
 Writing to /home/jovyan/Workspace/workspace_mnist/logs/exp_noise_icecream_lines_q3/experiment_logs_2025-03-25_17-39-32.log
2025-03-25 17:39:32 - INFO - ========== [Experiment Start] ==========
2025-03-25 17:39:32 - INFO - Views combinations succesfully generated.
2025-03-25 17:39:32 - INFO - Topological Data Analysis pipeline generated.
2025-03-25 17:39:32 - INFO - Generating folder to save results.
2025-03-25 17:39:32 - INFO - Reading dataset in chunks from mnist_784.csv (chunk size: 70000)
2025-03-25 17:39:33 - INFO - Starting multiview data preparation for a chunk of size (70000, 784)...
2025-03-25 17:39:33 - INFO - Running using 22 jobs.
2025-03-25 17:39:33 - INFO - Contaminating dataset with lines using 3.
2025-03-25 17:39:36 - INFO - Splitting data: 80.0% train / 20.0% test (random_state=561967060)
2025-03-25 17:39:36 - INFO - Data split complete. Train size: (44800, 784), Test size: (14000, 784)
2025-03-25 17:39:36 - INFO - Reshaping train and test data into square images...
2025-03-25 17:39:36 - INFO - Reshaping complete. Train images: (44800, 28, 28), Test images: (14000, 28, 28)
2025-03-25 17:39:36 - INFO - Splitting images into quadrant views...
2025-03-25 17:39:36 - INFO - Quadrant view splitting complete. Train views: 4, Test views: 4
2025-03-25 17:39:36 - INFO - >> Starting TDA pipeline transformation on train data...
2025-03-25 17:46:12 - INFO - >> TDA transformation for train data completed (6.59 minutes).
2025-03-25 17:46:12 - INFO - >> Applying TDA pipeline transformation on test data...
2025-03-25 17:48:19 - INFO - >> TDA transformation for test data completed (2.12 minutes).
2025-03-25 17:48:19 - INFO - ========== [Model Training Start] ==========
2025-03-25 17:48:19 - INFO - Training model: original
2025-03-25 17:48:20 - INFO - Model original completed in 1.09 seconds.
2025-03-25 17:48:20 - INFO - >>> Model original trained. Accuracy: 0.9522 (1.09 sec.)
2025-03-25 17:48:20 - INFO - Training model: original-top_right
2025-03-25 17:48:29 - INFO - Model original-top_right completed in 9.20 seconds.
2025-03-25 17:48:29 - INFO - >>> Model original-top_right trained. Accuracy: 0.9574 (9.20 sec.)
2025-03-25 17:48:29 - INFO - Training model: original-tda
2025-03-25 17:48:46 - INFO - Model original-tda completed in 16.64 seconds.
2025-03-25 17:48:46 - INFO - >>> Model original-tda trained. Accuracy: 0.9597 (16.64 sec.)
2025-03-25 17:48:46 - INFO - Training model: original-top_left
2025-03-25 17:48:55 - INFO - Model original-top_left completed in 9.44 seconds.
2025-03-25 17:48:55 - INFO - >>> Model original-top_left trained. Accuracy: 0.9582 (9.44 sec.)
2025-03-25 17:48:55 - INFO - Training model: original-bottom_left
2025-03-25 17:49:05 - INFO - Model original-bottom_left completed in 9.53 seconds.
2025-03-25 17:49:05 - INFO - >>> Model original-bottom_left trained. Accuracy: 0.9560 (9.53 sec.)
2025-03-25 17:49:05 - INFO - Training model: bottom_right-original
2025-03-25 17:49:15 - INFO - Model bottom_right-original completed in 9.63 seconds.
2025-03-25 17:49:15 - INFO - >>> Model bottom_right-original trained. Accuracy: 0.9577 (9.63 sec.)
2025-03-25 17:49:15 - INFO - Training model: tda-original-top_right
2025-03-25 17:49:35 - INFO - Model tda-original-top_right completed in 20.01 seconds.
2025-03-25 17:49:35 - INFO - >>> Model tda-original-top_right trained. Accuracy: 0.9616 (20.01 sec.)
2025-03-25 17:49:35 - INFO - Training model: original-top_right-top_left
2025-03-25 17:49:48 - INFO - Model original-top_right-top_left completed in 13.01 seconds.
2025-03-25 17:49:48 - INFO - >>> Model original-top_right-top_left trained. Accuracy: 0.9619 (13.01 sec.)
2025-03-25 17:49:48 - INFO - Training model: original-top_right-bottom_left
2025-03-25 17:50:01 - INFO - Model original-top_right-bottom_left completed in 13.06 seconds.
2025-03-25 17:50:01 - INFO - >>> Model original-top_right-bottom_left trained. Accuracy: 0.9605 (13.06 sec.)
2025-03-25 17:50:01 - INFO - Training model: bottom_right-original-top_right
2025-03-25 17:50:14 - INFO - Model bottom_right-original-top_right completed in 13.20 seconds.
2025-03-25 17:50:14 - INFO - >>> Model bottom_right-original-top_right trained. Accuracy: 0.9604 (13.20 sec.)
2025-03-25 17:50:14 - INFO - Training model: original-tda-top_left
2025-03-25 17:50:34 - INFO - Model original-tda-top_left completed in 19.86 seconds.
2025-03-25 17:50:34 - INFO - >>> Model original-tda-top_left trained. Accuracy: 0.9607 (19.86 sec.)
2025-03-25 17:50:34 - INFO - Training model: original-tda-bottom_left
2025-03-25 17:50:54 - INFO - Model original-tda-bottom_left completed in 19.93 seconds.
2025-03-25 17:50:54 - INFO - >>> Model original-tda-bottom_left trained. Accuracy: 0.9603 (19.93 sec.)
2025-03-25 17:50:54 - INFO - Training model: bottom_right-original-tda
2025-03-25 17:51:14 - INFO - Model bottom_right-original-tda completed in 20.21 seconds.
2025-03-25 17:51:14 - INFO - >>> Model bottom_right-original-tda trained. Accuracy: 0.9618 (20.21 sec.)
2025-03-25 17:51:14 - INFO - Training model: original-top_left-bottom_left
2025-03-25 17:51:27 - INFO - Model original-top_left-bottom_left completed in 12.70 seconds.
2025-03-25 17:51:27 - INFO - >>> Model original-top_left-bottom_left trained. Accuracy: 0.9612 (12.70 sec.)
2025-03-25 17:51:27 - INFO - Training model: bottom_right-original-top_left
2025-03-25 17:51:39 - INFO - Model bottom_right-original-top_left completed in 12.77 seconds.
2025-03-25 17:51:39 - INFO - >>> Model bottom_right-original-top_left trained. Accuracy: 0.9601 (12.77 sec.)
2025-03-25 17:51:39 - INFO - Training model: bottom_right-original-bottom_left
2025-03-25 17:51:52 - INFO - Model bottom_right-original-bottom_left completed in 12.92 seconds.
2025-03-25 17:51:52 - INFO - >>> Model bottom_right-original-bottom_left trained. Accuracy: 0.9605 (12.92 sec.)
2025-03-25 17:51:52 - INFO - Training model: tda-original-top_right-top_left
2025-03-25 17:52:16 - INFO - Model tda-original-top_right-top_left completed in 23.84 seconds.
2025-03-25 17:52:16 - INFO - >>> Model tda-original-top_right-top_left trained. Accuracy: 0.9651 (23.84 sec.)
2025-03-25 17:52:16 - INFO - Training model: tda-original-top_right-bottom_left
2025-03-25 17:52:39 - INFO - Model tda-original-top_right-bottom_left completed in 23.08 seconds.
2025-03-25 17:52:39 - INFO - >>> Model tda-original-top_right-bottom_left trained. Accuracy: 0.9639 (23.08 sec.)
2025-03-25 17:52:39 - INFO - Training model: tda-bottom_right-original-top_right
2025-03-25 17:53:03 - INFO - Model tda-bottom_right-original-top_right completed in 23.94 seconds.
2025-03-25 17:53:03 - INFO - >>> Model tda-bottom_right-original-top_right trained. Accuracy: 0.9647 (23.94 sec.)
2025-03-25 17:53:03 - INFO - Training model: original-top_right-top_left-bottom_left
2025-03-25 17:53:19 - INFO - Model original-top_right-top_left-bottom_left completed in 16.05 seconds.
2025-03-25 17:53:19 - INFO - >>> Model original-top_right-top_left-bottom_left trained. Accuracy: 0.9654 (16.05 sec.)
2025-03-25 17:53:19 - INFO - Training model: bottom_right-original-top_right-top_left
2025-03-25 17:53:36 - INFO - Model bottom_right-original-top_right-top_left completed in 16.53 seconds.
2025-03-25 17:53:36 - INFO - >>> Model bottom_right-original-top_right-top_left trained. Accuracy: 0.9659 (16.53 sec.)
2025-03-25 17:53:36 - INFO - Training model: bottom_right-original-top_right-bottom_left
2025-03-25 17:53:52 - INFO - Model bottom_right-original-top_right-bottom_left completed in 16.45 seconds.
2025-03-25 17:53:52 - INFO - >>> Model bottom_right-original-top_right-bottom_left trained. Accuracy: 0.9635 (16.45 sec.)
2025-03-25 17:53:52 - INFO - Training model: original-tda-top_left-bottom_left
2025-03-25 17:54:15 - INFO - Model original-tda-top_left-bottom_left completed in 23.06 seconds.
2025-03-25 17:54:15 - INFO - >>> Model original-tda-top_left-bottom_left trained. Accuracy: 0.9639 (23.06 sec.)
2025-03-25 17:54:15 - INFO - Training model: bottom_right-original-tda-top_left
2025-03-25 17:54:38 - INFO - Model bottom_right-original-tda-top_left completed in 23.16 seconds.
2025-03-25 17:54:38 - INFO - >>> Model bottom_right-original-tda-top_left trained. Accuracy: 0.9648 (23.16 sec.)
2025-03-25 17:54:39 - INFO - Training model: bottom_right-original-tda-bottom_left
2025-03-25 17:55:02 - INFO - Model bottom_right-original-tda-bottom_left completed in 23.92 seconds.
2025-03-25 17:55:02 - INFO - >>> Model bottom_right-original-tda-bottom_left trained. Accuracy: 0.9629 (23.92 sec.)
2025-03-25 17:55:02 - INFO - Training model: bottom_right-original-top_left-bottom_left
2025-03-25 17:55:19 - INFO - Model bottom_right-original-top_left-bottom_left completed in 16.43 seconds.
2025-03-25 17:55:19 - INFO - >>> Model bottom_right-original-top_left-bottom_left trained. Accuracy: 0.9641 (16.43 sec.)
2025-03-25 17:55:19 - INFO - Training model: top_right-tda-top_left-bottom_left-original
2025-03-25 17:55:46 - INFO - Model top_right-tda-top_left-bottom_left-original completed in 26.71 seconds.
2025-03-25 17:55:46 - INFO - >>> Model top_right-tda-top_left-bottom_left-original trained. Accuracy: 0.9671 (26.71 sec.)
2025-03-25 17:55:46 - INFO - Training model: top_right-tda-top_left-original-bottom_right
2025-03-25 17:56:13 - INFO - Model top_right-tda-top_left-original-bottom_right completed in 26.98 seconds.
2025-03-25 17:56:13 - INFO - >>> Model top_right-tda-top_left-original-bottom_right trained. Accuracy: 0.9686 (26.98 sec.)
2025-03-25 17:56:13 - INFO - Training model: top_right-tda-bottom_left-original-bottom_right
2025-03-25 17:56:40 - INFO - Model top_right-tda-bottom_left-original-bottom_right completed in 27.32 seconds.
2025-03-25 17:56:40 - INFO - >>> Model top_right-tda-bottom_left-original-bottom_right trained. Accuracy: 0.9661 (27.32 sec.)
2025-03-25 17:56:40 - INFO - Training model: top_right-top_left-bottom_left-original-bottom_right
2025-03-25 17:57:00 - INFO - Model top_right-top_left-bottom_left-original-bottom_right completed in 19.92 seconds.
2025-03-25 17:57:00 - INFO - >>> Model top_right-top_left-bottom_left-original-bottom_right trained. Accuracy: 0.9682 (19.92 sec.)
2025-03-25 17:57:00 - INFO - Training model: tda-top_left-bottom_left-original-bottom_right
2025-03-25 17:57:27 - INFO - Model tda-top_left-bottom_left-original-bottom_right completed in 26.98 seconds.
2025-03-25 17:57:27 - INFO - >>> Model tda-top_left-bottom_left-original-bottom_right trained. Accuracy: 0.9656 (26.98 sec.)
2025-03-25 17:57:27 - INFO - Training model: top_right-tda-top_left-bottom_left-original-bottom_right
2025-03-25 17:57:57 - INFO - Model top_right-tda-top_left-bottom_left-original-bottom_right completed in 30.70 seconds.
2025-03-25 17:57:58 - INFO - >>> Model top_right-tda-top_left-bottom_left-original-bottom_right trained. Accuracy: 0.9700 (30.70 sec.)
2025-03-25 17:57:58 - INFO - All models trained successfully.
2025-03-25 17:57:58 - INFO - ========== [Model Training Completed] in 9.64 minutes ==========
2025-03-25 17:57:58 - INFO - ========== [Experiment Training Complete] ==========
2025-03-25 17:57:58 - INFO - Results saved to /home/jovyan/Workspace/workspace_mnist/results/exp_noise_icecream_lines_q3/experiment_trainsize_predictions_2025-03-25_17-57-58.json
2025-03-25 17:57:58 - INFO - Results successfully saved to /home/jovyan/Workspace/workspace_mnist/results/exp_noise_icecream_lines_q3/experiment_trainsize_predictions_2025-03-25_17-57-58.json
2025-03-25 17:57:58 - INFO - Garbage collection executed.
2025-03-25 17:57:58 - INFO - ========== [Experiment Completed] in 18.43 minutes ==========
