2025-03-25 21:08:46 - INFO - Logging initialized.
 Writing to /home/jovyan/Workspace/workspace_mnist/logs/exp_noise_icecream_lines_q3/experiment_logs_2025-03-25_21-08-46.log
2025-03-25 21:08:46 - INFO - ========== [Experiment Start] ==========
2025-03-25 21:08:46 - INFO - Views combinations succesfully generated.
2025-03-25 21:08:46 - INFO - Topological Data Analysis pipeline generated.
2025-03-25 21:08:46 - INFO - Generating folder to save results.
2025-03-25 21:08:46 - INFO - Reading dataset in chunks from mnist_784.csv (chunk size: 70000)
2025-03-25 21:08:47 - INFO - Starting multiview data preparation for a chunk of size (70000, 784)...
2025-03-25 21:08:47 - INFO - Running using 22 jobs.
2025-03-25 21:08:47 - INFO - Contaminating dataset with lines using 3.
2025-03-25 21:08:51 - INFO - Splitting data: 64.4% train / 20.0% test (random_state=824368717)
2025-03-25 21:08:51 - INFO - Data split complete. Train size: (36088, 784), Test size: (14000, 784)
2025-03-25 21:08:51 - INFO - Reshaping train and test data into square images...
2025-03-25 21:08:51 - INFO - Reshaping complete. Train images: (36088, 28, 28), Test images: (14000, 28, 28)
2025-03-25 21:08:51 - INFO - Splitting images into quadrant views...
2025-03-25 21:08:51 - INFO - Quadrant view splitting complete. Train views: 4, Test views: 4
2025-03-25 21:08:51 - INFO - >> Starting TDA pipeline transformation on train data...
2025-03-25 21:14:17 - INFO - >> TDA transformation for train data completed (5.44 minutes).
2025-03-25 21:14:17 - INFO - >> Applying TDA pipeline transformation on test data...
2025-03-25 21:16:21 - INFO - >> TDA transformation for test data completed (2.07 minutes).
2025-03-25 21:16:21 - INFO - ========== [Model Training Start] ==========
2025-03-25 21:16:21 - INFO - Training model: original
2025-03-25 21:16:22 - INFO - Model original completed in 0.96 seconds.
2025-03-25 21:16:22 - INFO - >>> Model original trained. Accuracy: 0.9509 (0.96 sec.)
2025-03-25 21:16:22 - INFO - Training model: original-top_right
2025-03-25 21:16:30 - INFO - Model original-top_right completed in 7.57 seconds.
2025-03-25 21:16:30 - INFO - >>> Model original-top_right trained. Accuracy: 0.9575 (7.57 sec.)
2025-03-25 21:16:30 - INFO - Training model: original-tda
2025-03-25 21:16:43 - INFO - Model original-tda completed in 13.11 seconds.
2025-03-25 21:16:43 - INFO - >>> Model original-tda trained. Accuracy: 0.9572 (13.11 sec.)
2025-03-25 21:16:43 - INFO - Training model: original-top_left
2025-03-25 21:16:50 - INFO - Model original-top_left completed in 7.40 seconds.
2025-03-25 21:16:50 - INFO - >>> Model original-top_left trained. Accuracy: 0.9562 (7.40 sec.)
2025-03-25 21:16:50 - INFO - Training model: original-bottom_left
2025-03-25 21:16:58 - INFO - Model original-bottom_left completed in 7.40 seconds.
2025-03-25 21:16:58 - INFO - >>> Model original-bottom_left trained. Accuracy: 0.9552 (7.40 sec.)
2025-03-25 21:16:58 - INFO - Training model: bottom_right-original
2025-03-25 21:17:05 - INFO - Model bottom_right-original completed in 7.60 seconds.
2025-03-25 21:17:05 - INFO - >>> Model bottom_right-original trained. Accuracy: 0.9577 (7.60 sec.)
2025-03-25 21:17:05 - INFO - Training model: tda-original-top_right
2025-03-25 21:17:21 - INFO - Model tda-original-top_right completed in 16.01 seconds.
2025-03-25 21:17:21 - INFO - >>> Model tda-original-top_right trained. Accuracy: 0.9609 (16.01 sec.)
2025-03-25 21:17:21 - INFO - Training model: original-top_right-top_left
2025-03-25 21:17:32 - INFO - Model original-top_right-top_left completed in 10.24 seconds.
2025-03-25 21:17:32 - INFO - >>> Model original-top_right-top_left trained. Accuracy: 0.9589 (10.24 sec.)
2025-03-25 21:17:32 - INFO - Training model: original-top_right-bottom_left
2025-03-25 21:17:42 - INFO - Model original-top_right-bottom_left completed in 10.49 seconds.
2025-03-25 21:17:42 - INFO - >>> Model original-top_right-bottom_left trained. Accuracy: 0.9591 (10.49 sec.)
2025-03-25 21:17:42 - INFO - Training model: bottom_right-original-top_right
2025-03-25 21:17:53 - INFO - Model bottom_right-original-top_right completed in 10.41 seconds.
2025-03-25 21:17:53 - INFO - >>> Model bottom_right-original-top_right trained. Accuracy: 0.9617 (10.41 sec.)
2025-03-25 21:17:53 - INFO - Training model: original-tda-top_left
2025-03-25 21:18:09 - INFO - Model original-tda-top_left completed in 16.18 seconds.
2025-03-25 21:18:09 - INFO - >>> Model original-tda-top_left trained. Accuracy: 0.9584 (16.18 sec.)
2025-03-25 21:18:09 - INFO - Training model: original-tda-bottom_left
2025-03-25 21:18:25 - INFO - Model original-tda-bottom_left completed in 15.95 seconds.
2025-03-25 21:18:25 - INFO - >>> Model original-tda-bottom_left trained. Accuracy: 0.9574 (15.95 sec.)
2025-03-25 21:18:25 - INFO - Training model: bottom_right-original-tda
2025-03-25 21:18:41 - INFO - Model bottom_right-original-tda completed in 16.18 seconds.
2025-03-25 21:18:41 - INFO - >>> Model bottom_right-original-tda trained. Accuracy: 0.9606 (16.18 sec.)
2025-03-25 21:18:41 - INFO - Training model: original-top_left-bottom_left
2025-03-25 21:18:51 - INFO - Model original-top_left-bottom_left completed in 10.27 seconds.
2025-03-25 21:18:51 - INFO - >>> Model original-top_left-bottom_left trained. Accuracy: 0.9582 (10.27 sec.)
2025-03-25 21:18:51 - INFO - Training model: bottom_right-original-top_left
2025-03-25 21:19:01 - INFO - Model bottom_right-original-top_left completed in 10.08 seconds.
2025-03-25 21:19:01 - INFO - >>> Model bottom_right-original-top_left trained. Accuracy: 0.9599 (10.08 sec.)
2025-03-25 21:19:01 - INFO - Training model: bottom_right-original-bottom_left
2025-03-25 21:19:12 - INFO - Model bottom_right-original-bottom_left completed in 10.61 seconds.
2025-03-25 21:19:12 - INFO - >>> Model bottom_right-original-bottom_left trained. Accuracy: 0.9582 (10.61 sec.)
2025-03-25 21:19:12 - INFO - Training model: tda-original-top_right-top_left
2025-03-25 21:19:30 - INFO - Model tda-original-top_right-top_left completed in 18.63 seconds.
2025-03-25 21:19:30 - INFO - >>> Model tda-original-top_right-top_left trained. Accuracy: 0.9619 (18.63 sec.)
2025-03-25 21:19:30 - INFO - Training model: tda-original-top_right-bottom_left
2025-03-25 21:19:49 - INFO - Model tda-original-top_right-bottom_left completed in 18.69 seconds.
2025-03-25 21:19:49 - INFO - >>> Model tda-original-top_right-bottom_left trained. Accuracy: 0.9623 (18.69 sec.)
2025-03-25 21:19:49 - INFO - Training model: tda-bottom_right-original-top_right
2025-03-25 21:20:08 - INFO - Model tda-bottom_right-original-top_right completed in 19.19 seconds.
2025-03-25 21:20:08 - INFO - >>> Model tda-bottom_right-original-top_right trained. Accuracy: 0.9650 (19.19 sec.)
2025-03-25 21:20:08 - INFO - Training model: original-top_right-top_left-bottom_left
2025-03-25 21:20:21 - INFO - Model original-top_right-top_left-bottom_left completed in 12.91 seconds.
2025-03-25 21:20:21 - INFO - >>> Model original-top_right-top_left-bottom_left trained. Accuracy: 0.9613 (12.91 sec.)
2025-03-25 21:20:21 - INFO - Training model: bottom_right-original-top_right-top_left
2025-03-25 21:20:35 - INFO - Model bottom_right-original-top_right-top_left completed in 13.39 seconds.
2025-03-25 21:20:35 - INFO - >>> Model bottom_right-original-top_right-top_left trained. Accuracy: 0.9641 (13.39 sec.)
2025-03-25 21:20:35 - INFO - Training model: bottom_right-original-top_right-bottom_left
2025-03-25 21:20:48 - INFO - Model bottom_right-original-top_right-bottom_left completed in 13.26 seconds.
2025-03-25 21:20:48 - INFO - >>> Model bottom_right-original-top_right-bottom_left trained. Accuracy: 0.9644 (13.26 sec.)
2025-03-25 21:20:48 - INFO - Training model: original-tda-top_left-bottom_left
2025-03-25 21:21:07 - INFO - Model original-tda-top_left-bottom_left completed in 18.63 seconds.
2025-03-25 21:21:07 - INFO - >>> Model original-tda-top_left-bottom_left trained. Accuracy: 0.9606 (18.63 sec.)
2025-03-25 21:21:07 - INFO - Training model: bottom_right-original-tda-top_left
2025-03-25 21:21:26 - INFO - Model bottom_right-original-tda-top_left completed in 19.11 seconds.
2025-03-25 21:21:26 - INFO - >>> Model bottom_right-original-tda-top_left trained. Accuracy: 0.9637 (19.11 sec.)
2025-03-25 21:21:26 - INFO - Training model: bottom_right-original-tda-bottom_left
2025-03-25 21:21:44 - INFO - Model bottom_right-original-tda-bottom_left completed in 18.46 seconds.
2025-03-25 21:21:44 - INFO - >>> Model bottom_right-original-tda-bottom_left trained. Accuracy: 0.9615 (18.46 sec.)
2025-03-25 21:21:44 - INFO - Training model: bottom_right-original-top_left-bottom_left
2025-03-25 21:21:57 - INFO - Model bottom_right-original-top_left-bottom_left completed in 12.94 seconds.
2025-03-25 21:21:57 - INFO - >>> Model bottom_right-original-top_left-bottom_left trained. Accuracy: 0.9625 (12.94 sec.)
2025-03-25 21:21:57 - INFO - Training model: top_right-tda-top_left-bottom_left-original
2025-03-25 21:22:19 - INFO - Model top_right-tda-top_left-bottom_left-original completed in 21.56 seconds.
2025-03-25 21:22:19 - INFO - >>> Model top_right-tda-top_left-bottom_left-original trained. Accuracy: 0.9641 (21.56 sec.)
2025-03-25 21:22:19 - INFO - Training model: top_right-tda-top_left-original-bottom_right
2025-03-25 21:22:40 - INFO - Model top_right-tda-top_left-original-bottom_right completed in 21.49 seconds.
2025-03-25 21:22:40 - INFO - >>> Model top_right-tda-top_left-original-bottom_right trained. Accuracy: 0.9667 (21.49 sec.)
2025-03-25 21:22:40 - INFO - Training model: top_right-tda-bottom_left-original-bottom_right
2025-03-25 21:23:02 - INFO - Model top_right-tda-bottom_left-original-bottom_right completed in 21.82 seconds.
2025-03-25 21:23:02 - INFO - >>> Model top_right-tda-bottom_left-original-bottom_right trained. Accuracy: 0.9658 (21.82 sec.)
2025-03-25 21:23:02 - INFO - Training model: top_right-top_left-bottom_left-original-bottom_right
2025-03-25 21:23:18 - INFO - Model top_right-top_left-bottom_left-original-bottom_right completed in 16.10 seconds.
2025-03-25 21:23:18 - INFO - >>> Model top_right-top_left-bottom_left-original-bottom_right trained. Accuracy: 0.9659 (16.10 sec.)
2025-03-25 21:23:18 - INFO - Training model: tda-top_left-bottom_left-original-bottom_right
2025-03-25 21:23:39 - INFO - Model tda-top_left-bottom_left-original-bottom_right completed in 21.28 seconds.
2025-03-25 21:23:39 - INFO - >>> Model tda-top_left-bottom_left-original-bottom_right trained. Accuracy: 0.9651 (21.28 sec.)
2025-03-25 21:23:39 - INFO - Training model: top_right-tda-top_left-bottom_left-original-bottom_right
2025-03-25 21:24:04 - INFO - Model top_right-tda-top_left-bottom_left-original-bottom_right completed in 24.49 seconds.
2025-03-25 21:24:04 - INFO - >>> Model top_right-tda-top_left-bottom_left-original-bottom_right trained. Accuracy: 0.9693 (24.49 sec.)
2025-03-25 21:24:04 - INFO - All models trained successfully.
2025-03-25 21:24:04 - INFO - ========== [Model Training Completed] in 7.71 minutes ==========
2025-03-25 21:24:04 - INFO - ========== [Experiment Training Complete] ==========
2025-03-25 21:24:04 - INFO - Results saved to /home/jovyan/Workspace/workspace_mnist/results/exp_noise_icecream_lines_q3/experiment_trainsize_predictions_2025-03-25_21-24-04.json
2025-03-25 21:24:04 - INFO - Results successfully saved to /home/jovyan/Workspace/workspace_mnist/results/exp_noise_icecream_lines_q3/experiment_trainsize_predictions_2025-03-25_21-24-04.json
2025-03-25 21:24:04 - INFO - Garbage collection executed.
2025-03-25 21:24:04 - INFO - ========== [Experiment Completed] in 15.30 minutes ==========
