2025-03-26 20:25:35 - INFO - Logging initialized.
 Writing to /home/jovyan/Workspace/workspace_mnist/logs/exp_noise_icecream_lines_q3/experiment_logs_2025-03-26_20-25-35.log
2025-03-26 20:25:35 - INFO - ========== [Experiment Start] ==========
2025-03-26 20:25:35 - INFO - Views combinations succesfully generated.
2025-03-26 20:25:35 - INFO - Topological Data Analysis pipeline generated.
2025-03-26 20:25:35 - INFO - Generating folder to save results.
2025-03-26 20:25:35 - INFO - Reading dataset in chunks from mnist_784.csv (chunk size: 70000)
2025-03-26 20:25:35 - INFO - Starting multiview data preparation for a chunk of size (70000, 784)...
2025-03-26 20:25:35 - INFO - Running using 22 jobs.
2025-03-26 20:25:35 - INFO - Contaminating dataset with lines using 3.
2025-03-26 20:25:39 - INFO - Splitting data: 41.1% train / 20.0% test (random_state=274376558)
2025-03-26 20:25:39 - INFO - Data split complete. Train size: (23022, 784), Test size: (14000, 784)
2025-03-26 20:25:39 - INFO - Reshaping train and test data into square images...
2025-03-26 20:25:39 - INFO - Reshaping complete. Train images: (23022, 28, 28), Test images: (14000, 28, 28)
2025-03-26 20:25:39 - INFO - Splitting images into quadrant views...
2025-03-26 20:25:39 - INFO - Quadrant view splitting complete. Train views: 4, Test views: 4
2025-03-26 20:25:39 - INFO - >> Starting TDA pipeline transformation on train data...
2025-03-26 20:29:07 - INFO - >> TDA transformation for train data completed (3.46 minutes).
2025-03-26 20:29:07 - INFO - >> Applying TDA pipeline transformation on test data...
2025-03-26 20:31:13 - INFO - >> TDA transformation for test data completed (2.10 minutes).
2025-03-26 20:31:13 - INFO - ========== [Model Training Start] ==========
2025-03-26 20:31:13 - INFO - Training model: original
2025-03-26 20:31:13 - INFO - Model original completed in 0.54 seconds.
2025-03-26 20:31:13 - INFO - >>> Model original trained. Accuracy: 0.9442 (0.54 sec.)
2025-03-26 20:31:13 - INFO - Training model: original-top_right
2025-03-26 20:31:19 - INFO - Model original-top_right completed in 5.37 seconds.
2025-03-26 20:31:19 - INFO - >>> Model original-top_right trained. Accuracy: 0.9499 (5.37 sec.)
2025-03-26 20:31:19 - INFO - Training model: original-tda
2025-03-26 20:31:27 - INFO - Model original-tda completed in 8.56 seconds.
2025-03-26 20:31:27 - INFO - >>> Model original-tda trained. Accuracy: 0.9501 (8.56 sec.)
2025-03-26 20:31:27 - INFO - Training model: original-top_left
2025-03-26 20:31:33 - INFO - Model original-top_left completed in 5.39 seconds.
2025-03-26 20:31:33 - INFO - >>> Model original-top_left trained. Accuracy: 0.9489 (5.39 sec.)
2025-03-26 20:31:33 - INFO - Training model: original-bottom_left
2025-03-26 20:31:38 - INFO - Model original-bottom_left completed in 5.17 seconds.
2025-03-26 20:31:38 - INFO - >>> Model original-bottom_left trained. Accuracy: 0.9500 (5.17 sec.)
2025-03-26 20:31:38 - INFO - Training model: bottom_right-original
2025-03-26 20:31:44 - INFO - Model bottom_right-original completed in 5.70 seconds.
2025-03-26 20:31:44 - INFO - >>> Model bottom_right-original trained. Accuracy: 0.9512 (5.70 sec.)
2025-03-26 20:31:44 - INFO - Training model: tda-original-top_right
2025-03-26 20:31:54 - INFO - Model tda-original-top_right completed in 10.57 seconds.
2025-03-26 20:31:54 - INFO - >>> Model tda-original-top_right trained. Accuracy: 0.9548 (10.57 sec.)
2025-03-26 20:31:54 - INFO - Training model: original-top_right-top_left
2025-03-26 20:32:01 - INFO - Model original-top_right-top_left completed in 7.10 seconds.
2025-03-26 20:32:01 - INFO - >>> Model original-top_right-top_left trained. Accuracy: 0.9528 (7.10 sec.)
2025-03-26 20:32:01 - INFO - Training model: original-top_right-bottom_left
2025-03-26 20:32:09 - INFO - Model original-top_right-bottom_left completed in 7.42 seconds.
2025-03-26 20:32:09 - INFO - >>> Model original-top_right-bottom_left trained. Accuracy: 0.9536 (7.42 sec.)
2025-03-26 20:32:09 - INFO - Training model: bottom_right-original-top_right
2025-03-26 20:32:16 - INFO - Model bottom_right-original-top_right completed in 7.46 seconds.
2025-03-26 20:32:16 - INFO - >>> Model bottom_right-original-top_right trained. Accuracy: 0.9536 (7.46 sec.)
2025-03-26 20:32:16 - INFO - Training model: original-tda-top_left
2025-03-26 20:32:27 - INFO - Model original-tda-top_left completed in 10.51 seconds.
2025-03-26 20:32:27 - INFO - >>> Model original-tda-top_left trained. Accuracy: 0.9520 (10.51 sec.)
2025-03-26 20:32:27 - INFO - Training model: original-tda-bottom_left
2025-03-26 20:32:38 - INFO - Model original-tda-bottom_left completed in 10.80 seconds.
2025-03-26 20:32:38 - INFO - >>> Model original-tda-bottom_left trained. Accuracy: 0.9520 (10.80 sec.)
2025-03-26 20:32:38 - INFO - Training model: bottom_right-original-tda
2025-03-26 20:32:48 - INFO - Model bottom_right-original-tda completed in 10.88 seconds.
2025-03-26 20:32:48 - INFO - >>> Model bottom_right-original-tda trained. Accuracy: 0.9548 (10.88 sec.)
2025-03-26 20:32:48 - INFO - Training model: original-top_left-bottom_left
2025-03-26 20:32:56 - INFO - Model original-top_left-bottom_left completed in 7.37 seconds.
2025-03-26 20:32:56 - INFO - >>> Model original-top_left-bottom_left trained. Accuracy: 0.9522 (7.37 sec.)
2025-03-26 20:32:56 - INFO - Training model: bottom_right-original-top_left
2025-03-26 20:33:03 - INFO - Model bottom_right-original-top_left completed in 7.65 seconds.
2025-03-26 20:33:03 - INFO - >>> Model bottom_right-original-top_left trained. Accuracy: 0.9531 (7.65 sec.)
2025-03-26 20:33:03 - INFO - Training model: bottom_right-original-bottom_left
2025-03-26 20:33:11 - INFO - Model bottom_right-original-bottom_left completed in 7.31 seconds.
2025-03-26 20:33:11 - INFO - >>> Model bottom_right-original-bottom_left trained. Accuracy: 0.9517 (7.31 sec.)
2025-03-26 20:33:11 - INFO - Training model: tda-original-top_right-top_left
2025-03-26 20:33:23 - INFO - Model tda-original-top_right-top_left completed in 12.36 seconds.
2025-03-26 20:33:23 - INFO - >>> Model tda-original-top_right-top_left trained. Accuracy: 0.9563 (12.36 sec.)
2025-03-26 20:33:23 - INFO - Training model: tda-original-top_right-bottom_left
2025-03-26 20:33:36 - INFO - Model tda-original-top_right-bottom_left completed in 12.80 seconds.
2025-03-26 20:33:36 - INFO - >>> Model tda-original-top_right-bottom_left trained. Accuracy: 0.9569 (12.80 sec.)
2025-03-26 20:33:36 - INFO - Training model: tda-bottom_right-original-top_right
2025-03-26 20:33:49 - INFO - Model tda-bottom_right-original-top_right completed in 12.64 seconds.
2025-03-26 20:33:49 - INFO - >>> Model tda-bottom_right-original-top_right trained. Accuracy: 0.9584 (12.64 sec.)
2025-03-26 20:33:49 - INFO - Training model: original-top_right-top_left-bottom_left
2025-03-26 20:33:58 - INFO - Model original-top_right-top_left-bottom_left completed in 9.64 seconds.
2025-03-26 20:33:58 - INFO - >>> Model original-top_right-top_left-bottom_left trained. Accuracy: 0.9564 (9.64 sec.)
2025-03-26 20:33:58 - INFO - Training model: bottom_right-original-top_right-top_left
2025-03-26 20:34:08 - INFO - Model bottom_right-original-top_right-top_left completed in 9.51 seconds.
2025-03-26 20:34:08 - INFO - >>> Model bottom_right-original-top_right-top_left trained. Accuracy: 0.9567 (9.51 sec.)
2025-03-26 20:34:08 - INFO - Training model: bottom_right-original-top_right-bottom_left
2025-03-26 20:34:18 - INFO - Model bottom_right-original-top_right-bottom_left completed in 9.92 seconds.
2025-03-26 20:34:18 - INFO - >>> Model bottom_right-original-top_right-bottom_left trained. Accuracy: 0.9549 (9.92 sec.)
2025-03-26 20:34:18 - INFO - Training model: original-tda-top_left-bottom_left
2025-03-26 20:34:30 - INFO - Model original-tda-top_left-bottom_left completed in 12.49 seconds.
2025-03-26 20:34:30 - INFO - >>> Model original-tda-top_left-bottom_left trained. Accuracy: 0.9554 (12.49 sec.)
2025-03-26 20:34:30 - INFO - Training model: bottom_right-original-tda-top_left
2025-03-26 20:34:43 - INFO - Model bottom_right-original-tda-top_left completed in 12.83 seconds.
2025-03-26 20:34:43 - INFO - >>> Model bottom_right-original-tda-top_left trained. Accuracy: 0.9571 (12.83 sec.)
2025-03-26 20:34:43 - INFO - Training model: bottom_right-original-tda-bottom_left
2025-03-26 20:34:56 - INFO - Model bottom_right-original-tda-bottom_left completed in 12.89 seconds.
2025-03-26 20:34:56 - INFO - >>> Model bottom_right-original-tda-bottom_left trained. Accuracy: 0.9541 (12.89 sec.)
2025-03-26 20:34:56 - INFO - Training model: bottom_right-original-top_left-bottom_left
2025-03-26 20:35:06 - INFO - Model bottom_right-original-top_left-bottom_left completed in 9.72 seconds.
2025-03-26 20:35:06 - INFO - >>> Model bottom_right-original-top_left-bottom_left trained. Accuracy: 0.9546 (9.72 sec.)
2025-03-26 20:35:06 - INFO - Training model: top_right-tda-top_left-bottom_left-original
2025-03-26 20:35:21 - INFO - Model top_right-tda-top_left-bottom_left-original completed in 14.89 seconds.
2025-03-26 20:35:21 - INFO - >>> Model top_right-tda-top_left-bottom_left-original trained. Accuracy: 0.9590 (14.89 sec.)
2025-03-26 20:35:21 - INFO - Training model: top_right-tda-top_left-original-bottom_right
2025-03-26 20:35:35 - INFO - Model top_right-tda-top_left-original-bottom_right completed in 14.71 seconds.
2025-03-26 20:35:35 - INFO - >>> Model top_right-tda-top_left-original-bottom_right trained. Accuracy: 0.9603 (14.71 sec.)
2025-03-26 20:35:35 - INFO - Training model: top_right-tda-bottom_left-original-bottom_right
2025-03-26 20:35:50 - INFO - Model top_right-tda-bottom_left-original-bottom_right completed in 14.97 seconds.
2025-03-26 20:35:50 - INFO - >>> Model top_right-tda-bottom_left-original-bottom_right trained. Accuracy: 0.9588 (14.97 sec.)
2025-03-26 20:35:50 - INFO - Training model: top_right-top_left-bottom_left-original-bottom_right
2025-03-26 20:36:02 - INFO - Model top_right-top_left-bottom_left-original-bottom_right completed in 11.44 seconds.
2025-03-26 20:36:02 - INFO - >>> Model top_right-top_left-bottom_left-original-bottom_right trained. Accuracy: 0.9594 (11.44 sec.)
2025-03-26 20:36:02 - INFO - Training model: tda-top_left-bottom_left-original-bottom_right
2025-03-26 20:36:17 - INFO - Model tda-top_left-bottom_left-original-bottom_right completed in 14.97 seconds.
2025-03-26 20:36:17 - INFO - >>> Model tda-top_left-bottom_left-original-bottom_right trained. Accuracy: 0.9584 (14.97 sec.)
2025-03-26 20:36:17 - INFO - Training model: top_right-tda-top_left-bottom_left-original-bottom_right
2025-03-26 20:36:34 - INFO - Model top_right-tda-top_left-bottom_left-original-bottom_right completed in 16.99 seconds.
2025-03-26 20:36:34 - INFO - >>> Model top_right-tda-top_left-bottom_left-original-bottom_right trained. Accuracy: 0.9623 (16.99 sec.)
2025-03-26 20:36:34 - INFO - All models trained successfully.
2025-03-26 20:36:34 - INFO - ========== [Model Training Completed] in 5.35 minutes ==========
2025-03-26 20:36:34 - INFO - ========== [Experiment Training Complete] ==========
2025-03-26 20:36:34 - INFO - Results saved to /home/jovyan/Workspace/workspace_mnist/results/exp_noise_icecream_lines_q3/experiment_trainsize_predictions_2025-03-26_20-36-34.json
2025-03-26 20:36:34 - INFO - Results successfully saved to /home/jovyan/Workspace/workspace_mnist/results/exp_noise_icecream_lines_q3/experiment_trainsize_predictions_2025-03-26_20-36-34.json
2025-03-26 20:36:34 - INFO - Garbage collection executed.
2025-03-26 20:36:34 - INFO - ========== [Experiment Completed] in 10.99 minutes ==========
