2025-03-25 21:24:04 - INFO - Logging initialized.
 Writing to /home/jovyan/Workspace/workspace_mnist/logs/exp_noise_icecream_lines_q3/experiment_logs_2025-03-25_21-24-04.log
2025-03-25 21:24:04 - INFO - ========== [Experiment Start] ==========
2025-03-25 21:24:04 - INFO - Views combinations succesfully generated.
2025-03-25 21:24:04 - INFO - Topological Data Analysis pipeline generated.
2025-03-25 21:24:04 - INFO - Generating folder to save results.
2025-03-25 21:24:04 - INFO - Reading dataset in chunks from mnist_784.csv (chunk size: 70000)
2025-03-25 21:24:05 - INFO - Starting multiview data preparation for a chunk of size (70000, 784)...
2025-03-25 21:24:05 - INFO - Running using 22 jobs.
2025-03-25 21:24:05 - INFO - Contaminating dataset with lines using 3.
2025-03-25 21:24:09 - INFO - Splitting data: 72.2% train / 20.0% test (random_state=824368717)
2025-03-25 21:24:09 - INFO - Data split complete. Train size: (40444, 784), Test size: (14000, 784)
2025-03-25 21:24:09 - INFO - Reshaping train and test data into square images...
2025-03-25 21:24:09 - INFO - Reshaping complete. Train images: (40444, 28, 28), Test images: (14000, 28, 28)
2025-03-25 21:24:09 - INFO - Splitting images into quadrant views...
2025-03-25 21:24:09 - INFO - Quadrant view splitting complete. Train views: 4, Test views: 4
2025-03-25 21:24:09 - INFO - >> Starting TDA pipeline transformation on train data...
2025-03-25 21:30:18 - INFO - >> TDA transformation for train data completed (6.15 minutes).
2025-03-25 21:30:18 - INFO - >> Applying TDA pipeline transformation on test data...
2025-03-25 21:32:27 - INFO - >> TDA transformation for test data completed (2.15 minutes).
2025-03-25 21:32:27 - INFO - ========== [Model Training Start] ==========
2025-03-25 21:32:27 - INFO - Training model: original
2025-03-25 21:32:28 - INFO - Model original completed in 1.03 seconds.
2025-03-25 21:32:28 - INFO - >>> Model original trained. Accuracy: 0.9504 (1.03 sec.)
2025-03-25 21:32:28 - INFO - Training model: original-top_right
2025-03-25 21:32:36 - INFO - Model original-top_right completed in 8.52 seconds.
2025-03-25 21:32:36 - INFO - >>> Model original-top_right trained. Accuracy: 0.9572 (8.52 sec.)
2025-03-25 21:32:36 - INFO - Training model: original-tda
2025-03-25 21:32:52 - INFO - Model original-tda completed in 15.10 seconds.
2025-03-25 21:32:52 - INFO - >>> Model original-tda trained. Accuracy: 0.9571 (15.10 sec.)
2025-03-25 21:32:52 - INFO - Training model: original-top_left
2025-03-25 21:33:00 - INFO - Model original-top_left completed in 8.17 seconds.
2025-03-25 21:33:00 - INFO - >>> Model original-top_left trained. Accuracy: 0.9564 (8.17 sec.)
2025-03-25 21:33:00 - INFO - Training model: original-bottom_left
2025-03-25 21:33:08 - INFO - Model original-bottom_left completed in 8.51 seconds.
2025-03-25 21:33:08 - INFO - >>> Model original-bottom_left trained. Accuracy: 0.9549 (8.51 sec.)
2025-03-25 21:33:08 - INFO - Training model: bottom_right-original
2025-03-25 21:33:17 - INFO - Model bottom_right-original completed in 8.60 seconds.
2025-03-25 21:33:17 - INFO - >>> Model bottom_right-original trained. Accuracy: 0.9575 (8.60 sec.)
2025-03-25 21:33:17 - INFO - Training model: tda-original-top_right
2025-03-25 21:33:35 - INFO - Model tda-original-top_right completed in 18.15 seconds.
2025-03-25 21:33:35 - INFO - >>> Model tda-original-top_right trained. Accuracy: 0.9596 (18.15 sec.)
2025-03-25 21:33:35 - INFO - Training model: original-top_right-top_left
2025-03-25 21:33:46 - INFO - Model original-top_right-top_left completed in 11.47 seconds.
2025-03-25 21:33:46 - INFO - >>> Model original-top_right-top_left trained. Accuracy: 0.9604 (11.47 sec.)
2025-03-25 21:33:46 - INFO - Training model: original-top_right-bottom_left
2025-03-25 21:33:58 - INFO - Model original-top_right-bottom_left completed in 11.51 seconds.
2025-03-25 21:33:58 - INFO - >>> Model original-top_right-bottom_left trained. Accuracy: 0.9591 (11.51 sec.)
2025-03-25 21:33:58 - INFO - Training model: bottom_right-original-top_right
2025-03-25 21:34:09 - INFO - Model bottom_right-original-top_right completed in 11.46 seconds.
2025-03-25 21:34:09 - INFO - >>> Model bottom_right-original-top_right trained. Accuracy: 0.9616 (11.46 sec.)
2025-03-25 21:34:09 - INFO - Training model: original-tda-top_left
2025-03-25 21:34:27 - INFO - Model original-tda-top_left completed in 17.96 seconds.
2025-03-25 21:34:27 - INFO - >>> Model original-tda-top_left trained. Accuracy: 0.9597 (17.96 sec.)
2025-03-25 21:34:27 - INFO - Training model: original-tda-bottom_left
2025-03-25 21:34:45 - INFO - Model original-tda-bottom_left completed in 17.80 seconds.
2025-03-25 21:34:45 - INFO - >>> Model original-tda-bottom_left trained. Accuracy: 0.9570 (17.80 sec.)
2025-03-25 21:34:45 - INFO - Training model: bottom_right-original-tda
2025-03-25 21:35:04 - INFO - Model bottom_right-original-tda completed in 18.72 seconds.
2025-03-25 21:35:04 - INFO - >>> Model bottom_right-original-tda trained. Accuracy: 0.9591 (18.72 sec.)
2025-03-25 21:35:04 - INFO - Training model: original-top_left-bottom_left
2025-03-25 21:35:15 - INFO - Model original-top_left-bottom_left completed in 11.44 seconds.
2025-03-25 21:35:15 - INFO - >>> Model original-top_left-bottom_left trained. Accuracy: 0.9580 (11.44 sec.)
2025-03-25 21:35:15 - INFO - Training model: bottom_right-original-top_left
2025-03-25 21:35:27 - INFO - Model bottom_right-original-top_left completed in 11.52 seconds.
2025-03-25 21:35:27 - INFO - >>> Model bottom_right-original-top_left trained. Accuracy: 0.9593 (11.52 sec.)
2025-03-25 21:35:27 - INFO - Training model: bottom_right-original-bottom_left
2025-03-25 21:35:39 - INFO - Model bottom_right-original-bottom_left completed in 11.77 seconds.
2025-03-25 21:35:39 - INFO - >>> Model bottom_right-original-bottom_left trained. Accuracy: 0.9582 (11.77 sec.)
2025-03-25 21:35:39 - INFO - Training model: tda-original-top_right-top_left
2025-03-25 21:36:00 - INFO - Model tda-original-top_right-top_left completed in 21.08 seconds.
2025-03-25 21:36:00 - INFO - >>> Model tda-original-top_right-top_left trained. Accuracy: 0.9626 (21.08 sec.)
2025-03-25 21:36:00 - INFO - Training model: tda-original-top_right-bottom_left
2025-03-25 21:36:21 - INFO - Model tda-original-top_right-bottom_left completed in 21.29 seconds.
2025-03-25 21:36:21 - INFO - >>> Model tda-original-top_right-bottom_left trained. Accuracy: 0.9617 (21.29 sec.)
2025-03-25 21:36:21 - INFO - Training model: tda-bottom_right-original-top_right
2025-03-25 21:36:43 - INFO - Model tda-bottom_right-original-top_right completed in 21.57 seconds.
2025-03-25 21:36:43 - INFO - >>> Model tda-bottom_right-original-top_right trained. Accuracy: 0.9646 (21.57 sec.)
2025-03-25 21:36:43 - INFO - Training model: original-top_right-top_left-bottom_left
2025-03-25 21:36:57 - INFO - Model original-top_right-top_left-bottom_left completed in 14.63 seconds.
2025-03-25 21:36:57 - INFO - >>> Model original-top_right-top_left-bottom_left trained. Accuracy: 0.9628 (14.63 sec.)
2025-03-25 21:36:57 - INFO - Training model: bottom_right-original-top_right-top_left
2025-03-25 21:37:12 - INFO - Model bottom_right-original-top_right-top_left completed in 14.56 seconds.
2025-03-25 21:37:12 - INFO - >>> Model bottom_right-original-top_right-top_left trained. Accuracy: 0.9646 (14.56 sec.)
2025-03-25 21:37:12 - INFO - Training model: bottom_right-original-top_right-bottom_left
2025-03-25 21:37:27 - INFO - Model bottom_right-original-top_right-bottom_left completed in 14.68 seconds.
2025-03-25 21:37:27 - INFO - >>> Model bottom_right-original-top_right-bottom_left trained. Accuracy: 0.9637 (14.68 sec.)
2025-03-25 21:37:27 - INFO - Training model: original-tda-top_left-bottom_left
2025-03-25 21:37:48 - INFO - Model original-tda-top_left-bottom_left completed in 20.96 seconds.
2025-03-25 21:37:48 - INFO - >>> Model original-tda-top_left-bottom_left trained. Accuracy: 0.9601 (20.96 sec.)
2025-03-25 21:37:48 - INFO - Training model: bottom_right-original-tda-top_left
2025-03-25 21:38:09 - INFO - Model bottom_right-original-tda-top_left completed in 21.30 seconds.
2025-03-25 21:38:09 - INFO - >>> Model bottom_right-original-tda-top_left trained. Accuracy: 0.9627 (21.30 sec.)
2025-03-25 21:38:09 - INFO - Training model: bottom_right-original-tda-bottom_left
2025-03-25 21:38:30 - INFO - Model bottom_right-original-tda-bottom_left completed in 21.03 seconds.
2025-03-25 21:38:30 - INFO - >>> Model bottom_right-original-tda-bottom_left trained. Accuracy: 0.9601 (21.03 sec.)
2025-03-25 21:38:30 - INFO - Training model: bottom_right-original-top_left-bottom_left
2025-03-25 21:38:44 - INFO - Model bottom_right-original-top_left-bottom_left completed in 14.60 seconds.
2025-03-25 21:38:44 - INFO - >>> Model bottom_right-original-top_left-bottom_left trained. Accuracy: 0.9617 (14.60 sec.)
2025-03-25 21:38:44 - INFO - Training model: top_right-tda-top_left-bottom_left-original
2025-03-25 21:39:09 - INFO - Model top_right-tda-top_left-bottom_left-original completed in 24.07 seconds.
2025-03-25 21:39:09 - INFO - >>> Model top_right-tda-top_left-bottom_left-original trained. Accuracy: 0.9649 (24.07 sec.)
2025-03-25 21:39:09 - INFO - Training model: top_right-tda-top_left-original-bottom_right
2025-03-25 21:39:33 - INFO - Model top_right-tda-top_left-original-bottom_right completed in 24.17 seconds.
2025-03-25 21:39:33 - INFO - >>> Model top_right-tda-top_left-original-bottom_right trained. Accuracy: 0.9670 (24.17 sec.)
2025-03-25 21:39:33 - INFO - Training model: top_right-tda-bottom_left-original-bottom_right
2025-03-25 21:39:57 - INFO - Model top_right-tda-bottom_left-original-bottom_right completed in 24.55 seconds.
2025-03-25 21:39:57 - INFO - >>> Model top_right-tda-bottom_left-original-bottom_right trained. Accuracy: 0.9667 (24.55 sec.)
2025-03-25 21:39:57 - INFO - Training model: top_right-top_left-bottom_left-original-bottom_right
2025-03-25 21:40:15 - INFO - Model top_right-top_left-bottom_left-original-bottom_right completed in 17.79 seconds.
2025-03-25 21:40:15 - INFO - >>> Model top_right-top_left-bottom_left-original-bottom_right trained. Accuracy: 0.9659 (17.79 sec.)
2025-03-25 21:40:15 - INFO - Training model: tda-top_left-bottom_left-original-bottom_right
2025-03-25 21:40:39 - INFO - Model tda-top_left-bottom_left-original-bottom_right completed in 23.94 seconds.
2025-03-25 21:40:39 - INFO - >>> Model tda-top_left-bottom_left-original-bottom_right trained. Accuracy: 0.9640 (23.94 sec.)
2025-03-25 21:40:39 - INFO - Training model: top_right-tda-top_left-bottom_left-original-bottom_right
2025-03-25 21:41:07 - INFO - Model top_right-tda-top_left-bottom_left-original-bottom_right completed in 27.73 seconds.
2025-03-25 21:41:07 - INFO - >>> Model top_right-tda-top_left-bottom_left-original-bottom_right trained. Accuracy: 0.9686 (27.73 sec.)
2025-03-25 21:41:07 - INFO - All models trained successfully.
2025-03-25 21:41:07 - INFO - ========== [Model Training Completed] in 8.67 minutes ==========
2025-03-25 21:41:07 - INFO - ========== [Experiment Training Complete] ==========
2025-03-25 21:41:07 - INFO - Results saved to /home/jovyan/Workspace/workspace_mnist/results/exp_noise_icecream_lines_q3/experiment_trainsize_predictions_2025-03-25_21-41-07.json
2025-03-25 21:41:07 - INFO - Results successfully saved to /home/jovyan/Workspace/workspace_mnist/results/exp_noise_icecream_lines_q3/experiment_trainsize_predictions_2025-03-25_21-41-07.json
2025-03-25 21:41:07 - INFO - Garbage collection executed.
2025-03-25 21:41:07 - INFO - ========== [Experiment Completed] in 17.05 minutes ==========
