2025-03-26 17:34:58 - INFO - Logging initialized.
 Writing to /home/jovyan/Workspace/workspace_mnist/logs/exp_noise_icecream_lines_q3/experiment_logs_2025-03-26_17-34-58.log
2025-03-26 17:34:58 - INFO - ========== [Experiment Start] ==========
2025-03-26 17:34:58 - INFO - Views combinations succesfully generated.
2025-03-26 17:34:58 - INFO - Topological Data Analysis pipeline generated.
2025-03-26 17:34:58 - INFO - Generating folder to save results.
2025-03-26 17:34:58 - INFO - Reading dataset in chunks from mnist_784.csv (chunk size: 70000)
2025-03-26 17:34:58 - INFO - Starting multiview data preparation for a chunk of size (70000, 784)...
2025-03-26 17:34:58 - INFO - Running using 22 jobs.
2025-03-26 17:34:58 - INFO - Contaminating dataset with lines using 3.
2025-03-26 17:35:02 - INFO - Splitting data: 80.0% train / 20.0% test (random_state=362334714)
2025-03-26 17:35:02 - INFO - Data split complete. Train size: (44800, 784), Test size: (14000, 784)
2025-03-26 17:35:02 - INFO - Reshaping train and test data into square images...
2025-03-26 17:35:02 - INFO - Reshaping complete. Train images: (44800, 28, 28), Test images: (14000, 28, 28)
2025-03-26 17:35:02 - INFO - Splitting images into quadrant views...
2025-03-26 17:35:02 - INFO - Quadrant view splitting complete. Train views: 4, Test views: 4
2025-03-26 17:35:02 - INFO - >> Starting TDA pipeline transformation on train data...
2025-03-26 17:41:41 - INFO - >> TDA transformation for train data completed (6.65 minutes).
2025-03-26 17:41:41 - INFO - >> Applying TDA pipeline transformation on test data...
2025-03-26 17:43:47 - INFO - >> TDA transformation for test data completed (2.09 minutes).
2025-03-26 17:43:47 - INFO - ========== [Model Training Start] ==========
2025-03-26 17:43:47 - INFO - Training model: original
2025-03-26 17:43:48 - INFO - Model original completed in 1.16 seconds.
2025-03-26 17:43:48 - INFO - >>> Model original trained. Accuracy: 0.9568 (1.16 sec.)
2025-03-26 17:43:48 - INFO - Training model: original-top_right
2025-03-26 17:43:58 - INFO - Model original-top_right completed in 9.63 seconds.
2025-03-26 17:43:58 - INFO - >>> Model original-top_right trained. Accuracy: 0.9609 (9.63 sec.)
2025-03-26 17:43:58 - INFO - Training model: original-tda
2025-03-26 17:44:14 - INFO - Model original-tda completed in 16.74 seconds.
2025-03-26 17:44:14 - INFO - >>> Model original-tda trained. Accuracy: 0.9612 (16.74 sec.)
2025-03-26 17:44:14 - INFO - Training model: original-top_left
2025-03-26 17:44:24 - INFO - Model original-top_left completed in 9.25 seconds.
2025-03-26 17:44:24 - INFO - >>> Model original-top_left trained. Accuracy: 0.9620 (9.25 sec.)
2025-03-26 17:44:24 - INFO - Training model: original-bottom_left
2025-03-26 17:44:33 - INFO - Model original-bottom_left completed in 9.70 seconds.
2025-03-26 17:44:33 - INFO - >>> Model original-bottom_left trained. Accuracy: 0.9600 (9.70 sec.)
2025-03-26 17:44:33 - INFO - Training model: bottom_right-original
2025-03-26 17:44:43 - INFO - Model bottom_right-original completed in 9.55 seconds.
2025-03-26 17:44:43 - INFO - >>> Model bottom_right-original trained. Accuracy: 0.9608 (9.55 sec.)
2025-03-26 17:44:43 - INFO - Training model: tda-original-top_right
2025-03-26 17:45:03 - INFO - Model tda-original-top_right completed in 19.96 seconds.
2025-03-26 17:45:03 - INFO - >>> Model tda-original-top_right trained. Accuracy: 0.9619 (19.96 sec.)
2025-03-26 17:45:03 - INFO - Training model: original-top_right-top_left
2025-03-26 17:45:16 - INFO - Model original-top_right-top_left completed in 13.11 seconds.
2025-03-26 17:45:16 - INFO - >>> Model original-top_right-top_left trained. Accuracy: 0.9646 (13.11 sec.)
2025-03-26 17:45:16 - INFO - Training model: original-top_right-bottom_left
2025-03-26 17:45:29 - INFO - Model original-top_right-bottom_left completed in 12.89 seconds.
2025-03-26 17:45:29 - INFO - >>> Model original-top_right-bottom_left trained. Accuracy: 0.9622 (12.89 sec.)
2025-03-26 17:45:29 - INFO - Training model: bottom_right-original-top_right
2025-03-26 17:45:42 - INFO - Model bottom_right-original-top_right completed in 13.01 seconds.
2025-03-26 17:45:42 - INFO - >>> Model bottom_right-original-top_right trained. Accuracy: 0.9631 (13.01 sec.)
2025-03-26 17:45:42 - INFO - Training model: original-tda-top_left
2025-03-26 17:46:02 - INFO - Model original-tda-top_left completed in 19.87 seconds.
2025-03-26 17:46:02 - INFO - >>> Model original-tda-top_left trained. Accuracy: 0.9645 (19.87 sec.)
2025-03-26 17:46:02 - INFO - Training model: original-tda-bottom_left
2025-03-26 17:46:22 - INFO - Model original-tda-bottom_left completed in 20.34 seconds.
2025-03-26 17:46:22 - INFO - >>> Model original-tda-bottom_left trained. Accuracy: 0.9627 (20.34 sec.)
2025-03-26 17:46:22 - INFO - Training model: bottom_right-original-tda
2025-03-26 17:46:42 - INFO - Model bottom_right-original-tda completed in 20.19 seconds.
2025-03-26 17:46:42 - INFO - >>> Model bottom_right-original-tda trained. Accuracy: 0.9641 (20.19 sec.)
2025-03-26 17:46:42 - INFO - Training model: original-top_left-bottom_left
2025-03-26 17:46:55 - INFO - Model original-top_left-bottom_left completed in 12.69 seconds.
2025-03-26 17:46:55 - INFO - >>> Model original-top_left-bottom_left trained. Accuracy: 0.9639 (12.69 sec.)
2025-03-26 17:46:55 - INFO - Training model: bottom_right-original-top_left
2025-03-26 17:47:08 - INFO - Model bottom_right-original-top_left completed in 13.23 seconds.
2025-03-26 17:47:08 - INFO - >>> Model bottom_right-original-top_left trained. Accuracy: 0.9651 (13.23 sec.)
2025-03-26 17:47:08 - INFO - Training model: bottom_right-original-bottom_left
2025-03-26 17:47:21 - INFO - Model bottom_right-original-bottom_left completed in 13.11 seconds.
2025-03-26 17:47:21 - INFO - >>> Model bottom_right-original-bottom_left trained. Accuracy: 0.9631 (13.11 sec.)
2025-03-26 17:47:21 - INFO - Training model: tda-original-top_right-top_left
2025-03-26 17:47:45 - INFO - Model tda-original-top_right-top_left completed in 23.76 seconds.
2025-03-26 17:47:45 - INFO - >>> Model tda-original-top_right-top_left trained. Accuracy: 0.9664 (23.76 sec.)
2025-03-26 17:47:45 - INFO - Training model: tda-original-top_right-bottom_left
2025-03-26 17:48:08 - INFO - Model tda-original-top_right-bottom_left completed in 23.33 seconds.
2025-03-26 17:48:08 - INFO - >>> Model tda-original-top_right-bottom_left trained. Accuracy: 0.9649 (23.33 sec.)
2025-03-26 17:48:08 - INFO - Training model: tda-bottom_right-original-top_right
2025-03-26 17:48:32 - INFO - Model tda-bottom_right-original-top_right completed in 23.42 seconds.
2025-03-26 17:48:32 - INFO - >>> Model tda-bottom_right-original-top_right trained. Accuracy: 0.9654 (23.42 sec.)
2025-03-26 17:48:32 - INFO - Training model: original-top_right-top_left-bottom_left
2025-03-26 17:48:48 - INFO - Model original-top_right-top_left-bottom_left completed in 15.81 seconds.
2025-03-26 17:48:48 - INFO - >>> Model original-top_right-top_left-bottom_left trained. Accuracy: 0.9667 (15.81 sec.)
2025-03-26 17:48:48 - INFO - Training model: bottom_right-original-top_right-top_left
2025-03-26 17:49:04 - INFO - Model bottom_right-original-top_right-top_left completed in 16.46 seconds.
2025-03-26 17:49:04 - INFO - >>> Model bottom_right-original-top_right-top_left trained. Accuracy: 0.9672 (16.46 sec.)
2025-03-26 17:49:04 - INFO - Training model: bottom_right-original-top_right-bottom_left
2025-03-26 17:49:20 - INFO - Model bottom_right-original-top_right-bottom_left completed in 16.41 seconds.
2025-03-26 17:49:20 - INFO - >>> Model bottom_right-original-top_right-bottom_left trained. Accuracy: 0.9650 (16.41 sec.)
2025-03-26 17:49:20 - INFO - Training model: original-tda-top_left-bottom_left
2025-03-26 17:49:44 - INFO - Model original-tda-top_left-bottom_left completed in 23.54 seconds.
2025-03-26 17:49:44 - INFO - >>> Model original-tda-top_left-bottom_left trained. Accuracy: 0.9664 (23.54 sec.)
2025-03-26 17:49:44 - INFO - Training model: bottom_right-original-tda-top_left
2025-03-26 17:50:07 - INFO - Model bottom_right-original-tda-top_left completed in 23.50 seconds.
2025-03-26 17:50:07 - INFO - >>> Model bottom_right-original-tda-top_left trained. Accuracy: 0.9668 (23.50 sec.)
2025-03-26 17:50:07 - INFO - Training model: bottom_right-original-tda-bottom_left
2025-03-26 17:50:31 - INFO - Model bottom_right-original-tda-bottom_left completed in 23.29 seconds.
2025-03-26 17:50:31 - INFO - >>> Model bottom_right-original-tda-bottom_left trained. Accuracy: 0.9651 (23.29 sec.)
2025-03-26 17:50:31 - INFO - Training model: bottom_right-original-top_left-bottom_left
2025-03-26 17:50:47 - INFO - Model bottom_right-original-top_left-bottom_left completed in 16.52 seconds.
2025-03-26 17:50:47 - INFO - >>> Model bottom_right-original-top_left-bottom_left trained. Accuracy: 0.9661 (16.52 sec.)
2025-03-26 17:50:47 - INFO - Training model: top_right-tda-top_left-bottom_left-original
2025-03-26 17:51:14 - INFO - Model top_right-tda-top_left-bottom_left-original completed in 26.83 seconds.
2025-03-26 17:51:14 - INFO - >>> Model top_right-tda-top_left-bottom_left-original trained. Accuracy: 0.9681 (26.83 sec.)
2025-03-26 17:51:14 - INFO - Training model: top_right-tda-top_left-original-bottom_right
2025-03-26 17:51:41 - INFO - Model top_right-tda-top_left-original-bottom_right completed in 26.68 seconds.
2025-03-26 17:51:41 - INFO - >>> Model top_right-tda-top_left-original-bottom_right trained. Accuracy: 0.9690 (26.68 sec.)
2025-03-26 17:51:41 - INFO - Training model: top_right-tda-bottom_left-original-bottom_right
2025-03-26 17:52:08 - INFO - Model top_right-tda-bottom_left-original-bottom_right completed in 27.09 seconds.
2025-03-26 17:52:08 - INFO - >>> Model top_right-tda-bottom_left-original-bottom_right trained. Accuracy: 0.9674 (27.09 sec.)
2025-03-26 17:52:08 - INFO - Training model: top_right-top_left-bottom_left-original-bottom_right
2025-03-26 17:52:27 - INFO - Model top_right-top_left-bottom_left-original-bottom_right completed in 19.52 seconds.
2025-03-26 17:52:27 - INFO - >>> Model top_right-top_left-bottom_left-original-bottom_right trained. Accuracy: 0.9698 (19.52 sec.)
2025-03-26 17:52:27 - INFO - Training model: tda-top_left-bottom_left-original-bottom_right
2025-03-26 17:52:55 - INFO - Model tda-top_left-bottom_left-original-bottom_right completed in 27.27 seconds.
2025-03-26 17:52:55 - INFO - >>> Model tda-top_left-bottom_left-original-bottom_right trained. Accuracy: 0.9689 (27.27 sec.)
2025-03-26 17:52:55 - INFO - Training model: top_right-tda-top_left-bottom_left-original-bottom_right
2025-03-26 17:53:25 - INFO - Model top_right-tda-top_left-bottom_left-original-bottom_right completed in 30.45 seconds.
2025-03-26 17:53:25 - INFO - >>> Model top_right-tda-top_left-bottom_left-original-bottom_right trained. Accuracy: 0.9703 (30.45 sec.)
2025-03-26 17:53:25 - INFO - All models trained successfully.
2025-03-26 17:53:25 - INFO - ========== [Model Training Completed] in 9.64 minutes ==========
2025-03-26 17:53:25 - INFO - ========== [Experiment Training Complete] ==========
2025-03-26 17:53:25 - INFO - Results saved to /home/jovyan/Workspace/workspace_mnist/results/exp_noise_icecream_lines_q3/experiment_trainsize_predictions_2025-03-26_17-53-25.json
2025-03-26 17:53:25 - INFO - Results successfully saved to /home/jovyan/Workspace/workspace_mnist/results/exp_noise_icecream_lines_q3/experiment_trainsize_predictions_2025-03-26_17-53-25.json
2025-03-26 17:53:25 - INFO - Garbage collection executed.
2025-03-26 17:53:25 - INFO - ========== [Experiment Completed] in 18.46 minutes ==========
