2025-03-25 23:24:37 - INFO - Logging initialized.
 Writing to /home/jovyan/Workspace/workspace_mnist/logs/exp_noise_icecream_lines_q3/experiment_logs_2025-03-25_23-24-37.log
2025-03-25 23:24:37 - INFO - ========== [Experiment Start] ==========
2025-03-25 23:24:37 - INFO - Views combinations succesfully generated.
2025-03-25 23:24:37 - INFO - Topological Data Analysis pipeline generated.
2025-03-25 23:24:37 - INFO - Generating folder to save results.
2025-03-25 23:24:37 - INFO - Reading dataset in chunks from mnist_784.csv (chunk size: 70000)
2025-03-25 23:24:38 - INFO - Starting multiview data preparation for a chunk of size (70000, 784)...
2025-03-25 23:24:38 - INFO - Running using 22 jobs.
2025-03-25 23:24:38 - INFO - Contaminating dataset with lines using 3.
2025-03-25 23:24:42 - INFO - Splitting data: 72.2% train / 20.0% test (random_state=582848128)
2025-03-25 23:24:42 - INFO - Data split complete. Train size: (40444, 784), Test size: (14000, 784)
2025-03-25 23:24:42 - INFO - Reshaping train and test data into square images...
2025-03-25 23:24:42 - INFO - Reshaping complete. Train images: (40444, 28, 28), Test images: (14000, 28, 28)
2025-03-25 23:24:42 - INFO - Splitting images into quadrant views...
2025-03-25 23:24:42 - INFO - Quadrant view splitting complete. Train views: 4, Test views: 4
2025-03-25 23:24:42 - INFO - >> Starting TDA pipeline transformation on train data...
2025-03-25 23:30:50 - INFO - >> TDA transformation for train data completed (6.14 minutes).
2025-03-25 23:30:50 - INFO - >> Applying TDA pipeline transformation on test data...
2025-03-25 23:32:56 - INFO - >> TDA transformation for test data completed (2.10 minutes).
2025-03-25 23:32:56 - INFO - ========== [Model Training Start] ==========
2025-03-25 23:32:56 - INFO - Training model: original
2025-03-25 23:32:57 - INFO - Model original completed in 0.98 seconds.
2025-03-25 23:32:57 - INFO - >>> Model original trained. Accuracy: 0.9499 (0.98 sec.)
2025-03-25 23:32:57 - INFO - Training model: original-top_right
2025-03-25 23:33:06 - INFO - Model original-top_right completed in 8.71 seconds.
2025-03-25 23:33:06 - INFO - >>> Model original-top_right trained. Accuracy: 0.9561 (8.71 sec.)
2025-03-25 23:33:06 - INFO - Training model: original-tda
2025-03-25 23:33:21 - INFO - Model original-tda completed in 14.78 seconds.
2025-03-25 23:33:21 - INFO - >>> Model original-tda trained. Accuracy: 0.9557 (14.78 sec.)
2025-03-25 23:33:21 - INFO - Training model: original-top_left
2025-03-25 23:33:29 - INFO - Model original-top_left completed in 8.43 seconds.
2025-03-25 23:33:29 - INFO - >>> Model original-top_left trained. Accuracy: 0.9557 (8.43 sec.)
2025-03-25 23:33:29 - INFO - Training model: original-bottom_left
2025-03-25 23:33:38 - INFO - Model original-bottom_left completed in 8.48 seconds.
2025-03-25 23:33:38 - INFO - >>> Model original-bottom_left trained. Accuracy: 0.9541 (8.48 sec.)
2025-03-25 23:33:38 - INFO - Training model: bottom_right-original
2025-03-25 23:33:46 - INFO - Model bottom_right-original completed in 8.46 seconds.
2025-03-25 23:33:46 - INFO - >>> Model bottom_right-original trained. Accuracy: 0.9564 (8.46 sec.)
2025-03-25 23:33:46 - INFO - Training model: tda-original-top_right
2025-03-25 23:34:04 - INFO - Model tda-original-top_right completed in 18.18 seconds.
2025-03-25 23:34:04 - INFO - >>> Model tda-original-top_right trained. Accuracy: 0.9606 (18.18 sec.)
2025-03-25 23:34:04 - INFO - Training model: original-top_right-top_left
2025-03-25 23:34:16 - INFO - Model original-top_right-top_left completed in 11.54 seconds.
2025-03-25 23:34:16 - INFO - >>> Model original-top_right-top_left trained. Accuracy: 0.9585 (11.54 sec.)
2025-03-25 23:34:16 - INFO - Training model: original-top_right-bottom_left
2025-03-25 23:34:28 - INFO - Model original-top_right-bottom_left completed in 11.73 seconds.
2025-03-25 23:34:28 - INFO - >>> Model original-top_right-bottom_left trained. Accuracy: 0.9588 (11.73 sec.)
2025-03-25 23:34:28 - INFO - Training model: bottom_right-original-top_right
2025-03-25 23:34:40 - INFO - Model bottom_right-original-top_right completed in 12.07 seconds.
2025-03-25 23:34:40 - INFO - >>> Model bottom_right-original-top_right trained. Accuracy: 0.9602 (12.07 sec.)
2025-03-25 23:34:40 - INFO - Training model: original-tda-top_left
2025-03-25 23:34:58 - INFO - Model original-tda-top_left completed in 17.77 seconds.
2025-03-25 23:34:58 - INFO - >>> Model original-tda-top_left trained. Accuracy: 0.9588 (17.77 sec.)
2025-03-25 23:34:58 - INFO - Training model: original-tda-bottom_left
2025-03-25 23:35:15 - INFO - Model original-tda-bottom_left completed in 17.98 seconds.
2025-03-25 23:35:15 - INFO - >>> Model original-tda-bottom_left trained. Accuracy: 0.9558 (17.98 sec.)
2025-03-25 23:35:15 - INFO - Training model: bottom_right-original-tda
2025-03-25 23:35:33 - INFO - Model bottom_right-original-tda completed in 17.96 seconds.
2025-03-25 23:35:33 - INFO - >>> Model bottom_right-original-tda trained. Accuracy: 0.9587 (17.96 sec.)
2025-03-25 23:35:33 - INFO - Training model: original-top_left-bottom_left
2025-03-25 23:35:45 - INFO - Model original-top_left-bottom_left completed in 11.55 seconds.
2025-03-25 23:35:45 - INFO - >>> Model original-top_left-bottom_left trained. Accuracy: 0.9573 (11.55 sec.)
2025-03-25 23:35:45 - INFO - Training model: bottom_right-original-top_left
2025-03-25 23:35:57 - INFO - Model bottom_right-original-top_left completed in 11.66 seconds.
2025-03-25 23:35:57 - INFO - >>> Model bottom_right-original-top_left trained. Accuracy: 0.9589 (11.66 sec.)
2025-03-25 23:35:57 - INFO - Training model: bottom_right-original-bottom_left
2025-03-25 23:36:08 - INFO - Model bottom_right-original-bottom_left completed in 11.80 seconds.
2025-03-25 23:36:08 - INFO - >>> Model bottom_right-original-bottom_left trained. Accuracy: 0.9584 (11.80 sec.)
2025-03-25 23:36:08 - INFO - Training model: tda-original-top_right-top_left
2025-03-25 23:36:30 - INFO - Model tda-original-top_right-top_left completed in 21.07 seconds.
2025-03-25 23:36:30 - INFO - >>> Model tda-original-top_right-top_left trained. Accuracy: 0.9638 (21.07 sec.)
2025-03-25 23:36:30 - INFO - Training model: tda-original-top_right-bottom_left
2025-03-25 23:36:51 - INFO - Model tda-original-top_right-bottom_left completed in 21.34 seconds.
2025-03-25 23:36:51 - INFO - >>> Model tda-original-top_right-bottom_left trained. Accuracy: 0.9604 (21.34 sec.)
2025-03-25 23:36:51 - INFO - Training model: tda-bottom_right-original-top_right
2025-03-25 23:37:12 - INFO - Model tda-bottom_right-original-top_right completed in 21.06 seconds.
2025-03-25 23:37:12 - INFO - >>> Model tda-bottom_right-original-top_right trained. Accuracy: 0.9619 (21.06 sec.)
2025-03-25 23:37:12 - INFO - Training model: original-top_right-top_left-bottom_left
2025-03-25 23:37:27 - INFO - Model original-top_right-top_left-bottom_left completed in 14.60 seconds.
2025-03-25 23:37:27 - INFO - >>> Model original-top_right-top_left-bottom_left trained. Accuracy: 0.9618 (14.60 sec.)
2025-03-25 23:37:27 - INFO - Training model: bottom_right-original-top_right-top_left
2025-03-25 23:37:41 - INFO - Model bottom_right-original-top_right-top_left completed in 14.82 seconds.
2025-03-25 23:37:41 - INFO - >>> Model bottom_right-original-top_right-top_left trained. Accuracy: 0.9635 (14.82 sec.)
2025-03-25 23:37:41 - INFO - Training model: bottom_right-original-top_right-bottom_left
2025-03-25 23:37:56 - INFO - Model bottom_right-original-top_right-bottom_left completed in 14.89 seconds.
2025-03-25 23:37:56 - INFO - >>> Model bottom_right-original-top_right-bottom_left trained. Accuracy: 0.9618 (14.89 sec.)
2025-03-25 23:37:56 - INFO - Training model: original-tda-top_left-bottom_left
2025-03-25 23:38:17 - INFO - Model original-tda-top_left-bottom_left completed in 20.94 seconds.
2025-03-25 23:38:17 - INFO - >>> Model original-tda-top_left-bottom_left trained. Accuracy: 0.9604 (20.94 sec.)
2025-03-25 23:38:17 - INFO - Training model: bottom_right-original-tda-top_left
2025-03-25 23:38:39 - INFO - Model bottom_right-original-tda-top_left completed in 21.52 seconds.
2025-03-25 23:38:39 - INFO - >>> Model bottom_right-original-tda-top_left trained. Accuracy: 0.9620 (21.52 sec.)
2025-03-25 23:38:39 - INFO - Training model: bottom_right-original-tda-bottom_left
2025-03-25 23:39:00 - INFO - Model bottom_right-original-tda-bottom_left completed in 21.24 seconds.
2025-03-25 23:39:00 - INFO - >>> Model bottom_right-original-tda-bottom_left trained. Accuracy: 0.9594 (21.24 sec.)
2025-03-25 23:39:00 - INFO - Training model: bottom_right-original-top_left-bottom_left
2025-03-25 23:39:15 - INFO - Model bottom_right-original-top_left-bottom_left completed in 14.79 seconds.
2025-03-25 23:39:15 - INFO - >>> Model bottom_right-original-top_left-bottom_left trained. Accuracy: 0.9604 (14.79 sec.)
2025-03-25 23:39:15 - INFO - Training model: top_right-tda-top_left-bottom_left-original
2025-03-25 23:39:39 - INFO - Model top_right-tda-top_left-bottom_left-original completed in 23.82 seconds.
2025-03-25 23:39:39 - INFO - >>> Model top_right-tda-top_left-bottom_left-original trained. Accuracy: 0.9654 (23.82 sec.)
2025-03-25 23:39:39 - INFO - Training model: top_right-tda-top_left-original-bottom_right
2025-03-25 23:40:03 - INFO - Model top_right-tda-top_left-original-bottom_right completed in 24.08 seconds.
2025-03-25 23:40:03 - INFO - >>> Model top_right-tda-top_left-original-bottom_right trained. Accuracy: 0.9665 (24.08 sec.)
2025-03-25 23:40:03 - INFO - Training model: top_right-tda-bottom_left-original-bottom_right
2025-03-25 23:40:27 - INFO - Model top_right-tda-bottom_left-original-bottom_right completed in 24.19 seconds.
2025-03-25 23:40:27 - INFO - >>> Model top_right-tda-bottom_left-original-bottom_right trained. Accuracy: 0.9629 (24.19 sec.)
2025-03-25 23:40:27 - INFO - Training model: top_right-top_left-bottom_left-original-bottom_right
2025-03-25 23:40:45 - INFO - Model top_right-top_left-bottom_left-original-bottom_right completed in 17.88 seconds.
2025-03-25 23:40:45 - INFO - >>> Model top_right-top_left-bottom_left-original-bottom_right trained. Accuracy: 0.9646 (17.88 sec.)
2025-03-25 23:40:45 - INFO - Training model: tda-top_left-bottom_left-original-bottom_right
2025-03-25 23:41:09 - INFO - Model tda-top_left-bottom_left-original-bottom_right completed in 24.44 seconds.
2025-03-25 23:41:09 - INFO - >>> Model tda-top_left-bottom_left-original-bottom_right trained. Accuracy: 0.9641 (24.44 sec.)
2025-03-25 23:41:09 - INFO - Training model: top_right-tda-top_left-bottom_left-original-bottom_right
2025-03-25 23:41:37 - INFO - Model top_right-tda-top_left-bottom_left-original-bottom_right completed in 27.54 seconds.
2025-03-25 23:41:37 - INFO - >>> Model top_right-tda-top_left-bottom_left-original-bottom_right trained. Accuracy: 0.9676 (27.54 sec.)
2025-03-25 23:41:37 - INFO - All models trained successfully.
2025-03-25 23:41:37 - INFO - ========== [Model Training Completed] in 8.68 minutes ==========
2025-03-25 23:41:37 - INFO - ========== [Experiment Training Complete] ==========
2025-03-25 23:41:37 - INFO - Results saved to /home/jovyan/Workspace/workspace_mnist/results/exp_noise_icecream_lines_q3/experiment_trainsize_predictions_2025-03-25_23-41-37.json
2025-03-25 23:41:37 - INFO - Results successfully saved to /home/jovyan/Workspace/workspace_mnist/results/exp_noise_icecream_lines_q3/experiment_trainsize_predictions_2025-03-25_23-41-37.json
2025-03-25 23:41:37 - INFO - Garbage collection executed.
2025-03-25 23:41:37 - INFO - ========== [Experiment Completed] in 16.99 minutes ==========
