2025-03-25 15:23:26 - INFO - Logging initialized.
 Writing to /home/jovyan/Workspace/workspace_mnist/logs/exp_noise_icecream_lines_q3/experiment_logs_2025-03-25_15-23-26.log
2025-03-25 15:23:26 - INFO - ========== [Experiment Start] ==========
2025-03-25 15:23:26 - INFO - Views combinations succesfully generated.
2025-03-25 15:23:26 - INFO - Topological Data Analysis pipeline generated.
2025-03-25 15:23:26 - INFO - Generating folder to save results.
2025-03-25 15:23:26 - INFO - Reading dataset in chunks from mnist_784.csv (chunk size: 70000)
2025-03-25 15:23:27 - INFO - Starting multiview data preparation for a chunk of size (70000, 784)...
2025-03-25 15:23:27 - INFO - Running using 22 jobs.
2025-03-25 15:23:27 - INFO - Contaminating dataset with lines using 3.
2025-03-25 15:23:31 - INFO - Splitting data: 72.2% train / 20.0% test (random_state=701363565)
2025-03-25 15:23:31 - INFO - Data split complete. Train size: (40444, 784), Test size: (14000, 784)
2025-03-25 15:23:31 - INFO - Reshaping train and test data into square images...
2025-03-25 15:23:31 - INFO - Reshaping complete. Train images: (40444, 28, 28), Test images: (14000, 28, 28)
2025-03-25 15:23:31 - INFO - Splitting images into quadrant views...
2025-03-25 15:23:31 - INFO - Quadrant view splitting complete. Train views: 4, Test views: 4
2025-03-25 15:23:31 - INFO - >> Starting TDA pipeline transformation on train data...
2025-03-25 15:29:26 - INFO - >> TDA transformation for train data completed (5.91 minutes).
2025-03-25 15:29:26 - INFO - >> Applying TDA pipeline transformation on test data...
2025-03-25 15:31:32 - INFO - >> TDA transformation for test data completed (2.10 minutes).
2025-03-25 15:31:32 - INFO - ========== [Model Training Start] ==========
2025-03-25 15:31:32 - INFO - Training model: original
2025-03-25 15:31:33 - INFO - Model original completed in 1.08 seconds.
2025-03-25 15:31:33 - INFO - >>> Model original trained. Accuracy: 0.9509 (1.08 sec.)
2025-03-25 15:31:33 - INFO - Training model: original-top_right
2025-03-25 15:31:42 - INFO - Model original-top_right completed in 8.65 seconds.
2025-03-25 15:31:42 - INFO - >>> Model original-top_right trained. Accuracy: 0.9580 (8.65 sec.)
2025-03-25 15:31:42 - INFO - Training model: original-tda
2025-03-25 15:31:56 - INFO - Model original-tda completed in 14.69 seconds.
2025-03-25 15:31:56 - INFO - >>> Model original-tda trained. Accuracy: 0.9581 (14.69 sec.)
2025-03-25 15:31:56 - INFO - Training model: original-top_left
2025-03-25 15:32:05 - INFO - Model original-top_left completed in 8.47 seconds.
2025-03-25 15:32:05 - INFO - >>> Model original-top_left trained. Accuracy: 0.9556 (8.47 sec.)
2025-03-25 15:32:05 - INFO - Training model: original-bottom_left
2025-03-25 15:32:13 - INFO - Model original-bottom_left completed in 8.58 seconds.
2025-03-25 15:32:13 - INFO - >>> Model original-bottom_left trained. Accuracy: 0.9541 (8.58 sec.)
2025-03-25 15:32:13 - INFO - Training model: bottom_right-original
2025-03-25 15:32:22 - INFO - Model bottom_right-original completed in 8.51 seconds.
2025-03-25 15:32:22 - INFO - >>> Model bottom_right-original trained. Accuracy: 0.9557 (8.51 sec.)
2025-03-25 15:32:22 - INFO - Training model: tda-original-top_right
2025-03-25 15:32:40 - INFO - Model tda-original-top_right completed in 17.65 seconds.
2025-03-25 15:32:40 - INFO - >>> Model tda-original-top_right trained. Accuracy: 0.9606 (17.65 sec.)
2025-03-25 15:32:40 - INFO - Training model: original-top_right-top_left
2025-03-25 15:32:51 - INFO - Model original-top_right-top_left completed in 11.28 seconds.
2025-03-25 15:32:51 - INFO - >>> Model original-top_right-top_left trained. Accuracy: 0.9607 (11.28 sec.)
2025-03-25 15:32:51 - INFO - Training model: original-top_right-bottom_left
2025-03-25 15:33:03 - INFO - Model original-top_right-bottom_left completed in 11.68 seconds.
2025-03-25 15:33:03 - INFO - >>> Model original-top_right-bottom_left trained. Accuracy: 0.9586 (11.68 sec.)
2025-03-25 15:33:03 - INFO - Training model: bottom_right-original-top_right
2025-03-25 15:33:14 - INFO - Model bottom_right-original-top_right completed in 11.76 seconds.
2025-03-25 15:33:14 - INFO - >>> Model bottom_right-original-top_right trained. Accuracy: 0.9616 (11.76 sec.)
2025-03-25 15:33:14 - INFO - Training model: original-tda-top_left
2025-03-25 15:33:32 - INFO - Model original-tda-top_left completed in 17.86 seconds.
2025-03-25 15:33:32 - INFO - >>> Model original-tda-top_left trained. Accuracy: 0.9586 (17.86 sec.)
2025-03-25 15:33:32 - INFO - Training model: original-tda-bottom_left
2025-03-25 15:33:50 - INFO - Model original-tda-bottom_left completed in 18.06 seconds.
2025-03-25 15:33:50 - INFO - >>> Model original-tda-bottom_left trained. Accuracy: 0.9580 (18.06 sec.)
2025-03-25 15:33:50 - INFO - Training model: bottom_right-original-tda
2025-03-25 15:34:08 - INFO - Model bottom_right-original-tda completed in 17.95 seconds.
2025-03-25 15:34:08 - INFO - >>> Model bottom_right-original-tda trained. Accuracy: 0.9596 (17.95 sec.)
2025-03-25 15:34:08 - INFO - Training model: original-top_left-bottom_left
2025-03-25 15:34:20 - INFO - Model original-top_left-bottom_left completed in 11.45 seconds.
2025-03-25 15:34:20 - INFO - >>> Model original-top_left-bottom_left trained. Accuracy: 0.9579 (11.45 sec.)
2025-03-25 15:34:20 - INFO - Training model: bottom_right-original-top_left
2025-03-25 15:34:31 - INFO - Model bottom_right-original-top_left completed in 11.70 seconds.
2025-03-25 15:34:31 - INFO - >>> Model bottom_right-original-top_left trained. Accuracy: 0.9584 (11.70 sec.)
2025-03-25 15:34:31 - INFO - Training model: bottom_right-original-bottom_left
2025-03-25 15:34:43 - INFO - Model bottom_right-original-bottom_left completed in 11.74 seconds.
2025-03-25 15:34:43 - INFO - >>> Model bottom_right-original-bottom_left trained. Accuracy: 0.9584 (11.74 sec.)
2025-03-25 15:34:43 - INFO - Training model: tda-original-top_right-top_left
2025-03-25 15:35:04 - INFO - Model tda-original-top_right-top_left completed in 20.83 seconds.
2025-03-25 15:35:04 - INFO - >>> Model tda-original-top_right-top_left trained. Accuracy: 0.9619 (20.83 sec.)
2025-03-25 15:35:04 - INFO - Training model: tda-original-top_right-bottom_left
2025-03-25 15:35:25 - INFO - Model tda-original-top_right-bottom_left completed in 20.77 seconds.
2025-03-25 15:35:25 - INFO - >>> Model tda-original-top_right-bottom_left trained. Accuracy: 0.9621 (20.77 sec.)
2025-03-25 15:35:25 - INFO - Training model: tda-bottom_right-original-top_right
2025-03-25 15:35:46 - INFO - Model tda-bottom_right-original-top_right completed in 20.97 seconds.
2025-03-25 15:35:46 - INFO - >>> Model tda-bottom_right-original-top_right trained. Accuracy: 0.9642 (20.97 sec.)
2025-03-25 15:35:46 - INFO - Training model: original-top_right-top_left-bottom_left
2025-03-25 15:36:00 - INFO - Model original-top_right-top_left-bottom_left completed in 14.52 seconds.
2025-03-25 15:36:00 - INFO - >>> Model original-top_right-top_left-bottom_left trained. Accuracy: 0.9629 (14.52 sec.)
2025-03-25 15:36:00 - INFO - Training model: bottom_right-original-top_right-top_left
2025-03-25 15:36:15 - INFO - Model bottom_right-original-top_right-top_left completed in 14.85 seconds.
2025-03-25 15:36:15 - INFO - >>> Model bottom_right-original-top_right-top_left trained. Accuracy: 0.9638 (14.85 sec.)
2025-03-25 15:36:15 - INFO - Training model: bottom_right-original-top_right-bottom_left
2025-03-25 15:36:30 - INFO - Model bottom_right-original-top_right-bottom_left completed in 14.69 seconds.
2025-03-25 15:36:30 - INFO - >>> Model bottom_right-original-top_right-bottom_left trained. Accuracy: 0.9629 (14.69 sec.)
2025-03-25 15:36:30 - INFO - Training model: original-tda-top_left-bottom_left
2025-03-25 15:36:50 - INFO - Model original-tda-top_left-bottom_left completed in 20.67 seconds.
2025-03-25 15:36:50 - INFO - >>> Model original-tda-top_left-bottom_left trained. Accuracy: 0.9603 (20.67 sec.)
2025-03-25 15:36:50 - INFO - Training model: bottom_right-original-tda-top_left
2025-03-25 15:37:12 - INFO - Model bottom_right-original-tda-top_left completed in 21.40 seconds.
2025-03-25 15:37:12 - INFO - >>> Model bottom_right-original-tda-top_left trained. Accuracy: 0.9625 (21.40 sec.)
2025-03-25 15:37:12 - INFO - Training model: bottom_right-original-tda-bottom_left
2025-03-25 15:37:33 - INFO - Model bottom_right-original-tda-bottom_left completed in 20.84 seconds.
2025-03-25 15:37:33 - INFO - >>> Model bottom_right-original-tda-bottom_left trained. Accuracy: 0.9607 (20.84 sec.)
2025-03-25 15:37:33 - INFO - Training model: bottom_right-original-top_left-bottom_left
2025-03-25 15:37:47 - INFO - Model bottom_right-original-top_left-bottom_left completed in 14.78 seconds.
2025-03-25 15:37:47 - INFO - >>> Model bottom_right-original-top_left-bottom_left trained. Accuracy: 0.9604 (14.78 sec.)
2025-03-25 15:37:47 - INFO - Training model: top_right-tda-top_left-bottom_left-original
2025-03-25 15:38:11 - INFO - Model top_right-tda-top_left-bottom_left-original completed in 23.89 seconds.
2025-03-25 15:38:11 - INFO - >>> Model top_right-tda-top_left-bottom_left-original trained. Accuracy: 0.9641 (23.89 sec.)
2025-03-25 15:38:11 - INFO - Training model: top_right-tda-top_left-original-bottom_right
2025-03-25 15:38:36 - INFO - Model top_right-tda-top_left-original-bottom_right completed in 24.17 seconds.
2025-03-25 15:38:36 - INFO - >>> Model top_right-tda-top_left-original-bottom_right trained. Accuracy: 0.9658 (24.17 sec.)
2025-03-25 15:38:36 - INFO - Training model: top_right-tda-bottom_left-original-bottom_right
2025-03-25 15:39:00 - INFO - Model top_right-tda-bottom_left-original-bottom_right completed in 24.13 seconds.
2025-03-25 15:39:00 - INFO - >>> Model top_right-tda-bottom_left-original-bottom_right trained. Accuracy: 0.9661 (24.13 sec.)
2025-03-25 15:39:00 - INFO - Training model: top_right-top_left-bottom_left-original-bottom_right
2025-03-25 15:39:17 - INFO - Model top_right-top_left-bottom_left-original-bottom_right completed in 17.50 seconds.
2025-03-25 15:39:17 - INFO - >>> Model top_right-top_left-bottom_left-original-bottom_right trained. Accuracy: 0.9656 (17.50 sec.)
2025-03-25 15:39:17 - INFO - Training model: tda-top_left-bottom_left-original-bottom_right
2025-03-25 15:39:41 - INFO - Model tda-top_left-bottom_left-original-bottom_right completed in 23.96 seconds.
2025-03-25 15:39:41 - INFO - >>> Model tda-top_left-bottom_left-original-bottom_right trained. Accuracy: 0.9628 (23.96 sec.)
2025-03-25 15:39:41 - INFO - Training model: top_right-tda-top_left-bottom_left-original-bottom_right
2025-03-25 15:40:09 - INFO - Model top_right-tda-top_left-bottom_left-original-bottom_right completed in 27.55 seconds.
2025-03-25 15:40:09 - INFO - >>> Model top_right-tda-top_left-bottom_left-original-bottom_right trained. Accuracy: 0.9681 (27.55 sec.)
2025-03-25 15:40:09 - INFO - All models trained successfully.
2025-03-25 15:40:09 - INFO - ========== [Model Training Completed] in 8.61 minutes ==========
2025-03-25 15:40:09 - INFO - ========== [Experiment Training Complete] ==========
2025-03-25 15:40:09 - INFO - Results saved to /home/jovyan/Workspace/workspace_mnist/results/exp_noise_icecream_lines_q3/experiment_trainsize_predictions_2025-03-25_15-40-09.json
2025-03-25 15:40:09 - INFO - Results successfully saved to /home/jovyan/Workspace/workspace_mnist/results/exp_noise_icecream_lines_q3/experiment_trainsize_predictions_2025-03-25_15-40-09.json
2025-03-25 15:40:09 - INFO - Garbage collection executed.
2025-03-25 15:40:09 - INFO - ========== [Experiment Completed] in 16.71 minutes ==========
