2025-03-26 04:22:30 - INFO - Logging initialized.
 Writing to /home/jovyan/Workspace/workspace_mnist/logs/exp_noise_icecream_lines_q3/experiment_logs_2025-03-26_04-22-30.log
2025-03-26 04:22:30 - INFO - ========== [Experiment Start] ==========
2025-03-26 04:22:30 - INFO - Views combinations succesfully generated.
2025-03-26 04:22:30 - INFO - Topological Data Analysis pipeline generated.
2025-03-26 04:22:30 - INFO - Generating folder to save results.
2025-03-26 04:22:30 - INFO - Reading dataset in chunks from mnist_784.csv (chunk size: 70000)
2025-03-26 04:22:31 - INFO - Starting multiview data preparation for a chunk of size (70000, 784)...
2025-03-26 04:22:31 - INFO - Running using 22 jobs.
2025-03-26 04:22:31 - INFO - Contaminating dataset with lines using 3.
2025-03-26 04:22:35 - INFO - Splitting data: 33.3% train / 20.0% test (random_state=759596069)
2025-03-26 04:22:35 - INFO - Data split complete. Train size: (18666, 784), Test size: (14000, 784)
2025-03-26 04:22:35 - INFO - Reshaping train and test data into square images...
2025-03-26 04:22:35 - INFO - Reshaping complete. Train images: (18666, 28, 28), Test images: (14000, 28, 28)
2025-03-26 04:22:35 - INFO - Splitting images into quadrant views...
2025-03-26 04:22:35 - INFO - Quadrant view splitting complete. Train views: 4, Test views: 4
2025-03-26 04:22:35 - INFO - >> Starting TDA pipeline transformation on train data...
2025-03-26 04:25:23 - INFO - >> TDA transformation for train data completed (2.80 minutes).
2025-03-26 04:25:23 - INFO - >> Applying TDA pipeline transformation on test data...
2025-03-26 04:27:25 - INFO - >> TDA transformation for test data completed (2.04 minutes).
2025-03-26 04:27:25 - INFO - ========== [Model Training Start] ==========
2025-03-26 04:27:25 - INFO - Training model: original
2025-03-26 04:27:26 - INFO - Model original completed in 0.50 seconds.
2025-03-26 04:27:26 - INFO - >>> Model original trained. Accuracy: 0.9407 (0.50 sec.)
2025-03-26 04:27:26 - INFO - Training model: original-top_right
2025-03-26 04:27:30 - INFO - Model original-top_right completed in 4.74 seconds.
2025-03-26 04:27:30 - INFO - >>> Model original-top_right trained. Accuracy: 0.9467 (4.74 sec.)
2025-03-26 04:27:30 - INFO - Training model: original-tda
2025-03-26 04:27:38 - INFO - Model original-tda completed in 7.38 seconds.
2025-03-26 04:27:38 - INFO - >>> Model original-tda trained. Accuracy: 0.9476 (7.38 sec.)
2025-03-26 04:27:38 - INFO - Training model: original-top_left
2025-03-26 04:27:43 - INFO - Model original-top_left completed in 4.87 seconds.
2025-03-26 04:27:43 - INFO - >>> Model original-top_left trained. Accuracy: 0.9469 (4.87 sec.)
2025-03-26 04:27:43 - INFO - Training model: original-bottom_left
2025-03-26 04:27:47 - INFO - Model original-bottom_left completed in 4.78 seconds.
2025-03-26 04:27:47 - INFO - >>> Model original-bottom_left trained. Accuracy: 0.9453 (4.78 sec.)
2025-03-26 04:27:47 - INFO - Training model: bottom_right-original
2025-03-26 04:27:52 - INFO - Model bottom_right-original completed in 4.90 seconds.
2025-03-26 04:27:52 - INFO - >>> Model bottom_right-original trained. Accuracy: 0.9470 (4.90 sec.)
2025-03-26 04:27:52 - INFO - Training model: tda-original-top_right
2025-03-26 04:28:01 - INFO - Model tda-original-top_right completed in 8.96 seconds.
2025-03-26 04:28:01 - INFO - >>> Model tda-original-top_right trained. Accuracy: 0.9518 (8.96 sec.)
2025-03-26 04:28:01 - INFO - Training model: original-top_right-top_left
2025-03-26 04:28:08 - INFO - Model original-top_right-top_left completed in 6.52 seconds.
2025-03-26 04:28:08 - INFO - >>> Model original-top_right-top_left trained. Accuracy: 0.9504 (6.52 sec.)
2025-03-26 04:28:08 - INFO - Training model: original-top_right-bottom_left
2025-03-26 04:28:15 - INFO - Model original-top_right-bottom_left completed in 6.73 seconds.
2025-03-26 04:28:15 - INFO - >>> Model original-top_right-bottom_left trained. Accuracy: 0.9499 (6.73 sec.)
2025-03-26 04:28:15 - INFO - Training model: bottom_right-original-top_right
2025-03-26 04:28:21 - INFO - Model bottom_right-original-top_right completed in 6.60 seconds.
2025-03-26 04:28:21 - INFO - >>> Model bottom_right-original-top_right trained. Accuracy: 0.9508 (6.60 sec.)
2025-03-26 04:28:21 - INFO - Training model: original-tda-top_left
2025-03-26 04:28:30 - INFO - Model original-tda-top_left completed in 8.98 seconds.
2025-03-26 04:28:30 - INFO - >>> Model original-tda-top_left trained. Accuracy: 0.9499 (8.98 sec.)
2025-03-26 04:28:30 - INFO - Training model: original-tda-bottom_left
2025-03-26 04:28:39 - INFO - Model original-tda-bottom_left completed in 9.12 seconds.
2025-03-26 04:28:39 - INFO - >>> Model original-tda-bottom_left trained. Accuracy: 0.9466 (9.12 sec.)
2025-03-26 04:28:39 - INFO - Training model: bottom_right-original-tda
2025-03-26 04:28:48 - INFO - Model bottom_right-original-tda completed in 9.11 seconds.
2025-03-26 04:28:48 - INFO - >>> Model bottom_right-original-tda trained. Accuracy: 0.9501 (9.11 sec.)
2025-03-26 04:28:48 - INFO - Training model: original-top_left-bottom_left
2025-03-26 04:28:55 - INFO - Model original-top_left-bottom_left completed in 6.72 seconds.
2025-03-26 04:28:55 - INFO - >>> Model original-top_left-bottom_left trained. Accuracy: 0.9482 (6.72 sec.)
2025-03-26 04:28:55 - INFO - Training model: bottom_right-original-top_left
2025-03-26 04:29:02 - INFO - Model bottom_right-original-top_left completed in 6.74 seconds.
2025-03-26 04:29:02 - INFO - >>> Model bottom_right-original-top_left trained. Accuracy: 0.9509 (6.74 sec.)
2025-03-26 04:29:02 - INFO - Training model: bottom_right-original-bottom_left
2025-03-26 04:29:09 - INFO - Model bottom_right-original-bottom_left completed in 6.84 seconds.
2025-03-26 04:29:09 - INFO - >>> Model bottom_right-original-bottom_left trained. Accuracy: 0.9481 (6.84 sec.)
2025-03-26 04:29:09 - INFO - Training model: tda-original-top_right-top_left
2025-03-26 04:29:20 - INFO - Model tda-original-top_right-top_left completed in 11.36 seconds.
2025-03-26 04:29:20 - INFO - >>> Model tda-original-top_right-top_left trained. Accuracy: 0.9548 (11.36 sec.)
2025-03-26 04:29:20 - INFO - Training model: tda-original-top_right-bottom_left
2025-03-26 04:29:31 - INFO - Model tda-original-top_right-bottom_left completed in 11.30 seconds.
2025-03-26 04:29:31 - INFO - >>> Model tda-original-top_right-bottom_left trained. Accuracy: 0.9521 (11.30 sec.)
2025-03-26 04:29:31 - INFO - Training model: tda-bottom_right-original-top_right
2025-03-26 04:29:43 - INFO - Model tda-bottom_right-original-top_right completed in 11.18 seconds.
2025-03-26 04:29:43 - INFO - >>> Model tda-bottom_right-original-top_right trained. Accuracy: 0.9536 (11.18 sec.)
2025-03-26 04:29:43 - INFO - Training model: original-top_right-top_left-bottom_left
2025-03-26 04:29:51 - INFO - Model original-top_right-top_left-bottom_left completed in 8.42 seconds.
2025-03-26 04:29:51 - INFO - >>> Model original-top_right-top_left-bottom_left trained. Accuracy: 0.9528 (8.42 sec.)
2025-03-26 04:29:51 - INFO - Training model: bottom_right-original-top_right-top_left
2025-03-26 04:29:59 - INFO - Model bottom_right-original-top_right-top_left completed in 8.40 seconds.
2025-03-26 04:29:59 - INFO - >>> Model bottom_right-original-top_right-top_left trained. Accuracy: 0.9534 (8.40 sec.)
2025-03-26 04:30:00 - INFO - Training model: bottom_right-original-top_right-bottom_left
2025-03-26 04:30:08 - INFO - Model bottom_right-original-top_right-bottom_left completed in 8.62 seconds.
2025-03-26 04:30:08 - INFO - >>> Model bottom_right-original-top_right-bottom_left trained. Accuracy: 0.9526 (8.62 sec.)
2025-03-26 04:30:08 - INFO - Training model: original-tda-top_left-bottom_left
2025-03-26 04:30:19 - INFO - Model original-tda-top_left-bottom_left completed in 10.93 seconds.
2025-03-26 04:30:19 - INFO - >>> Model original-tda-top_left-bottom_left trained. Accuracy: 0.9516 (10.93 sec.)
2025-03-26 04:30:19 - INFO - Training model: bottom_right-original-tda-top_left
2025-03-26 04:30:30 - INFO - Model bottom_right-original-tda-top_left completed in 11.02 seconds.
2025-03-26 04:30:30 - INFO - >>> Model bottom_right-original-tda-top_left trained. Accuracy: 0.9551 (11.02 sec.)
2025-03-26 04:30:30 - INFO - Training model: bottom_right-original-tda-bottom_left
2025-03-26 04:30:41 - INFO - Model bottom_right-original-tda-bottom_left completed in 10.97 seconds.
2025-03-26 04:30:41 - INFO - >>> Model bottom_right-original-tda-bottom_left trained. Accuracy: 0.9498 (10.97 sec.)
2025-03-26 04:30:41 - INFO - Training model: bottom_right-original-top_left-bottom_left
2025-03-26 04:30:50 - INFO - Model bottom_right-original-top_left-bottom_left completed in 8.82 seconds.
2025-03-26 04:30:50 - INFO - >>> Model bottom_right-original-top_left-bottom_left trained. Accuracy: 0.9518 (8.82 sec.)
2025-03-26 04:30:50 - INFO - Training model: top_right-tda-top_left-bottom_left-original
2025-03-26 04:31:03 - INFO - Model top_right-tda-top_left-bottom_left-original completed in 13.11 seconds.
2025-03-26 04:31:03 - INFO - >>> Model top_right-tda-top_left-bottom_left-original trained. Accuracy: 0.9566 (13.11 sec.)
2025-03-26 04:31:03 - INFO - Training model: top_right-tda-top_left-original-bottom_right
2025-03-26 04:31:16 - INFO - Model top_right-tda-top_left-original-bottom_right completed in 12.86 seconds.
2025-03-26 04:31:16 - INFO - >>> Model top_right-tda-top_left-original-bottom_right trained. Accuracy: 0.9586 (12.86 sec.)
2025-03-26 04:31:16 - INFO - Training model: top_right-tda-bottom_left-original-bottom_right
2025-03-26 04:31:29 - INFO - Model top_right-tda-bottom_left-original-bottom_right completed in 12.93 seconds.
2025-03-26 04:31:29 - INFO - >>> Model top_right-tda-bottom_left-original-bottom_right trained. Accuracy: 0.9548 (12.93 sec.)
2025-03-26 04:31:29 - INFO - Training model: top_right-top_left-bottom_left-original-bottom_right
2025-03-26 04:31:39 - INFO - Model top_right-top_left-bottom_left-original-bottom_right completed in 10.53 seconds.
2025-03-26 04:31:39 - INFO - >>> Model top_right-top_left-bottom_left-original-bottom_right trained. Accuracy: 0.9571 (10.53 sec.)
2025-03-26 04:31:39 - INFO - Training model: tda-top_left-bottom_left-original-bottom_right
2025-03-26 04:31:52 - INFO - Model tda-top_left-bottom_left-original-bottom_right completed in 13.04 seconds.
2025-03-26 04:31:52 - INFO - >>> Model tda-top_left-bottom_left-original-bottom_right trained. Accuracy: 0.9554 (13.04 sec.)
2025-03-26 04:31:52 - INFO - Training model: top_right-tda-top_left-bottom_left-original-bottom_right
2025-03-26 04:32:07 - INFO - Model top_right-tda-top_left-bottom_left-original-bottom_right completed in 14.45 seconds.
2025-03-26 04:32:07 - INFO - >>> Model top_right-tda-top_left-bottom_left-original-bottom_right trained. Accuracy: 0.9599 (14.45 sec.)
2025-03-26 04:32:07 - INFO - All models trained successfully.
2025-03-26 04:32:07 - INFO - ========== [Model Training Completed] in 4.69 minutes ==========
2025-03-26 04:32:07 - INFO - ========== [Experiment Training Complete] ==========
2025-03-26 04:32:07 - INFO - Results saved to /home/jovyan/Workspace/workspace_mnist/results/exp_noise_icecream_lines_q3/experiment_trainsize_predictions_2025-03-26_04-32-07.json
2025-03-26 04:32:07 - INFO - Results successfully saved to /home/jovyan/Workspace/workspace_mnist/results/exp_noise_icecream_lines_q3/experiment_trainsize_predictions_2025-03-26_04-32-07.json
2025-03-26 04:32:07 - INFO - Garbage collection executed.
2025-03-26 04:32:07 - INFO - ========== [Experiment Completed] in 9.62 minutes ==========
