2025-03-25 14:42:39 - INFO - Logging initialized.
 Writing to /home/jovyan/Workspace/workspace_mnist/logs/exp_noise_icecream_lines_q3/experiment_logs_2025-03-25_14-42-39.log
2025-03-25 14:42:39 - INFO - ========== [Experiment Start] ==========
2025-03-25 14:42:39 - INFO - Views combinations succesfully generated.
2025-03-25 14:42:39 - INFO - Topological Data Analysis pipeline generated.
2025-03-25 14:42:39 - INFO - Generating folder to save results.
2025-03-25 14:42:39 - INFO - Reading dataset in chunks from mnist_784.csv (chunk size: 70000)
2025-03-25 14:42:40 - INFO - Starting multiview data preparation for a chunk of size (70000, 784)...
2025-03-25 14:42:40 - INFO - Running using 22 jobs.
2025-03-25 14:42:40 - INFO - Contaminating dataset with lines using 3.
2025-03-25 14:42:44 - INFO - Splitting data: 48.9% train / 20.0% test (random_state=701363565)
2025-03-25 14:42:44 - INFO - Data split complete. Train size: (27377, 784), Test size: (14000, 784)
2025-03-25 14:42:44 - INFO - Reshaping train and test data into square images...
2025-03-25 14:42:44 - INFO - Reshaping complete. Train images: (27377, 28, 28), Test images: (14000, 28, 28)
2025-03-25 14:42:44 - INFO - Splitting images into quadrant views...
2025-03-25 14:42:44 - INFO - Quadrant view splitting complete. Train views: 4, Test views: 4
2025-03-25 14:42:44 - INFO - >> Starting TDA pipeline transformation on train data...
2025-03-25 14:46:40 - INFO - >> TDA transformation for train data completed (3.94 minutes).
2025-03-25 14:46:40 - INFO - >> Applying TDA pipeline transformation on test data...
2025-03-25 14:48:45 - INFO - >> TDA transformation for test data completed (2.08 minutes).
2025-03-25 14:48:45 - INFO - ========== [Model Training Start] ==========
2025-03-25 14:48:45 - INFO - Training model: original
2025-03-25 14:48:45 - INFO - Model original completed in 0.69 seconds.
2025-03-25 14:48:45 - INFO - >>> Model original trained. Accuracy: 0.9475 (0.69 sec.)
2025-03-25 14:48:45 - INFO - Training model: original-top_right
2025-03-25 14:48:52 - INFO - Model original-top_right completed in 6.27 seconds.
2025-03-25 14:48:52 - INFO - >>> Model original-top_right trained. Accuracy: 0.9527 (6.27 sec.)
2025-03-25 14:48:52 - INFO - Training model: original-tda
2025-03-25 14:49:02 - INFO - Model original-tda completed in 9.90 seconds.
2025-03-25 14:49:02 - INFO - >>> Model original-tda trained. Accuracy: 0.9556 (9.90 sec.)
2025-03-25 14:49:02 - INFO - Training model: original-top_left
2025-03-25 14:49:08 - INFO - Model original-top_left completed in 6.07 seconds.
2025-03-25 14:49:08 - INFO - >>> Model original-top_left trained. Accuracy: 0.9533 (6.07 sec.)
2025-03-25 14:49:08 - INFO - Training model: original-bottom_left
2025-03-25 14:49:14 - INFO - Model original-bottom_left completed in 5.89 seconds.
2025-03-25 14:49:14 - INFO - >>> Model original-bottom_left trained. Accuracy: 0.9525 (5.89 sec.)
2025-03-25 14:49:14 - INFO - Training model: bottom_right-original
2025-03-25 14:49:20 - INFO - Model bottom_right-original completed in 6.11 seconds.
2025-03-25 14:49:20 - INFO - >>> Model bottom_right-original trained. Accuracy: 0.9534 (6.11 sec.)
2025-03-25 14:49:20 - INFO - Training model: tda-original-top_right
2025-03-25 14:49:32 - INFO - Model tda-original-top_right completed in 12.27 seconds.
2025-03-25 14:49:32 - INFO - >>> Model tda-original-top_right trained. Accuracy: 0.9567 (12.27 sec.)
2025-03-25 14:49:32 - INFO - Training model: original-top_right-top_left
2025-03-25 14:49:40 - INFO - Model original-top_right-top_left completed in 8.25 seconds.
2025-03-25 14:49:40 - INFO - >>> Model original-top_right-top_left trained. Accuracy: 0.9567 (8.25 sec.)
2025-03-25 14:49:40 - INFO - Training model: original-top_right-bottom_left
2025-03-25 14:49:48 - INFO - Model original-top_right-bottom_left completed in 8.32 seconds.
2025-03-25 14:49:49 - INFO - >>> Model original-top_right-bottom_left trained. Accuracy: 0.9556 (8.32 sec.)
2025-03-25 14:49:49 - INFO - Training model: bottom_right-original-top_right
2025-03-25 14:49:57 - INFO - Model bottom_right-original-top_right completed in 8.44 seconds.
2025-03-25 14:49:57 - INFO - >>> Model bottom_right-original-top_right trained. Accuracy: 0.9565 (8.44 sec.)
2025-03-25 14:49:57 - INFO - Training model: original-tda-top_left
2025-03-25 14:50:09 - INFO - Model original-tda-top_left completed in 12.14 seconds.
2025-03-25 14:50:09 - INFO - >>> Model original-tda-top_left trained. Accuracy: 0.9569 (12.14 sec.)
2025-03-25 14:50:09 - INFO - Training model: original-tda-bottom_left
2025-03-25 14:50:21 - INFO - Model original-tda-bottom_left completed in 12.25 seconds.
2025-03-25 14:50:21 - INFO - >>> Model original-tda-bottom_left trained. Accuracy: 0.9543 (12.25 sec.)
2025-03-25 14:50:21 - INFO - Training model: bottom_right-original-tda
2025-03-25 14:50:33 - INFO - Model bottom_right-original-tda completed in 12.12 seconds.
2025-03-25 14:50:33 - INFO - >>> Model bottom_right-original-tda trained. Accuracy: 0.9571 (12.12 sec.)
2025-03-25 14:50:34 - INFO - Training model: original-top_left-bottom_left
2025-03-25 14:50:42 - INFO - Model original-top_left-bottom_left completed in 8.13 seconds.
2025-03-25 14:50:42 - INFO - >>> Model original-top_left-bottom_left trained. Accuracy: 0.9556 (8.13 sec.)
2025-03-25 14:50:42 - INFO - Training model: bottom_right-original-top_left
2025-03-25 14:50:50 - INFO - Model bottom_right-original-top_left completed in 8.50 seconds.
2025-03-25 14:50:50 - INFO - >>> Model bottom_right-original-top_left trained. Accuracy: 0.9562 (8.50 sec.)
2025-03-25 14:50:50 - INFO - Training model: bottom_right-original-bottom_left
2025-03-25 14:50:58 - INFO - Model bottom_right-original-bottom_left completed in 8.25 seconds.
2025-03-25 14:50:58 - INFO - >>> Model bottom_right-original-bottom_left trained. Accuracy: 0.9549 (8.25 sec.)
2025-03-25 14:50:58 - INFO - Training model: tda-original-top_right-top_left
2025-03-25 14:51:13 - INFO - Model tda-original-top_right-top_left completed in 14.30 seconds.
2025-03-25 14:51:13 - INFO - >>> Model tda-original-top_right-top_left trained. Accuracy: 0.9594 (14.30 sec.)
2025-03-25 14:51:13 - INFO - Training model: tda-original-top_right-bottom_left
2025-03-25 14:51:27 - INFO - Model tda-original-top_right-bottom_left completed in 14.59 seconds.
2025-03-25 14:51:27 - INFO - >>> Model tda-original-top_right-bottom_left trained. Accuracy: 0.9586 (14.59 sec.)
2025-03-25 14:51:27 - INFO - Training model: tda-bottom_right-original-top_right
2025-03-25 14:51:42 - INFO - Model tda-bottom_right-original-top_right completed in 14.82 seconds.
2025-03-25 14:51:42 - INFO - >>> Model tda-bottom_right-original-top_right trained. Accuracy: 0.9602 (14.82 sec.)
2025-03-25 14:51:42 - INFO - Training model: original-top_right-top_left-bottom_left
2025-03-25 14:51:53 - INFO - Model original-top_right-top_left-bottom_left completed in 10.58 seconds.
2025-03-25 14:51:53 - INFO - >>> Model original-top_right-top_left-bottom_left trained. Accuracy: 0.9598 (10.58 sec.)
2025-03-25 14:51:53 - INFO - Training model: bottom_right-original-top_right-top_left
2025-03-25 14:52:03 - INFO - Model bottom_right-original-top_right-top_left completed in 10.57 seconds.
2025-03-25 14:52:03 - INFO - >>> Model bottom_right-original-top_right-top_left trained. Accuracy: 0.9599 (10.57 sec.)
2025-03-25 14:52:03 - INFO - Training model: bottom_right-original-top_right-bottom_left
2025-03-25 14:52:14 - INFO - Model bottom_right-original-top_right-bottom_left completed in 10.63 seconds.
2025-03-25 14:52:14 - INFO - >>> Model bottom_right-original-top_right-bottom_left trained. Accuracy: 0.9594 (10.63 sec.)
2025-03-25 14:52:14 - INFO - Training model: original-tda-top_left-bottom_left
2025-03-25 14:52:28 - INFO - Model original-tda-top_left-bottom_left completed in 14.51 seconds.
2025-03-25 14:52:28 - INFO - >>> Model original-tda-top_left-bottom_left trained. Accuracy: 0.9584 (14.51 sec.)
2025-03-25 14:52:28 - INFO - Training model: bottom_right-original-tda-top_left
2025-03-25 14:52:43 - INFO - Model bottom_right-original-tda-top_left completed in 14.41 seconds.
2025-03-25 14:52:43 - INFO - >>> Model bottom_right-original-tda-top_left trained. Accuracy: 0.9597 (14.41 sec.)
2025-03-25 14:52:43 - INFO - Training model: bottom_right-original-tda-bottom_left
2025-03-25 14:52:57 - INFO - Model bottom_right-original-tda-bottom_left completed in 14.40 seconds.
2025-03-25 14:52:57 - INFO - >>> Model bottom_right-original-tda-bottom_left trained. Accuracy: 0.9574 (14.40 sec.)
2025-03-25 14:52:57 - INFO - Training model: bottom_right-original-top_left-bottom_left
2025-03-25 14:53:08 - INFO - Model bottom_right-original-top_left-bottom_left completed in 10.35 seconds.
2025-03-25 14:53:08 - INFO - >>> Model bottom_right-original-top_left-bottom_left trained. Accuracy: 0.9590 (10.35 sec.)
2025-03-25 14:53:08 - INFO - Training model: top_right-tda-top_left-bottom_left-original
2025-03-25 14:53:25 - INFO - Model top_right-tda-top_left-bottom_left-original completed in 16.97 seconds.
2025-03-25 14:53:25 - INFO - >>> Model top_right-tda-top_left-bottom_left-original trained. Accuracy: 0.9615 (16.97 sec.)
2025-03-25 14:53:25 - INFO - Training model: top_right-tda-top_left-original-bottom_right
2025-03-25 14:53:41 - INFO - Model top_right-tda-top_left-original-bottom_right completed in 16.78 seconds.
2025-03-25 14:53:41 - INFO - >>> Model top_right-tda-top_left-original-bottom_right trained. Accuracy: 0.9629 (16.78 sec.)
2025-03-25 14:53:41 - INFO - Training model: top_right-tda-bottom_left-original-bottom_right
2025-03-25 14:53:59 - INFO - Model top_right-tda-bottom_left-original-bottom_right completed in 17.17 seconds.
2025-03-25 14:53:59 - INFO - >>> Model top_right-tda-bottom_left-original-bottom_right trained. Accuracy: 0.9614 (17.17 sec.)
2025-03-25 14:53:59 - INFO - Training model: top_right-top_left-bottom_left-original-bottom_right
2025-03-25 14:54:12 - INFO - Model top_right-top_left-bottom_left-original-bottom_right completed in 13.22 seconds.
2025-03-25 14:54:12 - INFO - >>> Model top_right-top_left-bottom_left-original-bottom_right trained. Accuracy: 0.9629 (13.22 sec.)
2025-03-25 14:54:12 - INFO - Training model: tda-top_left-bottom_left-original-bottom_right
2025-03-25 14:54:28 - INFO - Model tda-top_left-bottom_left-original-bottom_right completed in 16.55 seconds.
2025-03-25 14:54:28 - INFO - >>> Model tda-top_left-bottom_left-original-bottom_right trained. Accuracy: 0.9609 (16.55 sec.)
2025-03-25 14:54:28 - INFO - Training model: top_right-tda-top_left-bottom_left-original-bottom_right
2025-03-25 14:54:48 - INFO - Model top_right-tda-top_left-bottom_left-original-bottom_right completed in 19.60 seconds.
2025-03-25 14:54:48 - INFO - >>> Model top_right-tda-top_left-bottom_left-original-bottom_right trained. Accuracy: 0.9646 (19.60 sec.)
2025-03-25 14:54:48 - INFO - All models trained successfully.
2025-03-25 14:54:48 - INFO - ========== [Model Training Completed] in 6.05 minutes ==========
2025-03-25 14:54:48 - INFO - ========== [Experiment Training Complete] ==========
2025-03-25 14:54:48 - INFO - Results saved to /home/jovyan/Workspace/workspace_mnist/results/exp_noise_icecream_lines_q3/experiment_trainsize_predictions_2025-03-25_14-54-48.json
2025-03-25 14:54:48 - INFO - Results successfully saved to /home/jovyan/Workspace/workspace_mnist/results/exp_noise_icecream_lines_q3/experiment_trainsize_predictions_2025-03-25_14-54-48.json
2025-03-25 14:54:48 - INFO - Garbage collection executed.
2025-03-25 14:54:48 - INFO - ========== [Experiment Completed] in 12.16 minutes ==========
