2025-03-25 14:22:13 - INFO - Logging initialized.
 Writing to /home/jovyan/Workspace/workspace_mnist/logs/exp_noise_icecream_lines_q3/experiment_logs_2025-03-25_14-22-13.log
2025-03-25 14:22:13 - INFO - ========== [Experiment Start] ==========
2025-03-25 14:22:13 - INFO - Views combinations succesfully generated.
2025-03-25 14:22:13 - INFO - Topological Data Analysis pipeline generated.
2025-03-25 14:22:13 - INFO - Generating folder to save results.
2025-03-25 14:22:13 - INFO - Reading dataset in chunks from mnist_784.csv (chunk size: 70000)
2025-03-25 14:22:14 - INFO - Starting multiview data preparation for a chunk of size (70000, 784)...
2025-03-25 14:22:14 - INFO - Running using 22 jobs.
2025-03-25 14:22:14 - INFO - Contaminating dataset with lines using 3.
2025-03-25 14:22:18 - INFO - Splitting data: 33.3% train / 20.0% test (random_state=701363565)
2025-03-25 14:22:18 - INFO - Data split complete. Train size: (18666, 784), Test size: (14000, 784)
2025-03-25 14:22:18 - INFO - Reshaping train and test data into square images...
2025-03-25 14:22:18 - INFO - Reshaping complete. Train images: (18666, 28, 28), Test images: (14000, 28, 28)
2025-03-25 14:22:18 - INFO - Splitting images into quadrant views...
2025-03-25 14:22:18 - INFO - Quadrant view splitting complete. Train views: 4, Test views: 4
2025-03-25 14:22:18 - INFO - >> Starting TDA pipeline transformation on train data...
2025-03-25 14:25:02 - INFO - >> TDA transformation for train data completed (2.73 minutes).
2025-03-25 14:25:02 - INFO - >> Applying TDA pipeline transformation on test data...
2025-03-25 14:27:06 - INFO - >> TDA transformation for test data completed (2.06 minutes).
2025-03-25 14:27:06 - INFO - ========== [Model Training Start] ==========
2025-03-25 14:27:06 - INFO - Training model: original
2025-03-25 14:27:06 - INFO - Model original completed in 0.46 seconds.
2025-03-25 14:27:06 - INFO - >>> Model original trained. Accuracy: 0.9404 (0.46 sec.)
2025-03-25 14:27:06 - INFO - Training model: original-top_right
2025-03-25 14:27:11 - INFO - Model original-top_right completed in 4.73 seconds.
2025-03-25 14:27:11 - INFO - >>> Model original-top_right trained. Accuracy: 0.9481 (4.73 sec.)
2025-03-25 14:27:11 - INFO - Training model: original-tda
2025-03-25 14:27:18 - INFO - Model original-tda completed in 7.17 seconds.
2025-03-25 14:27:18 - INFO - >>> Model original-tda trained. Accuracy: 0.9484 (7.17 sec.)
2025-03-25 14:27:18 - INFO - Training model: original-top_left
2025-03-25 14:27:23 - INFO - Model original-top_left completed in 4.65 seconds.
2025-03-25 14:27:23 - INFO - >>> Model original-top_left trained. Accuracy: 0.9447 (4.65 sec.)
2025-03-25 14:27:23 - INFO - Training model: original-bottom_left
2025-03-25 14:27:28 - INFO - Model original-bottom_left completed in 4.82 seconds.
2025-03-25 14:27:28 - INFO - >>> Model original-bottom_left trained. Accuracy: 0.9447 (4.82 sec.)
2025-03-25 14:27:28 - INFO - Training model: bottom_right-original
2025-03-25 14:27:32 - INFO - Model bottom_right-original completed in 4.86 seconds.
2025-03-25 14:27:32 - INFO - >>> Model bottom_right-original trained. Accuracy: 0.9462 (4.86 sec.)
2025-03-25 14:27:32 - INFO - Training model: tda-original-top_right
2025-03-25 14:27:42 - INFO - Model tda-original-top_right completed in 9.37 seconds.
2025-03-25 14:27:42 - INFO - >>> Model tda-original-top_right trained. Accuracy: 0.9509 (9.37 sec.)
2025-03-25 14:27:42 - INFO - Training model: original-top_right-top_left
2025-03-25 14:27:48 - INFO - Model original-top_right-top_left completed in 6.37 seconds.
2025-03-25 14:27:48 - INFO - >>> Model original-top_right-top_left trained. Accuracy: 0.9516 (6.37 sec.)
2025-03-25 14:27:48 - INFO - Training model: original-top_right-bottom_left
2025-03-25 14:27:55 - INFO - Model original-top_right-bottom_left completed in 6.62 seconds.
2025-03-25 14:27:55 - INFO - >>> Model original-top_right-bottom_left trained. Accuracy: 0.9501 (6.62 sec.)
2025-03-25 14:27:55 - INFO - Training model: bottom_right-original-top_right
2025-03-25 14:28:01 - INFO - Model bottom_right-original-top_right completed in 6.54 seconds.
2025-03-25 14:28:01 - INFO - >>> Model bottom_right-original-top_right trained. Accuracy: 0.9515 (6.54 sec.)
2025-03-25 14:28:01 - INFO - Training model: original-tda-top_left
2025-03-25 14:28:10 - INFO - Model original-tda-top_left completed in 8.90 seconds.
2025-03-25 14:28:10 - INFO - >>> Model original-tda-top_left trained. Accuracy: 0.9501 (8.90 sec.)
2025-03-25 14:28:10 - INFO - Training model: original-tda-bottom_left
2025-03-25 14:28:19 - INFO - Model original-tda-bottom_left completed in 8.97 seconds.
2025-03-25 14:28:19 - INFO - >>> Model original-tda-bottom_left trained. Accuracy: 0.9479 (8.97 sec.)
2025-03-25 14:28:19 - INFO - Training model: bottom_right-original-tda
2025-03-25 14:28:28 - INFO - Model bottom_right-original-tda completed in 9.14 seconds.
2025-03-25 14:28:28 - INFO - >>> Model bottom_right-original-tda trained. Accuracy: 0.9516 (9.14 sec.)
2025-03-25 14:28:28 - INFO - Training model: original-top_left-bottom_left
2025-03-25 14:28:35 - INFO - Model original-top_left-bottom_left completed in 6.61 seconds.
2025-03-25 14:28:35 - INFO - >>> Model original-top_left-bottom_left trained. Accuracy: 0.9473 (6.61 sec.)
2025-03-25 14:28:35 - INFO - Training model: bottom_right-original-top_left
2025-03-25 14:28:42 - INFO - Model bottom_right-original-top_left completed in 6.80 seconds.
2025-03-25 14:28:42 - INFO - >>> Model bottom_right-original-top_left trained. Accuracy: 0.9499 (6.80 sec.)
2025-03-25 14:28:42 - INFO - Training model: bottom_right-original-bottom_left
2025-03-25 14:28:48 - INFO - Model bottom_right-original-bottom_left completed in 6.47 seconds.
2025-03-25 14:28:48 - INFO - >>> Model bottom_right-original-bottom_left trained. Accuracy: 0.9475 (6.47 sec.)
2025-03-25 14:28:48 - INFO - Training model: tda-original-top_right-top_left
2025-03-25 14:28:59 - INFO - Model tda-original-top_right-top_left completed in 10.96 seconds.
2025-03-25 14:28:59 - INFO - >>> Model tda-original-top_right-top_left trained. Accuracy: 0.9546 (10.96 sec.)
2025-03-25 14:28:59 - INFO - Training model: tda-original-top_right-bottom_left
2025-03-25 14:29:10 - INFO - Model tda-original-top_right-bottom_left completed in 11.15 seconds.
2025-03-25 14:29:10 - INFO - >>> Model tda-original-top_right-bottom_left trained. Accuracy: 0.9535 (11.15 sec.)
2025-03-25 14:29:10 - INFO - Training model: tda-bottom_right-original-top_right
2025-03-25 14:29:22 - INFO - Model tda-bottom_right-original-top_right completed in 11.22 seconds.
2025-03-25 14:29:22 - INFO - >>> Model tda-bottom_right-original-top_right trained. Accuracy: 0.9558 (11.22 sec.)
2025-03-25 14:29:22 - INFO - Training model: original-top_right-top_left-bottom_left
2025-03-25 14:29:30 - INFO - Model original-top_right-top_left-bottom_left completed in 8.57 seconds.
2025-03-25 14:29:30 - INFO - >>> Model original-top_right-top_left-bottom_left trained. Accuracy: 0.9545 (8.57 sec.)
2025-03-25 14:29:30 - INFO - Training model: bottom_right-original-top_right-top_left
2025-03-25 14:29:39 - INFO - Model bottom_right-original-top_right-top_left completed in 8.71 seconds.
2025-03-25 14:29:39 - INFO - >>> Model bottom_right-original-top_right-top_left trained. Accuracy: 0.9553 (8.71 sec.)
2025-03-25 14:29:39 - INFO - Training model: bottom_right-original-top_right-bottom_left
2025-03-25 14:29:48 - INFO - Model bottom_right-original-top_right-bottom_left completed in 8.79 seconds.
2025-03-25 14:29:48 - INFO - >>> Model bottom_right-original-top_right-bottom_left trained. Accuracy: 0.9532 (8.79 sec.)
2025-03-25 14:29:48 - INFO - Training model: original-tda-top_left-bottom_left
2025-03-25 14:29:59 - INFO - Model original-tda-top_left-bottom_left completed in 11.20 seconds.
2025-03-25 14:29:59 - INFO - >>> Model original-tda-top_left-bottom_left trained. Accuracy: 0.9508 (11.20 sec.)
2025-03-25 14:29:59 - INFO - Training model: bottom_right-original-tda-top_left
2025-03-25 14:30:10 - INFO - Model bottom_right-original-tda-top_left completed in 11.01 seconds.
2025-03-25 14:30:10 - INFO - >>> Model bottom_right-original-tda-top_left trained. Accuracy: 0.9541 (11.01 sec.)
2025-03-25 14:30:10 - INFO - Training model: bottom_right-original-tda-bottom_left
2025-03-25 14:30:21 - INFO - Model bottom_right-original-tda-bottom_left completed in 10.94 seconds.
2025-03-25 14:30:21 - INFO - >>> Model bottom_right-original-tda-bottom_left trained. Accuracy: 0.9522 (10.94 sec.)
2025-03-25 14:30:21 - INFO - Training model: bottom_right-original-top_left-bottom_left
2025-03-25 14:30:29 - INFO - Model bottom_right-original-top_left-bottom_left completed in 8.46 seconds.
2025-03-25 14:30:29 - INFO - >>> Model bottom_right-original-top_left-bottom_left trained. Accuracy: 0.9504 (8.46 sec.)
2025-03-25 14:30:29 - INFO - Training model: top_right-tda-top_left-bottom_left-original
2025-03-25 14:30:42 - INFO - Model top_right-tda-top_left-bottom_left-original completed in 12.83 seconds.
2025-03-25 14:30:42 - INFO - >>> Model top_right-tda-top_left-bottom_left-original trained. Accuracy: 0.9566 (12.83 sec.)
2025-03-25 14:30:42 - INFO - Training model: top_right-tda-top_left-original-bottom_right
2025-03-25 14:30:55 - INFO - Model top_right-tda-top_left-original-bottom_right completed in 13.11 seconds.
2025-03-25 14:30:55 - INFO - >>> Model top_right-tda-top_left-original-bottom_right trained. Accuracy: 0.9599 (13.11 sec.)
2025-03-25 14:30:55 - INFO - Training model: top_right-tda-bottom_left-original-bottom_right
2025-03-25 14:31:08 - INFO - Model top_right-tda-bottom_left-original-bottom_right completed in 13.05 seconds.
2025-03-25 14:31:08 - INFO - >>> Model top_right-tda-bottom_left-original-bottom_right trained. Accuracy: 0.9564 (13.05 sec.)
2025-03-25 14:31:08 - INFO - Training model: top_right-top_left-bottom_left-original-bottom_right
2025-03-25 14:31:19 - INFO - Model top_right-top_left-bottom_left-original-bottom_right completed in 10.58 seconds.
2025-03-25 14:31:19 - INFO - >>> Model top_right-top_left-bottom_left-original-bottom_right trained. Accuracy: 0.9570 (10.58 sec.)
2025-03-25 14:31:19 - INFO - Training model: tda-top_left-bottom_left-original-bottom_right
2025-03-25 14:31:32 - INFO - Model tda-top_left-bottom_left-original-bottom_right completed in 12.94 seconds.
2025-03-25 14:31:32 - INFO - >>> Model tda-top_left-bottom_left-original-bottom_right trained. Accuracy: 0.9554 (12.94 sec.)
2025-03-25 14:31:32 - INFO - Training model: top_right-tda-top_left-bottom_left-original-bottom_right
2025-03-25 14:31:47 - INFO - Model top_right-tda-top_left-bottom_left-original-bottom_right completed in 14.95 seconds.
2025-03-25 14:31:47 - INFO - >>> Model top_right-tda-top_left-bottom_left-original-bottom_right trained. Accuracy: 0.9601 (14.95 sec.)
2025-03-25 14:31:47 - INFO - All models trained successfully.
2025-03-25 14:31:47 - INFO - ========== [Model Training Completed] in 4.69 minutes ==========
2025-03-25 14:31:47 - INFO - ========== [Experiment Training Complete] ==========
2025-03-25 14:31:47 - INFO - Results saved to /home/jovyan/Workspace/workspace_mnist/results/exp_noise_icecream_lines_q3/experiment_trainsize_predictions_2025-03-25_14-31-47.json
2025-03-25 14:31:47 - INFO - Results successfully saved to /home/jovyan/Workspace/workspace_mnist/results/exp_noise_icecream_lines_q3/experiment_trainsize_predictions_2025-03-25_14-31-47.json
2025-03-25 14:31:47 - INFO - Garbage collection executed.
2025-03-25 14:31:47 - INFO - ========== [Experiment Completed] in 9.56 minutes ==========
