2025-03-26 01:41:50 - INFO - Logging initialized.
 Writing to /home/jovyan/Workspace/workspace_mnist/logs/exp_noise_icecream_lines_q3/experiment_logs_2025-03-26_01-41-50.log
2025-03-26 01:41:50 - INFO - ========== [Experiment Start] ==========
2025-03-26 01:41:50 - INFO - Views combinations succesfully generated.
2025-03-26 01:41:50 - INFO - Topological Data Analysis pipeline generated.
2025-03-26 01:41:50 - INFO - Generating folder to save results.
2025-03-26 01:41:50 - INFO - Reading dataset in chunks from mnist_784.csv (chunk size: 70000)
2025-03-26 01:41:50 - INFO - Starting multiview data preparation for a chunk of size (70000, 784)...
2025-03-26 01:41:50 - INFO - Running using 22 jobs.
2025-03-26 01:41:50 - INFO - Contaminating dataset with lines using 3.
2025-03-26 01:41:55 - INFO - Splitting data: 80.0% train / 20.0% test (random_state=999719309)
2025-03-26 01:41:55 - INFO - Data split complete. Train size: (44800, 784), Test size: (14000, 784)
2025-03-26 01:41:55 - INFO - Reshaping train and test data into square images...
2025-03-26 01:41:55 - INFO - Reshaping complete. Train images: (44800, 28, 28), Test images: (14000, 28, 28)
2025-03-26 01:41:55 - INFO - Splitting images into quadrant views...
2025-03-26 01:41:55 - INFO - Quadrant view splitting complete. Train views: 4, Test views: 4
2025-03-26 01:41:55 - INFO - >> Starting TDA pipeline transformation on train data...
2025-03-26 01:48:38 - INFO - >> TDA transformation for train data completed (6.72 minutes).
2025-03-26 01:48:38 - INFO - >> Applying TDA pipeline transformation on test data...
2025-03-26 01:50:41 - INFO - >> TDA transformation for test data completed (2.06 minutes).
2025-03-26 01:50:41 - INFO - ========== [Model Training Start] ==========
2025-03-26 01:50:41 - INFO - Training model: original
2025-03-26 01:50:43 - INFO - Model original completed in 1.13 seconds.
2025-03-26 01:50:43 - INFO - >>> Model original trained. Accuracy: 0.9504 (1.13 sec.)
2025-03-26 01:50:43 - INFO - Training model: original-top_right
2025-03-26 01:50:52 - INFO - Model original-top_right completed in 9.57 seconds.
2025-03-26 01:50:52 - INFO - >>> Model original-top_right trained. Accuracy: 0.9551 (9.57 sec.)
2025-03-26 01:50:52 - INFO - Training model: original-tda
2025-03-26 01:51:09 - INFO - Model original-tda completed in 16.66 seconds.
2025-03-26 01:51:09 - INFO - >>> Model original-tda trained. Accuracy: 0.9559 (16.66 sec.)
2025-03-26 01:51:09 - INFO - Training model: original-top_left
2025-03-26 01:51:18 - INFO - Model original-top_left completed in 9.20 seconds.
2025-03-26 01:51:18 - INFO - >>> Model original-top_left trained. Accuracy: 0.9570 (9.20 sec.)
2025-03-26 01:51:18 - INFO - Training model: original-bottom_left
2025-03-26 01:51:27 - INFO - Model original-bottom_left completed in 9.45 seconds.
2025-03-26 01:51:27 - INFO - >>> Model original-bottom_left trained. Accuracy: 0.9549 (9.45 sec.)
2025-03-26 01:51:28 - INFO - Training model: bottom_right-original
2025-03-26 01:51:37 - INFO - Model bottom_right-original completed in 9.68 seconds.
2025-03-26 01:51:37 - INFO - >>> Model bottom_right-original trained. Accuracy: 0.9569 (9.68 sec.)
2025-03-26 01:51:37 - INFO - Training model: tda-original-top_right
2025-03-26 01:51:57 - INFO - Model tda-original-top_right completed in 20.08 seconds.
2025-03-26 01:51:57 - INFO - >>> Model tda-original-top_right trained. Accuracy: 0.9591 (20.08 sec.)
2025-03-26 01:51:57 - INFO - Training model: original-top_right-top_left
2025-03-26 01:52:10 - INFO - Model original-top_right-top_left completed in 13.00 seconds.
2025-03-26 01:52:10 - INFO - >>> Model original-top_right-top_left trained. Accuracy: 0.9605 (13.00 sec.)
2025-03-26 01:52:10 - INFO - Training model: original-top_right-bottom_left
2025-03-26 01:52:23 - INFO - Model original-top_right-bottom_left completed in 12.91 seconds.
2025-03-26 01:52:23 - INFO - >>> Model original-top_right-bottom_left trained. Accuracy: 0.9582 (12.91 sec.)
2025-03-26 01:52:23 - INFO - Training model: bottom_right-original-top_right
2025-03-26 01:52:36 - INFO - Model bottom_right-original-top_right completed in 13.14 seconds.
2025-03-26 01:52:36 - INFO - >>> Model bottom_right-original-top_right trained. Accuracy: 0.9589 (13.14 sec.)
2025-03-26 01:52:36 - INFO - Training model: original-tda-top_left
2025-03-26 01:52:56 - INFO - Model original-tda-top_left completed in 19.98 seconds.
2025-03-26 01:52:56 - INFO - >>> Model original-tda-top_left trained. Accuracy: 0.9595 (19.98 sec.)
2025-03-26 01:52:56 - INFO - Training model: original-tda-bottom_left
2025-03-26 01:53:16 - INFO - Model original-tda-bottom_left completed in 20.15 seconds.
2025-03-26 01:53:16 - INFO - >>> Model original-tda-bottom_left trained. Accuracy: 0.9569 (20.15 sec.)
2025-03-26 01:53:16 - INFO - Training model: bottom_right-original-tda
2025-03-26 01:53:37 - INFO - Model bottom_right-original-tda completed in 20.20 seconds.
2025-03-26 01:53:37 - INFO - >>> Model bottom_right-original-tda trained. Accuracy: 0.9592 (20.20 sec.)
2025-03-26 01:53:37 - INFO - Training model: original-top_left-bottom_left
2025-03-26 01:53:49 - INFO - Model original-top_left-bottom_left completed in 12.62 seconds.
2025-03-26 01:53:49 - INFO - >>> Model original-top_left-bottom_left trained. Accuracy: 0.9587 (12.62 sec.)
2025-03-26 01:53:49 - INFO - Training model: bottom_right-original-top_left
2025-03-26 01:54:02 - INFO - Model bottom_right-original-top_left completed in 13.03 seconds.
2025-03-26 01:54:02 - INFO - >>> Model bottom_right-original-top_left trained. Accuracy: 0.9605 (13.03 sec.)
2025-03-26 01:54:02 - INFO - Training model: bottom_right-original-bottom_left
2025-03-26 01:54:16 - INFO - Model bottom_right-original-bottom_left completed in 13.16 seconds.
2025-03-26 01:54:16 - INFO - >>> Model bottom_right-original-bottom_left trained. Accuracy: 0.9588 (13.16 sec.)
2025-03-26 01:54:16 - INFO - Training model: tda-original-top_right-top_left
2025-03-26 01:54:39 - INFO - Model tda-original-top_right-top_left completed in 23.52 seconds.
2025-03-26 01:54:39 - INFO - >>> Model tda-original-top_right-top_left trained. Accuracy: 0.9627 (23.52 sec.)
2025-03-26 01:54:39 - INFO - Training model: tda-original-top_right-bottom_left
2025-03-26 01:55:02 - INFO - Model tda-original-top_right-bottom_left completed in 23.25 seconds.
2025-03-26 01:55:02 - INFO - >>> Model tda-original-top_right-bottom_left trained. Accuracy: 0.9616 (23.25 sec.)
2025-03-26 01:55:02 - INFO - Training model: tda-bottom_right-original-top_right
2025-03-26 01:55:26 - INFO - Model tda-bottom_right-original-top_right completed in 23.59 seconds.
2025-03-26 01:55:26 - INFO - >>> Model tda-bottom_right-original-top_right trained. Accuracy: 0.9637 (23.59 sec.)
2025-03-26 01:55:26 - INFO - Training model: original-top_right-top_left-bottom_left
2025-03-26 01:55:42 - INFO - Model original-top_right-top_left-bottom_left completed in 16.06 seconds.
2025-03-26 01:55:42 - INFO - >>> Model original-top_right-top_left-bottom_left trained. Accuracy: 0.9623 (16.06 sec.)
2025-03-26 01:55:42 - INFO - Training model: bottom_right-original-top_right-top_left
2025-03-26 01:55:58 - INFO - Model bottom_right-original-top_right-top_left completed in 16.37 seconds.
2025-03-26 01:55:58 - INFO - >>> Model bottom_right-original-top_right-top_left trained. Accuracy: 0.9639 (16.37 sec.)
2025-03-26 01:55:58 - INFO - Training model: bottom_right-original-top_right-bottom_left
2025-03-26 01:56:15 - INFO - Model bottom_right-original-top_right-bottom_left completed in 16.63 seconds.
2025-03-26 01:56:15 - INFO - >>> Model bottom_right-original-top_right-bottom_left trained. Accuracy: 0.9621 (16.63 sec.)
2025-03-26 01:56:15 - INFO - Training model: original-tda-top_left-bottom_left
2025-03-26 01:56:39 - INFO - Model original-tda-top_left-bottom_left completed in 23.56 seconds.
2025-03-26 01:56:39 - INFO - >>> Model original-tda-top_left-bottom_left trained. Accuracy: 0.9594 (23.56 sec.)
2025-03-26 01:56:39 - INFO - Training model: bottom_right-original-tda-top_left
2025-03-26 01:57:02 - INFO - Model bottom_right-original-tda-top_left completed in 23.77 seconds.
2025-03-26 01:57:02 - INFO - >>> Model bottom_right-original-tda-top_left trained. Accuracy: 0.9629 (23.77 sec.)
2025-03-26 01:57:02 - INFO - Training model: bottom_right-original-tda-bottom_left
2025-03-26 01:57:26 - INFO - Model bottom_right-original-tda-bottom_left completed in 23.34 seconds.
2025-03-26 01:57:26 - INFO - >>> Model bottom_right-original-tda-bottom_left trained. Accuracy: 0.9614 (23.34 sec.)
2025-03-26 01:57:26 - INFO - Training model: bottom_right-original-top_left-bottom_left
2025-03-26 01:57:42 - INFO - Model bottom_right-original-top_left-bottom_left completed in 16.38 seconds.
2025-03-26 01:57:42 - INFO - >>> Model bottom_right-original-top_left-bottom_left trained. Accuracy: 0.9628 (16.38 sec.)
2025-03-26 01:57:42 - INFO - Training model: top_right-tda-top_left-bottom_left-original
2025-03-26 01:58:09 - INFO - Model top_right-tda-top_left-bottom_left-original completed in 26.91 seconds.
2025-03-26 01:58:09 - INFO - >>> Model top_right-tda-top_left-bottom_left-original trained. Accuracy: 0.9638 (26.91 sec.)
2025-03-26 01:58:09 - INFO - Training model: top_right-tda-top_left-original-bottom_right
2025-03-26 01:58:36 - INFO - Model top_right-tda-top_left-original-bottom_right completed in 26.98 seconds.
2025-03-26 01:58:36 - INFO - >>> Model top_right-tda-top_left-original-bottom_right trained. Accuracy: 0.9663 (26.98 sec.)
2025-03-26 01:58:36 - INFO - Training model: top_right-tda-bottom_left-original-bottom_right
2025-03-26 01:59:03 - INFO - Model top_right-tda-bottom_left-original-bottom_right completed in 26.98 seconds.
2025-03-26 01:59:03 - INFO - >>> Model top_right-tda-bottom_left-original-bottom_right trained. Accuracy: 0.9646 (26.98 sec.)
2025-03-26 01:59:03 - INFO - Training model: top_right-top_left-bottom_left-original-bottom_right
2025-03-26 01:59:22 - INFO - Model top_right-top_left-bottom_left-original-bottom_right completed in 19.50 seconds.
2025-03-26 01:59:22 - INFO - >>> Model top_right-top_left-bottom_left-original-bottom_right trained. Accuracy: 0.9661 (19.50 sec.)
2025-03-26 01:59:22 - INFO - Training model: tda-top_left-bottom_left-original-bottom_right
2025-03-26 01:59:49 - INFO - Model tda-top_left-bottom_left-original-bottom_right completed in 26.84 seconds.
2025-03-26 01:59:49 - INFO - >>> Model tda-top_left-bottom_left-original-bottom_right trained. Accuracy: 0.9645 (26.84 sec.)
2025-03-26 01:59:49 - INFO - Training model: top_right-tda-top_left-bottom_left-original-bottom_right
2025-03-26 02:00:19 - INFO - Model top_right-tda-top_left-bottom_left-original-bottom_right completed in 29.86 seconds.
2025-03-26 02:00:19 - INFO - >>> Model top_right-tda-top_left-bottom_left-original-bottom_right trained. Accuracy: 0.9684 (29.86 sec.)
2025-03-26 02:00:19 - INFO - All models trained successfully.
2025-03-26 02:00:19 - INFO - ========== [Model Training Completed] in 9.63 minutes ==========
2025-03-26 02:00:19 - INFO - ========== [Experiment Training Complete] ==========
2025-03-26 02:00:19 - INFO - Results saved to /home/jovyan/Workspace/workspace_mnist/results/exp_noise_icecream_lines_q3/experiment_trainsize_predictions_2025-03-26_02-00-19.json
2025-03-26 02:00:19 - INFO - Results successfully saved to /home/jovyan/Workspace/workspace_mnist/results/exp_noise_icecream_lines_q3/experiment_trainsize_predictions_2025-03-26_02-00-19.json
2025-03-26 02:00:19 - INFO - Garbage collection executed.
2025-03-26 02:00:19 - INFO - ========== [Experiment Completed] in 18.50 minutes ==========
