2025-03-26 00:55:59 - INFO - Logging initialized.
 Writing to /home/jovyan/Workspace/workspace_mnist/logs/exp_noise_icecream_lines_q3/experiment_logs_2025-03-26_00-55-59.log
2025-03-26 00:55:59 - INFO - ========== [Experiment Start] ==========
2025-03-26 00:55:59 - INFO - Views combinations succesfully generated.
2025-03-26 00:55:59 - INFO - Topological Data Analysis pipeline generated.
2025-03-26 00:55:59 - INFO - Generating folder to save results.
2025-03-26 00:55:59 - INFO - Reading dataset in chunks from mnist_784.csv (chunk size: 70000)
2025-03-26 00:56:00 - INFO - Starting multiview data preparation for a chunk of size (70000, 784)...
2025-03-26 00:56:00 - INFO - Running using 22 jobs.
2025-03-26 00:56:00 - INFO - Contaminating dataset with lines using 3.
2025-03-26 00:56:04 - INFO - Splitting data: 56.7% train / 20.0% test (random_state=999719309)
2025-03-26 00:56:04 - INFO - Data split complete. Train size: (31733, 784), Test size: (14000, 784)
2025-03-26 00:56:04 - INFO - Reshaping train and test data into square images...
2025-03-26 00:56:04 - INFO - Reshaping complete. Train images: (31733, 28, 28), Test images: (14000, 28, 28)
2025-03-26 00:56:04 - INFO - Splitting images into quadrant views...
2025-03-26 00:56:04 - INFO - Quadrant view splitting complete. Train views: 4, Test views: 4
2025-03-26 00:56:04 - INFO - >> Starting TDA pipeline transformation on train data...
2025-03-26 01:00:47 - INFO - >> TDA transformation for train data completed (4.73 minutes).
2025-03-26 01:00:47 - INFO - >> Applying TDA pipeline transformation on test data...
2025-03-26 01:02:56 - INFO - >> TDA transformation for test data completed (2.14 minutes).
2025-03-26 01:02:56 - INFO - ========== [Model Training Start] ==========
2025-03-26 01:02:56 - INFO - Training model: original
2025-03-26 01:02:56 - INFO - Model original completed in 0.75 seconds.
2025-03-26 01:02:56 - INFO - >>> Model original trained. Accuracy: 0.9458 (0.75 sec.)
2025-03-26 01:02:56 - INFO - Training model: original-top_right
2025-03-26 01:03:03 - INFO - Model original-top_right completed in 6.67 seconds.
2025-03-26 01:03:03 - INFO - >>> Model original-top_right trained. Accuracy: 0.9510 (6.67 sec.)
2025-03-26 01:03:03 - INFO - Training model: original-tda
2025-03-26 01:03:14 - INFO - Model original-tda completed in 11.29 seconds.
2025-03-26 01:03:14 - INFO - >>> Model original-tda trained. Accuracy: 0.9531 (11.29 sec.)
2025-03-26 01:03:14 - INFO - Training model: original-top_left
2025-03-26 01:03:21 - INFO - Model original-top_left completed in 6.45 seconds.
2025-03-26 01:03:21 - INFO - >>> Model original-top_left trained. Accuracy: 0.9517 (6.45 sec.)
2025-03-26 01:03:21 - INFO - Training model: original-bottom_left
2025-03-26 01:03:27 - INFO - Model original-bottom_left completed in 6.43 seconds.
2025-03-26 01:03:27 - INFO - >>> Model original-bottom_left trained. Accuracy: 0.9503 (6.43 sec.)
2025-03-26 01:03:27 - INFO - Training model: bottom_right-original
2025-03-26 01:03:34 - INFO - Model bottom_right-original completed in 6.81 seconds.
2025-03-26 01:03:34 - INFO - >>> Model bottom_right-original trained. Accuracy: 0.9522 (6.81 sec.)
2025-03-26 01:03:34 - INFO - Training model: tda-original-top_right
2025-03-26 01:03:48 - INFO - Model tda-original-top_right completed in 14.05 seconds.
2025-03-26 01:03:48 - INFO - >>> Model tda-original-top_right trained. Accuracy: 0.9557 (14.05 sec.)
2025-03-26 01:03:48 - INFO - Training model: original-top_right-top_left
2025-03-26 01:03:58 - INFO - Model original-top_right-top_left completed in 9.49 seconds.
2025-03-26 01:03:58 - INFO - >>> Model original-top_right-top_left trained. Accuracy: 0.9560 (9.49 sec.)
2025-03-26 01:03:58 - INFO - Training model: original-top_right-bottom_left
2025-03-26 01:04:07 - INFO - Model original-top_right-bottom_left completed in 9.24 seconds.
2025-03-26 01:04:07 - INFO - >>> Model original-top_right-bottom_left trained. Accuracy: 0.9552 (9.24 sec.)
2025-03-26 01:04:07 - INFO - Training model: bottom_right-original-top_right
2025-03-26 01:04:16 - INFO - Model bottom_right-original-top_right completed in 9.41 seconds.
2025-03-26 01:04:16 - INFO - >>> Model bottom_right-original-top_right trained. Accuracy: 0.9564 (9.41 sec.)
2025-03-26 01:04:16 - INFO - Training model: original-tda-top_left
2025-03-26 01:04:30 - INFO - Model original-tda-top_left completed in 13.95 seconds.
2025-03-26 01:04:30 - INFO - >>> Model original-tda-top_left trained. Accuracy: 0.9558 (13.95 sec.)
2025-03-26 01:04:30 - INFO - Training model: original-tda-bottom_left
2025-03-26 01:04:44 - INFO - Model original-tda-bottom_left completed in 13.81 seconds.
2025-03-26 01:04:44 - INFO - >>> Model original-tda-bottom_left trained. Accuracy: 0.9521 (13.81 sec.)
2025-03-26 01:04:44 - INFO - Training model: bottom_right-original-tda
2025-03-26 01:04:58 - INFO - Model bottom_right-original-tda completed in 13.97 seconds.
2025-03-26 01:04:58 - INFO - >>> Model bottom_right-original-tda trained. Accuracy: 0.9545 (13.97 sec.)
2025-03-26 01:04:58 - INFO - Training model: original-top_left-bottom_left
2025-03-26 01:05:07 - INFO - Model original-top_left-bottom_left completed in 9.26 seconds.
2025-03-26 01:05:07 - INFO - >>> Model original-top_left-bottom_left trained. Accuracy: 0.9536 (9.26 sec.)
2025-03-26 01:05:07 - INFO - Training model: bottom_right-original-top_left
2025-03-26 01:05:17 - INFO - Model bottom_right-original-top_left completed in 9.26 seconds.
2025-03-26 01:05:17 - INFO - >>> Model bottom_right-original-top_left trained. Accuracy: 0.9546 (9.26 sec.)
2025-03-26 01:05:17 - INFO - Training model: bottom_right-original-bottom_left
2025-03-26 01:05:26 - INFO - Model bottom_right-original-bottom_left completed in 9.22 seconds.
2025-03-26 01:05:26 - INFO - >>> Model bottom_right-original-bottom_left trained. Accuracy: 0.9531 (9.22 sec.)
2025-03-26 01:05:26 - INFO - Training model: tda-original-top_right-top_left
2025-03-26 01:05:42 - INFO - Model tda-original-top_right-top_left completed in 16.60 seconds.
2025-03-26 01:05:42 - INFO - >>> Model tda-original-top_right-top_left trained. Accuracy: 0.9591 (16.60 sec.)
2025-03-26 01:05:42 - INFO - Training model: tda-original-top_right-bottom_left
2025-03-26 01:05:59 - INFO - Model tda-original-top_right-bottom_left completed in 16.82 seconds.
2025-03-26 01:05:59 - INFO - >>> Model tda-original-top_right-bottom_left trained. Accuracy: 0.9564 (16.82 sec.)
2025-03-26 01:05:59 - INFO - Training model: tda-bottom_right-original-top_right
2025-03-26 01:06:15 - INFO - Model tda-bottom_right-original-top_right completed in 16.31 seconds.
2025-03-26 01:06:15 - INFO - >>> Model tda-bottom_right-original-top_right trained. Accuracy: 0.9596 (16.31 sec.)
2025-03-26 01:06:15 - INFO - Training model: original-top_right-top_left-bottom_left
2025-03-26 01:06:27 - INFO - Model original-top_right-top_left-bottom_left completed in 11.83 seconds.
2025-03-26 01:06:27 - INFO - >>> Model original-top_right-top_left-bottom_left trained. Accuracy: 0.9595 (11.83 sec.)
2025-03-26 01:06:27 - INFO - Training model: bottom_right-original-top_right-top_left
2025-03-26 01:06:39 - INFO - Model bottom_right-original-top_right-top_left completed in 11.86 seconds.
2025-03-26 01:06:39 - INFO - >>> Model bottom_right-original-top_right-top_left trained. Accuracy: 0.9599 (11.86 sec.)
2025-03-26 01:06:39 - INFO - Training model: bottom_right-original-top_right-bottom_left
2025-03-26 01:06:51 - INFO - Model bottom_right-original-top_right-bottom_left completed in 11.73 seconds.
2025-03-26 01:06:51 - INFO - >>> Model bottom_right-original-top_right-bottom_left trained. Accuracy: 0.9577 (11.73 sec.)
2025-03-26 01:06:51 - INFO - Training model: original-tda-top_left-bottom_left
2025-03-26 01:07:07 - INFO - Model original-tda-top_left-bottom_left completed in 16.33 seconds.
2025-03-26 01:07:07 - INFO - >>> Model original-tda-top_left-bottom_left trained. Accuracy: 0.9564 (16.33 sec.)
2025-03-26 01:07:07 - INFO - Training model: bottom_right-original-tda-top_left
2025-03-26 01:07:24 - INFO - Model bottom_right-original-tda-top_left completed in 16.42 seconds.
2025-03-26 01:07:24 - INFO - >>> Model bottom_right-original-tda-top_left trained. Accuracy: 0.9595 (16.42 sec.)
2025-03-26 01:07:24 - INFO - Training model: bottom_right-original-tda-bottom_left
2025-03-26 01:07:40 - INFO - Model bottom_right-original-tda-bottom_left completed in 16.60 seconds.
2025-03-26 01:07:40 - INFO - >>> Model bottom_right-original-tda-bottom_left trained. Accuracy: 0.9554 (16.60 sec.)
2025-03-26 01:07:40 - INFO - Training model: bottom_right-original-top_left-bottom_left
2025-03-26 01:07:52 - INFO - Model bottom_right-original-top_left-bottom_left completed in 11.56 seconds.
2025-03-26 01:07:52 - INFO - >>> Model bottom_right-original-top_left-bottom_left trained. Accuracy: 0.9588 (11.56 sec.)
2025-03-26 01:07:52 - INFO - Training model: top_right-tda-top_left-bottom_left-original
2025-03-26 01:08:11 - INFO - Model top_right-tda-top_left-bottom_left-original completed in 18.99 seconds.
2025-03-26 01:08:11 - INFO - >>> Model top_right-tda-top_left-bottom_left-original trained. Accuracy: 0.9614 (18.99 sec.)
2025-03-26 01:08:11 - INFO - Training model: top_right-tda-top_left-original-bottom_right
2025-03-26 01:08:30 - INFO - Model top_right-tda-top_left-original-bottom_right completed in 19.24 seconds.
2025-03-26 01:08:30 - INFO - >>> Model top_right-tda-top_left-original-bottom_right trained. Accuracy: 0.9641 (19.24 sec.)
2025-03-26 01:08:30 - INFO - Training model: top_right-tda-bottom_left-original-bottom_right
2025-03-26 01:08:49 - INFO - Model top_right-tda-bottom_left-original-bottom_right completed in 18.96 seconds.
2025-03-26 01:08:49 - INFO - >>> Model top_right-tda-bottom_left-original-bottom_right trained. Accuracy: 0.9599 (18.96 sec.)
2025-03-26 01:08:49 - INFO - Training model: top_right-top_left-bottom_left-original-bottom_right
2025-03-26 01:09:03 - INFO - Model top_right-top_left-bottom_left-original-bottom_right completed in 14.20 seconds.
2025-03-26 01:09:03 - INFO - >>> Model top_right-top_left-bottom_left-original-bottom_right trained. Accuracy: 0.9616 (14.20 sec.)
2025-03-26 01:09:03 - INFO - Training model: tda-top_left-bottom_left-original-bottom_right
2025-03-26 01:09:22 - INFO - Model tda-top_left-bottom_left-original-bottom_right completed in 18.78 seconds.
2025-03-26 01:09:22 - INFO - >>> Model tda-top_left-bottom_left-original-bottom_right trained. Accuracy: 0.9609 (18.78 sec.)
2025-03-26 01:09:22 - INFO - Training model: top_right-tda-top_left-bottom_left-original-bottom_right
2025-03-26 01:09:44 - INFO - Model top_right-tda-top_left-bottom_left-original-bottom_right completed in 21.85 seconds.
2025-03-26 01:09:44 - INFO - >>> Model top_right-tda-top_left-bottom_left-original-bottom_right trained. Accuracy: 0.9646 (21.85 sec.)
2025-03-26 01:09:44 - INFO - All models trained successfully.
2025-03-26 01:09:44 - INFO - ========== [Model Training Completed] in 6.81 minutes ==========
2025-03-26 01:09:44 - INFO - ========== [Experiment Training Complete] ==========
2025-03-26 01:09:44 - INFO - Results saved to /home/jovyan/Workspace/workspace_mnist/results/exp_noise_icecream_lines_q3/experiment_trainsize_predictions_2025-03-26_01-09-44.json
2025-03-26 01:09:44 - INFO - Results successfully saved to /home/jovyan/Workspace/workspace_mnist/results/exp_noise_icecream_lines_q3/experiment_trainsize_predictions_2025-03-26_01-09-44.json
2025-03-26 01:09:44 - INFO - Garbage collection executed.
2025-03-26 01:09:44 - INFO - ========== [Experiment Completed] in 13.75 minutes ==========
