2025-03-26 10:03:28 - INFO - Logging initialized.
 Writing to /home/jovyan/Workspace/workspace_mnist/logs/exp_noise_icecream_lines_q3/experiment_logs_2025-03-26_10-03-28.log
2025-03-26 10:03:28 - INFO - ========== [Experiment Start] ==========
2025-03-26 10:03:28 - INFO - Views combinations succesfully generated.
2025-03-26 10:03:28 - INFO - Topological Data Analysis pipeline generated.
2025-03-26 10:03:28 - INFO - Generating folder to save results.
2025-03-26 10:03:28 - INFO - Reading dataset in chunks from mnist_784.csv (chunk size: 70000)
2025-03-26 10:03:29 - INFO - Starting multiview data preparation for a chunk of size (70000, 784)...
2025-03-26 10:03:29 - INFO - Running using 22 jobs.
2025-03-26 10:03:29 - INFO - Contaminating dataset with lines using 3.
2025-03-26 10:03:32 - INFO - Splitting data: 17.8% train / 20.0% test (random_state=402417678)
2025-03-26 10:03:32 - INFO - Data split complete. Train size: (9955, 784), Test size: (14000, 784)
2025-03-26 10:03:32 - INFO - Reshaping train and test data into square images...
2025-03-26 10:03:32 - INFO - Reshaping complete. Train images: (9955, 28, 28), Test images: (14000, 28, 28)
2025-03-26 10:03:32 - INFO - Splitting images into quadrant views...
2025-03-26 10:03:32 - INFO - Quadrant view splitting complete. Train views: 4, Test views: 4
2025-03-26 10:03:32 - INFO - >> Starting TDA pipeline transformation on train data...
2025-03-26 10:04:58 - INFO - >> TDA transformation for train data completed (1.42 minutes).
2025-03-26 10:04:58 - INFO - >> Applying TDA pipeline transformation on test data...
2025-03-26 10:07:01 - INFO - >> TDA transformation for test data completed (2.06 minutes).
2025-03-26 10:07:02 - INFO - ========== [Model Training Start] ==========
2025-03-26 10:07:02 - INFO - Training model: original
2025-03-26 10:07:02 - INFO - Model original completed in 0.30 seconds.
2025-03-26 10:07:02 - INFO - >>> Model original trained. Accuracy: 0.9325 (0.30 sec.)
2025-03-26 10:07:02 - INFO - Training model: original-top_right
2025-03-26 10:07:06 - INFO - Model original-top_right completed in 4.02 seconds.
2025-03-26 10:07:06 - INFO - >>> Model original-top_right trained. Accuracy: 0.9396 (4.02 sec.)
2025-03-26 10:07:06 - INFO - Training model: original-tda
2025-03-26 10:07:10 - INFO - Model original-tda completed in 4.60 seconds.
2025-03-26 10:07:10 - INFO - >>> Model original-tda trained. Accuracy: 0.9402 (4.60 sec.)
2025-03-26 10:07:10 - INFO - Training model: original-top_left
2025-03-26 10:07:15 - INFO - Model original-top_left completed in 4.08 seconds.
2025-03-26 10:07:15 - INFO - >>> Model original-top_left trained. Accuracy: 0.9381 (4.08 sec.)
2025-03-26 10:07:15 - INFO - Training model: original-bottom_left
2025-03-26 10:07:18 - INFO - Model original-bottom_left completed in 3.90 seconds.
2025-03-26 10:07:18 - INFO - >>> Model original-bottom_left trained. Accuracy: 0.9352 (3.90 sec.)
2025-03-26 10:07:18 - INFO - Training model: bottom_right-original
2025-03-26 10:07:22 - INFO - Model bottom_right-original completed in 3.73 seconds.
2025-03-26 10:07:22 - INFO - >>> Model bottom_right-original trained. Accuracy: 0.9376 (3.73 sec.)
2025-03-26 10:07:22 - INFO - Training model: tda-original-top_right
2025-03-26 10:07:29 - INFO - Model tda-original-top_right completed in 6.89 seconds.
2025-03-26 10:07:29 - INFO - >>> Model tda-original-top_right trained. Accuracy: 0.9435 (6.89 sec.)
2025-03-26 10:07:29 - INFO - Training model: original-top_right-top_left
2025-03-26 10:07:35 - INFO - Model original-top_right-top_left completed in 5.90 seconds.
2025-03-26 10:07:35 - INFO - >>> Model original-top_right-top_left trained. Accuracy: 0.9431 (5.90 sec.)
2025-03-26 10:07:35 - INFO - Training model: original-top_right-bottom_left
2025-03-26 10:07:41 - INFO - Model original-top_right-bottom_left completed in 5.98 seconds.
2025-03-26 10:07:41 - INFO - >>> Model original-top_right-bottom_left trained. Accuracy: 0.9419 (5.98 sec.)
2025-03-26 10:07:41 - INFO - Training model: bottom_right-original-top_right
2025-03-26 10:07:46 - INFO - Model bottom_right-original-top_right completed in 5.52 seconds.
2025-03-26 10:07:46 - INFO - >>> Model bottom_right-original-top_right trained. Accuracy: 0.9429 (5.52 sec.)
2025-03-26 10:07:46 - INFO - Training model: original-tda-top_left
2025-03-26 10:07:53 - INFO - Model original-tda-top_left completed in 6.84 seconds.
2025-03-26 10:07:53 - INFO - >>> Model original-tda-top_left trained. Accuracy: 0.9420 (6.84 sec.)
2025-03-26 10:07:53 - INFO - Training model: original-tda-bottom_left
2025-03-26 10:08:00 - INFO - Model original-tda-bottom_left completed in 6.56 seconds.
2025-03-26 10:08:00 - INFO - >>> Model original-tda-bottom_left trained. Accuracy: 0.9384 (6.56 sec.)
2025-03-26 10:08:00 - INFO - Training model: bottom_right-original-tda
2025-03-26 10:08:07 - INFO - Model bottom_right-original-tda completed in 6.75 seconds.
2025-03-26 10:08:07 - INFO - >>> Model bottom_right-original-tda trained. Accuracy: 0.9416 (6.75 sec.)
2025-03-26 10:08:07 - INFO - Training model: original-top_left-bottom_left
2025-03-26 10:08:12 - INFO - Model original-top_left-bottom_left completed in 5.64 seconds.
2025-03-26 10:08:12 - INFO - >>> Model original-top_left-bottom_left trained. Accuracy: 0.9400 (5.64 sec.)
2025-03-26 10:08:12 - INFO - Training model: bottom_right-original-top_left
2025-03-26 10:08:18 - INFO - Model bottom_right-original-top_left completed in 6.07 seconds.
2025-03-26 10:08:18 - INFO - >>> Model bottom_right-original-top_left trained. Accuracy: 0.9420 (6.07 sec.)
2025-03-26 10:08:18 - INFO - Training model: bottom_right-original-bottom_left
2025-03-26 10:08:24 - INFO - Model bottom_right-original-bottom_left completed in 5.89 seconds.
2025-03-26 10:08:24 - INFO - >>> Model bottom_right-original-bottom_left trained. Accuracy: 0.9389 (5.89 sec.)
2025-03-26 10:08:24 - INFO - Training model: tda-original-top_right-top_left
2025-03-26 10:08:33 - INFO - Model tda-original-top_right-top_left completed in 8.48 seconds.
2025-03-26 10:08:33 - INFO - >>> Model tda-original-top_right-top_left trained. Accuracy: 0.9465 (8.48 sec.)
2025-03-26 10:08:33 - INFO - Training model: tda-original-top_right-bottom_left
2025-03-26 10:08:41 - INFO - Model tda-original-top_right-bottom_left completed in 8.46 seconds.
2025-03-26 10:08:41 - INFO - >>> Model tda-original-top_right-bottom_left trained. Accuracy: 0.9456 (8.46 sec.)
2025-03-26 10:08:41 - INFO - Training model: tda-bottom_right-original-top_right
2025-03-26 10:08:50 - INFO - Model tda-bottom_right-original-top_right completed in 8.40 seconds.
2025-03-26 10:08:50 - INFO - >>> Model tda-bottom_right-original-top_right trained. Accuracy: 0.9466 (8.40 sec.)
2025-03-26 10:08:50 - INFO - Training model: original-top_right-top_left-bottom_left
2025-03-26 10:08:57 - INFO - Model original-top_right-top_left-bottom_left completed in 7.53 seconds.
2025-03-26 10:08:57 - INFO - >>> Model original-top_right-top_left-bottom_left trained. Accuracy: 0.9471 (7.53 sec.)
2025-03-26 10:08:57 - INFO - Training model: bottom_right-original-top_right-top_left
2025-03-26 10:09:05 - INFO - Model bottom_right-original-top_right-top_left completed in 7.78 seconds.
2025-03-26 10:09:05 - INFO - >>> Model bottom_right-original-top_right-top_left trained. Accuracy: 0.9476 (7.78 sec.)
2025-03-26 10:09:05 - INFO - Training model: bottom_right-original-top_right-bottom_left
2025-03-26 10:09:13 - INFO - Model bottom_right-original-top_right-bottom_left completed in 7.87 seconds.
2025-03-26 10:09:13 - INFO - >>> Model bottom_right-original-top_right-bottom_left trained. Accuracy: 0.9452 (7.87 sec.)
2025-03-26 10:09:13 - INFO - Training model: original-tda-top_left-bottom_left
2025-03-26 10:09:22 - INFO - Model original-tda-top_left-bottom_left completed in 8.82 seconds.
2025-03-26 10:09:22 - INFO - >>> Model original-tda-top_left-bottom_left trained. Accuracy: 0.9426 (8.82 sec.)
2025-03-26 10:09:22 - INFO - Training model: bottom_right-original-tda-top_left
2025-03-26 10:09:30 - INFO - Model bottom_right-original-tda-top_left completed in 8.57 seconds.
2025-03-26 10:09:30 - INFO - >>> Model bottom_right-original-tda-top_left trained. Accuracy: 0.9463 (8.57 sec.)
2025-03-26 10:09:30 - INFO - Training model: bottom_right-original-tda-bottom_left
2025-03-26 10:09:39 - INFO - Model bottom_right-original-tda-bottom_left completed in 8.69 seconds.
2025-03-26 10:09:39 - INFO - >>> Model bottom_right-original-tda-bottom_left trained. Accuracy: 0.9426 (8.69 sec.)
2025-03-26 10:09:39 - INFO - Training model: bottom_right-original-top_left-bottom_left
2025-03-26 10:09:47 - INFO - Model bottom_right-original-top_left-bottom_left completed in 8.01 seconds.
2025-03-26 10:09:47 - INFO - >>> Model bottom_right-original-top_left-bottom_left trained. Accuracy: 0.9421 (8.01 sec.)
2025-03-26 10:09:47 - INFO - Training model: top_right-tda-top_left-bottom_left-original
2025-03-26 10:09:58 - INFO - Model top_right-tda-top_left-bottom_left-original completed in 10.74 seconds.
2025-03-26 10:09:58 - INFO - >>> Model top_right-tda-top_left-bottom_left-original trained. Accuracy: 0.9491 (10.74 sec.)
2025-03-26 10:09:58 - INFO - Training model: top_right-tda-top_left-original-bottom_right
2025-03-26 10:10:08 - INFO - Model top_right-tda-top_left-original-bottom_right completed in 10.30 seconds.
2025-03-26 10:10:08 - INFO - >>> Model top_right-tda-top_left-original-bottom_right trained. Accuracy: 0.9509 (10.30 sec.)
2025-03-26 10:10:08 - INFO - Training model: top_right-tda-bottom_left-original-bottom_right
2025-03-26 10:10:19 - INFO - Model top_right-tda-bottom_left-original-bottom_right completed in 10.54 seconds.
2025-03-26 10:10:19 - INFO - >>> Model top_right-tda-bottom_left-original-bottom_right trained. Accuracy: 0.9488 (10.54 sec.)
2025-03-26 10:10:19 - INFO - Training model: top_right-top_left-bottom_left-original-bottom_right
2025-03-26 10:10:28 - INFO - Model top_right-top_left-bottom_left-original-bottom_right completed in 9.78 seconds.
2025-03-26 10:10:28 - INFO - >>> Model top_right-top_left-bottom_left-original-bottom_right trained. Accuracy: 0.9501 (9.78 sec.)
2025-03-26 10:10:28 - INFO - Training model: tda-top_left-bottom_left-original-bottom_right
2025-03-26 10:10:39 - INFO - Model tda-top_left-bottom_left-original-bottom_right completed in 10.60 seconds.
2025-03-26 10:10:39 - INFO - >>> Model tda-top_left-bottom_left-original-bottom_right trained. Accuracy: 0.9471 (10.60 sec.)
2025-03-26 10:10:39 - INFO - Training model: top_right-tda-top_left-bottom_left-original-bottom_right
2025-03-26 10:10:51 - INFO - Model top_right-tda-top_left-bottom_left-original-bottom_right completed in 12.02 seconds.
2025-03-26 10:10:51 - INFO - >>> Model top_right-tda-top_left-bottom_left-original-bottom_right trained. Accuracy: 0.9519 (12.02 sec.)
2025-03-26 10:10:51 - INFO - All models trained successfully.
2025-03-26 10:10:51 - INFO - ========== [Model Training Completed] in 3.82 minutes ==========
2025-03-26 10:10:51 - INFO - ========== [Experiment Training Complete] ==========
2025-03-26 10:10:51 - INFO - Results saved to /home/jovyan/Workspace/workspace_mnist/results/exp_noise_icecream_lines_q3/experiment_trainsize_predictions_2025-03-26_10-10-51.json
2025-03-26 10:10:51 - INFO - Results successfully saved to /home/jovyan/Workspace/workspace_mnist/results/exp_noise_icecream_lines_q3/experiment_trainsize_predictions_2025-03-26_10-10-51.json
2025-03-26 10:10:51 - INFO - Garbage collection executed.
2025-03-26 10:10:51 - INFO - ========== [Experiment Completed] in 7.39 minutes ==========
