2025-03-25 09:26:18 - INFO - Logging initialized.
 Writing to /home/jovyan/Workspace/workspace_mnist/logs/exp_noise_icecream_lines_q3/experiment_logs_2025-03-25_09-26-18.log
2025-03-25 09:26:18 - INFO - ========== [Experiment Start] ==========
2025-03-25 09:26:18 - INFO - Views combinations succesfully generated.
2025-03-25 09:26:18 - INFO - Topological Data Analysis pipeline generated.
2025-03-25 09:26:18 - INFO - Generating folder to save results.
2025-03-25 09:26:18 - INFO - Reading dataset in chunks from mnist_784.csv (chunk size: 70000)
2025-03-25 09:26:19 - INFO - Starting multiview data preparation for a chunk of size (70000, 784)...
2025-03-25 09:26:19 - INFO - Running using 22 jobs.
2025-03-25 09:26:19 - INFO - Contaminating dataset with lines using 3.
2025-03-25 09:26:23 - INFO - Splitting data: 72.2% train / 20.0% test (random_state=601133337)
2025-03-25 09:26:23 - INFO - Data split complete. Train size: (40444, 784), Test size: (14000, 784)
2025-03-25 09:26:23 - INFO - Reshaping train and test data into square images...
2025-03-25 09:26:23 - INFO - Reshaping complete. Train images: (40444, 28, 28), Test images: (14000, 28, 28)
2025-03-25 09:26:23 - INFO - Splitting images into quadrant views...
2025-03-25 09:26:23 - INFO - Quadrant view splitting complete. Train views: 4, Test views: 4
2025-03-25 09:26:23 - INFO - >> Starting TDA pipeline transformation on train data...
2025-03-25 09:32:22 - INFO - >> TDA transformation for train data completed (5.99 minutes).
2025-03-25 09:32:22 - INFO - >> Applying TDA pipeline transformation on test data...
2025-03-25 09:34:24 - INFO - >> TDA transformation for test data completed (2.02 minutes).
2025-03-25 09:34:24 - INFO - ========== [Model Training Start] ==========
2025-03-25 09:34:24 - INFO - Training model: original
2025-03-25 09:34:25 - INFO - Model original completed in 0.99 seconds.
2025-03-25 09:34:25 - INFO - >>> Model original trained. Accuracy: 0.9514 (0.99 sec.)
2025-03-25 09:34:25 - INFO - Training model: original-top_right
2025-03-25 09:34:33 - INFO - Model original-top_right completed in 8.71 seconds.
2025-03-25 09:34:33 - INFO - >>> Model original-top_right trained. Accuracy: 0.9561 (8.71 sec.)
2025-03-25 09:34:33 - INFO - Training model: original-tda
2025-03-25 09:34:48 - INFO - Model original-tda completed in 14.98 seconds.
2025-03-25 09:34:48 - INFO - >>> Model original-tda trained. Accuracy: 0.9570 (14.98 sec.)
2025-03-25 09:34:48 - INFO - Training model: original-top_left
2025-03-25 09:34:57 - INFO - Model original-top_left completed in 8.56 seconds.
2025-03-25 09:34:57 - INFO - >>> Model original-top_left trained. Accuracy: 0.9570 (8.56 sec.)
2025-03-25 09:34:57 - INFO - Training model: original-bottom_left
2025-03-25 09:35:05 - INFO - Model original-bottom_left completed in 8.37 seconds.
2025-03-25 09:35:05 - INFO - >>> Model original-bottom_left trained. Accuracy: 0.9557 (8.37 sec.)
2025-03-25 09:35:05 - INFO - Training model: bottom_right-original
2025-03-25 09:35:14 - INFO - Model bottom_right-original completed in 8.75 seconds.
2025-03-25 09:35:14 - INFO - >>> Model bottom_right-original trained. Accuracy: 0.9590 (8.75 sec.)
2025-03-25 09:35:14 - INFO - Training model: tda-original-top_right
2025-03-25 09:35:32 - INFO - Model tda-original-top_right completed in 18.18 seconds.
2025-03-25 09:35:32 - INFO - >>> Model tda-original-top_right trained. Accuracy: 0.9603 (18.18 sec.)
2025-03-25 09:35:32 - INFO - Training model: original-top_right-top_left
2025-03-25 09:35:44 - INFO - Model original-top_right-top_left completed in 11.38 seconds.
2025-03-25 09:35:44 - INFO - >>> Model original-top_right-top_left trained. Accuracy: 0.9591 (11.38 sec.)
2025-03-25 09:35:44 - INFO - Training model: original-top_right-bottom_left
2025-03-25 09:35:55 - INFO - Model original-top_right-bottom_left completed in 11.76 seconds.
2025-03-25 09:35:55 - INFO - >>> Model original-top_right-bottom_left trained. Accuracy: 0.9586 (11.76 sec.)
2025-03-25 09:35:55 - INFO - Training model: bottom_right-original-top_right
2025-03-25 09:36:07 - INFO - Model bottom_right-original-top_right completed in 12.00 seconds.
2025-03-25 09:36:07 - INFO - >>> Model bottom_right-original-top_right trained. Accuracy: 0.9610 (12.00 sec.)
2025-03-25 09:36:07 - INFO - Training model: original-tda-top_left
2025-03-25 09:36:25 - INFO - Model original-tda-top_left completed in 17.92 seconds.
2025-03-25 09:36:25 - INFO - >>> Model original-tda-top_left trained. Accuracy: 0.9602 (17.92 sec.)
2025-03-25 09:36:25 - INFO - Training model: original-tda-bottom_left
2025-03-25 09:36:43 - INFO - Model original-tda-bottom_left completed in 17.66 seconds.
2025-03-25 09:36:43 - INFO - >>> Model original-tda-bottom_left trained. Accuracy: 0.9588 (17.66 sec.)
2025-03-25 09:36:43 - INFO - Training model: bottom_right-original-tda
2025-03-25 09:37:01 - INFO - Model bottom_right-original-tda completed in 18.26 seconds.
2025-03-25 09:37:01 - INFO - >>> Model bottom_right-original-tda trained. Accuracy: 0.9616 (18.26 sec.)
2025-03-25 09:37:01 - INFO - Training model: original-top_left-bottom_left
2025-03-25 09:37:13 - INFO - Model original-top_left-bottom_left completed in 11.56 seconds.
2025-03-25 09:37:13 - INFO - >>> Model original-top_left-bottom_left trained. Accuracy: 0.9582 (11.56 sec.)
2025-03-25 09:37:13 - INFO - Training model: bottom_right-original-top_left
2025-03-25 09:37:24 - INFO - Model bottom_right-original-top_left completed in 11.69 seconds.
2025-03-25 09:37:24 - INFO - >>> Model bottom_right-original-top_left trained. Accuracy: 0.9605 (11.69 sec.)
2025-03-25 09:37:24 - INFO - Training model: bottom_right-original-bottom_left
2025-03-25 09:37:36 - INFO - Model bottom_right-original-bottom_left completed in 11.82 seconds.
2025-03-25 09:37:36 - INFO - >>> Model bottom_right-original-bottom_left trained. Accuracy: 0.9602 (11.82 sec.)
2025-03-25 09:37:36 - INFO - Training model: tda-original-top_right-top_left
2025-03-25 09:37:57 - INFO - Model tda-original-top_right-top_left completed in 20.91 seconds.
2025-03-25 09:37:57 - INFO - >>> Model tda-original-top_right-top_left trained. Accuracy: 0.9627 (20.91 sec.)
2025-03-25 09:37:57 - INFO - Training model: tda-original-top_right-bottom_left
2025-03-25 09:38:18 - INFO - Model tda-original-top_right-bottom_left completed in 20.83 seconds.
2025-03-25 09:38:18 - INFO - >>> Model tda-original-top_right-bottom_left trained. Accuracy: 0.9617 (20.83 sec.)
2025-03-25 09:38:18 - INFO - Training model: tda-bottom_right-original-top_right
2025-03-25 09:38:39 - INFO - Model tda-bottom_right-original-top_right completed in 21.07 seconds.
2025-03-25 09:38:39 - INFO - >>> Model tda-bottom_right-original-top_right trained. Accuracy: 0.9638 (21.07 sec.)
2025-03-25 09:38:39 - INFO - Training model: original-top_right-top_left-bottom_left
2025-03-25 09:38:54 - INFO - Model original-top_right-top_left-bottom_left completed in 14.45 seconds.
2025-03-25 09:38:54 - INFO - >>> Model original-top_right-top_left-bottom_left trained. Accuracy: 0.9632 (14.45 sec.)
2025-03-25 09:38:54 - INFO - Training model: bottom_right-original-top_right-top_left
2025-03-25 09:39:08 - INFO - Model bottom_right-original-top_right-top_left completed in 14.49 seconds.
2025-03-25 09:39:08 - INFO - >>> Model bottom_right-original-top_right-top_left trained. Accuracy: 0.9642 (14.49 sec.)
2025-03-25 09:39:08 - INFO - Training model: bottom_right-original-top_right-bottom_left
2025-03-25 09:39:23 - INFO - Model bottom_right-original-top_right-bottom_left completed in 14.77 seconds.
2025-03-25 09:39:23 - INFO - >>> Model bottom_right-original-top_right-bottom_left trained. Accuracy: 0.9634 (14.77 sec.)
2025-03-25 09:39:23 - INFO - Training model: original-tda-top_left-bottom_left
2025-03-25 09:39:44 - INFO - Model original-tda-top_left-bottom_left completed in 21.28 seconds.
2025-03-25 09:39:44 - INFO - >>> Model original-tda-top_left-bottom_left trained. Accuracy: 0.9620 (21.28 sec.)
2025-03-25 09:39:44 - INFO - Training model: bottom_right-original-tda-top_left
2025-03-25 09:40:05 - INFO - Model bottom_right-original-tda-top_left completed in 21.29 seconds.
2025-03-25 09:40:05 - INFO - >>> Model bottom_right-original-tda-top_left trained. Accuracy: 0.9646 (21.29 sec.)
2025-03-25 09:40:05 - INFO - Training model: bottom_right-original-tda-bottom_left
2025-03-25 09:40:26 - INFO - Model bottom_right-original-tda-bottom_left completed in 21.08 seconds.
2025-03-25 09:40:26 - INFO - >>> Model bottom_right-original-tda-bottom_left trained. Accuracy: 0.9621 (21.08 sec.)
2025-03-25 09:40:26 - INFO - Training model: bottom_right-original-top_left-bottom_left
2025-03-25 09:40:41 - INFO - Model bottom_right-original-top_left-bottom_left completed in 14.84 seconds.
2025-03-25 09:40:41 - INFO - >>> Model bottom_right-original-top_left-bottom_left trained. Accuracy: 0.9621 (14.84 sec.)
2025-03-25 09:40:41 - INFO - Training model: top_right-tda-top_left-bottom_left-original
2025-03-25 09:41:06 - INFO - Model top_right-tda-top_left-bottom_left-original completed in 24.35 seconds.
2025-03-25 09:41:06 - INFO - >>> Model top_right-tda-top_left-bottom_left-original trained. Accuracy: 0.9650 (24.35 sec.)
2025-03-25 09:41:06 - INFO - Training model: top_right-tda-top_left-original-bottom_right
2025-03-25 09:41:30 - INFO - Model top_right-tda-top_left-original-bottom_right completed in 24.25 seconds.
2025-03-25 09:41:30 - INFO - >>> Model top_right-tda-top_left-original-bottom_right trained. Accuracy: 0.9673 (24.25 sec.)
2025-03-25 09:41:30 - INFO - Training model: top_right-tda-bottom_left-original-bottom_right
2025-03-25 09:41:54 - INFO - Model top_right-tda-bottom_left-original-bottom_right completed in 24.50 seconds.
2025-03-25 09:41:54 - INFO - >>> Model top_right-tda-bottom_left-original-bottom_right trained. Accuracy: 0.9665 (24.50 sec.)
2025-03-25 09:41:54 - INFO - Training model: top_right-top_left-bottom_left-original-bottom_right
2025-03-25 09:42:12 - INFO - Model top_right-top_left-bottom_left-original-bottom_right completed in 17.78 seconds.
2025-03-25 09:42:12 - INFO - >>> Model top_right-top_left-bottom_left-original-bottom_right trained. Accuracy: 0.9674 (17.78 sec.)
2025-03-25 09:42:12 - INFO - Training model: tda-top_left-bottom_left-original-bottom_right
2025-03-25 09:42:37 - INFO - Model tda-top_left-bottom_left-original-bottom_right completed in 24.74 seconds.
2025-03-25 09:42:37 - INFO - >>> Model tda-top_left-bottom_left-original-bottom_right trained. Accuracy: 0.9653 (24.74 sec.)
2025-03-25 09:42:37 - INFO - Training model: top_right-tda-top_left-bottom_left-original-bottom_right
2025-03-25 09:43:04 - INFO - Model top_right-tda-top_left-bottom_left-original-bottom_right completed in 27.38 seconds.
2025-03-25 09:43:04 - INFO - >>> Model top_right-tda-top_left-bottom_left-original-bottom_right trained. Accuracy: 0.9694 (27.38 sec.)
2025-03-25 09:43:04 - INFO - All models trained successfully.
2025-03-25 09:43:04 - INFO - ========== [Model Training Completed] in 8.68 minutes ==========
2025-03-25 09:43:04 - INFO - ========== [Experiment Training Complete] ==========
2025-03-25 09:43:04 - INFO - Results saved to /home/jovyan/Workspace/workspace_mnist/results/exp_noise_icecream_lines_q3/experiment_trainsize_predictions_2025-03-25_09-43-04.json
2025-03-25 09:43:04 - INFO - Results successfully saved to /home/jovyan/Workspace/workspace_mnist/results/exp_noise_icecream_lines_q3/experiment_trainsize_predictions_2025-03-25_09-43-04.json
2025-03-25 09:43:04 - INFO - Garbage collection executed.
2025-03-25 09:43:05 - INFO - ========== [Experiment Completed] in 16.77 minutes ==========
