2025-03-26 06:54:56 - INFO - Logging initialized.
 Writing to /home/jovyan/Workspace/workspace_mnist/logs/exp_noise_icecream_lines_q3/experiment_logs_2025-03-26_06-54-56.log
2025-03-26 06:54:56 - INFO - ========== [Experiment Start] ==========
2025-03-26 06:54:56 - INFO - Views combinations succesfully generated.
2025-03-26 06:54:56 - INFO - Topological Data Analysis pipeline generated.
2025-03-26 06:54:56 - INFO - Generating folder to save results.
2025-03-26 06:54:56 - INFO - Reading dataset in chunks from mnist_784.csv (chunk size: 70000)
2025-03-26 06:54:57 - INFO - Starting multiview data preparation for a chunk of size (70000, 784)...
2025-03-26 06:54:57 - INFO - Running using 22 jobs.
2025-03-26 06:54:57 - INFO - Contaminating dataset with lines using 3.
2025-03-26 06:55:01 - INFO - Splitting data: 56.7% train / 20.0% test (random_state=248065843)
2025-03-26 06:55:01 - INFO - Data split complete. Train size: (31733, 784), Test size: (14000, 784)
2025-03-26 06:55:01 - INFO - Reshaping train and test data into square images...
2025-03-26 06:55:01 - INFO - Reshaping complete. Train images: (31733, 28, 28), Test images: (14000, 28, 28)
2025-03-26 06:55:01 - INFO - Splitting images into quadrant views...
2025-03-26 06:55:01 - INFO - Quadrant view splitting complete. Train views: 4, Test views: 4
2025-03-26 06:55:01 - INFO - >> Starting TDA pipeline transformation on train data...
2025-03-26 06:59:41 - INFO - >> TDA transformation for train data completed (4.67 minutes).
2025-03-26 06:59:41 - INFO - >> Applying TDA pipeline transformation on test data...
2025-03-26 07:01:45 - INFO - >> TDA transformation for test data completed (2.06 minutes).
2025-03-26 07:01:45 - INFO - ========== [Model Training Start] ==========
2025-03-26 07:01:45 - INFO - Training model: original
2025-03-26 07:01:45 - INFO - Model original completed in 0.74 seconds.
2025-03-26 07:01:45 - INFO - >>> Model original trained. Accuracy: 0.9511 (0.74 sec.)
2025-03-26 07:01:45 - INFO - Training model: original-top_right
2025-03-26 07:01:52 - INFO - Model original-top_right completed in 6.85 seconds.
2025-03-26 07:01:52 - INFO - >>> Model original-top_right trained. Accuracy: 0.9551 (6.85 sec.)
2025-03-26 07:01:52 - INFO - Training model: original-tda
2025-03-26 07:02:04 - INFO - Model original-tda completed in 11.39 seconds.
2025-03-26 07:02:04 - INFO - >>> Model original-tda trained. Accuracy: 0.9564 (11.39 sec.)
2025-03-26 07:02:04 - INFO - Training model: original-top_left
2025-03-26 07:02:10 - INFO - Model original-top_left completed in 6.65 seconds.
2025-03-26 07:02:10 - INFO - >>> Model original-top_left trained. Accuracy: 0.9559 (6.65 sec.)
2025-03-26 07:02:10 - INFO - Training model: original-bottom_left
2025-03-26 07:02:17 - INFO - Model original-bottom_left completed in 6.61 seconds.
2025-03-26 07:02:17 - INFO - >>> Model original-bottom_left trained. Accuracy: 0.9549 (6.61 sec.)
2025-03-26 07:02:17 - INFO - Training model: bottom_right-original
2025-03-26 07:02:24 - INFO - Model bottom_right-original completed in 6.64 seconds.
2025-03-26 07:02:24 - INFO - >>> Model bottom_right-original trained. Accuracy: 0.9559 (6.64 sec.)
2025-03-26 07:02:24 - INFO - Training model: tda-original-top_right
2025-03-26 07:02:38 - INFO - Model tda-original-top_right completed in 13.93 seconds.
2025-03-26 07:02:38 - INFO - >>> Model tda-original-top_right trained. Accuracy: 0.9597 (13.93 sec.)
2025-03-26 07:02:38 - INFO - Training model: original-top_right-top_left
2025-03-26 07:02:47 - INFO - Model original-top_right-top_left completed in 9.30 seconds.
2025-03-26 07:02:47 - INFO - >>> Model original-top_right-top_left trained. Accuracy: 0.9594 (9.30 sec.)
2025-03-26 07:02:47 - INFO - Training model: original-top_right-bottom_left
2025-03-26 07:02:56 - INFO - Model original-top_right-bottom_left completed in 9.14 seconds.
2025-03-26 07:02:56 - INFO - >>> Model original-top_right-bottom_left trained. Accuracy: 0.9582 (9.14 sec.)
2025-03-26 07:02:56 - INFO - Training model: bottom_right-original-top_right
2025-03-26 07:03:06 - INFO - Model bottom_right-original-top_right completed in 9.57 seconds.
2025-03-26 07:03:06 - INFO - >>> Model bottom_right-original-top_right trained. Accuracy: 0.9594 (9.57 sec.)
2025-03-26 07:03:06 - INFO - Training model: original-tda-top_left
2025-03-26 07:03:20 - INFO - Model original-tda-top_left completed in 14.02 seconds.
2025-03-26 07:03:20 - INFO - >>> Model original-tda-top_left trained. Accuracy: 0.9581 (14.02 sec.)
2025-03-26 07:03:20 - INFO - Training model: original-tda-bottom_left
2025-03-26 07:03:34 - INFO - Model original-tda-bottom_left completed in 14.08 seconds.
2025-03-26 07:03:34 - INFO - >>> Model original-tda-bottom_left trained. Accuracy: 0.9576 (14.08 sec.)
2025-03-26 07:03:34 - INFO - Training model: bottom_right-original-tda
2025-03-26 07:03:48 - INFO - Model bottom_right-original-tda completed in 14.14 seconds.
2025-03-26 07:03:48 - INFO - >>> Model bottom_right-original-tda trained. Accuracy: 0.9587 (14.14 sec.)
2025-03-26 07:03:48 - INFO - Training model: original-top_left-bottom_left
2025-03-26 07:03:57 - INFO - Model original-top_left-bottom_left completed in 9.22 seconds.
2025-03-26 07:03:57 - INFO - >>> Model original-top_left-bottom_left trained. Accuracy: 0.9588 (9.22 sec.)
2025-03-26 07:03:57 - INFO - Training model: bottom_right-original-top_left
2025-03-26 07:04:06 - INFO - Model bottom_right-original-top_left completed in 9.23 seconds.
2025-03-26 07:04:06 - INFO - >>> Model bottom_right-original-top_left trained. Accuracy: 0.9593 (9.23 sec.)
2025-03-26 07:04:06 - INFO - Training model: bottom_right-original-bottom_left
2025-03-26 07:04:15 - INFO - Model bottom_right-original-bottom_left completed in 9.20 seconds.
2025-03-26 07:04:15 - INFO - >>> Model bottom_right-original-bottom_left trained. Accuracy: 0.9580 (9.20 sec.)
2025-03-26 07:04:15 - INFO - Training model: tda-original-top_right-top_left
2025-03-26 07:04:32 - INFO - Model tda-original-top_right-top_left completed in 16.41 seconds.
2025-03-26 07:04:32 - INFO - >>> Model tda-original-top_right-top_left trained. Accuracy: 0.9614 (16.41 sec.)
2025-03-26 07:04:32 - INFO - Training model: tda-original-top_right-bottom_left
2025-03-26 07:04:49 - INFO - Model tda-original-top_right-bottom_left completed in 16.65 seconds.
2025-03-26 07:04:49 - INFO - >>> Model tda-original-top_right-bottom_left trained. Accuracy: 0.9610 (16.65 sec.)
2025-03-26 07:04:49 - INFO - Training model: tda-bottom_right-original-top_right
2025-03-26 07:05:05 - INFO - Model tda-bottom_right-original-top_right completed in 16.56 seconds.
2025-03-26 07:05:05 - INFO - >>> Model tda-bottom_right-original-top_right trained. Accuracy: 0.9636 (16.56 sec.)
2025-03-26 07:05:05 - INFO - Training model: original-top_right-top_left-bottom_left
2025-03-26 07:05:17 - INFO - Model original-top_right-top_left-bottom_left completed in 11.68 seconds.
2025-03-26 07:05:17 - INFO - >>> Model original-top_right-top_left-bottom_left trained. Accuracy: 0.9616 (11.68 sec.)
2025-03-26 07:05:17 - INFO - Training model: bottom_right-original-top_right-top_left
2025-03-26 07:05:29 - INFO - Model bottom_right-original-top_right-top_left completed in 11.72 seconds.
2025-03-26 07:05:29 - INFO - >>> Model bottom_right-original-top_right-top_left trained. Accuracy: 0.9637 (11.72 sec.)
2025-03-26 07:05:29 - INFO - Training model: bottom_right-original-top_right-bottom_left
2025-03-26 07:05:41 - INFO - Model bottom_right-original-top_right-bottom_left completed in 12.01 seconds.
2025-03-26 07:05:41 - INFO - >>> Model bottom_right-original-top_right-bottom_left trained. Accuracy: 0.9611 (12.01 sec.)
2025-03-26 07:05:41 - INFO - Training model: original-tda-top_left-bottom_left
2025-03-26 07:05:57 - INFO - Model original-tda-top_left-bottom_left completed in 16.79 seconds.
2025-03-26 07:05:57 - INFO - >>> Model original-tda-top_left-bottom_left trained. Accuracy: 0.9616 (16.79 sec.)
2025-03-26 07:05:57 - INFO - Training model: bottom_right-original-tda-top_left
2025-03-26 07:06:14 - INFO - Model bottom_right-original-tda-top_left completed in 16.57 seconds.
2025-03-26 07:06:14 - INFO - >>> Model bottom_right-original-tda-top_left trained. Accuracy: 0.9633 (16.57 sec.)
2025-03-26 07:06:14 - INFO - Training model: bottom_right-original-tda-bottom_left
2025-03-26 07:06:30 - INFO - Model bottom_right-original-tda-bottom_left completed in 16.28 seconds.
2025-03-26 07:06:30 - INFO - >>> Model bottom_right-original-tda-bottom_left trained. Accuracy: 0.9610 (16.28 sec.)
2025-03-26 07:06:30 - INFO - Training model: bottom_right-original-top_left-bottom_left
2025-03-26 07:06:42 - INFO - Model bottom_right-original-top_left-bottom_left completed in 11.57 seconds.
2025-03-26 07:06:42 - INFO - >>> Model bottom_right-original-top_left-bottom_left trained. Accuracy: 0.9618 (11.57 sec.)
2025-03-26 07:06:42 - INFO - Training model: top_right-tda-top_left-bottom_left-original
2025-03-26 07:07:01 - INFO - Model top_right-tda-top_left-bottom_left-original completed in 19.04 seconds.
2025-03-26 07:07:01 - INFO - >>> Model top_right-tda-top_left-bottom_left-original trained. Accuracy: 0.9656 (19.04 sec.)
2025-03-26 07:07:01 - INFO - Training model: top_right-tda-top_left-original-bottom_right
2025-03-26 07:07:20 - INFO - Model top_right-tda-top_left-original-bottom_right completed in 19.02 seconds.
2025-03-26 07:07:20 - INFO - >>> Model top_right-tda-top_left-original-bottom_right trained. Accuracy: 0.9671 (19.02 sec.)
2025-03-26 07:07:20 - INFO - Training model: top_right-tda-bottom_left-original-bottom_right
2025-03-26 07:07:39 - INFO - Model top_right-tda-bottom_left-original-bottom_right completed in 19.21 seconds.
2025-03-26 07:07:39 - INFO - >>> Model top_right-tda-bottom_left-original-bottom_right trained. Accuracy: 0.9654 (19.21 sec.)
2025-03-26 07:07:39 - INFO - Training model: top_right-top_left-bottom_left-original-bottom_right
2025-03-26 07:07:53 - INFO - Model top_right-top_left-bottom_left-original-bottom_right completed in 14.33 seconds.
2025-03-26 07:07:53 - INFO - >>> Model top_right-top_left-bottom_left-original-bottom_right trained. Accuracy: 0.9650 (14.33 sec.)
2025-03-26 07:07:53 - INFO - Training model: tda-top_left-bottom_left-original-bottom_right
2025-03-26 07:08:13 - INFO - Model tda-top_left-bottom_left-original-bottom_right completed in 19.27 seconds.
2025-03-26 07:08:13 - INFO - >>> Model tda-top_left-bottom_left-original-bottom_right trained. Accuracy: 0.9630 (19.27 sec.)
2025-03-26 07:08:13 - INFO - Training model: top_right-tda-top_left-bottom_left-original-bottom_right
2025-03-26 07:08:34 - INFO - Model top_right-tda-top_left-bottom_left-original-bottom_right completed in 21.44 seconds.
2025-03-26 07:08:34 - INFO - >>> Model top_right-tda-top_left-bottom_left-original-bottom_right trained. Accuracy: 0.9674 (21.44 sec.)
2025-03-26 07:08:34 - INFO - All models trained successfully.
2025-03-26 07:08:34 - INFO - ========== [Model Training Completed] in 6.82 minutes ==========
2025-03-26 07:08:34 - INFO - ========== [Experiment Training Complete] ==========
2025-03-26 07:08:34 - INFO - Results saved to /home/jovyan/Workspace/workspace_mnist/results/exp_noise_icecream_lines_q3/experiment_trainsize_predictions_2025-03-26_07-08-34.json
2025-03-26 07:08:34 - INFO - Results successfully saved to /home/jovyan/Workspace/workspace_mnist/results/exp_noise_icecream_lines_q3/experiment_trainsize_predictions_2025-03-26_07-08-34.json
2025-03-26 07:08:34 - INFO - Garbage collection executed.
2025-03-26 07:08:34 - INFO - ========== [Experiment Completed] in 13.64 minutes ==========
