2025-06-21 23:24:46 - INFO - Logging initialized.
 Writing to /home/jovyan/Workspace/workspace_mnist/logs/exp_icecream_100samples_part3/experiment_logs_2025-06-21_23-24-46.log
2025-06-21 23:24:46 - INFO - ========== [Experiment Start] ==========
2025-06-21 23:24:46 - INFO - Views combinations successfully generated.
2025-06-21 23:24:46 - INFO - Topological Data Analysis pipeline generated.
2025-06-21 23:24:46 - INFO - Folder to save results has been created.
2025-06-21 23:24:46 - INFO - Reading dataset from mnist_784.csv (chunk size: 70000).
2025-06-21 23:24:47 - INFO - Starting multiview data preparation for a chunk of size (70000, 784)...
2025-06-21 23:24:47 - INFO - Running using 28 jobs.
2025-06-21 23:24:47 - INFO - Splitting data: 0.0% train / 30.0% test (random_state=328012920)
2025-06-21 23:24:47 - INFO - Using full training data without second split.
2025-06-21 23:24:47 - INFO - Data split complete. Train size: (70, 784), Test size: (30, 784)
2025-06-21 23:24:47 - INFO - Reshaping train and test data into square images...
2025-06-21 23:24:47 - INFO - Reshaping complete. Train images shape: (70, 28, 28), Test images shape: (30, 28, 28)
2025-06-21 23:24:47 - INFO - Splitting images into quadrant views...
2025-06-21 23:24:47 - INFO - Quadrant view splitting complete. Train views: 4, Test views: 4
2025-06-21 23:24:47 - INFO - Saving sample images for each view...
2025-06-21 23:24:47 - INFO - Sample views saved successfully.
2025-06-21 23:24:47 - INFO - Starting TDA pipeline transformation on train data...
2025-06-21 23:24:48 - INFO - TDA transformation for train completed (0.02 minutes).
2025-06-21 23:24:48 - INFO - Applying TDA pipeline transformation on test data...
2025-06-21 23:24:49 - INFO - TDA transformation for test completed (0.01 minutes).
2025-06-21 23:24:49 - INFO - ========== [Model Training Start] ==========
2025-06-21 23:24:49 - INFO - Training model: original
2025-06-21 23:24:49 - INFO - Model original completed in 0.34 seconds.
2025-06-21 23:24:49 - INFO - >>> Model original trained. Accuracy: 0.6333 (0.34 sec.)
2025-06-21 23:24:49 - INFO - Training model: top_left-original
2025-06-21 23:24:54 - INFO - Model top_left-original completed in 4.36 seconds.
2025-06-21 23:24:54 - INFO - >>> Model top_left-original trained. Accuracy: 0.6333 (4.36 sec.)
2025-06-21 23:24:54 - INFO - Training model: original-bottom_left
2025-06-21 23:24:58 - INFO - Model original-bottom_left completed in 4.50 seconds.
2025-06-21 23:24:58 - INFO - >>> Model original-bottom_left trained. Accuracy: 0.6000 (4.50 sec.)
2025-06-21 23:24:58 - INFO - Training model: bottom_right-original
2025-06-21 23:25:03 - INFO - Model bottom_right-original completed in 4.43 seconds.
2025-06-21 23:25:03 - INFO - >>> Model bottom_right-original trained. Accuracy: 0.5333 (4.43 sec.)
2025-06-21 23:25:03 - INFO - Training model: tda-original
2025-06-21 23:25:07 - INFO - Model tda-original completed in 4.78 seconds.
2025-06-21 23:25:07 - INFO - >>> Model tda-original trained. Accuracy: 0.8333 (4.78 sec.)
2025-06-21 23:25:07 - INFO - Training model: top_right-original
2025-06-21 23:25:12 - INFO - Model top_right-original completed in 4.35 seconds.
2025-06-21 23:25:12 - INFO - >>> Model top_right-original trained. Accuracy: 0.5333 (4.35 sec.)
2025-06-21 23:25:12 - INFO - Training model: top_left-original-bottom_left
2025-06-21 23:25:18 - INFO - Model top_left-original-bottom_left completed in 6.37 seconds.
2025-06-21 23:25:18 - INFO - >>> Model top_left-original-bottom_left trained. Accuracy: 0.6000 (6.37 sec.)
2025-06-21 23:25:18 - INFO - Training model: top_left-original-bottom_right
2025-06-21 23:25:25 - INFO - Model top_left-original-bottom_right completed in 6.60 seconds.
2025-06-21 23:25:25 - INFO - >>> Model top_left-original-bottom_right trained. Accuracy: 0.5667 (6.60 sec.)
2025-06-21 23:25:25 - INFO - Training model: top_left-original-tda
2025-06-21 23:25:31 - INFO - Model top_left-original-tda completed in 6.57 seconds.
2025-06-21 23:25:31 - INFO - >>> Model top_left-original-tda trained. Accuracy: 0.8000 (6.57 sec.)
2025-06-21 23:25:31 - INFO - Training model: top_left-original-top_right
2025-06-21 23:25:38 - INFO - Model top_left-original-top_right completed in 6.68 seconds.
2025-06-21 23:25:38 - INFO - >>> Model top_left-original-top_right trained. Accuracy: 0.6333 (6.68 sec.)
2025-06-21 23:25:38 - INFO - Training model: bottom_right-original-bottom_left
2025-06-21 23:25:44 - INFO - Model bottom_right-original-bottom_left completed in 6.17 seconds.
2025-06-21 23:25:44 - INFO - >>> Model bottom_right-original-bottom_left trained. Accuracy: 0.6667 (6.17 sec.)
2025-06-21 23:25:44 - INFO - Training model: tda-original-bottom_left
2025-06-21 23:25:51 - INFO - Model tda-original-bottom_left completed in 6.54 seconds.
2025-06-21 23:25:51 - INFO - >>> Model tda-original-bottom_left trained. Accuracy: 0.8333 (6.54 sec.)
2025-06-21 23:25:51 - INFO - Training model: top_right-original-bottom_left
2025-06-21 23:25:58 - INFO - Model top_right-original-bottom_left completed in 6.87 seconds.
2025-06-21 23:25:58 - INFO - >>> Model top_right-original-bottom_left trained. Accuracy: 0.6333 (6.87 sec.)
2025-06-21 23:25:58 - INFO - Training model: bottom_right-original-tda
2025-06-21 23:26:04 - INFO - Model bottom_right-original-tda completed in 6.53 seconds.
2025-06-21 23:26:04 - INFO - >>> Model bottom_right-original-tda trained. Accuracy: 0.8000 (6.53 sec.)
2025-06-21 23:26:04 - INFO - Training model: bottom_right-original-top_right
2025-06-21 23:26:11 - INFO - Model bottom_right-original-top_right completed in 6.86 seconds.
2025-06-21 23:26:11 - INFO - >>> Model bottom_right-original-top_right trained. Accuracy: 0.5333 (6.86 sec.)
2025-06-21 23:26:11 - INFO - Training model: tda-original-top_right
2025-06-21 23:26:18 - INFO - Model tda-original-top_right completed in 6.62 seconds.
2025-06-21 23:26:18 - INFO - >>> Model tda-original-top_right trained. Accuracy: 0.8000 (6.62 sec.)
2025-06-21 23:26:18 - INFO - Training model: top_left-original-bottom_left-bottom_right
2025-06-21 23:26:26 - INFO - Model top_left-original-bottom_left-bottom_right completed in 8.62 seconds.
2025-06-21 23:26:26 - INFO - >>> Model top_left-original-bottom_left-bottom_right trained. Accuracy: 0.6667 (8.62 sec.)
2025-06-21 23:26:26 - INFO - Training model: top_left-original-bottom_left-tda
2025-06-21 23:26:35 - INFO - Model top_left-original-bottom_left-tda completed in 8.54 seconds.
2025-06-21 23:26:35 - INFO - >>> Model top_left-original-bottom_left-tda trained. Accuracy: 0.7333 (8.54 sec.)
2025-06-21 23:26:35 - INFO - Training model: top_left-original-bottom_left-top_right
2025-06-21 23:26:43 - INFO - Model top_left-original-bottom_left-top_right completed in 8.35 seconds.
2025-06-21 23:26:43 - INFO - >>> Model top_left-original-bottom_left-top_right trained. Accuracy: 0.6000 (8.35 sec.)
2025-06-21 23:26:43 - INFO - Training model: top_left-original-bottom_right-tda
2025-06-21 23:26:51 - INFO - Model top_left-original-bottom_right-tda completed in 7.85 seconds.
2025-06-21 23:26:51 - INFO - >>> Model top_left-original-bottom_right-tda trained. Accuracy: 0.7333 (7.85 sec.)
2025-06-21 23:26:51 - INFO - Training model: top_left-original-top_right-bottom_right
2025-06-21 23:27:00 - INFO - Model top_left-original-top_right-bottom_right completed in 8.65 seconds.
2025-06-21 23:27:00 - INFO - >>> Model top_left-original-top_right-bottom_right trained. Accuracy: 0.6667 (8.65 sec.)
2025-06-21 23:27:00 - INFO - Training model: top_left-original-top_right-tda
2025-06-21 23:27:08 - INFO - Model top_left-original-top_right-tda completed in 8.27 seconds.
2025-06-21 23:27:08 - INFO - >>> Model top_left-original-top_right-tda trained. Accuracy: 0.8000 (8.27 sec.)
2025-06-21 23:27:08 - INFO - Training model: bottom_right-original-bottom_left-tda
2025-06-21 23:27:16 - INFO - Model bottom_right-original-bottom_left-tda completed in 8.36 seconds.
2025-06-21 23:27:16 - INFO - >>> Model bottom_right-original-bottom_left-tda trained. Accuracy: 0.8333 (8.36 sec.)
2025-06-21 23:27:16 - INFO - Training model: bottom_right-original-bottom_left-top_right
2025-06-21 23:27:25 - INFO - Model bottom_right-original-bottom_left-top_right completed in 8.88 seconds.
2025-06-21 23:27:25 - INFO - >>> Model bottom_right-original-bottom_left-top_right trained. Accuracy: 0.6000 (8.88 sec.)
2025-06-21 23:27:25 - INFO - Training model: tda-original-bottom_left-top_right
2025-06-21 23:27:33 - INFO - Model tda-original-bottom_left-top_right completed in 8.33 seconds.
2025-06-21 23:27:33 - INFO - >>> Model tda-original-bottom_left-top_right trained. Accuracy: 0.8333 (8.33 sec.)
2025-06-21 23:27:33 - INFO - Training model: bottom_right-original-top_right-tda
2025-06-21 23:27:42 - INFO - Model bottom_right-original-top_right-tda completed in 8.40 seconds.
2025-06-21 23:27:42 - INFO - >>> Model bottom_right-original-top_right-tda trained. Accuracy: 0.8000 (8.40 sec.)
2025-06-21 23:27:42 - INFO - Training model: top_left-original-bottom_left-bottom_right-tda
2025-06-21 23:27:51 - INFO - Model top_left-original-bottom_left-bottom_right-tda completed in 9.60 seconds.
2025-06-21 23:27:51 - INFO - >>> Model top_left-original-bottom_left-bottom_right-tda trained. Accuracy: 0.7667 (9.60 sec.)
2025-06-21 23:27:51 - INFO - Training model: top_left-original-bottom_left-bottom_right-top_right
2025-06-21 23:28:02 - INFO - Model top_left-original-bottom_left-bottom_right-top_right completed in 10.47 seconds.
2025-06-21 23:28:02 - INFO - >>> Model top_left-original-bottom_left-bottom_right-top_right trained. Accuracy: 0.6667 (10.47 sec.)
2025-06-21 23:28:02 - INFO - Training model: top_left-original-bottom_left-tda-top_right
2025-06-21 23:28:12 - INFO - Model top_left-original-bottom_left-tda-top_right completed in 10.53 seconds.
2025-06-21 23:28:13 - INFO - >>> Model top_left-original-bottom_left-tda-top_right trained. Accuracy: 0.8000 (10.53 sec.)
2025-06-21 23:28:13 - INFO - Training model: top_left-original-bottom_right-tda-top_right
2025-06-21 23:28:23 - INFO - Model top_left-original-bottom_right-tda-top_right completed in 10.44 seconds.
2025-06-21 23:28:23 - INFO - >>> Model top_left-original-bottom_right-tda-top_right trained. Accuracy: 0.8333 (10.44 sec.)
2025-06-21 23:28:23 - INFO - Training model: original-bottom_left-bottom_right-tda-top_right
2025-06-21 23:28:33 - INFO - Model original-bottom_left-bottom_right-tda-top_right completed in 10.05 seconds.
2025-06-21 23:28:33 - INFO - >>> Model original-bottom_left-bottom_right-tda-top_right trained. Accuracy: 0.7667 (10.05 sec.)
2025-06-21 23:28:33 - INFO - Training model: top_left-original-bottom_left-bottom_right-tda-top_right
2025-06-21 23:28:46 - INFO - Model top_left-original-bottom_left-bottom_right-tda-top_right completed in 12.79 seconds.
2025-06-21 23:28:46 - INFO - >>> Model top_left-original-bottom_left-bottom_right-tda-top_right trained. Accuracy: 0.7667 (12.79 sec.)
2025-06-21 23:28:46 - INFO - All models trained successfully.
2025-06-21 23:28:46 - INFO - ========== [Model Training Completed] in 3.95 minutes ==========
2025-06-21 23:28:46 - INFO - ========== [Experiment Training Complete] ==========
2025-06-21 23:28:46 - INFO - Results saved to /home/jovyan/Workspace/workspace_mnist/results/exp_icecream_100samples_part3/exp_icecream_100samples_part3_2025-06-21_23-28-46.json
2025-06-21 23:28:46 - INFO - Results successfully saved to /home/jovyan/Workspace/workspace_mnist/results/exp_icecream_100samples_part3/exp_icecream_100samples_part3_2025-06-21_23-28-46.json
2025-06-21 23:28:46 - INFO - Forced Garbage collection executed to Free Memory.
2025-06-21 23:28:46 - INFO - ========== [Experiment Completed] in 3.99 minutes ==========
