2025-06-21 19:04:54 - INFO - Logging initialized.
 Writing to /home/jovyan/Workspace/workspace_mnist/logs/exp_icecream_100samples_part3/experiment_logs_2025-06-21_19-04-54.log
2025-06-21 19:04:54 - INFO - ========== [Experiment Start] ==========
2025-06-21 19:04:54 - INFO - Views combinations successfully generated.
2025-06-21 19:04:54 - INFO - Topological Data Analysis pipeline generated.
2025-06-21 19:04:54 - INFO - Folder to save results has been created.
2025-06-21 19:04:54 - INFO - Reading dataset from mnist_784.csv (chunk size: 70000).
2025-06-21 19:04:55 - INFO - Starting multiview data preparation for a chunk of size (70000, 784)...
2025-06-21 19:04:55 - INFO - Running using 28 jobs.
2025-06-21 19:04:55 - INFO - Splitting data: 0.0% train / 30.0% test (random_state=98118896)
2025-06-21 19:04:55 - INFO - Using full training data without second split.
2025-06-21 19:04:55 - INFO - Data split complete. Train size: (70, 784), Test size: (30, 784)
2025-06-21 19:04:55 - INFO - Reshaping train and test data into square images...
2025-06-21 19:04:55 - INFO - Reshaping complete. Train images shape: (70, 28, 28), Test images shape: (30, 28, 28)
2025-06-21 19:04:55 - INFO - Splitting images into quadrant views...
2025-06-21 19:04:55 - INFO - Quadrant view splitting complete. Train views: 4, Test views: 4
2025-06-21 19:04:55 - INFO - Saving sample images for each view...
2025-06-21 19:04:55 - INFO - Sample views saved successfully.
2025-06-21 19:04:55 - INFO - Starting TDA pipeline transformation on train data...
2025-06-21 19:04:56 - INFO - TDA transformation for train completed (0.02 minutes).
2025-06-21 19:04:56 - INFO - Applying TDA pipeline transformation on test data...
2025-06-21 19:04:57 - INFO - TDA transformation for test completed (0.01 minutes).
2025-06-21 19:04:57 - INFO - ========== [Model Training Start] ==========
2025-06-21 19:04:57 - INFO - Training model: original
2025-06-21 19:04:57 - INFO - Model original completed in 0.33 seconds.
2025-06-21 19:04:57 - INFO - >>> Model original trained. Accuracy: 0.6667 (0.33 sec.)
2025-06-21 19:04:57 - INFO - Training model: top_left-original
2025-06-21 19:05:02 - INFO - Model top_left-original completed in 4.49 seconds.
2025-06-21 19:05:02 - INFO - >>> Model top_left-original trained. Accuracy: 0.6000 (4.49 sec.)
2025-06-21 19:05:02 - INFO - Training model: original-bottom_left
2025-06-21 19:05:06 - INFO - Model original-bottom_left completed in 4.27 seconds.
2025-06-21 19:05:06 - INFO - >>> Model original-bottom_left trained. Accuracy: 0.6000 (4.27 sec.)
2025-06-21 19:05:06 - INFO - Training model: bottom_right-original
2025-06-21 19:05:10 - INFO - Model bottom_right-original completed in 4.37 seconds.
2025-06-21 19:05:10 - INFO - >>> Model bottom_right-original trained. Accuracy: 0.5667 (4.37 sec.)
2025-06-21 19:05:10 - INFO - Training model: tda-original
2025-06-21 19:05:15 - INFO - Model tda-original completed in 4.36 seconds.
2025-06-21 19:05:15 - INFO - >>> Model tda-original trained. Accuracy: 0.8000 (4.36 sec.)
2025-06-21 19:05:15 - INFO - Training model: top_right-original
2025-06-21 19:05:19 - INFO - Model top_right-original completed in 4.40 seconds.
2025-06-21 19:05:19 - INFO - >>> Model top_right-original trained. Accuracy: 0.5667 (4.40 sec.)
2025-06-21 19:05:19 - INFO - Training model: top_left-original-bottom_left
2025-06-21 19:05:26 - INFO - Model top_left-original-bottom_left completed in 6.40 seconds.
2025-06-21 19:05:26 - INFO - >>> Model top_left-original-bottom_left trained. Accuracy: 0.6667 (6.40 sec.)
2025-06-21 19:05:26 - INFO - Training model: top_left-original-bottom_right
2025-06-21 19:05:32 - INFO - Model top_left-original-bottom_right completed in 6.56 seconds.
2025-06-21 19:05:32 - INFO - >>> Model top_left-original-bottom_right trained. Accuracy: 0.6000 (6.56 sec.)
2025-06-21 19:05:32 - INFO - Training model: top_left-original-tda
2025-06-21 19:05:38 - INFO - Model top_left-original-tda completed in 6.05 seconds.
2025-06-21 19:05:38 - INFO - >>> Model top_left-original-tda trained. Accuracy: 0.8333 (6.05 sec.)
2025-06-21 19:05:38 - INFO - Training model: top_left-original-top_right
2025-06-21 19:05:45 - INFO - Model top_left-original-top_right completed in 6.48 seconds.
2025-06-21 19:05:45 - INFO - >>> Model top_left-original-top_right trained. Accuracy: 0.6000 (6.48 sec.)
2025-06-21 19:05:45 - INFO - Training model: bottom_right-original-bottom_left
2025-06-21 19:05:51 - INFO - Model bottom_right-original-bottom_left completed in 6.41 seconds.
2025-06-21 19:05:51 - INFO - >>> Model bottom_right-original-bottom_left trained. Accuracy: 0.6000 (6.41 sec.)
2025-06-21 19:05:51 - INFO - Training model: tda-original-bottom_left
2025-06-21 19:05:57 - INFO - Model tda-original-bottom_left completed in 5.78 seconds.
2025-06-21 19:05:57 - INFO - >>> Model tda-original-bottom_left trained. Accuracy: 0.8667 (5.78 sec.)
2025-06-21 19:05:57 - INFO - Training model: top_right-original-bottom_left
2025-06-21 19:06:03 - INFO - Model top_right-original-bottom_left completed in 6.19 seconds.
2025-06-21 19:06:03 - INFO - >>> Model top_right-original-bottom_left trained. Accuracy: 0.7333 (6.19 sec.)
2025-06-21 19:06:03 - INFO - Training model: bottom_right-original-tda
2025-06-21 19:06:09 - INFO - Model bottom_right-original-tda completed in 6.28 seconds.
2025-06-21 19:06:09 - INFO - >>> Model bottom_right-original-tda trained. Accuracy: 0.8667 (6.28 sec.)
2025-06-21 19:06:09 - INFO - Training model: bottom_right-original-top_right
2025-06-21 19:06:16 - INFO - Model bottom_right-original-top_right completed in 6.58 seconds.
2025-06-21 19:06:16 - INFO - >>> Model bottom_right-original-top_right trained. Accuracy: 0.7000 (6.58 sec.)
2025-06-21 19:06:16 - INFO - Training model: tda-original-top_right
2025-06-21 19:06:23 - INFO - Model tda-original-top_right completed in 6.61 seconds.
2025-06-21 19:06:23 - INFO - >>> Model tda-original-top_right trained. Accuracy: 0.8333 (6.61 sec.)
2025-06-21 19:06:23 - INFO - Training model: top_left-original-bottom_left-bottom_right
2025-06-21 19:06:31 - INFO - Model top_left-original-bottom_left-bottom_right completed in 8.32 seconds.
2025-06-21 19:06:31 - INFO - >>> Model top_left-original-bottom_left-bottom_right trained. Accuracy: 0.6000 (8.32 sec.)
2025-06-21 19:06:31 - INFO - Training model: top_left-original-bottom_left-tda
2025-06-21 19:06:39 - INFO - Model top_left-original-bottom_left-tda completed in 8.42 seconds.
2025-06-21 19:06:39 - INFO - >>> Model top_left-original-bottom_left-tda trained. Accuracy: 0.8333 (8.42 sec.)
2025-06-21 19:06:39 - INFO - Training model: top_left-original-bottom_left-top_right
2025-06-21 19:06:48 - INFO - Model top_left-original-bottom_left-top_right completed in 8.72 seconds.
2025-06-21 19:06:48 - INFO - >>> Model top_left-original-bottom_left-top_right trained. Accuracy: 0.6333 (8.72 sec.)
2025-06-21 19:06:48 - INFO - Training model: top_left-original-bottom_right-tda
2025-06-21 19:06:56 - INFO - Model top_left-original-bottom_right-tda completed in 8.14 seconds.
2025-06-21 19:06:56 - INFO - >>> Model top_left-original-bottom_right-tda trained. Accuracy: 0.8000 (8.14 sec.)
2025-06-21 19:06:56 - INFO - Training model: top_left-original-top_right-bottom_right
2025-06-21 19:07:05 - INFO - Model top_left-original-top_right-bottom_right completed in 8.64 seconds.
2025-06-21 19:07:05 - INFO - >>> Model top_left-original-top_right-bottom_right trained. Accuracy: 0.6000 (8.64 sec.)
2025-06-21 19:07:05 - INFO - Training model: top_left-original-top_right-tda
2025-06-21 19:07:13 - INFO - Model top_left-original-top_right-tda completed in 8.44 seconds.
2025-06-21 19:07:13 - INFO - >>> Model top_left-original-top_right-tda trained. Accuracy: 0.8333 (8.44 sec.)
2025-06-21 19:07:13 - INFO - Training model: bottom_right-original-bottom_left-tda
2025-06-21 19:07:22 - INFO - Model bottom_right-original-bottom_left-tda completed in 8.36 seconds.
2025-06-21 19:07:22 - INFO - >>> Model bottom_right-original-bottom_left-tda trained. Accuracy: 0.8333 (8.36 sec.)
2025-06-21 19:07:22 - INFO - Training model: bottom_right-original-bottom_left-top_right
2025-06-21 19:07:30 - INFO - Model bottom_right-original-bottom_left-top_right completed in 8.53 seconds.
2025-06-21 19:07:30 - INFO - >>> Model bottom_right-original-bottom_left-top_right trained. Accuracy: 0.6667 (8.53 sec.)
2025-06-21 19:07:30 - INFO - Training model: tda-original-bottom_left-top_right
2025-06-21 19:07:38 - INFO - Model tda-original-bottom_left-top_right completed in 8.11 seconds.
2025-06-21 19:07:38 - INFO - >>> Model tda-original-bottom_left-top_right trained. Accuracy: 0.8667 (8.11 sec.)
2025-06-21 19:07:38 - INFO - Training model: bottom_right-original-top_right-tda
2025-06-21 19:07:47 - INFO - Model bottom_right-original-top_right-tda completed in 8.58 seconds.
2025-06-21 19:07:47 - INFO - >>> Model bottom_right-original-top_right-tda trained. Accuracy: 0.7667 (8.58 sec.)
2025-06-21 19:07:47 - INFO - Training model: top_left-original-bottom_left-bottom_right-tda
2025-06-21 19:07:57 - INFO - Model top_left-original-bottom_left-bottom_right-tda completed in 10.38 seconds.
2025-06-21 19:07:57 - INFO - >>> Model top_left-original-bottom_left-bottom_right-tda trained. Accuracy: 0.8667 (10.38 sec.)
2025-06-21 19:07:57 - INFO - Training model: top_left-original-bottom_left-bottom_right-top_right
2025-06-21 19:08:07 - INFO - Model top_left-original-bottom_left-bottom_right-top_right completed in 10.08 seconds.
2025-06-21 19:08:07 - INFO - >>> Model top_left-original-bottom_left-bottom_right-top_right trained. Accuracy: 0.6333 (10.08 sec.)
2025-06-21 19:08:07 - INFO - Training model: top_left-original-bottom_left-tda-top_right
2025-06-21 19:08:18 - INFO - Model top_left-original-bottom_left-tda-top_right completed in 10.70 seconds.
2025-06-21 19:08:18 - INFO - >>> Model top_left-original-bottom_left-tda-top_right trained. Accuracy: 0.8333 (10.70 sec.)
2025-06-21 19:08:18 - INFO - Training model: top_left-original-bottom_right-tda-top_right
2025-06-21 19:08:29 - INFO - Model top_left-original-bottom_right-tda-top_right completed in 10.37 seconds.
2025-06-21 19:08:29 - INFO - >>> Model top_left-original-bottom_right-tda-top_right trained. Accuracy: 0.7000 (10.37 sec.)
2025-06-21 19:08:29 - INFO - Training model: original-bottom_left-bottom_right-tda-top_right
2025-06-21 19:08:38 - INFO - Model original-bottom_left-bottom_right-tda-top_right completed in 9.92 seconds.
2025-06-21 19:08:38 - INFO - >>> Model original-bottom_left-bottom_right-tda-top_right trained. Accuracy: 0.9000 (9.92 sec.)
2025-06-21 19:08:38 - INFO - Training model: top_left-original-bottom_left-bottom_right-tda-top_right
2025-06-21 19:08:51 - INFO - Model top_left-original-bottom_left-bottom_right-tda-top_right completed in 12.62 seconds.
2025-06-21 19:08:51 - INFO - >>> Model top_left-original-bottom_left-bottom_right-tda-top_right trained. Accuracy: 0.8667 (12.62 sec.)
2025-06-21 19:08:51 - INFO - All models trained successfully.
2025-06-21 19:08:51 - INFO - ========== [Model Training Completed] in 3.90 minutes ==========
2025-06-21 19:08:51 - INFO - ========== [Experiment Training Complete] ==========
2025-06-21 19:08:51 - INFO - Results saved to /home/jovyan/Workspace/workspace_mnist/results/exp_icecream_100samples_part3/exp_icecream_100samples_part3_2025-06-21_19-08-51.json
2025-06-21 19:08:51 - INFO - Results successfully saved to /home/jovyan/Workspace/workspace_mnist/results/exp_icecream_100samples_part3/exp_icecream_100samples_part3_2025-06-21_19-08-51.json
2025-06-21 19:08:51 - INFO - Forced Garbage collection executed to Free Memory.
2025-06-21 19:08:51 - INFO - ========== [Experiment Completed] in 3.95 minutes ==========
