2025-06-21 19:32:28 - INFO - Logging initialized.
 Writing to /home/jovyan/Workspace/workspace_mnist/logs/exp_icecream_100samples_part3/experiment_logs_2025-06-21_19-32-28.log
2025-06-21 19:32:28 - INFO - ========== [Experiment Start] ==========
2025-06-21 19:32:28 - INFO - Views combinations successfully generated.
2025-06-21 19:32:28 - INFO - Topological Data Analysis pipeline generated.
2025-06-21 19:32:28 - INFO - Folder to save results has been created.
2025-06-21 19:32:28 - INFO - Reading dataset from mnist_784.csv (chunk size: 70000).
2025-06-21 19:32:29 - INFO - Starting multiview data preparation for a chunk of size (70000, 784)...
2025-06-21 19:32:29 - INFO - Running using 28 jobs.
2025-06-21 19:32:29 - INFO - Splitting data: 0.0% train / 30.0% test (random_state=522745483)
2025-06-21 19:32:29 - INFO - Using full training data without second split.
2025-06-21 19:32:29 - INFO - Data split complete. Train size: (70, 784), Test size: (30, 784)
2025-06-21 19:32:29 - INFO - Reshaping train and test data into square images...
2025-06-21 19:32:29 - INFO - Reshaping complete. Train images shape: (70, 28, 28), Test images shape: (30, 28, 28)
2025-06-21 19:32:29 - INFO - Splitting images into quadrant views...
2025-06-21 19:32:29 - INFO - Quadrant view splitting complete. Train views: 4, Test views: 4
2025-06-21 19:32:29 - INFO - Saving sample images for each view...
2025-06-21 19:32:29 - INFO - Sample views saved successfully.
2025-06-21 19:32:29 - INFO - Starting TDA pipeline transformation on train data...
2025-06-21 19:32:30 - INFO - TDA transformation for train completed (0.02 minutes).
2025-06-21 19:32:30 - INFO - Applying TDA pipeline transformation on test data...
2025-06-21 19:32:31 - INFO - TDA transformation for test completed (0.01 minutes).
2025-06-21 19:32:31 - INFO - ========== [Model Training Start] ==========
2025-06-21 19:32:31 - INFO - Training model: original
2025-06-21 19:32:31 - INFO - Model original completed in 0.33 seconds.
2025-06-21 19:32:31 - INFO - >>> Model original trained. Accuracy: 0.8000 (0.33 sec.)
2025-06-21 19:32:31 - INFO - Training model: top_left-original
2025-06-21 19:32:35 - INFO - Model top_left-original completed in 4.23 seconds.
2025-06-21 19:32:35 - INFO - >>> Model top_left-original trained. Accuracy: 0.6667 (4.23 sec.)
2025-06-21 19:32:35 - INFO - Training model: original-bottom_left
2025-06-21 19:32:39 - INFO - Model original-bottom_left completed in 4.02 seconds.
2025-06-21 19:32:39 - INFO - >>> Model original-bottom_left trained. Accuracy: 0.6333 (4.02 sec.)
2025-06-21 19:32:39 - INFO - Training model: bottom_right-original
2025-06-21 19:32:44 - INFO - Model bottom_right-original completed in 4.30 seconds.
2025-06-21 19:32:44 - INFO - >>> Model bottom_right-original trained. Accuracy: 0.6333 (4.30 sec.)
2025-06-21 19:32:44 - INFO - Training model: tda-original
2025-06-21 19:32:48 - INFO - Model tda-original completed in 4.55 seconds.
2025-06-21 19:32:48 - INFO - >>> Model tda-original trained. Accuracy: 0.9667 (4.55 sec.)
2025-06-21 19:32:48 - INFO - Training model: top_right-original
2025-06-21 19:32:53 - INFO - Model top_right-original completed in 4.34 seconds.
2025-06-21 19:32:53 - INFO - >>> Model top_right-original trained. Accuracy: 0.7333 (4.34 sec.)
2025-06-21 19:32:53 - INFO - Training model: top_left-original-bottom_left
2025-06-21 19:32:59 - INFO - Model top_left-original-bottom_left completed in 6.21 seconds.
2025-06-21 19:32:59 - INFO - >>> Model top_left-original-bottom_left trained. Accuracy: 0.6667 (6.21 sec.)
2025-06-21 19:32:59 - INFO - Training model: top_left-original-bottom_right
2025-06-21 19:33:06 - INFO - Model top_left-original-bottom_right completed in 6.65 seconds.
2025-06-21 19:33:06 - INFO - >>> Model top_left-original-bottom_right trained. Accuracy: 0.7667 (6.65 sec.)
2025-06-21 19:33:06 - INFO - Training model: top_left-original-tda
2025-06-21 19:33:12 - INFO - Model top_left-original-tda completed in 6.29 seconds.
2025-06-21 19:33:12 - INFO - >>> Model top_left-original-tda trained. Accuracy: 0.9000 (6.29 sec.)
2025-06-21 19:33:12 - INFO - Training model: top_left-original-top_right
2025-06-21 19:33:18 - INFO - Model top_left-original-top_right completed in 6.23 seconds.
2025-06-21 19:33:18 - INFO - >>> Model top_left-original-top_right trained. Accuracy: 0.7333 (6.23 sec.)
2025-06-21 19:33:18 - INFO - Training model: bottom_right-original-bottom_left
2025-06-21 19:33:24 - INFO - Model bottom_right-original-bottom_left completed in 6.20 seconds.
2025-06-21 19:33:24 - INFO - >>> Model bottom_right-original-bottom_left trained. Accuracy: 0.6667 (6.20 sec.)
2025-06-21 19:33:24 - INFO - Training model: tda-original-bottom_left
2025-06-21 19:33:30 - INFO - Model tda-original-bottom_left completed in 6.05 seconds.
2025-06-21 19:33:30 - INFO - >>> Model tda-original-bottom_left trained. Accuracy: 0.9333 (6.05 sec.)
2025-06-21 19:33:30 - INFO - Training model: top_right-original-bottom_left
2025-06-21 19:33:37 - INFO - Model top_right-original-bottom_left completed in 6.19 seconds.
2025-06-21 19:33:37 - INFO - >>> Model top_right-original-bottom_left trained. Accuracy: 0.7333 (6.19 sec.)
2025-06-21 19:33:37 - INFO - Training model: bottom_right-original-tda
2025-06-21 19:33:43 - INFO - Model bottom_right-original-tda completed in 6.77 seconds.
2025-06-21 19:33:43 - INFO - >>> Model bottom_right-original-tda trained. Accuracy: 0.9000 (6.77 sec.)
2025-06-21 19:33:43 - INFO - Training model: bottom_right-original-top_right
2025-06-21 19:33:50 - INFO - Model bottom_right-original-top_right completed in 6.62 seconds.
2025-06-21 19:33:50 - INFO - >>> Model bottom_right-original-top_right trained. Accuracy: 0.6667 (6.62 sec.)
2025-06-21 19:33:50 - INFO - Training model: tda-original-top_right
2025-06-21 19:33:56 - INFO - Model tda-original-top_right completed in 6.43 seconds.
2025-06-21 19:33:56 - INFO - >>> Model tda-original-top_right trained. Accuracy: 0.9667 (6.43 sec.)
2025-06-21 19:33:56 - INFO - Training model: top_left-original-bottom_left-bottom_right
2025-06-21 19:34:05 - INFO - Model top_left-original-bottom_left-bottom_right completed in 8.77 seconds.
2025-06-21 19:34:05 - INFO - >>> Model top_left-original-bottom_left-bottom_right trained. Accuracy: 0.7667 (8.77 sec.)
2025-06-21 19:34:05 - INFO - Training model: top_left-original-bottom_left-tda
2025-06-21 19:34:14 - INFO - Model top_left-original-bottom_left-tda completed in 8.66 seconds.
2025-06-21 19:34:14 - INFO - >>> Model top_left-original-bottom_left-tda trained. Accuracy: 0.9000 (8.66 sec.)
2025-06-21 19:34:14 - INFO - Training model: top_left-original-bottom_left-top_right
2025-06-21 19:34:22 - INFO - Model top_left-original-bottom_left-top_right completed in 8.33 seconds.
2025-06-21 19:34:22 - INFO - >>> Model top_left-original-bottom_left-top_right trained. Accuracy: 0.7333 (8.33 sec.)
2025-06-21 19:34:22 - INFO - Training model: top_left-original-bottom_right-tda
2025-06-21 19:34:30 - INFO - Model top_left-original-bottom_right-tda completed in 8.16 seconds.
2025-06-21 19:34:30 - INFO - >>> Model top_left-original-bottom_right-tda trained. Accuracy: 0.9000 (8.16 sec.)
2025-06-21 19:34:30 - INFO - Training model: top_left-original-top_right-bottom_right
2025-06-21 19:34:39 - INFO - Model top_left-original-top_right-bottom_right completed in 8.22 seconds.
2025-06-21 19:34:39 - INFO - >>> Model top_left-original-top_right-bottom_right trained. Accuracy: 0.7000 (8.22 sec.)
2025-06-21 19:34:39 - INFO - Training model: top_left-original-top_right-tda
2025-06-21 19:34:47 - INFO - Model top_left-original-top_right-tda completed in 8.45 seconds.
2025-06-21 19:34:47 - INFO - >>> Model top_left-original-top_right-tda trained. Accuracy: 0.9000 (8.45 sec.)
2025-06-21 19:34:47 - INFO - Training model: bottom_right-original-bottom_left-tda
2025-06-21 19:34:56 - INFO - Model bottom_right-original-bottom_left-tda completed in 8.61 seconds.
2025-06-21 19:34:56 - INFO - >>> Model bottom_right-original-bottom_left-tda trained. Accuracy: 0.8333 (8.61 sec.)
2025-06-21 19:34:56 - INFO - Training model: bottom_right-original-bottom_left-top_right
2025-06-21 19:35:04 - INFO - Model bottom_right-original-bottom_left-top_right completed in 8.62 seconds.
2025-06-21 19:35:04 - INFO - >>> Model bottom_right-original-bottom_left-top_right trained. Accuracy: 0.7000 (8.62 sec.)
2025-06-21 19:35:04 - INFO - Training model: tda-original-bottom_left-top_right
2025-06-21 19:35:12 - INFO - Model tda-original-bottom_left-top_right completed in 7.87 seconds.
2025-06-21 19:35:12 - INFO - >>> Model tda-original-bottom_left-top_right trained. Accuracy: 0.8667 (7.87 sec.)
2025-06-21 19:35:12 - INFO - Training model: bottom_right-original-top_right-tda
2025-06-21 19:35:21 - INFO - Model bottom_right-original-top_right-tda completed in 8.52 seconds.
2025-06-21 19:35:21 - INFO - >>> Model bottom_right-original-top_right-tda trained. Accuracy: 0.9333 (8.52 sec.)
2025-06-21 19:35:21 - INFO - Training model: top_left-original-bottom_left-bottom_right-tda
2025-06-21 19:35:31 - INFO - Model top_left-original-bottom_left-bottom_right-tda completed in 10.72 seconds.
2025-06-21 19:35:31 - INFO - >>> Model top_left-original-bottom_left-bottom_right-tda trained. Accuracy: 0.8667 (10.72 sec.)
2025-06-21 19:35:31 - INFO - Training model: top_left-original-bottom_left-bottom_right-top_right
2025-06-21 19:35:42 - INFO - Model top_left-original-bottom_left-bottom_right-top_right completed in 10.20 seconds.
2025-06-21 19:35:42 - INFO - >>> Model top_left-original-bottom_left-bottom_right-top_right trained. Accuracy: 0.7000 (10.20 sec.)
2025-06-21 19:35:42 - INFO - Training model: top_left-original-bottom_left-tda-top_right
2025-06-21 19:35:51 - INFO - Model top_left-original-bottom_left-tda-top_right completed in 9.77 seconds.
2025-06-21 19:35:51 - INFO - >>> Model top_left-original-bottom_left-tda-top_right trained. Accuracy: 0.9333 (9.77 sec.)
2025-06-21 19:35:51 - INFO - Training model: top_left-original-bottom_right-tda-top_right
2025-06-21 19:36:02 - INFO - Model top_left-original-bottom_right-tda-top_right completed in 10.60 seconds.
2025-06-21 19:36:02 - INFO - >>> Model top_left-original-bottom_right-tda-top_right trained. Accuracy: 0.8667 (10.60 sec.)
2025-06-21 19:36:02 - INFO - Training model: original-bottom_left-bottom_right-tda-top_right
2025-06-21 19:36:13 - INFO - Model original-bottom_left-bottom_right-tda-top_right completed in 10.52 seconds.
2025-06-21 19:36:13 - INFO - >>> Model original-bottom_left-bottom_right-tda-top_right trained. Accuracy: 0.8667 (10.52 sec.)
2025-06-21 19:36:13 - INFO - Training model: top_left-original-bottom_left-bottom_right-tda-top_right
2025-06-21 19:36:24 - INFO - Model top_left-original-bottom_left-bottom_right-tda-top_right completed in 11.93 seconds.
2025-06-21 19:36:24 - INFO - >>> Model top_left-original-bottom_left-bottom_right-tda-top_right trained. Accuracy: 0.9333 (11.93 sec.)
2025-06-21 19:36:24 - INFO - All models trained successfully.
2025-06-21 19:36:24 - INFO - ========== [Model Training Completed] in 3.89 minutes ==========
2025-06-21 19:36:24 - INFO - ========== [Experiment Training Complete] ==========
2025-06-21 19:36:24 - INFO - Results saved to /home/jovyan/Workspace/workspace_mnist/results/exp_icecream_100samples_part3/exp_icecream_100samples_part3_2025-06-21_19-36-24.json
2025-06-21 19:36:24 - INFO - Results successfully saved to /home/jovyan/Workspace/workspace_mnist/results/exp_icecream_100samples_part3/exp_icecream_100samples_part3_2025-06-21_19-36-24.json
2025-06-21 19:36:24 - INFO - Forced Garbage collection executed to Free Memory.
2025-06-21 19:36:25 - INFO - ========== [Experiment Completed] in 3.94 minutes ==========
