2025-06-21 18:53:15 - INFO - Logging initialized.
 Writing to /home/jovyan/Workspace/workspace_mnist/logs/exp_icecream_100samples_part3/experiment_logs_2025-06-21_18-53-15.log
2025-06-21 18:53:15 - INFO - ========== [Experiment Start] ==========
2025-06-21 18:53:15 - INFO - Views combinations successfully generated.
2025-06-21 18:53:15 - INFO - Topological Data Analysis pipeline generated.
2025-06-21 18:53:15 - INFO - Folder to save results has been created.
2025-06-21 18:53:15 - INFO - Reading dataset from mnist_784.csv (chunk size: 70000).
2025-06-21 18:53:16 - INFO - Starting multiview data preparation for a chunk of size (70000, 784)...
2025-06-21 18:53:16 - INFO - Running using 28 jobs.
2025-06-21 18:53:16 - INFO - Splitting data: 0.0% train / 30.0% test (random_state=661327071)
2025-06-21 18:53:16 - INFO - Using full training data without second split.
2025-06-21 18:53:16 - INFO - Data split complete. Train size: (70, 784), Test size: (30, 784)
2025-06-21 18:53:16 - INFO - Reshaping train and test data into square images...
2025-06-21 18:53:16 - INFO - Reshaping complete. Train images shape: (70, 28, 28), Test images shape: (30, 28, 28)
2025-06-21 18:53:16 - INFO - Splitting images into quadrant views...
2025-06-21 18:53:16 - INFO - Quadrant view splitting complete. Train views: 4, Test views: 4
2025-06-21 18:53:16 - INFO - Saving sample images for each view...
2025-06-21 18:53:16 - INFO - Sample views saved successfully.
2025-06-21 18:53:16 - INFO - Starting TDA pipeline transformation on train data...
2025-06-21 18:53:17 - INFO - TDA transformation for train completed (0.02 minutes).
2025-06-21 18:53:17 - INFO - Applying TDA pipeline transformation on test data...
2025-06-21 18:53:17 - INFO - TDA transformation for test completed (0.01 minutes).
2025-06-21 18:53:17 - INFO - ========== [Model Training Start] ==========
2025-06-21 18:53:17 - INFO - Training model: original
2025-06-21 18:53:18 - INFO - Model original completed in 0.26 seconds.
2025-06-21 18:53:18 - INFO - >>> Model original trained. Accuracy: 0.8000 (0.26 sec.)
2025-06-21 18:53:18 - INFO - Training model: top_left-original
2025-06-21 18:53:22 - INFO - Model top_left-original completed in 4.42 seconds.
2025-06-21 18:53:22 - INFO - >>> Model top_left-original trained. Accuracy: 0.7000 (4.42 sec.)
2025-06-21 18:53:22 - INFO - Training model: original-bottom_left
2025-06-21 18:53:27 - INFO - Model original-bottom_left completed in 4.50 seconds.
2025-06-21 18:53:27 - INFO - >>> Model original-bottom_left trained. Accuracy: 0.8000 (4.50 sec.)
2025-06-21 18:53:27 - INFO - Training model: bottom_right-original
2025-06-21 18:53:31 - INFO - Model bottom_right-original completed in 4.26 seconds.
2025-06-21 18:53:31 - INFO - >>> Model bottom_right-original trained. Accuracy: 0.6667 (4.26 sec.)
2025-06-21 18:53:31 - INFO - Training model: tda-original
2025-06-21 18:53:35 - INFO - Model tda-original completed in 3.79 seconds.
2025-06-21 18:53:35 - INFO - >>> Model tda-original trained. Accuracy: 0.8333 (3.79 sec.)
2025-06-21 18:53:35 - INFO - Training model: top_right-original
2025-06-21 18:53:39 - INFO - Model top_right-original completed in 4.65 seconds.
2025-06-21 18:53:39 - INFO - >>> Model top_right-original trained. Accuracy: 0.6333 (4.65 sec.)
2025-06-21 18:53:39 - INFO - Training model: top_left-original-bottom_left
2025-06-21 18:53:46 - INFO - Model top_left-original-bottom_left completed in 6.52 seconds.
2025-06-21 18:53:46 - INFO - >>> Model top_left-original-bottom_left trained. Accuracy: 0.8000 (6.52 sec.)
2025-06-21 18:53:46 - INFO - Training model: top_left-original-bottom_right
2025-06-21 18:53:53 - INFO - Model top_left-original-bottom_right completed in 6.63 seconds.
2025-06-21 18:53:53 - INFO - >>> Model top_left-original-bottom_right trained. Accuracy: 0.7333 (6.63 sec.)
2025-06-21 18:53:53 - INFO - Training model: top_left-original-tda
2025-06-21 18:53:59 - INFO - Model top_left-original-tda completed in 6.67 seconds.
2025-06-21 18:53:59 - INFO - >>> Model top_left-original-tda trained. Accuracy: 0.8333 (6.67 sec.)
2025-06-21 18:53:59 - INFO - Training model: top_left-original-top_right
2025-06-21 18:54:05 - INFO - Model top_left-original-top_right completed in 6.16 seconds.
2025-06-21 18:54:05 - INFO - >>> Model top_left-original-top_right trained. Accuracy: 0.7333 (6.16 sec.)
2025-06-21 18:54:05 - INFO - Training model: bottom_right-original-bottom_left
2025-06-21 18:54:12 - INFO - Model bottom_right-original-bottom_left completed in 6.53 seconds.
2025-06-21 18:54:12 - INFO - >>> Model bottom_right-original-bottom_left trained. Accuracy: 0.6333 (6.53 sec.)
2025-06-21 18:54:12 - INFO - Training model: tda-original-bottom_left
2025-06-21 18:54:18 - INFO - Model tda-original-bottom_left completed in 6.07 seconds.
2025-06-21 18:54:18 - INFO - >>> Model tda-original-bottom_left trained. Accuracy: 0.8333 (6.07 sec.)
2025-06-21 18:54:18 - INFO - Training model: top_right-original-bottom_left
2025-06-21 18:54:25 - INFO - Model top_right-original-bottom_left completed in 6.48 seconds.
2025-06-21 18:54:25 - INFO - >>> Model top_right-original-bottom_left trained. Accuracy: 0.7000 (6.48 sec.)
2025-06-21 18:54:25 - INFO - Training model: bottom_right-original-tda
2025-06-21 18:54:31 - INFO - Model bottom_right-original-tda completed in 6.17 seconds.
2025-06-21 18:54:31 - INFO - >>> Model bottom_right-original-tda trained. Accuracy: 0.8667 (6.17 sec.)
2025-06-21 18:54:31 - INFO - Training model: bottom_right-original-top_right
2025-06-21 18:54:37 - INFO - Model bottom_right-original-top_right completed in 6.32 seconds.
2025-06-21 18:54:37 - INFO - >>> Model bottom_right-original-top_right trained. Accuracy: 0.7000 (6.32 sec.)
2025-06-21 18:54:37 - INFO - Training model: tda-original-top_right
2025-06-21 18:54:43 - INFO - Model tda-original-top_right completed in 6.26 seconds.
2025-06-21 18:54:43 - INFO - >>> Model tda-original-top_right trained. Accuracy: 0.8333 (6.26 sec.)
2025-06-21 18:54:43 - INFO - Training model: top_left-original-bottom_left-bottom_right
2025-06-21 18:54:52 - INFO - Model top_left-original-bottom_left-bottom_right completed in 8.25 seconds.
2025-06-21 18:54:52 - INFO - >>> Model top_left-original-bottom_left-bottom_right trained. Accuracy: 0.8000 (8.25 sec.)
2025-06-21 18:54:52 - INFO - Training model: top_left-original-bottom_left-tda
2025-06-21 18:55:00 - INFO - Model top_left-original-bottom_left-tda completed in 8.60 seconds.
2025-06-21 18:55:00 - INFO - >>> Model top_left-original-bottom_left-tda trained. Accuracy: 0.8333 (8.60 sec.)
2025-06-21 18:55:00 - INFO - Training model: top_left-original-bottom_left-top_right
2025-06-21 18:55:09 - INFO - Model top_left-original-bottom_left-top_right completed in 8.51 seconds.
2025-06-21 18:55:09 - INFO - >>> Model top_left-original-bottom_left-top_right trained. Accuracy: 0.8333 (8.51 sec.)
2025-06-21 18:55:09 - INFO - Training model: top_left-original-bottom_right-tda
2025-06-21 18:55:17 - INFO - Model top_left-original-bottom_right-tda completed in 8.11 seconds.
2025-06-21 18:55:17 - INFO - >>> Model top_left-original-bottom_right-tda trained. Accuracy: 0.8000 (8.11 sec.)
2025-06-21 18:55:17 - INFO - Training model: top_left-original-top_right-bottom_right
2025-06-21 18:55:25 - INFO - Model top_left-original-top_right-bottom_right completed in 8.47 seconds.
2025-06-21 18:55:25 - INFO - >>> Model top_left-original-top_right-bottom_right trained. Accuracy: 0.7000 (8.47 sec.)
2025-06-21 18:55:25 - INFO - Training model: top_left-original-top_right-tda
2025-06-21 18:55:33 - INFO - Model top_left-original-top_right-tda completed in 7.93 seconds.
2025-06-21 18:55:33 - INFO - >>> Model top_left-original-top_right-tda trained. Accuracy: 0.8333 (7.93 sec.)
2025-06-21 18:55:33 - INFO - Training model: bottom_right-original-bottom_left-tda
2025-06-21 18:55:42 - INFO - Model bottom_right-original-bottom_left-tda completed in 8.38 seconds.
2025-06-21 18:55:42 - INFO - >>> Model bottom_right-original-bottom_left-tda trained. Accuracy: 0.8667 (8.38 sec.)
2025-06-21 18:55:42 - INFO - Training model: bottom_right-original-bottom_left-top_right
2025-06-21 18:55:50 - INFO - Model bottom_right-original-bottom_left-top_right completed in 8.52 seconds.
2025-06-21 18:55:50 - INFO - >>> Model bottom_right-original-bottom_left-top_right trained. Accuracy: 0.7333 (8.52 sec.)
2025-06-21 18:55:50 - INFO - Training model: tda-original-bottom_left-top_right
2025-06-21 18:55:58 - INFO - Model tda-original-bottom_left-top_right completed in 7.82 seconds.
2025-06-21 18:55:58 - INFO - >>> Model tda-original-bottom_left-top_right trained. Accuracy: 0.7667 (7.82 sec.)
2025-06-21 18:55:58 - INFO - Training model: bottom_right-original-top_right-tda
2025-06-21 18:56:07 - INFO - Model bottom_right-original-top_right-tda completed in 8.80 seconds.
2025-06-21 18:56:07 - INFO - >>> Model bottom_right-original-top_right-tda trained. Accuracy: 0.8333 (8.80 sec.)
2025-06-21 18:56:07 - INFO - Training model: top_left-original-bottom_left-bottom_right-tda
2025-06-21 18:56:17 - INFO - Model top_left-original-bottom_left-bottom_right-tda completed in 10.55 seconds.
2025-06-21 18:56:17 - INFO - >>> Model top_left-original-bottom_left-bottom_right-tda trained. Accuracy: 0.8667 (10.55 sec.)
2025-06-21 18:56:17 - INFO - Training model: top_left-original-bottom_left-bottom_right-top_right
2025-06-21 18:56:28 - INFO - Model top_left-original-bottom_left-bottom_right-top_right completed in 10.38 seconds.
2025-06-21 18:56:28 - INFO - >>> Model top_left-original-bottom_left-bottom_right-top_right trained. Accuracy: 0.8000 (10.38 sec.)
2025-06-21 18:56:28 - INFO - Training model: top_left-original-bottom_left-tda-top_right
2025-06-21 18:56:38 - INFO - Model top_left-original-bottom_left-tda-top_right completed in 10.20 seconds.
2025-06-21 18:56:38 - INFO - >>> Model top_left-original-bottom_left-tda-top_right trained. Accuracy: 0.8333 (10.20 sec.)
2025-06-21 18:56:38 - INFO - Training model: top_left-original-bottom_right-tda-top_right
2025-06-21 18:56:48 - INFO - Model top_left-original-bottom_right-tda-top_right completed in 10.59 seconds.
2025-06-21 18:56:48 - INFO - >>> Model top_left-original-bottom_right-tda-top_right trained. Accuracy: 0.8667 (10.59 sec.)
2025-06-21 18:56:49 - INFO - Training model: original-bottom_left-bottom_right-tda-top_right
2025-06-21 18:56:59 - INFO - Model original-bottom_left-bottom_right-tda-top_right completed in 10.30 seconds.
2025-06-21 18:56:59 - INFO - >>> Model original-bottom_left-bottom_right-tda-top_right trained. Accuracy: 0.8333 (10.30 sec.)
2025-06-21 18:56:59 - INFO - Training model: top_left-original-bottom_left-bottom_right-tda-top_right
2025-06-21 18:57:11 - INFO - Model top_left-original-bottom_left-bottom_right-tda-top_right completed in 12.36 seconds.
2025-06-21 18:57:11 - INFO - >>> Model top_left-original-bottom_left-bottom_right-tda-top_right trained. Accuracy: 0.8333 (12.36 sec.)
2025-06-21 18:57:11 - INFO - All models trained successfully.
2025-06-21 18:57:11 - INFO - ========== [Model Training Completed] in 3.89 minutes ==========
2025-06-21 18:57:11 - INFO - ========== [Experiment Training Complete] ==========
2025-06-21 18:57:11 - INFO - Results saved to /home/jovyan/Workspace/workspace_mnist/results/exp_icecream_100samples_part3/exp_icecream_100samples_part3_2025-06-21_18-57-11.json
2025-06-21 18:57:11 - INFO - Results successfully saved to /home/jovyan/Workspace/workspace_mnist/results/exp_icecream_100samples_part3/exp_icecream_100samples_part3_2025-06-21_18-57-11.json
2025-06-21 18:57:11 - INFO - Forced Garbage collection executed to Free Memory.
2025-06-21 18:57:11 - INFO - ========== [Experiment Completed] in 3.94 minutes ==========
