2025-06-21 18:01:57 - INFO - Logging initialized.
 Writing to /home/jovyan/Workspace/workspace_mnist/logs/exp_icecream_100samples_part3/experiment_logs_2025-06-21_18-01-57.log
2025-06-21 18:01:57 - INFO - ========== [Experiment Start] ==========
2025-06-21 18:01:57 - INFO - Views combinations successfully generated.
2025-06-21 18:01:57 - INFO - Topological Data Analysis pipeline generated.
2025-06-21 18:01:57 - INFO - Folder to save results has been created.
2025-06-21 18:01:57 - INFO - Reading dataset from mnist_784.csv (chunk size: 70000).
2025-06-21 18:01:58 - INFO - Starting multiview data preparation for a chunk of size (70000, 784)...
2025-06-21 18:01:58 - INFO - Running using 28 jobs.
2025-06-21 18:01:58 - INFO - Splitting data: 0.0% train / 30.0% test (random_state=90227985)
2025-06-21 18:01:58 - INFO - Using full training data without second split.
2025-06-21 18:01:58 - INFO - Data split complete. Train size: (70, 784), Test size: (30, 784)
2025-06-21 18:01:58 - INFO - Reshaping train and test data into square images...
2025-06-21 18:01:58 - INFO - Reshaping complete. Train images shape: (70, 28, 28), Test images shape: (30, 28, 28)
2025-06-21 18:01:58 - INFO - Splitting images into quadrant views...
2025-06-21 18:01:58 - INFO - Quadrant view splitting complete. Train views: 4, Test views: 4
2025-06-21 18:01:58 - INFO - Saving sample images for each view...
2025-06-21 18:01:58 - INFO - Sample views saved successfully.
2025-06-21 18:01:58 - INFO - Starting TDA pipeline transformation on train data...
2025-06-21 18:01:59 - INFO - TDA transformation for train completed (0.02 minutes).
2025-06-21 18:01:59 - INFO - Applying TDA pipeline transformation on test data...
2025-06-21 18:02:00 - INFO - TDA transformation for test completed (0.01 minutes).
2025-06-21 18:02:00 - INFO - ========== [Model Training Start] ==========
2025-06-21 18:02:00 - INFO - Training model: original
2025-06-21 18:02:00 - INFO - Model original completed in 0.32 seconds.
2025-06-21 18:02:00 - INFO - >>> Model original trained. Accuracy: 0.6000 (0.32 sec.)
2025-06-21 18:02:00 - INFO - Training model: top_left-original
2025-06-21 18:02:04 - INFO - Model top_left-original completed in 4.45 seconds.
2025-06-21 18:02:04 - INFO - >>> Model top_left-original trained. Accuracy: 0.5667 (4.45 sec.)
2025-06-21 18:02:04 - INFO - Training model: original-bottom_left
2025-06-21 18:02:09 - INFO - Model original-bottom_left completed in 4.46 seconds.
2025-06-21 18:02:09 - INFO - >>> Model original-bottom_left trained. Accuracy: 0.5667 (4.46 sec.)
2025-06-21 18:02:09 - INFO - Training model: bottom_right-original
2025-06-21 18:02:13 - INFO - Model bottom_right-original completed in 4.33 seconds.
2025-06-21 18:02:13 - INFO - >>> Model bottom_right-original trained. Accuracy: 0.5667 (4.33 sec.)
2025-06-21 18:02:13 - INFO - Training model: tda-original
2025-06-21 18:02:18 - INFO - Model tda-original completed in 4.53 seconds.
2025-06-21 18:02:18 - INFO - >>> Model tda-original trained. Accuracy: 0.8333 (4.53 sec.)
2025-06-21 18:02:18 - INFO - Training model: top_right-original
2025-06-21 18:02:22 - INFO - Model top_right-original completed in 4.22 seconds.
2025-06-21 18:02:22 - INFO - >>> Model top_right-original trained. Accuracy: 0.6333 (4.22 sec.)
2025-06-21 18:02:22 - INFO - Training model: top_left-original-bottom_left
2025-06-21 18:02:28 - INFO - Model top_left-original-bottom_left completed in 6.28 seconds.
2025-06-21 18:02:28 - INFO - >>> Model top_left-original-bottom_left trained. Accuracy: 0.6333 (6.28 sec.)
2025-06-21 18:02:28 - INFO - Training model: top_left-original-bottom_right
2025-06-21 18:02:34 - INFO - Model top_left-original-bottom_right completed in 6.27 seconds.
2025-06-21 18:02:34 - INFO - >>> Model top_left-original-bottom_right trained. Accuracy: 0.6333 (6.27 sec.)
2025-06-21 18:02:34 - INFO - Training model: top_left-original-tda
2025-06-21 18:02:41 - INFO - Model top_left-original-tda completed in 6.46 seconds.
2025-06-21 18:02:41 - INFO - >>> Model top_left-original-tda trained. Accuracy: 0.7333 (6.46 sec.)
2025-06-21 18:02:41 - INFO - Training model: top_left-original-top_right
2025-06-21 18:02:47 - INFO - Model top_left-original-top_right completed in 6.35 seconds.
2025-06-21 18:02:47 - INFO - >>> Model top_left-original-top_right trained. Accuracy: 0.6667 (6.35 sec.)
2025-06-21 18:02:47 - INFO - Training model: bottom_right-original-bottom_left
2025-06-21 18:02:54 - INFO - Model bottom_right-original-bottom_left completed in 6.43 seconds.
2025-06-21 18:02:54 - INFO - >>> Model bottom_right-original-bottom_left trained. Accuracy: 0.6333 (6.43 sec.)
2025-06-21 18:02:54 - INFO - Training model: tda-original-bottom_left
2025-06-21 18:03:00 - INFO - Model tda-original-bottom_left completed in 6.26 seconds.
2025-06-21 18:03:00 - INFO - >>> Model tda-original-bottom_left trained. Accuracy: 0.7667 (6.26 sec.)
2025-06-21 18:03:00 - INFO - Training model: top_right-original-bottom_left
2025-06-21 18:03:07 - INFO - Model top_right-original-bottom_left completed in 6.68 seconds.
2025-06-21 18:03:07 - INFO - >>> Model top_right-original-bottom_left trained. Accuracy: 0.7667 (6.68 sec.)
2025-06-21 18:03:07 - INFO - Training model: bottom_right-original-tda
2025-06-21 18:03:13 - INFO - Model bottom_right-original-tda completed in 6.63 seconds.
2025-06-21 18:03:13 - INFO - >>> Model bottom_right-original-tda trained. Accuracy: 0.8667 (6.63 sec.)
2025-06-21 18:03:13 - INFO - Training model: bottom_right-original-top_right
2025-06-21 18:03:19 - INFO - Model bottom_right-original-top_right completed in 5.91 seconds.
2025-06-21 18:03:19 - INFO - >>> Model bottom_right-original-top_right trained. Accuracy: 0.6667 (5.91 sec.)
2025-06-21 18:03:19 - INFO - Training model: tda-original-top_right
2025-06-21 18:03:25 - INFO - Model tda-original-top_right completed in 6.00 seconds.
2025-06-21 18:03:25 - INFO - >>> Model tda-original-top_right trained. Accuracy: 0.7667 (6.00 sec.)
2025-06-21 18:03:25 - INFO - Training model: top_left-original-bottom_left-bottom_right
2025-06-21 18:03:34 - INFO - Model top_left-original-bottom_left-bottom_right completed in 8.49 seconds.
2025-06-21 18:03:34 - INFO - >>> Model top_left-original-bottom_left-bottom_right trained. Accuracy: 0.7000 (8.49 sec.)
2025-06-21 18:03:34 - INFO - Training model: top_left-original-bottom_left-tda
2025-06-21 18:03:42 - INFO - Model top_left-original-bottom_left-tda completed in 8.41 seconds.
2025-06-21 18:03:42 - INFO - >>> Model top_left-original-bottom_left-tda trained. Accuracy: 0.7333 (8.41 sec.)
2025-06-21 18:03:42 - INFO - Training model: top_left-original-bottom_left-top_right
2025-06-21 18:03:50 - INFO - Model top_left-original-bottom_left-top_right completed in 8.33 seconds.
2025-06-21 18:03:50 - INFO - >>> Model top_left-original-bottom_left-top_right trained. Accuracy: 0.7333 (8.33 sec.)
2025-06-21 18:03:50 - INFO - Training model: top_left-original-bottom_right-tda
2025-06-21 18:03:59 - INFO - Model top_left-original-bottom_right-tda completed in 8.83 seconds.
2025-06-21 18:03:59 - INFO - >>> Model top_left-original-bottom_right-tda trained. Accuracy: 0.8667 (8.83 sec.)
2025-06-21 18:03:59 - INFO - Training model: top_left-original-top_right-bottom_right
2025-06-21 18:04:08 - INFO - Model top_left-original-top_right-bottom_right completed in 8.42 seconds.
2025-06-21 18:04:08 - INFO - >>> Model top_left-original-top_right-bottom_right trained. Accuracy: 0.7000 (8.42 sec.)
2025-06-21 18:04:08 - INFO - Training model: top_left-original-top_right-tda
2025-06-21 18:04:16 - INFO - Model top_left-original-top_right-tda completed in 8.07 seconds.
2025-06-21 18:04:16 - INFO - >>> Model top_left-original-top_right-tda trained. Accuracy: 0.8000 (8.07 sec.)
2025-06-21 18:04:16 - INFO - Training model: bottom_right-original-bottom_left-tda
2025-06-21 18:04:24 - INFO - Model bottom_right-original-bottom_left-tda completed in 8.55 seconds.
2025-06-21 18:04:24 - INFO - >>> Model bottom_right-original-bottom_left-tda trained. Accuracy: 0.8667 (8.55 sec.)
2025-06-21 18:04:24 - INFO - Training model: bottom_right-original-bottom_left-top_right
2025-06-21 18:04:32 - INFO - Model bottom_right-original-bottom_left-top_right completed in 8.02 seconds.
2025-06-21 18:04:32 - INFO - >>> Model bottom_right-original-bottom_left-top_right trained. Accuracy: 0.6667 (8.02 sec.)
2025-06-21 18:04:32 - INFO - Training model: tda-original-bottom_left-top_right
2025-06-21 18:04:41 - INFO - Model tda-original-bottom_left-top_right completed in 8.34 seconds.
2025-06-21 18:04:41 - INFO - >>> Model tda-original-bottom_left-top_right trained. Accuracy: 0.8333 (8.34 sec.)
2025-06-21 18:04:41 - INFO - Training model: bottom_right-original-top_right-tda
2025-06-21 18:04:49 - INFO - Model bottom_right-original-top_right-tda completed in 8.56 seconds.
2025-06-21 18:04:49 - INFO - >>> Model bottom_right-original-top_right-tda trained. Accuracy: 0.8333 (8.56 sec.)
2025-06-21 18:04:49 - INFO - Training model: top_left-original-bottom_left-bottom_right-tda
2025-06-21 18:05:00 - INFO - Model top_left-original-bottom_left-bottom_right-tda completed in 10.42 seconds.
2025-06-21 18:05:00 - INFO - >>> Model top_left-original-bottom_left-bottom_right-tda trained. Accuracy: 0.8667 (10.42 sec.)
2025-06-21 18:05:00 - INFO - Training model: top_left-original-bottom_left-bottom_right-top_right
2025-06-21 18:05:10 - INFO - Model top_left-original-bottom_left-bottom_right-top_right completed in 10.70 seconds.
2025-06-21 18:05:10 - INFO - >>> Model top_left-original-bottom_left-bottom_right-top_right trained. Accuracy: 0.7667 (10.70 sec.)
2025-06-21 18:05:10 - INFO - Training model: top_left-original-bottom_left-tda-top_right
2025-06-21 18:05:21 - INFO - Model top_left-original-bottom_left-tda-top_right completed in 10.61 seconds.
2025-06-21 18:05:21 - INFO - >>> Model top_left-original-bottom_left-tda-top_right trained. Accuracy: 0.8333 (10.61 sec.)
2025-06-21 18:05:21 - INFO - Training model: top_left-original-bottom_right-tda-top_right
2025-06-21 18:05:32 - INFO - Model top_left-original-bottom_right-tda-top_right completed in 10.54 seconds.
2025-06-21 18:05:32 - INFO - >>> Model top_left-original-bottom_right-tda-top_right trained. Accuracy: 0.7333 (10.54 sec.)
2025-06-21 18:05:32 - INFO - Training model: original-bottom_left-bottom_right-tda-top_right
2025-06-21 18:05:42 - INFO - Model original-bottom_left-bottom_right-tda-top_right completed in 10.40 seconds.
2025-06-21 18:05:42 - INFO - >>> Model original-bottom_left-bottom_right-tda-top_right trained. Accuracy: 0.9000 (10.40 sec.)
2025-06-21 18:05:42 - INFO - Training model: top_left-original-bottom_left-bottom_right-tda-top_right
2025-06-21 18:05:54 - INFO - Model top_left-original-bottom_left-bottom_right-tda-top_right completed in 12.17 seconds.
2025-06-21 18:05:54 - INFO - >>> Model top_left-original-bottom_left-bottom_right-tda-top_right trained. Accuracy: 0.8333 (12.17 sec.)
2025-06-21 18:05:54 - INFO - All models trained successfully.
2025-06-21 18:05:54 - INFO - ========== [Model Training Completed] in 3.91 minutes ==========
2025-06-21 18:05:54 - INFO - ========== [Experiment Training Complete] ==========
2025-06-21 18:05:54 - INFO - Results saved to /home/jovyan/Workspace/workspace_mnist/results/exp_icecream_100samples_part3/exp_icecream_100samples_part3_2025-06-21_18-05-54.json
2025-06-21 18:05:54 - INFO - Results successfully saved to /home/jovyan/Workspace/workspace_mnist/results/exp_icecream_100samples_part3/exp_icecream_100samples_part3_2025-06-21_18-05-54.json
2025-06-21 18:05:54 - INFO - Forced Garbage collection executed to Free Memory.
2025-06-21 18:05:54 - INFO - ========== [Experiment Completed] in 3.95 minutes ==========
