2025-06-21 18:25:38 - INFO - Logging initialized.
 Writing to /home/jovyan/Workspace/workspace_mnist/logs/exp_icecream_100samples_part3/experiment_logs_2025-06-21_18-25-38.log
2025-06-21 18:25:38 - INFO - ========== [Experiment Start] ==========
2025-06-21 18:25:38 - INFO - Views combinations successfully generated.
2025-06-21 18:25:38 - INFO - Topological Data Analysis pipeline generated.
2025-06-21 18:25:38 - INFO - Folder to save results has been created.
2025-06-21 18:25:38 - INFO - Reading dataset from mnist_784.csv (chunk size: 70000).
2025-06-21 18:25:39 - INFO - Starting multiview data preparation for a chunk of size (70000, 784)...
2025-06-21 18:25:39 - INFO - Running using 28 jobs.
2025-06-21 18:25:39 - INFO - Splitting data: 0.0% train / 30.0% test (random_state=33186296)
2025-06-21 18:25:39 - INFO - Using full training data without second split.
2025-06-21 18:25:39 - INFO - Data split complete. Train size: (70, 784), Test size: (30, 784)
2025-06-21 18:25:39 - INFO - Reshaping train and test data into square images...
2025-06-21 18:25:39 - INFO - Reshaping complete. Train images shape: (70, 28, 28), Test images shape: (30, 28, 28)
2025-06-21 18:25:39 - INFO - Splitting images into quadrant views...
2025-06-21 18:25:39 - INFO - Quadrant view splitting complete. Train views: 4, Test views: 4
2025-06-21 18:25:39 - INFO - Saving sample images for each view...
2025-06-21 18:25:39 - INFO - Sample views saved successfully.
2025-06-21 18:25:39 - INFO - Starting TDA pipeline transformation on train data...
2025-06-21 18:25:40 - INFO - TDA transformation for train completed (0.01 minutes).
2025-06-21 18:25:40 - INFO - Applying TDA pipeline transformation on test data...
2025-06-21 18:25:40 - INFO - TDA transformation for test completed (0.01 minutes).
2025-06-21 18:25:40 - INFO - ========== [Model Training Start] ==========
2025-06-21 18:25:40 - INFO - Training model: original
2025-06-21 18:25:41 - INFO - Model original completed in 0.32 seconds.
2025-06-21 18:25:41 - INFO - >>> Model original trained. Accuracy: 0.5333 (0.32 sec.)
2025-06-21 18:25:41 - INFO - Training model: top_left-original
2025-06-21 18:25:45 - INFO - Model top_left-original completed in 4.46 seconds.
2025-06-21 18:25:45 - INFO - >>> Model top_left-original trained. Accuracy: 0.5667 (4.46 sec.)
2025-06-21 18:25:45 - INFO - Training model: original-bottom_left
2025-06-21 18:25:50 - INFO - Model original-bottom_left completed in 4.36 seconds.
2025-06-21 18:25:50 - INFO - >>> Model original-bottom_left trained. Accuracy: 0.5333 (4.36 sec.)
2025-06-21 18:25:50 - INFO - Training model: bottom_right-original
2025-06-21 18:25:54 - INFO - Model bottom_right-original completed in 4.55 seconds.
2025-06-21 18:25:54 - INFO - >>> Model bottom_right-original trained. Accuracy: 0.5333 (4.55 sec.)
2025-06-21 18:25:54 - INFO - Training model: tda-original
2025-06-21 18:25:58 - INFO - Model tda-original completed in 4.22 seconds.
2025-06-21 18:25:58 - INFO - >>> Model tda-original trained. Accuracy: 0.8667 (4.22 sec.)
2025-06-21 18:25:58 - INFO - Training model: top_right-original
2025-06-21 18:26:03 - INFO - Model top_right-original completed in 4.58 seconds.
2025-06-21 18:26:03 - INFO - >>> Model top_right-original trained. Accuracy: 0.5000 (4.58 sec.)
2025-06-21 18:26:03 - INFO - Training model: top_left-original-bottom_left
2025-06-21 18:26:09 - INFO - Model top_left-original-bottom_left completed in 6.48 seconds.
2025-06-21 18:26:09 - INFO - >>> Model top_left-original-bottom_left trained. Accuracy: 0.5667 (6.48 sec.)
2025-06-21 18:26:09 - INFO - Training model: top_left-original-bottom_right
2025-06-21 18:26:15 - INFO - Model top_left-original-bottom_right completed in 5.83 seconds.
2025-06-21 18:26:15 - INFO - >>> Model top_left-original-bottom_right trained. Accuracy: 0.5333 (5.83 sec.)
2025-06-21 18:26:15 - INFO - Training model: top_left-original-tda
2025-06-21 18:26:21 - INFO - Model top_left-original-tda completed in 5.89 seconds.
2025-06-21 18:26:21 - INFO - >>> Model top_left-original-tda trained. Accuracy: 0.8000 (5.89 sec.)
2025-06-21 18:26:21 - INFO - Training model: top_left-original-top_right
2025-06-21 18:26:27 - INFO - Model top_left-original-top_right completed in 6.21 seconds.
2025-06-21 18:26:27 - INFO - >>> Model top_left-original-top_right trained. Accuracy: 0.5667 (6.21 sec.)
2025-06-21 18:26:27 - INFO - Training model: bottom_right-original-bottom_left
2025-06-21 18:26:34 - INFO - Model bottom_right-original-bottom_left completed in 6.32 seconds.
2025-06-21 18:26:34 - INFO - >>> Model bottom_right-original-bottom_left trained. Accuracy: 0.5667 (6.32 sec.)
2025-06-21 18:26:34 - INFO - Training model: tda-original-bottom_left
2025-06-21 18:26:40 - INFO - Model tda-original-bottom_left completed in 6.19 seconds.
2025-06-21 18:26:40 - INFO - >>> Model tda-original-bottom_left trained. Accuracy: 0.7667 (6.19 sec.)
2025-06-21 18:26:40 - INFO - Training model: top_right-original-bottom_left
2025-06-21 18:26:47 - INFO - Model top_right-original-bottom_left completed in 6.63 seconds.
2025-06-21 18:26:47 - INFO - >>> Model top_right-original-bottom_left trained. Accuracy: 0.5333 (6.63 sec.)
2025-06-21 18:26:47 - INFO - Training model: bottom_right-original-tda
2025-06-21 18:26:53 - INFO - Model bottom_right-original-tda completed in 6.43 seconds.
2025-06-21 18:26:53 - INFO - >>> Model bottom_right-original-tda trained. Accuracy: 0.8000 (6.43 sec.)
2025-06-21 18:26:53 - INFO - Training model: bottom_right-original-top_right
2025-06-21 18:26:59 - INFO - Model bottom_right-original-top_right completed in 6.39 seconds.
2025-06-21 18:26:59 - INFO - >>> Model bottom_right-original-top_right trained. Accuracy: 0.5333 (6.39 sec.)
2025-06-21 18:26:59 - INFO - Training model: tda-original-top_right
2025-06-21 18:27:06 - INFO - Model tda-original-top_right completed in 6.48 seconds.
2025-06-21 18:27:06 - INFO - >>> Model tda-original-top_right trained. Accuracy: 0.8667 (6.48 sec.)
2025-06-21 18:27:06 - INFO - Training model: top_left-original-bottom_left-bottom_right
2025-06-21 18:27:15 - INFO - Model top_left-original-bottom_left-bottom_right completed in 8.60 seconds.
2025-06-21 18:27:15 - INFO - >>> Model top_left-original-bottom_left-bottom_right trained. Accuracy: 0.6000 (8.60 sec.)
2025-06-21 18:27:15 - INFO - Training model: top_left-original-bottom_left-tda
2025-06-21 18:27:23 - INFO - Model top_left-original-bottom_left-tda completed in 8.60 seconds.
2025-06-21 18:27:23 - INFO - >>> Model top_left-original-bottom_left-tda trained. Accuracy: 0.8333 (8.60 sec.)
2025-06-21 18:27:23 - INFO - Training model: top_left-original-bottom_left-top_right
2025-06-21 18:27:31 - INFO - Model top_left-original-bottom_left-top_right completed in 8.19 seconds.
2025-06-21 18:27:31 - INFO - >>> Model top_left-original-bottom_left-top_right trained. Accuracy: 0.5667 (8.19 sec.)
2025-06-21 18:27:31 - INFO - Training model: top_left-original-bottom_right-tda
2025-06-21 18:27:40 - INFO - Model top_left-original-bottom_right-tda completed in 8.19 seconds.
2025-06-21 18:27:40 - INFO - >>> Model top_left-original-bottom_right-tda trained. Accuracy: 0.8000 (8.19 sec.)
2025-06-21 18:27:40 - INFO - Training model: top_left-original-top_right-bottom_right
2025-06-21 18:27:48 - INFO - Model top_left-original-top_right-bottom_right completed in 8.56 seconds.
2025-06-21 18:27:48 - INFO - >>> Model top_left-original-top_right-bottom_right trained. Accuracy: 0.6333 (8.56 sec.)
2025-06-21 18:27:48 - INFO - Training model: top_left-original-top_right-tda
2025-06-21 18:27:56 - INFO - Model top_left-original-top_right-tda completed in 8.32 seconds.
2025-06-21 18:27:56 - INFO - >>> Model top_left-original-top_right-tda trained. Accuracy: 0.7667 (8.32 sec.)
2025-06-21 18:27:56 - INFO - Training model: bottom_right-original-bottom_left-tda
2025-06-21 18:28:05 - INFO - Model bottom_right-original-bottom_left-tda completed in 8.53 seconds.
2025-06-21 18:28:05 - INFO - >>> Model bottom_right-original-bottom_left-tda trained. Accuracy: 0.8333 (8.53 sec.)
2025-06-21 18:28:05 - INFO - Training model: bottom_right-original-bottom_left-top_right
2025-06-21 18:28:13 - INFO - Model bottom_right-original-bottom_left-top_right completed in 8.45 seconds.
2025-06-21 18:28:13 - INFO - >>> Model bottom_right-original-bottom_left-top_right trained. Accuracy: 0.6000 (8.45 sec.)
2025-06-21 18:28:13 - INFO - Training model: tda-original-bottom_left-top_right
2025-06-21 18:28:21 - INFO - Model tda-original-bottom_left-top_right completed in 8.03 seconds.
2025-06-21 18:28:21 - INFO - >>> Model tda-original-bottom_left-top_right trained. Accuracy: 0.8333 (8.03 sec.)
2025-06-21 18:28:21 - INFO - Training model: bottom_right-original-top_right-tda
2025-06-21 18:28:30 - INFO - Model bottom_right-original-top_right-tda completed in 8.29 seconds.
2025-06-21 18:28:30 - INFO - >>> Model bottom_right-original-top_right-tda trained. Accuracy: 0.8667 (8.29 sec.)
2025-06-21 18:28:30 - INFO - Training model: top_left-original-bottom_left-bottom_right-tda
2025-06-21 18:28:40 - INFO - Model top_left-original-bottom_left-bottom_right-tda completed in 10.32 seconds.
2025-06-21 18:28:40 - INFO - >>> Model top_left-original-bottom_left-bottom_right-tda trained. Accuracy: 0.8000 (10.32 sec.)
2025-06-21 18:28:40 - INFO - Training model: top_left-original-bottom_left-bottom_right-top_right
2025-06-21 18:28:50 - INFO - Model top_left-original-bottom_left-bottom_right-top_right completed in 10.34 seconds.
2025-06-21 18:28:50 - INFO - >>> Model top_left-original-bottom_left-bottom_right-top_right trained. Accuracy: 0.6667 (10.34 sec.)
2025-06-21 18:28:50 - INFO - Training model: top_left-original-bottom_left-tda-top_right
2025-06-21 18:29:00 - INFO - Model top_left-original-bottom_left-tda-top_right completed in 9.71 seconds.
2025-06-21 18:29:00 - INFO - >>> Model top_left-original-bottom_left-tda-top_right trained. Accuracy: 0.8667 (9.71 sec.)
2025-06-21 18:29:00 - INFO - Training model: top_left-original-bottom_right-tda-top_right
2025-06-21 18:29:11 - INFO - Model top_left-original-bottom_right-tda-top_right completed in 10.56 seconds.
2025-06-21 18:29:11 - INFO - >>> Model top_left-original-bottom_right-tda-top_right trained. Accuracy: 0.8333 (10.56 sec.)
2025-06-21 18:29:11 - INFO - Training model: original-bottom_left-bottom_right-tda-top_right
2025-06-21 18:29:21 - INFO - Model original-bottom_left-bottom_right-tda-top_right completed in 10.61 seconds.
2025-06-21 18:29:21 - INFO - >>> Model original-bottom_left-bottom_right-tda-top_right trained. Accuracy: 0.8333 (10.61 sec.)
2025-06-21 18:29:21 - INFO - Training model: top_left-original-bottom_left-bottom_right-tda-top_right
2025-06-21 18:29:33 - INFO - Model top_left-original-bottom_left-bottom_right-tda-top_right completed in 12.13 seconds.
2025-06-21 18:29:33 - INFO - >>> Model top_left-original-bottom_left-bottom_right-tda-top_right trained. Accuracy: 0.8667 (12.13 sec.)
2025-06-21 18:29:33 - INFO - All models trained successfully.
2025-06-21 18:29:33 - INFO - ========== [Model Training Completed] in 3.88 minutes ==========
2025-06-21 18:29:33 - INFO - ========== [Experiment Training Complete] ==========
2025-06-21 18:29:33 - INFO - Results saved to /home/jovyan/Workspace/workspace_mnist/results/exp_icecream_100samples_part3/exp_icecream_100samples_part3_2025-06-21_18-29-33.json
2025-06-21 18:29:33 - INFO - Results successfully saved to /home/jovyan/Workspace/workspace_mnist/results/exp_icecream_100samples_part3/exp_icecream_100samples_part3_2025-06-21_18-29-33.json
2025-06-21 18:29:33 - INFO - Forced Garbage collection executed to Free Memory.
2025-06-21 18:29:34 - INFO - ========== [Experiment Completed] in 3.92 minutes ==========
