2025-06-21 23:01:03 - INFO - Logging initialized.
 Writing to /home/jovyan/Workspace/workspace_mnist/logs/exp_icecream_100samples_part3/experiment_logs_2025-06-21_23-01-03.log
2025-06-21 23:01:03 - INFO - ========== [Experiment Start] ==========
2025-06-21 23:01:03 - INFO - Views combinations successfully generated.
2025-06-21 23:01:03 - INFO - Topological Data Analysis pipeline generated.
2025-06-21 23:01:03 - INFO - Folder to save results has been created.
2025-06-21 23:01:03 - INFO - Reading dataset from mnist_784.csv (chunk size: 70000).
2025-06-21 23:01:04 - INFO - Starting multiview data preparation for a chunk of size (70000, 784)...
2025-06-21 23:01:04 - INFO - Running using 28 jobs.
2025-06-21 23:01:04 - INFO - Splitting data: 0.0% train / 30.0% test (random_state=371862549)
2025-06-21 23:01:04 - INFO - Using full training data without second split.
2025-06-21 23:01:04 - INFO - Data split complete. Train size: (70, 784), Test size: (30, 784)
2025-06-21 23:01:04 - INFO - Reshaping train and test data into square images...
2025-06-21 23:01:04 - INFO - Reshaping complete. Train images shape: (70, 28, 28), Test images shape: (30, 28, 28)
2025-06-21 23:01:04 - INFO - Splitting images into quadrant views...
2025-06-21 23:01:04 - INFO - Quadrant view splitting complete. Train views: 4, Test views: 4
2025-06-21 23:01:04 - INFO - Saving sample images for each view...
2025-06-21 23:01:04 - INFO - Sample views saved successfully.
2025-06-21 23:01:04 - INFO - Starting TDA pipeline transformation on train data...
2025-06-21 23:01:05 - INFO - TDA transformation for train completed (0.02 minutes).
2025-06-21 23:01:05 - INFO - Applying TDA pipeline transformation on test data...
2025-06-21 23:01:05 - INFO - TDA transformation for test completed (0.01 minutes).
2025-06-21 23:01:05 - INFO - ========== [Model Training Start] ==========
2025-06-21 23:01:05 - INFO - Training model: original
2025-06-21 23:01:06 - INFO - Model original completed in 0.31 seconds.
2025-06-21 23:01:06 - INFO - >>> Model original trained. Accuracy: 0.5667 (0.31 sec.)
2025-06-21 23:01:06 - INFO - Training model: top_left-original
2025-06-21 23:01:10 - INFO - Model top_left-original completed in 3.89 seconds.
2025-06-21 23:01:10 - INFO - >>> Model top_left-original trained. Accuracy: 0.6333 (3.89 sec.)
2025-06-21 23:01:10 - INFO - Training model: original-bottom_left
2025-06-21 23:01:14 - INFO - Model original-bottom_left completed in 4.32 seconds.
2025-06-21 23:01:14 - INFO - >>> Model original-bottom_left trained. Accuracy: 0.6000 (4.32 sec.)
2025-06-21 23:01:14 - INFO - Training model: bottom_right-original
2025-06-21 23:01:18 - INFO - Model bottom_right-original completed in 4.21 seconds.
2025-06-21 23:01:18 - INFO - >>> Model bottom_right-original trained. Accuracy: 0.5000 (4.21 sec.)
2025-06-21 23:01:18 - INFO - Training model: tda-original
2025-06-21 23:01:22 - INFO - Model tda-original completed in 4.20 seconds.
2025-06-21 23:01:22 - INFO - >>> Model tda-original trained. Accuracy: 0.8000 (4.20 sec.)
2025-06-21 23:01:22 - INFO - Training model: top_right-original
2025-06-21 23:01:27 - INFO - Model top_right-original completed in 4.62 seconds.
2025-06-21 23:01:27 - INFO - >>> Model top_right-original trained. Accuracy: 0.5667 (4.62 sec.)
2025-06-21 23:01:27 - INFO - Training model: top_left-original-bottom_left
2025-06-21 23:01:33 - INFO - Model top_left-original-bottom_left completed in 5.98 seconds.
2025-06-21 23:01:33 - INFO - >>> Model top_left-original-bottom_left trained. Accuracy: 0.6000 (5.98 sec.)
2025-06-21 23:01:33 - INFO - Training model: top_left-original-bottom_right
2025-06-21 23:01:39 - INFO - Model top_left-original-bottom_right completed in 6.39 seconds.
2025-06-21 23:01:39 - INFO - >>> Model top_left-original-bottom_right trained. Accuracy: 0.6000 (6.39 sec.)
2025-06-21 23:01:39 - INFO - Training model: top_left-original-tda
2025-06-21 23:01:46 - INFO - Model top_left-original-tda completed in 6.34 seconds.
2025-06-21 23:01:46 - INFO - >>> Model top_left-original-tda trained. Accuracy: 0.8667 (6.34 sec.)
2025-06-21 23:01:46 - INFO - Training model: top_left-original-top_right
2025-06-21 23:01:52 - INFO - Model top_left-original-top_right completed in 6.64 seconds.
2025-06-21 23:01:52 - INFO - >>> Model top_left-original-top_right trained. Accuracy: 0.5667 (6.64 sec.)
2025-06-21 23:01:52 - INFO - Training model: bottom_right-original-bottom_left
2025-06-21 23:01:59 - INFO - Model bottom_right-original-bottom_left completed in 6.39 seconds.
2025-06-21 23:01:59 - INFO - >>> Model bottom_right-original-bottom_left trained. Accuracy: 0.5333 (6.39 sec.)
2025-06-21 23:01:59 - INFO - Training model: tda-original-bottom_left
2025-06-21 23:02:05 - INFO - Model tda-original-bottom_left completed in 6.60 seconds.
2025-06-21 23:02:05 - INFO - >>> Model tda-original-bottom_left trained. Accuracy: 0.7667 (6.60 sec.)
2025-06-21 23:02:05 - INFO - Training model: top_right-original-bottom_left
2025-06-21 23:02:12 - INFO - Model top_right-original-bottom_left completed in 6.43 seconds.
2025-06-21 23:02:12 - INFO - >>> Model top_right-original-bottom_left trained. Accuracy: 0.6000 (6.43 sec.)
2025-06-21 23:02:12 - INFO - Training model: bottom_right-original-tda
2025-06-21 23:02:18 - INFO - Model bottom_right-original-tda completed in 6.53 seconds.
2025-06-21 23:02:18 - INFO - >>> Model bottom_right-original-tda trained. Accuracy: 0.8333 (6.53 sec.)
2025-06-21 23:02:18 - INFO - Training model: bottom_right-original-top_right
2025-06-21 23:02:24 - INFO - Model bottom_right-original-top_right completed in 6.01 seconds.
2025-06-21 23:02:24 - INFO - >>> Model bottom_right-original-top_right trained. Accuracy: 0.4667 (6.01 sec.)
2025-06-21 23:02:24 - INFO - Training model: tda-original-top_right
2025-06-21 23:02:30 - INFO - Model tda-original-top_right completed in 6.05 seconds.
2025-06-21 23:02:30 - INFO - >>> Model tda-original-top_right trained. Accuracy: 0.8333 (6.05 sec.)
2025-06-21 23:02:30 - INFO - Training model: top_left-original-bottom_left-bottom_right
2025-06-21 23:02:39 - INFO - Model top_left-original-bottom_left-bottom_right completed in 8.72 seconds.
2025-06-21 23:02:39 - INFO - >>> Model top_left-original-bottom_left-bottom_right trained. Accuracy: 0.6000 (8.72 sec.)
2025-06-21 23:02:39 - INFO - Training model: top_left-original-bottom_left-tda
2025-06-21 23:02:47 - INFO - Model top_left-original-bottom_left-tda completed in 7.74 seconds.
2025-06-21 23:02:47 - INFO - >>> Model top_left-original-bottom_left-tda trained. Accuracy: 0.7667 (7.74 sec.)
2025-06-21 23:02:47 - INFO - Training model: top_left-original-bottom_left-top_right
2025-06-21 23:02:55 - INFO - Model top_left-original-bottom_left-top_right completed in 8.34 seconds.
2025-06-21 23:02:55 - INFO - >>> Model top_left-original-bottom_left-top_right trained. Accuracy: 0.6333 (8.34 sec.)
2025-06-21 23:02:55 - INFO - Training model: top_left-original-bottom_right-tda
2025-06-21 23:03:04 - INFO - Model top_left-original-bottom_right-tda completed in 8.73 seconds.
2025-06-21 23:03:04 - INFO - >>> Model top_left-original-bottom_right-tda trained. Accuracy: 0.8000 (8.73 sec.)
2025-06-21 23:03:04 - INFO - Training model: top_left-original-top_right-bottom_right
2025-06-21 23:03:12 - INFO - Model top_left-original-top_right-bottom_right completed in 8.40 seconds.
2025-06-21 23:03:12 - INFO - >>> Model top_left-original-top_right-bottom_right trained. Accuracy: 0.5667 (8.40 sec.)
2025-06-21 23:03:12 - INFO - Training model: top_left-original-top_right-tda
2025-06-21 23:03:21 - INFO - Model top_left-original-top_right-tda completed in 8.57 seconds.
2025-06-21 23:03:21 - INFO - >>> Model top_left-original-top_right-tda trained. Accuracy: 0.9000 (8.57 sec.)
2025-06-21 23:03:21 - INFO - Training model: bottom_right-original-bottom_left-tda
2025-06-21 23:03:30 - INFO - Model bottom_right-original-bottom_left-tda completed in 8.56 seconds.
2025-06-21 23:03:30 - INFO - >>> Model bottom_right-original-bottom_left-tda trained. Accuracy: 0.7333 (8.56 sec.)
2025-06-21 23:03:30 - INFO - Training model: bottom_right-original-bottom_left-top_right
2025-06-21 23:03:38 - INFO - Model bottom_right-original-bottom_left-top_right completed in 8.48 seconds.
2025-06-21 23:03:38 - INFO - >>> Model bottom_right-original-bottom_left-top_right trained. Accuracy: 0.6000 (8.48 sec.)
2025-06-21 23:03:38 - INFO - Training model: tda-original-bottom_left-top_right
2025-06-21 23:03:46 - INFO - Model tda-original-bottom_left-top_right completed in 8.14 seconds.
2025-06-21 23:03:46 - INFO - >>> Model tda-original-bottom_left-top_right trained. Accuracy: 0.7000 (8.14 sec.)
2025-06-21 23:03:46 - INFO - Training model: bottom_right-original-top_right-tda
2025-06-21 23:03:55 - INFO - Model bottom_right-original-top_right-tda completed in 8.80 seconds.
2025-06-21 23:03:55 - INFO - >>> Model bottom_right-original-top_right-tda trained. Accuracy: 0.7667 (8.80 sec.)
2025-06-21 23:03:55 - INFO - Training model: top_left-original-bottom_left-bottom_right-tda
2025-06-21 23:04:06 - INFO - Model top_left-original-bottom_left-bottom_right-tda completed in 10.61 seconds.
2025-06-21 23:04:06 - INFO - >>> Model top_left-original-bottom_left-bottom_right-tda trained. Accuracy: 0.8000 (10.61 sec.)
2025-06-21 23:04:06 - INFO - Training model: top_left-original-bottom_left-bottom_right-top_right
2025-06-21 23:04:16 - INFO - Model top_left-original-bottom_left-bottom_right-top_right completed in 10.52 seconds.
2025-06-21 23:04:16 - INFO - >>> Model top_left-original-bottom_left-bottom_right-top_right trained. Accuracy: 0.6333 (10.52 sec.)
2025-06-21 23:04:16 - INFO - Training model: top_left-original-bottom_left-tda-top_right
2025-06-21 23:04:26 - INFO - Model top_left-original-bottom_left-tda-top_right completed in 9.77 seconds.
2025-06-21 23:04:26 - INFO - >>> Model top_left-original-bottom_left-tda-top_right trained. Accuracy: 0.8000 (9.77 sec.)
2025-06-21 23:04:26 - INFO - Training model: top_left-original-bottom_right-tda-top_right
2025-06-21 23:04:37 - INFO - Model top_left-original-bottom_right-tda-top_right completed in 10.73 seconds.
2025-06-21 23:04:37 - INFO - >>> Model top_left-original-bottom_right-tda-top_right trained. Accuracy: 0.8333 (10.73 sec.)
2025-06-21 23:04:37 - INFO - Training model: original-bottom_left-bottom_right-tda-top_right
2025-06-21 23:04:47 - INFO - Model original-bottom_left-bottom_right-tda-top_right completed in 10.74 seconds.
2025-06-21 23:04:47 - INFO - >>> Model original-bottom_left-bottom_right-tda-top_right trained. Accuracy: 0.7000 (10.74 sec.)
2025-06-21 23:04:47 - INFO - Training model: top_left-original-bottom_left-bottom_right-tda-top_right
2025-06-21 23:05:00 - INFO - Model top_left-original-bottom_left-bottom_right-tda-top_right completed in 12.28 seconds.
2025-06-21 23:05:00 - INFO - >>> Model top_left-original-bottom_left-bottom_right-tda-top_right trained. Accuracy: 0.7000 (12.28 sec.)
2025-06-21 23:05:00 - INFO - All models trained successfully.
2025-06-21 23:05:00 - INFO - ========== [Model Training Completed] in 3.90 minutes ==========
2025-06-21 23:05:00 - INFO - ========== [Experiment Training Complete] ==========
2025-06-21 23:05:00 - INFO - Results saved to /home/jovyan/Workspace/workspace_mnist/results/exp_icecream_100samples_part3/exp_icecream_100samples_part3_2025-06-21_23-05-00.json
2025-06-21 23:05:00 - INFO - Results successfully saved to /home/jovyan/Workspace/workspace_mnist/results/exp_icecream_100samples_part3/exp_icecream_100samples_part3_2025-06-21_23-05-00.json
2025-06-21 23:05:00 - INFO - Forced Garbage collection executed to Free Memory.
2025-06-21 23:05:00 - INFO - ========== [Experiment Completed] in 3.95 minutes ==========
