2025-06-21 21:58:17 - INFO - Logging initialized.
 Writing to /home/jovyan/Workspace/workspace_mnist/logs/exp_icecream_100samples_part3/experiment_logs_2025-06-21_21-58-17.log
2025-06-21 21:58:17 - INFO - ========== [Experiment Start] ==========
2025-06-21 21:58:17 - INFO - Views combinations successfully generated.
2025-06-21 21:58:17 - INFO - Topological Data Analysis pipeline generated.
2025-06-21 21:58:17 - INFO - Folder to save results has been created.
2025-06-21 21:58:17 - INFO - Reading dataset from mnist_784.csv (chunk size: 70000).
2025-06-21 21:58:18 - INFO - Starting multiview data preparation for a chunk of size (70000, 784)...
2025-06-21 21:58:18 - INFO - Running using 28 jobs.
2025-06-21 21:58:18 - INFO - Splitting data: 0.0% train / 30.0% test (random_state=154470168)
2025-06-21 21:58:18 - INFO - Using full training data without second split.
2025-06-21 21:58:18 - INFO - Data split complete. Train size: (70, 784), Test size: (30, 784)
2025-06-21 21:58:18 - INFO - Reshaping train and test data into square images...
2025-06-21 21:58:18 - INFO - Reshaping complete. Train images shape: (70, 28, 28), Test images shape: (30, 28, 28)
2025-06-21 21:58:18 - INFO - Splitting images into quadrant views...
2025-06-21 21:58:18 - INFO - Quadrant view splitting complete. Train views: 4, Test views: 4
2025-06-21 21:58:18 - INFO - Saving sample images for each view...
2025-06-21 21:58:19 - INFO - Sample views saved successfully.
2025-06-21 21:58:19 - INFO - Starting TDA pipeline transformation on train data...
2025-06-21 21:58:20 - INFO - TDA transformation for train completed (0.03 minutes).
2025-06-21 21:58:20 - INFO - Applying TDA pipeline transformation on test data...
2025-06-21 21:58:21 - INFO - TDA transformation for test completed (0.01 minutes).
2025-06-21 21:58:21 - INFO - ========== [Model Training Start] ==========
2025-06-21 21:58:21 - INFO - Training model: original
2025-06-21 21:58:21 - INFO - Model original completed in 0.31 seconds.
2025-06-21 21:58:21 - INFO - >>> Model original trained. Accuracy: 0.7333 (0.31 sec.)
2025-06-21 21:58:21 - INFO - Training model: top_left-original
2025-06-21 21:58:26 - INFO - Model top_left-original completed in 4.42 seconds.
2025-06-21 21:58:26 - INFO - >>> Model top_left-original trained. Accuracy: 0.5667 (4.42 sec.)
2025-06-21 21:58:26 - INFO - Training model: original-bottom_left
2025-06-21 21:58:30 - INFO - Model original-bottom_left completed in 4.21 seconds.
2025-06-21 21:58:30 - INFO - >>> Model original-bottom_left trained. Accuracy: 0.7667 (4.21 sec.)
2025-06-21 21:58:30 - INFO - Training model: bottom_right-original
2025-06-21 21:58:34 - INFO - Model bottom_right-original completed in 4.35 seconds.
2025-06-21 21:58:34 - INFO - >>> Model bottom_right-original trained. Accuracy: 0.5667 (4.35 sec.)
2025-06-21 21:58:34 - INFO - Training model: tda-original
2025-06-21 21:58:39 - INFO - Model tda-original completed in 4.50 seconds.
2025-06-21 21:58:39 - INFO - >>> Model tda-original trained. Accuracy: 0.8667 (4.50 sec.)
2025-06-21 21:58:39 - INFO - Training model: top_right-original
2025-06-21 21:58:43 - INFO - Model top_right-original completed in 4.29 seconds.
2025-06-21 21:58:43 - INFO - >>> Model top_right-original trained. Accuracy: 0.5667 (4.29 sec.)
2025-06-21 21:58:43 - INFO - Training model: top_left-original-bottom_left
2025-06-21 21:58:49 - INFO - Model top_left-original-bottom_left completed in 6.40 seconds.
2025-06-21 21:58:49 - INFO - >>> Model top_left-original-bottom_left trained. Accuracy: 0.7667 (6.40 sec.)
2025-06-21 21:58:49 - INFO - Training model: top_left-original-bottom_right
2025-06-21 21:58:56 - INFO - Model top_left-original-bottom_right completed in 6.30 seconds.
2025-06-21 21:58:56 - INFO - >>> Model top_left-original-bottom_right trained. Accuracy: 0.6333 (6.30 sec.)
2025-06-21 21:58:56 - INFO - Training model: top_left-original-tda
2025-06-21 21:59:02 - INFO - Model top_left-original-tda completed in 6.37 seconds.
2025-06-21 21:59:02 - INFO - >>> Model top_left-original-tda trained. Accuracy: 0.8333 (6.37 sec.)
2025-06-21 21:59:02 - INFO - Training model: top_left-original-top_right
2025-06-21 21:59:09 - INFO - Model top_left-original-top_right completed in 6.53 seconds.
2025-06-21 21:59:09 - INFO - >>> Model top_left-original-top_right trained. Accuracy: 0.6000 (6.53 sec.)
2025-06-21 21:59:09 - INFO - Training model: bottom_right-original-bottom_left
2025-06-21 21:59:15 - INFO - Model bottom_right-original-bottom_left completed in 6.31 seconds.
2025-06-21 21:59:15 - INFO - >>> Model bottom_right-original-bottom_left trained. Accuracy: 0.6667 (6.31 sec.)
2025-06-21 21:59:15 - INFO - Training model: tda-original-bottom_left
2025-06-21 21:59:21 - INFO - Model tda-original-bottom_left completed in 5.76 seconds.
2025-06-21 21:59:21 - INFO - >>> Model tda-original-bottom_left trained. Accuracy: 0.8667 (5.76 sec.)
2025-06-21 21:59:21 - INFO - Training model: top_right-original-bottom_left
2025-06-21 21:59:27 - INFO - Model top_right-original-bottom_left completed in 6.53 seconds.
2025-06-21 21:59:27 - INFO - >>> Model top_right-original-bottom_left trained. Accuracy: 0.8000 (6.53 sec.)
2025-06-21 21:59:27 - INFO - Training model: bottom_right-original-tda
2025-06-21 21:59:33 - INFO - Model bottom_right-original-tda completed in 6.22 seconds.
2025-06-21 21:59:33 - INFO - >>> Model bottom_right-original-tda trained. Accuracy: 0.8667 (6.22 sec.)
2025-06-21 21:59:33 - INFO - Training model: bottom_right-original-top_right
2025-06-21 21:59:40 - INFO - Model bottom_right-original-top_right completed in 6.19 seconds.
2025-06-21 21:59:40 - INFO - >>> Model bottom_right-original-top_right trained. Accuracy: 0.5667 (6.19 sec.)
2025-06-21 21:59:40 - INFO - Training model: tda-original-top_right
2025-06-21 21:59:46 - INFO - Model tda-original-top_right completed in 6.60 seconds.
2025-06-21 21:59:46 - INFO - >>> Model tda-original-top_right trained. Accuracy: 0.8333 (6.60 sec.)
2025-06-21 21:59:46 - INFO - Training model: top_left-original-bottom_left-bottom_right
2025-06-21 21:59:55 - INFO - Model top_left-original-bottom_left-bottom_right completed in 8.55 seconds.
2025-06-21 21:59:55 - INFO - >>> Model top_left-original-bottom_left-bottom_right trained. Accuracy: 0.8333 (8.55 sec.)
2025-06-21 21:59:55 - INFO - Training model: top_left-original-bottom_left-tda
2025-06-21 22:00:02 - INFO - Model top_left-original-bottom_left-tda completed in 7.20 seconds.
2025-06-21 22:00:02 - INFO - >>> Model top_left-original-bottom_left-tda trained. Accuracy: 0.8667 (7.20 sec.)
2025-06-21 22:00:02 - INFO - Training model: top_left-original-bottom_left-top_right
2025-06-21 22:00:05 - INFO - Model top_left-original-bottom_left-top_right completed in 2.84 seconds.
2025-06-21 22:00:05 - INFO - >>> Model top_left-original-bottom_left-top_right trained. Accuracy: 0.7333 (2.84 sec.)
2025-06-21 22:00:05 - INFO - Training model: top_left-original-bottom_right-tda
2025-06-21 22:00:12 - INFO - Model top_left-original-bottom_right-tda completed in 6.98 seconds.
2025-06-21 22:00:12 - INFO - >>> Model top_left-original-bottom_right-tda trained. Accuracy: 0.8333 (6.98 sec.)
2025-06-21 22:00:12 - INFO - Training model: top_left-original-top_right-bottom_right
2025-06-21 22:00:20 - INFO - Model top_left-original-top_right-bottom_right completed in 8.27 seconds.
2025-06-21 22:00:20 - INFO - >>> Model top_left-original-top_right-bottom_right trained. Accuracy: 0.6000 (8.27 sec.)
2025-06-21 22:00:20 - INFO - Training model: top_left-original-top_right-tda
2025-06-21 22:00:28 - INFO - Model top_left-original-top_right-tda completed in 7.61 seconds.
2025-06-21 22:00:28 - INFO - >>> Model top_left-original-top_right-tda trained. Accuracy: 0.8667 (7.61 sec.)
2025-06-21 22:00:28 - INFO - Training model: bottom_right-original-bottom_left-tda
2025-06-21 22:00:36 - INFO - Model bottom_right-original-bottom_left-tda completed in 8.68 seconds.
2025-06-21 22:00:36 - INFO - >>> Model bottom_right-original-bottom_left-tda trained. Accuracy: 0.8667 (8.68 sec.)
2025-06-21 22:00:36 - INFO - Training model: bottom_right-original-bottom_left-top_right
2025-06-21 22:00:45 - INFO - Model bottom_right-original-bottom_left-top_right completed in 8.74 seconds.
2025-06-21 22:00:45 - INFO - >>> Model bottom_right-original-bottom_left-top_right trained. Accuracy: 0.7667 (8.74 sec.)
2025-06-21 22:00:45 - INFO - Training model: tda-original-bottom_left-top_right
2025-06-21 22:00:54 - INFO - Model tda-original-bottom_left-top_right completed in 8.45 seconds.
2025-06-21 22:00:54 - INFO - >>> Model tda-original-bottom_left-top_right trained. Accuracy: 0.9000 (8.45 sec.)
2025-06-21 22:00:54 - INFO - Training model: bottom_right-original-top_right-tda
2025-06-21 22:01:02 - INFO - Model bottom_right-original-top_right-tda completed in 8.56 seconds.
2025-06-21 22:01:02 - INFO - >>> Model bottom_right-original-top_right-tda trained. Accuracy: 0.8333 (8.56 sec.)
2025-06-21 22:01:02 - INFO - Training model: top_left-original-bottom_left-bottom_right-tda
2025-06-21 22:01:12 - INFO - Model top_left-original-bottom_left-bottom_right-tda completed in 9.97 seconds.
2025-06-21 22:01:12 - INFO - >>> Model top_left-original-bottom_left-bottom_right-tda trained. Accuracy: 0.8333 (9.97 sec.)
2025-06-21 22:01:12 - INFO - Training model: top_left-original-bottom_left-bottom_right-top_right
2025-06-21 22:01:23 - INFO - Model top_left-original-bottom_left-bottom_right-top_right completed in 10.55 seconds.
2025-06-21 22:01:23 - INFO - >>> Model top_left-original-bottom_left-bottom_right-top_right trained. Accuracy: 0.8000 (10.55 sec.)
2025-06-21 22:01:23 - INFO - Training model: top_left-original-bottom_left-tda-top_right
2025-06-21 22:01:33 - INFO - Model top_left-original-bottom_left-tda-top_right completed in 10.32 seconds.
2025-06-21 22:01:33 - INFO - >>> Model top_left-original-bottom_left-tda-top_right trained. Accuracy: 0.9000 (10.32 sec.)
2025-06-21 22:01:33 - INFO - Training model: top_left-original-bottom_right-tda-top_right
2025-06-21 22:01:44 - INFO - Model top_left-original-bottom_right-tda-top_right completed in 10.51 seconds.
2025-06-21 22:01:44 - INFO - >>> Model top_left-original-bottom_right-tda-top_right trained. Accuracy: 0.8000 (10.51 sec.)
2025-06-21 22:01:44 - INFO - Training model: original-bottom_left-bottom_right-tda-top_right
2025-06-21 22:01:54 - INFO - Model original-bottom_left-bottom_right-tda-top_right completed in 10.58 seconds.
2025-06-21 22:01:54 - INFO - >>> Model original-bottom_left-bottom_right-tda-top_right trained. Accuracy: 0.9333 (10.58 sec.)
2025-06-21 22:01:54 - INFO - Training model: top_left-original-bottom_left-bottom_right-tda-top_right
2025-06-21 22:02:07 - INFO - Model top_left-original-bottom_left-bottom_right-tda-top_right completed in 12.54 seconds.
2025-06-21 22:02:07 - INFO - >>> Model top_left-original-bottom_left-bottom_right-tda-top_right trained. Accuracy: 0.8667 (12.54 sec.)
2025-06-21 22:02:07 - INFO - All models trained successfully.
2025-06-21 22:02:07 - INFO - ========== [Model Training Completed] in 3.76 minutes ==========
2025-06-21 22:02:07 - INFO - ========== [Experiment Training Complete] ==========
2025-06-21 22:02:07 - INFO - Results saved to /home/jovyan/Workspace/workspace_mnist/results/exp_icecream_100samples_part3/exp_icecream_100samples_part3_2025-06-21_22-02-07.json
2025-06-21 22:02:07 - INFO - Results successfully saved to /home/jovyan/Workspace/workspace_mnist/results/exp_icecream_100samples_part3/exp_icecream_100samples_part3_2025-06-21_22-02-07.json
2025-06-21 22:02:07 - INFO - Forced Garbage collection executed to Free Memory.
2025-06-21 22:02:07 - INFO - ========== [Experiment Completed] in 3.82 minutes ==========
