2025-06-21 20:47:24 - INFO - Logging initialized.
 Writing to /home/jovyan/Workspace/workspace_mnist/logs/exp_icecream_100samples_part3/experiment_logs_2025-06-21_20-47-24.log
2025-06-21 20:47:24 - INFO - ========== [Experiment Start] ==========
2025-06-21 20:47:24 - INFO - Views combinations successfully generated.
2025-06-21 20:47:24 - INFO - Topological Data Analysis pipeline generated.
2025-06-21 20:47:24 - INFO - Folder to save results has been created.
2025-06-21 20:47:24 - INFO - Reading dataset from mnist_784.csv (chunk size: 70000).
2025-06-21 20:47:25 - INFO - Starting multiview data preparation for a chunk of size (70000, 784)...
2025-06-21 20:47:25 - INFO - Running using 28 jobs.
2025-06-21 20:47:25 - INFO - Splitting data: 0.0% train / 30.0% test (random_state=692270737)
2025-06-21 20:47:25 - INFO - Using full training data without second split.
2025-06-21 20:47:25 - INFO - Data split complete. Train size: (70, 784), Test size: (30, 784)
2025-06-21 20:47:25 - INFO - Reshaping train and test data into square images...
2025-06-21 20:47:25 - INFO - Reshaping complete. Train images shape: (70, 28, 28), Test images shape: (30, 28, 28)
2025-06-21 20:47:25 - INFO - Splitting images into quadrant views...
2025-06-21 20:47:25 - INFO - Quadrant view splitting complete. Train views: 4, Test views: 4
2025-06-21 20:47:25 - INFO - Saving sample images for each view...
2025-06-21 20:47:25 - INFO - Sample views saved successfully.
2025-06-21 20:47:25 - INFO - Starting TDA pipeline transformation on train data...
2025-06-21 20:47:27 - INFO - TDA transformation for train completed (0.03 minutes).
2025-06-21 20:47:27 - INFO - Applying TDA pipeline transformation on test data...
2025-06-21 20:47:28 - INFO - TDA transformation for test completed (0.01 minutes).
2025-06-21 20:47:28 - INFO - ========== [Model Training Start] ==========
2025-06-21 20:47:28 - INFO - Training model: original
2025-06-21 20:47:28 - INFO - Model original completed in 0.32 seconds.
2025-06-21 20:47:28 - INFO - >>> Model original trained. Accuracy: 0.6000 (0.32 sec.)
2025-06-21 20:47:28 - INFO - Training model: top_left-original
2025-06-21 20:47:32 - INFO - Model top_left-original completed in 4.32 seconds.
2025-06-21 20:47:32 - INFO - >>> Model top_left-original trained. Accuracy: 0.5667 (4.32 sec.)
2025-06-21 20:47:32 - INFO - Training model: original-bottom_left
2025-06-21 20:47:37 - INFO - Model original-bottom_left completed in 4.26 seconds.
2025-06-21 20:47:37 - INFO - >>> Model original-bottom_left trained. Accuracy: 0.6333 (4.26 sec.)
2025-06-21 20:47:37 - INFO - Training model: bottom_right-original
2025-06-21 20:47:41 - INFO - Model bottom_right-original completed in 4.21 seconds.
2025-06-21 20:47:41 - INFO - >>> Model bottom_right-original trained. Accuracy: 0.6333 (4.21 sec.)
2025-06-21 20:47:41 - INFO - Training model: tda-original
2025-06-21 20:47:45 - INFO - Model tda-original completed in 4.45 seconds.
2025-06-21 20:47:45 - INFO - >>> Model tda-original trained. Accuracy: 0.8333 (4.45 sec.)
2025-06-21 20:47:45 - INFO - Training model: top_right-original
2025-06-21 20:47:50 - INFO - Model top_right-original completed in 4.46 seconds.
2025-06-21 20:47:50 - INFO - >>> Model top_right-original trained. Accuracy: 0.6000 (4.46 sec.)
2025-06-21 20:47:50 - INFO - Training model: top_left-original-bottom_left
2025-06-21 20:47:56 - INFO - Model top_left-original-bottom_left completed in 6.31 seconds.
2025-06-21 20:47:56 - INFO - >>> Model top_left-original-bottom_left trained. Accuracy: 0.6333 (6.31 sec.)
2025-06-21 20:47:56 - INFO - Training model: top_left-original-bottom_right
2025-06-21 20:48:03 - INFO - Model top_left-original-bottom_right completed in 6.64 seconds.
2025-06-21 20:48:03 - INFO - >>> Model top_left-original-bottom_right trained. Accuracy: 0.6333 (6.64 sec.)
2025-06-21 20:48:03 - INFO - Training model: top_left-original-tda
2025-06-21 20:48:09 - INFO - Model top_left-original-tda completed in 6.30 seconds.
2025-06-21 20:48:09 - INFO - >>> Model top_left-original-tda trained. Accuracy: 0.8333 (6.30 sec.)
2025-06-21 20:48:09 - INFO - Training model: top_left-original-top_right
2025-06-21 20:48:15 - INFO - Model top_left-original-top_right completed in 6.07 seconds.
2025-06-21 20:48:15 - INFO - >>> Model top_left-original-top_right trained. Accuracy: 0.4667 (6.07 sec.)
2025-06-21 20:48:15 - INFO - Training model: bottom_right-original-bottom_left
2025-06-21 20:48:21 - INFO - Model bottom_right-original-bottom_left completed in 6.27 seconds.
2025-06-21 20:48:21 - INFO - >>> Model bottom_right-original-bottom_left trained. Accuracy: 0.6667 (6.27 sec.)
2025-06-21 20:48:21 - INFO - Training model: tda-original-bottom_left
2025-06-21 20:48:28 - INFO - Model tda-original-bottom_left completed in 6.39 seconds.
2025-06-21 20:48:28 - INFO - >>> Model tda-original-bottom_left trained. Accuracy: 0.7667 (6.39 sec.)
2025-06-21 20:48:28 - INFO - Training model: top_right-original-bottom_left
2025-06-21 20:48:34 - INFO - Model top_right-original-bottom_left completed in 6.37 seconds.
2025-06-21 20:48:34 - INFO - >>> Model top_right-original-bottom_left trained. Accuracy: 0.6000 (6.37 sec.)
2025-06-21 20:48:34 - INFO - Training model: bottom_right-original-tda
2025-06-21 20:48:40 - INFO - Model bottom_right-original-tda completed in 6.39 seconds.
2025-06-21 20:48:40 - INFO - >>> Model bottom_right-original-tda trained. Accuracy: 0.8667 (6.39 sec.)
2025-06-21 20:48:40 - INFO - Training model: bottom_right-original-top_right
2025-06-21 20:48:47 - INFO - Model bottom_right-original-top_right completed in 6.47 seconds.
2025-06-21 20:48:47 - INFO - >>> Model bottom_right-original-top_right trained. Accuracy: 0.5667 (6.47 sec.)
2025-06-21 20:48:47 - INFO - Training model: tda-original-top_right
2025-06-21 20:48:53 - INFO - Model tda-original-top_right completed in 6.35 seconds.
2025-06-21 20:48:53 - INFO - >>> Model tda-original-top_right trained. Accuracy: 0.8333 (6.35 sec.)
2025-06-21 20:48:53 - INFO - Training model: top_left-original-bottom_left-bottom_right
2025-06-21 20:49:02 - INFO - Model top_left-original-bottom_left-bottom_right completed in 8.24 seconds.
2025-06-21 20:49:02 - INFO - >>> Model top_left-original-bottom_left-bottom_right trained. Accuracy: 0.6000 (8.24 sec.)
2025-06-21 20:49:02 - INFO - Training model: top_left-original-bottom_left-tda
2025-06-21 20:49:10 - INFO - Model top_left-original-bottom_left-tda completed in 8.18 seconds.
2025-06-21 20:49:10 - INFO - >>> Model top_left-original-bottom_left-tda trained. Accuracy: 0.8000 (8.18 sec.)
2025-06-21 20:49:10 - INFO - Training model: top_left-original-bottom_left-top_right
2025-06-21 20:49:18 - INFO - Model top_left-original-bottom_left-top_right completed in 8.48 seconds.
2025-06-21 20:49:18 - INFO - >>> Model top_left-original-bottom_left-top_right trained. Accuracy: 0.5667 (8.48 sec.)
2025-06-21 20:49:18 - INFO - Training model: top_left-original-bottom_right-tda
2025-06-21 20:49:27 - INFO - Model top_left-original-bottom_right-tda completed in 8.38 seconds.
2025-06-21 20:49:27 - INFO - >>> Model top_left-original-bottom_right-tda trained. Accuracy: 0.8000 (8.38 sec.)
2025-06-21 20:49:27 - INFO - Training model: top_left-original-top_right-bottom_right
2025-06-21 20:49:35 - INFO - Model top_left-original-top_right-bottom_right completed in 8.20 seconds.
2025-06-21 20:49:35 - INFO - >>> Model top_left-original-top_right-bottom_right trained. Accuracy: 0.5667 (8.20 sec.)
2025-06-21 20:49:35 - INFO - Training model: top_left-original-top_right-tda
2025-06-21 20:49:43 - INFO - Model top_left-original-top_right-tda completed in 8.18 seconds.
2025-06-21 20:49:43 - INFO - >>> Model top_left-original-top_right-tda trained. Accuracy: 0.8000 (8.18 sec.)
2025-06-21 20:49:43 - INFO - Training model: bottom_right-original-bottom_left-tda
2025-06-21 20:49:52 - INFO - Model bottom_right-original-bottom_left-tda completed in 8.59 seconds.
2025-06-21 20:49:52 - INFO - >>> Model bottom_right-original-bottom_left-tda trained. Accuracy: 0.8000 (8.59 sec.)
2025-06-21 20:49:52 - INFO - Training model: bottom_right-original-bottom_left-top_right
2025-06-21 20:50:00 - INFO - Model bottom_right-original-bottom_left-top_right completed in 8.50 seconds.
2025-06-21 20:50:00 - INFO - >>> Model bottom_right-original-bottom_left-top_right trained. Accuracy: 0.6333 (8.50 sec.)
2025-06-21 20:50:00 - INFO - Training model: tda-original-bottom_left-top_right
2025-06-21 20:50:09 - INFO - Model tda-original-bottom_left-top_right completed in 8.48 seconds.
2025-06-21 20:50:09 - INFO - >>> Model tda-original-bottom_left-top_right trained. Accuracy: 0.8000 (8.48 sec.)
2025-06-21 20:50:09 - INFO - Training model: bottom_right-original-top_right-tda
2025-06-21 20:50:17 - INFO - Model bottom_right-original-top_right-tda completed in 8.60 seconds.
2025-06-21 20:50:17 - INFO - >>> Model bottom_right-original-top_right-tda trained. Accuracy: 0.8667 (8.60 sec.)
2025-06-21 20:50:17 - INFO - Training model: top_left-original-bottom_left-bottom_right-tda
2025-06-21 20:50:27 - INFO - Model top_left-original-bottom_left-bottom_right-tda completed in 10.10 seconds.
2025-06-21 20:50:27 - INFO - >>> Model top_left-original-bottom_left-bottom_right-tda trained. Accuracy: 0.7667 (10.10 sec.)
2025-06-21 20:50:27 - INFO - Training model: top_left-original-bottom_left-bottom_right-top_right
2025-06-21 20:50:38 - INFO - Model top_left-original-bottom_left-bottom_right-top_right completed in 10.39 seconds.
2025-06-21 20:50:38 - INFO - >>> Model top_left-original-bottom_left-bottom_right-top_right trained. Accuracy: 0.6000 (10.39 sec.)
2025-06-21 20:50:38 - INFO - Training model: top_left-original-bottom_left-tda-top_right
2025-06-21 20:50:48 - INFO - Model top_left-original-bottom_left-tda-top_right completed in 10.48 seconds.
2025-06-21 20:50:48 - INFO - >>> Model top_left-original-bottom_left-tda-top_right trained. Accuracy: 0.8667 (10.48 sec.)
2025-06-21 20:50:48 - INFO - Training model: top_left-original-bottom_right-tda-top_right
2025-06-21 20:50:59 - INFO - Model top_left-original-bottom_right-tda-top_right completed in 10.64 seconds.
2025-06-21 20:50:59 - INFO - >>> Model top_left-original-bottom_right-tda-top_right trained. Accuracy: 0.8333 (10.64 sec.)
2025-06-21 20:50:59 - INFO - Training model: original-bottom_left-bottom_right-tda-top_right
2025-06-21 20:51:09 - INFO - Model original-bottom_left-bottom_right-tda-top_right completed in 10.19 seconds.
2025-06-21 20:51:09 - INFO - >>> Model original-bottom_left-bottom_right-tda-top_right trained. Accuracy: 0.8667 (10.19 sec.)
2025-06-21 20:51:09 - INFO - Training model: top_left-original-bottom_left-bottom_right-tda-top_right
2025-06-21 20:51:22 - INFO - Model top_left-original-bottom_left-bottom_right-tda-top_right completed in 12.73 seconds.
2025-06-21 20:51:22 - INFO - >>> Model top_left-original-bottom_left-bottom_right-tda-top_right trained. Accuracy: 0.8000 (12.73 sec.)
2025-06-21 20:51:22 - INFO - All models trained successfully.
2025-06-21 20:51:22 - INFO - ========== [Model Training Completed] in 3.90 minutes ==========
2025-06-21 20:51:22 - INFO - ========== [Experiment Training Complete] ==========
2025-06-21 20:51:22 - INFO - Results saved to /home/jovyan/Workspace/workspace_mnist/results/exp_icecream_100samples_part3/exp_icecream_100samples_part3_2025-06-21_20-51-22.json
2025-06-21 20:51:22 - INFO - Results successfully saved to /home/jovyan/Workspace/workspace_mnist/results/exp_icecream_100samples_part3/exp_icecream_100samples_part3_2025-06-21_20-51-22.json
2025-06-21 20:51:22 - INFO - Forced Garbage collection executed to Free Memory.
2025-06-21 20:51:22 - INFO - ========== [Experiment Completed] in 3.96 minutes ==========
