2025-06-21 22:57:14 - INFO - Logging initialized.
 Writing to /home/jovyan/Workspace/workspace_mnist/logs/exp_icecream_100samples_part3/experiment_logs_2025-06-21_22-57-14.log
2025-06-21 22:57:14 - INFO - ========== [Experiment Start] ==========
2025-06-21 22:57:14 - INFO - Views combinations successfully generated.
2025-06-21 22:57:14 - INFO - Topological Data Analysis pipeline generated.
2025-06-21 22:57:14 - INFO - Folder to save results has been created.
2025-06-21 22:57:14 - INFO - Reading dataset from mnist_784.csv (chunk size: 70000).
2025-06-21 22:57:15 - INFO - Starting multiview data preparation for a chunk of size (70000, 784)...
2025-06-21 22:57:15 - INFO - Running using 28 jobs.
2025-06-21 22:57:15 - INFO - Splitting data: 0.0% train / 30.0% test (random_state=29229180)
2025-06-21 22:57:15 - INFO - Using full training data without second split.
2025-06-21 22:57:15 - INFO - Data split complete. Train size: (70, 784), Test size: (30, 784)
2025-06-21 22:57:15 - INFO - Reshaping train and test data into square images...
2025-06-21 22:57:15 - INFO - Reshaping complete. Train images shape: (70, 28, 28), Test images shape: (30, 28, 28)
2025-06-21 22:57:15 - INFO - Splitting images into quadrant views...
2025-06-21 22:57:15 - INFO - Quadrant view splitting complete. Train views: 4, Test views: 4
2025-06-21 22:57:15 - INFO - Saving sample images for each view...
2025-06-21 22:57:15 - INFO - Sample views saved successfully.
2025-06-21 22:57:15 - INFO - Starting TDA pipeline transformation on train data...
2025-06-21 22:57:17 - INFO - TDA transformation for train completed (0.02 minutes).
2025-06-21 22:57:17 - INFO - Applying TDA pipeline transformation on test data...
2025-06-21 22:57:17 - INFO - TDA transformation for test completed (0.01 minutes).
2025-06-21 22:57:17 - INFO - ========== [Model Training Start] ==========
2025-06-21 22:57:17 - INFO - Training model: original
2025-06-21 22:57:18 - INFO - Model original completed in 0.32 seconds.
2025-06-21 22:57:18 - INFO - >>> Model original trained. Accuracy: 0.6667 (0.32 sec.)
2025-06-21 22:57:18 - INFO - Training model: top_left-original
2025-06-21 22:57:22 - INFO - Model top_left-original completed in 4.29 seconds.
2025-06-21 22:57:22 - INFO - >>> Model top_left-original trained. Accuracy: 0.6000 (4.29 sec.)
2025-06-21 22:57:22 - INFO - Training model: original-bottom_left
2025-06-21 22:57:27 - INFO - Model original-bottom_left completed in 4.59 seconds.
2025-06-21 22:57:27 - INFO - >>> Model original-bottom_left trained. Accuracy: 0.6333 (4.59 sec.)
2025-06-21 22:57:27 - INFO - Training model: bottom_right-original
2025-06-21 22:57:31 - INFO - Model bottom_right-original completed in 4.68 seconds.
2025-06-21 22:57:31 - INFO - >>> Model bottom_right-original trained. Accuracy: 0.7000 (4.68 sec.)
2025-06-21 22:57:31 - INFO - Training model: tda-original
2025-06-21 22:57:36 - INFO - Model tda-original completed in 4.28 seconds.
2025-06-21 22:57:36 - INFO - >>> Model tda-original trained. Accuracy: 0.8333 (4.28 sec.)
2025-06-21 22:57:36 - INFO - Training model: top_right-original
2025-06-21 22:57:40 - INFO - Model top_right-original completed in 4.36 seconds.
2025-06-21 22:57:40 - INFO - >>> Model top_right-original trained. Accuracy: 0.6667 (4.36 sec.)
2025-06-21 22:57:40 - INFO - Training model: top_left-original-bottom_left
2025-06-21 22:57:46 - INFO - Model top_left-original-bottom_left completed in 6.28 seconds.
2025-06-21 22:57:46 - INFO - >>> Model top_left-original-bottom_left trained. Accuracy: 0.7000 (6.28 sec.)
2025-06-21 22:57:46 - INFO - Training model: top_left-original-bottom_right
2025-06-21 22:57:53 - INFO - Model top_left-original-bottom_right completed in 6.30 seconds.
2025-06-21 22:57:53 - INFO - >>> Model top_left-original-bottom_right trained. Accuracy: 0.7000 (6.30 sec.)
2025-06-21 22:57:53 - INFO - Training model: top_left-original-tda
2025-06-21 22:57:59 - INFO - Model top_left-original-tda completed in 6.57 seconds.
2025-06-21 22:57:59 - INFO - >>> Model top_left-original-tda trained. Accuracy: 0.8333 (6.57 sec.)
2025-06-21 22:57:59 - INFO - Training model: top_left-original-top_right
2025-06-21 22:58:06 - INFO - Model top_left-original-top_right completed in 6.63 seconds.
2025-06-21 22:58:06 - INFO - >>> Model top_left-original-top_right trained. Accuracy: 0.6667 (6.63 sec.)
2025-06-21 22:58:06 - INFO - Training model: bottom_right-original-bottom_left
2025-06-21 22:58:12 - INFO - Model bottom_right-original-bottom_left completed in 6.55 seconds.
2025-06-21 22:58:12 - INFO - >>> Model bottom_right-original-bottom_left trained. Accuracy: 0.6333 (6.55 sec.)
2025-06-21 22:58:12 - INFO - Training model: tda-original-bottom_left
2025-06-21 22:58:19 - INFO - Model tda-original-bottom_left completed in 6.31 seconds.
2025-06-21 22:58:19 - INFO - >>> Model tda-original-bottom_left trained. Accuracy: 0.8333 (6.31 sec.)
2025-06-21 22:58:19 - INFO - Training model: top_right-original-bottom_left
2025-06-21 22:58:25 - INFO - Model top_right-original-bottom_left completed in 6.32 seconds.
2025-06-21 22:58:25 - INFO - >>> Model top_right-original-bottom_left trained. Accuracy: 0.7000 (6.32 sec.)
2025-06-21 22:58:25 - INFO - Training model: bottom_right-original-tda
2025-06-21 22:58:31 - INFO - Model bottom_right-original-tda completed in 6.32 seconds.
2025-06-21 22:58:31 - INFO - >>> Model bottom_right-original-tda trained. Accuracy: 0.8667 (6.32 sec.)
2025-06-21 22:58:31 - INFO - Training model: bottom_right-original-top_right
2025-06-21 22:58:38 - INFO - Model bottom_right-original-top_right completed in 6.60 seconds.
2025-06-21 22:58:38 - INFO - >>> Model bottom_right-original-top_right trained. Accuracy: 0.6667 (6.60 sec.)
2025-06-21 22:58:38 - INFO - Training model: tda-original-top_right
2025-06-21 22:58:44 - INFO - Model tda-original-top_right completed in 6.06 seconds.
2025-06-21 22:58:44 - INFO - >>> Model tda-original-top_right trained. Accuracy: 0.8667 (6.06 sec.)
2025-06-21 22:58:44 - INFO - Training model: top_left-original-bottom_left-bottom_right
2025-06-21 22:58:52 - INFO - Model top_left-original-bottom_left-bottom_right completed in 8.19 seconds.
2025-06-21 22:58:52 - INFO - >>> Model top_left-original-bottom_left-bottom_right trained. Accuracy: 0.7000 (8.19 sec.)
2025-06-21 22:58:52 - INFO - Training model: top_left-original-bottom_left-tda
2025-06-21 22:59:00 - INFO - Model top_left-original-bottom_left-tda completed in 8.30 seconds.
2025-06-21 22:59:00 - INFO - >>> Model top_left-original-bottom_left-tda trained. Accuracy: 0.8333 (8.30 sec.)
2025-06-21 22:59:00 - INFO - Training model: top_left-original-bottom_left-top_right
2025-06-21 22:59:09 - INFO - Model top_left-original-bottom_left-top_right completed in 8.65 seconds.
2025-06-21 22:59:09 - INFO - >>> Model top_left-original-bottom_left-top_right trained. Accuracy: 0.7333 (8.65 sec.)
2025-06-21 22:59:09 - INFO - Training model: top_left-original-bottom_right-tda
2025-06-21 22:59:18 - INFO - Model top_left-original-bottom_right-tda completed in 8.45 seconds.
2025-06-21 22:59:18 - INFO - >>> Model top_left-original-bottom_right-tda trained. Accuracy: 0.8667 (8.45 sec.)
2025-06-21 22:59:18 - INFO - Training model: top_left-original-top_right-bottom_right
2025-06-21 22:59:26 - INFO - Model top_left-original-top_right-bottom_right completed in 8.54 seconds.
2025-06-21 22:59:26 - INFO - >>> Model top_left-original-top_right-bottom_right trained. Accuracy: 0.7333 (8.54 sec.)
2025-06-21 22:59:26 - INFO - Training model: top_left-original-top_right-tda
2025-06-21 22:59:34 - INFO - Model top_left-original-top_right-tda completed in 8.40 seconds.
2025-06-21 22:59:34 - INFO - >>> Model top_left-original-top_right-tda trained. Accuracy: 0.8667 (8.40 sec.)
2025-06-21 22:59:34 - INFO - Training model: bottom_right-original-bottom_left-tda
2025-06-21 22:59:43 - INFO - Model bottom_right-original-bottom_left-tda completed in 8.16 seconds.
2025-06-21 22:59:43 - INFO - >>> Model bottom_right-original-bottom_left-tda trained. Accuracy: 0.8333 (8.16 sec.)
2025-06-21 22:59:43 - INFO - Training model: bottom_right-original-bottom_left-top_right
2025-06-21 22:59:51 - INFO - Model bottom_right-original-bottom_left-top_right completed in 8.44 seconds.
2025-06-21 22:59:51 - INFO - >>> Model bottom_right-original-bottom_left-top_right trained. Accuracy: 0.7667 (8.44 sec.)
2025-06-21 22:59:51 - INFO - Training model: tda-original-bottom_left-top_right
2025-06-21 22:59:59 - INFO - Model tda-original-bottom_left-top_right completed in 8.30 seconds.
2025-06-21 22:59:59 - INFO - >>> Model tda-original-bottom_left-top_right trained. Accuracy: 0.8000 (8.30 sec.)
2025-06-21 22:59:59 - INFO - Training model: bottom_right-original-top_right-tda
2025-06-21 23:00:03 - INFO - Model bottom_right-original-top_right-tda completed in 3.45 seconds.
2025-06-21 23:00:03 - INFO - >>> Model bottom_right-original-top_right-tda trained. Accuracy: 0.8667 (3.45 sec.)
2025-06-21 23:00:03 - INFO - Training model: top_left-original-bottom_left-bottom_right-tda
2025-06-21 23:00:10 - INFO - Model top_left-original-bottom_left-bottom_right-tda completed in 6.91 seconds.
2025-06-21 23:00:10 - INFO - >>> Model top_left-original-bottom_left-bottom_right-tda trained. Accuracy: 0.8667 (6.91 sec.)
2025-06-21 23:00:10 - INFO - Training model: top_left-original-bottom_left-bottom_right-top_right
2025-06-21 23:00:20 - INFO - Model top_left-original-bottom_left-bottom_right-top_right completed in 10.00 seconds.
2025-06-21 23:00:20 - INFO - >>> Model top_left-original-bottom_left-bottom_right-top_right trained. Accuracy: 0.8333 (10.00 sec.)
2025-06-21 23:00:20 - INFO - Training model: top_left-original-bottom_left-tda-top_right
2025-06-21 23:00:30 - INFO - Model top_left-original-bottom_left-tda-top_right completed in 10.08 seconds.
2025-06-21 23:00:30 - INFO - >>> Model top_left-original-bottom_left-tda-top_right trained. Accuracy: 0.8333 (10.08 sec.)
2025-06-21 23:00:30 - INFO - Training model: top_left-original-bottom_right-tda-top_right
2025-06-21 23:00:40 - INFO - Model top_left-original-bottom_right-tda-top_right completed in 10.07 seconds.
2025-06-21 23:00:40 - INFO - >>> Model top_left-original-bottom_right-tda-top_right trained. Accuracy: 0.8667 (10.07 sec.)
2025-06-21 23:00:40 - INFO - Training model: original-bottom_left-bottom_right-tda-top_right
2025-06-21 23:00:50 - INFO - Model original-bottom_left-bottom_right-tda-top_right completed in 10.48 seconds.
2025-06-21 23:00:50 - INFO - >>> Model original-bottom_left-bottom_right-tda-top_right trained. Accuracy: 0.8000 (10.48 sec.)
2025-06-21 23:00:50 - INFO - Training model: top_left-original-bottom_left-bottom_right-tda-top_right
2025-06-21 23:01:03 - INFO - Model top_left-original-bottom_left-bottom_right-tda-top_right completed in 12.26 seconds.
2025-06-21 23:01:03 - INFO - >>> Model top_left-original-bottom_left-bottom_right-tda-top_right trained. Accuracy: 0.8667 (12.26 sec.)
2025-06-21 23:01:03 - INFO - All models trained successfully.
2025-06-21 23:01:03 - INFO - ========== [Model Training Completed] in 3.76 minutes ==========
2025-06-21 23:01:03 - INFO - ========== [Experiment Training Complete] ==========
2025-06-21 23:01:03 - INFO - Results saved to /home/jovyan/Workspace/workspace_mnist/results/exp_icecream_100samples_part3/exp_icecream_100samples_part3_2025-06-21_23-01-03.json
2025-06-21 23:01:03 - INFO - Results successfully saved to /home/jovyan/Workspace/workspace_mnist/results/exp_icecream_100samples_part3/exp_icecream_100samples_part3_2025-06-21_23-01-03.json
2025-06-21 23:01:03 - INFO - Forced Garbage collection executed to Free Memory.
2025-06-21 23:01:03 - INFO - ========== [Experiment Completed] in 3.81 minutes ==========
