2025-06-21 17:22:38 - INFO - Logging initialized.
 Writing to /home/jovyan/Workspace/workspace_mnist/logs/exp_icecream_100samples_part3/experiment_logs_2025-06-21_17-22-38.log
2025-06-21 17:22:38 - INFO - ========== [Experiment Start] ==========
2025-06-21 17:22:38 - INFO - Views combinations successfully generated.
2025-06-21 17:22:38 - INFO - Topological Data Analysis pipeline generated.
2025-06-21 17:22:38 - INFO - Folder to save results has been created.
2025-06-21 17:22:38 - INFO - Reading dataset from mnist_784.csv (chunk size: 70000).
2025-06-21 17:22:39 - INFO - Starting multiview data preparation for a chunk of size (70000, 784)...
2025-06-21 17:22:39 - INFO - Running using 28 jobs.
2025-06-21 17:22:39 - INFO - Splitting data: 0.0% train / 30.0% test (random_state=473333031)
2025-06-21 17:22:39 - INFO - Using full training data without second split.
2025-06-21 17:22:39 - INFO - Data split complete. Train size: (70, 784), Test size: (30, 784)
2025-06-21 17:22:39 - INFO - Reshaping train and test data into square images...
2025-06-21 17:22:39 - INFO - Reshaping complete. Train images shape: (70, 28, 28), Test images shape: (30, 28, 28)
2025-06-21 17:22:39 - INFO - Splitting images into quadrant views...
2025-06-21 17:22:39 - INFO - Quadrant view splitting complete. Train views: 4, Test views: 4
2025-06-21 17:22:39 - INFO - Saving sample images for each view...
2025-06-21 17:22:39 - INFO - Sample views saved successfully.
2025-06-21 17:22:39 - INFO - Starting TDA pipeline transformation on train data...
2025-06-21 17:22:40 - INFO - TDA transformation for train completed (0.02 minutes).
2025-06-21 17:22:40 - INFO - Applying TDA pipeline transformation on test data...
2025-06-21 17:22:41 - INFO - TDA transformation for test completed (0.01 minutes).
2025-06-21 17:22:41 - INFO - ========== [Model Training Start] ==========
2025-06-21 17:22:41 - INFO - Training model: original
2025-06-21 17:22:41 - INFO - Model original completed in 0.35 seconds.
2025-06-21 17:22:41 - INFO - >>> Model original trained. Accuracy: 0.6000 (0.35 sec.)
2025-06-21 17:22:41 - INFO - Training model: top_left-original
2025-06-21 17:22:45 - INFO - Model top_left-original completed in 3.97 seconds.
2025-06-21 17:22:45 - INFO - >>> Model top_left-original trained. Accuracy: 0.6000 (3.97 sec.)
2025-06-21 17:22:45 - INFO - Training model: original-bottom_left
2025-06-21 17:22:50 - INFO - Model original-bottom_left completed in 4.28 seconds.
2025-06-21 17:22:50 - INFO - >>> Model original-bottom_left trained. Accuracy: 0.6667 (4.28 sec.)
2025-06-21 17:22:50 - INFO - Training model: bottom_right-original
2025-06-21 17:22:54 - INFO - Model bottom_right-original completed in 4.44 seconds.
2025-06-21 17:22:54 - INFO - >>> Model bottom_right-original trained. Accuracy: 0.5667 (4.44 sec.)
2025-06-21 17:22:54 - INFO - Training model: tda-original
2025-06-21 17:22:59 - INFO - Model tda-original completed in 4.43 seconds.
2025-06-21 17:22:59 - INFO - >>> Model tda-original trained. Accuracy: 0.7667 (4.43 sec.)
2025-06-21 17:22:59 - INFO - Training model: top_right-original
2025-06-21 17:23:03 - INFO - Model top_right-original completed in 4.21 seconds.
2025-06-21 17:23:03 - INFO - >>> Model top_right-original trained. Accuracy: 0.5333 (4.21 sec.)
2025-06-21 17:23:03 - INFO - Training model: top_left-original-bottom_left
2025-06-21 17:23:09 - INFO - Model top_left-original-bottom_left completed in 6.61 seconds.
2025-06-21 17:23:09 - INFO - >>> Model top_left-original-bottom_left trained. Accuracy: 0.6667 (6.61 sec.)
2025-06-21 17:23:09 - INFO - Training model: top_left-original-bottom_right
2025-06-21 17:23:15 - INFO - Model top_left-original-bottom_right completed in 6.10 seconds.
2025-06-21 17:23:15 - INFO - >>> Model top_left-original-bottom_right trained. Accuracy: 0.5667 (6.10 sec.)
2025-06-21 17:23:15 - INFO - Training model: top_left-original-tda
2025-06-21 17:23:21 - INFO - Model top_left-original-tda completed in 5.80 seconds.
2025-06-21 17:23:21 - INFO - >>> Model top_left-original-tda trained. Accuracy: 0.8000 (5.80 sec.)
2025-06-21 17:23:21 - INFO - Training model: top_left-original-top_right
2025-06-21 17:23:28 - INFO - Model top_left-original-top_right completed in 6.47 seconds.
2025-06-21 17:23:28 - INFO - >>> Model top_left-original-top_right trained. Accuracy: 0.5000 (6.47 sec.)
2025-06-21 17:23:28 - INFO - Training model: bottom_right-original-bottom_left
2025-06-21 17:23:34 - INFO - Model bottom_right-original-bottom_left completed in 5.85 seconds.
2025-06-21 17:23:34 - INFO - >>> Model bottom_right-original-bottom_left trained. Accuracy: 0.6667 (5.85 sec.)
2025-06-21 17:23:34 - INFO - Training model: tda-original-bottom_left
2025-06-21 17:23:40 - INFO - Model tda-original-bottom_left completed in 6.59 seconds.
2025-06-21 17:23:40 - INFO - >>> Model tda-original-bottom_left trained. Accuracy: 0.8000 (6.59 sec.)
2025-06-21 17:23:40 - INFO - Training model: top_right-original-bottom_left
2025-06-21 17:23:46 - INFO - Model top_right-original-bottom_left completed in 6.24 seconds.
2025-06-21 17:23:46 - INFO - >>> Model top_right-original-bottom_left trained. Accuracy: 0.5000 (6.24 sec.)
2025-06-21 17:23:46 - INFO - Training model: bottom_right-original-tda
2025-06-21 17:23:53 - INFO - Model bottom_right-original-tda completed in 6.42 seconds.
2025-06-21 17:23:53 - INFO - >>> Model bottom_right-original-tda trained. Accuracy: 0.7667 (6.42 sec.)
2025-06-21 17:23:53 - INFO - Training model: bottom_right-original-top_right
2025-06-21 17:23:59 - INFO - Model bottom_right-original-top_right completed in 6.50 seconds.
2025-06-21 17:23:59 - INFO - >>> Model bottom_right-original-top_right trained. Accuracy: 0.5000 (6.50 sec.)
2025-06-21 17:23:59 - INFO - Training model: tda-original-top_right
2025-06-21 17:24:06 - INFO - Model tda-original-top_right completed in 6.66 seconds.
2025-06-21 17:24:06 - INFO - >>> Model tda-original-top_right trained. Accuracy: 0.7000 (6.66 sec.)
2025-06-21 17:24:06 - INFO - Training model: top_left-original-bottom_left-bottom_right
2025-06-21 17:24:14 - INFO - Model top_left-original-bottom_left-bottom_right completed in 8.34 seconds.
2025-06-21 17:24:14 - INFO - >>> Model top_left-original-bottom_left-bottom_right trained. Accuracy: 0.6333 (8.34 sec.)
2025-06-21 17:24:14 - INFO - Training model: top_left-original-bottom_left-tda
2025-06-21 17:24:23 - INFO - Model top_left-original-bottom_left-tda completed in 8.47 seconds.
2025-06-21 17:24:23 - INFO - >>> Model top_left-original-bottom_left-tda trained. Accuracy: 0.7667 (8.47 sec.)
2025-06-21 17:24:23 - INFO - Training model: top_left-original-bottom_left-top_right
2025-06-21 17:24:31 - INFO - Model top_left-original-bottom_left-top_right completed in 8.08 seconds.
2025-06-21 17:24:31 - INFO - >>> Model top_left-original-bottom_left-top_right trained. Accuracy: 0.5667 (8.08 sec.)
2025-06-21 17:24:31 - INFO - Training model: top_left-original-bottom_right-tda
2025-06-21 17:24:39 - INFO - Model top_left-original-bottom_right-tda completed in 8.00 seconds.
2025-06-21 17:24:39 - INFO - >>> Model top_left-original-bottom_right-tda trained. Accuracy: 0.7667 (8.00 sec.)
2025-06-21 17:24:39 - INFO - Training model: top_left-original-top_right-bottom_right
2025-06-21 17:24:47 - INFO - Model top_left-original-top_right-bottom_right completed in 8.50 seconds.
2025-06-21 17:24:47 - INFO - >>> Model top_left-original-top_right-bottom_right trained. Accuracy: 0.5667 (8.50 sec.)
2025-06-21 17:24:47 - INFO - Training model: top_left-original-top_right-tda
2025-06-21 17:24:56 - INFO - Model top_left-original-top_right-tda completed in 8.45 seconds.
2025-06-21 17:24:56 - INFO - >>> Model top_left-original-top_right-tda trained. Accuracy: 0.7667 (8.45 sec.)
2025-06-21 17:24:56 - INFO - Training model: bottom_right-original-bottom_left-tda
2025-06-21 17:25:04 - INFO - Model bottom_right-original-bottom_left-tda completed in 8.27 seconds.
2025-06-21 17:25:04 - INFO - >>> Model bottom_right-original-bottom_left-tda trained. Accuracy: 0.8333 (8.27 sec.)
2025-06-21 17:25:04 - INFO - Training model: bottom_right-original-bottom_left-top_right
2025-06-21 17:25:13 - INFO - Model bottom_right-original-bottom_left-top_right completed in 8.66 seconds.
2025-06-21 17:25:13 - INFO - >>> Model bottom_right-original-bottom_left-top_right trained. Accuracy: 0.5000 (8.66 sec.)
2025-06-21 17:25:13 - INFO - Training model: tda-original-bottom_left-top_right
2025-06-21 17:25:21 - INFO - Model tda-original-bottom_left-top_right completed in 7.78 seconds.
2025-06-21 17:25:21 - INFO - >>> Model tda-original-bottom_left-top_right trained. Accuracy: 0.7000 (7.78 sec.)
2025-06-21 17:25:21 - INFO - Training model: bottom_right-original-top_right-tda
2025-06-21 17:25:29 - INFO - Model bottom_right-original-top_right-tda completed in 8.48 seconds.
2025-06-21 17:25:29 - INFO - >>> Model bottom_right-original-top_right-tda trained. Accuracy: 0.7667 (8.48 sec.)
2025-06-21 17:25:29 - INFO - Training model: top_left-original-bottom_left-bottom_right-tda
2025-06-21 17:25:39 - INFO - Model top_left-original-bottom_left-bottom_right-tda completed in 10.06 seconds.
2025-06-21 17:25:39 - INFO - >>> Model top_left-original-bottom_left-bottom_right-tda trained. Accuracy: 0.8333 (10.06 sec.)
2025-06-21 17:25:39 - INFO - Training model: top_left-original-bottom_left-bottom_right-top_right
2025-06-21 17:25:50 - INFO - Model top_left-original-bottom_left-bottom_right-top_right completed in 10.28 seconds.
2025-06-21 17:25:50 - INFO - >>> Model top_left-original-bottom_left-bottom_right-top_right trained. Accuracy: 0.4667 (10.28 sec.)
2025-06-21 17:25:50 - INFO - Training model: top_left-original-bottom_left-tda-top_right
2025-06-21 17:26:00 - INFO - Model top_left-original-bottom_left-tda-top_right completed in 10.60 seconds.
2025-06-21 17:26:00 - INFO - >>> Model top_left-original-bottom_left-tda-top_right trained. Accuracy: 0.7333 (10.60 sec.)
2025-06-21 17:26:00 - INFO - Training model: top_left-original-bottom_right-tda-top_right
2025-06-21 17:26:11 - INFO - Model top_left-original-bottom_right-tda-top_right completed in 10.43 seconds.
2025-06-21 17:26:11 - INFO - >>> Model top_left-original-bottom_right-tda-top_right trained. Accuracy: 0.7667 (10.43 sec.)
2025-06-21 17:26:11 - INFO - Training model: original-bottom_left-bottom_right-tda-top_right
2025-06-21 17:26:21 - INFO - Model original-bottom_left-bottom_right-tda-top_right completed in 10.33 seconds.
2025-06-21 17:26:21 - INFO - >>> Model original-bottom_left-bottom_right-tda-top_right trained. Accuracy: 0.7667 (10.33 sec.)
2025-06-21 17:26:21 - INFO - Training model: top_left-original-bottom_left-bottom_right-tda-top_right
2025-06-21 17:26:33 - INFO - Model top_left-original-bottom_left-bottom_right-tda-top_right completed in 12.10 seconds.
2025-06-21 17:26:33 - INFO - >>> Model top_left-original-bottom_left-bottom_right-tda-top_right trained. Accuracy: 0.7667 (12.10 sec.)
2025-06-21 17:26:33 - INFO - All models trained successfully.
2025-06-21 17:26:33 - INFO - ========== [Model Training Completed] in 3.87 minutes ==========
2025-06-21 17:26:33 - INFO - ========== [Experiment Training Complete] ==========
2025-06-21 17:26:33 - INFO - Results saved to /home/jovyan/Workspace/workspace_mnist/results/exp_icecream_100samples_part3/exp_icecream_100samples_part3_2025-06-21_17-26-33.json
2025-06-21 17:26:33 - INFO - Results successfully saved to /home/jovyan/Workspace/workspace_mnist/results/exp_icecream_100samples_part3/exp_icecream_100samples_part3_2025-06-21_17-26-33.json
2025-06-21 17:26:33 - INFO - Forced Garbage collection executed to Free Memory.
2025-06-21 17:26:33 - INFO - ========== [Experiment Completed] in 3.92 minutes ==========
