2025-06-21 22:45:24 - INFO - Logging initialized.
 Writing to /home/jovyan/Workspace/workspace_mnist/logs/exp_icecream_100samples_part3/experiment_logs_2025-06-21_22-45-24.log
2025-06-21 22:45:24 - INFO - ========== [Experiment Start] ==========
2025-06-21 22:45:24 - INFO - Views combinations successfully generated.
2025-06-21 22:45:24 - INFO - Topological Data Analysis pipeline generated.
2025-06-21 22:45:24 - INFO - Folder to save results has been created.
2025-06-21 22:45:24 - INFO - Reading dataset from mnist_784.csv (chunk size: 70000).
2025-06-21 22:45:25 - INFO - Starting multiview data preparation for a chunk of size (70000, 784)...
2025-06-21 22:45:25 - INFO - Running using 28 jobs.
2025-06-21 22:45:25 - INFO - Splitting data: 0.0% train / 30.0% test (random_state=598528786)
2025-06-21 22:45:25 - INFO - Using full training data without second split.
2025-06-21 22:45:25 - INFO - Data split complete. Train size: (70, 784), Test size: (30, 784)
2025-06-21 22:45:25 - INFO - Reshaping train and test data into square images...
2025-06-21 22:45:25 - INFO - Reshaping complete. Train images shape: (70, 28, 28), Test images shape: (30, 28, 28)
2025-06-21 22:45:25 - INFO - Splitting images into quadrant views...
2025-06-21 22:45:25 - INFO - Quadrant view splitting complete. Train views: 4, Test views: 4
2025-06-21 22:45:25 - INFO - Saving sample images for each view...
2025-06-21 22:45:25 - INFO - Sample views saved successfully.
2025-06-21 22:45:25 - INFO - Starting TDA pipeline transformation on train data...
2025-06-21 22:45:26 - INFO - TDA transformation for train completed (0.01 minutes).
2025-06-21 22:45:26 - INFO - Applying TDA pipeline transformation on test data...
2025-06-21 22:45:26 - INFO - TDA transformation for test completed (0.01 minutes).
2025-06-21 22:45:26 - INFO - ========== [Model Training Start] ==========
2025-06-21 22:45:26 - INFO - Training model: original
2025-06-21 22:45:26 - INFO - Model original completed in 0.34 seconds.
2025-06-21 22:45:26 - INFO - >>> Model original trained. Accuracy: 0.6333 (0.34 sec.)
2025-06-21 22:45:26 - INFO - Training model: top_left-original
2025-06-21 22:45:31 - INFO - Model top_left-original completed in 4.36 seconds.
2025-06-21 22:45:31 - INFO - >>> Model top_left-original trained. Accuracy: 0.5667 (4.36 sec.)
2025-06-21 22:45:31 - INFO - Training model: original-bottom_left
2025-06-21 22:45:35 - INFO - Model original-bottom_left completed in 4.21 seconds.
2025-06-21 22:45:35 - INFO - >>> Model original-bottom_left trained. Accuracy: 0.6000 (4.21 sec.)
2025-06-21 22:45:35 - INFO - Training model: bottom_right-original
2025-06-21 22:45:39 - INFO - Model bottom_right-original completed in 4.37 seconds.
2025-06-21 22:45:39 - INFO - >>> Model bottom_right-original trained. Accuracy: 0.4000 (4.37 sec.)
2025-06-21 22:45:39 - INFO - Training model: tda-original
2025-06-21 22:45:44 - INFO - Model tda-original completed in 4.47 seconds.
2025-06-21 22:45:44 - INFO - >>> Model tda-original trained. Accuracy: 0.8000 (4.47 sec.)
2025-06-21 22:45:44 - INFO - Training model: top_right-original
2025-06-21 22:45:48 - INFO - Model top_right-original completed in 4.34 seconds.
2025-06-21 22:45:48 - INFO - >>> Model top_right-original trained. Accuracy: 0.6333 (4.34 sec.)
2025-06-21 22:45:48 - INFO - Training model: top_left-original-bottom_left
2025-06-21 22:45:55 - INFO - Model top_left-original-bottom_left completed in 6.43 seconds.
2025-06-21 22:45:55 - INFO - >>> Model top_left-original-bottom_left trained. Accuracy: 0.7333 (6.43 sec.)
2025-06-21 22:45:55 - INFO - Training model: top_left-original-bottom_right
2025-06-21 22:46:01 - INFO - Model top_left-original-bottom_right completed in 6.52 seconds.
2025-06-21 22:46:01 - INFO - >>> Model top_left-original-bottom_right trained. Accuracy: 0.6000 (6.52 sec.)
2025-06-21 22:46:01 - INFO - Training model: top_left-original-tda
2025-06-21 22:46:08 - INFO - Model top_left-original-tda completed in 6.63 seconds.
2025-06-21 22:46:08 - INFO - >>> Model top_left-original-tda trained. Accuracy: 0.8000 (6.63 sec.)
2025-06-21 22:46:08 - INFO - Training model: top_left-original-top_right
2025-06-21 22:46:14 - INFO - Model top_left-original-top_right completed in 6.47 seconds.
2025-06-21 22:46:14 - INFO - >>> Model top_left-original-top_right trained. Accuracy: 0.6667 (6.47 sec.)
2025-06-21 22:46:14 - INFO - Training model: bottom_right-original-bottom_left
2025-06-21 22:46:20 - INFO - Model bottom_right-original-bottom_left completed in 5.95 seconds.
2025-06-21 22:46:20 - INFO - >>> Model bottom_right-original-bottom_left trained. Accuracy: 0.6667 (5.95 sec.)
2025-06-21 22:46:20 - INFO - Training model: tda-original-bottom_left
2025-06-21 22:46:27 - INFO - Model tda-original-bottom_left completed in 6.20 seconds.
2025-06-21 22:46:27 - INFO - >>> Model tda-original-bottom_left trained. Accuracy: 0.7667 (6.20 sec.)
2025-06-21 22:46:27 - INFO - Training model: top_right-original-bottom_left
2025-06-21 22:46:33 - INFO - Model top_right-original-bottom_left completed in 6.35 seconds.
2025-06-21 22:46:33 - INFO - >>> Model top_right-original-bottom_left trained. Accuracy: 0.6667 (6.35 sec.)
2025-06-21 22:46:33 - INFO - Training model: bottom_right-original-tda
2025-06-21 22:46:39 - INFO - Model bottom_right-original-tda completed in 6.46 seconds.
2025-06-21 22:46:39 - INFO - >>> Model bottom_right-original-tda trained. Accuracy: 0.8333 (6.46 sec.)
2025-06-21 22:46:39 - INFO - Training model: bottom_right-original-top_right
2025-06-21 22:46:46 - INFO - Model bottom_right-original-top_right completed in 6.35 seconds.
2025-06-21 22:46:46 - INFO - >>> Model bottom_right-original-top_right trained. Accuracy: 0.5333 (6.35 sec.)
2025-06-21 22:46:46 - INFO - Training model: tda-original-top_right
2025-06-21 22:46:52 - INFO - Model tda-original-top_right completed in 6.06 seconds.
2025-06-21 22:46:52 - INFO - >>> Model tda-original-top_right trained. Accuracy: 0.8333 (6.06 sec.)
2025-06-21 22:46:52 - INFO - Training model: top_left-original-bottom_left-bottom_right
2025-06-21 22:47:00 - INFO - Model top_left-original-bottom_left-bottom_right completed in 8.55 seconds.
2025-06-21 22:47:00 - INFO - >>> Model top_left-original-bottom_left-bottom_right trained. Accuracy: 0.6333 (8.55 sec.)
2025-06-21 22:47:00 - INFO - Training model: top_left-original-bottom_left-tda
2025-06-21 22:47:09 - INFO - Model top_left-original-bottom_left-tda completed in 8.68 seconds.
2025-06-21 22:47:09 - INFO - >>> Model top_left-original-bottom_left-tda trained. Accuracy: 0.8333 (8.68 sec.)
2025-06-21 22:47:09 - INFO - Training model: top_left-original-bottom_left-top_right
2025-06-21 22:47:17 - INFO - Model top_left-original-bottom_left-top_right completed in 8.41 seconds.
2025-06-21 22:47:17 - INFO - >>> Model top_left-original-bottom_left-top_right trained. Accuracy: 0.6667 (8.41 sec.)
2025-06-21 22:47:17 - INFO - Training model: top_left-original-bottom_right-tda
2025-06-21 22:47:26 - INFO - Model top_left-original-bottom_right-tda completed in 8.64 seconds.
2025-06-21 22:47:26 - INFO - >>> Model top_left-original-bottom_right-tda trained. Accuracy: 0.7667 (8.64 sec.)
2025-06-21 22:47:26 - INFO - Training model: top_left-original-top_right-bottom_right
2025-06-21 22:47:34 - INFO - Model top_left-original-top_right-bottom_right completed in 8.35 seconds.
2025-06-21 22:47:34 - INFO - >>> Model top_left-original-top_right-bottom_right trained. Accuracy: 0.6000 (8.35 sec.)
2025-06-21 22:47:34 - INFO - Training model: top_left-original-top_right-tda
2025-06-21 22:47:43 - INFO - Model top_left-original-top_right-tda completed in 8.19 seconds.
2025-06-21 22:47:43 - INFO - >>> Model top_left-original-top_right-tda trained. Accuracy: 0.7667 (8.19 sec.)
2025-06-21 22:47:43 - INFO - Training model: bottom_right-original-bottom_left-tda
2025-06-21 22:47:51 - INFO - Model bottom_right-original-bottom_left-tda completed in 8.58 seconds.
2025-06-21 22:47:51 - INFO - >>> Model bottom_right-original-bottom_left-tda trained. Accuracy: 0.7667 (8.58 sec.)
2025-06-21 22:47:51 - INFO - Training model: bottom_right-original-bottom_left-top_right
2025-06-21 22:48:00 - INFO - Model bottom_right-original-bottom_left-top_right completed in 8.39 seconds.
2025-06-21 22:48:00 - INFO - >>> Model bottom_right-original-bottom_left-top_right trained. Accuracy: 0.6000 (8.39 sec.)
2025-06-21 22:48:00 - INFO - Training model: tda-original-bottom_left-top_right
2025-06-21 22:48:08 - INFO - Model tda-original-bottom_left-top_right completed in 8.51 seconds.
2025-06-21 22:48:08 - INFO - >>> Model tda-original-bottom_left-top_right trained. Accuracy: 0.7333 (8.51 sec.)
2025-06-21 22:48:08 - INFO - Training model: bottom_right-original-top_right-tda
2025-06-21 22:48:17 - INFO - Model bottom_right-original-top_right-tda completed in 8.50 seconds.
2025-06-21 22:48:17 - INFO - >>> Model bottom_right-original-top_right-tda trained. Accuracy: 0.7667 (8.50 sec.)
2025-06-21 22:48:17 - INFO - Training model: top_left-original-bottom_left-bottom_right-tda
2025-06-21 22:48:27 - INFO - Model top_left-original-bottom_left-bottom_right-tda completed in 10.00 seconds.
2025-06-21 22:48:27 - INFO - >>> Model top_left-original-bottom_left-bottom_right-tda trained. Accuracy: 0.7667 (10.00 sec.)
2025-06-21 22:48:27 - INFO - Training model: top_left-original-bottom_left-bottom_right-top_right
2025-06-21 22:48:37 - INFO - Model top_left-original-bottom_left-bottom_right-top_right completed in 10.29 seconds.
2025-06-21 22:48:37 - INFO - >>> Model top_left-original-bottom_left-bottom_right-top_right trained. Accuracy: 0.7000 (10.29 sec.)
2025-06-21 22:48:37 - INFO - Training model: top_left-original-bottom_left-tda-top_right
2025-06-21 22:48:47 - INFO - Model top_left-original-bottom_left-tda-top_right completed in 10.43 seconds.
2025-06-21 22:48:47 - INFO - >>> Model top_left-original-bottom_left-tda-top_right trained. Accuracy: 0.8667 (10.43 sec.)
2025-06-21 22:48:47 - INFO - Training model: top_left-original-bottom_right-tda-top_right
2025-06-21 22:48:58 - INFO - Model top_left-original-bottom_right-tda-top_right completed in 10.18 seconds.
2025-06-21 22:48:58 - INFO - >>> Model top_left-original-bottom_right-tda-top_right trained. Accuracy: 0.7667 (10.18 sec.)
2025-06-21 22:48:58 - INFO - Training model: original-bottom_left-bottom_right-tda-top_right
2025-06-21 22:49:08 - INFO - Model original-bottom_left-bottom_right-tda-top_right completed in 10.35 seconds.
2025-06-21 22:49:08 - INFO - >>> Model original-bottom_left-bottom_right-tda-top_right trained. Accuracy: 0.7667 (10.35 sec.)
2025-06-21 22:49:08 - INFO - Training model: top_left-original-bottom_left-bottom_right-tda-top_right
2025-06-21 22:49:20 - INFO - Model top_left-original-bottom_left-bottom_right-tda-top_right completed in 11.78 seconds.
2025-06-21 22:49:20 - INFO - >>> Model top_left-original-bottom_left-bottom_right-tda-top_right trained. Accuracy: 0.8000 (11.78 sec.)
2025-06-21 22:49:20 - INFO - All models trained successfully.
2025-06-21 22:49:20 - INFO - ========== [Model Training Completed] in 3.89 minutes ==========
2025-06-21 22:49:20 - INFO - ========== [Experiment Training Complete] ==========
2025-06-21 22:49:20 - INFO - Results saved to /home/jovyan/Workspace/workspace_mnist/results/exp_icecream_100samples_part3/exp_icecream_100samples_part3_2025-06-21_22-49-20.json
2025-06-21 22:49:20 - INFO - Results successfully saved to /home/jovyan/Workspace/workspace_mnist/results/exp_icecream_100samples_part3/exp_icecream_100samples_part3_2025-06-21_22-49-20.json
2025-06-21 22:49:20 - INFO - Forced Garbage collection executed to Free Memory.
2025-06-21 22:49:20 - INFO - ========== [Experiment Completed] in 3.93 minutes ==========
