2025-06-21 20:35:33 - INFO - Logging initialized.
 Writing to /home/jovyan/Workspace/workspace_mnist/logs/exp_icecream_100samples_part3/experiment_logs_2025-06-21_20-35-33.log
2025-06-21 20:35:33 - INFO - ========== [Experiment Start] ==========
2025-06-21 20:35:33 - INFO - Views combinations successfully generated.
2025-06-21 20:35:33 - INFO - Topological Data Analysis pipeline generated.
2025-06-21 20:35:33 - INFO - Folder to save results has been created.
2025-06-21 20:35:33 - INFO - Reading dataset from mnist_784.csv (chunk size: 70000).
2025-06-21 20:35:34 - INFO - Starting multiview data preparation for a chunk of size (70000, 784)...
2025-06-21 20:35:34 - INFO - Running using 28 jobs.
2025-06-21 20:35:34 - INFO - Splitting data: 0.0% train / 30.0% test (random_state=885273074)
2025-06-21 20:35:34 - INFO - Using full training data without second split.
2025-06-21 20:35:34 - INFO - Data split complete. Train size: (70, 784), Test size: (30, 784)
2025-06-21 20:35:34 - INFO - Reshaping train and test data into square images...
2025-06-21 20:35:34 - INFO - Reshaping complete. Train images shape: (70, 28, 28), Test images shape: (30, 28, 28)
2025-06-21 20:35:34 - INFO - Splitting images into quadrant views...
2025-06-21 20:35:34 - INFO - Quadrant view splitting complete. Train views: 4, Test views: 4
2025-06-21 20:35:34 - INFO - Saving sample images for each view...
2025-06-21 20:35:34 - INFO - Sample views saved successfully.
2025-06-21 20:35:34 - INFO - Starting TDA pipeline transformation on train data...
2025-06-21 20:35:35 - INFO - TDA transformation for train completed (0.03 minutes).
2025-06-21 20:35:35 - INFO - Applying TDA pipeline transformation on test data...
2025-06-21 20:35:36 - INFO - TDA transformation for test completed (0.01 minutes).
2025-06-21 20:35:36 - INFO - ========== [Model Training Start] ==========
2025-06-21 20:35:36 - INFO - Training model: original
2025-06-21 20:35:36 - INFO - Model original completed in 0.31 seconds.
2025-06-21 20:35:36 - INFO - >>> Model original trained. Accuracy: 0.7000 (0.31 sec.)
2025-06-21 20:35:36 - INFO - Training model: top_left-original
2025-06-21 20:35:41 - INFO - Model top_left-original completed in 4.44 seconds.
2025-06-21 20:35:41 - INFO - >>> Model top_left-original trained. Accuracy: 0.6333 (4.44 sec.)
2025-06-21 20:35:41 - INFO - Training model: original-bottom_left
2025-06-21 20:35:45 - INFO - Model original-bottom_left completed in 4.48 seconds.
2025-06-21 20:35:45 - INFO - >>> Model original-bottom_left trained. Accuracy: 0.6333 (4.48 sec.)
2025-06-21 20:35:45 - INFO - Training model: bottom_right-original
2025-06-21 20:35:50 - INFO - Model bottom_right-original completed in 4.27 seconds.
2025-06-21 20:35:50 - INFO - >>> Model bottom_right-original trained. Accuracy: 0.5000 (4.27 sec.)
2025-06-21 20:35:50 - INFO - Training model: tda-original
2025-06-21 20:35:54 - INFO - Model tda-original completed in 4.40 seconds.
2025-06-21 20:35:54 - INFO - >>> Model tda-original trained. Accuracy: 0.8000 (4.40 sec.)
2025-06-21 20:35:54 - INFO - Training model: top_right-original
2025-06-21 20:35:59 - INFO - Model top_right-original completed in 4.47 seconds.
2025-06-21 20:35:59 - INFO - >>> Model top_right-original trained. Accuracy: 0.6667 (4.47 sec.)
2025-06-21 20:35:59 - INFO - Training model: top_left-original-bottom_left
2025-06-21 20:36:05 - INFO - Model top_left-original-bottom_left completed in 6.53 seconds.
2025-06-21 20:36:05 - INFO - >>> Model top_left-original-bottom_left trained. Accuracy: 0.6333 (6.53 sec.)
2025-06-21 20:36:05 - INFO - Training model: top_left-original-bottom_right
2025-06-21 20:36:12 - INFO - Model top_left-original-bottom_right completed in 6.59 seconds.
2025-06-21 20:36:12 - INFO - >>> Model top_left-original-bottom_right trained. Accuracy: 0.6333 (6.59 sec.)
2025-06-21 20:36:12 - INFO - Training model: top_left-original-tda
2025-06-21 20:36:18 - INFO - Model top_left-original-tda completed in 6.00 seconds.
2025-06-21 20:36:18 - INFO - >>> Model top_left-original-tda trained. Accuracy: 0.8000 (6.00 sec.)
2025-06-21 20:36:18 - INFO - Training model: top_left-original-top_right
2025-06-21 20:36:24 - INFO - Model top_left-original-top_right completed in 6.32 seconds.
2025-06-21 20:36:24 - INFO - >>> Model top_left-original-top_right trained. Accuracy: 0.6667 (6.32 sec.)
2025-06-21 20:36:24 - INFO - Training model: bottom_right-original-bottom_left
2025-06-21 20:36:30 - INFO - Model bottom_right-original-bottom_left completed in 6.30 seconds.
2025-06-21 20:36:30 - INFO - >>> Model bottom_right-original-bottom_left trained. Accuracy: 0.6333 (6.30 sec.)
2025-06-21 20:36:30 - INFO - Training model: tda-original-bottom_left
2025-06-21 20:36:37 - INFO - Model tda-original-bottom_left completed in 6.30 seconds.
2025-06-21 20:36:37 - INFO - >>> Model tda-original-bottom_left trained. Accuracy: 0.8000 (6.30 sec.)
2025-06-21 20:36:37 - INFO - Training model: top_right-original-bottom_left
2025-06-21 20:36:43 - INFO - Model top_right-original-bottom_left completed in 6.61 seconds.
2025-06-21 20:36:43 - INFO - >>> Model top_right-original-bottom_left trained. Accuracy: 0.7333 (6.61 sec.)
2025-06-21 20:36:43 - INFO - Training model: bottom_right-original-tda
2025-06-21 20:36:49 - INFO - Model bottom_right-original-tda completed in 6.09 seconds.
2025-06-21 20:36:49 - INFO - >>> Model bottom_right-original-tda trained. Accuracy: 0.7333 (6.09 sec.)
2025-06-21 20:36:49 - INFO - Training model: bottom_right-original-top_right
2025-06-21 20:36:56 - INFO - Model bottom_right-original-top_right completed in 6.38 seconds.
2025-06-21 20:36:56 - INFO - >>> Model bottom_right-original-top_right trained. Accuracy: 0.6667 (6.38 sec.)
2025-06-21 20:36:56 - INFO - Training model: tda-original-top_right
2025-06-21 20:37:02 - INFO - Model tda-original-top_right completed in 6.44 seconds.
2025-06-21 20:37:02 - INFO - >>> Model tda-original-top_right trained. Accuracy: 0.8000 (6.44 sec.)
2025-06-21 20:37:02 - INFO - Training model: top_left-original-bottom_left-bottom_right
2025-06-21 20:37:11 - INFO - Model top_left-original-bottom_left-bottom_right completed in 8.43 seconds.
2025-06-21 20:37:11 - INFO - >>> Model top_left-original-bottom_left-bottom_right trained. Accuracy: 0.6333 (8.43 sec.)
2025-06-21 20:37:11 - INFO - Training model: top_left-original-bottom_left-tda
2025-06-21 20:37:19 - INFO - Model top_left-original-bottom_left-tda completed in 8.61 seconds.
2025-06-21 20:37:19 - INFO - >>> Model top_left-original-bottom_left-tda trained. Accuracy: 0.7667 (8.61 sec.)
2025-06-21 20:37:19 - INFO - Training model: top_left-original-bottom_left-top_right
2025-06-21 20:37:28 - INFO - Model top_left-original-bottom_left-top_right completed in 8.41 seconds.
2025-06-21 20:37:28 - INFO - >>> Model top_left-original-bottom_left-top_right trained. Accuracy: 0.7667 (8.41 sec.)
2025-06-21 20:37:28 - INFO - Training model: top_left-original-bottom_right-tda
2025-06-21 20:37:36 - INFO - Model top_left-original-bottom_right-tda completed in 8.27 seconds.
2025-06-21 20:37:36 - INFO - >>> Model top_left-original-bottom_right-tda trained. Accuracy: 0.8333 (8.27 sec.)
2025-06-21 20:37:36 - INFO - Training model: top_left-original-top_right-bottom_right
2025-06-21 20:37:44 - INFO - Model top_left-original-top_right-bottom_right completed in 8.07 seconds.
2025-06-21 20:37:44 - INFO - >>> Model top_left-original-top_right-bottom_right trained. Accuracy: 0.6333 (8.07 sec.)
2025-06-21 20:37:44 - INFO - Training model: top_left-original-top_right-tda
2025-06-21 20:37:53 - INFO - Model top_left-original-top_right-tda completed in 8.54 seconds.
2025-06-21 20:37:53 - INFO - >>> Model top_left-original-top_right-tda trained. Accuracy: 0.7667 (8.54 sec.)
2025-06-21 20:37:53 - INFO - Training model: bottom_right-original-bottom_left-tda
2025-06-21 20:38:01 - INFO - Model bottom_right-original-bottom_left-tda completed in 8.38 seconds.
2025-06-21 20:38:01 - INFO - >>> Model bottom_right-original-bottom_left-tda trained. Accuracy: 0.8000 (8.38 sec.)
2025-06-21 20:38:01 - INFO - Training model: bottom_right-original-bottom_left-top_right
2025-06-21 20:38:10 - INFO - Model bottom_right-original-bottom_left-top_right completed in 8.68 seconds.
2025-06-21 20:38:10 - INFO - >>> Model bottom_right-original-bottom_left-top_right trained. Accuracy: 0.7333 (8.68 sec.)
2025-06-21 20:38:10 - INFO - Training model: tda-original-bottom_left-top_right
2025-06-21 20:38:18 - INFO - Model tda-original-bottom_left-top_right completed in 8.17 seconds.
2025-06-21 20:38:18 - INFO - >>> Model tda-original-bottom_left-top_right trained. Accuracy: 0.8000 (8.17 sec.)
2025-06-21 20:38:18 - INFO - Training model: bottom_right-original-top_right-tda
2025-06-21 20:38:26 - INFO - Model bottom_right-original-top_right-tda completed in 8.26 seconds.
2025-06-21 20:38:26 - INFO - >>> Model bottom_right-original-top_right-tda trained. Accuracy: 0.7667 (8.26 sec.)
2025-06-21 20:38:26 - INFO - Training model: top_left-original-bottom_left-bottom_right-tda
2025-06-21 20:38:36 - INFO - Model top_left-original-bottom_left-bottom_right-tda completed in 10.37 seconds.
2025-06-21 20:38:36 - INFO - >>> Model top_left-original-bottom_left-bottom_right-tda trained. Accuracy: 0.8000 (10.37 sec.)
2025-06-21 20:38:36 - INFO - Training model: top_left-original-bottom_left-bottom_right-top_right
2025-06-21 20:38:47 - INFO - Model top_left-original-bottom_left-bottom_right-top_right completed in 10.41 seconds.
2025-06-21 20:38:47 - INFO - >>> Model top_left-original-bottom_left-bottom_right-top_right trained. Accuracy: 0.7333 (10.41 sec.)
2025-06-21 20:38:47 - INFO - Training model: top_left-original-bottom_left-tda-top_right
2025-06-21 20:38:57 - INFO - Model top_left-original-bottom_left-tda-top_right completed in 10.58 seconds.
2025-06-21 20:38:57 - INFO - >>> Model top_left-original-bottom_left-tda-top_right trained. Accuracy: 0.8333 (10.58 sec.)
2025-06-21 20:38:57 - INFO - Training model: top_left-original-bottom_right-tda-top_right
2025-06-21 20:39:08 - INFO - Model top_left-original-bottom_right-tda-top_right completed in 10.65 seconds.
2025-06-21 20:39:08 - INFO - >>> Model top_left-original-bottom_right-tda-top_right trained. Accuracy: 0.8667 (10.65 sec.)
2025-06-21 20:39:08 - INFO - Training model: original-bottom_left-bottom_right-tda-top_right
2025-06-21 20:39:18 - INFO - Model original-bottom_left-bottom_right-tda-top_right completed in 10.24 seconds.
2025-06-21 20:39:18 - INFO - >>> Model original-bottom_left-bottom_right-tda-top_right trained. Accuracy: 0.8333 (10.24 sec.)
2025-06-21 20:39:18 - INFO - Training model: top_left-original-bottom_left-bottom_right-tda-top_right
2025-06-21 20:39:31 - INFO - Model top_left-original-bottom_left-bottom_right-tda-top_right completed in 12.24 seconds.
2025-06-21 20:39:31 - INFO - >>> Model top_left-original-bottom_left-bottom_right-tda-top_right trained. Accuracy: 0.8333 (12.24 sec.)
2025-06-21 20:39:31 - INFO - All models trained successfully.
2025-06-21 20:39:31 - INFO - ========== [Model Training Completed] in 3.91 minutes ==========
2025-06-21 20:39:31 - INFO - ========== [Experiment Training Complete] ==========
2025-06-21 20:39:31 - INFO - Results saved to /home/jovyan/Workspace/workspace_mnist/results/exp_icecream_100samples_part3/exp_icecream_100samples_part3_2025-06-21_20-39-31.json
2025-06-21 20:39:31 - INFO - Results successfully saved to /home/jovyan/Workspace/workspace_mnist/results/exp_icecream_100samples_part3/exp_icecream_100samples_part3_2025-06-21_20-39-31.json
2025-06-21 20:39:31 - INFO - Forced Garbage collection executed to Free Memory.
2025-06-21 20:39:31 - INFO - ========== [Experiment Completed] in 3.96 minutes ==========
