2025-06-21 18:29:34 - INFO - Logging initialized.
 Writing to /home/jovyan/Workspace/workspace_mnist/logs/exp_icecream_100samples_part3/experiment_logs_2025-06-21_18-29-34.log
2025-06-21 18:29:34 - INFO - ========== [Experiment Start] ==========
2025-06-21 18:29:34 - INFO - Views combinations successfully generated.
2025-06-21 18:29:34 - INFO - Topological Data Analysis pipeline generated.
2025-06-21 18:29:34 - INFO - Folder to save results has been created.
2025-06-21 18:29:34 - INFO - Reading dataset from mnist_784.csv (chunk size: 70000).
2025-06-21 18:29:34 - INFO - Starting multiview data preparation for a chunk of size (70000, 784)...
2025-06-21 18:29:34 - INFO - Running using 28 jobs.
2025-06-21 18:29:35 - INFO - Splitting data: 0.0% train / 30.0% test (random_state=847038258)
2025-06-21 18:29:35 - INFO - Using full training data without second split.
2025-06-21 18:29:35 - INFO - Data split complete. Train size: (70, 784), Test size: (30, 784)
2025-06-21 18:29:35 - INFO - Reshaping train and test data into square images...
2025-06-21 18:29:35 - INFO - Reshaping complete. Train images shape: (70, 28, 28), Test images shape: (30, 28, 28)
2025-06-21 18:29:35 - INFO - Splitting images into quadrant views...
2025-06-21 18:29:35 - INFO - Quadrant view splitting complete. Train views: 4, Test views: 4
2025-06-21 18:29:35 - INFO - Saving sample images for each view...
2025-06-21 18:29:35 - INFO - Sample views saved successfully.
2025-06-21 18:29:35 - INFO - Starting TDA pipeline transformation on train data...
2025-06-21 18:29:36 - INFO - TDA transformation for train completed (0.02 minutes).
2025-06-21 18:29:36 - INFO - Applying TDA pipeline transformation on test data...
2025-06-21 18:29:36 - INFO - TDA transformation for test completed (0.01 minutes).
2025-06-21 18:29:36 - INFO - ========== [Model Training Start] ==========
2025-06-21 18:29:36 - INFO - Training model: original
2025-06-21 18:29:36 - INFO - Model original completed in 0.33 seconds.
2025-06-21 18:29:36 - INFO - >>> Model original trained. Accuracy: 0.6667 (0.33 sec.)
2025-06-21 18:29:36 - INFO - Training model: top_left-original
2025-06-21 18:29:41 - INFO - Model top_left-original completed in 4.19 seconds.
2025-06-21 18:29:41 - INFO - >>> Model top_left-original trained. Accuracy: 0.7333 (4.19 sec.)
2025-06-21 18:29:41 - INFO - Training model: original-bottom_left
2025-06-21 18:29:45 - INFO - Model original-bottom_left completed in 4.38 seconds.
2025-06-21 18:29:45 - INFO - >>> Model original-bottom_left trained. Accuracy: 0.5333 (4.38 sec.)
2025-06-21 18:29:45 - INFO - Training model: bottom_right-original
2025-06-21 18:29:49 - INFO - Model bottom_right-original completed in 4.35 seconds.
2025-06-21 18:29:49 - INFO - >>> Model bottom_right-original trained. Accuracy: 0.4667 (4.35 sec.)
2025-06-21 18:29:49 - INFO - Training model: tda-original
2025-06-21 18:29:54 - INFO - Model tda-original completed in 4.31 seconds.
2025-06-21 18:29:54 - INFO - >>> Model tda-original trained. Accuracy: 0.8000 (4.31 sec.)
2025-06-21 18:29:54 - INFO - Training model: top_right-original
2025-06-21 18:29:58 - INFO - Model top_right-original completed in 4.48 seconds.
2025-06-21 18:29:58 - INFO - >>> Model top_right-original trained. Accuracy: 0.6333 (4.48 sec.)
2025-06-21 18:29:58 - INFO - Training model: top_left-original-bottom_left
2025-06-21 18:30:04 - INFO - Model top_left-original-bottom_left completed in 6.25 seconds.
2025-06-21 18:30:04 - INFO - >>> Model top_left-original-bottom_left trained. Accuracy: 0.6000 (6.25 sec.)
2025-06-21 18:30:04 - INFO - Training model: top_left-original-bottom_right
2025-06-21 18:30:11 - INFO - Model top_left-original-bottom_right completed in 6.39 seconds.
2025-06-21 18:30:11 - INFO - >>> Model top_left-original-bottom_right trained. Accuracy: 0.5667 (6.39 sec.)
2025-06-21 18:30:11 - INFO - Training model: top_left-original-tda
2025-06-21 18:30:17 - INFO - Model top_left-original-tda completed in 6.48 seconds.
2025-06-21 18:30:17 - INFO - >>> Model top_left-original-tda trained. Accuracy: 0.8000 (6.48 sec.)
2025-06-21 18:30:17 - INFO - Training model: top_left-original-top_right
2025-06-21 18:30:24 - INFO - Model top_left-original-top_right completed in 6.24 seconds.
2025-06-21 18:30:24 - INFO - >>> Model top_left-original-top_right trained. Accuracy: 0.7000 (6.24 sec.)
2025-06-21 18:30:24 - INFO - Training model: bottom_right-original-bottom_left
2025-06-21 18:30:30 - INFO - Model bottom_right-original-bottom_left completed in 6.15 seconds.
2025-06-21 18:30:30 - INFO - >>> Model bottom_right-original-bottom_left trained. Accuracy: 0.5000 (6.15 sec.)
2025-06-21 18:30:30 - INFO - Training model: tda-original-bottom_left
2025-06-21 18:30:36 - INFO - Model tda-original-bottom_left completed in 6.32 seconds.
2025-06-21 18:30:36 - INFO - >>> Model tda-original-bottom_left trained. Accuracy: 0.8667 (6.32 sec.)
2025-06-21 18:30:36 - INFO - Training model: top_right-original-bottom_left
2025-06-21 18:30:42 - INFO - Model top_right-original-bottom_left completed in 6.45 seconds.
2025-06-21 18:30:42 - INFO - >>> Model top_right-original-bottom_left trained. Accuracy: 0.5000 (6.45 sec.)
2025-06-21 18:30:42 - INFO - Training model: bottom_right-original-tda
2025-06-21 18:30:49 - INFO - Model bottom_right-original-tda completed in 6.32 seconds.
2025-06-21 18:30:49 - INFO - >>> Model bottom_right-original-tda trained. Accuracy: 0.8000 (6.32 sec.)
2025-06-21 18:30:49 - INFO - Training model: bottom_right-original-top_right
2025-06-21 18:30:55 - INFO - Model bottom_right-original-top_right completed in 6.14 seconds.
2025-06-21 18:30:55 - INFO - >>> Model bottom_right-original-top_right trained. Accuracy: 0.5667 (6.14 sec.)
2025-06-21 18:30:55 - INFO - Training model: tda-original-top_right
2025-06-21 18:31:01 - INFO - Model tda-original-top_right completed in 6.27 seconds.
2025-06-21 18:31:01 - INFO - >>> Model tda-original-top_right trained. Accuracy: 0.8333 (6.27 sec.)
2025-06-21 18:31:01 - INFO - Training model: top_left-original-bottom_left-bottom_right
2025-06-21 18:31:10 - INFO - Model top_left-original-bottom_left-bottom_right completed in 8.53 seconds.
2025-06-21 18:31:10 - INFO - >>> Model top_left-original-bottom_left-bottom_right trained. Accuracy: 0.6000 (8.53 sec.)
2025-06-21 18:31:10 - INFO - Training model: top_left-original-bottom_left-tda
2025-06-21 18:31:18 - INFO - Model top_left-original-bottom_left-tda completed in 8.39 seconds.
2025-06-21 18:31:18 - INFO - >>> Model top_left-original-bottom_left-tda trained. Accuracy: 0.8333 (8.39 sec.)
2025-06-21 18:31:18 - INFO - Training model: top_left-original-bottom_left-top_right
2025-06-21 18:31:27 - INFO - Model top_left-original-bottom_left-top_right completed in 8.38 seconds.
2025-06-21 18:31:27 - INFO - >>> Model top_left-original-bottom_left-top_right trained. Accuracy: 0.6333 (8.38 sec.)
2025-06-21 18:31:27 - INFO - Training model: top_left-original-bottom_right-tda
2025-06-21 18:31:35 - INFO - Model top_left-original-bottom_right-tda completed in 8.47 seconds.
2025-06-21 18:31:35 - INFO - >>> Model top_left-original-bottom_right-tda trained. Accuracy: 0.8000 (8.47 sec.)
2025-06-21 18:31:35 - INFO - Training model: top_left-original-top_right-bottom_right
2025-06-21 18:31:44 - INFO - Model top_left-original-top_right-bottom_right completed in 8.52 seconds.
2025-06-21 18:31:44 - INFO - >>> Model top_left-original-top_right-bottom_right trained. Accuracy: 0.7000 (8.52 sec.)
2025-06-21 18:31:44 - INFO - Training model: top_left-original-top_right-tda
2025-06-21 18:31:52 - INFO - Model top_left-original-top_right-tda completed in 8.09 seconds.
2025-06-21 18:31:52 - INFO - >>> Model top_left-original-top_right-tda trained. Accuracy: 0.7667 (8.09 sec.)
2025-06-21 18:31:52 - INFO - Training model: bottom_right-original-bottom_left-tda
2025-06-21 18:32:00 - INFO - Model bottom_right-original-bottom_left-tda completed in 8.64 seconds.
2025-06-21 18:32:00 - INFO - >>> Model bottom_right-original-bottom_left-tda trained. Accuracy: 0.7667 (8.64 sec.)
2025-06-21 18:32:00 - INFO - Training model: bottom_right-original-bottom_left-top_right
2025-06-21 18:32:09 - INFO - Model bottom_right-original-bottom_left-top_right completed in 8.31 seconds.
2025-06-21 18:32:09 - INFO - >>> Model bottom_right-original-bottom_left-top_right trained. Accuracy: 0.5333 (8.31 sec.)
2025-06-21 18:32:09 - INFO - Training model: tda-original-bottom_left-top_right
2025-06-21 18:32:17 - INFO - Model tda-original-bottom_left-top_right completed in 8.60 seconds.
2025-06-21 18:32:17 - INFO - >>> Model tda-original-bottom_left-top_right trained. Accuracy: 0.8333 (8.60 sec.)
2025-06-21 18:32:17 - INFO - Training model: bottom_right-original-top_right-tda
2025-06-21 18:32:26 - INFO - Model bottom_right-original-top_right-tda completed in 8.40 seconds.
2025-06-21 18:32:26 - INFO - >>> Model bottom_right-original-top_right-tda trained. Accuracy: 0.7667 (8.40 sec.)
2025-06-21 18:32:26 - INFO - Training model: top_left-original-bottom_left-bottom_right-tda
2025-06-21 18:32:36 - INFO - Model top_left-original-bottom_left-bottom_right-tda completed in 9.99 seconds.
2025-06-21 18:32:36 - INFO - >>> Model top_left-original-bottom_left-bottom_right-tda trained. Accuracy: 0.8333 (9.99 sec.)
2025-06-21 18:32:36 - INFO - Training model: top_left-original-bottom_left-bottom_right-top_right
2025-06-21 18:32:46 - INFO - Model top_left-original-bottom_left-bottom_right-top_right completed in 10.54 seconds.
2025-06-21 18:32:46 - INFO - >>> Model top_left-original-bottom_left-bottom_right-top_right trained. Accuracy: 0.6333 (10.54 sec.)
2025-06-21 18:32:46 - INFO - Training model: top_left-original-bottom_left-tda-top_right
2025-06-21 18:32:57 - INFO - Model top_left-original-bottom_left-tda-top_right completed in 10.54 seconds.
2025-06-21 18:32:57 - INFO - >>> Model top_left-original-bottom_left-tda-top_right trained. Accuracy: 0.8333 (10.54 sec.)
2025-06-21 18:32:57 - INFO - Training model: top_left-original-bottom_right-tda-top_right
2025-06-21 18:33:07 - INFO - Model top_left-original-bottom_right-tda-top_right completed in 10.30 seconds.
2025-06-21 18:33:07 - INFO - >>> Model top_left-original-bottom_right-tda-top_right trained. Accuracy: 0.8333 (10.30 sec.)
2025-06-21 18:33:07 - INFO - Training model: original-bottom_left-bottom_right-tda-top_right
2025-06-21 18:33:18 - INFO - Model original-bottom_left-bottom_right-tda-top_right completed in 10.51 seconds.
2025-06-21 18:33:18 - INFO - >>> Model original-bottom_left-bottom_right-tda-top_right trained. Accuracy: 0.8333 (10.51 sec.)
2025-06-21 18:33:18 - INFO - Training model: top_left-original-bottom_left-bottom_right-tda-top_right
2025-06-21 18:33:30 - INFO - Model top_left-original-bottom_left-bottom_right-tda-top_right completed in 12.41 seconds.
2025-06-21 18:33:30 - INFO - >>> Model top_left-original-bottom_left-bottom_right-tda-top_right trained. Accuracy: 0.8667 (12.41 sec.)
2025-06-21 18:33:30 - INFO - All models trained successfully.
2025-06-21 18:33:30 - INFO - ========== [Model Training Completed] in 3.90 minutes ==========
2025-06-21 18:33:30 - INFO - ========== [Experiment Training Complete] ==========
2025-06-21 18:33:30 - INFO - Results saved to /home/jovyan/Workspace/workspace_mnist/results/exp_icecream_100samples_part3/exp_icecream_100samples_part3_2025-06-21_18-33-30.json
2025-06-21 18:33:30 - INFO - Results successfully saved to /home/jovyan/Workspace/workspace_mnist/results/exp_icecream_100samples_part3/exp_icecream_100samples_part3_2025-06-21_18-33-30.json
2025-06-21 18:33:30 - INFO - Forced Garbage collection executed to Free Memory.
2025-06-21 18:33:30 - INFO - ========== [Experiment Completed] in 3.94 minutes ==========
