2025-06-21 19:48:17 - INFO - Logging initialized.
 Writing to /home/jovyan/Workspace/workspace_mnist/logs/exp_icecream_100samples_part3/experiment_logs_2025-06-21_19-48-17.log
2025-06-21 19:48:17 - INFO - ========== [Experiment Start] ==========
2025-06-21 19:48:17 - INFO - Views combinations successfully generated.
2025-06-21 19:48:17 - INFO - Topological Data Analysis pipeline generated.
2025-06-21 19:48:17 - INFO - Folder to save results has been created.
2025-06-21 19:48:17 - INFO - Reading dataset from mnist_784.csv (chunk size: 70000).
2025-06-21 19:48:17 - INFO - Starting multiview data preparation for a chunk of size (70000, 784)...
2025-06-21 19:48:17 - INFO - Running using 28 jobs.
2025-06-21 19:48:18 - INFO - Splitting data: 0.0% train / 30.0% test (random_state=716560186)
2025-06-21 19:48:18 - INFO - Using full training data without second split.
2025-06-21 19:48:18 - INFO - Data split complete. Train size: (70, 784), Test size: (30, 784)
2025-06-21 19:48:18 - INFO - Reshaping train and test data into square images...
2025-06-21 19:48:18 - INFO - Reshaping complete. Train images shape: (70, 28, 28), Test images shape: (30, 28, 28)
2025-06-21 19:48:18 - INFO - Splitting images into quadrant views...
2025-06-21 19:48:18 - INFO - Quadrant view splitting complete. Train views: 4, Test views: 4
2025-06-21 19:48:18 - INFO - Saving sample images for each view...
2025-06-21 19:48:18 - INFO - Sample views saved successfully.
2025-06-21 19:48:18 - INFO - Starting TDA pipeline transformation on train data...
2025-06-21 19:48:19 - INFO - TDA transformation for train completed (0.02 minutes).
2025-06-21 19:48:19 - INFO - Applying TDA pipeline transformation on test data...
2025-06-21 19:48:20 - INFO - TDA transformation for test completed (0.01 minutes).
2025-06-21 19:48:20 - INFO - ========== [Model Training Start] ==========
2025-06-21 19:48:20 - INFO - Training model: original
2025-06-21 19:48:20 - INFO - Model original completed in 0.36 seconds.
2025-06-21 19:48:20 - INFO - >>> Model original trained. Accuracy: 0.7333 (0.36 sec.)
2025-06-21 19:48:20 - INFO - Training model: top_left-original
2025-06-21 19:48:24 - INFO - Model top_left-original completed in 4.19 seconds.
2025-06-21 19:48:24 - INFO - >>> Model top_left-original trained. Accuracy: 0.7000 (4.19 sec.)
2025-06-21 19:48:24 - INFO - Training model: original-bottom_left
2025-06-21 19:48:29 - INFO - Model original-bottom_left completed in 4.40 seconds.
2025-06-21 19:48:29 - INFO - >>> Model original-bottom_left trained. Accuracy: 0.6333 (4.40 sec.)
2025-06-21 19:48:29 - INFO - Training model: bottom_right-original
2025-06-21 19:48:33 - INFO - Model bottom_right-original completed in 4.12 seconds.
2025-06-21 19:48:33 - INFO - >>> Model bottom_right-original trained. Accuracy: 0.6667 (4.12 sec.)
2025-06-21 19:48:33 - INFO - Training model: tda-original
2025-06-21 19:48:37 - INFO - Model tda-original completed in 4.35 seconds.
2025-06-21 19:48:37 - INFO - >>> Model tda-original trained. Accuracy: 0.8000 (4.35 sec.)
2025-06-21 19:48:37 - INFO - Training model: top_right-original
2025-06-21 19:48:42 - INFO - Model top_right-original completed in 4.47 seconds.
2025-06-21 19:48:42 - INFO - >>> Model top_right-original trained. Accuracy: 0.7333 (4.47 sec.)
2025-06-21 19:48:42 - INFO - Training model: top_left-original-bottom_left
2025-06-21 19:48:48 - INFO - Model top_left-original-bottom_left completed in 6.25 seconds.
2025-06-21 19:48:48 - INFO - >>> Model top_left-original-bottom_left trained. Accuracy: 0.7000 (6.25 sec.)
2025-06-21 19:48:48 - INFO - Training model: top_left-original-bottom_right
2025-06-21 19:48:54 - INFO - Model top_left-original-bottom_right completed in 6.42 seconds.
2025-06-21 19:48:54 - INFO - >>> Model top_left-original-bottom_right trained. Accuracy: 0.7000 (6.42 sec.)
2025-06-21 19:48:54 - INFO - Training model: top_left-original-tda
2025-06-21 19:49:01 - INFO - Model top_left-original-tda completed in 6.36 seconds.
2025-06-21 19:49:01 - INFO - >>> Model top_left-original-tda trained. Accuracy: 0.8667 (6.36 sec.)
2025-06-21 19:49:01 - INFO - Training model: top_left-original-top_right
2025-06-21 19:49:07 - INFO - Model top_left-original-top_right completed in 6.50 seconds.
2025-06-21 19:49:07 - INFO - >>> Model top_left-original-top_right trained. Accuracy: 0.8000 (6.50 sec.)
2025-06-21 19:49:07 - INFO - Training model: bottom_right-original-bottom_left
2025-06-21 19:49:13 - INFO - Model bottom_right-original-bottom_left completed in 6.20 seconds.
2025-06-21 19:49:13 - INFO - >>> Model bottom_right-original-bottom_left trained. Accuracy: 0.6667 (6.20 sec.)
2025-06-21 19:49:13 - INFO - Training model: tda-original-bottom_left
2025-06-21 19:49:19 - INFO - Model tda-original-bottom_left completed in 6.07 seconds.
2025-06-21 19:49:19 - INFO - >>> Model tda-original-bottom_left trained. Accuracy: 0.8667 (6.07 sec.)
2025-06-21 19:49:19 - INFO - Training model: top_right-original-bottom_left
2025-06-21 19:49:26 - INFO - Model top_right-original-bottom_left completed in 6.43 seconds.
2025-06-21 19:49:26 - INFO - >>> Model top_right-original-bottom_left trained. Accuracy: 0.6667 (6.43 sec.)
2025-06-21 19:49:26 - INFO - Training model: bottom_right-original-tda
2025-06-21 19:49:32 - INFO - Model bottom_right-original-tda completed in 6.40 seconds.
2025-06-21 19:49:32 - INFO - >>> Model bottom_right-original-tda trained. Accuracy: 0.8000 (6.40 sec.)
2025-06-21 19:49:32 - INFO - Training model: bottom_right-original-top_right
2025-06-21 19:49:38 - INFO - Model bottom_right-original-top_right completed in 6.18 seconds.
2025-06-21 19:49:38 - INFO - >>> Model bottom_right-original-top_right trained. Accuracy: 0.7667 (6.18 sec.)
2025-06-21 19:49:38 - INFO - Training model: tda-original-top_right
2025-06-21 19:49:44 - INFO - Model tda-original-top_right completed in 6.03 seconds.
2025-06-21 19:49:44 - INFO - >>> Model tda-original-top_right trained. Accuracy: 0.9000 (6.03 sec.)
2025-06-21 19:49:44 - INFO - Training model: top_left-original-bottom_left-bottom_right
2025-06-21 19:49:53 - INFO - Model top_left-original-bottom_left-bottom_right completed in 8.56 seconds.
2025-06-21 19:49:53 - INFO - >>> Model top_left-original-bottom_left-bottom_right trained. Accuracy: 0.7333 (8.56 sec.)
2025-06-21 19:49:53 - INFO - Training model: top_left-original-bottom_left-tda
2025-06-21 19:50:02 - INFO - Model top_left-original-bottom_left-tda completed in 8.54 seconds.
2025-06-21 19:50:02 - INFO - >>> Model top_left-original-bottom_left-tda trained. Accuracy: 0.8667 (8.54 sec.)
2025-06-21 19:50:02 - INFO - Training model: top_left-original-bottom_left-top_right
2025-06-21 19:50:10 - INFO - Model top_left-original-bottom_left-top_right completed in 8.39 seconds.
2025-06-21 19:50:10 - INFO - >>> Model top_left-original-bottom_left-top_right trained. Accuracy: 0.7333 (8.39 sec.)
2025-06-21 19:50:10 - INFO - Training model: top_left-original-bottom_right-tda
2025-06-21 19:50:18 - INFO - Model top_left-original-bottom_right-tda completed in 8.36 seconds.
2025-06-21 19:50:18 - INFO - >>> Model top_left-original-bottom_right-tda trained. Accuracy: 0.7333 (8.36 sec.)
2025-06-21 19:50:18 - INFO - Training model: top_left-original-top_right-bottom_right
2025-06-21 19:50:27 - INFO - Model top_left-original-top_right-bottom_right completed in 8.46 seconds.
2025-06-21 19:50:27 - INFO - >>> Model top_left-original-top_right-bottom_right trained. Accuracy: 0.7000 (8.46 sec.)
2025-06-21 19:50:27 - INFO - Training model: top_left-original-top_right-tda
2025-06-21 19:50:35 - INFO - Model top_left-original-top_right-tda completed in 8.35 seconds.
2025-06-21 19:50:35 - INFO - >>> Model top_left-original-top_right-tda trained. Accuracy: 0.8667 (8.35 sec.)
2025-06-21 19:50:35 - INFO - Training model: bottom_right-original-bottom_left-tda
2025-06-21 19:50:44 - INFO - Model bottom_right-original-bottom_left-tda completed in 8.44 seconds.
2025-06-21 19:50:44 - INFO - >>> Model bottom_right-original-bottom_left-tda trained. Accuracy: 0.7667 (8.44 sec.)
2025-06-21 19:50:44 - INFO - Training model: bottom_right-original-bottom_left-top_right
2025-06-21 19:50:52 - INFO - Model bottom_right-original-bottom_left-top_right completed in 8.50 seconds.
2025-06-21 19:50:52 - INFO - >>> Model bottom_right-original-bottom_left-top_right trained. Accuracy: 0.7333 (8.50 sec.)
2025-06-21 19:50:52 - INFO - Training model: tda-original-bottom_left-top_right
2025-06-21 19:51:01 - INFO - Model tda-original-bottom_left-top_right completed in 8.56 seconds.
2025-06-21 19:51:01 - INFO - >>> Model tda-original-bottom_left-top_right trained. Accuracy: 0.8667 (8.56 sec.)
2025-06-21 19:51:01 - INFO - Training model: bottom_right-original-top_right-tda
2025-06-21 19:51:09 - INFO - Model bottom_right-original-top_right-tda completed in 8.74 seconds.
2025-06-21 19:51:09 - INFO - >>> Model bottom_right-original-top_right-tda trained. Accuracy: 0.8000 (8.74 sec.)
2025-06-21 19:51:09 - INFO - Training model: top_left-original-bottom_left-bottom_right-tda
2025-06-21 19:51:19 - INFO - Model top_left-original-bottom_left-bottom_right-tda completed in 9.95 seconds.
2025-06-21 19:51:19 - INFO - >>> Model top_left-original-bottom_left-bottom_right-tda trained. Accuracy: 0.8333 (9.95 sec.)
2025-06-21 19:51:19 - INFO - Training model: top_left-original-bottom_left-bottom_right-top_right
2025-06-21 19:51:30 - INFO - Model top_left-original-bottom_left-bottom_right-top_right completed in 10.48 seconds.
2025-06-21 19:51:30 - INFO - >>> Model top_left-original-bottom_left-bottom_right-top_right trained. Accuracy: 0.7667 (10.48 sec.)
2025-06-21 19:51:30 - INFO - Training model: top_left-original-bottom_left-tda-top_right
2025-06-21 19:51:40 - INFO - Model top_left-original-bottom_left-tda-top_right completed in 10.13 seconds.
2025-06-21 19:51:40 - INFO - >>> Model top_left-original-bottom_left-tda-top_right trained. Accuracy: 0.8667 (10.13 sec.)
2025-06-21 19:51:40 - INFO - Training model: top_left-original-bottom_right-tda-top_right
2025-06-21 19:51:50 - INFO - Model top_left-original-bottom_right-tda-top_right completed in 9.84 seconds.
2025-06-21 19:51:50 - INFO - >>> Model top_left-original-bottom_right-tda-top_right trained. Accuracy: 0.8333 (9.84 sec.)
2025-06-21 19:51:50 - INFO - Training model: original-bottom_left-bottom_right-tda-top_right
2025-06-21 19:52:00 - INFO - Model original-bottom_left-bottom_right-tda-top_right completed in 10.53 seconds.
2025-06-21 19:52:00 - INFO - >>> Model original-bottom_left-bottom_right-tda-top_right trained. Accuracy: 0.8000 (10.53 sec.)
2025-06-21 19:52:00 - INFO - Training model: top_left-original-bottom_left-bottom_right-tda-top_right
2025-06-21 19:52:12 - INFO - Model top_left-original-bottom_left-bottom_right-tda-top_right completed in 11.86 seconds.
2025-06-21 19:52:12 - INFO - >>> Model top_left-original-bottom_left-bottom_right-tda-top_right trained. Accuracy: 0.8333 (11.86 sec.)
2025-06-21 19:52:12 - INFO - All models trained successfully.
2025-06-21 19:52:12 - INFO - ========== [Model Training Completed] in 3.88 minutes ==========
2025-06-21 19:52:12 - INFO - ========== [Experiment Training Complete] ==========
2025-06-21 19:52:12 - INFO - Results saved to /home/jovyan/Workspace/workspace_mnist/results/exp_icecream_100samples_part3/exp_icecream_100samples_part3_2025-06-21_19-52-12.json
2025-06-21 19:52:12 - INFO - Results successfully saved to /home/jovyan/Workspace/workspace_mnist/results/exp_icecream_100samples_part3/exp_icecream_100samples_part3_2025-06-21_19-52-12.json
2025-06-21 19:52:12 - INFO - Forced Garbage collection executed to Free Memory.
2025-06-21 19:52:12 - INFO - ========== [Experiment Completed] in 3.93 minutes ==========
