2025-06-21 22:49:20 - INFO - Logging initialized.
 Writing to /home/jovyan/Workspace/workspace_mnist/logs/exp_icecream_100samples_part3/experiment_logs_2025-06-21_22-49-20.log
2025-06-21 22:49:20 - INFO - ========== [Experiment Start] ==========
2025-06-21 22:49:20 - INFO - Views combinations successfully generated.
2025-06-21 22:49:20 - INFO - Topological Data Analysis pipeline generated.
2025-06-21 22:49:20 - INFO - Folder to save results has been created.
2025-06-21 22:49:20 - INFO - Reading dataset from mnist_784.csv (chunk size: 70000).
2025-06-21 22:49:21 - INFO - Starting multiview data preparation for a chunk of size (70000, 784)...
2025-06-21 22:49:21 - INFO - Running using 28 jobs.
2025-06-21 22:49:21 - INFO - Splitting data: 0.0% train / 30.0% test (random_state=231055848)
2025-06-21 22:49:21 - INFO - Using full training data without second split.
2025-06-21 22:49:21 - INFO - Data split complete. Train size: (70, 784), Test size: (30, 784)
2025-06-21 22:49:21 - INFO - Reshaping train and test data into square images...
2025-06-21 22:49:21 - INFO - Reshaping complete. Train images shape: (70, 28, 28), Test images shape: (30, 28, 28)
2025-06-21 22:49:21 - INFO - Splitting images into quadrant views...
2025-06-21 22:49:21 - INFO - Quadrant view splitting complete. Train views: 4, Test views: 4
2025-06-21 22:49:21 - INFO - Saving sample images for each view...
2025-06-21 22:49:21 - INFO - Sample views saved successfully.
2025-06-21 22:49:21 - INFO - Starting TDA pipeline transformation on train data...
2025-06-21 22:49:22 - INFO - TDA transformation for train completed (0.02 minutes).
2025-06-21 22:49:22 - INFO - Applying TDA pipeline transformation on test data...
2025-06-21 22:49:23 - INFO - TDA transformation for test completed (0.01 minutes).
2025-06-21 22:49:23 - INFO - ========== [Model Training Start] ==========
2025-06-21 22:49:23 - INFO - Training model: original
2025-06-21 22:49:23 - INFO - Model original completed in 0.33 seconds.
2025-06-21 22:49:23 - INFO - >>> Model original trained. Accuracy: 0.7333 (0.33 sec.)
2025-06-21 22:49:23 - INFO - Training model: top_left-original
2025-06-21 22:49:28 - INFO - Model top_left-original completed in 4.47 seconds.
2025-06-21 22:49:28 - INFO - >>> Model top_left-original trained. Accuracy: 0.6000 (4.47 sec.)
2025-06-21 22:49:28 - INFO - Training model: original-bottom_left
2025-06-21 22:49:32 - INFO - Model original-bottom_left completed in 4.40 seconds.
2025-06-21 22:49:32 - INFO - >>> Model original-bottom_left trained. Accuracy: 0.4667 (4.40 sec.)
2025-06-21 22:49:32 - INFO - Training model: bottom_right-original
2025-06-21 22:49:36 - INFO - Model bottom_right-original completed in 4.06 seconds.
2025-06-21 22:49:36 - INFO - >>> Model bottom_right-original trained. Accuracy: 0.5000 (4.06 sec.)
2025-06-21 22:49:36 - INFO - Training model: tda-original
2025-06-21 22:49:40 - INFO - Model tda-original completed in 4.33 seconds.
2025-06-21 22:49:40 - INFO - >>> Model tda-original trained. Accuracy: 0.8000 (4.33 sec.)
2025-06-21 22:49:40 - INFO - Training model: top_right-original
2025-06-21 22:49:45 - INFO - Model top_right-original completed in 4.56 seconds.
2025-06-21 22:49:45 - INFO - >>> Model top_right-original trained. Accuracy: 0.5667 (4.56 sec.)
2025-06-21 22:49:45 - INFO - Training model: top_left-original-bottom_left
2025-06-21 22:49:51 - INFO - Model top_left-original-bottom_left completed in 6.03 seconds.
2025-06-21 22:49:51 - INFO - >>> Model top_left-original-bottom_left trained. Accuracy: 0.6667 (6.03 sec.)
2025-06-21 22:49:51 - INFO - Training model: top_left-original-bottom_right
2025-06-21 22:49:58 - INFO - Model top_left-original-bottom_right completed in 6.58 seconds.
2025-06-21 22:49:58 - INFO - >>> Model top_left-original-bottom_right trained. Accuracy: 0.6000 (6.58 sec.)
2025-06-21 22:49:58 - INFO - Training model: top_left-original-tda
2025-06-21 22:50:04 - INFO - Model top_left-original-tda completed in 6.47 seconds.
2025-06-21 22:50:04 - INFO - >>> Model top_left-original-tda trained. Accuracy: 0.8667 (6.47 sec.)
2025-06-21 22:50:04 - INFO - Training model: top_left-original-top_right
2025-06-21 22:50:11 - INFO - Model top_left-original-top_right completed in 6.46 seconds.
2025-06-21 22:50:11 - INFO - >>> Model top_left-original-top_right trained. Accuracy: 0.7000 (6.46 sec.)
2025-06-21 22:50:11 - INFO - Training model: bottom_right-original-bottom_left
2025-06-21 22:50:17 - INFO - Model bottom_right-original-bottom_left completed in 6.26 seconds.
2025-06-21 22:50:17 - INFO - >>> Model bottom_right-original-bottom_left trained. Accuracy: 0.5333 (6.26 sec.)
2025-06-21 22:50:17 - INFO - Training model: tda-original-bottom_left
2025-06-21 22:50:23 - INFO - Model tda-original-bottom_left completed in 6.56 seconds.
2025-06-21 22:50:23 - INFO - >>> Model tda-original-bottom_left trained. Accuracy: 0.7333 (6.56 sec.)
2025-06-21 22:50:23 - INFO - Training model: top_right-original-bottom_left
2025-06-21 22:50:30 - INFO - Model top_right-original-bottom_left completed in 6.05 seconds.
2025-06-21 22:50:30 - INFO - >>> Model top_right-original-bottom_left trained. Accuracy: 0.5667 (6.05 sec.)
2025-06-21 22:50:30 - INFO - Training model: bottom_right-original-tda
2025-06-21 22:50:36 - INFO - Model bottom_right-original-tda completed in 6.47 seconds.
2025-06-21 22:50:36 - INFO - >>> Model bottom_right-original-tda trained. Accuracy: 0.8000 (6.47 sec.)
2025-06-21 22:50:36 - INFO - Training model: bottom_right-original-top_right
2025-06-21 22:50:42 - INFO - Model bottom_right-original-top_right completed in 6.23 seconds.
2025-06-21 22:50:42 - INFO - >>> Model bottom_right-original-top_right trained. Accuracy: 0.5667 (6.23 sec.)
2025-06-21 22:50:42 - INFO - Training model: tda-original-top_right
2025-06-21 22:50:49 - INFO - Model tda-original-top_right completed in 6.47 seconds.
2025-06-21 22:50:49 - INFO - >>> Model tda-original-top_right trained. Accuracy: 0.8000 (6.47 sec.)
2025-06-21 22:50:49 - INFO - Training model: top_left-original-bottom_left-bottom_right
2025-06-21 22:50:57 - INFO - Model top_left-original-bottom_left-bottom_right completed in 8.66 seconds.
2025-06-21 22:50:57 - INFO - >>> Model top_left-original-bottom_left-bottom_right trained. Accuracy: 0.6667 (8.66 sec.)
2025-06-21 22:50:57 - INFO - Training model: top_left-original-bottom_left-tda
2025-06-21 22:51:06 - INFO - Model top_left-original-bottom_left-tda completed in 8.75 seconds.
2025-06-21 22:51:06 - INFO - >>> Model top_left-original-bottom_left-tda trained. Accuracy: 0.7333 (8.75 sec.)
2025-06-21 22:51:06 - INFO - Training model: top_left-original-bottom_left-top_right
2025-06-21 22:51:14 - INFO - Model top_left-original-bottom_left-top_right completed in 8.33 seconds.
2025-06-21 22:51:14 - INFO - >>> Model top_left-original-bottom_left-top_right trained. Accuracy: 0.7333 (8.33 sec.)
2025-06-21 22:51:14 - INFO - Training model: top_left-original-bottom_right-tda
2025-06-21 22:51:23 - INFO - Model top_left-original-bottom_right-tda completed in 8.27 seconds.
2025-06-21 22:51:23 - INFO - >>> Model top_left-original-bottom_right-tda trained. Accuracy: 0.8333 (8.27 sec.)
2025-06-21 22:51:23 - INFO - Training model: top_left-original-top_right-bottom_right
2025-06-21 22:51:31 - INFO - Model top_left-original-top_right-bottom_right completed in 8.28 seconds.
2025-06-21 22:51:31 - INFO - >>> Model top_left-original-top_right-bottom_right trained. Accuracy: 0.6667 (8.28 sec.)
2025-06-21 22:51:31 - INFO - Training model: top_left-original-top_right-tda
2025-06-21 22:51:40 - INFO - Model top_left-original-top_right-tda completed in 8.48 seconds.
2025-06-21 22:51:40 - INFO - >>> Model top_left-original-top_right-tda trained. Accuracy: 0.8333 (8.48 sec.)
2025-06-21 22:51:40 - INFO - Training model: bottom_right-original-bottom_left-tda
2025-06-21 22:51:48 - INFO - Model bottom_right-original-bottom_left-tda completed in 8.56 seconds.
2025-06-21 22:51:48 - INFO - >>> Model bottom_right-original-bottom_left-tda trained. Accuracy: 0.8000 (8.56 sec.)
2025-06-21 22:51:48 - INFO - Training model: bottom_right-original-bottom_left-top_right
2025-06-21 22:51:56 - INFO - Model bottom_right-original-bottom_left-top_right completed in 8.41 seconds.
2025-06-21 22:51:57 - INFO - >>> Model bottom_right-original-bottom_left-top_right trained. Accuracy: 0.5667 (8.41 sec.)
2025-06-21 22:51:57 - INFO - Training model: tda-original-bottom_left-top_right
2025-06-21 22:52:05 - INFO - Model tda-original-bottom_left-top_right completed in 8.51 seconds.
2025-06-21 22:52:05 - INFO - >>> Model tda-original-bottom_left-top_right trained. Accuracy: 0.7000 (8.51 sec.)
2025-06-21 22:52:05 - INFO - Training model: bottom_right-original-top_right-tda
2025-06-21 22:52:13 - INFO - Model bottom_right-original-top_right-tda completed in 8.44 seconds.
2025-06-21 22:52:13 - INFO - >>> Model bottom_right-original-top_right-tda trained. Accuracy: 0.8667 (8.44 sec.)
2025-06-21 22:52:13 - INFO - Training model: top_left-original-bottom_left-bottom_right-tda
2025-06-21 22:52:24 - INFO - Model top_left-original-bottom_left-bottom_right-tda completed in 10.47 seconds.
2025-06-21 22:52:24 - INFO - >>> Model top_left-original-bottom_left-bottom_right-tda trained. Accuracy: 0.7667 (10.47 sec.)
2025-06-21 22:52:24 - INFO - Training model: top_left-original-bottom_left-bottom_right-top_right
2025-06-21 22:52:34 - INFO - Model top_left-original-bottom_left-bottom_right-top_right completed in 10.34 seconds.
2025-06-21 22:52:34 - INFO - >>> Model top_left-original-bottom_left-bottom_right-top_right trained. Accuracy: 0.6667 (10.34 sec.)
2025-06-21 22:52:34 - INFO - Training model: top_left-original-bottom_left-tda-top_right
2025-06-21 22:52:44 - INFO - Model top_left-original-bottom_left-tda-top_right completed in 10.18 seconds.
2025-06-21 22:52:44 - INFO - >>> Model top_left-original-bottom_left-tda-top_right trained. Accuracy: 0.7667 (10.18 sec.)
2025-06-21 22:52:44 - INFO - Training model: top_left-original-bottom_right-tda-top_right
2025-06-21 22:52:55 - INFO - Model top_left-original-bottom_right-tda-top_right completed in 10.76 seconds.
2025-06-21 22:52:55 - INFO - >>> Model top_left-original-bottom_right-tda-top_right trained. Accuracy: 0.9000 (10.76 sec.)
2025-06-21 22:52:55 - INFO - Training model: original-bottom_left-bottom_right-tda-top_right
2025-06-21 22:53:06 - INFO - Model original-bottom_left-bottom_right-tda-top_right completed in 10.80 seconds.
2025-06-21 22:53:06 - INFO - >>> Model original-bottom_left-bottom_right-tda-top_right trained. Accuracy: 0.8000 (10.80 sec.)
2025-06-21 22:53:06 - INFO - Training model: top_left-original-bottom_left-bottom_right-tda-top_right
2025-06-21 22:53:18 - INFO - Model top_left-original-bottom_left-bottom_right-tda-top_right completed in 12.38 seconds.
2025-06-21 22:53:18 - INFO - >>> Model top_left-original-bottom_left-bottom_right-tda-top_right trained. Accuracy: 0.8000 (12.38 sec.)
2025-06-21 22:53:18 - INFO - All models trained successfully.
2025-06-21 22:53:18 - INFO - ========== [Model Training Completed] in 3.93 minutes ==========
2025-06-21 22:53:18 - INFO - ========== [Experiment Training Complete] ==========
2025-06-21 22:53:18 - INFO - Results saved to /home/jovyan/Workspace/workspace_mnist/results/exp_icecream_100samples_part3/exp_icecream_100samples_part3_2025-06-21_22-53-18.json
2025-06-21 22:53:18 - INFO - Results successfully saved to /home/jovyan/Workspace/workspace_mnist/results/exp_icecream_100samples_part3/exp_icecream_100samples_part3_2025-06-21_22-53-18.json
2025-06-21 22:53:18 - INFO - Forced Garbage collection executed to Free Memory.
2025-06-21 22:53:18 - INFO - ========== [Experiment Completed] in 3.98 minutes ==========
