2025-07-19 09:07:05 - INFO - Logging initialized.
 Writing to /home/jovyan/Workspace/workspace_mnist/logs/exp_icecream_noise_saltpepper_40/experiment_logs_2025-07-19_09-07-05.log
2025-07-19 09:07:05 - INFO - ========== [Experiment Start] ==========
2025-07-19 09:07:05 - INFO - Views combinations successfully generated.
2025-07-19 09:07:05 - INFO - Topological Data Analysis pipeline generated.
2025-07-19 09:07:05 - INFO - Folder to save results has been created.
2025-07-19 09:07:05 - INFO - Reading dataset from mnist_784.csv (chunk size: 70000).
2025-07-19 09:07:06 - INFO - Starting multiview data preparation for a chunk of size (70000, 784)...
2025-07-19 09:07:06 - INFO - Running using 20 jobs.
2025-07-19 09:07:06 - INFO - Contaminating dataset with salt_pepper, quantity=0.4, transparency=0.
2025-07-19 09:07:10 - INFO - Splitting data: 80.0% train / 30.0% test (random_state=190059725)
2025-07-19 09:07:10 - INFO - Using full training data without second split.
2025-07-19 09:07:10 - INFO - Data split complete. Train size: (49000, 784), Test size: (21000, 784)
2025-07-19 09:07:10 - INFO - Reshaping train and test data into square images...
2025-07-19 09:07:10 - INFO - Reshaping complete. Train images shape: (49000, 28, 28), Test images shape: (21000, 28, 28)
2025-07-19 09:07:10 - INFO - Splitting images into quadrant views...
2025-07-19 09:07:10 - INFO - Quadrant view splitting complete. Train views: 4, Test views: 4
2025-07-19 09:07:10 - INFO - Starting TDA pipeline transformation on train data...
2025-07-19 09:17:50 - INFO - TDA transformation for train completed (10.67 minutes).
2025-07-19 09:17:50 - INFO - Applying TDA pipeline transformation on test data...
2025-07-19 09:22:07 - INFO - TDA transformation for test completed (4.28 minutes).
2025-07-19 09:22:07 - INFO - ========== [Model Training Start] ==========
2025-07-19 09:22:07 - INFO - Training model: original
2025-07-19 09:22:08 - INFO - Model original completed in 1.39 seconds.
2025-07-19 09:22:08 - INFO - >>> Model original trained. Accuracy: 0.7779 (1.39 sec.)
2025-07-19 09:22:08 - INFO - Training model: top_right-original
2025-07-19 09:22:19 - INFO - Model top_right-original completed in 10.74 seconds.
2025-07-19 09:22:19 - INFO - >>> Model top_right-original trained. Accuracy: 0.8227 (10.74 sec.)
2025-07-19 09:22:19 - INFO - Training model: original-bottom_right
2025-07-19 09:22:30 - INFO - Model original-bottom_right completed in 11.38 seconds.
2025-07-19 09:22:30 - INFO - >>> Model original-bottom_right trained. Accuracy: 0.8027 (11.38 sec.)
2025-07-19 09:22:30 - INFO - Training model: original-bottom_left
2025-07-19 09:22:42 - INFO - Model original-bottom_left completed in 11.24 seconds.
2025-07-19 09:22:42 - INFO - >>> Model original-bottom_left trained. Accuracy: 0.8004 (11.24 sec.)
2025-07-19 09:22:42 - INFO - Training model: top_left-original
2025-07-19 09:22:52 - INFO - Model top_left-original completed in 10.50 seconds.
2025-07-19 09:22:52 - INFO - >>> Model top_left-original trained. Accuracy: 0.8088 (10.50 sec.)
2025-07-19 09:22:52 - INFO - Training model: tda-original
2025-07-19 09:23:17 - INFO - Model tda-original completed in 24.58 seconds.
2025-07-19 09:23:17 - INFO - >>> Model tda-original trained. Accuracy: 0.7967 (24.58 sec.)
2025-07-19 09:23:17 - INFO - Training model: top_right-original-bottom_right
2025-07-19 09:23:31 - INFO - Model top_right-original-bottom_right completed in 14.48 seconds.
2025-07-19 09:23:31 - INFO - >>> Model top_right-original-bottom_right trained. Accuracy: 0.8391 (14.48 sec.)
2025-07-19 09:23:31 - INFO - Training model: top_right-original-bottom_left
2025-07-19 09:23:46 - INFO - Model top_right-original-bottom_left completed in 14.52 seconds.
2025-07-19 09:23:46 - INFO - >>> Model top_right-original-bottom_left trained. Accuracy: 0.8370 (14.52 sec.)
2025-07-19 09:23:46 - INFO - Training model: top_right-original-top_left
2025-07-19 09:24:00 - INFO - Model top_right-original-top_left completed in 14.39 seconds.
2025-07-19 09:24:00 - INFO - >>> Model top_right-original-top_left trained. Accuracy: 0.8401 (14.39 sec.)
2025-07-19 09:24:00 - INFO - Training model: top_right-tda-original
2025-07-19 09:24:28 - INFO - Model top_right-tda-original completed in 28.30 seconds.
2025-07-19 09:24:28 - INFO - >>> Model top_right-tda-original trained. Accuracy: 0.8283 (28.30 sec.)
2025-07-19 09:24:28 - INFO - Training model: bottom_left-original-bottom_right
2025-07-19 09:24:43 - INFO - Model bottom_left-original-bottom_right completed in 14.54 seconds.
2025-07-19 09:24:43 - INFO - >>> Model bottom_left-original-bottom_right trained. Accuracy: 0.8154 (14.54 sec.)
2025-07-19 09:24:43 - INFO - Training model: top_left-original-bottom_right
2025-07-19 09:24:57 - INFO - Model top_left-original-bottom_right completed in 14.50 seconds.
2025-07-19 09:24:57 - INFO - >>> Model top_left-original-bottom_right trained. Accuracy: 0.8217 (14.50 sec.)
2025-07-19 09:24:57 - INFO - Training model: tda-original-bottom_right
2025-07-19 09:25:25 - INFO - Model tda-original-bottom_right completed in 27.91 seconds.
2025-07-19 09:25:25 - INFO - >>> Model tda-original-bottom_right trained. Accuracy: 0.8087 (27.91 sec.)
2025-07-19 09:25:25 - INFO - Training model: top_left-original-bottom_left
2025-07-19 09:25:39 - INFO - Model top_left-original-bottom_left completed in 13.98 seconds.
2025-07-19 09:25:39 - INFO - >>> Model top_left-original-bottom_left trained. Accuracy: 0.8272 (13.98 sec.)
2025-07-19 09:25:39 - INFO - Training model: tda-original-bottom_left
2025-07-19 09:26:07 - INFO - Model tda-original-bottom_left completed in 27.92 seconds.
2025-07-19 09:26:07 - INFO - >>> Model tda-original-bottom_left trained. Accuracy: 0.8077 (27.92 sec.)
2025-07-19 09:26:07 - INFO - Training model: top_left-tda-original
2025-07-19 09:26:35 - INFO - Model top_left-tda-original completed in 27.77 seconds.
2025-07-19 09:26:35 - INFO - >>> Model top_left-tda-original trained. Accuracy: 0.8148 (27.77 sec.)
2025-07-19 09:26:35 - INFO - Training model: top_right-bottom_left-original-bottom_right
2025-07-19 09:26:54 - INFO - Model top_right-bottom_left-original-bottom_right completed in 18.62 seconds.
2025-07-19 09:26:54 - INFO - >>> Model top_right-bottom_left-original-bottom_right trained. Accuracy: 0.8515 (18.62 sec.)
2025-07-19 09:26:54 - INFO - Training model: top_right-top_left-original-bottom_right
2025-07-19 09:27:12 - INFO - Model top_right-top_left-original-bottom_right completed in 18.27 seconds.
2025-07-19 09:27:12 - INFO - >>> Model top_right-top_left-original-bottom_right trained. Accuracy: 0.8558 (18.27 sec.)
2025-07-19 09:27:12 - INFO - Training model: top_right-tda-original-bottom_right
2025-07-19 09:27:43 - INFO - Model top_right-tda-original-bottom_right completed in 31.56 seconds.
2025-07-19 09:27:43 - INFO - >>> Model top_right-tda-original-bottom_right trained. Accuracy: 0.8420 (31.56 sec.)
2025-07-19 09:27:43 - INFO - Training model: top_right-top_left-original-bottom_left
2025-07-19 09:28:02 - INFO - Model top_right-top_left-original-bottom_left completed in 18.42 seconds.
2025-07-19 09:28:02 - INFO - >>> Model top_right-top_left-original-bottom_left trained. Accuracy: 0.8597 (18.42 sec.)
2025-07-19 09:28:02 - INFO - Training model: top_right-tda-original-bottom_left
2025-07-19 09:28:34 - INFO - Model top_right-tda-original-bottom_left completed in 31.65 seconds.
2025-07-19 09:28:34 - INFO - >>> Model top_right-tda-original-bottom_left trained. Accuracy: 0.8437 (31.65 sec.)
2025-07-19 09:28:34 - INFO - Training model: top_right-tda-original-top_left
2025-07-19 09:29:05 - INFO - Model top_right-tda-original-top_left completed in 31.57 seconds.
2025-07-19 09:29:05 - INFO - >>> Model top_right-tda-original-top_left trained. Accuracy: 0.8461 (31.57 sec.)
2025-07-19 09:29:05 - INFO - Training model: top_left-bottom_left-original-bottom_right
2025-07-19 09:29:23 - INFO - Model top_left-bottom_left-original-bottom_right completed in 17.54 seconds.
2025-07-19 09:29:23 - INFO - >>> Model top_left-bottom_left-original-bottom_right trained. Accuracy: 0.8410 (17.54 sec.)
2025-07-19 09:29:23 - INFO - Training model: tda-bottom_left-original-bottom_right
2025-07-19 09:29:54 - INFO - Model tda-bottom_left-original-bottom_right completed in 31.56 seconds.
2025-07-19 09:29:54 - INFO - >>> Model tda-bottom_left-original-bottom_right trained. Accuracy: 0.8231 (31.56 sec.)
2025-07-19 09:29:54 - INFO - Training model: top_left-tda-original-bottom_right
2025-07-19 09:30:25 - INFO - Model top_left-tda-original-bottom_right completed in 30.80 seconds.
2025-07-19 09:30:25 - INFO - >>> Model top_left-tda-original-bottom_right trained. Accuracy: 0.8268 (30.80 sec.)
2025-07-19 09:30:25 - INFO - Training model: top_left-tda-original-bottom_left
2025-07-19 09:30:55 - INFO - Model top_left-tda-original-bottom_left completed in 30.38 seconds.
2025-07-19 09:30:55 - INFO - >>> Model top_left-tda-original-bottom_left trained. Accuracy: 0.8301 (30.38 sec.)
2025-07-19 09:30:55 - INFO - Training model: top_right-bottom_right-original-bottom_left-top_left
2025-07-19 09:31:17 - INFO - Model top_right-bottom_right-original-bottom_left-top_left completed in 21.41 seconds.
2025-07-19 09:31:17 - INFO - >>> Model top_right-bottom_right-original-bottom_left-top_left trained. Accuracy: 0.8729 (21.41 sec.)
2025-07-19 09:31:17 - INFO - Training model: top_right-bottom_right-original-bottom_left-tda
2025-07-19 09:31:51 - INFO - Model top_right-bottom_right-original-bottom_left-tda completed in 34.32 seconds.
2025-07-19 09:31:51 - INFO - >>> Model top_right-bottom_right-original-bottom_left-tda trained. Accuracy: 0.8555 (34.32 sec.)
2025-07-19 09:31:51 - INFO - Training model: top_right-bottom_right-original-top_left-tda
2025-07-19 09:32:26 - INFO - Model top_right-bottom_right-original-top_left-tda completed in 34.42 seconds.
2025-07-19 09:32:26 - INFO - >>> Model top_right-bottom_right-original-top_left-tda trained. Accuracy: 0.8591 (34.42 sec.)
2025-07-19 09:32:26 - INFO - Training model: top_right-original-bottom_left-top_left-tda
2025-07-19 09:32:59 - INFO - Model top_right-original-bottom_left-top_left-tda completed in 33.78 seconds.
2025-07-19 09:32:59 - INFO - >>> Model top_right-original-bottom_left-top_left-tda trained. Accuracy: 0.8630 (33.78 sec.)
2025-07-19 09:32:59 - INFO - Training model: bottom_right-original-bottom_left-top_left-tda
2025-07-19 09:33:34 - INFO - Model bottom_right-original-bottom_left-top_left-tda completed in 34.52 seconds.
2025-07-19 09:33:34 - INFO - >>> Model bottom_right-original-bottom_left-top_left-tda trained. Accuracy: 0.8433 (34.52 sec.)
2025-07-19 09:33:34 - INFO - Training model: top_right-bottom_right-original-bottom_left-top_left-tda
2025-07-19 09:34:13 - INFO - Model top_right-bottom_right-original-bottom_left-top_left-tda completed in 38.80 seconds.
2025-07-19 09:34:13 - INFO - >>> Model top_right-bottom_right-original-bottom_left-top_left-tda trained. Accuracy: 0.8734 (38.80 sec.)
2025-07-19 09:34:13 - INFO - All models trained successfully.
2025-07-19 09:34:13 - INFO - ========== [Model Training Completed] in 12.10 minutes ==========
2025-07-19 09:34:13 - INFO - ========== [Experiment Training Complete] ==========
2025-07-19 09:34:13 - INFO - Results saved to /home/jovyan/Workspace/workspace_mnist/results/exp_icecream_noise_saltpepper_40/exp_icecream_noise_saltpepper_40_2025-07-19_09-34-13.json
2025-07-19 09:34:13 - INFO - Results successfully saved to /home/jovyan/Workspace/workspace_mnist/results/exp_icecream_noise_saltpepper_40/exp_icecream_noise_saltpepper_40_2025-07-19_09-34-13.json
2025-07-19 09:34:13 - INFO - Forced Garbage collection executed to Free Memory.
2025-07-19 09:34:13 - INFO - ========== [Experiment Completed] in 27.13 minutes ==========
