2025-07-19 03:47:04 - INFO - Logging initialized.
 Writing to /home/jovyan/Workspace/workspace_mnist/logs/exp_icecream_noise_saltpepper_40/experiment_logs_2025-07-19_03-47-04.log
2025-07-19 03:47:04 - INFO - ========== [Experiment Start] ==========
2025-07-19 03:47:04 - INFO - Views combinations successfully generated.
2025-07-19 03:47:04 - INFO - Topological Data Analysis pipeline generated.
2025-07-19 03:47:04 - INFO - Folder to save results has been created.
2025-07-19 03:47:04 - INFO - Reading dataset from mnist_784.csv (chunk size: 70000).
2025-07-19 03:47:05 - INFO - Starting multiview data preparation for a chunk of size (70000, 784)...
2025-07-19 03:47:05 - INFO - Running using 20 jobs.
2025-07-19 03:47:05 - INFO - Contaminating dataset with salt_pepper, quantity=0.4, transparency=0.
2025-07-19 03:47:09 - INFO - Splitting data: 80.0% train / 30.0% test (random_state=837036084)
2025-07-19 03:47:09 - INFO - Using full training data without second split.
2025-07-19 03:47:09 - INFO - Data split complete. Train size: (49000, 784), Test size: (21000, 784)
2025-07-19 03:47:09 - INFO - Reshaping train and test data into square images...
2025-07-19 03:47:09 - INFO - Reshaping complete. Train images shape: (49000, 28, 28), Test images shape: (21000, 28, 28)
2025-07-19 03:47:09 - INFO - Splitting images into quadrant views...
2025-07-19 03:47:09 - INFO - Quadrant view splitting complete. Train views: 4, Test views: 4
2025-07-19 03:47:09 - INFO - Starting TDA pipeline transformation on train data...
2025-07-19 03:57:21 - INFO - TDA transformation for train completed (10.21 minutes).
2025-07-19 03:57:21 - INFO - Applying TDA pipeline transformation on test data...
2025-07-19 04:01:41 - INFO - TDA transformation for test completed (4.32 minutes).
2025-07-19 04:01:41 - INFO - ========== [Model Training Start] ==========
2025-07-19 04:01:41 - INFO - Training model: original
2025-07-19 04:01:42 - INFO - Model original completed in 1.27 seconds.
2025-07-19 04:01:42 - INFO - >>> Model original trained. Accuracy: 0.7830 (1.27 sec.)
2025-07-19 04:01:42 - INFO - Training model: top_right-original
2025-07-19 04:01:52 - INFO - Model top_right-original completed in 10.15 seconds.
2025-07-19 04:01:52 - INFO - >>> Model top_right-original trained. Accuracy: 0.8279 (10.15 sec.)
2025-07-19 04:01:52 - INFO - Training model: original-bottom_right
2025-07-19 04:02:02 - INFO - Model original-bottom_right completed in 10.11 seconds.
2025-07-19 04:02:02 - INFO - >>> Model original-bottom_right trained. Accuracy: 0.8071 (10.11 sec.)
2025-07-19 04:02:02 - INFO - Training model: original-bottom_left
2025-07-19 04:02:12 - INFO - Model original-bottom_left completed in 9.95 seconds.
2025-07-19 04:02:12 - INFO - >>> Model original-bottom_left trained. Accuracy: 0.8046 (9.95 sec.)
2025-07-19 04:02:12 - INFO - Training model: top_left-original
2025-07-19 04:02:22 - INFO - Model top_left-original completed in 10.02 seconds.
2025-07-19 04:02:22 - INFO - >>> Model top_left-original trained. Accuracy: 0.8110 (10.02 sec.)
2025-07-19 04:02:22 - INFO - Training model: tda-original
2025-07-19 04:02:46 - INFO - Model tda-original completed in 23.47 seconds.
2025-07-19 04:02:46 - INFO - >>> Model tda-original trained. Accuracy: 0.8009 (23.47 sec.)
2025-07-19 04:02:46 - INFO - Training model: top_right-original-bottom_right
2025-07-19 04:03:00 - INFO - Model top_right-original-bottom_right completed in 14.01 seconds.
2025-07-19 04:03:00 - INFO - >>> Model top_right-original-bottom_right trained. Accuracy: 0.8418 (14.01 sec.)
2025-07-19 04:03:00 - INFO - Training model: top_right-original-bottom_left
2025-07-19 04:03:14 - INFO - Model top_right-original-bottom_left completed in 14.01 seconds.
2025-07-19 04:03:14 - INFO - >>> Model top_right-original-bottom_left trained. Accuracy: 0.8431 (14.01 sec.)
2025-07-19 04:03:14 - INFO - Training model: top_right-original-top_left
2025-07-19 04:03:28 - INFO - Model top_right-original-top_left completed in 14.00 seconds.
2025-07-19 04:03:28 - INFO - >>> Model top_right-original-top_left trained. Accuracy: 0.8432 (14.00 sec.)
2025-07-19 04:03:28 - INFO - Training model: top_right-tda-original
2025-07-19 04:03:55 - INFO - Model top_right-tda-original completed in 27.57 seconds.
2025-07-19 04:03:55 - INFO - >>> Model top_right-tda-original trained. Accuracy: 0.8335 (27.57 sec.)
2025-07-19 04:03:55 - INFO - Training model: bottom_left-original-bottom_right
2025-07-19 04:04:09 - INFO - Model bottom_left-original-bottom_right completed in 14.07 seconds.
2025-07-19 04:04:09 - INFO - >>> Model bottom_left-original-bottom_right trained. Accuracy: 0.8210 (14.07 sec.)
2025-07-19 04:04:09 - INFO - Training model: top_left-original-bottom_right
2025-07-19 04:04:23 - INFO - Model top_left-original-bottom_right completed in 13.99 seconds.
2025-07-19 04:04:23 - INFO - >>> Model top_left-original-bottom_right trained. Accuracy: 0.8232 (13.99 sec.)
2025-07-19 04:04:23 - INFO - Training model: tda-original-bottom_right
2025-07-19 04:04:51 - INFO - Model tda-original-bottom_right completed in 27.26 seconds.
2025-07-19 04:04:51 - INFO - >>> Model tda-original-bottom_right trained. Accuracy: 0.8137 (27.26 sec.)
2025-07-19 04:04:51 - INFO - Training model: top_left-original-bottom_left
2025-07-19 04:05:04 - INFO - Model top_left-original-bottom_left completed in 13.92 seconds.
2025-07-19 04:05:04 - INFO - >>> Model top_left-original-bottom_left trained. Accuracy: 0.8270 (13.92 sec.)
2025-07-19 04:05:04 - INFO - Training model: tda-original-bottom_left
2025-07-19 04:05:32 - INFO - Model tda-original-bottom_left completed in 27.17 seconds.
2025-07-19 04:05:32 - INFO - >>> Model tda-original-bottom_left trained. Accuracy: 0.8117 (27.17 sec.)
2025-07-19 04:05:32 - INFO - Training model: top_left-tda-original
2025-07-19 04:05:58 - INFO - Model top_left-tda-original completed in 26.01 seconds.
2025-07-19 04:05:58 - INFO - >>> Model top_left-tda-original trained. Accuracy: 0.8194 (26.01 sec.)
2025-07-19 04:05:58 - INFO - Training model: top_right-bottom_left-original-bottom_right
2025-07-19 04:06:15 - INFO - Model top_right-bottom_left-original-bottom_right completed in 17.49 seconds.
2025-07-19 04:06:15 - INFO - >>> Model top_right-bottom_left-original-bottom_right trained. Accuracy: 0.8549 (17.49 sec.)
2025-07-19 04:06:15 - INFO - Training model: top_right-top_left-original-bottom_right
2025-07-19 04:06:33 - INFO - Model top_right-top_left-original-bottom_right completed in 17.83 seconds.
2025-07-19 04:06:33 - INFO - >>> Model top_right-top_left-original-bottom_right trained. Accuracy: 0.8588 (17.83 sec.)
2025-07-19 04:06:33 - INFO - Training model: top_right-tda-original-bottom_right
2025-07-19 04:07:03 - INFO - Model top_right-tda-original-bottom_right completed in 30.48 seconds.
2025-07-19 04:07:03 - INFO - >>> Model top_right-tda-original-bottom_right trained. Accuracy: 0.8456 (30.48 sec.)
2025-07-19 04:07:03 - INFO - Training model: top_right-top_left-original-bottom_left
2025-07-19 04:07:20 - INFO - Model top_right-top_left-original-bottom_left completed in 16.99 seconds.
2025-07-19 04:07:20 - INFO - >>> Model top_right-top_left-original-bottom_left trained. Accuracy: 0.8624 (16.99 sec.)
2025-07-19 04:07:20 - INFO - Training model: top_right-tda-original-bottom_left
2025-07-19 04:07:51 - INFO - Model top_right-tda-original-bottom_left completed in 30.54 seconds.
2025-07-19 04:07:51 - INFO - >>> Model top_right-tda-original-bottom_left trained. Accuracy: 0.8487 (30.54 sec.)
2025-07-19 04:07:51 - INFO - Training model: top_right-tda-original-top_left
2025-07-19 04:08:22 - INFO - Model top_right-tda-original-top_left completed in 30.52 seconds.
2025-07-19 04:08:22 - INFO - >>> Model top_right-tda-original-top_left trained. Accuracy: 0.8501 (30.52 sec.)
2025-07-19 04:08:22 - INFO - Training model: top_left-bottom_left-original-bottom_right
2025-07-19 04:08:39 - INFO - Model top_left-bottom_left-original-bottom_right completed in 17.49 seconds.
2025-07-19 04:08:39 - INFO - >>> Model top_left-bottom_left-original-bottom_right trained. Accuracy: 0.8416 (17.49 sec.)
2025-07-19 04:08:39 - INFO - Training model: tda-bottom_left-original-bottom_right
2025-07-19 04:09:10 - INFO - Model tda-bottom_left-original-bottom_right completed in 30.63 seconds.
2025-07-19 04:09:10 - INFO - >>> Model tda-bottom_left-original-bottom_right trained. Accuracy: 0.8271 (30.63 sec.)
2025-07-19 04:09:10 - INFO - Training model: top_left-tda-original-bottom_right
2025-07-19 04:09:40 - INFO - Model top_left-tda-original-bottom_right completed in 30.42 seconds.
2025-07-19 04:09:40 - INFO - >>> Model top_left-tda-original-bottom_right trained. Accuracy: 0.8335 (30.42 sec.)
2025-07-19 04:09:40 - INFO - Training model: top_left-tda-original-bottom_left
2025-07-19 04:10:10 - INFO - Model top_left-tda-original-bottom_left completed in 30.18 seconds.
2025-07-19 04:10:10 - INFO - >>> Model top_left-tda-original-bottom_left trained. Accuracy: 0.8314 (30.18 sec.)
2025-07-19 04:10:10 - INFO - Training model: top_right-bottom_right-original-bottom_left-top_left
2025-07-19 04:10:31 - INFO - Model top_right-bottom_right-original-bottom_left-top_left completed in 20.96 seconds.
2025-07-19 04:10:31 - INFO - >>> Model top_right-bottom_right-original-bottom_left-top_left trained. Accuracy: 0.8771 (20.96 sec.)
2025-07-19 04:10:31 - INFO - Training model: top_right-bottom_right-original-bottom_left-tda
2025-07-19 04:11:06 - INFO - Model top_right-bottom_right-original-bottom_left-tda completed in 34.60 seconds.
2025-07-19 04:11:06 - INFO - >>> Model top_right-bottom_right-original-bottom_left-tda trained. Accuracy: 0.8604 (34.60 sec.)
2025-07-19 04:11:06 - INFO - Training model: top_right-bottom_right-original-top_left-tda
2025-07-19 04:11:40 - INFO - Model top_right-bottom_right-original-top_left-tda completed in 34.49 seconds.
2025-07-19 04:11:40 - INFO - >>> Model top_right-bottom_right-original-top_left-tda trained. Accuracy: 0.8628 (34.49 sec.)
2025-07-19 04:11:40 - INFO - Training model: top_right-original-bottom_left-top_left-tda
2025-07-19 04:12:14 - INFO - Model top_right-original-bottom_left-top_left-tda completed in 34.06 seconds.
2025-07-19 04:12:14 - INFO - >>> Model top_right-original-bottom_left-top_left-tda trained. Accuracy: 0.8653 (34.06 sec.)
2025-07-19 04:12:14 - INFO - Training model: bottom_right-original-bottom_left-top_left-tda
2025-07-19 04:12:49 - INFO - Model bottom_right-original-bottom_left-top_left-tda completed in 34.23 seconds.
2025-07-19 04:12:49 - INFO - >>> Model bottom_right-original-bottom_left-top_left-tda trained. Accuracy: 0.8444 (34.23 sec.)
2025-07-19 04:12:49 - INFO - Training model: top_right-bottom_right-original-bottom_left-top_left-tda
2025-07-19 04:13:26 - INFO - Model top_right-bottom_right-original-bottom_left-top_left-tda completed in 37.68 seconds.
2025-07-19 04:13:26 - INFO - >>> Model top_right-bottom_right-original-bottom_left-top_left-tda trained. Accuracy: 0.8757 (37.68 sec.)
2025-07-19 04:13:26 - INFO - All models trained successfully.
2025-07-19 04:13:26 - INFO - ========== [Model Training Completed] in 11.76 minutes ==========
2025-07-19 04:13:26 - INFO - ========== [Experiment Training Complete] ==========
2025-07-19 04:13:26 - INFO - Results saved to /home/jovyan/Workspace/workspace_mnist/results/exp_icecream_noise_saltpepper_40/exp_icecream_noise_saltpepper_40_2025-07-19_04-13-26.json
2025-07-19 04:13:26 - INFO - Results successfully saved to /home/jovyan/Workspace/workspace_mnist/results/exp_icecream_noise_saltpepper_40/exp_icecream_noise_saltpepper_40_2025-07-19_04-13-26.json
2025-07-19 04:13:26 - INFO - Forced Garbage collection executed to Free Memory.
2025-07-19 04:13:27 - INFO - ========== [Experiment Completed] in 26.38 minutes ==========
