2025-07-19 14:54:37 - INFO - Logging initialized.
 Writing to /home/jovyan/Workspace/workspace_mnist/logs/exp_icecream_noise_saltpepper_40/experiment_logs_2025-07-19_14-54-37.log
2025-07-19 14:54:37 - INFO - ========== [Experiment Start] ==========
2025-07-19 14:54:37 - INFO - Views combinations successfully generated.
2025-07-19 14:54:37 - INFO - Topological Data Analysis pipeline generated.
2025-07-19 14:54:37 - INFO - Folder to save results has been created.
2025-07-19 14:54:37 - INFO - Reading dataset from mnist_784.csv (chunk size: 70000).
2025-07-19 14:54:38 - INFO - Starting multiview data preparation for a chunk of size (70000, 784)...
2025-07-19 14:54:38 - INFO - Running using 20 jobs.
2025-07-19 14:54:38 - INFO - Contaminating dataset with salt_pepper, quantity=0.4, transparency=0.
2025-07-19 14:54:42 - INFO - Splitting data: 80.0% train / 30.0% test (random_state=626543874)
2025-07-19 14:54:42 - INFO - Using full training data without second split.
2025-07-19 14:54:42 - INFO - Data split complete. Train size: (49000, 784), Test size: (21000, 784)
2025-07-19 14:54:42 - INFO - Reshaping train and test data into square images...
2025-07-19 14:54:42 - INFO - Reshaping complete. Train images shape: (49000, 28, 28), Test images shape: (21000, 28, 28)
2025-07-19 14:54:42 - INFO - Splitting images into quadrant views...
2025-07-19 14:54:42 - INFO - Quadrant view splitting complete. Train views: 4, Test views: 4
2025-07-19 14:54:42 - INFO - Starting TDA pipeline transformation on train data...
2025-07-19 15:05:20 - INFO - TDA transformation for train completed (10.63 minutes).
2025-07-19 15:05:20 - INFO - Applying TDA pipeline transformation on test data...
2025-07-19 15:09:40 - INFO - TDA transformation for test completed (4.33 minutes).
2025-07-19 15:09:40 - INFO - ========== [Model Training Start] ==========
2025-07-19 15:09:40 - INFO - Training model: original
2025-07-19 15:09:42 - INFO - Model original completed in 1.38 seconds.
2025-07-19 15:09:42 - INFO - >>> Model original trained. Accuracy: 0.7805 (1.38 sec.)
2025-07-19 15:09:42 - INFO - Training model: top_right-original
2025-07-19 15:09:52 - INFO - Model top_right-original completed in 10.46 seconds.
2025-07-19 15:09:52 - INFO - >>> Model top_right-original trained. Accuracy: 0.8270 (10.46 sec.)
2025-07-19 15:09:52 - INFO - Training model: original-bottom_right
2025-07-19 15:10:03 - INFO - Model original-bottom_right completed in 10.42 seconds.
2025-07-19 15:10:03 - INFO - >>> Model original-bottom_right trained. Accuracy: 0.8030 (10.42 sec.)
2025-07-19 15:10:03 - INFO - Training model: original-bottom_left
2025-07-19 15:10:13 - INFO - Model original-bottom_left completed in 10.57 seconds.
2025-07-19 15:10:13 - INFO - >>> Model original-bottom_left trained. Accuracy: 0.8025 (10.57 sec.)
2025-07-19 15:10:13 - INFO - Training model: top_left-original
2025-07-19 15:10:23 - INFO - Model top_left-original completed in 10.09 seconds.
2025-07-19 15:10:23 - INFO - >>> Model top_left-original trained. Accuracy: 0.8121 (10.09 sec.)
2025-07-19 15:10:23 - INFO - Training model: tda-original
2025-07-19 15:10:47 - INFO - Model tda-original completed in 23.37 seconds.
2025-07-19 15:10:47 - INFO - >>> Model tda-original trained. Accuracy: 0.8000 (23.37 sec.)
2025-07-19 15:10:47 - INFO - Training model: top_right-original-bottom_right
2025-07-19 15:11:01 - INFO - Model top_right-original-bottom_right completed in 14.63 seconds.
2025-07-19 15:11:01 - INFO - >>> Model top_right-original-bottom_right trained. Accuracy: 0.8408 (14.63 sec.)
2025-07-19 15:11:01 - INFO - Training model: top_right-original-bottom_left
2025-07-19 15:11:16 - INFO - Model top_right-original-bottom_left completed in 14.55 seconds.
2025-07-19 15:11:16 - INFO - >>> Model top_right-original-bottom_left trained. Accuracy: 0.8417 (14.55 sec.)
2025-07-19 15:11:16 - INFO - Training model: top_right-original-top_left
2025-07-19 15:11:30 - INFO - Model top_right-original-top_left completed in 14.01 seconds.
2025-07-19 15:11:30 - INFO - >>> Model top_right-original-top_left trained. Accuracy: 0.8450 (14.01 sec.)
2025-07-19 15:11:30 - INFO - Training model: top_right-tda-original
2025-07-19 15:11:58 - INFO - Model top_right-tda-original completed in 27.76 seconds.
2025-07-19 15:11:58 - INFO - >>> Model top_right-tda-original trained. Accuracy: 0.8332 (27.76 sec.)
2025-07-19 15:11:58 - INFO - Training model: bottom_left-original-bottom_right
2025-07-19 15:12:12 - INFO - Model bottom_left-original-bottom_right completed in 14.44 seconds.
2025-07-19 15:12:12 - INFO - >>> Model bottom_left-original-bottom_right trained. Accuracy: 0.8187 (14.44 sec.)
2025-07-19 15:12:12 - INFO - Training model: top_left-original-bottom_right
2025-07-19 15:12:27 - INFO - Model top_left-original-bottom_right completed in 14.62 seconds.
2025-07-19 15:12:27 - INFO - >>> Model top_left-original-bottom_right trained. Accuracy: 0.8237 (14.62 sec.)
2025-07-19 15:12:27 - INFO - Training model: tda-original-bottom_right
2025-07-19 15:12:55 - INFO - Model tda-original-bottom_right completed in 28.05 seconds.
2025-07-19 15:12:55 - INFO - >>> Model tda-original-bottom_right trained. Accuracy: 0.8099 (28.05 sec.)
2025-07-19 15:12:55 - INFO - Training model: top_left-original-bottom_left
2025-07-19 15:13:09 - INFO - Model top_left-original-bottom_left completed in 14.15 seconds.
2025-07-19 15:13:09 - INFO - >>> Model top_left-original-bottom_left trained. Accuracy: 0.8280 (14.15 sec.)
2025-07-19 15:13:09 - INFO - Training model: tda-original-bottom_left
2025-07-19 15:13:35 - INFO - Model tda-original-bottom_left completed in 26.56 seconds.
2025-07-19 15:13:35 - INFO - >>> Model tda-original-bottom_left trained. Accuracy: 0.8100 (26.56 sec.)
2025-07-19 15:13:35 - INFO - Training model: top_left-tda-original
2025-07-19 15:14:02 - INFO - Model top_left-tda-original completed in 26.80 seconds.
2025-07-19 15:14:02 - INFO - >>> Model top_left-tda-original trained. Accuracy: 0.8166 (26.80 sec.)
2025-07-19 15:14:02 - INFO - Training model: top_right-bottom_left-original-bottom_right
2025-07-19 15:14:20 - INFO - Model top_right-bottom_left-original-bottom_right completed in 18.32 seconds.
2025-07-19 15:14:20 - INFO - >>> Model top_right-bottom_left-original-bottom_right trained. Accuracy: 0.8556 (18.32 sec.)
2025-07-19 15:14:20 - INFO - Training model: top_right-top_left-original-bottom_right
2025-07-19 15:14:39 - INFO - Model top_right-top_left-original-bottom_right completed in 18.41 seconds.
2025-07-19 15:14:39 - INFO - >>> Model top_right-top_left-original-bottom_right trained. Accuracy: 0.8583 (18.41 sec.)
2025-07-19 15:14:39 - INFO - Training model: top_right-tda-original-bottom_right
2025-07-19 15:15:11 - INFO - Model top_right-tda-original-bottom_right completed in 31.93 seconds.
2025-07-19 15:15:11 - INFO - >>> Model top_right-tda-original-bottom_right trained. Accuracy: 0.8471 (31.93 sec.)
2025-07-19 15:15:11 - INFO - Training model: top_right-top_left-original-bottom_left
2025-07-19 15:15:29 - INFO - Model top_right-top_left-original-bottom_left completed in 18.26 seconds.
2025-07-19 15:15:29 - INFO - >>> Model top_right-top_left-original-bottom_left trained. Accuracy: 0.8637 (18.26 sec.)
2025-07-19 15:15:29 - INFO - Training model: top_right-tda-original-bottom_left
2025-07-19 15:16:01 - INFO - Model top_right-tda-original-bottom_left completed in 31.49 seconds.
2025-07-19 15:16:01 - INFO - >>> Model top_right-tda-original-bottom_left trained. Accuracy: 0.8465 (31.49 sec.)
2025-07-19 15:16:01 - INFO - Training model: top_right-tda-original-top_left
2025-07-19 15:16:32 - INFO - Model top_right-tda-original-top_left completed in 31.88 seconds.
2025-07-19 15:16:32 - INFO - >>> Model top_right-tda-original-top_left trained. Accuracy: 0.8486 (31.88 sec.)
2025-07-19 15:16:32 - INFO - Training model: top_left-bottom_left-original-bottom_right
2025-07-19 15:16:50 - INFO - Model top_left-bottom_left-original-bottom_right completed in 17.53 seconds.
2025-07-19 15:16:50 - INFO - >>> Model top_left-bottom_left-original-bottom_right trained. Accuracy: 0.8425 (17.53 sec.)
2025-07-19 15:16:50 - INFO - Training model: tda-bottom_left-original-bottom_right
2025-07-19 15:17:22 - INFO - Model tda-bottom_left-original-bottom_right completed in 31.57 seconds.
2025-07-19 15:17:22 - INFO - >>> Model tda-bottom_left-original-bottom_right trained. Accuracy: 0.8238 (31.57 sec.)
2025-07-19 15:17:22 - INFO - Training model: top_left-tda-original-bottom_right
2025-07-19 15:17:53 - INFO - Model top_left-tda-original-bottom_right completed in 31.76 seconds.
2025-07-19 15:17:53 - INFO - >>> Model top_left-tda-original-bottom_right trained. Accuracy: 0.8295 (31.76 sec.)
2025-07-19 15:17:53 - INFO - Training model: top_left-tda-original-bottom_left
2025-07-19 15:18:25 - INFO - Model top_left-tda-original-bottom_left completed in 31.57 seconds.
2025-07-19 15:18:25 - INFO - >>> Model top_left-tda-original-bottom_left trained. Accuracy: 0.8316 (31.57 sec.)
2025-07-19 15:18:25 - INFO - Training model: top_right-bottom_right-original-bottom_left-top_left
2025-07-19 15:18:46 - INFO - Model top_right-bottom_right-original-bottom_left-top_left completed in 21.42 seconds.
2025-07-19 15:18:46 - INFO - >>> Model top_right-bottom_right-original-bottom_left-top_left trained. Accuracy: 0.8745 (21.42 sec.)
2025-07-19 15:18:46 - INFO - Training model: top_right-bottom_right-original-bottom_left-tda
2025-07-19 15:19:21 - INFO - Model top_right-bottom_right-original-bottom_left-tda completed in 35.11 seconds.
2025-07-19 15:19:21 - INFO - >>> Model top_right-bottom_right-original-bottom_left-tda trained. Accuracy: 0.8603 (35.11 sec.)
2025-07-19 15:19:21 - INFO - Training model: top_right-bottom_right-original-top_left-tda
2025-07-19 15:19:57 - INFO - Model top_right-bottom_right-original-top_left-tda completed in 35.16 seconds.
2025-07-19 15:19:57 - INFO - >>> Model top_right-bottom_right-original-top_left-tda trained. Accuracy: 0.8626 (35.16 sec.)
2025-07-19 15:19:57 - INFO - Training model: top_right-original-bottom_left-top_left-tda
2025-07-19 15:20:31 - INFO - Model top_right-original-bottom_left-top_left-tda completed in 34.84 seconds.
2025-07-19 15:20:31 - INFO - >>> Model top_right-original-bottom_left-top_left-tda trained. Accuracy: 0.8620 (34.84 sec.)
2025-07-19 15:20:31 - INFO - Training model: bottom_right-original-bottom_left-top_left-tda
2025-07-19 15:21:07 - INFO - Model bottom_right-original-bottom_left-top_left-tda completed in 35.11 seconds.
2025-07-19 15:21:07 - INFO - >>> Model bottom_right-original-bottom_left-top_left-tda trained. Accuracy: 0.8448 (35.11 sec.)
2025-07-19 15:21:07 - INFO - Training model: top_right-bottom_right-original-bottom_left-top_left-tda
2025-07-19 15:21:45 - INFO - Model top_right-bottom_right-original-bottom_left-top_left-tda completed in 38.31 seconds.
2025-07-19 15:21:45 - INFO - >>> Model top_right-bottom_right-original-bottom_left-top_left-tda trained. Accuracy: 0.8752 (38.31 sec.)
2025-07-19 15:21:45 - INFO - All models trained successfully.
2025-07-19 15:21:45 - INFO - ========== [Model Training Completed] in 12.08 minutes ==========
2025-07-19 15:21:45 - INFO - ========== [Experiment Training Complete] ==========
2025-07-19 15:21:45 - INFO - Results saved to /home/jovyan/Workspace/workspace_mnist/results/exp_icecream_noise_saltpepper_40/exp_icecream_noise_saltpepper_40_2025-07-19_15-21-45.json
2025-07-19 15:21:45 - INFO - Results successfully saved to /home/jovyan/Workspace/workspace_mnist/results/exp_icecream_noise_saltpepper_40/exp_icecream_noise_saltpepper_40_2025-07-19_15-21-45.json
2025-07-19 15:21:45 - INFO - Forced Garbage collection executed to Free Memory.
2025-07-19 15:21:45 - INFO - ========== [Experiment Completed] in 27.13 minutes ==========
