2025-07-19 07:22:10 - INFO - Logging initialized.
 Writing to /home/jovyan/Workspace/workspace_mnist/logs/exp_icecream_noise_saltpepper_40/experiment_logs_2025-07-19_07-22-10.log
2025-07-19 07:22:10 - INFO - ========== [Experiment Start] ==========
2025-07-19 07:22:10 - INFO - Views combinations successfully generated.
2025-07-19 07:22:10 - INFO - Topological Data Analysis pipeline generated.
2025-07-19 07:22:10 - INFO - Folder to save results has been created.
2025-07-19 07:22:10 - INFO - Reading dataset from mnist_784.csv (chunk size: 70000).
2025-07-19 07:22:11 - INFO - Starting multiview data preparation for a chunk of size (70000, 784)...
2025-07-19 07:22:11 - INFO - Running using 20 jobs.
2025-07-19 07:22:11 - INFO - Contaminating dataset with salt_pepper, quantity=0.4, transparency=0.
2025-07-19 07:22:15 - INFO - Splitting data: 80.0% train / 30.0% test (random_state=239979093)
2025-07-19 07:22:15 - INFO - Using full training data without second split.
2025-07-19 07:22:15 - INFO - Data split complete. Train size: (49000, 784), Test size: (21000, 784)
2025-07-19 07:22:15 - INFO - Reshaping train and test data into square images...
2025-07-19 07:22:15 - INFO - Reshaping complete. Train images shape: (49000, 28, 28), Test images shape: (21000, 28, 28)
2025-07-19 07:22:15 - INFO - Splitting images into quadrant views...
2025-07-19 07:22:15 - INFO - Quadrant view splitting complete. Train views: 4, Test views: 4
2025-07-19 07:22:15 - INFO - Starting TDA pipeline transformation on train data...
2025-07-19 07:32:21 - INFO - TDA transformation for train completed (10.10 minutes).
2025-07-19 07:32:21 - INFO - Applying TDA pipeline transformation on test data...
2025-07-19 07:36:30 - INFO - TDA transformation for test completed (4.15 minutes).
2025-07-19 07:36:30 - INFO - ========== [Model Training Start] ==========
2025-07-19 07:36:30 - INFO - Training model: original
2025-07-19 07:36:31 - INFO - Model original completed in 1.29 seconds.
2025-07-19 07:36:31 - INFO - >>> Model original trained. Accuracy: 0.7802 (1.29 sec.)
2025-07-19 07:36:31 - INFO - Training model: top_right-original
2025-07-19 07:36:41 - INFO - Model top_right-original completed in 10.17 seconds.
2025-07-19 07:36:41 - INFO - >>> Model top_right-original trained. Accuracy: 0.8281 (10.17 sec.)
2025-07-19 07:36:41 - INFO - Training model: original-bottom_right
2025-07-19 07:36:51 - INFO - Model original-bottom_right completed in 10.08 seconds.
2025-07-19 07:36:51 - INFO - >>> Model original-bottom_right trained. Accuracy: 0.8022 (10.08 sec.)
2025-07-19 07:36:51 - INFO - Training model: original-bottom_left
2025-07-19 07:37:01 - INFO - Model original-bottom_left completed in 10.14 seconds.
2025-07-19 07:37:01 - INFO - >>> Model original-bottom_left trained. Accuracy: 0.8024 (10.14 sec.)
2025-07-19 07:37:01 - INFO - Training model: top_left-original
2025-07-19 07:37:11 - INFO - Model top_left-original completed in 10.08 seconds.
2025-07-19 07:37:11 - INFO - >>> Model top_left-original trained. Accuracy: 0.8089 (10.08 sec.)
2025-07-19 07:37:11 - INFO - Training model: tda-original
2025-07-19 07:37:35 - INFO - Model tda-original completed in 23.98 seconds.
2025-07-19 07:37:35 - INFO - >>> Model tda-original trained. Accuracy: 0.8011 (23.98 sec.)
2025-07-19 07:37:35 - INFO - Training model: top_right-original-bottom_right
2025-07-19 07:37:49 - INFO - Model top_right-original-bottom_right completed in 13.89 seconds.
2025-07-19 07:37:49 - INFO - >>> Model top_right-original-bottom_right trained. Accuracy: 0.8420 (13.89 sec.)
2025-07-19 07:37:49 - INFO - Training model: top_right-original-bottom_left
2025-07-19 07:38:03 - INFO - Model top_right-original-bottom_left completed in 14.03 seconds.
2025-07-19 07:38:03 - INFO - >>> Model top_right-original-bottom_left trained. Accuracy: 0.8397 (14.03 sec.)
2025-07-19 07:38:03 - INFO - Training model: top_right-original-top_left
2025-07-19 07:38:17 - INFO - Model top_right-original-top_left completed in 14.00 seconds.
2025-07-19 07:38:17 - INFO - >>> Model top_right-original-top_left trained. Accuracy: 0.8414 (14.00 sec.)
2025-07-19 07:38:17 - INFO - Training model: top_right-tda-original
2025-07-19 07:38:45 - INFO - Model top_right-tda-original completed in 27.43 seconds.
2025-07-19 07:38:45 - INFO - >>> Model top_right-tda-original trained. Accuracy: 0.8321 (27.43 sec.)
2025-07-19 07:38:45 - INFO - Training model: bottom_left-original-bottom_right
2025-07-19 07:38:59 - INFO - Model bottom_left-original-bottom_right completed in 14.09 seconds.
2025-07-19 07:38:59 - INFO - >>> Model bottom_left-original-bottom_right trained. Accuracy: 0.8188 (14.09 sec.)
2025-07-19 07:38:59 - INFO - Training model: top_left-original-bottom_right
2025-07-19 07:39:12 - INFO - Model top_left-original-bottom_right completed in 13.37 seconds.
2025-07-19 07:39:12 - INFO - >>> Model top_left-original-bottom_right trained. Accuracy: 0.8245 (13.37 sec.)
2025-07-19 07:39:12 - INFO - Training model: tda-original-bottom_right
2025-07-19 07:39:40 - INFO - Model tda-original-bottom_right completed in 27.74 seconds.
2025-07-19 07:39:40 - INFO - >>> Model tda-original-bottom_right trained. Accuracy: 0.8130 (27.74 sec.)
2025-07-19 07:39:40 - INFO - Training model: top_left-original-bottom_left
2025-07-19 07:39:53 - INFO - Model top_left-original-bottom_left completed in 13.38 seconds.
2025-07-19 07:39:53 - INFO - >>> Model top_left-original-bottom_left trained. Accuracy: 0.8246 (13.38 sec.)
2025-07-19 07:39:53 - INFO - Training model: tda-original-bottom_left
2025-07-19 07:40:21 - INFO - Model tda-original-bottom_left completed in 27.49 seconds.
2025-07-19 07:40:21 - INFO - >>> Model tda-original-bottom_left trained. Accuracy: 0.8115 (27.49 sec.)
2025-07-19 07:40:21 - INFO - Training model: top_left-tda-original
2025-07-19 07:40:48 - INFO - Model top_left-tda-original completed in 27.45 seconds.
2025-07-19 07:40:48 - INFO - >>> Model top_left-tda-original trained. Accuracy: 0.8161 (27.45 sec.)
2025-07-19 07:40:48 - INFO - Training model: top_right-bottom_left-original-bottom_right
2025-07-19 07:41:06 - INFO - Model top_right-bottom_left-original-bottom_right completed in 17.91 seconds.
2025-07-19 07:41:06 - INFO - >>> Model top_right-bottom_left-original-bottom_right trained. Accuracy: 0.8563 (17.91 sec.)
2025-07-19 07:41:06 - INFO - Training model: top_right-top_left-original-bottom_right
2025-07-19 07:41:24 - INFO - Model top_right-top_left-original-bottom_right completed in 17.77 seconds.
2025-07-19 07:41:24 - INFO - >>> Model top_right-top_left-original-bottom_right trained. Accuracy: 0.8562 (17.77 sec.)
2025-07-19 07:41:24 - INFO - Training model: top_right-tda-original-bottom_right
2025-07-19 07:41:55 - INFO - Model top_right-tda-original-bottom_right completed in 31.02 seconds.
2025-07-19 07:41:55 - INFO - >>> Model top_right-tda-original-bottom_right trained. Accuracy: 0.8443 (31.02 sec.)
2025-07-19 07:41:55 - INFO - Training model: top_right-top_left-original-bottom_left
2025-07-19 07:42:13 - INFO - Model top_right-top_left-original-bottom_left completed in 17.93 seconds.
2025-07-19 07:42:13 - INFO - >>> Model top_right-top_left-original-bottom_left trained. Accuracy: 0.8596 (17.93 sec.)
2025-07-19 07:42:13 - INFO - Training model: top_right-tda-original-bottom_left
2025-07-19 07:42:44 - INFO - Model top_right-tda-original-bottom_left completed in 30.72 seconds.
2025-07-19 07:42:44 - INFO - >>> Model top_right-tda-original-bottom_left trained. Accuracy: 0.8432 (30.72 sec.)
2025-07-19 07:42:44 - INFO - Training model: top_right-tda-original-top_left
2025-07-19 07:43:15 - INFO - Model top_right-tda-original-top_left completed in 30.97 seconds.
2025-07-19 07:43:15 - INFO - >>> Model top_right-tda-original-top_left trained. Accuracy: 0.8486 (30.97 sec.)
2025-07-19 07:43:15 - INFO - Training model: top_left-bottom_left-original-bottom_right
2025-07-19 07:43:32 - INFO - Model top_left-bottom_left-original-bottom_right completed in 17.32 seconds.
2025-07-19 07:43:32 - INFO - >>> Model top_left-bottom_left-original-bottom_right trained. Accuracy: 0.8409 (17.32 sec.)
2025-07-19 07:43:32 - INFO - Training model: tda-bottom_left-original-bottom_right
2025-07-19 07:44:03 - INFO - Model tda-bottom_left-original-bottom_right completed in 31.53 seconds.
2025-07-19 07:44:03 - INFO - >>> Model tda-bottom_left-original-bottom_right trained. Accuracy: 0.8259 (31.53 sec.)
2025-07-19 07:44:03 - INFO - Training model: top_left-tda-original-bottom_right
2025-07-19 07:44:34 - INFO - Model top_left-tda-original-bottom_right completed in 30.93 seconds.
2025-07-19 07:44:34 - INFO - >>> Model top_left-tda-original-bottom_right trained. Accuracy: 0.8308 (30.93 sec.)
2025-07-19 07:44:34 - INFO - Training model: top_left-tda-original-bottom_left
2025-07-19 07:45:05 - INFO - Model top_left-tda-original-bottom_left completed in 30.98 seconds.
2025-07-19 07:45:05 - INFO - >>> Model top_left-tda-original-bottom_left trained. Accuracy: 0.8293 (30.98 sec.)
2025-07-19 07:45:05 - INFO - Training model: top_right-bottom_right-original-bottom_left-top_left
2025-07-19 07:45:27 - INFO - Model top_right-bottom_right-original-bottom_left-top_left completed in 21.60 seconds.
2025-07-19 07:45:27 - INFO - >>> Model top_right-bottom_right-original-bottom_left-top_left trained. Accuracy: 0.8735 (21.60 sec.)
2025-07-19 07:45:27 - INFO - Training model: top_right-bottom_right-original-bottom_left-tda
2025-07-19 07:46:01 - INFO - Model top_right-bottom_right-original-bottom_left-tda completed in 34.24 seconds.
2025-07-19 07:46:01 - INFO - >>> Model top_right-bottom_right-original-bottom_left-tda trained. Accuracy: 0.8570 (34.24 sec.)
2025-07-19 07:46:01 - INFO - Training model: top_right-bottom_right-original-top_left-tda
2025-07-19 07:46:36 - INFO - Model top_right-bottom_right-original-top_left-tda completed in 35.24 seconds.
2025-07-19 07:46:36 - INFO - >>> Model top_right-bottom_right-original-top_left-tda trained. Accuracy: 0.8597 (35.24 sec.)
2025-07-19 07:46:36 - INFO - Training model: top_right-original-bottom_left-top_left-tda
2025-07-19 07:47:11 - INFO - Model top_right-original-bottom_left-top_left-tda completed in 34.63 seconds.
2025-07-19 07:47:11 - INFO - >>> Model top_right-original-bottom_left-top_left-tda trained. Accuracy: 0.8623 (34.63 sec.)
2025-07-19 07:47:11 - INFO - Training model: bottom_right-original-bottom_left-top_left-tda
2025-07-19 07:47:46 - INFO - Model bottom_right-original-bottom_left-top_left-tda completed in 34.78 seconds.
2025-07-19 07:47:46 - INFO - >>> Model bottom_right-original-bottom_left-top_left-tda trained. Accuracy: 0.8457 (34.78 sec.)
2025-07-19 07:47:46 - INFO - Training model: top_right-bottom_right-original-bottom_left-top_left-tda
2025-07-19 07:48:24 - INFO - Model top_right-bottom_right-original-bottom_left-top_left-tda completed in 38.03 seconds.
2025-07-19 07:48:24 - INFO - >>> Model top_right-bottom_right-original-bottom_left-top_left-tda trained. Accuracy: 0.8736 (38.03 sec.)
2025-07-19 07:48:24 - INFO - All models trained successfully.
2025-07-19 07:48:24 - INFO - ========== [Model Training Completed] in 11.91 minutes ==========
2025-07-19 07:48:24 - INFO - ========== [Experiment Training Complete] ==========
2025-07-19 07:48:24 - INFO - Results saved to /home/jovyan/Workspace/workspace_mnist/results/exp_icecream_noise_saltpepper_40/exp_icecream_noise_saltpepper_40_2025-07-19_07-48-24.json
2025-07-19 07:48:24 - INFO - Results successfully saved to /home/jovyan/Workspace/workspace_mnist/results/exp_icecream_noise_saltpepper_40/exp_icecream_noise_saltpepper_40_2025-07-19_07-48-24.json
2025-07-19 07:48:24 - INFO - Forced Garbage collection executed to Free Memory.
2025-07-19 07:48:24 - INFO - ========== [Experiment Completed] in 26.24 minutes ==========
