2025-07-19 16:15:53 - INFO - Logging initialized.
 Writing to /home/jovyan/Workspace/workspace_mnist/logs/exp_icecream_noise_saltpepper_40/experiment_logs_2025-07-19_16-15-53.log
2025-07-19 16:15:53 - INFO - ========== [Experiment Start] ==========
2025-07-19 16:15:53 - INFO - Views combinations successfully generated.
2025-07-19 16:15:53 - INFO - Topological Data Analysis pipeline generated.
2025-07-19 16:15:53 - INFO - Folder to save results has been created.
2025-07-19 16:15:53 - INFO - Reading dataset from mnist_784.csv (chunk size: 70000).
2025-07-19 16:15:54 - INFO - Starting multiview data preparation for a chunk of size (70000, 784)...
2025-07-19 16:15:54 - INFO - Running using 20 jobs.
2025-07-19 16:15:54 - INFO - Contaminating dataset with salt_pepper, quantity=0.4, transparency=0.
2025-07-19 16:15:58 - INFO - Splitting data: 80.0% train / 30.0% test (random_state=863267743)
2025-07-19 16:15:58 - INFO - Using full training data without second split.
2025-07-19 16:15:58 - INFO - Data split complete. Train size: (49000, 784), Test size: (21000, 784)
2025-07-19 16:15:58 - INFO - Reshaping train and test data into square images...
2025-07-19 16:15:58 - INFO - Reshaping complete. Train images shape: (49000, 28, 28), Test images shape: (21000, 28, 28)
2025-07-19 16:15:58 - INFO - Splitting images into quadrant views...
2025-07-19 16:15:58 - INFO - Quadrant view splitting complete. Train views: 4, Test views: 4
2025-07-19 16:15:58 - INFO - Starting TDA pipeline transformation on train data...
2025-07-19 16:25:25 - INFO - TDA transformation for train completed (9.45 minutes).
2025-07-19 16:25:25 - INFO - Applying TDA pipeline transformation on test data...
2025-07-19 16:29:28 - INFO - TDA transformation for test completed (4.04 minutes).
2025-07-19 16:29:28 - INFO - ========== [Model Training Start] ==========
2025-07-19 16:29:28 - INFO - Training model: original
2025-07-19 16:29:29 - INFO - Model original completed in 1.27 seconds.
2025-07-19 16:29:29 - INFO - >>> Model original trained. Accuracy: 0.7790 (1.27 sec.)
2025-07-19 16:29:29 - INFO - Training model: top_right-original
2025-07-19 16:29:39 - INFO - Model top_right-original completed in 10.15 seconds.
2025-07-19 16:29:39 - INFO - >>> Model top_right-original trained. Accuracy: 0.8271 (10.15 sec.)
2025-07-19 16:29:39 - INFO - Training model: original-bottom_right
2025-07-19 16:29:50 - INFO - Model original-bottom_right completed in 10.72 seconds.
2025-07-19 16:29:50 - INFO - >>> Model original-bottom_right trained. Accuracy: 0.8015 (10.72 sec.)
2025-07-19 16:29:50 - INFO - Training model: original-bottom_left
2025-07-19 16:30:00 - INFO - Model original-bottom_left completed in 10.15 seconds.
2025-07-19 16:30:00 - INFO - >>> Model original-bottom_left trained. Accuracy: 0.8021 (10.15 sec.)
2025-07-19 16:30:00 - INFO - Training model: top_left-original
2025-07-19 16:30:10 - INFO - Model top_left-original completed in 9.84 seconds.
2025-07-19 16:30:10 - INFO - >>> Model top_left-original trained. Accuracy: 0.8078 (9.84 sec.)
2025-07-19 16:30:10 - INFO - Training model: tda-original
2025-07-19 16:30:34 - INFO - Model tda-original completed in 24.01 seconds.
2025-07-19 16:30:34 - INFO - >>> Model tda-original trained. Accuracy: 0.7950 (24.01 sec.)
2025-07-19 16:30:34 - INFO - Training model: top_right-original-bottom_right
2025-07-19 16:30:48 - INFO - Model top_right-original-bottom_right completed in 14.21 seconds.
2025-07-19 16:30:48 - INFO - >>> Model top_right-original-bottom_right trained. Accuracy: 0.8423 (14.21 sec.)
2025-07-19 16:30:48 - INFO - Training model: top_right-original-bottom_left
2025-07-19 16:31:02 - INFO - Model top_right-original-bottom_left completed in 13.72 seconds.
2025-07-19 16:31:02 - INFO - >>> Model top_right-original-bottom_left trained. Accuracy: 0.8418 (13.72 sec.)
2025-07-19 16:31:02 - INFO - Training model: top_right-original-top_left
2025-07-19 16:31:16 - INFO - Model top_right-original-top_left completed in 13.63 seconds.
2025-07-19 16:31:16 - INFO - >>> Model top_right-original-top_left trained. Accuracy: 0.8437 (13.63 sec.)
2025-07-19 16:31:16 - INFO - Training model: top_right-tda-original
2025-07-19 16:31:43 - INFO - Model top_right-tda-original completed in 27.19 seconds.
2025-07-19 16:31:43 - INFO - >>> Model top_right-tda-original trained. Accuracy: 0.8329 (27.19 sec.)
2025-07-19 16:31:43 - INFO - Training model: bottom_left-original-bottom_right
2025-07-19 16:31:57 - INFO - Model bottom_left-original-bottom_right completed in 14.32 seconds.
2025-07-19 16:31:57 - INFO - >>> Model bottom_left-original-bottom_right trained. Accuracy: 0.8160 (14.32 sec.)
2025-07-19 16:31:57 - INFO - Training model: top_left-original-bottom_right
2025-07-19 16:32:11 - INFO - Model top_left-original-bottom_right completed in 13.82 seconds.
2025-07-19 16:32:11 - INFO - >>> Model top_left-original-bottom_right trained. Accuracy: 0.8220 (13.82 sec.)
2025-07-19 16:32:11 - INFO - Training model: tda-original-bottom_right
2025-07-19 16:32:39 - INFO - Model tda-original-bottom_right completed in 27.70 seconds.
2025-07-19 16:32:39 - INFO - >>> Model tda-original-bottom_right trained. Accuracy: 0.8099 (27.70 sec.)
2025-07-19 16:32:39 - INFO - Training model: top_left-original-bottom_left
2025-07-19 16:32:52 - INFO - Model top_left-original-bottom_left completed in 13.72 seconds.
2025-07-19 16:32:52 - INFO - >>> Model top_left-original-bottom_left trained. Accuracy: 0.8275 (13.72 sec.)
2025-07-19 16:32:52 - INFO - Training model: tda-original-bottom_left
2025-07-19 16:33:19 - INFO - Model tda-original-bottom_left completed in 27.03 seconds.
2025-07-19 16:33:19 - INFO - >>> Model tda-original-bottom_left trained. Accuracy: 0.8076 (27.03 sec.)
2025-07-19 16:33:19 - INFO - Training model: top_left-tda-original
2025-07-19 16:33:46 - INFO - Model top_left-tda-original completed in 26.26 seconds.
2025-07-19 16:33:46 - INFO - >>> Model top_left-tda-original trained. Accuracy: 0.8165 (26.26 sec.)
2025-07-19 16:33:46 - INFO - Training model: top_right-bottom_left-original-bottom_right
2025-07-19 16:34:03 - INFO - Model top_right-bottom_left-original-bottom_right completed in 17.66 seconds.
2025-07-19 16:34:03 - INFO - >>> Model top_right-bottom_left-original-bottom_right trained. Accuracy: 0.8540 (17.66 sec.)
2025-07-19 16:34:03 - INFO - Training model: top_right-top_left-original-bottom_right
2025-07-19 16:34:21 - INFO - Model top_right-top_left-original-bottom_right completed in 17.69 seconds.
2025-07-19 16:34:21 - INFO - >>> Model top_right-top_left-original-bottom_right trained. Accuracy: 0.8570 (17.69 sec.)
2025-07-19 16:34:21 - INFO - Training model: top_right-tda-original-bottom_right
2025-07-19 16:34:52 - INFO - Model top_right-tda-original-bottom_right completed in 30.80 seconds.
2025-07-19 16:34:52 - INFO - >>> Model top_right-tda-original-bottom_right trained. Accuracy: 0.8476 (30.80 sec.)
2025-07-19 16:34:52 - INFO - Training model: top_right-top_left-original-bottom_left
2025-07-19 16:35:09 - INFO - Model top_right-top_left-original-bottom_left completed in 17.25 seconds.
2025-07-19 16:35:09 - INFO - >>> Model top_right-top_left-original-bottom_left trained. Accuracy: 0.8619 (17.25 sec.)
2025-07-19 16:35:09 - INFO - Training model: top_right-tda-original-bottom_left
2025-07-19 16:35:41 - INFO - Model top_right-tda-original-bottom_left completed in 31.64 seconds.
2025-07-19 16:35:41 - INFO - >>> Model top_right-tda-original-bottom_left trained. Accuracy: 0.8458 (31.64 sec.)
2025-07-19 16:35:41 - INFO - Training model: top_right-tda-original-top_left
2025-07-19 16:36:12 - INFO - Model top_right-tda-original-top_left completed in 30.95 seconds.
2025-07-19 16:36:12 - INFO - >>> Model top_right-tda-original-top_left trained. Accuracy: 0.8497 (30.95 sec.)
2025-07-19 16:36:12 - INFO - Training model: top_left-bottom_left-original-bottom_right
2025-07-19 16:36:29 - INFO - Model top_left-bottom_left-original-bottom_right completed in 16.97 seconds.
2025-07-19 16:36:29 - INFO - >>> Model top_left-bottom_left-original-bottom_right trained. Accuracy: 0.8393 (16.97 sec.)
2025-07-19 16:36:29 - INFO - Training model: tda-bottom_left-original-bottom_right
2025-07-19 16:36:59 - INFO - Model tda-bottom_left-original-bottom_right completed in 30.80 seconds.
2025-07-19 16:36:59 - INFO - >>> Model tda-bottom_left-original-bottom_right trained. Accuracy: 0.8238 (30.80 sec.)
2025-07-19 16:36:59 - INFO - Training model: top_left-tda-original-bottom_right
2025-07-19 16:37:30 - INFO - Model top_left-tda-original-bottom_right completed in 30.92 seconds.
2025-07-19 16:37:30 - INFO - >>> Model top_left-tda-original-bottom_right trained. Accuracy: 0.8293 (30.92 sec.)
2025-07-19 16:37:30 - INFO - Training model: top_left-tda-original-bottom_left
2025-07-19 16:38:01 - INFO - Model top_left-tda-original-bottom_left completed in 30.65 seconds.
2025-07-19 16:38:01 - INFO - >>> Model top_left-tda-original-bottom_left trained. Accuracy: 0.8290 (30.65 sec.)
2025-07-19 16:38:01 - INFO - Training model: top_right-bottom_right-original-bottom_left-top_left
2025-07-19 16:38:23 - INFO - Model top_right-bottom_right-original-bottom_left-top_left completed in 21.61 seconds.
2025-07-19 16:38:23 - INFO - >>> Model top_right-bottom_right-original-bottom_left-top_left trained. Accuracy: 0.8735 (21.61 sec.)
2025-07-19 16:38:23 - INFO - Training model: top_right-bottom_right-original-bottom_left-tda
2025-07-19 16:38:57 - INFO - Model top_right-bottom_right-original-bottom_left-tda completed in 33.99 seconds.
2025-07-19 16:38:57 - INFO - >>> Model top_right-bottom_right-original-bottom_left-tda trained. Accuracy: 0.8576 (33.99 sec.)
2025-07-19 16:38:57 - INFO - Training model: top_right-bottom_right-original-top_left-tda
2025-07-19 16:39:31 - INFO - Model top_right-bottom_right-original-top_left-tda completed in 34.52 seconds.
2025-07-19 16:39:31 - INFO - >>> Model top_right-bottom_right-original-top_left-tda trained. Accuracy: 0.8621 (34.52 sec.)
2025-07-19 16:39:31 - INFO - Training model: top_right-original-bottom_left-top_left-tda
2025-07-19 16:40:06 - INFO - Model top_right-original-bottom_left-top_left-tda completed in 34.58 seconds.
2025-07-19 16:40:06 - INFO - >>> Model top_right-original-bottom_left-top_left-tda trained. Accuracy: 0.8631 (34.58 sec.)
2025-07-19 16:40:06 - INFO - Training model: bottom_right-original-bottom_left-top_left-tda
2025-07-19 16:40:40 - INFO - Model bottom_right-original-bottom_left-top_left-tda completed in 34.72 seconds.
2025-07-19 16:40:40 - INFO - >>> Model bottom_right-original-bottom_left-top_left-tda trained. Accuracy: 0.8435 (34.72 sec.)
2025-07-19 16:40:40 - INFO - Training model: top_right-bottom_right-original-bottom_left-top_left-tda
2025-07-19 16:41:19 - INFO - Model top_right-bottom_right-original-bottom_left-top_left-tda completed in 38.48 seconds.
2025-07-19 16:41:19 - INFO - >>> Model top_right-bottom_right-original-bottom_left-top_left-tda trained. Accuracy: 0.8748 (38.48 sec.)
2025-07-19 16:41:19 - INFO - All models trained successfully.
2025-07-19 16:41:19 - INFO - ========== [Model Training Completed] in 11.85 minutes ==========
2025-07-19 16:41:19 - INFO - ========== [Experiment Training Complete] ==========
2025-07-19 16:41:19 - INFO - Results saved to /home/jovyan/Workspace/workspace_mnist/results/exp_icecream_noise_saltpepper_40/exp_icecream_noise_saltpepper_40_2025-07-19_16-41-19.json
2025-07-19 16:41:19 - INFO - Results successfully saved to /home/jovyan/Workspace/workspace_mnist/results/exp_icecream_noise_saltpepper_40/exp_icecream_noise_saltpepper_40_2025-07-19_16-41-19.json
2025-07-19 16:41:19 - INFO - Forced Garbage collection executed to Free Memory.
2025-07-19 16:41:19 - INFO - ========== [Experiment Completed] in 25.43 minutes ==========
