2025-07-19 12:40:46 - INFO - Logging initialized.
 Writing to /home/jovyan/Workspace/workspace_mnist/logs/exp_icecream_noise_saltpepper_40/experiment_logs_2025-07-19_12-40-46.log
2025-07-19 12:40:46 - INFO - ========== [Experiment Start] ==========
2025-07-19 12:40:46 - INFO - Views combinations successfully generated.
2025-07-19 12:40:46 - INFO - Topological Data Analysis pipeline generated.
2025-07-19 12:40:46 - INFO - Folder to save results has been created.
2025-07-19 12:40:46 - INFO - Reading dataset from mnist_784.csv (chunk size: 70000).
2025-07-19 12:40:47 - INFO - Starting multiview data preparation for a chunk of size (70000, 784)...
2025-07-19 12:40:47 - INFO - Running using 20 jobs.
2025-07-19 12:40:47 - INFO - Contaminating dataset with salt_pepper, quantity=0.4, transparency=0.
2025-07-19 12:40:51 - INFO - Splitting data: 80.0% train / 30.0% test (random_state=644586993)
2025-07-19 12:40:51 - INFO - Using full training data without second split.
2025-07-19 12:40:51 - INFO - Data split complete. Train size: (49000, 784), Test size: (21000, 784)
2025-07-19 12:40:51 - INFO - Reshaping train and test data into square images...
2025-07-19 12:40:51 - INFO - Reshaping complete. Train images shape: (49000, 28, 28), Test images shape: (21000, 28, 28)
2025-07-19 12:40:51 - INFO - Splitting images into quadrant views...
2025-07-19 12:40:51 - INFO - Quadrant view splitting complete. Train views: 4, Test views: 4
2025-07-19 12:40:51 - INFO - Starting TDA pipeline transformation on train data...
2025-07-19 12:51:03 - INFO - TDA transformation for train completed (10.20 minutes).
2025-07-19 12:51:03 - INFO - Applying TDA pipeline transformation on test data...
2025-07-19 12:55:22 - INFO - TDA transformation for test completed (4.32 minutes).
2025-07-19 12:55:22 - INFO - ========== [Model Training Start] ==========
2025-07-19 12:55:22 - INFO - Training model: original
2025-07-19 12:55:23 - INFO - Model original completed in 1.36 seconds.
2025-07-19 12:55:23 - INFO - >>> Model original trained. Accuracy: 0.7772 (1.36 sec.)
2025-07-19 12:55:23 - INFO - Training model: top_right-original
2025-07-19 12:55:34 - INFO - Model top_right-original completed in 10.51 seconds.
2025-07-19 12:55:34 - INFO - >>> Model top_right-original trained. Accuracy: 0.8263 (10.51 sec.)
2025-07-19 12:55:34 - INFO - Training model: original-bottom_right
2025-07-19 12:55:45 - INFO - Model original-bottom_right completed in 10.73 seconds.
2025-07-19 12:55:45 - INFO - >>> Model original-bottom_right trained. Accuracy: 0.8032 (10.73 sec.)
2025-07-19 12:55:45 - INFO - Training model: original-bottom_left
2025-07-19 12:55:55 - INFO - Model original-bottom_left completed in 10.38 seconds.
2025-07-19 12:55:55 - INFO - >>> Model original-bottom_left trained. Accuracy: 0.7981 (10.38 sec.)
2025-07-19 12:55:55 - INFO - Training model: top_left-original
2025-07-19 12:56:06 - INFO - Model top_left-original completed in 10.52 seconds.
2025-07-19 12:56:06 - INFO - >>> Model top_left-original trained. Accuracy: 0.8066 (10.52 sec.)
2025-07-19 12:56:06 - INFO - Training model: tda-original
2025-07-19 12:56:29 - INFO - Model tda-original completed in 23.95 seconds.
2025-07-19 12:56:29 - INFO - >>> Model tda-original trained. Accuracy: 0.7944 (23.95 sec.)
2025-07-19 12:56:29 - INFO - Training model: top_right-original-bottom_right
2025-07-19 12:56:44 - INFO - Model top_right-original-bottom_right completed in 14.46 seconds.
2025-07-19 12:56:44 - INFO - >>> Model top_right-original-bottom_right trained. Accuracy: 0.8401 (14.46 sec.)
2025-07-19 12:56:44 - INFO - Training model: top_right-original-bottom_left
2025-07-19 12:56:58 - INFO - Model top_right-original-bottom_left completed in 14.36 seconds.
2025-07-19 12:56:58 - INFO - >>> Model top_right-original-bottom_left trained. Accuracy: 0.8403 (14.36 sec.)
2025-07-19 12:56:58 - INFO - Training model: top_right-original-top_left
2025-07-19 12:57:12 - INFO - Model top_right-original-top_left completed in 14.16 seconds.
2025-07-19 12:57:12 - INFO - >>> Model top_right-original-top_left trained. Accuracy: 0.8395 (14.16 sec.)
2025-07-19 12:57:12 - INFO - Training model: top_right-tda-original
2025-07-19 12:57:40 - INFO - Model top_right-tda-original completed in 27.77 seconds.
2025-07-19 12:57:40 - INFO - >>> Model top_right-tda-original trained. Accuracy: 0.8283 (27.77 sec.)
2025-07-19 12:57:40 - INFO - Training model: bottom_left-original-bottom_right
2025-07-19 12:57:54 - INFO - Model bottom_left-original-bottom_right completed in 13.97 seconds.
2025-07-19 12:57:54 - INFO - >>> Model bottom_left-original-bottom_right trained. Accuracy: 0.8162 (13.97 sec.)
2025-07-19 12:57:54 - INFO - Training model: top_left-original-bottom_right
2025-07-19 12:58:08 - INFO - Model top_left-original-bottom_right completed in 14.23 seconds.
2025-07-19 12:58:08 - INFO - >>> Model top_left-original-bottom_right trained. Accuracy: 0.8222 (14.23 sec.)
2025-07-19 12:58:08 - INFO - Training model: tda-original-bottom_right
2025-07-19 12:58:36 - INFO - Model tda-original-bottom_right completed in 27.82 seconds.
2025-07-19 12:58:36 - INFO - >>> Model tda-original-bottom_right trained. Accuracy: 0.8083 (27.82 sec.)
2025-07-19 12:58:36 - INFO - Training model: top_left-original-bottom_left
2025-07-19 12:58:50 - INFO - Model top_left-original-bottom_left completed in 14.14 seconds.
2025-07-19 12:58:50 - INFO - >>> Model top_left-original-bottom_left trained. Accuracy: 0.8229 (14.14 sec.)
2025-07-19 12:58:50 - INFO - Training model: tda-original-bottom_left
2025-07-19 12:59:19 - INFO - Model tda-original-bottom_left completed in 28.09 seconds.
2025-07-19 12:59:19 - INFO - >>> Model tda-original-bottom_left trained. Accuracy: 0.8056 (28.09 sec.)
2025-07-19 12:59:19 - INFO - Training model: top_left-tda-original
2025-07-19 12:59:46 - INFO - Model top_left-tda-original completed in 27.22 seconds.
2025-07-19 12:59:46 - INFO - >>> Model top_left-tda-original trained. Accuracy: 0.8121 (27.22 sec.)
2025-07-19 12:59:46 - INFO - Training model: top_right-bottom_left-original-bottom_right
2025-07-19 13:00:04 - INFO - Model top_right-bottom_left-original-bottom_right completed in 18.40 seconds.
2025-07-19 13:00:04 - INFO - >>> Model top_right-bottom_left-original-bottom_right trained. Accuracy: 0.8555 (18.40 sec.)
2025-07-19 13:00:04 - INFO - Training model: top_right-top_left-original-bottom_right
2025-07-19 13:00:22 - INFO - Model top_right-top_left-original-bottom_right completed in 18.08 seconds.
2025-07-19 13:00:22 - INFO - >>> Model top_right-top_left-original-bottom_right trained. Accuracy: 0.8598 (18.08 sec.)
2025-07-19 13:00:22 - INFO - Training model: top_right-tda-original-bottom_right
2025-07-19 13:00:54 - INFO - Model top_right-tda-original-bottom_right completed in 31.72 seconds.
2025-07-19 13:00:54 - INFO - >>> Model top_right-tda-original-bottom_right trained. Accuracy: 0.8438 (31.72 sec.)
2025-07-19 13:00:54 - INFO - Training model: top_right-top_left-original-bottom_left
2025-07-19 13:01:12 - INFO - Model top_right-top_left-original-bottom_left completed in 17.95 seconds.
2025-07-19 13:01:12 - INFO - >>> Model top_right-top_left-original-bottom_left trained. Accuracy: 0.8621 (17.95 sec.)
2025-07-19 13:01:12 - INFO - Training model: top_right-tda-original-bottom_left
2025-07-19 13:01:44 - INFO - Model top_right-tda-original-bottom_left completed in 31.93 seconds.
2025-07-19 13:01:44 - INFO - >>> Model top_right-tda-original-bottom_left trained. Accuracy: 0.8407 (31.93 sec.)
2025-07-19 13:01:44 - INFO - Training model: top_right-tda-original-top_left
2025-07-19 13:02:16 - INFO - Model top_right-tda-original-top_left completed in 31.90 seconds.
2025-07-19 13:02:16 - INFO - >>> Model top_right-tda-original-top_left trained. Accuracy: 0.8440 (31.90 sec.)
2025-07-19 13:02:16 - INFO - Training model: top_left-bottom_left-original-bottom_right
2025-07-19 13:02:34 - INFO - Model top_left-bottom_left-original-bottom_right completed in 17.78 seconds.
2025-07-19 13:02:34 - INFO - >>> Model top_left-bottom_left-original-bottom_right trained. Accuracy: 0.8389 (17.78 sec.)
2025-07-19 13:02:34 - INFO - Training model: tda-bottom_left-original-bottom_right
2025-07-19 13:03:05 - INFO - Model tda-bottom_left-original-bottom_right completed in 31.51 seconds.
2025-07-19 13:03:05 - INFO - >>> Model tda-bottom_left-original-bottom_right trained. Accuracy: 0.8220 (31.51 sec.)
2025-07-19 13:03:05 - INFO - Training model: top_left-tda-original-bottom_right
2025-07-19 13:03:37 - INFO - Model top_left-tda-original-bottom_right completed in 32.00 seconds.
2025-07-19 13:03:37 - INFO - >>> Model top_left-tda-original-bottom_right trained. Accuracy: 0.8287 (32.00 sec.)
2025-07-19 13:03:37 - INFO - Training model: top_left-tda-original-bottom_left
2025-07-19 13:04:08 - INFO - Model top_left-tda-original-bottom_left completed in 31.43 seconds.
2025-07-19 13:04:08 - INFO - >>> Model top_left-tda-original-bottom_left trained. Accuracy: 0.8265 (31.43 sec.)
2025-07-19 13:04:08 - INFO - Training model: top_right-bottom_right-original-bottom_left-top_left
2025-07-19 13:04:30 - INFO - Model top_right-bottom_right-original-bottom_left-top_left completed in 21.35 seconds.
2025-07-19 13:04:30 - INFO - >>> Model top_right-bottom_right-original-bottom_left-top_left trained. Accuracy: 0.8737 (21.35 sec.)
2025-07-19 13:04:30 - INFO - Training model: top_right-bottom_right-original-bottom_left-tda
2025-07-19 13:05:05 - INFO - Model top_right-bottom_right-original-bottom_left-tda completed in 35.12 seconds.
2025-07-19 13:05:05 - INFO - >>> Model top_right-bottom_right-original-bottom_left-tda trained. Accuracy: 0.8560 (35.12 sec.)
2025-07-19 13:05:05 - INFO - Training model: top_right-bottom_right-original-top_left-tda
2025-07-19 13:05:40 - INFO - Model top_right-bottom_right-original-top_left-tda completed in 35.09 seconds.
2025-07-19 13:05:40 - INFO - >>> Model top_right-bottom_right-original-top_left-tda trained. Accuracy: 0.8585 (35.09 sec.)
2025-07-19 13:05:40 - INFO - Training model: top_right-original-bottom_left-top_left-tda
2025-07-19 13:06:15 - INFO - Model top_right-original-bottom_left-top_left-tda completed in 34.86 seconds.
2025-07-19 13:06:15 - INFO - >>> Model top_right-original-bottom_left-top_left-tda trained. Accuracy: 0.8604 (34.86 sec.)
2025-07-19 13:06:15 - INFO - Training model: bottom_right-original-bottom_left-top_left-tda
2025-07-19 13:06:50 - INFO - Model bottom_right-original-bottom_left-top_left-tda completed in 35.01 seconds.
2025-07-19 13:06:50 - INFO - >>> Model bottom_right-original-bottom_left-top_left-tda trained. Accuracy: 0.8400 (35.01 sec.)
2025-07-19 13:06:50 - INFO - Training model: top_right-bottom_right-original-bottom_left-top_left-tda
2025-07-19 13:07:29 - INFO - Model top_right-bottom_right-original-bottom_left-top_left-tda completed in 38.62 seconds.
2025-07-19 13:07:29 - INFO - >>> Model top_right-bottom_right-original-bottom_left-top_left-tda trained. Accuracy: 0.8720 (38.62 sec.)
2025-07-19 13:07:29 - INFO - All models trained successfully.
2025-07-19 13:07:29 - INFO - ========== [Model Training Completed] in 12.11 minutes ==========
2025-07-19 13:07:29 - INFO - ========== [Experiment Training Complete] ==========
2025-07-19 13:07:29 - INFO - Results saved to /home/jovyan/Workspace/workspace_mnist/results/exp_icecream_noise_saltpepper_40/exp_icecream_noise_saltpepper_40_2025-07-19_13-07-29.json
2025-07-19 13:07:29 - INFO - Results successfully saved to /home/jovyan/Workspace/workspace_mnist/results/exp_icecream_noise_saltpepper_40/exp_icecream_noise_saltpepper_40_2025-07-19_13-07-29.json
2025-07-19 13:07:29 - INFO - Forced Garbage collection executed to Free Memory.
2025-07-19 13:07:29 - INFO - ========== [Experiment Completed] in 26.71 minutes ==========
