2025-07-19 13:07:29 - INFO - Logging initialized.
 Writing to /home/jovyan/Workspace/workspace_mnist/logs/exp_icecream_noise_saltpepper_40/experiment_logs_2025-07-19_13-07-29.log
2025-07-19 13:07:29 - INFO - ========== [Experiment Start] ==========
2025-07-19 13:07:29 - INFO - Views combinations successfully generated.
2025-07-19 13:07:29 - INFO - Topological Data Analysis pipeline generated.
2025-07-19 13:07:29 - INFO - Folder to save results has been created.
2025-07-19 13:07:29 - INFO - Reading dataset from mnist_784.csv (chunk size: 70000).
2025-07-19 13:07:30 - INFO - Starting multiview data preparation for a chunk of size (70000, 784)...
2025-07-19 13:07:30 - INFO - Running using 20 jobs.
2025-07-19 13:07:30 - INFO - Contaminating dataset with salt_pepper, quantity=0.4, transparency=0.
2025-07-19 13:07:34 - INFO - Splitting data: 80.0% train / 30.0% test (random_state=229192330)
2025-07-19 13:07:34 - INFO - Using full training data without second split.
2025-07-19 13:07:34 - INFO - Data split complete. Train size: (49000, 784), Test size: (21000, 784)
2025-07-19 13:07:34 - INFO - Reshaping train and test data into square images...
2025-07-19 13:07:34 - INFO - Reshaping complete. Train images shape: (49000, 28, 28), Test images shape: (21000, 28, 28)
2025-07-19 13:07:34 - INFO - Splitting images into quadrant views...
2025-07-19 13:07:34 - INFO - Quadrant view splitting complete. Train views: 4, Test views: 4
2025-07-19 13:07:34 - INFO - Starting TDA pipeline transformation on train data...
2025-07-19 13:17:53 - INFO - TDA transformation for train completed (10.32 minutes).
2025-07-19 13:17:53 - INFO - Applying TDA pipeline transformation on test data...
2025-07-19 13:22:00 - INFO - TDA transformation for test completed (4.12 minutes).
2025-07-19 13:22:00 - INFO - ========== [Model Training Start] ==========
2025-07-19 13:22:00 - INFO - Training model: original
2025-07-19 13:22:02 - INFO - Model original completed in 1.50 seconds.
2025-07-19 13:22:02 - INFO - >>> Model original trained. Accuracy: 0.7767 (1.50 sec.)
2025-07-19 13:22:02 - INFO - Training model: top_right-original
2025-07-19 13:22:12 - INFO - Model top_right-original completed in 10.51 seconds.
2025-07-19 13:22:12 - INFO - >>> Model top_right-original trained. Accuracy: 0.8247 (10.51 sec.)
2025-07-19 13:22:12 - INFO - Training model: original-bottom_right
2025-07-19 13:22:23 - INFO - Model original-bottom_right completed in 10.37 seconds.
2025-07-19 13:22:23 - INFO - >>> Model original-bottom_right trained. Accuracy: 0.8004 (10.37 sec.)
2025-07-19 13:22:23 - INFO - Training model: original-bottom_left
2025-07-19 13:22:33 - INFO - Model original-bottom_left completed in 10.31 seconds.
2025-07-19 13:22:33 - INFO - >>> Model original-bottom_left trained. Accuracy: 0.8020 (10.31 sec.)
2025-07-19 13:22:33 - INFO - Training model: top_left-original
2025-07-19 13:22:43 - INFO - Model top_left-original completed in 10.13 seconds.
2025-07-19 13:22:43 - INFO - >>> Model top_left-original trained. Accuracy: 0.8050 (10.13 sec.)
2025-07-19 13:22:43 - INFO - Training model: tda-original
2025-07-19 13:23:08 - INFO - Model tda-original completed in 24.29 seconds.
2025-07-19 13:23:08 - INFO - >>> Model tda-original trained. Accuracy: 0.7951 (24.29 sec.)
2025-07-19 13:23:08 - INFO - Training model: top_right-original-bottom_right
2025-07-19 13:23:22 - INFO - Model top_right-original-bottom_right completed in 14.72 seconds.
2025-07-19 13:23:22 - INFO - >>> Model top_right-original-bottom_right trained. Accuracy: 0.8374 (14.72 sec.)
2025-07-19 13:23:22 - INFO - Training model: top_right-original-bottom_left
2025-07-19 13:23:36 - INFO - Model top_right-original-bottom_left completed in 14.14 seconds.
2025-07-19 13:23:36 - INFO - >>> Model top_right-original-bottom_left trained. Accuracy: 0.8373 (14.14 sec.)
2025-07-19 13:23:36 - INFO - Training model: top_right-original-top_left
2025-07-19 13:23:50 - INFO - Model top_right-original-top_left completed in 14.03 seconds.
2025-07-19 13:23:50 - INFO - >>> Model top_right-original-top_left trained. Accuracy: 0.8384 (14.03 sec.)
2025-07-19 13:23:50 - INFO - Training model: top_right-tda-original
2025-07-19 13:24:18 - INFO - Model top_right-tda-original completed in 28.01 seconds.
2025-07-19 13:24:18 - INFO - >>> Model top_right-tda-original trained. Accuracy: 0.8286 (28.01 sec.)
2025-07-19 13:24:18 - INFO - Training model: bottom_left-original-bottom_right
2025-07-19 13:24:33 - INFO - Model bottom_left-original-bottom_right completed in 14.53 seconds.
2025-07-19 13:24:33 - INFO - >>> Model bottom_left-original-bottom_right trained. Accuracy: 0.8129 (14.53 sec.)
2025-07-19 13:24:33 - INFO - Training model: top_left-original-bottom_right
2025-07-19 13:24:47 - INFO - Model top_left-original-bottom_right completed in 14.07 seconds.
2025-07-19 13:24:47 - INFO - >>> Model top_left-original-bottom_right trained. Accuracy: 0.8214 (14.07 sec.)
2025-07-19 13:24:47 - INFO - Training model: tda-original-bottom_right
2025-07-19 13:25:15 - INFO - Model tda-original-bottom_right completed in 28.14 seconds.
2025-07-19 13:25:15 - INFO - >>> Model tda-original-bottom_right trained. Accuracy: 0.8077 (28.14 sec.)
2025-07-19 13:25:15 - INFO - Training model: top_left-original-bottom_left
2025-07-19 13:25:29 - INFO - Model top_left-original-bottom_left completed in 13.93 seconds.
2025-07-19 13:25:29 - INFO - >>> Model top_left-original-bottom_left trained. Accuracy: 0.8218 (13.93 sec.)
2025-07-19 13:25:29 - INFO - Training model: tda-original-bottom_left
2025-07-19 13:25:57 - INFO - Model tda-original-bottom_left completed in 27.53 seconds.
2025-07-19 13:25:57 - INFO - >>> Model tda-original-bottom_left trained. Accuracy: 0.8084 (27.53 sec.)
2025-07-19 13:25:57 - INFO - Training model: top_left-tda-original
2025-07-19 13:26:23 - INFO - Model top_left-tda-original completed in 26.43 seconds.
2025-07-19 13:26:23 - INFO - >>> Model top_left-tda-original trained. Accuracy: 0.8133 (26.43 sec.)
2025-07-19 13:26:23 - INFO - Training model: top_right-bottom_left-original-bottom_right
2025-07-19 13:26:41 - INFO - Model top_right-bottom_left-original-bottom_right completed in 17.90 seconds.
2025-07-19 13:26:41 - INFO - >>> Model top_right-bottom_left-original-bottom_right trained. Accuracy: 0.8538 (17.90 sec.)
2025-07-19 13:26:41 - INFO - Training model: top_right-top_left-original-bottom_right
2025-07-19 13:26:59 - INFO - Model top_right-top_left-original-bottom_right completed in 17.94 seconds.
2025-07-19 13:26:59 - INFO - >>> Model top_right-top_left-original-bottom_right trained. Accuracy: 0.8570 (17.94 sec.)
2025-07-19 13:26:59 - INFO - Training model: top_right-tda-original-bottom_right
2025-07-19 13:27:31 - INFO - Model top_right-tda-original-bottom_right completed in 32.01 seconds.
2025-07-19 13:27:31 - INFO - >>> Model top_right-tda-original-bottom_right trained. Accuracy: 0.8413 (32.01 sec.)
2025-07-19 13:27:31 - INFO - Training model: top_right-top_left-original-bottom_left
2025-07-19 13:27:49 - INFO - Model top_right-top_left-original-bottom_left completed in 17.95 seconds.
2025-07-19 13:27:49 - INFO - >>> Model top_right-top_left-original-bottom_left trained. Accuracy: 0.8588 (17.95 sec.)
2025-07-19 13:27:49 - INFO - Training model: top_right-tda-original-bottom_left
2025-07-19 13:28:20 - INFO - Model top_right-tda-original-bottom_left completed in 31.57 seconds.
2025-07-19 13:28:20 - INFO - >>> Model top_right-tda-original-bottom_left trained. Accuracy: 0.8415 (31.57 sec.)
2025-07-19 13:28:20 - INFO - Training model: top_right-tda-original-top_left
2025-07-19 13:28:52 - INFO - Model top_right-tda-original-top_left completed in 31.99 seconds.
2025-07-19 13:28:52 - INFO - >>> Model top_right-tda-original-top_left trained. Accuracy: 0.8442 (31.99 sec.)
2025-07-19 13:28:52 - INFO - Training model: top_left-bottom_left-original-bottom_right
2025-07-19 13:29:10 - INFO - Model top_left-bottom_left-original-bottom_right completed in 17.69 seconds.
2025-07-19 13:29:10 - INFO - >>> Model top_left-bottom_left-original-bottom_right trained. Accuracy: 0.8408 (17.69 sec.)
2025-07-19 13:29:10 - INFO - Training model: tda-bottom_left-original-bottom_right
2025-07-19 13:29:42 - INFO - Model tda-bottom_left-original-bottom_right completed in 31.91 seconds.
2025-07-19 13:29:42 - INFO - >>> Model tda-bottom_left-original-bottom_right trained. Accuracy: 0.8212 (31.91 sec.)
2025-07-19 13:29:42 - INFO - Training model: top_left-tda-original-bottom_right
2025-07-19 13:30:14 - INFO - Model top_left-tda-original-bottom_right completed in 31.93 seconds.
2025-07-19 13:30:14 - INFO - >>> Model top_left-tda-original-bottom_right trained. Accuracy: 0.8308 (31.93 sec.)
2025-07-19 13:30:14 - INFO - Training model: top_left-tda-original-bottom_left
2025-07-19 13:30:46 - INFO - Model top_left-tda-original-bottom_left completed in 31.77 seconds.
2025-07-19 13:30:46 - INFO - >>> Model top_left-tda-original-bottom_left trained. Accuracy: 0.8284 (31.77 sec.)
2025-07-19 13:30:46 - INFO - Training model: top_right-bottom_right-original-bottom_left-top_left
2025-07-19 13:31:07 - INFO - Model top_right-bottom_right-original-bottom_left-top_left completed in 21.59 seconds.
2025-07-19 13:31:07 - INFO - >>> Model top_right-bottom_right-original-bottom_left-top_left trained. Accuracy: 0.8715 (21.59 sec.)
2025-07-19 13:31:07 - INFO - Training model: top_right-bottom_right-original-bottom_left-tda
2025-07-19 13:31:43 - INFO - Model top_right-bottom_right-original-bottom_left-tda completed in 35.15 seconds.
2025-07-19 13:31:43 - INFO - >>> Model top_right-bottom_right-original-bottom_left-tda trained. Accuracy: 0.8546 (35.15 sec.)
2025-07-19 13:31:43 - INFO - Training model: top_right-bottom_right-original-top_left-tda
2025-07-19 13:32:18 - INFO - Model top_right-bottom_right-original-top_left-tda completed in 35.11 seconds.
2025-07-19 13:32:18 - INFO - >>> Model top_right-bottom_right-original-top_left-tda trained. Accuracy: 0.8586 (35.11 sec.)
2025-07-19 13:32:18 - INFO - Training model: top_right-original-bottom_left-top_left-tda
2025-07-19 13:32:52 - INFO - Model top_right-original-bottom_left-top_left-tda completed in 34.66 seconds.
2025-07-19 13:32:52 - INFO - >>> Model top_right-original-bottom_left-top_left-tda trained. Accuracy: 0.8606 (34.66 sec.)
2025-07-19 13:32:52 - INFO - Training model: bottom_right-original-bottom_left-top_left-tda
2025-07-19 13:33:27 - INFO - Model bottom_right-original-bottom_left-top_left-tda completed in 34.81 seconds.
2025-07-19 13:33:27 - INFO - >>> Model bottom_right-original-bottom_left-top_left-tda trained. Accuracy: 0.8424 (34.81 sec.)
2025-07-19 13:33:27 - INFO - Training model: top_right-bottom_right-original-bottom_left-top_left-tda
2025-07-19 13:34:05 - INFO - Model top_right-bottom_right-original-bottom_left-top_left-tda completed in 38.10 seconds.
2025-07-19 13:34:05 - INFO - >>> Model top_right-bottom_right-original-bottom_left-top_left-tda trained. Accuracy: 0.8718 (38.10 sec.)
2025-07-19 13:34:05 - INFO - All models trained successfully.
2025-07-19 13:34:05 - INFO - ========== [Model Training Completed] in 12.08 minutes ==========
2025-07-19 13:34:05 - INFO - ========== [Experiment Training Complete] ==========
2025-07-19 13:34:05 - INFO - Results saved to /home/jovyan/Workspace/workspace_mnist/results/exp_icecream_noise_saltpepper_40/exp_icecream_noise_saltpepper_40_2025-07-19_13-34-05.json
2025-07-19 13:34:05 - INFO - Results successfully saved to /home/jovyan/Workspace/workspace_mnist/results/exp_icecream_noise_saltpepper_40/exp_icecream_noise_saltpepper_40_2025-07-19_13-34-05.json
2025-07-19 13:34:05 - INFO - Forced Garbage collection executed to Free Memory.
2025-07-19 13:34:05 - INFO - ========== [Experiment Completed] in 26.61 minutes ==========
