2025-07-12 21:46:06 - INFO - Logging initialized.
 Writing to /home/jovyan/Workspace/workspace_mnist/logs/exp_icecream_noise_saltpepper_50perc/experiment_logs_2025-07-12_21-46-06.log
2025-07-12 21:46:06 - INFO - ========== [Experiment Start] ==========
2025-07-12 21:46:06 - INFO - Views combinations successfully generated.
2025-07-12 21:46:06 - INFO - Topological Data Analysis pipeline generated.
2025-07-12 21:46:06 - INFO - Folder to save results has been created.
2025-07-12 21:46:06 - INFO - Reading dataset from mnist_784.csv (chunk size: 70000).
2025-07-12 21:46:07 - INFO - Starting multiview data preparation for a chunk of size (70000, 784)...
2025-07-12 21:46:07 - INFO - Running using 28 jobs.
2025-07-12 21:46:07 - INFO - Contaminating dataset with salt_pepper, quantity=0.5, transparency=0.
2025-07-12 21:46:11 - INFO - Splitting data: 80.0% train / 30.0% test (random_state=380887082)
2025-07-12 21:46:11 - INFO - Using full training data without second split.
2025-07-12 21:46:11 - INFO - Data split complete. Train size: (49000, 784), Test size: (21000, 784)
2025-07-12 21:46:11 - INFO - Reshaping train and test data into square images...
2025-07-12 21:46:11 - INFO - Reshaping complete. Train images shape: (49000, 28, 28), Test images shape: (21000, 28, 28)
2025-07-12 21:46:11 - INFO - Splitting images into quadrant views...
2025-07-12 21:46:11 - INFO - Quadrant view splitting complete. Train views: 4, Test views: 4
2025-07-12 21:46:11 - INFO - Saving sample images for each view...
2025-07-12 21:46:11 - INFO - Sample views saved successfully.
2025-07-12 21:46:11 - INFO - Starting TDA pipeline transformation on train data...
2025-07-12 21:54:16 - INFO - TDA transformation for train completed (8.09 minutes).
2025-07-12 21:54:16 - INFO - Applying TDA pipeline transformation on test data...
2025-07-12 21:57:37 - INFO - TDA transformation for test completed (3.36 minutes).
2025-07-12 21:57:37 - INFO - ========== [Model Training Start] ==========
2025-07-12 21:57:37 - INFO - Training model: original
2025-07-12 21:57:39 - INFO - Model original completed in 1.30 seconds.
2025-07-12 21:57:39 - INFO - >>> Model original trained. Accuracy: 0.6654 (1.30 sec.)
2025-07-12 21:57:39 - INFO - Training model: top_right-original
2025-07-12 21:57:48 - INFO - Model top_right-original completed in 9.66 seconds.
2025-07-12 21:57:48 - INFO - >>> Model top_right-original trained. Accuracy: 0.7268 (9.66 sec.)
2025-07-12 21:57:48 - INFO - Training model: original-tda
2025-07-12 21:58:08 - INFO - Model original-tda completed in 19.97 seconds.
2025-07-12 21:58:08 - INFO - >>> Model original-tda trained. Accuracy: 0.6874 (19.97 sec.)
2025-07-12 21:58:08 - INFO - Training model: bottom_left-original
2025-07-12 21:58:18 - INFO - Model bottom_left-original completed in 9.61 seconds.
2025-07-12 21:58:18 - INFO - >>> Model bottom_left-original trained. Accuracy: 0.6996 (9.61 sec.)
2025-07-12 21:58:18 - INFO - Training model: original-top_left
2025-07-12 21:58:27 - INFO - Model original-top_left completed in 9.19 seconds.
2025-07-12 21:58:27 - INFO - >>> Model original-top_left trained. Accuracy: 0.7056 (9.19 sec.)
2025-07-12 21:58:27 - INFO - Training model: original-bottom_right
2025-07-12 21:58:36 - INFO - Model original-bottom_right completed in 9.04 seconds.
2025-07-12 21:58:36 - INFO - >>> Model original-bottom_right trained. Accuracy: 0.6950 (9.04 sec.)
2025-07-12 21:58:36 - INFO - Training model: top_right-original-tda
2025-07-12 21:59:00 - INFO - Model top_right-original-tda completed in 23.42 seconds.
2025-07-12 21:59:00 - INFO - >>> Model top_right-original-tda trained. Accuracy: 0.7350 (23.42 sec.)
2025-07-12 21:59:00 - INFO - Training model: top_right-bottom_left-original
2025-07-12 21:59:12 - INFO - Model top_right-bottom_left-original completed in 12.67 seconds.
2025-07-12 21:59:12 - INFO - >>> Model top_right-bottom_left-original trained. Accuracy: 0.7530 (12.67 sec.)
2025-07-12 21:59:12 - INFO - Training model: top_right-original-top_left
2025-07-12 21:59:25 - INFO - Model top_right-original-top_left completed in 12.63 seconds.
2025-07-12 21:59:25 - INFO - >>> Model top_right-original-top_left trained. Accuracy: 0.7530 (12.63 sec.)
2025-07-12 21:59:25 - INFO - Training model: top_right-original-bottom_right
2025-07-12 21:59:38 - INFO - Model top_right-original-bottom_right completed in 12.73 seconds.
2025-07-12 21:59:38 - INFO - >>> Model top_right-original-bottom_right trained. Accuracy: 0.7472 (12.73 sec.)
2025-07-12 21:59:38 - INFO - Training model: bottom_left-original-tda
2025-07-12 22:00:01 - INFO - Model bottom_left-original-tda completed in 23.05 seconds.
2025-07-12 22:00:01 - INFO - >>> Model bottom_left-original-tda trained. Accuracy: 0.7091 (23.05 sec.)
2025-07-12 22:00:01 - INFO - Training model: original-tda-top_left
2025-07-12 22:00:24 - INFO - Model original-tda-top_left completed in 23.64 seconds.
2025-07-12 22:00:24 - INFO - >>> Model original-tda-top_left trained. Accuracy: 0.7158 (23.64 sec.)
2025-07-12 22:00:24 - INFO - Training model: original-tda-bottom_right
2025-07-12 22:00:48 - INFO - Model original-tda-bottom_right completed in 23.65 seconds.
2025-07-12 22:00:48 - INFO - >>> Model original-tda-bottom_right trained. Accuracy: 0.7027 (23.65 sec.)
2025-07-12 22:00:48 - INFO - Training model: bottom_left-original-top_left
2025-07-12 22:01:01 - INFO - Model bottom_left-original-top_left completed in 12.49 seconds.
2025-07-12 22:01:01 - INFO - >>> Model bottom_left-original-top_left trained. Accuracy: 0.7356 (12.49 sec.)
2025-07-12 22:01:01 - INFO - Training model: bottom_left-original-bottom_right
2025-07-12 22:01:13 - INFO - Model bottom_left-original-bottom_right completed in 12.63 seconds.
2025-07-12 22:01:13 - INFO - >>> Model bottom_left-original-bottom_right trained. Accuracy: 0.7196 (12.63 sec.)
2025-07-12 22:01:13 - INFO - Training model: original-bottom_right-top_left
2025-07-12 22:01:26 - INFO - Model original-bottom_right-top_left completed in 12.64 seconds.
2025-07-12 22:01:26 - INFO - >>> Model original-bottom_right-top_left trained. Accuracy: 0.7268 (12.64 sec.)
2025-07-12 22:01:26 - INFO - Training model: top_right-bottom_left-original-tda
2025-07-12 22:01:53 - INFO - Model top_right-bottom_left-original-tda completed in 26.69 seconds.
2025-07-12 22:01:53 - INFO - >>> Model top_right-bottom_left-original-tda trained. Accuracy: 0.7549 (26.69 sec.)
2025-07-12 22:01:53 - INFO - Training model: top_right-original-tda-top_left
2025-07-12 22:02:19 - INFO - Model top_right-original-tda-top_left completed in 26.88 seconds.
2025-07-12 22:02:19 - INFO - >>> Model top_right-original-tda-top_left trained. Accuracy: 0.7568 (26.88 sec.)
2025-07-12 22:02:19 - INFO - Training model: top_right-original-tda-bottom_right
2025-07-12 22:02:47 - INFO - Model top_right-original-tda-bottom_right completed in 27.14 seconds.
2025-07-12 22:02:47 - INFO - >>> Model top_right-original-tda-bottom_right trained. Accuracy: 0.7523 (27.14 sec.)
2025-07-12 22:02:47 - INFO - Training model: top_right-bottom_left-original-top_left
2025-07-12 22:03:02 - INFO - Model top_right-bottom_left-original-top_left completed in 15.83 seconds.
2025-07-12 22:03:02 - INFO - >>> Model top_right-bottom_left-original-top_left trained. Accuracy: 0.7850 (15.83 sec.)
2025-07-12 22:03:02 - INFO - Training model: top_right-bottom_left-original-bottom_right
2025-07-12 22:03:18 - INFO - Model top_right-bottom_left-original-bottom_right completed in 16.02 seconds.
2025-07-12 22:03:18 - INFO - >>> Model top_right-bottom_left-original-bottom_right trained. Accuracy: 0.7718 (16.02 sec.)
2025-07-12 22:03:18 - INFO - Training model: top_right-original-bottom_right-top_left
2025-07-12 22:03:34 - INFO - Model top_right-original-bottom_right-top_left completed in 15.76 seconds.
2025-07-12 22:03:34 - INFO - >>> Model top_right-original-bottom_right-top_left trained. Accuracy: 0.7736 (15.76 sec.)
2025-07-12 22:03:34 - INFO - Training model: bottom_left-original-tda-top_left
2025-07-12 22:04:01 - INFO - Model bottom_left-original-tda-top_left completed in 26.49 seconds.
2025-07-12 22:04:01 - INFO - >>> Model bottom_left-original-tda-top_left trained. Accuracy: 0.7421 (26.49 sec.)
2025-07-12 22:04:01 - INFO - Training model: bottom_left-original-tda-bottom_right
2025-07-12 22:04:28 - INFO - Model bottom_left-original-tda-bottom_right completed in 26.99 seconds.
2025-07-12 22:04:28 - INFO - >>> Model bottom_left-original-tda-bottom_right trained. Accuracy: 0.7289 (26.99 sec.)
2025-07-12 22:04:28 - INFO - Training model: original-tda-bottom_right-top_left
2025-07-12 22:04:54 - INFO - Model original-tda-bottom_right-top_left completed in 26.73 seconds.
2025-07-12 22:04:54 - INFO - >>> Model original-tda-bottom_right-top_left trained. Accuracy: 0.7344 (26.73 sec.)
2025-07-12 22:04:54 - INFO - Training model: bottom_left-original-bottom_right-top_left
2025-07-12 22:05:10 - INFO - Model bottom_left-original-bottom_right-top_left completed in 15.95 seconds.
2025-07-12 22:05:10 - INFO - >>> Model bottom_left-original-bottom_right-top_left trained. Accuracy: 0.7605 (15.95 sec.)
2025-07-12 22:05:10 - INFO - Training model: top_right-tda-bottom_left-top_left-original
2025-07-12 22:05:40 - INFO - Model top_right-tda-bottom_left-top_left-original completed in 29.84 seconds.
2025-07-12 22:05:40 - INFO - >>> Model top_right-tda-bottom_left-top_left-original trained. Accuracy: 0.7845 (29.84 sec.)
2025-07-12 22:05:40 - INFO - Training model: top_right-tda-bottom_left-bottom_right-original
2025-07-12 22:06:10 - INFO - Model top_right-tda-bottom_left-bottom_right-original completed in 30.28 seconds.
2025-07-12 22:06:10 - INFO - >>> Model top_right-tda-bottom_left-bottom_right-original trained. Accuracy: 0.7727 (30.28 sec.)
2025-07-12 22:06:10 - INFO - Training model: top_right-tda-top_left-bottom_right-original
2025-07-12 22:06:40 - INFO - Model top_right-tda-top_left-bottom_right-original completed in 30.02 seconds.
2025-07-12 22:06:40 - INFO - >>> Model top_right-tda-top_left-bottom_right-original trained. Accuracy: 0.7754 (30.02 sec.)
2025-07-12 22:06:40 - INFO - Training model: top_right-bottom_left-top_left-bottom_right-original
2025-07-12 22:07:00 - INFO - Model top_right-bottom_left-top_left-bottom_right-original completed in 19.46 seconds.
2025-07-12 22:07:00 - INFO - >>> Model top_right-bottom_left-top_left-bottom_right-original trained. Accuracy: 0.8017 (19.46 sec.)
2025-07-12 22:07:00 - INFO - Training model: tda-bottom_left-top_left-bottom_right-original
2025-07-12 22:07:29 - INFO - Model tda-bottom_left-top_left-bottom_right-original completed in 29.42 seconds.
2025-07-12 22:07:29 - INFO - >>> Model tda-bottom_left-top_left-bottom_right-original trained. Accuracy: 0.7605 (29.42 sec.)
2025-07-12 22:07:29 - INFO - Training model: top_right-tda-bottom_left-top_left-bottom_right-original
2025-07-12 22:08:02 - INFO - Model top_right-tda-bottom_left-top_left-bottom_right-original completed in 32.79 seconds.
2025-07-12 22:08:02 - INFO - >>> Model top_right-tda-bottom_left-top_left-bottom_right-original trained. Accuracy: 0.8008 (32.79 sec.)
2025-07-12 22:08:02 - INFO - All models trained successfully.
2025-07-12 22:08:02 - INFO - ========== [Model Training Completed] in 10.41 minutes ==========
2025-07-12 22:08:02 - INFO - ========== [Experiment Training Complete] ==========
2025-07-12 22:08:02 - INFO - Results saved to /home/jovyan/Workspace/workspace_mnist/results/exp_icecream_noise_saltpepper_50perc/exp_icecream_noise_saltpepper_50perc_2025-07-12_22-08-02.json
2025-07-12 22:08:02 - INFO - Results successfully saved to /home/jovyan/Workspace/workspace_mnist/results/exp_icecream_noise_saltpepper_50perc/exp_icecream_noise_saltpepper_50perc_2025-07-12_22-08-02.json
2025-07-12 22:08:02 - INFO - Forced Garbage collection executed to Free Memory.
2025-07-12 22:08:02 - INFO - ========== [Experiment Completed] in 21.94 minutes ==========
