2025-07-12 19:36:00 - INFO - Logging initialized.
 Writing to /home/jovyan/Workspace/workspace_mnist/logs/exp_icecream_noise_saltpepper_50perc/experiment_logs_2025-07-12_19-36-00.log
2025-07-12 19:36:00 - INFO - ========== [Experiment Start] ==========
2025-07-12 19:36:00 - INFO - Views combinations successfully generated.
2025-07-12 19:36:00 - INFO - Topological Data Analysis pipeline generated.
2025-07-12 19:36:00 - INFO - Folder to save results has been created.
2025-07-12 19:36:00 - INFO - Reading dataset from mnist_784.csv (chunk size: 70000).
2025-07-12 19:36:01 - INFO - Starting multiview data preparation for a chunk of size (70000, 784)...
2025-07-12 19:36:01 - INFO - Running using 28 jobs.
2025-07-12 19:36:01 - INFO - Contaminating dataset with salt_pepper, quantity=0.5, transparency=0.
2025-07-12 19:36:05 - INFO - Splitting data: 80.0% train / 30.0% test (random_state=37601685)
2025-07-12 19:36:05 - INFO - Using full training data without second split.
2025-07-12 19:36:05 - INFO - Data split complete. Train size: (49000, 784), Test size: (21000, 784)
2025-07-12 19:36:05 - INFO - Reshaping train and test data into square images...
2025-07-12 19:36:05 - INFO - Reshaping complete. Train images shape: (49000, 28, 28), Test images shape: (21000, 28, 28)
2025-07-12 19:36:05 - INFO - Splitting images into quadrant views...
2025-07-12 19:36:05 - INFO - Quadrant view splitting complete. Train views: 4, Test views: 4
2025-07-12 19:36:05 - INFO - Saving sample images for each view...
2025-07-12 19:36:05 - INFO - Sample views saved successfully.
2025-07-12 19:36:05 - INFO - Starting TDA pipeline transformation on train data...
2025-07-12 19:43:57 - INFO - TDA transformation for train completed (7.86 minutes).
2025-07-12 19:43:57 - INFO - Applying TDA pipeline transformation on test data...
2025-07-12 19:47:13 - INFO - TDA transformation for test completed (3.28 minutes).
2025-07-12 19:47:13 - INFO - ========== [Model Training Start] ==========
2025-07-12 19:47:13 - INFO - Training model: original
2025-07-12 19:47:14 - INFO - Model original completed in 1.23 seconds.
2025-07-12 19:47:14 - INFO - >>> Model original trained. Accuracy: 0.6686 (1.23 sec.)
2025-07-12 19:47:14 - INFO - Training model: top_right-original
2025-07-12 19:47:24 - INFO - Model top_right-original completed in 9.63 seconds.
2025-07-12 19:47:24 - INFO - >>> Model top_right-original trained. Accuracy: 0.7360 (9.63 sec.)
2025-07-12 19:47:24 - INFO - Training model: original-tda
2025-07-12 19:47:44 - INFO - Model original-tda completed in 19.57 seconds.
2025-07-12 19:47:44 - INFO - >>> Model original-tda trained. Accuracy: 0.6893 (19.57 sec.)
2025-07-12 19:47:44 - INFO - Training model: bottom_left-original
2025-07-12 19:47:53 - INFO - Model bottom_left-original completed in 8.91 seconds.
2025-07-12 19:47:53 - INFO - >>> Model bottom_left-original trained. Accuracy: 0.7001 (8.91 sec.)
2025-07-12 19:47:53 - INFO - Training model: original-top_left
2025-07-12 19:48:02 - INFO - Model original-top_left completed in 9.16 seconds.
2025-07-12 19:48:02 - INFO - >>> Model original-top_left trained. Accuracy: 0.7087 (9.16 sec.)
2025-07-12 19:48:02 - INFO - Training model: original-bottom_right
2025-07-12 19:48:11 - INFO - Model original-bottom_right completed in 9.41 seconds.
2025-07-12 19:48:11 - INFO - >>> Model original-bottom_right trained. Accuracy: 0.6955 (9.41 sec.)
2025-07-12 19:48:11 - INFO - Training model: top_right-original-tda
2025-07-12 19:48:35 - INFO - Model top_right-original-tda completed in 23.71 seconds.
2025-07-12 19:48:35 - INFO - >>> Model top_right-original-tda trained. Accuracy: 0.7388 (23.71 sec.)
2025-07-12 19:48:35 - INFO - Training model: top_right-bottom_left-original
2025-07-12 19:48:47 - INFO - Model top_right-bottom_left-original completed in 12.68 seconds.
2025-07-12 19:48:47 - INFO - >>> Model top_right-bottom_left-original trained. Accuracy: 0.7612 (12.68 sec.)
2025-07-12 19:48:47 - INFO - Training model: top_right-original-top_left
2025-07-12 19:49:00 - INFO - Model top_right-original-top_left completed in 12.66 seconds.
2025-07-12 19:49:00 - INFO - >>> Model top_right-original-top_left trained. Accuracy: 0.7595 (12.66 sec.)
2025-07-12 19:49:00 - INFO - Training model: top_right-original-bottom_right
2025-07-12 19:49:13 - INFO - Model top_right-original-bottom_right completed in 12.52 seconds.
2025-07-12 19:49:13 - INFO - >>> Model top_right-original-bottom_right trained. Accuracy: 0.7561 (12.52 sec.)
2025-07-12 19:49:13 - INFO - Training model: bottom_left-original-tda
2025-07-12 19:49:36 - INFO - Model bottom_left-original-tda completed in 23.45 seconds.
2025-07-12 19:49:36 - INFO - >>> Model bottom_left-original-tda trained. Accuracy: 0.7119 (23.45 sec.)
2025-07-12 19:49:36 - INFO - Training model: original-tda-top_left
2025-07-12 19:50:00 - INFO - Model original-tda-top_left completed in 23.40 seconds.
2025-07-12 19:50:00 - INFO - >>> Model original-tda-top_left trained. Accuracy: 0.7230 (23.40 sec.)
2025-07-12 19:50:00 - INFO - Training model: original-tda-bottom_right
2025-07-12 19:50:23 - INFO - Model original-tda-bottom_right completed in 23.77 seconds.
2025-07-12 19:50:23 - INFO - >>> Model original-tda-bottom_right trained. Accuracy: 0.7087 (23.77 sec.)
2025-07-12 19:50:23 - INFO - Training model: bottom_left-original-top_left
2025-07-12 19:50:35 - INFO - Model bottom_left-original-top_left completed in 12.17 seconds.
2025-07-12 19:50:35 - INFO - >>> Model bottom_left-original-top_left trained. Accuracy: 0.7393 (12.17 sec.)
2025-07-12 19:50:35 - INFO - Training model: bottom_left-original-bottom_right
2025-07-12 19:50:48 - INFO - Model bottom_left-original-bottom_right completed in 12.66 seconds.
2025-07-12 19:50:48 - INFO - >>> Model bottom_left-original-bottom_right trained. Accuracy: 0.7214 (12.66 sec.)
2025-07-12 19:50:48 - INFO - Training model: original-bottom_right-top_left
2025-07-12 19:51:00 - INFO - Model original-bottom_right-top_left completed in 12.34 seconds.
2025-07-12 19:51:00 - INFO - >>> Model original-bottom_right-top_left trained. Accuracy: 0.7298 (12.34 sec.)
2025-07-12 19:51:00 - INFO - Training model: top_right-bottom_left-original-tda
2025-07-12 19:51:27 - INFO - Model top_right-bottom_left-original-tda completed in 26.65 seconds.
2025-07-12 19:51:27 - INFO - >>> Model top_right-bottom_left-original-tda trained. Accuracy: 0.7650 (26.65 sec.)
2025-07-12 19:51:27 - INFO - Training model: top_right-original-tda-top_left
2025-07-12 19:51:54 - INFO - Model top_right-original-tda-top_left completed in 26.80 seconds.
2025-07-12 19:51:54 - INFO - >>> Model top_right-original-tda-top_left trained. Accuracy: 0.7671 (26.80 sec.)
2025-07-12 19:51:54 - INFO - Training model: top_right-original-tda-bottom_right
2025-07-12 19:52:21 - INFO - Model top_right-original-tda-bottom_right completed in 26.79 seconds.
2025-07-12 19:52:21 - INFO - >>> Model top_right-original-tda-bottom_right trained. Accuracy: 0.7602 (26.79 sec.)
2025-07-12 19:52:21 - INFO - Training model: top_right-bottom_left-original-top_left
2025-07-12 19:52:37 - INFO - Model top_right-bottom_left-original-top_left completed in 15.96 seconds.
2025-07-12 19:52:37 - INFO - >>> Model top_right-bottom_left-original-top_left trained. Accuracy: 0.7918 (15.96 sec.)
2025-07-12 19:52:37 - INFO - Training model: top_right-bottom_left-original-bottom_right
2025-07-12 19:52:53 - INFO - Model top_right-bottom_left-original-bottom_right completed in 15.87 seconds.
2025-07-12 19:52:53 - INFO - >>> Model top_right-bottom_left-original-bottom_right trained. Accuracy: 0.7811 (15.87 sec.)
2025-07-12 19:52:53 - INFO - Training model: top_right-original-bottom_right-top_left
2025-07-12 19:53:08 - INFO - Model top_right-original-bottom_right-top_left completed in 15.78 seconds.
2025-07-12 19:53:08 - INFO - >>> Model top_right-original-bottom_right-top_left trained. Accuracy: 0.7812 (15.78 sec.)
2025-07-12 19:53:08 - INFO - Training model: bottom_left-original-tda-top_left
2025-07-12 19:53:34 - INFO - Model bottom_left-original-tda-top_left completed in 26.10 seconds.
2025-07-12 19:53:34 - INFO - >>> Model bottom_left-original-tda-top_left trained. Accuracy: 0.7454 (26.10 sec.)
2025-07-12 19:53:34 - INFO - Training model: bottom_left-original-tda-bottom_right
2025-07-12 19:54:01 - INFO - Model bottom_left-original-tda-bottom_right completed in 26.99 seconds.
2025-07-12 19:54:01 - INFO - >>> Model bottom_left-original-tda-bottom_right trained. Accuracy: 0.7303 (26.99 sec.)
2025-07-12 19:54:01 - INFO - Training model: original-tda-bottom_right-top_left
2025-07-12 19:54:28 - INFO - Model original-tda-bottom_right-top_left completed in 26.52 seconds.
2025-07-12 19:54:28 - INFO - >>> Model original-tda-bottom_right-top_left trained. Accuracy: 0.7387 (26.52 sec.)
2025-07-12 19:54:28 - INFO - Training model: bottom_left-original-bottom_right-top_left
2025-07-12 19:54:44 - INFO - Model bottom_left-original-bottom_right-top_left completed in 15.92 seconds.
2025-07-12 19:54:44 - INFO - >>> Model bottom_left-original-bottom_right-top_left trained. Accuracy: 0.7608 (15.92 sec.)
2025-07-12 19:54:44 - INFO - Training model: top_right-tda-bottom_left-top_left-original
2025-07-12 19:55:14 - INFO - Model top_right-tda-bottom_left-top_left-original completed in 29.79 seconds.
2025-07-12 19:55:14 - INFO - >>> Model top_right-tda-bottom_left-top_left-original trained. Accuracy: 0.7895 (29.79 sec.)
2025-07-12 19:55:14 - INFO - Training model: top_right-tda-bottom_left-bottom_right-original
2025-07-12 19:55:44 - INFO - Model top_right-tda-bottom_left-bottom_right-original completed in 29.93 seconds.
2025-07-12 19:55:44 - INFO - >>> Model top_right-tda-bottom_left-bottom_right-original trained. Accuracy: 0.7803 (29.93 sec.)
2025-07-12 19:55:44 - INFO - Training model: top_right-tda-top_left-bottom_right-original
2025-07-12 19:56:13 - INFO - Model top_right-tda-top_left-bottom_right-original completed in 29.57 seconds.
2025-07-12 19:56:13 - INFO - >>> Model top_right-tda-top_left-bottom_right-original trained. Accuracy: 0.7817 (29.57 sec.)
2025-07-12 19:56:13 - INFO - Training model: top_right-bottom_left-top_left-bottom_right-original
2025-07-12 19:56:32 - INFO - Model top_right-bottom_left-top_left-bottom_right-original completed in 18.98 seconds.
2025-07-12 19:56:32 - INFO - >>> Model top_right-bottom_left-top_left-bottom_right-original trained. Accuracy: 0.8093 (18.98 sec.)
2025-07-12 19:56:32 - INFO - Training model: tda-bottom_left-top_left-bottom_right-original
2025-07-12 19:57:02 - INFO - Model tda-bottom_left-top_left-bottom_right-original completed in 29.66 seconds.
2025-07-12 19:57:02 - INFO - >>> Model tda-bottom_left-top_left-bottom_right-original trained. Accuracy: 0.7624 (29.66 sec.)
2025-07-12 19:57:02 - INFO - Training model: top_right-tda-bottom_left-top_left-bottom_right-original
2025-07-12 19:57:35 - INFO - Model top_right-tda-bottom_left-top_left-bottom_right-original completed in 32.79 seconds.
2025-07-12 19:57:35 - INFO - >>> Model top_right-tda-bottom_left-top_left-bottom_right-original trained. Accuracy: 0.8057 (32.79 sec.)
2025-07-12 19:57:35 - INFO - All models trained successfully.
2025-07-12 19:57:35 - INFO - ========== [Model Training Completed] in 10.36 minutes ==========
2025-07-12 19:57:35 - INFO - ========== [Experiment Training Complete] ==========
2025-07-12 19:57:35 - INFO - Results saved to /home/jovyan/Workspace/workspace_mnist/results/exp_icecream_noise_saltpepper_50perc/exp_icecream_noise_saltpepper_50perc_2025-07-12_19-57-35.json
2025-07-12 19:57:35 - INFO - Results successfully saved to /home/jovyan/Workspace/workspace_mnist/results/exp_icecream_noise_saltpepper_50perc/exp_icecream_noise_saltpepper_50perc_2025-07-12_19-57-35.json
2025-07-12 19:57:35 - INFO - Forced Garbage collection executed to Free Memory.
2025-07-12 19:57:35 - INFO - ========== [Experiment Completed] in 21.58 minutes ==========
