2025-07-14 12:25:59 - INFO - Logging initialized.
 Writing to /home/jovyan/Workspace/workspace_mnist/logs/exp_icecream_noise_saltpepper_50perc_part3/experiment_logs_2025-07-14_12-25-59.log
2025-07-14 12:25:59 - INFO - ========== [Experiment Start] ==========
2025-07-14 12:25:59 - INFO - Views combinations successfully generated.
2025-07-14 12:25:59 - INFO - Topological Data Analysis pipeline generated.
2025-07-14 12:25:59 - INFO - Folder to save results has been created.
2025-07-14 12:25:59 - INFO - Reading dataset from mnist_784.csv (chunk size: 70000).
2025-07-14 12:26:00 - INFO - Starting multiview data preparation for a chunk of size (70000, 784)...
2025-07-14 12:26:00 - INFO - Running using 28 jobs.
2025-07-14 12:26:00 - INFO - Contaminating dataset with salt_pepper, quantity=0.5, transparency=0.
2025-07-14 12:26:04 - INFO - Splitting data: 80.0% train / 30.0% test (random_state=434772482)
2025-07-14 12:26:04 - INFO - Using full training data without second split.
2025-07-14 12:26:04 - INFO - Data split complete. Train size: (49000, 784), Test size: (21000, 784)
2025-07-14 12:26:04 - INFO - Reshaping train and test data into square images...
2025-07-14 12:26:04 - INFO - Reshaping complete. Train images shape: (49000, 28, 28), Test images shape: (21000, 28, 28)
2025-07-14 12:26:04 - INFO - Splitting images into quadrant views...
2025-07-14 12:26:04 - INFO - Quadrant view splitting complete. Train views: 4, Test views: 4
2025-07-14 12:26:04 - INFO - Starting TDA pipeline transformation on train data...
2025-07-14 12:34:05 - INFO - TDA transformation for train completed (8.02 minutes).
2025-07-14 12:34:05 - INFO - Applying TDA pipeline transformation on test data...
2025-07-14 12:37:20 - INFO - TDA transformation for test completed (3.25 minutes).
2025-07-14 12:37:20 - INFO - ========== [Model Training Start] ==========
2025-07-14 12:37:20 - INFO - Training model: original
2025-07-14 12:37:22 - INFO - Model original completed in 1.22 seconds.
2025-07-14 12:37:22 - INFO - >>> Model original trained. Accuracy: 0.6670 (1.22 sec.)
2025-07-14 12:37:22 - INFO - Training model: original-bottom_right
2025-07-14 12:37:32 - INFO - Model original-bottom_right completed in 9.98 seconds.
2025-07-14 12:37:32 - INFO - >>> Model original-bottom_right trained. Accuracy: 0.6920 (9.98 sec.)
2025-07-14 12:37:32 - INFO - Training model: original-top_right
2025-07-14 12:37:41 - INFO - Model original-top_right completed in 9.75 seconds.
2025-07-14 12:37:41 - INFO - >>> Model original-top_right trained. Accuracy: 0.7297 (9.75 sec.)
2025-07-14 12:37:41 - INFO - Training model: original-tda
2025-07-14 12:38:02 - INFO - Model original-tda completed in 20.30 seconds.
2025-07-14 12:38:02 - INFO - >>> Model original-tda trained. Accuracy: 0.6870 (20.30 sec.)
2025-07-14 12:38:02 - INFO - Training model: original-top_left
2025-07-14 12:38:11 - INFO - Model original-top_left completed in 9.59 seconds.
2025-07-14 12:38:11 - INFO - >>> Model original-top_left trained. Accuracy: 0.7071 (9.59 sec.)
2025-07-14 12:38:11 - INFO - Training model: original-bottom_left
2025-07-14 12:38:21 - INFO - Model original-bottom_left completed in 9.84 seconds.
2025-07-14 12:38:21 - INFO - >>> Model original-bottom_left trained. Accuracy: 0.7045 (9.84 sec.)
2025-07-14 12:38:21 - INFO - Training model: original-bottom_right-top_right
2025-07-14 12:38:34 - INFO - Model original-bottom_right-top_right completed in 12.96 seconds.
2025-07-14 12:38:34 - INFO - >>> Model original-bottom_right-top_right trained. Accuracy: 0.7464 (12.96 sec.)
2025-07-14 12:38:34 - INFO - Training model: original-bottom_right-tda
2025-07-14 12:38:57 - INFO - Model original-bottom_right-tda completed in 23.44 seconds.
2025-07-14 12:38:57 - INFO - >>> Model original-bottom_right-tda trained. Accuracy: 0.7060 (23.44 sec.)
2025-07-14 12:38:57 - INFO - Training model: original-bottom_right-top_left
2025-07-14 12:39:10 - INFO - Model original-bottom_right-top_left completed in 12.54 seconds.
2025-07-14 12:39:10 - INFO - >>> Model original-bottom_right-top_left trained. Accuracy: 0.7246 (12.54 sec.)
2025-07-14 12:39:10 - INFO - Training model: original-bottom_right-bottom_left
2025-07-14 12:39:23 - INFO - Model original-bottom_right-bottom_left completed in 12.93 seconds.
2025-07-14 12:39:23 - INFO - >>> Model original-bottom_right-bottom_left trained. Accuracy: 0.7266 (12.93 sec.)
2025-07-14 12:39:23 - INFO - Training model: original-top_right-tda
2025-07-14 12:39:47 - INFO - Model original-top_right-tda completed in 23.74 seconds.
2025-07-14 12:39:47 - INFO - >>> Model original-top_right-tda trained. Accuracy: 0.7370 (23.74 sec.)
2025-07-14 12:39:47 - INFO - Training model: original-top_left-top_right
2025-07-14 12:39:59 - INFO - Model original-top_left-top_right completed in 12.48 seconds.
2025-07-14 12:39:59 - INFO - >>> Model original-top_left-top_right trained. Accuracy: 0.7537 (12.48 sec.)
2025-07-14 12:39:59 - INFO - Training model: original-top_right-bottom_left
2025-07-14 12:40:12 - INFO - Model original-top_right-bottom_left completed in 12.96 seconds.
2025-07-14 12:40:12 - INFO - >>> Model original-top_right-bottom_left trained. Accuracy: 0.7612 (12.96 sec.)
2025-07-14 12:40:12 - INFO - Training model: original-top_left-tda
2025-07-14 12:40:36 - INFO - Model original-top_left-tda completed in 23.53 seconds.
2025-07-14 12:40:36 - INFO - >>> Model original-top_left-tda trained. Accuracy: 0.7148 (23.53 sec.)
2025-07-14 12:40:36 - INFO - Training model: original-bottom_left-tda
2025-07-14 12:40:59 - INFO - Model original-bottom_left-tda completed in 23.53 seconds.
2025-07-14 12:40:59 - INFO - >>> Model original-bottom_left-tda trained. Accuracy: 0.7146 (23.53 sec.)
2025-07-14 12:40:59 - INFO - Training model: original-top_left-bottom_left
2025-07-14 12:41:12 - INFO - Model original-top_left-bottom_left completed in 12.73 seconds.
2025-07-14 12:41:12 - INFO - >>> Model original-top_left-bottom_left trained. Accuracy: 0.7382 (12.73 sec.)
2025-07-14 12:41:12 - INFO - Training model: original-bottom_right-top_right-tda
2025-07-14 12:41:39 - INFO - Model original-bottom_right-top_right-tda completed in 26.76 seconds.
2025-07-14 12:41:39 - INFO - >>> Model original-bottom_right-top_right-tda trained. Accuracy: 0.7536 (26.76 sec.)
2025-07-14 12:41:39 - INFO - Training model: original-top_left-bottom_right-top_right
2025-07-14 12:41:55 - INFO - Model original-top_left-bottom_right-top_right completed in 16.18 seconds.
2025-07-14 12:41:55 - INFO - >>> Model original-top_left-bottom_right-top_right trained. Accuracy: 0.7713 (16.18 sec.)
2025-07-14 12:41:55 - INFO - Training model: original-bottom_right-top_right-bottom_left
2025-07-14 12:42:11 - INFO - Model original-bottom_right-top_right-bottom_left completed in 16.25 seconds.
2025-07-14 12:42:11 - INFO - >>> Model original-bottom_right-top_right-bottom_left trained. Accuracy: 0.7781 (16.25 sec.)
2025-07-14 12:42:11 - INFO - Training model: original-bottom_right-top_left-tda
2025-07-14 12:42:38 - INFO - Model original-bottom_right-top_left-tda completed in 26.94 seconds.
2025-07-14 12:42:38 - INFO - >>> Model original-bottom_right-top_left-tda trained. Accuracy: 0.7305 (26.94 sec.)
2025-07-14 12:42:38 - INFO - Training model: original-bottom_left-bottom_right-tda
2025-07-14 12:43:05 - INFO - Model original-bottom_left-bottom_right-tda completed in 27.36 seconds.
2025-07-14 12:43:05 - INFO - >>> Model original-bottom_left-bottom_right-tda trained. Accuracy: 0.7340 (27.36 sec.)
2025-07-14 12:43:05 - INFO - Training model: original-bottom_right-top_left-bottom_left
2025-07-14 12:43:22 - INFO - Model original-bottom_right-top_left-bottom_left completed in 16.20 seconds.
2025-07-14 12:43:22 - INFO - >>> Model original-bottom_right-top_left-bottom_left trained. Accuracy: 0.7571 (16.20 sec.)
2025-07-14 12:43:22 - INFO - Training model: original-top_left-top_right-tda
2025-07-14 12:43:48 - INFO - Model original-top_left-top_right-tda completed in 26.78 seconds.
2025-07-14 12:43:48 - INFO - >>> Model original-top_left-top_right-tda trained. Accuracy: 0.7592 (26.78 sec.)
2025-07-14 12:43:48 - INFO - Training model: original-bottom_left-top_right-tda
2025-07-14 12:44:15 - INFO - Model original-bottom_left-top_right-tda completed in 26.90 seconds.
2025-07-14 12:44:15 - INFO - >>> Model original-bottom_left-top_right-tda trained. Accuracy: 0.7653 (26.90 sec.)
2025-07-14 12:44:15 - INFO - Training model: original-top_left-top_right-bottom_left
2025-07-14 12:44:31 - INFO - Model original-top_left-top_right-bottom_left completed in 15.83 seconds.
2025-07-14 12:44:31 - INFO - >>> Model original-top_left-top_right-bottom_left trained. Accuracy: 0.7866 (15.83 sec.)
2025-07-14 12:44:31 - INFO - Training model: original-bottom_left-top_left-tda
2025-07-14 12:44:57 - INFO - Model original-bottom_left-top_left-tda completed in 26.13 seconds.
2025-07-14 12:44:57 - INFO - >>> Model original-bottom_left-top_left-tda trained. Accuracy: 0.7439 (26.13 sec.)
2025-07-14 12:44:57 - INFO - Training model: bottom_right-top_right-original-tda-top_left
2025-07-14 12:45:27 - INFO - Model bottom_right-top_right-original-tda-top_left completed in 30.06 seconds.
2025-07-14 12:45:27 - INFO - >>> Model bottom_right-top_right-original-tda-top_left trained. Accuracy: 0.7749 (30.06 sec.)
2025-07-14 12:45:27 - INFO - Training model: bottom_right-top_right-original-tda-bottom_left
2025-07-14 12:45:57 - INFO - Model bottom_right-top_right-original-tda-bottom_left completed in 30.07 seconds.
2025-07-14 12:45:57 - INFO - >>> Model bottom_right-top_right-original-tda-bottom_left trained. Accuracy: 0.7773 (30.07 sec.)
2025-07-14 12:45:57 - INFO - Training model: bottom_right-top_right-original-top_left-bottom_left
2025-07-14 12:46:17 - INFO - Model bottom_right-top_right-original-top_left-bottom_left completed in 19.63 seconds.
2025-07-14 12:46:17 - INFO - >>> Model bottom_right-top_right-original-top_left-bottom_left trained. Accuracy: 0.8026 (19.63 sec.)
2025-07-14 12:46:17 - INFO - Training model: bottom_right-original-tda-top_left-bottom_left
2025-07-14 12:46:47 - INFO - Model bottom_right-original-tda-top_left-bottom_left completed in 30.31 seconds.
2025-07-14 12:46:47 - INFO - >>> Model bottom_right-original-tda-top_left-bottom_left trained. Accuracy: 0.7605 (30.31 sec.)
2025-07-14 12:46:47 - INFO - Training model: top_right-original-tda-top_left-bottom_left
2025-07-14 12:47:17 - INFO - Model top_right-original-tda-top_left-bottom_left completed in 29.95 seconds.
2025-07-14 12:47:17 - INFO - >>> Model top_right-original-tda-top_left-bottom_left trained. Accuracy: 0.7867 (29.95 sec.)
2025-07-14 12:47:17 - INFO - Training model: bottom_right-top_right-original-tda-top_left-bottom_left
2025-07-14 12:47:51 - INFO - Model bottom_right-top_right-original-tda-top_left-bottom_left completed in 33.33 seconds.
2025-07-14 12:47:51 - INFO - >>> Model bottom_right-top_right-original-tda-top_left-bottom_left trained. Accuracy: 0.8014 (33.33 sec.)
2025-07-14 12:47:51 - INFO - All models trained successfully.
2025-07-14 12:47:51 - INFO - ========== [Model Training Completed] in 10.50 minutes ==========
2025-07-14 12:47:51 - INFO - ========== [Experiment Training Complete] ==========
2025-07-14 12:47:51 - INFO - Results saved to /home/jovyan/Workspace/workspace_mnist/results/exp_icecream_noise_saltpepper_50perc_part3/exp_icecream_noise_saltpepper_50perc_part3_2025-07-14_12-47-51.json
2025-07-14 12:47:51 - INFO - Results successfully saved to /home/jovyan/Workspace/workspace_mnist/results/exp_icecream_noise_saltpepper_50perc_part3/exp_icecream_noise_saltpepper_50perc_part3_2025-07-14_12-47-51.json
2025-07-14 12:47:51 - INFO - Forced Garbage collection executed to Free Memory.
2025-07-14 12:47:51 - INFO - ========== [Experiment Completed] in 21.86 minutes ==========
