2025-07-14 18:58:07 - INFO - Logging initialized.
 Writing to /home/jovyan/Workspace/workspace_mnist/logs/exp_icecream_noise_saltpepper_50perc_part3/experiment_logs_2025-07-14_18-58-07.log
2025-07-14 18:58:07 - INFO - ========== [Experiment Start] ==========
2025-07-14 18:58:07 - INFO - Views combinations successfully generated.
2025-07-14 18:58:07 - INFO - Topological Data Analysis pipeline generated.
2025-07-14 18:58:07 - INFO - Folder to save results has been created.
2025-07-14 18:58:07 - INFO - Reading dataset from mnist_784.csv (chunk size: 70000).
2025-07-14 18:58:08 - INFO - Starting multiview data preparation for a chunk of size (70000, 784)...
2025-07-14 18:58:08 - INFO - Running using 28 jobs.
2025-07-14 18:58:08 - INFO - Contaminating dataset with salt_pepper, quantity=0.5, transparency=0.
2025-07-14 18:58:12 - INFO - Splitting data: 80.0% train / 30.0% test (random_state=953051524)
2025-07-14 18:58:12 - INFO - Using full training data without second split.
2025-07-14 18:58:12 - INFO - Data split complete. Train size: (49000, 784), Test size: (21000, 784)
2025-07-14 18:58:12 - INFO - Reshaping train and test data into square images...
2025-07-14 18:58:12 - INFO - Reshaping complete. Train images shape: (49000, 28, 28), Test images shape: (21000, 28, 28)
2025-07-14 18:58:12 - INFO - Splitting images into quadrant views...
2025-07-14 18:58:12 - INFO - Quadrant view splitting complete. Train views: 4, Test views: 4
2025-07-14 18:58:12 - INFO - Starting TDA pipeline transformation on train data...
2025-07-14 19:06:21 - INFO - TDA transformation for train completed (8.15 minutes).
2025-07-14 19:06:21 - INFO - Applying TDA pipeline transformation on test data...
2025-07-14 19:09:47 - INFO - TDA transformation for test completed (3.44 minutes).
2025-07-14 19:09:47 - INFO - ========== [Model Training Start] ==========
2025-07-14 19:09:47 - INFO - Training model: original
2025-07-14 19:09:48 - INFO - Model original completed in 1.17 seconds.
2025-07-14 19:09:48 - INFO - >>> Model original trained. Accuracy: 0.6655 (1.17 sec.)
2025-07-14 19:09:48 - INFO - Training model: original-bottom_right
2025-07-14 19:09:58 - INFO - Model original-bottom_right completed in 9.70 seconds.
2025-07-14 19:09:58 - INFO - >>> Model original-bottom_right trained. Accuracy: 0.6950 (9.70 sec.)
2025-07-14 19:09:58 - INFO - Training model: original-top_right
2025-07-14 19:10:07 - INFO - Model original-top_right completed in 9.29 seconds.
2025-07-14 19:10:07 - INFO - >>> Model original-top_right trained. Accuracy: 0.7286 (9.29 sec.)
2025-07-14 19:10:07 - INFO - Training model: original-tda
2025-07-14 19:10:28 - INFO - Model original-tda completed in 20.33 seconds.
2025-07-14 19:10:28 - INFO - >>> Model original-tda trained. Accuracy: 0.6872 (20.33 sec.)
2025-07-14 19:10:28 - INFO - Training model: original-top_left
2025-07-14 19:10:37 - INFO - Model original-top_left completed in 9.51 seconds.
2025-07-14 19:10:37 - INFO - >>> Model original-top_left trained. Accuracy: 0.7067 (9.51 sec.)
2025-07-14 19:10:37 - INFO - Training model: original-bottom_left
2025-07-14 19:10:47 - INFO - Model original-bottom_left completed in 9.64 seconds.
2025-07-14 19:10:47 - INFO - >>> Model original-bottom_left trained. Accuracy: 0.6955 (9.64 sec.)
2025-07-14 19:10:47 - INFO - Training model: original-bottom_right-top_right
2025-07-14 19:10:59 - INFO - Model original-bottom_right-top_right completed in 12.59 seconds.
2025-07-14 19:10:59 - INFO - >>> Model original-bottom_right-top_right trained. Accuracy: 0.7490 (12.59 sec.)
2025-07-14 19:10:59 - INFO - Training model: original-bottom_right-tda
2025-07-14 19:11:23 - INFO - Model original-bottom_right-tda completed in 23.64 seconds.
2025-07-14 19:11:23 - INFO - >>> Model original-bottom_right-tda trained. Accuracy: 0.7092 (23.64 sec.)
2025-07-14 19:11:23 - INFO - Training model: original-bottom_right-top_left
2025-07-14 19:11:36 - INFO - Model original-bottom_right-top_left completed in 12.52 seconds.
2025-07-14 19:11:36 - INFO - >>> Model original-bottom_right-top_left trained. Accuracy: 0.7220 (12.52 sec.)
2025-07-14 19:11:36 - INFO - Training model: original-bottom_right-bottom_left
2025-07-14 19:11:48 - INFO - Model original-bottom_right-bottom_left completed in 12.76 seconds.
2025-07-14 19:11:48 - INFO - >>> Model original-bottom_right-bottom_left trained. Accuracy: 0.7192 (12.76 sec.)
2025-07-14 19:11:48 - INFO - Training model: original-top_right-tda
2025-07-14 19:12:12 - INFO - Model original-top_right-tda completed in 23.39 seconds.
2025-07-14 19:12:12 - INFO - >>> Model original-top_right-tda trained. Accuracy: 0.7361 (23.39 sec.)
2025-07-14 19:12:12 - INFO - Training model: original-top_left-top_right
2025-07-14 19:12:24 - INFO - Model original-top_left-top_right completed in 12.54 seconds.
2025-07-14 19:12:24 - INFO - >>> Model original-top_left-top_right trained. Accuracy: 0.7535 (12.54 sec.)
2025-07-14 19:12:24 - INFO - Training model: original-top_right-bottom_left
2025-07-14 19:12:37 - INFO - Model original-top_right-bottom_left completed in 12.62 seconds.
2025-07-14 19:12:37 - INFO - >>> Model original-top_right-bottom_left trained. Accuracy: 0.7541 (12.62 sec.)
2025-07-14 19:12:37 - INFO - Training model: original-top_left-tda
2025-07-14 19:13:00 - INFO - Model original-top_left-tda completed in 23.52 seconds.
2025-07-14 19:13:00 - INFO - >>> Model original-top_left-tda trained. Accuracy: 0.7176 (23.52 sec.)
2025-07-14 19:13:00 - INFO - Training model: original-bottom_left-tda
2025-07-14 19:13:24 - INFO - Model original-bottom_left-tda completed in 23.66 seconds.
2025-07-14 19:13:24 - INFO - >>> Model original-bottom_left-tda trained. Accuracy: 0.7072 (23.66 sec.)
2025-07-14 19:13:24 - INFO - Training model: original-top_left-bottom_left
2025-07-14 19:13:37 - INFO - Model original-top_left-bottom_left completed in 12.76 seconds.
2025-07-14 19:13:37 - INFO - >>> Model original-top_left-bottom_left trained. Accuracy: 0.7322 (12.76 sec.)
2025-07-14 19:13:37 - INFO - Training model: original-bottom_right-top_right-tda
2025-07-14 19:14:04 - INFO - Model original-bottom_right-top_right-tda completed in 26.78 seconds.
2025-07-14 19:14:04 - INFO - >>> Model original-bottom_right-top_right-tda trained. Accuracy: 0.7533 (26.78 sec.)
2025-07-14 19:14:04 - INFO - Training model: original-top_left-bottom_right-top_right
2025-07-14 19:14:20 - INFO - Model original-top_left-bottom_right-top_right completed in 15.98 seconds.
2025-07-14 19:14:20 - INFO - >>> Model original-top_left-bottom_right-top_right trained. Accuracy: 0.7757 (15.98 sec.)
2025-07-14 19:14:20 - INFO - Training model: original-bottom_right-top_right-bottom_left
2025-07-14 19:14:36 - INFO - Model original-bottom_right-top_right-bottom_left completed in 15.97 seconds.
2025-07-14 19:14:36 - INFO - >>> Model original-bottom_right-top_right-bottom_left trained. Accuracy: 0.7740 (15.97 sec.)
2025-07-14 19:14:36 - INFO - Training model: original-bottom_right-top_left-tda
2025-07-14 19:15:02 - INFO - Model original-bottom_right-top_left-tda completed in 26.24 seconds.
2025-07-14 19:15:02 - INFO - >>> Model original-bottom_right-top_left-tda trained. Accuracy: 0.7357 (26.24 sec.)
2025-07-14 19:15:02 - INFO - Training model: original-bottom_left-bottom_right-tda
2025-07-14 19:15:29 - INFO - Model original-bottom_left-bottom_right-tda completed in 26.86 seconds.
2025-07-14 19:15:29 - INFO - >>> Model original-bottom_left-bottom_right-tda trained. Accuracy: 0.7271 (26.86 sec.)
2025-07-14 19:15:29 - INFO - Training model: original-bottom_right-top_left-bottom_left
2025-07-14 19:15:45 - INFO - Model original-bottom_right-top_left-bottom_left completed in 16.00 seconds.
2025-07-14 19:15:45 - INFO - >>> Model original-bottom_right-top_left-bottom_left trained. Accuracy: 0.7526 (16.00 sec.)
2025-07-14 19:15:45 - INFO - Training model: original-top_left-top_right-tda
2025-07-14 19:16:11 - INFO - Model original-top_left-top_right-tda completed in 26.81 seconds.
2025-07-14 19:16:11 - INFO - >>> Model original-top_left-top_right-tda trained. Accuracy: 0.7620 (26.81 sec.)
2025-07-14 19:16:11 - INFO - Training model: original-bottom_left-top_right-tda
2025-07-14 19:16:39 - INFO - Model original-bottom_left-top_right-tda completed in 27.15 seconds.
2025-07-14 19:16:39 - INFO - >>> Model original-bottom_left-top_right-tda trained. Accuracy: 0.7603 (27.15 sec.)
2025-07-14 19:16:39 - INFO - Training model: original-top_left-top_right-bottom_left
2025-07-14 19:16:54 - INFO - Model original-top_left-top_right-bottom_left completed in 15.60 seconds.
2025-07-14 19:16:54 - INFO - >>> Model original-top_left-top_right-bottom_left trained. Accuracy: 0.7833 (15.60 sec.)
2025-07-14 19:16:54 - INFO - Training model: original-bottom_left-top_left-tda
2025-07-14 19:17:21 - INFO - Model original-bottom_left-top_left-tda completed in 26.85 seconds.
2025-07-14 19:17:21 - INFO - >>> Model original-bottom_left-top_left-tda trained. Accuracy: 0.7390 (26.85 sec.)
2025-07-14 19:17:21 - INFO - Training model: bottom_right-top_right-original-tda-top_left
2025-07-14 19:17:51 - INFO - Model bottom_right-top_right-original-tda-top_left completed in 30.17 seconds.
2025-07-14 19:17:51 - INFO - >>> Model bottom_right-top_right-original-tda-top_left trained. Accuracy: 0.7763 (30.17 sec.)
2025-07-14 19:17:51 - INFO - Training model: bottom_right-top_right-original-tda-bottom_left
2025-07-14 19:18:22 - INFO - Model bottom_right-top_right-original-tda-bottom_left completed in 30.27 seconds.
2025-07-14 19:18:22 - INFO - >>> Model bottom_right-top_right-original-tda-bottom_left trained. Accuracy: 0.7780 (30.27 sec.)
2025-07-14 19:18:22 - INFO - Training model: bottom_right-top_right-original-top_left-bottom_left
2025-07-14 19:18:40 - INFO - Model bottom_right-top_right-original-top_left-bottom_left completed in 18.89 seconds.
2025-07-14 19:18:40 - INFO - >>> Model bottom_right-top_right-original-top_left-bottom_left trained. Accuracy: 0.8018 (18.89 sec.)
2025-07-14 19:18:40 - INFO - Training model: bottom_right-original-tda-top_left-bottom_left
2025-07-14 19:19:10 - INFO - Model bottom_right-original-tda-top_left-bottom_left completed in 29.36 seconds.
2025-07-14 19:19:10 - INFO - >>> Model bottom_right-original-tda-top_left-bottom_left trained. Accuracy: 0.7559 (29.36 sec.)
2025-07-14 19:19:10 - INFO - Training model: top_right-original-tda-top_left-bottom_left
2025-07-14 19:19:40 - INFO - Model top_right-original-tda-top_left-bottom_left completed in 30.23 seconds.
2025-07-14 19:19:40 - INFO - >>> Model top_right-original-tda-top_left-bottom_left trained. Accuracy: 0.7840 (30.23 sec.)
2025-07-14 19:19:40 - INFO - Training model: bottom_right-top_right-original-tda-top_left-bottom_left
2025-07-14 19:20:13 - INFO - Model bottom_right-top_right-original-tda-top_left-bottom_left completed in 33.12 seconds.
2025-07-14 19:20:13 - INFO - >>> Model bottom_right-top_right-original-tda-top_left-bottom_left trained. Accuracy: 0.7983 (33.12 sec.)
2025-07-14 19:20:13 - INFO - All models trained successfully.
2025-07-14 19:20:13 - INFO - ========== [Model Training Completed] in 10.43 minutes ==========
2025-07-14 19:20:13 - INFO - ========== [Experiment Training Complete] ==========
2025-07-14 19:20:13 - INFO - Results saved to /home/jovyan/Workspace/workspace_mnist/results/exp_icecream_noise_saltpepper_50perc_part3/exp_icecream_noise_saltpepper_50perc_part3_2025-07-14_19-20-13.json
2025-07-14 19:20:13 - INFO - Results successfully saved to /home/jovyan/Workspace/workspace_mnist/results/exp_icecream_noise_saltpepper_50perc_part3/exp_icecream_noise_saltpepper_50perc_part3_2025-07-14_19-20-13.json
2025-07-14 19:20:13 - INFO - Forced Garbage collection executed to Free Memory.
2025-07-14 19:20:13 - INFO - ========== [Experiment Completed] in 22.11 minutes ==========
