2025-05-07 09:51:17 - INFO - Logging initialized.
 Writing to /home/jovyan/Workspace/workspace_mnist/logs/exp_noise_salt_10v2_trainsplit_vary_noise/experiment_logs_2025-05-07_09-51-17.log
2025-05-07 09:51:17 - INFO - ========== [Experiment Start] ==========
2025-05-07 09:51:17 - INFO - Views combinations successfully generated.
2025-05-07 09:51:17 - INFO - Topological Data Analysis pipeline generated.
2025-05-07 09:51:17 - INFO - Folder to save results has been created.
2025-05-07 09:51:17 - INFO - Reading dataset from mnist_784.csv (chunk size: 70000).
2025-05-07 09:51:18 - INFO - Starting multiview data preparation for a chunk of size (70000, 784)...
2025-05-07 09:51:18 - INFO - Running using 26 jobs.
2025-05-07 09:51:18 - INFO - Contaminating dataset with salt, quantity=300, transparency=1.0.
2025-05-07 09:51:22 - INFO - Splitting data: 50.0% train / 20.0% test (random_state=910968928)
2025-05-07 09:51:22 - INFO - Using full training data without second split.
2025-05-07 09:51:22 - INFO - Data split complete. Train size: (56000, 784), Test size: (14000, 784)
2025-05-07 09:51:22 - INFO - Reshaping train and test data into square images...
2025-05-07 09:51:22 - INFO - Reshaping complete. Train images shape: (56000, 28, 28), Test images shape: (14000, 28, 28)
2025-05-07 09:51:22 - INFO - Splitting images into quadrant views...
2025-05-07 09:51:22 - INFO - Quadrant view splitting complete. Train views: 4, Test views: 4
2025-05-07 09:51:22 - INFO - Saving sample images for each view...
2025-05-07 09:51:22 - INFO - Sample views saved successfully.
2025-05-07 09:51:22 - INFO - Starting TDA pipeline transformation on train data...
2025-05-07 10:00:00 - INFO - TDA transformation for train completed (8.62 minutes).
2025-05-07 10:00:00 - INFO - Applying TDA pipeline transformation on test data...
2025-05-07 10:02:07 - INFO - TDA transformation for test completed (2.13 minutes).
2025-05-07 10:02:07 - INFO - ========== [Model Training Start] ==========
2025-05-07 10:02:07 - INFO - Training model: original
2025-05-07 10:02:09 - INFO - Model original completed in 1.34 seconds.
2025-05-07 10:02:09 - INFO - >>> Model original trained. Accuracy: 0.8801 (1.34 sec.)
2025-05-07 10:02:09 - INFO - Training model: original-top_right
2025-05-07 10:02:21 - INFO - Model original-top_right completed in 11.76 seconds.
2025-05-07 10:02:21 - INFO - >>> Model original-top_right trained. Accuracy: 0.9044 (11.76 sec.)
2025-05-07 10:02:21 - INFO - Training model: original-bottom_right
2025-05-07 10:02:32 - INFO - Model original-bottom_right completed in 11.61 seconds.
2025-05-07 10:02:32 - INFO - >>> Model original-bottom_right trained. Accuracy: 0.8949 (11.61 sec.)
2025-05-07 10:02:32 - INFO - Training model: original-bottom_left
2025-05-07 10:02:44 - INFO - Model original-bottom_left completed in 11.69 seconds.
2025-05-07 10:02:44 - INFO - >>> Model original-bottom_left trained. Accuracy: 0.8970 (11.69 sec.)
2025-05-07 10:02:44 - INFO - Training model: original-tda
2025-05-07 10:03:08 - INFO - Model original-tda completed in 24.60 seconds.
2025-05-07 10:03:08 - INFO - >>> Model original-tda trained. Accuracy: 0.8902 (24.60 sec.)
2025-05-07 10:03:08 - INFO - Training model: top_left-original
2025-05-07 10:03:20 - INFO - Model top_left-original completed in 11.50 seconds.
2025-05-07 10:03:20 - INFO - >>> Model top_left-original trained. Accuracy: 0.9010 (11.50 sec.)
2025-05-07 10:03:20 - INFO - Training model: original-bottom_right-top_right
2025-05-07 10:03:35 - INFO - Model original-bottom_right-top_right completed in 15.48 seconds.
2025-05-07 10:03:35 - INFO - >>> Model original-bottom_right-top_right trained. Accuracy: 0.9109 (15.48 sec.)
2025-05-07 10:03:35 - INFO - Training model: bottom_left-original-top_right
2025-05-07 10:03:51 - INFO - Model bottom_left-original-top_right completed in 15.73 seconds.
2025-05-07 10:03:51 - INFO - >>> Model bottom_left-original-top_right trained. Accuracy: 0.9114 (15.73 sec.)
2025-05-07 10:03:51 - INFO - Training model: original-top_right-tda
2025-05-07 10:04:20 - INFO - Model original-top_right-tda completed in 28.89 seconds.
2025-05-07 10:04:20 - INFO - >>> Model original-top_right-tda trained. Accuracy: 0.9049 (28.89 sec.)
2025-05-07 10:04:20 - INFO - Training model: top_left-original-top_right
2025-05-07 10:04:36 - INFO - Model top_left-original-top_right completed in 15.69 seconds.
2025-05-07 10:04:36 - INFO - >>> Model top_left-original-top_right trained. Accuracy: 0.9156 (15.69 sec.)
2025-05-07 10:04:36 - INFO - Training model: bottom_left-original-bottom_right
2025-05-07 10:04:52 - INFO - Model bottom_left-original-bottom_right completed in 15.87 seconds.
2025-05-07 10:04:52 - INFO - >>> Model bottom_left-original-bottom_right trained. Accuracy: 0.9064 (15.87 sec.)
2025-05-07 10:04:52 - INFO - Training model: original-bottom_right-tda
2025-05-07 10:05:20 - INFO - Model original-bottom_right-tda completed in 28.80 seconds.
2025-05-07 10:05:20 - INFO - >>> Model original-bottom_right-tda trained. Accuracy: 0.8991 (28.80 sec.)
2025-05-07 10:05:20 - INFO - Training model: top_left-original-bottom_right
2025-05-07 10:05:36 - INFO - Model top_left-original-bottom_right completed in 15.60 seconds.
2025-05-07 10:05:36 - INFO - >>> Model top_left-original-bottom_right trained. Accuracy: 0.9067 (15.60 sec.)
2025-05-07 10:05:36 - INFO - Training model: original-bottom_left-tda
2025-05-07 10:06:05 - INFO - Model original-bottom_left-tda completed in 28.62 seconds.
2025-05-07 10:06:05 - INFO - >>> Model original-bottom_left-tda trained. Accuracy: 0.8973 (28.62 sec.)
2025-05-07 10:06:05 - INFO - Training model: top_left-original-bottom_left
2025-05-07 10:06:20 - INFO - Model top_left-original-bottom_left completed in 15.56 seconds.
2025-05-07 10:06:20 - INFO - >>> Model top_left-original-bottom_left trained. Accuracy: 0.9121 (15.56 sec.)
2025-05-07 10:06:20 - INFO - Training model: top_left-original-tda
2025-05-07 10:06:49 - INFO - Model top_left-original-tda completed in 28.71 seconds.
2025-05-07 10:06:49 - INFO - >>> Model top_left-original-tda trained. Accuracy: 0.9011 (28.71 sec.)
2025-05-07 10:06:49 - INFO - Training model: bottom_left-original-bottom_right-top_right
2025-05-07 10:07:09 - INFO - Model bottom_left-original-bottom_right-top_right completed in 19.82 seconds.
2025-05-07 10:07:09 - INFO - >>> Model bottom_left-original-bottom_right-top_right trained. Accuracy: 0.9219 (19.82 sec.)
2025-05-07 10:07:09 - INFO - Training model: original-bottom_right-top_right-tda
2025-05-07 10:07:41 - INFO - Model original-bottom_right-top_right-tda completed in 32.66 seconds.
2025-05-07 10:07:41 - INFO - >>> Model original-bottom_right-top_right-tda trained. Accuracy: 0.9125 (32.66 sec.)
2025-05-07 10:07:41 - INFO - Training model: top_left-original-bottom_right-top_right
2025-05-07 10:08:01 - INFO - Model top_left-original-bottom_right-top_right completed in 19.72 seconds.
2025-05-07 10:08:01 - INFO - >>> Model top_left-original-bottom_right-top_right trained. Accuracy: 0.9235 (19.72 sec.)
2025-05-07 10:08:01 - INFO - Training model: bottom_left-original-top_right-tda
2025-05-07 10:08:33 - INFO - Model bottom_left-original-top_right-tda completed in 32.30 seconds.
2025-05-07 10:08:33 - INFO - >>> Model bottom_left-original-top_right-tda trained. Accuracy: 0.9129 (32.30 sec.)
2025-05-07 10:08:33 - INFO - Training model: top_left-bottom_left-original-top_right
2025-05-07 10:08:54 - INFO - Model top_left-bottom_left-original-top_right completed in 20.24 seconds.
2025-05-07 10:08:54 - INFO - >>> Model top_left-bottom_left-original-top_right trained. Accuracy: 0.9273 (20.24 sec.)
2025-05-07 10:08:54 - INFO - Training model: top_left-original-top_right-tda
2025-05-07 10:09:27 - INFO - Model top_left-original-top_right-tda completed in 33.20 seconds.
2025-05-07 10:09:27 - INFO - >>> Model top_left-original-top_right-tda trained. Accuracy: 0.9176 (33.20 sec.)
2025-05-07 10:09:27 - INFO - Training model: bottom_left-original-bottom_right-tda
2025-05-07 10:10:00 - INFO - Model bottom_left-original-bottom_right-tda completed in 32.81 seconds.
2025-05-07 10:10:00 - INFO - >>> Model bottom_left-original-bottom_right-tda trained. Accuracy: 0.9065 (32.81 sec.)
2025-05-07 10:10:00 - INFO - Training model: top_left-bottom_left-original-bottom_right
2025-05-07 10:10:20 - INFO - Model top_left-bottom_left-original-bottom_right completed in 19.89 seconds.
2025-05-07 10:10:20 - INFO - >>> Model top_left-bottom_left-original-bottom_right trained. Accuracy: 0.9179 (19.89 sec.)
2025-05-07 10:10:20 - INFO - Training model: top_left-original-bottom_right-tda
2025-05-07 10:10:52 - INFO - Model top_left-original-bottom_right-tda completed in 32.00 seconds.
2025-05-07 10:10:52 - INFO - >>> Model top_left-original-bottom_right-tda trained. Accuracy: 0.9096 (32.00 sec.)
2025-05-07 10:10:52 - INFO - Training model: top_left-original-bottom_left-tda
2025-05-07 10:11:24 - INFO - Model top_left-original-bottom_left-tda completed in 32.34 seconds.
2025-05-07 10:11:24 - INFO - >>> Model top_left-original-bottom_left-tda trained. Accuracy: 0.9110 (32.34 sec.)
2025-05-07 10:11:24 - INFO - Training model: original-bottom_right-top_right-bottom_left-tda
2025-05-07 10:12:01 - INFO - Model original-bottom_right-top_right-bottom_left-tda completed in 36.80 seconds.
2025-05-07 10:12:01 - INFO - >>> Model original-bottom_right-top_right-bottom_left-tda trained. Accuracy: 0.9216 (36.80 sec.)
2025-05-07 10:12:01 - INFO - Training model: original-bottom_right-top_right-bottom_left-top_left
2025-05-07 10:12:24 - INFO - Model original-bottom_right-top_right-bottom_left-top_left completed in 23.62 seconds.
2025-05-07 10:12:24 - INFO - >>> Model original-bottom_right-top_right-bottom_left-top_left trained. Accuracy: 0.9336 (23.62 sec.)
2025-05-07 10:12:24 - INFO - Training model: original-bottom_right-top_right-tda-top_left
2025-05-07 10:13:01 - INFO - Model original-bottom_right-top_right-tda-top_left completed in 37.06 seconds.
2025-05-07 10:13:01 - INFO - >>> Model original-bottom_right-top_right-tda-top_left trained. Accuracy: 0.9253 (37.06 sec.)
2025-05-07 10:13:01 - INFO - Training model: original-top_right-bottom_left-tda-top_left
2025-05-07 10:13:38 - INFO - Model original-top_right-bottom_left-tda-top_left completed in 36.11 seconds.
2025-05-07 10:13:38 - INFO - >>> Model original-top_right-bottom_left-tda-top_left trained. Accuracy: 0.9257 (36.11 sec.)
2025-05-07 10:13:38 - INFO - Training model: original-bottom_right-bottom_left-tda-top_left
2025-05-07 10:14:14 - INFO - Model original-bottom_right-bottom_left-tda-top_left completed in 36.34 seconds.
2025-05-07 10:14:14 - INFO - >>> Model original-bottom_right-bottom_left-tda-top_left trained. Accuracy: 0.9180 (36.34 sec.)
2025-05-07 10:14:14 - INFO - Training model: original-bottom_right-top_right-bottom_left-tda-top_left
2025-05-07 10:14:55 - INFO - Model original-bottom_right-top_right-bottom_left-tda-top_left completed in 41.29 seconds.
2025-05-07 10:14:55 - INFO - >>> Model original-bottom_right-top_right-bottom_left-tda-top_left trained. Accuracy: 0.9333 (41.29 sec.)
2025-05-07 10:14:55 - INFO - All models trained successfully.
2025-05-07 10:14:55 - INFO - ========== [Model Training Completed] in 12.80 minutes ==========
2025-05-07 10:14:55 - INFO - ========== [Experiment Training Complete] ==========
2025-05-07 10:14:55 - INFO - Results saved to /home/jovyan/Workspace/workspace_mnist/results/exp_noise_salt_10v2_trainsplit_vary_noise/exp_noise_salt_10v2_trainsplit_vary_noise_2025-05-07_10-14-55.json
2025-05-07 10:14:55 - INFO - Results successfully saved to /home/jovyan/Workspace/workspace_mnist/results/exp_noise_salt_10v2_trainsplit_vary_noise/exp_noise_salt_10v2_trainsplit_vary_noise_2025-05-07_10-14-55.json
2025-05-07 10:14:55 - INFO - Forced Garbage collection executed to Free Memory.
2025-05-07 10:14:55 - INFO - ========== [Experiment Completed] in 23.64 minutes ==========
