2025-05-07 10:35:28 - INFO - Logging initialized.
 Writing to /home/jovyan/Workspace/workspace_mnist/logs/exp_noise_salt_10v2_trainsplit_vary_noise/experiment_logs_2025-05-07_10-35-28.log
2025-05-07 10:35:28 - INFO - ========== [Experiment Start] ==========
2025-05-07 10:35:28 - INFO - Views combinations successfully generated.
2025-05-07 10:35:28 - INFO - Topological Data Analysis pipeline generated.
2025-05-07 10:35:28 - INFO - Folder to save results has been created.
2025-05-07 10:35:28 - INFO - Reading dataset from mnist_784.csv (chunk size: 70000).
2025-05-07 10:35:29 - INFO - Starting multiview data preparation for a chunk of size (70000, 784)...
2025-05-07 10:35:29 - INFO - Running using 26 jobs.
2025-05-07 10:35:29 - INFO - Contaminating dataset with salt, quantity=50, transparency=1.0.
2025-05-07 10:35:33 - INFO - Splitting data: 50.0% train / 20.0% test (random_state=601133337)
2025-05-07 10:35:33 - INFO - Using full training data without second split.
2025-05-07 10:35:33 - INFO - Data split complete. Train size: (56000, 784), Test size: (14000, 784)
2025-05-07 10:35:33 - INFO - Reshaping train and test data into square images...
2025-05-07 10:35:33 - INFO - Reshaping complete. Train images shape: (56000, 28, 28), Test images shape: (14000, 28, 28)
2025-05-07 10:35:33 - INFO - Splitting images into quadrant views...
2025-05-07 10:35:33 - INFO - Quadrant view splitting complete. Train views: 4, Test views: 4
2025-05-07 10:35:33 - INFO - Saving sample images for each view...
2025-05-07 10:35:33 - INFO - Sample views saved successfully.
2025-05-07 10:35:33 - INFO - Starting TDA pipeline transformation on train data...
2025-05-07 10:43:47 - INFO - TDA transformation for train completed (8.22 minutes).
2025-05-07 10:43:47 - INFO - Applying TDA pipeline transformation on test data...
2025-05-07 10:45:54 - INFO - TDA transformation for test completed (2.11 minutes).
2025-05-07 10:45:54 - INFO - ========== [Model Training Start] ==========
2025-05-07 10:45:54 - INFO - Training model: original
2025-05-07 10:45:55 - INFO - Model original completed in 1.15 seconds.
2025-05-07 10:45:55 - INFO - >>> Model original trained. Accuracy: 0.9505 (1.15 sec.)
2025-05-07 10:45:55 - INFO - Training model: original-top_right
2025-05-07 10:46:05 - INFO - Model original-top_right completed in 10.28 seconds.
2025-05-07 10:46:05 - INFO - >>> Model original-top_right trained. Accuracy: 0.9588 (10.28 sec.)
2025-05-07 10:46:05 - INFO - Training model: original-bottom_right
2025-05-07 10:46:15 - INFO - Model original-bottom_right completed in 10.15 seconds.
2025-05-07 10:46:15 - INFO - >>> Model original-bottom_right trained. Accuracy: 0.9587 (10.15 sec.)
2025-05-07 10:46:15 - INFO - Training model: original-bottom_left
2025-05-07 10:46:25 - INFO - Model original-bottom_left completed in 10.00 seconds.
2025-05-07 10:46:25 - INFO - >>> Model original-bottom_left trained. Accuracy: 0.9560 (10.00 sec.)
2025-05-07 10:46:25 - INFO - Training model: original-tda
2025-05-07 10:46:43 - INFO - Model original-tda completed in 17.83 seconds.
2025-05-07 10:46:43 - INFO - >>> Model original-tda trained. Accuracy: 0.9609 (17.83 sec.)
2025-05-07 10:46:43 - INFO - Training model: top_left-original
2025-05-07 10:46:53 - INFO - Model top_left-original completed in 10.18 seconds.
2025-05-07 10:46:53 - INFO - >>> Model top_left-original trained. Accuracy: 0.9571 (10.18 sec.)
2025-05-07 10:46:53 - INFO - Training model: original-bottom_right-top_right
2025-05-07 10:47:07 - INFO - Model original-bottom_right-top_right completed in 14.17 seconds.
2025-05-07 10:47:07 - INFO - >>> Model original-bottom_right-top_right trained. Accuracy: 0.9629 (14.17 sec.)
2025-05-07 10:47:07 - INFO - Training model: bottom_left-original-top_right
2025-05-07 10:47:21 - INFO - Model bottom_left-original-top_right completed in 14.07 seconds.
2025-05-07 10:47:21 - INFO - >>> Model bottom_left-original-top_right trained. Accuracy: 0.9613 (14.07 sec.)
2025-05-07 10:47:21 - INFO - Training model: original-top_right-tda
2025-05-07 10:47:43 - INFO - Model original-top_right-tda completed in 21.60 seconds.
2025-05-07 10:47:43 - INFO - >>> Model original-top_right-tda trained. Accuracy: 0.9644 (21.60 sec.)
2025-05-07 10:47:43 - INFO - Training model: top_left-original-top_right
2025-05-07 10:47:57 - INFO - Model top_left-original-top_right completed in 13.79 seconds.
2025-05-07 10:47:57 - INFO - >>> Model top_left-original-top_right trained. Accuracy: 0.9619 (13.79 sec.)
2025-05-07 10:47:57 - INFO - Training model: bottom_left-original-bottom_right
2025-05-07 10:48:11 - INFO - Model bottom_left-original-bottom_right completed in 14.01 seconds.
2025-05-07 10:48:11 - INFO - >>> Model bottom_left-original-bottom_right trained. Accuracy: 0.9611 (14.01 sec.)
2025-05-07 10:48:11 - INFO - Training model: original-bottom_right-tda
2025-05-07 10:48:33 - INFO - Model original-bottom_right-tda completed in 22.04 seconds.
2025-05-07 10:48:33 - INFO - >>> Model original-bottom_right-tda trained. Accuracy: 0.9641 (22.04 sec.)
2025-05-07 10:48:33 - INFO - Training model: top_left-original-bottom_right
2025-05-07 10:48:47 - INFO - Model top_left-original-bottom_right completed in 13.90 seconds.
2025-05-07 10:48:47 - INFO - >>> Model top_left-original-bottom_right trained. Accuracy: 0.9618 (13.90 sec.)
2025-05-07 10:48:47 - INFO - Training model: original-bottom_left-tda
2025-05-07 10:49:09 - INFO - Model original-bottom_left-tda completed in 21.75 seconds.
2025-05-07 10:49:09 - INFO - >>> Model original-bottom_left-tda trained. Accuracy: 0.9612 (21.75 sec.)
2025-05-07 10:49:09 - INFO - Training model: top_left-original-bottom_left
2025-05-07 10:49:22 - INFO - Model top_left-original-bottom_left completed in 13.71 seconds.
2025-05-07 10:49:22 - INFO - >>> Model top_left-original-bottom_left trained. Accuracy: 0.9611 (13.71 sec.)
2025-05-07 10:49:22 - INFO - Training model: top_left-original-tda
2025-05-07 10:49:44 - INFO - Model top_left-original-tda completed in 21.64 seconds.
2025-05-07 10:49:44 - INFO - >>> Model top_left-original-tda trained. Accuracy: 0.9634 (21.64 sec.)
2025-05-07 10:49:44 - INFO - Training model: bottom_left-original-bottom_right-top_right
2025-05-07 10:50:02 - INFO - Model bottom_left-original-bottom_right-top_right completed in 18.02 seconds.
2025-05-07 10:50:02 - INFO - >>> Model bottom_left-original-bottom_right-top_right trained. Accuracy: 0.9653 (18.02 sec.)
2025-05-07 10:50:02 - INFO - Training model: original-bottom_right-top_right-tda
2025-05-07 10:50:27 - INFO - Model original-bottom_right-top_right-tda completed in 25.41 seconds.
2025-05-07 10:50:27 - INFO - >>> Model original-bottom_right-top_right-tda trained. Accuracy: 0.9679 (25.41 sec.)
2025-05-07 10:50:27 - INFO - Training model: top_left-original-bottom_right-top_right
2025-05-07 10:50:45 - INFO - Model top_left-original-bottom_right-top_right completed in 17.78 seconds.
2025-05-07 10:50:45 - INFO - >>> Model top_left-original-bottom_right-top_right trained. Accuracy: 0.9657 (17.78 sec.)
2025-05-07 10:50:45 - INFO - Training model: bottom_left-original-top_right-tda
2025-05-07 10:51:10 - INFO - Model bottom_left-original-top_right-tda completed in 25.12 seconds.
2025-05-07 10:51:10 - INFO - >>> Model bottom_left-original-top_right-tda trained. Accuracy: 0.9647 (25.12 sec.)
2025-05-07 10:51:10 - INFO - Training model: top_left-bottom_left-original-top_right
2025-05-07 10:51:28 - INFO - Model top_left-bottom_left-original-top_right completed in 17.80 seconds.
2025-05-07 10:51:28 - INFO - >>> Model top_left-bottom_left-original-top_right trained. Accuracy: 0.9655 (17.80 sec.)
2025-05-07 10:51:28 - INFO - Training model: top_left-original-top_right-tda
2025-05-07 10:51:54 - INFO - Model top_left-original-top_right-tda completed in 25.53 seconds.
2025-05-07 10:51:54 - INFO - >>> Model top_left-original-top_right-tda trained. Accuracy: 0.9667 (25.53 sec.)
2025-05-07 10:51:54 - INFO - Training model: bottom_left-original-bottom_right-tda
2025-05-07 10:52:19 - INFO - Model bottom_left-original-bottom_right-tda completed in 25.47 seconds.
2025-05-07 10:52:19 - INFO - >>> Model bottom_left-original-bottom_right-tda trained. Accuracy: 0.9655 (25.47 sec.)
2025-05-07 10:52:19 - INFO - Training model: top_left-bottom_left-original-bottom_right
2025-05-07 10:52:37 - INFO - Model top_left-bottom_left-original-bottom_right completed in 17.65 seconds.
2025-05-07 10:52:37 - INFO - >>> Model top_left-bottom_left-original-bottom_right trained. Accuracy: 0.9655 (17.65 sec.)
2025-05-07 10:52:37 - INFO - Training model: top_left-original-bottom_right-tda
2025-05-07 10:53:02 - INFO - Model top_left-original-bottom_right-tda completed in 25.59 seconds.
2025-05-07 10:53:02 - INFO - >>> Model top_left-original-bottom_right-tda trained. Accuracy: 0.9661 (25.59 sec.)
2025-05-07 10:53:02 - INFO - Training model: top_left-original-bottom_left-tda
2025-05-07 10:53:28 - INFO - Model top_left-original-bottom_left-tda completed in 25.39 seconds.
2025-05-07 10:53:28 - INFO - >>> Model top_left-original-bottom_left-tda trained. Accuracy: 0.9644 (25.39 sec.)
2025-05-07 10:53:28 - INFO - Training model: original-bottom_right-top_right-bottom_left-tda
2025-05-07 10:53:57 - INFO - Model original-bottom_right-top_right-bottom_left-tda completed in 29.44 seconds.
2025-05-07 10:53:57 - INFO - >>> Model original-bottom_right-top_right-bottom_left-tda trained. Accuracy: 0.9694 (29.44 sec.)
2025-05-07 10:53:57 - INFO - Training model: original-bottom_right-top_right-bottom_left-top_left
2025-05-07 10:54:19 - INFO - Model original-bottom_right-top_right-bottom_left-top_left completed in 21.83 seconds.
2025-05-07 10:54:19 - INFO - >>> Model original-bottom_right-top_right-bottom_left-top_left trained. Accuracy: 0.9705 (21.83 sec.)
2025-05-07 10:54:19 - INFO - Training model: original-bottom_right-top_right-tda-top_left
2025-05-07 10:54:48 - INFO - Model original-bottom_right-top_right-tda-top_left completed in 29.15 seconds.
2025-05-07 10:54:48 - INFO - >>> Model original-bottom_right-top_right-tda-top_left trained. Accuracy: 0.9710 (29.15 sec.)
2025-05-07 10:54:48 - INFO - Training model: original-top_right-bottom_left-tda-top_left
2025-05-07 10:55:17 - INFO - Model original-top_right-bottom_left-tda-top_left completed in 28.58 seconds.
2025-05-07 10:55:17 - INFO - >>> Model original-top_right-bottom_left-tda-top_left trained. Accuracy: 0.9704 (28.58 sec.)
2025-05-07 10:55:17 - INFO - Training model: original-bottom_right-bottom_left-tda-top_left
2025-05-07 10:55:46 - INFO - Model original-bottom_right-bottom_left-tda-top_left completed in 29.11 seconds.
2025-05-07 10:55:46 - INFO - >>> Model original-bottom_right-bottom_left-tda-top_left trained. Accuracy: 0.9692 (29.11 sec.)
2025-05-07 10:55:46 - INFO - Training model: original-bottom_right-top_right-bottom_left-tda-top_left
2025-05-07 10:56:19 - INFO - Model original-bottom_right-top_right-bottom_left-tda-top_left completed in 33.45 seconds.
2025-05-07 10:56:19 - INFO - >>> Model original-bottom_right-top_right-bottom_left-tda-top_left trained. Accuracy: 0.9729 (33.45 sec.)
2025-05-07 10:56:19 - INFO - All models trained successfully.
2025-05-07 10:56:19 - INFO - ========== [Model Training Completed] in 10.43 minutes ==========
2025-05-07 10:56:19 - INFO - ========== [Experiment Training Complete] ==========
2025-05-07 10:56:19 - INFO - Results saved to /home/jovyan/Workspace/workspace_mnist/results/exp_noise_salt_10v2_trainsplit_vary_noise/exp_noise_salt_10v2_trainsplit_vary_noise_2025-05-07_10-56-19.json
2025-05-07 10:56:19 - INFO - Results successfully saved to /home/jovyan/Workspace/workspace_mnist/results/exp_noise_salt_10v2_trainsplit_vary_noise/exp_noise_salt_10v2_trainsplit_vary_noise_2025-05-07_10-56-19.json
2025-05-07 10:56:19 - INFO - Forced Garbage collection executed to Free Memory.
2025-05-07 10:56:19 - INFO - ========== [Experiment Completed] in 20.86 minutes ==========
