2025-07-16 07:28:52 - INFO - Logging initialized.
 Writing to /home/jovyan/Workspace/workspace_mnist/logs/exp_icecream_noise_saltpepper_30_part2/experiment_logs_2025-07-16_07-28-52.log
2025-07-16 07:28:52 - INFO - ========== [Experiment Start] ==========
2025-07-16 07:28:52 - INFO - Views combinations successfully generated.
2025-07-16 07:28:52 - INFO - Topological Data Analysis pipeline generated.
2025-07-16 07:28:52 - INFO - Folder to save results has been created.
2025-07-16 07:28:52 - INFO - Reading dataset from mnist_784.csv (chunk size: 70000).
2025-07-16 07:28:53 - INFO - Starting multiview data preparation for a chunk of size (70000, 784)...
2025-07-16 07:28:53 - INFO - Running using 28 jobs.
2025-07-16 07:28:53 - INFO - Contaminating dataset with salt_pepper, quantity=0.3, transparency=0.
2025-07-16 07:28:56 - INFO - Splitting data: 80.0% train / 30.0% test (random_state=815873548)
2025-07-16 07:28:56 - INFO - Using full training data without second split.
2025-07-16 07:28:56 - INFO - Data split complete. Train size: (49000, 784), Test size: (21000, 784)
2025-07-16 07:28:56 - INFO - Reshaping train and test data into square images...
2025-07-16 07:28:56 - INFO - Reshaping complete. Train images shape: (49000, 28, 28), Test images shape: (21000, 28, 28)
2025-07-16 07:28:56 - INFO - Splitting images into quadrant views...
2025-07-16 07:28:56 - INFO - Quadrant view splitting complete. Train views: 4, Test views: 4
2025-07-16 07:28:56 - INFO - Starting TDA pipeline transformation on train data...
2025-07-16 07:36:48 - INFO - TDA transformation for train completed (7.86 minutes).
2025-07-16 07:36:48 - INFO - Applying TDA pipeline transformation on test data...
2025-07-16 07:40:12 - INFO - TDA transformation for test completed (3.39 minutes).
2025-07-16 07:40:12 - INFO - ========== [Model Training Start] ==========
2025-07-16 07:40:12 - INFO - Training model: original
2025-07-16 07:40:13 - INFO - Model original completed in 1.15 seconds.
2025-07-16 07:40:13 - INFO - >>> Model original trained. Accuracy: 0.8541 (1.15 sec.)
2025-07-16 07:40:13 - INFO - Training model: original-bottom_right
2025-07-16 07:40:22 - INFO - Model original-bottom_right completed in 9.55 seconds.
2025-07-16 07:40:22 - INFO - >>> Model original-bottom_right trained. Accuracy: 0.8727 (9.55 sec.)
2025-07-16 07:40:22 - INFO - Training model: original-top_right
2025-07-16 07:40:31 - INFO - Model original-top_right completed in 9.12 seconds.
2025-07-16 07:40:31 - INFO - >>> Model original-top_right trained. Accuracy: 0.8838 (9.12 sec.)
2025-07-16 07:40:31 - INFO - Training model: original-tda
2025-07-16 07:40:51 - INFO - Model original-tda completed in 19.21 seconds.
2025-07-16 07:40:51 - INFO - >>> Model original-tda trained. Accuracy: 0.8680 (19.21 sec.)
2025-07-16 07:40:51 - INFO - Training model: original-top_left
2025-07-16 07:41:00 - INFO - Model original-top_left completed in 8.96 seconds.
2025-07-16 07:41:00 - INFO - >>> Model original-top_left trained. Accuracy: 0.8767 (8.96 sec.)
2025-07-16 07:41:00 - INFO - Training model: original-bottom_left
2025-07-16 07:41:08 - INFO - Model original-bottom_left completed in 8.93 seconds.
2025-07-16 07:41:08 - INFO - >>> Model original-bottom_left trained. Accuracy: 0.8706 (8.93 sec.)
2025-07-16 07:41:08 - INFO - Training model: original-bottom_right-top_right
2025-07-16 07:41:21 - INFO - Model original-bottom_right-top_right completed in 12.84 seconds.
2025-07-16 07:41:21 - INFO - >>> Model original-bottom_right-top_right trained. Accuracy: 0.8944 (12.84 sec.)
2025-07-16 07:41:21 - INFO - Training model: original-bottom_right-tda
2025-07-16 07:41:44 - INFO - Model original-bottom_right-tda completed in 22.92 seconds.
2025-07-16 07:41:44 - INFO - >>> Model original-bottom_right-tda trained. Accuracy: 0.8795 (22.92 sec.)
2025-07-16 07:41:44 - INFO - Training model: original-bottom_right-top_left
2025-07-16 07:41:56 - INFO - Model original-bottom_right-top_left completed in 12.12 seconds.
2025-07-16 07:41:56 - INFO - >>> Model original-bottom_right-top_left trained. Accuracy: 0.8850 (12.12 sec.)
2025-07-16 07:41:56 - INFO - Training model: original-bottom_right-bottom_left
2025-07-16 07:42:09 - INFO - Model original-bottom_right-bottom_left completed in 12.63 seconds.
2025-07-16 07:42:09 - INFO - >>> Model original-bottom_right-bottom_left trained. Accuracy: 0.8800 (12.63 sec.)
2025-07-16 07:42:09 - INFO - Training model: original-top_right-tda
2025-07-16 07:42:32 - INFO - Model original-top_right-tda completed in 22.93 seconds.
2025-07-16 07:42:32 - INFO - >>> Model original-top_right-tda trained. Accuracy: 0.8882 (22.93 sec.)
2025-07-16 07:42:32 - INFO - Training model: original-top_left-top_right
2025-07-16 07:42:45 - INFO - Model original-top_left-top_right completed in 12.64 seconds.
2025-07-16 07:42:45 - INFO - >>> Model original-top_left-top_right trained. Accuracy: 0.8949 (12.64 sec.)
2025-07-16 07:42:45 - INFO - Training model: original-top_right-bottom_left
2025-07-16 07:42:57 - INFO - Model original-top_right-bottom_left completed in 12.38 seconds.
2025-07-16 07:42:57 - INFO - >>> Model original-top_right-bottom_left trained. Accuracy: 0.8917 (12.38 sec.)
2025-07-16 07:42:57 - INFO - Training model: original-top_left-tda
2025-07-16 07:43:20 - INFO - Model original-top_left-tda completed in 23.04 seconds.
2025-07-16 07:43:20 - INFO - >>> Model original-top_left-tda trained. Accuracy: 0.8820 (23.04 sec.)
2025-07-16 07:43:20 - INFO - Training model: original-bottom_left-tda
2025-07-16 07:43:43 - INFO - Model original-bottom_left-tda completed in 22.77 seconds.
2025-07-16 07:43:43 - INFO - >>> Model original-bottom_left-tda trained. Accuracy: 0.8749 (22.77 sec.)
2025-07-16 07:43:43 - INFO - Training model: original-top_left-bottom_left
2025-07-16 07:43:55 - INFO - Model original-top_left-bottom_left completed in 12.40 seconds.
2025-07-16 07:43:55 - INFO - >>> Model original-top_left-bottom_left trained. Accuracy: 0.8862 (12.40 sec.)
2025-07-16 07:43:55 - INFO - Training model: original-bottom_right-top_right-tda
2025-07-16 07:44:22 - INFO - Model original-bottom_right-top_right-tda completed in 26.49 seconds.
2025-07-16 07:44:22 - INFO - >>> Model original-bottom_right-top_right-tda trained. Accuracy: 0.9001 (26.49 sec.)
2025-07-16 07:44:22 - INFO - Training model: original-top_left-bottom_right-top_right
2025-07-16 07:44:36 - INFO - Model original-top_left-bottom_right-top_right completed in 14.65 seconds.
2025-07-16 07:44:36 - INFO - >>> Model original-top_left-bottom_right-top_right trained. Accuracy: 0.9065 (14.65 sec.)
2025-07-16 07:44:36 - INFO - Training model: original-bottom_right-top_right-bottom_left
2025-07-16 07:44:52 - INFO - Model original-bottom_right-top_right-bottom_left completed in 15.68 seconds.
2025-07-16 07:44:52 - INFO - >>> Model original-bottom_right-top_right-bottom_left trained. Accuracy: 0.9022 (15.68 sec.)
2025-07-16 07:44:52 - INFO - Training model: original-bottom_right-top_left-tda
2025-07-16 07:45:18 - INFO - Model original-bottom_right-top_left-tda completed in 25.95 seconds.
2025-07-16 07:45:18 - INFO - >>> Model original-bottom_right-top_left-tda trained. Accuracy: 0.8948 (25.95 sec.)
2025-07-16 07:45:18 - INFO - Training model: original-bottom_left-bottom_right-tda
2025-07-16 07:45:44 - INFO - Model original-bottom_left-bottom_right-tda completed in 25.61 seconds.
2025-07-16 07:45:44 - INFO - >>> Model original-bottom_left-bottom_right-tda trained. Accuracy: 0.8858 (25.61 sec.)
2025-07-16 07:45:44 - INFO - Training model: original-bottom_right-top_left-bottom_left
2025-07-16 07:45:58 - INFO - Model original-bottom_right-top_left-bottom_left completed in 14.66 seconds.
2025-07-16 07:45:58 - INFO - >>> Model original-bottom_right-top_left-bottom_left trained. Accuracy: 0.8964 (14.66 sec.)
2025-07-16 07:45:58 - INFO - Training model: original-top_left-top_right-tda
2025-07-16 07:46:24 - INFO - Model original-top_left-top_right-tda completed in 26.12 seconds.
2025-07-16 07:46:24 - INFO - >>> Model original-top_left-top_right-tda trained. Accuracy: 0.8998 (26.12 sec.)
2025-07-16 07:46:24 - INFO - Training model: original-bottom_left-top_right-tda
2025-07-16 07:46:51 - INFO - Model original-bottom_left-top_right-tda completed in 26.25 seconds.
2025-07-16 07:46:51 - INFO - >>> Model original-bottom_left-top_right-tda trained. Accuracy: 0.8967 (26.25 sec.)
2025-07-16 07:46:51 - INFO - Training model: original-top_left-top_right-bottom_left
2025-07-16 07:47:06 - INFO - Model original-top_left-top_right-bottom_left completed in 15.20 seconds.
2025-07-16 07:47:06 - INFO - >>> Model original-top_left-top_right-bottom_left trained. Accuracy: 0.9068 (15.20 sec.)
2025-07-16 07:47:06 - INFO - Training model: original-bottom_left-top_left-tda
2025-07-16 07:47:32 - INFO - Model original-bottom_left-top_left-tda completed in 25.74 seconds.
2025-07-16 07:47:32 - INFO - >>> Model original-bottom_left-top_left-tda trained. Accuracy: 0.8895 (25.74 sec.)
2025-07-16 07:47:32 - INFO - Training model: bottom_right-top_right-original-tda-top_left
2025-07-16 07:48:01 - INFO - Model bottom_right-top_right-original-tda-top_left completed in 29.63 seconds.
2025-07-16 07:48:01 - INFO - >>> Model bottom_right-top_right-original-tda-top_left trained. Accuracy: 0.9105 (29.63 sec.)
2025-07-16 07:48:01 - INFO - Training model: bottom_right-top_right-original-tda-bottom_left
2025-07-16 07:48:31 - INFO - Model bottom_right-top_right-original-tda-bottom_left completed in 29.37 seconds.
2025-07-16 07:48:31 - INFO - >>> Model bottom_right-top_right-original-tda-bottom_left trained. Accuracy: 0.9068 (29.37 sec.)
2025-07-16 07:48:31 - INFO - Training model: bottom_right-top_right-original-top_left-bottom_left
2025-07-16 07:48:49 - INFO - Model bottom_right-top_right-original-top_left-bottom_left completed in 18.65 seconds.
2025-07-16 07:48:49 - INFO - >>> Model bottom_right-top_right-original-top_left-bottom_left trained. Accuracy: 0.9169 (18.65 sec.)
2025-07-16 07:48:49 - INFO - Training model: bottom_right-original-tda-top_left-bottom_left
2025-07-16 07:49:18 - INFO - Model bottom_right-original-tda-top_left-bottom_left completed in 29.21 seconds.
2025-07-16 07:49:18 - INFO - >>> Model bottom_right-original-tda-top_left-bottom_left trained. Accuracy: 0.9013 (29.21 sec.)
2025-07-16 07:49:18 - INFO - Training model: top_right-original-tda-top_left-bottom_left
2025-07-16 07:49:47 - INFO - Model top_right-original-tda-top_left-bottom_left completed in 28.80 seconds.
2025-07-16 07:49:47 - INFO - >>> Model top_right-original-tda-top_left-bottom_left trained. Accuracy: 0.9086 (28.80 sec.)
2025-07-16 07:49:47 - INFO - Training model: bottom_right-top_right-original-tda-top_left-bottom_left
2025-07-16 07:50:19 - INFO - Model bottom_right-top_right-original-tda-top_left-bottom_left completed in 31.99 seconds.
2025-07-16 07:50:19 - INFO - >>> Model bottom_right-top_right-original-tda-top_left-bottom_left trained. Accuracy: 0.9183 (31.99 sec.)
2025-07-16 07:50:19 - INFO - All models trained successfully.
2025-07-16 07:50:19 - INFO - ========== [Model Training Completed] in 10.13 minutes ==========
2025-07-16 07:50:19 - INFO - ========== [Experiment Training Complete] ==========
2025-07-16 07:50:19 - INFO - Results saved to /home/jovyan/Workspace/workspace_mnist/results/exp_icecream_noise_saltpepper_30_part2/exp_icecream_noise_saltpepper_30_part2_2025-07-16_07-50-19.json
2025-07-16 07:50:19 - INFO - Results successfully saved to /home/jovyan/Workspace/workspace_mnist/results/exp_icecream_noise_saltpepper_30_part2/exp_icecream_noise_saltpepper_30_part2_2025-07-16_07-50-19.json
2025-07-16 07:50:19 - INFO - Forced Garbage collection executed to Free Memory.
2025-07-16 07:50:19 - INFO - ========== [Experiment Completed] in 21.46 minutes ==========
