2025-07-16 09:36:53 - INFO - Logging initialized.
 Writing to /home/jovyan/Workspace/workspace_mnist/logs/exp_icecream_noise_saltpepper_30_part2/experiment_logs_2025-07-16_09-36-53.log
2025-07-16 09:36:53 - INFO - ========== [Experiment Start] ==========
2025-07-16 09:36:53 - INFO - Views combinations successfully generated.
2025-07-16 09:36:53 - INFO - Topological Data Analysis pipeline generated.
2025-07-16 09:36:53 - INFO - Folder to save results has been created.
2025-07-16 09:36:53 - INFO - Reading dataset from mnist_784.csv (chunk size: 70000).
2025-07-16 09:36:54 - INFO - Starting multiview data preparation for a chunk of size (70000, 784)...
2025-07-16 09:36:54 - INFO - Running using 28 jobs.
2025-07-16 09:36:54 - INFO - Contaminating dataset with salt_pepper, quantity=0.3, transparency=0.
2025-07-16 09:36:58 - INFO - Splitting data: 80.0% train / 30.0% test (random_state=341670854)
2025-07-16 09:36:58 - INFO - Using full training data without second split.
2025-07-16 09:36:58 - INFO - Data split complete. Train size: (49000, 784), Test size: (21000, 784)
2025-07-16 09:36:58 - INFO - Reshaping train and test data into square images...
2025-07-16 09:36:58 - INFO - Reshaping complete. Train images shape: (49000, 28, 28), Test images shape: (21000, 28, 28)
2025-07-16 09:36:58 - INFO - Splitting images into quadrant views...
2025-07-16 09:36:58 - INFO - Quadrant view splitting complete. Train views: 4, Test views: 4
2025-07-16 09:36:58 - INFO - Starting TDA pipeline transformation on train data...
2025-07-16 09:45:04 - INFO - TDA transformation for train completed (8.10 minutes).
2025-07-16 09:45:04 - INFO - Applying TDA pipeline transformation on test data...
2025-07-16 09:48:21 - INFO - TDA transformation for test completed (3.29 minutes).
2025-07-16 09:48:21 - INFO - ========== [Model Training Start] ==========
2025-07-16 09:48:21 - INFO - Training model: original
2025-07-16 09:48:22 - INFO - Model original completed in 1.12 seconds.
2025-07-16 09:48:22 - INFO - >>> Model original trained. Accuracy: 0.8543 (1.12 sec.)
2025-07-16 09:48:22 - INFO - Training model: original-bottom_right
2025-07-16 09:48:31 - INFO - Model original-bottom_right completed in 8.85 seconds.
2025-07-16 09:48:31 - INFO - >>> Model original-bottom_right trained. Accuracy: 0.8728 (8.85 sec.)
2025-07-16 09:48:31 - INFO - Training model: original-top_right
2025-07-16 09:48:40 - INFO - Model original-top_right completed in 9.11 seconds.
2025-07-16 09:48:40 - INFO - >>> Model original-top_right trained. Accuracy: 0.8833 (9.11 sec.)
2025-07-16 09:48:40 - INFO - Training model: original-tda
2025-07-16 09:49:00 - INFO - Model original-tda completed in 19.51 seconds.
2025-07-16 09:49:00 - INFO - >>> Model original-tda trained. Accuracy: 0.8698 (19.51 sec.)
2025-07-16 09:49:00 - INFO - Training model: original-top_left
2025-07-16 09:49:08 - INFO - Model original-top_left completed in 8.63 seconds.
2025-07-16 09:49:08 - INFO - >>> Model original-top_left trained. Accuracy: 0.8783 (8.63 sec.)
2025-07-16 09:49:09 - INFO - Training model: original-bottom_left
2025-07-16 09:49:18 - INFO - Model original-bottom_left completed in 9.10 seconds.
2025-07-16 09:49:18 - INFO - >>> Model original-bottom_left trained. Accuracy: 0.8690 (9.10 sec.)
2025-07-16 09:49:18 - INFO - Training model: original-bottom_right-top_right
2025-07-16 09:49:30 - INFO - Model original-bottom_right-top_right completed in 12.21 seconds.
2025-07-16 09:49:30 - INFO - >>> Model original-bottom_right-top_right trained. Accuracy: 0.8964 (12.21 sec.)
2025-07-16 09:49:30 - INFO - Training model: original-bottom_right-tda
2025-07-16 09:49:53 - INFO - Model original-bottom_right-tda completed in 22.77 seconds.
2025-07-16 09:49:53 - INFO - >>> Model original-bottom_right-tda trained. Accuracy: 0.8788 (22.77 sec.)
2025-07-16 09:49:53 - INFO - Training model: original-bottom_right-top_left
2025-07-16 09:50:05 - INFO - Model original-bottom_right-top_left completed in 12.35 seconds.
2025-07-16 09:50:05 - INFO - >>> Model original-bottom_right-top_left trained. Accuracy: 0.8881 (12.35 sec.)
2025-07-16 09:50:05 - INFO - Training model: original-bottom_right-bottom_left
2025-07-16 09:50:17 - INFO - Model original-bottom_right-bottom_left completed in 12.52 seconds.
2025-07-16 09:50:17 - INFO - >>> Model original-bottom_right-bottom_left trained. Accuracy: 0.8799 (12.52 sec.)
2025-07-16 09:50:17 - INFO - Training model: original-top_right-tda
2025-07-16 09:50:41 - INFO - Model original-top_right-tda completed in 23.11 seconds.
2025-07-16 09:50:41 - INFO - >>> Model original-top_right-tda trained. Accuracy: 0.8880 (23.11 sec.)
2025-07-16 09:50:41 - INFO - Training model: original-top_left-top_right
2025-07-16 09:50:53 - INFO - Model original-top_left-top_right completed in 12.31 seconds.
2025-07-16 09:50:53 - INFO - >>> Model original-top_left-top_right trained. Accuracy: 0.8964 (12.31 sec.)
2025-07-16 09:50:53 - INFO - Training model: original-top_right-bottom_left
2025-07-16 09:51:05 - INFO - Model original-top_right-bottom_left completed in 11.89 seconds.
2025-07-16 09:51:05 - INFO - >>> Model original-top_right-bottom_left trained. Accuracy: 0.8910 (11.89 sec.)
2025-07-16 09:51:05 - INFO - Training model: original-top_left-tda
2025-07-16 09:51:28 - INFO - Model original-top_left-tda completed in 23.01 seconds.
2025-07-16 09:51:28 - INFO - >>> Model original-top_left-tda trained. Accuracy: 0.8838 (23.01 sec.)
2025-07-16 09:51:28 - INFO - Training model: original-bottom_left-tda
2025-07-16 09:51:50 - INFO - Model original-bottom_left-tda completed in 22.24 seconds.
2025-07-16 09:51:50 - INFO - >>> Model original-bottom_left-tda trained. Accuracy: 0.8730 (22.24 sec.)
2025-07-16 09:51:50 - INFO - Training model: original-top_left-bottom_left
2025-07-16 09:52:02 - INFO - Model original-top_left-bottom_left completed in 12.31 seconds.
2025-07-16 09:52:02 - INFO - >>> Model original-top_left-bottom_left trained. Accuracy: 0.8869 (12.31 sec.)
2025-07-16 09:52:02 - INFO - Training model: original-bottom_right-top_right-tda
2025-07-16 09:52:29 - INFO - Model original-bottom_right-top_right-tda completed in 26.29 seconds.
2025-07-16 09:52:29 - INFO - >>> Model original-bottom_right-top_right-tda trained. Accuracy: 0.9000 (26.29 sec.)
2025-07-16 09:52:29 - INFO - Training model: original-top_left-bottom_right-top_right
2025-07-16 09:52:44 - INFO - Model original-top_left-bottom_right-top_right completed in 15.35 seconds.
2025-07-16 09:52:44 - INFO - >>> Model original-top_left-bottom_right-top_right trained. Accuracy: 0.9094 (15.35 sec.)
2025-07-16 09:52:44 - INFO - Training model: original-bottom_right-top_right-bottom_left
2025-07-16 09:52:59 - INFO - Model original-bottom_right-top_right-bottom_left completed in 15.42 seconds.
2025-07-16 09:52:59 - INFO - >>> Model original-bottom_right-top_right-bottom_left trained. Accuracy: 0.9028 (15.42 sec.)
2025-07-16 09:52:59 - INFO - Training model: original-bottom_right-top_left-tda
2025-07-16 09:53:26 - INFO - Model original-bottom_right-top_left-tda completed in 26.18 seconds.
2025-07-16 09:53:26 - INFO - >>> Model original-bottom_right-top_left-tda trained. Accuracy: 0.8949 (26.18 sec.)
2025-07-16 09:53:26 - INFO - Training model: original-bottom_left-bottom_right-tda
2025-07-16 09:53:52 - INFO - Model original-bottom_left-bottom_right-tda completed in 26.28 seconds.
2025-07-16 09:53:52 - INFO - >>> Model original-bottom_left-bottom_right-tda trained. Accuracy: 0.8856 (26.28 sec.)
2025-07-16 09:53:52 - INFO - Training model: original-bottom_right-top_left-bottom_left
2025-07-16 09:54:07 - INFO - Model original-bottom_right-top_left-bottom_left completed in 15.12 seconds.
2025-07-16 09:54:07 - INFO - >>> Model original-bottom_right-top_left-bottom_left trained. Accuracy: 0.8985 (15.12 sec.)
2025-07-16 09:54:07 - INFO - Training model: original-top_left-top_right-tda
2025-07-16 09:54:33 - INFO - Model original-top_left-top_right-tda completed in 25.71 seconds.
2025-07-16 09:54:33 - INFO - >>> Model original-top_left-top_right-tda trained. Accuracy: 0.9018 (25.71 sec.)
2025-07-16 09:54:33 - INFO - Training model: original-bottom_left-top_right-tda
2025-07-16 09:54:58 - INFO - Model original-bottom_left-top_right-tda completed in 25.49 seconds.
2025-07-16 09:54:58 - INFO - >>> Model original-bottom_left-top_right-tda trained. Accuracy: 0.8964 (25.49 sec.)
2025-07-16 09:54:58 - INFO - Training model: original-top_left-top_right-bottom_left
2025-07-16 09:55:14 - INFO - Model original-top_left-top_right-bottom_left completed in 15.47 seconds.
2025-07-16 09:55:14 - INFO - >>> Model original-top_left-top_right-bottom_left trained. Accuracy: 0.9063 (15.47 sec.)
2025-07-16 09:55:14 - INFO - Training model: original-bottom_left-top_left-tda
2025-07-16 09:55:39 - INFO - Model original-bottom_left-top_left-tda completed in 25.57 seconds.
2025-07-16 09:55:39 - INFO - >>> Model original-bottom_left-top_left-tda trained. Accuracy: 0.8911 (25.57 sec.)
2025-07-16 09:55:39 - INFO - Training model: bottom_right-top_right-original-tda-top_left
2025-07-16 09:56:09 - INFO - Model bottom_right-top_right-original-tda-top_left completed in 29.37 seconds.
2025-07-16 09:56:09 - INFO - >>> Model bottom_right-top_right-original-tda-top_left trained. Accuracy: 0.9120 (29.37 sec.)
2025-07-16 09:56:09 - INFO - Training model: bottom_right-top_right-original-tda-bottom_left
2025-07-16 09:56:38 - INFO - Model bottom_right-top_right-original-tda-bottom_left completed in 29.07 seconds.
2025-07-16 09:56:38 - INFO - >>> Model bottom_right-top_right-original-tda-bottom_left trained. Accuracy: 0.9066 (29.07 sec.)
2025-07-16 09:56:38 - INFO - Training model: bottom_right-top_right-original-top_left-bottom_left
2025-07-16 09:56:56 - INFO - Model bottom_right-top_right-original-top_left-bottom_left completed in 18.62 seconds.
2025-07-16 09:56:56 - INFO - >>> Model bottom_right-top_right-original-top_left-bottom_left trained. Accuracy: 0.9170 (18.62 sec.)
2025-07-16 09:56:56 - INFO - Training model: bottom_right-original-tda-top_left-bottom_left
2025-07-16 09:57:26 - INFO - Model bottom_right-original-tda-top_left-bottom_left completed in 29.22 seconds.
2025-07-16 09:57:26 - INFO - >>> Model bottom_right-original-tda-top_left-bottom_left trained. Accuracy: 0.9007 (29.22 sec.)
2025-07-16 09:57:26 - INFO - Training model: top_right-original-tda-top_left-bottom_left
2025-07-16 09:57:55 - INFO - Model top_right-original-tda-top_left-bottom_left completed in 29.24 seconds.
2025-07-16 09:57:55 - INFO - >>> Model top_right-original-tda-top_left-bottom_left trained. Accuracy: 0.9093 (29.24 sec.)
2025-07-16 09:57:55 - INFO - Training model: bottom_right-top_right-original-tda-top_left-bottom_left
2025-07-16 09:58:27 - INFO - Model bottom_right-top_right-original-tda-top_left-bottom_left completed in 31.99 seconds.
2025-07-16 09:58:27 - INFO - >>> Model bottom_right-top_right-original-tda-top_left-bottom_left trained. Accuracy: 0.9174 (31.99 sec.)
2025-07-16 09:58:27 - INFO - All models trained successfully.
2025-07-16 09:58:27 - INFO - ========== [Model Training Completed] in 10.09 minutes ==========
2025-07-16 09:58:27 - INFO - ========== [Experiment Training Complete] ==========
2025-07-16 09:58:27 - INFO - Results saved to /home/jovyan/Workspace/workspace_mnist/results/exp_icecream_noise_saltpepper_30_part2/exp_icecream_noise_saltpepper_30_part2_2025-07-16_09-58-27.json
2025-07-16 09:58:27 - INFO - Results successfully saved to /home/jovyan/Workspace/workspace_mnist/results/exp_icecream_noise_saltpepper_30_part2/exp_icecream_noise_saltpepper_30_part2_2025-07-16_09-58-27.json
2025-07-16 09:58:27 - INFO - Forced Garbage collection executed to Free Memory.
2025-07-16 09:58:27 - INFO - ========== [Experiment Completed] in 21.56 minutes ==========
