2025-07-16 05:42:11 - INFO - Logging initialized.
 Writing to /home/jovyan/Workspace/workspace_mnist/logs/exp_icecream_noise_saltpepper_30_part2/experiment_logs_2025-07-16_05-42-11.log
2025-07-16 05:42:11 - INFO - ========== [Experiment Start] ==========
2025-07-16 05:42:11 - INFO - Views combinations successfully generated.
2025-07-16 05:42:11 - INFO - Topological Data Analysis pipeline generated.
2025-07-16 05:42:11 - INFO - Folder to save results has been created.
2025-07-16 05:42:11 - INFO - Reading dataset from mnist_784.csv (chunk size: 70000).
2025-07-16 05:42:11 - INFO - Starting multiview data preparation for a chunk of size (70000, 784)...
2025-07-16 05:42:11 - INFO - Running using 28 jobs.
2025-07-16 05:42:11 - INFO - Contaminating dataset with salt_pepper, quantity=0.3, transparency=0.
2025-07-16 05:42:15 - INFO - Splitting data: 80.0% train / 30.0% test (random_state=799593886)
2025-07-16 05:42:15 - INFO - Using full training data without second split.
2025-07-16 05:42:15 - INFO - Data split complete. Train size: (49000, 784), Test size: (21000, 784)
2025-07-16 05:42:15 - INFO - Reshaping train and test data into square images...
2025-07-16 05:42:15 - INFO - Reshaping complete. Train images shape: (49000, 28, 28), Test images shape: (21000, 28, 28)
2025-07-16 05:42:15 - INFO - Splitting images into quadrant views...
2025-07-16 05:42:15 - INFO - Quadrant view splitting complete. Train views: 4, Test views: 4
2025-07-16 05:42:15 - INFO - Starting TDA pipeline transformation on train data...
2025-07-16 05:50:08 - INFO - TDA transformation for train completed (7.88 minutes).
2025-07-16 05:50:08 - INFO - Applying TDA pipeline transformation on test data...
2025-07-16 05:53:31 - INFO - TDA transformation for test completed (3.39 minutes).
2025-07-16 05:53:31 - INFO - ========== [Model Training Start] ==========
2025-07-16 05:53:31 - INFO - Training model: original
2025-07-16 05:53:33 - INFO - Model original completed in 1.13 seconds.
2025-07-16 05:53:33 - INFO - >>> Model original trained. Accuracy: 0.8567 (1.13 sec.)
2025-07-16 05:53:33 - INFO - Training model: original-bottom_right
2025-07-16 05:53:41 - INFO - Model original-bottom_right completed in 8.82 seconds.
2025-07-16 05:53:41 - INFO - >>> Model original-bottom_right trained. Accuracy: 0.8747 (8.82 sec.)
2025-07-16 05:53:41 - INFO - Training model: original-top_right
2025-07-16 05:53:51 - INFO - Model original-top_right completed in 9.10 seconds.
2025-07-16 05:53:51 - INFO - >>> Model original-top_right trained. Accuracy: 0.8866 (9.10 sec.)
2025-07-16 05:53:51 - INFO - Training model: original-tda
2025-07-16 05:54:11 - INFO - Model original-tda completed in 20.05 seconds.
2025-07-16 05:54:11 - INFO - >>> Model original-tda trained. Accuracy: 0.8706 (20.05 sec.)
2025-07-16 05:54:11 - INFO - Training model: original-top_left
2025-07-16 05:54:20 - INFO - Model original-top_left completed in 9.09 seconds.
2025-07-16 05:54:20 - INFO - >>> Model original-top_left trained. Accuracy: 0.8789 (9.09 sec.)
2025-07-16 05:54:20 - INFO - Training model: original-bottom_left
2025-07-16 05:54:29 - INFO - Model original-bottom_left completed in 9.04 seconds.
2025-07-16 05:54:29 - INFO - >>> Model original-bottom_left trained. Accuracy: 0.8731 (9.04 sec.)
2025-07-16 05:54:29 - INFO - Training model: original-bottom_right-top_right
2025-07-16 05:54:41 - INFO - Model original-bottom_right-top_right completed in 12.39 seconds.
2025-07-16 05:54:41 - INFO - >>> Model original-bottom_right-top_right trained. Accuracy: 0.8951 (12.39 sec.)
2025-07-16 05:54:41 - INFO - Training model: original-bottom_right-tda
2025-07-16 05:55:04 - INFO - Model original-bottom_right-tda completed in 22.96 seconds.
2025-07-16 05:55:04 - INFO - >>> Model original-bottom_right-tda trained. Accuracy: 0.8804 (22.96 sec.)
2025-07-16 05:55:04 - INFO - Training model: original-bottom_right-top_left
2025-07-16 05:55:16 - INFO - Model original-bottom_right-top_left completed in 12.33 seconds.
2025-07-16 05:55:16 - INFO - >>> Model original-bottom_right-top_left trained. Accuracy: 0.8878 (12.33 sec.)
2025-07-16 05:55:16 - INFO - Training model: original-bottom_right-bottom_left
2025-07-16 05:55:29 - INFO - Model original-bottom_right-bottom_left completed in 12.21 seconds.
2025-07-16 05:55:29 - INFO - >>> Model original-bottom_right-bottom_left trained. Accuracy: 0.8826 (12.21 sec.)
2025-07-16 05:55:29 - INFO - Training model: original-top_right-tda
2025-07-16 05:55:51 - INFO - Model original-top_right-tda completed in 22.30 seconds.
2025-07-16 05:55:51 - INFO - >>> Model original-top_right-tda trained. Accuracy: 0.8908 (22.30 sec.)
2025-07-16 05:55:51 - INFO - Training model: original-top_left-top_right
2025-07-16 05:56:04 - INFO - Model original-top_left-top_right completed in 12.63 seconds.
2025-07-16 05:56:04 - INFO - >>> Model original-top_left-top_right trained. Accuracy: 0.9002 (12.63 sec.)
2025-07-16 05:56:04 - INFO - Training model: original-top_right-bottom_left
2025-07-16 05:56:15 - INFO - Model original-top_right-bottom_left completed in 11.96 seconds.
2025-07-16 05:56:15 - INFO - >>> Model original-top_right-bottom_left trained. Accuracy: 0.8944 (11.96 sec.)
2025-07-16 05:56:15 - INFO - Training model: original-top_left-tda
2025-07-16 05:56:38 - INFO - Model original-top_left-tda completed in 22.88 seconds.
2025-07-16 05:56:38 - INFO - >>> Model original-top_left-tda trained. Accuracy: 0.8842 (22.88 sec.)
2025-07-16 05:56:38 - INFO - Training model: original-bottom_left-tda
2025-07-16 05:57:01 - INFO - Model original-bottom_left-tda completed in 22.91 seconds.
2025-07-16 05:57:01 - INFO - >>> Model original-bottom_left-tda trained. Accuracy: 0.8763 (22.91 sec.)
2025-07-16 05:57:01 - INFO - Training model: original-top_left-bottom_left
2025-07-16 05:57:14 - INFO - Model original-top_left-bottom_left completed in 12.37 seconds.
2025-07-16 05:57:14 - INFO - >>> Model original-top_left-bottom_left trained. Accuracy: 0.8875 (12.37 sec.)
2025-07-16 05:57:14 - INFO - Training model: original-bottom_right-top_right-tda
2025-07-16 05:57:40 - INFO - Model original-bottom_right-top_right-tda completed in 26.00 seconds.
2025-07-16 05:57:40 - INFO - >>> Model original-bottom_right-top_right-tda trained. Accuracy: 0.8991 (26.00 sec.)
2025-07-16 05:57:40 - INFO - Training model: original-top_left-bottom_right-top_right
2025-07-16 05:57:55 - INFO - Model original-top_left-bottom_right-top_right completed in 15.62 seconds.
2025-07-16 05:57:55 - INFO - >>> Model original-top_left-bottom_right-top_right trained. Accuracy: 0.9081 (15.62 sec.)
2025-07-16 05:57:55 - INFO - Training model: original-bottom_right-top_right-bottom_left
2025-07-16 05:58:11 - INFO - Model original-bottom_right-top_right-bottom_left completed in 15.47 seconds.
2025-07-16 05:58:11 - INFO - >>> Model original-bottom_right-top_right-bottom_left trained. Accuracy: 0.9032 (15.47 sec.)
2025-07-16 05:58:11 - INFO - Training model: original-bottom_right-top_left-tda
2025-07-16 05:58:37 - INFO - Model original-bottom_right-top_left-tda completed in 26.61 seconds.
2025-07-16 05:58:37 - INFO - >>> Model original-bottom_right-top_left-tda trained. Accuracy: 0.8941 (26.61 sec.)
2025-07-16 05:58:37 - INFO - Training model: original-bottom_left-bottom_right-tda
2025-07-16 05:59:03 - INFO - Model original-bottom_left-bottom_right-tda completed in 25.60 seconds.
2025-07-16 05:59:03 - INFO - >>> Model original-bottom_left-bottom_right-tda trained. Accuracy: 0.8878 (25.60 sec.)
2025-07-16 05:59:03 - INFO - Training model: original-bottom_right-top_left-bottom_left
2025-07-16 05:59:18 - INFO - Model original-bottom_right-top_left-bottom_left completed in 15.22 seconds.
2025-07-16 05:59:18 - INFO - >>> Model original-bottom_right-top_left-bottom_left trained. Accuracy: 0.8979 (15.22 sec.)
2025-07-16 05:59:18 - INFO - Training model: original-top_left-top_right-tda
2025-07-16 05:59:44 - INFO - Model original-top_left-top_right-tda completed in 26.15 seconds.
2025-07-16 05:59:44 - INFO - >>> Model original-top_left-top_right-tda trained. Accuracy: 0.9037 (26.15 sec.)
2025-07-16 05:59:44 - INFO - Training model: original-bottom_left-top_right-tda
2025-07-16 06:00:11 - INFO - Model original-bottom_left-top_right-tda completed in 26.28 seconds.
2025-07-16 06:00:11 - INFO - >>> Model original-bottom_left-top_right-tda trained. Accuracy: 0.8981 (26.28 sec.)
2025-07-16 06:00:11 - INFO - Training model: original-top_left-top_right-bottom_left
2025-07-16 06:00:26 - INFO - Model original-top_left-top_right-bottom_left completed in 15.15 seconds.
2025-07-16 06:00:26 - INFO - >>> Model original-top_left-top_right-bottom_left trained. Accuracy: 0.9088 (15.15 sec.)
2025-07-16 06:00:26 - INFO - Training model: original-bottom_left-top_left-tda
2025-07-16 06:00:51 - INFO - Model original-bottom_left-top_left-tda completed in 25.62 seconds.
2025-07-16 06:00:51 - INFO - >>> Model original-bottom_left-top_left-tda trained. Accuracy: 0.8909 (25.62 sec.)
2025-07-16 06:00:51 - INFO - Training model: bottom_right-top_right-original-tda-top_left
2025-07-16 06:01:20 - INFO - Model bottom_right-top_right-original-tda-top_left completed in 28.94 seconds.
2025-07-16 06:01:20 - INFO - >>> Model bottom_right-top_right-original-tda-top_left trained. Accuracy: 0.9113 (28.94 sec.)
2025-07-16 06:01:20 - INFO - Training model: bottom_right-top_right-original-tda-bottom_left
2025-07-16 06:01:49 - INFO - Model bottom_right-top_right-original-tda-bottom_left completed in 28.92 seconds.
2025-07-16 06:01:49 - INFO - >>> Model bottom_right-top_right-original-tda-bottom_left trained. Accuracy: 0.9059 (28.92 sec.)
2025-07-16 06:01:49 - INFO - Training model: bottom_right-top_right-original-top_left-bottom_left
2025-07-16 06:02:08 - INFO - Model bottom_right-top_right-original-top_left-bottom_left completed in 18.56 seconds.
2025-07-16 06:02:08 - INFO - >>> Model bottom_right-top_right-original-top_left-bottom_left trained. Accuracy: 0.9184 (18.56 sec.)
2025-07-16 06:02:08 - INFO - Training model: bottom_right-original-tda-top_left-bottom_left
2025-07-16 06:02:37 - INFO - Model bottom_right-original-tda-top_left-bottom_left completed in 29.22 seconds.
2025-07-16 06:02:37 - INFO - >>> Model bottom_right-original-tda-top_left-bottom_left trained. Accuracy: 0.9019 (29.22 sec.)
2025-07-16 06:02:37 - INFO - Training model: top_right-original-tda-top_left-bottom_left
2025-07-16 06:03:06 - INFO - Model top_right-original-tda-top_left-bottom_left completed in 28.98 seconds.
2025-07-16 06:03:06 - INFO - >>> Model top_right-original-tda-top_left-bottom_left trained. Accuracy: 0.9118 (28.98 sec.)
2025-07-16 06:03:06 - INFO - Training model: bottom_right-top_right-original-tda-top_left-bottom_left
2025-07-16 06:03:39 - INFO - Model bottom_right-top_right-original-tda-top_left-bottom_left completed in 32.46 seconds.
2025-07-16 06:03:39 - INFO - >>> Model bottom_right-top_right-original-tda-top_left-bottom_left trained. Accuracy: 0.9192 (32.46 sec.)
2025-07-16 06:03:39 - INFO - All models trained successfully.
2025-07-16 06:03:39 - INFO - ========== [Model Training Completed] in 10.12 minutes ==========
2025-07-16 06:03:39 - INFO - ========== [Experiment Training Complete] ==========
2025-07-16 06:03:39 - INFO - Results saved to /home/jovyan/Workspace/workspace_mnist/results/exp_icecream_noise_saltpepper_30_part2/exp_icecream_noise_saltpepper_30_part2_2025-07-16_06-03-39.json
2025-07-16 06:03:39 - INFO - Results successfully saved to /home/jovyan/Workspace/workspace_mnist/results/exp_icecream_noise_saltpepper_30_part2/exp_icecream_noise_saltpepper_30_part2_2025-07-16_06-03-39.json
2025-07-16 06:03:39 - INFO - Forced Garbage collection executed to Free Memory.
2025-07-16 06:03:39 - INFO - ========== [Experiment Completed] in 21.47 minutes ==========
