2025-07-16 08:11:40 - INFO - Logging initialized.
 Writing to /home/jovyan/Workspace/workspace_mnist/logs/exp_icecream_noise_saltpepper_30_part2/experiment_logs_2025-07-16_08-11-40.log
2025-07-16 08:11:40 - INFO - ========== [Experiment Start] ==========
2025-07-16 08:11:40 - INFO - Views combinations successfully generated.
2025-07-16 08:11:40 - INFO - Topological Data Analysis pipeline generated.
2025-07-16 08:11:40 - INFO - Folder to save results has been created.
2025-07-16 08:11:40 - INFO - Reading dataset from mnist_784.csv (chunk size: 70000).
2025-07-16 08:11:40 - INFO - Starting multiview data preparation for a chunk of size (70000, 784)...
2025-07-16 08:11:40 - INFO - Running using 28 jobs.
2025-07-16 08:11:40 - INFO - Contaminating dataset with salt_pepper, quantity=0.3, transparency=0.
2025-07-16 08:11:44 - INFO - Splitting data: 80.0% train / 30.0% test (random_state=499363782)
2025-07-16 08:11:44 - INFO - Using full training data without second split.
2025-07-16 08:11:44 - INFO - Data split complete. Train size: (49000, 784), Test size: (21000, 784)
2025-07-16 08:11:44 - INFO - Reshaping train and test data into square images...
2025-07-16 08:11:44 - INFO - Reshaping complete. Train images shape: (49000, 28, 28), Test images shape: (21000, 28, 28)
2025-07-16 08:11:44 - INFO - Splitting images into quadrant views...
2025-07-16 08:11:44 - INFO - Quadrant view splitting complete. Train views: 4, Test views: 4
2025-07-16 08:11:44 - INFO - Starting TDA pipeline transformation on train data...
2025-07-16 08:19:26 - INFO - TDA transformation for train completed (7.70 minutes).
2025-07-16 08:19:26 - INFO - Applying TDA pipeline transformation on test data...
2025-07-16 08:22:42 - INFO - TDA transformation for test completed (3.27 minutes).
2025-07-16 08:22:42 - INFO - ========== [Model Training Start] ==========
2025-07-16 08:22:42 - INFO - Training model: original
2025-07-16 08:22:43 - INFO - Model original completed in 1.12 seconds.
2025-07-16 08:22:43 - INFO - >>> Model original trained. Accuracy: 0.8527 (1.12 sec.)
2025-07-16 08:22:43 - INFO - Training model: original-bottom_right
2025-07-16 08:22:53 - INFO - Model original-bottom_right completed in 9.50 seconds.
2025-07-16 08:22:53 - INFO - >>> Model original-bottom_right trained. Accuracy: 0.8741 (9.50 sec.)
2025-07-16 08:22:53 - INFO - Training model: original-top_right
2025-07-16 08:23:02 - INFO - Model original-top_right completed in 9.16 seconds.
2025-07-16 08:23:02 - INFO - >>> Model original-top_right trained. Accuracy: 0.8860 (9.16 sec.)
2025-07-16 08:23:02 - INFO - Training model: original-tda
2025-07-16 08:23:22 - INFO - Model original-tda completed in 19.57 seconds.
2025-07-16 08:23:22 - INFO - >>> Model original-tda trained. Accuracy: 0.8700 (19.57 sec.)
2025-07-16 08:23:22 - INFO - Training model: original-top_left
2025-07-16 08:23:30 - INFO - Model original-top_left completed in 8.78 seconds.
2025-07-16 08:23:30 - INFO - >>> Model original-top_left trained. Accuracy: 0.8753 (8.78 sec.)
2025-07-16 08:23:30 - INFO - Training model: original-bottom_left
2025-07-16 08:23:39 - INFO - Model original-bottom_left completed in 9.02 seconds.
2025-07-16 08:23:39 - INFO - >>> Model original-bottom_left trained. Accuracy: 0.8691 (9.02 sec.)
2025-07-16 08:23:39 - INFO - Training model: original-bottom_right-top_right
2025-07-16 08:23:52 - INFO - Model original-bottom_right-top_right completed in 12.74 seconds.
2025-07-16 08:23:52 - INFO - >>> Model original-bottom_right-top_right trained. Accuracy: 0.8945 (12.74 sec.)
2025-07-16 08:23:52 - INFO - Training model: original-bottom_right-tda
2025-07-16 08:24:15 - INFO - Model original-bottom_right-tda completed in 22.76 seconds.
2025-07-16 08:24:15 - INFO - >>> Model original-bottom_right-tda trained. Accuracy: 0.8791 (22.76 sec.)
2025-07-16 08:24:15 - INFO - Training model: original-bottom_right-top_left
2025-07-16 08:24:27 - INFO - Model original-bottom_right-top_left completed in 12.05 seconds.
2025-07-16 08:24:27 - INFO - >>> Model original-bottom_right-top_left trained. Accuracy: 0.8847 (12.05 sec.)
2025-07-16 08:24:27 - INFO - Training model: original-bottom_right-bottom_left
2025-07-16 08:24:40 - INFO - Model original-bottom_right-bottom_left completed in 12.49 seconds.
2025-07-16 08:24:40 - INFO - >>> Model original-bottom_right-bottom_left trained. Accuracy: 0.8780 (12.49 sec.)
2025-07-16 08:24:40 - INFO - Training model: original-top_right-tda
2025-07-16 08:25:02 - INFO - Model original-top_right-tda completed in 22.77 seconds.
2025-07-16 08:25:02 - INFO - >>> Model original-top_right-tda trained. Accuracy: 0.8892 (22.77 sec.)
2025-07-16 08:25:02 - INFO - Training model: original-top_left-top_right
2025-07-16 08:25:15 - INFO - Model original-top_left-top_right completed in 12.27 seconds.
2025-07-16 08:25:15 - INFO - >>> Model original-top_left-top_right trained. Accuracy: 0.8946 (12.27 sec.)
2025-07-16 08:25:15 - INFO - Training model: original-top_right-bottom_left
2025-07-16 08:25:27 - INFO - Model original-top_right-bottom_left completed in 12.35 seconds.
2025-07-16 08:25:27 - INFO - >>> Model original-top_right-bottom_left trained. Accuracy: 0.8914 (12.35 sec.)
2025-07-16 08:25:27 - INFO - Training model: original-top_left-tda
2025-07-16 08:25:50 - INFO - Model original-top_left-tda completed in 23.02 seconds.
2025-07-16 08:25:50 - INFO - >>> Model original-top_left-tda trained. Accuracy: 0.8796 (23.02 sec.)
2025-07-16 08:25:50 - INFO - Training model: original-bottom_left-tda
2025-07-16 08:26:12 - INFO - Model original-bottom_left-tda completed in 22.31 seconds.
2025-07-16 08:26:12 - INFO - >>> Model original-bottom_left-tda trained. Accuracy: 0.8730 (22.31 sec.)
2025-07-16 08:26:12 - INFO - Training model: original-top_left-bottom_left
2025-07-16 08:26:24 - INFO - Model original-top_left-bottom_left completed in 12.04 seconds.
2025-07-16 08:26:24 - INFO - >>> Model original-top_left-bottom_left trained. Accuracy: 0.8845 (12.04 sec.)
2025-07-16 08:26:24 - INFO - Training model: original-bottom_right-top_right-tda
2025-07-16 08:26:51 - INFO - Model original-bottom_right-top_right-tda completed in 26.50 seconds.
2025-07-16 08:26:51 - INFO - >>> Model original-bottom_right-top_right-tda trained. Accuracy: 0.8985 (26.50 sec.)
2025-07-16 08:26:51 - INFO - Training model: original-top_left-bottom_right-top_right
2025-07-16 08:27:06 - INFO - Model original-top_left-bottom_right-top_right completed in 15.39 seconds.
2025-07-16 08:27:06 - INFO - >>> Model original-top_left-bottom_right-top_right trained. Accuracy: 0.9057 (15.39 sec.)
2025-07-16 08:27:06 - INFO - Training model: original-bottom_right-top_right-bottom_left
2025-07-16 08:27:22 - INFO - Model original-bottom_right-top_right-bottom_left completed in 15.38 seconds.
2025-07-16 08:27:22 - INFO - >>> Model original-bottom_right-top_right-bottom_left trained. Accuracy: 0.9020 (15.38 sec.)
2025-07-16 08:27:22 - INFO - Training model: original-bottom_right-top_left-tda
2025-07-16 08:27:48 - INFO - Model original-bottom_right-top_left-tda completed in 26.22 seconds.
2025-07-16 08:27:48 - INFO - >>> Model original-bottom_right-top_left-tda trained. Accuracy: 0.8916 (26.22 sec.)
2025-07-16 08:27:48 - INFO - Training model: original-bottom_left-bottom_right-tda
2025-07-16 08:28:14 - INFO - Model original-bottom_left-bottom_right-tda completed in 25.94 seconds.
2025-07-16 08:28:14 - INFO - >>> Model original-bottom_left-bottom_right-tda trained. Accuracy: 0.8831 (25.94 sec.)
2025-07-16 08:28:14 - INFO - Training model: original-bottom_right-top_left-bottom_left
2025-07-16 08:28:29 - INFO - Model original-bottom_right-top_left-bottom_left completed in 15.26 seconds.
2025-07-16 08:28:29 - INFO - >>> Model original-bottom_right-top_left-bottom_left trained. Accuracy: 0.8948 (15.26 sec.)
2025-07-16 08:28:29 - INFO - Training model: original-top_left-top_right-tda
2025-07-16 08:28:55 - INFO - Model original-top_left-top_right-tda completed in 25.54 seconds.
2025-07-16 08:28:55 - INFO - >>> Model original-top_left-top_right-tda trained. Accuracy: 0.9013 (25.54 sec.)
2025-07-16 08:28:55 - INFO - Training model: original-bottom_left-top_right-tda
2025-07-16 08:29:21 - INFO - Model original-bottom_left-top_right-tda completed in 26.19 seconds.
2025-07-16 08:29:21 - INFO - >>> Model original-bottom_left-top_right-tda trained. Accuracy: 0.8973 (26.19 sec.)
2025-07-16 08:29:21 - INFO - Training model: original-top_left-top_right-bottom_left
2025-07-16 08:29:36 - INFO - Model original-top_left-top_right-bottom_left completed in 15.11 seconds.
2025-07-16 08:29:36 - INFO - >>> Model original-top_left-top_right-bottom_left trained. Accuracy: 0.9068 (15.11 sec.)
2025-07-16 08:29:36 - INFO - Training model: original-bottom_left-top_left-tda
2025-07-16 08:30:02 - INFO - Model original-bottom_left-top_left-tda completed in 25.78 seconds.
2025-07-16 08:30:02 - INFO - >>> Model original-bottom_left-top_left-tda trained. Accuracy: 0.8880 (25.78 sec.)
2025-07-16 08:30:02 - INFO - Training model: bottom_right-top_right-original-tda-top_left
2025-07-16 08:30:31 - INFO - Model bottom_right-top_right-original-tda-top_left completed in 28.99 seconds.
2025-07-16 08:30:31 - INFO - >>> Model bottom_right-top_right-original-tda-top_left trained. Accuracy: 0.9104 (28.99 sec.)
2025-07-16 08:30:31 - INFO - Training model: bottom_right-top_right-original-tda-bottom_left
2025-07-16 08:31:00 - INFO - Model bottom_right-top_right-original-tda-bottom_left completed in 29.15 seconds.
2025-07-16 08:31:00 - INFO - >>> Model bottom_right-top_right-original-tda-bottom_left trained. Accuracy: 0.9039 (29.15 sec.)
2025-07-16 08:31:00 - INFO - Training model: bottom_right-top_right-original-top_left-bottom_left
2025-07-16 08:31:18 - INFO - Model bottom_right-top_right-original-top_left-bottom_left completed in 18.33 seconds.
2025-07-16 08:31:18 - INFO - >>> Model bottom_right-top_right-original-top_left-bottom_left trained. Accuracy: 0.9164 (18.33 sec.)
2025-07-16 08:31:18 - INFO - Training model: bottom_right-original-tda-top_left-bottom_left
2025-07-16 08:31:48 - INFO - Model bottom_right-original-tda-top_left-bottom_left completed in 29.40 seconds.
2025-07-16 08:31:48 - INFO - >>> Model bottom_right-original-tda-top_left-bottom_left trained. Accuracy: 0.8976 (29.40 sec.)
2025-07-16 08:31:48 - INFO - Training model: top_right-original-tda-top_left-bottom_left
2025-07-16 08:32:16 - INFO - Model top_right-original-tda-top_left-bottom_left completed in 28.82 seconds.
2025-07-16 08:32:16 - INFO - >>> Model top_right-original-tda-top_left-bottom_left trained. Accuracy: 0.9100 (28.82 sec.)
2025-07-16 08:32:16 - INFO - Training model: bottom_right-top_right-original-tda-top_left-bottom_left
2025-07-16 08:32:48 - INFO - Model bottom_right-top_right-original-tda-top_left-bottom_left completed in 31.99 seconds.
2025-07-16 08:32:48 - INFO - >>> Model bottom_right-top_right-original-tda-top_left-bottom_left trained. Accuracy: 0.9181 (31.99 sec.)
2025-07-16 08:32:48 - INFO - All models trained successfully.
2025-07-16 08:32:48 - INFO - ========== [Model Training Completed] in 10.10 minutes ==========
2025-07-16 08:32:48 - INFO - ========== [Experiment Training Complete] ==========
2025-07-16 08:32:49 - INFO - Results saved to /home/jovyan/Workspace/workspace_mnist/results/exp_icecream_noise_saltpepper_30_part2/exp_icecream_noise_saltpepper_30_part2_2025-07-16_08-32-48.json
2025-07-16 08:32:49 - INFO - Results successfully saved to /home/jovyan/Workspace/workspace_mnist/results/exp_icecream_noise_saltpepper_30_part2/exp_icecream_noise_saltpepper_30_part2_2025-07-16_08-32-48.json
2025-07-16 08:32:49 - INFO - Forced Garbage collection executed to Free Memory.
2025-07-16 08:32:49 - INFO - ========== [Experiment Completed] in 21.15 minutes ==========
