2025-04-28 15:40:43 - INFO - Logging initialized.
 Writing to /home/jovyan/Workspace/workspace_mnist/logs/exp_noise_lines_30_trainsplit_vary_noise/experiment_logs_2025-04-28_15-40-43.log
2025-04-28 15:40:43 - INFO - ========== [Experiment Start] ==========
2025-04-28 15:40:43 - INFO - Views combinations successfully generated.
2025-04-28 15:40:43 - INFO - Topological Data Analysis pipeline generated.
2025-04-28 15:40:43 - INFO - Folder to save results has been created.
2025-04-28 15:40:43 - INFO - Reading dataset from mnist_784.csv (chunk size: 70000).
2025-04-28 15:40:44 - INFO - Starting multiview data preparation for a chunk of size (70000, 784)...
2025-04-28 15:40:44 - INFO - Running using 20 jobs.
2025-04-28 15:40:44 - INFO - Contaminating dataset with lines, quantity=1, transparency=1.0.
2025-04-28 15:40:48 - INFO - Splitting data: 50.0% train / 20.0% test (random_state=561967060)
2025-04-28 15:40:48 - INFO - Using full training data without second split.
2025-04-28 15:40:48 - INFO - Data split complete. Train size: (56000, 784), Test size: (14000, 784)
2025-04-28 15:40:48 - INFO - Reshaping train and test data into square images...
2025-04-28 15:40:48 - INFO - Reshaping complete. Train images shape: (56000, 28, 28), Test images shape: (14000, 28, 28)
2025-04-28 15:40:48 - INFO - Splitting images into quadrant views...
2025-04-28 15:40:48 - INFO - Quadrant view splitting complete. Train views: 4, Test views: 4
2025-04-28 15:40:48 - INFO - Saving sample images for each view...
2025-04-28 15:40:48 - INFO - Sample views saved successfully.
2025-04-28 15:40:48 - INFO - Starting TDA pipeline transformation on train data...
2025-04-28 15:52:25 - INFO - TDA transformation for train completed (11.61 minutes).
2025-04-28 15:52:25 - INFO - Applying TDA pipeline transformation on test data...
2025-04-28 15:55:07 - INFO - TDA transformation for test completed (2.70 minutes).
2025-04-28 15:55:07 - INFO - ========== [Model Training Start] ==========
2025-04-28 15:55:07 - INFO - Training model: original
2025-04-28 15:55:09 - INFO - Model original completed in 1.65 seconds.
2025-04-28 15:55:09 - INFO - >>> Model original trained. Accuracy: 0.9638 (1.65 sec.)
2025-04-28 15:55:09 - INFO - Training model: top_right-original
2025-04-28 15:55:22 - INFO - Model top_right-original completed in 13.07 seconds.
2025-04-28 15:55:22 - INFO - >>> Model top_right-original trained. Accuracy: 0.9667 (13.07 sec.)
2025-04-28 15:55:22 - INFO - Training model: bottom_right-original
2025-04-28 15:55:34 - INFO - Model bottom_right-original completed in 12.83 seconds.
2025-04-28 15:55:34 - INFO - >>> Model bottom_right-original trained. Accuracy: 0.9672 (12.83 sec.)
2025-04-28 15:55:34 - INFO - Training model: original-top_left
2025-04-28 15:55:47 - INFO - Model original-top_left completed in 12.70 seconds.
2025-04-28 15:55:47 - INFO - >>> Model original-top_left trained. Accuracy: 0.9686 (12.70 sec.)
2025-04-28 15:55:47 - INFO - Training model: original-tda
2025-04-28 15:56:07 - INFO - Model original-tda completed in 19.86 seconds.
2025-04-28 15:56:07 - INFO - >>> Model original-tda trained. Accuracy: 0.9747 (19.86 sec.)
2025-04-28 15:56:07 - INFO - Training model: original-bottom_left
2025-04-28 15:56:20 - INFO - Model original-bottom_left completed in 12.66 seconds.
2025-04-28 15:56:20 - INFO - >>> Model original-bottom_left trained. Accuracy: 0.9652 (12.66 sec.)
2025-04-28 15:56:20 - INFO - Training model: top_right-original-bottom_right
2025-04-28 15:56:37 - INFO - Model top_right-original-bottom_right completed in 17.56 seconds.
2025-04-28 15:56:37 - INFO - >>> Model top_right-original-bottom_right trained. Accuracy: 0.9692 (17.56 sec.)
2025-04-28 15:56:37 - INFO - Training model: top_right-original-top_left
2025-04-28 15:56:54 - INFO - Model top_right-original-top_left completed in 17.26 seconds.
2025-04-28 15:56:54 - INFO - >>> Model top_right-original-top_left trained. Accuracy: 0.9708 (17.26 sec.)
2025-04-28 15:56:54 - INFO - Training model: top_right-original-tda
2025-04-28 15:57:19 - INFO - Model top_right-original-tda completed in 24.38 seconds.
2025-04-28 15:57:19 - INFO - >>> Model top_right-original-tda trained. Accuracy: 0.9753 (24.38 sec.)
2025-04-28 15:57:19 - INFO - Training model: top_right-original-bottom_left
2025-04-28 15:57:36 - INFO - Model top_right-original-bottom_left completed in 17.39 seconds.
2025-04-28 15:57:36 - INFO - >>> Model top_right-original-bottom_left trained. Accuracy: 0.9681 (17.39 sec.)
2025-04-28 15:57:36 - INFO - Training model: bottom_right-original-top_left
2025-04-28 15:57:54 - INFO - Model bottom_right-original-top_left completed in 17.35 seconds.
2025-04-28 15:57:54 - INFO - >>> Model bottom_right-original-top_left trained. Accuracy: 0.9709 (17.35 sec.)
2025-04-28 15:57:54 - INFO - Training model: bottom_right-original-tda
2025-04-28 15:58:18 - INFO - Model bottom_right-original-tda completed in 24.76 seconds.
2025-04-28 15:58:18 - INFO - >>> Model bottom_right-original-tda trained. Accuracy: 0.9752 (24.76 sec.)
2025-04-28 15:58:19 - INFO - Training model: bottom_right-original-bottom_left
2025-04-28 15:58:36 - INFO - Model bottom_right-original-bottom_left completed in 17.30 seconds.
2025-04-28 15:58:36 - INFO - >>> Model bottom_right-original-bottom_left trained. Accuracy: 0.9684 (17.30 sec.)
2025-04-28 15:58:36 - INFO - Training model: original-top_left-tda
2025-04-28 15:59:00 - INFO - Model original-top_left-tda completed in 23.84 seconds.
2025-04-28 15:59:00 - INFO - >>> Model original-top_left-tda trained. Accuracy: 0.9753 (23.84 sec.)
2025-04-28 15:59:00 - INFO - Training model: original-top_left-bottom_left
2025-04-28 15:59:16 - INFO - Model original-top_left-bottom_left completed in 16.71 seconds.
2025-04-28 15:59:16 - INFO - >>> Model original-top_left-bottom_left trained. Accuracy: 0.9701 (16.71 sec.)
2025-04-28 15:59:16 - INFO - Training model: original-tda-bottom_left
2025-04-28 15:59:41 - INFO - Model original-tda-bottom_left completed in 24.19 seconds.
2025-04-28 15:59:41 - INFO - >>> Model original-tda-bottom_left trained. Accuracy: 0.9734 (24.19 sec.)
2025-04-28 15:59:41 - INFO - Training model: top_right-original-bottom_right-top_left
2025-04-28 16:00:02 - INFO - Model top_right-original-bottom_right-top_left completed in 21.62 seconds.
2025-04-28 16:00:02 - INFO - >>> Model top_right-original-bottom_right-top_left trained. Accuracy: 0.9739 (21.62 sec.)
2025-04-28 16:00:02 - INFO - Training model: top_right-original-bottom_right-tda
2025-04-28 16:00:31 - INFO - Model top_right-original-bottom_right-tda completed in 28.80 seconds.
2025-04-28 16:00:31 - INFO - >>> Model top_right-original-bottom_right-tda trained. Accuracy: 0.9766 (28.80 sec.)
2025-04-28 16:00:31 - INFO - Training model: top_right-original-bottom_right-bottom_left
2025-04-28 16:00:53 - INFO - Model top_right-original-bottom_right-bottom_left completed in 21.99 seconds.
2025-04-28 16:00:53 - INFO - >>> Model top_right-original-bottom_right-bottom_left trained. Accuracy: 0.9702 (21.99 sec.)
2025-04-28 16:00:53 - INFO - Training model: top_right-original-top_left-tda
2025-04-28 16:01:22 - INFO - Model top_right-original-top_left-tda completed in 28.51 seconds.
2025-04-28 16:01:22 - INFO - >>> Model top_right-original-top_left-tda trained. Accuracy: 0.9771 (28.51 sec.)
2025-04-28 16:01:22 - INFO - Training model: top_right-original-top_left-bottom_left
2025-04-28 16:01:43 - INFO - Model top_right-original-top_left-bottom_left completed in 21.47 seconds.
2025-04-28 16:01:43 - INFO - >>> Model top_right-original-top_left-bottom_left trained. Accuracy: 0.9721 (21.47 sec.)
2025-04-28 16:01:43 - INFO - Training model: top_right-original-tda-bottom_left
2025-04-28 16:02:12 - INFO - Model top_right-original-tda-bottom_left completed in 29.11 seconds.
2025-04-28 16:02:12 - INFO - >>> Model top_right-original-tda-bottom_left trained. Accuracy: 0.9758 (29.11 sec.)
2025-04-28 16:02:12 - INFO - Training model: bottom_right-original-top_left-tda
2025-04-28 16:02:41 - INFO - Model bottom_right-original-top_left-tda completed in 28.73 seconds.
2025-04-28 16:02:41 - INFO - >>> Model bottom_right-original-top_left-tda trained. Accuracy: 0.9777 (28.73 sec.)
2025-04-28 16:02:41 - INFO - Training model: bottom_right-original-top_left-bottom_left
2025-04-28 16:03:02 - INFO - Model bottom_right-original-top_left-bottom_left completed in 21.32 seconds.
2025-04-28 16:03:02 - INFO - >>> Model bottom_right-original-top_left-bottom_left trained. Accuracy: 0.9722 (21.32 sec.)
2025-04-28 16:03:02 - INFO - Training model: bottom_right-original-tda-bottom_left
2025-04-28 16:03:31 - INFO - Model bottom_right-original-tda-bottom_left completed in 28.88 seconds.
2025-04-28 16:03:31 - INFO - >>> Model bottom_right-original-tda-bottom_left trained. Accuracy: 0.9751 (28.88 sec.)
2025-04-28 16:03:31 - INFO - Training model: original-top_left-tda-bottom_left
2025-04-28 16:03:59 - INFO - Model original-top_left-tda-bottom_left completed in 28.04 seconds.
2025-04-28 16:03:59 - INFO - >>> Model original-top_left-tda-bottom_left trained. Accuracy: 0.9754 (28.04 sec.)
2025-04-28 16:03:59 - INFO - Training model: top_right-original-bottom_right-top_left-tda
2025-04-28 16:04:33 - INFO - Model top_right-original-bottom_right-top_left-tda completed in 33.30 seconds.
2025-04-28 16:04:33 - INFO - >>> Model top_right-original-bottom_right-top_left-tda trained. Accuracy: 0.9775 (33.30 sec.)
2025-04-28 16:04:33 - INFO - Training model: top_right-original-bottom_right-top_left-bottom_left
2025-04-28 16:04:58 - INFO - Model top_right-original-bottom_right-top_left-bottom_left completed in 25.95 seconds.
2025-04-28 16:04:58 - INFO - >>> Model top_right-original-bottom_right-top_left-bottom_left trained. Accuracy: 0.9743 (25.95 sec.)
2025-04-28 16:04:58 - INFO - Training model: top_right-original-bottom_right-tda-bottom_left
2025-04-28 16:05:32 - INFO - Model top_right-original-bottom_right-tda-bottom_left completed in 33.20 seconds.
2025-04-28 16:05:32 - INFO - >>> Model top_right-original-bottom_right-tda-bottom_left trained. Accuracy: 0.9781 (33.20 sec.)
2025-04-28 16:05:32 - INFO - Training model: top_right-original-top_left-tda-bottom_left
2025-04-28 16:06:05 - INFO - Model top_right-original-top_left-tda-bottom_left completed in 32.85 seconds.
2025-04-28 16:06:05 - INFO - >>> Model top_right-original-top_left-tda-bottom_left trained. Accuracy: 0.9773 (32.85 sec.)
2025-04-28 16:06:05 - INFO - Training model: original-bottom_right-top_left-tda-bottom_left
2025-04-28 16:06:38 - INFO - Model original-bottom_right-top_left-tda-bottom_left completed in 32.99 seconds.
2025-04-28 16:06:38 - INFO - >>> Model original-bottom_right-top_left-tda-bottom_left trained. Accuracy: 0.9774 (32.99 sec.)
2025-04-28 16:06:38 - INFO - Training model: top_right-original-bottom_right-top_left-tda-bottom_left
2025-04-28 16:07:15 - INFO - Model top_right-original-bottom_right-top_left-tda-bottom_left completed in 37.73 seconds.
2025-04-28 16:07:15 - INFO - >>> Model top_right-original-bottom_right-top_left-tda-bottom_left trained. Accuracy: 0.9799 (37.73 sec.)
2025-04-28 16:07:15 - INFO - All models trained successfully.
2025-04-28 16:07:15 - INFO - ========== [Model Training Completed] in 12.14 minutes ==========
2025-04-28 16:07:15 - INFO - ========== [Experiment Training Complete] ==========
2025-04-28 16:07:15 - INFO - Results saved to /home/jovyan/Workspace/workspace_mnist/results/exp_noise_lines_30_trainsplit_vary_noise/experiment_trainsize_predictions_2025-04-28_16-07-15.json
2025-04-28 16:07:15 - INFO - Results successfully saved to /home/jovyan/Workspace/workspace_mnist/results/exp_noise_lines_30_trainsplit_vary_noise/experiment_trainsize_predictions_2025-04-28_16-07-15.json
2025-04-28 16:07:15 - INFO - Forced Garbage collection executed to Free Memory.
2025-04-28 16:07:15 - INFO - ========== [Experiment Completed] in 26.53 minutes ==========
