2025-04-28 08:58:46 - INFO - Logging initialized.
 Writing to /home/jovyan/Workspace/workspace_mnist/logs/exp_noise_lines_30_trainsplit_vary_noise/experiment_logs_2025-04-28_08-58-46.log
2025-04-28 08:58:46 - INFO - ========== [Experiment Start] ==========
2025-04-28 08:58:46 - INFO - Views combinations successfully generated.
2025-04-28 08:58:46 - INFO - Topological Data Analysis pipeline generated.
2025-04-28 08:58:46 - INFO - Folder to save results has been created.
2025-04-28 08:58:46 - INFO - Reading dataset from mnist_784.csv (chunk size: 70000).
2025-04-28 08:58:47 - INFO - Starting multiview data preparation for a chunk of size (70000, 784)...
2025-04-28 08:58:47 - INFO - Running using 20 jobs.
2025-04-28 08:58:47 - INFO - Contaminating dataset with lines, quantity=25, transparency=1.0.
2025-04-28 08:58:59 - INFO - Splitting data: 50.0% train / 20.0% test (random_state=701363565)
2025-04-28 08:58:59 - INFO - Using full training data without second split.
2025-04-28 08:58:59 - INFO - Data split complete. Train size: (56000, 784), Test size: (14000, 784)
2025-04-28 08:58:59 - INFO - Reshaping train and test data into square images...
2025-04-28 08:58:59 - INFO - Reshaping complete. Train images shape: (56000, 28, 28), Test images shape: (14000, 28, 28)
2025-04-28 08:58:59 - INFO - Splitting images into quadrant views...
2025-04-28 08:58:59 - INFO - Quadrant view splitting complete. Train views: 4, Test views: 4
2025-04-28 08:58:59 - INFO - Saving sample images for each view...
2025-04-28 08:58:59 - INFO - Sample views saved successfully.
2025-04-28 08:58:59 - INFO - Starting TDA pipeline transformation on train data...
2025-04-28 09:09:41 - INFO - TDA transformation for train completed (10.70 minutes).
2025-04-28 09:09:41 - INFO - Applying TDA pipeline transformation on test data...
2025-04-28 09:12:17 - INFO - TDA transformation for test completed (2.61 minutes).
2025-04-28 09:12:17 - INFO - ========== [Model Training Start] ==========
2025-04-28 09:12:17 - INFO - Training model: original
2025-04-28 09:12:19 - INFO - Model original completed in 2.00 seconds.
2025-04-28 09:12:19 - INFO - >>> Model original trained. Accuracy: 0.8769 (2.00 sec.)
2025-04-28 09:12:19 - INFO - Training model: top_right-original
2025-04-28 09:12:35 - INFO - Model top_right-original completed in 15.66 seconds.
2025-04-28 09:12:35 - INFO - >>> Model top_right-original trained. Accuracy: 0.8958 (15.66 sec.)
2025-04-28 09:12:35 - INFO - Training model: bottom_right-original
2025-04-28 09:12:50 - INFO - Model bottom_right-original completed in 15.62 seconds.
2025-04-28 09:12:50 - INFO - >>> Model bottom_right-original trained. Accuracy: 0.8906 (15.62 sec.)
2025-04-28 09:12:50 - INFO - Training model: original-top_left
2025-04-28 09:13:06 - INFO - Model original-top_left completed in 15.09 seconds.
2025-04-28 09:13:06 - INFO - >>> Model original-top_left trained. Accuracy: 0.8911 (15.09 sec.)
2025-04-28 09:13:06 - INFO - Training model: original-tda
2025-04-28 09:13:37 - INFO - Model original-tda completed in 31.79 seconds.
2025-04-28 09:13:37 - INFO - >>> Model original-tda trained. Accuracy: 0.8793 (31.79 sec.)
2025-04-28 09:13:37 - INFO - Training model: original-bottom_left
2025-04-28 09:13:52 - INFO - Model original-bottom_left completed in 14.74 seconds.
2025-04-28 09:13:52 - INFO - >>> Model original-bottom_left trained. Accuracy: 0.8868 (14.74 sec.)
2025-04-28 09:13:52 - INFO - Training model: top_right-original-bottom_right
2025-04-28 09:14:12 - INFO - Model top_right-original-bottom_right completed in 19.99 seconds.
2025-04-28 09:14:12 - INFO - >>> Model top_right-original-bottom_right trained. Accuracy: 0.9021 (19.99 sec.)
2025-04-28 09:14:12 - INFO - Training model: top_right-original-top_left
2025-04-28 09:14:32 - INFO - Model top_right-original-top_left completed in 19.96 seconds.
2025-04-28 09:14:32 - INFO - >>> Model top_right-original-top_left trained. Accuracy: 0.9056 (19.96 sec.)
2025-04-28 09:14:32 - INFO - Training model: top_right-original-tda
2025-04-28 09:15:09 - INFO - Model top_right-original-tda completed in 36.74 seconds.
2025-04-28 09:15:09 - INFO - >>> Model top_right-original-tda trained. Accuracy: 0.8906 (36.74 sec.)
2025-04-28 09:15:09 - INFO - Training model: top_right-original-bottom_left
2025-04-28 09:15:29 - INFO - Model top_right-original-bottom_left completed in 20.28 seconds.
2025-04-28 09:15:29 - INFO - >>> Model top_right-original-bottom_left trained. Accuracy: 0.9007 (20.28 sec.)
2025-04-28 09:15:29 - INFO - Training model: bottom_right-original-top_left
2025-04-28 09:15:49 - INFO - Model bottom_right-original-top_left completed in 19.58 seconds.
2025-04-28 09:15:49 - INFO - >>> Model bottom_right-original-top_left trained. Accuracy: 0.8983 (19.58 sec.)
2025-04-28 09:15:49 - INFO - Training model: bottom_right-original-tda
2025-04-28 09:16:27 - INFO - Model bottom_right-original-tda completed in 38.18 seconds.
2025-04-28 09:16:27 - INFO - >>> Model bottom_right-original-tda trained. Accuracy: 0.8862 (38.18 sec.)
2025-04-28 09:16:27 - INFO - Training model: bottom_right-original-bottom_left
2025-04-28 09:16:47 - INFO - Model bottom_right-original-bottom_left completed in 20.39 seconds.
2025-04-28 09:16:47 - INFO - >>> Model bottom_right-original-bottom_left trained. Accuracy: 0.8933 (20.39 sec.)
2025-04-28 09:16:47 - INFO - Training model: original-top_left-tda
2025-04-28 09:17:25 - INFO - Model original-top_left-tda completed in 37.34 seconds.
2025-04-28 09:17:25 - INFO - >>> Model original-top_left-tda trained. Accuracy: 0.8879 (37.34 sec.)
2025-04-28 09:17:25 - INFO - Training model: original-top_left-bottom_left
2025-04-28 09:17:44 - INFO - Model original-top_left-bottom_left completed in 19.85 seconds.
2025-04-28 09:17:44 - INFO - >>> Model original-top_left-bottom_left trained. Accuracy: 0.8972 (19.85 sec.)
2025-04-28 09:17:44 - INFO - Training model: original-tda-bottom_left
2025-04-28 09:18:22 - INFO - Model original-tda-bottom_left completed in 37.56 seconds.
2025-04-28 09:18:22 - INFO - >>> Model original-tda-bottom_left trained. Accuracy: 0.8854 (37.56 sec.)
2025-04-28 09:18:22 - INFO - Training model: top_right-original-bottom_right-top_left
2025-04-28 09:18:47 - INFO - Model top_right-original-bottom_right-top_left completed in 24.52 seconds.
2025-04-28 09:18:47 - INFO - >>> Model top_right-original-bottom_right-top_left trained. Accuracy: 0.9129 (24.52 sec.)
2025-04-28 09:18:47 - INFO - Training model: top_right-original-bottom_right-tda
2025-04-28 09:19:30 - INFO - Model top_right-original-bottom_right-tda completed in 43.86 seconds.
2025-04-28 09:19:30 - INFO - >>> Model top_right-original-bottom_right-tda trained. Accuracy: 0.9003 (43.86 sec.)
2025-04-28 09:19:30 - INFO - Training model: top_right-original-bottom_right-bottom_left
2025-04-28 09:19:56 - INFO - Model top_right-original-bottom_right-bottom_left completed in 25.61 seconds.
2025-04-28 09:19:56 - INFO - >>> Model top_right-original-bottom_right-bottom_left trained. Accuracy: 0.9113 (25.61 sec.)
2025-04-28 09:19:56 - INFO - Training model: top_right-original-top_left-tda
2025-04-28 09:20:38 - INFO - Model top_right-original-top_left-tda completed in 42.28 seconds.
2025-04-28 09:20:38 - INFO - >>> Model top_right-original-top_left-tda trained. Accuracy: 0.9041 (42.28 sec.)
2025-04-28 09:20:38 - INFO - Training model: top_right-original-top_left-bottom_left
2025-04-28 09:21:02 - INFO - Model top_right-original-top_left-bottom_left completed in 24.03 seconds.
2025-04-28 09:21:02 - INFO - >>> Model top_right-original-top_left-bottom_left trained. Accuracy: 0.9151 (24.03 sec.)
2025-04-28 09:21:02 - INFO - Training model: top_right-original-tda-bottom_left
2025-04-28 09:21:45 - INFO - Model top_right-original-tda-bottom_left completed in 42.51 seconds.
2025-04-28 09:21:45 - INFO - >>> Model top_right-original-tda-bottom_left trained. Accuracy: 0.8993 (42.51 sec.)
2025-04-28 09:21:45 - INFO - Training model: bottom_right-original-top_left-tda
2025-04-28 09:22:27 - INFO - Model bottom_right-original-top_left-tda completed in 42.36 seconds.
2025-04-28 09:22:27 - INFO - >>> Model bottom_right-original-top_left-tda trained. Accuracy: 0.8974 (42.36 sec.)
2025-04-28 09:22:27 - INFO - Training model: bottom_right-original-top_left-bottom_left
2025-04-28 09:22:52 - INFO - Model bottom_right-original-top_left-bottom_left completed in 24.53 seconds.
2025-04-28 09:22:52 - INFO - >>> Model bottom_right-original-top_left-bottom_left trained. Accuracy: 0.9061 (24.53 sec.)
2025-04-28 09:22:52 - INFO - Training model: bottom_right-original-tda-bottom_left
2025-04-28 09:23:34 - INFO - Model bottom_right-original-tda-bottom_left completed in 42.44 seconds.
2025-04-28 09:23:34 - INFO - >>> Model bottom_right-original-tda-bottom_left trained. Accuracy: 0.8920 (42.44 sec.)
2025-04-28 09:23:34 - INFO - Training model: original-top_left-tda-bottom_left
2025-04-28 09:24:16 - INFO - Model original-top_left-tda-bottom_left completed in 41.72 seconds.
2025-04-28 09:24:16 - INFO - >>> Model original-top_left-tda-bottom_left trained. Accuracy: 0.8964 (41.72 sec.)
2025-04-28 09:24:16 - INFO - Training model: top_right-original-bottom_right-top_left-tda
2025-04-28 09:25:04 - INFO - Model top_right-original-bottom_right-top_left-tda completed in 48.41 seconds.
2025-04-28 09:25:04 - INFO - >>> Model top_right-original-bottom_right-top_left-tda trained. Accuracy: 0.9111 (48.41 sec.)
2025-04-28 09:25:04 - INFO - Training model: top_right-original-bottom_right-top_left-bottom_left
2025-04-28 09:25:37 - INFO - Model top_right-original-bottom_right-top_left-bottom_left completed in 32.27 seconds.
2025-04-28 09:25:37 - INFO - >>> Model top_right-original-bottom_right-top_left-bottom_left trained. Accuracy: 0.9206 (32.27 sec.)
2025-04-28 09:25:37 - INFO - Training model: top_right-original-bottom_right-tda-bottom_left
2025-04-28 09:26:26 - INFO - Model top_right-original-bottom_right-tda-bottom_left completed in 49.46 seconds.
2025-04-28 09:26:26 - INFO - >>> Model top_right-original-bottom_right-tda-bottom_left trained. Accuracy: 0.9097 (49.46 sec.)
2025-04-28 09:26:26 - INFO - Training model: top_right-original-top_left-tda-bottom_left
2025-04-28 09:27:15 - INFO - Model top_right-original-top_left-tda-bottom_left completed in 49.08 seconds.
2025-04-28 09:27:15 - INFO - >>> Model top_right-original-top_left-tda-bottom_left trained. Accuracy: 0.9115 (49.08 sec.)
2025-04-28 09:27:15 - INFO - Training model: original-bottom_right-top_left-tda-bottom_left
2025-04-28 09:28:03 - INFO - Model original-bottom_right-top_left-tda-bottom_left completed in 48.14 seconds.
2025-04-28 09:28:03 - INFO - >>> Model original-bottom_right-top_left-tda-bottom_left trained. Accuracy: 0.9034 (48.14 sec.)
2025-04-28 09:28:03 - INFO - Training model: top_right-original-bottom_right-top_left-tda-bottom_left
2025-04-28 09:28:58 - INFO - Model top_right-original-bottom_right-top_left-tda-bottom_left completed in 54.97 seconds.
2025-04-28 09:28:58 - INFO - >>> Model top_right-original-bottom_right-top_left-tda-bottom_left trained. Accuracy: 0.9206 (54.97 sec.)
2025-04-28 09:28:58 - INFO - All models trained successfully.
2025-04-28 09:28:58 - INFO - ========== [Model Training Completed] in 16.68 minutes ==========
2025-04-28 09:28:58 - INFO - ========== [Experiment Training Complete] ==========
2025-04-28 09:28:58 - INFO - Results saved to /home/jovyan/Workspace/workspace_mnist/results/exp_noise_lines_30_trainsplit_vary_noise/experiment_trainsize_predictions_2025-04-28_09-28-58.json
2025-04-28 09:28:58 - INFO - Results successfully saved to /home/jovyan/Workspace/workspace_mnist/results/exp_noise_lines_30_trainsplit_vary_noise/experiment_trainsize_predictions_2025-04-28_09-28-58.json
2025-04-28 09:28:58 - INFO - Forced Garbage collection executed to Free Memory.
2025-04-28 09:28:58 - INFO - ========== [Experiment Completed] in 30.20 minutes ==========
