2025-05-02 13:45:54 - INFO - Logging initialized.
 Writing to /home/jovyan/Workspace/workspace_mnist/logs/exp_noise_lines_30_trainsplit_vary_noise/experiment_logs_2025-05-02_13-45-54.log
2025-05-02 13:45:54 - INFO - ========== [Experiment Start] ==========
2025-05-02 13:45:54 - INFO - Views combinations successfully generated.
2025-05-02 13:45:54 - INFO - Topological Data Analysis pipeline generated.
2025-05-02 13:45:54 - INFO - Folder to save results has been created.
2025-05-02 13:45:54 - INFO - Reading dataset from mnist_784.csv (chunk size: 70000).
2025-05-02 13:45:55 - INFO - Starting multiview data preparation for a chunk of size (70000, 784)...
2025-05-02 13:45:55 - INFO - Running using 20 jobs.
2025-05-02 13:45:55 - INFO - Contaminating dataset with lines, quantity=25, transparency=1.0.
2025-05-02 13:46:07 - INFO - Splitting data: 50.0% train / 20.0% test (random_state=248065843)
2025-05-02 13:46:07 - INFO - Using full training data without second split.
2025-05-02 13:46:07 - INFO - Data split complete. Train size: (56000, 784), Test size: (14000, 784)
2025-05-02 13:46:07 - INFO - Reshaping train and test data into square images...
2025-05-02 13:46:07 - INFO - Reshaping complete. Train images shape: (56000, 28, 28), Test images shape: (14000, 28, 28)
2025-05-02 13:46:07 - INFO - Splitting images into quadrant views...
2025-05-02 13:46:07 - INFO - Quadrant view splitting complete. Train views: 4, Test views: 4
2025-05-02 13:46:07 - INFO - Saving sample images for each view...
2025-05-02 13:46:07 - INFO - Sample views saved successfully.
2025-05-02 13:46:07 - INFO - Starting TDA pipeline transformation on train data...
2025-05-02 13:56:33 - INFO - TDA transformation for train completed (10.44 minutes).
2025-05-02 13:56:33 - INFO - Applying TDA pipeline transformation on test data...
2025-05-02 13:59:07 - INFO - TDA transformation for test completed (2.56 minutes).
2025-05-02 13:59:07 - INFO - ========== [Model Training Start] ==========
2025-05-02 13:59:07 - INFO - Training model: original
2025-05-02 13:59:09 - INFO - Model original completed in 1.92 seconds.
2025-05-02 13:59:09 - INFO - >>> Model original trained. Accuracy: 0.8772 (1.92 sec.)
2025-05-02 13:59:09 - INFO - Training model: top_right-original
2025-05-02 13:59:25 - INFO - Model top_right-original completed in 15.75 seconds.
2025-05-02 13:59:25 - INFO - >>> Model top_right-original trained. Accuracy: 0.8958 (15.75 sec.)
2025-05-02 13:59:25 - INFO - Training model: bottom_right-original
2025-05-02 13:59:40 - INFO - Model bottom_right-original completed in 15.60 seconds.
2025-05-02 13:59:40 - INFO - >>> Model bottom_right-original trained. Accuracy: 0.8900 (15.60 sec.)
2025-05-02 13:59:40 - INFO - Training model: original-top_left
2025-05-02 13:59:56 - INFO - Model original-top_left completed in 15.15 seconds.
2025-05-02 13:59:56 - INFO - >>> Model original-top_left trained. Accuracy: 0.8929 (15.15 sec.)
2025-05-02 13:59:56 - INFO - Training model: original-tda
2025-05-02 14:00:30 - INFO - Model original-tda completed in 34.14 seconds.
2025-05-02 14:00:30 - INFO - >>> Model original-tda trained. Accuracy: 0.8788 (34.14 sec.)
2025-05-02 14:00:30 - INFO - Training model: original-bottom_left
2025-05-02 14:00:45 - INFO - Model original-bottom_left completed in 15.40 seconds.
2025-05-02 14:00:45 - INFO - >>> Model original-bottom_left trained. Accuracy: 0.8901 (15.40 sec.)
2025-05-02 14:00:45 - INFO - Training model: top_right-original-bottom_right
2025-05-02 14:01:06 - INFO - Model top_right-original-bottom_right completed in 21.09 seconds.
2025-05-02 14:01:06 - INFO - >>> Model top_right-original-bottom_right trained. Accuracy: 0.9039 (21.09 sec.)
2025-05-02 14:01:06 - INFO - Training model: top_right-original-top_left
2025-05-02 14:01:27 - INFO - Model top_right-original-top_left completed in 20.63 seconds.
2025-05-02 14:01:27 - INFO - >>> Model top_right-original-top_left trained. Accuracy: 0.9049 (20.63 sec.)
2025-05-02 14:01:27 - INFO - Training model: top_right-original-tda
2025-05-02 14:02:05 - INFO - Model top_right-original-tda completed in 38.61 seconds.
2025-05-02 14:02:05 - INFO - >>> Model top_right-original-tda trained. Accuracy: 0.8941 (38.61 sec.)
2025-05-02 14:02:05 - INFO - Training model: top_right-original-bottom_left
2025-05-02 14:02:27 - INFO - Model top_right-original-bottom_left completed in 21.29 seconds.
2025-05-02 14:02:27 - INFO - >>> Model top_right-original-bottom_left trained. Accuracy: 0.9054 (21.29 sec.)
2025-05-02 14:02:27 - INFO - Training model: bottom_right-original-top_left
2025-05-02 14:02:48 - INFO - Model bottom_right-original-top_left completed in 21.14 seconds.
2025-05-02 14:02:48 - INFO - >>> Model bottom_right-original-top_left trained. Accuracy: 0.9005 (21.14 sec.)
2025-05-02 14:02:48 - INFO - Training model: bottom_right-original-tda
2025-05-02 14:03:27 - INFO - Model bottom_right-original-tda completed in 38.91 seconds.
2025-05-02 14:03:27 - INFO - >>> Model bottom_right-original-tda trained. Accuracy: 0.8872 (38.91 sec.)
2025-05-02 14:03:27 - INFO - Training model: bottom_right-original-bottom_left
2025-05-02 14:03:48 - INFO - Model bottom_right-original-bottom_left completed in 21.47 seconds.
2025-05-02 14:03:48 - INFO - >>> Model bottom_right-original-bottom_left trained. Accuracy: 0.8986 (21.47 sec.)
2025-05-02 14:03:48 - INFO - Training model: original-top_left-tda
2025-05-02 14:04:27 - INFO - Model original-top_left-tda completed in 38.30 seconds.
2025-05-02 14:04:27 - INFO - >>> Model original-top_left-tda trained. Accuracy: 0.8898 (38.30 sec.)
2025-05-02 14:04:27 - INFO - Training model: original-top_left-bottom_left
2025-05-02 14:04:48 - INFO - Model original-top_left-bottom_left completed in 20.98 seconds.
2025-05-02 14:04:48 - INFO - >>> Model original-top_left-bottom_left trained. Accuracy: 0.9005 (20.98 sec.)
2025-05-02 14:04:48 - INFO - Training model: original-tda-bottom_left
2025-05-02 14:05:26 - INFO - Model original-tda-bottom_left completed in 38.50 seconds.
2025-05-02 14:05:26 - INFO - >>> Model original-tda-bottom_left trained. Accuracy: 0.8850 (38.50 sec.)
2025-05-02 14:05:26 - INFO - Training model: top_right-original-bottom_right-top_left
2025-05-02 14:05:53 - INFO - Model top_right-original-bottom_right-top_left completed in 26.93 seconds.
2025-05-02 14:05:53 - INFO - >>> Model top_right-original-bottom_right-top_left trained. Accuracy: 0.9173 (26.93 sec.)
2025-05-02 14:05:53 - INFO - Training model: top_right-original-bottom_right-tda
2025-05-02 14:06:38 - INFO - Model top_right-original-bottom_right-tda completed in 44.92 seconds.
2025-05-02 14:06:38 - INFO - >>> Model top_right-original-bottom_right-tda trained. Accuracy: 0.9031 (44.92 sec.)
2025-05-02 14:06:38 - INFO - Training model: top_right-original-bottom_right-bottom_left
2025-05-02 14:07:05 - INFO - Model top_right-original-bottom_right-bottom_left completed in 27.49 seconds.
2025-05-02 14:07:05 - INFO - >>> Model top_right-original-bottom_right-bottom_left trained. Accuracy: 0.9126 (27.49 sec.)
2025-05-02 14:07:05 - INFO - Training model: top_right-original-top_left-tda
2025-05-02 14:07:50 - INFO - Model top_right-original-top_left-tda completed in 44.60 seconds.
2025-05-02 14:07:50 - INFO - >>> Model top_right-original-top_left-tda trained. Accuracy: 0.9023 (44.60 sec.)
2025-05-02 14:07:50 - INFO - Training model: top_right-original-top_left-bottom_left
2025-05-02 14:08:16 - INFO - Model top_right-original-top_left-bottom_left completed in 25.90 seconds.
2025-05-02 14:08:16 - INFO - >>> Model top_right-original-top_left-bottom_left trained. Accuracy: 0.9150 (25.90 sec.)
2025-05-02 14:08:16 - INFO - Training model: top_right-original-tda-bottom_left
2025-05-02 14:09:00 - INFO - Model top_right-original-tda-bottom_left completed in 44.34 seconds.
2025-05-02 14:09:00 - INFO - >>> Model top_right-original-tda-bottom_left trained. Accuracy: 0.9023 (44.34 sec.)
2025-05-02 14:09:00 - INFO - Training model: bottom_right-original-top_left-tda
2025-05-02 14:09:45 - INFO - Model bottom_right-original-top_left-tda completed in 44.35 seconds.
2025-05-02 14:09:45 - INFO - >>> Model bottom_right-original-top_left-tda trained. Accuracy: 0.8994 (44.35 sec.)
2025-05-02 14:09:45 - INFO - Training model: bottom_right-original-top_left-bottom_left
2025-05-02 14:10:11 - INFO - Model bottom_right-original-top_left-bottom_left completed in 26.31 seconds.
2025-05-02 14:10:11 - INFO - >>> Model bottom_right-original-top_left-bottom_left trained. Accuracy: 0.9130 (26.31 sec.)
2025-05-02 14:10:11 - INFO - Training model: bottom_right-original-tda-bottom_left
2025-05-02 14:10:55 - INFO - Model bottom_right-original-tda-bottom_left completed in 44.19 seconds.
2025-05-02 14:10:55 - INFO - >>> Model bottom_right-original-tda-bottom_left trained. Accuracy: 0.8951 (44.19 sec.)
2025-05-02 14:10:55 - INFO - Training model: original-top_left-tda-bottom_left
2025-05-02 14:11:38 - INFO - Model original-top_left-tda-bottom_left completed in 42.98 seconds.
2025-05-02 14:11:38 - INFO - >>> Model original-top_left-tda-bottom_left trained. Accuracy: 0.8979 (42.98 sec.)
2025-05-02 14:11:38 - INFO - Training model: top_right-original-bottom_right-top_left-tda
2025-05-02 14:12:28 - INFO - Model top_right-original-bottom_right-top_left-tda completed in 50.04 seconds.
2025-05-02 14:12:28 - INFO - >>> Model top_right-original-bottom_right-top_left-tda trained. Accuracy: 0.9136 (50.04 sec.)
2025-05-02 14:12:28 - INFO - Training model: top_right-original-bottom_right-top_left-bottom_left
2025-05-02 14:13:00 - INFO - Model top_right-original-bottom_right-top_left-bottom_left completed in 31.90 seconds.
2025-05-02 14:13:00 - INFO - >>> Model top_right-original-bottom_right-top_left-bottom_left trained. Accuracy: 0.9256 (31.90 sec.)
2025-05-02 14:13:00 - INFO - Training model: top_right-original-bottom_right-tda-bottom_left
2025-05-02 14:13:50 - INFO - Model top_right-original-bottom_right-tda-bottom_left completed in 50.03 seconds.
2025-05-02 14:13:50 - INFO - >>> Model top_right-original-bottom_right-tda-bottom_left trained. Accuracy: 0.9119 (50.03 sec.)
2025-05-02 14:13:50 - INFO - Training model: top_right-original-top_left-tda-bottom_left
2025-05-02 14:14:40 - INFO - Model top_right-original-top_left-tda-bottom_left completed in 49.50 seconds.
2025-05-02 14:14:40 - INFO - >>> Model top_right-original-top_left-tda-bottom_left trained. Accuracy: 0.9124 (49.50 sec.)
2025-05-02 14:14:40 - INFO - Training model: original-bottom_right-top_left-tda-bottom_left
2025-05-02 14:15:29 - INFO - Model original-bottom_right-top_left-tda-bottom_left completed in 49.84 seconds.
2025-05-02 14:15:29 - INFO - >>> Model original-bottom_right-top_left-tda-bottom_left trained. Accuracy: 0.9085 (49.84 sec.)
2025-05-02 14:15:29 - INFO - Training model: top_right-original-bottom_right-top_left-tda-bottom_left
2025-05-02 14:16:25 - INFO - Model top_right-original-bottom_right-top_left-tda-bottom_left completed in 55.45 seconds.
2025-05-02 14:16:25 - INFO - >>> Model top_right-original-bottom_right-top_left-tda-bottom_left trained. Accuracy: 0.9227 (55.45 sec.)
2025-05-02 14:16:25 - INFO - All models trained successfully.
2025-05-02 14:16:25 - INFO - ========== [Model Training Completed] in 17.30 minutes ==========
2025-05-02 14:16:25 - INFO - ========== [Experiment Training Complete] ==========
2025-05-02 14:16:25 - INFO - Results saved to /home/jovyan/Workspace/workspace_mnist/results/exp_noise_lines_30_trainsplit_vary_noise/experiment_trainsize_predictions_2025-05-02_14-16-25.json
2025-05-02 14:16:25 - INFO - Results successfully saved to /home/jovyan/Workspace/workspace_mnist/results/exp_noise_lines_30_trainsplit_vary_noise/experiment_trainsize_predictions_2025-05-02_14-16-25.json
2025-05-02 14:16:25 - INFO - Forced Garbage collection executed to Free Memory.
2025-05-02 14:16:25 - INFO - ========== [Experiment Completed] in 30.51 minutes ==========
