2025-05-03 09:26:31 - INFO - Logging initialized.
 Writing to /home/jovyan/Workspace/workspace_mnist/logs/exp_noise_lines_30_trainsplit_vary_noise/experiment_logs_2025-05-03_09-26-31.log
2025-05-03 09:26:31 - INFO - ========== [Experiment Start] ==========
2025-05-03 09:26:31 - INFO - Views combinations successfully generated.
2025-05-03 09:26:31 - INFO - Topological Data Analysis pipeline generated.
2025-05-03 09:26:31 - INFO - Folder to save results has been created.
2025-05-03 09:26:31 - INFO - Reading dataset from mnist_784.csv (chunk size: 70000).
2025-05-03 09:26:32 - INFO - Starting multiview data preparation for a chunk of size (70000, 784)...
2025-05-03 09:26:32 - INFO - Running using 20 jobs.
2025-05-03 09:26:32 - INFO - Contaminating dataset with lines, quantity=1, transparency=1.0.
2025-05-03 09:26:36 - INFO - Splitting data: 50.0% train / 20.0% test (random_state=402417678)
2025-05-03 09:26:36 - INFO - Using full training data without second split.
2025-05-03 09:26:36 - INFO - Data split complete. Train size: (56000, 784), Test size: (14000, 784)
2025-05-03 09:26:36 - INFO - Reshaping train and test data into square images...
2025-05-03 09:26:36 - INFO - Reshaping complete. Train images shape: (56000, 28, 28), Test images shape: (14000, 28, 28)
2025-05-03 09:26:36 - INFO - Splitting images into quadrant views...
2025-05-03 09:26:36 - INFO - Quadrant view splitting complete. Train views: 4, Test views: 4
2025-05-03 09:26:36 - INFO - Saving sample images for each view...
2025-05-03 09:26:36 - INFO - Sample views saved successfully.
2025-05-03 09:26:36 - INFO - Starting TDA pipeline transformation on train data...
2025-05-03 09:38:00 - INFO - TDA transformation for train completed (11.40 minutes).
2025-05-03 09:38:00 - INFO - Applying TDA pipeline transformation on test data...
2025-05-03 09:40:42 - INFO - TDA transformation for test completed (2.71 minutes).
2025-05-03 09:40:42 - INFO - ========== [Model Training Start] ==========
2025-05-03 09:40:42 - INFO - Training model: original
2025-05-03 09:40:44 - INFO - Model original completed in 1.49 seconds.
2025-05-03 09:40:44 - INFO - >>> Model original trained. Accuracy: 0.9626 (1.49 sec.)
2025-05-03 09:40:44 - INFO - Training model: top_right-original
2025-05-03 09:40:56 - INFO - Model top_right-original completed in 12.49 seconds.
2025-05-03 09:40:56 - INFO - >>> Model top_right-original trained. Accuracy: 0.9654 (12.49 sec.)
2025-05-03 09:40:56 - INFO - Training model: bottom_right-original
2025-05-03 09:41:09 - INFO - Model bottom_right-original completed in 12.25 seconds.
2025-05-03 09:41:09 - INFO - >>> Model bottom_right-original trained. Accuracy: 0.9663 (12.25 sec.)
2025-05-03 09:41:09 - INFO - Training model: original-top_left
2025-05-03 09:41:20 - INFO - Model original-top_left completed in 11.86 seconds.
2025-05-03 09:41:20 - INFO - >>> Model original-top_left trained. Accuracy: 0.9658 (11.86 sec.)
2025-05-03 09:41:20 - INFO - Training model: original-tda
2025-05-03 09:41:40 - INFO - Model original-tda completed in 19.84 seconds.
2025-05-03 09:41:40 - INFO - >>> Model original-tda trained. Accuracy: 0.9708 (19.84 sec.)
2025-05-03 09:41:40 - INFO - Training model: original-bottom_left
2025-05-03 09:41:52 - INFO - Model original-bottom_left completed in 12.15 seconds.
2025-05-03 09:41:52 - INFO - >>> Model original-bottom_left trained. Accuracy: 0.9654 (12.15 sec.)
2025-05-03 09:41:52 - INFO - Training model: top_right-original-bottom_right
2025-05-03 09:42:09 - INFO - Model top_right-original-bottom_right completed in 16.48 seconds.
2025-05-03 09:42:09 - INFO - >>> Model top_right-original-bottom_right trained. Accuracy: 0.9684 (16.48 sec.)
2025-05-03 09:42:09 - INFO - Training model: top_right-original-top_left
2025-05-03 09:42:25 - INFO - Model top_right-original-top_left completed in 16.39 seconds.
2025-05-03 09:42:25 - INFO - >>> Model top_right-original-top_left trained. Accuracy: 0.9679 (16.39 sec.)
2025-05-03 09:42:25 - INFO - Training model: top_right-original-tda
2025-05-03 09:42:49 - INFO - Model top_right-original-tda completed in 23.92 seconds.
2025-05-03 09:42:49 - INFO - >>> Model top_right-original-tda trained. Accuracy: 0.9721 (23.92 sec.)
2025-05-03 09:42:49 - INFO - Training model: top_right-original-bottom_left
2025-05-03 09:43:06 - INFO - Model top_right-original-bottom_left completed in 16.98 seconds.
2025-05-03 09:43:06 - INFO - >>> Model top_right-original-bottom_left trained. Accuracy: 0.9684 (16.98 sec.)
2025-05-03 09:43:06 - INFO - Training model: bottom_right-original-top_left
2025-05-03 09:43:23 - INFO - Model bottom_right-original-top_left completed in 17.11 seconds.
2025-05-03 09:43:23 - INFO - >>> Model bottom_right-original-top_left trained. Accuracy: 0.9686 (17.11 sec.)
2025-05-03 09:43:23 - INFO - Training model: bottom_right-original-tda
2025-05-03 09:43:48 - INFO - Model bottom_right-original-tda completed in 24.49 seconds.
2025-05-03 09:43:48 - INFO - >>> Model bottom_right-original-tda trained. Accuracy: 0.9727 (24.49 sec.)
2025-05-03 09:43:48 - INFO - Training model: bottom_right-original-bottom_left
2025-05-03 09:44:05 - INFO - Model bottom_right-original-bottom_left completed in 16.79 seconds.
2025-05-03 09:44:05 - INFO - >>> Model bottom_right-original-bottom_left trained. Accuracy: 0.9684 (16.79 sec.)
2025-05-03 09:44:05 - INFO - Training model: original-top_left-tda
2025-05-03 09:44:29 - INFO - Model original-top_left-tda completed in 24.06 seconds.
2025-05-03 09:44:29 - INFO - >>> Model original-top_left-tda trained. Accuracy: 0.9721 (24.06 sec.)
2025-05-03 09:44:29 - INFO - Training model: original-top_left-bottom_left
2025-05-03 09:44:45 - INFO - Model original-top_left-bottom_left completed in 16.49 seconds.
2025-05-03 09:44:45 - INFO - >>> Model original-top_left-bottom_left trained. Accuracy: 0.9681 (16.49 sec.)
2025-05-03 09:44:45 - INFO - Training model: original-tda-bottom_left
2025-05-03 09:45:10 - INFO - Model original-tda-bottom_left completed in 24.70 seconds.
2025-05-03 09:45:10 - INFO - >>> Model original-tda-bottom_left trained. Accuracy: 0.9708 (24.70 sec.)
2025-05-03 09:45:10 - INFO - Training model: top_right-original-bottom_right-top_left
2025-05-03 09:45:31 - INFO - Model top_right-original-bottom_right-top_left completed in 21.08 seconds.
2025-05-03 09:45:31 - INFO - >>> Model top_right-original-bottom_right-top_left trained. Accuracy: 0.9706 (21.08 sec.)
2025-05-03 09:45:31 - INFO - Training model: top_right-original-bottom_right-tda
2025-05-03 09:46:00 - INFO - Model top_right-original-bottom_right-tda completed in 28.49 seconds.
2025-05-03 09:46:00 - INFO - >>> Model top_right-original-bottom_right-tda trained. Accuracy: 0.9742 (28.49 sec.)
2025-05-03 09:46:00 - INFO - Training model: top_right-original-bottom_right-bottom_left
2025-05-03 09:46:21 - INFO - Model top_right-original-bottom_right-bottom_left completed in 21.24 seconds.
2025-05-03 09:46:21 - INFO - >>> Model top_right-original-bottom_right-bottom_left trained. Accuracy: 0.9709 (21.24 sec.)
2025-05-03 09:46:21 - INFO - Training model: top_right-original-top_left-tda
2025-05-03 09:46:49 - INFO - Model top_right-original-top_left-tda completed in 28.60 seconds.
2025-05-03 09:46:49 - INFO - >>> Model top_right-original-top_left-tda trained. Accuracy: 0.9731 (28.60 sec.)
2025-05-03 09:46:49 - INFO - Training model: top_right-original-top_left-bottom_left
2025-05-03 09:47:10 - INFO - Model top_right-original-top_left-bottom_left completed in 20.71 seconds.
2025-05-03 09:47:10 - INFO - >>> Model top_right-original-top_left-bottom_left trained. Accuracy: 0.9707 (20.71 sec.)
2025-05-03 09:47:10 - INFO - Training model: top_right-original-tda-bottom_left
2025-05-03 09:47:39 - INFO - Model top_right-original-tda-bottom_left completed in 28.52 seconds.
2025-05-03 09:47:39 - INFO - >>> Model top_right-original-tda-bottom_left trained. Accuracy: 0.9747 (28.52 sec.)
2025-05-03 09:47:39 - INFO - Training model: bottom_right-original-top_left-tda
2025-05-03 09:48:07 - INFO - Model bottom_right-original-top_left-tda completed in 28.38 seconds.
2025-05-03 09:48:07 - INFO - >>> Model bottom_right-original-top_left-tda trained. Accuracy: 0.9739 (28.38 sec.)
2025-05-03 09:48:07 - INFO - Training model: bottom_right-original-top_left-bottom_left
2025-05-03 09:48:28 - INFO - Model bottom_right-original-top_left-bottom_left completed in 20.88 seconds.
2025-05-03 09:48:28 - INFO - >>> Model bottom_right-original-top_left-bottom_left trained. Accuracy: 0.9700 (20.88 sec.)
2025-05-03 09:48:28 - INFO - Training model: bottom_right-original-tda-bottom_left
2025-05-03 09:48:56 - INFO - Model bottom_right-original-tda-bottom_left completed in 28.39 seconds.
2025-05-03 09:48:56 - INFO - >>> Model bottom_right-original-tda-bottom_left trained. Accuracy: 0.9738 (28.39 sec.)
2025-05-03 09:48:56 - INFO - Training model: original-top_left-tda-bottom_left
2025-05-03 09:49:24 - INFO - Model original-top_left-tda-bottom_left completed in 28.03 seconds.
2025-05-03 09:49:24 - INFO - >>> Model original-top_left-tda-bottom_left trained. Accuracy: 0.9731 (28.03 sec.)
2025-05-03 09:49:24 - INFO - Training model: top_right-original-bottom_right-top_left-tda
2025-05-03 09:49:57 - INFO - Model top_right-original-bottom_right-top_left-tda completed in 32.66 seconds.
2025-05-03 09:49:57 - INFO - >>> Model top_right-original-bottom_right-top_left-tda trained. Accuracy: 0.9744 (32.66 sec.)
2025-05-03 09:49:57 - INFO - Training model: top_right-original-bottom_right-top_left-bottom_left
2025-05-03 09:50:23 - INFO - Model top_right-original-bottom_right-top_left-bottom_left completed in 25.69 seconds.
2025-05-03 09:50:23 - INFO - >>> Model top_right-original-bottom_right-top_left-bottom_left trained. Accuracy: 0.9738 (25.69 sec.)
2025-05-03 09:50:23 - INFO - Training model: top_right-original-bottom_right-tda-bottom_left
2025-05-03 09:50:56 - INFO - Model top_right-original-bottom_right-tda-bottom_left completed in 33.18 seconds.
2025-05-03 09:50:56 - INFO - >>> Model top_right-original-bottom_right-tda-bottom_left trained. Accuracy: 0.9762 (33.18 sec.)
2025-05-03 09:50:56 - INFO - Training model: top_right-original-top_left-tda-bottom_left
2025-05-03 09:51:29 - INFO - Model top_right-original-top_left-tda-bottom_left completed in 33.09 seconds.
2025-05-03 09:51:29 - INFO - >>> Model top_right-original-top_left-tda-bottom_left trained. Accuracy: 0.9746 (33.09 sec.)
2025-05-03 09:51:29 - INFO - Training model: original-bottom_right-top_left-tda-bottom_left
2025-05-03 09:52:02 - INFO - Model original-bottom_right-top_left-tda-bottom_left completed in 32.60 seconds.
2025-05-03 09:52:02 - INFO - >>> Model original-bottom_right-top_left-tda-bottom_left trained. Accuracy: 0.9744 (32.60 sec.)
2025-05-03 09:52:02 - INFO - Training model: top_right-original-bottom_right-top_left-tda-bottom_left
2025-05-03 09:52:39 - INFO - Model top_right-original-bottom_right-top_left-tda-bottom_left completed in 37.74 seconds.
2025-05-03 09:52:39 - INFO - >>> Model top_right-original-bottom_right-top_left-tda-bottom_left trained. Accuracy: 0.9766 (37.74 sec.)
2025-05-03 09:52:39 - INFO - All models trained successfully.
2025-05-03 09:52:39 - INFO - ========== [Model Training Completed] in 11.95 minutes ==========
2025-05-03 09:52:39 - INFO - ========== [Experiment Training Complete] ==========
2025-05-03 09:52:39 - INFO - Results saved to /home/jovyan/Workspace/workspace_mnist/results/exp_noise_lines_30_trainsplit_vary_noise/experiment_trainsize_predictions_2025-05-03_09-52-39.json
2025-05-03 09:52:39 - INFO - Results successfully saved to /home/jovyan/Workspace/workspace_mnist/results/exp_noise_lines_30_trainsplit_vary_noise/experiment_trainsize_predictions_2025-05-03_09-52-39.json
2025-05-03 09:52:39 - INFO - Forced Garbage collection executed to Free Memory.
2025-05-03 09:52:40 - INFO - ========== [Experiment Completed] in 26.15 minutes ==========
