2025-05-04 05:07:02 - INFO - Logging initialized.
 Writing to /home/jovyan/Workspace/workspace_mnist/logs/exp_noise_lines_30_trainsplit_vary_noise/experiment_logs_2025-05-04_05-07-02.log
2025-05-04 05:07:02 - INFO - ========== [Experiment Start] ==========
2025-05-04 05:07:02 - INFO - Views combinations successfully generated.
2025-05-04 05:07:02 - INFO - Topological Data Analysis pipeline generated.
2025-05-04 05:07:02 - INFO - Folder to save results has been created.
2025-05-04 05:07:02 - INFO - Reading dataset from mnist_784.csv (chunk size: 70000).
2025-05-04 05:07:03 - INFO - Starting multiview data preparation for a chunk of size (70000, 784)...
2025-05-04 05:07:03 - INFO - Running using 20 jobs.
2025-05-04 05:07:03 - INFO - Contaminating dataset with lines, quantity=29, transparency=1.0.
2025-05-04 05:07:16 - INFO - Splitting data: 50.0% train / 20.0% test (random_state=663904535)
2025-05-04 05:07:16 - INFO - Using full training data without second split.
2025-05-04 05:07:16 - INFO - Data split complete. Train size: (56000, 784), Test size: (14000, 784)
2025-05-04 05:07:16 - INFO - Reshaping train and test data into square images...
2025-05-04 05:07:16 - INFO - Reshaping complete. Train images shape: (56000, 28, 28), Test images shape: (14000, 28, 28)
2025-05-04 05:07:16 - INFO - Splitting images into quadrant views...
2025-05-04 05:07:16 - INFO - Quadrant view splitting complete. Train views: 4, Test views: 4
2025-05-04 05:07:16 - INFO - Saving sample images for each view...
2025-05-04 05:07:16 - INFO - Sample views saved successfully.
2025-05-04 05:07:16 - INFO - Starting TDA pipeline transformation on train data...
2025-05-04 05:18:15 - INFO - TDA transformation for train completed (10.98 minutes).
2025-05-04 05:18:15 - INFO - Applying TDA pipeline transformation on test data...
2025-05-04 05:20:44 - INFO - TDA transformation for test completed (2.48 minutes).
2025-05-04 05:20:44 - INFO - ========== [Model Training Start] ==========
2025-05-04 05:20:44 - INFO - Training model: original
2025-05-04 05:20:46 - INFO - Model original completed in 2.03 seconds.
2025-05-04 05:20:46 - INFO - >>> Model original trained. Accuracy: 0.8640 (2.03 sec.)
2025-05-04 05:20:46 - INFO - Training model: top_right-original
2025-05-04 05:21:02 - INFO - Model top_right-original completed in 16.32 seconds.
2025-05-04 05:21:02 - INFO - >>> Model top_right-original trained. Accuracy: 0.8824 (16.32 sec.)
2025-05-04 05:21:02 - INFO - Training model: bottom_right-original
2025-05-04 05:21:19 - INFO - Model bottom_right-original completed in 16.82 seconds.
2025-05-04 05:21:19 - INFO - >>> Model bottom_right-original trained. Accuracy: 0.8783 (16.82 sec.)
2025-05-04 05:21:19 - INFO - Training model: original-top_left
2025-05-04 05:21:35 - INFO - Model original-top_left completed in 15.84 seconds.
2025-05-04 05:21:35 - INFO - >>> Model original-top_left trained. Accuracy: 0.8819 (15.84 sec.)
2025-05-04 05:21:35 - INFO - Training model: original-tda
2025-05-04 05:22:09 - INFO - Model original-tda completed in 34.12 seconds.
2025-05-04 05:22:09 - INFO - >>> Model original-tda trained. Accuracy: 0.8664 (34.12 sec.)
2025-05-04 05:22:09 - INFO - Training model: original-bottom_left
2025-05-04 05:22:25 - INFO - Model original-bottom_left completed in 16.49 seconds.
2025-05-04 05:22:25 - INFO - >>> Model original-bottom_left trained. Accuracy: 0.8761 (16.49 sec.)
2025-05-04 05:22:25 - INFO - Training model: top_right-original-bottom_right
2025-05-04 05:22:47 - INFO - Model top_right-original-bottom_right completed in 22.03 seconds.
2025-05-04 05:22:47 - INFO - >>> Model top_right-original-bottom_right trained. Accuracy: 0.8922 (22.03 sec.)
2025-05-04 05:22:47 - INFO - Training model: top_right-original-top_left
2025-05-04 05:23:09 - INFO - Model top_right-original-top_left completed in 21.63 seconds.
2025-05-04 05:23:09 - INFO - >>> Model top_right-original-top_left trained. Accuracy: 0.8937 (21.63 sec.)
2025-05-04 05:23:09 - INFO - Training model: top_right-original-tda
2025-05-04 05:23:48 - INFO - Model top_right-original-tda completed in 38.95 seconds.
2025-05-04 05:23:48 - INFO - >>> Model top_right-original-tda trained. Accuracy: 0.8788 (38.95 sec.)
2025-05-04 05:23:48 - INFO - Training model: top_right-original-bottom_left
2025-05-04 05:24:10 - INFO - Model top_right-original-bottom_left completed in 22.00 seconds.
2025-05-04 05:24:10 - INFO - >>> Model top_right-original-bottom_left trained. Accuracy: 0.8903 (22.00 sec.)
2025-05-04 05:24:10 - INFO - Training model: bottom_right-original-top_left
2025-05-04 05:24:32 - INFO - Model bottom_right-original-top_left completed in 21.55 seconds.
2025-05-04 05:24:32 - INFO - >>> Model bottom_right-original-top_left trained. Accuracy: 0.8914 (21.55 sec.)
2025-05-04 05:24:32 - INFO - Training model: bottom_right-original-tda
2025-05-04 05:25:11 - INFO - Model bottom_right-original-tda completed in 39.52 seconds.
2025-05-04 05:25:11 - INFO - >>> Model bottom_right-original-tda trained. Accuracy: 0.8748 (39.52 sec.)
2025-05-04 05:25:11 - INFO - Training model: bottom_right-original-bottom_left
2025-05-04 05:25:33 - INFO - Model bottom_right-original-bottom_left completed in 22.30 seconds.
2025-05-04 05:25:33 - INFO - >>> Model bottom_right-original-bottom_left trained. Accuracy: 0.8855 (22.30 sec.)
2025-05-04 05:25:33 - INFO - Training model: original-top_left-tda
2025-05-04 05:26:13 - INFO - Model original-top_left-tda completed in 39.16 seconds.
2025-05-04 05:26:13 - INFO - >>> Model original-top_left-tda trained. Accuracy: 0.8772 (39.16 sec.)
2025-05-04 05:26:13 - INFO - Training model: original-top_left-bottom_left
2025-05-04 05:26:34 - INFO - Model original-top_left-bottom_left completed in 21.53 seconds.
2025-05-04 05:26:34 - INFO - >>> Model original-top_left-bottom_left trained. Accuracy: 0.8891 (21.53 sec.)
2025-05-04 05:26:34 - INFO - Training model: original-tda-bottom_left
2025-05-04 05:27:14 - INFO - Model original-tda-bottom_left completed in 39.58 seconds.
2025-05-04 05:27:14 - INFO - >>> Model original-tda-bottom_left trained. Accuracy: 0.8751 (39.58 sec.)
2025-05-04 05:27:14 - INFO - Training model: top_right-original-bottom_right-top_left
2025-05-04 05:27:41 - INFO - Model top_right-original-bottom_right-top_left completed in 27.54 seconds.
2025-05-04 05:27:41 - INFO - >>> Model top_right-original-bottom_right-top_left trained. Accuracy: 0.9035 (27.54 sec.)
2025-05-04 05:27:41 - INFO - Training model: top_right-original-bottom_right-tda
2025-05-04 05:28:26 - INFO - Model top_right-original-bottom_right-tda completed in 45.08 seconds.
2025-05-04 05:28:26 - INFO - >>> Model top_right-original-bottom_right-tda trained. Accuracy: 0.8896 (45.08 sec.)
2025-05-04 05:28:26 - INFO - Training model: top_right-original-bottom_right-bottom_left
2025-05-04 05:28:54 - INFO - Model top_right-original-bottom_right-bottom_left completed in 27.69 seconds.
2025-05-04 05:28:54 - INFO - >>> Model top_right-original-bottom_right-bottom_left trained. Accuracy: 0.8995 (27.69 sec.)
2025-05-04 05:28:54 - INFO - Training model: top_right-original-top_left-tda
2025-05-04 05:29:38 - INFO - Model top_right-original-top_left-tda completed in 44.37 seconds.
2025-05-04 05:29:38 - INFO - >>> Model top_right-original-top_left-tda trained. Accuracy: 0.8896 (44.37 sec.)
2025-05-04 05:29:38 - INFO - Training model: top_right-original-top_left-bottom_left
2025-05-04 05:30:06 - INFO - Model top_right-original-top_left-bottom_left completed in 27.86 seconds.
2025-05-04 05:30:06 - INFO - >>> Model top_right-original-top_left-bottom_left trained. Accuracy: 0.9068 (27.86 sec.)
2025-05-04 05:30:06 - INFO - Training model: top_right-original-tda-bottom_left
2025-05-04 05:30:51 - INFO - Model top_right-original-tda-bottom_left completed in 44.90 seconds.
2025-05-04 05:30:51 - INFO - >>> Model top_right-original-tda-bottom_left trained. Accuracy: 0.8879 (44.90 sec.)
2025-05-04 05:30:51 - INFO - Training model: bottom_right-original-top_left-tda
2025-05-04 05:31:36 - INFO - Model bottom_right-original-top_left-tda completed in 44.79 seconds.
2025-05-04 05:31:36 - INFO - >>> Model bottom_right-original-top_left-tda trained. Accuracy: 0.8876 (44.79 sec.)
2025-05-04 05:31:36 - INFO - Training model: bottom_right-original-top_left-bottom_left
2025-05-04 05:32:03 - INFO - Model bottom_right-original-top_left-bottom_left completed in 27.42 seconds.
2025-05-04 05:32:03 - INFO - >>> Model bottom_right-original-top_left-bottom_left trained. Accuracy: 0.8997 (27.42 sec.)
2025-05-04 05:32:03 - INFO - Training model: bottom_right-original-tda-bottom_left
2025-05-04 05:32:48 - INFO - Model bottom_right-original-tda-bottom_left completed in 44.76 seconds.
2025-05-04 05:32:48 - INFO - >>> Model bottom_right-original-tda-bottom_left trained. Accuracy: 0.8828 (44.76 sec.)
2025-05-04 05:32:48 - INFO - Training model: original-top_left-tda-bottom_left
2025-05-04 05:33:32 - INFO - Model original-top_left-tda-bottom_left completed in 44.04 seconds.
2025-05-04 05:33:32 - INFO - >>> Model original-top_left-tda-bottom_left trained. Accuracy: 0.8866 (44.04 sec.)
2025-05-04 05:33:32 - INFO - Training model: top_right-original-bottom_right-top_left-tda
2025-05-04 05:34:22 - INFO - Model top_right-original-bottom_right-top_left-tda completed in 50.23 seconds.
2025-05-04 05:34:22 - INFO - >>> Model top_right-original-bottom_right-top_left-tda trained. Accuracy: 0.9014 (50.23 sec.)
2025-05-04 05:34:22 - INFO - Training model: top_right-original-bottom_right-top_left-bottom_left
2025-05-04 05:34:56 - INFO - Model top_right-original-bottom_right-top_left-bottom_left completed in 33.28 seconds.
2025-05-04 05:34:56 - INFO - >>> Model top_right-original-bottom_right-top_left-bottom_left trained. Accuracy: 0.9141 (33.28 sec.)
2025-05-04 05:34:56 - INFO - Training model: top_right-original-bottom_right-tda-bottom_left
2025-05-04 05:35:47 - INFO - Model top_right-original-bottom_right-tda-bottom_left completed in 50.98 seconds.
2025-05-04 05:35:47 - INFO - >>> Model top_right-original-bottom_right-tda-bottom_left trained. Accuracy: 0.8989 (50.98 sec.)
2025-05-04 05:35:47 - INFO - Training model: top_right-original-top_left-tda-bottom_left
2025-05-04 05:36:37 - INFO - Model top_right-original-top_left-tda-bottom_left completed in 50.70 seconds.
2025-05-04 05:36:37 - INFO - >>> Model top_right-original-top_left-tda-bottom_left trained. Accuracy: 0.9023 (50.70 sec.)
2025-05-04 05:36:37 - INFO - Training model: original-bottom_right-top_left-tda-bottom_left
2025-05-04 05:37:28 - INFO - Model original-bottom_right-top_left-tda-bottom_left completed in 50.37 seconds.
2025-05-04 05:37:28 - INFO - >>> Model original-bottom_right-top_left-tda-bottom_left trained. Accuracy: 0.8948 (50.37 sec.)
2025-05-04 05:37:28 - INFO - Training model: top_right-original-bottom_right-top_left-tda-bottom_left
2025-05-04 05:38:24 - INFO - Model top_right-original-bottom_right-top_left-tda-bottom_left completed in 56.70 seconds.
2025-05-04 05:38:24 - INFO - >>> Model top_right-original-bottom_right-top_left-tda-bottom_left trained. Accuracy: 0.9105 (56.70 sec.)
2025-05-04 05:38:24 - INFO - All models trained successfully.
2025-05-04 05:38:24 - INFO - ========== [Model Training Completed] in 17.68 minutes ==========
2025-05-04 05:38:24 - INFO - ========== [Experiment Training Complete] ==========
2025-05-04 05:38:25 - INFO - Results saved to /home/jovyan/Workspace/workspace_mnist/results/exp_noise_lines_30_trainsplit_vary_noise/experiment_trainsize_predictions_2025-05-04_05-38-24.json
2025-05-04 05:38:25 - INFO - Results successfully saved to /home/jovyan/Workspace/workspace_mnist/results/exp_noise_lines_30_trainsplit_vary_noise/experiment_trainsize_predictions_2025-05-04_05-38-24.json
2025-05-04 05:38:25 - INFO - Forced Garbage collection executed to Free Memory.
2025-05-04 05:38:25 - INFO - ========== [Experiment Completed] in 31.37 minutes ==========
