2025-04-30 16:47:12 - INFO - Logging initialized.
 Writing to /home/jovyan/Workspace/workspace_mnist/logs/exp_noise_lines_30_trainsplit_vary_noise/experiment_logs_2025-04-30_16-47-12.log
2025-04-30 16:47:12 - INFO - ========== [Experiment Start] ==========
2025-04-30 16:47:12 - INFO - Views combinations successfully generated.
2025-04-30 16:47:12 - INFO - Topological Data Analysis pipeline generated.
2025-04-30 16:47:12 - INFO - Folder to save results has been created.
2025-04-30 16:47:12 - INFO - Reading dataset from mnist_784.csv (chunk size: 70000).
2025-04-30 16:47:13 - INFO - Starting multiview data preparation for a chunk of size (70000, 784)...
2025-04-30 16:47:13 - INFO - Running using 20 jobs.
2025-04-30 16:47:13 - INFO - Contaminating dataset with lines, quantity=47, transparency=1.0.
2025-04-30 16:47:32 - INFO - Splitting data: 50.0% train / 20.0% test (random_state=582848128)
2025-04-30 16:47:32 - INFO - Using full training data without second split.
2025-04-30 16:47:32 - INFO - Data split complete. Train size: (56000, 784), Test size: (14000, 784)
2025-04-30 16:47:32 - INFO - Reshaping train and test data into square images...
2025-04-30 16:47:32 - INFO - Reshaping complete. Train images shape: (56000, 28, 28), Test images shape: (14000, 28, 28)
2025-04-30 16:47:32 - INFO - Splitting images into quadrant views...
2025-04-30 16:47:32 - INFO - Quadrant view splitting complete. Train views: 4, Test views: 4
2025-04-30 16:47:32 - INFO - Saving sample images for each view...
2025-04-30 16:47:32 - INFO - Sample views saved successfully.
2025-04-30 16:47:32 - INFO - Starting TDA pipeline transformation on train data...
2025-04-30 16:58:34 - INFO - TDA transformation for train completed (11.03 minutes).
2025-04-30 16:58:34 - INFO - Applying TDA pipeline transformation on test data...
2025-04-30 17:01:12 - INFO - TDA transformation for test completed (2.63 minutes).
2025-04-30 17:01:12 - INFO - ========== [Model Training Start] ==========
2025-04-30 17:01:12 - INFO - Training model: original
2025-04-30 17:01:14 - INFO - Model original completed in 2.17 seconds.
2025-04-30 17:01:14 - INFO - >>> Model original trained. Accuracy: 0.7863 (2.17 sec.)
2025-04-30 17:01:14 - INFO - Training model: top_right-original
2025-04-30 17:01:31 - INFO - Model top_right-original completed in 17.16 seconds.
2025-04-30 17:01:31 - INFO - >>> Model top_right-original trained. Accuracy: 0.8174 (17.16 sec.)
2025-04-30 17:01:31 - INFO - Training model: bottom_right-original
2025-04-30 17:01:48 - INFO - Model bottom_right-original completed in 17.20 seconds.
2025-04-30 17:01:48 - INFO - >>> Model bottom_right-original trained. Accuracy: 0.8065 (17.20 sec.)
2025-04-30 17:01:48 - INFO - Training model: original-top_left
2025-04-30 17:02:05 - INFO - Model original-top_left completed in 16.79 seconds.
2025-04-30 17:02:05 - INFO - >>> Model original-top_left trained. Accuracy: 0.8100 (16.79 sec.)
2025-04-30 17:02:05 - INFO - Training model: original-tda
2025-04-30 17:02:39 - INFO - Model original-tda completed in 33.48 seconds.
2025-04-30 17:02:39 - INFO - >>> Model original-tda trained. Accuracy: 0.7906 (33.48 sec.)
2025-04-30 17:02:39 - INFO - Training model: original-bottom_left
2025-04-30 17:02:55 - INFO - Model original-bottom_left completed in 16.82 seconds.
2025-04-30 17:02:55 - INFO - >>> Model original-bottom_left trained. Accuracy: 0.8026 (16.82 sec.)
2025-04-30 17:02:56 - INFO - Training model: top_right-original-bottom_right
2025-04-30 17:03:19 - INFO - Model top_right-original-bottom_right completed in 23.19 seconds.
2025-04-30 17:03:19 - INFO - >>> Model top_right-original-bottom_right trained. Accuracy: 0.8308 (23.19 sec.)
2025-04-30 17:03:19 - INFO - Training model: top_right-original-top_left
2025-04-30 17:03:41 - INFO - Model top_right-original-top_left completed in 22.56 seconds.
2025-04-30 17:03:41 - INFO - >>> Model top_right-original-top_left trained. Accuracy: 0.8323 (22.56 sec.)
2025-04-30 17:03:41 - INFO - Training model: top_right-original-tda
2025-04-30 17:04:20 - INFO - Model top_right-original-tda completed in 39.05 seconds.
2025-04-30 17:04:20 - INFO - >>> Model top_right-original-tda trained. Accuracy: 0.8122 (39.05 sec.)
2025-04-30 17:04:20 - INFO - Training model: top_right-original-bottom_left
2025-04-30 17:04:43 - INFO - Model top_right-original-bottom_left completed in 22.79 seconds.
2025-04-30 17:04:43 - INFO - >>> Model top_right-original-bottom_left trained. Accuracy: 0.8263 (22.79 sec.)
2025-04-30 17:04:43 - INFO - Training model: bottom_right-original-top_left
2025-04-30 17:05:06 - INFO - Model bottom_right-original-top_left completed in 22.84 seconds.
2025-04-30 17:05:06 - INFO - >>> Model bottom_right-original-top_left trained. Accuracy: 0.8217 (22.84 sec.)
2025-04-30 17:05:06 - INFO - Training model: bottom_right-original-tda
2025-04-30 17:05:46 - INFO - Model bottom_right-original-tda completed in 39.83 seconds.
2025-04-30 17:05:46 - INFO - >>> Model bottom_right-original-tda trained. Accuracy: 0.8030 (39.83 sec.)
2025-04-30 17:05:46 - INFO - Training model: bottom_right-original-bottom_left
2025-04-30 17:06:08 - INFO - Model bottom_right-original-bottom_left completed in 22.66 seconds.
2025-04-30 17:06:08 - INFO - >>> Model bottom_right-original-bottom_left trained. Accuracy: 0.8149 (22.66 sec.)
2025-04-30 17:06:08 - INFO - Training model: original-top_left-tda
2025-04-30 17:06:48 - INFO - Model original-top_left-tda completed in 39.65 seconds.
2025-04-30 17:06:48 - INFO - >>> Model original-top_left-tda trained. Accuracy: 0.8071 (39.65 sec.)
2025-04-30 17:06:48 - INFO - Training model: original-top_left-bottom_left
2025-04-30 17:07:11 - INFO - Model original-top_left-bottom_left completed in 22.62 seconds.
2025-04-30 17:07:11 - INFO - >>> Model original-top_left-bottom_left trained. Accuracy: 0.8226 (22.62 sec.)
2025-04-30 17:07:11 - INFO - Training model: original-tda-bottom_left
2025-04-30 17:07:51 - INFO - Model original-tda-bottom_left completed in 40.03 seconds.
2025-04-30 17:07:51 - INFO - >>> Model original-tda-bottom_left trained. Accuracy: 0.7985 (40.03 sec.)
2025-04-30 17:07:51 - INFO - Training model: top_right-original-bottom_right-top_left
2025-04-30 17:08:20 - INFO - Model top_right-original-bottom_right-top_left completed in 28.99 seconds.
2025-04-30 17:08:20 - INFO - >>> Model top_right-original-bottom_right-top_left trained. Accuracy: 0.8468 (28.99 sec.)
2025-04-30 17:08:20 - INFO - Training model: top_right-original-bottom_right-tda
2025-04-30 17:09:05 - INFO - Model top_right-original-bottom_right-tda completed in 45.62 seconds.
2025-04-30 17:09:05 - INFO - >>> Model top_right-original-bottom_right-tda trained. Accuracy: 0.8241 (45.62 sec.)
2025-04-30 17:09:05 - INFO - Training model: top_right-original-bottom_right-bottom_left
2025-04-30 17:09:35 - INFO - Model top_right-original-bottom_right-bottom_left completed in 29.62 seconds.
2025-04-30 17:09:35 - INFO - >>> Model top_right-original-bottom_right-bottom_left trained. Accuracy: 0.8411 (29.62 sec.)
2025-04-30 17:09:35 - INFO - Training model: top_right-original-top_left-tda
2025-04-30 17:10:20 - INFO - Model top_right-original-top_left-tda completed in 45.45 seconds.
2025-04-30 17:10:20 - INFO - >>> Model top_right-original-top_left-tda trained. Accuracy: 0.8287 (45.45 sec.)
2025-04-30 17:10:20 - INFO - Training model: top_right-original-top_left-bottom_left
2025-04-30 17:10:48 - INFO - Model top_right-original-top_left-bottom_left completed in 28.02 seconds.
2025-04-30 17:10:48 - INFO - >>> Model top_right-original-top_left-bottom_left trained. Accuracy: 0.8450 (28.02 sec.)
2025-04-30 17:10:48 - INFO - Training model: top_right-original-tda-bottom_left
2025-04-30 17:11:34 - INFO - Model top_right-original-tda-bottom_left completed in 45.46 seconds.
2025-04-30 17:11:34 - INFO - >>> Model top_right-original-tda-bottom_left trained. Accuracy: 0.8226 (45.46 sec.)
2025-04-30 17:11:34 - INFO - Training model: bottom_right-original-top_left-tda
2025-04-30 17:12:19 - INFO - Model bottom_right-original-top_left-tda completed in 45.27 seconds.
2025-04-30 17:12:19 - INFO - >>> Model bottom_right-original-top_left-tda trained. Accuracy: 0.8184 (45.27 sec.)
2025-04-30 17:12:19 - INFO - Training model: bottom_right-original-top_left-bottom_left
2025-04-30 17:12:47 - INFO - Model bottom_right-original-top_left-bottom_left completed in 28.14 seconds.
2025-04-30 17:12:47 - INFO - >>> Model bottom_right-original-top_left-bottom_left trained. Accuracy: 0.8366 (28.14 sec.)
2025-04-30 17:12:47 - INFO - Training model: bottom_right-original-tda-bottom_left
2025-04-30 17:13:33 - INFO - Model bottom_right-original-tda-bottom_left completed in 45.42 seconds.
2025-04-30 17:13:33 - INFO - >>> Model bottom_right-original-tda-bottom_left trained. Accuracy: 0.8114 (45.42 sec.)
2025-04-30 17:13:33 - INFO - Training model: original-top_left-tda-bottom_left
2025-04-30 17:14:18 - INFO - Model original-top_left-tda-bottom_left completed in 45.45 seconds.
2025-04-30 17:14:18 - INFO - >>> Model original-top_left-tda-bottom_left trained. Accuracy: 0.8202 (45.45 sec.)
2025-04-30 17:14:18 - INFO - Training model: top_right-original-bottom_right-top_left-tda
2025-04-30 17:15:10 - INFO - Model top_right-original-bottom_right-top_left-tda completed in 51.83 seconds.
2025-04-30 17:15:10 - INFO - >>> Model top_right-original-bottom_right-top_left-tda trained. Accuracy: 0.8426 (51.83 sec.)
2025-04-30 17:15:10 - INFO - Training model: top_right-original-bottom_right-top_left-bottom_left
2025-04-30 17:15:44 - INFO - Model top_right-original-bottom_right-top_left-bottom_left completed in 34.32 seconds.
2025-04-30 17:15:44 - INFO - >>> Model top_right-original-bottom_right-top_left-bottom_left trained. Accuracy: 0.8556 (34.32 sec.)
2025-04-30 17:15:44 - INFO - Training model: top_right-original-bottom_right-tda-bottom_left
2025-04-30 17:16:36 - INFO - Model top_right-original-bottom_right-tda-bottom_left completed in 51.38 seconds.
2025-04-30 17:16:36 - INFO - >>> Model top_right-original-bottom_right-tda-bottom_left trained. Accuracy: 0.8358 (51.38 sec.)
2025-04-30 17:16:36 - INFO - Training model: top_right-original-top_left-tda-bottom_left
2025-04-30 17:17:27 - INFO - Model top_right-original-top_left-tda-bottom_left completed in 51.18 seconds.
2025-04-30 17:17:27 - INFO - >>> Model top_right-original-top_left-tda-bottom_left trained. Accuracy: 0.8419 (51.18 sec.)
2025-04-30 17:17:27 - INFO - Training model: original-bottom_right-top_left-tda-bottom_left
2025-04-30 17:18:18 - INFO - Model original-bottom_right-top_left-tda-bottom_left completed in 51.14 seconds.
2025-04-30 17:18:18 - INFO - >>> Model original-bottom_right-top_left-tda-bottom_left trained. Accuracy: 0.8319 (51.14 sec.)
2025-04-30 17:18:18 - INFO - Training model: top_right-original-bottom_right-top_left-tda-bottom_left
2025-04-30 17:19:16 - INFO - Model top_right-original-bottom_right-top_left-tda-bottom_left completed in 57.61 seconds.
2025-04-30 17:19:16 - INFO - >>> Model top_right-original-bottom_right-top_left-tda-bottom_left trained. Accuracy: 0.8519 (57.61 sec.)
2025-04-30 17:19:16 - INFO - All models trained successfully.
2025-04-30 17:19:16 - INFO - ========== [Model Training Completed] in 18.06 minutes ==========
2025-04-30 17:19:16 - INFO - ========== [Experiment Training Complete] ==========
2025-04-30 17:19:16 - INFO - Results saved to /home/jovyan/Workspace/workspace_mnist/results/exp_noise_lines_30_trainsplit_vary_noise/experiment_trainsize_predictions_2025-04-30_17-19-16.json
2025-04-30 17:19:16 - INFO - Results successfully saved to /home/jovyan/Workspace/workspace_mnist/results/exp_noise_lines_30_trainsplit_vary_noise/experiment_trainsize_predictions_2025-04-30_17-19-16.json
2025-04-30 17:19:16 - INFO - Forced Garbage collection executed to Free Memory.
2025-04-30 17:19:16 - INFO - ========== [Experiment Completed] in 32.07 minutes ==========
