2025-04-30 12:37:43 - INFO - Logging initialized.
 Writing to /home/jovyan/Workspace/workspace_mnist/logs/exp_noise_lines_30_trainsplit_vary_noise/experiment_logs_2025-04-30_12-37-43.log
2025-04-30 12:37:43 - INFO - ========== [Experiment Start] ==========
2025-04-30 12:37:43 - INFO - Views combinations successfully generated.
2025-04-30 12:37:43 - INFO - Topological Data Analysis pipeline generated.
2025-04-30 12:37:43 - INFO - Folder to save results has been created.
2025-04-30 12:37:43 - INFO - Reading dataset from mnist_784.csv (chunk size: 70000).
2025-04-30 12:37:44 - INFO - Starting multiview data preparation for a chunk of size (70000, 784)...
2025-04-30 12:37:44 - INFO - Running using 20 jobs.
2025-04-30 12:37:44 - INFO - Contaminating dataset with lines, quantity=31, transparency=1.0.
2025-04-30 12:37:58 - INFO - Splitting data: 50.0% train / 20.0% test (random_state=582848128)
2025-04-30 12:37:58 - INFO - Using full training data without second split.
2025-04-30 12:37:58 - INFO - Data split complete. Train size: (56000, 784), Test size: (14000, 784)
2025-04-30 12:37:58 - INFO - Reshaping train and test data into square images...
2025-04-30 12:37:58 - INFO - Reshaping complete. Train images shape: (56000, 28, 28), Test images shape: (14000, 28, 28)
2025-04-30 12:37:58 - INFO - Splitting images into quadrant views...
2025-04-30 12:37:58 - INFO - Quadrant view splitting complete. Train views: 4, Test views: 4
2025-04-30 12:37:58 - INFO - Saving sample images for each view...
2025-04-30 12:37:58 - INFO - Sample views saved successfully.
2025-04-30 12:37:58 - INFO - Starting TDA pipeline transformation on train data...
2025-04-30 12:48:13 - INFO - TDA transformation for train completed (10.26 minutes).
2025-04-30 12:48:13 - INFO - Applying TDA pipeline transformation on test data...
2025-04-30 12:50:37 - INFO - TDA transformation for test completed (2.40 minutes).
2025-04-30 12:50:37 - INFO - ========== [Model Training Start] ==========
2025-04-30 12:50:37 - INFO - Training model: original
2025-04-30 12:50:39 - INFO - Model original completed in 2.01 seconds.
2025-04-30 12:50:39 - INFO - >>> Model original trained. Accuracy: 0.8527 (2.01 sec.)
2025-04-30 12:50:39 - INFO - Training model: top_right-original
2025-04-30 12:50:56 - INFO - Model top_right-original completed in 16.19 seconds.
2025-04-30 12:50:56 - INFO - >>> Model top_right-original trained. Accuracy: 0.8775 (16.19 sec.)
2025-04-30 12:50:56 - INFO - Training model: bottom_right-original
2025-04-30 12:51:12 - INFO - Model bottom_right-original completed in 16.13 seconds.
2025-04-30 12:51:12 - INFO - >>> Model bottom_right-original trained. Accuracy: 0.8694 (16.13 sec.)
2025-04-30 12:51:12 - INFO - Training model: original-top_left
2025-04-30 12:51:27 - INFO - Model original-top_left completed in 15.63 seconds.
2025-04-30 12:51:27 - INFO - >>> Model original-top_left trained. Accuracy: 0.8725 (15.63 sec.)
2025-04-30 12:51:27 - INFO - Training model: original-tda
2025-04-30 12:52:00 - INFO - Model original-tda completed in 32.22 seconds.
2025-04-30 12:52:00 - INFO - >>> Model original-tda trained. Accuracy: 0.8559 (32.22 sec.)
2025-04-30 12:52:00 - INFO - Training model: original-bottom_left
2025-04-30 12:52:16 - INFO - Model original-bottom_left completed in 15.93 seconds.
2025-04-30 12:52:16 - INFO - >>> Model original-bottom_left trained. Accuracy: 0.8656 (15.93 sec.)
2025-04-30 12:52:16 - INFO - Training model: top_right-original-bottom_right
2025-04-30 12:52:37 - INFO - Model top_right-original-bottom_right completed in 21.56 seconds.
2025-04-30 12:52:37 - INFO - >>> Model top_right-original-bottom_right trained. Accuracy: 0.8849 (21.56 sec.)
2025-04-30 12:52:37 - INFO - Training model: top_right-original-top_left
2025-04-30 12:52:58 - INFO - Model top_right-original-top_left completed in 21.19 seconds.
2025-04-30 12:52:58 - INFO - >>> Model top_right-original-top_left trained. Accuracy: 0.8872 (21.19 sec.)
2025-04-30 12:52:58 - INFO - Training model: top_right-original-tda
2025-04-30 12:53:37 - INFO - Model top_right-original-tda completed in 38.33 seconds.
2025-04-30 12:53:37 - INFO - >>> Model top_right-original-tda trained. Accuracy: 0.8727 (38.33 sec.)
2025-04-30 12:53:37 - INFO - Training model: top_right-original-bottom_left
2025-04-30 12:53:58 - INFO - Model top_right-original-bottom_left completed in 21.48 seconds.
2025-04-30 12:53:58 - INFO - >>> Model top_right-original-bottom_left trained. Accuracy: 0.8843 (21.48 sec.)
2025-04-30 12:53:58 - INFO - Training model: bottom_right-original-top_left
2025-04-30 12:54:19 - INFO - Model bottom_right-original-top_left completed in 21.13 seconds.
2025-04-30 12:54:19 - INFO - >>> Model bottom_right-original-top_left trained. Accuracy: 0.8773 (21.13 sec.)
2025-04-30 12:54:19 - INFO - Training model: bottom_right-original-tda
2025-04-30 12:54:57 - INFO - Model bottom_right-original-tda completed in 38.12 seconds.
2025-04-30 12:54:57 - INFO - >>> Model bottom_right-original-tda trained. Accuracy: 0.8642 (38.12 sec.)
2025-04-30 12:54:57 - INFO - Training model: bottom_right-original-bottom_left
2025-04-30 12:55:19 - INFO - Model bottom_right-original-bottom_left completed in 21.58 seconds.
2025-04-30 12:55:19 - INFO - >>> Model bottom_right-original-bottom_left trained. Accuracy: 0.8758 (21.58 sec.)
2025-04-30 12:55:19 - INFO - Training model: original-top_left-tda
2025-04-30 12:55:56 - INFO - Model original-top_left-tda completed in 37.29 seconds.
2025-04-30 12:55:56 - INFO - >>> Model original-top_left-tda trained. Accuracy: 0.8677 (37.29 sec.)
2025-04-30 12:55:56 - INFO - Training model: original-top_left-bottom_left
2025-04-30 12:56:18 - INFO - Model original-top_left-bottom_left completed in 21.29 seconds.
2025-04-30 12:56:18 - INFO - >>> Model original-top_left-bottom_left trained. Accuracy: 0.8807 (21.29 sec.)
2025-04-30 12:56:18 - INFO - Training model: original-tda-bottom_left
2025-04-30 12:56:55 - INFO - Model original-tda-bottom_left completed in 37.49 seconds.
2025-04-30 12:56:55 - INFO - >>> Model original-tda-bottom_left trained. Accuracy: 0.8634 (37.49 sec.)
2025-04-30 12:56:55 - INFO - Training model: top_right-original-bottom_right-top_left
2025-04-30 12:57:22 - INFO - Model top_right-original-bottom_right-top_left completed in 26.56 seconds.
2025-04-30 12:57:22 - INFO - >>> Model top_right-original-bottom_right-top_left trained. Accuracy: 0.8955 (26.56 sec.)
2025-04-30 12:57:22 - INFO - Training model: top_right-original-bottom_right-tda
2025-04-30 12:58:06 - INFO - Model top_right-original-bottom_right-tda completed in 44.07 seconds.
2025-04-30 12:58:06 - INFO - >>> Model top_right-original-bottom_right-tda trained. Accuracy: 0.8826 (44.07 sec.)
2025-04-30 12:58:06 - INFO - Training model: top_right-original-bottom_right-bottom_left
2025-04-30 12:58:33 - INFO - Model top_right-original-bottom_right-bottom_left completed in 27.09 seconds.
2025-04-30 12:58:33 - INFO - >>> Model top_right-original-bottom_right-bottom_left trained. Accuracy: 0.8941 (27.09 sec.)
2025-04-30 12:58:33 - INFO - Training model: top_right-original-top_left-tda
2025-04-30 12:59:16 - INFO - Model top_right-original-top_left-tda completed in 43.41 seconds.
2025-04-30 12:59:16 - INFO - >>> Model top_right-original-top_left-tda trained. Accuracy: 0.8836 (43.41 sec.)
2025-04-30 12:59:16 - INFO - Training model: top_right-original-top_left-bottom_left
2025-04-30 12:59:43 - INFO - Model top_right-original-top_left-bottom_left completed in 26.35 seconds.
2025-04-30 12:59:43 - INFO - >>> Model top_right-original-top_left-bottom_left trained. Accuracy: 0.8985 (26.35 sec.)
2025-04-30 12:59:43 - INFO - Training model: top_right-original-tda-bottom_left
2025-04-30 13:00:26 - INFO - Model top_right-original-tda-bottom_left completed in 43.63 seconds.
2025-04-30 13:00:26 - INFO - >>> Model top_right-original-tda-bottom_left trained. Accuracy: 0.8818 (43.63 sec.)
2025-04-30 13:00:26 - INFO - Training model: bottom_right-original-top_left-tda
2025-04-30 13:01:10 - INFO - Model bottom_right-original-top_left-tda completed in 43.62 seconds.
2025-04-30 13:01:10 - INFO - >>> Model bottom_right-original-top_left-tda trained. Accuracy: 0.8774 (43.62 sec.)
2025-04-30 13:01:10 - INFO - Training model: bottom_right-original-top_left-bottom_left
2025-04-30 13:01:37 - INFO - Model bottom_right-original-top_left-bottom_left completed in 26.66 seconds.
2025-04-30 13:01:37 - INFO - >>> Model bottom_right-original-top_left-bottom_left trained. Accuracy: 0.8885 (26.66 sec.)
2025-04-30 13:01:37 - INFO - Training model: bottom_right-original-tda-bottom_left
2025-04-30 13:02:20 - INFO - Model bottom_right-original-tda-bottom_left completed in 43.78 seconds.
2025-04-30 13:02:20 - INFO - >>> Model bottom_right-original-tda-bottom_left trained. Accuracy: 0.8709 (43.78 sec.)
2025-04-30 13:02:20 - INFO - Training model: original-top_left-tda-bottom_left
2025-04-30 13:03:03 - INFO - Model original-top_left-tda-bottom_left completed in 42.77 seconds.
2025-04-30 13:03:03 - INFO - >>> Model original-top_left-tda-bottom_left trained. Accuracy: 0.8744 (42.77 sec.)
2025-04-30 13:03:03 - INFO - Training model: top_right-original-bottom_right-top_left-tda
2025-04-30 13:03:52 - INFO - Model top_right-original-bottom_right-top_left-tda completed in 48.92 seconds.
2025-04-30 13:03:52 - INFO - >>> Model top_right-original-bottom_right-top_left-tda trained. Accuracy: 0.8937 (48.92 sec.)
2025-04-30 13:03:52 - INFO - Training model: top_right-original-bottom_right-top_left-bottom_left
2025-04-30 13:04:25 - INFO - Model top_right-original-bottom_right-top_left-bottom_left completed in 32.57 seconds.
2025-04-30 13:04:25 - INFO - >>> Model top_right-original-bottom_right-top_left-bottom_left trained. Accuracy: 0.9064 (32.57 sec.)
2025-04-30 13:04:25 - INFO - Training model: top_right-original-bottom_right-tda-bottom_left
2025-04-30 13:05:13 - INFO - Model top_right-original-bottom_right-tda-bottom_left completed in 48.77 seconds.
2025-04-30 13:05:13 - INFO - >>> Model top_right-original-bottom_right-tda-bottom_left trained. Accuracy: 0.8914 (48.77 sec.)
2025-04-30 13:05:13 - INFO - Training model: top_right-original-top_left-tda-bottom_left
2025-04-30 13:06:03 - INFO - Model top_right-original-top_left-tda-bottom_left completed in 49.44 seconds.
2025-04-30 13:06:03 - INFO - >>> Model top_right-original-top_left-tda-bottom_left trained. Accuracy: 0.8961 (49.44 sec.)
2025-04-30 13:06:03 - INFO - Training model: original-bottom_right-top_left-tda-bottom_left
2025-04-30 13:06:52 - INFO - Model original-bottom_right-top_left-tda-bottom_left completed in 49.15 seconds.
2025-04-30 13:06:52 - INFO - >>> Model original-bottom_right-top_left-tda-bottom_left trained. Accuracy: 0.8837 (49.15 sec.)
2025-04-30 13:06:52 - INFO - Training model: top_right-original-bottom_right-top_left-tda-bottom_left
2025-04-30 13:07:46 - INFO - Model top_right-original-bottom_right-top_left-tda-bottom_left completed in 54.49 seconds.
2025-04-30 13:07:46 - INFO - >>> Model top_right-original-bottom_right-top_left-tda-bottom_left trained. Accuracy: 0.9046 (54.49 sec.)
2025-04-30 13:07:46 - INFO - All models trained successfully.
2025-04-30 13:07:46 - INFO - ========== [Model Training Completed] in 17.15 minutes ==========
2025-04-30 13:07:46 - INFO - ========== [Experiment Training Complete] ==========
2025-04-30 13:07:47 - INFO - Results saved to /home/jovyan/Workspace/workspace_mnist/results/exp_noise_lines_30_trainsplit_vary_noise/experiment_trainsize_predictions_2025-04-30_13-07-46.json
2025-04-30 13:07:47 - INFO - Results successfully saved to /home/jovyan/Workspace/workspace_mnist/results/exp_noise_lines_30_trainsplit_vary_noise/experiment_trainsize_predictions_2025-04-30_13-07-46.json
2025-04-30 13:07:47 - INFO - Forced Garbage collection executed to Free Memory.
2025-04-30 13:07:47 - INFO - ========== [Experiment Completed] in 30.05 minutes ==========
