2025-04-28 20:26:38 - INFO - Logging initialized.
 Writing to /home/jovyan/Workspace/workspace_mnist/logs/exp_noise_lines_30_trainsplit_vary_noise/experiment_logs_2025-04-28_20-26-38.log
2025-04-28 20:26:38 - INFO - ========== [Experiment Start] ==========
2025-04-28 20:26:38 - INFO - Views combinations successfully generated.
2025-04-28 20:26:38 - INFO - Topological Data Analysis pipeline generated.
2025-04-28 20:26:38 - INFO - Folder to save results has been created.
2025-04-28 20:26:38 - INFO - Reading dataset from mnist_784.csv (chunk size: 70000).
2025-04-28 20:26:39 - INFO - Starting multiview data preparation for a chunk of size (70000, 784)...
2025-04-28 20:26:39 - INFO - Running using 20 jobs.
2025-04-28 20:26:39 - INFO - Contaminating dataset with lines, quantity=21, transparency=1.0.
2025-04-28 20:26:49 - INFO - Splitting data: 50.0% train / 20.0% test (random_state=561967060)
2025-04-28 20:26:49 - INFO - Using full training data without second split.
2025-04-28 20:26:49 - INFO - Data split complete. Train size: (56000, 784), Test size: (14000, 784)
2025-04-28 20:26:49 - INFO - Reshaping train and test data into square images...
2025-04-28 20:26:49 - INFO - Reshaping complete. Train images shape: (56000, 28, 28), Test images shape: (14000, 28, 28)
2025-04-28 20:26:49 - INFO - Splitting images into quadrant views...
2025-04-28 20:26:49 - INFO - Quadrant view splitting complete. Train views: 4, Test views: 4
2025-04-28 20:26:49 - INFO - Saving sample images for each view...
2025-04-28 20:26:49 - INFO - Sample views saved successfully.
2025-04-28 20:26:49 - INFO - Starting TDA pipeline transformation on train data...
2025-04-28 20:36:45 - INFO - TDA transformation for train completed (9.93 minutes).
2025-04-28 20:36:45 - INFO - Applying TDA pipeline transformation on test data...
2025-04-28 20:39:16 - INFO - TDA transformation for test completed (2.52 minutes).
2025-04-28 20:39:16 - INFO - ========== [Model Training Start] ==========
2025-04-28 20:39:16 - INFO - Training model: original
2025-04-28 20:39:18 - INFO - Model original completed in 1.89 seconds.
2025-04-28 20:39:18 - INFO - >>> Model original trained. Accuracy: 0.8921 (1.89 sec.)
2025-04-28 20:39:18 - INFO - Training model: top_right-original
2025-04-28 20:39:33 - INFO - Model top_right-original completed in 15.27 seconds.
2025-04-28 20:39:33 - INFO - >>> Model top_right-original trained. Accuracy: 0.9071 (15.27 sec.)
2025-04-28 20:39:33 - INFO - Training model: bottom_right-original
2025-04-28 20:39:49 - INFO - Model bottom_right-original completed in 15.37 seconds.
2025-04-28 20:39:49 - INFO - >>> Model bottom_right-original trained. Accuracy: 0.9050 (15.37 sec.)
2025-04-28 20:39:49 - INFO - Training model: original-top_left
2025-04-28 20:40:03 - INFO - Model original-top_left completed in 14.79 seconds.
2025-04-28 20:40:03 - INFO - >>> Model original-top_left trained. Accuracy: 0.9071 (14.79 sec.)
2025-04-28 20:40:03 - INFO - Training model: original-tda
2025-04-28 20:40:36 - INFO - Model original-tda completed in 32.28 seconds.
2025-04-28 20:40:36 - INFO - >>> Model original-tda trained. Accuracy: 0.8949 (32.28 sec.)
2025-04-28 20:40:36 - INFO - Training model: original-bottom_left
2025-04-28 20:40:51 - INFO - Model original-bottom_left completed in 15.01 seconds.
2025-04-28 20:40:51 - INFO - >>> Model original-bottom_left trained. Accuracy: 0.9034 (15.01 sec.)
2025-04-28 20:40:51 - INFO - Training model: top_right-original-bottom_right
2025-04-28 20:41:11 - INFO - Model top_right-original-bottom_right completed in 20.32 seconds.
2025-04-28 20:41:11 - INFO - >>> Model top_right-original-bottom_right trained. Accuracy: 0.9171 (20.32 sec.)
2025-04-28 20:41:11 - INFO - Training model: top_right-original-top_left
2025-04-28 20:41:31 - INFO - Model top_right-original-top_left completed in 20.23 seconds.
2025-04-28 20:41:31 - INFO - >>> Model top_right-original-top_left trained. Accuracy: 0.9183 (20.23 sec.)
2025-04-28 20:41:31 - INFO - Training model: top_right-original-tda
2025-04-28 20:42:10 - INFO - Model top_right-original-tda completed in 38.52 seconds.
2025-04-28 20:42:10 - INFO - >>> Model top_right-original-tda trained. Accuracy: 0.9052 (38.52 sec.)
2025-04-28 20:42:10 - INFO - Training model: top_right-original-bottom_left
2025-04-28 20:42:30 - INFO - Model top_right-original-bottom_left completed in 20.30 seconds.
2025-04-28 20:42:30 - INFO - >>> Model top_right-original-bottom_left trained. Accuracy: 0.9169 (20.30 sec.)
2025-04-28 20:42:30 - INFO - Training model: bottom_right-original-top_left
2025-04-28 20:42:50 - INFO - Model bottom_right-original-top_left completed in 19.86 seconds.
2025-04-28 20:42:50 - INFO - >>> Model bottom_right-original-top_left trained. Accuracy: 0.9145 (19.86 sec.)
2025-04-28 20:42:50 - INFO - Training model: bottom_right-original-tda
2025-04-28 20:43:28 - INFO - Model bottom_right-original-tda completed in 37.92 seconds.
2025-04-28 20:43:28 - INFO - >>> Model bottom_right-original-tda trained. Accuracy: 0.9022 (37.92 sec.)
2025-04-28 20:43:28 - INFO - Training model: bottom_right-original-bottom_left
2025-04-28 20:43:49 - INFO - Model bottom_right-original-bottom_left completed in 20.73 seconds.
2025-04-28 20:43:49 - INFO - >>> Model bottom_right-original-bottom_left trained. Accuracy: 0.9096 (20.73 sec.)
2025-04-28 20:43:49 - INFO - Training model: original-top_left-tda
2025-04-28 20:44:26 - INFO - Model original-top_left-tda completed in 37.83 seconds.
2025-04-28 20:44:26 - INFO - >>> Model original-top_left-tda trained. Accuracy: 0.9054 (37.83 sec.)
2025-04-28 20:44:26 - INFO - Training model: original-top_left-bottom_left
2025-04-28 20:44:46 - INFO - Model original-top_left-bottom_left completed in 19.84 seconds.
2025-04-28 20:44:46 - INFO - >>> Model original-top_left-bottom_left trained. Accuracy: 0.9130 (19.84 sec.)
2025-04-28 20:44:46 - INFO - Training model: original-tda-bottom_left
2025-04-28 20:45:24 - INFO - Model original-tda-bottom_left completed in 37.81 seconds.
2025-04-28 20:45:24 - INFO - >>> Model original-tda-bottom_left trained. Accuracy: 0.9003 (37.81 sec.)
2025-04-28 20:45:24 - INFO - Training model: top_right-original-bottom_right-top_left
2025-04-28 20:45:50 - INFO - Model top_right-original-bottom_right-top_left completed in 25.48 seconds.
2025-04-28 20:45:50 - INFO - >>> Model top_right-original-bottom_right-top_left trained. Accuracy: 0.9267 (25.48 sec.)
2025-04-28 20:45:50 - INFO - Training model: top_right-original-bottom_right-tda
2025-04-28 20:46:33 - INFO - Model top_right-original-bottom_right-tda completed in 43.78 seconds.
2025-04-28 20:46:33 - INFO - >>> Model top_right-original-bottom_right-tda trained. Accuracy: 0.9155 (43.78 sec.)
2025-04-28 20:46:33 - INFO - Training model: top_right-original-bottom_right-bottom_left
2025-04-28 20:46:59 - INFO - Model top_right-original-bottom_right-bottom_left completed in 25.82 seconds.
2025-04-28 20:46:59 - INFO - >>> Model top_right-original-bottom_right-bottom_left trained. Accuracy: 0.9252 (25.82 sec.)
2025-04-28 20:46:59 - INFO - Training model: top_right-original-top_left-tda
2025-04-28 20:47:43 - INFO - Model top_right-original-top_left-tda completed in 43.37 seconds.
2025-04-28 20:47:43 - INFO - >>> Model top_right-original-top_left-tda trained. Accuracy: 0.9164 (43.37 sec.)
2025-04-28 20:47:43 - INFO - Training model: top_right-original-top_left-bottom_left
2025-04-28 20:48:08 - INFO - Model top_right-original-top_left-bottom_left completed in 25.68 seconds.
2025-04-28 20:48:08 - INFO - >>> Model top_right-original-top_left-bottom_left trained. Accuracy: 0.9275 (25.68 sec.)
2025-04-28 20:48:08 - INFO - Training model: top_right-original-tda-bottom_left
2025-04-28 20:48:52 - INFO - Model top_right-original-tda-bottom_left completed in 43.35 seconds.
2025-04-28 20:48:52 - INFO - >>> Model top_right-original-tda-bottom_left trained. Accuracy: 0.9149 (43.35 sec.)
2025-04-28 20:48:52 - INFO - Training model: bottom_right-original-top_left-tda
2025-04-28 20:49:35 - INFO - Model bottom_right-original-top_left-tda completed in 43.48 seconds.
2025-04-28 20:49:35 - INFO - >>> Model bottom_right-original-top_left-tda trained. Accuracy: 0.9141 (43.48 sec.)
2025-04-28 20:49:35 - INFO - Training model: bottom_right-original-top_left-bottom_left
2025-04-28 20:50:00 - INFO - Model bottom_right-original-top_left-bottom_left completed in 25.33 seconds.
2025-04-28 20:50:00 - INFO - >>> Model bottom_right-original-top_left-bottom_left trained. Accuracy: 0.9232 (25.33 sec.)
2025-04-28 20:50:00 - INFO - Training model: bottom_right-original-tda-bottom_left
2025-04-28 20:50:44 - INFO - Model bottom_right-original-tda-bottom_left completed in 43.63 seconds.
2025-04-28 20:50:44 - INFO - >>> Model bottom_right-original-tda-bottom_left trained. Accuracy: 0.9086 (43.63 sec.)
2025-04-28 20:50:44 - INFO - Training model: original-top_left-tda-bottom_left
2025-04-28 20:51:27 - INFO - Model original-top_left-tda-bottom_left completed in 42.99 seconds.
2025-04-28 20:51:27 - INFO - >>> Model original-top_left-tda-bottom_left trained. Accuracy: 0.9109 (42.99 sec.)
2025-04-28 20:51:27 - INFO - Training model: top_right-original-bottom_right-top_left-tda
2025-04-28 20:52:16 - INFO - Model top_right-original-bottom_right-top_left-tda completed in 48.58 seconds.
2025-04-28 20:52:16 - INFO - >>> Model top_right-original-bottom_right-top_left-tda trained. Accuracy: 0.9258 (48.58 sec.)
2025-04-28 20:52:16 - INFO - Training model: top_right-original-bottom_right-top_left-bottom_left
2025-04-28 20:52:46 - INFO - Model top_right-original-bottom_right-top_left-bottom_left completed in 30.56 seconds.
2025-04-28 20:52:46 - INFO - >>> Model top_right-original-bottom_right-top_left-bottom_left trained. Accuracy: 0.9366 (30.56 sec.)
2025-04-28 20:52:46 - INFO - Training model: top_right-original-bottom_right-tda-bottom_left
2025-04-28 20:53:35 - INFO - Model top_right-original-bottom_right-tda-bottom_left completed in 48.69 seconds.
2025-04-28 20:53:35 - INFO - >>> Model top_right-original-bottom_right-tda-bottom_left trained. Accuracy: 0.9219 (48.69 sec.)
2025-04-28 20:53:35 - INFO - Training model: top_right-original-top_left-tda-bottom_left
2025-04-28 20:54:23 - INFO - Model top_right-original-top_left-tda-bottom_left completed in 48.37 seconds.
2025-04-28 20:54:23 - INFO - >>> Model top_right-original-top_left-tda-bottom_left trained. Accuracy: 0.9258 (48.37 sec.)
2025-04-28 20:54:23 - INFO - Training model: original-bottom_right-top_left-tda-bottom_left
2025-04-28 20:55:12 - INFO - Model original-bottom_right-top_left-tda-bottom_left completed in 48.39 seconds.
2025-04-28 20:55:12 - INFO - >>> Model original-bottom_right-top_left-tda-bottom_left trained. Accuracy: 0.9206 (48.39 sec.)
2025-04-28 20:55:12 - INFO - Training model: top_right-original-bottom_right-top_left-tda-bottom_left
2025-04-28 20:56:06 - INFO - Model top_right-original-bottom_right-top_left-tda-bottom_left completed in 54.20 seconds.
2025-04-28 20:56:06 - INFO - >>> Model top_right-original-bottom_right-top_left-tda-bottom_left trained. Accuracy: 0.9349 (54.20 sec.)
2025-04-28 20:56:06 - INFO - All models trained successfully.
2025-04-28 20:56:06 - INFO - ========== [Model Training Completed] in 16.83 minutes ==========
2025-04-28 20:56:06 - INFO - ========== [Experiment Training Complete] ==========
2025-04-28 20:56:06 - INFO - Results saved to /home/jovyan/Workspace/workspace_mnist/results/exp_noise_lines_30_trainsplit_vary_noise/experiment_trainsize_predictions_2025-04-28_20-56-06.json
2025-04-28 20:56:06 - INFO - Results successfully saved to /home/jovyan/Workspace/workspace_mnist/results/exp_noise_lines_30_trainsplit_vary_noise/experiment_trainsize_predictions_2025-04-28_20-56-06.json
2025-04-28 20:56:06 - INFO - Forced Garbage collection executed to Free Memory.
2025-04-28 20:56:06 - INFO - ========== [Experiment Completed] in 29.46 minutes ==========
