2025-05-04 04:36:46 - INFO - Logging initialized.
 Writing to /home/jovyan/Workspace/workspace_mnist/logs/exp_noise_lines_30_trainsplit_vary_noise/experiment_logs_2025-05-04_04-36-46.log
2025-05-04 04:36:46 - INFO - ========== [Experiment Start] ==========
2025-05-04 04:36:46 - INFO - Views combinations successfully generated.
2025-05-04 04:36:46 - INFO - Topological Data Analysis pipeline generated.
2025-05-04 04:36:46 - INFO - Folder to save results has been created.
2025-05-04 04:36:46 - INFO - Reading dataset from mnist_784.csv (chunk size: 70000).
2025-05-04 04:36:47 - INFO - Starting multiview data preparation for a chunk of size (70000, 784)...
2025-05-04 04:36:47 - INFO - Running using 20 jobs.
2025-05-04 04:36:47 - INFO - Contaminating dataset with lines, quantity=27, transparency=1.0.
2025-05-04 04:36:59 - INFO - Splitting data: 50.0% train / 20.0% test (random_state=663904535)
2025-05-04 04:36:59 - INFO - Using full training data without second split.
2025-05-04 04:36:59 - INFO - Data split complete. Train size: (56000, 784), Test size: (14000, 784)
2025-05-04 04:36:59 - INFO - Reshaping train and test data into square images...
2025-05-04 04:36:59 - INFO - Reshaping complete. Train images shape: (56000, 28, 28), Test images shape: (14000, 28, 28)
2025-05-04 04:36:59 - INFO - Splitting images into quadrant views...
2025-05-04 04:36:59 - INFO - Quadrant view splitting complete. Train views: 4, Test views: 4
2025-05-04 04:36:59 - INFO - Saving sample images for each view...
2025-05-04 04:36:59 - INFO - Sample views saved successfully.
2025-05-04 04:36:59 - INFO - Starting TDA pipeline transformation on train data...
2025-05-04 04:47:06 - INFO - TDA transformation for train completed (10.11 minutes).
2025-05-04 04:47:06 - INFO - Applying TDA pipeline transformation on test data...
2025-05-04 04:49:34 - INFO - TDA transformation for test completed (2.46 minutes).
2025-05-04 04:49:34 - INFO - ========== [Model Training Start] ==========
2025-05-04 04:49:34 - INFO - Training model: original
2025-05-04 04:49:36 - INFO - Model original completed in 1.99 seconds.
2025-05-04 04:49:36 - INFO - >>> Model original trained. Accuracy: 0.8716 (1.99 sec.)
2025-05-04 04:49:36 - INFO - Training model: top_right-original
2025-05-04 04:49:52 - INFO - Model top_right-original completed in 16.32 seconds.
2025-05-04 04:49:52 - INFO - >>> Model top_right-original trained. Accuracy: 0.8907 (16.32 sec.)
2025-05-04 04:49:52 - INFO - Training model: bottom_right-original
2025-05-04 04:50:08 - INFO - Model bottom_right-original completed in 16.13 seconds.
2025-05-04 04:50:08 - INFO - >>> Model bottom_right-original trained. Accuracy: 0.8840 (16.13 sec.)
2025-05-04 04:50:08 - INFO - Training model: original-top_left
2025-05-04 04:50:23 - INFO - Model original-top_left completed in 15.38 seconds.
2025-05-04 04:50:23 - INFO - >>> Model original-top_left trained. Accuracy: 0.8881 (15.38 sec.)
2025-05-04 04:50:23 - INFO - Training model: original-tda
2025-05-04 04:50:57 - INFO - Model original-tda completed in 33.51 seconds.
2025-05-04 04:50:57 - INFO - >>> Model original-tda trained. Accuracy: 0.8739 (33.51 sec.)
2025-05-04 04:50:57 - INFO - Training model: original-bottom_left
2025-05-04 04:51:13 - INFO - Model original-bottom_left completed in 16.39 seconds.
2025-05-04 04:51:13 - INFO - >>> Model original-bottom_left trained. Accuracy: 0.8819 (16.39 sec.)
2025-05-04 04:51:13 - INFO - Training model: top_right-original-bottom_right
2025-05-04 04:51:35 - INFO - Model top_right-original-bottom_right completed in 22.08 seconds.
2025-05-04 04:51:35 - INFO - >>> Model top_right-original-bottom_right trained. Accuracy: 0.8970 (22.08 sec.)
2025-05-04 04:51:35 - INFO - Training model: top_right-original-top_left
2025-05-04 04:51:57 - INFO - Model top_right-original-top_left completed in 21.54 seconds.
2025-05-04 04:51:57 - INFO - >>> Model top_right-original-top_left trained. Accuracy: 0.8999 (21.54 sec.)
2025-05-04 04:51:57 - INFO - Training model: top_right-original-tda
2025-05-04 04:52:36 - INFO - Model top_right-original-tda completed in 39.44 seconds.
2025-05-04 04:52:36 - INFO - >>> Model top_right-original-tda trained. Accuracy: 0.8839 (39.44 sec.)
2025-05-04 04:52:36 - INFO - Training model: top_right-original-bottom_left
2025-05-04 04:52:58 - INFO - Model top_right-original-bottom_left completed in 21.46 seconds.
2025-05-04 04:52:58 - INFO - >>> Model top_right-original-bottom_left trained. Accuracy: 0.8965 (21.46 sec.)
2025-05-04 04:52:58 - INFO - Training model: bottom_right-original-top_left
2025-05-04 04:53:19 - INFO - Model bottom_right-original-top_left completed in 21.32 seconds.
2025-05-04 04:53:19 - INFO - >>> Model bottom_right-original-top_left trained. Accuracy: 0.8950 (21.32 sec.)
2025-05-04 04:53:19 - INFO - Training model: bottom_right-original-tda
2025-05-04 04:53:58 - INFO - Model bottom_right-original-tda completed in 38.99 seconds.
2025-05-04 04:53:58 - INFO - >>> Model bottom_right-original-tda trained. Accuracy: 0.8819 (38.99 sec.)
2025-05-04 04:53:58 - INFO - Training model: bottom_right-original-bottom_left
2025-05-04 04:54:20 - INFO - Model bottom_right-original-bottom_left completed in 21.41 seconds.
2025-05-04 04:54:20 - INFO - >>> Model bottom_right-original-bottom_left trained. Accuracy: 0.8913 (21.41 sec.)
2025-05-04 04:54:20 - INFO - Training model: original-top_left-tda
2025-05-04 04:54:58 - INFO - Model original-top_left-tda completed in 38.75 seconds.
2025-05-04 04:54:58 - INFO - >>> Model original-top_left-tda trained. Accuracy: 0.8832 (38.75 sec.)
2025-05-04 04:54:58 - INFO - Training model: original-top_left-bottom_left
2025-05-04 04:55:19 - INFO - Model original-top_left-bottom_left completed in 20.63 seconds.
2025-05-04 04:55:19 - INFO - >>> Model original-top_left-bottom_left trained. Accuracy: 0.8940 (20.63 sec.)
2025-05-04 04:55:19 - INFO - Training model: original-tda-bottom_left
2025-05-04 04:55:58 - INFO - Model original-tda-bottom_left completed in 39.04 seconds.
2025-05-04 04:55:58 - INFO - >>> Model original-tda-bottom_left trained. Accuracy: 0.8793 (39.04 sec.)
2025-05-04 04:55:58 - INFO - Training model: top_right-original-bottom_right-top_left
2025-05-04 04:56:25 - INFO - Model top_right-original-bottom_right-top_left completed in 26.61 seconds.
2025-05-04 04:56:25 - INFO - >>> Model top_right-original-bottom_right-top_left trained. Accuracy: 0.9099 (26.61 sec.)
2025-05-04 04:56:25 - INFO - Training model: top_right-original-bottom_right-tda
2025-05-04 04:57:09 - INFO - Model top_right-original-bottom_right-tda completed in 44.53 seconds.
2025-05-04 04:57:09 - INFO - >>> Model top_right-original-bottom_right-tda trained. Accuracy: 0.8947 (44.53 sec.)
2025-05-04 04:57:09 - INFO - Training model: top_right-original-bottom_right-bottom_left
2025-05-04 04:57:36 - INFO - Model top_right-original-bottom_right-bottom_left completed in 27.20 seconds.
2025-05-04 04:57:36 - INFO - >>> Model top_right-original-bottom_right-bottom_left trained. Accuracy: 0.9046 (27.20 sec.)
2025-05-04 04:57:36 - INFO - Training model: top_right-original-top_left-tda
2025-05-04 04:58:21 - INFO - Model top_right-original-top_left-tda completed in 44.33 seconds.
2025-05-04 04:58:21 - INFO - >>> Model top_right-original-top_left-tda trained. Accuracy: 0.8987 (44.33 sec.)
2025-05-04 04:58:21 - INFO - Training model: top_right-original-top_left-bottom_left
2025-05-04 04:58:47 - INFO - Model top_right-original-top_left-bottom_left completed in 26.51 seconds.
2025-05-04 04:58:47 - INFO - >>> Model top_right-original-top_left-bottom_left trained. Accuracy: 0.9103 (26.51 sec.)
2025-05-04 04:58:47 - INFO - Training model: top_right-original-tda-bottom_left
2025-05-04 04:59:32 - INFO - Model top_right-original-tda-bottom_left completed in 44.53 seconds.
2025-05-04 04:59:32 - INFO - >>> Model top_right-original-tda-bottom_left trained. Accuracy: 0.8920 (44.53 sec.)
2025-05-04 04:59:32 - INFO - Training model: bottom_right-original-top_left-tda
2025-05-04 05:00:17 - INFO - Model bottom_right-original-top_left-tda completed in 45.18 seconds.
2025-05-04 05:00:17 - INFO - >>> Model bottom_right-original-top_left-tda trained. Accuracy: 0.8939 (45.18 sec.)
2025-05-04 05:00:17 - INFO - Training model: bottom_right-original-top_left-bottom_left
2025-05-04 05:00:44 - INFO - Model bottom_right-original-top_left-bottom_left completed in 27.19 seconds.
2025-05-04 05:00:44 - INFO - >>> Model bottom_right-original-top_left-bottom_left trained. Accuracy: 0.9024 (27.19 sec.)
2025-05-04 05:00:44 - INFO - Training model: bottom_right-original-tda-bottom_left
2025-05-04 05:01:28 - INFO - Model bottom_right-original-tda-bottom_left completed in 44.27 seconds.
2025-05-04 05:01:28 - INFO - >>> Model bottom_right-original-tda-bottom_left trained. Accuracy: 0.8888 (44.27 sec.)
2025-05-04 05:01:28 - INFO - Training model: original-top_left-tda-bottom_left
2025-05-04 05:02:12 - INFO - Model original-top_left-tda-bottom_left completed in 44.00 seconds.
2025-05-04 05:02:12 - INFO - >>> Model original-top_left-tda-bottom_left trained. Accuracy: 0.8921 (44.00 sec.)
2025-05-04 05:02:12 - INFO - Training model: top_right-original-bottom_right-top_left-tda
2025-05-04 05:03:02 - INFO - Model top_right-original-bottom_right-top_left-tda completed in 50.13 seconds.
2025-05-04 05:03:02 - INFO - >>> Model top_right-original-bottom_right-top_left-tda trained. Accuracy: 0.9066 (50.13 sec.)
2025-05-04 05:03:02 - INFO - Training model: top_right-original-bottom_right-top_left-bottom_left
2025-05-04 05:03:36 - INFO - Model top_right-original-bottom_right-top_left-bottom_left completed in 33.14 seconds.
2025-05-04 05:03:36 - INFO - >>> Model top_right-original-bottom_right-top_left-bottom_left trained. Accuracy: 0.9179 (33.14 sec.)
2025-05-04 05:03:36 - INFO - Training model: top_right-original-bottom_right-tda-bottom_left
2025-05-04 05:04:27 - INFO - Model top_right-original-bottom_right-tda-bottom_left completed in 51.15 seconds.
2025-05-04 05:04:27 - INFO - >>> Model top_right-original-bottom_right-tda-bottom_left trained. Accuracy: 0.9019 (51.15 sec.)
2025-05-04 05:04:27 - INFO - Training model: top_right-original-top_left-tda-bottom_left
2025-05-04 05:05:16 - INFO - Model top_right-original-top_left-tda-bottom_left completed in 49.47 seconds.
2025-05-04 05:05:16 - INFO - >>> Model top_right-original-top_left-tda-bottom_left trained. Accuracy: 0.9084 (49.47 sec.)
2025-05-04 05:05:16 - INFO - Training model: original-bottom_right-top_left-tda-bottom_left
2025-05-04 05:06:06 - INFO - Model original-bottom_right-top_left-tda-bottom_left completed in 50.14 seconds.
2025-05-04 05:06:06 - INFO - >>> Model original-bottom_right-top_left-tda-bottom_left trained. Accuracy: 0.9016 (50.14 sec.)
2025-05-04 05:06:06 - INFO - Training model: top_right-original-bottom_right-top_left-tda-bottom_left
2025-05-04 05:07:02 - INFO - Model top_right-original-bottom_right-top_left-tda-bottom_left completed in 55.60 seconds.
2025-05-04 05:07:02 - INFO - >>> Model top_right-original-bottom_right-top_left-tda-bottom_left trained. Accuracy: 0.9152 (55.60 sec.)
2025-05-04 05:07:02 - INFO - All models trained successfully.
2025-05-04 05:07:02 - INFO - ========== [Model Training Completed] in 17.47 minutes ==========
2025-05-04 05:07:02 - INFO - ========== [Experiment Training Complete] ==========
2025-05-04 05:07:02 - INFO - Results saved to /home/jovyan/Workspace/workspace_mnist/results/exp_noise_lines_30_trainsplit_vary_noise/experiment_trainsize_predictions_2025-05-04_05-07-02.json
2025-05-04 05:07:02 - INFO - Results successfully saved to /home/jovyan/Workspace/workspace_mnist/results/exp_noise_lines_30_trainsplit_vary_noise/experiment_trainsize_predictions_2025-05-04_05-07-02.json
2025-05-04 05:07:02 - INFO - Forced Garbage collection executed to Free Memory.
2025-05-04 05:07:02 - INFO - ========== [Experiment Completed] in 30.26 minutes ==========
