2025-04-27 21:32:21 - INFO - Logging initialized.
 Writing to /home/jovyan/Workspace/workspace_mnist/logs/exp_noise_lines_30_trainsplit_vary_noise/experiment_logs_2025-04-27_21-32-21.log
2025-04-27 21:32:21 - INFO - ========== [Experiment Start] ==========
2025-04-27 21:32:21 - INFO - Views combinations successfully generated.
2025-04-27 21:32:21 - INFO - Topological Data Analysis pipeline generated.
2025-04-27 21:32:21 - INFO - Folder to save results has been created.
2025-04-27 21:32:21 - INFO - Reading dataset from mnist_784.csv (chunk size: 70000).
2025-04-27 21:32:22 - INFO - Starting multiview data preparation for a chunk of size (70000, 784)...
2025-04-27 21:32:22 - INFO - Running using 20 jobs.
2025-04-27 21:32:22 - INFO - Contaminating dataset with lines, quantity=29, transparency=1.0.
2025-04-27 21:32:35 - INFO - Splitting data: 50.0% train / 20.0% test (random_state=508701318)
2025-04-27 21:32:35 - INFO - Using full training data without second split.
2025-04-27 21:32:35 - INFO - Data split complete. Train size: (56000, 784), Test size: (14000, 784)
2025-04-27 21:32:35 - INFO - Reshaping train and test data into square images...
2025-04-27 21:32:35 - INFO - Reshaping complete. Train images shape: (56000, 28, 28), Test images shape: (14000, 28, 28)
2025-04-27 21:32:35 - INFO - Splitting images into quadrant views...
2025-04-27 21:32:35 - INFO - Quadrant view splitting complete. Train views: 4, Test views: 4
2025-04-27 21:32:35 - INFO - Saving sample images for each view...
2025-04-27 21:32:35 - INFO - Sample views saved successfully.
2025-04-27 21:32:35 - INFO - Starting TDA pipeline transformation on train data...
2025-04-27 21:43:50 - INFO - TDA transformation for train completed (11.25 minutes).
2025-04-27 21:43:50 - INFO - Applying TDA pipeline transformation on test data...
2025-04-27 21:46:23 - INFO - TDA transformation for test completed (2.57 minutes).
2025-04-27 21:46:23 - INFO - ========== [Model Training Start] ==========
2025-04-27 21:46:23 - INFO - Training model: original
2025-04-27 21:46:26 - INFO - Model original completed in 2.00 seconds.
2025-04-27 21:46:26 - INFO - >>> Model original trained. Accuracy: 0.8669 (2.00 sec.)
2025-04-27 21:46:26 - INFO - Training model: top_right-original
2025-04-27 21:46:41 - INFO - Model top_right-original completed in 15.93 seconds.
2025-04-27 21:46:41 - INFO - >>> Model top_right-original trained. Accuracy: 0.8854 (15.93 sec.)
2025-04-27 21:46:41 - INFO - Training model: bottom_right-original
2025-04-27 21:46:57 - INFO - Model bottom_right-original completed in 15.96 seconds.
2025-04-27 21:46:57 - INFO - >>> Model bottom_right-original trained. Accuracy: 0.8825 (15.96 sec.)
2025-04-27 21:46:57 - INFO - Training model: original-top_left
2025-04-27 21:47:13 - INFO - Model original-top_left completed in 15.61 seconds.
2025-04-27 21:47:13 - INFO - >>> Model original-top_left trained. Accuracy: 0.8829 (15.61 sec.)
2025-04-27 21:47:13 - INFO - Training model: original-tda
2025-04-27 21:47:47 - INFO - Model original-tda completed in 34.09 seconds.
2025-04-27 21:47:47 - INFO - >>> Model original-tda trained. Accuracy: 0.8698 (34.09 sec.)
2025-04-27 21:47:47 - INFO - Training model: original-bottom_left
2025-04-27 21:48:03 - INFO - Model original-bottom_left completed in 15.90 seconds.
2025-04-27 21:48:03 - INFO - >>> Model original-bottom_left trained. Accuracy: 0.8780 (15.90 sec.)
2025-04-27 21:48:03 - INFO - Training model: top_right-original-bottom_right
2025-04-27 21:48:25 - INFO - Model top_right-original-bottom_right completed in 21.58 seconds.
2025-04-27 21:48:25 - INFO - >>> Model top_right-original-bottom_right trained. Accuracy: 0.8952 (21.58 sec.)
2025-04-27 21:48:25 - INFO - Training model: top_right-original-top_left
2025-04-27 21:48:46 - INFO - Model top_right-original-top_left completed in 21.25 seconds.
2025-04-27 21:48:46 - INFO - >>> Model top_right-original-top_left trained. Accuracy: 0.8970 (21.25 sec.)
2025-04-27 21:48:46 - INFO - Training model: top_right-original-tda
2025-04-27 21:49:25 - INFO - Model top_right-original-tda completed in 39.49 seconds.
2025-04-27 21:49:25 - INFO - >>> Model top_right-original-tda trained. Accuracy: 0.8797 (39.49 sec.)
2025-04-27 21:49:25 - INFO - Training model: top_right-original-bottom_left
2025-04-27 21:49:47 - INFO - Model top_right-original-bottom_left completed in 21.58 seconds.
2025-04-27 21:49:47 - INFO - >>> Model top_right-original-bottom_left trained. Accuracy: 0.8926 (21.58 sec.)
2025-04-27 21:49:47 - INFO - Training model: bottom_right-original-top_left
2025-04-27 21:50:08 - INFO - Model bottom_right-original-top_left completed in 21.35 seconds.
2025-04-27 21:50:08 - INFO - >>> Model bottom_right-original-top_left trained. Accuracy: 0.8963 (21.35 sec.)
2025-04-27 21:50:08 - INFO - Training model: bottom_right-original-tda
2025-04-27 21:50:48 - INFO - Model bottom_right-original-tda completed in 39.45 seconds.
2025-04-27 21:50:48 - INFO - >>> Model bottom_right-original-tda trained. Accuracy: 0.8787 (39.45 sec.)
2025-04-27 21:50:48 - INFO - Training model: bottom_right-original-bottom_left
2025-04-27 21:51:10 - INFO - Model bottom_right-original-bottom_left completed in 21.76 seconds.
2025-04-27 21:51:10 - INFO - >>> Model bottom_right-original-bottom_left trained. Accuracy: 0.8871 (21.76 sec.)
2025-04-27 21:51:10 - INFO - Training model: original-top_left-tda
2025-04-27 21:51:49 - INFO - Model original-top_left-tda completed in 39.10 seconds.
2025-04-27 21:51:49 - INFO - >>> Model original-top_left-tda trained. Accuracy: 0.8801 (39.10 sec.)
2025-04-27 21:51:49 - INFO - Training model: original-top_left-bottom_left
2025-04-27 21:52:10 - INFO - Model original-top_left-bottom_left completed in 20.88 seconds.
2025-04-27 21:52:10 - INFO - >>> Model original-top_left-bottom_left trained. Accuracy: 0.8914 (20.88 sec.)
2025-04-27 21:52:10 - INFO - Training model: original-tda-bottom_left
2025-04-27 21:52:49 - INFO - Model original-tda-bottom_left completed in 39.05 seconds.
2025-04-27 21:52:49 - INFO - >>> Model original-tda-bottom_left trained. Accuracy: 0.8768 (39.05 sec.)
2025-04-27 21:52:49 - INFO - Training model: top_right-original-bottom_right-top_left
2025-04-27 21:53:15 - INFO - Model top_right-original-bottom_right-top_left completed in 26.59 seconds.
2025-04-27 21:53:15 - INFO - >>> Model top_right-original-bottom_right-top_left trained. Accuracy: 0.9095 (26.59 sec.)
2025-04-27 21:53:15 - INFO - Training model: top_right-original-bottom_right-tda
2025-04-27 21:54:00 - INFO - Model top_right-original-bottom_right-tda completed in 44.42 seconds.
2025-04-27 21:54:00 - INFO - >>> Model top_right-original-bottom_right-tda trained. Accuracy: 0.8911 (44.42 sec.)
2025-04-27 21:54:00 - INFO - Training model: top_right-original-bottom_right-bottom_left
2025-04-27 21:54:27 - INFO - Model top_right-original-bottom_right-bottom_left completed in 27.00 seconds.
2025-04-27 21:54:27 - INFO - >>> Model top_right-original-bottom_right-bottom_left trained. Accuracy: 0.9012 (27.00 sec.)
2025-04-27 21:54:27 - INFO - Training model: top_right-original-top_left-tda
2025-04-27 21:55:11 - INFO - Model top_right-original-top_left-tda completed in 44.07 seconds.
2025-04-27 21:55:11 - INFO - >>> Model top_right-original-top_left-tda trained. Accuracy: 0.8929 (44.07 sec.)
2025-04-27 21:55:11 - INFO - Training model: top_right-original-top_left-bottom_left
2025-04-27 21:55:37 - INFO - Model top_right-original-top_left-bottom_left completed in 26.47 seconds.
2025-04-27 21:55:37 - INFO - >>> Model top_right-original-top_left-bottom_left trained. Accuracy: 0.9067 (26.47 sec.)
2025-04-27 21:55:37 - INFO - Training model: top_right-original-tda-bottom_left
2025-04-27 21:56:22 - INFO - Model top_right-original-tda-bottom_left completed in 45.10 seconds.
2025-04-27 21:56:22 - INFO - >>> Model top_right-original-tda-bottom_left trained. Accuracy: 0.8891 (45.10 sec.)
2025-04-27 21:56:22 - INFO - Training model: bottom_right-original-top_left-tda
2025-04-27 21:57:07 - INFO - Model bottom_right-original-top_left-tda completed in 44.98 seconds.
2025-04-27 21:57:07 - INFO - >>> Model bottom_right-original-top_left-tda trained. Accuracy: 0.8922 (44.98 sec.)
2025-04-27 21:57:07 - INFO - Training model: bottom_right-original-top_left-bottom_left
2025-04-27 21:57:34 - INFO - Model bottom_right-original-top_left-bottom_left completed in 26.96 seconds.
2025-04-27 21:57:34 - INFO - >>> Model bottom_right-original-top_left-bottom_left trained. Accuracy: 0.9036 (26.96 sec.)
2025-04-27 21:57:34 - INFO - Training model: bottom_right-original-tda-bottom_left
2025-04-27 21:58:19 - INFO - Model bottom_right-original-tda-bottom_left completed in 44.92 seconds.
2025-04-27 21:58:19 - INFO - >>> Model bottom_right-original-tda-bottom_left trained. Accuracy: 0.8840 (44.92 sec.)
2025-04-27 21:58:19 - INFO - Training model: original-top_left-tda-bottom_left
2025-04-27 21:59:04 - INFO - Model original-top_left-tda-bottom_left completed in 44.67 seconds.
2025-04-27 21:59:04 - INFO - >>> Model original-top_left-tda-bottom_left trained. Accuracy: 0.8891 (44.67 sec.)
2025-04-27 21:59:04 - INFO - Training model: top_right-original-bottom_right-top_left-tda
2025-04-27 21:59:54 - INFO - Model top_right-original-bottom_right-top_left-tda completed in 50.53 seconds.
2025-04-27 21:59:54 - INFO - >>> Model top_right-original-bottom_right-top_left-tda trained. Accuracy: 0.9046 (50.53 sec.)
2025-04-27 21:59:54 - INFO - Training model: top_right-original-bottom_right-top_left-bottom_left
2025-04-27 22:00:27 - INFO - Model top_right-original-bottom_right-top_left-bottom_left completed in 32.33 seconds.
2025-04-27 22:00:27 - INFO - >>> Model top_right-original-bottom_right-top_left-bottom_left trained. Accuracy: 0.9161 (32.33 sec.)
2025-04-27 22:00:27 - INFO - Training model: top_right-original-bottom_right-tda-bottom_left
2025-04-27 22:01:18 - INFO - Model top_right-original-bottom_right-tda-bottom_left completed in 51.34 seconds.
2025-04-27 22:01:18 - INFO - >>> Model top_right-original-bottom_right-tda-bottom_left trained. Accuracy: 0.8989 (51.34 sec.)
2025-04-27 22:01:18 - INFO - Training model: top_right-original-top_left-tda-bottom_left
2025-04-27 22:02:08 - INFO - Model top_right-original-top_left-tda-bottom_left completed in 50.18 seconds.
2025-04-27 22:02:08 - INFO - >>> Model top_right-original-top_left-tda-bottom_left trained. Accuracy: 0.9049 (50.18 sec.)
2025-04-27 22:02:08 - INFO - Training model: original-bottom_right-top_left-tda-bottom_left
2025-04-27 22:02:59 - INFO - Model original-bottom_right-top_left-tda-bottom_left completed in 50.34 seconds.
2025-04-27 22:02:59 - INFO - >>> Model original-bottom_right-top_left-tda-bottom_left trained. Accuracy: 0.8988 (50.34 sec.)
2025-04-27 22:02:59 - INFO - Training model: top_right-original-bottom_right-top_left-tda-bottom_left
2025-04-27 22:03:55 - INFO - Model top_right-original-bottom_right-top_left-tda-bottom_left completed in 56.56 seconds.
2025-04-27 22:03:55 - INFO - >>> Model top_right-original-bottom_right-top_left-tda-bottom_left trained. Accuracy: 0.9119 (56.56 sec.)
2025-04-27 22:03:55 - INFO - All models trained successfully.
2025-04-27 22:03:55 - INFO - ========== [Model Training Completed] in 17.53 minutes ==========
2025-04-27 22:03:55 - INFO - ========== [Experiment Training Complete] ==========
2025-04-27 22:03:55 - INFO - Results saved to /home/jovyan/Workspace/workspace_mnist/results/exp_noise_lines_30_trainsplit_vary_noise/experiment_trainsize_predictions_2025-04-27_22-03-55.json
2025-04-27 22:03:55 - INFO - Results successfully saved to /home/jovyan/Workspace/workspace_mnist/results/exp_noise_lines_30_trainsplit_vary_noise/experiment_trainsize_predictions_2025-04-27_22-03-55.json
2025-04-27 22:03:55 - INFO - Forced Garbage collection executed to Free Memory.
2025-04-27 22:03:55 - INFO - ========== [Experiment Completed] in 31.57 minutes ==========
