2025-04-30 19:12:07 - INFO - Logging initialized.
 Writing to /home/jovyan/Workspace/workspace_mnist/logs/exp_noise_lines_30_trainsplit_vary_noise/experiment_logs_2025-04-30_19-12-07.log
2025-04-30 19:12:07 - INFO - ========== [Experiment Start] ==========
2025-04-30 19:12:07 - INFO - Views combinations successfully generated.
2025-04-30 19:12:07 - INFO - Topological Data Analysis pipeline generated.
2025-04-30 19:12:07 - INFO - Folder to save results has been created.
2025-04-30 19:12:07 - INFO - Reading dataset from mnist_784.csv (chunk size: 70000).
2025-04-30 19:12:08 - INFO - Starting multiview data preparation for a chunk of size (70000, 784)...
2025-04-30 19:12:08 - INFO - Running using 20 jobs.
2025-04-30 19:12:08 - INFO - Contaminating dataset with lines, quantity=7, transparency=1.0.
2025-04-30 19:12:13 - INFO - Splitting data: 50.0% train / 20.0% test (random_state=999719309)
2025-04-30 19:12:13 - INFO - Using full training data without second split.
2025-04-30 19:12:13 - INFO - Data split complete. Train size: (56000, 784), Test size: (14000, 784)
2025-04-30 19:12:13 - INFO - Reshaping train and test data into square images...
2025-04-30 19:12:13 - INFO - Reshaping complete. Train images shape: (56000, 28, 28), Test images shape: (14000, 28, 28)
2025-04-30 19:12:13 - INFO - Splitting images into quadrant views...
2025-04-30 19:12:13 - INFO - Quadrant view splitting complete. Train views: 4, Test views: 4
2025-04-30 19:12:13 - INFO - Saving sample images for each view...
2025-04-30 19:12:13 - INFO - Sample views saved successfully.
2025-04-30 19:12:13 - INFO - Starting TDA pipeline transformation on train data...
2025-04-30 19:23:16 - INFO - TDA transformation for train completed (11.05 minutes).
2025-04-30 19:23:16 - INFO - Applying TDA pipeline transformation on test data...
2025-04-30 19:25:52 - INFO - TDA transformation for test completed (2.60 minutes).
2025-04-30 19:25:52 - INFO - ========== [Model Training Start] ==========
2025-04-30 19:25:52 - INFO - Training model: original
2025-04-30 19:25:53 - INFO - Model original completed in 1.61 seconds.
2025-04-30 19:25:53 - INFO - >>> Model original trained. Accuracy: 0.9379 (1.61 sec.)
2025-04-30 19:25:53 - INFO - Training model: top_right-original
2025-04-30 19:26:07 - INFO - Model top_right-original completed in 13.37 seconds.
2025-04-30 19:26:07 - INFO - >>> Model top_right-original trained. Accuracy: 0.9440 (13.37 sec.)
2025-04-30 19:26:07 - INFO - Training model: bottom_right-original
2025-04-30 19:26:20 - INFO - Model bottom_right-original completed in 13.49 seconds.
2025-04-30 19:26:20 - INFO - >>> Model bottom_right-original trained. Accuracy: 0.9463 (13.49 sec.)
2025-04-30 19:26:20 - INFO - Training model: original-top_left
2025-04-30 19:26:33 - INFO - Model original-top_left completed in 12.95 seconds.
2025-04-30 19:26:33 - INFO - >>> Model original-top_left trained. Accuracy: 0.9455 (12.95 sec.)
2025-04-30 19:26:33 - INFO - Training model: original-tda
2025-04-30 19:27:02 - INFO - Model original-tda completed in 28.37 seconds.
2025-04-30 19:27:02 - INFO - >>> Model original-tda trained. Accuracy: 0.9398 (28.37 sec.)
2025-04-30 19:27:02 - INFO - Training model: original-bottom_left
2025-04-30 19:27:15 - INFO - Model original-bottom_left completed in 12.97 seconds.
2025-04-30 19:27:15 - INFO - >>> Model original-bottom_left trained. Accuracy: 0.9441 (12.97 sec.)
2025-04-30 19:27:15 - INFO - Training model: top_right-original-bottom_right
2025-04-30 19:27:33 - INFO - Model top_right-original-bottom_right completed in 18.68 seconds.
2025-04-30 19:27:33 - INFO - >>> Model top_right-original-bottom_right trained. Accuracy: 0.9521 (18.68 sec.)
2025-04-30 19:27:33 - INFO - Training model: top_right-original-top_left
2025-04-30 19:27:51 - INFO - Model top_right-original-top_left completed in 17.81 seconds.
2025-04-30 19:27:51 - INFO - >>> Model top_right-original-top_left trained. Accuracy: 0.9494 (17.81 sec.)
2025-04-30 19:27:51 - INFO - Training model: top_right-original-tda
2025-04-30 19:28:25 - INFO - Model top_right-original-tda completed in 33.57 seconds.
2025-04-30 19:28:25 - INFO - >>> Model top_right-original-tda trained. Accuracy: 0.9454 (33.57 sec.)
2025-04-30 19:28:25 - INFO - Training model: top_right-original-bottom_left
2025-04-30 19:28:43 - INFO - Model top_right-original-bottom_left completed in 18.18 seconds.
2025-04-30 19:28:43 - INFO - >>> Model top_right-original-bottom_left trained. Accuracy: 0.9488 (18.18 sec.)
2025-04-30 19:28:43 - INFO - Training model: bottom_right-original-top_left
2025-04-30 19:29:01 - INFO - Model bottom_right-original-top_left completed in 18.09 seconds.
2025-04-30 19:29:01 - INFO - >>> Model bottom_right-original-top_left trained. Accuracy: 0.9509 (18.09 sec.)
2025-04-30 19:29:01 - INFO - Training model: bottom_right-original-tda
2025-04-30 19:29:35 - INFO - Model bottom_right-original-tda completed in 33.90 seconds.
2025-04-30 19:29:35 - INFO - >>> Model bottom_right-original-tda trained. Accuracy: 0.9469 (33.90 sec.)
2025-04-30 19:29:35 - INFO - Training model: bottom_right-original-bottom_left
2025-04-30 19:29:53 - INFO - Model bottom_right-original-bottom_left completed in 18.49 seconds.
2025-04-30 19:29:53 - INFO - >>> Model bottom_right-original-bottom_left trained. Accuracy: 0.9480 (18.49 sec.)
2025-04-30 19:29:53 - INFO - Training model: original-top_left-tda
2025-04-30 19:30:27 - INFO - Model original-top_left-tda completed in 33.31 seconds.
2025-04-30 19:30:27 - INFO - >>> Model original-top_left-tda trained. Accuracy: 0.9449 (33.31 sec.)
2025-04-30 19:30:27 - INFO - Training model: original-top_left-bottom_left
2025-04-30 19:30:45 - INFO - Model original-top_left-bottom_left completed in 17.90 seconds.
2025-04-30 19:30:45 - INFO - >>> Model original-top_left-bottom_left trained. Accuracy: 0.9499 (17.90 sec.)
2025-04-30 19:30:45 - INFO - Training model: original-tda-bottom_left
2025-04-30 19:31:18 - INFO - Model original-tda-bottom_left completed in 33.55 seconds.
2025-04-30 19:31:18 - INFO - >>> Model original-tda-bottom_left trained. Accuracy: 0.9435 (33.55 sec.)
2025-04-30 19:31:18 - INFO - Training model: top_right-original-bottom_right-top_left
2025-04-30 19:31:41 - INFO - Model top_right-original-bottom_right-top_left completed in 22.96 seconds.
2025-04-30 19:31:41 - INFO - >>> Model top_right-original-bottom_right-top_left trained. Accuracy: 0.9567 (22.96 sec.)
2025-04-30 19:31:41 - INFO - Training model: top_right-original-bottom_right-tda
2025-04-30 19:32:19 - INFO - Model top_right-original-bottom_right-tda completed in 38.33 seconds.
2025-04-30 19:32:20 - INFO - >>> Model top_right-original-bottom_right-tda trained. Accuracy: 0.9524 (38.33 sec.)
2025-04-30 19:32:20 - INFO - Training model: top_right-original-bottom_right-bottom_left
2025-04-30 19:32:43 - INFO - Model top_right-original-bottom_right-bottom_left completed in 23.50 seconds.
2025-04-30 19:32:43 - INFO - >>> Model top_right-original-bottom_right-bottom_left trained. Accuracy: 0.9539 (23.50 sec.)
2025-04-30 19:32:43 - INFO - Training model: top_right-original-top_left-tda
2025-04-30 19:33:21 - INFO - Model top_right-original-top_left-tda completed in 38.02 seconds.
2025-04-30 19:33:21 - INFO - >>> Model top_right-original-top_left-tda trained. Accuracy: 0.9514 (38.02 sec.)
2025-04-30 19:33:21 - INFO - Training model: top_right-original-top_left-bottom_left
2025-04-30 19:33:44 - INFO - Model top_right-original-top_left-bottom_left completed in 22.52 seconds.
2025-04-30 19:33:44 - INFO - >>> Model top_right-original-top_left-bottom_left trained. Accuracy: 0.9551 (22.52 sec.)
2025-04-30 19:33:44 - INFO - Training model: top_right-original-tda-bottom_left
2025-04-30 19:34:22 - INFO - Model top_right-original-tda-bottom_left completed in 38.57 seconds.
2025-04-30 19:34:22 - INFO - >>> Model top_right-original-tda-bottom_left trained. Accuracy: 0.9495 (38.57 sec.)
2025-04-30 19:34:22 - INFO - Training model: bottom_right-original-top_left-tda
2025-04-30 19:35:00 - INFO - Model bottom_right-original-top_left-tda completed in 38.09 seconds.
2025-04-30 19:35:00 - INFO - >>> Model bottom_right-original-top_left-tda trained. Accuracy: 0.9504 (38.09 sec.)
2025-04-30 19:35:00 - INFO - Training model: bottom_right-original-top_left-bottom_left
2025-04-30 19:35:23 - INFO - Model bottom_right-original-top_left-bottom_left completed in 22.54 seconds.
2025-04-30 19:35:23 - INFO - >>> Model bottom_right-original-top_left-bottom_left trained. Accuracy: 0.9554 (22.54 sec.)
2025-04-30 19:35:23 - INFO - Training model: bottom_right-original-tda-bottom_left
2025-04-30 19:36:02 - INFO - Model bottom_right-original-tda-bottom_left completed in 38.93 seconds.
2025-04-30 19:36:02 - INFO - >>> Model bottom_right-original-tda-bottom_left trained. Accuracy: 0.9486 (38.93 sec.)
2025-04-30 19:36:02 - INFO - Training model: original-top_left-tda-bottom_left
2025-04-30 19:36:40 - INFO - Model original-top_left-tda-bottom_left completed in 37.99 seconds.
2025-04-30 19:36:40 - INFO - >>> Model original-top_left-tda-bottom_left trained. Accuracy: 0.9490 (37.99 sec.)
2025-04-30 19:36:40 - INFO - Training model: top_right-original-bottom_right-top_left-tda
2025-04-30 19:37:23 - INFO - Model top_right-original-bottom_right-top_left-tda completed in 43.00 seconds.
2025-04-30 19:37:23 - INFO - >>> Model top_right-original-bottom_right-top_left-tda trained. Accuracy: 0.9576 (43.00 sec.)
2025-04-30 19:37:23 - INFO - Training model: top_right-original-bottom_right-top_left-bottom_left
2025-04-30 19:37:51 - INFO - Model top_right-original-bottom_right-top_left-bottom_left completed in 28.13 seconds.
2025-04-30 19:37:51 - INFO - >>> Model top_right-original-bottom_right-top_left-bottom_left trained. Accuracy: 0.9611 (28.13 sec.)
2025-04-30 19:37:51 - INFO - Training model: top_right-original-bottom_right-tda-bottom_left
2025-04-30 19:38:34 - INFO - Model top_right-original-bottom_right-tda-bottom_left completed in 43.19 seconds.
2025-04-30 19:38:34 - INFO - >>> Model top_right-original-bottom_right-tda-bottom_left trained. Accuracy: 0.9549 (43.19 sec.)
2025-04-30 19:38:34 - INFO - Training model: top_right-original-top_left-tda-bottom_left
2025-04-30 19:39:17 - INFO - Model top_right-original-top_left-tda-bottom_left completed in 43.11 seconds.
2025-04-30 19:39:17 - INFO - >>> Model top_right-original-top_left-tda-bottom_left trained. Accuracy: 0.9554 (43.11 sec.)
2025-04-30 19:39:17 - INFO - Training model: original-bottom_right-top_left-tda-bottom_left
2025-04-30 19:40:00 - INFO - Model original-bottom_right-top_left-tda-bottom_left completed in 42.45 seconds.
2025-04-30 19:40:00 - INFO - >>> Model original-bottom_right-top_left-tda-bottom_left trained. Accuracy: 0.9547 (42.45 sec.)
2025-04-30 19:40:00 - INFO - Training model: top_right-original-bottom_right-top_left-tda-bottom_left
2025-04-30 19:40:47 - INFO - Model top_right-original-bottom_right-top_left-tda-bottom_left completed in 47.44 seconds.
2025-04-30 19:40:47 - INFO - >>> Model top_right-original-bottom_right-top_left-tda-bottom_left trained. Accuracy: 0.9618 (47.44 sec.)
2025-04-30 19:40:47 - INFO - All models trained successfully.
2025-04-30 19:40:47 - INFO - ========== [Model Training Completed] in 14.92 minutes ==========
2025-04-30 19:40:47 - INFO - ========== [Experiment Training Complete] ==========
2025-04-30 19:40:47 - INFO - Results saved to /home/jovyan/Workspace/workspace_mnist/results/exp_noise_lines_30_trainsplit_vary_noise/experiment_trainsize_predictions_2025-04-30_19-40-47.json
2025-04-30 19:40:47 - INFO - Results successfully saved to /home/jovyan/Workspace/workspace_mnist/results/exp_noise_lines_30_trainsplit_vary_noise/experiment_trainsize_predictions_2025-04-30_19-40-47.json
2025-04-30 19:40:47 - INFO - Forced Garbage collection executed to Free Memory.
2025-04-30 19:40:47 - INFO - ========== [Experiment Completed] in 28.66 minutes ==========
