2025-04-27 18:01:42 - INFO - Logging initialized.
 Writing to /home/jovyan/Workspace/workspace_mnist/logs/exp_noise_lines_30_trainsplit_vary_noise/experiment_logs_2025-04-27_18-01-42.log
2025-04-27 18:01:42 - INFO - ========== [Experiment Start] ==========
2025-04-27 18:01:42 - INFO - Views combinations successfully generated.
2025-04-27 18:01:42 - INFO - Topological Data Analysis pipeline generated.
2025-04-27 18:01:42 - INFO - Folder to save results has been created.
2025-04-27 18:01:42 - INFO - Reading dataset from mnist_784.csv (chunk size: 70000).
2025-04-27 18:01:42 - INFO - Starting multiview data preparation for a chunk of size (70000, 784)...
2025-04-27 18:01:42 - INFO - Running using 20 jobs.
2025-04-27 18:01:42 - INFO - Contaminating dataset with lines, quantity=15, transparency=1.0.
2025-04-27 18:01:50 - INFO - Splitting data: 50.0% train / 20.0% test (random_state=508701318)
2025-04-27 18:01:50 - INFO - Using full training data without second split.
2025-04-27 18:01:50 - INFO - Data split complete. Train size: (56000, 784), Test size: (14000, 784)
2025-04-27 18:01:50 - INFO - Reshaping train and test data into square images...
2025-04-27 18:01:50 - INFO - Reshaping complete. Train images shape: (56000, 28, 28), Test images shape: (14000, 28, 28)
2025-04-27 18:01:50 - INFO - Splitting images into quadrant views...
2025-04-27 18:01:50 - INFO - Quadrant view splitting complete. Train views: 4, Test views: 4
2025-04-27 18:01:50 - INFO - Saving sample images for each view...
2025-04-27 18:01:50 - INFO - Sample views saved successfully.
2025-04-27 18:01:50 - INFO - Starting TDA pipeline transformation on train data...
2025-04-27 18:12:30 - INFO - TDA transformation for train completed (10.67 minutes).
2025-04-27 18:12:30 - INFO - Applying TDA pipeline transformation on test data...
2025-04-27 18:15:08 - INFO - TDA transformation for test completed (2.64 minutes).
2025-04-27 18:15:08 - INFO - ========== [Model Training Start] ==========
2025-04-27 18:15:08 - INFO - Training model: original
2025-04-27 18:15:10 - INFO - Model original completed in 1.75 seconds.
2025-04-27 18:15:10 - INFO - >>> Model original trained. Accuracy: 0.9107 (1.75 sec.)
2025-04-27 18:15:10 - INFO - Training model: top_right-original
2025-04-27 18:15:25 - INFO - Model top_right-original completed in 14.61 seconds.
2025-04-27 18:15:25 - INFO - >>> Model top_right-original trained. Accuracy: 0.9222 (14.61 sec.)
2025-04-27 18:15:25 - INFO - Training model: bottom_right-original
2025-04-27 18:15:39 - INFO - Model bottom_right-original completed in 14.57 seconds.
2025-04-27 18:15:39 - INFO - >>> Model bottom_right-original trained. Accuracy: 0.9229 (14.57 sec.)
2025-04-27 18:15:39 - INFO - Training model: original-top_left
2025-04-27 18:15:53 - INFO - Model original-top_left completed in 14.02 seconds.
2025-04-27 18:15:53 - INFO - >>> Model original-top_left trained. Accuracy: 0.9223 (14.02 sec.)
2025-04-27 18:15:53 - INFO - Training model: original-tda
2025-04-27 18:16:24 - INFO - Model original-tda completed in 30.19 seconds.
2025-04-27 18:16:24 - INFO - >>> Model original-tda trained. Accuracy: 0.9143 (30.19 sec.)
2025-04-27 18:16:24 - INFO - Training model: original-bottom_left
2025-04-27 18:16:38 - INFO - Model original-bottom_left completed in 14.22 seconds.
2025-04-27 18:16:38 - INFO - >>> Model original-bottom_left trained. Accuracy: 0.9194 (14.22 sec.)
2025-04-27 18:16:38 - INFO - Training model: top_right-original-bottom_right
2025-04-27 18:16:57 - INFO - Model top_right-original-bottom_right completed in 19.62 seconds.
2025-04-27 18:16:57 - INFO - >>> Model top_right-original-bottom_right trained. Accuracy: 0.9315 (19.62 sec.)
2025-04-27 18:16:57 - INFO - Training model: top_right-original-top_left
2025-04-27 18:17:16 - INFO - Model top_right-original-top_left completed in 19.06 seconds.
2025-04-27 18:17:16 - INFO - >>> Model top_right-original-top_left trained. Accuracy: 0.9303 (19.06 sec.)
2025-04-27 18:17:16 - INFO - Training model: top_right-original-tda
2025-04-27 18:17:52 - INFO - Model top_right-original-tda completed in 35.45 seconds.
2025-04-27 18:17:52 - INFO - >>> Model top_right-original-tda trained. Accuracy: 0.9193 (35.45 sec.)
2025-04-27 18:17:52 - INFO - Training model: top_right-original-bottom_left
2025-04-27 18:18:11 - INFO - Model top_right-original-bottom_left completed in 19.42 seconds.
2025-04-27 18:18:11 - INFO - >>> Model top_right-original-bottom_left trained. Accuracy: 0.9273 (19.42 sec.)
2025-04-27 18:18:11 - INFO - Training model: bottom_right-original-top_left
2025-04-27 18:18:30 - INFO - Model bottom_right-original-top_left completed in 18.99 seconds.
2025-04-27 18:18:30 - INFO - >>> Model bottom_right-original-top_left trained. Accuracy: 0.9305 (18.99 sec.)
2025-04-27 18:18:30 - INFO - Training model: bottom_right-original-tda
2025-04-27 18:19:06 - INFO - Model bottom_right-original-tda completed in 35.95 seconds.
2025-04-27 18:19:06 - INFO - >>> Model bottom_right-original-tda trained. Accuracy: 0.9211 (35.95 sec.)
2025-04-27 18:19:06 - INFO - Training model: bottom_right-original-bottom_left
2025-04-27 18:19:26 - INFO - Model bottom_right-original-bottom_left completed in 19.44 seconds.
2025-04-27 18:19:26 - INFO - >>> Model bottom_right-original-bottom_left trained. Accuracy: 0.9275 (19.44 sec.)
2025-04-27 18:19:26 - INFO - Training model: original-top_left-tda
2025-04-27 18:20:01 - INFO - Model original-top_left-tda completed in 35.53 seconds.
2025-04-27 18:20:01 - INFO - >>> Model original-top_left-tda trained. Accuracy: 0.9206 (35.53 sec.)
2025-04-27 18:20:01 - INFO - Training model: original-top_left-bottom_left
2025-04-27 18:20:20 - INFO - Model original-top_left-bottom_left completed in 18.86 seconds.
2025-04-27 18:20:20 - INFO - >>> Model original-top_left-bottom_left trained. Accuracy: 0.9276 (18.86 sec.)
2025-04-27 18:20:20 - INFO - Training model: original-tda-bottom_left
2025-04-27 18:20:56 - INFO - Model original-tda-bottom_left completed in 35.53 seconds.
2025-04-27 18:20:56 - INFO - >>> Model original-tda-bottom_left trained. Accuracy: 0.9183 (35.53 sec.)
2025-04-27 18:20:56 - INFO - Training model: top_right-original-bottom_right-top_left
2025-04-27 18:21:20 - INFO - Model top_right-original-bottom_right-top_left completed in 24.40 seconds.
2025-04-27 18:21:20 - INFO - >>> Model top_right-original-bottom_right-top_left trained. Accuracy: 0.9384 (24.40 sec.)
2025-04-27 18:21:20 - INFO - Training model: top_right-original-bottom_right-tda
2025-04-27 18:22:01 - INFO - Model top_right-original-bottom_right-tda completed in 40.76 seconds.
2025-04-27 18:22:01 - INFO - >>> Model top_right-original-bottom_right-tda trained. Accuracy: 0.9295 (40.76 sec.)
2025-04-27 18:22:01 - INFO - Training model: top_right-original-bottom_right-bottom_left
2025-04-27 18:22:26 - INFO - Model top_right-original-bottom_right-bottom_left completed in 24.68 seconds.
2025-04-27 18:22:26 - INFO - >>> Model top_right-original-bottom_right-bottom_left trained. Accuracy: 0.9353 (24.68 sec.)
2025-04-27 18:22:26 - INFO - Training model: top_right-original-top_left-tda
2025-04-27 18:23:06 - INFO - Model top_right-original-top_left-tda completed in 40.92 seconds.
2025-04-27 18:23:06 - INFO - >>> Model top_right-original-top_left-tda trained. Accuracy: 0.9280 (40.92 sec.)
2025-04-27 18:23:06 - INFO - Training model: top_right-original-top_left-bottom_left
2025-04-27 18:23:31 - INFO - Model top_right-original-top_left-bottom_left completed in 24.53 seconds.
2025-04-27 18:23:31 - INFO - >>> Model top_right-original-top_left-bottom_left trained. Accuracy: 0.9355 (24.53 sec.)
2025-04-27 18:23:31 - INFO - Training model: top_right-original-tda-bottom_left
2025-04-27 18:24:12 - INFO - Model top_right-original-tda-bottom_left completed in 41.33 seconds.
2025-04-27 18:24:12 - INFO - >>> Model top_right-original-tda-bottom_left trained. Accuracy: 0.9256 (41.33 sec.)
2025-04-27 18:24:12 - INFO - Training model: bottom_right-original-top_left-tda
2025-04-27 18:24:53 - INFO - Model bottom_right-original-top_left-tda completed in 40.67 seconds.
2025-04-27 18:24:53 - INFO - >>> Model bottom_right-original-top_left-tda trained. Accuracy: 0.9279 (40.67 sec.)
2025-04-27 18:24:53 - INFO - Training model: bottom_right-original-top_left-bottom_left
2025-04-27 18:25:17 - INFO - Model bottom_right-original-top_left-bottom_left completed in 24.25 seconds.
2025-04-27 18:25:17 - INFO - >>> Model bottom_right-original-top_left-bottom_left trained. Accuracy: 0.9356 (24.25 sec.)
2025-04-27 18:25:17 - INFO - Training model: bottom_right-original-tda-bottom_left
2025-04-27 18:25:58 - INFO - Model bottom_right-original-tda-bottom_left completed in 40.80 seconds.
2025-04-27 18:25:58 - INFO - >>> Model bottom_right-original-tda-bottom_left trained. Accuracy: 0.9263 (40.80 sec.)
2025-04-27 18:25:58 - INFO - Training model: original-top_left-tda-bottom_left
2025-04-27 18:26:39 - INFO - Model original-top_left-tda-bottom_left completed in 41.12 seconds.
2025-04-27 18:26:39 - INFO - >>> Model original-top_left-tda-bottom_left trained. Accuracy: 0.9275 (41.12 sec.)
2025-04-27 18:26:39 - INFO - Training model: top_right-original-bottom_right-top_left-tda
2025-04-27 18:27:25 - INFO - Model top_right-original-bottom_right-top_left-tda completed in 45.81 seconds.
2025-04-27 18:27:25 - INFO - >>> Model top_right-original-bottom_right-top_left-tda trained. Accuracy: 0.9379 (45.81 sec.)
2025-04-27 18:27:25 - INFO - Training model: top_right-original-bottom_right-top_left-bottom_left
2025-04-27 18:27:54 - INFO - Model top_right-original-bottom_right-top_left-bottom_left completed in 29.43 seconds.
2025-04-27 18:27:54 - INFO - >>> Model top_right-original-bottom_right-top_left-bottom_left trained. Accuracy: 0.9439 (29.43 sec.)
2025-04-27 18:27:54 - INFO - Training model: top_right-original-bottom_right-tda-bottom_left
2025-04-27 18:28:41 - INFO - Model top_right-original-bottom_right-tda-bottom_left completed in 46.09 seconds.
2025-04-27 18:28:41 - INFO - >>> Model top_right-original-bottom_right-tda-bottom_left trained. Accuracy: 0.9339 (46.09 sec.)
2025-04-27 18:28:41 - INFO - Training model: top_right-original-top_left-tda-bottom_left
2025-04-27 18:29:26 - INFO - Model top_right-original-top_left-tda-bottom_left completed in 45.54 seconds.
2025-04-27 18:29:26 - INFO - >>> Model top_right-original-top_left-tda-bottom_left trained. Accuracy: 0.9347 (45.54 sec.)
2025-04-27 18:29:26 - INFO - Training model: original-bottom_right-top_left-tda-bottom_left
2025-04-27 18:30:12 - INFO - Model original-bottom_right-top_left-tda-bottom_left completed in 45.44 seconds.
2025-04-27 18:30:12 - INFO - >>> Model original-bottom_right-top_left-tda-bottom_left trained. Accuracy: 0.9346 (45.44 sec.)
2025-04-27 18:30:12 - INFO - Training model: top_right-original-bottom_right-top_left-tda-bottom_left
2025-04-27 18:31:02 - INFO - Model top_right-original-bottom_right-top_left-tda-bottom_left completed in 50.77 seconds.
2025-04-27 18:31:02 - INFO - >>> Model top_right-original-bottom_right-top_left-tda-bottom_left trained. Accuracy: 0.9428 (50.77 sec.)
2025-04-27 18:31:02 - INFO - All models trained successfully.
2025-04-27 18:31:02 - INFO - ========== [Model Training Completed] in 15.90 minutes ==========
2025-04-27 18:31:02 - INFO - ========== [Experiment Training Complete] ==========
2025-04-27 18:31:02 - INFO - Results saved to /home/jovyan/Workspace/workspace_mnist/results/exp_noise_lines_30_trainsplit_vary_noise/experiment_trainsize_predictions_2025-04-27_18-31-02.json
2025-04-27 18:31:02 - INFO - Results successfully saved to /home/jovyan/Workspace/workspace_mnist/results/exp_noise_lines_30_trainsplit_vary_noise/experiment_trainsize_predictions_2025-04-27_18-31-02.json
2025-04-27 18:31:02 - INFO - Forced Garbage collection executed to Free Memory.
2025-04-27 18:31:02 - INFO - ========== [Experiment Completed] in 29.35 minutes ==========
