2025-04-29 10:33:06 - INFO - Logging initialized.
 Writing to /home/jovyan/Workspace/workspace_mnist/logs/exp_noise_lines_30_trainsplit_vary_noise/experiment_logs_2025-04-29_10-33-06.log
2025-04-29 10:33:06 - INFO - ========== [Experiment Start] ==========
2025-04-29 10:33:06 - INFO - Views combinations successfully generated.
2025-04-29 10:33:06 - INFO - Topological Data Analysis pipeline generated.
2025-04-29 10:33:06 - INFO - Folder to save results has been created.
2025-04-29 10:33:06 - INFO - Reading dataset from mnist_784.csv (chunk size: 70000).
2025-04-29 10:33:07 - INFO - Starting multiview data preparation for a chunk of size (70000, 784)...
2025-04-29 10:33:07 - INFO - Running using 20 jobs.
2025-04-29 10:33:07 - INFO - Contaminating dataset with lines, quantity=27, transparency=1.0.
2025-04-29 10:33:19 - INFO - Splitting data: 50.0% train / 20.0% test (random_state=323447783)
2025-04-29 10:33:19 - INFO - Using full training data without second split.
2025-04-29 10:33:19 - INFO - Data split complete. Train size: (56000, 784), Test size: (14000, 784)
2025-04-29 10:33:19 - INFO - Reshaping train and test data into square images...
2025-04-29 10:33:19 - INFO - Reshaping complete. Train images shape: (56000, 28, 28), Test images shape: (14000, 28, 28)
2025-04-29 10:33:19 - INFO - Splitting images into quadrant views...
2025-04-29 10:33:19 - INFO - Quadrant view splitting complete. Train views: 4, Test views: 4
2025-04-29 10:33:19 - INFO - Saving sample images for each view...
2025-04-29 10:33:19 - INFO - Sample views saved successfully.
2025-04-29 10:33:19 - INFO - Starting TDA pipeline transformation on train data...
2025-04-29 10:43:46 - INFO - TDA transformation for train completed (10.44 minutes).
2025-04-29 10:43:46 - INFO - Applying TDA pipeline transformation on test data...
2025-04-29 10:46:19 - INFO - TDA transformation for test completed (2.56 minutes).
2025-04-29 10:46:19 - INFO - ========== [Model Training Start] ==========
2025-04-29 10:46:19 - INFO - Training model: original
2025-04-29 10:46:21 - INFO - Model original completed in 1.98 seconds.
2025-04-29 10:46:21 - INFO - >>> Model original trained. Accuracy: 0.8684 (1.98 sec.)
2025-04-29 10:46:21 - INFO - Training model: top_right-original
2025-04-29 10:46:37 - INFO - Model top_right-original completed in 15.79 seconds.
2025-04-29 10:46:37 - INFO - >>> Model top_right-original trained. Accuracy: 0.8876 (15.79 sec.)
2025-04-29 10:46:37 - INFO - Training model: bottom_right-original
2025-04-29 10:46:53 - INFO - Model bottom_right-original completed in 15.86 seconds.
2025-04-29 10:46:53 - INFO - >>> Model bottom_right-original trained. Accuracy: 0.8834 (15.86 sec.)
2025-04-29 10:46:53 - INFO - Training model: original-top_left
2025-04-29 10:47:08 - INFO - Model original-top_left completed in 15.43 seconds.
2025-04-29 10:47:08 - INFO - >>> Model original-top_left trained. Accuracy: 0.8868 (15.43 sec.)
2025-04-29 10:47:08 - INFO - Training model: original-tda
2025-04-29 10:47:40 - INFO - Model original-tda completed in 32.19 seconds.
2025-04-29 10:47:40 - INFO - >>> Model original-tda trained. Accuracy: 0.8710 (32.19 sec.)
2025-04-29 10:47:40 - INFO - Training model: original-bottom_left
2025-04-29 10:47:56 - INFO - Model original-bottom_left completed in 15.60 seconds.
2025-04-29 10:47:56 - INFO - >>> Model original-bottom_left trained. Accuracy: 0.8831 (15.60 sec.)
2025-04-29 10:47:56 - INFO - Training model: top_right-original-bottom_right
2025-04-29 10:48:17 - INFO - Model top_right-original-bottom_right completed in 21.38 seconds.
2025-04-29 10:48:17 - INFO - >>> Model top_right-original-bottom_right trained. Accuracy: 0.8969 (21.38 sec.)
2025-04-29 10:48:17 - INFO - Training model: top_right-original-top_left
2025-04-29 10:48:39 - INFO - Model top_right-original-top_left completed in 21.07 seconds.
2025-04-29 10:48:39 - INFO - >>> Model top_right-original-top_left trained. Accuracy: 0.8996 (21.07 sec.)
2025-04-29 10:48:39 - INFO - Training model: top_right-original-tda
2025-04-29 10:49:18 - INFO - Model top_right-original-tda completed in 39.17 seconds.
2025-04-29 10:49:18 - INFO - >>> Model top_right-original-tda trained. Accuracy: 0.8834 (39.17 sec.)
2025-04-29 10:49:18 - INFO - Training model: top_right-original-bottom_left
2025-04-29 10:49:39 - INFO - Model top_right-original-bottom_left completed in 21.56 seconds.
2025-04-29 10:49:39 - INFO - >>> Model top_right-original-bottom_left trained. Accuracy: 0.8971 (21.56 sec.)
2025-04-29 10:49:39 - INFO - Training model: bottom_right-original-top_left
2025-04-29 10:50:00 - INFO - Model bottom_right-original-top_left completed in 20.98 seconds.
2025-04-29 10:50:00 - INFO - >>> Model bottom_right-original-top_left trained. Accuracy: 0.8968 (20.98 sec.)
2025-04-29 10:50:00 - INFO - Training model: bottom_right-original-tda
2025-04-29 10:50:39 - INFO - Model bottom_right-original-tda completed in 38.44 seconds.
2025-04-29 10:50:39 - INFO - >>> Model bottom_right-original-tda trained. Accuracy: 0.8792 (38.44 sec.)
2025-04-29 10:50:39 - INFO - Training model: bottom_right-original-bottom_left
2025-04-29 10:51:00 - INFO - Model bottom_right-original-bottom_left completed in 20.94 seconds.
2025-04-29 10:51:00 - INFO - >>> Model bottom_right-original-bottom_left trained. Accuracy: 0.8916 (20.94 sec.)
2025-04-29 10:51:00 - INFO - Training model: original-top_left-tda
2025-04-29 10:51:38 - INFO - Model original-top_left-tda completed in 38.86 seconds.
2025-04-29 10:51:38 - INFO - >>> Model original-top_left-tda trained. Accuracy: 0.8816 (38.86 sec.)
2025-04-29 10:51:38 - INFO - Training model: original-top_left-bottom_left
2025-04-29 10:51:59 - INFO - Model original-top_left-bottom_left completed in 20.77 seconds.
2025-04-29 10:51:59 - INFO - >>> Model original-top_left-bottom_left trained. Accuracy: 0.8962 (20.77 sec.)
2025-04-29 10:51:59 - INFO - Training model: original-tda-bottom_left
2025-04-29 10:52:38 - INFO - Model original-tda-bottom_left completed in 38.71 seconds.
2025-04-29 10:52:38 - INFO - >>> Model original-tda-bottom_left trained. Accuracy: 0.8807 (38.71 sec.)
2025-04-29 10:52:38 - INFO - Training model: top_right-original-bottom_right-top_left
2025-04-29 10:53:04 - INFO - Model top_right-original-bottom_right-top_left completed in 26.19 seconds.
2025-04-29 10:53:04 - INFO - >>> Model top_right-original-bottom_right-top_left trained. Accuracy: 0.9091 (26.19 sec.)
2025-04-29 10:53:04 - INFO - Training model: top_right-original-bottom_right-tda
2025-04-29 10:53:48 - INFO - Model top_right-original-bottom_right-tda completed in 43.92 seconds.
2025-04-29 10:53:48 - INFO - >>> Model top_right-original-bottom_right-tda trained. Accuracy: 0.8960 (43.92 sec.)
2025-04-29 10:53:48 - INFO - Training model: top_right-original-bottom_right-bottom_left
2025-04-29 10:54:15 - INFO - Model top_right-original-bottom_right-bottom_left completed in 26.43 seconds.
2025-04-29 10:54:15 - INFO - >>> Model top_right-original-bottom_right-bottom_left trained. Accuracy: 0.9051 (26.43 sec.)
2025-04-29 10:54:15 - INFO - Training model: top_right-original-top_left-tda
2025-04-29 10:54:58 - INFO - Model top_right-original-top_left-tda completed in 43.55 seconds.
2025-04-29 10:54:58 - INFO - >>> Model top_right-original-top_left-tda trained. Accuracy: 0.8976 (43.55 sec.)
2025-04-29 10:54:58 - INFO - Training model: top_right-original-top_left-bottom_left
2025-04-29 10:55:24 - INFO - Model top_right-original-top_left-bottom_left completed in 26.13 seconds.
2025-04-29 10:55:24 - INFO - >>> Model top_right-original-top_left-bottom_left trained. Accuracy: 0.9110 (26.13 sec.)
2025-04-29 10:55:24 - INFO - Training model: top_right-original-tda-bottom_left
2025-04-29 10:56:09 - INFO - Model top_right-original-tda-bottom_left completed in 44.76 seconds.
2025-04-29 10:56:09 - INFO - >>> Model top_right-original-tda-bottom_left trained. Accuracy: 0.8941 (44.76 sec.)
2025-04-29 10:56:09 - INFO - Training model: bottom_right-original-top_left-tda
2025-04-29 10:56:53 - INFO - Model bottom_right-original-top_left-tda completed in 43.68 seconds.
2025-04-29 10:56:53 - INFO - >>> Model bottom_right-original-top_left-tda trained. Accuracy: 0.8929 (43.68 sec.)
2025-04-29 10:56:53 - INFO - Training model: bottom_right-original-top_left-bottom_left
2025-04-29 10:57:19 - INFO - Model bottom_right-original-top_left-bottom_left completed in 26.19 seconds.
2025-04-29 10:57:19 - INFO - >>> Model bottom_right-original-top_left-bottom_left trained. Accuracy: 0.9039 (26.19 sec.)
2025-04-29 10:57:19 - INFO - Training model: bottom_right-original-tda-bottom_left
2025-04-29 10:58:03 - INFO - Model bottom_right-original-tda-bottom_left completed in 43.90 seconds.
2025-04-29 10:58:03 - INFO - >>> Model bottom_right-original-tda-bottom_left trained. Accuracy: 0.8896 (43.90 sec.)
2025-04-29 10:58:03 - INFO - Training model: original-top_left-tda-bottom_left
2025-04-29 10:58:47 - INFO - Model original-top_left-tda-bottom_left completed in 44.37 seconds.
2025-04-29 10:58:47 - INFO - >>> Model original-top_left-tda-bottom_left trained. Accuracy: 0.8946 (44.37 sec.)
2025-04-29 10:58:47 - INFO - Training model: top_right-original-bottom_right-top_left-tda
2025-04-29 10:59:37 - INFO - Model top_right-original-bottom_right-top_left-tda completed in 49.48 seconds.
2025-04-29 10:59:37 - INFO - >>> Model top_right-original-bottom_right-top_left-tda trained. Accuracy: 0.9064 (49.48 sec.)
2025-04-29 10:59:37 - INFO - Training model: top_right-original-bottom_right-top_left-bottom_left
2025-04-29 11:00:09 - INFO - Model top_right-original-bottom_right-top_left-bottom_left completed in 32.00 seconds.
2025-04-29 11:00:09 - INFO - >>> Model top_right-original-bottom_right-top_left-bottom_left trained. Accuracy: 0.9191 (32.00 sec.)
2025-04-29 11:00:09 - INFO - Training model: top_right-original-bottom_right-tda-bottom_left
2025-04-29 11:00:59 - INFO - Model top_right-original-bottom_right-tda-bottom_left completed in 50.51 seconds.
2025-04-29 11:00:59 - INFO - >>> Model top_right-original-bottom_right-tda-bottom_left trained. Accuracy: 0.9034 (50.51 sec.)
2025-04-29 11:00:59 - INFO - Training model: top_right-original-top_left-tda-bottom_left
2025-04-29 11:01:49 - INFO - Model top_right-original-top_left-tda-bottom_left completed in 50.10 seconds.
2025-04-29 11:01:49 - INFO - >>> Model top_right-original-top_left-tda-bottom_left trained. Accuracy: 0.9084 (50.10 sec.)
2025-04-29 11:01:49 - INFO - Training model: original-bottom_right-top_left-tda-bottom_left
2025-04-29 11:02:38 - INFO - Model original-bottom_right-top_left-tda-bottom_left completed in 48.59 seconds.
2025-04-29 11:02:38 - INFO - >>> Model original-bottom_right-top_left-tda-bottom_left trained. Accuracy: 0.9021 (48.59 sec.)
2025-04-29 11:02:38 - INFO - Training model: top_right-original-bottom_right-top_left-tda-bottom_left
2025-04-29 11:03:33 - INFO - Model top_right-original-bottom_right-top_left-tda-bottom_left completed in 55.24 seconds.
2025-04-29 11:03:33 - INFO - >>> Model top_right-original-bottom_right-top_left-tda-bottom_left trained. Accuracy: 0.9166 (55.24 sec.)
2025-04-29 11:03:33 - INFO - All models trained successfully.
2025-04-29 11:03:33 - INFO - ========== [Model Training Completed] in 17.23 minutes ==========
2025-04-29 11:03:33 - INFO - ========== [Experiment Training Complete] ==========
2025-04-29 11:03:33 - INFO - Results saved to /home/jovyan/Workspace/workspace_mnist/results/exp_noise_lines_30_trainsplit_vary_noise/experiment_trainsize_predictions_2025-04-29_11-03-33.json
2025-04-29 11:03:33 - INFO - Results successfully saved to /home/jovyan/Workspace/workspace_mnist/results/exp_noise_lines_30_trainsplit_vary_noise/experiment_trainsize_predictions_2025-04-29_11-03-33.json
2025-04-29 11:03:33 - INFO - Forced Garbage collection executed to Free Memory.
2025-04-29 11:03:33 - INFO - ========== [Experiment Completed] in 30.45 minutes ==========
