2025-04-29 22:08:03 - INFO - Logging initialized.
 Writing to /home/jovyan/Workspace/workspace_mnist/logs/exp_noise_lines_30_trainsplit_vary_noise/experiment_logs_2025-04-29_22-08-03.log
2025-04-29 22:08:03 - INFO - ========== [Experiment Start] ==========
2025-04-29 22:08:03 - INFO - Views combinations successfully generated.
2025-04-29 22:08:03 - INFO - Topological Data Analysis pipeline generated.
2025-04-29 22:08:03 - INFO - Folder to save results has been created.
2025-04-29 22:08:03 - INFO - Reading dataset from mnist_784.csv (chunk size: 70000).
2025-04-29 22:08:03 - INFO - Starting multiview data preparation for a chunk of size (70000, 784)...
2025-04-29 22:08:03 - INFO - Running using 20 jobs.
2025-04-29 22:08:03 - INFO - Contaminating dataset with lines, quantity=23, transparency=1.0.
2025-04-29 22:08:14 - INFO - Splitting data: 50.0% train / 20.0% test (random_state=824368717)
2025-04-29 22:08:14 - INFO - Using full training data without second split.
2025-04-29 22:08:14 - INFO - Data split complete. Train size: (56000, 784), Test size: (14000, 784)
2025-04-29 22:08:14 - INFO - Reshaping train and test data into square images...
2025-04-29 22:08:14 - INFO - Reshaping complete. Train images shape: (56000, 28, 28), Test images shape: (14000, 28, 28)
2025-04-29 22:08:14 - INFO - Splitting images into quadrant views...
2025-04-29 22:08:14 - INFO - Quadrant view splitting complete. Train views: 4, Test views: 4
2025-04-29 22:08:14 - INFO - Saving sample images for each view...
2025-04-29 22:08:14 - INFO - Sample views saved successfully.
2025-04-29 22:08:14 - INFO - Starting TDA pipeline transformation on train data...
2025-04-29 22:19:13 - INFO - TDA transformation for train completed (10.98 minutes).
2025-04-29 22:19:13 - INFO - Applying TDA pipeline transformation on test data...
2025-04-29 22:21:45 - INFO - TDA transformation for test completed (2.53 minutes).
2025-04-29 22:21:45 - INFO - ========== [Model Training Start] ==========
2025-04-29 22:21:45 - INFO - Training model: original
2025-04-29 22:21:46 - INFO - Model original completed in 1.93 seconds.
2025-04-29 22:21:46 - INFO - >>> Model original trained. Accuracy: 0.8875 (1.93 sec.)
2025-04-29 22:21:46 - INFO - Training model: top_right-original
2025-04-29 22:22:02 - INFO - Model top_right-original completed in 15.52 seconds.
2025-04-29 22:22:02 - INFO - >>> Model top_right-original trained. Accuracy: 0.9037 (15.52 sec.)
2025-04-29 22:22:02 - INFO - Training model: bottom_right-original
2025-04-29 22:22:18 - INFO - Model bottom_right-original completed in 15.66 seconds.
2025-04-29 22:22:18 - INFO - >>> Model bottom_right-original trained. Accuracy: 0.9001 (15.66 sec.)
2025-04-29 22:22:18 - INFO - Training model: original-top_left
2025-04-29 22:22:32 - INFO - Model original-top_left completed in 14.81 seconds.
2025-04-29 22:22:32 - INFO - >>> Model original-top_left trained. Accuracy: 0.9020 (14.81 sec.)
2025-04-29 22:22:32 - INFO - Training model: original-tda
2025-04-29 22:23:06 - INFO - Model original-tda completed in 33.10 seconds.
2025-04-29 22:23:06 - INFO - >>> Model original-tda trained. Accuracy: 0.8889 (33.10 sec.)
2025-04-29 22:23:06 - INFO - Training model: original-bottom_left
2025-04-29 22:23:21 - INFO - Model original-bottom_left completed in 15.37 seconds.
2025-04-29 22:23:21 - INFO - >>> Model original-bottom_left trained. Accuracy: 0.8975 (15.37 sec.)
2025-04-29 22:23:21 - INFO - Training model: top_right-original-bottom_right
2025-04-29 22:23:42 - INFO - Model top_right-original-bottom_right completed in 21.01 seconds.
2025-04-29 22:23:42 - INFO - >>> Model top_right-original-bottom_right trained. Accuracy: 0.9111 (21.01 sec.)
2025-04-29 22:23:42 - INFO - Training model: top_right-original-top_left
2025-04-29 22:24:03 - INFO - Model top_right-original-top_left completed in 20.60 seconds.
2025-04-29 22:24:03 - INFO - >>> Model top_right-original-top_left trained. Accuracy: 0.9124 (20.60 sec.)
2025-04-29 22:24:03 - INFO - Training model: top_right-original-tda
2025-04-29 22:24:41 - INFO - Model top_right-original-tda completed in 38.86 seconds.
2025-04-29 22:24:41 - INFO - >>> Model top_right-original-tda trained. Accuracy: 0.9016 (38.86 sec.)
2025-04-29 22:24:41 - INFO - Training model: top_right-original-bottom_left
2025-04-29 22:25:02 - INFO - Model top_right-original-bottom_left completed in 20.69 seconds.
2025-04-29 22:25:02 - INFO - >>> Model top_right-original-bottom_left trained. Accuracy: 0.9104 (20.69 sec.)
2025-04-29 22:25:02 - INFO - Training model: bottom_right-original-top_left
2025-04-29 22:25:23 - INFO - Model bottom_right-original-top_left completed in 20.61 seconds.
2025-04-29 22:25:23 - INFO - >>> Model bottom_right-original-top_left trained. Accuracy: 0.9087 (20.61 sec.)
2025-04-29 22:25:23 - INFO - Training model: bottom_right-original-tda
2025-04-29 22:26:01 - INFO - Model bottom_right-original-tda completed in 38.22 seconds.
2025-04-29 22:26:01 - INFO - >>> Model bottom_right-original-tda trained. Accuracy: 0.8969 (38.22 sec.)
2025-04-29 22:26:01 - INFO - Training model: bottom_right-original-bottom_left
2025-04-29 22:26:22 - INFO - Model bottom_right-original-bottom_left completed in 20.68 seconds.
2025-04-29 22:26:22 - INFO - >>> Model bottom_right-original-bottom_left trained. Accuracy: 0.9045 (20.68 sec.)
2025-04-29 22:26:22 - INFO - Training model: original-top_left-tda
2025-04-29 22:27:00 - INFO - Model original-top_left-tda completed in 38.20 seconds.
2025-04-29 22:27:00 - INFO - >>> Model original-top_left-tda trained. Accuracy: 0.8989 (38.20 sec.)
2025-04-29 22:27:00 - INFO - Training model: original-top_left-bottom_left
2025-04-29 22:27:20 - INFO - Model original-top_left-bottom_left completed in 20.41 seconds.
2025-04-29 22:27:20 - INFO - >>> Model original-top_left-bottom_left trained. Accuracy: 0.9092 (20.41 sec.)
2025-04-29 22:27:20 - INFO - Training model: original-tda-bottom_left
2025-04-29 22:27:58 - INFO - Model original-tda-bottom_left completed in 37.96 seconds.
2025-04-29 22:27:58 - INFO - >>> Model original-tda-bottom_left trained. Accuracy: 0.8946 (37.96 sec.)
2025-04-29 22:27:58 - INFO - Training model: top_right-original-bottom_right-top_left
2025-04-29 22:28:25 - INFO - Model top_right-original-bottom_right-top_left completed in 26.48 seconds.
2025-04-29 22:28:25 - INFO - >>> Model top_right-original-bottom_right-top_left trained. Accuracy: 0.9205 (26.48 sec.)
2025-04-29 22:28:25 - INFO - Training model: top_right-original-bottom_right-tda
2025-04-29 22:29:08 - INFO - Model top_right-original-bottom_right-tda completed in 43.68 seconds.
2025-04-29 22:29:08 - INFO - >>> Model top_right-original-bottom_right-tda trained. Accuracy: 0.9103 (43.68 sec.)
2025-04-29 22:29:08 - INFO - Training model: top_right-original-bottom_right-bottom_left
2025-04-29 22:29:35 - INFO - Model top_right-original-bottom_right-bottom_left completed in 26.61 seconds.
2025-04-29 22:29:35 - INFO - >>> Model top_right-original-bottom_right-bottom_left trained. Accuracy: 0.9187 (26.61 sec.)
2025-04-29 22:29:35 - INFO - Training model: top_right-original-top_left-tda
2025-04-29 22:30:18 - INFO - Model top_right-original-top_left-tda completed in 43.19 seconds.
2025-04-29 22:30:18 - INFO - >>> Model top_right-original-top_left-tda trained. Accuracy: 0.9096 (43.19 sec.)
2025-04-29 22:30:18 - INFO - Training model: top_right-original-top_left-bottom_left
2025-04-29 22:30:45 - INFO - Model top_right-original-top_left-bottom_left completed in 26.28 seconds.
2025-04-29 22:30:45 - INFO - >>> Model top_right-original-top_left-bottom_left trained. Accuracy: 0.9221 (26.28 sec.)
2025-04-29 22:30:45 - INFO - Training model: top_right-original-tda-bottom_left
2025-04-29 22:31:28 - INFO - Model top_right-original-tda-bottom_left completed in 43.78 seconds.
2025-04-29 22:31:28 - INFO - >>> Model top_right-original-tda-bottom_left trained. Accuracy: 0.9069 (43.78 sec.)
2025-04-29 22:31:28 - INFO - Training model: bottom_right-original-top_left-tda
2025-04-29 22:32:13 - INFO - Model bottom_right-original-top_left-tda completed in 44.79 seconds.
2025-04-29 22:32:13 - INFO - >>> Model bottom_right-original-top_left-tda trained. Accuracy: 0.9060 (44.79 sec.)
2025-04-29 22:32:13 - INFO - Training model: bottom_right-original-top_left-bottom_left
2025-04-29 22:32:39 - INFO - Model bottom_right-original-top_left-bottom_left completed in 25.46 seconds.
2025-04-29 22:32:39 - INFO - >>> Model bottom_right-original-top_left-bottom_left trained. Accuracy: 0.9175 (25.46 sec.)
2025-04-29 22:32:39 - INFO - Training model: bottom_right-original-tda-bottom_left
2025-04-29 22:33:23 - INFO - Model bottom_right-original-tda-bottom_left completed in 44.11 seconds.
2025-04-29 22:33:23 - INFO - >>> Model bottom_right-original-tda-bottom_left trained. Accuracy: 0.9030 (44.11 sec.)
2025-04-29 22:33:23 - INFO - Training model: original-top_left-tda-bottom_left
2025-04-29 22:34:06 - INFO - Model original-top_left-tda-bottom_left completed in 43.61 seconds.
2025-04-29 22:34:06 - INFO - >>> Model original-top_left-tda-bottom_left trained. Accuracy: 0.9066 (43.61 sec.)
2025-04-29 22:34:06 - INFO - Training model: top_right-original-bottom_right-top_left-tda
2025-04-29 22:34:56 - INFO - Model top_right-original-bottom_right-top_left-tda completed in 49.52 seconds.
2025-04-29 22:34:56 - INFO - >>> Model top_right-original-bottom_right-top_left-tda trained. Accuracy: 0.9187 (49.52 sec.)
2025-04-29 22:34:56 - INFO - Training model: top_right-original-bottom_right-top_left-bottom_left
2025-04-29 22:35:28 - INFO - Model top_right-original-bottom_right-top_left-bottom_left completed in 31.94 seconds.
2025-04-29 22:35:28 - INFO - >>> Model top_right-original-bottom_right-top_left-bottom_left trained. Accuracy: 0.9295 (31.94 sec.)
2025-04-29 22:35:28 - INFO - Training model: top_right-original-bottom_right-tda-bottom_left
2025-04-29 22:36:17 - INFO - Model top_right-original-bottom_right-tda-bottom_left completed in 49.50 seconds.
2025-04-29 22:36:17 - INFO - >>> Model top_right-original-bottom_right-tda-bottom_left trained. Accuracy: 0.9171 (49.50 sec.)
2025-04-29 22:36:17 - INFO - Training model: top_right-original-top_left-tda-bottom_left
2025-04-29 22:37:06 - INFO - Model top_right-original-top_left-tda-bottom_left completed in 48.79 seconds.
2025-04-29 22:37:06 - INFO - >>> Model top_right-original-top_left-tda-bottom_left trained. Accuracy: 0.9188 (48.79 sec.)
2025-04-29 22:37:06 - INFO - Training model: original-bottom_right-top_left-tda-bottom_left
2025-04-29 22:37:55 - INFO - Model original-bottom_right-top_left-tda-bottom_left completed in 49.04 seconds.
2025-04-29 22:37:55 - INFO - >>> Model original-bottom_right-top_left-tda-bottom_left trained. Accuracy: 0.9152 (49.04 sec.)
2025-04-29 22:37:55 - INFO - Training model: top_right-original-bottom_right-top_left-tda-bottom_left
2025-04-29 22:38:50 - INFO - Model top_right-original-bottom_right-top_left-tda-bottom_left completed in 54.57 seconds.
2025-04-29 22:38:50 - INFO - >>> Model top_right-original-bottom_right-top_left-tda-bottom_left trained. Accuracy: 0.9283 (54.57 sec.)
2025-04-29 22:38:50 - INFO - All models trained successfully.
2025-04-29 22:38:50 - INFO - ========== [Model Training Completed] in 17.09 minutes ==========
2025-04-29 22:38:50 - INFO - ========== [Experiment Training Complete] ==========
2025-04-29 22:38:50 - INFO - Results saved to /home/jovyan/Workspace/workspace_mnist/results/exp_noise_lines_30_trainsplit_vary_noise/experiment_trainsize_predictions_2025-04-29_22-38-50.json
2025-04-29 22:38:50 - INFO - Results successfully saved to /home/jovyan/Workspace/workspace_mnist/results/exp_noise_lines_30_trainsplit_vary_noise/experiment_trainsize_predictions_2025-04-29_22-38-50.json
2025-04-29 22:38:50 - INFO - Forced Garbage collection executed to Free Memory.
2025-04-29 22:38:50 - INFO - ========== [Experiment Completed] in 30.79 minutes ==========
