2025-04-30 17:19:16 - INFO - Logging initialized.
 Writing to /home/jovyan/Workspace/workspace_mnist/logs/exp_noise_lines_30_trainsplit_vary_noise/experiment_logs_2025-04-30_17-19-16.log
2025-04-30 17:19:16 - INFO - ========== [Experiment Start] ==========
2025-04-30 17:19:16 - INFO - Views combinations successfully generated.
2025-04-30 17:19:16 - INFO - Topological Data Analysis pipeline generated.
2025-04-30 17:19:16 - INFO - Folder to save results has been created.
2025-04-30 17:19:16 - INFO - Reading dataset from mnist_784.csv (chunk size: 70000).
2025-04-30 17:19:17 - INFO - Starting multiview data preparation for a chunk of size (70000, 784)...
2025-04-30 17:19:17 - INFO - Running using 20 jobs.
2025-04-30 17:19:17 - INFO - Contaminating dataset with lines, quantity=49, transparency=1.0.
2025-04-30 17:19:37 - INFO - Splitting data: 50.0% train / 20.0% test (random_state=582848128)
2025-04-30 17:19:37 - INFO - Using full training data without second split.
2025-04-30 17:19:37 - INFO - Data split complete. Train size: (56000, 784), Test size: (14000, 784)
2025-04-30 17:19:37 - INFO - Reshaping train and test data into square images...
2025-04-30 17:19:37 - INFO - Reshaping complete. Train images shape: (56000, 28, 28), Test images shape: (14000, 28, 28)
2025-04-30 17:19:37 - INFO - Splitting images into quadrant views...
2025-04-30 17:19:37 - INFO - Quadrant view splitting complete. Train views: 4, Test views: 4
2025-04-30 17:19:37 - INFO - Saving sample images for each view...
2025-04-30 17:19:37 - INFO - Sample views saved successfully.
2025-04-30 17:19:37 - INFO - Starting TDA pipeline transformation on train data...
2025-04-30 17:30:13 - INFO - TDA transformation for train completed (10.60 minutes).
2025-04-30 17:30:13 - INFO - Applying TDA pipeline transformation on test data...
2025-04-30 17:32:55 - INFO - TDA transformation for test completed (2.70 minutes).
2025-04-30 17:32:55 - INFO - ========== [Model Training Start] ==========
2025-04-30 17:32:55 - INFO - Training model: original
2025-04-30 17:32:57 - INFO - Model original completed in 2.15 seconds.
2025-04-30 17:32:57 - INFO - >>> Model original trained. Accuracy: 0.7806 (2.15 sec.)
2025-04-30 17:32:57 - INFO - Training model: top_right-original
2025-04-30 17:33:14 - INFO - Model top_right-original completed in 17.25 seconds.
2025-04-30 17:33:14 - INFO - >>> Model top_right-original trained. Accuracy: 0.8065 (17.25 sec.)
2025-04-30 17:33:14 - INFO - Training model: bottom_right-original
2025-04-30 17:33:32 - INFO - Model bottom_right-original completed in 17.16 seconds.
2025-04-30 17:33:32 - INFO - >>> Model bottom_right-original trained. Accuracy: 0.7999 (17.16 sec.)
2025-04-30 17:33:32 - INFO - Training model: original-top_left
2025-04-30 17:33:49 - INFO - Model original-top_left completed in 16.87 seconds.
2025-04-30 17:33:49 - INFO - >>> Model original-top_left trained. Accuracy: 0.8065 (16.87 sec.)
2025-04-30 17:33:49 - INFO - Training model: original-tda
2025-04-30 17:34:22 - INFO - Model original-tda completed in 33.03 seconds.
2025-04-30 17:34:22 - INFO - >>> Model original-tda trained. Accuracy: 0.7839 (33.03 sec.)
2025-04-30 17:34:22 - INFO - Training model: original-bottom_left
2025-04-30 17:34:39 - INFO - Model original-bottom_left completed in 17.16 seconds.
2025-04-30 17:34:39 - INFO - >>> Model original-bottom_left trained. Accuracy: 0.7993 (17.16 sec.)
2025-04-30 17:34:39 - INFO - Training model: top_right-original-bottom_right
2025-04-30 17:35:02 - INFO - Model top_right-original-bottom_right completed in 23.12 seconds.
2025-04-30 17:35:02 - INFO - >>> Model top_right-original-bottom_right trained. Accuracy: 0.8208 (23.12 sec.)
2025-04-30 17:35:02 - INFO - Training model: top_right-original-top_left
2025-04-30 17:35:25 - INFO - Model top_right-original-top_left completed in 22.83 seconds.
2025-04-30 17:35:25 - INFO - >>> Model top_right-original-top_left trained. Accuracy: 0.8241 (22.83 sec.)
2025-04-30 17:35:25 - INFO - Training model: top_right-original-tda
2025-04-30 17:36:04 - INFO - Model top_right-original-tda completed in 39.50 seconds.
2025-04-30 17:36:04 - INFO - >>> Model top_right-original-tda trained. Accuracy: 0.8013 (39.50 sec.)
2025-04-30 17:36:04 - INFO - Training model: top_right-original-bottom_left
2025-04-30 17:36:27 - INFO - Model top_right-original-bottom_left completed in 22.86 seconds.
2025-04-30 17:36:27 - INFO - >>> Model top_right-original-bottom_left trained. Accuracy: 0.8205 (22.86 sec.)
2025-04-30 17:36:27 - INFO - Training model: bottom_right-original-top_left
2025-04-30 17:36:50 - INFO - Model bottom_right-original-top_left completed in 22.77 seconds.
2025-04-30 17:36:50 - INFO - >>> Model bottom_right-original-top_left trained. Accuracy: 0.8199 (22.77 sec.)
2025-04-30 17:36:50 - INFO - Training model: bottom_right-original-tda
2025-04-30 17:37:28 - INFO - Model bottom_right-original-tda completed in 38.61 seconds.
2025-04-30 17:37:28 - INFO - >>> Model bottom_right-original-tda trained. Accuracy: 0.7951 (38.61 sec.)
2025-04-30 17:37:28 - INFO - Training model: bottom_right-original-bottom_left
2025-04-30 17:37:51 - INFO - Model bottom_right-original-bottom_left completed in 22.99 seconds.
2025-04-30 17:37:51 - INFO - >>> Model bottom_right-original-bottom_left trained. Accuracy: 0.8097 (22.99 sec.)
2025-04-30 17:37:51 - INFO - Training model: original-top_left-tda
2025-04-30 17:38:30 - INFO - Model original-top_left-tda completed in 39.01 seconds.
2025-04-30 17:38:30 - INFO - >>> Model original-top_left-tda trained. Accuracy: 0.7984 (39.01 sec.)
2025-04-30 17:38:30 - INFO - Training model: original-top_left-bottom_left
2025-04-30 17:38:53 - INFO - Model original-top_left-bottom_left completed in 22.74 seconds.
2025-04-30 17:38:53 - INFO - >>> Model original-top_left-bottom_left trained. Accuracy: 0.8202 (22.74 sec.)
2025-04-30 17:38:53 - INFO - Training model: original-tda-bottom_left
2025-04-30 17:39:32 - INFO - Model original-tda-bottom_left completed in 39.20 seconds.
2025-04-30 17:39:32 - INFO - >>> Model original-tda-bottom_left trained. Accuracy: 0.7919 (39.20 sec.)
2025-04-30 17:39:32 - INFO - Training model: top_right-original-bottom_right-top_left
2025-04-30 17:40:01 - INFO - Model top_right-original-bottom_right-top_left completed in 28.55 seconds.
2025-04-30 17:40:01 - INFO - >>> Model top_right-original-bottom_right-top_left trained. Accuracy: 0.8396 (28.55 sec.)
2025-04-30 17:40:01 - INFO - Training model: top_right-original-bottom_right-tda
2025-04-30 17:40:47 - INFO - Model top_right-original-bottom_right-tda completed in 45.82 seconds.
2025-04-30 17:40:47 - INFO - >>> Model top_right-original-bottom_right-tda trained. Accuracy: 0.8163 (45.82 sec.)
2025-04-30 17:40:47 - INFO - Training model: top_right-original-bottom_right-bottom_left
2025-04-30 17:41:16 - INFO - Model top_right-original-bottom_right-bottom_left completed in 29.04 seconds.
2025-04-30 17:41:16 - INFO - >>> Model top_right-original-bottom_right-bottom_left trained. Accuracy: 0.8376 (29.04 sec.)
2025-04-30 17:41:16 - INFO - Training model: top_right-original-top_left-tda
2025-04-30 17:42:01 - INFO - Model top_right-original-top_left-tda completed in 44.89 seconds.
2025-04-30 17:42:01 - INFO - >>> Model top_right-original-top_left-tda trained. Accuracy: 0.8184 (44.89 sec.)
2025-04-30 17:42:01 - INFO - Training model: top_right-original-top_left-bottom_left
2025-04-30 17:42:29 - INFO - Model top_right-original-top_left-bottom_left completed in 28.27 seconds.
2025-04-30 17:42:29 - INFO - >>> Model top_right-original-top_left-bottom_left trained. Accuracy: 0.8429 (28.27 sec.)
2025-04-30 17:42:29 - INFO - Training model: top_right-original-tda-bottom_left
2025-04-30 17:43:15 - INFO - Model top_right-original-tda-bottom_left completed in 45.61 seconds.
2025-04-30 17:43:15 - INFO - >>> Model top_right-original-tda-bottom_left trained. Accuracy: 0.8180 (45.61 sec.)
2025-04-30 17:43:15 - INFO - Training model: bottom_right-original-top_left-tda
2025-04-30 17:44:00 - INFO - Model bottom_right-original-top_left-tda completed in 45.78 seconds.
2025-04-30 17:44:00 - INFO - >>> Model bottom_right-original-top_left-tda trained. Accuracy: 0.8131 (45.78 sec.)
2025-04-30 17:44:00 - INFO - Training model: bottom_right-original-top_left-bottom_left
2025-04-30 17:44:29 - INFO - Model bottom_right-original-top_left-bottom_left completed in 28.23 seconds.
2025-04-30 17:44:29 - INFO - >>> Model bottom_right-original-top_left-bottom_left trained. Accuracy: 0.8317 (28.23 sec.)
2025-04-30 17:44:29 - INFO - Training model: bottom_right-original-tda-bottom_left
2025-04-30 17:45:14 - INFO - Model bottom_right-original-tda-bottom_left completed in 44.99 seconds.
2025-04-30 17:45:14 - INFO - >>> Model bottom_right-original-tda-bottom_left trained. Accuracy: 0.8037 (44.99 sec.)
2025-04-30 17:45:14 - INFO - Training model: original-top_left-tda-bottom_left
2025-04-30 17:45:59 - INFO - Model original-top_left-tda-bottom_left completed in 45.23 seconds.
2025-04-30 17:45:59 - INFO - >>> Model original-top_left-tda-bottom_left trained. Accuracy: 0.8131 (45.23 sec.)
2025-04-30 17:45:59 - INFO - Training model: top_right-original-bottom_right-top_left-tda
2025-04-30 17:46:50 - INFO - Model top_right-original-bottom_right-top_left-tda completed in 51.10 seconds.
2025-04-30 17:46:50 - INFO - >>> Model top_right-original-bottom_right-top_left-tda trained. Accuracy: 0.8325 (51.10 sec.)
2025-04-30 17:46:50 - INFO - Training model: top_right-original-bottom_right-top_left-bottom_left
2025-04-30 17:47:25 - INFO - Model top_right-original-bottom_right-top_left-bottom_left completed in 35.57 seconds.
2025-04-30 17:47:25 - INFO - >>> Model top_right-original-bottom_right-top_left-bottom_left trained. Accuracy: 0.8542 (35.57 sec.)
2025-04-30 17:47:25 - INFO - Training model: top_right-original-bottom_right-tda-bottom_left
2025-04-30 17:48:18 - INFO - Model top_right-original-bottom_right-tda-bottom_left completed in 52.34 seconds.
2025-04-30 17:48:18 - INFO - >>> Model top_right-original-bottom_right-tda-bottom_left trained. Accuracy: 0.8312 (52.34 sec.)
2025-04-30 17:48:18 - INFO - Training model: top_right-original-top_left-tda-bottom_left
2025-04-30 17:49:09 - INFO - Model top_right-original-top_left-tda-bottom_left completed in 51.46 seconds.
2025-04-30 17:49:09 - INFO - >>> Model top_right-original-top_left-tda-bottom_left trained. Accuracy: 0.8358 (51.46 sec.)
2025-04-30 17:49:09 - INFO - Training model: original-bottom_right-top_left-tda-bottom_left
2025-04-30 17:50:00 - INFO - Model original-bottom_right-top_left-tda-bottom_left completed in 51.06 seconds.
2025-04-30 17:50:00 - INFO - >>> Model original-bottom_right-top_left-tda-bottom_left trained. Accuracy: 0.8258 (51.06 sec.)
2025-04-30 17:50:00 - INFO - Training model: top_right-original-bottom_right-top_left-tda-bottom_left
2025-04-30 17:50:58 - INFO - Model top_right-original-bottom_right-top_left-tda-bottom_left completed in 57.91 seconds.
2025-04-30 17:50:58 - INFO - >>> Model top_right-original-bottom_right-top_left-tda-bottom_left trained. Accuracy: 0.8489 (57.91 sec.)
2025-04-30 17:50:58 - INFO - All models trained successfully.
2025-04-30 17:50:58 - INFO - ========== [Model Training Completed] in 18.05 minutes ==========
2025-04-30 17:50:58 - INFO - ========== [Experiment Training Complete] ==========
2025-04-30 17:50:58 - INFO - Results saved to /home/jovyan/Workspace/workspace_mnist/results/exp_noise_lines_30_trainsplit_vary_noise/experiment_trainsize_predictions_2025-04-30_17-50-58.json
2025-04-30 17:50:58 - INFO - Results successfully saved to /home/jovyan/Workspace/workspace_mnist/results/exp_noise_lines_30_trainsplit_vary_noise/experiment_trainsize_predictions_2025-04-30_17-50-58.json
2025-04-30 17:50:58 - INFO - Forced Garbage collection executed to Free Memory.
2025-04-30 17:50:58 - INFO - ========== [Experiment Completed] in 31.71 minutes ==========
