2025-04-29 21:37:02 - INFO - Logging initialized.
 Writing to /home/jovyan/Workspace/workspace_mnist/logs/exp_noise_lines_30_trainsplit_vary_noise/experiment_logs_2025-04-29_21-37-02.log
2025-04-29 21:37:02 - INFO - ========== [Experiment Start] ==========
2025-04-29 21:37:02 - INFO - Views combinations successfully generated.
2025-04-29 21:37:02 - INFO - Topological Data Analysis pipeline generated.
2025-04-29 21:37:02 - INFO - Folder to save results has been created.
2025-04-29 21:37:02 - INFO - Reading dataset from mnist_784.csv (chunk size: 70000).
2025-04-29 21:37:02 - INFO - Starting multiview data preparation for a chunk of size (70000, 784)...
2025-04-29 21:37:02 - INFO - Running using 20 jobs.
2025-04-29 21:37:02 - INFO - Contaminating dataset with lines, quantity=21, transparency=1.0.
2025-04-29 21:37:12 - INFO - Splitting data: 50.0% train / 20.0% test (random_state=824368717)
2025-04-29 21:37:12 - INFO - Using full training data without second split.
2025-04-29 21:37:12 - INFO - Data split complete. Train size: (56000, 784), Test size: (14000, 784)
2025-04-29 21:37:12 - INFO - Reshaping train and test data into square images...
2025-04-29 21:37:12 - INFO - Reshaping complete. Train images shape: (56000, 28, 28), Test images shape: (14000, 28, 28)
2025-04-29 21:37:12 - INFO - Splitting images into quadrant views...
2025-04-29 21:37:12 - INFO - Quadrant view splitting complete. Train views: 4, Test views: 4
2025-04-29 21:37:12 - INFO - Saving sample images for each view...
2025-04-29 21:37:12 - INFO - Sample views saved successfully.
2025-04-29 21:37:12 - INFO - Starting TDA pipeline transformation on train data...
2025-04-29 21:48:32 - INFO - TDA transformation for train completed (11.34 minutes).
2025-04-29 21:48:32 - INFO - Applying TDA pipeline transformation on test data...
2025-04-29 21:51:09 - INFO - TDA transformation for test completed (2.60 minutes).
2025-04-29 21:51:09 - INFO - ========== [Model Training Start] ==========
2025-04-29 21:51:09 - INFO - Training model: original
2025-04-29 21:51:10 - INFO - Model original completed in 1.87 seconds.
2025-04-29 21:51:10 - INFO - >>> Model original trained. Accuracy: 0.8949 (1.87 sec.)
2025-04-29 21:51:10 - INFO - Training model: top_right-original
2025-04-29 21:51:26 - INFO - Model top_right-original completed in 15.63 seconds.
2025-04-29 21:51:26 - INFO - >>> Model top_right-original trained. Accuracy: 0.9086 (15.63 sec.)
2025-04-29 21:51:26 - INFO - Training model: bottom_right-original
2025-04-29 21:51:41 - INFO - Model bottom_right-original completed in 15.33 seconds.
2025-04-29 21:51:41 - INFO - >>> Model bottom_right-original trained. Accuracy: 0.9057 (15.33 sec.)
2025-04-29 21:51:41 - INFO - Training model: original-top_left
2025-04-29 21:51:56 - INFO - Model original-top_left completed in 15.04 seconds.
2025-04-29 21:51:56 - INFO - >>> Model original-top_left trained. Accuracy: 0.9091 (15.04 sec.)
2025-04-29 21:51:56 - INFO - Training model: original-tda
2025-04-29 21:52:30 - INFO - Model original-tda completed in 33.16 seconds.
2025-04-29 21:52:30 - INFO - >>> Model original-tda trained. Accuracy: 0.8961 (33.16 sec.)
2025-04-29 21:52:30 - INFO - Training model: original-bottom_left
2025-04-29 21:52:45 - INFO - Model original-bottom_left completed in 15.12 seconds.
2025-04-29 21:52:45 - INFO - >>> Model original-bottom_left trained. Accuracy: 0.9064 (15.12 sec.)
2025-04-29 21:52:45 - INFO - Training model: top_right-original-bottom_right
2025-04-29 21:53:05 - INFO - Model top_right-original-bottom_right completed in 20.63 seconds.
2025-04-29 21:53:05 - INFO - >>> Model top_right-original-bottom_right trained. Accuracy: 0.9150 (20.63 sec.)
2025-04-29 21:53:05 - INFO - Training model: top_right-original-top_left
2025-04-29 21:53:26 - INFO - Model top_right-original-top_left completed in 20.19 seconds.
2025-04-29 21:53:26 - INFO - >>> Model top_right-original-top_left trained. Accuracy: 0.9171 (20.19 sec.)
2025-04-29 21:53:26 - INFO - Training model: top_right-original-tda
2025-04-29 21:54:03 - INFO - Model top_right-original-tda completed in 37.87 seconds.
2025-04-29 21:54:03 - INFO - >>> Model top_right-original-tda trained. Accuracy: 0.9060 (37.87 sec.)
2025-04-29 21:54:03 - INFO - Training model: top_right-original-bottom_left
2025-04-29 21:54:24 - INFO - Model top_right-original-bottom_left completed in 20.37 seconds.
2025-04-29 21:54:24 - INFO - >>> Model top_right-original-bottom_left trained. Accuracy: 0.9159 (20.37 sec.)
2025-04-29 21:54:24 - INFO - Training model: bottom_right-original-top_left
2025-04-29 21:54:44 - INFO - Model bottom_right-original-top_left completed in 20.19 seconds.
2025-04-29 21:54:44 - INFO - >>> Model bottom_right-original-top_left trained. Accuracy: 0.9143 (20.19 sec.)
2025-04-29 21:54:44 - INFO - Training model: bottom_right-original-tda
2025-04-29 21:55:22 - INFO - Model bottom_right-original-tda completed in 38.03 seconds.
2025-04-29 21:55:22 - INFO - >>> Model bottom_right-original-tda trained. Accuracy: 0.9041 (38.03 sec.)
2025-04-29 21:55:22 - INFO - Training model: bottom_right-original-bottom_left
2025-04-29 21:55:43 - INFO - Model bottom_right-original-bottom_left completed in 20.69 seconds.
2025-04-29 21:55:43 - INFO - >>> Model bottom_right-original-bottom_left trained. Accuracy: 0.9126 (20.69 sec.)
2025-04-29 21:55:43 - INFO - Training model: original-top_left-tda
2025-04-29 21:56:21 - INFO - Model original-top_left-tda completed in 38.11 seconds.
2025-04-29 21:56:21 - INFO - >>> Model original-top_left-tda trained. Accuracy: 0.9052 (38.11 sec.)
2025-04-29 21:56:21 - INFO - Training model: original-top_left-bottom_left
2025-04-29 21:56:41 - INFO - Model original-top_left-bottom_left completed in 19.82 seconds.
2025-04-29 21:56:41 - INFO - >>> Model original-top_left-bottom_left trained. Accuracy: 0.9150 (19.82 sec.)
2025-04-29 21:56:41 - INFO - Training model: original-tda-bottom_left
2025-04-29 21:57:18 - INFO - Model original-tda-bottom_left completed in 37.68 seconds.
2025-04-29 21:57:18 - INFO - >>> Model original-tda-bottom_left trained. Accuracy: 0.9021 (37.68 sec.)
2025-04-29 21:57:18 - INFO - Training model: top_right-original-bottom_right-top_left
2025-04-29 21:57:44 - INFO - Model top_right-original-bottom_right-top_left completed in 25.50 seconds.
2025-04-29 21:57:44 - INFO - >>> Model top_right-original-bottom_right-top_left trained. Accuracy: 0.9238 (25.50 sec.)
2025-04-29 21:57:44 - INFO - Training model: top_right-original-bottom_right-tda
2025-04-29 21:58:28 - INFO - Model top_right-original-bottom_right-tda completed in 43.68 seconds.
2025-04-29 21:58:28 - INFO - >>> Model top_right-original-bottom_right-tda trained. Accuracy: 0.9143 (43.68 sec.)
2025-04-29 21:58:28 - INFO - Training model: top_right-original-bottom_right-bottom_left
2025-04-29 21:58:53 - INFO - Model top_right-original-bottom_right-bottom_left completed in 25.58 seconds.
2025-04-29 21:58:53 - INFO - >>> Model top_right-original-bottom_right-bottom_left trained. Accuracy: 0.9232 (25.58 sec.)
2025-04-29 21:58:53 - INFO - Training model: top_right-original-top_left-tda
2025-04-29 21:59:37 - INFO - Model top_right-original-top_left-tda completed in 43.35 seconds.
2025-04-29 21:59:37 - INFO - >>> Model top_right-original-top_left-tda trained. Accuracy: 0.9169 (43.35 sec.)
2025-04-29 21:59:37 - INFO - Training model: top_right-original-top_left-bottom_left
2025-04-29 22:00:02 - INFO - Model top_right-original-top_left-bottom_left completed in 25.62 seconds.
2025-04-29 22:00:02 - INFO - >>> Model top_right-original-top_left-bottom_left trained. Accuracy: 0.9250 (25.62 sec.)
2025-04-29 22:00:02 - INFO - Training model: top_right-original-tda-bottom_left
2025-04-29 22:00:46 - INFO - Model top_right-original-tda-bottom_left completed in 44.33 seconds.
2025-04-29 22:00:46 - INFO - >>> Model top_right-original-tda-bottom_left trained. Accuracy: 0.9126 (44.33 sec.)
2025-04-29 22:00:46 - INFO - Training model: bottom_right-original-top_left-tda
2025-04-29 22:01:30 - INFO - Model bottom_right-original-top_left-tda completed in 43.72 seconds.
2025-04-29 22:01:30 - INFO - >>> Model bottom_right-original-top_left-tda trained. Accuracy: 0.9134 (43.72 sec.)
2025-04-29 22:01:30 - INFO - Training model: bottom_right-original-top_left-bottom_left
2025-04-29 22:01:56 - INFO - Model bottom_right-original-top_left-bottom_left completed in 25.47 seconds.
2025-04-29 22:01:56 - INFO - >>> Model bottom_right-original-top_left-bottom_left trained. Accuracy: 0.9231 (25.47 sec.)
2025-04-29 22:01:56 - INFO - Training model: bottom_right-original-tda-bottom_left
2025-04-29 22:02:40 - INFO - Model bottom_right-original-tda-bottom_left completed in 44.15 seconds.
2025-04-29 22:02:40 - INFO - >>> Model bottom_right-original-tda-bottom_left trained. Accuracy: 0.9095 (44.15 sec.)
2025-04-29 22:02:40 - INFO - Training model: original-top_left-tda-bottom_left
2025-04-29 22:03:23 - INFO - Model original-top_left-tda-bottom_left completed in 42.94 seconds.
2025-04-29 22:03:23 - INFO - >>> Model original-top_left-tda-bottom_left trained. Accuracy: 0.9136 (42.94 sec.)
2025-04-29 22:03:23 - INFO - Training model: top_right-original-bottom_right-top_left-tda
2025-04-29 22:04:11 - INFO - Model top_right-original-bottom_right-top_left-tda completed in 48.06 seconds.
2025-04-29 22:04:11 - INFO - >>> Model top_right-original-bottom_right-top_left-tda trained. Accuracy: 0.9235 (48.06 sec.)
2025-04-29 22:04:11 - INFO - Training model: top_right-original-bottom_right-top_left-bottom_left
2025-04-29 22:04:42 - INFO - Model top_right-original-bottom_right-top_left-bottom_left completed in 31.63 seconds.
2025-04-29 22:04:42 - INFO - >>> Model top_right-original-bottom_right-top_left-bottom_left trained. Accuracy: 0.9334 (31.63 sec.)
2025-04-29 22:04:42 - INFO - Training model: top_right-original-bottom_right-tda-bottom_left
2025-04-29 22:05:32 - INFO - Model top_right-original-bottom_right-tda-bottom_left completed in 49.22 seconds.
2025-04-29 22:05:32 - INFO - >>> Model top_right-original-bottom_right-tda-bottom_left trained. Accuracy: 0.9226 (49.22 sec.)
2025-04-29 22:05:32 - INFO - Training model: top_right-original-top_left-tda-bottom_left
2025-04-29 22:06:20 - INFO - Model top_right-original-top_left-tda-bottom_left completed in 48.05 seconds.
2025-04-29 22:06:20 - INFO - >>> Model top_right-original-top_left-tda-bottom_left trained. Accuracy: 0.9253 (48.05 sec.)
2025-04-29 22:06:20 - INFO - Training model: original-bottom_right-top_left-tda-bottom_left
2025-04-29 22:07:08 - INFO - Model original-bottom_right-top_left-tda-bottom_left completed in 48.23 seconds.
2025-04-29 22:07:08 - INFO - >>> Model original-bottom_right-top_left-tda-bottom_left trained. Accuracy: 0.9201 (48.23 sec.)
2025-04-29 22:07:08 - INFO - Training model: top_right-original-bottom_right-top_left-tda-bottom_left
2025-04-29 22:08:02 - INFO - Model top_right-original-bottom_right-top_left-tda-bottom_left completed in 54.37 seconds.
2025-04-29 22:08:02 - INFO - >>> Model top_right-original-bottom_right-top_left-tda-bottom_left trained. Accuracy: 0.9328 (54.37 sec.)
2025-04-29 22:08:02 - INFO - All models trained successfully.
2025-04-29 22:08:02 - INFO - ========== [Model Training Completed] in 16.90 minutes ==========
2025-04-29 22:08:02 - INFO - ========== [Experiment Training Complete] ==========
2025-04-29 22:08:02 - INFO - Results saved to /home/jovyan/Workspace/workspace_mnist/results/exp_noise_lines_30_trainsplit_vary_noise/experiment_trainsize_predictions_2025-04-29_22-08-02.json
2025-04-29 22:08:02 - INFO - Results successfully saved to /home/jovyan/Workspace/workspace_mnist/results/exp_noise_lines_30_trainsplit_vary_noise/experiment_trainsize_predictions_2025-04-29_22-08-02.json
2025-04-29 22:08:02 - INFO - Forced Garbage collection executed to Free Memory.
2025-04-29 22:08:03 - INFO - ========== [Experiment Completed] in 31.01 minutes ==========
