2025-05-01 08:51:30 - INFO - Logging initialized.
 Writing to /home/jovyan/Workspace/workspace_mnist/logs/exp_noise_lines_30_trainsplit_vary_noise/experiment_logs_2025-05-01_08-51-30.log
2025-05-01 08:51:30 - INFO - ========== [Experiment Start] ==========
2025-05-01 08:51:30 - INFO - Views combinations successfully generated.
2025-05-01 08:51:30 - INFO - Topological Data Analysis pipeline generated.
2025-05-01 08:51:30 - INFO - Folder to save results has been created.
2025-05-01 08:51:30 - INFO - Reading dataset from mnist_784.csv (chunk size: 70000).
2025-05-01 08:51:31 - INFO - Starting multiview data preparation for a chunk of size (70000, 784)...
2025-05-01 08:51:31 - INFO - Running using 20 jobs.
2025-05-01 08:51:31 - INFO - Contaminating dataset with lines, quantity=11, transparency=1.0.
2025-05-01 08:51:37 - INFO - Splitting data: 50.0% train / 20.0% test (random_state=451678828)
2025-05-01 08:51:37 - INFO - Using full training data without second split.
2025-05-01 08:51:37 - INFO - Data split complete. Train size: (56000, 784), Test size: (14000, 784)
2025-05-01 08:51:37 - INFO - Reshaping train and test data into square images...
2025-05-01 08:51:37 - INFO - Reshaping complete. Train images shape: (56000, 28, 28), Test images shape: (14000, 28, 28)
2025-05-01 08:51:37 - INFO - Splitting images into quadrant views...
2025-05-01 08:51:37 - INFO - Quadrant view splitting complete. Train views: 4, Test views: 4
2025-05-01 08:51:37 - INFO - Saving sample images for each view...
2025-05-01 08:51:37 - INFO - Sample views saved successfully.
2025-05-01 08:51:37 - INFO - Starting TDA pipeline transformation on train data...
2025-05-01 09:03:00 - INFO - TDA transformation for train completed (11.38 minutes).
2025-05-01 09:03:00 - INFO - Applying TDA pipeline transformation on test data...
2025-05-01 09:05:41 - INFO - TDA transformation for test completed (2.68 minutes).
2025-05-01 09:05:41 - INFO - ========== [Model Training Start] ==========
2025-05-01 09:05:41 - INFO - Training model: original
2025-05-01 09:05:42 - INFO - Model original completed in 1.70 seconds.
2025-05-01 09:05:42 - INFO - >>> Model original trained. Accuracy: 0.9294 (1.70 sec.)
2025-05-01 09:05:42 - INFO - Training model: top_right-original
2025-05-01 09:05:56 - INFO - Model top_right-original completed in 14.06 seconds.
2025-05-01 09:05:56 - INFO - >>> Model top_right-original trained. Accuracy: 0.9399 (14.06 sec.)
2025-05-01 09:05:56 - INFO - Training model: bottom_right-original
2025-05-01 09:06:10 - INFO - Model bottom_right-original completed in 14.06 seconds.
2025-05-01 09:06:10 - INFO - >>> Model bottom_right-original trained. Accuracy: 0.9381 (14.06 sec.)
2025-05-01 09:06:10 - INFO - Training model: original-top_left
2025-05-01 09:06:24 - INFO - Model original-top_left completed in 13.82 seconds.
2025-05-01 09:06:24 - INFO - >>> Model original-top_left trained. Accuracy: 0.9369 (13.82 sec.)
2025-05-01 09:06:24 - INFO - Training model: original-tda
2025-05-01 09:06:54 - INFO - Model original-tda completed in 29.95 seconds.
2025-05-01 09:06:54 - INFO - >>> Model original-tda trained. Accuracy: 0.9319 (29.95 sec.)
2025-05-01 09:06:54 - INFO - Training model: original-bottom_left
2025-05-01 09:07:08 - INFO - Model original-bottom_left completed in 13.79 seconds.
2025-05-01 09:07:08 - INFO - >>> Model original-bottom_left trained. Accuracy: 0.9349 (13.79 sec.)
2025-05-01 09:07:08 - INFO - Training model: top_right-original-bottom_right
2025-05-01 09:07:27 - INFO - Model top_right-original-bottom_right completed in 18.72 seconds.
2025-05-01 09:07:27 - INFO - >>> Model top_right-original-bottom_right trained. Accuracy: 0.9449 (18.72 sec.)
2025-05-01 09:07:27 - INFO - Training model: top_right-original-top_left
2025-05-01 09:07:46 - INFO - Model top_right-original-top_left completed in 18.94 seconds.
2025-05-01 09:07:46 - INFO - >>> Model top_right-original-top_left trained. Accuracy: 0.9439 (18.94 sec.)
2025-05-01 09:07:46 - INFO - Training model: top_right-original-tda
2025-05-01 09:08:22 - INFO - Model top_right-original-tda completed in 35.92 seconds.
2025-05-01 09:08:22 - INFO - >>> Model top_right-original-tda trained. Accuracy: 0.9394 (35.92 sec.)
2025-05-01 09:08:22 - INFO - Training model: top_right-original-bottom_left
2025-05-01 09:08:41 - INFO - Model top_right-original-bottom_left completed in 19.10 seconds.
2025-05-01 09:08:41 - INFO - >>> Model top_right-original-bottom_left trained. Accuracy: 0.9442 (19.10 sec.)
2025-05-01 09:08:41 - INFO - Training model: bottom_right-original-top_left
2025-05-01 09:08:59 - INFO - Model bottom_right-original-top_left completed in 18.50 seconds.
2025-05-01 09:08:59 - INFO - >>> Model bottom_right-original-top_left trained. Accuracy: 0.9444 (18.50 sec.)
2025-05-01 09:08:59 - INFO - Training model: bottom_right-original-tda
2025-05-01 09:09:35 - INFO - Model bottom_right-original-tda completed in 35.98 seconds.
2025-05-01 09:09:35 - INFO - >>> Model bottom_right-original-tda trained. Accuracy: 0.9367 (35.98 sec.)
2025-05-01 09:09:35 - INFO - Training model: bottom_right-original-bottom_left
2025-05-01 09:09:54 - INFO - Model bottom_right-original-bottom_left completed in 18.79 seconds.
2025-05-01 09:09:54 - INFO - >>> Model bottom_right-original-bottom_left trained. Accuracy: 0.9409 (18.79 sec.)
2025-05-01 09:09:54 - INFO - Training model: original-top_left-tda
2025-05-01 09:10:30 - INFO - Model original-top_left-tda completed in 35.88 seconds.
2025-05-01 09:10:30 - INFO - >>> Model original-top_left-tda trained. Accuracy: 0.9366 (35.88 sec.)
2025-05-01 09:10:30 - INFO - Training model: original-top_left-bottom_left
2025-05-01 09:10:48 - INFO - Model original-top_left-bottom_left completed in 18.49 seconds.
2025-05-01 09:10:48 - INFO - >>> Model original-top_left-bottom_left trained. Accuracy: 0.9422 (18.49 sec.)
2025-05-01 09:10:48 - INFO - Training model: original-tda-bottom_left
2025-05-01 09:11:24 - INFO - Model original-tda-bottom_left completed in 35.96 seconds.
2025-05-01 09:11:24 - INFO - >>> Model original-tda-bottom_left trained. Accuracy: 0.9343 (35.96 sec.)
2025-05-01 09:11:24 - INFO - Training model: top_right-original-bottom_right-top_left
2025-05-01 09:11:48 - INFO - Model top_right-original-bottom_right-top_left completed in 23.26 seconds.
2025-05-01 09:11:48 - INFO - >>> Model top_right-original-bottom_right-top_left trained. Accuracy: 0.9515 (23.26 sec.)
2025-05-01 09:11:48 - INFO - Training model: top_right-original-bottom_right-tda
2025-05-01 09:12:29 - INFO - Model top_right-original-bottom_right-tda completed in 41.18 seconds.
2025-05-01 09:12:29 - INFO - >>> Model top_right-original-bottom_right-tda trained. Accuracy: 0.9441 (41.18 sec.)
2025-05-01 09:12:29 - INFO - Training model: top_right-original-bottom_right-bottom_left
2025-05-01 09:12:53 - INFO - Model top_right-original-bottom_right-bottom_left completed in 23.86 seconds.
2025-05-01 09:12:53 - INFO - >>> Model top_right-original-bottom_right-bottom_left trained. Accuracy: 0.9492 (23.86 sec.)
2025-05-01 09:12:53 - INFO - Training model: top_right-original-top_left-tda
2025-05-01 09:13:33 - INFO - Model top_right-original-top_left-tda completed in 40.79 seconds.
2025-05-01 09:13:33 - INFO - >>> Model top_right-original-top_left-tda trained. Accuracy: 0.9433 (40.79 sec.)
2025-05-01 09:13:33 - INFO - Training model: top_right-original-top_left-bottom_left
2025-05-01 09:13:57 - INFO - Model top_right-original-top_left-bottom_left completed in 23.58 seconds.
2025-05-01 09:13:57 - INFO - >>> Model top_right-original-top_left-bottom_left trained. Accuracy: 0.9505 (23.58 sec.)
2025-05-01 09:13:57 - INFO - Training model: top_right-original-tda-bottom_left
2025-05-01 09:14:37 - INFO - Model top_right-original-tda-bottom_left completed in 39.50 seconds.
2025-05-01 09:14:37 - INFO - >>> Model top_right-original-tda-bottom_left trained. Accuracy: 0.9442 (39.50 sec.)
2025-05-01 09:14:37 - INFO - Training model: bottom_right-original-top_left-tda
2025-05-01 09:15:16 - INFO - Model bottom_right-original-top_left-tda completed in 39.64 seconds.
2025-05-01 09:15:16 - INFO - >>> Model bottom_right-original-top_left-tda trained. Accuracy: 0.9441 (39.64 sec.)
2025-05-01 09:15:16 - INFO - Training model: bottom_right-original-top_left-bottom_left
2025-05-01 09:15:40 - INFO - Model bottom_right-original-top_left-bottom_left completed in 23.83 seconds.
2025-05-01 09:15:40 - INFO - >>> Model bottom_right-original-top_left-bottom_left trained. Accuracy: 0.9471 (23.83 sec.)
2025-05-01 09:15:40 - INFO - Training model: bottom_right-original-tda-bottom_left
2025-05-01 09:16:20 - INFO - Model bottom_right-original-tda-bottom_left completed in 40.12 seconds.
2025-05-01 09:16:20 - INFO - >>> Model bottom_right-original-tda-bottom_left trained. Accuracy: 0.9414 (40.12 sec.)
2025-05-01 09:16:20 - INFO - Training model: original-top_left-tda-bottom_left
2025-05-01 09:16:59 - INFO - Model original-top_left-tda-bottom_left completed in 39.09 seconds.
2025-05-01 09:16:59 - INFO - >>> Model original-top_left-tda-bottom_left trained. Accuracy: 0.9409 (39.09 sec.)
2025-05-01 09:16:59 - INFO - Training model: top_right-original-bottom_right-top_left-tda
2025-05-01 09:17:44 - INFO - Model top_right-original-bottom_right-top_left-tda completed in 44.40 seconds.
2025-05-01 09:17:44 - INFO - >>> Model top_right-original-bottom_right-top_left-tda trained. Accuracy: 0.9504 (44.40 sec.)
2025-05-01 09:17:44 - INFO - Training model: top_right-original-bottom_right-top_left-bottom_left
2025-05-01 09:18:11 - INFO - Model top_right-original-bottom_right-top_left-bottom_left completed in 27.62 seconds.
2025-05-01 09:18:11 - INFO - >>> Model top_right-original-bottom_right-top_left-bottom_left trained. Accuracy: 0.9563 (27.62 sec.)
2025-05-01 09:18:11 - INFO - Training model: top_right-original-bottom_right-tda-bottom_left
2025-05-01 09:18:57 - INFO - Model top_right-original-bottom_right-tda-bottom_left completed in 45.29 seconds.
2025-05-01 09:18:57 - INFO - >>> Model top_right-original-bottom_right-tda-bottom_left trained. Accuracy: 0.9492 (45.29 sec.)
2025-05-01 09:18:57 - INFO - Training model: top_right-original-top_left-tda-bottom_left
2025-05-01 09:19:42 - INFO - Model top_right-original-top_left-tda-bottom_left completed in 44.97 seconds.
2025-05-01 09:19:42 - INFO - >>> Model top_right-original-top_left-tda-bottom_left trained. Accuracy: 0.9510 (44.97 sec.)
2025-05-01 09:19:42 - INFO - Training model: original-bottom_right-top_left-tda-bottom_left
2025-05-01 09:20:25 - INFO - Model original-bottom_right-top_left-tda-bottom_left completed in 43.74 seconds.
2025-05-01 09:20:25 - INFO - >>> Model original-bottom_right-top_left-tda-bottom_left trained. Accuracy: 0.9460 (43.74 sec.)
2025-05-01 09:20:25 - INFO - Training model: top_right-original-bottom_right-top_left-tda-bottom_left
2025-05-01 09:21:14 - INFO - Model top_right-original-bottom_right-top_left-tda-bottom_left completed in 48.74 seconds.
2025-05-01 09:21:14 - INFO - >>> Model top_right-original-bottom_right-top_left-tda-bottom_left trained. Accuracy: 0.9552 (48.74 sec.)
2025-05-01 09:21:14 - INFO - All models trained successfully.
2025-05-01 09:21:14 - INFO - ========== [Model Training Completed] in 15.56 minutes ==========
2025-05-01 09:21:14 - INFO - ========== [Experiment Training Complete] ==========
2025-05-01 09:21:14 - INFO - Results saved to /home/jovyan/Workspace/workspace_mnist/results/exp_noise_lines_30_trainsplit_vary_noise/experiment_trainsize_predictions_2025-05-01_09-21-14.json
2025-05-01 09:21:14 - INFO - Results successfully saved to /home/jovyan/Workspace/workspace_mnist/results/exp_noise_lines_30_trainsplit_vary_noise/experiment_trainsize_predictions_2025-05-01_09-21-14.json
2025-05-01 09:21:14 - INFO - Forced Garbage collection executed to Free Memory.
2025-05-01 09:21:14 - INFO - ========== [Experiment Completed] in 29.74 minutes ==========
