2025-04-29 12:37:42 - INFO - Logging initialized.
 Writing to /home/jovyan/Workspace/workspace_mnist/logs/exp_noise_lines_30_trainsplit_vary_noise/experiment_logs_2025-04-29_12-37-42.log
2025-04-29 12:37:42 - INFO - ========== [Experiment Start] ==========
2025-04-29 12:37:42 - INFO - Views combinations successfully generated.
2025-04-29 12:37:42 - INFO - Topological Data Analysis pipeline generated.
2025-04-29 12:37:42 - INFO - Folder to save results has been created.
2025-04-29 12:37:42 - INFO - Reading dataset from mnist_784.csv (chunk size: 70000).
2025-04-29 12:37:43 - INFO - Starting multiview data preparation for a chunk of size (70000, 784)...
2025-04-29 12:37:43 - INFO - Running using 20 jobs.
2025-04-29 12:37:43 - INFO - Contaminating dataset with lines, quantity=35, transparency=1.0.
2025-04-29 12:37:57 - INFO - Splitting data: 50.0% train / 20.0% test (random_state=323447783)
2025-04-29 12:37:58 - INFO - Using full training data without second split.
2025-04-29 12:37:58 - INFO - Data split complete. Train size: (56000, 784), Test size: (14000, 784)
2025-04-29 12:37:58 - INFO - Reshaping train and test data into square images...
2025-04-29 12:37:58 - INFO - Reshaping complete. Train images shape: (56000, 28, 28), Test images shape: (14000, 28, 28)
2025-04-29 12:37:58 - INFO - Splitting images into quadrant views...
2025-04-29 12:37:58 - INFO - Quadrant view splitting complete. Train views: 4, Test views: 4
2025-04-29 12:37:58 - INFO - Saving sample images for each view...
2025-04-29 12:37:58 - INFO - Sample views saved successfully.
2025-04-29 12:37:58 - INFO - Starting TDA pipeline transformation on train data...
2025-04-29 12:48:46 - INFO - TDA transformation for train completed (10.80 minutes).
2025-04-29 12:48:46 - INFO - Applying TDA pipeline transformation on test data...
2025-04-29 12:51:16 - INFO - TDA transformation for test completed (2.50 minutes).
2025-04-29 12:51:16 - INFO - ========== [Model Training Start] ==========
2025-04-29 12:51:16 - INFO - Training model: original
2025-04-29 12:51:18 - INFO - Model original completed in 2.05 seconds.
2025-04-29 12:51:18 - INFO - >>> Model original trained. Accuracy: 0.8346 (2.05 sec.)
2025-04-29 12:51:18 - INFO - Training model: top_right-original
2025-04-29 12:51:34 - INFO - Model top_right-original completed in 16.46 seconds.
2025-04-29 12:51:34 - INFO - >>> Model top_right-original trained. Accuracy: 0.8592 (16.46 sec.)
2025-04-29 12:51:34 - INFO - Training model: bottom_right-original
2025-04-29 12:51:51 - INFO - Model bottom_right-original completed in 16.41 seconds.
2025-04-29 12:51:51 - INFO - >>> Model bottom_right-original trained. Accuracy: 0.8529 (16.41 sec.)
2025-04-29 12:51:51 - INFO - Training model: original-top_left
2025-04-29 12:52:07 - INFO - Model original-top_left completed in 16.04 seconds.
2025-04-29 12:52:07 - INFO - >>> Model original-top_left trained. Accuracy: 0.8576 (16.04 sec.)
2025-04-29 12:52:07 - INFO - Training model: original-tda
2025-04-29 12:52:40 - INFO - Model original-tda completed in 32.96 seconds.
2025-04-29 12:52:40 - INFO - >>> Model original-tda trained. Accuracy: 0.8374 (32.96 sec.)
2025-04-29 12:52:40 - INFO - Training model: original-bottom_left
2025-04-29 12:52:56 - INFO - Model original-bottom_left completed in 16.36 seconds.
2025-04-29 12:52:56 - INFO - >>> Model original-bottom_left trained. Accuracy: 0.8517 (16.36 sec.)
2025-04-29 12:52:56 - INFO - Training model: top_right-original-bottom_right
2025-04-29 12:53:18 - INFO - Model top_right-original-bottom_right completed in 22.27 seconds.
2025-04-29 12:53:18 - INFO - >>> Model top_right-original-bottom_right trained. Accuracy: 0.8689 (22.27 sec.)
2025-04-29 12:53:18 - INFO - Training model: top_right-original-top_left
2025-04-29 12:53:40 - INFO - Model top_right-original-top_left completed in 21.53 seconds.
2025-04-29 12:53:40 - INFO - >>> Model top_right-original-top_left trained. Accuracy: 0.8722 (21.53 sec.)
2025-04-29 12:53:40 - INFO - Training model: top_right-original-tda
2025-04-29 12:54:19 - INFO - Model top_right-original-tda completed in 38.92 seconds.
2025-04-29 12:54:19 - INFO - >>> Model top_right-original-tda trained. Accuracy: 0.8546 (38.92 sec.)
2025-04-29 12:54:19 - INFO - Training model: top_right-original-bottom_left
2025-04-29 12:54:41 - INFO - Model top_right-original-bottom_left completed in 21.95 seconds.
2025-04-29 12:54:41 - INFO - >>> Model top_right-original-bottom_left trained. Accuracy: 0.8683 (21.95 sec.)
2025-04-29 12:54:41 - INFO - Training model: bottom_right-original-top_left
2025-04-29 12:55:03 - INFO - Model bottom_right-original-top_left completed in 21.82 seconds.
2025-04-29 12:55:03 - INFO - >>> Model bottom_right-original-top_left trained. Accuracy: 0.8691 (21.82 sec.)
2025-04-29 12:55:03 - INFO - Training model: bottom_right-original-tda
2025-04-29 12:55:42 - INFO - Model bottom_right-original-tda completed in 39.14 seconds.
2025-04-29 12:55:42 - INFO - >>> Model bottom_right-original-tda trained. Accuracy: 0.8476 (39.14 sec.)
2025-04-29 12:55:42 - INFO - Training model: bottom_right-original-bottom_left
2025-04-29 12:56:04 - INFO - Model bottom_right-original-bottom_left completed in 21.75 seconds.
2025-04-29 12:56:04 - INFO - >>> Model bottom_right-original-bottom_left trained. Accuracy: 0.8602 (21.75 sec.)
2025-04-29 12:56:04 - INFO - Training model: original-top_left-tda
2025-04-29 12:56:42 - INFO - Model original-top_left-tda completed in 38.57 seconds.
2025-04-29 12:56:42 - INFO - >>> Model original-top_left-tda trained. Accuracy: 0.8542 (38.57 sec.)
2025-04-29 12:56:42 - INFO - Training model: original-top_left-bottom_left
2025-04-29 12:57:04 - INFO - Model original-top_left-bottom_left completed in 21.69 seconds.
2025-04-29 12:57:04 - INFO - >>> Model original-top_left-bottom_left trained. Accuracy: 0.8664 (21.69 sec.)
2025-04-29 12:57:04 - INFO - Training model: original-tda-bottom_left
2025-04-29 12:57:43 - INFO - Model original-tda-bottom_left completed in 39.09 seconds.
2025-04-29 12:57:43 - INFO - >>> Model original-tda-bottom_left trained. Accuracy: 0.8469 (39.09 sec.)
2025-04-29 12:57:43 - INFO - Training model: top_right-original-bottom_right-top_left
2025-04-29 12:58:10 - INFO - Model top_right-original-bottom_right-top_left completed in 27.28 seconds.
2025-04-29 12:58:10 - INFO - >>> Model top_right-original-bottom_right-top_left trained. Accuracy: 0.8825 (27.28 sec.)
2025-04-29 12:58:10 - INFO - Training model: top_right-original-bottom_right-tda
2025-04-29 12:58:56 - INFO - Model top_right-original-bottom_right-tda completed in 45.40 seconds.
2025-04-29 12:58:56 - INFO - >>> Model top_right-original-bottom_right-tda trained. Accuracy: 0.8661 (45.40 sec.)
2025-04-29 12:58:56 - INFO - Training model: top_right-original-bottom_right-bottom_left
2025-04-29 12:59:23 - INFO - Model top_right-original-bottom_right-bottom_left completed in 27.59 seconds.
2025-04-29 12:59:23 - INFO - >>> Model top_right-original-bottom_right-bottom_left trained. Accuracy: 0.8808 (27.59 sec.)
2025-04-29 12:59:23 - INFO - Training model: top_right-original-top_left-tda
2025-04-29 13:00:07 - INFO - Model top_right-original-top_left-tda completed in 44.05 seconds.
2025-04-29 13:00:07 - INFO - >>> Model top_right-original-top_left-tda trained. Accuracy: 0.8678 (44.05 sec.)
2025-04-29 13:00:07 - INFO - Training model: top_right-original-top_left-bottom_left
2025-04-29 13:00:34 - INFO - Model top_right-original-top_left-bottom_left completed in 27.14 seconds.
2025-04-29 13:00:34 - INFO - >>> Model top_right-original-top_left-bottom_left trained. Accuracy: 0.8867 (27.14 sec.)
2025-04-29 13:00:34 - INFO - Training model: top_right-original-tda-bottom_left
2025-04-29 13:01:19 - INFO - Model top_right-original-tda-bottom_left completed in 44.48 seconds.
2025-04-29 13:01:19 - INFO - >>> Model top_right-original-tda-bottom_left trained. Accuracy: 0.8653 (44.48 sec.)
2025-04-29 13:01:19 - INFO - Training model: bottom_right-original-top_left-tda
2025-04-29 13:02:04 - INFO - Model bottom_right-original-top_left-tda completed in 45.45 seconds.
2025-04-29 13:02:04 - INFO - >>> Model bottom_right-original-top_left-tda trained. Accuracy: 0.8654 (45.45 sec.)
2025-04-29 13:02:04 - INFO - Training model: bottom_right-original-top_left-bottom_left
2025-04-29 13:02:31 - INFO - Model bottom_right-original-top_left-bottom_left completed in 27.06 seconds.
2025-04-29 13:02:31 - INFO - >>> Model bottom_right-original-top_left-bottom_left trained. Accuracy: 0.8781 (27.06 sec.)
2025-04-29 13:02:31 - INFO - Training model: bottom_right-original-tda-bottom_left
2025-04-29 13:03:17 - INFO - Model bottom_right-original-tda-bottom_left completed in 45.60 seconds.
2025-04-29 13:03:17 - INFO - >>> Model bottom_right-original-tda-bottom_left trained. Accuracy: 0.8569 (45.60 sec.)
2025-04-29 13:03:17 - INFO - Training model: original-top_left-tda-bottom_left
2025-04-29 13:04:02 - INFO - Model original-top_left-tda-bottom_left completed in 44.62 seconds.
2025-04-29 13:04:02 - INFO - >>> Model original-top_left-tda-bottom_left trained. Accuracy: 0.8622 (44.62 sec.)
2025-04-29 13:04:02 - INFO - Training model: top_right-original-bottom_right-top_left-tda
2025-04-29 13:04:52 - INFO - Model top_right-original-bottom_right-top_left-tda completed in 50.34 seconds.
2025-04-29 13:04:52 - INFO - >>> Model top_right-original-bottom_right-top_left-tda trained. Accuracy: 0.8804 (50.34 sec.)
2025-04-29 13:04:52 - INFO - Training model: top_right-original-bottom_right-top_left-bottom_left
2025-04-29 13:05:25 - INFO - Model top_right-original-bottom_right-top_left-bottom_left completed in 33.51 seconds.
2025-04-29 13:05:25 - INFO - >>> Model top_right-original-bottom_right-top_left-bottom_left trained. Accuracy: 0.8955 (33.51 sec.)
2025-04-29 13:05:25 - INFO - Training model: top_right-original-bottom_right-tda-bottom_left
2025-04-29 13:06:17 - INFO - Model top_right-original-bottom_right-tda-bottom_left completed in 51.10 seconds.
2025-04-29 13:06:17 - INFO - >>> Model top_right-original-bottom_right-tda-bottom_left trained. Accuracy: 0.8771 (51.10 sec.)
2025-04-29 13:06:17 - INFO - Training model: top_right-original-top_left-tda-bottom_left
2025-04-29 13:07:06 - INFO - Model top_right-original-top_left-tda-bottom_left completed in 49.82 seconds.
2025-04-29 13:07:06 - INFO - >>> Model top_right-original-top_left-tda-bottom_left trained. Accuracy: 0.8829 (49.82 sec.)
2025-04-29 13:07:06 - INFO - Training model: original-bottom_right-top_left-tda-bottom_left
2025-04-29 13:07:57 - INFO - Model original-bottom_right-top_left-tda-bottom_left completed in 50.42 seconds.
2025-04-29 13:07:57 - INFO - >>> Model original-bottom_right-top_left-tda-bottom_left trained. Accuracy: 0.8739 (50.42 sec.)
2025-04-29 13:07:57 - INFO - Training model: top_right-original-bottom_right-top_left-tda-bottom_left
2025-04-29 13:08:53 - INFO - Model top_right-original-bottom_right-top_left-tda-bottom_left completed in 55.73 seconds.
2025-04-29 13:08:53 - INFO - >>> Model top_right-original-bottom_right-top_left-tda-bottom_left trained. Accuracy: 0.8946 (55.73 sec.)
2025-04-29 13:08:53 - INFO - All models trained successfully.
2025-04-29 13:08:53 - INFO - ========== [Model Training Completed] in 17.61 minutes ==========
2025-04-29 13:08:53 - INFO - ========== [Experiment Training Complete] ==========
2025-04-29 13:08:53 - INFO - Results saved to /home/jovyan/Workspace/workspace_mnist/results/exp_noise_lines_30_trainsplit_vary_noise/experiment_trainsize_predictions_2025-04-29_13-08-53.json
2025-04-29 13:08:53 - INFO - Results successfully saved to /home/jovyan/Workspace/workspace_mnist/results/exp_noise_lines_30_trainsplit_vary_noise/experiment_trainsize_predictions_2025-04-29_13-08-53.json
2025-04-29 13:08:53 - INFO - Forced Garbage collection executed to Free Memory.
2025-04-29 13:08:53 - INFO - ========== [Experiment Completed] in 31.18 minutes ==========
