2025-05-02 19:32:57 - INFO - Logging initialized.
 Writing to /home/jovyan/Workspace/workspace_mnist/logs/exp_noise_lines_30_trainsplit_vary_noise/experiment_logs_2025-05-02_19-32-57.log
2025-05-02 19:32:57 - INFO - ========== [Experiment Start] ==========
2025-05-02 19:32:57 - INFO - Views combinations successfully generated.
2025-05-02 19:32:57 - INFO - Topological Data Analysis pipeline generated.
2025-05-02 19:32:57 - INFO - Folder to save results has been created.
2025-05-02 19:32:57 - INFO - Reading dataset from mnist_784.csv (chunk size: 70000).
2025-05-02 19:32:58 - INFO - Starting multiview data preparation for a chunk of size (70000, 784)...
2025-05-02 19:32:58 - INFO - Running using 20 jobs.
2025-05-02 19:32:58 - INFO - Contaminating dataset with lines, quantity=47, transparency=1.0.
2025-05-02 19:33:18 - INFO - Splitting data: 50.0% train / 20.0% test (random_state=248065843)
2025-05-02 19:33:18 - INFO - Using full training data without second split.
2025-05-02 19:33:18 - INFO - Data split complete. Train size: (56000, 784), Test size: (14000, 784)
2025-05-02 19:33:18 - INFO - Reshaping train and test data into square images...
2025-05-02 19:33:18 - INFO - Reshaping complete. Train images shape: (56000, 28, 28), Test images shape: (14000, 28, 28)
2025-05-02 19:33:18 - INFO - Splitting images into quadrant views...
2025-05-02 19:33:18 - INFO - Quadrant view splitting complete. Train views: 4, Test views: 4
2025-05-02 19:33:18 - INFO - Saving sample images for each view...
2025-05-02 19:33:18 - INFO - Sample views saved successfully.
2025-05-02 19:33:18 - INFO - Starting TDA pipeline transformation on train data...
2025-05-02 19:44:48 - INFO - TDA transformation for train completed (11.51 minutes).
2025-05-02 19:44:48 - INFO - Applying TDA pipeline transformation on test data...
2025-05-02 19:47:37 - INFO - TDA transformation for test completed (2.82 minutes).
2025-05-02 19:47:37 - INFO - ========== [Model Training Start] ==========
2025-05-02 19:47:37 - INFO - Training model: original
2025-05-02 19:47:40 - INFO - Model original completed in 2.17 seconds.
2025-05-02 19:47:40 - INFO - >>> Model original trained. Accuracy: 0.7916 (2.17 sec.)
2025-05-02 19:47:40 - INFO - Training model: top_right-original
2025-05-02 19:47:57 - INFO - Model top_right-original completed in 17.49 seconds.
2025-05-02 19:47:57 - INFO - >>> Model top_right-original trained. Accuracy: 0.8209 (17.49 sec.)
2025-05-02 19:47:57 - INFO - Training model: bottom_right-original
2025-05-02 19:48:15 - INFO - Model bottom_right-original completed in 17.66 seconds.
2025-05-02 19:48:15 - INFO - >>> Model bottom_right-original trained. Accuracy: 0.8129 (17.66 sec.)
2025-05-02 19:48:15 - INFO - Training model: original-top_left
2025-05-02 19:48:32 - INFO - Model original-top_left completed in 16.92 seconds.
2025-05-02 19:48:32 - INFO - >>> Model original-top_left trained. Accuracy: 0.8166 (16.92 sec.)
2025-05-02 19:48:32 - INFO - Training model: original-tda
2025-05-02 19:49:05 - INFO - Model original-tda completed in 33.74 seconds.
2025-05-02 19:49:05 - INFO - >>> Model original-tda trained. Accuracy: 0.7961 (33.74 sec.)
2025-05-02 19:49:05 - INFO - Training model: original-bottom_left
2025-05-02 19:49:23 - INFO - Model original-bottom_left completed in 17.54 seconds.
2025-05-02 19:49:23 - INFO - >>> Model original-bottom_left trained. Accuracy: 0.8113 (17.54 sec.)
2025-05-02 19:49:23 - INFO - Training model: top_right-original-bottom_right
2025-05-02 19:49:47 - INFO - Model top_right-original-bottom_right completed in 23.59 seconds.
2025-05-02 19:49:47 - INFO - >>> Model top_right-original-bottom_right trained. Accuracy: 0.8327 (23.59 sec.)
2025-05-02 19:49:47 - INFO - Training model: top_right-original-top_left
2025-05-02 19:50:10 - INFO - Model top_right-original-top_left completed in 23.77 seconds.
2025-05-02 19:50:10 - INFO - >>> Model top_right-original-top_left trained. Accuracy: 0.8344 (23.77 sec.)
2025-05-02 19:50:10 - INFO - Training model: top_right-original-tda
2025-05-02 19:50:51 - INFO - Model top_right-original-tda completed in 40.37 seconds.
2025-05-02 19:50:51 - INFO - >>> Model top_right-original-tda trained. Accuracy: 0.8154 (40.37 sec.)
2025-05-02 19:50:51 - INFO - Training model: top_right-original-bottom_left
2025-05-02 19:51:15 - INFO - Model top_right-original-bottom_left completed in 24.03 seconds.
2025-05-02 19:51:15 - INFO - >>> Model top_right-original-bottom_left trained. Accuracy: 0.8352 (24.03 sec.)
2025-05-02 19:51:15 - INFO - Training model: bottom_right-original-top_left
2025-05-02 19:51:38 - INFO - Model bottom_right-original-top_left completed in 23.27 seconds.
2025-05-02 19:51:38 - INFO - >>> Model bottom_right-original-top_left trained. Accuracy: 0.8286 (23.27 sec.)
2025-05-02 19:51:38 - INFO - Training model: bottom_right-original-tda
2025-05-02 19:52:19 - INFO - Model bottom_right-original-tda completed in 40.45 seconds.
2025-05-02 19:52:19 - INFO - >>> Model bottom_right-original-tda trained. Accuracy: 0.8065 (40.45 sec.)
2025-05-02 19:52:19 - INFO - Training model: bottom_right-original-bottom_left
2025-05-02 19:52:42 - INFO - Model bottom_right-original-bottom_left completed in 23.71 seconds.
2025-05-02 19:52:42 - INFO - >>> Model bottom_right-original-bottom_left trained. Accuracy: 0.8235 (23.71 sec.)
2025-05-02 19:52:42 - INFO - Training model: original-top_left-tda
2025-05-02 19:53:22 - INFO - Model original-top_left-tda completed in 39.74 seconds.
2025-05-02 19:53:22 - INFO - >>> Model original-top_left-tda trained. Accuracy: 0.8105 (39.74 sec.)
2025-05-02 19:53:22 - INFO - Training model: original-top_left-bottom_left
2025-05-02 19:53:45 - INFO - Model original-top_left-bottom_left completed in 22.66 seconds.
2025-05-02 19:53:45 - INFO - >>> Model original-top_left-bottom_left trained. Accuracy: 0.8321 (22.66 sec.)
2025-05-02 19:53:45 - INFO - Training model: original-tda-bottom_left
2025-05-02 19:54:25 - INFO - Model original-tda-bottom_left completed in 40.02 seconds.
2025-05-02 19:54:25 - INFO - >>> Model original-tda-bottom_left trained. Accuracy: 0.8059 (40.02 sec.)
2025-05-02 19:54:25 - INFO - Training model: top_right-original-bottom_right-top_left
2025-05-02 19:54:55 - INFO - Model top_right-original-bottom_right-top_left completed in 30.18 seconds.
2025-05-02 19:54:55 - INFO - >>> Model top_right-original-bottom_right-top_left trained. Accuracy: 0.8496 (30.18 sec.)
2025-05-02 19:54:55 - INFO - Training model: top_right-original-bottom_right-tda
2025-05-02 19:55:41 - INFO - Model top_right-original-bottom_right-tda completed in 46.06 seconds.
2025-05-02 19:55:41 - INFO - >>> Model top_right-original-bottom_right-tda trained. Accuracy: 0.8284 (46.06 sec.)
2025-05-02 19:55:41 - INFO - Training model: top_right-original-bottom_right-bottom_left
2025-05-02 19:56:11 - INFO - Model top_right-original-bottom_right-bottom_left completed in 29.90 seconds.
2025-05-02 19:56:11 - INFO - >>> Model top_right-original-bottom_right-bottom_left trained. Accuracy: 0.8476 (29.90 sec.)
2025-05-02 19:56:11 - INFO - Training model: top_right-original-top_left-tda
2025-05-02 19:56:57 - INFO - Model top_right-original-top_left-tda completed in 46.13 seconds.
2025-05-02 19:56:57 - INFO - >>> Model top_right-original-top_left-tda trained. Accuracy: 0.8306 (46.13 sec.)
2025-05-02 19:56:57 - INFO - Training model: top_right-original-top_left-bottom_left
2025-05-02 19:57:26 - INFO - Model top_right-original-top_left-bottom_left completed in 28.95 seconds.
2025-05-02 19:57:26 - INFO - >>> Model top_right-original-top_left-bottom_left trained. Accuracy: 0.8537 (28.95 sec.)
2025-05-02 19:57:26 - INFO - Training model: top_right-original-tda-bottom_left
2025-05-02 19:58:12 - INFO - Model top_right-original-tda-bottom_left completed in 46.35 seconds.
2025-05-02 19:58:12 - INFO - >>> Model top_right-original-tda-bottom_left trained. Accuracy: 0.8320 (46.35 sec.)
2025-05-02 19:58:12 - INFO - Training model: bottom_right-original-top_left-tda
2025-05-02 19:58:58 - INFO - Model bottom_right-original-top_left-tda completed in 46.05 seconds.
2025-05-02 19:58:58 - INFO - >>> Model bottom_right-original-top_left-tda trained. Accuracy: 0.8221 (46.05 sec.)
2025-05-02 19:58:58 - INFO - Training model: bottom_right-original-top_left-bottom_left
2025-05-02 19:59:28 - INFO - Model bottom_right-original-top_left-bottom_left completed in 29.49 seconds.
2025-05-02 19:59:28 - INFO - >>> Model bottom_right-original-top_left-bottom_left trained. Accuracy: 0.8438 (29.49 sec.)
2025-05-02 19:59:28 - INFO - Training model: bottom_right-original-tda-bottom_left
2025-05-02 20:00:16 - INFO - Model bottom_right-original-tda-bottom_left completed in 47.70 seconds.
2025-05-02 20:00:16 - INFO - >>> Model bottom_right-original-tda-bottom_left trained. Accuracy: 0.8174 (47.70 sec.)
2025-05-02 20:00:16 - INFO - Training model: original-top_left-tda-bottom_left
2025-05-02 20:01:03 - INFO - Model original-top_left-tda-bottom_left completed in 47.22 seconds.
2025-05-02 20:01:03 - INFO - >>> Model original-top_left-tda-bottom_left trained. Accuracy: 0.8261 (47.22 sec.)
2025-05-02 20:01:03 - INFO - Training model: top_right-original-bottom_right-top_left-tda
2025-05-02 20:01:55 - INFO - Model top_right-original-bottom_right-top_left-tda completed in 52.38 seconds.
2025-05-02 20:01:55 - INFO - >>> Model top_right-original-bottom_right-top_left-tda trained. Accuracy: 0.8429 (52.38 sec.)
2025-05-02 20:01:55 - INFO - Training model: top_right-original-bottom_right-top_left-bottom_left
2025-05-02 20:02:32 - INFO - Model top_right-original-bottom_right-top_left-bottom_left completed in 36.50 seconds.
2025-05-02 20:02:32 - INFO - >>> Model top_right-original-bottom_right-top_left-bottom_left trained. Accuracy: 0.8659 (36.50 sec.)
2025-05-02 20:02:32 - INFO - Training model: top_right-original-bottom_right-tda-bottom_left
2025-05-02 20:03:24 - INFO - Model top_right-original-bottom_right-tda-bottom_left completed in 52.65 seconds.
2025-05-02 20:03:24 - INFO - >>> Model top_right-original-bottom_right-tda-bottom_left trained. Accuracy: 0.8436 (52.65 sec.)
2025-05-02 20:03:24 - INFO - Training model: top_right-original-top_left-tda-bottom_left
2025-05-02 20:04:17 - INFO - Model top_right-original-top_left-tda-bottom_left completed in 52.39 seconds.
2025-05-02 20:04:17 - INFO - >>> Model top_right-original-top_left-tda-bottom_left trained. Accuracy: 0.8500 (52.39 sec.)
2025-05-02 20:04:17 - INFO - Training model: original-bottom_right-top_left-tda-bottom_left
2025-05-02 20:05:09 - INFO - Model original-bottom_right-top_left-tda-bottom_left completed in 52.20 seconds.
2025-05-02 20:05:09 - INFO - >>> Model original-bottom_right-top_left-tda-bottom_left trained. Accuracy: 0.8390 (52.20 sec.)
2025-05-02 20:05:09 - INFO - Training model: top_right-original-bottom_right-top_left-tda-bottom_left
2025-05-02 20:06:08 - INFO - Model top_right-original-bottom_right-top_left-tda-bottom_left completed in 58.83 seconds.
2025-05-02 20:06:08 - INFO - >>> Model top_right-original-bottom_right-top_left-tda-bottom_left trained. Accuracy: 0.8614 (58.83 sec.)
2025-05-02 20:06:08 - INFO - All models trained successfully.
2025-05-02 20:06:08 - INFO - ========== [Model Training Completed] in 18.50 minutes ==========
2025-05-02 20:06:08 - INFO - ========== [Experiment Training Complete] ==========
2025-05-02 20:06:08 - INFO - Results saved to /home/jovyan/Workspace/workspace_mnist/results/exp_noise_lines_30_trainsplit_vary_noise/experiment_trainsize_predictions_2025-05-02_20-06-08.json
2025-05-02 20:06:08 - INFO - Results successfully saved to /home/jovyan/Workspace/workspace_mnist/results/exp_noise_lines_30_trainsplit_vary_noise/experiment_trainsize_predictions_2025-05-02_20-06-08.json
2025-05-02 20:06:08 - INFO - Forced Garbage collection executed to Free Memory.
2025-05-02 20:06:08 - INFO - ========== [Experiment Completed] in 33.18 minutes ==========
