2025-04-28 11:34:24 - INFO - Logging initialized.
 Writing to /home/jovyan/Workspace/workspace_mnist/logs/exp_noise_lines_30_trainsplit_vary_noise/experiment_logs_2025-04-28_11-34-24.log
2025-04-28 11:34:24 - INFO - ========== [Experiment Start] ==========
2025-04-28 11:34:24 - INFO - Views combinations successfully generated.
2025-04-28 11:34:24 - INFO - Topological Data Analysis pipeline generated.
2025-04-28 11:34:24 - INFO - Folder to save results has been created.
2025-04-28 11:34:24 - INFO - Reading dataset from mnist_784.csv (chunk size: 70000).
2025-04-28 11:34:25 - INFO - Starting multiview data preparation for a chunk of size (70000, 784)...
2025-04-28 11:34:25 - INFO - Running using 20 jobs.
2025-04-28 11:34:25 - INFO - Contaminating dataset with lines, quantity=35, transparency=1.0.
2025-04-28 11:34:40 - INFO - Splitting data: 50.0% train / 20.0% test (random_state=701363565)
2025-04-28 11:34:40 - INFO - Using full training data without second split.
2025-04-28 11:34:40 - INFO - Data split complete. Train size: (56000, 784), Test size: (14000, 784)
2025-04-28 11:34:40 - INFO - Reshaping train and test data into square images...
2025-04-28 11:34:40 - INFO - Reshaping complete. Train images shape: (56000, 28, 28), Test images shape: (14000, 28, 28)
2025-04-28 11:34:40 - INFO - Splitting images into quadrant views...
2025-04-28 11:34:40 - INFO - Quadrant view splitting complete. Train views: 4, Test views: 4
2025-04-28 11:34:40 - INFO - Saving sample images for each view...
2025-04-28 11:34:40 - INFO - Sample views saved successfully.
2025-04-28 11:34:40 - INFO - Starting TDA pipeline transformation on train data...
2025-04-28 11:45:16 - INFO - TDA transformation for train completed (10.59 minutes).
2025-04-28 11:45:16 - INFO - Applying TDA pipeline transformation on test data...
2025-04-28 11:47:54 - INFO - TDA transformation for test completed (2.64 minutes).
2025-04-28 11:47:54 - INFO - ========== [Model Training Start] ==========
2025-04-28 11:47:54 - INFO - Training model: original
2025-04-28 11:47:56 - INFO - Model original completed in 2.06 seconds.
2025-04-28 11:47:56 - INFO - >>> Model original trained. Accuracy: 0.8369 (2.06 sec.)
2025-04-28 11:47:56 - INFO - Training model: top_right-original
2025-04-28 11:48:13 - INFO - Model top_right-original completed in 16.38 seconds.
2025-04-28 11:48:13 - INFO - >>> Model top_right-original trained. Accuracy: 0.8601 (16.38 sec.)
2025-04-28 11:48:13 - INFO - Training model: bottom_right-original
2025-04-28 11:48:29 - INFO - Model bottom_right-original completed in 16.33 seconds.
2025-04-28 11:48:29 - INFO - >>> Model bottom_right-original trained. Accuracy: 0.8531 (16.33 sec.)
2025-04-28 11:48:29 - INFO - Training model: original-top_left
2025-04-28 11:48:45 - INFO - Model original-top_left completed in 16.03 seconds.
2025-04-28 11:48:45 - INFO - >>> Model original-top_left trained. Accuracy: 0.8576 (16.03 sec.)
2025-04-28 11:48:45 - INFO - Training model: original-tda
2025-04-28 11:49:17 - INFO - Model original-tda completed in 32.58 seconds.
2025-04-28 11:49:17 - INFO - >>> Model original-tda trained. Accuracy: 0.8395 (32.58 sec.)
2025-04-28 11:49:17 - INFO - Training model: original-bottom_left
2025-04-28 11:49:34 - INFO - Model original-bottom_left completed in 16.39 seconds.
2025-04-28 11:49:34 - INFO - >>> Model original-bottom_left trained. Accuracy: 0.8514 (16.39 sec.)
2025-04-28 11:49:34 - INFO - Training model: top_right-original-bottom_right
2025-04-28 11:49:56 - INFO - Model top_right-original-bottom_right completed in 21.83 seconds.
2025-04-28 11:49:56 - INFO - >>> Model top_right-original-bottom_right trained. Accuracy: 0.8703 (21.83 sec.)
2025-04-28 11:49:56 - INFO - Training model: top_right-original-top_left
2025-04-28 11:50:17 - INFO - Model top_right-original-top_left completed in 21.57 seconds.
2025-04-28 11:50:17 - INFO - >>> Model top_right-original-top_left trained. Accuracy: 0.8733 (21.57 sec.)
2025-04-28 11:50:17 - INFO - Training model: top_right-original-tda
2025-04-28 11:50:56 - INFO - Model top_right-original-tda completed in 38.80 seconds.
2025-04-28 11:50:56 - INFO - >>> Model top_right-original-tda trained. Accuracy: 0.8574 (38.80 sec.)
2025-04-28 11:50:56 - INFO - Training model: top_right-original-bottom_left
2025-04-28 11:51:18 - INFO - Model top_right-original-bottom_left completed in 22.01 seconds.
2025-04-28 11:51:18 - INFO - >>> Model top_right-original-bottom_left trained. Accuracy: 0.8711 (22.01 sec.)
2025-04-28 11:51:18 - INFO - Training model: bottom_right-original-top_left
2025-04-28 11:51:40 - INFO - Model bottom_right-original-top_left completed in 21.69 seconds.
2025-04-28 11:51:40 - INFO - >>> Model bottom_right-original-top_left trained. Accuracy: 0.8682 (21.69 sec.)
2025-04-28 11:51:40 - INFO - Training model: bottom_right-original-tda
2025-04-28 11:52:19 - INFO - Model bottom_right-original-tda completed in 38.98 seconds.
2025-04-28 11:52:19 - INFO - >>> Model bottom_right-original-tda trained. Accuracy: 0.8484 (38.98 sec.)
2025-04-28 11:52:19 - INFO - Training model: bottom_right-original-bottom_left
2025-04-28 11:52:41 - INFO - Model bottom_right-original-bottom_left completed in 21.83 seconds.
2025-04-28 11:52:41 - INFO - >>> Model bottom_right-original-bottom_left trained. Accuracy: 0.8614 (21.83 sec.)
2025-04-28 11:52:41 - INFO - Training model: original-top_left-tda
2025-04-28 11:53:19 - INFO - Model original-top_left-tda completed in 38.05 seconds.
2025-04-28 11:53:19 - INFO - >>> Model original-top_left-tda trained. Accuracy: 0.8549 (38.05 sec.)
2025-04-28 11:53:19 - INFO - Training model: original-top_left-bottom_left
2025-04-28 11:53:41 - INFO - Model original-top_left-bottom_left completed in 22.07 seconds.
2025-04-28 11:53:41 - INFO - >>> Model original-top_left-bottom_left trained. Accuracy: 0.8686 (22.07 sec.)
2025-04-28 11:53:41 - INFO - Training model: original-tda-bottom_left
2025-04-28 11:54:20 - INFO - Model original-tda-bottom_left completed in 38.81 seconds.
2025-04-28 11:54:20 - INFO - >>> Model original-tda-bottom_left trained. Accuracy: 0.8491 (38.81 sec.)
2025-04-28 11:54:20 - INFO - Training model: top_right-original-bottom_right-top_left
2025-04-28 11:54:48 - INFO - Model top_right-original-bottom_right-top_left completed in 28.02 seconds.
2025-04-28 11:54:48 - INFO - >>> Model top_right-original-bottom_right-top_left trained. Accuracy: 0.8844 (28.02 sec.)
2025-04-28 11:54:48 - INFO - Training model: top_right-original-bottom_right-tda
2025-04-28 11:55:33 - INFO - Model top_right-original-bottom_right-tda completed in 45.02 seconds.
2025-04-28 11:55:33 - INFO - >>> Model top_right-original-bottom_right-tda trained. Accuracy: 0.8694 (45.02 sec.)
2025-04-28 11:55:33 - INFO - Training model: top_right-original-bottom_right-bottom_left
2025-04-28 11:56:01 - INFO - Model top_right-original-bottom_right-bottom_left completed in 28.00 seconds.
2025-04-28 11:56:01 - INFO - >>> Model top_right-original-bottom_right-bottom_left trained. Accuracy: 0.8842 (28.00 sec.)
2025-04-28 11:56:01 - INFO - Training model: top_right-original-top_left-tda
2025-04-28 11:56:45 - INFO - Model top_right-original-top_left-tda completed in 44.09 seconds.
2025-04-28 11:56:45 - INFO - >>> Model top_right-original-top_left-tda trained. Accuracy: 0.8691 (44.09 sec.)
2025-04-28 11:56:45 - INFO - Training model: top_right-original-top_left-bottom_left
2025-04-28 11:57:12 - INFO - Model top_right-original-top_left-bottom_left completed in 27.09 seconds.
2025-04-28 11:57:12 - INFO - >>> Model top_right-original-top_left-bottom_left trained. Accuracy: 0.8868 (27.09 sec.)
2025-04-28 11:57:12 - INFO - Training model: top_right-original-tda-bottom_left
2025-04-28 11:57:56 - INFO - Model top_right-original-tda-bottom_left completed in 44.48 seconds.
2025-04-28 11:57:56 - INFO - >>> Model top_right-original-tda-bottom_left trained. Accuracy: 0.8698 (44.48 sec.)
2025-04-28 11:57:56 - INFO - Training model: bottom_right-original-top_left-tda
2025-04-28 11:58:40 - INFO - Model bottom_right-original-top_left-tda completed in 44.11 seconds.
2025-04-28 11:58:40 - INFO - >>> Model bottom_right-original-top_left-tda trained. Accuracy: 0.8634 (44.11 sec.)
2025-04-28 11:58:40 - INFO - Training model: bottom_right-original-top_left-bottom_left
2025-04-28 11:59:08 - INFO - Model bottom_right-original-top_left-bottom_left completed in 27.44 seconds.
2025-04-28 11:59:08 - INFO - >>> Model bottom_right-original-top_left-bottom_left trained. Accuracy: 0.8781 (27.44 sec.)
2025-04-28 11:59:08 - INFO - Training model: bottom_right-original-tda-bottom_left
2025-04-28 11:59:52 - INFO - Model bottom_right-original-tda-bottom_left completed in 44.45 seconds.
2025-04-28 11:59:52 - INFO - >>> Model bottom_right-original-tda-bottom_left trained. Accuracy: 0.8592 (44.45 sec.)
2025-04-28 11:59:52 - INFO - Training model: original-top_left-tda-bottom_left
2025-04-28 12:00:37 - INFO - Model original-top_left-tda-bottom_left completed in 44.25 seconds.
2025-04-28 12:00:37 - INFO - >>> Model original-top_left-tda-bottom_left trained. Accuracy: 0.8646 (44.25 sec.)
2025-04-28 12:00:37 - INFO - Training model: top_right-original-bottom_right-top_left-tda
2025-04-28 12:01:28 - INFO - Model top_right-original-bottom_right-top_left-tda completed in 51.25 seconds.
2025-04-28 12:01:28 - INFO - >>> Model top_right-original-bottom_right-top_left-tda trained. Accuracy: 0.8816 (51.25 sec.)
2025-04-28 12:01:28 - INFO - Training model: top_right-original-bottom_right-top_left-bottom_left
2025-04-28 12:02:01 - INFO - Model top_right-original-bottom_right-top_left-bottom_left completed in 33.18 seconds.
2025-04-28 12:02:01 - INFO - >>> Model top_right-original-bottom_right-top_left-bottom_left trained. Accuracy: 0.8961 (33.18 sec.)
2025-04-28 12:02:01 - INFO - Training model: top_right-original-bottom_right-tda-bottom_left
2025-04-28 12:02:51 - INFO - Model top_right-original-bottom_right-tda-bottom_left completed in 50.45 seconds.
2025-04-28 12:02:51 - INFO - >>> Model top_right-original-bottom_right-tda-bottom_left trained. Accuracy: 0.8828 (50.45 sec.)
2025-04-28 12:02:51 - INFO - Training model: top_right-original-top_left-tda-bottom_left
2025-04-28 12:03:41 - INFO - Model top_right-original-top_left-tda-bottom_left completed in 49.79 seconds.
2025-04-28 12:03:41 - INFO - >>> Model top_right-original-top_left-tda-bottom_left trained. Accuracy: 0.8831 (49.79 sec.)
2025-04-28 12:03:41 - INFO - Training model: original-bottom_right-top_left-tda-bottom_left
2025-04-28 12:04:31 - INFO - Model original-bottom_right-top_left-tda-bottom_left completed in 49.98 seconds.
2025-04-28 12:04:31 - INFO - >>> Model original-bottom_right-top_left-tda-bottom_left trained. Accuracy: 0.8737 (49.98 sec.)
2025-04-28 12:04:31 - INFO - Training model: top_right-original-bottom_right-top_left-tda-bottom_left
2025-04-28 12:05:27 - INFO - Model top_right-original-bottom_right-top_left-tda-bottom_left completed in 55.71 seconds.
2025-04-28 12:05:27 - INFO - >>> Model top_right-original-bottom_right-top_left-tda-bottom_left trained. Accuracy: 0.8951 (55.71 sec.)
2025-04-28 12:05:27 - INFO - All models trained successfully.
2025-04-28 12:05:27 - INFO - ========== [Model Training Completed] in 17.55 minutes ==========
2025-04-28 12:05:27 - INFO - ========== [Experiment Training Complete] ==========
2025-04-28 12:05:27 - INFO - Results saved to /home/jovyan/Workspace/workspace_mnist/results/exp_noise_lines_30_trainsplit_vary_noise/experiment_trainsize_predictions_2025-04-28_12-05-27.json
2025-04-28 12:05:27 - INFO - Results successfully saved to /home/jovyan/Workspace/workspace_mnist/results/exp_noise_lines_30_trainsplit_vary_noise/experiment_trainsize_predictions_2025-04-28_12-05-27.json
2025-04-28 12:05:27 - INFO - Forced Garbage collection executed to Free Memory.
2025-04-28 12:05:27 - INFO - ========== [Experiment Completed] in 31.05 minutes ==========
