2025-05-02 22:30:11 - INFO - Logging initialized.
 Writing to /home/jovyan/Workspace/workspace_mnist/logs/exp_noise_lines_30_trainsplit_vary_noise/experiment_logs_2025-05-02_22-30-11.log
2025-05-02 22:30:11 - INFO - ========== [Experiment Start] ==========
2025-05-02 22:30:11 - INFO - Views combinations successfully generated.
2025-05-02 22:30:11 - INFO - Topological Data Analysis pipeline generated.
2025-05-02 22:30:11 - INFO - Folder to save results has been created.
2025-05-02 22:30:11 - INFO - Reading dataset from mnist_784.csv (chunk size: 70000).
2025-05-02 22:30:12 - INFO - Starting multiview data preparation for a chunk of size (70000, 784)...
2025-05-02 22:30:12 - INFO - Running using 20 jobs.
2025-05-02 22:30:12 - INFO - Contaminating dataset with lines, quantity=9, transparency=1.0.
2025-05-02 22:30:17 - INFO - Splitting data: 50.0% train / 20.0% test (random_state=101577605)
2025-05-02 22:30:17 - INFO - Using full training data without second split.
2025-05-02 22:30:17 - INFO - Data split complete. Train size: (56000, 784), Test size: (14000, 784)
2025-05-02 22:30:17 - INFO - Reshaping train and test data into square images...
2025-05-02 22:30:17 - INFO - Reshaping complete. Train images shape: (56000, 28, 28), Test images shape: (14000, 28, 28)
2025-05-02 22:30:17 - INFO - Splitting images into quadrant views...
2025-05-02 22:30:17 - INFO - Quadrant view splitting complete. Train views: 4, Test views: 4
2025-05-02 22:30:17 - INFO - Saving sample images for each view...
2025-05-02 22:30:17 - INFO - Sample views saved successfully.
2025-05-02 22:30:17 - INFO - Starting TDA pipeline transformation on train data...
2025-05-02 22:41:31 - INFO - TDA transformation for train completed (11.22 minutes).
2025-05-02 22:41:31 - INFO - Applying TDA pipeline transformation on test data...
2025-05-02 22:44:11 - INFO - TDA transformation for test completed (2.67 minutes).
2025-05-02 22:44:11 - INFO - ========== [Model Training Start] ==========
2025-05-02 22:44:11 - INFO - Training model: original
2025-05-02 22:44:12 - INFO - Model original completed in 1.67 seconds.
2025-05-02 22:44:12 - INFO - >>> Model original trained. Accuracy: 0.9311 (1.67 sec.)
2025-05-02 22:44:12 - INFO - Training model: top_right-original
2025-05-02 22:44:26 - INFO - Model top_right-original completed in 14.03 seconds.
2025-05-02 22:44:26 - INFO - >>> Model top_right-original trained. Accuracy: 0.9406 (14.03 sec.)
2025-05-02 22:44:27 - INFO - Training model: bottom_right-original
2025-05-02 22:44:41 - INFO - Model bottom_right-original completed in 14.12 seconds.
2025-05-02 22:44:41 - INFO - >>> Model bottom_right-original trained. Accuracy: 0.9401 (14.12 sec.)
2025-05-02 22:44:41 - INFO - Training model: original-top_left
2025-05-02 22:44:54 - INFO - Model original-top_left completed in 13.30 seconds.
2025-05-02 22:44:54 - INFO - >>> Model original-top_left trained. Accuracy: 0.9403 (13.30 sec.)
2025-05-02 22:44:54 - INFO - Training model: original-tda
2025-05-02 22:45:24 - INFO - Model original-tda completed in 30.11 seconds.
2025-05-02 22:45:24 - INFO - >>> Model original-tda trained. Accuracy: 0.9349 (30.11 sec.)
2025-05-02 22:45:24 - INFO - Training model: original-bottom_left
2025-05-02 22:45:37 - INFO - Model original-bottom_left completed in 13.33 seconds.
2025-05-02 22:45:37 - INFO - >>> Model original-bottom_left trained. Accuracy: 0.9389 (13.33 sec.)
2025-05-02 22:45:37 - INFO - Training model: top_right-original-bottom_right
2025-05-02 22:45:56 - INFO - Model top_right-original-bottom_right completed in 19.05 seconds.
2025-05-02 22:45:56 - INFO - >>> Model top_right-original-bottom_right trained. Accuracy: 0.9459 (19.05 sec.)
2025-05-02 22:45:56 - INFO - Training model: top_right-original-top_left
2025-05-02 22:46:15 - INFO - Model top_right-original-top_left completed in 18.64 seconds.
2025-05-02 22:46:15 - INFO - >>> Model top_right-original-top_left trained. Accuracy: 0.9451 (18.64 sec.)
2025-05-02 22:46:15 - INFO - Training model: top_right-original-tda
2025-05-02 22:46:51 - INFO - Model top_right-original-tda completed in 35.58 seconds.
2025-05-02 22:46:51 - INFO - >>> Model top_right-original-tda trained. Accuracy: 0.9401 (35.58 sec.)
2025-05-02 22:46:51 - INFO - Training model: top_right-original-bottom_left
2025-05-02 22:47:10 - INFO - Model top_right-original-bottom_left completed in 18.95 seconds.
2025-05-02 22:47:10 - INFO - >>> Model top_right-original-bottom_left trained. Accuracy: 0.9454 (18.95 sec.)
2025-05-02 22:47:10 - INFO - Training model: bottom_right-original-top_left
2025-05-02 22:47:28 - INFO - Model bottom_right-original-top_left completed in 18.71 seconds.
2025-05-02 22:47:28 - INFO - >>> Model bottom_right-original-top_left trained. Accuracy: 0.9444 (18.71 sec.)
2025-05-02 22:47:28 - INFO - Training model: bottom_right-original-tda
2025-05-02 22:48:04 - INFO - Model bottom_right-original-tda completed in 35.22 seconds.
2025-05-02 22:48:04 - INFO - >>> Model bottom_right-original-tda trained. Accuracy: 0.9399 (35.22 sec.)
2025-05-02 22:48:04 - INFO - Training model: bottom_right-original-bottom_left
2025-05-02 22:48:23 - INFO - Model bottom_right-original-bottom_left completed in 19.16 seconds.
2025-05-02 22:48:23 - INFO - >>> Model bottom_right-original-bottom_left trained. Accuracy: 0.9438 (19.16 sec.)
2025-05-02 22:48:23 - INFO - Training model: original-top_left-tda
2025-05-02 22:48:57 - INFO - Model original-top_left-tda completed in 34.57 seconds.
2025-05-02 22:48:57 - INFO - >>> Model original-top_left-tda trained. Accuracy: 0.9394 (34.57 sec.)
2025-05-02 22:48:57 - INFO - Training model: original-top_left-bottom_left
2025-05-02 22:49:15 - INFO - Model original-top_left-bottom_left completed in 18.14 seconds.
2025-05-02 22:49:15 - INFO - >>> Model original-top_left-bottom_left trained. Accuracy: 0.9448 (18.14 sec.)
2025-05-02 22:49:15 - INFO - Training model: original-tda-bottom_left
2025-05-02 22:49:50 - INFO - Model original-tda-bottom_left completed in 34.86 seconds.
2025-05-02 22:49:50 - INFO - >>> Model original-tda-bottom_left trained. Accuracy: 0.9379 (34.86 sec.)
2025-05-02 22:49:50 - INFO - Training model: top_right-original-bottom_right-top_left
2025-05-02 22:50:14 - INFO - Model top_right-original-bottom_right-top_left completed in 23.93 seconds.
2025-05-02 22:50:14 - INFO - >>> Model top_right-original-bottom_right-top_left trained. Accuracy: 0.9524 (23.93 sec.)
2025-05-02 22:50:14 - INFO - Training model: top_right-original-bottom_right-tda
2025-05-02 22:50:55 - INFO - Model top_right-original-bottom_right-tda completed in 40.77 seconds.
2025-05-02 22:50:55 - INFO - >>> Model top_right-original-bottom_right-tda trained. Accuracy: 0.9454 (40.77 sec.)
2025-05-02 22:50:55 - INFO - Training model: top_right-original-bottom_right-bottom_left
2025-05-02 22:51:19 - INFO - Model top_right-original-bottom_right-bottom_left completed in 24.37 seconds.
2025-05-02 22:51:19 - INFO - >>> Model top_right-original-bottom_right-bottom_left trained. Accuracy: 0.9515 (24.37 sec.)
2025-05-02 22:51:19 - INFO - Training model: top_right-original-top_left-tda
2025-05-02 22:52:00 - INFO - Model top_right-original-top_left-tda completed in 40.16 seconds.
2025-05-02 22:52:00 - INFO - >>> Model top_right-original-top_left-tda trained. Accuracy: 0.9460 (40.16 sec.)
2025-05-02 22:52:00 - INFO - Training model: top_right-original-top_left-bottom_left
2025-05-02 22:52:24 - INFO - Model top_right-original-top_left-bottom_left completed in 23.97 seconds.
2025-05-02 22:52:24 - INFO - >>> Model top_right-original-top_left-bottom_left trained. Accuracy: 0.9514 (23.97 sec.)
2025-05-02 22:52:24 - INFO - Training model: top_right-original-tda-bottom_left
2025-05-02 22:53:04 - INFO - Model top_right-original-tda-bottom_left completed in 39.98 seconds.
2025-05-02 22:53:04 - INFO - >>> Model top_right-original-tda-bottom_left trained. Accuracy: 0.9449 (39.98 sec.)
2025-05-02 22:53:04 - INFO - Training model: bottom_right-original-top_left-tda
2025-05-02 22:53:43 - INFO - Model bottom_right-original-top_left-tda completed in 39.61 seconds.
2025-05-02 22:53:43 - INFO - >>> Model bottom_right-original-top_left-tda trained. Accuracy: 0.9448 (39.61 sec.)
2025-05-02 22:53:43 - INFO - Training model: bottom_right-original-top_left-bottom_left
2025-05-02 22:54:07 - INFO - Model bottom_right-original-top_left-bottom_left completed in 23.58 seconds.
2025-05-02 22:54:07 - INFO - >>> Model bottom_right-original-top_left-bottom_left trained. Accuracy: 0.9487 (23.58 sec.)
2025-05-02 22:54:07 - INFO - Training model: bottom_right-original-tda-bottom_left
2025-05-02 22:54:47 - INFO - Model bottom_right-original-tda-bottom_left completed in 40.35 seconds.
2025-05-02 22:54:47 - INFO - >>> Model bottom_right-original-tda-bottom_left trained. Accuracy: 0.9435 (40.35 sec.)
2025-05-02 22:54:47 - INFO - Training model: original-top_left-tda-bottom_left
2025-05-02 22:55:26 - INFO - Model original-top_left-tda-bottom_left completed in 39.29 seconds.
2025-05-02 22:55:26 - INFO - >>> Model original-top_left-tda-bottom_left trained. Accuracy: 0.9436 (39.29 sec.)
2025-05-02 22:55:26 - INFO - Training model: top_right-original-bottom_right-top_left-tda
2025-05-02 22:56:11 - INFO - Model top_right-original-bottom_right-top_left-tda completed in 44.80 seconds.
2025-05-02 22:56:11 - INFO - >>> Model top_right-original-bottom_right-top_left-tda trained. Accuracy: 0.9514 (44.80 sec.)
2025-05-02 22:56:11 - INFO - Training model: top_right-original-bottom_right-top_left-bottom_left
2025-05-02 22:56:40 - INFO - Model top_right-original-bottom_right-top_left-bottom_left completed in 28.72 seconds.
2025-05-02 22:56:40 - INFO - >>> Model top_right-original-bottom_right-top_left-bottom_left trained. Accuracy: 0.9572 (28.72 sec.)
2025-05-02 22:56:40 - INFO - Training model: top_right-original-bottom_right-tda-bottom_left
2025-05-02 22:57:25 - INFO - Model top_right-original-bottom_right-tda-bottom_left completed in 45.09 seconds.
2025-05-02 22:57:25 - INFO - >>> Model top_right-original-bottom_right-tda-bottom_left trained. Accuracy: 0.9502 (45.09 sec.)
2025-05-02 22:57:25 - INFO - Training model: top_right-original-top_left-tda-bottom_left
2025-05-02 22:58:10 - INFO - Model top_right-original-top_left-tda-bottom_left completed in 44.71 seconds.
2025-05-02 22:58:10 - INFO - >>> Model top_right-original-top_left-tda-bottom_left trained. Accuracy: 0.9501 (44.71 sec.)
2025-05-02 22:58:10 - INFO - Training model: original-bottom_right-top_left-tda-bottom_left
2025-05-02 22:58:54 - INFO - Model original-bottom_right-top_left-tda-bottom_left completed in 44.54 seconds.
2025-05-02 22:58:54 - INFO - >>> Model original-bottom_right-top_left-tda-bottom_left trained. Accuracy: 0.9487 (44.54 sec.)
2025-05-02 22:58:54 - INFO - Training model: top_right-original-bottom_right-top_left-tda-bottom_left
2025-05-02 22:59:45 - INFO - Model top_right-original-bottom_right-top_left-tda-bottom_left completed in 50.33 seconds.
2025-05-02 22:59:45 - INFO - >>> Model top_right-original-bottom_right-top_left-tda-bottom_left trained. Accuracy: 0.9564 (50.33 sec.)
2025-05-02 22:59:45 - INFO - All models trained successfully.
2025-05-02 22:59:45 - INFO - ========== [Model Training Completed] in 15.56 minutes ==========
2025-05-02 22:59:45 - INFO - ========== [Experiment Training Complete] ==========
2025-05-02 22:59:45 - INFO - Results saved to /home/jovyan/Workspace/workspace_mnist/results/exp_noise_lines_30_trainsplit_vary_noise/experiment_trainsize_predictions_2025-05-02_22-59-45.json
2025-05-02 22:59:45 - INFO - Results successfully saved to /home/jovyan/Workspace/workspace_mnist/results/exp_noise_lines_30_trainsplit_vary_noise/experiment_trainsize_predictions_2025-05-02_22-59-45.json
2025-05-02 22:59:45 - INFO - Forced Garbage collection executed to Free Memory.
2025-05-02 22:59:45 - INFO - ========== [Experiment Completed] in 29.56 minutes ==========
