2025-04-30 20:39:22 - INFO - Logging initialized.
 Writing to /home/jovyan/Workspace/workspace_mnist/logs/exp_noise_lines_30_trainsplit_vary_noise/experiment_logs_2025-04-30_20-39-22.log
2025-04-30 20:39:22 - INFO - ========== [Experiment Start] ==========
2025-04-30 20:39:22 - INFO - Views combinations successfully generated.
2025-04-30 20:39:22 - INFO - Topological Data Analysis pipeline generated.
2025-04-30 20:39:22 - INFO - Folder to save results has been created.
2025-04-30 20:39:22 - INFO - Reading dataset from mnist_784.csv (chunk size: 70000).
2025-04-30 20:39:23 - INFO - Starting multiview data preparation for a chunk of size (70000, 784)...
2025-04-30 20:39:23 - INFO - Running using 20 jobs.
2025-04-30 20:39:23 - INFO - Contaminating dataset with lines, quantity=13, transparency=1.0.
2025-04-30 20:39:30 - INFO - Splitting data: 50.0% train / 20.0% test (random_state=999719309)
2025-04-30 20:39:30 - INFO - Using full training data without second split.
2025-04-30 20:39:30 - INFO - Data split complete. Train size: (56000, 784), Test size: (14000, 784)
2025-04-30 20:39:30 - INFO - Reshaping train and test data into square images...
2025-04-30 20:39:30 - INFO - Reshaping complete. Train images shape: (56000, 28, 28), Test images shape: (14000, 28, 28)
2025-04-30 20:39:30 - INFO - Splitting images into quadrant views...
2025-04-30 20:39:30 - INFO - Quadrant view splitting complete. Train views: 4, Test views: 4
2025-04-30 20:39:30 - INFO - Saving sample images for each view...
2025-04-30 20:39:30 - INFO - Sample views saved successfully.
2025-04-30 20:39:30 - INFO - Starting TDA pipeline transformation on train data...
2025-04-30 20:50:19 - INFO - TDA transformation for train completed (10.82 minutes).
2025-04-30 20:50:19 - INFO - Applying TDA pipeline transformation on test data...
2025-04-30 20:52:57 - INFO - TDA transformation for test completed (2.63 minutes).
2025-04-30 20:52:57 - INFO - ========== [Model Training Start] ==========
2025-04-30 20:52:57 - INFO - Training model: original
2025-04-30 20:52:59 - INFO - Model original completed in 1.73 seconds.
2025-04-30 20:52:59 - INFO - >>> Model original trained. Accuracy: 0.9155 (1.73 sec.)
2025-04-30 20:52:59 - INFO - Training model: top_right-original
2025-04-30 20:53:13 - INFO - Model top_right-original completed in 14.09 seconds.
2025-04-30 20:53:13 - INFO - >>> Model top_right-original trained. Accuracy: 0.9264 (14.09 sec.)
2025-04-30 20:53:13 - INFO - Training model: bottom_right-original
2025-04-30 20:53:27 - INFO - Model bottom_right-original completed in 14.25 seconds.
2025-04-30 20:53:27 - INFO - >>> Model bottom_right-original trained. Accuracy: 0.9254 (14.25 sec.)
2025-04-30 20:53:27 - INFO - Training model: original-top_left
2025-04-30 20:53:41 - INFO - Model original-top_left completed in 13.97 seconds.
2025-04-30 20:53:41 - INFO - >>> Model original-top_left trained. Accuracy: 0.9267 (13.97 sec.)
2025-04-30 20:53:41 - INFO - Training model: original-tda
2025-04-30 20:54:13 - INFO - Model original-tda completed in 31.98 seconds.
2025-04-30 20:54:13 - INFO - >>> Model original-tda trained. Accuracy: 0.9183 (31.98 sec.)
2025-04-30 20:54:13 - INFO - Training model: original-bottom_left
2025-04-30 20:54:27 - INFO - Model original-bottom_left completed in 13.90 seconds.
2025-04-30 20:54:27 - INFO - >>> Model original-bottom_left trained. Accuracy: 0.9231 (13.90 sec.)
2025-04-30 20:54:27 - INFO - Training model: top_right-original-bottom_right
2025-04-30 20:54:46 - INFO - Model top_right-original-bottom_right completed in 19.13 seconds.
2025-04-30 20:54:46 - INFO - >>> Model top_right-original-bottom_right trained. Accuracy: 0.9335 (19.13 sec.)
2025-04-30 20:54:46 - INFO - Training model: top_right-original-top_left
2025-04-30 20:55:05 - INFO - Model top_right-original-top_left completed in 19.15 seconds.
2025-04-30 20:55:05 - INFO - >>> Model top_right-original-top_left trained. Accuracy: 0.9332 (19.15 sec.)
2025-04-30 20:55:05 - INFO - Training model: top_right-original-tda
2025-04-30 20:55:42 - INFO - Model top_right-original-tda completed in 36.52 seconds.
2025-04-30 20:55:42 - INFO - >>> Model top_right-original-tda trained. Accuracy: 0.9260 (36.52 sec.)
2025-04-30 20:55:42 - INFO - Training model: top_right-original-bottom_left
2025-04-30 20:56:01 - INFO - Model top_right-original-bottom_left completed in 19.47 seconds.
2025-04-30 20:56:01 - INFO - >>> Model top_right-original-bottom_left trained. Accuracy: 0.9324 (19.47 sec.)
2025-04-30 20:56:01 - INFO - Training model: bottom_right-original-top_left
2025-04-30 20:56:20 - INFO - Model bottom_right-original-top_left completed in 19.01 seconds.
2025-04-30 20:56:20 - INFO - >>> Model bottom_right-original-top_left trained. Accuracy: 0.9319 (19.01 sec.)
2025-04-30 20:56:20 - INFO - Training model: bottom_right-original-tda
2025-04-30 20:56:57 - INFO - Model bottom_right-original-tda completed in 36.40 seconds.
2025-04-30 20:56:57 - INFO - >>> Model bottom_right-original-tda trained. Accuracy: 0.9229 (36.40 sec.)
2025-04-30 20:56:57 - INFO - Training model: bottom_right-original-bottom_left
2025-04-30 20:57:16 - INFO - Model bottom_right-original-bottom_left completed in 19.19 seconds.
2025-04-30 20:57:16 - INFO - >>> Model bottom_right-original-bottom_left trained. Accuracy: 0.9284 (19.19 sec.)
2025-04-30 20:57:16 - INFO - Training model: original-top_left-tda
2025-04-30 20:57:52 - INFO - Model original-top_left-tda completed in 36.37 seconds.
2025-04-30 20:57:52 - INFO - >>> Model original-top_left-tda trained. Accuracy: 0.9252 (36.37 sec.)
2025-04-30 20:57:52 - INFO - Training model: original-top_left-bottom_left
2025-04-30 20:58:11 - INFO - Model original-top_left-bottom_left completed in 18.68 seconds.
2025-04-30 20:58:11 - INFO - >>> Model original-top_left-bottom_left trained. Accuracy: 0.9315 (18.68 sec.)
2025-04-30 20:58:11 - INFO - Training model: original-tda-bottom_left
2025-04-30 20:58:47 - INFO - Model original-tda-bottom_left completed in 36.30 seconds.
2025-04-30 20:58:47 - INFO - >>> Model original-tda-bottom_left trained. Accuracy: 0.9218 (36.30 sec.)
2025-04-30 20:58:47 - INFO - Training model: top_right-original-bottom_right-top_left
2025-04-30 20:59:12 - INFO - Model top_right-original-bottom_right-top_left completed in 25.09 seconds.
2025-04-30 20:59:12 - INFO - >>> Model top_right-original-bottom_right-top_left trained. Accuracy: 0.9418 (25.09 sec.)
2025-04-30 20:59:12 - INFO - Training model: top_right-original-bottom_right-tda
2025-04-30 20:59:54 - INFO - Model top_right-original-bottom_right-tda completed in 41.88 seconds.
2025-04-30 20:59:54 - INFO - >>> Model top_right-original-bottom_right-tda trained. Accuracy: 0.9326 (41.88 sec.)
2025-04-30 20:59:54 - INFO - Training model: top_right-original-bottom_right-bottom_left
2025-04-30 21:00:19 - INFO - Model top_right-original-bottom_right-bottom_left completed in 24.45 seconds.
2025-04-30 21:00:19 - INFO - >>> Model top_right-original-bottom_right-bottom_left trained. Accuracy: 0.9390 (24.45 sec.)
2025-04-30 21:00:19 - INFO - Training model: top_right-original-top_left-tda
2025-04-30 21:01:00 - INFO - Model top_right-original-top_left-tda completed in 41.66 seconds.
2025-04-30 21:01:00 - INFO - >>> Model top_right-original-top_left-tda trained. Accuracy: 0.9339 (41.66 sec.)
2025-04-30 21:01:00 - INFO - Training model: top_right-original-top_left-bottom_left
2025-04-30 21:01:24 - INFO - Model top_right-original-top_left-bottom_left completed in 23.92 seconds.
2025-04-30 21:01:24 - INFO - >>> Model top_right-original-top_left-bottom_left trained. Accuracy: 0.9400 (23.92 sec.)
2025-04-30 21:01:24 - INFO - Training model: top_right-original-tda-bottom_left
2025-04-30 21:02:05 - INFO - Model top_right-original-tda-bottom_left completed in 40.91 seconds.
2025-04-30 21:02:05 - INFO - >>> Model top_right-original-tda-bottom_left trained. Accuracy: 0.9320 (40.91 sec.)
2025-04-30 21:02:05 - INFO - Training model: bottom_right-original-top_left-tda
2025-04-30 21:02:47 - INFO - Model bottom_right-original-top_left-tda completed in 41.61 seconds.
2025-04-30 21:02:47 - INFO - >>> Model bottom_right-original-top_left-tda trained. Accuracy: 0.9311 (41.61 sec.)
2025-04-30 21:02:47 - INFO - Training model: bottom_right-original-top_left-bottom_left
2025-04-30 21:03:11 - INFO - Model bottom_right-original-top_left-bottom_left completed in 24.02 seconds.
2025-04-30 21:03:11 - INFO - >>> Model bottom_right-original-top_left-bottom_left trained. Accuracy: 0.9370 (24.02 sec.)
2025-04-30 21:03:11 - INFO - Training model: bottom_right-original-tda-bottom_left
2025-04-30 21:03:53 - INFO - Model bottom_right-original-tda-bottom_left completed in 41.74 seconds.
2025-04-30 21:03:53 - INFO - >>> Model bottom_right-original-tda-bottom_left trained. Accuracy: 0.9264 (41.74 sec.)
2025-04-30 21:03:53 - INFO - Training model: original-top_left-tda-bottom_left
2025-04-30 21:04:34 - INFO - Model original-top_left-tda-bottom_left completed in 41.00 seconds.
2025-04-30 21:04:34 - INFO - >>> Model original-top_left-tda-bottom_left trained. Accuracy: 0.9304 (41.00 sec.)
2025-04-30 21:04:34 - INFO - Training model: top_right-original-bottom_right-top_left-tda
2025-04-30 21:05:19 - INFO - Model top_right-original-bottom_right-top_left-tda completed in 45.61 seconds.
2025-04-30 21:05:19 - INFO - >>> Model top_right-original-bottom_right-top_left-tda trained. Accuracy: 0.9406 (45.61 sec.)
2025-04-30 21:05:19 - INFO - Training model: top_right-original-bottom_right-top_left-bottom_left
2025-04-30 21:05:49 - INFO - Model top_right-original-bottom_right-top_left-bottom_left completed in 29.86 seconds.
2025-04-30 21:05:49 - INFO - >>> Model top_right-original-bottom_right-top_left-bottom_left trained. Accuracy: 0.9468 (29.86 sec.)
2025-04-30 21:05:49 - INFO - Training model: top_right-original-bottom_right-tda-bottom_left
2025-04-30 21:06:36 - INFO - Model top_right-original-bottom_right-tda-bottom_left completed in 46.82 seconds.
2025-04-30 21:06:36 - INFO - >>> Model top_right-original-bottom_right-tda-bottom_left trained. Accuracy: 0.9370 (46.82 sec.)
2025-04-30 21:06:36 - INFO - Training model: top_right-original-top_left-tda-bottom_left
2025-04-30 21:07:22 - INFO - Model top_right-original-top_left-tda-bottom_left completed in 45.99 seconds.
2025-04-30 21:07:22 - INFO - >>> Model top_right-original-top_left-tda-bottom_left trained. Accuracy: 0.9396 (45.99 sec.)
2025-04-30 21:07:22 - INFO - Training model: original-bottom_right-top_left-tda-bottom_left
2025-04-30 21:08:08 - INFO - Model original-bottom_right-top_left-tda-bottom_left completed in 45.99 seconds.
2025-04-30 21:08:08 - INFO - >>> Model original-bottom_right-top_left-tda-bottom_left trained. Accuracy: 0.9359 (45.99 sec.)
2025-04-30 21:08:08 - INFO - Training model: top_right-original-bottom_right-top_left-tda-bottom_left
2025-04-30 21:08:59 - INFO - Model top_right-original-bottom_right-top_left-tda-bottom_left completed in 51.37 seconds.
2025-04-30 21:08:59 - INFO - >>> Model top_right-original-bottom_right-top_left-tda-bottom_left trained. Accuracy: 0.9459 (51.37 sec.)
2025-04-30 21:08:59 - INFO - All models trained successfully.
2025-04-30 21:08:59 - INFO - ========== [Model Training Completed] in 16.04 minutes ==========
2025-04-30 21:08:59 - INFO - ========== [Experiment Training Complete] ==========
2025-04-30 21:08:59 - INFO - Results saved to /home/jovyan/Workspace/workspace_mnist/results/exp_noise_lines_30_trainsplit_vary_noise/experiment_trainsize_predictions_2025-04-30_21-08-59.json
2025-04-30 21:08:59 - INFO - Results successfully saved to /home/jovyan/Workspace/workspace_mnist/results/exp_noise_lines_30_trainsplit_vary_noise/experiment_trainsize_predictions_2025-04-30_21-08-59.json
2025-04-30 21:08:59 - INFO - Forced Garbage collection executed to Free Memory.
2025-04-30 21:08:59 - INFO - ========== [Experiment Completed] in 29.62 minutes ==========
