2025-04-29 16:48:24 - INFO - Logging initialized.
 Writing to /home/jovyan/Workspace/workspace_mnist/logs/exp_noise_lines_30_trainsplit_vary_noise/experiment_logs_2025-04-29_16-48-24.log
2025-04-29 16:48:24 - INFO - ========== [Experiment Start] ==========
2025-04-29 16:48:24 - INFO - Views combinations successfully generated.
2025-04-29 16:48:24 - INFO - Topological Data Analysis pipeline generated.
2025-04-29 16:48:24 - INFO - Folder to save results has been created.
2025-04-29 16:48:24 - INFO - Reading dataset from mnist_784.csv (chunk size: 70000).
2025-04-29 16:48:24 - INFO - Starting multiview data preparation for a chunk of size (70000, 784)...
2025-04-29 16:48:24 - INFO - Running using 20 jobs.
2025-04-29 16:48:24 - INFO - Contaminating dataset with lines, quantity=1, transparency=1.0.
2025-04-29 16:48:28 - INFO - Splitting data: 50.0% train / 20.0% test (random_state=824368717)
2025-04-29 16:48:28 - INFO - Using full training data without second split.
2025-04-29 16:48:28 - INFO - Data split complete. Train size: (56000, 784), Test size: (14000, 784)
2025-04-29 16:48:28 - INFO - Reshaping train and test data into square images...
2025-04-29 16:48:28 - INFO - Reshaping complete. Train images shape: (56000, 28, 28), Test images shape: (14000, 28, 28)
2025-04-29 16:48:28 - INFO - Splitting images into quadrant views...
2025-04-29 16:48:28 - INFO - Quadrant view splitting complete. Train views: 4, Test views: 4
2025-04-29 16:48:28 - INFO - Saving sample images for each view...
2025-04-29 16:48:28 - INFO - Sample views saved successfully.
2025-04-29 16:48:28 - INFO - Starting TDA pipeline transformation on train data...
2025-04-29 16:59:47 - INFO - TDA transformation for train completed (11.32 minutes).
2025-04-29 16:59:47 - INFO - Applying TDA pipeline transformation on test data...
2025-04-29 17:02:32 - INFO - TDA transformation for test completed (2.75 minutes).
2025-04-29 17:02:32 - INFO - ========== [Model Training Start] ==========
2025-04-29 17:02:32 - INFO - Training model: original
2025-04-29 17:02:34 - INFO - Model original completed in 1.51 seconds.
2025-04-29 17:02:34 - INFO - >>> Model original trained. Accuracy: 0.9626 (1.51 sec.)
2025-04-29 17:02:34 - INFO - Training model: top_right-original
2025-04-29 17:02:46 - INFO - Model top_right-original completed in 12.27 seconds.
2025-04-29 17:02:46 - INFO - >>> Model top_right-original trained. Accuracy: 0.9664 (12.27 sec.)
2025-04-29 17:02:46 - INFO - Training model: bottom_right-original
2025-04-29 17:02:58 - INFO - Model bottom_right-original completed in 12.44 seconds.
2025-04-29 17:02:58 - INFO - >>> Model bottom_right-original trained. Accuracy: 0.9689 (12.44 sec.)
2025-04-29 17:02:58 - INFO - Training model: original-top_left
2025-04-29 17:03:10 - INFO - Model original-top_left completed in 12.07 seconds.
2025-04-29 17:03:10 - INFO - >>> Model original-top_left trained. Accuracy: 0.9663 (12.07 sec.)
2025-04-29 17:03:10 - INFO - Training model: original-tda
2025-04-29 17:03:30 - INFO - Model original-tda completed in 19.28 seconds.
2025-04-29 17:03:30 - INFO - >>> Model original-tda trained. Accuracy: 0.9732 (19.28 sec.)
2025-04-29 17:03:30 - INFO - Training model: original-bottom_left
2025-04-29 17:03:42 - INFO - Model original-bottom_left completed in 12.10 seconds.
2025-04-29 17:03:42 - INFO - >>> Model original-bottom_left trained. Accuracy: 0.9661 (12.10 sec.)
2025-04-29 17:03:42 - INFO - Training model: top_right-original-bottom_right
2025-04-29 17:03:59 - INFO - Model top_right-original-bottom_right completed in 16.90 seconds.
2025-04-29 17:03:59 - INFO - >>> Model top_right-original-bottom_right trained. Accuracy: 0.9683 (16.90 sec.)
2025-04-29 17:03:59 - INFO - Training model: top_right-original-top_left
2025-04-29 17:04:15 - INFO - Model top_right-original-top_left completed in 16.36 seconds.
2025-04-29 17:04:15 - INFO - >>> Model top_right-original-top_left trained. Accuracy: 0.9689 (16.36 sec.)
2025-04-29 17:04:15 - INFO - Training model: top_right-original-tda
2025-04-29 17:04:39 - INFO - Model top_right-original-tda completed in 23.58 seconds.
2025-04-29 17:04:39 - INFO - >>> Model top_right-original-tda trained. Accuracy: 0.9741 (23.58 sec.)
2025-04-29 17:04:39 - INFO - Training model: top_right-original-bottom_left
2025-04-29 17:04:55 - INFO - Model top_right-original-bottom_left completed in 16.56 seconds.
2025-04-29 17:04:55 - INFO - >>> Model top_right-original-bottom_left trained. Accuracy: 0.9669 (16.56 sec.)
2025-04-29 17:04:55 - INFO - Training model: bottom_right-original-top_left
2025-04-29 17:05:12 - INFO - Model bottom_right-original-top_left completed in 16.41 seconds.
2025-04-29 17:05:12 - INFO - >>> Model bottom_right-original-top_left trained. Accuracy: 0.9706 (16.41 sec.)
2025-04-29 17:05:12 - INFO - Training model: bottom_right-original-tda
2025-04-29 17:05:36 - INFO - Model bottom_right-original-tda completed in 23.84 seconds.
2025-04-29 17:05:36 - INFO - >>> Model bottom_right-original-tda trained. Accuracy: 0.9756 (23.84 sec.)
2025-04-29 17:05:36 - INFO - Training model: bottom_right-original-bottom_left
2025-04-29 17:05:52 - INFO - Model bottom_right-original-bottom_left completed in 16.59 seconds.
2025-04-29 17:05:52 - INFO - >>> Model bottom_right-original-bottom_left trained. Accuracy: 0.9694 (16.59 sec.)
2025-04-29 17:05:52 - INFO - Training model: original-top_left-tda
2025-04-29 17:06:16 - INFO - Model original-top_left-tda completed in 23.39 seconds.
2025-04-29 17:06:16 - INFO - >>> Model original-top_left-tda trained. Accuracy: 0.9734 (23.39 sec.)
2025-04-29 17:06:16 - INFO - Training model: original-top_left-bottom_left
2025-04-29 17:06:32 - INFO - Model original-top_left-bottom_left completed in 15.97 seconds.
2025-04-29 17:06:32 - INFO - >>> Model original-top_left-bottom_left trained. Accuracy: 0.9689 (15.97 sec.)
2025-04-29 17:06:32 - INFO - Training model: original-tda-bottom_left
2025-04-29 17:06:55 - INFO - Model original-tda-bottom_left completed in 23.41 seconds.
2025-04-29 17:06:55 - INFO - >>> Model original-tda-bottom_left trained. Accuracy: 0.9733 (23.41 sec.)
2025-04-29 17:06:55 - INFO - Training model: top_right-original-bottom_right-top_left
2025-04-29 17:07:16 - INFO - Model top_right-original-bottom_right-top_left completed in 20.87 seconds.
2025-04-29 17:07:16 - INFO - >>> Model top_right-original-bottom_right-top_left trained. Accuracy: 0.9715 (20.87 sec.)
2025-04-29 17:07:16 - INFO - Training model: top_right-original-bottom_right-tda
2025-04-29 17:07:45 - INFO - Model top_right-original-bottom_right-tda completed in 28.86 seconds.
2025-04-29 17:07:45 - INFO - >>> Model top_right-original-bottom_right-tda trained. Accuracy: 0.9759 (28.86 sec.)
2025-04-29 17:07:45 - INFO - Training model: top_right-original-bottom_right-bottom_left
2025-04-29 17:08:06 - INFO - Model top_right-original-bottom_right-bottom_left completed in 20.90 seconds.
2025-04-29 17:08:06 - INFO - >>> Model top_right-original-bottom_right-bottom_left trained. Accuracy: 0.9716 (20.90 sec.)
2025-04-29 17:08:06 - INFO - Training model: top_right-original-top_left-tda
2025-04-29 17:08:33 - INFO - Model top_right-original-top_left-tda completed in 27.60 seconds.
2025-04-29 17:08:33 - INFO - >>> Model top_right-original-top_left-tda trained. Accuracy: 0.9751 (27.60 sec.)
2025-04-29 17:08:33 - INFO - Training model: top_right-original-top_left-bottom_left
2025-04-29 17:08:54 - INFO - Model top_right-original-top_left-bottom_left completed in 20.46 seconds.
2025-04-29 17:08:54 - INFO - >>> Model top_right-original-top_left-bottom_left trained. Accuracy: 0.9705 (20.46 sec.)
2025-04-29 17:08:54 - INFO - Training model: top_right-original-tda-bottom_left
2025-04-29 17:09:22 - INFO - Model top_right-original-tda-bottom_left completed in 28.44 seconds.
2025-04-29 17:09:22 - INFO - >>> Model top_right-original-tda-bottom_left trained. Accuracy: 0.9750 (28.44 sec.)
2025-04-29 17:09:22 - INFO - Training model: bottom_right-original-top_left-tda
2025-04-29 17:09:50 - INFO - Model bottom_right-original-top_left-tda completed in 27.98 seconds.
2025-04-29 17:09:50 - INFO - >>> Model bottom_right-original-top_left-tda trained. Accuracy: 0.9765 (27.98 sec.)
2025-04-29 17:09:50 - INFO - Training model: bottom_right-original-top_left-bottom_left
2025-04-29 17:10:11 - INFO - Model bottom_right-original-top_left-bottom_left completed in 20.50 seconds.
2025-04-29 17:10:11 - INFO - >>> Model bottom_right-original-top_left-bottom_left trained. Accuracy: 0.9724 (20.50 sec.)
2025-04-29 17:10:11 - INFO - Training model: bottom_right-original-tda-bottom_left
2025-04-29 17:10:38 - INFO - Model bottom_right-original-tda-bottom_left completed in 27.66 seconds.
2025-04-29 17:10:38 - INFO - >>> Model bottom_right-original-tda-bottom_left trained. Accuracy: 0.9761 (27.66 sec.)
2025-04-29 17:10:38 - INFO - Training model: original-top_left-tda-bottom_left
2025-04-29 17:11:06 - INFO - Model original-top_left-tda-bottom_left completed in 28.07 seconds.
2025-04-29 17:11:06 - INFO - >>> Model original-top_left-tda-bottom_left trained. Accuracy: 0.9737 (28.07 sec.)
2025-04-29 17:11:06 - INFO - Training model: top_right-original-bottom_right-top_left-tda
2025-04-29 17:11:39 - INFO - Model top_right-original-bottom_right-top_left-tda completed in 32.88 seconds.
2025-04-29 17:11:39 - INFO - >>> Model top_right-original-bottom_right-top_left-tda trained. Accuracy: 0.9781 (32.88 sec.)
2025-04-29 17:11:39 - INFO - Training model: top_right-original-bottom_right-top_left-bottom_left
2025-04-29 17:12:04 - INFO - Model top_right-original-bottom_right-top_left-bottom_left completed in 24.76 seconds.
2025-04-29 17:12:04 - INFO - >>> Model top_right-original-bottom_right-top_left-bottom_left trained. Accuracy: 0.9741 (24.76 sec.)
2025-04-29 17:12:04 - INFO - Training model: top_right-original-bottom_right-tda-bottom_left
2025-04-29 17:12:37 - INFO - Model top_right-original-bottom_right-tda-bottom_left completed in 32.72 seconds.
2025-04-29 17:12:37 - INFO - >>> Model top_right-original-bottom_right-tda-bottom_left trained. Accuracy: 0.9772 (32.72 sec.)
2025-04-29 17:12:37 - INFO - Training model: top_right-original-top_left-tda-bottom_left
2025-04-29 17:13:09 - INFO - Model top_right-original-top_left-tda-bottom_left completed in 32.13 seconds.
2025-04-29 17:13:09 - INFO - >>> Model top_right-original-top_left-tda-bottom_left trained. Accuracy: 0.9762 (32.13 sec.)
2025-04-29 17:13:09 - INFO - Training model: original-bottom_right-top_left-tda-bottom_left
2025-04-29 17:13:41 - INFO - Model original-bottom_right-top_left-tda-bottom_left completed in 32.59 seconds.
2025-04-29 17:13:41 - INFO - >>> Model original-bottom_right-top_left-tda-bottom_left trained. Accuracy: 0.9779 (32.59 sec.)
2025-04-29 17:13:41 - INFO - Training model: top_right-original-bottom_right-top_left-tda-bottom_left
2025-04-29 17:14:18 - INFO - Model top_right-original-bottom_right-top_left-tda-bottom_left completed in 36.93 seconds.
2025-04-29 17:14:18 - INFO - >>> Model top_right-original-bottom_right-top_left-tda-bottom_left trained. Accuracy: 0.9782 (36.93 sec.)
2025-04-29 17:14:18 - INFO - All models trained successfully.
2025-04-29 17:14:18 - INFO - ========== [Model Training Completed] in 11.77 minutes ==========
2025-04-29 17:14:18 - INFO - ========== [Experiment Training Complete] ==========
2025-04-29 17:14:18 - INFO - Results saved to /home/jovyan/Workspace/workspace_mnist/results/exp_noise_lines_30_trainsplit_vary_noise/experiment_trainsize_predictions_2025-04-29_17-14-18.json
2025-04-29 17:14:18 - INFO - Results successfully saved to /home/jovyan/Workspace/workspace_mnist/results/exp_noise_lines_30_trainsplit_vary_noise/experiment_trainsize_predictions_2025-04-29_17-14-18.json
2025-04-29 17:14:18 - INFO - Forced Garbage collection executed to Free Memory.
2025-04-29 17:14:19 - INFO - ========== [Experiment Completed] in 25.92 minutes ==========
