2025-04-29 17:41:35 - INFO - Logging initialized.
 Writing to /home/jovyan/Workspace/workspace_mnist/logs/exp_noise_lines_30_trainsplit_vary_noise/experiment_logs_2025-04-29_17-41-35.log
2025-04-29 17:41:35 - INFO - ========== [Experiment Start] ==========
2025-04-29 17:41:35 - INFO - Views combinations successfully generated.
2025-04-29 17:41:35 - INFO - Topological Data Analysis pipeline generated.
2025-04-29 17:41:35 - INFO - Folder to save results has been created.
2025-04-29 17:41:35 - INFO - Reading dataset from mnist_784.csv (chunk size: 70000).
2025-04-29 17:41:36 - INFO - Starting multiview data preparation for a chunk of size (70000, 784)...
2025-04-29 17:41:36 - INFO - Running using 20 jobs.
2025-04-29 17:41:36 - INFO - Contaminating dataset with lines, quantity=5, transparency=1.0.
2025-04-29 17:41:40 - INFO - Splitting data: 50.0% train / 20.0% test (random_state=824368717)
2025-04-29 17:41:40 - INFO - Using full training data without second split.
2025-04-29 17:41:40 - INFO - Data split complete. Train size: (56000, 784), Test size: (14000, 784)
2025-04-29 17:41:40 - INFO - Reshaping train and test data into square images...
2025-04-29 17:41:40 - INFO - Reshaping complete. Train images shape: (56000, 28, 28), Test images shape: (14000, 28, 28)
2025-04-29 17:41:40 - INFO - Splitting images into quadrant views...
2025-04-29 17:41:40 - INFO - Quadrant view splitting complete. Train views: 4, Test views: 4
2025-04-29 17:41:40 - INFO - Saving sample images for each view...
2025-04-29 17:41:40 - INFO - Sample views saved successfully.
2025-04-29 17:41:40 - INFO - Starting TDA pipeline transformation on train data...
2025-04-29 17:52:58 - INFO - TDA transformation for train completed (11.31 minutes).
2025-04-29 17:52:58 - INFO - Applying TDA pipeline transformation on test data...
2025-04-29 17:55:33 - INFO - TDA transformation for test completed (2.59 minutes).
2025-04-29 17:55:33 - INFO - ========== [Model Training Start] ==========
2025-04-29 17:55:33 - INFO - Training model: original
2025-04-29 17:55:35 - INFO - Model original completed in 1.56 seconds.
2025-04-29 17:55:35 - INFO - >>> Model original trained. Accuracy: 0.9477 (1.56 sec.)
2025-04-29 17:55:35 - INFO - Training model: top_right-original
2025-04-29 17:55:48 - INFO - Model top_right-original completed in 13.10 seconds.
2025-04-29 17:55:48 - INFO - >>> Model top_right-original trained. Accuracy: 0.9531 (13.10 sec.)
2025-04-29 17:55:48 - INFO - Training model: bottom_right-original
2025-04-29 17:56:01 - INFO - Model bottom_right-original completed in 13.18 seconds.
2025-04-29 17:56:01 - INFO - >>> Model bottom_right-original trained. Accuracy: 0.9548 (13.18 sec.)
2025-04-29 17:56:01 - INFO - Training model: original-top_left
2025-04-29 17:56:14 - INFO - Model original-top_left completed in 12.63 seconds.
2025-04-29 17:56:14 - INFO - >>> Model original-top_left trained. Accuracy: 0.9526 (12.63 sec.)
2025-04-29 17:56:14 - INFO - Training model: original-tda
2025-04-29 17:56:39 - INFO - Model original-tda completed in 25.54 seconds.
2025-04-29 17:56:39 - INFO - >>> Model original-tda trained. Accuracy: 0.9524 (25.54 sec.)
2025-04-29 17:56:39 - INFO - Training model: original-bottom_left
2025-04-29 17:56:52 - INFO - Model original-bottom_left completed in 12.94 seconds.
2025-04-29 17:56:52 - INFO - >>> Model original-bottom_left trained. Accuracy: 0.9522 (12.94 sec.)
2025-04-29 17:56:52 - INFO - Training model: top_right-original-bottom_right
2025-04-29 17:57:10 - INFO - Model top_right-original-bottom_right completed in 17.68 seconds.
2025-04-29 17:57:10 - INFO - >>> Model top_right-original-bottom_right trained. Accuracy: 0.9573 (17.68 sec.)
2025-04-29 17:57:10 - INFO - Training model: top_right-original-top_left
2025-04-29 17:57:27 - INFO - Model top_right-original-top_left completed in 17.46 seconds.
2025-04-29 17:57:27 - INFO - >>> Model top_right-original-top_left trained. Accuracy: 0.9562 (17.46 sec.)
2025-04-29 17:57:27 - INFO - Training model: top_right-original-tda
2025-04-29 17:57:58 - INFO - Model top_right-original-tda completed in 31.21 seconds.
2025-04-29 17:57:58 - INFO - >>> Model top_right-original-tda trained. Accuracy: 0.9555 (31.21 sec.)
2025-04-29 17:57:58 - INFO - Training model: top_right-original-bottom_left
2025-04-29 17:58:16 - INFO - Model top_right-original-bottom_left completed in 17.46 seconds.
2025-04-29 17:58:16 - INFO - >>> Model top_right-original-bottom_left trained. Accuracy: 0.9561 (17.46 sec.)
2025-04-29 17:58:16 - INFO - Training model: bottom_right-original-top_left
2025-04-29 17:58:34 - INFO - Model bottom_right-original-top_left completed in 17.63 seconds.
2025-04-29 17:58:34 - INFO - >>> Model bottom_right-original-top_left trained. Accuracy: 0.9571 (17.63 sec.)
2025-04-29 17:58:34 - INFO - Training model: bottom_right-original-tda
2025-04-29 17:59:05 - INFO - Model bottom_right-original-tda completed in 31.14 seconds.
2025-04-29 17:59:05 - INFO - >>> Model bottom_right-original-tda trained. Accuracy: 0.9554 (31.14 sec.)
2025-04-29 17:59:05 - INFO - Training model: bottom_right-original-bottom_left
2025-04-29 17:59:22 - INFO - Model bottom_right-original-bottom_left completed in 17.59 seconds.
2025-04-29 17:59:22 - INFO - >>> Model bottom_right-original-bottom_left trained. Accuracy: 0.9564 (17.59 sec.)
2025-04-29 17:59:22 - INFO - Training model: original-top_left-tda
2025-04-29 17:59:54 - INFO - Model original-top_left-tda completed in 31.38 seconds.
2025-04-29 17:59:54 - INFO - >>> Model original-top_left-tda trained. Accuracy: 0.9553 (31.38 sec.)
2025-04-29 17:59:54 - INFO - Training model: original-top_left-bottom_left
2025-04-29 18:00:11 - INFO - Model original-top_left-bottom_left completed in 17.03 seconds.
2025-04-29 18:00:11 - INFO - >>> Model original-top_left-bottom_left trained. Accuracy: 0.9556 (17.03 sec.)
2025-04-29 18:00:11 - INFO - Training model: original-tda-bottom_left
2025-04-29 18:00:42 - INFO - Model original-tda-bottom_left completed in 31.70 seconds.
2025-04-29 18:00:42 - INFO - >>> Model original-tda-bottom_left trained. Accuracy: 0.9531 (31.70 sec.)
2025-04-29 18:00:42 - INFO - Training model: top_right-original-bottom_right-top_left
2025-04-29 18:01:05 - INFO - Model top_right-original-bottom_right-top_left completed in 22.13 seconds.
2025-04-29 18:01:05 - INFO - >>> Model top_right-original-bottom_right-top_left trained. Accuracy: 0.9614 (22.13 sec.)
2025-04-29 18:01:05 - INFO - Training model: top_right-original-bottom_right-tda
2025-04-29 18:01:41 - INFO - Model top_right-original-bottom_right-tda completed in 36.44 seconds.
2025-04-29 18:01:41 - INFO - >>> Model top_right-original-bottom_right-tda trained. Accuracy: 0.9599 (36.44 sec.)
2025-04-29 18:01:41 - INFO - Training model: top_right-original-bottom_right-bottom_left
2025-04-29 18:02:03 - INFO - Model top_right-original-bottom_right-bottom_left completed in 22.15 seconds.
2025-04-29 18:02:03 - INFO - >>> Model top_right-original-bottom_right-bottom_left trained. Accuracy: 0.9606 (22.15 sec.)
2025-04-29 18:02:03 - INFO - Training model: top_right-original-top_left-tda
2025-04-29 18:02:39 - INFO - Model top_right-original-top_left-tda completed in 35.67 seconds.
2025-04-29 18:02:39 - INFO - >>> Model top_right-original-top_left-tda trained. Accuracy: 0.9581 (35.67 sec.)
2025-04-29 18:02:39 - INFO - Training model: top_right-original-top_left-bottom_left
2025-04-29 18:03:01 - INFO - Model top_right-original-top_left-bottom_left completed in 22.06 seconds.
2025-04-29 18:03:01 - INFO - >>> Model top_right-original-top_left-bottom_left trained. Accuracy: 0.9596 (22.06 sec.)
2025-04-29 18:03:01 - INFO - Training model: top_right-original-tda-bottom_left
2025-04-29 18:03:37 - INFO - Model top_right-original-tda-bottom_left completed in 35.89 seconds.
2025-04-29 18:03:37 - INFO - >>> Model top_right-original-tda-bottom_left trained. Accuracy: 0.9577 (35.89 sec.)
2025-04-29 18:03:37 - INFO - Training model: bottom_right-original-top_left-tda
2025-04-29 18:04:13 - INFO - Model bottom_right-original-top_left-tda completed in 36.18 seconds.
2025-04-29 18:04:13 - INFO - >>> Model bottom_right-original-top_left-tda trained. Accuracy: 0.9584 (36.18 sec.)
2025-04-29 18:04:13 - INFO - Training model: bottom_right-original-top_left-bottom_left
2025-04-29 18:04:35 - INFO - Model bottom_right-original-top_left-bottom_left completed in 21.60 seconds.
2025-04-29 18:04:35 - INFO - >>> Model bottom_right-original-top_left-bottom_left trained. Accuracy: 0.9601 (21.60 sec.)
2025-04-29 18:04:35 - INFO - Training model: bottom_right-original-tda-bottom_left
2025-04-29 18:05:10 - INFO - Model bottom_right-original-tda-bottom_left completed in 35.88 seconds.
2025-04-29 18:05:10 - INFO - >>> Model bottom_right-original-tda-bottom_left trained. Accuracy: 0.9570 (35.88 sec.)
2025-04-29 18:05:11 - INFO - Training model: original-top_left-tda-bottom_left
2025-04-29 18:05:46 - INFO - Model original-top_left-tda-bottom_left completed in 35.57 seconds.
2025-04-29 18:05:46 - INFO - >>> Model original-top_left-tda-bottom_left trained. Accuracy: 0.9576 (35.57 sec.)
2025-04-29 18:05:46 - INFO - Training model: top_right-original-bottom_right-top_left-tda
2025-04-29 18:06:26 - INFO - Model top_right-original-bottom_right-top_left-tda completed in 40.16 seconds.
2025-04-29 18:06:26 - INFO - >>> Model top_right-original-bottom_right-top_left-tda trained. Accuracy: 0.9638 (40.16 sec.)
2025-04-29 18:06:26 - INFO - Training model: top_right-original-bottom_right-top_left-bottom_left
2025-04-29 18:06:53 - INFO - Model top_right-original-bottom_right-top_left-bottom_left completed in 26.44 seconds.
2025-04-29 18:06:53 - INFO - >>> Model top_right-original-bottom_right-top_left-bottom_left trained. Accuracy: 0.9644 (26.44 sec.)
2025-04-29 18:06:53 - INFO - Training model: top_right-original-bottom_right-tda-bottom_left
2025-04-29 18:07:34 - INFO - Model top_right-original-bottom_right-tda-bottom_left completed in 41.38 seconds.
2025-04-29 18:07:34 - INFO - >>> Model top_right-original-bottom_right-tda-bottom_left trained. Accuracy: 0.9617 (41.38 sec.)
2025-04-29 18:07:34 - INFO - Training model: top_right-original-top_left-tda-bottom_left
2025-04-29 18:08:15 - INFO - Model top_right-original-top_left-tda-bottom_left completed in 40.58 seconds.
2025-04-29 18:08:15 - INFO - >>> Model top_right-original-top_left-tda-bottom_left trained. Accuracy: 0.9612 (40.58 sec.)
2025-04-29 18:08:15 - INFO - Training model: original-bottom_right-top_left-tda-bottom_left
2025-04-29 18:08:54 - INFO - Model original-bottom_right-top_left-tda-bottom_left completed in 39.31 seconds.
2025-04-29 18:08:54 - INFO - >>> Model original-bottom_right-top_left-tda-bottom_left trained. Accuracy: 0.9611 (39.31 sec.)
2025-04-29 18:08:54 - INFO - Training model: top_right-original-bottom_right-top_left-tda-bottom_left
2025-04-29 18:09:39 - INFO - Model top_right-original-bottom_right-top_left-tda-bottom_left completed in 44.87 seconds.
2025-04-29 18:09:39 - INFO - >>> Model top_right-original-bottom_right-top_left-tda-bottom_left trained. Accuracy: 0.9659 (44.87 sec.)
2025-04-29 18:09:39 - INFO - All models trained successfully.
2025-04-29 18:09:39 - INFO - ========== [Model Training Completed] in 14.10 minutes ==========
2025-04-29 18:09:39 - INFO - ========== [Experiment Training Complete] ==========
2025-04-29 18:09:39 - INFO - Results saved to /home/jovyan/Workspace/workspace_mnist/results/exp_noise_lines_30_trainsplit_vary_noise/experiment_trainsize_predictions_2025-04-29_18-09-39.json
2025-04-29 18:09:39 - INFO - Results successfully saved to /home/jovyan/Workspace/workspace_mnist/results/exp_noise_lines_30_trainsplit_vary_noise/experiment_trainsize_predictions_2025-04-29_18-09-39.json
2025-04-29 18:09:39 - INFO - Forced Garbage collection executed to Free Memory.
2025-04-29 18:09:39 - INFO - ========== [Experiment Completed] in 28.07 minutes ==========
