2025-04-28 02:12:13 - INFO - Logging initialized.
 Writing to /home/jovyan/Workspace/workspace_mnist/logs/exp_noise_lines_30_trainsplit_vary_noise/experiment_logs_2025-04-28_02-12-13.log
2025-04-28 02:12:13 - INFO - ========== [Experiment Start] ==========
2025-04-28 02:12:13 - INFO - Views combinations successfully generated.
2025-04-28 02:12:13 - INFO - Topological Data Analysis pipeline generated.
2025-04-28 02:12:13 - INFO - Folder to save results has been created.
2025-04-28 02:12:13 - INFO - Reading dataset from mnist_784.csv (chunk size: 70000).
2025-04-28 02:12:14 - INFO - Starting multiview data preparation for a chunk of size (70000, 784)...
2025-04-28 02:12:14 - INFO - Running using 20 jobs.
2025-04-28 02:12:14 - INFO - Contaminating dataset with lines, quantity=47, transparency=1.0.
2025-04-28 02:12:34 - INFO - Splitting data: 50.0% train / 20.0% test (random_state=508701318)
2025-04-28 02:12:34 - INFO - Using full training data without second split.
2025-04-28 02:12:34 - INFO - Data split complete. Train size: (56000, 784), Test size: (14000, 784)
2025-04-28 02:12:34 - INFO - Reshaping train and test data into square images...
2025-04-28 02:12:34 - INFO - Reshaping complete. Train images shape: (56000, 28, 28), Test images shape: (14000, 28, 28)
2025-04-28 02:12:34 - INFO - Splitting images into quadrant views...
2025-04-28 02:12:34 - INFO - Quadrant view splitting complete. Train views: 4, Test views: 4
2025-04-28 02:12:34 - INFO - Saving sample images for each view...
2025-04-28 02:12:34 - INFO - Sample views saved successfully.
2025-04-28 02:12:34 - INFO - Starting TDA pipeline transformation on train data...
2025-04-28 02:23:15 - INFO - TDA transformation for train completed (10.69 minutes).
2025-04-28 02:23:15 - INFO - Applying TDA pipeline transformation on test data...
2025-04-28 02:25:51 - INFO - TDA transformation for test completed (2.59 minutes).
2025-04-28 02:25:51 - INFO - ========== [Model Training Start] ==========
2025-04-28 02:25:51 - INFO - Training model: original
2025-04-28 02:25:53 - INFO - Model original completed in 2.15 seconds.
2025-04-28 02:25:53 - INFO - >>> Model original trained. Accuracy: 0.7910 (2.15 sec.)
2025-04-28 02:25:53 - INFO - Training model: top_right-original
2025-04-28 02:26:10 - INFO - Model top_right-original completed in 17.31 seconds.
2025-04-28 02:26:10 - INFO - >>> Model top_right-original trained. Accuracy: 0.8198 (17.31 sec.)
2025-04-28 02:26:10 - INFO - Training model: bottom_right-original
2025-04-28 02:26:27 - INFO - Model bottom_right-original completed in 17.18 seconds.
2025-04-28 02:26:27 - INFO - >>> Model bottom_right-original trained. Accuracy: 0.8121 (17.18 sec.)
2025-04-28 02:26:27 - INFO - Training model: original-top_left
2025-04-28 02:26:44 - INFO - Model original-top_left completed in 16.87 seconds.
2025-04-28 02:26:44 - INFO - >>> Model original-top_left trained. Accuracy: 0.8156 (16.87 sec.)
2025-04-28 02:26:44 - INFO - Training model: original-tda
2025-04-28 02:27:17 - INFO - Model original-tda completed in 32.54 seconds.
2025-04-28 02:27:17 - INFO - >>> Model original-tda trained. Accuracy: 0.7945 (32.54 sec.)
2025-04-28 02:27:17 - INFO - Training model: original-bottom_left
2025-04-28 02:27:34 - INFO - Model original-bottom_left completed in 16.75 seconds.
2025-04-28 02:27:34 - INFO - >>> Model original-bottom_left trained. Accuracy: 0.8081 (16.75 sec.)
2025-04-28 02:27:34 - INFO - Training model: top_right-original-bottom_right
2025-04-28 02:27:57 - INFO - Model top_right-original-bottom_right completed in 23.19 seconds.
2025-04-28 02:27:57 - INFO - >>> Model top_right-original-bottom_right trained. Accuracy: 0.8345 (23.19 sec.)
2025-04-28 02:27:57 - INFO - Training model: top_right-original-top_left
2025-04-28 02:28:19 - INFO - Model top_right-original-top_left completed in 22.37 seconds.
2025-04-28 02:28:19 - INFO - >>> Model top_right-original-top_left trained. Accuracy: 0.8372 (22.37 sec.)
2025-04-28 02:28:19 - INFO - Training model: top_right-original-tda
2025-04-28 02:28:58 - INFO - Model top_right-original-tda completed in 38.62 seconds.
2025-04-28 02:28:58 - INFO - >>> Model top_right-original-tda trained. Accuracy: 0.8156 (38.62 sec.)
2025-04-28 02:28:58 - INFO - Training model: top_right-original-bottom_left
2025-04-28 02:29:21 - INFO - Model top_right-original-bottom_left completed in 22.73 seconds.
2025-04-28 02:29:21 - INFO - >>> Model top_right-original-bottom_left trained. Accuracy: 0.8316 (22.73 sec.)
2025-04-28 02:29:21 - INFO - Training model: bottom_right-original-top_left
2025-04-28 02:29:44 - INFO - Model bottom_right-original-top_left completed in 23.09 seconds.
2025-04-28 02:29:44 - INFO - >>> Model bottom_right-original-top_left trained. Accuracy: 0.8301 (23.09 sec.)
2025-04-28 02:29:44 - INFO - Training model: bottom_right-original-tda
2025-04-28 02:30:22 - INFO - Model bottom_right-original-tda completed in 38.21 seconds.
2025-04-28 02:30:22 - INFO - >>> Model bottom_right-original-tda trained. Accuracy: 0.8069 (38.21 sec.)
2025-04-28 02:30:22 - INFO - Training model: bottom_right-original-bottom_left
2025-04-28 02:30:45 - INFO - Model bottom_right-original-bottom_left completed in 23.17 seconds.
2025-04-28 02:30:45 - INFO - >>> Model bottom_right-original-bottom_left trained. Accuracy: 0.8206 (23.17 sec.)
2025-04-28 02:30:45 - INFO - Training model: original-top_left-tda
2025-04-28 02:31:24 - INFO - Model original-top_left-tda completed in 38.54 seconds.
2025-04-28 02:31:24 - INFO - >>> Model original-top_left-tda trained. Accuracy: 0.8121 (38.54 sec.)
2025-04-28 02:31:24 - INFO - Training model: original-top_left-bottom_left
2025-04-28 02:31:46 - INFO - Model original-top_left-bottom_left completed in 22.07 seconds.
2025-04-28 02:31:46 - INFO - >>> Model original-top_left-bottom_left trained. Accuracy: 0.8302 (22.07 sec.)
2025-04-28 02:31:46 - INFO - Training model: original-tda-bottom_left
2025-04-28 02:32:24 - INFO - Model original-tda-bottom_left completed in 38.56 seconds.
2025-04-28 02:32:24 - INFO - >>> Model original-tda-bottom_left trained. Accuracy: 0.8036 (38.56 sec.)
2025-04-28 02:32:24 - INFO - Training model: top_right-original-bottom_right-top_left
2025-04-28 02:32:53 - INFO - Model top_right-original-bottom_right-top_left completed in 28.29 seconds.
2025-04-28 02:32:53 - INFO - >>> Model top_right-original-bottom_right-top_left trained. Accuracy: 0.8529 (28.29 sec.)
2025-04-28 02:32:53 - INFO - Training model: top_right-original-bottom_right-tda
2025-04-28 02:33:37 - INFO - Model top_right-original-bottom_right-tda completed in 44.17 seconds.
2025-04-28 02:33:37 - INFO - >>> Model top_right-original-bottom_right-tda trained. Accuracy: 0.8291 (44.17 sec.)
2025-04-28 02:33:37 - INFO - Training model: top_right-original-bottom_right-bottom_left
2025-04-28 02:34:05 - INFO - Model top_right-original-bottom_right-bottom_left completed in 28.73 seconds.
2025-04-28 02:34:05 - INFO - >>> Model top_right-original-bottom_right-bottom_left trained. Accuracy: 0.8469 (28.73 sec.)
2025-04-28 02:34:05 - INFO - Training model: top_right-original-top_left-tda
2025-04-28 02:34:50 - INFO - Model top_right-original-top_left-tda completed in 44.45 seconds.
2025-04-28 02:34:50 - INFO - >>> Model top_right-original-top_left-tda trained. Accuracy: 0.8337 (44.45 sec.)
2025-04-28 02:34:50 - INFO - Training model: top_right-original-top_left-bottom_left
2025-04-28 02:35:18 - INFO - Model top_right-original-top_left-bottom_left completed in 28.32 seconds.
2025-04-28 02:35:18 - INFO - >>> Model top_right-original-top_left-bottom_left trained. Accuracy: 0.8518 (28.32 sec.)
2025-04-28 02:35:18 - INFO - Training model: top_right-original-tda-bottom_left
2025-04-28 02:36:03 - INFO - Model top_right-original-tda-bottom_left completed in 44.35 seconds.
2025-04-28 02:36:03 - INFO - >>> Model top_right-original-tda-bottom_left trained. Accuracy: 0.8298 (44.35 sec.)
2025-04-28 02:36:03 - INFO - Training model: bottom_right-original-top_left-tda
2025-04-28 02:36:47 - INFO - Model bottom_right-original-top_left-tda completed in 44.11 seconds.
2025-04-28 02:36:47 - INFO - >>> Model bottom_right-original-top_left-tda trained. Accuracy: 0.8264 (44.11 sec.)
2025-04-28 02:36:47 - INFO - Training model: bottom_right-original-top_left-bottom_left
2025-04-28 02:37:15 - INFO - Model bottom_right-original-top_left-bottom_left completed in 28.14 seconds.
2025-04-28 02:37:15 - INFO - >>> Model bottom_right-original-top_left-bottom_left trained. Accuracy: 0.8427 (28.14 sec.)
2025-04-28 02:37:15 - INFO - Training model: bottom_right-original-tda-bottom_left
2025-04-28 02:37:59 - INFO - Model bottom_right-original-tda-bottom_left completed in 44.33 seconds.
2025-04-28 02:37:59 - INFO - >>> Model bottom_right-original-tda-bottom_left trained. Accuracy: 0.8176 (44.33 sec.)
2025-04-28 02:37:59 - INFO - Training model: original-top_left-tda-bottom_left
2025-04-28 02:38:43 - INFO - Model original-top_left-tda-bottom_left completed in 43.72 seconds.
2025-04-28 02:38:43 - INFO - >>> Model original-top_left-tda-bottom_left trained. Accuracy: 0.8269 (43.72 sec.)
2025-04-28 02:38:43 - INFO - Training model: top_right-original-bottom_right-top_left-tda
2025-04-28 02:39:34 - INFO - Model top_right-original-bottom_right-top_left-tda completed in 51.11 seconds.
2025-04-28 02:39:34 - INFO - >>> Model top_right-original-bottom_right-top_left-tda trained. Accuracy: 0.8489 (51.11 sec.)
2025-04-28 02:39:34 - INFO - Training model: top_right-original-bottom_right-top_left-bottom_left
2025-04-28 02:40:09 - INFO - Model top_right-original-bottom_right-top_left-bottom_left completed in 34.82 seconds.
2025-04-28 02:40:09 - INFO - >>> Model top_right-original-bottom_right-top_left-bottom_left trained. Accuracy: 0.8646 (34.82 sec.)
2025-04-28 02:40:09 - INFO - Training model: top_right-original-bottom_right-tda-bottom_left
2025-04-28 02:40:59 - INFO - Model top_right-original-bottom_right-tda-bottom_left completed in 49.88 seconds.
2025-04-28 02:40:59 - INFO - >>> Model top_right-original-bottom_right-tda-bottom_left trained. Accuracy: 0.8434 (49.88 sec.)
2025-04-28 02:40:59 - INFO - Training model: top_right-original-top_left-tda-bottom_left
2025-04-28 02:41:49 - INFO - Model top_right-original-top_left-tda-bottom_left completed in 50.57 seconds.
2025-04-28 02:41:49 - INFO - >>> Model top_right-original-top_left-tda-bottom_left trained. Accuracy: 0.8516 (50.57 sec.)
2025-04-28 02:41:49 - INFO - Training model: original-bottom_right-top_left-tda-bottom_left
2025-04-28 02:42:40 - INFO - Model original-bottom_right-top_left-tda-bottom_left completed in 50.78 seconds.
2025-04-28 02:42:40 - INFO - >>> Model original-bottom_right-top_left-tda-bottom_left trained. Accuracy: 0.8382 (50.78 sec.)
2025-04-28 02:42:40 - INFO - Training model: top_right-original-bottom_right-top_left-tda-bottom_left
2025-04-28 02:43:36 - INFO - Model top_right-original-bottom_right-top_left-tda-bottom_left completed in 56.06 seconds.
2025-04-28 02:43:36 - INFO - >>> Model top_right-original-bottom_right-top_left-tda-bottom_left trained. Accuracy: 0.8632 (56.06 sec.)
2025-04-28 02:43:36 - INFO - All models trained successfully.
2025-04-28 02:43:36 - INFO - ========== [Model Training Completed] in 17.76 minutes ==========
2025-04-28 02:43:36 - INFO - ========== [Experiment Training Complete] ==========
2025-04-28 02:43:36 - INFO - Results saved to /home/jovyan/Workspace/workspace_mnist/results/exp_noise_lines_30_trainsplit_vary_noise/experiment_trainsize_predictions_2025-04-28_02-43-36.json
2025-04-28 02:43:36 - INFO - Results successfully saved to /home/jovyan/Workspace/workspace_mnist/results/exp_noise_lines_30_trainsplit_vary_noise/experiment_trainsize_predictions_2025-04-28_02-43-36.json
2025-04-28 02:43:36 - INFO - Forced Garbage collection executed to Free Memory.
2025-04-28 02:43:36 - INFO - ========== [Experiment Completed] in 31.38 minutes ==========
