2025-05-03 21:07:04 - INFO - Logging initialized.
 Writing to /home/jovyan/Workspace/workspace_mnist/logs/exp_noise_lines_30_trainsplit_vary_noise/experiment_logs_2025-05-03_21-07-04.log
2025-05-03 21:07:04 - INFO - ========== [Experiment Start] ==========
2025-05-03 21:07:04 - INFO - Views combinations successfully generated.
2025-05-03 21:07:04 - INFO - Topological Data Analysis pipeline generated.
2025-05-03 21:07:04 - INFO - Folder to save results has been created.
2025-05-03 21:07:04 - INFO - Reading dataset from mnist_784.csv (chunk size: 70000).
2025-05-03 21:07:05 - INFO - Starting multiview data preparation for a chunk of size (70000, 784)...
2025-05-03 21:07:05 - INFO - Running using 20 jobs.
2025-05-03 21:07:05 - INFO - Contaminating dataset with lines, quantity=47, transparency=1.0.
2025-05-03 21:07:25 - INFO - Splitting data: 50.0% train / 20.0% test (random_state=402417678)
2025-05-03 21:07:25 - INFO - Using full training data without second split.
2025-05-03 21:07:25 - INFO - Data split complete. Train size: (56000, 784), Test size: (14000, 784)
2025-05-03 21:07:25 - INFO - Reshaping train and test data into square images...
2025-05-03 21:07:25 - INFO - Reshaping complete. Train images shape: (56000, 28, 28), Test images shape: (14000, 28, 28)
2025-05-03 21:07:25 - INFO - Splitting images into quadrant views...
2025-05-03 21:07:25 - INFO - Quadrant view splitting complete. Train views: 4, Test views: 4
2025-05-03 21:07:25 - INFO - Saving sample images for each view...
2025-05-03 21:07:25 - INFO - Sample views saved successfully.
2025-05-03 21:07:25 - INFO - Starting TDA pipeline transformation on train data...
2025-05-03 21:18:52 - INFO - TDA transformation for train completed (11.44 minutes).
2025-05-03 21:18:52 - INFO - Applying TDA pipeline transformation on test data...
2025-05-03 21:21:25 - INFO - TDA transformation for test completed (2.56 minutes).
2025-05-03 21:21:25 - INFO - ========== [Model Training Start] ==========
2025-05-03 21:21:25 - INFO - Training model: original
2025-05-03 21:21:27 - INFO - Model original completed in 2.19 seconds.
2025-05-03 21:21:27 - INFO - >>> Model original trained. Accuracy: 0.7831 (2.19 sec.)
2025-05-03 21:21:27 - INFO - Training model: top_right-original
2025-05-03 21:21:45 - INFO - Model top_right-original completed in 17.55 seconds.
2025-05-03 21:21:45 - INFO - >>> Model top_right-original trained. Accuracy: 0.8116 (17.55 sec.)
2025-05-03 21:21:45 - INFO - Training model: bottom_right-original
2025-05-03 21:22:03 - INFO - Model bottom_right-original completed in 17.76 seconds.
2025-05-03 21:22:03 - INFO - >>> Model bottom_right-original trained. Accuracy: 0.8049 (17.76 sec.)
2025-05-03 21:22:03 - INFO - Training model: original-top_left
2025-05-03 21:22:20 - INFO - Model original-top_left completed in 17.35 seconds.
2025-05-03 21:22:20 - INFO - >>> Model original-top_left trained. Accuracy: 0.8060 (17.35 sec.)
2025-05-03 21:22:20 - INFO - Training model: original-tda
2025-05-03 21:22:54 - INFO - Model original-tda completed in 33.76 seconds.
2025-05-03 21:22:54 - INFO - >>> Model original-tda trained. Accuracy: 0.7882 (33.76 sec.)
2025-05-03 21:22:54 - INFO - Training model: original-bottom_left
2025-05-03 21:23:11 - INFO - Model original-bottom_left completed in 17.34 seconds.
2025-05-03 21:23:11 - INFO - >>> Model original-bottom_left trained. Accuracy: 0.8020 (17.34 sec.)
2025-05-03 21:23:11 - INFO - Training model: top_right-original-bottom_right
2025-05-03 21:23:35 - INFO - Model top_right-original-bottom_right completed in 24.16 seconds.
2025-05-03 21:23:35 - INFO - >>> Model top_right-original-bottom_right trained. Accuracy: 0.8261 (24.16 sec.)
2025-05-03 21:23:35 - INFO - Training model: top_right-original-top_left
2025-05-03 21:23:59 - INFO - Model top_right-original-top_left completed in 23.46 seconds.
2025-05-03 21:23:59 - INFO - >>> Model top_right-original-top_left trained. Accuracy: 0.8274 (23.46 sec.)
2025-05-03 21:23:59 - INFO - Training model: top_right-original-tda
2025-05-03 21:24:39 - INFO - Model top_right-original-tda completed in 40.52 seconds.
2025-05-03 21:24:39 - INFO - >>> Model top_right-original-tda trained. Accuracy: 0.8064 (40.52 sec.)
2025-05-03 21:24:39 - INFO - Training model: top_right-original-bottom_left
2025-05-03 21:25:03 - INFO - Model top_right-original-bottom_left completed in 23.94 seconds.
2025-05-03 21:25:03 - INFO - >>> Model top_right-original-bottom_left trained. Accuracy: 0.8278 (23.94 sec.)
2025-05-03 21:25:03 - INFO - Training model: bottom_right-original-top_left
2025-05-03 21:25:27 - INFO - Model bottom_right-original-top_left completed in 23.72 seconds.
2025-05-03 21:25:27 - INFO - >>> Model bottom_right-original-top_left trained. Accuracy: 0.8236 (23.72 sec.)
2025-05-03 21:25:27 - INFO - Training model: bottom_right-original-tda
2025-05-03 21:26:07 - INFO - Model bottom_right-original-tda completed in 39.91 seconds.
2025-05-03 21:26:07 - INFO - >>> Model bottom_right-original-tda trained. Accuracy: 0.8006 (39.91 sec.)
2025-05-03 21:26:07 - INFO - Training model: bottom_right-original-bottom_left
2025-05-03 21:26:30 - INFO - Model bottom_right-original-bottom_left completed in 23.68 seconds.
2025-05-03 21:26:30 - INFO - >>> Model bottom_right-original-bottom_left trained. Accuracy: 0.8172 (23.68 sec.)
2025-05-03 21:26:30 - INFO - Training model: original-top_left-tda
2025-05-03 21:27:10 - INFO - Model original-top_left-tda completed in 39.85 seconds.
2025-05-03 21:27:10 - INFO - >>> Model original-top_left-tda trained. Accuracy: 0.8015 (39.85 sec.)
2025-05-03 21:27:10 - INFO - Training model: original-top_left-bottom_left
2025-05-03 21:27:33 - INFO - Model original-top_left-bottom_left completed in 23.16 seconds.
2025-05-03 21:27:33 - INFO - >>> Model original-top_left-bottom_left trained. Accuracy: 0.8218 (23.16 sec.)
2025-05-03 21:27:33 - INFO - Training model: original-tda-bottom_left
2025-05-03 21:28:14 - INFO - Model original-tda-bottom_left completed in 40.12 seconds.
2025-05-03 21:28:14 - INFO - >>> Model original-tda-bottom_left trained. Accuracy: 0.7986 (40.12 sec.)
2025-05-03 21:28:14 - INFO - Training model: top_right-original-bottom_right-top_left
2025-05-03 21:28:43 - INFO - Model top_right-original-bottom_right-top_left completed in 29.50 seconds.
2025-05-03 21:28:43 - INFO - >>> Model top_right-original-bottom_right-top_left trained. Accuracy: 0.8434 (29.50 sec.)
2025-05-03 21:28:43 - INFO - Training model: top_right-original-bottom_right-tda
2025-05-03 21:29:29 - INFO - Model top_right-original-bottom_right-tda completed in 46.29 seconds.
2025-05-03 21:29:29 - INFO - >>> Model top_right-original-bottom_right-tda trained. Accuracy: 0.8209 (46.29 sec.)
2025-05-03 21:29:29 - INFO - Training model: top_right-original-bottom_right-bottom_left
2025-05-03 21:30:00 - INFO - Model top_right-original-bottom_right-bottom_left completed in 30.30 seconds.
2025-05-03 21:30:00 - INFO - >>> Model top_right-original-bottom_right-bottom_left trained. Accuracy: 0.8409 (30.30 sec.)
2025-05-03 21:30:00 - INFO - Training model: top_right-original-top_left-tda
2025-05-03 21:30:46 - INFO - Model top_right-original-top_left-tda completed in 46.01 seconds.
2025-05-03 21:30:46 - INFO - >>> Model top_right-original-top_left-tda trained. Accuracy: 0.8251 (46.01 sec.)
2025-05-03 21:30:46 - INFO - Training model: top_right-original-top_left-bottom_left
2025-05-03 21:31:16 - INFO - Model top_right-original-top_left-bottom_left completed in 30.58 seconds.
2025-05-03 21:31:16 - INFO - >>> Model top_right-original-top_left-bottom_left trained. Accuracy: 0.8478 (30.58 sec.)
2025-05-03 21:31:16 - INFO - Training model: top_right-original-tda-bottom_left
2025-05-03 21:32:02 - INFO - Model top_right-original-tda-bottom_left completed in 46.13 seconds.
2025-05-03 21:32:02 - INFO - >>> Model top_right-original-tda-bottom_left trained. Accuracy: 0.8221 (46.13 sec.)
2025-05-03 21:32:02 - INFO - Training model: bottom_right-original-top_left-tda
2025-05-03 21:32:48 - INFO - Model bottom_right-original-top_left-tda completed in 45.82 seconds.
2025-05-03 21:32:48 - INFO - >>> Model bottom_right-original-top_left-tda trained. Accuracy: 0.8177 (45.82 sec.)
2025-05-03 21:32:48 - INFO - Training model: bottom_right-original-top_left-bottom_left
2025-05-03 21:33:18 - INFO - Model bottom_right-original-top_left-bottom_left completed in 29.44 seconds.
2025-05-03 21:33:18 - INFO - >>> Model bottom_right-original-top_left-bottom_left trained. Accuracy: 0.8365 (29.44 sec.)
2025-05-03 21:33:18 - INFO - Training model: bottom_right-original-tda-bottom_left
2025-05-03 21:34:04 - INFO - Model bottom_right-original-tda-bottom_left completed in 46.23 seconds.
2025-05-03 21:34:04 - INFO - >>> Model bottom_right-original-tda-bottom_left trained. Accuracy: 0.8113 (46.23 sec.)
2025-05-03 21:34:04 - INFO - Training model: original-top_left-tda-bottom_left
2025-05-03 21:34:50 - INFO - Model original-top_left-tda-bottom_left completed in 46.54 seconds.
2025-05-03 21:34:50 - INFO - >>> Model original-top_left-tda-bottom_left trained. Accuracy: 0.8189 (46.54 sec.)
2025-05-03 21:34:50 - INFO - Training model: top_right-original-bottom_right-top_left-tda
2025-05-03 21:35:43 - INFO - Model top_right-original-bottom_right-top_left-tda completed in 52.50 seconds.
2025-05-03 21:35:43 - INFO - >>> Model top_right-original-bottom_right-top_left-tda trained. Accuracy: 0.8406 (52.50 sec.)
2025-05-03 21:35:43 - INFO - Training model: top_right-original-bottom_right-top_left-bottom_left
2025-05-03 21:36:20 - INFO - Model top_right-original-bottom_right-top_left-bottom_left completed in 37.07 seconds.
2025-05-03 21:36:20 - INFO - >>> Model top_right-original-bottom_right-top_left-bottom_left trained. Accuracy: 0.8606 (37.07 sec.)
2025-05-03 21:36:20 - INFO - Training model: top_right-original-bottom_right-tda-bottom_left
2025-05-03 21:37:13 - INFO - Model top_right-original-bottom_right-tda-bottom_left completed in 53.27 seconds.
2025-05-03 21:37:13 - INFO - >>> Model top_right-original-bottom_right-tda-bottom_left trained. Accuracy: 0.8337 (53.27 sec.)
2025-05-03 21:37:13 - INFO - Training model: top_right-original-top_left-tda-bottom_left
2025-05-03 21:38:06 - INFO - Model top_right-original-top_left-tda-bottom_left completed in 52.99 seconds.
2025-05-03 21:38:06 - INFO - >>> Model top_right-original-top_left-tda-bottom_left trained. Accuracy: 0.8429 (52.99 sec.)
2025-05-03 21:38:06 - INFO - Training model: original-bottom_right-top_left-tda-bottom_left
2025-05-03 21:39:00 - INFO - Model original-bottom_right-top_left-tda-bottom_left completed in 53.44 seconds.
2025-05-03 21:39:00 - INFO - >>> Model original-bottom_right-top_left-tda-bottom_left trained. Accuracy: 0.8338 (53.44 sec.)
2025-05-03 21:39:00 - INFO - Training model: top_right-original-bottom_right-top_left-tda-bottom_left
2025-05-03 21:39:58 - INFO - Model top_right-original-bottom_right-top_left-tda-bottom_left completed in 58.73 seconds.
2025-05-03 21:39:58 - INFO - >>> Model top_right-original-bottom_right-top_left-tda-bottom_left trained. Accuracy: 0.8551 (58.73 sec.)
2025-05-03 21:39:58 - INFO - All models trained successfully.
2025-05-03 21:39:58 - INFO - ========== [Model Training Completed] in 18.56 minutes ==========
2025-05-03 21:39:58 - INFO - ========== [Experiment Training Complete] ==========
2025-05-03 21:39:59 - INFO - Results saved to /home/jovyan/Workspace/workspace_mnist/results/exp_noise_lines_30_trainsplit_vary_noise/experiment_trainsize_predictions_2025-05-03_21-39-58.json
2025-05-03 21:39:59 - INFO - Results successfully saved to /home/jovyan/Workspace/workspace_mnist/results/exp_noise_lines_30_trainsplit_vary_noise/experiment_trainsize_predictions_2025-05-03_21-39-58.json
2025-05-03 21:39:59 - INFO - Forced Garbage collection executed to Free Memory.
2025-05-03 21:39:59 - INFO - ========== [Experiment Completed] in 32.90 minutes ==========
