2025-05-01 10:20:58 - INFO - Logging initialized.
 Writing to /home/jovyan/Workspace/workspace_mnist/logs/exp_noise_lines_30_trainsplit_vary_noise/experiment_logs_2025-05-01_10-20-58.log
2025-05-01 10:20:58 - INFO - ========== [Experiment Start] ==========
2025-05-01 10:20:58 - INFO - Views combinations successfully generated.
2025-05-01 10:20:58 - INFO - Topological Data Analysis pipeline generated.
2025-05-01 10:20:58 - INFO - Folder to save results has been created.
2025-05-01 10:20:58 - INFO - Reading dataset from mnist_784.csv (chunk size: 70000).
2025-05-01 10:20:59 - INFO - Starting multiview data preparation for a chunk of size (70000, 784)...
2025-05-01 10:20:59 - INFO - Running using 20 jobs.
2025-05-01 10:20:59 - INFO - Contaminating dataset with lines, quantity=17, transparency=1.0.
2025-05-01 10:21:07 - INFO - Splitting data: 50.0% train / 20.0% test (random_state=451678828)
2025-05-01 10:21:07 - INFO - Using full training data without second split.
2025-05-01 10:21:07 - INFO - Data split complete. Train size: (56000, 784), Test size: (14000, 784)
2025-05-01 10:21:07 - INFO - Reshaping train and test data into square images...
2025-05-01 10:21:07 - INFO - Reshaping complete. Train images shape: (56000, 28, 28), Test images shape: (14000, 28, 28)
2025-05-01 10:21:07 - INFO - Splitting images into quadrant views...
2025-05-01 10:21:07 - INFO - Quadrant view splitting complete. Train views: 4, Test views: 4
2025-05-01 10:21:07 - INFO - Saving sample images for each view...
2025-05-01 10:21:07 - INFO - Sample views saved successfully.
2025-05-01 10:21:07 - INFO - Starting TDA pipeline transformation on train data...
2025-05-01 10:32:16 - INFO - TDA transformation for train completed (11.16 minutes).
2025-05-01 10:32:16 - INFO - Applying TDA pipeline transformation on test data...
2025-05-01 10:34:52 - INFO - TDA transformation for test completed (2.60 minutes).
2025-05-01 10:34:52 - INFO - ========== [Model Training Start] ==========
2025-05-01 10:34:52 - INFO - Training model: original
2025-05-01 10:34:54 - INFO - Model original completed in 1.83 seconds.
2025-05-01 10:34:54 - INFO - >>> Model original trained. Accuracy: 0.9074 (1.83 sec.)
2025-05-01 10:34:54 - INFO - Training model: top_right-original
2025-05-01 10:35:09 - INFO - Model top_right-original completed in 14.87 seconds.
2025-05-01 10:35:09 - INFO - >>> Model top_right-original trained. Accuracy: 0.9209 (14.87 sec.)
2025-05-01 10:35:09 - INFO - Training model: bottom_right-original
2025-05-01 10:35:24 - INFO - Model bottom_right-original completed in 14.67 seconds.
2025-05-01 10:35:24 - INFO - >>> Model bottom_right-original trained. Accuracy: 0.9204 (14.67 sec.)
2025-05-01 10:35:24 - INFO - Training model: original-top_left
2025-05-01 10:35:38 - INFO - Model original-top_left completed in 14.58 seconds.
2025-05-01 10:35:38 - INFO - >>> Model original-top_left trained. Accuracy: 0.9189 (14.58 sec.)
2025-05-01 10:35:38 - INFO - Training model: original-tda
2025-05-01 10:36:10 - INFO - Model original-tda completed in 31.70 seconds.
2025-05-01 10:36:10 - INFO - >>> Model original-tda trained. Accuracy: 0.9102 (31.70 sec.)
2025-05-01 10:36:10 - INFO - Training model: original-bottom_left
2025-05-01 10:36:25 - INFO - Model original-bottom_left completed in 14.64 seconds.
2025-05-01 10:36:25 - INFO - >>> Model original-bottom_left trained. Accuracy: 0.9169 (14.64 sec.)
2025-05-01 10:36:25 - INFO - Training model: top_right-original-bottom_right
2025-05-01 10:36:44 - INFO - Model top_right-original-bottom_right completed in 19.74 seconds.
2025-05-01 10:36:44 - INFO - >>> Model top_right-original-bottom_right trained. Accuracy: 0.9287 (19.74 sec.)
2025-05-01 10:36:44 - INFO - Training model: top_right-original-top_left
2025-05-01 10:37:04 - INFO - Model top_right-original-top_left completed in 19.43 seconds.
2025-05-01 10:37:04 - INFO - >>> Model top_right-original-top_left trained. Accuracy: 0.9273 (19.43 sec.)
2025-05-01 10:37:04 - INFO - Training model: top_right-original-tda
2025-05-01 10:37:41 - INFO - Model top_right-original-tda completed in 36.97 seconds.
2025-05-01 10:37:41 - INFO - >>> Model top_right-original-tda trained. Accuracy: 0.9175 (36.97 sec.)
2025-05-01 10:37:41 - INFO - Training model: top_right-original-bottom_left
2025-05-01 10:38:00 - INFO - Model top_right-original-bottom_left completed in 19.66 seconds.
2025-05-01 10:38:00 - INFO - >>> Model top_right-original-bottom_left trained. Accuracy: 0.9272 (19.66 sec.)
2025-05-01 10:38:00 - INFO - Training model: bottom_right-original-top_left
2025-05-01 10:38:20 - INFO - Model bottom_right-original-top_left completed in 19.96 seconds.
2025-05-01 10:38:20 - INFO - >>> Model bottom_right-original-top_left trained. Accuracy: 0.9255 (19.96 sec.)
2025-05-01 10:38:20 - INFO - Training model: bottom_right-original-tda
2025-05-01 10:38:57 - INFO - Model bottom_right-original-tda completed in 37.04 seconds.
2025-05-01 10:38:57 - INFO - >>> Model bottom_right-original-tda trained. Accuracy: 0.9182 (37.04 sec.)
2025-05-01 10:38:57 - INFO - Training model: bottom_right-original-bottom_left
2025-05-01 10:39:17 - INFO - Model bottom_right-original-bottom_left completed in 19.81 seconds.
2025-05-01 10:39:17 - INFO - >>> Model bottom_right-original-bottom_left trained. Accuracy: 0.9250 (19.81 sec.)
2025-05-01 10:39:17 - INFO - Training model: original-top_left-tda
2025-05-01 10:39:54 - INFO - Model original-top_left-tda completed in 36.59 seconds.
2025-05-01 10:39:54 - INFO - >>> Model original-top_left-tda trained. Accuracy: 0.9173 (36.59 sec.)
2025-05-01 10:39:54 - INFO - Training model: original-top_left-bottom_left
2025-05-01 10:40:13 - INFO - Model original-top_left-bottom_left completed in 19.33 seconds.
2025-05-01 10:40:13 - INFO - >>> Model original-top_left-bottom_left trained. Accuracy: 0.9264 (19.33 sec.)
2025-05-01 10:40:13 - INFO - Training model: original-tda-bottom_left
2025-05-01 10:40:50 - INFO - Model original-tda-bottom_left completed in 36.98 seconds.
2025-05-01 10:40:50 - INFO - >>> Model original-tda-bottom_left trained. Accuracy: 0.9170 (36.98 sec.)
2025-05-01 10:40:50 - INFO - Training model: top_right-original-bottom_right-top_left
2025-05-01 10:41:15 - INFO - Model top_right-original-bottom_right-top_left completed in 25.20 seconds.
2025-05-01 10:41:15 - INFO - >>> Model top_right-original-bottom_right-top_left trained. Accuracy: 0.9358 (25.20 sec.)
2025-05-01 10:41:15 - INFO - Training model: top_right-original-bottom_right-tda
2025-05-01 10:41:58 - INFO - Model top_right-original-bottom_right-tda completed in 42.62 seconds.
2025-05-01 10:41:58 - INFO - >>> Model top_right-original-bottom_right-tda trained. Accuracy: 0.9292 (42.62 sec.)
2025-05-01 10:41:58 - INFO - Training model: top_right-original-bottom_right-bottom_left
2025-05-01 10:42:23 - INFO - Model top_right-original-bottom_right-bottom_left completed in 25.19 seconds.
2025-05-01 10:42:23 - INFO - >>> Model top_right-original-bottom_right-bottom_left trained. Accuracy: 0.9350 (25.19 sec.)
2025-05-01 10:42:23 - INFO - Training model: top_right-original-top_left-tda
2025-05-01 10:43:05 - INFO - Model top_right-original-top_left-tda completed in 42.14 seconds.
2025-05-01 10:43:05 - INFO - >>> Model top_right-original-top_left-tda trained. Accuracy: 0.9260 (42.14 sec.)
2025-05-01 10:43:05 - INFO - Training model: top_right-original-top_left-bottom_left
2025-05-01 10:43:30 - INFO - Model top_right-original-top_left-bottom_left completed in 24.98 seconds.
2025-05-01 10:43:30 - INFO - >>> Model top_right-original-top_left-bottom_left trained. Accuracy: 0.9366 (24.98 sec.)
2025-05-01 10:43:30 - INFO - Training model: top_right-original-tda-bottom_left
2025-05-01 10:44:13 - INFO - Model top_right-original-tda-bottom_left completed in 42.87 seconds.
2025-05-01 10:44:13 - INFO - >>> Model top_right-original-tda-bottom_left trained. Accuracy: 0.9261 (42.87 sec.)
2025-05-01 10:44:13 - INFO - Training model: bottom_right-original-top_left-tda
2025-05-01 10:44:55 - INFO - Model bottom_right-original-top_left-tda completed in 42.22 seconds.
2025-05-01 10:44:55 - INFO - >>> Model bottom_right-original-top_left-tda trained. Accuracy: 0.9246 (42.22 sec.)
2025-05-01 10:44:55 - INFO - Training model: bottom_right-original-top_left-bottom_left
2025-05-01 10:45:20 - INFO - Model bottom_right-original-top_left-bottom_left completed in 24.60 seconds.
2025-05-01 10:45:20 - INFO - >>> Model bottom_right-original-top_left-bottom_left trained. Accuracy: 0.9329 (24.60 sec.)
2025-05-01 10:45:20 - INFO - Training model: bottom_right-original-tda-bottom_left
2025-05-01 10:46:03 - INFO - Model bottom_right-original-tda-bottom_left completed in 42.53 seconds.
2025-05-01 10:46:03 - INFO - >>> Model bottom_right-original-tda-bottom_left trained. Accuracy: 0.9251 (42.53 sec.)
2025-05-01 10:46:03 - INFO - Training model: original-top_left-tda-bottom_left
2025-05-01 10:46:44 - INFO - Model original-top_left-tda-bottom_left completed in 41.24 seconds.
2025-05-01 10:46:44 - INFO - >>> Model original-top_left-tda-bottom_left trained. Accuracy: 0.9247 (41.24 sec.)
2025-05-01 10:46:44 - INFO - Training model: top_right-original-bottom_right-top_left-tda
2025-05-01 10:47:32 - INFO - Model top_right-original-bottom_right-top_left-tda completed in 47.95 seconds.
2025-05-01 10:47:32 - INFO - >>> Model top_right-original-bottom_right-top_left-tda trained. Accuracy: 0.9348 (47.95 sec.)
2025-05-01 10:47:32 - INFO - Training model: top_right-original-bottom_right-top_left-bottom_left
2025-05-01 10:48:01 - INFO - Model top_right-original-bottom_right-top_left-bottom_left completed in 29.44 seconds.
2025-05-01 10:48:01 - INFO - >>> Model top_right-original-bottom_right-top_left-bottom_left trained. Accuracy: 0.9444 (29.44 sec.)
2025-05-01 10:48:01 - INFO - Training model: top_right-original-bottom_right-tda-bottom_left
2025-05-01 10:48:49 - INFO - Model top_right-original-bottom_right-tda-bottom_left completed in 47.24 seconds.
2025-05-01 10:48:49 - INFO - >>> Model top_right-original-bottom_right-tda-bottom_left trained. Accuracy: 0.9344 (47.24 sec.)
2025-05-01 10:48:49 - INFO - Training model: top_right-original-top_left-tda-bottom_left
2025-05-01 10:49:36 - INFO - Model top_right-original-top_left-tda-bottom_left completed in 47.13 seconds.
2025-05-01 10:49:36 - INFO - >>> Model top_right-original-top_left-tda-bottom_left trained. Accuracy: 0.9350 (47.13 sec.)
2025-05-01 10:49:36 - INFO - Training model: original-bottom_right-top_left-tda-bottom_left
2025-05-01 10:50:23 - INFO - Model original-bottom_right-top_left-tda-bottom_left completed in 47.59 seconds.
2025-05-01 10:50:23 - INFO - >>> Model original-bottom_right-top_left-tda-bottom_left trained. Accuracy: 0.9323 (47.59 sec.)
2025-05-01 10:50:23 - INFO - Training model: top_right-original-bottom_right-top_left-tda-bottom_left
2025-05-01 10:51:16 - INFO - Model top_right-original-bottom_right-top_left-tda-bottom_left completed in 52.84 seconds.
2025-05-01 10:51:16 - INFO - >>> Model top_right-original-bottom_right-top_left-tda-bottom_left trained. Accuracy: 0.9422 (52.84 sec.)
2025-05-01 10:51:16 - INFO - All models trained successfully.
2025-05-01 10:51:16 - INFO - ========== [Model Training Completed] in 16.40 minutes ==========
2025-05-01 10:51:16 - INFO - ========== [Experiment Training Complete] ==========
2025-05-01 10:51:16 - INFO - Results saved to /home/jovyan/Workspace/workspace_mnist/results/exp_noise_lines_30_trainsplit_vary_noise/experiment_trainsize_predictions_2025-05-01_10-51-16.json
2025-05-01 10:51:16 - INFO - Results successfully saved to /home/jovyan/Workspace/workspace_mnist/results/exp_noise_lines_30_trainsplit_vary_noise/experiment_trainsize_predictions_2025-05-01_10-51-16.json
2025-05-01 10:51:16 - INFO - Forced Garbage collection executed to Free Memory.
2025-05-01 10:51:16 - INFO - ========== [Experiment Completed] in 30.31 minutes ==========
