2025-04-27 14:13:02 - INFO - Logging initialized.
 Writing to /home/jovyan/Workspace/workspace_mnist/logs/exp_noise_lines_30_trainsplit_vary_noise/experiment_logs_2025-04-27_14-13-02.log
2025-04-27 14:13:02 - INFO - ========== [Experiment Start] ==========
2025-04-27 14:13:02 - INFO - Views combinations successfully generated.
2025-04-27 14:13:02 - INFO - Topological Data Analysis pipeline generated.
2025-04-27 14:13:02 - INFO - Folder to save results has been created.
2025-04-27 14:13:02 - INFO - Reading dataset from mnist_784.csv (chunk size: 70000).
2025-04-27 14:13:02 - INFO - Starting multiview data preparation for a chunk of size (70000, 784)...
2025-04-27 14:13:02 - INFO - Running using 20 jobs.
2025-04-27 14:13:02 - INFO - Contaminating dataset with lines, quantity=49, transparency=1.0.
2025-04-27 14:13:23 - INFO - Splitting data: 50.0% train / 20.0% test (random_state=12444143)
2025-04-27 14:13:23 - INFO - Using full training data without second split.
2025-04-27 14:13:23 - INFO - Data split complete. Train size: (56000, 784), Test size: (14000, 784)
2025-04-27 14:13:23 - INFO - Reshaping train and test data into square images...
2025-04-27 14:13:23 - INFO - Reshaping complete. Train images shape: (56000, 28, 28), Test images shape: (14000, 28, 28)
2025-04-27 14:13:23 - INFO - Splitting images into quadrant views...
2025-04-27 14:13:23 - INFO - Quadrant view splitting complete. Train views: 4, Test views: 4
2025-04-27 14:13:23 - INFO - Saving sample images for each view...
2025-04-27 14:13:23 - INFO - Sample views saved successfully.
2025-04-27 14:13:23 - INFO - Starting TDA pipeline transformation on train data...
2025-04-27 14:24:38 - INFO - TDA transformation for train completed (11.24 minutes).
2025-04-27 14:24:38 - INFO - Applying TDA pipeline transformation on test data...
2025-04-27 14:27:21 - INFO - TDA transformation for test completed (2.73 minutes).
2025-04-27 14:27:21 - INFO - ========== [Model Training Start] ==========
2025-04-27 14:27:22 - INFO - Training model: original
2025-04-27 14:27:24 - INFO - Model original completed in 2.21 seconds.
2025-04-27 14:27:24 - INFO - >>> Model original trained. Accuracy: 0.7834 (2.21 sec.)
2025-04-27 14:27:24 - INFO - Training model: top_right-original
2025-04-27 14:27:41 - INFO - Model top_right-original completed in 17.07 seconds.
2025-04-27 14:27:41 - INFO - >>> Model top_right-original trained. Accuracy: 0.8096 (17.07 sec.)
2025-04-27 14:27:41 - INFO - Training model: bottom_right-original
2025-04-27 14:27:58 - INFO - Model bottom_right-original completed in 17.12 seconds.
2025-04-27 14:27:58 - INFO - >>> Model bottom_right-original trained. Accuracy: 0.8040 (17.12 sec.)
2025-04-27 14:27:58 - INFO - Training model: original-top_left
2025-04-27 14:28:15 - INFO - Model original-top_left completed in 16.78 seconds.
2025-04-27 14:28:15 - INFO - >>> Model original-top_left trained. Accuracy: 0.8061 (16.78 sec.)
2025-04-27 14:28:15 - INFO - Training model: original-tda
2025-04-27 14:28:47 - INFO - Model original-tda completed in 32.61 seconds.
2025-04-27 14:28:47 - INFO - >>> Model original-tda trained. Accuracy: 0.7851 (32.61 sec.)
2025-04-27 14:28:47 - INFO - Training model: original-bottom_left
2025-04-27 14:29:04 - INFO - Model original-bottom_left completed in 16.89 seconds.
2025-04-27 14:29:04 - INFO - >>> Model original-bottom_left trained. Accuracy: 0.7993 (16.89 sec.)
2025-04-27 14:29:04 - INFO - Training model: top_right-original-bottom_right
2025-04-27 14:29:27 - INFO - Model top_right-original-bottom_right completed in 22.95 seconds.
2025-04-27 14:29:27 - INFO - >>> Model top_right-original-bottom_right trained. Accuracy: 0.8255 (22.95 sec.)
2025-04-27 14:29:27 - INFO - Training model: top_right-original-top_left
2025-04-27 14:29:50 - INFO - Model top_right-original-top_left completed in 22.55 seconds.
2025-04-27 14:29:50 - INFO - >>> Model top_right-original-top_left trained. Accuracy: 0.8281 (22.55 sec.)
2025-04-27 14:29:50 - INFO - Training model: top_right-original-tda
2025-04-27 14:30:28 - INFO - Model top_right-original-tda completed in 37.96 seconds.
2025-04-27 14:30:28 - INFO - >>> Model top_right-original-tda trained. Accuracy: 0.8064 (37.96 sec.)
2025-04-27 14:30:28 - INFO - Training model: top_right-original-bottom_left
2025-04-27 14:30:51 - INFO - Model top_right-original-bottom_left completed in 22.84 seconds.
2025-04-27 14:30:51 - INFO - >>> Model top_right-original-bottom_left trained. Accuracy: 0.8253 (22.84 sec.)
2025-04-27 14:30:51 - INFO - Training model: bottom_right-original-top_left
2025-04-27 14:31:13 - INFO - Model bottom_right-original-top_left completed in 22.61 seconds.
2025-04-27 14:31:13 - INFO - >>> Model bottom_right-original-top_left trained. Accuracy: 0.8221 (22.61 sec.)
2025-04-27 14:31:13 - INFO - Training model: bottom_right-original-tda
2025-04-27 14:31:52 - INFO - Model bottom_right-original-tda completed in 39.12 seconds.
2025-04-27 14:31:52 - INFO - >>> Model bottom_right-original-tda trained. Accuracy: 0.7988 (39.12 sec.)
2025-04-27 14:31:52 - INFO - Training model: bottom_right-original-bottom_left
2025-04-27 14:32:15 - INFO - Model bottom_right-original-bottom_left completed in 22.86 seconds.
2025-04-27 14:32:15 - INFO - >>> Model bottom_right-original-bottom_left trained. Accuracy: 0.8162 (22.86 sec.)
2025-04-27 14:32:15 - INFO - Training model: original-top_left-tda
2025-04-27 14:32:53 - INFO - Model original-top_left-tda completed in 38.27 seconds.
2025-04-27 14:32:53 - INFO - >>> Model original-top_left-tda trained. Accuracy: 0.8009 (38.27 sec.)
2025-04-27 14:32:53 - INFO - Training model: original-top_left-bottom_left
2025-04-27 14:33:15 - INFO - Model original-top_left-bottom_left completed in 22.09 seconds.
2025-04-27 14:33:15 - INFO - >>> Model original-top_left-bottom_left trained. Accuracy: 0.8215 (22.09 sec.)
2025-04-27 14:33:15 - INFO - Training model: original-tda-bottom_left
2025-04-27 14:33:54 - INFO - Model original-tda-bottom_left completed in 38.98 seconds.
2025-04-27 14:33:54 - INFO - >>> Model original-tda-bottom_left trained. Accuracy: 0.7971 (38.98 sec.)
2025-04-27 14:33:54 - INFO - Training model: top_right-original-bottom_right-top_left
2025-04-27 14:34:23 - INFO - Model top_right-original-bottom_right-top_left completed in 28.79 seconds.
2025-04-27 14:34:23 - INFO - >>> Model top_right-original-bottom_right-top_left trained. Accuracy: 0.8433 (28.79 sec.)
2025-04-27 14:34:23 - INFO - Training model: top_right-original-bottom_right-tda
2025-04-27 14:35:08 - INFO - Model top_right-original-bottom_right-tda completed in 44.65 seconds.
2025-04-27 14:35:08 - INFO - >>> Model top_right-original-bottom_right-tda trained. Accuracy: 0.8206 (44.65 sec.)
2025-04-27 14:35:08 - INFO - Training model: top_right-original-bottom_right-bottom_left
2025-04-27 14:35:37 - INFO - Model top_right-original-bottom_right-bottom_left completed in 29.32 seconds.
2025-04-27 14:35:37 - INFO - >>> Model top_right-original-bottom_right-bottom_left trained. Accuracy: 0.8401 (29.32 sec.)
2025-04-27 14:35:37 - INFO - Training model: top_right-original-top_left-tda
2025-04-27 14:36:21 - INFO - Model top_right-original-top_left-tda completed in 44.04 seconds.
2025-04-27 14:36:21 - INFO - >>> Model top_right-original-top_left-tda trained. Accuracy: 0.8254 (44.04 sec.)
2025-04-27 14:36:21 - INFO - Training model: top_right-original-top_left-bottom_left
2025-04-27 14:36:50 - INFO - Model top_right-original-top_left-bottom_left completed in 28.29 seconds.
2025-04-27 14:36:50 - INFO - >>> Model top_right-original-top_left-bottom_left trained. Accuracy: 0.8437 (28.29 sec.)
2025-04-27 14:36:50 - INFO - Training model: top_right-original-tda-bottom_left
2025-04-27 14:37:34 - INFO - Model top_right-original-tda-bottom_left completed in 44.11 seconds.
2025-04-27 14:37:34 - INFO - >>> Model top_right-original-tda-bottom_left trained. Accuracy: 0.8175 (44.11 sec.)
2025-04-27 14:37:34 - INFO - Training model: bottom_right-original-top_left-tda
2025-04-27 14:38:18 - INFO - Model bottom_right-original-top_left-tda completed in 44.32 seconds.
2025-04-27 14:38:18 - INFO - >>> Model bottom_right-original-top_left-tda trained. Accuracy: 0.8175 (44.32 sec.)
2025-04-27 14:38:18 - INFO - Training model: bottom_right-original-top_left-bottom_left
2025-04-27 14:38:46 - INFO - Model bottom_right-original-top_left-bottom_left completed in 28.25 seconds.
2025-04-27 14:38:46 - INFO - >>> Model bottom_right-original-top_left-bottom_left trained. Accuracy: 0.8353 (28.25 sec.)
2025-04-27 14:38:46 - INFO - Training model: bottom_right-original-tda-bottom_left
2025-04-27 14:39:31 - INFO - Model bottom_right-original-tda-bottom_left completed in 44.39 seconds.
2025-04-27 14:39:31 - INFO - >>> Model bottom_right-original-tda-bottom_left trained. Accuracy: 0.8134 (44.39 sec.)
2025-04-27 14:39:31 - INFO - Training model: original-top_left-tda-bottom_left
2025-04-27 14:40:15 - INFO - Model original-top_left-tda-bottom_left completed in 43.99 seconds.
2025-04-27 14:40:15 - INFO - >>> Model original-top_left-tda-bottom_left trained. Accuracy: 0.8171 (43.99 sec.)
2025-04-27 14:40:15 - INFO - Training model: top_right-original-bottom_right-top_left-tda
2025-04-27 14:41:05 - INFO - Model top_right-original-bottom_right-top_left-tda completed in 50.40 seconds.
2025-04-27 14:41:05 - INFO - >>> Model top_right-original-bottom_right-top_left-tda trained. Accuracy: 0.8387 (50.40 sec.)
2025-04-27 14:41:05 - INFO - Training model: top_right-original-bottom_right-top_left-bottom_left
2025-04-27 14:41:39 - INFO - Model top_right-original-bottom_right-top_left-bottom_left completed in 34.44 seconds.
2025-04-27 14:41:39 - INFO - >>> Model top_right-original-bottom_right-top_left-bottom_left trained. Accuracy: 0.8597 (34.44 sec.)
2025-04-27 14:41:39 - INFO - Training model: top_right-original-bottom_right-tda-bottom_left
2025-04-27 14:42:30 - INFO - Model top_right-original-bottom_right-tda-bottom_left completed in 50.56 seconds.
2025-04-27 14:42:30 - INFO - >>> Model top_right-original-bottom_right-tda-bottom_left trained. Accuracy: 0.8362 (50.56 sec.)
2025-04-27 14:42:30 - INFO - Training model: top_right-original-top_left-tda-bottom_left
2025-04-27 14:43:21 - INFO - Model top_right-original-top_left-tda-bottom_left completed in 50.81 seconds.
2025-04-27 14:43:21 - INFO - >>> Model top_right-original-top_left-tda-bottom_left trained. Accuracy: 0.8407 (50.81 sec.)
2025-04-27 14:43:21 - INFO - Training model: original-bottom_right-top_left-tda-bottom_left
2025-04-27 14:44:11 - INFO - Model original-bottom_right-top_left-tda-bottom_left completed in 50.18 seconds.
2025-04-27 14:44:11 - INFO - >>> Model original-bottom_right-top_left-tda-bottom_left trained. Accuracy: 0.8317 (50.18 sec.)
2025-04-27 14:44:11 - INFO - Training model: top_right-original-bottom_right-top_left-tda-bottom_left
2025-04-27 14:45:08 - INFO - Model top_right-original-bottom_right-top_left-tda-bottom_left completed in 57.37 seconds.
2025-04-27 14:45:08 - INFO - >>> Model top_right-original-bottom_right-top_left-tda-bottom_left trained. Accuracy: 0.8545 (57.37 sec.)
2025-04-27 14:45:08 - INFO - All models trained successfully.
2025-04-27 14:45:08 - INFO - ========== [Model Training Completed] in 17.78 minutes ==========
2025-04-27 14:45:08 - INFO - ========== [Experiment Training Complete] ==========
2025-04-27 14:45:09 - INFO - Results saved to /home/jovyan/Workspace/workspace_mnist/results/exp_noise_lines_30_trainsplit_vary_noise/experiment_trainsize_predictions_2025-04-27_14-45-08.json
2025-04-27 14:45:09 - INFO - Results successfully saved to /home/jovyan/Workspace/workspace_mnist/results/exp_noise_lines_30_trainsplit_vary_noise/experiment_trainsize_predictions_2025-04-27_14-45-08.json
2025-04-27 14:45:09 - INFO - Forced Garbage collection executed to Free Memory.
2025-04-27 14:45:09 - INFO - ========== [Experiment Completed] in 32.12 minutes ==========
