2025-05-02 05:17:15 - INFO - Logging initialized.
 Writing to /home/jovyan/Workspace/workspace_mnist/logs/exp_noise_lines_30_trainsplit_vary_noise/experiment_logs_2025-05-02_05-17-15.log
2025-05-02 05:17:15 - INFO - ========== [Experiment Start] ==========
2025-05-02 05:17:15 - INFO - Views combinations successfully generated.
2025-05-02 05:17:15 - INFO - Topological Data Analysis pipeline generated.
2025-05-02 05:17:15 - INFO - Folder to save results has been created.
2025-05-02 05:17:15 - INFO - Reading dataset from mnist_784.csv (chunk size: 70000).
2025-05-02 05:17:16 - INFO - Starting multiview data preparation for a chunk of size (70000, 784)...
2025-05-02 05:17:16 - INFO - Running using 20 jobs.
2025-05-02 05:17:16 - INFO - Contaminating dataset with lines, quantity=41, transparency=1.0.
2025-05-02 05:17:33 - INFO - Splitting data: 50.0% train / 20.0% test (random_state=759596069)
2025-05-02 05:17:33 - INFO - Using full training data without second split.
2025-05-02 05:17:33 - INFO - Data split complete. Train size: (56000, 784), Test size: (14000, 784)
2025-05-02 05:17:33 - INFO - Reshaping train and test data into square images...
2025-05-02 05:17:33 - INFO - Reshaping complete. Train images shape: (56000, 28, 28), Test images shape: (14000, 28, 28)
2025-05-02 05:17:33 - INFO - Splitting images into quadrant views...
2025-05-02 05:17:33 - INFO - Quadrant view splitting complete. Train views: 4, Test views: 4
2025-05-02 05:17:33 - INFO - Saving sample images for each view...
2025-05-02 05:17:33 - INFO - Sample views saved successfully.
2025-05-02 05:17:33 - INFO - Starting TDA pipeline transformation on train data...
2025-05-02 05:28:12 - INFO - TDA transformation for train completed (10.65 minutes).
2025-05-02 05:28:12 - INFO - Applying TDA pipeline transformation on test data...
2025-05-02 05:30:54 - INFO - TDA transformation for test completed (2.70 minutes).
2025-05-02 05:30:54 - INFO - ========== [Model Training Start] ==========
2025-05-02 05:30:54 - INFO - Training model: original
2025-05-02 05:30:56 - INFO - Model original completed in 2.14 seconds.
2025-05-02 05:30:56 - INFO - >>> Model original trained. Accuracy: 0.8188 (2.14 sec.)
2025-05-02 05:30:56 - INFO - Training model: top_right-original
2025-05-02 05:31:13 - INFO - Model top_right-original completed in 16.91 seconds.
2025-05-02 05:31:13 - INFO - >>> Model top_right-original trained. Accuracy: 0.8447 (16.91 sec.)
2025-05-02 05:31:13 - INFO - Training model: bottom_right-original
2025-05-02 05:31:30 - INFO - Model bottom_right-original completed in 16.66 seconds.
2025-05-02 05:31:30 - INFO - >>> Model bottom_right-original trained. Accuracy: 0.8366 (16.66 sec.)
2025-05-02 05:31:30 - INFO - Training model: original-top_left
2025-05-02 05:31:46 - INFO - Model original-top_left completed in 16.27 seconds.
2025-05-02 05:31:46 - INFO - >>> Model original-top_left trained. Accuracy: 0.8401 (16.27 sec.)
2025-05-02 05:31:46 - INFO - Training model: original-tda
2025-05-02 05:32:21 - INFO - Model original-tda completed in 34.47 seconds.
2025-05-02 05:32:21 - INFO - >>> Model original-tda trained. Accuracy: 0.8229 (34.47 sec.)
2025-05-02 05:32:21 - INFO - Training model: original-bottom_left
2025-05-02 05:32:37 - INFO - Model original-bottom_left completed in 16.35 seconds.
2025-05-02 05:32:37 - INFO - >>> Model original-bottom_left trained. Accuracy: 0.8347 (16.35 sec.)
2025-05-02 05:32:37 - INFO - Training model: top_right-original-bottom_right
2025-05-02 05:33:00 - INFO - Model top_right-original-bottom_right completed in 22.99 seconds.
2025-05-02 05:33:00 - INFO - >>> Model top_right-original-bottom_right trained. Accuracy: 0.8573 (22.99 sec.)
2025-05-02 05:33:00 - INFO - Training model: top_right-original-top_left
2025-05-02 05:33:22 - INFO - Model top_right-original-top_left completed in 22.33 seconds.
2025-05-02 05:33:22 - INFO - >>> Model top_right-original-top_left trained. Accuracy: 0.8597 (22.33 sec.)
2025-05-02 05:33:22 - INFO - Training model: top_right-original-tda
2025-05-02 05:34:02 - INFO - Model top_right-original-tda completed in 39.90 seconds.
2025-05-02 05:34:02 - INFO - >>> Model top_right-original-tda trained. Accuracy: 0.8391 (39.90 sec.)
2025-05-02 05:34:02 - INFO - Training model: top_right-original-bottom_left
2025-05-02 05:34:25 - INFO - Model top_right-original-bottom_left completed in 22.56 seconds.
2025-05-02 05:34:25 - INFO - >>> Model top_right-original-bottom_left trained. Accuracy: 0.8587 (22.56 sec.)
2025-05-02 05:34:25 - INFO - Training model: bottom_right-original-top_left
2025-05-02 05:34:47 - INFO - Model bottom_right-original-top_left completed in 22.32 seconds.
2025-05-02 05:34:47 - INFO - >>> Model bottom_right-original-top_left trained. Accuracy: 0.8536 (22.32 sec.)
2025-05-02 05:34:47 - INFO - Training model: bottom_right-original-tda
2025-05-02 05:35:26 - INFO - Model bottom_right-original-tda completed in 39.27 seconds.
2025-05-02 05:35:26 - INFO - >>> Model bottom_right-original-tda trained. Accuracy: 0.8316 (39.27 sec.)
2025-05-02 05:35:26 - INFO - Training model: bottom_right-original-bottom_left
2025-05-02 05:35:49 - INFO - Model bottom_right-original-bottom_left completed in 22.82 seconds.
2025-05-02 05:35:49 - INFO - >>> Model bottom_right-original-bottom_left trained. Accuracy: 0.8471 (22.82 sec.)
2025-05-02 05:35:49 - INFO - Training model: original-top_left-tda
2025-05-02 05:36:29 - INFO - Model original-top_left-tda completed in 39.42 seconds.
2025-05-02 05:36:29 - INFO - >>> Model original-top_left-tda trained. Accuracy: 0.8370 (39.42 sec.)
2025-05-02 05:36:29 - INFO - Training model: original-top_left-bottom_left
2025-05-02 05:36:51 - INFO - Model original-top_left-bottom_left completed in 21.97 seconds.
2025-05-02 05:36:51 - INFO - >>> Model original-top_left-bottom_left trained. Accuracy: 0.8501 (21.97 sec.)
2025-05-02 05:36:51 - INFO - Training model: original-tda-bottom_left
2025-05-02 05:37:31 - INFO - Model original-tda-bottom_left completed in 39.94 seconds.
2025-05-02 05:37:31 - INFO - >>> Model original-tda-bottom_left trained. Accuracy: 0.8310 (39.94 sec.)
2025-05-02 05:37:31 - INFO - Training model: top_right-original-bottom_right-top_left
2025-05-02 05:37:59 - INFO - Model top_right-original-bottom_right-top_left completed in 28.21 seconds.
2025-05-02 05:37:59 - INFO - >>> Model top_right-original-bottom_right-top_left trained. Accuracy: 0.8736 (28.21 sec.)
2025-05-02 05:37:59 - INFO - Training model: top_right-original-bottom_right-tda
2025-05-02 05:38:44 - INFO - Model top_right-original-bottom_right-tda completed in 45.45 seconds.
2025-05-02 05:38:44 - INFO - >>> Model top_right-original-bottom_right-tda trained. Accuracy: 0.8539 (45.45 sec.)
2025-05-02 05:38:44 - INFO - Training model: top_right-original-bottom_right-bottom_left
2025-05-02 05:39:12 - INFO - Model top_right-original-bottom_right-bottom_left completed in 28.04 seconds.
2025-05-02 05:39:12 - INFO - >>> Model top_right-original-bottom_right-bottom_left trained. Accuracy: 0.8693 (28.04 sec.)
2025-05-02 05:39:12 - INFO - Training model: top_right-original-top_left-tda
2025-05-02 05:39:58 - INFO - Model top_right-original-top_left-tda completed in 45.51 seconds.
2025-05-02 05:39:58 - INFO - >>> Model top_right-original-top_left-tda trained. Accuracy: 0.8552 (45.51 sec.)
2025-05-02 05:39:58 - INFO - Training model: top_right-original-top_left-bottom_left
2025-05-02 05:40:26 - INFO - Model top_right-original-top_left-bottom_left completed in 28.16 seconds.
2025-05-02 05:40:26 - INFO - >>> Model top_right-original-top_left-bottom_left trained. Accuracy: 0.8748 (28.16 sec.)
2025-05-02 05:40:26 - INFO - Training model: top_right-original-tda-bottom_left
2025-05-02 05:41:12 - INFO - Model top_right-original-tda-bottom_left completed in 45.60 seconds.
2025-05-02 05:41:12 - INFO - >>> Model top_right-original-tda-bottom_left trained. Accuracy: 0.8536 (45.60 sec.)
2025-05-02 05:41:12 - INFO - Training model: bottom_right-original-top_left-tda
2025-05-02 05:41:57 - INFO - Model bottom_right-original-top_left-tda completed in 45.51 seconds.
2025-05-02 05:41:57 - INFO - >>> Model bottom_right-original-top_left-tda trained. Accuracy: 0.8496 (45.51 sec.)
2025-05-02 05:41:57 - INFO - Training model: bottom_right-original-top_left-bottom_left
2025-05-02 05:42:25 - INFO - Model bottom_right-original-top_left-bottom_left completed in 27.90 seconds.
2025-05-02 05:42:25 - INFO - >>> Model bottom_right-original-top_left-bottom_left trained. Accuracy: 0.8649 (27.90 sec.)
2025-05-02 05:42:25 - INFO - Training model: bottom_right-original-tda-bottom_left
2025-05-02 05:43:10 - INFO - Model bottom_right-original-tda-bottom_left completed in 44.96 seconds.
2025-05-02 05:43:10 - INFO - >>> Model bottom_right-original-tda-bottom_left trained. Accuracy: 0.8431 (44.96 sec.)
2025-05-02 05:43:10 - INFO - Training model: original-top_left-tda-bottom_left
2025-05-02 05:43:55 - INFO - Model original-top_left-tda-bottom_left completed in 44.84 seconds.
2025-05-02 05:43:55 - INFO - >>> Model original-top_left-tda-bottom_left trained. Accuracy: 0.8474 (44.84 sec.)
2025-05-02 05:43:55 - INFO - Training model: top_right-original-bottom_right-top_left-tda
2025-05-02 05:44:46 - INFO - Model top_right-original-bottom_right-top_left-tda completed in 50.83 seconds.
2025-05-02 05:44:46 - INFO - >>> Model top_right-original-bottom_right-top_left-tda trained. Accuracy: 0.8701 (50.83 sec.)
2025-05-02 05:44:46 - INFO - Training model: top_right-original-bottom_right-top_left-bottom_left
2025-05-02 05:45:20 - INFO - Model top_right-original-bottom_right-top_left-bottom_left completed in 33.86 seconds.
2025-05-02 05:45:20 - INFO - >>> Model top_right-original-bottom_right-top_left-bottom_left trained. Accuracy: 0.8871 (33.86 sec.)
2025-05-02 05:45:20 - INFO - Training model: top_right-original-bottom_right-tda-bottom_left
2025-05-02 05:46:11 - INFO - Model top_right-original-bottom_right-tda-bottom_left completed in 51.74 seconds.
2025-05-02 05:46:11 - INFO - >>> Model top_right-original-bottom_right-tda-bottom_left trained. Accuracy: 0.8668 (51.74 sec.)
2025-05-02 05:46:11 - INFO - Training model: top_right-original-top_left-tda-bottom_left
2025-05-02 05:47:02 - INFO - Model top_right-original-top_left-tda-bottom_left completed in 50.95 seconds.
2025-05-02 05:47:02 - INFO - >>> Model top_right-original-top_left-tda-bottom_left trained. Accuracy: 0.8714 (50.95 sec.)
2025-05-02 05:47:02 - INFO - Training model: original-bottom_right-top_left-tda-bottom_left
2025-05-02 05:47:54 - INFO - Model original-bottom_right-top_left-tda-bottom_left completed in 51.35 seconds.
2025-05-02 05:47:54 - INFO - >>> Model original-bottom_right-top_left-tda-bottom_left trained. Accuracy: 0.8599 (51.35 sec.)
2025-05-02 05:47:54 - INFO - Training model: top_right-original-bottom_right-top_left-tda-bottom_left
2025-05-02 05:48:51 - INFO - Model top_right-original-bottom_right-top_left-tda-bottom_left completed in 57.11 seconds.
2025-05-02 05:48:51 - INFO - >>> Model top_right-original-bottom_right-top_left-tda-bottom_left trained. Accuracy: 0.8827 (57.11 sec.)
2025-05-02 05:48:51 - INFO - All models trained successfully.
2025-05-02 05:48:51 - INFO - ========== [Model Training Completed] in 17.94 minutes ==========
2025-05-02 05:48:51 - INFO - ========== [Experiment Training Complete] ==========
2025-05-02 05:48:51 - INFO - Results saved to /home/jovyan/Workspace/workspace_mnist/results/exp_noise_lines_30_trainsplit_vary_noise/experiment_trainsize_predictions_2025-05-02_05-48-51.json
2025-05-02 05:48:51 - INFO - Results successfully saved to /home/jovyan/Workspace/workspace_mnist/results/exp_noise_lines_30_trainsplit_vary_noise/experiment_trainsize_predictions_2025-05-02_05-48-51.json
2025-05-02 05:48:51 - INFO - Forced Garbage collection executed to Free Memory.
2025-05-02 05:48:51 - INFO - ========== [Experiment Completed] in 31.60 minutes ==========
