2025-04-30 10:08:47 - INFO - Logging initialized.
 Writing to /home/jovyan/Workspace/workspace_mnist/logs/exp_noise_lines_30_trainsplit_vary_noise/experiment_logs_2025-04-30_10-08-47.log
2025-04-30 10:08:47 - INFO - ========== [Experiment Start] ==========
2025-04-30 10:08:47 - INFO - Views combinations successfully generated.
2025-04-30 10:08:47 - INFO - Topological Data Analysis pipeline generated.
2025-04-30 10:08:47 - INFO - Folder to save results has been created.
2025-04-30 10:08:47 - INFO - Reading dataset from mnist_784.csv (chunk size: 70000).
2025-04-30 10:08:47 - INFO - Starting multiview data preparation for a chunk of size (70000, 784)...
2025-04-30 10:08:47 - INFO - Running using 20 jobs.
2025-04-30 10:08:47 - INFO - Contaminating dataset with lines, quantity=21, transparency=1.0.
2025-04-30 10:08:57 - INFO - Splitting data: 50.0% train / 20.0% test (random_state=582848128)
2025-04-30 10:08:57 - INFO - Using full training data without second split.
2025-04-30 10:08:57 - INFO - Data split complete. Train size: (56000, 784), Test size: (14000, 784)
2025-04-30 10:08:57 - INFO - Reshaping train and test data into square images...
2025-04-30 10:08:57 - INFO - Reshaping complete. Train images shape: (56000, 28, 28), Test images shape: (14000, 28, 28)
2025-04-30 10:08:57 - INFO - Splitting images into quadrant views...
2025-04-30 10:08:57 - INFO - Quadrant view splitting complete. Train views: 4, Test views: 4
2025-04-30 10:08:57 - INFO - Saving sample images for each view...
2025-04-30 10:08:57 - INFO - Sample views saved successfully.
2025-04-30 10:08:57 - INFO - Starting TDA pipeline transformation on train data...
2025-04-30 10:19:29 - INFO - TDA transformation for train completed (10.53 minutes).
2025-04-30 10:19:29 - INFO - Applying TDA pipeline transformation on test data...
2025-04-30 10:21:51 - INFO - TDA transformation for test completed (2.37 minutes).
2025-04-30 10:21:51 - INFO - ========== [Model Training Start] ==========
2025-04-30 10:21:51 - INFO - Training model: original
2025-04-30 10:21:53 - INFO - Model original completed in 1.91 seconds.
2025-04-30 10:21:53 - INFO - >>> Model original trained. Accuracy: 0.8886 (1.91 sec.)
2025-04-30 10:21:53 - INFO - Training model: top_right-original
2025-04-30 10:22:08 - INFO - Model top_right-original completed in 15.29 seconds.
2025-04-30 10:22:08 - INFO - >>> Model top_right-original trained. Accuracy: 0.9042 (15.29 sec.)
2025-04-30 10:22:08 - INFO - Training model: bottom_right-original
2025-04-30 10:22:23 - INFO - Model bottom_right-original completed in 15.14 seconds.
2025-04-30 10:22:23 - INFO - >>> Model bottom_right-original trained. Accuracy: 0.8998 (15.14 sec.)
2025-04-30 10:22:23 - INFO - Training model: original-top_left
2025-04-30 10:22:38 - INFO - Model original-top_left completed in 14.65 seconds.
2025-04-30 10:22:38 - INFO - >>> Model original-top_left trained. Accuracy: 0.9037 (14.65 sec.)
2025-04-30 10:22:38 - INFO - Training model: original-tda
2025-04-30 10:23:09 - INFO - Model original-tda completed in 31.23 seconds.
2025-04-30 10:23:09 - INFO - >>> Model original-tda trained. Accuracy: 0.8921 (31.23 sec.)
2025-04-30 10:23:09 - INFO - Training model: original-bottom_left
2025-04-30 10:23:24 - INFO - Model original-bottom_left completed in 14.83 seconds.
2025-04-30 10:23:24 - INFO - >>> Model original-bottom_left trained. Accuracy: 0.8986 (14.83 sec.)
2025-04-30 10:23:24 - INFO - Training model: top_right-original-bottom_right
2025-04-30 10:23:44 - INFO - Model top_right-original-bottom_right completed in 20.41 seconds.
2025-04-30 10:23:44 - INFO - >>> Model top_right-original-bottom_right trained. Accuracy: 0.9131 (20.41 sec.)
2025-04-30 10:23:44 - INFO - Training model: top_right-original-top_left
2025-04-30 10:24:04 - INFO - Model top_right-original-top_left completed in 20.14 seconds.
2025-04-30 10:24:04 - INFO - >>> Model top_right-original-top_left trained. Accuracy: 0.9121 (20.14 sec.)
2025-04-30 10:24:04 - INFO - Training model: top_right-original-tda
2025-04-30 10:24:42 - INFO - Model top_right-original-tda completed in 37.12 seconds.
2025-04-30 10:24:42 - INFO - >>> Model top_right-original-tda trained. Accuracy: 0.9024 (37.12 sec.)
2025-04-30 10:24:42 - INFO - Training model: top_right-original-bottom_left
2025-04-30 10:25:02 - INFO - Model top_right-original-bottom_left completed in 20.53 seconds.
2025-04-30 10:25:02 - INFO - >>> Model top_right-original-bottom_left trained. Accuracy: 0.9084 (20.53 sec.)
2025-04-30 10:25:02 - INFO - Training model: bottom_right-original-top_left
2025-04-30 10:25:22 - INFO - Model bottom_right-original-top_left completed in 19.88 seconds.
2025-04-30 10:25:22 - INFO - >>> Model bottom_right-original-top_left trained. Accuracy: 0.9083 (19.88 sec.)
2025-04-30 10:25:22 - INFO - Training model: bottom_right-original-tda
2025-04-30 10:25:59 - INFO - Model bottom_right-original-tda completed in 36.95 seconds.
2025-04-30 10:25:59 - INFO - >>> Model bottom_right-original-tda trained. Accuracy: 0.8978 (36.95 sec.)
2025-04-30 10:25:59 - INFO - Training model: bottom_right-original-bottom_left
2025-04-30 10:26:19 - INFO - Model bottom_right-original-bottom_left completed in 20.37 seconds.
2025-04-30 10:26:19 - INFO - >>> Model bottom_right-original-bottom_left trained. Accuracy: 0.9057 (20.37 sec.)
2025-04-30 10:26:19 - INFO - Training model: original-top_left-tda
2025-04-30 10:26:57 - INFO - Model original-top_left-tda completed in 37.66 seconds.
2025-04-30 10:26:57 - INFO - >>> Model original-top_left-tda trained. Accuracy: 0.9011 (37.66 sec.)
2025-04-30 10:26:57 - INFO - Training model: original-top_left-bottom_left
2025-04-30 10:27:17 - INFO - Model original-top_left-bottom_left completed in 19.73 seconds.
2025-04-30 10:27:17 - INFO - >>> Model original-top_left-bottom_left trained. Accuracy: 0.9087 (19.73 sec.)
2025-04-30 10:27:17 - INFO - Training model: original-tda-bottom_left
2025-04-30 10:27:54 - INFO - Model original-tda-bottom_left completed in 36.79 seconds.
2025-04-30 10:27:54 - INFO - >>> Model original-tda-bottom_left trained. Accuracy: 0.8970 (36.79 sec.)
2025-04-30 10:27:54 - INFO - Training model: top_right-original-bottom_right-top_left
2025-04-30 10:28:19 - INFO - Model top_right-original-bottom_right-top_left completed in 25.24 seconds.
2025-04-30 10:28:19 - INFO - >>> Model top_right-original-bottom_right-top_left trained. Accuracy: 0.9216 (25.24 sec.)
2025-04-30 10:28:19 - INFO - Training model: top_right-original-bottom_right-tda
2025-04-30 10:29:02 - INFO - Model top_right-original-bottom_right-tda completed in 43.32 seconds.
2025-04-30 10:29:02 - INFO - >>> Model top_right-original-bottom_right-tda trained. Accuracy: 0.9106 (43.32 sec.)
2025-04-30 10:29:02 - INFO - Training model: top_right-original-bottom_right-bottom_left
2025-04-30 10:29:28 - INFO - Model top_right-original-bottom_right-bottom_left completed in 25.53 seconds.
2025-04-30 10:29:28 - INFO - >>> Model top_right-original-bottom_right-bottom_left trained. Accuracy: 0.9193 (25.53 sec.)
2025-04-30 10:29:28 - INFO - Training model: top_right-original-top_left-tda
2025-04-30 10:30:11 - INFO - Model top_right-original-top_left-tda completed in 43.00 seconds.
2025-04-30 10:30:11 - INFO - >>> Model top_right-original-top_left-tda trained. Accuracy: 0.9114 (43.00 sec.)
2025-04-30 10:30:11 - INFO - Training model: top_right-original-top_left-bottom_left
2025-04-30 10:30:36 - INFO - Model top_right-original-top_left-bottom_left completed in 25.30 seconds.
2025-04-30 10:30:36 - INFO - >>> Model top_right-original-top_left-bottom_left trained. Accuracy: 0.9201 (25.30 sec.)
2025-04-30 10:30:36 - INFO - Training model: top_right-original-tda-bottom_left
2025-04-30 10:31:19 - INFO - Model top_right-original-tda-bottom_left completed in 43.04 seconds.
2025-04-30 10:31:19 - INFO - >>> Model top_right-original-tda-bottom_left trained. Accuracy: 0.9075 (43.04 sec.)
2025-04-30 10:31:19 - INFO - Training model: bottom_right-original-top_left-tda
2025-04-30 10:32:02 - INFO - Model bottom_right-original-top_left-tda completed in 42.79 seconds.
2025-04-30 10:32:02 - INFO - >>> Model bottom_right-original-top_left-tda trained. Accuracy: 0.9076 (42.79 sec.)
2025-04-30 10:32:02 - INFO - Training model: bottom_right-original-top_left-bottom_left
2025-04-30 10:32:27 - INFO - Model bottom_right-original-top_left-bottom_left completed in 25.18 seconds.
2025-04-30 10:32:27 - INFO - >>> Model bottom_right-original-top_left-bottom_left trained. Accuracy: 0.9150 (25.18 sec.)
2025-04-30 10:32:27 - INFO - Training model: bottom_right-original-tda-bottom_left
2025-04-30 10:33:10 - INFO - Model bottom_right-original-tda-bottom_left completed in 42.67 seconds.
2025-04-30 10:33:10 - INFO - >>> Model bottom_right-original-tda-bottom_left trained. Accuracy: 0.9034 (42.67 sec.)
2025-04-30 10:33:10 - INFO - Training model: original-top_left-tda-bottom_left
2025-04-30 10:33:52 - INFO - Model original-top_left-tda-bottom_left completed in 42.54 seconds.
2025-04-30 10:33:52 - INFO - >>> Model original-top_left-tda-bottom_left trained. Accuracy: 0.9059 (42.54 sec.)
2025-04-30 10:33:52 - INFO - Training model: top_right-original-bottom_right-top_left-tda
2025-04-30 10:34:40 - INFO - Model top_right-original-bottom_right-top_left-tda completed in 47.68 seconds.
2025-04-30 10:34:40 - INFO - >>> Model top_right-original-bottom_right-top_left-tda trained. Accuracy: 0.9199 (47.68 sec.)
2025-04-30 10:34:40 - INFO - Training model: top_right-original-bottom_right-top_left-bottom_left
2025-04-30 10:35:10 - INFO - Model top_right-original-bottom_right-top_left-bottom_left completed in 30.38 seconds.
2025-04-30 10:35:10 - INFO - >>> Model top_right-original-bottom_right-top_left-bottom_left trained. Accuracy: 0.9271 (30.38 sec.)
2025-04-30 10:35:10 - INFO - Training model: top_right-original-bottom_right-tda-bottom_left
2025-04-30 10:35:58 - INFO - Model top_right-original-bottom_right-tda-bottom_left completed in 48.23 seconds.
2025-04-30 10:35:58 - INFO - >>> Model top_right-original-bottom_right-tda-bottom_left trained. Accuracy: 0.9176 (48.23 sec.)
2025-04-30 10:35:58 - INFO - Training model: top_right-original-top_left-tda-bottom_left
2025-04-30 10:36:46 - INFO - Model top_right-original-top_left-tda-bottom_left completed in 47.52 seconds.
2025-04-30 10:36:46 - INFO - >>> Model top_right-original-top_left-tda-bottom_left trained. Accuracy: 0.9190 (47.52 sec.)
2025-04-30 10:36:46 - INFO - Training model: original-bottom_right-top_left-tda-bottom_left
2025-04-30 10:37:34 - INFO - Model original-bottom_right-top_left-tda-bottom_left completed in 48.24 seconds.
2025-04-30 10:37:34 - INFO - >>> Model original-bottom_right-top_left-tda-bottom_left trained. Accuracy: 0.9126 (48.24 sec.)
2025-04-30 10:37:34 - INFO - Training model: top_right-original-bottom_right-top_left-tda-bottom_left
2025-04-30 10:38:27 - INFO - Model top_right-original-bottom_right-top_left-tda-bottom_left completed in 53.13 seconds.
2025-04-30 10:38:27 - INFO - >>> Model top_right-original-bottom_right-top_left-tda-bottom_left trained. Accuracy: 0.9259 (53.13 sec.)
2025-04-30 10:38:27 - INFO - All models trained successfully.
2025-04-30 10:38:27 - INFO - ========== [Model Training Completed] in 16.61 minutes ==========
2025-04-30 10:38:27 - INFO - ========== [Experiment Training Complete] ==========
2025-04-30 10:38:28 - INFO - Results saved to /home/jovyan/Workspace/workspace_mnist/results/exp_noise_lines_30_trainsplit_vary_noise/experiment_trainsize_predictions_2025-04-30_10-38-27.json
2025-04-30 10:38:28 - INFO - Results successfully saved to /home/jovyan/Workspace/workspace_mnist/results/exp_noise_lines_30_trainsplit_vary_noise/experiment_trainsize_predictions_2025-04-30_10-38-27.json
2025-04-30 10:38:28 - INFO - Forced Garbage collection executed to Free Memory.
2025-04-30 10:38:28 - INFO - ========== [Experiment Completed] in 29.68 minutes ==========
