2025-05-03 01:01:43 - INFO - Logging initialized.
 Writing to /home/jovyan/Workspace/workspace_mnist/logs/exp_noise_lines_30_trainsplit_vary_noise/experiment_logs_2025-05-03_01-01-43.log
2025-05-03 01:01:43 - INFO - ========== [Experiment Start] ==========
2025-05-03 01:01:43 - INFO - Views combinations successfully generated.
2025-05-03 01:01:43 - INFO - Topological Data Analysis pipeline generated.
2025-05-03 01:01:43 - INFO - Folder to save results has been created.
2025-05-03 01:01:43 - INFO - Reading dataset from mnist_784.csv (chunk size: 70000).
2025-05-03 01:01:44 - INFO - Starting multiview data preparation for a chunk of size (70000, 784)...
2025-05-03 01:01:44 - INFO - Running using 20 jobs.
2025-05-03 01:01:44 - INFO - Contaminating dataset with lines, quantity=19, transparency=1.0.
2025-05-03 01:01:52 - INFO - Splitting data: 50.0% train / 20.0% test (random_state=101577605)
2025-05-03 01:01:52 - INFO - Using full training data without second split.
2025-05-03 01:01:52 - INFO - Data split complete. Train size: (56000, 784), Test size: (14000, 784)
2025-05-03 01:01:52 - INFO - Reshaping train and test data into square images...
2025-05-03 01:01:52 - INFO - Reshaping complete. Train images shape: (56000, 28, 28), Test images shape: (14000, 28, 28)
2025-05-03 01:01:52 - INFO - Splitting images into quadrant views...
2025-05-03 01:01:52 - INFO - Quadrant view splitting complete. Train views: 4, Test views: 4
2025-05-03 01:01:52 - INFO - Saving sample images for each view...
2025-05-03 01:01:52 - INFO - Sample views saved successfully.
2025-05-03 01:01:52 - INFO - Starting TDA pipeline transformation on train data...
2025-05-03 01:12:43 - INFO - TDA transformation for train completed (10.84 minutes).
2025-05-03 01:12:43 - INFO - Applying TDA pipeline transformation on test data...
2025-05-03 01:15:20 - INFO - TDA transformation for test completed (2.62 minutes).
2025-05-03 01:15:20 - INFO - ========== [Model Training Start] ==========
2025-05-03 01:15:20 - INFO - Training model: original
2025-05-03 01:15:22 - INFO - Model original completed in 1.85 seconds.
2025-05-03 01:15:22 - INFO - >>> Model original trained. Accuracy: 0.8974 (1.85 sec.)
2025-05-03 01:15:22 - INFO - Training model: top_right-original
2025-05-03 01:15:37 - INFO - Model top_right-original completed in 15.01 seconds.
2025-05-03 01:15:37 - INFO - >>> Model top_right-original trained. Accuracy: 0.9134 (15.01 sec.)
2025-05-03 01:15:37 - INFO - Training model: bottom_right-original
2025-05-03 01:15:52 - INFO - Model bottom_right-original completed in 15.38 seconds.
2025-05-03 01:15:52 - INFO - >>> Model bottom_right-original trained. Accuracy: 0.9084 (15.38 sec.)
2025-05-03 01:15:52 - INFO - Training model: original-top_left
2025-05-03 01:16:07 - INFO - Model original-top_left completed in 15.00 seconds.
2025-05-03 01:16:07 - INFO - >>> Model original-top_left trained. Accuracy: 0.9121 (15.00 sec.)
2025-05-03 01:16:07 - INFO - Training model: original-tda
2025-05-03 01:16:40 - INFO - Model original-tda completed in 33.07 seconds.
2025-05-03 01:16:40 - INFO - >>> Model original-tda trained. Accuracy: 0.8998 (33.07 sec.)
2025-05-03 01:16:40 - INFO - Training model: original-bottom_left
2025-05-03 01:16:56 - INFO - Model original-bottom_left completed in 15.38 seconds.
2025-05-03 01:16:56 - INFO - >>> Model original-bottom_left trained. Accuracy: 0.9081 (15.38 sec.)
2025-05-03 01:16:56 - INFO - Training model: top_right-original-bottom_right
2025-05-03 01:17:16 - INFO - Model top_right-original-bottom_right completed in 20.54 seconds.
2025-05-03 01:17:16 - INFO - >>> Model top_right-original-bottom_right trained. Accuracy: 0.9201 (20.54 sec.)
2025-05-03 01:17:16 - INFO - Training model: top_right-original-top_left
2025-05-03 01:17:37 - INFO - Model top_right-original-top_left completed in 20.40 seconds.
2025-05-03 01:17:37 - INFO - >>> Model top_right-original-top_left trained. Accuracy: 0.9216 (20.40 sec.)
2025-05-03 01:17:37 - INFO - Training model: top_right-original-tda
2025-05-03 01:18:14 - INFO - Model top_right-original-tda completed in 37.67 seconds.
2025-05-03 01:18:14 - INFO - >>> Model top_right-original-tda trained. Accuracy: 0.9108 (37.67 sec.)
2025-05-03 01:18:14 - INFO - Training model: top_right-original-bottom_left
2025-05-03 01:18:35 - INFO - Model top_right-original-bottom_left completed in 20.32 seconds.
2025-05-03 01:18:35 - INFO - >>> Model top_right-original-bottom_left trained. Accuracy: 0.9187 (20.32 sec.)
2025-05-03 01:18:35 - INFO - Training model: bottom_right-original-top_left
2025-05-03 01:18:55 - INFO - Model bottom_right-original-top_left completed in 20.56 seconds.
2025-05-03 01:18:55 - INFO - >>> Model bottom_right-original-top_left trained. Accuracy: 0.9175 (20.56 sec.)
2025-05-03 01:18:55 - INFO - Training model: bottom_right-original-tda
2025-05-03 01:19:33 - INFO - Model bottom_right-original-tda completed in 38.13 seconds.
2025-05-03 01:19:33 - INFO - >>> Model bottom_right-original-tda trained. Accuracy: 0.9062 (38.13 sec.)
2025-05-03 01:19:33 - INFO - Training model: bottom_right-original-bottom_left
2025-05-03 01:19:54 - INFO - Model bottom_right-original-bottom_left completed in 20.49 seconds.
2025-05-03 01:19:54 - INFO - >>> Model bottom_right-original-bottom_left trained. Accuracy: 0.9143 (20.49 sec.)
2025-05-03 01:19:54 - INFO - Training model: original-top_left-tda
2025-05-03 01:20:32 - INFO - Model original-top_left-tda completed in 38.07 seconds.
2025-05-03 01:20:32 - INFO - >>> Model original-top_left-tda trained. Accuracy: 0.9097 (38.07 sec.)
2025-05-03 01:20:32 - INFO - Training model: original-top_left-bottom_left
2025-05-03 01:20:52 - INFO - Model original-top_left-bottom_left completed in 20.66 seconds.
2025-05-03 01:20:52 - INFO - >>> Model original-top_left-bottom_left trained. Accuracy: 0.9166 (20.66 sec.)
2025-05-03 01:20:52 - INFO - Training model: original-tda-bottom_left
2025-05-03 01:21:30 - INFO - Model original-tda-bottom_left completed in 37.62 seconds.
2025-05-03 01:21:30 - INFO - >>> Model original-tda-bottom_left trained. Accuracy: 0.9052 (37.62 sec.)
2025-05-03 01:21:30 - INFO - Training model: top_right-original-bottom_right-top_left
2025-05-03 01:21:56 - INFO - Model top_right-original-bottom_right-top_left completed in 25.45 seconds.
2025-05-03 01:21:56 - INFO - >>> Model top_right-original-bottom_right-top_left trained. Accuracy: 0.9293 (25.45 sec.)
2025-05-03 01:21:56 - INFO - Training model: top_right-original-bottom_right-tda
2025-05-03 01:22:39 - INFO - Model top_right-original-bottom_right-tda completed in 43.59 seconds.
2025-05-03 01:22:39 - INFO - >>> Model top_right-original-bottom_right-tda trained. Accuracy: 0.9196 (43.59 sec.)
2025-05-03 01:22:39 - INFO - Training model: top_right-original-bottom_right-bottom_left
2025-05-03 01:23:05 - INFO - Model top_right-original-bottom_right-bottom_left completed in 25.89 seconds.
2025-05-03 01:23:05 - INFO - >>> Model top_right-original-bottom_right-bottom_left trained. Accuracy: 0.9261 (25.89 sec.)
2025-05-03 01:23:05 - INFO - Training model: top_right-original-top_left-tda
2025-05-03 01:23:48 - INFO - Model top_right-original-top_left-tda completed in 43.09 seconds.
2025-05-03 01:23:48 - INFO - >>> Model top_right-original-top_left-tda trained. Accuracy: 0.9201 (43.09 sec.)
2025-05-03 01:23:48 - INFO - Training model: top_right-original-top_left-bottom_left
2025-05-03 01:24:14 - INFO - Model top_right-original-top_left-bottom_left completed in 25.91 seconds.
2025-05-03 01:24:14 - INFO - >>> Model top_right-original-top_left-bottom_left trained. Accuracy: 0.9295 (25.91 sec.)
2025-05-03 01:24:14 - INFO - Training model: top_right-original-tda-bottom_left
2025-05-03 01:24:57 - INFO - Model top_right-original-tda-bottom_left completed in 42.93 seconds.
2025-05-03 01:24:57 - INFO - >>> Model top_right-original-tda-bottom_left trained. Accuracy: 0.9179 (42.93 sec.)
2025-05-03 01:24:57 - INFO - Training model: bottom_right-original-top_left-tda
2025-05-03 01:25:40 - INFO - Model bottom_right-original-top_left-tda completed in 42.97 seconds.
2025-05-03 01:25:40 - INFO - >>> Model bottom_right-original-top_left-tda trained. Accuracy: 0.9146 (42.97 sec.)
2025-05-03 01:25:40 - INFO - Training model: bottom_right-original-top_left-bottom_left
2025-05-03 01:26:06 - INFO - Model bottom_right-original-top_left-bottom_left completed in 25.58 seconds.
2025-05-03 01:26:06 - INFO - >>> Model bottom_right-original-top_left-bottom_left trained. Accuracy: 0.9246 (25.58 sec.)
2025-05-03 01:26:06 - INFO - Training model: bottom_right-original-tda-bottom_left
2025-05-03 01:26:49 - INFO - Model bottom_right-original-tda-bottom_left completed in 43.50 seconds.
2025-05-03 01:26:49 - INFO - >>> Model bottom_right-original-tda-bottom_left trained. Accuracy: 0.9121 (43.50 sec.)
2025-05-03 01:26:49 - INFO - Training model: original-top_left-tda-bottom_left
2025-05-03 01:27:32 - INFO - Model original-top_left-tda-bottom_left completed in 42.81 seconds.
2025-05-03 01:27:32 - INFO - >>> Model original-top_left-tda-bottom_left trained. Accuracy: 0.9167 (42.81 sec.)
2025-05-03 01:27:32 - INFO - Training model: top_right-original-bottom_right-top_left-tda
2025-05-03 01:28:20 - INFO - Model top_right-original-bottom_right-top_left-tda completed in 48.22 seconds.
2025-05-03 01:28:20 - INFO - >>> Model top_right-original-bottom_right-top_left-tda trained. Accuracy: 0.9294 (48.22 sec.)
2025-05-03 01:28:20 - INFO - Training model: top_right-original-bottom_right-top_left-bottom_left
2025-05-03 01:28:51 - INFO - Model top_right-original-bottom_right-top_left-bottom_left completed in 31.33 seconds.
2025-05-03 01:28:51 - INFO - >>> Model top_right-original-bottom_right-top_left-bottom_left trained. Accuracy: 0.9390 (31.33 sec.)
2025-05-03 01:28:51 - INFO - Training model: top_right-original-bottom_right-tda-bottom_left
2025-05-03 01:29:40 - INFO - Model top_right-original-bottom_right-tda-bottom_left completed in 48.52 seconds.
2025-05-03 01:29:40 - INFO - >>> Model top_right-original-bottom_right-tda-bottom_left trained. Accuracy: 0.9237 (48.52 sec.)
2025-05-03 01:29:40 - INFO - Training model: top_right-original-top_left-tda-bottom_left
2025-05-03 01:30:28 - INFO - Model top_right-original-top_left-tda-bottom_left completed in 48.50 seconds.
2025-05-03 01:30:28 - INFO - >>> Model top_right-original-top_left-tda-bottom_left trained. Accuracy: 0.9261 (48.50 sec.)
2025-05-03 01:30:28 - INFO - Training model: original-bottom_right-top_left-tda-bottom_left
2025-05-03 01:31:17 - INFO - Model original-bottom_right-top_left-tda-bottom_left completed in 48.83 seconds.
2025-05-03 01:31:17 - INFO - >>> Model original-bottom_right-top_left-tda-bottom_left trained. Accuracy: 0.9236 (48.83 sec.)
2025-05-03 01:31:17 - INFO - Training model: top_right-original-bottom_right-top_left-tda-bottom_left
2025-05-03 01:32:12 - INFO - Model top_right-original-bottom_right-top_left-tda-bottom_left completed in 54.33 seconds.
2025-05-03 01:32:12 - INFO - >>> Model top_right-original-bottom_right-top_left-tda-bottom_left trained. Accuracy: 0.9354 (54.33 sec.)
2025-05-03 01:32:12 - INFO - All models trained successfully.
2025-05-03 01:32:12 - INFO - ========== [Model Training Completed] in 16.86 minutes ==========
2025-05-03 01:32:12 - INFO - ========== [Experiment Training Complete] ==========
2025-05-03 01:32:12 - INFO - Results saved to /home/jovyan/Workspace/workspace_mnist/results/exp_noise_lines_30_trainsplit_vary_noise/experiment_trainsize_predictions_2025-05-03_01-32-12.json
2025-05-03 01:32:12 - INFO - Results successfully saved to /home/jovyan/Workspace/workspace_mnist/results/exp_noise_lines_30_trainsplit_vary_noise/experiment_trainsize_predictions_2025-05-03_01-32-12.json
2025-05-03 01:32:12 - INFO - Forced Garbage collection executed to Free Memory.
2025-05-03 01:32:12 - INFO - ========== [Experiment Completed] in 30.48 minutes ==========
