2025-04-29 01:34:25 - INFO - Logging initialized.
 Writing to /home/jovyan/Workspace/workspace_mnist/logs/exp_noise_lines_30_trainsplit_vary_noise/experiment_logs_2025-04-29_01-34-25.log
2025-04-29 01:34:25 - INFO - ========== [Experiment Start] ==========
2025-04-29 01:34:25 - INFO - Views combinations successfully generated.
2025-04-29 01:34:25 - INFO - Topological Data Analysis pipeline generated.
2025-04-29 01:34:25 - INFO - Folder to save results has been created.
2025-04-29 01:34:25 - INFO - Reading dataset from mnist_784.csv (chunk size: 70000).
2025-04-29 01:34:26 - INFO - Starting multiview data preparation for a chunk of size (70000, 784)...
2025-04-29 01:34:26 - INFO - Running using 20 jobs.
2025-04-29 01:34:26 - INFO - Contaminating dataset with lines, quantity=41, transparency=1.0.
2025-04-29 01:34:44 - INFO - Splitting data: 50.0% train / 20.0% test (random_state=561967060)
2025-04-29 01:34:44 - INFO - Using full training data without second split.
2025-04-29 01:34:44 - INFO - Data split complete. Train size: (56000, 784), Test size: (14000, 784)
2025-04-29 01:34:44 - INFO - Reshaping train and test data into square images...
2025-04-29 01:34:44 - INFO - Reshaping complete. Train images shape: (56000, 28, 28), Test images shape: (14000, 28, 28)
2025-04-29 01:34:44 - INFO - Splitting images into quadrant views...
2025-04-29 01:34:44 - INFO - Quadrant view splitting complete. Train views: 4, Test views: 4
2025-04-29 01:34:44 - INFO - Saving sample images for each view...
2025-04-29 01:34:44 - INFO - Sample views saved successfully.
2025-04-29 01:34:44 - INFO - Starting TDA pipeline transformation on train data...
2025-04-29 01:45:06 - INFO - TDA transformation for train completed (10.37 minutes).
2025-04-29 01:45:06 - INFO - Applying TDA pipeline transformation on test data...
2025-04-29 01:47:43 - INFO - TDA transformation for test completed (2.62 minutes).
2025-04-29 01:47:43 - INFO - ========== [Model Training Start] ==========
2025-04-29 01:47:43 - INFO - Training model: original
2025-04-29 01:47:45 - INFO - Model original completed in 2.16 seconds.
2025-04-29 01:47:45 - INFO - >>> Model original trained. Accuracy: 0.8171 (2.16 sec.)
2025-04-29 01:47:45 - INFO - Training model: top_right-original
2025-04-29 01:48:02 - INFO - Model top_right-original completed in 16.95 seconds.
2025-04-29 01:48:02 - INFO - >>> Model top_right-original trained. Accuracy: 0.8463 (16.95 sec.)
2025-04-29 01:48:02 - INFO - Training model: bottom_right-original
2025-04-29 01:48:19 - INFO - Model bottom_right-original completed in 16.90 seconds.
2025-04-29 01:48:19 - INFO - >>> Model bottom_right-original trained. Accuracy: 0.8338 (16.90 sec.)
2025-04-29 01:48:19 - INFO - Training model: original-top_left
2025-04-29 01:48:35 - INFO - Model original-top_left completed in 16.32 seconds.
2025-04-29 01:48:35 - INFO - >>> Model original-top_left trained. Accuracy: 0.8399 (16.32 sec.)
2025-04-29 01:48:35 - INFO - Training model: original-tda
2025-04-29 01:49:08 - INFO - Model original-tda completed in 32.95 seconds.
2025-04-29 01:49:08 - INFO - >>> Model original-tda trained. Accuracy: 0.8211 (32.95 sec.)
2025-04-29 01:49:08 - INFO - Training model: original-bottom_left
2025-04-29 01:49:25 - INFO - Model original-bottom_left completed in 16.81 seconds.
2025-04-29 01:49:25 - INFO - >>> Model original-bottom_left trained. Accuracy: 0.8349 (16.81 sec.)
2025-04-29 01:49:25 - INFO - Training model: top_right-original-bottom_right
2025-04-29 01:49:48 - INFO - Model top_right-original-bottom_right completed in 22.32 seconds.
2025-04-29 01:49:48 - INFO - >>> Model top_right-original-bottom_right trained. Accuracy: 0.8571 (22.32 sec.)
2025-04-29 01:49:48 - INFO - Training model: top_right-original-top_left
2025-04-29 01:50:10 - INFO - Model top_right-original-top_left completed in 22.30 seconds.
2025-04-29 01:50:10 - INFO - >>> Model top_right-original-top_left trained. Accuracy: 0.8574 (22.30 sec.)
2025-04-29 01:50:10 - INFO - Training model: top_right-original-tda
2025-04-29 01:50:49 - INFO - Model top_right-original-tda completed in 39.43 seconds.
2025-04-29 01:50:49 - INFO - >>> Model top_right-original-tda trained. Accuracy: 0.8405 (39.43 sec.)
2025-04-29 01:50:49 - INFO - Training model: top_right-original-bottom_left
2025-04-29 01:51:11 - INFO - Model top_right-original-bottom_left completed in 22.20 seconds.
2025-04-29 01:51:11 - INFO - >>> Model top_right-original-bottom_left trained. Accuracy: 0.8539 (22.20 sec.)
2025-04-29 01:51:11 - INFO - Training model: bottom_right-original-top_left
2025-04-29 01:51:34 - INFO - Model bottom_right-original-top_left completed in 22.30 seconds.
2025-04-29 01:51:34 - INFO - >>> Model bottom_right-original-top_left trained. Accuracy: 0.8484 (22.30 sec.)
2025-04-29 01:51:34 - INFO - Training model: bottom_right-original-tda
2025-04-29 01:52:12 - INFO - Model bottom_right-original-tda completed in 38.62 seconds.
2025-04-29 01:52:12 - INFO - >>> Model bottom_right-original-tda trained. Accuracy: 0.8302 (38.62 sec.)
2025-04-29 01:52:12 - INFO - Training model: bottom_right-original-bottom_left
2025-04-29 01:52:35 - INFO - Model bottom_right-original-bottom_left completed in 22.79 seconds.
2025-04-29 01:52:35 - INFO - >>> Model bottom_right-original-bottom_left trained. Accuracy: 0.8423 (22.79 sec.)
2025-04-29 01:52:35 - INFO - Training model: original-top_left-tda
2025-04-29 01:53:15 - INFO - Model original-top_left-tda completed in 39.61 seconds.
2025-04-29 01:53:15 - INFO - >>> Model original-top_left-tda trained. Accuracy: 0.8346 (39.61 sec.)
2025-04-29 01:53:15 - INFO - Training model: original-top_left-bottom_left
2025-04-29 01:53:37 - INFO - Model original-top_left-bottom_left completed in 22.02 seconds.
2025-04-29 01:53:37 - INFO - >>> Model original-top_left-bottom_left trained. Accuracy: 0.8526 (22.02 sec.)
2025-04-29 01:53:37 - INFO - Training model: original-tda-bottom_left
2025-04-29 01:54:15 - INFO - Model original-tda-bottom_left completed in 38.32 seconds.
2025-04-29 01:54:15 - INFO - >>> Model original-tda-bottom_left trained. Accuracy: 0.8307 (38.32 sec.)
2025-04-29 01:54:15 - INFO - Training model: top_right-original-bottom_right-top_left
2025-04-29 01:54:43 - INFO - Model top_right-original-bottom_right-top_left completed in 28.31 seconds.
2025-04-29 01:54:43 - INFO - >>> Model top_right-original-bottom_right-top_left trained. Accuracy: 0.8706 (28.31 sec.)
2025-04-29 01:54:43 - INFO - Training model: top_right-original-bottom_right-tda
2025-04-29 01:55:29 - INFO - Model top_right-original-bottom_right-tda completed in 45.06 seconds.
2025-04-29 01:55:29 - INFO - >>> Model top_right-original-bottom_right-tda trained. Accuracy: 0.8528 (45.06 sec.)
2025-04-29 01:55:29 - INFO - Training model: top_right-original-bottom_right-bottom_left
2025-04-29 01:55:57 - INFO - Model top_right-original-bottom_right-bottom_left completed in 28.29 seconds.
2025-04-29 01:55:57 - INFO - >>> Model top_right-original-bottom_right-bottom_left trained. Accuracy: 0.8690 (28.29 sec.)
2025-04-29 01:55:57 - INFO - Training model: top_right-original-top_left-tda
2025-04-29 01:56:42 - INFO - Model top_right-original-top_left-tda completed in 45.13 seconds.
2025-04-29 01:56:42 - INFO - >>> Model top_right-original-top_left-tda trained. Accuracy: 0.8534 (45.13 sec.)
2025-04-29 01:56:42 - INFO - Training model: top_right-original-top_left-bottom_left
2025-04-29 01:57:10 - INFO - Model top_right-original-top_left-bottom_left completed in 28.03 seconds.
2025-04-29 01:57:10 - INFO - >>> Model top_right-original-top_left-bottom_left trained. Accuracy: 0.8718 (28.03 sec.)
2025-04-29 01:57:10 - INFO - Training model: top_right-original-tda-bottom_left
2025-04-29 01:57:55 - INFO - Model top_right-original-tda-bottom_left completed in 45.30 seconds.
2025-04-29 01:57:55 - INFO - >>> Model top_right-original-tda-bottom_left trained. Accuracy: 0.8519 (45.30 sec.)
2025-04-29 01:57:55 - INFO - Training model: bottom_right-original-top_left-tda
2025-04-29 01:58:40 - INFO - Model bottom_right-original-top_left-tda completed in 45.18 seconds.
2025-04-29 01:58:40 - INFO - >>> Model bottom_right-original-top_left-tda trained. Accuracy: 0.8443 (45.18 sec.)
2025-04-29 01:58:40 - INFO - Training model: bottom_right-original-top_left-bottom_left
2025-04-29 01:59:08 - INFO - Model bottom_right-original-top_left-bottom_left completed in 28.03 seconds.
2025-04-29 01:59:08 - INFO - >>> Model bottom_right-original-top_left-bottom_left trained. Accuracy: 0.8624 (28.03 sec.)
2025-04-29 01:59:09 - INFO - Training model: bottom_right-original-tda-bottom_left
2025-04-29 01:59:54 - INFO - Model bottom_right-original-tda-bottom_left completed in 45.43 seconds.
2025-04-29 01:59:54 - INFO - >>> Model bottom_right-original-tda-bottom_left trained. Accuracy: 0.8413 (45.43 sec.)
2025-04-29 01:59:54 - INFO - Training model: original-top_left-tda-bottom_left
2025-04-29 02:00:39 - INFO - Model original-top_left-tda-bottom_left completed in 45.28 seconds.
2025-04-29 02:00:39 - INFO - >>> Model original-top_left-tda-bottom_left trained. Accuracy: 0.8471 (45.28 sec.)
2025-04-29 02:00:39 - INFO - Training model: top_right-original-bottom_right-top_left-tda
2025-04-29 02:01:31 - INFO - Model top_right-original-bottom_right-top_left-tda completed in 51.31 seconds.
2025-04-29 02:01:31 - INFO - >>> Model top_right-original-bottom_right-top_left-tda trained. Accuracy: 0.8662 (51.31 sec.)
2025-04-29 02:01:31 - INFO - Training model: top_right-original-bottom_right-top_left-bottom_left
2025-04-29 02:02:05 - INFO - Model top_right-original-bottom_right-top_left-bottom_left completed in 34.00 seconds.
2025-04-29 02:02:05 - INFO - >>> Model top_right-original-bottom_right-top_left-bottom_left trained. Accuracy: 0.8841 (34.00 sec.)
2025-04-29 02:02:05 - INFO - Training model: top_right-original-bottom_right-tda-bottom_left
2025-04-29 02:02:56 - INFO - Model top_right-original-bottom_right-tda-bottom_left completed in 51.48 seconds.
2025-04-29 02:02:56 - INFO - >>> Model top_right-original-bottom_right-tda-bottom_left trained. Accuracy: 0.8642 (51.48 sec.)
2025-04-29 02:02:56 - INFO - Training model: top_right-original-top_left-tda-bottom_left
2025-04-29 02:03:47 - INFO - Model top_right-original-top_left-tda-bottom_left completed in 50.84 seconds.
2025-04-29 02:03:47 - INFO - >>> Model top_right-original-top_left-tda-bottom_left trained. Accuracy: 0.8701 (50.84 sec.)
2025-04-29 02:03:47 - INFO - Training model: original-bottom_right-top_left-tda-bottom_left
2025-04-29 02:04:37 - INFO - Model original-bottom_right-top_left-tda-bottom_left completed in 50.02 seconds.
2025-04-29 02:04:37 - INFO - >>> Model original-bottom_right-top_left-tda-bottom_left trained. Accuracy: 0.8605 (50.02 sec.)
2025-04-29 02:04:37 - INFO - Training model: top_right-original-bottom_right-top_left-tda-bottom_left
2025-04-29 02:05:35 - INFO - Model top_right-original-bottom_right-top_left-tda-bottom_left completed in 57.93 seconds.
2025-04-29 02:05:35 - INFO - >>> Model top_right-original-bottom_right-top_left-tda-bottom_left trained. Accuracy: 0.8806 (57.93 sec.)
2025-04-29 02:05:35 - INFO - All models trained successfully.
2025-04-29 02:05:35 - INFO - ========== [Model Training Completed] in 17.86 minutes ==========
2025-04-29 02:05:35 - INFO - ========== [Experiment Training Complete] ==========
2025-04-29 02:05:35 - INFO - Results saved to /home/jovyan/Workspace/workspace_mnist/results/exp_noise_lines_30_trainsplit_vary_noise/experiment_trainsize_predictions_2025-04-29_02-05-35.json
2025-04-29 02:05:35 - INFO - Results successfully saved to /home/jovyan/Workspace/workspace_mnist/results/exp_noise_lines_30_trainsplit_vary_noise/experiment_trainsize_predictions_2025-04-29_02-05-35.json
2025-04-29 02:05:35 - INFO - Forced Garbage collection executed to Free Memory.
2025-04-29 02:05:35 - INFO - ========== [Experiment Completed] in 31.16 minutes ==========
