2025-05-02 05:48:51 - INFO - Logging initialized.
 Writing to /home/jovyan/Workspace/workspace_mnist/logs/exp_noise_lines_30_trainsplit_vary_noise/experiment_logs_2025-05-02_05-48-51.log
2025-05-02 05:48:51 - INFO - ========== [Experiment Start] ==========
2025-05-02 05:48:51 - INFO - Views combinations successfully generated.
2025-05-02 05:48:51 - INFO - Topological Data Analysis pipeline generated.
2025-05-02 05:48:51 - INFO - Folder to save results has been created.
2025-05-02 05:48:51 - INFO - Reading dataset from mnist_784.csv (chunk size: 70000).
2025-05-02 05:48:52 - INFO - Starting multiview data preparation for a chunk of size (70000, 784)...
2025-05-02 05:48:52 - INFO - Running using 20 jobs.
2025-05-02 05:48:52 - INFO - Contaminating dataset with lines, quantity=43, transparency=1.0.
2025-05-02 05:49:10 - INFO - Splitting data: 50.0% train / 20.0% test (random_state=759596069)
2025-05-02 05:49:10 - INFO - Using full training data without second split.
2025-05-02 05:49:10 - INFO - Data split complete. Train size: (56000, 784), Test size: (14000, 784)
2025-05-02 05:49:10 - INFO - Reshaping train and test data into square images...
2025-05-02 05:49:10 - INFO - Reshaping complete. Train images shape: (56000, 28, 28), Test images shape: (14000, 28, 28)
2025-05-02 05:49:10 - INFO - Splitting images into quadrant views...
2025-05-02 05:49:10 - INFO - Quadrant view splitting complete. Train views: 4, Test views: 4
2025-05-02 05:49:10 - INFO - Saving sample images for each view...
2025-05-02 05:49:10 - INFO - Sample views saved successfully.
2025-05-02 05:49:10 - INFO - Starting TDA pipeline transformation on train data...
2025-05-02 05:59:40 - INFO - TDA transformation for train completed (10.50 minutes).
2025-05-02 05:59:40 - INFO - Applying TDA pipeline transformation on test data...
2025-05-02 06:02:01 - INFO - TDA transformation for test completed (2.34 minutes).
2025-05-02 06:02:01 - INFO - ========== [Model Training Start] ==========
2025-05-02 06:02:01 - INFO - Training model: original
2025-05-02 06:02:03 - INFO - Model original completed in 2.19 seconds.
2025-05-02 06:02:03 - INFO - >>> Model original trained. Accuracy: 0.8081 (2.19 sec.)
2025-05-02 06:02:03 - INFO - Training model: top_right-original
2025-05-02 06:02:20 - INFO - Model top_right-original completed in 17.30 seconds.
2025-05-02 06:02:20 - INFO - >>> Model top_right-original trained. Accuracy: 0.8351 (17.30 sec.)
2025-05-02 06:02:20 - INFO - Training model: bottom_right-original
2025-05-02 06:02:37 - INFO - Model bottom_right-original completed in 17.06 seconds.
2025-05-02 06:02:37 - INFO - >>> Model bottom_right-original trained. Accuracy: 0.8261 (17.06 sec.)
2025-05-02 06:02:37 - INFO - Training model: original-top_left
2025-05-02 06:02:54 - INFO - Model original-top_left completed in 16.73 seconds.
2025-05-02 06:02:54 - INFO - >>> Model original-top_left trained. Accuracy: 0.8309 (16.73 sec.)
2025-05-02 06:02:54 - INFO - Training model: original-tda
2025-05-02 06:03:29 - INFO - Model original-tda completed in 34.96 seconds.
2025-05-02 06:03:29 - INFO - >>> Model original-tda trained. Accuracy: 0.8115 (34.96 sec.)
2025-05-02 06:03:29 - INFO - Training model: original-bottom_left
2025-05-02 06:03:46 - INFO - Model original-bottom_left completed in 16.86 seconds.
2025-05-02 06:03:46 - INFO - >>> Model original-bottom_left trained. Accuracy: 0.8244 (16.86 sec.)
2025-05-02 06:03:46 - INFO - Training model: top_right-original-bottom_right
2025-05-02 06:04:09 - INFO - Model top_right-original-bottom_right completed in 22.98 seconds.
2025-05-02 06:04:09 - INFO - >>> Model top_right-original-bottom_right trained. Accuracy: 0.8473 (22.98 sec.)
2025-05-02 06:04:09 - INFO - Training model: top_right-original-top_left
2025-05-02 06:04:32 - INFO - Model top_right-original-top_left completed in 22.98 seconds.
2025-05-02 06:04:32 - INFO - >>> Model top_right-original-top_left trained. Accuracy: 0.8494 (22.98 sec.)
2025-05-02 06:04:32 - INFO - Training model: top_right-original-tda
2025-05-02 06:05:12 - INFO - Model top_right-original-tda completed in 40.25 seconds.
2025-05-02 06:05:12 - INFO - >>> Model top_right-original-tda trained. Accuracy: 0.8294 (40.25 sec.)
2025-05-02 06:05:12 - INFO - Training model: top_right-original-bottom_left
2025-05-02 06:05:35 - INFO - Model top_right-original-bottom_left completed in 22.85 seconds.
2025-05-02 06:05:35 - INFO - >>> Model top_right-original-bottom_left trained. Accuracy: 0.8459 (22.85 sec.)
2025-05-02 06:05:35 - INFO - Training model: bottom_right-original-top_left
2025-05-02 06:05:57 - INFO - Model bottom_right-original-top_left completed in 22.29 seconds.
2025-05-02 06:05:57 - INFO - >>> Model bottom_right-original-top_left trained. Accuracy: 0.8465 (22.29 sec.)
2025-05-02 06:05:57 - INFO - Training model: bottom_right-original-tda
2025-05-02 06:06:38 - INFO - Model bottom_right-original-tda completed in 40.29 seconds.
2025-05-02 06:06:38 - INFO - >>> Model bottom_right-original-tda trained. Accuracy: 0.8231 (40.29 sec.)
2025-05-02 06:06:38 - INFO - Training model: bottom_right-original-bottom_left
2025-05-02 06:07:00 - INFO - Model bottom_right-original-bottom_left completed in 22.78 seconds.
2025-05-02 06:07:00 - INFO - >>> Model bottom_right-original-bottom_left trained. Accuracy: 0.8364 (22.78 sec.)
2025-05-02 06:07:01 - INFO - Training model: original-top_left-tda
2025-05-02 06:07:40 - INFO - Model original-top_left-tda completed in 39.07 seconds.
2025-05-02 06:07:40 - INFO - >>> Model original-top_left-tda trained. Accuracy: 0.8277 (39.07 sec.)
2025-05-02 06:07:40 - INFO - Training model: original-top_left-bottom_left
2025-05-02 06:08:02 - INFO - Model original-top_left-bottom_left completed in 22.06 seconds.
2025-05-02 06:08:02 - INFO - >>> Model original-top_left-bottom_left trained. Accuracy: 0.8431 (22.06 sec.)
2025-05-02 06:08:02 - INFO - Training model: original-tda-bottom_left
2025-05-02 06:08:42 - INFO - Model original-tda-bottom_left completed in 40.53 seconds.
2025-05-02 06:08:42 - INFO - >>> Model original-tda-bottom_left trained. Accuracy: 0.8214 (40.53 sec.)
2025-05-02 06:08:42 - INFO - Training model: top_right-original-bottom_right-top_left
2025-05-02 06:09:10 - INFO - Model top_right-original-bottom_right-top_left completed in 28.22 seconds.
2025-05-02 06:09:10 - INFO - >>> Model top_right-original-bottom_right-top_left trained. Accuracy: 0.8673 (28.22 sec.)
2025-05-02 06:09:10 - INFO - Training model: top_right-original-bottom_right-tda
2025-05-02 06:09:56 - INFO - Model top_right-original-bottom_right-tda completed in 46.05 seconds.
2025-05-02 06:09:56 - INFO - >>> Model top_right-original-bottom_right-tda trained. Accuracy: 0.8421 (46.05 sec.)
2025-05-02 06:09:56 - INFO - Training model: top_right-original-bottom_right-bottom_left
2025-05-02 06:10:26 - INFO - Model top_right-original-bottom_right-bottom_left completed in 29.09 seconds.
2025-05-02 06:10:26 - INFO - >>> Model top_right-original-bottom_right-bottom_left trained. Accuracy: 0.8571 (29.09 sec.)
2025-05-02 06:10:26 - INFO - Training model: top_right-original-top_left-tda
2025-05-02 06:11:11 - INFO - Model top_right-original-top_left-tda completed in 45.51 seconds.
2025-05-02 06:11:11 - INFO - >>> Model top_right-original-top_left-tda trained. Accuracy: 0.8482 (45.51 sec.)
2025-05-02 06:11:11 - INFO - Training model: top_right-original-top_left-bottom_left
2025-05-02 06:11:40 - INFO - Model top_right-original-top_left-bottom_left completed in 28.51 seconds.
2025-05-02 06:11:40 - INFO - >>> Model top_right-original-top_left-bottom_left trained. Accuracy: 0.8655 (28.51 sec.)
2025-05-02 06:11:40 - INFO - Training model: top_right-original-tda-bottom_left
2025-05-02 06:12:25 - INFO - Model top_right-original-tda-bottom_left completed in 45.90 seconds.
2025-05-02 06:12:25 - INFO - >>> Model top_right-original-tda-bottom_left trained. Accuracy: 0.8416 (45.90 sec.)
2025-05-02 06:12:25 - INFO - Training model: bottom_right-original-top_left-tda
2025-05-02 06:13:10 - INFO - Model bottom_right-original-top_left-tda completed in 44.93 seconds.
2025-05-02 06:13:10 - INFO - >>> Model bottom_right-original-top_left-tda trained. Accuracy: 0.8403 (44.93 sec.)
2025-05-02 06:13:10 - INFO - Training model: bottom_right-original-top_left-bottom_left
2025-05-02 06:13:39 - INFO - Model bottom_right-original-top_left-bottom_left completed in 28.42 seconds.
2025-05-02 06:13:39 - INFO - >>> Model bottom_right-original-top_left-bottom_left trained. Accuracy: 0.8566 (28.42 sec.)
2025-05-02 06:13:39 - INFO - Training model: bottom_right-original-tda-bottom_left
2025-05-02 06:14:25 - INFO - Model bottom_right-original-tda-bottom_left completed in 46.21 seconds.
2025-05-02 06:14:25 - INFO - >>> Model bottom_right-original-tda-bottom_left trained. Accuracy: 0.8323 (46.21 sec.)
2025-05-02 06:14:25 - INFO - Training model: original-top_left-tda-bottom_left
2025-05-02 06:15:12 - INFO - Model original-top_left-tda-bottom_left completed in 46.73 seconds.
2025-05-02 06:15:12 - INFO - >>> Model original-top_left-tda-bottom_left trained. Accuracy: 0.8416 (46.73 sec.)
2025-05-02 06:15:12 - INFO - Training model: top_right-original-bottom_right-top_left-tda
2025-05-02 06:16:03 - INFO - Model top_right-original-bottom_right-top_left-tda completed in 51.70 seconds.
2025-05-02 06:16:03 - INFO - >>> Model top_right-original-bottom_right-top_left-tda trained. Accuracy: 0.8648 (51.70 sec.)
2025-05-02 06:16:03 - INFO - Training model: top_right-original-bottom_right-top_left-bottom_left
2025-05-02 06:16:38 - INFO - Model top_right-original-bottom_right-top_left-bottom_left completed in 34.73 seconds.
2025-05-02 06:16:38 - INFO - >>> Model top_right-original-bottom_right-top_left-bottom_left trained. Accuracy: 0.8776 (34.73 sec.)
2025-05-02 06:16:38 - INFO - Training model: top_right-original-bottom_right-tda-bottom_left
2025-05-02 06:17:30 - INFO - Model top_right-original-bottom_right-tda-bottom_left completed in 52.09 seconds.
2025-05-02 06:17:30 - INFO - >>> Model top_right-original-bottom_right-tda-bottom_left trained. Accuracy: 0.8533 (52.09 sec.)
2025-05-02 06:17:30 - INFO - Training model: top_right-original-top_left-tda-bottom_left
2025-05-02 06:18:22 - INFO - Model top_right-original-top_left-tda-bottom_left completed in 52.05 seconds.
2025-05-02 06:18:22 - INFO - >>> Model top_right-original-top_left-tda-bottom_left trained. Accuracy: 0.8628 (52.05 sec.)
2025-05-02 06:18:22 - INFO - Training model: original-bottom_right-top_left-tda-bottom_left
2025-05-02 06:19:13 - INFO - Model original-bottom_right-top_left-tda-bottom_left completed in 51.14 seconds.
2025-05-02 06:19:14 - INFO - >>> Model original-bottom_right-top_left-tda-bottom_left trained. Accuracy: 0.8528 (51.14 sec.)
2025-05-02 06:19:14 - INFO - Training model: top_right-original-bottom_right-top_left-tda-bottom_left
2025-05-02 06:20:12 - INFO - Model top_right-original-bottom_right-top_left-tda-bottom_left completed in 58.04 seconds.
2025-05-02 06:20:12 - INFO - >>> Model top_right-original-bottom_right-top_left-tda-bottom_left trained. Accuracy: 0.8761 (58.04 sec.)
2025-05-02 06:20:12 - INFO - All models trained successfully.
2025-05-02 06:20:12 - INFO - ========== [Model Training Completed] in 18.18 minutes ==========
2025-05-02 06:20:12 - INFO - ========== [Experiment Training Complete] ==========
2025-05-02 06:20:12 - INFO - Results saved to /home/jovyan/Workspace/workspace_mnist/results/exp_noise_lines_30_trainsplit_vary_noise/experiment_trainsize_predictions_2025-05-02_06-20-12.json
2025-05-02 06:20:12 - INFO - Results successfully saved to /home/jovyan/Workspace/workspace_mnist/results/exp_noise_lines_30_trainsplit_vary_noise/experiment_trainsize_predictions_2025-05-02_06-20-12.json
2025-05-02 06:20:12 - INFO - Forced Garbage collection executed to Free Memory.
2025-05-02 06:20:12 - INFO - ========== [Experiment Completed] in 31.35 minutes ==========
