2025-05-02 02:05:35 - INFO - Logging initialized.
 Writing to /home/jovyan/Workspace/workspace_mnist/logs/exp_noise_lines_30_trainsplit_vary_noise/experiment_logs_2025-05-02_02-05-35.log
2025-05-02 02:05:35 - INFO - ========== [Experiment Start] ==========
2025-05-02 02:05:35 - INFO - Views combinations successfully generated.
2025-05-02 02:05:35 - INFO - Topological Data Analysis pipeline generated.
2025-05-02 02:05:35 - INFO - Folder to save results has been created.
2025-05-02 02:05:35 - INFO - Reading dataset from mnist_784.csv (chunk size: 70000).
2025-05-02 02:05:36 - INFO - Starting multiview data preparation for a chunk of size (70000, 784)...
2025-05-02 02:05:36 - INFO - Running using 20 jobs.
2025-05-02 02:05:36 - INFO - Contaminating dataset with lines, quantity=29, transparency=1.0.
2025-05-02 02:05:49 - INFO - Splitting data: 50.0% train / 20.0% test (random_state=759596069)
2025-05-02 02:05:49 - INFO - Using full training data without second split.
2025-05-02 02:05:49 - INFO - Data split complete. Train size: (56000, 784), Test size: (14000, 784)
2025-05-02 02:05:49 - INFO - Reshaping train and test data into square images...
2025-05-02 02:05:49 - INFO - Reshaping complete. Train images shape: (56000, 28, 28), Test images shape: (14000, 28, 28)
2025-05-02 02:05:49 - INFO - Splitting images into quadrant views...
2025-05-02 02:05:49 - INFO - Quadrant view splitting complete. Train views: 4, Test views: 4
2025-05-02 02:05:49 - INFO - Saving sample images for each view...
2025-05-02 02:05:49 - INFO - Sample views saved successfully.
2025-05-02 02:05:49 - INFO - Starting TDA pipeline transformation on train data...
2025-05-02 02:16:26 - INFO - TDA transformation for train completed (10.62 minutes).
2025-05-02 02:16:26 - INFO - Applying TDA pipeline transformation on test data...
2025-05-02 02:18:56 - INFO - TDA transformation for test completed (2.50 minutes).
2025-05-02 02:18:56 - INFO - ========== [Model Training Start] ==========
2025-05-02 02:18:56 - INFO - Training model: original
2025-05-02 02:18:58 - INFO - Model original completed in 2.00 seconds.
2025-05-02 02:18:58 - INFO - >>> Model original trained. Accuracy: 0.8646 (2.00 sec.)
2025-05-02 02:18:58 - INFO - Training model: top_right-original
2025-05-02 02:19:14 - INFO - Model top_right-original completed in 15.95 seconds.
2025-05-02 02:19:14 - INFO - >>> Model top_right-original trained. Accuracy: 0.8827 (15.95 sec.)
2025-05-02 02:19:14 - INFO - Training model: bottom_right-original
2025-05-02 02:19:30 - INFO - Model bottom_right-original completed in 16.03 seconds.
2025-05-02 02:19:30 - INFO - >>> Model bottom_right-original trained. Accuracy: 0.8774 (16.03 sec.)
2025-05-02 02:19:30 - INFO - Training model: original-top_left
2025-05-02 02:19:45 - INFO - Model original-top_left completed in 15.48 seconds.
2025-05-02 02:19:45 - INFO - >>> Model original-top_left trained. Accuracy: 0.8826 (15.48 sec.)
2025-05-02 02:19:45 - INFO - Training model: original-tda
2025-05-02 02:20:20 - INFO - Model original-tda completed in 34.45 seconds.
2025-05-02 02:20:20 - INFO - >>> Model original-tda trained. Accuracy: 0.8670 (34.45 sec.)
2025-05-02 02:20:20 - INFO - Training model: original-bottom_left
2025-05-02 02:20:36 - INFO - Model original-bottom_left completed in 16.04 seconds.
2025-05-02 02:20:36 - INFO - >>> Model original-bottom_left trained. Accuracy: 0.8756 (16.04 sec.)
2025-05-02 02:20:36 - INFO - Training model: top_right-original-bottom_right
2025-05-02 02:20:58 - INFO - Model top_right-original-bottom_right completed in 22.42 seconds.
2025-05-02 02:20:58 - INFO - >>> Model top_right-original-bottom_right trained. Accuracy: 0.8945 (22.42 sec.)
2025-05-02 02:20:58 - INFO - Training model: top_right-original-top_left
2025-05-02 02:21:20 - INFO - Model top_right-original-top_left completed in 21.41 seconds.
2025-05-02 02:21:20 - INFO - >>> Model top_right-original-top_left trained. Accuracy: 0.8981 (21.41 sec.)
2025-05-02 02:21:20 - INFO - Training model: top_right-original-tda
2025-05-02 02:21:59 - INFO - Model top_right-original-tda completed in 39.89 seconds.
2025-05-02 02:21:59 - INFO - >>> Model top_right-original-tda trained. Accuracy: 0.8809 (39.89 sec.)
2025-05-02 02:21:59 - INFO - Training model: top_right-original-bottom_left
2025-05-02 02:22:22 - INFO - Model top_right-original-bottom_left completed in 22.11 seconds.
2025-05-02 02:22:22 - INFO - >>> Model top_right-original-bottom_left trained. Accuracy: 0.8932 (22.11 sec.)
2025-05-02 02:22:22 - INFO - Training model: bottom_right-original-top_left
2025-05-02 02:22:43 - INFO - Model bottom_right-original-top_left completed in 21.83 seconds.
2025-05-02 02:22:43 - INFO - >>> Model bottom_right-original-top_left trained. Accuracy: 0.8926 (21.83 sec.)
2025-05-02 02:22:43 - INFO - Training model: bottom_right-original-tda
2025-05-02 02:23:23 - INFO - Model bottom_right-original-tda completed in 39.25 seconds.
2025-05-02 02:23:23 - INFO - >>> Model bottom_right-original-tda trained. Accuracy: 0.8745 (39.25 sec.)
2025-05-02 02:23:23 - INFO - Training model: bottom_right-original-bottom_left
2025-05-02 02:23:45 - INFO - Model bottom_right-original-bottom_left completed in 22.08 seconds.
2025-05-02 02:23:45 - INFO - >>> Model bottom_right-original-bottom_left trained. Accuracy: 0.8861 (22.08 sec.)
2025-05-02 02:23:45 - INFO - Training model: original-top_left-tda
2025-05-02 02:24:24 - INFO - Model original-top_left-tda completed in 39.47 seconds.
2025-05-02 02:24:24 - INFO - >>> Model original-top_left-tda trained. Accuracy: 0.8799 (39.47 sec.)
2025-05-02 02:24:24 - INFO - Training model: original-top_left-bottom_left
2025-05-02 02:24:46 - INFO - Model original-top_left-bottom_left completed in 21.39 seconds.
2025-05-02 02:24:46 - INFO - >>> Model original-top_left-bottom_left trained. Accuracy: 0.8919 (21.39 sec.)
2025-05-02 02:24:46 - INFO - Training model: original-tda-bottom_left
2025-05-02 02:25:25 - INFO - Model original-tda-bottom_left completed in 39.35 seconds.
2025-05-02 02:25:25 - INFO - >>> Model original-tda-bottom_left trained. Accuracy: 0.8724 (39.35 sec.)
2025-05-02 02:25:25 - INFO - Training model: top_right-original-bottom_right-top_left
2025-05-02 02:25:53 - INFO - Model top_right-original-bottom_right-top_left completed in 27.64 seconds.
2025-05-02 02:25:53 - INFO - >>> Model top_right-original-bottom_right-top_left trained. Accuracy: 0.9076 (27.64 sec.)
2025-05-02 02:25:53 - INFO - Training model: top_right-original-bottom_right-tda
2025-05-02 02:26:38 - INFO - Model top_right-original-bottom_right-tda completed in 45.12 seconds.
2025-05-02 02:26:38 - INFO - >>> Model top_right-original-bottom_right-tda trained. Accuracy: 0.8896 (45.12 sec.)
2025-05-02 02:26:38 - INFO - Training model: top_right-original-bottom_right-bottom_left
2025-05-02 02:27:06 - INFO - Model top_right-original-bottom_right-bottom_left completed in 28.03 seconds.
2025-05-02 02:27:06 - INFO - >>> Model top_right-original-bottom_right-bottom_left trained. Accuracy: 0.9020 (28.03 sec.)
2025-05-02 02:27:06 - INFO - Training model: top_right-original-top_left-tda
2025-05-02 02:27:50 - INFO - Model top_right-original-top_left-tda completed in 44.63 seconds.
2025-05-02 02:27:50 - INFO - >>> Model top_right-original-top_left-tda trained. Accuracy: 0.8953 (44.63 sec.)
2025-05-02 02:27:50 - INFO - Training model: top_right-original-top_left-bottom_left
2025-05-02 02:28:18 - INFO - Model top_right-original-top_left-bottom_left completed in 27.74 seconds.
2025-05-02 02:28:18 - INFO - >>> Model top_right-original-top_left-bottom_left trained. Accuracy: 0.9074 (27.74 sec.)
2025-05-02 02:28:18 - INFO - Training model: top_right-original-tda-bottom_left
2025-05-02 02:29:03 - INFO - Model top_right-original-tda-bottom_left completed in 44.95 seconds.
2025-05-02 02:29:03 - INFO - >>> Model top_right-original-tda-bottom_left trained. Accuracy: 0.8895 (44.95 sec.)
2025-05-02 02:29:03 - INFO - Training model: bottom_right-original-top_left-tda
2025-05-02 02:29:48 - INFO - Model bottom_right-original-top_left-tda completed in 44.75 seconds.
2025-05-02 02:29:48 - INFO - >>> Model bottom_right-original-top_left-tda trained. Accuracy: 0.8879 (44.75 sec.)
2025-05-02 02:29:48 - INFO - Training model: bottom_right-original-top_left-bottom_left
2025-05-02 02:30:15 - INFO - Model bottom_right-original-top_left-bottom_left completed in 26.93 seconds.
2025-05-02 02:30:15 - INFO - >>> Model bottom_right-original-top_left-bottom_left trained. Accuracy: 0.8996 (26.93 sec.)
2025-05-02 02:30:15 - INFO - Training model: bottom_right-original-tda-bottom_left
2025-05-02 02:31:00 - INFO - Model bottom_right-original-tda-bottom_left completed in 45.07 seconds.
2025-05-02 02:31:00 - INFO - >>> Model bottom_right-original-tda-bottom_left trained. Accuracy: 0.8839 (45.07 sec.)
2025-05-02 02:31:00 - INFO - Training model: original-top_left-tda-bottom_left
2025-05-02 02:31:44 - INFO - Model original-top_left-tda-bottom_left completed in 44.32 seconds.
2025-05-02 02:31:44 - INFO - >>> Model original-top_left-tda-bottom_left trained. Accuracy: 0.8866 (44.32 sec.)
2025-05-02 02:31:44 - INFO - Training model: top_right-original-bottom_right-top_left-tda
2025-05-02 02:32:35 - INFO - Model top_right-original-bottom_right-top_left-tda completed in 50.85 seconds.
2025-05-02 02:32:35 - INFO - >>> Model top_right-original-bottom_right-top_left-tda trained. Accuracy: 0.9046 (50.85 sec.)
2025-05-02 02:32:35 - INFO - Training model: top_right-original-bottom_right-top_left-bottom_left
2025-05-02 02:33:08 - INFO - Model top_right-original-bottom_right-top_left-bottom_left completed in 33.43 seconds.
2025-05-02 02:33:08 - INFO - >>> Model top_right-original-bottom_right-top_left-bottom_left trained. Accuracy: 0.9158 (33.43 sec.)
2025-05-02 02:33:08 - INFO - Training model: top_right-original-bottom_right-tda-bottom_left
2025-05-02 02:33:59 - INFO - Model top_right-original-bottom_right-tda-bottom_left completed in 50.68 seconds.
2025-05-02 02:33:59 - INFO - >>> Model top_right-original-bottom_right-tda-bottom_left trained. Accuracy: 0.8985 (50.68 sec.)
2025-05-02 02:33:59 - INFO - Training model: top_right-original-top_left-tda-bottom_left
2025-05-02 02:34:50 - INFO - Model top_right-original-top_left-tda-bottom_left completed in 50.68 seconds.
2025-05-02 02:34:50 - INFO - >>> Model top_right-original-top_left-tda-bottom_left trained. Accuracy: 0.9065 (50.68 sec.)
2025-05-02 02:34:50 - INFO - Training model: original-bottom_right-top_left-tda-bottom_left
2025-05-02 02:35:41 - INFO - Model original-bottom_right-top_left-tda-bottom_left completed in 50.98 seconds.
2025-05-02 02:35:41 - INFO - >>> Model original-bottom_right-top_left-tda-bottom_left trained. Accuracy: 0.8955 (50.98 sec.)
2025-05-02 02:35:41 - INFO - Training model: top_right-original-bottom_right-top_left-tda-bottom_left
2025-05-02 02:36:37 - INFO - Model top_right-original-bottom_right-top_left-tda-bottom_left completed in 56.19 seconds.
2025-05-02 02:36:37 - INFO - >>> Model top_right-original-bottom_right-top_left-tda-bottom_left trained. Accuracy: 0.9128 (56.19 sec.)
2025-05-02 02:36:37 - INFO - All models trained successfully.
2025-05-02 02:36:37 - INFO - ========== [Model Training Completed] in 17.69 minutes ==========
2025-05-02 02:36:37 - INFO - ========== [Experiment Training Complete] ==========
2025-05-02 02:36:37 - INFO - Results saved to /home/jovyan/Workspace/workspace_mnist/results/exp_noise_lines_30_trainsplit_vary_noise/experiment_trainsize_predictions_2025-05-02_02-36-37.json
2025-05-02 02:36:37 - INFO - Results successfully saved to /home/jovyan/Workspace/workspace_mnist/results/exp_noise_lines_30_trainsplit_vary_noise/experiment_trainsize_predictions_2025-05-02_02-36-37.json
2025-05-02 02:36:37 - INFO - Forced Garbage collection executed to Free Memory.
2025-05-02 02:36:37 - INFO - ========== [Experiment Completed] in 31.04 minutes ==========
