2025-04-27 10:02:27 - INFO - Logging initialized.
 Writing to /home/jovyan/Workspace/workspace_mnist/logs/exp_noise_lines_30_trainsplit_vary_noise/experiment_logs_2025-04-27_10-02-27.log
2025-04-27 10:02:27 - INFO - ========== [Experiment Start] ==========
2025-04-27 10:02:27 - INFO - Views combinations successfully generated.
2025-04-27 10:02:27 - INFO - Topological Data Analysis pipeline generated.
2025-04-27 10:02:27 - INFO - Folder to save results has been created.
2025-04-27 10:02:27 - INFO - Reading dataset from mnist_784.csv (chunk size: 70000).
2025-04-27 10:02:28 - INFO - Starting multiview data preparation for a chunk of size (70000, 784)...
2025-04-27 10:02:28 - INFO - Running using 20 jobs.
2025-04-27 10:02:28 - INFO - Contaminating dataset with lines, quantity=33, transparency=1.0.
2025-04-27 10:02:42 - INFO - Splitting data: 50.0% train / 20.0% test (random_state=12444143)
2025-04-27 10:02:42 - INFO - Using full training data without second split.
2025-04-27 10:02:42 - INFO - Data split complete. Train size: (56000, 784), Test size: (14000, 784)
2025-04-27 10:02:42 - INFO - Reshaping train and test data into square images...
2025-04-27 10:02:42 - INFO - Reshaping complete. Train images shape: (56000, 28, 28), Test images shape: (14000, 28, 28)
2025-04-27 10:02:42 - INFO - Splitting images into quadrant views...
2025-04-27 10:02:42 - INFO - Quadrant view splitting complete. Train views: 4, Test views: 4
2025-04-27 10:02:42 - INFO - Saving sample images for each view...
2025-04-27 10:02:42 - INFO - Sample views saved successfully.
2025-04-27 10:02:42 - INFO - Starting TDA pipeline transformation on train data...
2025-04-27 10:13:05 - INFO - TDA transformation for train completed (10.39 minutes).
2025-04-27 10:13:05 - INFO - Applying TDA pipeline transformation on test data...
2025-04-27 10:15:28 - INFO - TDA transformation for test completed (2.37 minutes).
2025-04-27 10:15:28 - INFO - ========== [Model Training Start] ==========
2025-04-27 10:15:28 - INFO - Training model: original
2025-04-27 10:15:30 - INFO - Model original completed in 2.00 seconds.
2025-04-27 10:15:30 - INFO - >>> Model original trained. Accuracy: 0.8498 (2.00 sec.)
2025-04-27 10:15:30 - INFO - Training model: top_right-original
2025-04-27 10:15:46 - INFO - Model top_right-original completed in 16.47 seconds.
2025-04-27 10:15:46 - INFO - >>> Model top_right-original trained. Accuracy: 0.8687 (16.47 sec.)
2025-04-27 10:15:46 - INFO - Training model: bottom_right-original
2025-04-27 10:16:02 - INFO - Model bottom_right-original completed in 16.05 seconds.
2025-04-27 10:16:02 - INFO - >>> Model bottom_right-original trained. Accuracy: 0.8656 (16.05 sec.)
2025-04-27 10:16:02 - INFO - Training model: original-top_left
2025-04-27 10:16:18 - INFO - Model original-top_left completed in 15.88 seconds.
2025-04-27 10:16:18 - INFO - >>> Model original-top_left trained. Accuracy: 0.8671 (15.88 sec.)
2025-04-27 10:16:18 - INFO - Training model: original-tda
2025-04-27 10:16:51 - INFO - Model original-tda completed in 32.51 seconds.
2025-04-27 10:16:51 - INFO - >>> Model original-tda trained. Accuracy: 0.8511 (32.51 sec.)
2025-04-27 10:16:51 - INFO - Training model: original-bottom_left
2025-04-27 10:17:07 - INFO - Model original-bottom_left completed in 16.25 seconds.
2025-04-27 10:17:07 - INFO - >>> Model original-bottom_left trained. Accuracy: 0.8633 (16.25 sec.)
2025-04-27 10:17:07 - INFO - Training model: top_right-original-bottom_right
2025-04-27 10:17:29 - INFO - Model top_right-original-bottom_right completed in 21.92 seconds.
2025-04-27 10:17:29 - INFO - >>> Model top_right-original-bottom_right trained. Accuracy: 0.8833 (21.92 sec.)
2025-04-27 10:17:29 - INFO - Training model: top_right-original-top_left
2025-04-27 10:17:50 - INFO - Model top_right-original-top_left completed in 21.49 seconds.
2025-04-27 10:17:50 - INFO - >>> Model top_right-original-top_left trained. Accuracy: 0.8836 (21.49 sec.)
2025-04-27 10:17:50 - INFO - Training model: top_right-original-tda
2025-04-27 10:18:28 - INFO - Model top_right-original-tda completed in 37.94 seconds.
2025-04-27 10:18:28 - INFO - >>> Model top_right-original-tda trained. Accuracy: 0.8678 (37.94 sec.)
2025-04-27 10:18:28 - INFO - Training model: top_right-original-bottom_left
2025-04-27 10:18:50 - INFO - Model top_right-original-bottom_left completed in 22.03 seconds.
2025-04-27 10:18:50 - INFO - >>> Model top_right-original-bottom_left trained. Accuracy: 0.8808 (22.03 sec.)
2025-04-27 10:18:50 - INFO - Training model: bottom_right-original-top_left
2025-04-27 10:19:12 - INFO - Model bottom_right-original-top_left completed in 21.49 seconds.
2025-04-27 10:19:12 - INFO - >>> Model bottom_right-original-top_left trained. Accuracy: 0.8806 (21.49 sec.)
2025-04-27 10:19:12 - INFO - Training model: bottom_right-original-tda
2025-04-27 10:19:50 - INFO - Model bottom_right-original-tda completed in 38.10 seconds.
2025-04-27 10:19:50 - INFO - >>> Model bottom_right-original-tda trained. Accuracy: 0.8619 (38.10 sec.)
2025-04-27 10:19:50 - INFO - Training model: bottom_right-original-bottom_left
2025-04-27 10:20:11 - INFO - Model bottom_right-original-bottom_left completed in 21.59 seconds.
2025-04-27 10:20:11 - INFO - >>> Model bottom_right-original-bottom_left trained. Accuracy: 0.8731 (21.59 sec.)
2025-04-27 10:20:11 - INFO - Training model: original-top_left-tda
2025-04-27 10:20:49 - INFO - Model original-top_left-tda completed in 37.59 seconds.
2025-04-27 10:20:49 - INFO - >>> Model original-top_left-tda trained. Accuracy: 0.8639 (37.59 sec.)
2025-04-27 10:20:49 - INFO - Training model: original-top_left-bottom_left
2025-04-27 10:21:10 - INFO - Model original-top_left-bottom_left completed in 21.30 seconds.
2025-04-27 10:21:10 - INFO - >>> Model original-top_left-bottom_left trained. Accuracy: 0.8773 (21.30 sec.)
2025-04-27 10:21:10 - INFO - Training model: original-tda-bottom_left
2025-04-27 10:21:49 - INFO - Model original-tda-bottom_left completed in 38.90 seconds.
2025-04-27 10:21:49 - INFO - >>> Model original-tda-bottom_left trained. Accuracy: 0.8604 (38.90 sec.)
2025-04-27 10:21:49 - INFO - Training model: top_right-original-bottom_right-top_left
2025-04-27 10:22:16 - INFO - Model top_right-original-bottom_right-top_left completed in 27.18 seconds.
2025-04-27 10:22:16 - INFO - >>> Model top_right-original-bottom_right-top_left trained. Accuracy: 0.8986 (27.18 sec.)
2025-04-27 10:22:16 - INFO - Training model: top_right-original-bottom_right-tda
2025-04-27 10:23:00 - INFO - Model top_right-original-bottom_right-tda completed in 44.01 seconds.
2025-04-27 10:23:00 - INFO - >>> Model top_right-original-bottom_right-tda trained. Accuracy: 0.8791 (44.01 sec.)
2025-04-27 10:23:00 - INFO - Training model: top_right-original-bottom_right-bottom_left
2025-04-27 10:23:28 - INFO - Model top_right-original-bottom_right-bottom_left completed in 27.64 seconds.
2025-04-27 10:23:28 - INFO - >>> Model top_right-original-bottom_right-bottom_left trained. Accuracy: 0.8939 (27.64 sec.)
2025-04-27 10:23:28 - INFO - Training model: top_right-original-top_left-tda
2025-04-27 10:24:11 - INFO - Model top_right-original-top_left-tda completed in 43.40 seconds.
2025-04-27 10:24:11 - INFO - >>> Model top_right-original-top_left-tda trained. Accuracy: 0.8800 (43.40 sec.)
2025-04-27 10:24:11 - INFO - Training model: top_right-original-top_left-bottom_left
2025-04-27 10:24:39 - INFO - Model top_right-original-top_left-bottom_left completed in 27.28 seconds.
2025-04-27 10:24:39 - INFO - >>> Model top_right-original-top_left-bottom_left trained. Accuracy: 0.8948 (27.28 sec.)
2025-04-27 10:24:39 - INFO - Training model: top_right-original-tda-bottom_left
2025-04-27 10:25:22 - INFO - Model top_right-original-tda-bottom_left completed in 43.37 seconds.
2025-04-27 10:25:22 - INFO - >>> Model top_right-original-tda-bottom_left trained. Accuracy: 0.8773 (43.37 sec.)
2025-04-27 10:25:22 - INFO - Training model: bottom_right-original-top_left-tda
2025-04-27 10:26:06 - INFO - Model bottom_right-original-top_left-tda completed in 44.16 seconds.
2025-04-27 10:26:06 - INFO - >>> Model bottom_right-original-top_left-tda trained. Accuracy: 0.8764 (44.16 sec.)
2025-04-27 10:26:06 - INFO - Training model: bottom_right-original-top_left-bottom_left
2025-04-27 10:26:33 - INFO - Model bottom_right-original-top_left-bottom_left completed in 26.94 seconds.
2025-04-27 10:26:33 - INFO - >>> Model bottom_right-original-top_left-bottom_left trained. Accuracy: 0.8910 (26.94 sec.)
2025-04-27 10:26:33 - INFO - Training model: bottom_right-original-tda-bottom_left
2025-04-27 10:27:17 - INFO - Model bottom_right-original-tda-bottom_left completed in 43.67 seconds.
2025-04-27 10:27:17 - INFO - >>> Model bottom_right-original-tda-bottom_left trained. Accuracy: 0.8691 (43.67 sec.)
2025-04-27 10:27:17 - INFO - Training model: original-top_left-tda-bottom_left
2025-04-27 10:28:00 - INFO - Model original-top_left-tda-bottom_left completed in 43.14 seconds.
2025-04-27 10:28:00 - INFO - >>> Model original-top_left-tda-bottom_left trained. Accuracy: 0.8734 (43.14 sec.)
2025-04-27 10:28:00 - INFO - Training model: top_right-original-bottom_right-top_left-tda
2025-04-27 10:28:49 - INFO - Model top_right-original-bottom_right-top_left-tda completed in 49.49 seconds.
2025-04-27 10:28:49 - INFO - >>> Model top_right-original-bottom_right-top_left-tda trained. Accuracy: 0.8935 (49.49 sec.)
2025-04-27 10:28:49 - INFO - Training model: top_right-original-bottom_right-top_left-bottom_left
2025-04-27 10:29:23 - INFO - Model top_right-original-bottom_right-top_left-bottom_left completed in 33.19 seconds.
2025-04-27 10:29:23 - INFO - >>> Model top_right-original-bottom_right-top_left-bottom_left trained. Accuracy: 0.9079 (33.19 sec.)
2025-04-27 10:29:23 - INFO - Training model: top_right-original-bottom_right-tda-bottom_left
2025-04-27 10:30:13 - INFO - Model top_right-original-bottom_right-tda-bottom_left completed in 49.89 seconds.
2025-04-27 10:30:13 - INFO - >>> Model top_right-original-bottom_right-tda-bottom_left trained. Accuracy: 0.8909 (49.89 sec.)
2025-04-27 10:30:13 - INFO - Training model: top_right-original-top_left-tda-bottom_left
2025-04-27 10:31:02 - INFO - Model top_right-original-top_left-tda-bottom_left completed in 49.18 seconds.
2025-04-27 10:31:02 - INFO - >>> Model top_right-original-top_left-tda-bottom_left trained. Accuracy: 0.8924 (49.18 sec.)
2025-04-27 10:31:02 - INFO - Training model: original-bottom_right-top_left-tda-bottom_left
2025-04-27 10:31:51 - INFO - Model original-bottom_right-top_left-tda-bottom_left completed in 49.49 seconds.
2025-04-27 10:31:51 - INFO - >>> Model original-bottom_right-top_left-tda-bottom_left trained. Accuracy: 0.8866 (49.49 sec.)
2025-04-27 10:31:51 - INFO - Training model: top_right-original-bottom_right-top_left-tda-bottom_left
2025-04-27 10:32:47 - INFO - Model top_right-original-bottom_right-top_left-tda-bottom_left completed in 55.30 seconds.
2025-04-27 10:32:47 - INFO - >>> Model top_right-original-bottom_right-top_left-tda-bottom_left trained. Accuracy: 0.9055 (55.30 sec.)
2025-04-27 10:32:47 - INFO - All models trained successfully.
2025-04-27 10:32:47 - INFO - ========== [Model Training Completed] in 17.32 minutes ==========
2025-04-27 10:32:47 - INFO - ========== [Experiment Training Complete] ==========
2025-04-27 10:32:47 - INFO - Results saved to /home/jovyan/Workspace/workspace_mnist/results/exp_noise_lines_30_trainsplit_vary_noise/experiment_trainsize_predictions_2025-04-27_10-32-47.json
2025-04-27 10:32:47 - INFO - Results successfully saved to /home/jovyan/Workspace/workspace_mnist/results/exp_noise_lines_30_trainsplit_vary_noise/experiment_trainsize_predictions_2025-04-27_10-32-47.json
2025-04-27 10:32:47 - INFO - Forced Garbage collection executed to Free Memory.
2025-04-27 10:32:47 - INFO - ========== [Experiment Completed] in 30.33 minutes ==========
