2025-05-04 17:50:56 - INFO - Logging initialized.
 Writing to /home/jovyan/Workspace/workspace_mnist/logs/exp_noise_lines_30_trainsplit_vary_noise/experiment_logs_2025-05-04_17-50-56.log
2025-05-04 17:50:56 - INFO - ========== [Experiment Start] ==========
2025-05-04 17:50:56 - INFO - Views combinations successfully generated.
2025-05-04 17:50:56 - INFO - Topological Data Analysis pipeline generated.
2025-05-04 17:50:56 - INFO - Folder to save results has been created.
2025-05-04 17:50:56 - INFO - Reading dataset from mnist_784.csv (chunk size: 70000).
2025-05-04 17:50:57 - INFO - Starting multiview data preparation for a chunk of size (70000, 784)...
2025-05-04 17:50:57 - INFO - Running using 20 jobs.
2025-05-04 17:50:57 - INFO - Contaminating dataset with lines, quantity=29, transparency=1.0.
2025-05-04 17:51:10 - INFO - Splitting data: 50.0% train / 20.0% test (random_state=72789604)
2025-05-04 17:51:10 - INFO - Using full training data without second split.
2025-05-04 17:51:10 - INFO - Data split complete. Train size: (56000, 784), Test size: (14000, 784)
2025-05-04 17:51:10 - INFO - Reshaping train and test data into square images...
2025-05-04 17:51:10 - INFO - Reshaping complete. Train images shape: (56000, 28, 28), Test images shape: (14000, 28, 28)
2025-05-04 17:51:10 - INFO - Splitting images into quadrant views...
2025-05-04 17:51:10 - INFO - Quadrant view splitting complete. Train views: 4, Test views: 4
2025-05-04 17:51:10 - INFO - Saving sample images for each view...
2025-05-04 17:51:10 - INFO - Sample views saved successfully.
2025-05-04 17:51:10 - INFO - Starting TDA pipeline transformation on train data...
2025-05-04 18:01:17 - INFO - TDA transformation for train completed (10.11 minutes).
2025-05-04 18:01:17 - INFO - Applying TDA pipeline transformation on test data...
2025-05-04 18:03:54 - INFO - TDA transformation for test completed (2.62 minutes).
2025-05-04 18:03:54 - INFO - ========== [Model Training Start] ==========
2025-05-04 18:03:54 - INFO - Training model: original
2025-05-04 18:03:56 - INFO - Model original completed in 2.00 seconds.
2025-05-04 18:03:56 - INFO - >>> Model original trained. Accuracy: 0.8667 (2.00 sec.)
2025-05-04 18:03:56 - INFO - Training model: top_right-original
2025-05-04 18:04:12 - INFO - Model top_right-original completed in 16.00 seconds.
2025-05-04 18:04:12 - INFO - >>> Model top_right-original trained. Accuracy: 0.8839 (16.00 sec.)
2025-05-04 18:04:12 - INFO - Training model: bottom_right-original
2025-05-04 18:04:29 - INFO - Model bottom_right-original completed in 16.73 seconds.
2025-05-04 18:04:29 - INFO - >>> Model bottom_right-original trained. Accuracy: 0.8812 (16.73 sec.)
2025-05-04 18:04:29 - INFO - Training model: original-top_left
2025-05-04 18:04:45 - INFO - Model original-top_left completed in 16.28 seconds.
2025-05-04 18:04:45 - INFO - >>> Model original-top_left trained. Accuracy: 0.8839 (16.28 sec.)
2025-05-04 18:04:45 - INFO - Training model: original-tda
2025-05-04 18:05:18 - INFO - Model original-tda completed in 33.29 seconds.
2025-05-04 18:05:18 - INFO - >>> Model original-tda trained. Accuracy: 0.8684 (33.29 sec.)
2025-05-04 18:05:18 - INFO - Training model: original-bottom_left
2025-05-04 18:05:35 - INFO - Model original-bottom_left completed in 16.48 seconds.
2025-05-04 18:05:35 - INFO - >>> Model original-bottom_left trained. Accuracy: 0.8802 (16.48 sec.)
2025-05-04 18:05:35 - INFO - Training model: top_right-original-bottom_right
2025-05-04 18:05:57 - INFO - Model top_right-original-bottom_right completed in 22.01 seconds.
2025-05-04 18:05:57 - INFO - >>> Model top_right-original-bottom_right trained. Accuracy: 0.8948 (22.01 sec.)
2025-05-04 18:05:57 - INFO - Training model: top_right-original-top_left
2025-05-04 18:06:19 - INFO - Model top_right-original-top_left completed in 21.76 seconds.
2025-05-04 18:06:19 - INFO - >>> Model top_right-original-top_left trained. Accuracy: 0.8994 (21.76 sec.)
2025-05-04 18:06:19 - INFO - Training model: top_right-original-tda
2025-05-04 18:06:58 - INFO - Model top_right-original-tda completed in 39.43 seconds.
2025-05-04 18:06:58 - INFO - >>> Model top_right-original-tda trained. Accuracy: 0.8829 (39.43 sec.)
2025-05-04 18:06:58 - INFO - Training model: top_right-original-bottom_left
2025-05-04 18:07:20 - INFO - Model top_right-original-bottom_left completed in 21.59 seconds.
2025-05-04 18:07:20 - INFO - >>> Model top_right-original-bottom_left trained. Accuracy: 0.8934 (21.59 sec.)
2025-05-04 18:07:20 - INFO - Training model: bottom_right-original-top_left
2025-05-04 18:07:42 - INFO - Model bottom_right-original-top_left completed in 22.09 seconds.
2025-05-04 18:07:42 - INFO - >>> Model bottom_right-original-top_left trained. Accuracy: 0.8939 (22.09 sec.)
2025-05-04 18:07:42 - INFO - Training model: bottom_right-original-tda
2025-05-04 18:08:21 - INFO - Model bottom_right-original-tda completed in 39.54 seconds.
2025-05-04 18:08:21 - INFO - >>> Model bottom_right-original-tda trained. Accuracy: 0.8784 (39.54 sec.)
2025-05-04 18:08:21 - INFO - Training model: bottom_right-original-bottom_left
2025-05-04 18:08:43 - INFO - Model bottom_right-original-bottom_left completed in 21.82 seconds.
2025-05-04 18:08:43 - INFO - >>> Model bottom_right-original-bottom_left trained. Accuracy: 0.8877 (21.82 sec.)
2025-05-04 18:08:43 - INFO - Training model: original-top_left-tda
2025-05-04 18:09:21 - INFO - Model original-top_left-tda completed in 38.12 seconds.
2025-05-04 18:09:21 - INFO - >>> Model original-top_left-tda trained. Accuracy: 0.8794 (38.12 sec.)
2025-05-04 18:09:21 - INFO - Training model: original-top_left-bottom_left
2025-05-04 18:09:42 - INFO - Model original-top_left-bottom_left completed in 21.26 seconds.
2025-05-04 18:09:42 - INFO - >>> Model original-top_left-bottom_left trained. Accuracy: 0.8946 (21.26 sec.)
2025-05-04 18:09:43 - INFO - Training model: original-tda-bottom_left
2025-05-04 18:10:22 - INFO - Model original-tda-bottom_left completed in 39.54 seconds.
2025-05-04 18:10:22 - INFO - >>> Model original-tda-bottom_left trained. Accuracy: 0.8791 (39.54 sec.)
2025-05-04 18:10:22 - INFO - Training model: top_right-original-bottom_right-top_left
2025-05-04 18:10:49 - INFO - Model top_right-original-bottom_right-top_left completed in 27.19 seconds.
2025-05-04 18:10:49 - INFO - >>> Model top_right-original-bottom_right-top_left trained. Accuracy: 0.9098 (27.19 sec.)
2025-05-04 18:10:49 - INFO - Training model: top_right-original-bottom_right-tda
2025-05-04 18:11:34 - INFO - Model top_right-original-bottom_right-tda completed in 44.81 seconds.
2025-05-04 18:11:34 - INFO - >>> Model top_right-original-bottom_right-tda trained. Accuracy: 0.8943 (44.81 sec.)
2025-05-04 18:11:34 - INFO - Training model: top_right-original-bottom_right-bottom_left
2025-05-04 18:12:02 - INFO - Model top_right-original-bottom_right-bottom_left completed in 28.23 seconds.
2025-05-04 18:12:02 - INFO - >>> Model top_right-original-bottom_right-bottom_left trained. Accuracy: 0.9049 (28.23 sec.)
2025-05-04 18:12:02 - INFO - Training model: top_right-original-top_left-tda
2025-05-04 18:12:47 - INFO - Model top_right-original-top_left-tda completed in 44.80 seconds.
2025-05-04 18:12:47 - INFO - >>> Model top_right-original-top_left-tda trained. Accuracy: 0.8945 (44.80 sec.)
2025-05-04 18:12:47 - INFO - Training model: top_right-original-top_left-bottom_left
2025-05-04 18:13:14 - INFO - Model top_right-original-top_left-bottom_left completed in 26.87 seconds.
2025-05-04 18:13:14 - INFO - >>> Model top_right-original-top_left-bottom_left trained. Accuracy: 0.9095 (26.87 sec.)
2025-05-04 18:13:14 - INFO - Training model: top_right-original-tda-bottom_left
2025-05-04 18:13:59 - INFO - Model top_right-original-tda-bottom_left completed in 45.02 seconds.
2025-05-04 18:13:59 - INFO - >>> Model top_right-original-tda-bottom_left trained. Accuracy: 0.8912 (45.02 sec.)
2025-05-04 18:13:59 - INFO - Training model: bottom_right-original-top_left-tda
2025-05-04 18:14:43 - INFO - Model bottom_right-original-top_left-tda completed in 44.26 seconds.
2025-05-04 18:14:43 - INFO - >>> Model bottom_right-original-top_left-tda trained. Accuracy: 0.8905 (44.26 sec.)
2025-05-04 18:14:43 - INFO - Training model: bottom_right-original-top_left-bottom_left
2025-05-04 18:15:11 - INFO - Model bottom_right-original-top_left-bottom_left completed in 27.27 seconds.
2025-05-04 18:15:11 - INFO - >>> Model bottom_right-original-top_left-bottom_left trained. Accuracy: 0.9007 (27.27 sec.)
2025-05-04 18:15:11 - INFO - Training model: bottom_right-original-tda-bottom_left
2025-05-04 18:15:56 - INFO - Model bottom_right-original-tda-bottom_left completed in 45.04 seconds.
2025-05-04 18:15:56 - INFO - >>> Model bottom_right-original-tda-bottom_left trained. Accuracy: 0.8861 (45.04 sec.)
2025-05-04 18:15:56 - INFO - Training model: original-top_left-tda-bottom_left
2025-05-04 18:16:41 - INFO - Model original-top_left-tda-bottom_left completed in 44.95 seconds.
2025-05-04 18:16:41 - INFO - >>> Model original-top_left-tda-bottom_left trained. Accuracy: 0.8902 (44.95 sec.)
2025-05-04 18:16:41 - INFO - Training model: top_right-original-bottom_right-top_left-tda
2025-05-04 18:17:31 - INFO - Model top_right-original-bottom_right-top_left-tda completed in 50.20 seconds.
2025-05-04 18:17:31 - INFO - >>> Model top_right-original-bottom_right-top_left-tda trained. Accuracy: 0.9065 (50.20 sec.)
2025-05-04 18:17:31 - INFO - Training model: top_right-original-bottom_right-top_left-bottom_left
2025-05-04 18:18:04 - INFO - Model top_right-original-bottom_right-top_left-bottom_left completed in 32.82 seconds.
2025-05-04 18:18:04 - INFO - >>> Model top_right-original-bottom_right-top_left-bottom_left trained. Accuracy: 0.9177 (32.82 sec.)
2025-05-04 18:18:04 - INFO - Training model: top_right-original-bottom_right-tda-bottom_left
2025-05-04 18:18:54 - INFO - Model top_right-original-bottom_right-tda-bottom_left completed in 50.89 seconds.
2025-05-04 18:18:54 - INFO - >>> Model top_right-original-bottom_right-tda-bottom_left trained. Accuracy: 0.9030 (50.89 sec.)
2025-05-04 18:18:54 - INFO - Training model: top_right-original-top_left-tda-bottom_left
2025-05-04 18:19:45 - INFO - Model top_right-original-top_left-tda-bottom_left completed in 50.30 seconds.
2025-05-04 18:19:45 - INFO - >>> Model top_right-original-top_left-tda-bottom_left trained. Accuracy: 0.9066 (50.30 sec.)
2025-05-04 18:19:45 - INFO - Training model: original-bottom_right-top_left-tda-bottom_left
2025-05-04 18:20:35 - INFO - Model original-bottom_right-top_left-tda-bottom_left completed in 50.16 seconds.
2025-05-04 18:20:35 - INFO - >>> Model original-bottom_right-top_left-tda-bottom_left trained. Accuracy: 0.9009 (50.16 sec.)
2025-05-04 18:20:35 - INFO - Training model: top_right-original-bottom_right-top_left-tda-bottom_left
2025-05-04 18:21:31 - INFO - Model top_right-original-bottom_right-top_left-tda-bottom_left completed in 56.23 seconds.
2025-05-04 18:21:31 - INFO - >>> Model top_right-original-bottom_right-top_left-tda-bottom_left trained. Accuracy: 0.9161 (56.23 sec.)
2025-05-04 18:21:31 - INFO - All models trained successfully.
2025-05-04 18:21:31 - INFO - ========== [Model Training Completed] in 17.62 minutes ==========
2025-05-04 18:21:31 - INFO - ========== [Experiment Training Complete] ==========
2025-05-04 18:21:31 - INFO - Results saved to /home/jovyan/Workspace/workspace_mnist/results/exp_noise_lines_30_trainsplit_vary_noise/experiment_trainsize_predictions_2025-05-04_18-21-31.json
2025-05-04 18:21:31 - INFO - Results successfully saved to /home/jovyan/Workspace/workspace_mnist/results/exp_noise_lines_30_trainsplit_vary_noise/experiment_trainsize_predictions_2025-05-04_18-21-31.json
2025-05-04 18:21:31 - INFO - Forced Garbage collection executed to Free Memory.
2025-05-04 18:21:31 - INFO - ========== [Experiment Completed] in 30.58 minutes ==========
