2025-04-29 21:06:32 - INFO - Logging initialized.
 Writing to /home/jovyan/Workspace/workspace_mnist/logs/exp_noise_lines_30_trainsplit_vary_noise/experiment_logs_2025-04-29_21-06-32.log
2025-04-29 21:06:32 - INFO - ========== [Experiment Start] ==========
2025-04-29 21:06:32 - INFO - Views combinations successfully generated.
2025-04-29 21:06:32 - INFO - Topological Data Analysis pipeline generated.
2025-04-29 21:06:32 - INFO - Folder to save results has been created.
2025-04-29 21:06:32 - INFO - Reading dataset from mnist_784.csv (chunk size: 70000).
2025-04-29 21:06:33 - INFO - Starting multiview data preparation for a chunk of size (70000, 784)...
2025-04-29 21:06:33 - INFO - Running using 20 jobs.
2025-04-29 21:06:33 - INFO - Contaminating dataset with lines, quantity=19, transparency=1.0.
2025-04-29 21:06:41 - INFO - Splitting data: 50.0% train / 20.0% test (random_state=824368717)
2025-04-29 21:06:41 - INFO - Using full training data without second split.
2025-04-29 21:06:41 - INFO - Data split complete. Train size: (56000, 784), Test size: (14000, 784)
2025-04-29 21:06:41 - INFO - Reshaping train and test data into square images...
2025-04-29 21:06:41 - INFO - Reshaping complete. Train images shape: (56000, 28, 28), Test images shape: (14000, 28, 28)
2025-04-29 21:06:41 - INFO - Splitting images into quadrant views...
2025-04-29 21:06:41 - INFO - Quadrant view splitting complete. Train views: 4, Test views: 4
2025-04-29 21:06:41 - INFO - Saving sample images for each view...
2025-04-29 21:06:41 - INFO - Sample views saved successfully.
2025-04-29 21:06:41 - INFO - Starting TDA pipeline transformation on train data...
2025-04-29 21:17:37 - INFO - TDA transformation for train completed (10.92 minutes).
2025-04-29 21:17:37 - INFO - Applying TDA pipeline transformation on test data...
2025-04-29 21:20:17 - INFO - TDA transformation for test completed (2.68 minutes).
2025-04-29 21:20:17 - INFO - ========== [Model Training Start] ==========
2025-04-29 21:20:17 - INFO - Training model: original
2025-04-29 21:20:19 - INFO - Model original completed in 1.86 seconds.
2025-04-29 21:20:19 - INFO - >>> Model original trained. Accuracy: 0.9015 (1.86 sec.)
2025-04-29 21:20:19 - INFO - Training model: top_right-original
2025-04-29 21:20:34 - INFO - Model top_right-original completed in 15.03 seconds.
2025-04-29 21:20:34 - INFO - >>> Model top_right-original trained. Accuracy: 0.9146 (15.03 sec.)
2025-04-29 21:20:34 - INFO - Training model: bottom_right-original
2025-04-29 21:20:49 - INFO - Model bottom_right-original completed in 15.06 seconds.
2025-04-29 21:20:49 - INFO - >>> Model bottom_right-original trained. Accuracy: 0.9117 (15.06 sec.)
2025-04-29 21:20:49 - INFO - Training model: original-top_left
2025-04-29 21:21:04 - INFO - Model original-top_left completed in 14.42 seconds.
2025-04-29 21:21:04 - INFO - >>> Model original-top_left trained. Accuracy: 0.9127 (14.42 sec.)
2025-04-29 21:21:04 - INFO - Training model: original-tda
2025-04-29 21:21:36 - INFO - Model original-tda completed in 32.32 seconds.
2025-04-29 21:21:36 - INFO - >>> Model original-tda trained. Accuracy: 0.9034 (32.32 sec.)
2025-04-29 21:21:36 - INFO - Training model: original-bottom_left
2025-04-29 21:21:51 - INFO - Model original-bottom_left completed in 14.89 seconds.
2025-04-29 21:21:51 - INFO - >>> Model original-bottom_left trained. Accuracy: 0.9113 (14.89 sec.)
2025-04-29 21:21:51 - INFO - Training model: top_right-original-bottom_right
2025-04-29 21:22:12 - INFO - Model top_right-original-bottom_right completed in 20.76 seconds.
2025-04-29 21:22:12 - INFO - >>> Model top_right-original-bottom_right trained. Accuracy: 0.9219 (20.76 sec.)
2025-04-29 21:22:12 - INFO - Training model: top_right-original-top_left
2025-04-29 21:22:32 - INFO - Model top_right-original-top_left completed in 20.02 seconds.
2025-04-29 21:22:32 - INFO - >>> Model top_right-original-top_left trained. Accuracy: 0.9234 (20.02 sec.)
2025-04-29 21:22:32 - INFO - Training model: top_right-original-tda
2025-04-29 21:23:09 - INFO - Model top_right-original-tda completed in 37.96 seconds.
2025-04-29 21:23:10 - INFO - >>> Model top_right-original-tda trained. Accuracy: 0.9126 (37.96 sec.)
2025-04-29 21:23:10 - INFO - Training model: top_right-original-bottom_left
2025-04-29 21:23:30 - INFO - Model top_right-original-bottom_left completed in 20.31 seconds.
2025-04-29 21:23:30 - INFO - >>> Model top_right-original-bottom_left trained. Accuracy: 0.9221 (20.31 sec.)
2025-04-29 21:23:30 - INFO - Training model: bottom_right-original-top_left
2025-04-29 21:23:50 - INFO - Model bottom_right-original-top_left completed in 20.35 seconds.
2025-04-29 21:23:50 - INFO - >>> Model bottom_right-original-top_left trained. Accuracy: 0.9200 (20.35 sec.)
2025-04-29 21:23:50 - INFO - Training model: bottom_right-original-tda
2025-04-29 21:24:28 - INFO - Model bottom_right-original-tda completed in 37.46 seconds.
2025-04-29 21:24:28 - INFO - >>> Model bottom_right-original-tda trained. Accuracy: 0.9101 (37.46 sec.)
2025-04-29 21:24:28 - INFO - Training model: bottom_right-original-bottom_left
2025-04-29 21:24:48 - INFO - Model bottom_right-original-bottom_left completed in 20.32 seconds.
2025-04-29 21:24:48 - INFO - >>> Model bottom_right-original-bottom_left trained. Accuracy: 0.9175 (20.32 sec.)
2025-04-29 21:24:48 - INFO - Training model: original-top_left-tda
2025-04-29 21:25:25 - INFO - Model original-top_left-tda completed in 37.23 seconds.
2025-04-29 21:25:25 - INFO - >>> Model original-top_left-tda trained. Accuracy: 0.9116 (37.23 sec.)
2025-04-29 21:25:25 - INFO - Training model: original-top_left-bottom_left
2025-04-29 21:25:45 - INFO - Model original-top_left-bottom_left completed in 20.20 seconds.
2025-04-29 21:25:45 - INFO - >>> Model original-top_left-bottom_left trained. Accuracy: 0.9182 (20.20 sec.)
2025-04-29 21:25:45 - INFO - Training model: original-tda-bottom_left
2025-04-29 21:26:23 - INFO - Model original-tda-bottom_left completed in 38.08 seconds.
2025-04-29 21:26:23 - INFO - >>> Model original-tda-bottom_left trained. Accuracy: 0.9091 (38.08 sec.)
2025-04-29 21:26:23 - INFO - Training model: top_right-original-bottom_right-top_left
2025-04-29 21:26:49 - INFO - Model top_right-original-bottom_right-top_left completed in 25.24 seconds.
2025-04-29 21:26:49 - INFO - >>> Model top_right-original-bottom_right-top_left trained. Accuracy: 0.9298 (25.24 sec.)
2025-04-29 21:26:49 - INFO - Training model: top_right-original-bottom_right-tda
2025-04-29 21:27:32 - INFO - Model top_right-original-bottom_right-tda completed in 43.50 seconds.
2025-04-29 21:27:32 - INFO - >>> Model top_right-original-bottom_right-tda trained. Accuracy: 0.9204 (43.50 sec.)
2025-04-29 21:27:32 - INFO - Training model: top_right-original-bottom_right-bottom_left
2025-04-29 21:27:58 - INFO - Model top_right-original-bottom_right-bottom_left completed in 26.05 seconds.
2025-04-29 21:27:58 - INFO - >>> Model top_right-original-bottom_right-bottom_left trained. Accuracy: 0.9299 (26.05 sec.)
2025-04-29 21:27:58 - INFO - Training model: top_right-original-top_left-tda
2025-04-29 21:28:42 - INFO - Model top_right-original-top_left-tda completed in 43.23 seconds.
2025-04-29 21:28:42 - INFO - >>> Model top_right-original-top_left-tda trained. Accuracy: 0.9225 (43.23 sec.)
2025-04-29 21:28:42 - INFO - Training model: top_right-original-top_left-bottom_left
2025-04-29 21:29:06 - INFO - Model top_right-original-top_left-bottom_left completed in 24.96 seconds.
2025-04-29 21:29:06 - INFO - >>> Model top_right-original-top_left-bottom_left trained. Accuracy: 0.9309 (24.96 sec.)
2025-04-29 21:29:06 - INFO - Training model: top_right-original-tda-bottom_left
2025-04-29 21:29:50 - INFO - Model top_right-original-tda-bottom_left completed in 43.26 seconds.
2025-04-29 21:29:50 - INFO - >>> Model top_right-original-tda-bottom_left trained. Accuracy: 0.9189 (43.26 sec.)
2025-04-29 21:29:50 - INFO - Training model: bottom_right-original-top_left-tda
2025-04-29 21:30:33 - INFO - Model bottom_right-original-top_left-tda completed in 43.32 seconds.
2025-04-29 21:30:33 - INFO - >>> Model bottom_right-original-top_left-tda trained. Accuracy: 0.9183 (43.32 sec.)
2025-04-29 21:30:33 - INFO - Training model: bottom_right-original-top_left-bottom_left
2025-04-29 21:30:59 - INFO - Model bottom_right-original-top_left-bottom_left completed in 25.49 seconds.
2025-04-29 21:30:59 - INFO - >>> Model bottom_right-original-top_left-bottom_left trained. Accuracy: 0.9258 (25.49 sec.)
2025-04-29 21:30:59 - INFO - Training model: bottom_right-original-tda-bottom_left
2025-04-29 21:31:42 - INFO - Model bottom_right-original-tda-bottom_left completed in 43.09 seconds.
2025-04-29 21:31:42 - INFO - >>> Model bottom_right-original-tda-bottom_left trained. Accuracy: 0.9163 (43.09 sec.)
2025-04-29 21:31:42 - INFO - Training model: original-top_left-tda-bottom_left
2025-04-29 21:32:24 - INFO - Model original-top_left-tda-bottom_left completed in 42.59 seconds.
2025-04-29 21:32:24 - INFO - >>> Model original-top_left-tda-bottom_left trained. Accuracy: 0.9182 (42.59 sec.)
2025-04-29 21:32:24 - INFO - Training model: top_right-original-bottom_right-top_left-tda
2025-04-29 21:33:13 - INFO - Model top_right-original-bottom_right-top_left-tda completed in 48.81 seconds.
2025-04-29 21:33:13 - INFO - >>> Model top_right-original-bottom_right-top_left-tda trained. Accuracy: 0.9306 (48.81 sec.)
2025-04-29 21:33:13 - INFO - Training model: top_right-original-bottom_right-top_left-bottom_left
2025-04-29 21:33:44 - INFO - Model top_right-original-bottom_right-top_left-bottom_left completed in 30.72 seconds.
2025-04-29 21:33:44 - INFO - >>> Model top_right-original-bottom_right-top_left-bottom_left trained. Accuracy: 0.9364 (30.72 sec.)
2025-04-29 21:33:44 - INFO - Training model: top_right-original-bottom_right-tda-bottom_left
2025-04-29 21:34:32 - INFO - Model top_right-original-bottom_right-tda-bottom_left completed in 48.11 seconds.
2025-04-29 21:34:32 - INFO - >>> Model top_right-original-bottom_right-tda-bottom_left trained. Accuracy: 0.9269 (48.11 sec.)
2025-04-29 21:34:32 - INFO - Training model: top_right-original-top_left-tda-bottom_left
2025-04-29 21:35:20 - INFO - Model top_right-original-top_left-tda-bottom_left completed in 47.64 seconds.
2025-04-29 21:35:20 - INFO - >>> Model top_right-original-top_left-tda-bottom_left trained. Accuracy: 0.9283 (47.64 sec.)
2025-04-29 21:35:20 - INFO - Training model: original-bottom_right-top_left-tda-bottom_left
2025-04-29 21:36:08 - INFO - Model original-bottom_right-top_left-tda-bottom_left completed in 48.02 seconds.
2025-04-29 21:36:08 - INFO - >>> Model original-bottom_right-top_left-tda-bottom_left trained. Accuracy: 0.9241 (48.02 sec.)
2025-04-29 21:36:08 - INFO - Training model: top_right-original-bottom_right-top_left-tda-bottom_left
2025-04-29 21:37:01 - INFO - Model top_right-original-bottom_right-top_left-tda-bottom_left completed in 53.84 seconds.
2025-04-29 21:37:01 - INFO - >>> Model top_right-original-bottom_right-top_left-tda-bottom_left trained. Accuracy: 0.9354 (53.84 sec.)
2025-04-29 21:37:01 - INFO - All models trained successfully.
2025-04-29 21:37:01 - INFO - ========== [Model Training Completed] in 16.74 minutes ==========
2025-04-29 21:37:01 - INFO - ========== [Experiment Training Complete] ==========
2025-04-29 21:37:02 - INFO - Results saved to /home/jovyan/Workspace/workspace_mnist/results/exp_noise_lines_30_trainsplit_vary_noise/experiment_trainsize_predictions_2025-04-29_21-37-01.json
2025-04-29 21:37:02 - INFO - Results successfully saved to /home/jovyan/Workspace/workspace_mnist/results/exp_noise_lines_30_trainsplit_vary_noise/experiment_trainsize_predictions_2025-04-29_21-37-01.json
2025-04-29 21:37:02 - INFO - Forced Garbage collection executed to Free Memory.
2025-04-29 21:37:02 - INFO - ========== [Experiment Completed] in 30.50 minutes ==========
