2025-05-03 10:48:15 - INFO - Logging initialized.
 Writing to /home/jovyan/Workspace/workspace_mnist/logs/exp_noise_lines_30_trainsplit_vary_noise/experiment_logs_2025-05-03_10-48-15.log
2025-05-03 10:48:15 - INFO - ========== [Experiment Start] ==========
2025-05-03 10:48:15 - INFO - Views combinations successfully generated.
2025-05-03 10:48:15 - INFO - Topological Data Analysis pipeline generated.
2025-05-03 10:48:15 - INFO - Folder to save results has been created.
2025-05-03 10:48:15 - INFO - Reading dataset from mnist_784.csv (chunk size: 70000).
2025-05-03 10:48:16 - INFO - Starting multiview data preparation for a chunk of size (70000, 784)...
2025-05-03 10:48:16 - INFO - Running using 20 jobs.
2025-05-03 10:48:16 - INFO - Contaminating dataset with lines, quantity=7, transparency=1.0.
2025-05-03 10:48:21 - INFO - Splitting data: 50.0% train / 20.0% test (random_state=402417678)
2025-05-03 10:48:21 - INFO - Using full training data without second split.
2025-05-03 10:48:21 - INFO - Data split complete. Train size: (56000, 784), Test size: (14000, 784)
2025-05-03 10:48:21 - INFO - Reshaping train and test data into square images...
2025-05-03 10:48:21 - INFO - Reshaping complete. Train images shape: (56000, 28, 28), Test images shape: (14000, 28, 28)
2025-05-03 10:48:21 - INFO - Splitting images into quadrant views...
2025-05-03 10:48:21 - INFO - Quadrant view splitting complete. Train views: 4, Test views: 4
2025-05-03 10:48:21 - INFO - Saving sample images for each view...
2025-05-03 10:48:21 - INFO - Sample views saved successfully.
2025-05-03 10:48:21 - INFO - Starting TDA pipeline transformation on train data...
2025-05-03 10:59:36 - INFO - TDA transformation for train completed (11.26 minutes).
2025-05-03 10:59:36 - INFO - Applying TDA pipeline transformation on test data...
2025-05-03 11:02:21 - INFO - TDA transformation for test completed (2.74 minutes).
2025-05-03 11:02:21 - INFO - ========== [Model Training Start] ==========
2025-05-03 11:02:21 - INFO - Training model: original
2025-05-03 11:02:22 - INFO - Model original completed in 1.59 seconds.
2025-05-03 11:02:22 - INFO - >>> Model original trained. Accuracy: 0.9374 (1.59 sec.)
2025-05-03 11:02:22 - INFO - Training model: top_right-original
2025-05-03 11:02:35 - INFO - Model top_right-original completed in 13.37 seconds.
2025-05-03 11:02:35 - INFO - >>> Model top_right-original trained. Accuracy: 0.9445 (13.37 sec.)
2025-05-03 11:02:35 - INFO - Training model: bottom_right-original
2025-05-03 11:02:49 - INFO - Model bottom_right-original completed in 13.51 seconds.
2025-05-03 11:02:49 - INFO - >>> Model bottom_right-original trained. Accuracy: 0.9454 (13.51 sec.)
2025-05-03 11:02:49 - INFO - Training model: original-top_left
2025-05-03 11:03:02 - INFO - Model original-top_left completed in 13.32 seconds.
2025-05-03 11:03:02 - INFO - >>> Model original-top_left trained. Accuracy: 0.9446 (13.32 sec.)
2025-05-03 11:03:02 - INFO - Training model: original-tda
2025-05-03 11:03:31 - INFO - Model original-tda completed in 28.39 seconds.
2025-05-03 11:03:31 - INFO - >>> Model original-tda trained. Accuracy: 0.9401 (28.39 sec.)
2025-05-03 11:03:31 - INFO - Training model: original-bottom_left
2025-05-03 11:03:44 - INFO - Model original-bottom_left completed in 13.12 seconds.
2025-05-03 11:03:44 - INFO - >>> Model original-bottom_left trained. Accuracy: 0.9432 (13.12 sec.)
2025-05-03 11:03:44 - INFO - Training model: top_right-original-bottom_right
2025-05-03 11:04:03 - INFO - Model top_right-original-bottom_right completed in 18.75 seconds.
2025-05-03 11:04:03 - INFO - >>> Model top_right-original-bottom_right trained. Accuracy: 0.9491 (18.75 sec.)
2025-05-03 11:04:03 - INFO - Training model: top_right-original-top_left
2025-05-03 11:04:21 - INFO - Model top_right-original-top_left completed in 18.48 seconds.
2025-05-03 11:04:21 - INFO - >>> Model top_right-original-top_left trained. Accuracy: 0.9498 (18.48 sec.)
2025-05-03 11:04:21 - INFO - Training model: top_right-original-tda
2025-05-03 11:04:54 - INFO - Model top_right-original-tda completed in 33.16 seconds.
2025-05-03 11:04:54 - INFO - >>> Model top_right-original-tda trained. Accuracy: 0.9447 (33.16 sec.)
2025-05-03 11:04:54 - INFO - Training model: top_right-original-bottom_left
2025-05-03 11:05:13 - INFO - Model top_right-original-bottom_left completed in 18.39 seconds.
2025-05-03 11:05:13 - INFO - >>> Model top_right-original-bottom_left trained. Accuracy: 0.9484 (18.39 sec.)
2025-05-03 11:05:13 - INFO - Training model: bottom_right-original-top_left
2025-05-03 11:05:31 - INFO - Model bottom_right-original-top_left completed in 18.21 seconds.
2025-05-03 11:05:31 - INFO - >>> Model bottom_right-original-top_left trained. Accuracy: 0.9481 (18.21 sec.)
2025-05-03 11:05:31 - INFO - Training model: bottom_right-original-tda
2025-05-03 11:06:05 - INFO - Model bottom_right-original-tda completed in 34.13 seconds.
2025-05-03 11:06:05 - INFO - >>> Model bottom_right-original-tda trained. Accuracy: 0.9448 (34.13 sec.)
2025-05-03 11:06:05 - INFO - Training model: bottom_right-original-bottom_left
2025-05-03 11:06:24 - INFO - Model bottom_right-original-bottom_left completed in 18.71 seconds.
2025-05-03 11:06:24 - INFO - >>> Model bottom_right-original-bottom_left trained. Accuracy: 0.9471 (18.71 sec.)
2025-05-03 11:06:24 - INFO - Training model: original-top_left-tda
2025-05-03 11:06:56 - INFO - Model original-top_left-tda completed in 32.64 seconds.
2025-05-03 11:06:56 - INFO - >>> Model original-top_left-tda trained. Accuracy: 0.9448 (32.64 sec.)
2025-05-03 11:06:56 - INFO - Training model: original-top_left-bottom_left
2025-05-03 11:07:14 - INFO - Model original-top_left-bottom_left completed in 17.81 seconds.
2025-05-03 11:07:14 - INFO - >>> Model original-top_left-bottom_left trained. Accuracy: 0.9483 (17.81 sec.)
2025-05-03 11:07:14 - INFO - Training model: original-tda-bottom_left
2025-05-03 11:07:48 - INFO - Model original-tda-bottom_left completed in 33.89 seconds.
2025-05-03 11:07:48 - INFO - >>> Model original-tda-bottom_left trained. Accuracy: 0.9437 (33.89 sec.)
2025-05-03 11:07:48 - INFO - Training model: top_right-original-bottom_right-top_left
2025-05-03 11:08:11 - INFO - Model top_right-original-bottom_right-top_left completed in 22.83 seconds.
2025-05-03 11:08:11 - INFO - >>> Model top_right-original-bottom_right-top_left trained. Accuracy: 0.9540 (22.83 sec.)
2025-05-03 11:08:11 - INFO - Training model: top_right-original-bottom_right-tda
2025-05-03 11:08:49 - INFO - Model top_right-original-bottom_right-tda completed in 37.98 seconds.
2025-05-03 11:08:49 - INFO - >>> Model top_right-original-bottom_right-tda trained. Accuracy: 0.9492 (37.98 sec.)
2025-05-03 11:08:49 - INFO - Training model: top_right-original-bottom_right-bottom_left
2025-05-03 11:09:12 - INFO - Model top_right-original-bottom_right-bottom_left completed in 23.57 seconds.
2025-05-03 11:09:12 - INFO - >>> Model top_right-original-bottom_right-bottom_left trained. Accuracy: 0.9526 (23.57 sec.)
2025-05-03 11:09:12 - INFO - Training model: top_right-original-top_left-tda
2025-05-03 11:09:51 - INFO - Model top_right-original-top_left-tda completed in 38.39 seconds.
2025-05-03 11:09:51 - INFO - >>> Model top_right-original-top_left-tda trained. Accuracy: 0.9491 (38.39 sec.)
2025-05-03 11:09:51 - INFO - Training model: top_right-original-top_left-bottom_left
2025-05-03 11:10:14 - INFO - Model top_right-original-top_left-bottom_left completed in 22.80 seconds.
2025-05-03 11:10:14 - INFO - >>> Model top_right-original-top_left-bottom_left trained. Accuracy: 0.9540 (22.80 sec.)
2025-05-03 11:10:14 - INFO - Training model: top_right-original-tda-bottom_left
2025-05-03 11:10:51 - INFO - Model top_right-original-tda-bottom_left completed in 37.65 seconds.
2025-05-03 11:10:51 - INFO - >>> Model top_right-original-tda-bottom_left trained. Accuracy: 0.9489 (37.65 sec.)
2025-05-03 11:10:51 - INFO - Training model: bottom_right-original-top_left-tda
2025-05-03 11:11:30 - INFO - Model bottom_right-original-top_left-tda completed in 38.36 seconds.
2025-05-03 11:11:30 - INFO - >>> Model bottom_right-original-top_left-tda trained. Accuracy: 0.9491 (38.36 sec.)
2025-05-03 11:11:30 - INFO - Training model: bottom_right-original-top_left-bottom_left
2025-05-03 11:11:53 - INFO - Model bottom_right-original-top_left-bottom_left completed in 22.94 seconds.
2025-05-03 11:11:53 - INFO - >>> Model bottom_right-original-top_left-bottom_left trained. Accuracy: 0.9518 (22.94 sec.)
2025-05-03 11:11:53 - INFO - Training model: bottom_right-original-tda-bottom_left
2025-05-03 11:12:31 - INFO - Model bottom_right-original-tda-bottom_left completed in 37.99 seconds.
2025-05-03 11:12:31 - INFO - >>> Model bottom_right-original-tda-bottom_left trained. Accuracy: 0.9471 (37.99 sec.)
2025-05-03 11:12:31 - INFO - Training model: original-top_left-tda-bottom_left
2025-05-03 11:13:09 - INFO - Model original-top_left-tda-bottom_left completed in 38.47 seconds.
2025-05-03 11:13:09 - INFO - >>> Model original-top_left-tda-bottom_left trained. Accuracy: 0.9484 (38.47 sec.)
2025-05-03 11:13:09 - INFO - Training model: top_right-original-bottom_right-top_left-tda
2025-05-03 11:13:52 - INFO - Model top_right-original-bottom_right-top_left-tda completed in 43.33 seconds.
2025-05-03 11:13:52 - INFO - >>> Model top_right-original-bottom_right-top_left-tda trained. Accuracy: 0.9533 (43.33 sec.)
2025-05-03 11:13:52 - INFO - Training model: top_right-original-bottom_right-top_left-bottom_left
2025-05-03 11:14:21 - INFO - Model top_right-original-bottom_right-top_left-bottom_left completed in 28.26 seconds.
2025-05-03 11:14:21 - INFO - >>> Model top_right-original-bottom_right-top_left-bottom_left trained. Accuracy: 0.9584 (28.26 sec.)
2025-05-03 11:14:21 - INFO - Training model: top_right-original-bottom_right-tda-bottom_left
2025-05-03 11:15:04 - INFO - Model top_right-original-bottom_right-tda-bottom_left completed in 43.19 seconds.
2025-05-03 11:15:04 - INFO - >>> Model top_right-original-bottom_right-tda-bottom_left trained. Accuracy: 0.9527 (43.19 sec.)
2025-05-03 11:15:04 - INFO - Training model: top_right-original-top_left-tda-bottom_left
2025-05-03 11:15:47 - INFO - Model top_right-original-top_left-tda-bottom_left completed in 42.97 seconds.
2025-05-03 11:15:47 - INFO - >>> Model top_right-original-top_left-tda-bottom_left trained. Accuracy: 0.9538 (42.97 sec.)
2025-05-03 11:15:47 - INFO - Training model: original-bottom_right-top_left-tda-bottom_left
2025-05-03 11:16:29 - INFO - Model original-bottom_right-top_left-tda-bottom_left completed in 42.38 seconds.
2025-05-03 11:16:29 - INFO - >>> Model original-bottom_right-top_left-tda-bottom_left trained. Accuracy: 0.9534 (42.38 sec.)
2025-05-03 11:16:29 - INFO - Training model: top_right-original-bottom_right-top_left-tda-bottom_left
2025-05-03 11:17:17 - INFO - Model top_right-original-bottom_right-top_left-tda-bottom_left completed in 48.21 seconds.
2025-05-03 11:17:17 - INFO - >>> Model top_right-original-bottom_right-top_left-tda-bottom_left trained. Accuracy: 0.9576 (48.21 sec.)
2025-05-03 11:17:17 - INFO - All models trained successfully.
2025-05-03 11:17:17 - INFO - ========== [Model Training Completed] in 14.95 minutes ==========
2025-05-03 11:17:17 - INFO - ========== [Experiment Training Complete] ==========
2025-05-03 11:17:18 - INFO - Results saved to /home/jovyan/Workspace/workspace_mnist/results/exp_noise_lines_30_trainsplit_vary_noise/experiment_trainsize_predictions_2025-05-03_11-17-17.json
2025-05-03 11:17:18 - INFO - Results successfully saved to /home/jovyan/Workspace/workspace_mnist/results/exp_noise_lines_30_trainsplit_vary_noise/experiment_trainsize_predictions_2025-05-03_11-17-17.json
2025-05-03 11:17:18 - INFO - Forced Garbage collection executed to Free Memory.
2025-05-03 11:17:18 - INFO - ========== [Experiment Completed] in 29.04 minutes ==========
