2025-04-28 03:40:33 - INFO - Logging initialized.
 Writing to /home/jovyan/Workspace/workspace_mnist/logs/exp_noise_lines_30_trainsplit_vary_noise/experiment_logs_2025-04-28_03-40-33.log
2025-04-28 03:40:33 - INFO - ========== [Experiment Start] ==========
2025-04-28 03:40:33 - INFO - Views combinations successfully generated.
2025-04-28 03:40:33 - INFO - Topological Data Analysis pipeline generated.
2025-04-28 03:40:33 - INFO - Folder to save results has been created.
2025-04-28 03:40:33 - INFO - Reading dataset from mnist_784.csv (chunk size: 70000).
2025-04-28 03:40:34 - INFO - Starting multiview data preparation for a chunk of size (70000, 784)...
2025-04-28 03:40:34 - INFO - Running using 20 jobs.
2025-04-28 03:40:34 - INFO - Contaminating dataset with lines, quantity=3, transparency=1.0.
2025-04-28 03:40:38 - INFO - Splitting data: 50.0% train / 20.0% test (random_state=701363565)
2025-04-28 03:40:38 - INFO - Using full training data without second split.
2025-04-28 03:40:38 - INFO - Data split complete. Train size: (56000, 784), Test size: (14000, 784)
2025-04-28 03:40:38 - INFO - Reshaping train and test data into square images...
2025-04-28 03:40:38 - INFO - Reshaping complete. Train images shape: (56000, 28, 28), Test images shape: (14000, 28, 28)
2025-04-28 03:40:38 - INFO - Splitting images into quadrant views...
2025-04-28 03:40:38 - INFO - Quadrant view splitting complete. Train views: 4, Test views: 4
2025-04-28 03:40:38 - INFO - Saving sample images for each view...
2025-04-28 03:40:38 - INFO - Sample views saved successfully.
2025-04-28 03:40:38 - INFO - Starting TDA pipeline transformation on train data...
2025-04-28 03:51:50 - INFO - TDA transformation for train completed (11.20 minutes).
2025-04-28 03:51:50 - INFO - Applying TDA pipeline transformation on test data...
2025-04-28 03:54:25 - INFO - TDA transformation for test completed (2.59 minutes).
2025-04-28 03:54:25 - INFO - ========== [Model Training Start] ==========
2025-04-28 03:54:25 - INFO - Training model: original
2025-04-28 03:54:27 - INFO - Model original completed in 1.59 seconds.
2025-04-28 03:54:27 - INFO - >>> Model original trained. Accuracy: 0.9545 (1.59 sec.)
2025-04-28 03:54:27 - INFO - Training model: top_right-original
2025-04-28 03:54:40 - INFO - Model top_right-original completed in 12.83 seconds.
2025-04-28 03:54:40 - INFO - >>> Model top_right-original trained. Accuracy: 0.9599 (12.83 sec.)
2025-04-28 03:54:40 - INFO - Training model: bottom_right-original
2025-04-28 03:54:52 - INFO - Model bottom_right-original completed in 12.89 seconds.
2025-04-28 03:54:52 - INFO - >>> Model bottom_right-original trained. Accuracy: 0.9604 (12.89 sec.)
2025-04-28 03:54:52 - INFO - Training model: original-top_left
2025-04-28 03:55:05 - INFO - Model original-top_left completed in 12.41 seconds.
2025-04-28 03:55:05 - INFO - >>> Model original-top_left trained. Accuracy: 0.9591 (12.41 sec.)
2025-04-28 03:55:05 - INFO - Training model: original-tda
2025-04-28 03:55:28 - INFO - Model original-tda completed in 23.00 seconds.
2025-04-28 03:55:28 - INFO - >>> Model original-tda trained. Accuracy: 0.9597 (23.00 sec.)
2025-04-28 03:55:28 - INFO - Training model: original-bottom_left
2025-04-28 03:55:40 - INFO - Model original-bottom_left completed in 12.50 seconds.
2025-04-28 03:55:40 - INFO - >>> Model original-bottom_left trained. Accuracy: 0.9584 (12.50 sec.)
2025-04-28 03:55:40 - INFO - Training model: top_right-original-bottom_right
2025-04-28 03:55:58 - INFO - Model top_right-original-bottom_right completed in 17.57 seconds.
2025-04-28 03:55:58 - INFO - >>> Model top_right-original-bottom_right trained. Accuracy: 0.9636 (17.57 sec.)
2025-04-28 03:55:58 - INFO - Training model: top_right-original-top_left
2025-04-28 03:56:15 - INFO - Model top_right-original-top_left completed in 16.97 seconds.
2025-04-28 03:56:15 - INFO - >>> Model top_right-original-top_left trained. Accuracy: 0.9626 (16.97 sec.)
2025-04-28 03:56:15 - INFO - Training model: top_right-original-tda
2025-04-28 03:56:43 - INFO - Model top_right-original-tda completed in 27.74 seconds.
2025-04-28 03:56:43 - INFO - >>> Model top_right-original-tda trained. Accuracy: 0.9621 (27.74 sec.)
2025-04-28 03:56:43 - INFO - Training model: top_right-original-bottom_left
2025-04-28 03:57:00 - INFO - Model top_right-original-bottom_left completed in 16.94 seconds.
2025-04-28 03:57:00 - INFO - >>> Model top_right-original-bottom_left trained. Accuracy: 0.9614 (16.94 sec.)
2025-04-28 03:57:00 - INFO - Training model: bottom_right-original-top_left
2025-04-28 03:57:17 - INFO - Model bottom_right-original-top_left completed in 17.17 seconds.
2025-04-28 03:57:17 - INFO - >>> Model bottom_right-original-top_left trained. Accuracy: 0.9623 (17.17 sec.)
2025-04-28 03:57:17 - INFO - Training model: bottom_right-original-tda
2025-04-28 03:57:45 - INFO - Model bottom_right-original-tda completed in 27.88 seconds.
2025-04-28 03:57:45 - INFO - >>> Model bottom_right-original-tda trained. Accuracy: 0.9614 (27.88 sec.)
2025-04-28 03:57:45 - INFO - Training model: bottom_right-original-bottom_left
2025-04-28 03:58:02 - INFO - Model bottom_right-original-bottom_left completed in 17.14 seconds.
2025-04-28 03:58:02 - INFO - >>> Model bottom_right-original-bottom_left trained. Accuracy: 0.9619 (17.14 sec.)
2025-04-28 03:58:02 - INFO - Training model: original-top_left-tda
2025-04-28 03:58:29 - INFO - Model original-top_left-tda completed in 27.25 seconds.
2025-04-28 03:58:29 - INFO - >>> Model original-top_left-tda trained. Accuracy: 0.9621 (27.25 sec.)
2025-04-28 03:58:29 - INFO - Training model: original-top_left-bottom_left
2025-04-28 03:58:46 - INFO - Model original-top_left-bottom_left completed in 16.97 seconds.
2025-04-28 03:58:46 - INFO - >>> Model original-top_left-bottom_left trained. Accuracy: 0.9606 (16.97 sec.)
2025-04-28 03:58:46 - INFO - Training model: original-tda-bottom_left
2025-04-28 03:59:13 - INFO - Model original-tda-bottom_left completed in 27.29 seconds.
2025-04-28 03:59:13 - INFO - >>> Model original-tda-bottom_left trained. Accuracy: 0.9605 (27.29 sec.)
2025-04-28 03:59:13 - INFO - Training model: top_right-original-bottom_right-top_left
2025-04-28 03:59:35 - INFO - Model top_right-original-bottom_right-top_left completed in 21.81 seconds.
2025-04-28 03:59:35 - INFO - >>> Model top_right-original-bottom_right-top_left trained. Accuracy: 0.9667 (21.81 sec.)
2025-04-28 03:59:35 - INFO - Training model: top_right-original-bottom_right-tda
2025-04-28 04:00:08 - INFO - Model top_right-original-bottom_right-tda completed in 32.42 seconds.
2025-04-28 04:00:08 - INFO - >>> Model top_right-original-bottom_right-tda trained. Accuracy: 0.9664 (32.42 sec.)
2025-04-28 04:00:08 - INFO - Training model: top_right-original-bottom_right-bottom_left
2025-04-28 04:00:29 - INFO - Model top_right-original-bottom_right-bottom_left completed in 21.63 seconds.
2025-04-28 04:00:29 - INFO - >>> Model top_right-original-bottom_right-bottom_left trained. Accuracy: 0.9662 (21.63 sec.)
2025-04-28 04:00:29 - INFO - Training model: top_right-original-top_left-tda
2025-04-28 04:01:01 - INFO - Model top_right-original-top_left-tda completed in 31.72 seconds.
2025-04-28 04:01:01 - INFO - >>> Model top_right-original-top_left-tda trained. Accuracy: 0.9644 (31.72 sec.)
2025-04-28 04:01:01 - INFO - Training model: top_right-original-top_left-bottom_left
2025-04-28 04:01:23 - INFO - Model top_right-original-top_left-bottom_left completed in 21.50 seconds.
2025-04-28 04:01:23 - INFO - >>> Model top_right-original-top_left-bottom_left trained. Accuracy: 0.9656 (21.50 sec.)
2025-04-28 04:01:23 - INFO - Training model: top_right-original-tda-bottom_left
2025-04-28 04:01:55 - INFO - Model top_right-original-tda-bottom_left completed in 32.54 seconds.
2025-04-28 04:01:55 - INFO - >>> Model top_right-original-tda-bottom_left trained. Accuracy: 0.9645 (32.54 sec.)
2025-04-28 04:01:55 - INFO - Training model: bottom_right-original-top_left-tda
2025-04-28 04:02:27 - INFO - Model bottom_right-original-top_left-tda completed in 31.88 seconds.
2025-04-28 04:02:27 - INFO - >>> Model bottom_right-original-top_left-tda trained. Accuracy: 0.9654 (31.88 sec.)
2025-04-28 04:02:27 - INFO - Training model: bottom_right-original-top_left-bottom_left
2025-04-28 04:02:48 - INFO - Model bottom_right-original-top_left-bottom_left completed in 21.31 seconds.
2025-04-28 04:02:48 - INFO - >>> Model bottom_right-original-top_left-bottom_left trained. Accuracy: 0.9653 (21.31 sec.)
2025-04-28 04:02:48 - INFO - Training model: bottom_right-original-tda-bottom_left
2025-04-28 04:03:21 - INFO - Model bottom_right-original-tda-bottom_left completed in 32.87 seconds.
2025-04-28 04:03:21 - INFO - >>> Model bottom_right-original-tda-bottom_left trained. Accuracy: 0.9631 (32.87 sec.)
2025-04-28 04:03:21 - INFO - Training model: original-top_left-tda-bottom_left
2025-04-28 04:03:53 - INFO - Model original-top_left-tda-bottom_left completed in 31.75 seconds.
2025-04-28 04:03:53 - INFO - >>> Model original-top_left-tda-bottom_left trained. Accuracy: 0.9644 (31.75 sec.)
2025-04-28 04:03:53 - INFO - Training model: top_right-original-bottom_right-top_left-tda
2025-04-28 04:04:30 - INFO - Model top_right-original-bottom_right-top_left-tda completed in 36.83 seconds.
2025-04-28 04:04:30 - INFO - >>> Model top_right-original-bottom_right-top_left-tda trained. Accuracy: 0.9692 (36.83 sec.)
2025-04-28 04:04:30 - INFO - Training model: top_right-original-bottom_right-top_left-bottom_left
2025-04-28 04:04:55 - INFO - Model top_right-original-bottom_right-top_left-bottom_left completed in 25.42 seconds.
2025-04-28 04:04:55 - INFO - >>> Model top_right-original-bottom_right-top_left-bottom_left trained. Accuracy: 0.9683 (25.42 sec.)
2025-04-28 04:04:55 - INFO - Training model: top_right-original-bottom_right-tda-bottom_left
2025-04-28 04:05:31 - INFO - Model top_right-original-bottom_right-tda-bottom_left completed in 36.31 seconds.
2025-04-28 04:05:31 - INFO - >>> Model top_right-original-bottom_right-tda-bottom_left trained. Accuracy: 0.9675 (36.31 sec.)
2025-04-28 04:05:31 - INFO - Training model: top_right-original-top_left-tda-bottom_left
2025-04-28 04:06:08 - INFO - Model top_right-original-top_left-tda-bottom_left completed in 36.74 seconds.
2025-04-28 04:06:08 - INFO - >>> Model top_right-original-top_left-tda-bottom_left trained. Accuracy: 0.9671 (36.74 sec.)
2025-04-28 04:06:08 - INFO - Training model: original-bottom_right-top_left-tda-bottom_left
2025-04-28 04:06:45 - INFO - Model original-bottom_right-top_left-tda-bottom_left completed in 36.60 seconds.
2025-04-28 04:06:45 - INFO - >>> Model original-bottom_right-top_left-tda-bottom_left trained. Accuracy: 0.9664 (36.60 sec.)
2025-04-28 04:06:45 - INFO - Training model: top_right-original-bottom_right-top_left-tda-bottom_left
2025-04-28 04:07:26 - INFO - Model top_right-original-bottom_right-top_left-tda-bottom_left completed in 41.29 seconds.
2025-04-28 04:07:26 - INFO - >>> Model top_right-original-bottom_right-top_left-tda-bottom_left trained. Accuracy: 0.9696 (41.29 sec.)
2025-04-28 04:07:26 - INFO - All models trained successfully.
2025-04-28 04:07:26 - INFO - ========== [Model Training Completed] in 13.02 minutes ==========
2025-04-28 04:07:26 - INFO - ========== [Experiment Training Complete] ==========
2025-04-28 04:07:26 - INFO - Results saved to /home/jovyan/Workspace/workspace_mnist/results/exp_noise_lines_30_trainsplit_vary_noise/experiment_trainsize_predictions_2025-04-28_04-07-26.json
2025-04-28 04:07:26 - INFO - Results successfully saved to /home/jovyan/Workspace/workspace_mnist/results/exp_noise_lines_30_trainsplit_vary_noise/experiment_trainsize_predictions_2025-04-28_04-07-26.json
2025-04-28 04:07:26 - INFO - Forced Garbage collection executed to Free Memory.
2025-04-28 04:07:26 - INFO - ========== [Experiment Completed] in 26.89 minutes ==========
