2025-05-04 23:41:03 - INFO - Logging initialized.
 Writing to /home/jovyan/Workspace/workspace_mnist/logs/exp_noise_lines_30_trainsplit_vary_noise/experiment_logs_2025-05-04_23-41-03.log
2025-05-04 23:41:03 - INFO - ========== [Experiment Start] ==========
2025-05-04 23:41:03 - INFO - Views combinations successfully generated.
2025-05-04 23:41:03 - INFO - Topological Data Analysis pipeline generated.
2025-05-04 23:41:03 - INFO - Folder to save results has been created.
2025-05-04 23:41:03 - INFO - Reading dataset from mnist_784.csv (chunk size: 70000).
2025-05-04 23:41:03 - INFO - Starting multiview data preparation for a chunk of size (70000, 784)...
2025-05-04 23:41:03 - INFO - Running using 20 jobs.
2025-05-04 23:41:03 - INFO - Contaminating dataset with lines, quantity=1, transparency=1.0.
2025-05-04 23:41:07 - INFO - Splitting data: 50.0% train / 20.0% test (random_state=362334714)
2025-05-04 23:41:07 - INFO - Using full training data without second split.
2025-05-04 23:41:07 - INFO - Data split complete. Train size: (56000, 784), Test size: (14000, 784)
2025-05-04 23:41:07 - INFO - Reshaping train and test data into square images...
2025-05-04 23:41:07 - INFO - Reshaping complete. Train images shape: (56000, 28, 28), Test images shape: (14000, 28, 28)
2025-05-04 23:41:07 - INFO - Splitting images into quadrant views...
2025-05-04 23:41:07 - INFO - Quadrant view splitting complete. Train views: 4, Test views: 4
2025-05-04 23:41:07 - INFO - Saving sample images for each view...
2025-05-04 23:41:07 - INFO - Sample views saved successfully.
2025-05-04 23:41:07 - INFO - Starting TDA pipeline transformation on train data...
2025-05-04 23:52:38 - INFO - TDA transformation for train completed (11.52 minutes).
2025-05-04 23:52:38 - INFO - Applying TDA pipeline transformation on test data...
2025-05-04 23:55:24 - INFO - TDA transformation for test completed (2.76 minutes).
2025-05-04 23:55:24 - INFO - ========== [Model Training Start] ==========
2025-05-04 23:55:24 - INFO - Training model: original
2025-05-04 23:55:26 - INFO - Model original completed in 1.50 seconds.
2025-05-04 23:55:26 - INFO - >>> Model original trained. Accuracy: 0.9661 (1.50 sec.)
2025-05-04 23:55:26 - INFO - Training model: top_right-original
2025-05-04 23:55:38 - INFO - Model top_right-original completed in 12.53 seconds.
2025-05-04 23:55:38 - INFO - >>> Model top_right-original trained. Accuracy: 0.9694 (12.53 sec.)
2025-05-04 23:55:38 - INFO - Training model: bottom_right-original
2025-05-04 23:55:51 - INFO - Model bottom_right-original completed in 12.72 seconds.
2025-05-04 23:55:51 - INFO - >>> Model bottom_right-original trained. Accuracy: 0.9701 (12.72 sec.)
2025-05-04 23:55:51 - INFO - Training model: original-top_left
2025-05-04 23:56:03 - INFO - Model original-top_left completed in 12.50 seconds.
2025-05-04 23:56:03 - INFO - >>> Model original-top_left trained. Accuracy: 0.9707 (12.50 sec.)
2025-05-04 23:56:03 - INFO - Training model: original-tda
2025-05-04 23:56:24 - INFO - Model original-tda completed in 20.26 seconds.
2025-05-04 23:56:24 - INFO - >>> Model original-tda trained. Accuracy: 0.9735 (20.26 sec.)
2025-05-04 23:56:24 - INFO - Training model: original-bottom_left
2025-05-04 23:56:36 - INFO - Model original-bottom_left completed in 12.10 seconds.
2025-05-04 23:56:36 - INFO - >>> Model original-bottom_left trained. Accuracy: 0.9687 (12.10 sec.)
2025-05-04 23:56:36 - INFO - Training model: top_right-original-bottom_right
2025-05-04 23:56:53 - INFO - Model top_right-original-bottom_right completed in 17.04 seconds.
2025-05-04 23:56:53 - INFO - >>> Model top_right-original-bottom_right trained. Accuracy: 0.9698 (17.04 sec.)
2025-05-04 23:56:53 - INFO - Training model: top_right-original-top_left
2025-05-04 23:57:09 - INFO - Model top_right-original-top_left completed in 16.54 seconds.
2025-05-04 23:57:09 - INFO - >>> Model top_right-original-top_left trained. Accuracy: 0.9716 (16.54 sec.)
2025-05-04 23:57:09 - INFO - Training model: top_right-original-tda
2025-05-04 23:57:34 - INFO - Model top_right-original-tda completed in 24.32 seconds.
2025-05-04 23:57:34 - INFO - >>> Model top_right-original-tda trained. Accuracy: 0.9746 (24.32 sec.)
2025-05-04 23:57:34 - INFO - Training model: top_right-original-bottom_left
2025-05-04 23:57:51 - INFO - Model top_right-original-bottom_left completed in 16.89 seconds.
2025-05-04 23:57:51 - INFO - >>> Model top_right-original-bottom_left trained. Accuracy: 0.9699 (16.89 sec.)
2025-05-04 23:57:51 - INFO - Training model: bottom_right-original-top_left
2025-05-04 23:58:07 - INFO - Model bottom_right-original-top_left completed in 16.92 seconds.
2025-05-04 23:58:07 - INFO - >>> Model bottom_right-original-top_left trained. Accuracy: 0.9734 (16.92 sec.)
2025-05-04 23:58:07 - INFO - Training model: bottom_right-original-tda
2025-05-04 23:58:32 - INFO - Model bottom_right-original-tda completed in 24.42 seconds.
2025-05-04 23:58:32 - INFO - >>> Model bottom_right-original-tda trained. Accuracy: 0.9752 (24.42 sec.)
2025-05-04 23:58:32 - INFO - Training model: bottom_right-original-bottom_left
2025-05-04 23:58:49 - INFO - Model bottom_right-original-bottom_left completed in 16.86 seconds.
2025-05-04 23:58:49 - INFO - >>> Model bottom_right-original-bottom_left trained. Accuracy: 0.9708 (16.86 sec.)
2025-05-04 23:58:49 - INFO - Training model: original-top_left-tda
2025-05-04 23:59:13 - INFO - Model original-top_left-tda completed in 24.35 seconds.
2025-05-04 23:59:13 - INFO - >>> Model original-top_left-tda trained. Accuracy: 0.9739 (24.35 sec.)
2025-05-04 23:59:13 - INFO - Training model: original-top_left-bottom_left
2025-05-04 23:59:29 - INFO - Model original-top_left-bottom_left completed in 16.31 seconds.
2025-05-04 23:59:29 - INFO - >>> Model original-top_left-bottom_left trained. Accuracy: 0.9716 (16.31 sec.)
2025-05-04 23:59:29 - INFO - Training model: original-tda-bottom_left
2025-05-04 23:59:54 - INFO - Model original-tda-bottom_left completed in 24.73 seconds.
2025-05-04 23:59:54 - INFO - >>> Model original-tda-bottom_left trained. Accuracy: 0.9732 (24.73 sec.)
2025-05-04 23:59:54 - INFO - Training model: top_right-original-bottom_right-top_left
2025-05-05 00:00:16 - INFO - Model top_right-original-bottom_right-top_left completed in 21.64 seconds.
2025-05-05 00:00:16 - INFO - >>> Model top_right-original-bottom_right-top_left trained. Accuracy: 0.9748 (21.64 sec.)
2025-05-05 00:00:16 - INFO - Training model: top_right-original-bottom_right-tda
2025-05-05 00:00:45 - INFO - Model top_right-original-bottom_right-tda completed in 29.27 seconds.
2025-05-05 00:00:45 - INFO - >>> Model top_right-original-bottom_right-tda trained. Accuracy: 0.9765 (29.27 sec.)
2025-05-05 00:00:45 - INFO - Training model: top_right-original-bottom_right-bottom_left
2025-05-05 00:01:06 - INFO - Model top_right-original-bottom_right-bottom_left completed in 20.93 seconds.
2025-05-05 00:01:06 - INFO - >>> Model top_right-original-bottom_right-bottom_left trained. Accuracy: 0.9728 (20.93 sec.)
2025-05-05 00:01:06 - INFO - Training model: top_right-original-top_left-tda
2025-05-05 00:01:34 - INFO - Model top_right-original-top_left-tda completed in 28.24 seconds.
2025-05-05 00:01:34 - INFO - >>> Model top_right-original-top_left-tda trained. Accuracy: 0.9765 (28.24 sec.)
2025-05-05 00:01:34 - INFO - Training model: top_right-original-top_left-bottom_left
2025-05-05 00:01:56 - INFO - Model top_right-original-top_left-bottom_left completed in 21.38 seconds.
2025-05-05 00:01:56 - INFO - >>> Model top_right-original-top_left-bottom_left trained. Accuracy: 0.9735 (21.38 sec.)
2025-05-05 00:01:56 - INFO - Training model: top_right-original-tda-bottom_left
2025-05-05 00:02:24 - INFO - Model top_right-original-tda-bottom_left completed in 28.72 seconds.
2025-05-05 00:02:24 - INFO - >>> Model top_right-original-tda-bottom_left trained. Accuracy: 0.9755 (28.72 sec.)
2025-05-05 00:02:24 - INFO - Training model: bottom_right-original-top_left-tda
2025-05-05 00:02:53 - INFO - Model bottom_right-original-top_left-tda completed in 28.69 seconds.
2025-05-05 00:02:53 - INFO - >>> Model bottom_right-original-top_left-tda trained. Accuracy: 0.9764 (28.69 sec.)
2025-05-05 00:02:53 - INFO - Training model: bottom_right-original-top_left-bottom_left
2025-05-05 00:03:15 - INFO - Model bottom_right-original-top_left-bottom_left completed in 21.48 seconds.
2025-05-05 00:03:15 - INFO - >>> Model bottom_right-original-top_left-bottom_left trained. Accuracy: 0.9741 (21.48 sec.)
2025-05-05 00:03:15 - INFO - Training model: bottom_right-original-tda-bottom_left
2025-05-05 00:03:44 - INFO - Model bottom_right-original-tda-bottom_left completed in 29.14 seconds.
2025-05-05 00:03:44 - INFO - >>> Model bottom_right-original-tda-bottom_left trained. Accuracy: 0.9756 (29.14 sec.)
2025-05-05 00:03:44 - INFO - Training model: original-top_left-tda-bottom_left
2025-05-05 00:04:13 - INFO - Model original-top_left-tda-bottom_left completed in 29.43 seconds.
2025-05-05 00:04:13 - INFO - >>> Model original-top_left-tda-bottom_left trained. Accuracy: 0.9744 (29.43 sec.)
2025-05-05 00:04:13 - INFO - Training model: top_right-original-bottom_right-top_left-tda
2025-05-05 00:04:47 - INFO - Model top_right-original-bottom_right-top_left-tda completed in 33.36 seconds.
2025-05-05 00:04:47 - INFO - >>> Model top_right-original-bottom_right-top_left-tda trained. Accuracy: 0.9767 (33.36 sec.)
2025-05-05 00:04:47 - INFO - Training model: top_right-original-bottom_right-top_left-bottom_left
2025-05-05 00:05:13 - INFO - Model top_right-original-bottom_right-top_left-bottom_left completed in 26.12 seconds.
2025-05-05 00:05:13 - INFO - >>> Model top_right-original-bottom_right-top_left-bottom_left trained. Accuracy: 0.9759 (26.12 sec.)
2025-05-05 00:05:13 - INFO - Training model: top_right-original-bottom_right-tda-bottom_left
2025-05-05 00:05:47 - INFO - Model top_right-original-bottom_right-tda-bottom_left completed in 34.18 seconds.
2025-05-05 00:05:47 - INFO - >>> Model top_right-original-bottom_right-tda-bottom_left trained. Accuracy: 0.9768 (34.18 sec.)
2025-05-05 00:05:47 - INFO - Training model: top_right-original-top_left-tda-bottom_left
2025-05-05 00:06:20 - INFO - Model top_right-original-top_left-tda-bottom_left completed in 33.09 seconds.
2025-05-05 00:06:20 - INFO - >>> Model top_right-original-top_left-tda-bottom_left trained. Accuracy: 0.9769 (33.09 sec.)
2025-05-05 00:06:20 - INFO - Training model: original-bottom_right-top_left-tda-bottom_left
2025-05-05 00:06:53 - INFO - Model original-bottom_right-top_left-tda-bottom_left completed in 33.20 seconds.
2025-05-05 00:06:53 - INFO - >>> Model original-bottom_right-top_left-tda-bottom_left trained. Accuracy: 0.9774 (33.20 sec.)
2025-05-05 00:06:53 - INFO - Training model: top_right-original-bottom_right-top_left-tda-bottom_left
2025-05-05 00:07:31 - INFO - Model top_right-original-bottom_right-top_left-tda-bottom_left completed in 37.66 seconds.
2025-05-05 00:07:31 - INFO - >>> Model top_right-original-bottom_right-top_left-tda-bottom_left trained. Accuracy: 0.9781 (37.66 sec.)
2025-05-05 00:07:31 - INFO - All models trained successfully.
2025-05-05 00:07:31 - INFO - ========== [Model Training Completed] in 12.11 minutes ==========
2025-05-05 00:07:31 - INFO - ========== [Experiment Training Complete] ==========
2025-05-05 00:07:31 - INFO - Results saved to /home/jovyan/Workspace/workspace_mnist/results/exp_noise_lines_30_trainsplit_vary_noise/experiment_trainsize_predictions_2025-05-05_00-07-31.json
2025-05-05 00:07:31 - INFO - Results successfully saved to /home/jovyan/Workspace/workspace_mnist/results/exp_noise_lines_30_trainsplit_vary_noise/experiment_trainsize_predictions_2025-05-05_00-07-31.json
2025-05-05 00:07:31 - INFO - Forced Garbage collection executed to Free Memory.
2025-05-05 00:07:31 - INFO - ========== [Experiment Completed] in 26.47 minutes ==========
