2025-05-03 13:46:20 - INFO - Logging initialized.
 Writing to /home/jovyan/Workspace/workspace_mnist/logs/exp_noise_lines_30_trainsplit_vary_noise/experiment_logs_2025-05-03_13-46-20.log
2025-05-03 13:46:20 - INFO - ========== [Experiment Start] ==========
2025-05-03 13:46:20 - INFO - Views combinations successfully generated.
2025-05-03 13:46:20 - INFO - Topological Data Analysis pipeline generated.
2025-05-03 13:46:20 - INFO - Folder to save results has been created.
2025-05-03 13:46:20 - INFO - Reading dataset from mnist_784.csv (chunk size: 70000).
2025-05-03 13:46:20 - INFO - Starting multiview data preparation for a chunk of size (70000, 784)...
2025-05-03 13:46:20 - INFO - Running using 20 jobs.
2025-05-03 13:46:20 - INFO - Contaminating dataset with lines, quantity=19, transparency=1.0.
2025-05-03 13:46:29 - INFO - Splitting data: 50.0% train / 20.0% test (random_state=402417678)
2025-05-03 13:46:30 - INFO - Using full training data without second split.
2025-05-03 13:46:30 - INFO - Data split complete. Train size: (56000, 784), Test size: (14000, 784)
2025-05-03 13:46:30 - INFO - Reshaping train and test data into square images...
2025-05-03 13:46:30 - INFO - Reshaping complete. Train images shape: (56000, 28, 28), Test images shape: (14000, 28, 28)
2025-05-03 13:46:30 - INFO - Splitting images into quadrant views...
2025-05-03 13:46:30 - INFO - Quadrant view splitting complete. Train views: 4, Test views: 4
2025-05-03 13:46:30 - INFO - Saving sample images for each view...
2025-05-03 13:46:30 - INFO - Sample views saved successfully.
2025-05-03 13:46:30 - INFO - Starting TDA pipeline transformation on train data...
2025-05-03 13:57:23 - INFO - TDA transformation for train completed (10.90 minutes).
2025-05-03 13:57:23 - INFO - Applying TDA pipeline transformation on test data...
2025-05-03 13:59:51 - INFO - TDA transformation for test completed (2.46 minutes).
2025-05-03 13:59:51 - INFO - ========== [Model Training Start] ==========
2025-05-03 13:59:51 - INFO - Training model: original
2025-05-03 13:59:53 - INFO - Model original completed in 1.85 seconds.
2025-05-03 13:59:53 - INFO - >>> Model original trained. Accuracy: 0.8981 (1.85 sec.)
2025-05-03 13:59:53 - INFO - Training model: top_right-original
2025-05-03 14:00:08 - INFO - Model top_right-original completed in 14.96 seconds.
2025-05-03 14:00:08 - INFO - >>> Model top_right-original trained. Accuracy: 0.9116 (14.96 sec.)
2025-05-03 14:00:08 - INFO - Training model: bottom_right-original
2025-05-03 14:00:23 - INFO - Model bottom_right-original completed in 14.90 seconds.
2025-05-03 14:00:23 - INFO - >>> Model bottom_right-original trained. Accuracy: 0.9092 (14.90 sec.)
2025-05-03 14:00:23 - INFO - Training model: original-top_left
2025-05-03 14:00:37 - INFO - Model original-top_left completed in 14.54 seconds.
2025-05-03 14:00:37 - INFO - >>> Model original-top_left trained. Accuracy: 0.9119 (14.54 sec.)
2025-05-03 14:00:37 - INFO - Training model: original-tda
2025-05-03 14:01:10 - INFO - Model original-tda completed in 32.82 seconds.
2025-05-03 14:01:10 - INFO - >>> Model original-tda trained. Accuracy: 0.9009 (32.82 sec.)
2025-05-03 14:01:10 - INFO - Training model: original-bottom_left
2025-05-03 14:01:25 - INFO - Model original-bottom_left completed in 15.17 seconds.
2025-05-03 14:01:25 - INFO - >>> Model original-bottom_left trained. Accuracy: 0.9085 (15.17 sec.)
2025-05-03 14:01:25 - INFO - Training model: top_right-original-bottom_right
2025-05-03 14:01:46 - INFO - Model top_right-original-bottom_right completed in 20.50 seconds.
2025-05-03 14:01:46 - INFO - >>> Model top_right-original-bottom_right trained. Accuracy: 0.9196 (20.50 sec.)
2025-05-03 14:01:46 - INFO - Training model: top_right-original-top_left
2025-05-03 14:02:06 - INFO - Model top_right-original-top_left completed in 20.35 seconds.
2025-05-03 14:02:06 - INFO - >>> Model top_right-original-top_left trained. Accuracy: 0.9193 (20.35 sec.)
2025-05-03 14:02:06 - INFO - Training model: top_right-original-tda
2025-05-03 14:02:45 - INFO - Model top_right-original-tda completed in 38.35 seconds.
2025-05-03 14:02:45 - INFO - >>> Model top_right-original-tda trained. Accuracy: 0.9106 (38.35 sec.)
2025-05-03 14:02:45 - INFO - Training model: top_right-original-bottom_left
2025-05-03 14:03:05 - INFO - Model top_right-original-bottom_left completed in 20.42 seconds.
2025-05-03 14:03:05 - INFO - >>> Model top_right-original-bottom_left trained. Accuracy: 0.9179 (20.42 sec.)
2025-05-03 14:03:05 - INFO - Training model: bottom_right-original-top_left
2025-05-03 14:03:25 - INFO - Model bottom_right-original-top_left completed in 20.19 seconds.
2025-05-03 14:03:25 - INFO - >>> Model bottom_right-original-top_left trained. Accuracy: 0.9180 (20.19 sec.)
2025-05-03 14:03:25 - INFO - Training model: bottom_right-original-tda
2025-05-03 14:04:04 - INFO - Model bottom_right-original-tda completed in 38.37 seconds.
2025-05-03 14:04:04 - INFO - >>> Model bottom_right-original-tda trained. Accuracy: 0.9057 (38.37 sec.)
2025-05-03 14:04:04 - INFO - Training model: bottom_right-original-bottom_left
2025-05-03 14:04:25 - INFO - Model bottom_right-original-bottom_left completed in 21.26 seconds.
2025-05-03 14:04:25 - INFO - >>> Model bottom_right-original-bottom_left trained. Accuracy: 0.9157 (21.26 sec.)
2025-05-03 14:04:25 - INFO - Training model: original-top_left-tda
2025-05-03 14:05:02 - INFO - Model original-top_left-tda completed in 37.42 seconds.
2025-05-03 14:05:02 - INFO - >>> Model original-top_left-tda trained. Accuracy: 0.9087 (37.42 sec.)
2025-05-03 14:05:02 - INFO - Training model: original-top_left-bottom_left
2025-05-03 14:05:22 - INFO - Model original-top_left-bottom_left completed in 20.12 seconds.
2025-05-03 14:05:22 - INFO - >>> Model original-top_left-bottom_left trained. Accuracy: 0.9176 (20.12 sec.)
2025-05-03 14:05:22 - INFO - Training model: original-tda-bottom_left
2025-05-03 14:06:00 - INFO - Model original-tda-bottom_left completed in 38.11 seconds.
2025-05-03 14:06:00 - INFO - >>> Model original-tda-bottom_left trained. Accuracy: 0.9060 (38.11 sec.)
2025-05-03 14:06:00 - INFO - Training model: top_right-original-bottom_right-top_left
2025-05-03 14:06:26 - INFO - Model top_right-original-bottom_right-top_left completed in 25.71 seconds.
2025-05-03 14:06:26 - INFO - >>> Model top_right-original-bottom_right-top_left trained. Accuracy: 0.9281 (25.71 sec.)
2025-05-03 14:06:26 - INFO - Training model: top_right-original-bottom_right-tda
2025-05-03 14:07:09 - INFO - Model top_right-original-bottom_right-tda completed in 42.64 seconds.
2025-05-03 14:07:09 - INFO - >>> Model top_right-original-bottom_right-tda trained. Accuracy: 0.9181 (42.64 sec.)
2025-05-03 14:07:09 - INFO - Training model: top_right-original-bottom_right-bottom_left
2025-05-03 14:07:35 - INFO - Model top_right-original-bottom_right-bottom_left completed in 25.89 seconds.
2025-05-03 14:07:35 - INFO - >>> Model top_right-original-bottom_right-bottom_left trained. Accuracy: 0.9268 (25.89 sec.)
2025-05-03 14:07:35 - INFO - Training model: top_right-original-top_left-tda
2025-05-03 14:08:17 - INFO - Model top_right-original-top_left-tda completed in 42.49 seconds.
2025-05-03 14:08:17 - INFO - >>> Model top_right-original-top_left-tda trained. Accuracy: 0.9172 (42.49 sec.)
2025-05-03 14:08:17 - INFO - Training model: top_right-original-top_left-bottom_left
2025-05-03 14:08:43 - INFO - Model top_right-original-top_left-bottom_left completed in 25.48 seconds.
2025-05-03 14:08:43 - INFO - >>> Model top_right-original-top_left-bottom_left trained. Accuracy: 0.9279 (25.48 sec.)
2025-05-03 14:08:43 - INFO - Training model: top_right-original-tda-bottom_left
2025-05-03 14:09:26 - INFO - Model top_right-original-tda-bottom_left completed in 43.33 seconds.
2025-05-03 14:09:26 - INFO - >>> Model top_right-original-tda-bottom_left trained. Accuracy: 0.9164 (43.33 sec.)
2025-05-03 14:09:26 - INFO - Training model: bottom_right-original-top_left-tda
2025-05-03 14:10:09 - INFO - Model bottom_right-original-top_left-tda completed in 42.46 seconds.
2025-05-03 14:10:09 - INFO - >>> Model bottom_right-original-top_left-tda trained. Accuracy: 0.9147 (42.46 sec.)
2025-05-03 14:10:09 - INFO - Training model: bottom_right-original-top_left-bottom_left
2025-05-03 14:10:34 - INFO - Model bottom_right-original-top_left-bottom_left completed in 25.69 seconds.
2025-05-03 14:10:34 - INFO - >>> Model bottom_right-original-top_left-bottom_left trained. Accuracy: 0.9253 (25.69 sec.)
2025-05-03 14:10:34 - INFO - Training model: bottom_right-original-tda-bottom_left
2025-05-03 14:11:18 - INFO - Model bottom_right-original-tda-bottom_left completed in 43.64 seconds.
2025-05-03 14:11:18 - INFO - >>> Model bottom_right-original-tda-bottom_left trained. Accuracy: 0.9127 (43.64 sec.)
2025-05-03 14:11:18 - INFO - Training model: original-top_left-tda-bottom_left
2025-05-03 14:12:00 - INFO - Model original-top_left-tda-bottom_left completed in 42.51 seconds.
2025-05-03 14:12:00 - INFO - >>> Model original-top_left-tda-bottom_left trained. Accuracy: 0.9157 (42.51 sec.)
2025-05-03 14:12:00 - INFO - Training model: top_right-original-bottom_right-top_left-tda
2025-05-03 14:12:48 - INFO - Model top_right-original-bottom_right-top_left-tda completed in 48.13 seconds.
2025-05-03 14:12:48 - INFO - >>> Model top_right-original-bottom_right-top_left-tda trained. Accuracy: 0.9250 (48.13 sec.)
2025-05-03 14:12:48 - INFO - Training model: top_right-original-bottom_right-top_left-bottom_left
2025-05-03 14:13:20 - INFO - Model top_right-original-bottom_right-top_left-bottom_left completed in 31.27 seconds.
2025-05-03 14:13:20 - INFO - >>> Model top_right-original-bottom_right-top_left-bottom_left trained. Accuracy: 0.9362 (31.27 sec.)
2025-05-03 14:13:20 - INFO - Training model: top_right-original-bottom_right-tda-bottom_left
2025-05-03 14:14:08 - INFO - Model top_right-original-bottom_right-tda-bottom_left completed in 48.63 seconds.
2025-05-03 14:14:08 - INFO - >>> Model top_right-original-bottom_right-tda-bottom_left trained. Accuracy: 0.9234 (48.63 sec.)
2025-05-03 14:14:08 - INFO - Training model: top_right-original-top_left-tda-bottom_left
2025-05-03 14:14:57 - INFO - Model top_right-original-top_left-tda-bottom_left completed in 48.46 seconds.
2025-05-03 14:14:57 - INFO - >>> Model top_right-original-top_left-tda-bottom_left trained. Accuracy: 0.9246 (48.46 sec.)
2025-05-03 14:14:57 - INFO - Training model: original-bottom_right-top_left-tda-bottom_left
2025-05-03 14:15:46 - INFO - Model original-bottom_right-top_left-tda-bottom_left completed in 48.69 seconds.
2025-05-03 14:15:46 - INFO - >>> Model original-bottom_right-top_left-tda-bottom_left trained. Accuracy: 0.9225 (48.69 sec.)
2025-05-03 14:15:46 - INFO - Training model: top_right-original-bottom_right-top_left-tda-bottom_left
2025-05-03 14:16:40 - INFO - Model top_right-original-bottom_right-top_left-tda-bottom_left completed in 54.07 seconds.
2025-05-03 14:16:40 - INFO - >>> Model top_right-original-bottom_right-top_left-tda-bottom_left trained. Accuracy: 0.9344 (54.07 sec.)
2025-05-03 14:16:40 - INFO - All models trained successfully.
2025-05-03 14:16:40 - INFO - ========== [Model Training Completed] in 16.81 minutes ==========
2025-05-03 14:16:40 - INFO - ========== [Experiment Training Complete] ==========
2025-05-03 14:16:40 - INFO - Results saved to /home/jovyan/Workspace/workspace_mnist/results/exp_noise_lines_30_trainsplit_vary_noise/experiment_trainsize_predictions_2025-05-03_14-16-40.json
2025-05-03 14:16:40 - INFO - Results successfully saved to /home/jovyan/Workspace/workspace_mnist/results/exp_noise_lines_30_trainsplit_vary_noise/experiment_trainsize_predictions_2025-05-03_14-16-40.json
2025-05-03 14:16:40 - INFO - Forced Garbage collection executed to Free Memory.
2025-05-03 14:16:40 - INFO - ========== [Experiment Completed] in 30.34 minutes ==========
