2025-05-03 06:43:45 - INFO - Logging initialized.
 Writing to /home/jovyan/Workspace/workspace_mnist/logs/exp_noise_lines_30_trainsplit_vary_noise/experiment_logs_2025-05-03_06-43-45.log
2025-05-03 06:43:45 - INFO - ========== [Experiment Start] ==========
2025-05-03 06:43:45 - INFO - Views combinations successfully generated.
2025-05-03 06:43:45 - INFO - Topological Data Analysis pipeline generated.
2025-05-03 06:43:45 - INFO - Folder to save results has been created.
2025-05-03 06:43:45 - INFO - Reading dataset from mnist_784.csv (chunk size: 70000).
2025-05-03 06:43:46 - INFO - Starting multiview data preparation for a chunk of size (70000, 784)...
2025-05-03 06:43:46 - INFO - Running using 20 jobs.
2025-05-03 06:43:46 - INFO - Contaminating dataset with lines, quantity=41, transparency=1.0.
2025-05-03 06:44:03 - INFO - Splitting data: 50.0% train / 20.0% test (random_state=101577605)
2025-05-03 06:44:03 - INFO - Using full training data without second split.
2025-05-03 06:44:03 - INFO - Data split complete. Train size: (56000, 784), Test size: (14000, 784)
2025-05-03 06:44:03 - INFO - Reshaping train and test data into square images...
2025-05-03 06:44:03 - INFO - Reshaping complete. Train images shape: (56000, 28, 28), Test images shape: (14000, 28, 28)
2025-05-03 06:44:03 - INFO - Splitting images into quadrant views...
2025-05-03 06:44:03 - INFO - Quadrant view splitting complete. Train views: 4, Test views: 4
2025-05-03 06:44:03 - INFO - Saving sample images for each view...
2025-05-03 06:44:03 - INFO - Sample views saved successfully.
2025-05-03 06:44:03 - INFO - Starting TDA pipeline transformation on train data...
2025-05-03 06:54:15 - INFO - TDA transformation for train completed (10.20 minutes).
2025-05-03 06:54:15 - INFO - Applying TDA pipeline transformation on test data...
2025-05-03 06:57:21 - INFO - TDA transformation for test completed (3.10 minutes).
2025-05-03 06:57:21 - INFO - ========== [Model Training Start] ==========
2025-05-03 06:57:21 - INFO - Training model: original
2025-05-03 06:57:24 - INFO - Model original completed in 3.21 seconds.
2025-05-03 06:57:24 - INFO - >>> Model original trained. Accuracy: 0.8104 (3.21 sec.)
2025-05-03 06:57:24 - INFO - Training model: top_right-original
2025-05-03 06:57:48 - INFO - Model top_right-original completed in 23.31 seconds.
2025-05-03 06:57:48 - INFO - >>> Model top_right-original trained. Accuracy: 0.8386 (23.31 sec.)
2025-05-03 06:57:48 - INFO - Training model: bottom_right-original
2025-05-03 06:58:11 - INFO - Model bottom_right-original completed in 23.56 seconds.
2025-05-03 06:58:11 - INFO - >>> Model bottom_right-original trained. Accuracy: 0.8302 (23.56 sec.)
2025-05-03 06:58:11 - INFO - Training model: original-top_left
2025-05-03 06:58:34 - INFO - Model original-top_left completed in 23.09 seconds.
2025-05-03 06:58:34 - INFO - >>> Model original-top_left trained. Accuracy: 0.8336 (23.09 sec.)
2025-05-03 06:58:34 - INFO - Training model: original-tda
2025-05-03 06:59:17 - INFO - Model original-tda completed in 42.56 seconds.
2025-05-03 06:59:17 - INFO - >>> Model original-tda trained. Accuracy: 0.8159 (42.56 sec.)
2025-05-03 06:59:17 - INFO - Training model: original-bottom_left
2025-05-03 06:59:40 - INFO - Model original-bottom_left completed in 23.28 seconds.
2025-05-03 06:59:40 - INFO - >>> Model original-bottom_left trained. Accuracy: 0.8256 (23.28 sec.)
2025-05-03 06:59:40 - INFO - Training model: top_right-original-bottom_right
2025-05-03 07:00:12 - INFO - Model top_right-original-bottom_right completed in 32.29 seconds.
2025-05-03 07:00:12 - INFO - >>> Model top_right-original-bottom_right trained. Accuracy: 0.8515 (32.29 sec.)
2025-05-03 07:00:12 - INFO - Training model: top_right-original-top_left
2025-05-03 07:00:43 - INFO - Model top_right-original-top_left completed in 30.97 seconds.
2025-05-03 07:00:43 - INFO - >>> Model top_right-original-top_left trained. Accuracy: 0.8521 (30.97 sec.)
2025-05-03 07:00:43 - INFO - Training model: top_right-original-tda
2025-05-03 07:01:35 - INFO - Model top_right-original-tda completed in 51.17 seconds.
2025-05-03 07:01:35 - INFO - >>> Model top_right-original-tda trained. Accuracy: 0.8339 (51.17 sec.)
2025-05-03 07:01:35 - INFO - Training model: top_right-original-bottom_left
2025-05-03 07:02:06 - INFO - Model top_right-original-bottom_left completed in 30.98 seconds.
2025-05-03 07:02:06 - INFO - >>> Model top_right-original-bottom_left trained. Accuracy: 0.8499 (30.98 sec.)
2025-05-03 07:02:06 - INFO - Training model: bottom_right-original-top_left
2025-05-03 07:02:33 - INFO - Model bottom_right-original-top_left completed in 27.92 seconds.
2025-05-03 07:02:33 - INFO - >>> Model bottom_right-original-top_left trained. Accuracy: 0.8464 (27.92 sec.)
2025-05-03 07:02:33 - INFO - Training model: bottom_right-original-tda
2025-05-03 07:03:14 - INFO - Model bottom_right-original-tda completed in 40.06 seconds.
2025-05-03 07:03:14 - INFO - >>> Model bottom_right-original-tda trained. Accuracy: 0.8283 (40.06 sec.)
2025-05-03 07:03:14 - INFO - Training model: bottom_right-original-bottom_left
2025-05-03 07:03:37 - INFO - Model bottom_right-original-bottom_left completed in 23.28 seconds.
2025-05-03 07:03:37 - INFO - >>> Model bottom_right-original-bottom_left trained. Accuracy: 0.8400 (23.28 sec.)
2025-05-03 07:03:37 - INFO - Training model: original-top_left-tda
2025-05-03 07:04:17 - INFO - Model original-top_left-tda completed in 39.87 seconds.
2025-05-03 07:04:17 - INFO - >>> Model original-top_left-tda trained. Accuracy: 0.8304 (39.87 sec.)
2025-05-03 07:04:17 - INFO - Training model: original-top_left-bottom_left
2025-05-03 07:04:40 - INFO - Model original-top_left-bottom_left completed in 23.19 seconds.
2025-05-03 07:04:40 - INFO - >>> Model original-top_left-bottom_left trained. Accuracy: 0.8470 (23.19 sec.)
2025-05-03 07:04:40 - INFO - Training model: original-tda-bottom_left
2025-05-03 07:05:20 - INFO - Model original-tda-bottom_left completed in 40.20 seconds.
2025-05-03 07:05:20 - INFO - >>> Model original-tda-bottom_left trained. Accuracy: 0.8249 (40.20 sec.)
2025-05-03 07:05:20 - INFO - Training model: top_right-original-bottom_right-top_left
2025-05-03 07:05:49 - INFO - Model top_right-original-bottom_right-top_left completed in 28.82 seconds.
2025-05-03 07:05:49 - INFO - >>> Model top_right-original-bottom_right-top_left trained. Accuracy: 0.8649 (28.82 sec.)
2025-05-03 07:05:49 - INFO - Training model: top_right-original-bottom_right-tda
2025-05-03 07:06:35 - INFO - Model top_right-original-bottom_right-tda completed in 46.28 seconds.
2025-05-03 07:06:35 - INFO - >>> Model top_right-original-bottom_right-tda trained. Accuracy: 0.8458 (46.28 sec.)
2025-05-03 07:06:35 - INFO - Training model: top_right-original-bottom_right-bottom_left
2025-05-03 07:07:04 - INFO - Model top_right-original-bottom_right-bottom_left completed in 29.02 seconds.
2025-05-03 07:07:04 - INFO - >>> Model top_right-original-bottom_right-bottom_left trained. Accuracy: 0.8626 (29.02 sec.)
2025-05-03 07:07:04 - INFO - Training model: top_right-original-top_left-tda
2025-05-03 07:07:50 - INFO - Model top_right-original-top_left-tda completed in 45.50 seconds.
2025-05-03 07:07:50 - INFO - >>> Model top_right-original-top_left-tda trained. Accuracy: 0.8496 (45.50 sec.)
2025-05-03 07:07:50 - INFO - Training model: top_right-original-top_left-bottom_left
2025-05-03 07:08:21 - INFO - Model top_right-original-top_left-bottom_left completed in 31.26 seconds.
2025-05-03 07:08:21 - INFO - >>> Model top_right-original-top_left-bottom_left trained. Accuracy: 0.8706 (31.26 sec.)
2025-05-03 07:08:21 - INFO - Training model: top_right-original-tda-bottom_left
2025-05-03 07:09:11 - INFO - Model top_right-original-tda-bottom_left completed in 49.89 seconds.
2025-05-03 07:09:11 - INFO - >>> Model top_right-original-tda-bottom_left trained. Accuracy: 0.8467 (49.89 sec.)
2025-05-03 07:09:11 - INFO - Training model: bottom_right-original-top_left-tda
2025-05-03 07:10:01 - INFO - Model bottom_right-original-top_left-tda completed in 50.38 seconds.
2025-05-03 07:10:01 - INFO - >>> Model bottom_right-original-top_left-tda trained. Accuracy: 0.8406 (50.38 sec.)
2025-05-03 07:10:01 - INFO - Training model: bottom_right-original-top_left-bottom_left
2025-05-03 07:10:34 - INFO - Model bottom_right-original-top_left-bottom_left completed in 32.59 seconds.
2025-05-03 07:10:34 - INFO - >>> Model bottom_right-original-top_left-bottom_left trained. Accuracy: 0.8603 (32.59 sec.)
2025-05-03 07:10:34 - INFO - Training model: bottom_right-original-tda-bottom_left
2025-05-03 07:11:24 - INFO - Model bottom_right-original-tda-bottom_left completed in 49.88 seconds.
2025-05-03 07:11:24 - INFO - >>> Model bottom_right-original-tda-bottom_left trained. Accuracy: 0.8359 (49.88 sec.)
2025-05-03 07:11:24 - INFO - Training model: original-top_left-tda-bottom_left
2025-05-03 07:12:14 - INFO - Model original-top_left-tda-bottom_left completed in 50.51 seconds.
2025-05-03 07:12:14 - INFO - >>> Model original-top_left-tda-bottom_left trained. Accuracy: 0.8427 (50.51 sec.)
2025-05-03 07:12:14 - INFO - Training model: top_right-original-bottom_right-top_left-tda
2025-05-03 07:13:18 - INFO - Model top_right-original-bottom_right-top_left-tda completed in 63.88 seconds.
2025-05-03 07:13:18 - INFO - >>> Model top_right-original-bottom_right-top_left-tda trained. Accuracy: 0.8615 (63.88 sec.)
2025-05-03 07:13:18 - INFO - Training model: top_right-original-bottom_right-top_left-bottom_left
2025-05-03 07:14:04 - INFO - Model top_right-original-bottom_right-top_left-bottom_left completed in 45.59 seconds.
2025-05-03 07:14:04 - INFO - >>> Model top_right-original-bottom_right-top_left-bottom_left trained. Accuracy: 0.8804 (45.59 sec.)
2025-05-03 07:14:04 - INFO - Training model: top_right-original-bottom_right-tda-bottom_left
2025-05-03 07:15:09 - INFO - Model top_right-original-bottom_right-tda-bottom_left completed in 65.63 seconds.
2025-05-03 07:15:09 - INFO - >>> Model top_right-original-bottom_right-tda-bottom_left trained. Accuracy: 0.8584 (65.63 sec.)
2025-05-03 07:15:09 - INFO - Training model: top_right-original-top_left-tda-bottom_left
2025-05-03 07:16:15 - INFO - Model top_right-original-top_left-tda-bottom_left completed in 65.32 seconds.
2025-05-03 07:16:15 - INFO - >>> Model top_right-original-top_left-tda-bottom_left trained. Accuracy: 0.8661 (65.32 sec.)
2025-05-03 07:16:15 - INFO - Training model: original-bottom_right-top_left-tda-bottom_left
2025-05-03 07:17:18 - INFO - Model original-bottom_right-top_left-tda-bottom_left completed in 63.77 seconds.
2025-05-03 07:17:18 - INFO - >>> Model original-bottom_right-top_left-tda-bottom_left trained. Accuracy: 0.8565 (63.77 sec.)
2025-05-03 07:17:18 - INFO - Training model: top_right-original-bottom_right-top_left-tda-bottom_left
2025-05-03 07:18:30 - INFO - Model top_right-original-bottom_right-top_left-tda-bottom_left completed in 71.38 seconds.
2025-05-03 07:18:30 - INFO - >>> Model top_right-original-bottom_right-top_left-tda-bottom_left trained. Accuracy: 0.8749 (71.38 sec.)
2025-05-03 07:18:30 - INFO - All models trained successfully.
2025-05-03 07:18:30 - INFO - ========== [Model Training Completed] in 21.15 minutes ==========
2025-05-03 07:18:30 - INFO - ========== [Experiment Training Complete] ==========
2025-05-03 07:18:30 - INFO - Results saved to /home/jovyan/Workspace/workspace_mnist/results/exp_noise_lines_30_trainsplit_vary_noise/experiment_trainsize_predictions_2025-05-03_07-18-30.json
2025-05-03 07:18:30 - INFO - Results successfully saved to /home/jovyan/Workspace/workspace_mnist/results/exp_noise_lines_30_trainsplit_vary_noise/experiment_trainsize_predictions_2025-05-03_07-18-30.json
2025-05-03 07:18:30 - INFO - Forced Garbage collection executed to Free Memory.
2025-05-03 07:18:30 - INFO - ========== [Experiment Completed] in 34.75 minutes ==========
