2025-05-01 02:17:05 - INFO - Logging initialized.
 Writing to /home/jovyan/Workspace/workspace_mnist/logs/exp_noise_lines_30_trainsplit_vary_noise/experiment_logs_2025-05-01_02-17-05.log
2025-05-01 02:17:05 - INFO - ========== [Experiment Start] ==========
2025-05-01 02:17:05 - INFO - Views combinations successfully generated.
2025-05-01 02:17:05 - INFO - Topological Data Analysis pipeline generated.
2025-05-01 02:17:05 - INFO - Folder to save results has been created.
2025-05-01 02:17:05 - INFO - Reading dataset from mnist_784.csv (chunk size: 70000).
2025-05-01 02:17:06 - INFO - Starting multiview data preparation for a chunk of size (70000, 784)...
2025-05-01 02:17:06 - INFO - Running using 20 jobs.
2025-05-01 02:17:06 - INFO - Contaminating dataset with lines, quantity=35, transparency=1.0.
2025-05-01 02:17:21 - INFO - Splitting data: 50.0% train / 20.0% test (random_state=999719309)
2025-05-01 02:17:21 - INFO - Using full training data without second split.
2025-05-01 02:17:21 - INFO - Data split complete. Train size: (56000, 784), Test size: (14000, 784)
2025-05-01 02:17:21 - INFO - Reshaping train and test data into square images...
2025-05-01 02:17:21 - INFO - Reshaping complete. Train images shape: (56000, 28, 28), Test images shape: (14000, 28, 28)
2025-05-01 02:17:21 - INFO - Splitting images into quadrant views...
2025-05-01 02:17:21 - INFO - Quadrant view splitting complete. Train views: 4, Test views: 4
2025-05-01 02:17:21 - INFO - Saving sample images for each view...
2025-05-01 02:17:21 - INFO - Sample views saved successfully.
2025-05-01 02:17:21 - INFO - Starting TDA pipeline transformation on train data...
2025-05-01 02:27:59 - INFO - TDA transformation for train completed (10.63 minutes).
2025-05-01 02:27:59 - INFO - Applying TDA pipeline transformation on test data...
2025-05-01 02:30:34 - INFO - TDA transformation for test completed (2.58 minutes).
2025-05-01 02:30:34 - INFO - ========== [Model Training Start] ==========
2025-05-01 02:30:34 - INFO - Training model: original
2025-05-01 02:30:36 - INFO - Model original completed in 2.08 seconds.
2025-05-01 02:30:36 - INFO - >>> Model original trained. Accuracy: 0.8390 (2.08 sec.)
2025-05-01 02:30:36 - INFO - Training model: top_right-original
2025-05-01 02:30:52 - INFO - Model top_right-original completed in 16.34 seconds.
2025-05-01 02:30:52 - INFO - >>> Model top_right-original trained. Accuracy: 0.8599 (16.34 sec.)
2025-05-01 02:30:52 - INFO - Training model: bottom_right-original
2025-05-01 02:31:09 - INFO - Model bottom_right-original completed in 16.52 seconds.
2025-05-01 02:31:09 - INFO - >>> Model bottom_right-original trained. Accuracy: 0.8529 (16.52 sec.)
2025-05-01 02:31:09 - INFO - Training model: original-top_left
2025-05-01 02:31:25 - INFO - Model original-top_left completed in 16.08 seconds.
2025-05-01 02:31:25 - INFO - >>> Model original-top_left trained. Accuracy: 0.8601 (16.08 sec.)
2025-05-01 02:31:25 - INFO - Training model: original-tda
2025-05-01 02:31:59 - INFO - Model original-tda completed in 33.83 seconds.
2025-05-01 02:31:59 - INFO - >>> Model original-tda trained. Accuracy: 0.8411 (33.83 sec.)
2025-05-01 02:31:59 - INFO - Training model: original-bottom_left
2025-05-01 02:32:15 - INFO - Model original-bottom_left completed in 16.56 seconds.
2025-05-01 02:32:15 - INFO - >>> Model original-bottom_left trained. Accuracy: 0.8548 (16.56 sec.)
2025-05-01 02:32:15 - INFO - Training model: top_right-original-bottom_right
2025-05-01 02:32:38 - INFO - Model top_right-original-bottom_right completed in 22.70 seconds.
2025-05-01 02:32:38 - INFO - >>> Model top_right-original-bottom_right trained. Accuracy: 0.8690 (22.70 sec.)
2025-05-01 02:32:38 - INFO - Training model: top_right-original-top_left
2025-05-01 02:33:00 - INFO - Model top_right-original-top_left completed in 21.99 seconds.
2025-05-01 02:33:00 - INFO - >>> Model top_right-original-top_left trained. Accuracy: 0.8713 (21.99 sec.)
2025-05-01 02:33:00 - INFO - Training model: top_right-original-tda
2025-05-01 02:33:40 - INFO - Model top_right-original-tda completed in 39.50 seconds.
2025-05-01 02:33:40 - INFO - >>> Model top_right-original-tda trained. Accuracy: 0.8583 (39.50 sec.)
2025-05-01 02:33:40 - INFO - Training model: top_right-original-bottom_left
2025-05-01 02:34:02 - INFO - Model top_right-original-bottom_left completed in 22.50 seconds.
2025-05-01 02:34:02 - INFO - >>> Model top_right-original-bottom_left trained. Accuracy: 0.8706 (22.50 sec.)
2025-05-01 02:34:02 - INFO - Training model: bottom_right-original-top_left
2025-05-01 02:34:24 - INFO - Model bottom_right-original-top_left completed in 21.59 seconds.
2025-05-01 02:34:24 - INFO - >>> Model bottom_right-original-top_left trained. Accuracy: 0.8665 (21.59 sec.)
2025-05-01 02:34:24 - INFO - Training model: bottom_right-original-tda
2025-05-01 02:35:03 - INFO - Model bottom_right-original-tda completed in 39.00 seconds.
2025-05-01 02:35:03 - INFO - >>> Model bottom_right-original-tda trained. Accuracy: 0.8477 (39.00 sec.)
2025-05-01 02:35:03 - INFO - Training model: bottom_right-original-bottom_left
2025-05-01 02:35:25 - INFO - Model bottom_right-original-bottom_left completed in 22.35 seconds.
2025-05-01 02:35:25 - INFO - >>> Model bottom_right-original-bottom_left trained. Accuracy: 0.8626 (22.35 sec.)
2025-05-01 02:35:25 - INFO - Training model: original-top_left-tda
2025-05-01 02:36:04 - INFO - Model original-top_left-tda completed in 39.03 seconds.
2025-05-01 02:36:04 - INFO - >>> Model original-top_left-tda trained. Accuracy: 0.8541 (39.03 sec.)
2025-05-01 02:36:04 - INFO - Training model: original-top_left-bottom_left
2025-05-01 02:36:26 - INFO - Model original-top_left-bottom_left completed in 21.83 seconds.
2025-05-01 02:36:26 - INFO - >>> Model original-top_left-bottom_left trained. Accuracy: 0.8703 (21.83 sec.)
2025-05-01 02:36:26 - INFO - Training model: original-tda-bottom_left
2025-05-01 02:37:06 - INFO - Model original-tda-bottom_left completed in 39.59 seconds.
2025-05-01 02:37:06 - INFO - >>> Model original-tda-bottom_left trained. Accuracy: 0.8504 (39.59 sec.)
2025-05-01 02:37:06 - INFO - Training model: top_right-original-bottom_right-top_left
2025-05-01 02:37:34 - INFO - Model top_right-original-bottom_right-top_left completed in 28.19 seconds.
2025-05-01 02:37:34 - INFO - >>> Model top_right-original-bottom_right-top_left trained. Accuracy: 0.8813 (28.19 sec.)
2025-05-01 02:37:34 - INFO - Training model: top_right-original-bottom_right-tda
2025-05-01 02:38:19 - INFO - Model top_right-original-bottom_right-tda completed in 45.40 seconds.
2025-05-01 02:38:19 - INFO - >>> Model top_right-original-bottom_right-tda trained. Accuracy: 0.8658 (45.40 sec.)
2025-05-01 02:38:19 - INFO - Training model: top_right-original-bottom_right-bottom_left
2025-05-01 02:38:48 - INFO - Model top_right-original-bottom_right-bottom_left completed in 28.71 seconds.
2025-05-01 02:38:48 - INFO - >>> Model top_right-original-bottom_right-bottom_left trained. Accuracy: 0.8819 (28.71 sec.)
2025-05-01 02:38:48 - INFO - Training model: top_right-original-top_left-tda
2025-05-01 02:39:34 - INFO - Model top_right-original-top_left-tda completed in 45.92 seconds.
2025-05-01 02:39:34 - INFO - >>> Model top_right-original-top_left-tda trained. Accuracy: 0.8703 (45.92 sec.)
2025-05-01 02:39:34 - INFO - Training model: top_right-original-top_left-bottom_left
2025-05-01 02:40:01 - INFO - Model top_right-original-top_left-bottom_left completed in 27.61 seconds.
2025-05-01 02:40:01 - INFO - >>> Model top_right-original-top_left-bottom_left trained. Accuracy: 0.8869 (27.61 sec.)
2025-05-01 02:40:01 - INFO - Training model: top_right-original-tda-bottom_left
2025-05-01 02:40:47 - INFO - Model top_right-original-tda-bottom_left completed in 45.38 seconds.
2025-05-01 02:40:47 - INFO - >>> Model top_right-original-tda-bottom_left trained. Accuracy: 0.8682 (45.38 sec.)
2025-05-01 02:40:47 - INFO - Training model: bottom_right-original-top_left-tda
2025-05-01 02:41:32 - INFO - Model bottom_right-original-top_left-tda completed in 45.12 seconds.
2025-05-01 02:41:32 - INFO - >>> Model bottom_right-original-top_left-tda trained. Accuracy: 0.8629 (45.12 sec.)
2025-05-01 02:41:32 - INFO - Training model: bottom_right-original-top_left-bottom_left
2025-05-01 02:41:59 - INFO - Model bottom_right-original-top_left-bottom_left completed in 27.32 seconds.
2025-05-01 02:41:59 - INFO - >>> Model bottom_right-original-top_left-bottom_left trained. Accuracy: 0.8781 (27.32 sec.)
2025-05-01 02:41:59 - INFO - Training model: bottom_right-original-tda-bottom_left
2025-05-01 02:42:44 - INFO - Model bottom_right-original-tda-bottom_left completed in 45.23 seconds.
2025-05-01 02:42:44 - INFO - >>> Model bottom_right-original-tda-bottom_left trained. Accuracy: 0.8596 (45.23 sec.)
2025-05-01 02:42:44 - INFO - Training model: original-top_left-tda-bottom_left
2025-05-01 02:43:30 - INFO - Model original-top_left-tda-bottom_left completed in 45.34 seconds.
2025-05-01 02:43:30 - INFO - >>> Model original-top_left-tda-bottom_left trained. Accuracy: 0.8662 (45.34 sec.)
2025-05-01 02:43:30 - INFO - Training model: top_right-original-bottom_right-top_left-tda
2025-05-01 02:44:21 - INFO - Model top_right-original-bottom_right-top_left-tda completed in 51.15 seconds.
2025-05-01 02:44:21 - INFO - >>> Model top_right-original-bottom_right-top_left-tda trained. Accuracy: 0.8794 (51.15 sec.)
2025-05-01 02:44:21 - INFO - Training model: top_right-original-bottom_right-top_left-bottom_left
2025-05-01 02:44:55 - INFO - Model top_right-original-bottom_right-top_left-bottom_left completed in 34.23 seconds.
2025-05-01 02:44:55 - INFO - >>> Model top_right-original-bottom_right-top_left-bottom_left trained. Accuracy: 0.8964 (34.23 sec.)
2025-05-01 02:44:55 - INFO - Training model: top_right-original-bottom_right-tda-bottom_left
2025-05-01 02:45:47 - INFO - Model top_right-original-bottom_right-tda-bottom_left completed in 51.76 seconds.
2025-05-01 02:45:47 - INFO - >>> Model top_right-original-bottom_right-tda-bottom_left trained. Accuracy: 0.8784 (51.76 sec.)
2025-05-01 02:45:47 - INFO - Training model: top_right-original-top_left-tda-bottom_left
2025-05-01 02:46:38 - INFO - Model top_right-original-top_left-tda-bottom_left completed in 50.76 seconds.
2025-05-01 02:46:38 - INFO - >>> Model top_right-original-top_left-tda-bottom_left trained. Accuracy: 0.8854 (50.76 sec.)
2025-05-01 02:46:38 - INFO - Training model: original-bottom_right-top_left-tda-bottom_left
2025-05-01 02:47:28 - INFO - Model original-bottom_right-top_left-tda-bottom_left completed in 50.68 seconds.
2025-05-01 02:47:28 - INFO - >>> Model original-bottom_right-top_left-tda-bottom_left trained. Accuracy: 0.8746 (50.68 sec.)
2025-05-01 02:47:28 - INFO - Training model: top_right-original-bottom_right-top_left-tda-bottom_left
2025-05-01 02:48:26 - INFO - Model top_right-original-bottom_right-top_left-tda-bottom_left completed in 57.17 seconds.
2025-05-01 02:48:26 - INFO - >>> Model top_right-original-bottom_right-top_left-tda-bottom_left trained. Accuracy: 0.8939 (57.17 sec.)
2025-05-01 02:48:26 - INFO - All models trained successfully.
2025-05-01 02:48:26 - INFO - ========== [Model Training Completed] in 17.86 minutes ==========
2025-05-01 02:48:26 - INFO - ========== [Experiment Training Complete] ==========
2025-05-01 02:48:26 - INFO - Results saved to /home/jovyan/Workspace/workspace_mnist/results/exp_noise_lines_30_trainsplit_vary_noise/experiment_trainsize_predictions_2025-05-01_02-48-26.json
2025-05-01 02:48:26 - INFO - Results successfully saved to /home/jovyan/Workspace/workspace_mnist/results/exp_noise_lines_30_trainsplit_vary_noise/experiment_trainsize_predictions_2025-05-01_02-48-26.json
2025-05-01 02:48:26 - INFO - Forced Garbage collection executed to Free Memory.
2025-05-01 02:48:26 - INFO - ========== [Experiment Completed] in 31.34 minutes ==========
