2025-05-03 22:13:39 - INFO - Logging initialized.
 Writing to /home/jovyan/Workspace/workspace_mnist/logs/exp_noise_lines_30_trainsplit_vary_noise/experiment_logs_2025-05-03_22-13-39.log
2025-05-03 22:13:39 - INFO - ========== [Experiment Start] ==========
2025-05-03 22:13:39 - INFO - Views combinations successfully generated.
2025-05-03 22:13:39 - INFO - Topological Data Analysis pipeline generated.
2025-05-03 22:13:39 - INFO - Folder to save results has been created.
2025-05-03 22:13:39 - INFO - Reading dataset from mnist_784.csv (chunk size: 70000).
2025-05-03 22:13:39 - INFO - Starting multiview data preparation for a chunk of size (70000, 784)...
2025-05-03 22:13:39 - INFO - Running using 20 jobs.
2025-05-03 22:13:39 - INFO - Contaminating dataset with lines, quantity=1, transparency=1.0.
2025-05-03 22:13:43 - INFO - Splitting data: 50.0% train / 20.0% test (random_state=663904535)
2025-05-03 22:13:43 - INFO - Using full training data without second split.
2025-05-03 22:13:43 - INFO - Data split complete. Train size: (56000, 784), Test size: (14000, 784)
2025-05-03 22:13:43 - INFO - Reshaping train and test data into square images...
2025-05-03 22:13:43 - INFO - Reshaping complete. Train images shape: (56000, 28, 28), Test images shape: (14000, 28, 28)
2025-05-03 22:13:43 - INFO - Splitting images into quadrant views...
2025-05-03 22:13:43 - INFO - Quadrant view splitting complete. Train views: 4, Test views: 4
2025-05-03 22:13:43 - INFO - Saving sample images for each view...
2025-05-03 22:13:43 - INFO - Sample views saved successfully.
2025-05-03 22:13:43 - INFO - Starting TDA pipeline transformation on train data...
2025-05-03 22:25:32 - INFO - TDA transformation for train completed (11.80 minutes).
2025-05-03 22:25:32 - INFO - Applying TDA pipeline transformation on test data...
2025-05-03 22:28:21 - INFO - TDA transformation for test completed (2.82 minutes).
2025-05-03 22:28:21 - INFO - ========== [Model Training Start] ==========
2025-05-03 22:28:21 - INFO - Training model: original
2025-05-03 22:28:22 - INFO - Model original completed in 1.53 seconds.
2025-05-03 22:28:22 - INFO - >>> Model original trained. Accuracy: 0.9619 (1.53 sec.)
2025-05-03 22:28:22 - INFO - Training model: top_right-original
2025-05-03 22:28:34 - INFO - Model top_right-original completed in 12.30 seconds.
2025-05-03 22:28:34 - INFO - >>> Model top_right-original trained. Accuracy: 0.9649 (12.30 sec.)
2025-05-03 22:28:34 - INFO - Training model: bottom_right-original
2025-05-03 22:28:47 - INFO - Model bottom_right-original completed in 12.72 seconds.
2025-05-03 22:28:47 - INFO - >>> Model bottom_right-original trained. Accuracy: 0.9665 (12.72 sec.)
2025-05-03 22:28:47 - INFO - Training model: original-top_left
2025-05-03 22:29:00 - INFO - Model original-top_left completed in 12.55 seconds.
2025-05-03 22:29:00 - INFO - >>> Model original-top_left trained. Accuracy: 0.9664 (12.55 sec.)
2025-05-03 22:29:00 - INFO - Training model: original-tda
2025-05-03 22:29:20 - INFO - Model original-tda completed in 20.05 seconds.
2025-05-03 22:29:20 - INFO - >>> Model original-tda trained. Accuracy: 0.9735 (20.05 sec.)
2025-05-03 22:29:20 - INFO - Training model: original-bottom_left
2025-05-03 22:29:32 - INFO - Model original-bottom_left completed in 12.46 seconds.
2025-05-03 22:29:32 - INFO - >>> Model original-bottom_left trained. Accuracy: 0.9652 (12.46 sec.)
2025-05-03 22:29:32 - INFO - Training model: top_right-original-bottom_right
2025-05-03 22:29:50 - INFO - Model top_right-original-bottom_right completed in 17.28 seconds.
2025-05-03 22:29:50 - INFO - >>> Model top_right-original-bottom_right trained. Accuracy: 0.9677 (17.28 sec.)
2025-05-03 22:29:50 - INFO - Training model: top_right-original-top_left
2025-05-03 22:30:06 - INFO - Model top_right-original-top_left completed in 16.63 seconds.
2025-05-03 22:30:06 - INFO - >>> Model top_right-original-top_left trained. Accuracy: 0.9673 (16.63 sec.)
2025-05-03 22:30:06 - INFO - Training model: top_right-original-tda
2025-05-03 22:30:31 - INFO - Model top_right-original-tda completed in 24.49 seconds.
2025-05-03 22:30:31 - INFO - >>> Model top_right-original-tda trained. Accuracy: 0.9735 (24.49 sec.)
2025-05-03 22:30:31 - INFO - Training model: top_right-original-bottom_left
2025-05-03 22:30:48 - INFO - Model top_right-original-bottom_left completed in 17.52 seconds.
2025-05-03 22:30:48 - INFO - >>> Model top_right-original-bottom_left trained. Accuracy: 0.9674 (17.52 sec.)
2025-05-03 22:30:48 - INFO - Training model: bottom_right-original-top_left
2025-05-03 22:31:05 - INFO - Model bottom_right-original-top_left completed in 17.04 seconds.
2025-05-03 22:31:05 - INFO - >>> Model bottom_right-original-top_left trained. Accuracy: 0.9692 (17.04 sec.)
2025-05-03 22:31:05 - INFO - Training model: bottom_right-original-tda
2025-05-03 22:31:30 - INFO - Model bottom_right-original-tda completed in 24.78 seconds.
2025-05-03 22:31:30 - INFO - >>> Model bottom_right-original-tda trained. Accuracy: 0.9751 (24.78 sec.)
2025-05-03 22:31:30 - INFO - Training model: bottom_right-original-bottom_left
2025-05-03 22:31:47 - INFO - Model bottom_right-original-bottom_left completed in 16.91 seconds.
2025-05-03 22:31:47 - INFO - >>> Model bottom_right-original-bottom_left trained. Accuracy: 0.9684 (16.91 sec.)
2025-05-03 22:31:47 - INFO - Training model: original-top_left-tda
2025-05-03 22:32:11 - INFO - Model original-top_left-tda completed in 24.03 seconds.
2025-05-03 22:32:11 - INFO - >>> Model original-top_left-tda trained. Accuracy: 0.9724 (24.03 sec.)
2025-05-03 22:32:11 - INFO - Training model: original-top_left-bottom_left
2025-05-03 22:32:27 - INFO - Model original-top_left-bottom_left completed in 16.02 seconds.
2025-05-03 22:32:27 - INFO - >>> Model original-top_left-bottom_left trained. Accuracy: 0.9694 (16.02 sec.)
2025-05-03 22:32:27 - INFO - Training model: original-tda-bottom_left
2025-05-03 22:32:51 - INFO - Model original-tda-bottom_left completed in 24.31 seconds.
2025-05-03 22:32:51 - INFO - >>> Model original-tda-bottom_left trained. Accuracy: 0.9728 (24.31 sec.)
2025-05-03 22:32:51 - INFO - Training model: top_right-original-bottom_right-top_left
2025-05-03 22:33:13 - INFO - Model top_right-original-bottom_right-top_left completed in 21.56 seconds.
2025-05-03 22:33:13 - INFO - >>> Model top_right-original-bottom_right-top_left trained. Accuracy: 0.9704 (21.56 sec.)
2025-05-03 22:33:13 - INFO - Training model: top_right-original-bottom_right-tda
2025-05-03 22:33:42 - INFO - Model top_right-original-bottom_right-tda completed in 29.00 seconds.
2025-05-03 22:33:42 - INFO - >>> Model top_right-original-bottom_right-tda trained. Accuracy: 0.9759 (29.00 sec.)
2025-05-03 22:33:42 - INFO - Training model: top_right-original-bottom_right-bottom_left
2025-05-03 22:34:03 - INFO - Model top_right-original-bottom_right-bottom_left completed in 21.20 seconds.
2025-05-03 22:34:03 - INFO - >>> Model top_right-original-bottom_right-bottom_left trained. Accuracy: 0.9711 (21.20 sec.)
2025-05-03 22:34:03 - INFO - Training model: top_right-original-top_left-tda
2025-05-03 22:34:32 - INFO - Model top_right-original-top_left-tda completed in 28.53 seconds.
2025-05-03 22:34:32 - INFO - >>> Model top_right-original-top_left-tda trained. Accuracy: 0.9739 (28.53 sec.)
2025-05-03 22:34:32 - INFO - Training model: top_right-original-top_left-bottom_left
2025-05-03 22:34:53 - INFO - Model top_right-original-top_left-bottom_left completed in 21.36 seconds.
2025-05-03 22:34:53 - INFO - >>> Model top_right-original-top_left-bottom_left trained. Accuracy: 0.9714 (21.36 sec.)
2025-05-03 22:34:53 - INFO - Training model: top_right-original-tda-bottom_left
2025-05-03 22:35:21 - INFO - Model top_right-original-tda-bottom_left completed in 28.20 seconds.
2025-05-03 22:35:21 - INFO - >>> Model top_right-original-tda-bottom_left trained. Accuracy: 0.9738 (28.20 sec.)
2025-05-03 22:35:21 - INFO - Training model: bottom_right-original-top_left-tda
2025-05-03 22:35:50 - INFO - Model bottom_right-original-top_left-tda completed in 28.43 seconds.
2025-05-03 22:35:50 - INFO - >>> Model bottom_right-original-top_left-tda trained. Accuracy: 0.9754 (28.43 sec.)
2025-05-03 22:35:50 - INFO - Training model: bottom_right-original-top_left-bottom_left
2025-05-03 22:36:11 - INFO - Model bottom_right-original-top_left-bottom_left completed in 21.36 seconds.
2025-05-03 22:36:11 - INFO - >>> Model bottom_right-original-top_left-bottom_left trained. Accuracy: 0.9721 (21.36 sec.)
2025-05-03 22:36:11 - INFO - Training model: bottom_right-original-tda-bottom_left
2025-05-03 22:36:40 - INFO - Model bottom_right-original-tda-bottom_left completed in 29.11 seconds.
2025-05-03 22:36:40 - INFO - >>> Model bottom_right-original-tda-bottom_left trained. Accuracy: 0.9746 (29.11 sec.)
2025-05-03 22:36:40 - INFO - Training model: original-top_left-tda-bottom_left
2025-05-03 22:37:09 - INFO - Model original-top_left-tda-bottom_left completed in 28.51 seconds.
2025-05-03 22:37:09 - INFO - >>> Model original-top_left-tda-bottom_left trained. Accuracy: 0.9744 (28.51 sec.)
2025-05-03 22:37:09 - INFO - Training model: top_right-original-bottom_right-top_left-tda
2025-05-03 22:37:42 - INFO - Model top_right-original-bottom_right-top_left-tda completed in 33.60 seconds.
2025-05-03 22:37:42 - INFO - >>> Model top_right-original-bottom_right-top_left-tda trained. Accuracy: 0.9767 (33.60 sec.)
2025-05-03 22:37:42 - INFO - Training model: top_right-original-bottom_right-top_left-bottom_left
2025-05-03 22:38:08 - INFO - Model top_right-original-bottom_right-top_left-bottom_left completed in 25.40 seconds.
2025-05-03 22:38:08 - INFO - >>> Model top_right-original-bottom_right-top_left-bottom_left trained. Accuracy: 0.9731 (25.40 sec.)
2025-05-03 22:38:08 - INFO - Training model: top_right-original-bottom_right-tda-bottom_left
2025-05-03 22:38:41 - INFO - Model top_right-original-bottom_right-tda-bottom_left completed in 33.35 seconds.
2025-05-03 22:38:41 - INFO - >>> Model top_right-original-bottom_right-tda-bottom_left trained. Accuracy: 0.9764 (33.35 sec.)
2025-05-03 22:38:41 - INFO - Training model: top_right-original-top_left-tda-bottom_left
2025-05-03 22:39:13 - INFO - Model top_right-original-top_left-tda-bottom_left completed in 32.28 seconds.
2025-05-03 22:39:13 - INFO - >>> Model top_right-original-top_left-tda-bottom_left trained. Accuracy: 0.9762 (32.28 sec.)
2025-05-03 22:39:13 - INFO - Training model: original-bottom_right-top_left-tda-bottom_left
2025-05-03 22:39:47 - INFO - Model original-bottom_right-top_left-tda-bottom_left completed in 33.18 seconds.
2025-05-03 22:39:47 - INFO - >>> Model original-bottom_right-top_left-tda-bottom_left trained. Accuracy: 0.9755 (33.18 sec.)
2025-05-03 22:39:47 - INFO - Training model: top_right-original-bottom_right-top_left-tda-bottom_left
2025-05-03 22:40:24 - INFO - Model top_right-original-bottom_right-top_left-tda-bottom_left completed in 37.96 seconds.
2025-05-03 22:40:24 - INFO - >>> Model top_right-original-bottom_right-top_left-tda-bottom_left trained. Accuracy: 0.9776 (37.96 sec.)
2025-05-03 22:40:24 - INFO - All models trained successfully.
2025-05-03 22:40:24 - INFO - ========== [Model Training Completed] in 12.06 minutes ==========
2025-05-03 22:40:24 - INFO - ========== [Experiment Training Complete] ==========
2025-05-03 22:40:25 - INFO - Results saved to /home/jovyan/Workspace/workspace_mnist/results/exp_noise_lines_30_trainsplit_vary_noise/experiment_trainsize_predictions_2025-05-03_22-40-24.json
2025-05-03 22:40:25 - INFO - Results successfully saved to /home/jovyan/Workspace/workspace_mnist/results/exp_noise_lines_30_trainsplit_vary_noise/experiment_trainsize_predictions_2025-05-03_22-40-24.json
2025-05-03 22:40:25 - INFO - Forced Garbage collection executed to Free Memory.
2025-05-03 22:40:25 - INFO - ========== [Experiment Completed] in 26.77 minutes ==========
