2025-04-29 16:16:42 - INFO - Logging initialized.
 Writing to /home/jovyan/Workspace/workspace_mnist/logs/exp_noise_lines_30_trainsplit_vary_noise/experiment_logs_2025-04-29_16-16-42.log
2025-04-29 16:16:42 - INFO - ========== [Experiment Start] ==========
2025-04-29 16:16:42 - INFO - Views combinations successfully generated.
2025-04-29 16:16:42 - INFO - Topological Data Analysis pipeline generated.
2025-04-29 16:16:42 - INFO - Folder to save results has been created.
2025-04-29 16:16:42 - INFO - Reading dataset from mnist_784.csv (chunk size: 70000).
2025-04-29 16:16:43 - INFO - Starting multiview data preparation for a chunk of size (70000, 784)...
2025-04-29 16:16:43 - INFO - Running using 20 jobs.
2025-04-29 16:16:43 - INFO - Contaminating dataset with lines, quantity=49, transparency=1.0.
2025-04-29 16:17:03 - INFO - Splitting data: 50.0% train / 20.0% test (random_state=323447783)
2025-04-29 16:17:03 - INFO - Using full training data without second split.
2025-04-29 16:17:03 - INFO - Data split complete. Train size: (56000, 784), Test size: (14000, 784)
2025-04-29 16:17:03 - INFO - Reshaping train and test data into square images...
2025-04-29 16:17:03 - INFO - Reshaping complete. Train images shape: (56000, 28, 28), Test images shape: (14000, 28, 28)
2025-04-29 16:17:03 - INFO - Splitting images into quadrant views...
2025-04-29 16:17:03 - INFO - Quadrant view splitting complete. Train views: 4, Test views: 4
2025-04-29 16:17:03 - INFO - Saving sample images for each view...
2025-04-29 16:17:03 - INFO - Sample views saved successfully.
2025-04-29 16:17:03 - INFO - Starting TDA pipeline transformation on train data...
2025-04-29 16:27:40 - INFO - TDA transformation for train completed (10.61 minutes).
2025-04-29 16:27:40 - INFO - Applying TDA pipeline transformation on test data...
2025-04-29 16:30:11 - INFO - TDA transformation for test completed (2.51 minutes).
2025-04-29 16:30:11 - INFO - ========== [Model Training Start] ==========
2025-04-29 16:30:11 - INFO - Training model: original
2025-04-29 16:30:13 - INFO - Model original completed in 2.22 seconds.
2025-04-29 16:30:13 - INFO - >>> Model original trained. Accuracy: 0.7762 (2.22 sec.)
2025-04-29 16:30:13 - INFO - Training model: top_right-original
2025-04-29 16:30:31 - INFO - Model top_right-original completed in 18.04 seconds.
2025-04-29 16:30:31 - INFO - >>> Model top_right-original trained. Accuracy: 0.8079 (18.04 sec.)
2025-04-29 16:30:31 - INFO - Training model: bottom_right-original
2025-04-29 16:30:49 - INFO - Model bottom_right-original completed in 17.80 seconds.
2025-04-29 16:30:49 - INFO - >>> Model bottom_right-original trained. Accuracy: 0.7978 (17.80 sec.)
2025-04-29 16:30:49 - INFO - Training model: original-top_left
2025-04-29 16:31:06 - INFO - Model original-top_left completed in 16.96 seconds.
2025-04-29 16:31:06 - INFO - >>> Model original-top_left trained. Accuracy: 0.8049 (16.96 sec.)
2025-04-29 16:31:06 - INFO - Training model: original-tda
2025-04-29 16:31:39 - INFO - Model original-tda completed in 33.39 seconds.
2025-04-29 16:31:39 - INFO - >>> Model original-tda trained. Accuracy: 0.7785 (33.39 sec.)
2025-04-29 16:31:39 - INFO - Training model: original-bottom_left
2025-04-29 16:31:56 - INFO - Model original-bottom_left completed in 17.06 seconds.
2025-04-29 16:31:56 - INFO - >>> Model original-bottom_left trained. Accuracy: 0.7948 (17.06 sec.)
2025-04-29 16:31:56 - INFO - Training model: top_right-original-bottom_right
2025-04-29 16:32:20 - INFO - Model top_right-original-bottom_right completed in 23.36 seconds.
2025-04-29 16:32:20 - INFO - >>> Model top_right-original-bottom_right trained. Accuracy: 0.8185 (23.36 sec.)
2025-04-29 16:32:20 - INFO - Training model: top_right-original-top_left
2025-04-29 16:32:43 - INFO - Model top_right-original-top_left completed in 23.00 seconds.
2025-04-29 16:32:43 - INFO - >>> Model top_right-original-top_left trained. Accuracy: 0.8240 (23.00 sec.)
2025-04-29 16:32:43 - INFO - Training model: top_right-original-tda
2025-04-29 16:33:22 - INFO - Model top_right-original-tda completed in 39.92 seconds.
2025-04-29 16:33:22 - INFO - >>> Model top_right-original-tda trained. Accuracy: 0.8004 (39.92 sec.)
2025-04-29 16:33:22 - INFO - Training model: top_right-original-bottom_left
2025-04-29 16:33:46 - INFO - Model top_right-original-bottom_left completed in 23.21 seconds.
2025-04-29 16:33:46 - INFO - >>> Model top_right-original-bottom_left trained. Accuracy: 0.8187 (23.21 sec.)
2025-04-29 16:33:46 - INFO - Training model: bottom_right-original-top_left
2025-04-29 16:34:09 - INFO - Model bottom_right-original-top_left completed in 22.97 seconds.
2025-04-29 16:34:09 - INFO - >>> Model bottom_right-original-top_left trained. Accuracy: 0.8189 (22.97 sec.)
2025-04-29 16:34:09 - INFO - Training model: bottom_right-original-tda
2025-04-29 16:34:48 - INFO - Model bottom_right-original-tda completed in 39.60 seconds.
2025-04-29 16:34:48 - INFO - >>> Model bottom_right-original-tda trained. Accuracy: 0.7941 (39.60 sec.)
2025-04-29 16:34:48 - INFO - Training model: bottom_right-original-bottom_left
2025-04-29 16:35:12 - INFO - Model bottom_right-original-bottom_left completed in 23.52 seconds.
2025-04-29 16:35:12 - INFO - >>> Model bottom_right-original-bottom_left trained. Accuracy: 0.8083 (23.52 sec.)
2025-04-29 16:35:12 - INFO - Training model: original-top_left-tda
2025-04-29 16:35:51 - INFO - Model original-top_left-tda completed in 39.41 seconds.
2025-04-29 16:35:51 - INFO - >>> Model original-top_left-tda trained. Accuracy: 0.7993 (39.41 sec.)
2025-04-29 16:35:51 - INFO - Training model: original-top_left-bottom_left
2025-04-29 16:36:14 - INFO - Model original-top_left-bottom_left completed in 22.76 seconds.
2025-04-29 16:36:14 - INFO - >>> Model original-top_left-bottom_left trained. Accuracy: 0.8171 (22.76 sec.)
2025-04-29 16:36:14 - INFO - Training model: original-tda-bottom_left
2025-04-29 16:36:54 - INFO - Model original-tda-bottom_left completed in 40.20 seconds.
2025-04-29 16:36:54 - INFO - >>> Model original-tda-bottom_left trained. Accuracy: 0.7904 (40.20 sec.)
2025-04-29 16:36:54 - INFO - Training model: top_right-original-bottom_right-top_left
2025-04-29 16:37:24 - INFO - Model top_right-original-bottom_right-top_left completed in 29.51 seconds.
2025-04-29 16:37:24 - INFO - >>> Model top_right-original-bottom_right-top_left trained. Accuracy: 0.8387 (29.51 sec.)
2025-04-29 16:37:24 - INFO - Training model: top_right-original-bottom_right-tda
2025-04-29 16:38:11 - INFO - Model top_right-original-bottom_right-tda completed in 46.80 seconds.
2025-04-29 16:38:11 - INFO - >>> Model top_right-original-bottom_right-tda trained. Accuracy: 0.8147 (46.80 sec.)
2025-04-29 16:38:11 - INFO - Training model: top_right-original-bottom_right-bottom_left
2025-04-29 16:38:40 - INFO - Model top_right-original-bottom_right-bottom_left completed in 29.47 seconds.
2025-04-29 16:38:40 - INFO - >>> Model top_right-original-bottom_right-bottom_left trained. Accuracy: 0.8314 (29.47 sec.)
2025-04-29 16:38:40 - INFO - Training model: top_right-original-top_left-tda
2025-04-29 16:39:26 - INFO - Model top_right-original-top_left-tda completed in 46.05 seconds.
2025-04-29 16:39:26 - INFO - >>> Model top_right-original-top_left-tda trained. Accuracy: 0.8209 (46.05 sec.)
2025-04-29 16:39:26 - INFO - Training model: top_right-original-top_left-bottom_left
2025-04-29 16:39:55 - INFO - Model top_right-original-top_left-bottom_left completed in 29.19 seconds.
2025-04-29 16:39:55 - INFO - >>> Model top_right-original-top_left-bottom_left trained. Accuracy: 0.8389 (29.19 sec.)
2025-04-29 16:39:55 - INFO - Training model: top_right-original-tda-bottom_left
2025-04-29 16:40:41 - INFO - Model top_right-original-tda-bottom_left completed in 45.62 seconds.
2025-04-29 16:40:41 - INFO - >>> Model top_right-original-tda-bottom_left trained. Accuracy: 0.8149 (45.62 sec.)
2025-04-29 16:40:41 - INFO - Training model: bottom_right-original-top_left-tda
2025-04-29 16:41:26 - INFO - Model bottom_right-original-top_left-tda completed in 45.43 seconds.
2025-04-29 16:41:26 - INFO - >>> Model bottom_right-original-top_left-tda trained. Accuracy: 0.8122 (45.43 sec.)
2025-04-29 16:41:26 - INFO - Training model: bottom_right-original-top_left-bottom_left
2025-04-29 16:41:55 - INFO - Model bottom_right-original-top_left-bottom_left completed in 28.24 seconds.
2025-04-29 16:41:55 - INFO - >>> Model bottom_right-original-top_left-bottom_left trained. Accuracy: 0.8309 (28.24 sec.)
2025-04-29 16:41:55 - INFO - Training model: bottom_right-original-tda-bottom_left
2025-04-29 16:42:40 - INFO - Model bottom_right-original-tda-bottom_left completed in 45.30 seconds.
2025-04-29 16:42:40 - INFO - >>> Model bottom_right-original-tda-bottom_left trained. Accuracy: 0.8021 (45.30 sec.)
2025-04-29 16:42:40 - INFO - Training model: original-top_left-tda-bottom_left
2025-04-29 16:43:25 - INFO - Model original-top_left-tda-bottom_left completed in 45.18 seconds.
2025-04-29 16:43:25 - INFO - >>> Model original-top_left-tda-bottom_left trained. Accuracy: 0.8124 (45.18 sec.)
2025-04-29 16:43:25 - INFO - Training model: top_right-original-bottom_right-top_left-tda
2025-04-29 16:44:17 - INFO - Model top_right-original-bottom_right-top_left-tda completed in 52.14 seconds.
2025-04-29 16:44:17 - INFO - >>> Model top_right-original-bottom_right-top_left-tda trained. Accuracy: 0.8341 (52.14 sec.)
2025-04-29 16:44:17 - INFO - Training model: top_right-original-bottom_right-top_left-bottom_left
2025-04-29 16:44:52 - INFO - Model top_right-original-bottom_right-top_left-bottom_left completed in 34.64 seconds.
2025-04-29 16:44:52 - INFO - >>> Model top_right-original-bottom_right-top_left-bottom_left trained. Accuracy: 0.8533 (34.64 sec.)
2025-04-29 16:44:52 - INFO - Training model: top_right-original-bottom_right-tda-bottom_left
2025-04-29 16:45:43 - INFO - Model top_right-original-bottom_right-tda-bottom_left completed in 50.93 seconds.
2025-04-29 16:45:43 - INFO - >>> Model top_right-original-bottom_right-tda-bottom_left trained. Accuracy: 0.8301 (50.93 sec.)
2025-04-29 16:45:43 - INFO - Training model: top_right-original-top_left-tda-bottom_left
2025-04-29 16:46:35 - INFO - Model top_right-original-top_left-tda-bottom_left completed in 52.53 seconds.
2025-04-29 16:46:35 - INFO - >>> Model top_right-original-top_left-tda-bottom_left trained. Accuracy: 0.8361 (52.53 sec.)
2025-04-29 16:46:35 - INFO - Training model: original-bottom_right-top_left-tda-bottom_left
2025-04-29 16:47:26 - INFO - Model original-bottom_right-top_left-tda-bottom_left completed in 51.23 seconds.
2025-04-29 16:47:26 - INFO - >>> Model original-bottom_right-top_left-tda-bottom_left trained. Accuracy: 0.8261 (51.23 sec.)
2025-04-29 16:47:26 - INFO - Training model: top_right-original-bottom_right-top_left-tda-bottom_left
2025-04-29 16:48:23 - INFO - Model top_right-original-bottom_right-top_left-tda-bottom_left completed in 56.87 seconds.
2025-04-29 16:48:23 - INFO - >>> Model top_right-original-bottom_right-top_left-tda-bottom_left trained. Accuracy: 0.8513 (56.87 sec.)
2025-04-29 16:48:23 - INFO - All models trained successfully.
2025-04-29 16:48:23 - INFO - ========== [Model Training Completed] in 18.21 minutes ==========
2025-04-29 16:48:23 - INFO - ========== [Experiment Training Complete] ==========
2025-04-29 16:48:23 - INFO - Results saved to /home/jovyan/Workspace/workspace_mnist/results/exp_noise_lines_30_trainsplit_vary_noise/experiment_trainsize_predictions_2025-04-29_16-48-23.json
2025-04-29 16:48:23 - INFO - Results successfully saved to /home/jovyan/Workspace/workspace_mnist/results/exp_noise_lines_30_trainsplit_vary_noise/experiment_trainsize_predictions_2025-04-29_16-48-23.json
2025-04-29 16:48:23 - INFO - Forced Garbage collection executed to Free Memory.
2025-04-29 16:48:24 - INFO - ========== [Experiment Completed] in 31.69 minutes ==========
