2025-05-02 14:16:25 - INFO - Logging initialized.
 Writing to /home/jovyan/Workspace/workspace_mnist/logs/exp_noise_lines_30_trainsplit_vary_noise/experiment_logs_2025-05-02_14-16-25.log
2025-05-02 14:16:25 - INFO - ========== [Experiment Start] ==========
2025-05-02 14:16:25 - INFO - Views combinations successfully generated.
2025-05-02 14:16:25 - INFO - Topological Data Analysis pipeline generated.
2025-05-02 14:16:25 - INFO - Folder to save results has been created.
2025-05-02 14:16:25 - INFO - Reading dataset from mnist_784.csv (chunk size: 70000).
2025-05-02 14:16:26 - INFO - Starting multiview data preparation for a chunk of size (70000, 784)...
2025-05-02 14:16:26 - INFO - Running using 20 jobs.
2025-05-02 14:16:26 - INFO - Contaminating dataset with lines, quantity=27, transparency=1.0.
2025-05-02 14:16:38 - INFO - Splitting data: 50.0% train / 20.0% test (random_state=248065843)
2025-05-02 14:16:38 - INFO - Using full training data without second split.
2025-05-02 14:16:38 - INFO - Data split complete. Train size: (56000, 784), Test size: (14000, 784)
2025-05-02 14:16:38 - INFO - Reshaping train and test data into square images...
2025-05-02 14:16:38 - INFO - Reshaping complete. Train images shape: (56000, 28, 28), Test images shape: (14000, 28, 28)
2025-05-02 14:16:38 - INFO - Splitting images into quadrant views...
2025-05-02 14:16:38 - INFO - Quadrant view splitting complete. Train views: 4, Test views: 4
2025-05-02 14:16:38 - INFO - Saving sample images for each view...
2025-05-02 14:16:38 - INFO - Sample views saved successfully.
2025-05-02 14:16:38 - INFO - Starting TDA pipeline transformation on train data...
2025-05-02 14:27:09 - INFO - TDA transformation for train completed (10.52 minutes).
2025-05-02 14:27:09 - INFO - Applying TDA pipeline transformation on test data...
2025-05-02 14:29:47 - INFO - TDA transformation for test completed (2.63 minutes).
2025-05-02 14:29:47 - INFO - ========== [Model Training Start] ==========
2025-05-02 14:29:47 - INFO - Training model: original
2025-05-02 14:29:49 - INFO - Model original completed in 1.97 seconds.
2025-05-02 14:29:49 - INFO - >>> Model original trained. Accuracy: 0.8669 (1.97 sec.)
2025-05-02 14:29:49 - INFO - Training model: top_right-original
2025-05-02 14:30:05 - INFO - Model top_right-original completed in 16.07 seconds.
2025-05-02 14:30:05 - INFO - >>> Model top_right-original trained. Accuracy: 0.8880 (16.07 sec.)
2025-05-02 14:30:05 - INFO - Training model: bottom_right-original
2025-05-02 14:30:21 - INFO - Model bottom_right-original completed in 15.74 seconds.
2025-05-02 14:30:21 - INFO - >>> Model bottom_right-original trained. Accuracy: 0.8829 (15.74 sec.)
2025-05-02 14:30:21 - INFO - Training model: original-top_left
2025-05-02 14:30:36 - INFO - Model original-top_left completed in 15.43 seconds.
2025-05-02 14:30:36 - INFO - >>> Model original-top_left trained. Accuracy: 0.8853 (15.43 sec.)
2025-05-02 14:30:36 - INFO - Training model: original-tda
2025-05-02 14:31:10 - INFO - Model original-tda completed in 33.66 seconds.
2025-05-02 14:31:10 - INFO - >>> Model original-tda trained. Accuracy: 0.8711 (33.66 sec.)
2025-05-02 14:31:10 - INFO - Training model: original-bottom_left
2025-05-02 14:31:26 - INFO - Model original-bottom_left completed in 15.75 seconds.
2025-05-02 14:31:26 - INFO - >>> Model original-bottom_left trained. Accuracy: 0.8809 (15.75 sec.)
2025-05-02 14:31:26 - INFO - Training model: top_right-original-bottom_right
2025-05-02 14:31:48 - INFO - Model top_right-original-bottom_right completed in 21.95 seconds.
2025-05-02 14:31:48 - INFO - >>> Model top_right-original-bottom_right trained. Accuracy: 0.8993 (21.95 sec.)
2025-05-02 14:31:48 - INFO - Training model: top_right-original-top_left
2025-05-02 14:32:10 - INFO - Model top_right-original-top_left completed in 21.83 seconds.
2025-05-02 14:32:10 - INFO - >>> Model top_right-original-top_left trained. Accuracy: 0.8986 (21.83 sec.)
2025-05-02 14:32:10 - INFO - Training model: top_right-original-tda
2025-05-02 14:32:49 - INFO - Model top_right-original-tda completed in 39.00 seconds.
2025-05-02 14:32:49 - INFO - >>> Model top_right-original-tda trained. Accuracy: 0.8849 (39.00 sec.)
2025-05-02 14:32:49 - INFO - Training model: top_right-original-bottom_left
2025-05-02 14:33:10 - INFO - Model top_right-original-bottom_left completed in 21.76 seconds.
2025-05-02 14:33:10 - INFO - >>> Model top_right-original-bottom_left trained. Accuracy: 0.8974 (21.76 sec.)
2025-05-02 14:33:10 - INFO - Training model: bottom_right-original-top_left
2025-05-02 14:33:32 - INFO - Model bottom_right-original-top_left completed in 21.16 seconds.
2025-05-02 14:33:32 - INFO - >>> Model bottom_right-original-top_left trained. Accuracy: 0.8966 (21.16 sec.)
2025-05-02 14:33:32 - INFO - Training model: bottom_right-original-tda
2025-05-02 14:34:10 - INFO - Model bottom_right-original-tda completed in 38.73 seconds.
2025-05-02 14:34:10 - INFO - >>> Model bottom_right-original-tda trained. Accuracy: 0.8786 (38.73 sec.)
2025-05-02 14:34:10 - INFO - Training model: bottom_right-original-bottom_left
2025-05-02 14:34:32 - INFO - Model bottom_right-original-bottom_left completed in 21.67 seconds.
2025-05-02 14:34:32 - INFO - >>> Model bottom_right-original-bottom_left trained. Accuracy: 0.8872 (21.67 sec.)
2025-05-02 14:34:32 - INFO - Training model: original-top_left-tda
2025-05-02 14:35:10 - INFO - Model original-top_left-tda completed in 38.40 seconds.
2025-05-02 14:35:10 - INFO - >>> Model original-top_left-tda trained. Accuracy: 0.8824 (38.40 sec.)
2025-05-02 14:35:10 - INFO - Training model: original-top_left-bottom_left
2025-05-02 14:35:31 - INFO - Model original-top_left-bottom_left completed in 20.97 seconds.
2025-05-02 14:35:31 - INFO - >>> Model original-top_left-bottom_left trained. Accuracy: 0.8929 (20.97 sec.)
2025-05-02 14:35:31 - INFO - Training model: original-tda-bottom_left
2025-05-02 14:36:10 - INFO - Model original-tda-bottom_left completed in 39.02 seconds.
2025-05-02 14:36:10 - INFO - >>> Model original-tda-bottom_left trained. Accuracy: 0.8762 (39.02 sec.)
2025-05-02 14:36:10 - INFO - Training model: top_right-original-bottom_right-top_left
2025-05-02 14:36:37 - INFO - Model top_right-original-bottom_right-top_left completed in 26.76 seconds.
2025-05-02 14:36:37 - INFO - >>> Model top_right-original-bottom_right-top_left trained. Accuracy: 0.9108 (26.76 sec.)
2025-05-02 14:36:37 - INFO - Training model: top_right-original-bottom_right-tda
2025-05-02 14:37:22 - INFO - Model top_right-original-bottom_right-tda completed in 44.68 seconds.
2025-05-02 14:37:22 - INFO - >>> Model top_right-original-bottom_right-tda trained. Accuracy: 0.8970 (44.68 sec.)
2025-05-02 14:37:22 - INFO - Training model: top_right-original-bottom_right-bottom_left
2025-05-02 14:37:49 - INFO - Model top_right-original-bottom_right-bottom_left completed in 27.47 seconds.
2025-05-02 14:37:49 - INFO - >>> Model top_right-original-bottom_right-bottom_left trained. Accuracy: 0.9064 (27.47 sec.)
2025-05-02 14:37:49 - INFO - Training model: top_right-original-top_left-tda
2025-05-02 14:38:33 - INFO - Model top_right-original-top_left-tda completed in 44.16 seconds.
2025-05-02 14:38:34 - INFO - >>> Model top_right-original-top_left-tda trained. Accuracy: 0.8949 (44.16 sec.)
2025-05-02 14:38:34 - INFO - Training model: top_right-original-top_left-bottom_left
2025-05-02 14:39:00 - INFO - Model top_right-original-top_left-bottom_left completed in 26.38 seconds.
2025-05-02 14:39:00 - INFO - >>> Model top_right-original-top_left-bottom_left trained. Accuracy: 0.9104 (26.38 sec.)
2025-05-02 14:39:00 - INFO - Training model: top_right-original-tda-bottom_left
2025-05-02 14:39:44 - INFO - Model top_right-original-tda-bottom_left completed in 44.45 seconds.
2025-05-02 14:39:44 - INFO - >>> Model top_right-original-tda-bottom_left trained. Accuracy: 0.8948 (44.45 sec.)
2025-05-02 14:39:44 - INFO - Training model: bottom_right-original-top_left-tda
2025-05-02 14:40:29 - INFO - Model bottom_right-original-top_left-tda completed in 44.38 seconds.
2025-05-02 14:40:29 - INFO - >>> Model bottom_right-original-top_left-tda trained. Accuracy: 0.8947 (44.38 sec.)
2025-05-02 14:40:29 - INFO - Training model: bottom_right-original-top_left-bottom_left
2025-05-02 14:40:55 - INFO - Model bottom_right-original-top_left-bottom_left completed in 26.18 seconds.
2025-05-02 14:40:55 - INFO - >>> Model bottom_right-original-top_left-bottom_left trained. Accuracy: 0.9039 (26.18 sec.)
2025-05-02 14:40:55 - INFO - Training model: bottom_right-original-tda-bottom_left
2025-05-02 14:41:39 - INFO - Model bottom_right-original-tda-bottom_left completed in 44.19 seconds.
2025-05-02 14:41:39 - INFO - >>> Model bottom_right-original-tda-bottom_left trained. Accuracy: 0.8858 (44.19 sec.)
2025-05-02 14:41:39 - INFO - Training model: original-top_left-tda-bottom_left
2025-05-02 14:42:23 - INFO - Model original-top_left-tda-bottom_left completed in 44.16 seconds.
2025-05-02 14:42:23 - INFO - >>> Model original-top_left-tda-bottom_left trained. Accuracy: 0.8903 (44.16 sec.)
2025-05-02 14:42:23 - INFO - Training model: top_right-original-bottom_right-top_left-tda
2025-05-02 14:43:14 - INFO - Model top_right-original-bottom_right-top_left-tda completed in 50.57 seconds.
2025-05-02 14:43:14 - INFO - >>> Model top_right-original-bottom_right-top_left-tda trained. Accuracy: 0.9069 (50.57 sec.)
2025-05-02 14:43:14 - INFO - Training model: top_right-original-bottom_right-top_left-bottom_left
2025-05-02 14:43:47 - INFO - Model top_right-original-bottom_right-top_left-bottom_left completed in 32.86 seconds.
2025-05-02 14:43:47 - INFO - >>> Model top_right-original-bottom_right-top_left-bottom_left trained. Accuracy: 0.9208 (32.86 sec.)
2025-05-02 14:43:47 - INFO - Training model: top_right-original-bottom_right-tda-bottom_left
2025-05-02 14:44:37 - INFO - Model top_right-original-bottom_right-tda-bottom_left completed in 50.33 seconds.
2025-05-02 14:44:37 - INFO - >>> Model top_right-original-bottom_right-tda-bottom_left trained. Accuracy: 0.9036 (50.33 sec.)
2025-05-02 14:44:37 - INFO - Training model: top_right-original-top_left-tda-bottom_left
2025-05-02 14:45:27 - INFO - Model top_right-original-top_left-tda-bottom_left completed in 49.89 seconds.
2025-05-02 14:45:27 - INFO - >>> Model top_right-original-top_left-tda-bottom_left trained. Accuracy: 0.9071 (49.89 sec.)
2025-05-02 14:45:27 - INFO - Training model: original-bottom_right-top_left-tda-bottom_left
2025-05-02 14:46:16 - INFO - Model original-bottom_right-top_left-tda-bottom_left completed in 49.50 seconds.
2025-05-02 14:46:16 - INFO - >>> Model original-bottom_right-top_left-tda-bottom_left trained. Accuracy: 0.9021 (49.50 sec.)
2025-05-02 14:46:16 - INFO - Training model: top_right-original-bottom_right-top_left-tda-bottom_left
2025-05-02 14:47:12 - INFO - Model top_right-original-bottom_right-top_left-tda-bottom_left completed in 55.95 seconds.
2025-05-02 14:47:12 - INFO - >>> Model top_right-original-bottom_right-top_left-tda-bottom_left trained. Accuracy: 0.9164 (55.95 sec.)
2025-05-02 14:47:12 - INFO - All models trained successfully.
2025-05-02 14:47:12 - INFO - ========== [Model Training Completed] in 17.42 minutes ==========
2025-05-02 14:47:12 - INFO - ========== [Experiment Training Complete] ==========
2025-05-02 14:47:12 - INFO - Results saved to /home/jovyan/Workspace/workspace_mnist/results/exp_noise_lines_30_trainsplit_vary_noise/experiment_trainsize_predictions_2025-05-02_14-47-12.json
2025-05-02 14:47:12 - INFO - Results successfully saved to /home/jovyan/Workspace/workspace_mnist/results/exp_noise_lines_30_trainsplit_vary_noise/experiment_trainsize_predictions_2025-05-02_14-47-12.json
2025-05-02 14:47:12 - INFO - Forced Garbage collection executed to Free Memory.
2025-05-02 14:47:13 - INFO - ========== [Experiment Completed] in 30.79 minutes ==========
