2025-04-28 05:03:16 - INFO - Logging initialized.
 Writing to /home/jovyan/Workspace/workspace_mnist/logs/exp_noise_lines_30_trainsplit_vary_noise/experiment_logs_2025-04-28_05-03-16.log
2025-04-28 05:03:16 - INFO - ========== [Experiment Start] ==========
2025-04-28 05:03:16 - INFO - Views combinations successfully generated.
2025-04-28 05:03:16 - INFO - Topological Data Analysis pipeline generated.
2025-04-28 05:03:16 - INFO - Folder to save results has been created.
2025-04-28 05:03:16 - INFO - Reading dataset from mnist_784.csv (chunk size: 70000).
2025-04-28 05:03:17 - INFO - Starting multiview data preparation for a chunk of size (70000, 784)...
2025-04-28 05:03:17 - INFO - Running using 20 jobs.
2025-04-28 05:03:17 - INFO - Contaminating dataset with lines, quantity=9, transparency=1.0.
2025-04-28 05:03:22 - INFO - Splitting data: 50.0% train / 20.0% test (random_state=701363565)
2025-04-28 05:03:22 - INFO - Using full training data without second split.
2025-04-28 05:03:22 - INFO - Data split complete. Train size: (56000, 784), Test size: (14000, 784)
2025-04-28 05:03:22 - INFO - Reshaping train and test data into square images...
2025-04-28 05:03:22 - INFO - Reshaping complete. Train images shape: (56000, 28, 28), Test images shape: (14000, 28, 28)
2025-04-28 05:03:22 - INFO - Splitting images into quadrant views...
2025-04-28 05:03:22 - INFO - Quadrant view splitting complete. Train views: 4, Test views: 4
2025-04-28 05:03:22 - INFO - Saving sample images for each view...
2025-04-28 05:03:22 - INFO - Sample views saved successfully.
2025-04-28 05:03:22 - INFO - Starting TDA pipeline transformation on train data...
2025-04-28 05:14:14 - INFO - TDA transformation for train completed (10.87 minutes).
2025-04-28 05:14:14 - INFO - Applying TDA pipeline transformation on test data...
2025-04-28 05:16:48 - INFO - TDA transformation for test completed (2.57 minutes).
2025-04-28 05:16:48 - INFO - ========== [Model Training Start] ==========
2025-04-28 05:16:48 - INFO - Training model: original
2025-04-28 05:16:50 - INFO - Model original completed in 1.67 seconds.
2025-04-28 05:16:50 - INFO - >>> Model original trained. Accuracy: 0.9319 (1.67 sec.)
2025-04-28 05:16:50 - INFO - Training model: top_right-original
2025-04-28 05:17:04 - INFO - Model top_right-original completed in 13.56 seconds.
2025-04-28 05:17:04 - INFO - >>> Model top_right-original trained. Accuracy: 0.9411 (13.56 sec.)
2025-04-28 05:17:04 - INFO - Training model: bottom_right-original
2025-04-28 05:17:17 - INFO - Model bottom_right-original completed in 13.56 seconds.
2025-04-28 05:17:17 - INFO - >>> Model bottom_right-original trained. Accuracy: 0.9413 (13.56 sec.)
2025-04-28 05:17:17 - INFO - Training model: original-top_left
2025-04-28 05:17:31 - INFO - Model original-top_left completed in 13.35 seconds.
2025-04-28 05:17:31 - INFO - >>> Model original-top_left trained. Accuracy: 0.9412 (13.35 sec.)
2025-04-28 05:17:31 - INFO - Training model: original-tda
2025-04-28 05:17:59 - INFO - Model original-tda completed in 28.48 seconds.
2025-04-28 05:17:59 - INFO - >>> Model original-tda trained. Accuracy: 0.9358 (28.48 sec.)
2025-04-28 05:17:59 - INFO - Training model: original-bottom_left
2025-04-28 05:18:13 - INFO - Model original-bottom_left completed in 13.54 seconds.
2025-04-28 05:18:13 - INFO - >>> Model original-bottom_left trained. Accuracy: 0.9390 (13.54 sec.)
2025-04-28 05:18:13 - INFO - Training model: top_right-original-bottom_right
2025-04-28 05:18:31 - INFO - Model top_right-original-bottom_right completed in 18.59 seconds.
2025-04-28 05:18:31 - INFO - >>> Model top_right-original-bottom_right trained. Accuracy: 0.9458 (18.59 sec.)
2025-04-28 05:18:31 - INFO - Training model: top_right-original-top_left
2025-04-28 05:18:49 - INFO - Model top_right-original-top_left completed in 17.95 seconds.
2025-04-28 05:18:49 - INFO - >>> Model top_right-original-top_left trained. Accuracy: 0.9479 (17.95 sec.)
2025-04-28 05:18:49 - INFO - Training model: top_right-original-tda
2025-04-28 05:19:23 - INFO - Model top_right-original-tda completed in 33.41 seconds.
2025-04-28 05:19:23 - INFO - >>> Model top_right-original-tda trained. Accuracy: 0.9411 (33.41 sec.)
2025-04-28 05:19:23 - INFO - Training model: top_right-original-bottom_left
2025-04-28 05:19:41 - INFO - Model top_right-original-bottom_left completed in 18.31 seconds.
2025-04-28 05:19:41 - INFO - >>> Model top_right-original-bottom_left trained. Accuracy: 0.9465 (18.31 sec.)
2025-04-28 05:19:41 - INFO - Training model: bottom_right-original-top_left
2025-04-28 05:19:59 - INFO - Model bottom_right-original-top_left completed in 18.21 seconds.
2025-04-28 05:19:59 - INFO - >>> Model bottom_right-original-top_left trained. Accuracy: 0.9449 (18.21 sec.)
2025-04-28 05:19:59 - INFO - Training model: bottom_right-original-tda
2025-04-28 05:20:33 - INFO - Model bottom_right-original-tda completed in 33.52 seconds.
2025-04-28 05:20:33 - INFO - >>> Model bottom_right-original-tda trained. Accuracy: 0.9421 (33.52 sec.)
2025-04-28 05:20:33 - INFO - Training model: bottom_right-original-bottom_left
2025-04-28 05:20:51 - INFO - Model bottom_right-original-bottom_left completed in 17.99 seconds.
2025-04-28 05:20:51 - INFO - >>> Model bottom_right-original-bottom_left trained. Accuracy: 0.9446 (17.99 sec.)
2025-04-28 05:20:51 - INFO - Training model: original-top_left-tda
2025-04-28 05:21:25 - INFO - Model original-top_left-tda completed in 33.97 seconds.
2025-04-28 05:21:25 - INFO - >>> Model original-top_left-tda trained. Accuracy: 0.9410 (33.97 sec.)
2025-04-28 05:21:25 - INFO - Training model: original-top_left-bottom_left
2025-04-28 05:21:43 - INFO - Model original-top_left-bottom_left completed in 18.11 seconds.
2025-04-28 05:21:43 - INFO - >>> Model original-top_left-bottom_left trained. Accuracy: 0.9446 (18.11 sec.)
2025-04-28 05:21:43 - INFO - Training model: original-tda-bottom_left
2025-04-28 05:22:16 - INFO - Model original-tda-bottom_left completed in 33.10 seconds.
2025-04-28 05:22:16 - INFO - >>> Model original-tda-bottom_left trained. Accuracy: 0.9383 (33.10 sec.)
2025-04-28 05:22:16 - INFO - Training model: top_right-original-bottom_right-top_left
2025-04-28 05:22:39 - INFO - Model top_right-original-bottom_right-top_left completed in 23.47 seconds.
2025-04-28 05:22:39 - INFO - >>> Model top_right-original-bottom_right-top_left trained. Accuracy: 0.9510 (23.47 sec.)
2025-04-28 05:22:39 - INFO - Training model: top_right-original-bottom_right-tda
2025-04-28 05:23:19 - INFO - Model top_right-original-bottom_right-tda completed in 39.49 seconds.
2025-04-28 05:23:19 - INFO - >>> Model top_right-original-bottom_right-tda trained. Accuracy: 0.9456 (39.49 sec.)
2025-04-28 05:23:19 - INFO - Training model: top_right-original-bottom_right-bottom_left
2025-04-28 05:23:42 - INFO - Model top_right-original-bottom_right-bottom_left completed in 23.42 seconds.
2025-04-28 05:23:42 - INFO - >>> Model top_right-original-bottom_right-bottom_left trained. Accuracy: 0.9500 (23.42 sec.)
2025-04-28 05:23:42 - INFO - Training model: top_right-original-top_left-tda
2025-04-28 05:24:21 - INFO - Model top_right-original-top_left-tda completed in 38.52 seconds.
2025-04-28 05:24:21 - INFO - >>> Model top_right-original-top_left-tda trained. Accuracy: 0.9471 (38.52 sec.)
2025-04-28 05:24:21 - INFO - Training model: top_right-original-top_left-bottom_left
2025-04-28 05:24:44 - INFO - Model top_right-original-top_left-bottom_left completed in 22.98 seconds.
2025-04-28 05:24:44 - INFO - >>> Model top_right-original-top_left-bottom_left trained. Accuracy: 0.9518 (22.98 sec.)
2025-04-28 05:24:44 - INFO - Training model: top_right-original-tda-bottom_left
2025-04-28 05:25:23 - INFO - Model top_right-original-tda-bottom_left completed in 38.82 seconds.
2025-04-28 05:25:23 - INFO - >>> Model top_right-original-tda-bottom_left trained. Accuracy: 0.9460 (38.82 sec.)
2025-04-28 05:25:23 - INFO - Training model: bottom_right-original-top_left-tda
2025-04-28 05:26:01 - INFO - Model bottom_right-original-top_left-tda completed in 38.74 seconds.
2025-04-28 05:26:01 - INFO - >>> Model bottom_right-original-top_left-tda trained. Accuracy: 0.9466 (38.74 sec.)
2025-04-28 05:26:01 - INFO - Training model: bottom_right-original-top_left-bottom_left
2025-04-28 05:26:24 - INFO - Model bottom_right-original-top_left-bottom_left completed in 22.87 seconds.
2025-04-28 05:26:24 - INFO - >>> Model bottom_right-original-top_left-bottom_left trained. Accuracy: 0.9494 (22.87 sec.)
2025-04-28 05:26:24 - INFO - Training model: bottom_right-original-tda-bottom_left
2025-04-28 05:27:03 - INFO - Model bottom_right-original-tda-bottom_left completed in 38.86 seconds.
2025-04-28 05:27:03 - INFO - >>> Model bottom_right-original-tda-bottom_left trained. Accuracy: 0.9447 (38.86 sec.)
2025-04-28 05:27:03 - INFO - Training model: original-top_left-tda-bottom_left
2025-04-28 05:27:41 - INFO - Model original-top_left-tda-bottom_left completed in 37.66 seconds.
2025-04-28 05:27:41 - INFO - >>> Model original-top_left-tda-bottom_left trained. Accuracy: 0.9446 (37.66 sec.)
2025-04-28 05:27:41 - INFO - Training model: top_right-original-bottom_right-top_left-tda
2025-04-28 05:28:24 - INFO - Model top_right-original-bottom_right-top_left-tda completed in 43.59 seconds.
2025-04-28 05:28:24 - INFO - >>> Model top_right-original-bottom_right-top_left-tda trained. Accuracy: 0.9531 (43.59 sec.)
2025-04-28 05:28:24 - INFO - Training model: top_right-original-bottom_right-top_left-bottom_left
2025-04-28 05:28:52 - INFO - Model top_right-original-bottom_right-top_left-bottom_left completed in 27.97 seconds.
2025-04-28 05:28:52 - INFO - >>> Model top_right-original-bottom_right-top_left-bottom_left trained. Accuracy: 0.9566 (27.97 sec.)
2025-04-28 05:28:52 - INFO - Training model: top_right-original-bottom_right-tda-bottom_left
2025-04-28 05:29:36 - INFO - Model top_right-original-bottom_right-tda-bottom_left completed in 43.84 seconds.
2025-04-28 05:29:36 - INFO - >>> Model top_right-original-bottom_right-tda-bottom_left trained. Accuracy: 0.9504 (43.84 sec.)
2025-04-28 05:29:36 - INFO - Training model: top_right-original-top_left-tda-bottom_left
2025-04-28 05:30:20 - INFO - Model top_right-original-top_left-tda-bottom_left completed in 43.59 seconds.
2025-04-28 05:30:20 - INFO - >>> Model top_right-original-top_left-tda-bottom_left trained. Accuracy: 0.9522 (43.59 sec.)
2025-04-28 05:30:20 - INFO - Training model: original-bottom_right-top_left-tda-bottom_left
2025-04-28 05:31:03 - INFO - Model original-bottom_right-top_left-tda-bottom_left completed in 43.61 seconds.
2025-04-28 05:31:03 - INFO - >>> Model original-bottom_right-top_left-tda-bottom_left trained. Accuracy: 0.9488 (43.61 sec.)
2025-04-28 05:31:03 - INFO - Training model: top_right-original-bottom_right-top_left-tda-bottom_left
2025-04-28 05:31:51 - INFO - Model top_right-original-bottom_right-top_left-tda-bottom_left completed in 47.85 seconds.
2025-04-28 05:31:51 - INFO - >>> Model top_right-original-bottom_right-top_left-tda-bottom_left trained. Accuracy: 0.9555 (47.85 sec.)
2025-04-28 05:31:51 - INFO - All models trained successfully.
2025-04-28 05:31:51 - INFO - ========== [Model Training Completed] in 15.05 minutes ==========
2025-04-28 05:31:51 - INFO - ========== [Experiment Training Complete] ==========
2025-04-28 05:31:51 - INFO - Results saved to /home/jovyan/Workspace/workspace_mnist/results/exp_noise_lines_30_trainsplit_vary_noise/experiment_trainsize_predictions_2025-04-28_05-31-51.json
2025-04-28 05:31:51 - INFO - Results successfully saved to /home/jovyan/Workspace/workspace_mnist/results/exp_noise_lines_30_trainsplit_vary_noise/experiment_trainsize_predictions_2025-04-28_05-31-51.json
2025-04-28 05:31:51 - INFO - Forced Garbage collection executed to Free Memory.
2025-04-28 05:31:51 - INFO - ========== [Experiment Completed] in 28.59 minutes ==========
