2025-04-30 03:17:59 - INFO - Logging initialized.
 Writing to /home/jovyan/Workspace/workspace_mnist/logs/exp_noise_lines_30_trainsplit_vary_noise/experiment_logs_2025-04-30_03-17-59.log
2025-04-30 03:17:59 - INFO - ========== [Experiment Start] ==========
2025-04-30 03:17:59 - INFO - Views combinations successfully generated.
2025-04-30 03:17:59 - INFO - Topological Data Analysis pipeline generated.
2025-04-30 03:17:59 - INFO - Folder to save results has been created.
2025-04-30 03:17:59 - INFO - Reading dataset from mnist_784.csv (chunk size: 70000).
2025-04-30 03:18:00 - INFO - Starting multiview data preparation for a chunk of size (70000, 784)...
2025-04-30 03:18:00 - INFO - Running using 20 jobs.
2025-04-30 03:18:00 - INFO - Contaminating dataset with lines, quantity=43, transparency=1.0.
2025-04-30 03:18:18 - INFO - Splitting data: 50.0% train / 20.0% test (random_state=824368717)
2025-04-30 03:18:18 - INFO - Using full training data without second split.
2025-04-30 03:18:18 - INFO - Data split complete. Train size: (56000, 784), Test size: (14000, 784)
2025-04-30 03:18:18 - INFO - Reshaping train and test data into square images...
2025-04-30 03:18:18 - INFO - Reshaping complete. Train images shape: (56000, 28, 28), Test images shape: (14000, 28, 28)
2025-04-30 03:18:18 - INFO - Splitting images into quadrant views...
2025-04-30 03:18:18 - INFO - Quadrant view splitting complete. Train views: 4, Test views: 4
2025-04-30 03:18:18 - INFO - Saving sample images for each view...
2025-04-30 03:18:18 - INFO - Sample views saved successfully.
2025-04-30 03:18:18 - INFO - Starting TDA pipeline transformation on train data...
2025-04-30 03:28:40 - INFO - TDA transformation for train completed (10.37 minutes).
2025-04-30 03:28:40 - INFO - Applying TDA pipeline transformation on test data...
2025-04-30 03:31:02 - INFO - TDA transformation for test completed (2.37 minutes).
2025-04-30 03:31:02 - INFO - ========== [Model Training Start] ==========
2025-04-30 03:31:02 - INFO - Training model: original
2025-04-30 03:31:05 - INFO - Model original completed in 2.14 seconds.
2025-04-30 03:31:05 - INFO - >>> Model original trained. Accuracy: 0.8070 (2.14 sec.)
2025-04-30 03:31:05 - INFO - Training model: top_right-original
2025-04-30 03:31:22 - INFO - Model top_right-original completed in 17.02 seconds.
2025-04-30 03:31:22 - INFO - >>> Model top_right-original trained. Accuracy: 0.8321 (17.02 sec.)
2025-04-30 03:31:22 - INFO - Training model: bottom_right-original
2025-04-30 03:31:38 - INFO - Model bottom_right-original completed in 16.71 seconds.
2025-04-30 03:31:38 - INFO - >>> Model bottom_right-original trained. Accuracy: 0.8254 (16.71 sec.)
2025-04-30 03:31:38 - INFO - Training model: original-top_left
2025-04-30 03:31:55 - INFO - Model original-top_left completed in 16.60 seconds.
2025-04-30 03:31:55 - INFO - >>> Model original-top_left trained. Accuracy: 0.8291 (16.60 sec.)
2025-04-30 03:31:55 - INFO - Training model: original-tda
2025-04-30 03:32:29 - INFO - Model original-tda completed in 33.91 seconds.
2025-04-30 03:32:29 - INFO - >>> Model original-tda trained. Accuracy: 0.8079 (33.91 sec.)
2025-04-30 03:32:29 - INFO - Training model: original-bottom_left
2025-04-30 03:32:46 - INFO - Model original-bottom_left completed in 16.75 seconds.
2025-04-30 03:32:46 - INFO - >>> Model original-bottom_left trained. Accuracy: 0.8244 (16.75 sec.)
2025-04-30 03:32:46 - INFO - Training model: top_right-original-bottom_right
2025-04-30 03:33:08 - INFO - Model top_right-original-bottom_right completed in 22.62 seconds.
2025-04-30 03:33:08 - INFO - >>> Model top_right-original-bottom_right trained. Accuracy: 0.8451 (22.62 sec.)
2025-04-30 03:33:08 - INFO - Training model: top_right-original-top_left
2025-04-30 03:33:30 - INFO - Model top_right-original-top_left completed in 22.09 seconds.
2025-04-30 03:33:30 - INFO - >>> Model top_right-original-top_left trained. Accuracy: 0.8454 (22.09 sec.)
2025-04-30 03:33:30 - INFO - Training model: top_right-original-tda
2025-04-30 03:34:10 - INFO - Model top_right-original-tda completed in 39.47 seconds.
2025-04-30 03:34:10 - INFO - >>> Model top_right-original-tda trained. Accuracy: 0.8276 (39.47 sec.)
2025-04-30 03:34:10 - INFO - Training model: top_right-original-bottom_left
2025-04-30 03:34:33 - INFO - Model top_right-original-bottom_left completed in 22.97 seconds.
2025-04-30 03:34:33 - INFO - >>> Model top_right-original-bottom_left trained. Accuracy: 0.8453 (22.97 sec.)
2025-04-30 03:34:33 - INFO - Training model: bottom_right-original-top_left
2025-04-30 03:34:56 - INFO - Model bottom_right-original-top_left completed in 22.82 seconds.
2025-04-30 03:34:56 - INFO - >>> Model bottom_right-original-top_left trained. Accuracy: 0.8442 (22.82 sec.)
2025-04-30 03:34:56 - INFO - Training model: bottom_right-original-tda
2025-04-30 03:35:35 - INFO - Model bottom_right-original-tda completed in 39.87 seconds.
2025-04-30 03:35:35 - INFO - >>> Model bottom_right-original-tda trained. Accuracy: 0.8236 (39.87 sec.)
2025-04-30 03:35:35 - INFO - Training model: bottom_right-original-bottom_left
2025-04-30 03:35:58 - INFO - Model bottom_right-original-bottom_left completed in 22.63 seconds.
2025-04-30 03:35:58 - INFO - >>> Model bottom_right-original-bottom_left trained. Accuracy: 0.8329 (22.63 sec.)
2025-04-30 03:35:58 - INFO - Training model: original-top_left-tda
2025-04-30 03:36:37 - INFO - Model original-top_left-tda completed in 38.87 seconds.
2025-04-30 03:36:37 - INFO - >>> Model original-top_left-tda trained. Accuracy: 0.8242 (38.87 sec.)
2025-04-30 03:36:37 - INFO - Training model: original-top_left-bottom_left
2025-04-30 03:36:59 - INFO - Model original-top_left-bottom_left completed in 22.33 seconds.
2025-04-30 03:36:59 - INFO - >>> Model original-top_left-bottom_left trained. Accuracy: 0.8424 (22.33 sec.)
2025-04-30 03:36:59 - INFO - Training model: original-tda-bottom_left
2025-04-30 03:37:39 - INFO - Model original-tda-bottom_left completed in 39.87 seconds.
2025-04-30 03:37:39 - INFO - >>> Model original-tda-bottom_left trained. Accuracy: 0.8184 (39.87 sec.)
2025-04-30 03:37:39 - INFO - Training model: top_right-original-bottom_right-top_left
2025-04-30 03:38:08 - INFO - Model top_right-original-bottom_right-top_left completed in 28.82 seconds.
2025-04-30 03:38:08 - INFO - >>> Model top_right-original-bottom_right-top_left trained. Accuracy: 0.8599 (28.82 sec.)
2025-04-30 03:38:08 - INFO - Training model: top_right-original-bottom_right-tda
2025-04-30 03:38:53 - INFO - Model top_right-original-bottom_right-tda completed in 44.78 seconds.
2025-04-30 03:38:53 - INFO - >>> Model top_right-original-bottom_right-tda trained. Accuracy: 0.8432 (44.78 sec.)
2025-04-30 03:38:53 - INFO - Training model: top_right-original-bottom_right-bottom_left
2025-04-30 03:39:21 - INFO - Model top_right-original-bottom_right-bottom_left completed in 28.11 seconds.
2025-04-30 03:39:21 - INFO - >>> Model top_right-original-bottom_right-bottom_left trained. Accuracy: 0.8555 (28.11 sec.)
2025-04-30 03:39:21 - INFO - Training model: top_right-original-top_left-tda
2025-04-30 03:40:06 - INFO - Model top_right-original-top_left-tda completed in 45.57 seconds.
2025-04-30 03:40:06 - INFO - >>> Model top_right-original-top_left-tda trained. Accuracy: 0.8412 (45.57 sec.)
2025-04-30 03:40:06 - INFO - Training model: top_right-original-top_left-bottom_left
2025-04-30 03:40:35 - INFO - Model top_right-original-top_left-bottom_left completed in 28.29 seconds.
2025-04-30 03:40:35 - INFO - >>> Model top_right-original-top_left-bottom_left trained. Accuracy: 0.8634 (28.29 sec.)
2025-04-30 03:40:35 - INFO - Training model: top_right-original-tda-bottom_left
2025-04-30 03:41:20 - INFO - Model top_right-original-tda-bottom_left completed in 45.15 seconds.
2025-04-30 03:41:20 - INFO - >>> Model top_right-original-tda-bottom_left trained. Accuracy: 0.8411 (45.15 sec.)
2025-04-30 03:41:20 - INFO - Training model: bottom_right-original-top_left-tda
2025-04-30 03:42:05 - INFO - Model bottom_right-original-top_left-tda completed in 45.58 seconds.
2025-04-30 03:42:05 - INFO - >>> Model bottom_right-original-top_left-tda trained. Accuracy: 0.8381 (45.58 sec.)
2025-04-30 03:42:05 - INFO - Training model: bottom_right-original-top_left-bottom_left
2025-04-30 03:42:33 - INFO - Model bottom_right-original-top_left-bottom_left completed in 28.05 seconds.
2025-04-30 03:42:33 - INFO - >>> Model bottom_right-original-top_left-bottom_left trained. Accuracy: 0.8568 (28.05 sec.)
2025-04-30 03:42:33 - INFO - Training model: bottom_right-original-tda-bottom_left
2025-04-30 03:43:19 - INFO - Model bottom_right-original-tda-bottom_left completed in 45.02 seconds.
2025-04-30 03:43:19 - INFO - >>> Model bottom_right-original-tda-bottom_left trained. Accuracy: 0.8308 (45.02 sec.)
2025-04-30 03:43:19 - INFO - Training model: original-top_left-tda-bottom_left
2025-04-30 03:44:04 - INFO - Model original-top_left-tda-bottom_left completed in 45.29 seconds.
2025-04-30 03:44:04 - INFO - >>> Model original-top_left-tda-bottom_left trained. Accuracy: 0.8392 (45.29 sec.)
2025-04-30 03:44:04 - INFO - Training model: top_right-original-bottom_right-top_left-tda
2025-04-30 03:44:55 - INFO - Model top_right-original-bottom_right-top_left-tda completed in 50.84 seconds.
2025-04-30 03:44:55 - INFO - >>> Model top_right-original-bottom_right-top_left-tda trained. Accuracy: 0.8552 (50.84 sec.)
2025-04-30 03:44:55 - INFO - Training model: top_right-original-bottom_right-top_left-bottom_left
2025-04-30 03:45:29 - INFO - Model top_right-original-bottom_right-top_left-bottom_left completed in 34.68 seconds.
2025-04-30 03:45:29 - INFO - >>> Model top_right-original-bottom_right-top_left-bottom_left trained. Accuracy: 0.8749 (34.68 sec.)
2025-04-30 03:45:29 - INFO - Training model: top_right-original-bottom_right-tda-bottom_left
2025-04-30 03:46:21 - INFO - Model top_right-original-bottom_right-tda-bottom_left completed in 51.47 seconds.
2025-04-30 03:46:21 - INFO - >>> Model top_right-original-bottom_right-tda-bottom_left trained. Accuracy: 0.8519 (51.47 sec.)
2025-04-30 03:46:21 - INFO - Training model: top_right-original-top_left-tda-bottom_left
2025-04-30 03:47:12 - INFO - Model top_right-original-top_left-tda-bottom_left completed in 50.90 seconds.
2025-04-30 03:47:12 - INFO - >>> Model top_right-original-top_left-tda-bottom_left trained. Accuracy: 0.8611 (50.90 sec.)
2025-04-30 03:47:12 - INFO - Training model: original-bottom_right-top_left-tda-bottom_left
2025-04-30 03:48:03 - INFO - Model original-bottom_right-top_left-tda-bottom_left completed in 51.04 seconds.
2025-04-30 03:48:03 - INFO - >>> Model original-bottom_right-top_left-tda-bottom_left trained. Accuracy: 0.8515 (51.04 sec.)
2025-04-30 03:48:03 - INFO - Training model: top_right-original-bottom_right-top_left-tda-bottom_left
2025-04-30 03:49:00 - INFO - Model top_right-original-bottom_right-top_left-tda-bottom_left completed in 56.88 seconds.
2025-04-30 03:49:00 - INFO - >>> Model top_right-original-bottom_right-top_left-tda-bottom_left trained. Accuracy: 0.8737 (56.88 sec.)
2025-04-30 03:49:00 - INFO - All models trained successfully.
2025-04-30 03:49:00 - INFO - ========== [Model Training Completed] in 17.95 minutes ==========
2025-04-30 03:49:00 - INFO - ========== [Experiment Training Complete] ==========
2025-04-30 03:49:00 - INFO - Results saved to /home/jovyan/Workspace/workspace_mnist/results/exp_noise_lines_30_trainsplit_vary_noise/experiment_trainsize_predictions_2025-04-30_03-49-00.json
2025-04-30 03:49:00 - INFO - Results successfully saved to /home/jovyan/Workspace/workspace_mnist/results/exp_noise_lines_30_trainsplit_vary_noise/experiment_trainsize_predictions_2025-04-30_03-49-00.json
2025-04-30 03:49:00 - INFO - Forced Garbage collection executed to Free Memory.
2025-04-30 03:49:00 - INFO - ========== [Experiment Completed] in 31.01 minutes ==========
