2025-04-27 22:34:31 - INFO - Logging initialized.
 Writing to /home/jovyan/Workspace/workspace_mnist/logs/exp_noise_lines_30_trainsplit_vary_noise/experiment_logs_2025-04-27_22-34-31.log
2025-04-27 22:34:31 - INFO - ========== [Experiment Start] ==========
2025-04-27 22:34:31 - INFO - Views combinations successfully generated.
2025-04-27 22:34:31 - INFO - Topological Data Analysis pipeline generated.
2025-04-27 22:34:31 - INFO - Folder to save results has been created.
2025-04-27 22:34:31 - INFO - Reading dataset from mnist_784.csv (chunk size: 70000).
2025-04-27 22:34:32 - INFO - Starting multiview data preparation for a chunk of size (70000, 784)...
2025-04-27 22:34:32 - INFO - Running using 20 jobs.
2025-04-27 22:34:32 - INFO - Contaminating dataset with lines, quantity=33, transparency=1.0.
2025-04-27 22:34:47 - INFO - Splitting data: 50.0% train / 20.0% test (random_state=508701318)
2025-04-27 22:34:47 - INFO - Using full training data without second split.
2025-04-27 22:34:47 - INFO - Data split complete. Train size: (56000, 784), Test size: (14000, 784)
2025-04-27 22:34:47 - INFO - Reshaping train and test data into square images...
2025-04-27 22:34:47 - INFO - Reshaping complete. Train images shape: (56000, 28, 28), Test images shape: (14000, 28, 28)
2025-04-27 22:34:47 - INFO - Splitting images into quadrant views...
2025-04-27 22:34:47 - INFO - Quadrant view splitting complete. Train views: 4, Test views: 4
2025-04-27 22:34:47 - INFO - Saving sample images for each view...
2025-04-27 22:34:47 - INFO - Sample views saved successfully.
2025-04-27 22:34:47 - INFO - Starting TDA pipeline transformation on train data...
2025-04-27 22:45:32 - INFO - TDA transformation for train completed (10.76 minutes).
2025-04-27 22:45:32 - INFO - Applying TDA pipeline transformation on test data...
2025-04-27 22:48:05 - INFO - TDA transformation for test completed (2.54 minutes).
2025-04-27 22:48:05 - INFO - ========== [Model Training Start] ==========
2025-04-27 22:48:05 - INFO - Training model: original
2025-04-27 22:48:07 - INFO - Model original completed in 2.04 seconds.
2025-04-27 22:48:07 - INFO - >>> Model original trained. Accuracy: 0.8489 (2.04 sec.)
2025-04-27 22:48:07 - INFO - Training model: top_right-original
2025-04-27 22:48:23 - INFO - Model top_right-original completed in 16.30 seconds.
2025-04-27 22:48:23 - INFO - >>> Model top_right-original trained. Accuracy: 0.8681 (16.30 sec.)
2025-04-27 22:48:23 - INFO - Training model: bottom_right-original
2025-04-27 22:48:40 - INFO - Model bottom_right-original completed in 16.54 seconds.
2025-04-27 22:48:40 - INFO - >>> Model bottom_right-original trained. Accuracy: 0.8654 (16.54 sec.)
2025-04-27 22:48:40 - INFO - Training model: original-top_left
2025-04-27 22:48:56 - INFO - Model original-top_left completed in 15.91 seconds.
2025-04-27 22:48:56 - INFO - >>> Model original-top_left trained. Accuracy: 0.8677 (15.91 sec.)
2025-04-27 22:48:56 - INFO - Training model: original-tda
2025-04-27 22:49:29 - INFO - Model original-tda completed in 32.75 seconds.
2025-04-27 22:49:29 - INFO - >>> Model original-tda trained. Accuracy: 0.8515 (32.75 sec.)
2025-04-27 22:49:29 - INFO - Training model: original-bottom_left
2025-04-27 22:49:45 - INFO - Model original-bottom_left completed in 16.09 seconds.
2025-04-27 22:49:45 - INFO - >>> Model original-bottom_left trained. Accuracy: 0.8629 (16.09 sec.)
2025-04-27 22:49:45 - INFO - Training model: top_right-original-bottom_right
2025-04-27 22:50:07 - INFO - Model top_right-original-bottom_right completed in 22.18 seconds.
2025-04-27 22:50:07 - INFO - >>> Model top_right-original-bottom_right trained. Accuracy: 0.8816 (22.18 sec.)
2025-04-27 22:50:07 - INFO - Training model: top_right-original-top_left
2025-04-27 22:50:28 - INFO - Model top_right-original-top_left completed in 21.49 seconds.
2025-04-27 22:50:28 - INFO - >>> Model top_right-original-top_left trained. Accuracy: 0.8806 (21.49 sec.)
2025-04-27 22:50:28 - INFO - Training model: top_right-original-tda
2025-04-27 22:51:08 - INFO - Model top_right-original-tda completed in 39.42 seconds.
2025-04-27 22:51:08 - INFO - >>> Model top_right-original-tda trained. Accuracy: 0.8664 (39.42 sec.)
2025-04-27 22:51:08 - INFO - Training model: top_right-original-bottom_left
2025-04-27 22:51:29 - INFO - Model top_right-original-bottom_left completed in 21.66 seconds.
2025-04-27 22:51:29 - INFO - >>> Model top_right-original-bottom_left trained. Accuracy: 0.8791 (21.66 sec.)
2025-04-27 22:51:29 - INFO - Training model: bottom_right-original-top_left
2025-04-27 22:51:51 - INFO - Model bottom_right-original-top_left completed in 21.95 seconds.
2025-04-27 22:51:51 - INFO - >>> Model bottom_right-original-top_left trained. Accuracy: 0.8801 (21.95 sec.)
2025-04-27 22:51:51 - INFO - Training model: bottom_right-original-tda
2025-04-27 22:52:31 - INFO - Model bottom_right-original-tda completed in 40.00 seconds.
2025-04-27 22:52:31 - INFO - >>> Model bottom_right-original-tda trained. Accuracy: 0.8618 (40.00 sec.)
2025-04-27 22:52:31 - INFO - Training model: bottom_right-original-bottom_left
2025-04-27 22:52:54 - INFO - Model bottom_right-original-bottom_left completed in 22.15 seconds.
2025-04-27 22:52:54 - INFO - >>> Model bottom_right-original-bottom_left trained. Accuracy: 0.8729 (22.15 sec.)
2025-04-27 22:52:54 - INFO - Training model: original-top_left-tda
2025-04-27 22:53:32 - INFO - Model original-top_left-tda completed in 38.53 seconds.
2025-04-27 22:53:32 - INFO - >>> Model original-top_left-tda trained. Accuracy: 0.8624 (38.53 sec.)
2025-04-27 22:53:32 - INFO - Training model: original-top_left-bottom_left
2025-04-27 22:53:54 - INFO - Model original-top_left-bottom_left completed in 21.90 seconds.
2025-04-27 22:53:54 - INFO - >>> Model original-top_left-bottom_left trained. Accuracy: 0.8756 (21.90 sec.)
2025-04-27 22:53:54 - INFO - Training model: original-tda-bottom_left
2025-04-27 22:54:33 - INFO - Model original-tda-bottom_left completed in 38.54 seconds.
2025-04-27 22:54:33 - INFO - >>> Model original-tda-bottom_left trained. Accuracy: 0.8578 (38.54 sec.)
2025-04-27 22:54:33 - INFO - Training model: top_right-original-bottom_right-top_left
2025-04-27 22:55:00 - INFO - Model top_right-original-bottom_right-top_left completed in 27.38 seconds.
2025-04-27 22:55:00 - INFO - >>> Model top_right-original-bottom_right-top_left trained. Accuracy: 0.8937 (27.38 sec.)
2025-04-27 22:55:00 - INFO - Training model: top_right-original-bottom_right-tda
2025-04-27 22:55:45 - INFO - Model top_right-original-bottom_right-tda completed in 45.19 seconds.
2025-04-27 22:55:45 - INFO - >>> Model top_right-original-bottom_right-tda trained. Accuracy: 0.8789 (45.19 sec.)
2025-04-27 22:55:45 - INFO - Training model: top_right-original-bottom_right-bottom_left
2025-04-27 22:56:13 - INFO - Model top_right-original-bottom_right-bottom_left completed in 27.96 seconds.
2025-04-27 22:56:13 - INFO - >>> Model top_right-original-bottom_right-bottom_left trained. Accuracy: 0.8897 (27.96 sec.)
2025-04-27 22:56:13 - INFO - Training model: top_right-original-top_left-tda
2025-04-27 22:56:58 - INFO - Model top_right-original-top_left-tda completed in 45.33 seconds.
2025-04-27 22:56:58 - INFO - >>> Model top_right-original-top_left-tda trained. Accuracy: 0.8787 (45.33 sec.)
2025-04-27 22:56:58 - INFO - Training model: top_right-original-top_left-bottom_left
2025-04-27 22:57:26 - INFO - Model top_right-original-top_left-bottom_left completed in 27.21 seconds.
2025-04-27 22:57:26 - INFO - >>> Model top_right-original-top_left-bottom_left trained. Accuracy: 0.8942 (27.21 sec.)
2025-04-27 22:57:26 - INFO - Training model: top_right-original-tda-bottom_left
2025-04-27 22:58:11 - INFO - Model top_right-original-tda-bottom_left completed in 45.07 seconds.
2025-04-27 22:58:11 - INFO - >>> Model top_right-original-tda-bottom_left trained. Accuracy: 0.8754 (45.07 sec.)
2025-04-27 22:58:11 - INFO - Training model: bottom_right-original-top_left-tda
2025-04-27 22:58:56 - INFO - Model bottom_right-original-top_left-tda completed in 44.88 seconds.
2025-04-27 22:58:56 - INFO - >>> Model bottom_right-original-top_left-tda trained. Accuracy: 0.8766 (44.88 sec.)
2025-04-27 22:58:56 - INFO - Training model: bottom_right-original-top_left-bottom_left
2025-04-27 22:59:23 - INFO - Model bottom_right-original-top_left-bottom_left completed in 27.28 seconds.
2025-04-27 22:59:23 - INFO - >>> Model bottom_right-original-top_left-bottom_left trained. Accuracy: 0.8879 (27.28 sec.)
2025-04-27 22:59:23 - INFO - Training model: bottom_right-original-tda-bottom_left
2025-04-27 23:00:07 - INFO - Model bottom_right-original-tda-bottom_left completed in 44.64 seconds.
2025-04-27 23:00:07 - INFO - >>> Model bottom_right-original-tda-bottom_left trained. Accuracy: 0.8696 (44.64 sec.)
2025-04-27 23:00:07 - INFO - Training model: original-top_left-tda-bottom_left
2025-04-27 23:00:53 - INFO - Model original-top_left-tda-bottom_left completed in 45.98 seconds.
2025-04-27 23:00:53 - INFO - >>> Model original-top_left-tda-bottom_left trained. Accuracy: 0.8736 (45.98 sec.)
2025-04-27 23:00:53 - INFO - Training model: top_right-original-bottom_right-top_left-tda
2025-04-27 23:01:45 - INFO - Model top_right-original-bottom_right-top_left-tda completed in 51.24 seconds.
2025-04-27 23:01:45 - INFO - >>> Model top_right-original-bottom_right-top_left-tda trained. Accuracy: 0.8924 (51.24 sec.)
2025-04-27 23:01:45 - INFO - Training model: top_right-original-bottom_right-top_left-bottom_left
2025-04-27 23:02:18 - INFO - Model top_right-original-bottom_right-top_left-bottom_left completed in 33.36 seconds.
2025-04-27 23:02:18 - INFO - >>> Model top_right-original-bottom_right-top_left-bottom_left trained. Accuracy: 0.9037 (33.36 sec.)
2025-04-27 23:02:18 - INFO - Training model: top_right-original-bottom_right-tda-bottom_left
2025-04-27 23:03:09 - INFO - Model top_right-original-bottom_right-tda-bottom_left completed in 51.17 seconds.
2025-04-27 23:03:09 - INFO - >>> Model top_right-original-bottom_right-tda-bottom_left trained. Accuracy: 0.8881 (51.17 sec.)
2025-04-27 23:03:09 - INFO - Training model: top_right-original-top_left-tda-bottom_left
2025-04-27 23:04:01 - INFO - Model top_right-original-top_left-tda-bottom_left completed in 51.25 seconds.
2025-04-27 23:04:01 - INFO - >>> Model top_right-original-top_left-tda-bottom_left trained. Accuracy: 0.8918 (51.25 sec.)
2025-04-27 23:04:01 - INFO - Training model: original-bottom_right-top_left-tda-bottom_left
2025-04-27 23:04:51 - INFO - Model original-bottom_right-top_left-tda-bottom_left completed in 50.19 seconds.
2025-04-27 23:04:51 - INFO - >>> Model original-bottom_right-top_left-tda-bottom_left trained. Accuracy: 0.8836 (50.19 sec.)
2025-04-27 23:04:51 - INFO - Training model: top_right-original-bottom_right-top_left-tda-bottom_left
2025-04-27 23:05:47 - INFO - Model top_right-original-bottom_right-top_left-tda-bottom_left completed in 56.50 seconds.
2025-04-27 23:05:47 - INFO - >>> Model top_right-original-bottom_right-top_left-tda-bottom_left trained. Accuracy: 0.9017 (56.50 sec.)
2025-04-27 23:05:47 - INFO - All models trained successfully.
2025-04-27 23:05:47 - INFO - ========== [Model Training Completed] in 17.70 minutes ==========
2025-04-27 23:05:47 - INFO - ========== [Experiment Training Complete] ==========
2025-04-27 23:05:47 - INFO - Results saved to /home/jovyan/Workspace/workspace_mnist/results/exp_noise_lines_30_trainsplit_vary_noise/experiment_trainsize_predictions_2025-04-27_23-05-47.json
2025-04-27 23:05:47 - INFO - Results successfully saved to /home/jovyan/Workspace/workspace_mnist/results/exp_noise_lines_30_trainsplit_vary_noise/experiment_trainsize_predictions_2025-04-27_23-05-47.json
2025-04-27 23:05:47 - INFO - Forced Garbage collection executed to Free Memory.
2025-04-27 23:05:47 - INFO - ========== [Experiment Completed] in 31.27 minutes ==========
