2025-05-02 06:20:12 - INFO - Logging initialized.
 Writing to /home/jovyan/Workspace/workspace_mnist/logs/exp_noise_lines_30_trainsplit_vary_noise/experiment_logs_2025-05-02_06-20-12.log
2025-05-02 06:20:12 - INFO - ========== [Experiment Start] ==========
2025-05-02 06:20:12 - INFO - Views combinations successfully generated.
2025-05-02 06:20:12 - INFO - Topological Data Analysis pipeline generated.
2025-05-02 06:20:12 - INFO - Folder to save results has been created.
2025-05-02 06:20:12 - INFO - Reading dataset from mnist_784.csv (chunk size: 70000).
2025-05-02 06:20:13 - INFO - Starting multiview data preparation for a chunk of size (70000, 784)...
2025-05-02 06:20:13 - INFO - Running using 20 jobs.
2025-05-02 06:20:13 - INFO - Contaminating dataset with lines, quantity=45, transparency=1.0.
2025-05-02 06:20:31 - INFO - Splitting data: 50.0% train / 20.0% test (random_state=759596069)
2025-05-02 06:20:31 - INFO - Using full training data without second split.
2025-05-02 06:20:31 - INFO - Data split complete. Train size: (56000, 784), Test size: (14000, 784)
2025-05-02 06:20:31 - INFO - Reshaping train and test data into square images...
2025-05-02 06:20:31 - INFO - Reshaping complete. Train images shape: (56000, 28, 28), Test images shape: (14000, 28, 28)
2025-05-02 06:20:31 - INFO - Splitting images into quadrant views...
2025-05-02 06:20:31 - INFO - Quadrant view splitting complete. Train views: 4, Test views: 4
2025-05-02 06:20:31 - INFO - Saving sample images for each view...
2025-05-02 06:20:31 - INFO - Sample views saved successfully.
2025-05-02 06:20:31 - INFO - Starting TDA pipeline transformation on train data...
2025-05-02 06:31:36 - INFO - TDA transformation for train completed (11.08 minutes).
2025-05-02 06:31:36 - INFO - Applying TDA pipeline transformation on test data...
2025-05-02 06:34:12 - INFO - TDA transformation for test completed (2.61 minutes).
2025-05-02 06:34:12 - INFO - ========== [Model Training Start] ==========
2025-05-02 06:34:12 - INFO - Training model: original
2025-05-02 06:34:15 - INFO - Model original completed in 2.16 seconds.
2025-05-02 06:34:15 - INFO - >>> Model original trained. Accuracy: 0.7978 (2.16 sec.)
2025-05-02 06:34:15 - INFO - Training model: top_right-original
2025-05-02 06:34:32 - INFO - Model top_right-original completed in 17.31 seconds.
2025-05-02 06:34:32 - INFO - >>> Model top_right-original trained. Accuracy: 0.8247 (17.31 sec.)
2025-05-02 06:34:32 - INFO - Training model: bottom_right-original
2025-05-02 06:34:49 - INFO - Model bottom_right-original completed in 17.11 seconds.
2025-05-02 06:34:49 - INFO - >>> Model bottom_right-original trained. Accuracy: 0.8188 (17.11 sec.)
2025-05-02 06:34:49 - INFO - Training model: original-top_left
2025-05-02 06:35:06 - INFO - Model original-top_left completed in 17.11 seconds.
2025-05-02 06:35:06 - INFO - >>> Model original-top_left trained. Accuracy: 0.8235 (17.11 sec.)
2025-05-02 06:35:06 - INFO - Training model: original-tda
2025-05-02 06:35:41 - INFO - Model original-tda completed in 34.65 seconds.
2025-05-02 06:35:41 - INFO - >>> Model original-tda trained. Accuracy: 0.8002 (34.65 sec.)
2025-05-02 06:35:41 - INFO - Training model: original-bottom_left
2025-05-02 06:35:58 - INFO - Model original-bottom_left completed in 17.40 seconds.
2025-05-02 06:35:58 - INFO - >>> Model original-bottom_left trained. Accuracy: 0.8138 (17.40 sec.)
2025-05-02 06:35:58 - INFO - Training model: top_right-original-bottom_right
2025-05-02 06:36:22 - INFO - Model top_right-original-bottom_right completed in 23.40 seconds.
2025-05-02 06:36:22 - INFO - >>> Model top_right-original-bottom_right trained. Accuracy: 0.8394 (23.40 sec.)
2025-05-02 06:36:22 - INFO - Training model: top_right-original-top_left
2025-05-02 06:36:45 - INFO - Model top_right-original-top_left completed in 23.21 seconds.
2025-05-02 06:36:45 - INFO - >>> Model top_right-original-top_left trained. Accuracy: 0.8419 (23.21 sec.)
2025-05-02 06:36:45 - INFO - Training model: top_right-original-tda
2025-05-02 06:37:25 - INFO - Model top_right-original-tda completed in 40.17 seconds.
2025-05-02 06:37:25 - INFO - >>> Model top_right-original-tda trained. Accuracy: 0.8205 (40.17 sec.)
2025-05-02 06:37:25 - INFO - Training model: top_right-original-bottom_left
2025-05-02 06:37:48 - INFO - Model top_right-original-bottom_left completed in 23.23 seconds.
2025-05-02 06:37:48 - INFO - >>> Model top_right-original-bottom_left trained. Accuracy: 0.8386 (23.23 sec.)
2025-05-02 06:37:48 - INFO - Training model: bottom_right-original-top_left
2025-05-02 06:38:12 - INFO - Model bottom_right-original-top_left completed in 23.55 seconds.
2025-05-02 06:38:12 - INFO - >>> Model bottom_right-original-top_left trained. Accuracy: 0.8399 (23.55 sec.)
2025-05-02 06:38:12 - INFO - Training model: bottom_right-original-tda
2025-05-02 06:38:52 - INFO - Model bottom_right-original-tda completed in 40.45 seconds.
2025-05-02 06:38:52 - INFO - >>> Model bottom_right-original-tda trained. Accuracy: 0.8121 (40.45 sec.)
2025-05-02 06:38:52 - INFO - Training model: bottom_right-original-bottom_left
2025-05-02 06:39:16 - INFO - Model bottom_right-original-bottom_left completed in 23.37 seconds.
2025-05-02 06:39:16 - INFO - >>> Model bottom_right-original-bottom_left trained. Accuracy: 0.8304 (23.37 sec.)
2025-05-02 06:39:16 - INFO - Training model: original-top_left-tda
2025-05-02 06:39:55 - INFO - Model original-top_left-tda completed in 39.56 seconds.
2025-05-02 06:39:55 - INFO - >>> Model original-top_left-tda trained. Accuracy: 0.8191 (39.56 sec.)
2025-05-02 06:39:55 - INFO - Training model: original-top_left-bottom_left
2025-05-02 06:40:18 - INFO - Model original-top_left-bottom_left completed in 22.74 seconds.
2025-05-02 06:40:18 - INFO - >>> Model original-top_left-bottom_left trained. Accuracy: 0.8342 (22.74 sec.)
2025-05-02 06:40:18 - INFO - Training model: original-tda-bottom_left
2025-05-02 06:40:58 - INFO - Model original-tda-bottom_left completed in 40.29 seconds.
2025-05-02 06:40:58 - INFO - >>> Model original-tda-bottom_left trained. Accuracy: 0.8101 (40.29 sec.)
2025-05-02 06:40:58 - INFO - Training model: top_right-original-bottom_right-top_left
2025-05-02 06:41:27 - INFO - Model top_right-original-bottom_right-top_left completed in 29.04 seconds.
2025-05-02 06:41:27 - INFO - >>> Model top_right-original-bottom_right-top_left trained. Accuracy: 0.8564 (29.04 sec.)
2025-05-02 06:41:27 - INFO - Training model: top_right-original-bottom_right-tda
2025-05-02 06:42:14 - INFO - Model top_right-original-bottom_right-tda completed in 46.43 seconds.
2025-05-02 06:42:14 - INFO - >>> Model top_right-original-bottom_right-tda trained. Accuracy: 0.8336 (46.43 sec.)
2025-05-02 06:42:14 - INFO - Training model: top_right-original-bottom_right-bottom_left
2025-05-02 06:42:43 - INFO - Model top_right-original-bottom_right-bottom_left completed in 29.26 seconds.
2025-05-02 06:42:43 - INFO - >>> Model top_right-original-bottom_right-bottom_left trained. Accuracy: 0.8536 (29.26 sec.)
2025-05-02 06:42:43 - INFO - Training model: top_right-original-top_left-tda
2025-05-02 06:43:29 - INFO - Model top_right-original-top_left-tda completed in 46.09 seconds.
2025-05-02 06:43:29 - INFO - >>> Model top_right-original-top_left-tda trained. Accuracy: 0.8386 (46.09 sec.)
2025-05-02 06:43:29 - INFO - Training model: top_right-original-top_left-bottom_left
2025-05-02 06:43:58 - INFO - Model top_right-original-top_left-bottom_left completed in 28.91 seconds.
2025-05-02 06:43:58 - INFO - >>> Model top_right-original-top_left-bottom_left trained. Accuracy: 0.8580 (28.91 sec.)
2025-05-02 06:43:58 - INFO - Training model: top_right-original-tda-bottom_left
2025-05-02 06:44:44 - INFO - Model top_right-original-tda-bottom_left completed in 46.40 seconds.
2025-05-02 06:44:44 - INFO - >>> Model top_right-original-tda-bottom_left trained. Accuracy: 0.8350 (46.40 sec.)
2025-05-02 06:44:44 - INFO - Training model: bottom_right-original-top_left-tda
2025-05-02 06:45:30 - INFO - Model bottom_right-original-top_left-tda completed in 45.53 seconds.
2025-05-02 06:45:30 - INFO - >>> Model bottom_right-original-top_left-tda trained. Accuracy: 0.8332 (45.53 sec.)
2025-05-02 06:45:30 - INFO - Training model: bottom_right-original-top_left-bottom_left
2025-05-02 06:45:59 - INFO - Model bottom_right-original-top_left-bottom_left completed in 29.10 seconds.
2025-05-02 06:45:59 - INFO - >>> Model bottom_right-original-top_left-bottom_left trained. Accuracy: 0.8509 (29.10 sec.)
2025-05-02 06:45:59 - INFO - Training model: bottom_right-original-tda-bottom_left
2025-05-02 06:46:45 - INFO - Model bottom_right-original-tda-bottom_left completed in 46.27 seconds.
2025-05-02 06:46:45 - INFO - >>> Model bottom_right-original-tda-bottom_left trained. Accuracy: 0.8237 (46.27 sec.)
2025-05-02 06:46:45 - INFO - Training model: original-top_left-tda-bottom_left
2025-05-02 06:47:31 - INFO - Model original-top_left-tda-bottom_left completed in 45.83 seconds.
2025-05-02 06:47:31 - INFO - >>> Model original-top_left-tda-bottom_left trained. Accuracy: 0.8311 (45.83 sec.)
2025-05-02 06:47:31 - INFO - Training model: top_right-original-bottom_right-top_left-tda
2025-05-02 06:48:23 - INFO - Model top_right-original-bottom_right-top_left-tda completed in 52.30 seconds.
2025-05-02 06:48:23 - INFO - >>> Model top_right-original-bottom_right-top_left-tda trained. Accuracy: 0.8550 (52.30 sec.)
2025-05-02 06:48:23 - INFO - Training model: top_right-original-bottom_right-top_left-bottom_left
2025-05-02 06:48:59 - INFO - Model top_right-original-bottom_right-top_left-bottom_left completed in 35.14 seconds.
2025-05-02 06:48:59 - INFO - >>> Model top_right-original-bottom_right-top_left-bottom_left trained. Accuracy: 0.8737 (35.14 sec.)
2025-05-02 06:48:59 - INFO - Training model: top_right-original-bottom_right-tda-bottom_left
2025-05-02 06:49:51 - INFO - Model top_right-original-bottom_right-tda-bottom_left completed in 52.01 seconds.
2025-05-02 06:49:51 - INFO - >>> Model top_right-original-bottom_right-tda-bottom_left trained. Accuracy: 0.8484 (52.01 sec.)
2025-05-02 06:49:51 - INFO - Training model: top_right-original-top_left-tda-bottom_left
2025-05-02 06:50:42 - INFO - Model top_right-original-top_left-tda-bottom_left completed in 51.67 seconds.
2025-05-02 06:50:42 - INFO - >>> Model top_right-original-top_left-tda-bottom_left trained. Accuracy: 0.8548 (51.67 sec.)
2025-05-02 06:50:42 - INFO - Training model: original-bottom_right-top_left-tda-bottom_left
2025-05-02 06:51:34 - INFO - Model original-bottom_right-top_left-tda-bottom_left completed in 52.25 seconds.
2025-05-02 06:51:34 - INFO - >>> Model original-bottom_right-top_left-tda-bottom_left trained. Accuracy: 0.8450 (52.25 sec.)
2025-05-02 06:51:34 - INFO - Training model: top_right-original-bottom_right-top_left-tda-bottom_left
2025-05-02 06:52:33 - INFO - Model top_right-original-bottom_right-top_left-tda-bottom_left completed in 58.33 seconds.
2025-05-02 06:52:33 - INFO - >>> Model top_right-original-bottom_right-top_left-tda-bottom_left trained. Accuracy: 0.8706 (58.33 sec.)
2025-05-02 06:52:33 - INFO - All models trained successfully.
2025-05-02 06:52:33 - INFO - ========== [Model Training Completed] in 18.34 minutes ==========
2025-05-02 06:52:33 - INFO - ========== [Experiment Training Complete] ==========
2025-05-02 06:52:33 - INFO - Results saved to /home/jovyan/Workspace/workspace_mnist/results/exp_noise_lines_30_trainsplit_vary_noise/experiment_trainsize_predictions_2025-05-02_06-52-33.json
2025-05-02 06:52:33 - INFO - Results successfully saved to /home/jovyan/Workspace/workspace_mnist/results/exp_noise_lines_30_trainsplit_vary_noise/experiment_trainsize_predictions_2025-05-02_06-52-33.json
2025-05-02 06:52:33 - INFO - Forced Garbage collection executed to Free Memory.
2025-05-02 06:52:33 - INFO - ========== [Experiment Completed] in 32.35 minutes ==========
