2025-04-30 21:08:59 - INFO - Logging initialized.
 Writing to /home/jovyan/Workspace/workspace_mnist/logs/exp_noise_lines_30_trainsplit_vary_noise/experiment_logs_2025-04-30_21-08-59.log
2025-04-30 21:08:59 - INFO - ========== [Experiment Start] ==========
2025-04-30 21:08:59 - INFO - Views combinations successfully generated.
2025-04-30 21:08:59 - INFO - Topological Data Analysis pipeline generated.
2025-04-30 21:08:59 - INFO - Folder to save results has been created.
2025-04-30 21:08:59 - INFO - Reading dataset from mnist_784.csv (chunk size: 70000).
2025-04-30 21:09:00 - INFO - Starting multiview data preparation for a chunk of size (70000, 784)...
2025-04-30 21:09:00 - INFO - Running using 20 jobs.
2025-04-30 21:09:00 - INFO - Contaminating dataset with lines, quantity=15, transparency=1.0.
2025-04-30 21:09:08 - INFO - Splitting data: 50.0% train / 20.0% test (random_state=999719309)
2025-04-30 21:09:08 - INFO - Using full training data without second split.
2025-04-30 21:09:08 - INFO - Data split complete. Train size: (56000, 784), Test size: (14000, 784)
2025-04-30 21:09:08 - INFO - Reshaping train and test data into square images...
2025-04-30 21:09:08 - INFO - Reshaping complete. Train images shape: (56000, 28, 28), Test images shape: (14000, 28, 28)
2025-04-30 21:09:08 - INFO - Splitting images into quadrant views...
2025-04-30 21:09:08 - INFO - Quadrant view splitting complete. Train views: 4, Test views: 4
2025-04-30 21:09:08 - INFO - Saving sample images for each view...
2025-04-30 21:09:08 - INFO - Sample views saved successfully.
2025-04-30 21:09:08 - INFO - Starting TDA pipeline transformation on train data...
2025-04-30 21:19:38 - INFO - TDA transformation for train completed (10.50 minutes).
2025-04-30 21:19:38 - INFO - Applying TDA pipeline transformation on test data...
2025-04-30 21:22:16 - INFO - TDA transformation for test completed (2.64 minutes).
2025-04-30 21:22:16 - INFO - ========== [Model Training Start] ==========
2025-04-30 21:22:16 - INFO - Training model: original
2025-04-30 21:22:18 - INFO - Model original completed in 1.79 seconds.
2025-04-30 21:22:18 - INFO - >>> Model original trained. Accuracy: 0.9104 (1.79 sec.)
2025-04-30 21:22:18 - INFO - Training model: top_right-original
2025-04-30 21:22:32 - INFO - Model top_right-original completed in 14.54 seconds.
2025-04-30 21:22:32 - INFO - >>> Model top_right-original trained. Accuracy: 0.9214 (14.54 sec.)
2025-04-30 21:22:32 - INFO - Training model: bottom_right-original
2025-04-30 21:22:47 - INFO - Model bottom_right-original completed in 14.56 seconds.
2025-04-30 21:22:47 - INFO - >>> Model bottom_right-original trained. Accuracy: 0.9205 (14.56 sec.)
2025-04-30 21:22:47 - INFO - Training model: original-top_left
2025-04-30 21:23:01 - INFO - Model original-top_left completed in 14.23 seconds.
2025-04-30 21:23:01 - INFO - >>> Model original-top_left trained. Accuracy: 0.9225 (14.23 sec.)
2025-04-30 21:23:01 - INFO - Training model: original-tda
2025-04-30 21:23:33 - INFO - Model original-tda completed in 31.63 seconds.
2025-04-30 21:23:33 - INFO - >>> Model original-tda trained. Accuracy: 0.9134 (31.63 sec.)
2025-04-30 21:23:33 - INFO - Training model: original-bottom_left
2025-04-30 21:23:47 - INFO - Model original-bottom_left completed in 14.50 seconds.
2025-04-30 21:23:47 - INFO - >>> Model original-bottom_left trained. Accuracy: 0.9174 (14.50 sec.)
2025-04-30 21:23:47 - INFO - Training model: top_right-original-bottom_right
2025-04-30 21:24:07 - INFO - Model top_right-original-bottom_right completed in 19.58 seconds.
2025-04-30 21:24:07 - INFO - >>> Model top_right-original-bottom_right trained. Accuracy: 0.9280 (19.58 sec.)
2025-04-30 21:24:07 - INFO - Training model: top_right-original-top_left
2025-04-30 21:24:26 - INFO - Model top_right-original-top_left completed in 19.63 seconds.
2025-04-30 21:24:26 - INFO - >>> Model top_right-original-top_left trained. Accuracy: 0.9279 (19.63 sec.)
2025-04-30 21:24:26 - INFO - Training model: top_right-original-tda
2025-04-30 21:25:03 - INFO - Model top_right-original-tda completed in 37.03 seconds.
2025-04-30 21:25:03 - INFO - >>> Model top_right-original-tda trained. Accuracy: 0.9208 (37.03 sec.)
2025-04-30 21:25:03 - INFO - Training model: top_right-original-bottom_left
2025-04-30 21:25:23 - INFO - Model top_right-original-bottom_left completed in 19.65 seconds.
2025-04-30 21:25:23 - INFO - >>> Model top_right-original-bottom_left trained. Accuracy: 0.9262 (19.65 sec.)
2025-04-30 21:25:23 - INFO - Training model: bottom_right-original-top_left
2025-04-30 21:25:43 - INFO - Model bottom_right-original-top_left completed in 19.69 seconds.
2025-04-30 21:25:43 - INFO - >>> Model bottom_right-original-top_left trained. Accuracy: 0.9265 (19.69 sec.)
2025-04-30 21:25:43 - INFO - Training model: bottom_right-original-tda
2025-04-30 21:26:20 - INFO - Model bottom_right-original-tda completed in 37.43 seconds.
2025-04-30 21:26:20 - INFO - >>> Model bottom_right-original-tda trained. Accuracy: 0.9186 (37.43 sec.)
2025-04-30 21:26:20 - INFO - Training model: bottom_right-original-bottom_left
2025-04-30 21:26:40 - INFO - Model bottom_right-original-bottom_left completed in 19.46 seconds.
2025-04-30 21:26:40 - INFO - >>> Model bottom_right-original-bottom_left trained. Accuracy: 0.9231 (19.46 sec.)
2025-04-30 21:26:40 - INFO - Training model: original-top_left-tda
2025-04-30 21:27:16 - INFO - Model original-top_left-tda completed in 36.60 seconds.
2025-04-30 21:27:16 - INFO - >>> Model original-top_left-tda trained. Accuracy: 0.9206 (36.60 sec.)
2025-04-30 21:27:16 - INFO - Training model: original-top_left-bottom_left
2025-04-30 21:27:35 - INFO - Model original-top_left-bottom_left completed in 19.11 seconds.
2025-04-30 21:27:35 - INFO - >>> Model original-top_left-bottom_left trained. Accuracy: 0.9264 (19.11 sec.)
2025-04-30 21:27:35 - INFO - Training model: original-tda-bottom_left
2025-04-30 21:28:13 - INFO - Model original-tda-bottom_left completed in 37.58 seconds.
2025-04-30 21:28:13 - INFO - >>> Model original-tda-bottom_left trained. Accuracy: 0.9156 (37.58 sec.)
2025-04-30 21:28:13 - INFO - Training model: top_right-original-bottom_right-top_left
2025-04-30 21:28:37 - INFO - Model top_right-original-bottom_right-top_left completed in 24.51 seconds.
2025-04-30 21:28:37 - INFO - >>> Model top_right-original-bottom_right-top_left trained. Accuracy: 0.9351 (24.51 sec.)
2025-04-30 21:28:37 - INFO - Training model: top_right-original-bottom_right-tda
2025-04-30 21:29:19 - INFO - Model top_right-original-bottom_right-tda completed in 42.01 seconds.
2025-04-30 21:29:20 - INFO - >>> Model top_right-original-bottom_right-tda trained. Accuracy: 0.9254 (42.01 sec.)
2025-04-30 21:29:20 - INFO - Training model: top_right-original-bottom_right-bottom_left
2025-04-30 21:29:44 - INFO - Model top_right-original-bottom_right-bottom_left completed in 24.79 seconds.
2025-04-30 21:29:44 - INFO - >>> Model top_right-original-bottom_right-bottom_left trained. Accuracy: 0.9332 (24.79 sec.)
2025-04-30 21:29:44 - INFO - Training model: top_right-original-top_left-tda
2025-04-30 21:30:26 - INFO - Model top_right-original-top_left-tda completed in 41.77 seconds.
2025-04-30 21:30:26 - INFO - >>> Model top_right-original-top_left-tda trained. Accuracy: 0.9280 (41.77 sec.)
2025-04-30 21:30:26 - INFO - Training model: top_right-original-top_left-bottom_left
2025-04-30 21:30:51 - INFO - Model top_right-original-top_left-bottom_left completed in 25.08 seconds.
2025-04-30 21:30:51 - INFO - >>> Model top_right-original-top_left-bottom_left trained. Accuracy: 0.9363 (25.08 sec.)
2025-04-30 21:30:51 - INFO - Training model: top_right-original-tda-bottom_left
2025-04-30 21:31:33 - INFO - Model top_right-original-tda-bottom_left completed in 41.68 seconds.
2025-04-30 21:31:33 - INFO - >>> Model top_right-original-tda-bottom_left trained. Accuracy: 0.9257 (41.68 sec.)
2025-04-30 21:31:33 - INFO - Training model: bottom_right-original-top_left-tda
2025-04-30 21:32:15 - INFO - Model bottom_right-original-top_left-tda completed in 41.88 seconds.
2025-04-30 21:32:15 - INFO - >>> Model bottom_right-original-top_left-tda trained. Accuracy: 0.9262 (41.88 sec.)
2025-04-30 21:32:15 - INFO - Training model: bottom_right-original-top_left-bottom_left
2025-04-30 21:32:39 - INFO - Model bottom_right-original-top_left-bottom_left completed in 24.63 seconds.
2025-04-30 21:32:39 - INFO - >>> Model bottom_right-original-top_left-bottom_left trained. Accuracy: 0.9334 (24.63 sec.)
2025-04-30 21:32:39 - INFO - Training model: bottom_right-original-tda-bottom_left
2025-04-30 21:33:21 - INFO - Model bottom_right-original-tda-bottom_left completed in 41.88 seconds.
2025-04-30 21:33:21 - INFO - >>> Model bottom_right-original-tda-bottom_left trained. Accuracy: 0.9211 (41.88 sec.)
2025-04-30 21:33:21 - INFO - Training model: original-top_left-tda-bottom_left
2025-04-30 21:34:03 - INFO - Model original-top_left-tda-bottom_left completed in 41.62 seconds.
2025-04-30 21:34:03 - INFO - >>> Model original-top_left-tda-bottom_left trained. Accuracy: 0.9251 (41.62 sec.)
2025-04-30 21:34:03 - INFO - Training model: top_right-original-bottom_right-top_left-tda
2025-04-30 21:34:50 - INFO - Model top_right-original-bottom_right-top_left-tda completed in 47.37 seconds.
2025-04-30 21:34:50 - INFO - >>> Model top_right-original-bottom_right-top_left-tda trained. Accuracy: 0.9356 (47.37 sec.)
2025-04-30 21:34:50 - INFO - Training model: top_right-original-bottom_right-top_left-bottom_left
2025-04-30 21:35:21 - INFO - Model top_right-original-bottom_right-top_left-bottom_left completed in 30.25 seconds.
2025-04-30 21:35:21 - INFO - >>> Model top_right-original-bottom_right-top_left-bottom_left trained. Accuracy: 0.9412 (30.25 sec.)
2025-04-30 21:35:21 - INFO - Training model: top_right-original-bottom_right-tda-bottom_left
2025-04-30 21:36:08 - INFO - Model top_right-original-bottom_right-tda-bottom_left completed in 47.56 seconds.
2025-04-30 21:36:08 - INFO - >>> Model top_right-original-bottom_right-tda-bottom_left trained. Accuracy: 0.9316 (47.56 sec.)
2025-04-30 21:36:08 - INFO - Training model: top_right-original-top_left-tda-bottom_left
2025-04-30 21:36:55 - INFO - Model top_right-original-top_left-tda-bottom_left completed in 47.05 seconds.
2025-04-30 21:36:55 - INFO - >>> Model top_right-original-top_left-tda-bottom_left trained. Accuracy: 0.9342 (47.05 sec.)
2025-04-30 21:36:55 - INFO - Training model: original-bottom_right-top_left-tda-bottom_left
2025-04-30 21:37:42 - INFO - Model original-bottom_right-top_left-tda-bottom_left completed in 46.68 seconds.
2025-04-30 21:37:42 - INFO - >>> Model original-bottom_right-top_left-tda-bottom_left trained. Accuracy: 0.9307 (46.68 sec.)
2025-04-30 21:37:42 - INFO - Training model: top_right-original-bottom_right-top_left-tda-bottom_left
2025-04-30 21:38:34 - INFO - Model top_right-original-bottom_right-top_left-tda-bottom_left completed in 51.82 seconds.
2025-04-30 21:38:34 - INFO - >>> Model top_right-original-bottom_right-top_left-tda-bottom_left trained. Accuracy: 0.9409 (51.82 sec.)
2025-04-30 21:38:34 - INFO - All models trained successfully.
2025-04-30 21:38:34 - INFO - ========== [Model Training Completed] in 16.30 minutes ==========
2025-04-30 21:38:34 - INFO - ========== [Experiment Training Complete] ==========
2025-04-30 21:38:34 - INFO - Results saved to /home/jovyan/Workspace/workspace_mnist/results/exp_noise_lines_30_trainsplit_vary_noise/experiment_trainsize_predictions_2025-04-30_21-38-34.json
2025-04-30 21:38:34 - INFO - Results successfully saved to /home/jovyan/Workspace/workspace_mnist/results/exp_noise_lines_30_trainsplit_vary_noise/experiment_trainsize_predictions_2025-04-30_21-38-34.json
2025-04-30 21:38:34 - INFO - Forced Garbage collection executed to Free Memory.
2025-04-30 21:38:34 - INFO - ========== [Experiment Completed] in 29.57 minutes ==========
