2025-04-28 00:09:22 - INFO - Logging initialized.
 Writing to /home/jovyan/Workspace/workspace_mnist/logs/exp_noise_lines_30_trainsplit_vary_noise/experiment_logs_2025-04-28_00-09-22.log
2025-04-28 00:09:22 - INFO - ========== [Experiment Start] ==========
2025-04-28 00:09:22 - INFO - Views combinations successfully generated.
2025-04-28 00:09:22 - INFO - Topological Data Analysis pipeline generated.
2025-04-28 00:09:22 - INFO - Folder to save results has been created.
2025-04-28 00:09:22 - INFO - Reading dataset from mnist_784.csv (chunk size: 70000).
2025-04-28 00:09:23 - INFO - Starting multiview data preparation for a chunk of size (70000, 784)...
2025-04-28 00:09:23 - INFO - Running using 20 jobs.
2025-04-28 00:09:23 - INFO - Contaminating dataset with lines, quantity=39, transparency=1.0.
2025-04-28 00:09:40 - INFO - Splitting data: 50.0% train / 20.0% test (random_state=508701318)
2025-04-28 00:09:40 - INFO - Using full training data without second split.
2025-04-28 00:09:40 - INFO - Data split complete. Train size: (56000, 784), Test size: (14000, 784)
2025-04-28 00:09:40 - INFO - Reshaping train and test data into square images...
2025-04-28 00:09:40 - INFO - Reshaping complete. Train images shape: (56000, 28, 28), Test images shape: (14000, 28, 28)
2025-04-28 00:09:40 - INFO - Splitting images into quadrant views...
2025-04-28 00:09:40 - INFO - Quadrant view splitting complete. Train views: 4, Test views: 4
2025-04-28 00:09:40 - INFO - Saving sample images for each view...
2025-04-28 00:09:40 - INFO - Sample views saved successfully.
2025-04-28 00:09:40 - INFO - Starting TDA pipeline transformation on train data...
2025-04-28 00:19:57 - INFO - TDA transformation for train completed (10.28 minutes).
2025-04-28 00:19:57 - INFO - Applying TDA pipeline transformation on test data...
2025-04-28 00:22:19 - INFO - TDA transformation for test completed (2.38 minutes).
2025-04-28 00:22:19 - INFO - ========== [Model Training Start] ==========
2025-04-28 00:22:19 - INFO - Training model: original
2025-04-28 00:22:22 - INFO - Model original completed in 2.10 seconds.
2025-04-28 00:22:22 - INFO - >>> Model original trained. Accuracy: 0.8234 (2.10 sec.)
2025-04-28 00:22:22 - INFO - Training model: top_right-original
2025-04-28 00:22:38 - INFO - Model top_right-original completed in 16.60 seconds.
2025-04-28 00:22:38 - INFO - >>> Model top_right-original trained. Accuracy: 0.8489 (16.60 sec.)
2025-04-28 00:22:38 - INFO - Training model: bottom_right-original
2025-04-28 00:22:55 - INFO - Model bottom_right-original completed in 16.83 seconds.
2025-04-28 00:22:55 - INFO - >>> Model bottom_right-original trained. Accuracy: 0.8377 (16.83 sec.)
2025-04-28 00:22:55 - INFO - Training model: original-top_left
2025-04-28 00:23:11 - INFO - Model original-top_left completed in 16.17 seconds.
2025-04-28 00:23:11 - INFO - >>> Model original-top_left trained. Accuracy: 0.8441 (16.17 sec.)
2025-04-28 00:23:11 - INFO - Training model: original-tda
2025-04-28 00:23:44 - INFO - Model original-tda completed in 32.99 seconds.
2025-04-28 00:23:44 - INFO - >>> Model original-tda trained. Accuracy: 0.8281 (32.99 sec.)
2025-04-28 00:23:44 - INFO - Training model: original-bottom_left
2025-04-28 00:24:01 - INFO - Model original-bottom_left completed in 16.68 seconds.
2025-04-28 00:24:01 - INFO - >>> Model original-bottom_left trained. Accuracy: 0.8368 (16.68 sec.)
2025-04-28 00:24:01 - INFO - Training model: top_right-original-bottom_right
2025-04-28 00:24:23 - INFO - Model top_right-original-bottom_right completed in 22.38 seconds.
2025-04-28 00:24:23 - INFO - >>> Model top_right-original-bottom_right trained. Accuracy: 0.8599 (22.38 sec.)
2025-04-28 00:24:23 - INFO - Training model: top_right-original-top_left
2025-04-28 00:24:45 - INFO - Model top_right-original-top_left completed in 22.29 seconds.
2025-04-28 00:24:45 - INFO - >>> Model top_right-original-top_left trained. Accuracy: 0.8630 (22.29 sec.)
2025-04-28 00:24:45 - INFO - Training model: top_right-original-tda
2025-04-28 00:25:25 - INFO - Model top_right-original-tda completed in 39.60 seconds.
2025-04-28 00:25:25 - INFO - >>> Model top_right-original-tda trained. Accuracy: 0.8456 (39.60 sec.)
2025-04-28 00:25:25 - INFO - Training model: top_right-original-bottom_left
2025-04-28 00:25:47 - INFO - Model top_right-original-bottom_left completed in 22.12 seconds.
2025-04-28 00:25:47 - INFO - >>> Model top_right-original-bottom_left trained. Accuracy: 0.8612 (22.12 sec.)
2025-04-28 00:25:47 - INFO - Training model: bottom_right-original-top_left
2025-04-28 00:26:09 - INFO - Model bottom_right-original-top_left completed in 22.05 seconds.
2025-04-28 00:26:09 - INFO - >>> Model bottom_right-original-top_left trained. Accuracy: 0.8589 (22.05 sec.)
2025-04-28 00:26:09 - INFO - Training model: bottom_right-original-tda
2025-04-28 00:26:48 - INFO - Model bottom_right-original-tda completed in 38.66 seconds.
2025-04-28 00:26:48 - INFO - >>> Model bottom_right-original-tda trained. Accuracy: 0.8373 (38.66 sec.)
2025-04-28 00:26:48 - INFO - Training model: bottom_right-original-bottom_left
2025-04-28 00:27:10 - INFO - Model bottom_right-original-bottom_left completed in 22.24 seconds.
2025-04-28 00:27:10 - INFO - >>> Model bottom_right-original-bottom_left trained. Accuracy: 0.8479 (22.24 sec.)
2025-04-28 00:27:10 - INFO - Training model: original-top_left-tda
2025-04-28 00:27:49 - INFO - Model original-top_left-tda completed in 38.72 seconds.
2025-04-28 00:27:49 - INFO - >>> Model original-top_left-tda trained. Accuracy: 0.8416 (38.72 sec.)
2025-04-28 00:27:49 - INFO - Training model: original-top_left-bottom_left
2025-04-28 00:28:10 - INFO - Model original-top_left-bottom_left completed in 21.52 seconds.
2025-04-28 00:28:10 - INFO - >>> Model original-top_left-bottom_left trained. Accuracy: 0.8555 (21.52 sec.)
2025-04-28 00:28:10 - INFO - Training model: original-tda-bottom_left
2025-04-28 00:28:50 - INFO - Model original-tda-bottom_left completed in 39.15 seconds.
2025-04-28 00:28:50 - INFO - >>> Model original-tda-bottom_left trained. Accuracy: 0.8344 (39.15 sec.)
2025-04-28 00:28:50 - INFO - Training model: top_right-original-bottom_right-top_left
2025-04-28 00:29:18 - INFO - Model top_right-original-bottom_right-top_left completed in 28.16 seconds.
2025-04-28 00:29:18 - INFO - >>> Model top_right-original-bottom_right-top_left trained. Accuracy: 0.8764 (28.16 sec.)
2025-04-28 00:29:18 - INFO - Training model: top_right-original-bottom_right-tda
2025-04-28 00:30:03 - INFO - Model top_right-original-bottom_right-tda completed in 44.99 seconds.
2025-04-28 00:30:03 - INFO - >>> Model top_right-original-bottom_right-tda trained. Accuracy: 0.8576 (44.99 sec.)
2025-04-28 00:30:03 - INFO - Training model: top_right-original-bottom_right-bottom_left
2025-04-28 00:30:31 - INFO - Model top_right-original-bottom_right-bottom_left completed in 27.95 seconds.
2025-04-28 00:30:31 - INFO - >>> Model top_right-original-bottom_right-bottom_left trained. Accuracy: 0.8708 (27.95 sec.)
2025-04-28 00:30:31 - INFO - Training model: top_right-original-top_left-tda
2025-04-28 00:31:15 - INFO - Model top_right-original-top_left-tda completed in 44.18 seconds.
2025-04-28 00:31:15 - INFO - >>> Model top_right-original-top_left-tda trained. Accuracy: 0.8594 (44.18 sec.)
2025-04-28 00:31:15 - INFO - Training model: top_right-original-top_left-bottom_left
2025-04-28 00:31:42 - INFO - Model top_right-original-top_left-bottom_left completed in 27.28 seconds.
2025-04-28 00:31:42 - INFO - >>> Model top_right-original-top_left-bottom_left trained. Accuracy: 0.8758 (27.28 sec.)
2025-04-28 00:31:42 - INFO - Training model: top_right-original-tda-bottom_left
2025-04-28 00:32:27 - INFO - Model top_right-original-tda-bottom_left completed in 44.35 seconds.
2025-04-28 00:32:27 - INFO - >>> Model top_right-original-tda-bottom_left trained. Accuracy: 0.8553 (44.35 sec.)
2025-04-28 00:32:27 - INFO - Training model: bottom_right-original-top_left-tda
2025-04-28 00:33:11 - INFO - Model bottom_right-original-top_left-tda completed in 44.40 seconds.
2025-04-28 00:33:11 - INFO - >>> Model bottom_right-original-top_left-tda trained. Accuracy: 0.8521 (44.40 sec.)
2025-04-28 00:33:11 - INFO - Training model: bottom_right-original-top_left-bottom_left
2025-04-28 00:33:39 - INFO - Model bottom_right-original-top_left-bottom_left completed in 27.66 seconds.
2025-04-28 00:33:39 - INFO - >>> Model bottom_right-original-top_left-bottom_left trained. Accuracy: 0.8690 (27.66 sec.)
2025-04-28 00:33:39 - INFO - Training model: bottom_right-original-tda-bottom_left
2025-04-28 00:34:23 - INFO - Model bottom_right-original-tda-bottom_left completed in 44.32 seconds.
2025-04-28 00:34:23 - INFO - >>> Model bottom_right-original-tda-bottom_left trained. Accuracy: 0.8444 (44.32 sec.)
2025-04-28 00:34:23 - INFO - Training model: original-top_left-tda-bottom_left
2025-04-28 00:35:07 - INFO - Model original-top_left-tda-bottom_left completed in 44.25 seconds.
2025-04-28 00:35:07 - INFO - >>> Model original-top_left-tda-bottom_left trained. Accuracy: 0.8534 (44.25 sec.)
2025-04-28 00:35:07 - INFO - Training model: top_right-original-bottom_right-top_left-tda
2025-04-28 00:35:58 - INFO - Model top_right-original-bottom_right-top_left-tda completed in 50.93 seconds.
2025-04-28 00:35:58 - INFO - >>> Model top_right-original-bottom_right-top_left-tda trained. Accuracy: 0.8721 (50.93 sec.)
2025-04-28 00:35:58 - INFO - Training model: top_right-original-bottom_right-top_left-bottom_left
2025-04-28 00:36:32 - INFO - Model top_right-original-bottom_right-top_left-bottom_left completed in 33.72 seconds.
2025-04-28 00:36:32 - INFO - >>> Model top_right-original-bottom_right-top_left-bottom_left trained. Accuracy: 0.8869 (33.72 sec.)
2025-04-28 00:36:32 - INFO - Training model: top_right-original-bottom_right-tda-bottom_left
2025-04-28 00:37:22 - INFO - Model top_right-original-bottom_right-tda-bottom_left completed in 50.19 seconds.
2025-04-28 00:37:22 - INFO - >>> Model top_right-original-bottom_right-tda-bottom_left trained. Accuracy: 0.8661 (50.19 sec.)
2025-04-28 00:37:22 - INFO - Training model: top_right-original-top_left-tda-bottom_left
2025-04-28 00:38:13 - INFO - Model top_right-original-top_left-tda-bottom_left completed in 51.25 seconds.
2025-04-28 00:38:13 - INFO - >>> Model top_right-original-top_left-tda-bottom_left trained. Accuracy: 0.8745 (51.25 sec.)
2025-04-28 00:38:13 - INFO - Training model: original-bottom_right-top_left-tda-bottom_left
2025-04-28 00:39:04 - INFO - Model original-bottom_right-top_left-tda-bottom_left completed in 50.45 seconds.
2025-04-28 00:39:04 - INFO - >>> Model original-bottom_right-top_left-tda-bottom_left trained. Accuracy: 0.8640 (50.45 sec.)
2025-04-28 00:39:04 - INFO - Training model: top_right-original-bottom_right-top_left-tda-bottom_left
2025-04-28 00:40:00 - INFO - Model top_right-original-bottom_right-top_left-tda-bottom_left completed in 56.31 seconds.
2025-04-28 00:40:00 - INFO - >>> Model top_right-original-bottom_right-top_left-tda-bottom_left trained. Accuracy: 0.8844 (56.31 sec.)
2025-04-28 00:40:00 - INFO - All models trained successfully.
2025-04-28 00:40:00 - INFO - ========== [Model Training Completed] in 17.68 minutes ==========
2025-04-28 00:40:00 - INFO - ========== [Experiment Training Complete] ==========
2025-04-28 00:40:00 - INFO - Results saved to /home/jovyan/Workspace/workspace_mnist/results/exp_noise_lines_30_trainsplit_vary_noise/experiment_trainsize_predictions_2025-04-28_00-40-00.json
2025-04-28 00:40:00 - INFO - Results successfully saved to /home/jovyan/Workspace/workspace_mnist/results/exp_noise_lines_30_trainsplit_vary_noise/experiment_trainsize_predictions_2025-04-28_00-40-00.json
2025-04-28 00:40:00 - INFO - Forced Garbage collection executed to Free Memory.
2025-04-28 00:40:00 - INFO - ========== [Experiment Completed] in 30.63 minutes ==========
