2025-04-26 08:12:22 - INFO - Logging initialized.
 Writing to /home/jovyan/Workspace/workspace_mnist/logs/exp_noise_lines_30_trainsplit_vary_noise/experiment_logs_2025-04-26_08-12-22.log
2025-04-26 08:12:22 - INFO - ========== [Experiment Start] ==========
2025-04-26 08:12:22 - INFO - Views combinations successfully generated.
2025-04-26 08:12:22 - INFO - Topological Data Analysis pipeline generated.
2025-04-26 08:12:22 - INFO - Folder to save results has been created.
2025-04-26 08:12:22 - INFO - Reading dataset from mnist_784.csv (chunk size: 70000).
2025-04-26 08:12:22 - INFO - Starting multiview data preparation for a chunk of size (70000, 784)...
2025-04-26 08:12:22 - INFO - Running using 20 jobs.
2025-04-26 08:12:22 - INFO - Contaminating dataset with lines, quantity=29, transparency=1.0.
2025-04-26 08:12:35 - INFO - Splitting data: 50.0% train / 20.0% test (random_state=910968928)
2025-04-26 08:12:35 - INFO - Using full training data without second split.
2025-04-26 08:12:35 - INFO - Data split complete. Train size: (56000, 784), Test size: (14000, 784)
2025-04-26 08:12:35 - INFO - Reshaping train and test data into square images...
2025-04-26 08:12:35 - INFO - Reshaping complete. Train images shape: (56000, 28, 28), Test images shape: (14000, 28, 28)
2025-04-26 08:12:35 - INFO - Splitting images into quadrant views...
2025-04-26 08:12:35 - INFO - Quadrant view splitting complete. Train views: 4, Test views: 4
2025-04-26 08:12:35 - INFO - Saving sample images for each view...
2025-04-26 08:12:35 - INFO - Sample views saved successfully.
2025-04-26 08:12:35 - INFO - Starting TDA pipeline transformation on train data...
2025-04-26 08:22:27 - INFO - TDA transformation for train completed (9.87 minutes).
2025-04-26 08:22:27 - INFO - Applying TDA pipeline transformation on test data...
2025-04-26 08:24:50 - INFO - TDA transformation for test completed (2.38 minutes).
2025-04-26 08:24:50 - INFO - ========== [Model Training Start] ==========
2025-04-26 08:24:50 - INFO - Training model: original
2025-04-26 08:24:52 - INFO - Model original completed in 1.99 seconds.
2025-04-26 08:24:52 - INFO - >>> Model original trained. Accuracy: 0.8603 (1.99 sec.)
2025-04-26 08:24:52 - INFO - Training model: top_right-original
2025-04-26 08:25:08 - INFO - Model top_right-original completed in 15.95 seconds.
2025-04-26 08:25:08 - INFO - >>> Model top_right-original trained. Accuracy: 0.8839 (15.95 sec.)
2025-04-26 08:25:08 - INFO - Training model: bottom_right-original
2025-04-26 08:25:24 - INFO - Model bottom_right-original completed in 16.10 seconds.
2025-04-26 08:25:24 - INFO - >>> Model bottom_right-original trained. Accuracy: 0.8751 (16.10 sec.)
2025-04-26 08:25:24 - INFO - Training model: original-top_left
2025-04-26 08:25:39 - INFO - Model original-top_left completed in 15.33 seconds.
2025-04-26 08:25:39 - INFO - >>> Model original-top_left trained. Accuracy: 0.8776 (15.33 sec.)
2025-04-26 08:25:39 - INFO - Training model: original-tda
2025-04-26 08:26:11 - INFO - Model original-tda completed in 31.85 seconds.
2025-04-26 08:26:11 - INFO - >>> Model original-tda trained. Accuracy: 0.8641 (31.85 sec.)
2025-04-26 08:26:11 - INFO - Training model: original-bottom_left
2025-04-26 08:26:27 - INFO - Model original-bottom_left completed in 15.77 seconds.
2025-04-26 08:26:27 - INFO - >>> Model original-bottom_left trained. Accuracy: 0.8751 (15.77 sec.)
2025-04-26 08:26:27 - INFO - Training model: top_right-original-bottom_right
2025-04-26 08:26:49 - INFO - Model top_right-original-bottom_right completed in 21.69 seconds.
2025-04-26 08:26:49 - INFO - >>> Model top_right-original-bottom_right trained. Accuracy: 0.8916 (21.69 sec.)
2025-04-26 08:26:49 - INFO - Training model: top_right-original-top_left
2025-04-26 08:27:10 - INFO - Model top_right-original-top_left completed in 21.18 seconds.
2025-04-26 08:27:10 - INFO - >>> Model top_right-original-top_left trained. Accuracy: 0.8931 (21.18 sec.)
2025-04-26 08:27:10 - INFO - Training model: top_right-original-tda
2025-04-26 08:27:47 - INFO - Model top_right-original-tda completed in 37.56 seconds.
2025-04-26 08:27:47 - INFO - >>> Model top_right-original-tda trained. Accuracy: 0.8796 (37.56 sec.)
2025-04-26 08:27:47 - INFO - Training model: top_right-original-bottom_left
2025-04-26 08:28:09 - INFO - Model top_right-original-bottom_left completed in 21.29 seconds.
2025-04-26 08:28:09 - INFO - >>> Model top_right-original-bottom_left trained. Accuracy: 0.8904 (21.29 sec.)
2025-04-26 08:28:09 - INFO - Training model: bottom_right-original-top_left
2025-04-26 08:28:30 - INFO - Model bottom_right-original-top_left completed in 21.29 seconds.
2025-04-26 08:28:30 - INFO - >>> Model bottom_right-original-top_left trained. Accuracy: 0.8876 (21.29 sec.)
2025-04-26 08:28:30 - INFO - Training model: bottom_right-original-tda
2025-04-26 08:29:08 - INFO - Model bottom_right-original-tda completed in 37.66 seconds.
2025-04-26 08:29:08 - INFO - >>> Model bottom_right-original-tda trained. Accuracy: 0.8715 (37.66 sec.)
2025-04-26 08:29:08 - INFO - Training model: bottom_right-original-bottom_left
2025-04-26 08:29:29 - INFO - Model bottom_right-original-bottom_left completed in 21.12 seconds.
2025-04-26 08:29:29 - INFO - >>> Model bottom_right-original-bottom_left trained. Accuracy: 0.8851 (21.12 sec.)
2025-04-26 08:29:29 - INFO - Training model: original-top_left-tda
2025-04-26 08:30:06 - INFO - Model original-top_left-tda completed in 37.11 seconds.
2025-04-26 08:30:06 - INFO - >>> Model original-top_left-tda trained. Accuracy: 0.8748 (37.11 sec.)
2025-04-26 08:30:06 - INFO - Training model: original-top_left-bottom_left
2025-04-26 08:30:27 - INFO - Model original-top_left-bottom_left completed in 20.88 seconds.
2025-04-26 08:30:27 - INFO - >>> Model original-top_left-bottom_left trained. Accuracy: 0.8884 (20.88 sec.)
2025-04-26 08:30:27 - INFO - Training model: original-tda-bottom_left
2025-04-26 08:31:04 - INFO - Model original-tda-bottom_left completed in 37.52 seconds.
2025-04-26 08:31:04 - INFO - >>> Model original-tda-bottom_left trained. Accuracy: 0.8706 (37.52 sec.)
2025-04-26 08:31:04 - INFO - Training model: top_right-original-bottom_right-top_left
2025-04-26 08:31:31 - INFO - Model top_right-original-bottom_right-top_left completed in 26.58 seconds.
2025-04-26 08:31:31 - INFO - >>> Model top_right-original-bottom_right-top_left trained. Accuracy: 0.9049 (26.58 sec.)
2025-04-26 08:31:31 - INFO - Training model: top_right-original-bottom_right-tda
2025-04-26 08:32:14 - INFO - Model top_right-original-bottom_right-tda completed in 43.00 seconds.
2025-04-26 08:32:14 - INFO - >>> Model top_right-original-bottom_right-tda trained. Accuracy: 0.8890 (43.00 sec.)
2025-04-26 08:32:14 - INFO - Training model: top_right-original-bottom_right-bottom_left
2025-04-26 08:32:41 - INFO - Model top_right-original-bottom_right-bottom_left completed in 27.04 seconds.
2025-04-26 08:32:41 - INFO - >>> Model top_right-original-bottom_right-bottom_left trained. Accuracy: 0.8986 (27.04 sec.)
2025-04-26 08:32:41 - INFO - Training model: top_right-original-top_left-tda
2025-04-26 08:33:24 - INFO - Model top_right-original-top_left-tda completed in 42.81 seconds.
2025-04-26 08:33:24 - INFO - >>> Model top_right-original-top_left-tda trained. Accuracy: 0.8908 (42.81 sec.)
2025-04-26 08:33:24 - INFO - Training model: top_right-original-top_left-bottom_left
2025-04-26 08:33:50 - INFO - Model top_right-original-top_left-bottom_left completed in 26.61 seconds.
2025-04-26 08:33:50 - INFO - >>> Model top_right-original-top_left-bottom_left trained. Accuracy: 0.9038 (26.61 sec.)
2025-04-26 08:33:50 - INFO - Training model: top_right-original-tda-bottom_left
2025-04-26 08:34:34 - INFO - Model top_right-original-tda-bottom_left completed in 43.22 seconds.
2025-04-26 08:34:34 - INFO - >>> Model top_right-original-tda-bottom_left trained. Accuracy: 0.8871 (43.22 sec.)
2025-04-26 08:34:34 - INFO - Training model: bottom_right-original-top_left-tda
2025-04-26 08:35:16 - INFO - Model bottom_right-original-top_left-tda completed in 42.49 seconds.
2025-04-26 08:35:16 - INFO - >>> Model bottom_right-original-top_left-tda trained. Accuracy: 0.8844 (42.49 sec.)
2025-04-26 08:35:16 - INFO - Training model: bottom_right-original-top_left-bottom_left
2025-04-26 08:35:43 - INFO - Model bottom_right-original-top_left-bottom_left completed in 26.53 seconds.
2025-04-26 08:35:43 - INFO - >>> Model bottom_right-original-top_left-bottom_left trained. Accuracy: 0.8973 (26.53 sec.)
2025-04-26 08:35:43 - INFO - Training model: bottom_right-original-tda-bottom_left
2025-04-26 08:36:26 - INFO - Model bottom_right-original-tda-bottom_left completed in 43.33 seconds.
2025-04-26 08:36:26 - INFO - >>> Model bottom_right-original-tda-bottom_left trained. Accuracy: 0.8806 (43.33 sec.)
2025-04-26 08:36:26 - INFO - Training model: original-top_left-tda-bottom_left
2025-04-26 08:37:09 - INFO - Model original-top_left-tda-bottom_left completed in 42.80 seconds.
2025-04-26 08:37:09 - INFO - >>> Model original-top_left-tda-bottom_left trained. Accuracy: 0.8845 (42.80 sec.)
2025-04-26 08:37:09 - INFO - Training model: top_right-original-bottom_right-top_left-tda
2025-04-26 08:37:57 - INFO - Model top_right-original-bottom_right-top_left-tda completed in 48.70 seconds.
2025-04-26 08:37:57 - INFO - >>> Model top_right-original-bottom_right-top_left-tda trained. Accuracy: 0.9002 (48.70 sec.)
2025-04-26 08:37:57 - INFO - Training model: top_right-original-bottom_right-top_left-bottom_left
2025-04-26 08:38:30 - INFO - Model top_right-original-bottom_right-top_left-bottom_left completed in 32.83 seconds.
2025-04-26 08:38:30 - INFO - >>> Model top_right-original-bottom_right-top_left-bottom_left trained. Accuracy: 0.9134 (32.83 sec.)
2025-04-26 08:38:30 - INFO - Training model: top_right-original-bottom_right-tda-bottom_left
2025-04-26 08:39:19 - INFO - Model top_right-original-bottom_right-tda-bottom_left completed in 49.16 seconds.
2025-04-26 08:39:19 - INFO - >>> Model top_right-original-bottom_right-tda-bottom_left trained. Accuracy: 0.8975 (49.16 sec.)
2025-04-26 08:39:19 - INFO - Training model: top_right-original-top_left-tda-bottom_left
2025-04-26 08:40:08 - INFO - Model top_right-original-top_left-tda-bottom_left completed in 48.34 seconds.
2025-04-26 08:40:08 - INFO - >>> Model top_right-original-top_left-tda-bottom_left trained. Accuracy: 0.9036 (48.34 sec.)
2025-04-26 08:40:08 - INFO - Training model: original-bottom_right-top_left-tda-bottom_left
2025-04-26 08:40:57 - INFO - Model original-bottom_right-top_left-tda-bottom_left completed in 49.10 seconds.
2025-04-26 08:40:57 - INFO - >>> Model original-bottom_right-top_left-tda-bottom_left trained. Accuracy: 0.8949 (49.10 sec.)
2025-04-26 08:40:57 - INFO - Training model: top_right-original-bottom_right-top_left-tda-bottom_left
2025-04-26 08:41:52 - INFO - Model top_right-original-bottom_right-top_left-tda-bottom_left completed in 54.97 seconds.
2025-04-26 08:41:52 - INFO - >>> Model top_right-original-bottom_right-top_left-tda-bottom_left trained. Accuracy: 0.9118 (54.97 sec.)
2025-04-26 08:41:52 - INFO - All models trained successfully.
2025-04-26 08:41:52 - INFO - ========== [Model Training Completed] in 17.03 minutes ==========
2025-04-26 08:41:52 - INFO - ========== [Experiment Training Complete] ==========
2025-04-26 08:41:52 - INFO - Results saved to /home/jovyan/Workspace/workspace_mnist/results/exp_noise_lines_30_trainsplit_vary_noise/experiment_trainsize_predictions_2025-04-26_08-41-52.json
2025-04-26 08:41:52 - INFO - Results successfully saved to /home/jovyan/Workspace/workspace_mnist/results/exp_noise_lines_30_trainsplit_vary_noise/experiment_trainsize_predictions_2025-04-26_08-41-52.json
2025-04-26 08:41:52 - INFO - Forced Garbage collection executed to Free Memory.
2025-04-26 08:41:52 - INFO - ========== [Experiment Completed] in 29.51 minutes ==========
