2025-05-02 01:35:20 - INFO - Logging initialized.
 Writing to /home/jovyan/Workspace/workspace_mnist/logs/exp_noise_lines_30_trainsplit_vary_noise/experiment_logs_2025-05-02_01-35-20.log
2025-05-02 01:35:20 - INFO - ========== [Experiment Start] ==========
2025-05-02 01:35:20 - INFO - Views combinations successfully generated.
2025-05-02 01:35:20 - INFO - Topological Data Analysis pipeline generated.
2025-05-02 01:35:20 - INFO - Folder to save results has been created.
2025-05-02 01:35:20 - INFO - Reading dataset from mnist_784.csv (chunk size: 70000).
2025-05-02 01:35:21 - INFO - Starting multiview data preparation for a chunk of size (70000, 784)...
2025-05-02 01:35:21 - INFO - Running using 20 jobs.
2025-05-02 01:35:21 - INFO - Contaminating dataset with lines, quantity=27, transparency=1.0.
2025-05-02 01:35:33 - INFO - Splitting data: 50.0% train / 20.0% test (random_state=759596069)
2025-05-02 01:35:33 - INFO - Using full training data without second split.
2025-05-02 01:35:33 - INFO - Data split complete. Train size: (56000, 784), Test size: (14000, 784)
2025-05-02 01:35:33 - INFO - Reshaping train and test data into square images...
2025-05-02 01:35:33 - INFO - Reshaping complete. Train images shape: (56000, 28, 28), Test images shape: (14000, 28, 28)
2025-05-02 01:35:33 - INFO - Splitting images into quadrant views...
2025-05-02 01:35:33 - INFO - Quadrant view splitting complete. Train views: 4, Test views: 4
2025-05-02 01:35:33 - INFO - Saving sample images for each view...
2025-05-02 01:35:33 - INFO - Sample views saved successfully.
2025-05-02 01:35:33 - INFO - Starting TDA pipeline transformation on train data...
2025-05-02 01:45:37 - INFO - TDA transformation for train completed (10.06 minutes).
2025-05-02 01:45:37 - INFO - Applying TDA pipeline transformation on test data...
2025-05-02 01:48:04 - INFO - TDA transformation for test completed (2.45 minutes).
2025-05-02 01:48:04 - INFO - ========== [Model Training Start] ==========
2025-05-02 01:48:04 - INFO - Training model: original
2025-05-02 01:48:06 - INFO - Model original completed in 2.01 seconds.
2025-05-02 01:48:06 - INFO - >>> Model original trained. Accuracy: 0.8712 (2.01 sec.)
2025-05-02 01:48:06 - INFO - Training model: top_right-original
2025-05-02 01:48:22 - INFO - Model top_right-original completed in 16.19 seconds.
2025-05-02 01:48:22 - INFO - >>> Model top_right-original trained. Accuracy: 0.8909 (16.19 sec.)
2025-05-02 01:48:22 - INFO - Training model: bottom_right-original
2025-05-02 01:48:38 - INFO - Model bottom_right-original completed in 15.83 seconds.
2025-05-02 01:48:38 - INFO - >>> Model bottom_right-original trained. Accuracy: 0.8851 (15.83 sec.)
2025-05-02 01:48:38 - INFO - Training model: original-top_left
2025-05-02 01:48:54 - INFO - Model original-top_left completed in 15.92 seconds.
2025-05-02 01:48:54 - INFO - >>> Model original-top_left trained. Accuracy: 0.8908 (15.92 sec.)
2025-05-02 01:48:54 - INFO - Training model: original-tda
2025-05-02 01:49:28 - INFO - Model original-tda completed in 33.89 seconds.
2025-05-02 01:49:28 - INFO - >>> Model original-tda trained. Accuracy: 0.8730 (33.89 sec.)
2025-05-02 01:49:28 - INFO - Training model: original-bottom_left
2025-05-02 01:49:44 - INFO - Model original-bottom_left completed in 16.07 seconds.
2025-05-02 01:49:44 - INFO - >>> Model original-bottom_left trained. Accuracy: 0.8844 (16.07 sec.)
2025-05-02 01:49:44 - INFO - Training model: top_right-original-bottom_right
2025-05-02 01:50:06 - INFO - Model top_right-original-bottom_right completed in 21.78 seconds.
2025-05-02 01:50:06 - INFO - >>> Model top_right-original-bottom_right trained. Accuracy: 0.9001 (21.78 sec.)
2025-05-02 01:50:06 - INFO - Training model: top_right-original-top_left
2025-05-02 01:50:27 - INFO - Model top_right-original-top_left completed in 21.70 seconds.
2025-05-02 01:50:27 - INFO - >>> Model top_right-original-top_left trained. Accuracy: 0.9027 (21.70 sec.)
2025-05-02 01:50:27 - INFO - Training model: top_right-original-tda
2025-05-02 01:51:07 - INFO - Model top_right-original-tda completed in 39.15 seconds.
2025-05-02 01:51:07 - INFO - >>> Model top_right-original-tda trained. Accuracy: 0.8860 (39.15 sec.)
2025-05-02 01:51:07 - INFO - Training model: top_right-original-bottom_left
2025-05-02 01:51:29 - INFO - Model top_right-original-bottom_left completed in 22.00 seconds.
2025-05-02 01:51:29 - INFO - >>> Model top_right-original-bottom_left trained. Accuracy: 0.8989 (22.00 sec.)
2025-05-02 01:51:29 - INFO - Training model: bottom_right-original-top_left
2025-05-02 01:51:50 - INFO - Model bottom_right-original-top_left completed in 20.99 seconds.
2025-05-02 01:51:50 - INFO - >>> Model bottom_right-original-top_left trained. Accuracy: 0.8969 (20.99 sec.)
2025-05-02 01:51:50 - INFO - Training model: bottom_right-original-tda
2025-05-02 01:52:29 - INFO - Model bottom_right-original-tda completed in 39.38 seconds.
2025-05-02 01:52:29 - INFO - >>> Model bottom_right-original-tda trained. Accuracy: 0.8813 (39.38 sec.)
2025-05-02 01:52:29 - INFO - Training model: bottom_right-original-bottom_left
2025-05-02 01:52:51 - INFO - Model bottom_right-original-bottom_left completed in 22.22 seconds.
2025-05-02 01:52:51 - INFO - >>> Model bottom_right-original-bottom_left trained. Accuracy: 0.8911 (22.22 sec.)
2025-05-02 01:52:51 - INFO - Training model: original-top_left-tda
2025-05-02 01:53:30 - INFO - Model original-top_left-tda completed in 39.02 seconds.
2025-05-02 01:53:30 - INFO - >>> Model original-top_left-tda trained. Accuracy: 0.8865 (39.02 sec.)
2025-05-02 01:53:30 - INFO - Training model: original-top_left-bottom_left
2025-05-02 01:53:51 - INFO - Model original-top_left-bottom_left completed in 20.93 seconds.
2025-05-02 01:53:51 - INFO - >>> Model original-top_left-bottom_left trained. Accuracy: 0.8976 (20.93 sec.)
2025-05-02 01:53:51 - INFO - Training model: original-tda-bottom_left
2025-05-02 01:54:30 - INFO - Model original-tda-bottom_left completed in 39.21 seconds.
2025-05-02 01:54:30 - INFO - >>> Model original-tda-bottom_left trained. Accuracy: 0.8806 (39.21 sec.)
2025-05-02 01:54:30 - INFO - Training model: top_right-original-bottom_right-top_left
2025-05-02 01:54:57 - INFO - Model top_right-original-bottom_right-top_left completed in 27.00 seconds.
2025-05-02 01:54:57 - INFO - >>> Model top_right-original-bottom_right-top_left trained. Accuracy: 0.9129 (27.00 sec.)
2025-05-02 01:54:57 - INFO - Training model: top_right-original-bottom_right-tda
2025-05-02 01:55:42 - INFO - Model top_right-original-bottom_right-tda completed in 44.97 seconds.
2025-05-02 01:55:42 - INFO - >>> Model top_right-original-bottom_right-tda trained. Accuracy: 0.8953 (44.97 sec.)
2025-05-02 01:55:42 - INFO - Training model: top_right-original-bottom_right-bottom_left
2025-05-02 01:56:10 - INFO - Model top_right-original-bottom_right-bottom_left completed in 27.64 seconds.
2025-05-02 01:56:10 - INFO - >>> Model top_right-original-bottom_right-bottom_left trained. Accuracy: 0.9082 (27.64 sec.)
2025-05-02 01:56:10 - INFO - Training model: top_right-original-top_left-tda
2025-05-02 01:56:54 - INFO - Model top_right-original-top_left-tda completed in 44.41 seconds.
2025-05-02 01:56:54 - INFO - >>> Model top_right-original-top_left-tda trained. Accuracy: 0.8991 (44.41 sec.)
2025-05-02 01:56:54 - INFO - Training model: top_right-original-top_left-bottom_left
2025-05-02 01:57:21 - INFO - Model top_right-original-top_left-bottom_left completed in 26.24 seconds.
2025-05-02 01:57:21 - INFO - >>> Model top_right-original-top_left-bottom_left trained. Accuracy: 0.9151 (26.24 sec.)
2025-05-02 01:57:21 - INFO - Training model: top_right-original-tda-bottom_left
2025-05-02 01:58:05 - INFO - Model top_right-original-tda-bottom_left completed in 44.64 seconds.
2025-05-02 01:58:05 - INFO - >>> Model top_right-original-tda-bottom_left trained. Accuracy: 0.8941 (44.64 sec.)
2025-05-02 01:58:05 - INFO - Training model: bottom_right-original-top_left-tda
2025-05-02 01:58:50 - INFO - Model bottom_right-original-top_left-tda completed in 44.66 seconds.
2025-05-02 01:58:50 - INFO - >>> Model bottom_right-original-top_left-tda trained. Accuracy: 0.8941 (44.66 sec.)
2025-05-02 01:58:50 - INFO - Training model: bottom_right-original-top_left-bottom_left
2025-05-02 01:59:17 - INFO - Model bottom_right-original-top_left-bottom_left completed in 26.87 seconds.
2025-05-02 01:59:17 - INFO - >>> Model bottom_right-original-top_left-bottom_left trained. Accuracy: 0.9075 (26.87 sec.)
2025-05-02 01:59:17 - INFO - Training model: bottom_right-original-tda-bottom_left
2025-05-02 02:00:02 - INFO - Model bottom_right-original-tda-bottom_left completed in 44.75 seconds.
2025-05-02 02:00:02 - INFO - >>> Model bottom_right-original-tda-bottom_left trained. Accuracy: 0.8888 (44.75 sec.)
2025-05-02 02:00:02 - INFO - Training model: original-top_left-tda-bottom_left
2025-05-02 02:00:47 - INFO - Model original-top_left-tda-bottom_left completed in 44.93 seconds.
2025-05-02 02:00:47 - INFO - >>> Model original-top_left-tda-bottom_left trained. Accuracy: 0.8959 (44.93 sec.)
2025-05-02 02:00:47 - INFO - Training model: top_right-original-bottom_right-top_left-tda
2025-05-02 02:01:37 - INFO - Model top_right-original-bottom_right-top_left-tda completed in 50.17 seconds.
2025-05-02 02:01:37 - INFO - >>> Model top_right-original-bottom_right-top_left-tda trained. Accuracy: 0.9100 (50.17 sec.)
2025-05-02 02:01:37 - INFO - Training model: top_right-original-bottom_right-top_left-bottom_left
2025-05-02 02:02:09 - INFO - Model top_right-original-bottom_right-top_left-bottom_left completed in 32.40 seconds.
2025-05-02 02:02:09 - INFO - >>> Model top_right-original-bottom_right-top_left-bottom_left trained. Accuracy: 0.9225 (32.40 sec.)
2025-05-02 02:02:09 - INFO - Training model: top_right-original-bottom_right-tda-bottom_left
2025-05-02 02:02:59 - INFO - Model top_right-original-bottom_right-tda-bottom_left completed in 50.35 seconds.
2025-05-02 02:02:59 - INFO - >>> Model top_right-original-bottom_right-tda-bottom_left trained. Accuracy: 0.9046 (50.35 sec.)
2025-05-02 02:02:59 - INFO - Training model: top_right-original-top_left-tda-bottom_left
2025-05-02 02:03:49 - INFO - Model top_right-original-top_left-tda-bottom_left completed in 49.54 seconds.
2025-05-02 02:03:49 - INFO - >>> Model top_right-original-top_left-tda-bottom_left trained. Accuracy: 0.9111 (49.54 sec.)
2025-05-02 02:03:49 - INFO - Training model: original-bottom_right-top_left-tda-bottom_left
2025-05-02 02:04:39 - INFO - Model original-bottom_right-top_left-tda-bottom_left completed in 49.97 seconds.
2025-05-02 02:04:39 - INFO - >>> Model original-bottom_right-top_left-tda-bottom_left trained. Accuracy: 0.9014 (49.97 sec.)
2025-05-02 02:04:39 - INFO - Training model: top_right-original-bottom_right-top_left-tda-bottom_left
2025-05-02 02:05:35 - INFO - Model top_right-original-bottom_right-top_left-tda-bottom_left completed in 55.92 seconds.
2025-05-02 02:05:35 - INFO - >>> Model top_right-original-bottom_right-top_left-tda-bottom_left trained. Accuracy: 0.9194 (55.92 sec.)
2025-05-02 02:05:35 - INFO - All models trained successfully.
2025-05-02 02:05:35 - INFO - ========== [Model Training Completed] in 17.51 minutes ==========
2025-05-02 02:05:35 - INFO - ========== [Experiment Training Complete] ==========
2025-05-02 02:05:35 - INFO - Results saved to /home/jovyan/Workspace/workspace_mnist/results/exp_noise_lines_30_trainsplit_vary_noise/experiment_trainsize_predictions_2025-05-02_02-05-35.json
2025-05-02 02:05:35 - INFO - Results successfully saved to /home/jovyan/Workspace/workspace_mnist/results/exp_noise_lines_30_trainsplit_vary_noise/experiment_trainsize_predictions_2025-05-02_02-05-35.json
2025-05-02 02:05:35 - INFO - Forced Garbage collection executed to Free Memory.
2025-05-02 02:05:35 - INFO - ========== [Experiment Completed] in 30.25 minutes ==========
