2025-04-30 02:15:23 - INFO - Logging initialized.
 Writing to /home/jovyan/Workspace/workspace_mnist/logs/exp_noise_lines_30_trainsplit_vary_noise/experiment_logs_2025-04-30_02-15-23.log
2025-04-30 02:15:23 - INFO - ========== [Experiment Start] ==========
2025-04-30 02:15:23 - INFO - Views combinations successfully generated.
2025-04-30 02:15:23 - INFO - Topological Data Analysis pipeline generated.
2025-04-30 02:15:23 - INFO - Folder to save results has been created.
2025-04-30 02:15:23 - INFO - Reading dataset from mnist_784.csv (chunk size: 70000).
2025-04-30 02:15:24 - INFO - Starting multiview data preparation for a chunk of size (70000, 784)...
2025-04-30 02:15:24 - INFO - Running using 20 jobs.
2025-04-30 02:15:24 - INFO - Contaminating dataset with lines, quantity=39, transparency=1.0.
2025-04-30 02:15:40 - INFO - Splitting data: 50.0% train / 20.0% test (random_state=824368717)
2025-04-30 02:15:40 - INFO - Using full training data without second split.
2025-04-30 02:15:40 - INFO - Data split complete. Train size: (56000, 784), Test size: (14000, 784)
2025-04-30 02:15:40 - INFO - Reshaping train and test data into square images...
2025-04-30 02:15:40 - INFO - Reshaping complete. Train images shape: (56000, 28, 28), Test images shape: (14000, 28, 28)
2025-04-30 02:15:40 - INFO - Splitting images into quadrant views...
2025-04-30 02:15:40 - INFO - Quadrant view splitting complete. Train views: 4, Test views: 4
2025-04-30 02:15:40 - INFO - Saving sample images for each view...
2025-04-30 02:15:40 - INFO - Sample views saved successfully.
2025-04-30 02:15:40 - INFO - Starting TDA pipeline transformation on train data...
2025-04-30 02:26:27 - INFO - TDA transformation for train completed (10.78 minutes).
2025-04-30 02:26:27 - INFO - Applying TDA pipeline transformation on test data...
2025-04-30 02:29:00 - INFO - TDA transformation for test completed (2.55 minutes).
2025-04-30 02:29:00 - INFO - ========== [Model Training Start] ==========
2025-04-30 02:29:00 - INFO - Training model: original
2025-04-30 02:29:02 - INFO - Model original completed in 2.27 seconds.
2025-04-30 02:29:02 - INFO - >>> Model original trained. Accuracy: 0.8224 (2.27 sec.)
2025-04-30 02:29:02 - INFO - Training model: top_right-original
2025-04-30 02:29:20 - INFO - Model top_right-original completed in 17.49 seconds.
2025-04-30 02:29:20 - INFO - >>> Model top_right-original trained. Accuracy: 0.8462 (17.49 sec.)
2025-04-30 02:29:20 - INFO - Training model: bottom_right-original
2025-04-30 02:29:37 - INFO - Model bottom_right-original completed in 17.53 seconds.
2025-04-30 02:29:37 - INFO - >>> Model bottom_right-original trained. Accuracy: 0.8394 (17.53 sec.)
2025-04-30 02:29:37 - INFO - Training model: original-top_left
2025-04-30 02:29:54 - INFO - Model original-top_left completed in 17.00 seconds.
2025-04-30 02:29:54 - INFO - >>> Model original-top_left trained. Accuracy: 0.8472 (17.00 sec.)
2025-04-30 02:29:54 - INFO - Training model: original-tda
2025-04-30 02:30:30 - INFO - Model original-tda completed in 35.29 seconds.
2025-04-30 02:30:30 - INFO - >>> Model original-tda trained. Accuracy: 0.8243 (35.29 sec.)
2025-04-30 02:30:30 - INFO - Training model: original-bottom_left
2025-04-30 02:30:47 - INFO - Model original-bottom_left completed in 17.28 seconds.
2025-04-30 02:30:47 - INFO - >>> Model original-bottom_left trained. Accuracy: 0.8418 (17.28 sec.)
2025-04-30 02:30:47 - INFO - Training model: top_right-original-bottom_right
2025-04-30 02:31:10 - INFO - Model top_right-original-bottom_right completed in 23.46 seconds.
2025-04-30 02:31:10 - INFO - >>> Model top_right-original-bottom_right trained. Accuracy: 0.8581 (23.46 sec.)
2025-04-30 02:31:10 - INFO - Training model: top_right-original-top_left
2025-04-30 02:31:33 - INFO - Model top_right-original-top_left completed in 22.81 seconds.
2025-04-30 02:31:33 - INFO - >>> Model top_right-original-top_left trained. Accuracy: 0.8624 (22.81 sec.)
2025-04-30 02:31:33 - INFO - Training model: top_right-original-tda
2025-04-30 02:32:14 - INFO - Model top_right-original-tda completed in 40.63 seconds.
2025-04-30 02:32:14 - INFO - >>> Model top_right-original-tda trained. Accuracy: 0.8422 (40.63 sec.)
2025-04-30 02:32:14 - INFO - Training model: top_right-original-bottom_left
2025-04-30 02:32:37 - INFO - Model top_right-original-bottom_left completed in 23.27 seconds.
2025-04-30 02:32:37 - INFO - >>> Model top_right-original-bottom_left trained. Accuracy: 0.8589 (23.27 sec.)
2025-04-30 02:32:37 - INFO - Training model: bottom_right-original-top_left
2025-04-30 02:33:00 - INFO - Model bottom_right-original-top_left completed in 23.00 seconds.
2025-04-30 02:33:00 - INFO - >>> Model bottom_right-original-top_left trained. Accuracy: 0.8581 (23.00 sec.)
2025-04-30 02:33:00 - INFO - Training model: bottom_right-original-tda
2025-04-30 02:33:40 - INFO - Model bottom_right-original-tda completed in 39.92 seconds.
2025-04-30 02:33:40 - INFO - >>> Model bottom_right-original-tda trained. Accuracy: 0.8349 (39.92 sec.)
2025-04-30 02:33:40 - INFO - Training model: bottom_right-original-bottom_left
2025-04-30 02:34:04 - INFO - Model bottom_right-original-bottom_left completed in 23.70 seconds.
2025-04-30 02:34:04 - INFO - >>> Model bottom_right-original-bottom_left trained. Accuracy: 0.8516 (23.70 sec.)
2025-04-30 02:34:04 - INFO - Training model: original-top_left-tda
2025-04-30 02:34:44 - INFO - Model original-top_left-tda completed in 40.46 seconds.
2025-04-30 02:34:44 - INFO - >>> Model original-top_left-tda trained. Accuracy: 0.8416 (40.46 sec.)
2025-04-30 02:34:44 - INFO - Training model: original-top_left-bottom_left
2025-04-30 02:35:07 - INFO - Model original-top_left-bottom_left completed in 23.00 seconds.
2025-04-30 02:35:07 - INFO - >>> Model original-top_left-bottom_left trained. Accuracy: 0.8571 (23.00 sec.)
2025-04-30 02:35:07 - INFO - Training model: original-tda-bottom_left
2025-04-30 02:35:48 - INFO - Model original-tda-bottom_left completed in 41.09 seconds.
2025-04-30 02:35:48 - INFO - >>> Model original-tda-bottom_left trained. Accuracy: 0.8370 (41.09 sec.)
2025-04-30 02:35:48 - INFO - Training model: top_right-original-bottom_right-top_left
2025-04-30 02:36:18 - INFO - Model top_right-original-bottom_right-top_left completed in 29.11 seconds.
2025-04-30 02:36:18 - INFO - >>> Model top_right-original-bottom_right-top_left trained. Accuracy: 0.8741 (29.11 sec.)
2025-04-30 02:36:18 - INFO - Training model: top_right-original-bottom_right-tda
2025-04-30 02:37:04 - INFO - Model top_right-original-bottom_right-tda completed in 46.77 seconds.
2025-04-30 02:37:04 - INFO - >>> Model top_right-original-bottom_right-tda trained. Accuracy: 0.8531 (46.77 sec.)
2025-04-30 02:37:04 - INFO - Training model: top_right-original-bottom_right-bottom_left
2025-04-30 02:37:35 - INFO - Model top_right-original-bottom_right-bottom_left completed in 30.37 seconds.
2025-04-30 02:37:35 - INFO - >>> Model top_right-original-bottom_right-bottom_left trained. Accuracy: 0.8736 (30.37 sec.)
2025-04-30 02:37:35 - INFO - Training model: top_right-original-top_left-tda
2025-04-30 02:38:21 - INFO - Model top_right-original-top_left-tda completed in 46.30 seconds.
2025-04-30 02:38:21 - INFO - >>> Model top_right-original-top_left-tda trained. Accuracy: 0.8574 (46.30 sec.)
2025-04-30 02:38:21 - INFO - Training model: top_right-original-top_left-bottom_left
2025-04-30 02:38:50 - INFO - Model top_right-original-top_left-bottom_left completed in 29.41 seconds.
2025-04-30 02:38:50 - INFO - >>> Model top_right-original-top_left-bottom_left trained. Accuracy: 0.8764 (29.41 sec.)
2025-04-30 02:38:50 - INFO - Training model: top_right-original-tda-bottom_left
2025-04-30 02:39:37 - INFO - Model top_right-original-tda-bottom_left completed in 46.31 seconds.
2025-04-30 02:39:37 - INFO - >>> Model top_right-original-tda-bottom_left trained. Accuracy: 0.8563 (46.31 sec.)
2025-04-30 02:39:37 - INFO - Training model: bottom_right-original-top_left-tda
2025-04-30 02:40:23 - INFO - Model bottom_right-original-top_left-tda completed in 46.07 seconds.
2025-04-30 02:40:23 - INFO - >>> Model bottom_right-original-top_left-tda trained. Accuracy: 0.8533 (46.07 sec.)
2025-04-30 02:40:23 - INFO - Training model: bottom_right-original-top_left-bottom_left
2025-04-30 02:40:51 - INFO - Model bottom_right-original-top_left-bottom_left completed in 28.68 seconds.
2025-04-30 02:40:51 - INFO - >>> Model bottom_right-original-top_left-bottom_left trained. Accuracy: 0.8709 (28.68 sec.)
2025-04-30 02:40:51 - INFO - Training model: bottom_right-original-tda-bottom_left
2025-04-30 02:41:37 - INFO - Model bottom_right-original-tda-bottom_left completed in 45.83 seconds.
2025-04-30 02:41:37 - INFO - >>> Model bottom_right-original-tda-bottom_left trained. Accuracy: 0.8489 (45.83 sec.)
2025-04-30 02:41:37 - INFO - Training model: original-top_left-tda-bottom_left
2025-04-30 02:42:23 - INFO - Model original-top_left-tda-bottom_left completed in 45.32 seconds.
2025-04-30 02:42:23 - INFO - >>> Model original-top_left-tda-bottom_left trained. Accuracy: 0.8526 (45.32 sec.)
2025-04-30 02:42:23 - INFO - Training model: top_right-original-bottom_right-top_left-tda
2025-04-30 02:43:14 - INFO - Model top_right-original-bottom_right-top_left-tda completed in 51.47 seconds.
2025-04-30 02:43:14 - INFO - >>> Model top_right-original-bottom_right-top_left-tda trained. Accuracy: 0.8695 (51.47 sec.)
2025-04-30 02:43:14 - INFO - Training model: top_right-original-bottom_right-top_left-bottom_left
2025-04-30 02:43:49 - INFO - Model top_right-original-bottom_right-top_left-bottom_left completed in 34.60 seconds.
2025-04-30 02:43:49 - INFO - >>> Model top_right-original-bottom_right-top_left-bottom_left trained. Accuracy: 0.8891 (34.60 sec.)
2025-04-30 02:43:49 - INFO - Training model: top_right-original-bottom_right-tda-bottom_left
2025-04-30 02:44:40 - INFO - Model top_right-original-bottom_right-tda-bottom_left completed in 51.56 seconds.
2025-04-30 02:44:40 - INFO - >>> Model top_right-original-bottom_right-tda-bottom_left trained. Accuracy: 0.8675 (51.56 sec.)
2025-04-30 02:44:40 - INFO - Training model: top_right-original-top_left-tda-bottom_left
2025-04-30 02:45:32 - INFO - Model top_right-original-top_left-tda-bottom_left completed in 51.54 seconds.
2025-04-30 02:45:32 - INFO - >>> Model top_right-original-top_left-tda-bottom_left trained. Accuracy: 0.8745 (51.54 sec.)
2025-04-30 02:45:32 - INFO - Training model: original-bottom_right-top_left-tda-bottom_left
2025-04-30 02:46:22 - INFO - Model original-bottom_right-top_left-tda-bottom_left completed in 50.59 seconds.
2025-04-30 02:46:22 - INFO - >>> Model original-bottom_right-top_left-tda-bottom_left trained. Accuracy: 0.8666 (50.59 sec.)
2025-04-30 02:46:22 - INFO - Training model: top_right-original-bottom_right-top_left-tda-bottom_left
2025-04-30 02:47:20 - INFO - Model top_right-original-bottom_right-top_left-tda-bottom_left completed in 57.17 seconds.
2025-04-30 02:47:20 - INFO - >>> Model top_right-original-bottom_right-top_left-tda-bottom_left trained. Accuracy: 0.8846 (57.17 sec.)
2025-04-30 02:47:20 - INFO - All models trained successfully.
2025-04-30 02:47:20 - INFO - ========== [Model Training Completed] in 18.32 minutes ==========
2025-04-30 02:47:20 - INFO - ========== [Experiment Training Complete] ==========
2025-04-30 02:47:20 - INFO - Results saved to /home/jovyan/Workspace/workspace_mnist/results/exp_noise_lines_30_trainsplit_vary_noise/experiment_trainsize_predictions_2025-04-30_02-47-20.json
2025-04-30 02:47:20 - INFO - Results successfully saved to /home/jovyan/Workspace/workspace_mnist/results/exp_noise_lines_30_trainsplit_vary_noise/experiment_trainsize_predictions_2025-04-30_02-47-20.json
2025-04-30 02:47:20 - INFO - Forced Garbage collection executed to Free Memory.
2025-04-30 02:47:20 - INFO - ========== [Experiment Completed] in 31.95 minutes ==========
