2025-04-28 18:27:21 - INFO - Logging initialized.
 Writing to /home/jovyan/Workspace/workspace_mnist/logs/exp_noise_lines_30_trainsplit_vary_noise/experiment_logs_2025-04-28_18-27-21.log
2025-04-28 18:27:21 - INFO - ========== [Experiment Start] ==========
2025-04-28 18:27:21 - INFO - Views combinations successfully generated.
2025-04-28 18:27:21 - INFO - Topological Data Analysis pipeline generated.
2025-04-28 18:27:21 - INFO - Folder to save results has been created.
2025-04-28 18:27:21 - INFO - Reading dataset from mnist_784.csv (chunk size: 70000).
2025-04-28 18:27:22 - INFO - Starting multiview data preparation for a chunk of size (70000, 784)...
2025-04-28 18:27:22 - INFO - Running using 20 jobs.
2025-04-28 18:27:22 - INFO - Contaminating dataset with lines, quantity=13, transparency=1.0.
2025-04-28 18:27:29 - INFO - Splitting data: 50.0% train / 20.0% test (random_state=561967060)
2025-04-28 18:27:29 - INFO - Using full training data without second split.
2025-04-28 18:27:29 - INFO - Data split complete. Train size: (56000, 784), Test size: (14000, 784)
2025-04-28 18:27:29 - INFO - Reshaping train and test data into square images...
2025-04-28 18:27:29 - INFO - Reshaping complete. Train images shape: (56000, 28, 28), Test images shape: (14000, 28, 28)
2025-04-28 18:27:29 - INFO - Splitting images into quadrant views...
2025-04-28 18:27:29 - INFO - Quadrant view splitting complete. Train views: 4, Test views: 4
2025-04-28 18:27:29 - INFO - Saving sample images for each view...
2025-04-28 18:27:29 - INFO - Sample views saved successfully.
2025-04-28 18:27:29 - INFO - Starting TDA pipeline transformation on train data...
2025-04-28 18:38:30 - INFO - TDA transformation for train completed (11.03 minutes).
2025-04-28 18:38:30 - INFO - Applying TDA pipeline transformation on test data...
2025-04-28 18:41:07 - INFO - TDA transformation for test completed (2.61 minutes).
2025-04-28 18:41:07 - INFO - ========== [Model Training Start] ==========
2025-04-28 18:41:07 - INFO - Training model: original
2025-04-28 18:41:08 - INFO - Model original completed in 1.74 seconds.
2025-04-28 18:41:08 - INFO - >>> Model original trained. Accuracy: 0.9207 (1.74 sec.)
2025-04-28 18:41:08 - INFO - Training model: top_right-original
2025-04-28 18:41:23 - INFO - Model top_right-original completed in 14.19 seconds.
2025-04-28 18:41:23 - INFO - >>> Model top_right-original trained. Accuracy: 0.9308 (14.19 sec.)
2025-04-28 18:41:23 - INFO - Training model: bottom_right-original
2025-04-28 18:41:37 - INFO - Model bottom_right-original completed in 14.49 seconds.
2025-04-28 18:41:37 - INFO - >>> Model bottom_right-original trained. Accuracy: 0.9299 (14.49 sec.)
2025-04-28 18:41:37 - INFO - Training model: original-top_left
2025-04-28 18:41:51 - INFO - Model original-top_left completed in 13.83 seconds.
2025-04-28 18:41:51 - INFO - >>> Model original-top_left trained. Accuracy: 0.9330 (13.83 sec.)
2025-04-28 18:41:51 - INFO - Training model: original-tda
2025-04-28 18:42:21 - INFO - Model original-tda completed in 30.04 seconds.
2025-04-28 18:42:21 - INFO - >>> Model original-tda trained. Accuracy: 0.9239 (30.04 sec.)
2025-04-28 18:42:21 - INFO - Training model: original-bottom_left
2025-04-28 18:42:35 - INFO - Model original-bottom_left completed in 14.00 seconds.
2025-04-28 18:42:35 - INFO - >>> Model original-bottom_left trained. Accuracy: 0.9288 (14.00 sec.)
2025-04-28 18:42:35 - INFO - Training model: top_right-original-bottom_right
2025-04-28 18:42:54 - INFO - Model top_right-original-bottom_right completed in 19.39 seconds.
2025-04-28 18:42:54 - INFO - >>> Model top_right-original-bottom_right trained. Accuracy: 0.9370 (19.39 sec.)
2025-04-28 18:42:54 - INFO - Training model: top_right-original-top_left
2025-04-28 18:43:13 - INFO - Model top_right-original-top_left completed in 18.78 seconds.
2025-04-28 18:43:13 - INFO - >>> Model top_right-original-top_left trained. Accuracy: 0.9395 (18.78 sec.)
2025-04-28 18:43:13 - INFO - Training model: top_right-original-tda
2025-04-28 18:43:49 - INFO - Model top_right-original-tda completed in 35.64 seconds.
2025-04-28 18:43:49 - INFO - >>> Model top_right-original-tda trained. Accuracy: 0.9296 (35.64 sec.)
2025-04-28 18:43:49 - INFO - Training model: top_right-original-bottom_left
2025-04-28 18:44:08 - INFO - Model top_right-original-bottom_left completed in 19.35 seconds.
2025-04-28 18:44:08 - INFO - >>> Model top_right-original-bottom_left trained. Accuracy: 0.9359 (19.35 sec.)
2025-04-28 18:44:08 - INFO - Training model: bottom_right-original-top_left
2025-04-28 18:44:27 - INFO - Model bottom_right-original-top_left completed in 18.97 seconds.
2025-04-28 18:44:27 - INFO - >>> Model bottom_right-original-top_left trained. Accuracy: 0.9369 (18.97 sec.)
2025-04-28 18:44:27 - INFO - Training model: bottom_right-original-tda
2025-04-28 18:45:03 - INFO - Model bottom_right-original-tda completed in 35.55 seconds.
2025-04-28 18:45:03 - INFO - >>> Model bottom_right-original-tda trained. Accuracy: 0.9269 (35.55 sec.)
2025-04-28 18:45:03 - INFO - Training model: bottom_right-original-bottom_left
2025-04-28 18:45:22 - INFO - Model bottom_right-original-bottom_left completed in 18.88 seconds.
2025-04-28 18:45:22 - INFO - >>> Model bottom_right-original-bottom_left trained. Accuracy: 0.9328 (18.88 sec.)
2025-04-28 18:45:22 - INFO - Training model: original-top_left-tda
2025-04-28 18:45:58 - INFO - Model original-top_left-tda completed in 36.12 seconds.
2025-04-28 18:45:58 - INFO - >>> Model original-top_left-tda trained. Accuracy: 0.9314 (36.12 sec.)
2025-04-28 18:45:58 - INFO - Training model: original-top_left-bottom_left
2025-04-28 18:46:16 - INFO - Model original-top_left-bottom_left completed in 18.72 seconds.
2025-04-28 18:46:16 - INFO - >>> Model original-top_left-bottom_left trained. Accuracy: 0.9373 (18.72 sec.)
2025-04-28 18:46:16 - INFO - Training model: original-tda-bottom_left
2025-04-28 18:46:52 - INFO - Model original-tda-bottom_left completed in 35.69 seconds.
2025-04-28 18:46:52 - INFO - >>> Model original-tda-bottom_left trained. Accuracy: 0.9271 (35.69 sec.)
2025-04-28 18:46:52 - INFO - Training model: top_right-original-bottom_right-top_left
2025-04-28 18:47:16 - INFO - Model top_right-original-bottom_right-top_left completed in 23.77 seconds.
2025-04-28 18:47:16 - INFO - >>> Model top_right-original-bottom_right-top_left trained. Accuracy: 0.9456 (23.77 sec.)
2025-04-28 18:47:16 - INFO - Training model: top_right-original-bottom_right-tda
2025-04-28 18:47:57 - INFO - Model top_right-original-bottom_right-tda completed in 41.36 seconds.
2025-04-28 18:47:57 - INFO - >>> Model top_right-original-bottom_right-tda trained. Accuracy: 0.9369 (41.36 sec.)
2025-04-28 18:47:57 - INFO - Training model: top_right-original-bottom_right-bottom_left
2025-04-28 18:48:22 - INFO - Model top_right-original-bottom_right-bottom_left completed in 24.38 seconds.
2025-04-28 18:48:22 - INFO - >>> Model top_right-original-bottom_right-bottom_left trained. Accuracy: 0.9401 (24.38 sec.)
2025-04-28 18:48:22 - INFO - Training model: top_right-original-top_left-tda
2025-04-28 18:49:03 - INFO - Model top_right-original-top_left-tda completed in 40.81 seconds.
2025-04-28 18:49:03 - INFO - >>> Model top_right-original-top_left-tda trained. Accuracy: 0.9399 (40.81 sec.)
2025-04-28 18:49:03 - INFO - Training model: top_right-original-top_left-bottom_left
2025-04-28 18:49:26 - INFO - Model top_right-original-top_left-bottom_left completed in 23.83 seconds.
2025-04-28 18:49:26 - INFO - >>> Model top_right-original-top_left-bottom_left trained. Accuracy: 0.9454 (23.83 sec.)
2025-04-28 18:49:26 - INFO - Training model: top_right-original-tda-bottom_left
2025-04-28 18:50:07 - INFO - Model top_right-original-tda-bottom_left completed in 40.88 seconds.
2025-04-28 18:50:07 - INFO - >>> Model top_right-original-tda-bottom_left trained. Accuracy: 0.9344 (40.88 sec.)
2025-04-28 18:50:07 - INFO - Training model: bottom_right-original-top_left-tda
2025-04-28 18:50:48 - INFO - Model bottom_right-original-top_left-tda completed in 40.93 seconds.
2025-04-28 18:50:48 - INFO - >>> Model bottom_right-original-top_left-tda trained. Accuracy: 0.9360 (40.93 sec.)
2025-04-28 18:50:48 - INFO - Training model: bottom_right-original-top_left-bottom_left
2025-04-28 18:51:12 - INFO - Model bottom_right-original-top_left-bottom_left completed in 23.66 seconds.
2025-04-28 18:51:12 - INFO - >>> Model bottom_right-original-top_left-bottom_left trained. Accuracy: 0.9411 (23.66 sec.)
2025-04-28 18:51:12 - INFO - Training model: bottom_right-original-tda-bottom_left
2025-04-28 18:51:52 - INFO - Model bottom_right-original-tda-bottom_left completed in 40.47 seconds.
2025-04-28 18:51:52 - INFO - >>> Model bottom_right-original-tda-bottom_left trained. Accuracy: 0.9316 (40.47 sec.)
2025-04-28 18:51:53 - INFO - Training model: original-top_left-tda-bottom_left
2025-04-28 18:52:33 - INFO - Model original-top_left-tda-bottom_left completed in 40.97 seconds.
2025-04-28 18:52:33 - INFO - >>> Model original-top_left-tda-bottom_left trained. Accuracy: 0.9356 (40.97 sec.)
2025-04-28 18:52:33 - INFO - Training model: top_right-original-bottom_right-top_left-tda
2025-04-28 18:53:19 - INFO - Model top_right-original-bottom_right-top_left-tda completed in 45.70 seconds.
2025-04-28 18:53:19 - INFO - >>> Model top_right-original-bottom_right-top_left-tda trained. Accuracy: 0.9449 (45.70 sec.)
2025-04-28 18:53:19 - INFO - Training model: top_right-original-bottom_right-top_left-bottom_left
2025-04-28 18:53:48 - INFO - Model top_right-original-bottom_right-top_left-bottom_left completed in 29.12 seconds.
2025-04-28 18:53:48 - INFO - >>> Model top_right-original-bottom_right-top_left-bottom_left trained. Accuracy: 0.9493 (29.12 sec.)
2025-04-28 18:53:48 - INFO - Training model: top_right-original-bottom_right-tda-bottom_left
2025-04-28 18:54:34 - INFO - Model top_right-original-bottom_right-tda-bottom_left completed in 45.56 seconds.
2025-04-28 18:54:34 - INFO - >>> Model top_right-original-bottom_right-tda-bottom_left trained. Accuracy: 0.9399 (45.56 sec.)
2025-04-28 18:54:34 - INFO - Training model: top_right-original-top_left-tda-bottom_left
2025-04-28 18:55:20 - INFO - Model top_right-original-top_left-tda-bottom_left completed in 45.80 seconds.
2025-04-28 18:55:20 - INFO - >>> Model top_right-original-top_left-tda-bottom_left trained. Accuracy: 0.9445 (45.80 sec.)
2025-04-28 18:55:20 - INFO - Training model: original-bottom_right-top_left-tda-bottom_left
2025-04-28 18:56:05 - INFO - Model original-bottom_right-top_left-tda-bottom_left completed in 45.12 seconds.
2025-04-28 18:56:05 - INFO - >>> Model original-bottom_right-top_left-tda-bottom_left trained. Accuracy: 0.9399 (45.12 sec.)
2025-04-28 18:56:05 - INFO - Training model: top_right-original-bottom_right-top_left-tda-bottom_left
2025-04-28 18:56:56 - INFO - Model top_right-original-bottom_right-top_left-tda-bottom_left completed in 51.26 seconds.
2025-04-28 18:56:56 - INFO - >>> Model top_right-original-bottom_right-top_left-tda-bottom_left trained. Accuracy: 0.9475 (51.26 sec.)
2025-04-28 18:56:56 - INFO - All models trained successfully.
2025-04-28 18:56:56 - INFO - ========== [Model Training Completed] in 15.82 minutes ==========
2025-04-28 18:56:56 - INFO - ========== [Experiment Training Complete] ==========
2025-04-28 18:56:56 - INFO - Results saved to /home/jovyan/Workspace/workspace_mnist/results/exp_noise_lines_30_trainsplit_vary_noise/experiment_trainsize_predictions_2025-04-28_18-56-56.json
2025-04-28 18:56:56 - INFO - Results successfully saved to /home/jovyan/Workspace/workspace_mnist/results/exp_noise_lines_30_trainsplit_vary_noise/experiment_trainsize_predictions_2025-04-28_18-56-56.json
2025-04-28 18:56:56 - INFO - Forced Garbage collection executed to Free Memory.
2025-04-28 18:56:56 - INFO - ========== [Experiment Completed] in 29.58 minutes ==========
