2025-04-26 05:43:18 - INFO - Logging initialized.
 Writing to /home/jovyan/Workspace/workspace_mnist/logs/exp_noise_lines_30_trainsplit_vary_noise/experiment_logs_2025-04-26_05-43-18.log
2025-04-26 05:43:18 - INFO - ========== [Experiment Start] ==========
2025-04-26 05:43:18 - INFO - Views combinations successfully generated.
2025-04-26 05:43:18 - INFO - Topological Data Analysis pipeline generated.
2025-04-26 05:43:18 - INFO - Folder to save results has been created.
2025-04-26 05:43:18 - INFO - Reading dataset from mnist_784.csv (chunk size: 70000).
2025-04-26 05:43:18 - INFO - Starting multiview data preparation for a chunk of size (70000, 784)...
2025-04-26 05:43:18 - INFO - Running using 20 jobs.
2025-04-26 05:43:18 - INFO - Contaminating dataset with lines, quantity=19, transparency=1.0.
2025-04-26 05:43:27 - INFO - Splitting data: 50.0% train / 20.0% test (random_state=910968928)
2025-04-26 05:43:27 - INFO - Using full training data without second split.
2025-04-26 05:43:27 - INFO - Data split complete. Train size: (56000, 784), Test size: (14000, 784)
2025-04-26 05:43:27 - INFO - Reshaping train and test data into square images...
2025-04-26 05:43:27 - INFO - Reshaping complete. Train images shape: (56000, 28, 28), Test images shape: (14000, 28, 28)
2025-04-26 05:43:27 - INFO - Splitting images into quadrant views...
2025-04-26 05:43:27 - INFO - Quadrant view splitting complete. Train views: 4, Test views: 4
2025-04-26 05:43:27 - INFO - Saving sample images for each view...
2025-04-26 05:43:27 - INFO - Sample views saved successfully.
2025-04-26 05:43:27 - INFO - Starting TDA pipeline transformation on train data...
2025-04-26 05:53:36 - INFO - TDA transformation for train completed (10.14 minutes).
2025-04-26 05:53:36 - INFO - Applying TDA pipeline transformation on test data...
2025-04-26 05:56:01 - INFO - TDA transformation for test completed (2.42 minutes).
2025-04-26 05:56:01 - INFO - ========== [Model Training Start] ==========
2025-04-26 05:56:01 - INFO - Training model: original
2025-04-26 05:56:03 - INFO - Model original completed in 1.87 seconds.
2025-04-26 05:56:03 - INFO - >>> Model original trained. Accuracy: 0.8981 (1.87 sec.)
2025-04-26 05:56:03 - INFO - Training model: top_right-original
2025-04-26 05:56:18 - INFO - Model top_right-original completed in 15.24 seconds.
2025-04-26 05:56:18 - INFO - >>> Model top_right-original trained. Accuracy: 0.9100 (15.24 sec.)
2025-04-26 05:56:18 - INFO - Training model: bottom_right-original
2025-04-26 05:56:33 - INFO - Model bottom_right-original completed in 15.20 seconds.
2025-04-26 05:56:33 - INFO - >>> Model bottom_right-original trained. Accuracy: 0.9089 (15.20 sec.)
2025-04-26 05:56:33 - INFO - Training model: original-top_left
2025-04-26 05:56:48 - INFO - Model original-top_left completed in 14.57 seconds.
2025-04-26 05:56:48 - INFO - >>> Model original-top_left trained. Accuracy: 0.9119 (14.57 sec.)
2025-04-26 05:56:48 - INFO - Training model: original-tda
2025-04-26 05:57:19 - INFO - Model original-tda completed in 30.98 seconds.
2025-04-26 05:57:19 - INFO - >>> Model original-tda trained. Accuracy: 0.9003 (30.98 sec.)
2025-04-26 05:57:19 - INFO - Training model: original-bottom_left
2025-04-26 05:57:34 - INFO - Model original-bottom_left completed in 14.78 seconds.
2025-04-26 05:57:34 - INFO - >>> Model original-bottom_left trained. Accuracy: 0.9102 (14.78 sec.)
2025-04-26 05:57:34 - INFO - Training model: top_right-original-bottom_right
2025-04-26 05:57:54 - INFO - Model top_right-original-bottom_right completed in 20.23 seconds.
2025-04-26 05:57:54 - INFO - >>> Model top_right-original-bottom_right trained. Accuracy: 0.9175 (20.23 sec.)
2025-04-26 05:57:54 - INFO - Training model: top_right-original-top_left
2025-04-26 05:58:13 - INFO - Model top_right-original-top_left completed in 19.60 seconds.
2025-04-26 05:58:13 - INFO - >>> Model top_right-original-top_left trained. Accuracy: 0.9197 (19.60 sec.)
2025-04-26 05:58:13 - INFO - Training model: top_right-original-tda
2025-04-26 05:58:50 - INFO - Model top_right-original-tda completed in 36.40 seconds.
2025-04-26 05:58:50 - INFO - >>> Model top_right-original-tda trained. Accuracy: 0.9086 (36.40 sec.)
2025-04-26 05:58:50 - INFO - Training model: top_right-original-bottom_left
2025-04-26 05:59:10 - INFO - Model top_right-original-bottom_left completed in 20.12 seconds.
2025-04-26 05:59:10 - INFO - >>> Model top_right-original-bottom_left trained. Accuracy: 0.9185 (20.12 sec.)
2025-04-26 05:59:10 - INFO - Training model: bottom_right-original-top_left
2025-04-26 05:59:30 - INFO - Model bottom_right-original-top_left completed in 19.72 seconds.
2025-04-26 05:59:30 - INFO - >>> Model bottom_right-original-top_left trained. Accuracy: 0.9170 (19.72 sec.)
2025-04-26 05:59:30 - INFO - Training model: bottom_right-original-tda
2025-04-26 06:00:06 - INFO - Model bottom_right-original-tda completed in 36.05 seconds.
2025-04-26 06:00:06 - INFO - >>> Model bottom_right-original-tda trained. Accuracy: 0.9064 (36.05 sec.)
2025-04-26 06:00:06 - INFO - Training model: bottom_right-original-bottom_left
2025-04-26 06:00:26 - INFO - Model bottom_right-original-bottom_left completed in 19.96 seconds.
2025-04-26 06:00:26 - INFO - >>> Model bottom_right-original-bottom_left trained. Accuracy: 0.9162 (19.96 sec.)
2025-04-26 06:00:26 - INFO - Training model: original-top_left-tda
2025-04-26 06:01:01 - INFO - Model original-top_left-tda completed in 35.75 seconds.
2025-04-26 06:01:01 - INFO - >>> Model original-top_left-tda trained. Accuracy: 0.9099 (35.75 sec.)
2025-04-26 06:01:01 - INFO - Training model: original-top_left-bottom_left
2025-04-26 06:01:21 - INFO - Model original-top_left-bottom_left completed in 19.47 seconds.
2025-04-26 06:01:21 - INFO - >>> Model original-top_left-bottom_left trained. Accuracy: 0.9204 (19.47 sec.)
2025-04-26 06:01:21 - INFO - Training model: original-tda-bottom_left
2025-04-26 06:01:57 - INFO - Model original-tda-bottom_left completed in 36.10 seconds.
2025-04-26 06:01:57 - INFO - >>> Model original-tda-bottom_left trained. Accuracy: 0.9085 (36.10 sec.)
2025-04-26 06:01:57 - INFO - Training model: top_right-original-bottom_right-top_left
2025-04-26 06:02:22 - INFO - Model top_right-original-bottom_right-top_left completed in 24.95 seconds.
2025-04-26 06:02:22 - INFO - >>> Model top_right-original-bottom_right-top_left trained. Accuracy: 0.9294 (24.95 sec.)
2025-04-26 06:02:22 - INFO - Training model: top_right-original-bottom_right-tda
2025-04-26 06:03:03 - INFO - Model top_right-original-bottom_right-tda completed in 41.26 seconds.
2025-04-26 06:03:03 - INFO - >>> Model top_right-original-bottom_right-tda trained. Accuracy: 0.9168 (41.26 sec.)
2025-04-26 06:03:03 - INFO - Training model: top_right-original-bottom_right-bottom_left
2025-04-26 06:03:29 - INFO - Model top_right-original-bottom_right-bottom_left completed in 25.35 seconds.
2025-04-26 06:03:29 - INFO - >>> Model top_right-original-bottom_right-bottom_left trained. Accuracy: 0.9276 (25.35 sec.)
2025-04-26 06:03:29 - INFO - Training model: top_right-original-top_left-tda
2025-04-26 06:04:10 - INFO - Model top_right-original-top_left-tda completed in 41.44 seconds.
2025-04-26 06:04:10 - INFO - >>> Model top_right-original-top_left-tda trained. Accuracy: 0.9180 (41.44 sec.)
2025-04-26 06:04:10 - INFO - Training model: top_right-original-top_left-bottom_left
2025-04-26 06:04:35 - INFO - Model top_right-original-top_left-bottom_left completed in 25.08 seconds.
2025-04-26 06:04:35 - INFO - >>> Model top_right-original-top_left-bottom_left trained. Accuracy: 0.9279 (25.08 sec.)
2025-04-26 06:04:35 - INFO - Training model: top_right-original-tda-bottom_left
2025-04-26 06:05:17 - INFO - Model top_right-original-tda-bottom_left completed in 41.39 seconds.
2025-04-26 06:05:17 - INFO - >>> Model top_right-original-tda-bottom_left trained. Accuracy: 0.9152 (41.39 sec.)
2025-04-26 06:05:17 - INFO - Training model: bottom_right-original-top_left-tda
2025-04-26 06:05:57 - INFO - Model bottom_right-original-top_left-tda completed in 40.87 seconds.
2025-04-26 06:05:57 - INFO - >>> Model bottom_right-original-top_left-tda trained. Accuracy: 0.9172 (40.87 sec.)
2025-04-26 06:05:57 - INFO - Training model: bottom_right-original-top_left-bottom_left
2025-04-26 06:06:23 - INFO - Model bottom_right-original-top_left-bottom_left completed in 25.44 seconds.
2025-04-26 06:06:23 - INFO - >>> Model bottom_right-original-top_left-bottom_left trained. Accuracy: 0.9252 (25.44 sec.)
2025-04-26 06:06:23 - INFO - Training model: bottom_right-original-tda-bottom_left
2025-04-26 06:07:04 - INFO - Model bottom_right-original-tda-bottom_left completed in 41.60 seconds.
2025-04-26 06:07:04 - INFO - >>> Model bottom_right-original-tda-bottom_left trained. Accuracy: 0.9143 (41.60 sec.)
2025-04-26 06:07:04 - INFO - Training model: original-top_left-tda-bottom_left
2025-04-26 06:07:45 - INFO - Model original-top_left-tda-bottom_left completed in 40.64 seconds.
2025-04-26 06:07:45 - INFO - >>> Model original-top_left-tda-bottom_left trained. Accuracy: 0.9168 (40.64 sec.)
2025-04-26 06:07:45 - INFO - Training model: top_right-original-bottom_right-top_left-tda
2025-04-26 06:08:32 - INFO - Model top_right-original-bottom_right-top_left-tda completed in 46.46 seconds.
2025-04-26 06:08:32 - INFO - >>> Model top_right-original-bottom_right-top_left-tda trained. Accuracy: 0.9269 (46.46 sec.)
2025-04-26 06:08:32 - INFO - Training model: top_right-original-bottom_right-top_left-bottom_left
2025-04-26 06:09:02 - INFO - Model top_right-original-bottom_right-top_left-bottom_left completed in 30.33 seconds.
2025-04-26 06:09:02 - INFO - >>> Model top_right-original-bottom_right-top_left-bottom_left trained. Accuracy: 0.9362 (30.33 sec.)
2025-04-26 06:09:02 - INFO - Training model: top_right-original-bottom_right-tda-bottom_left
2025-04-26 06:09:48 - INFO - Model top_right-original-bottom_right-tda-bottom_left completed in 46.50 seconds.
2025-04-26 06:09:48 - INFO - >>> Model top_right-original-bottom_right-tda-bottom_left trained. Accuracy: 0.9242 (46.50 sec.)
2025-04-26 06:09:48 - INFO - Training model: top_right-original-top_left-tda-bottom_left
2025-04-26 06:10:35 - INFO - Model top_right-original-top_left-tda-bottom_left completed in 46.26 seconds.
2025-04-26 06:10:35 - INFO - >>> Model top_right-original-top_left-tda-bottom_left trained. Accuracy: 0.9264 (46.26 sec.)
2025-04-26 06:10:35 - INFO - Training model: original-bottom_right-top_left-tda-bottom_left
2025-04-26 06:11:21 - INFO - Model original-bottom_right-top_left-tda-bottom_left completed in 46.08 seconds.
2025-04-26 06:11:21 - INFO - >>> Model original-bottom_right-top_left-tda-bottom_left trained. Accuracy: 0.9236 (46.08 sec.)
2025-04-26 06:11:21 - INFO - Training model: top_right-original-bottom_right-top_left-tda-bottom_left
2025-04-26 06:12:13 - INFO - Model top_right-original-bottom_right-top_left-tda-bottom_left completed in 52.20 seconds.
2025-04-26 06:12:13 - INFO - >>> Model top_right-original-bottom_right-top_left-tda-bottom_left trained. Accuracy: 0.9358 (52.20 sec.)
2025-04-26 06:12:13 - INFO - All models trained successfully.
2025-04-26 06:12:13 - INFO - ========== [Model Training Completed] in 16.20 minutes ==========
2025-04-26 06:12:13 - INFO - ========== [Experiment Training Complete] ==========
2025-04-26 06:12:13 - INFO - Results saved to /home/jovyan/Workspace/workspace_mnist/results/exp_noise_lines_30_trainsplit_vary_noise/experiment_trainsize_predictions_2025-04-26_06-12-13.json
2025-04-26 06:12:13 - INFO - Results successfully saved to /home/jovyan/Workspace/workspace_mnist/results/exp_noise_lines_30_trainsplit_vary_noise/experiment_trainsize_predictions_2025-04-26_06-12-13.json
2025-04-26 06:12:13 - INFO - Forced Garbage collection executed to Free Memory.
2025-04-26 06:12:13 - INFO - ========== [Experiment Completed] in 28.92 minutes ==========
