2025-04-26 20:01:12 - INFO - Logging initialized.
 Writing to /home/jovyan/Workspace/workspace_mnist/logs/exp_noise_lines_30_trainsplit_vary_noise/experiment_logs_2025-04-26_20-01-12.log
2025-04-26 20:01:12 - INFO - ========== [Experiment Start] ==========
2025-04-26 20:01:12 - INFO - Views combinations successfully generated.
2025-04-26 20:01:12 - INFO - Topological Data Analysis pipeline generated.
2025-04-26 20:01:12 - INFO - Folder to save results has been created.
2025-04-26 20:01:12 - INFO - Reading dataset from mnist_784.csv (chunk size: 70000).
2025-04-26 20:01:13 - INFO - Starting multiview data preparation for a chunk of size (70000, 784)...
2025-04-26 20:01:13 - INFO - Running using 20 jobs.
2025-04-26 20:01:13 - INFO - Contaminating dataset with lines, quantity=27, transparency=1.0.
2025-04-26 20:01:25 - INFO - Splitting data: 50.0% train / 20.0% test (random_state=601133337)
2025-04-26 20:01:25 - INFO - Using full training data without second split.
2025-04-26 20:01:25 - INFO - Data split complete. Train size: (56000, 784), Test size: (14000, 784)
2025-04-26 20:01:25 - INFO - Reshaping train and test data into square images...
2025-04-26 20:01:25 - INFO - Reshaping complete. Train images shape: (56000, 28, 28), Test images shape: (14000, 28, 28)
2025-04-26 20:01:25 - INFO - Splitting images into quadrant views...
2025-04-26 20:01:25 - INFO - Quadrant view splitting complete. Train views: 4, Test views: 4
2025-04-26 20:01:25 - INFO - Saving sample images for each view...
2025-04-26 20:01:25 - INFO - Sample views saved successfully.
2025-04-26 20:01:25 - INFO - Starting TDA pipeline transformation on train data...
2025-04-26 20:12:10 - INFO - TDA transformation for train completed (10.74 minutes).
2025-04-26 20:12:10 - INFO - Applying TDA pipeline transformation on test data...
2025-04-26 20:14:40 - INFO - TDA transformation for test completed (2.50 minutes).
2025-04-26 20:14:40 - INFO - ========== [Model Training Start] ==========
2025-04-26 20:14:40 - INFO - Training model: original
2025-04-26 20:14:42 - INFO - Model original completed in 1.98 seconds.
2025-04-26 20:14:42 - INFO - >>> Model original trained. Accuracy: 0.8711 (1.98 sec.)
2025-04-26 20:14:42 - INFO - Training model: top_right-original
2025-04-26 20:14:58 - INFO - Model top_right-original completed in 15.83 seconds.
2025-04-26 20:14:58 - INFO - >>> Model top_right-original trained. Accuracy: 0.8879 (15.83 sec.)
2025-04-26 20:14:58 - INFO - Training model: bottom_right-original
2025-04-26 20:15:13 - INFO - Model bottom_right-original completed in 15.72 seconds.
2025-04-26 20:15:13 - INFO - >>> Model bottom_right-original trained. Accuracy: 0.8866 (15.72 sec.)
2025-04-26 20:15:13 - INFO - Training model: original-top_left
2025-04-26 20:15:29 - INFO - Model original-top_left completed in 15.45 seconds.
2025-04-26 20:15:29 - INFO - >>> Model original-top_left trained. Accuracy: 0.8878 (15.45 sec.)
2025-04-26 20:15:29 - INFO - Training model: original-tda
2025-04-26 20:16:02 - INFO - Model original-tda completed in 32.66 seconds.
2025-04-26 20:16:02 - INFO - >>> Model original-tda trained. Accuracy: 0.8731 (32.66 sec.)
2025-04-26 20:16:02 - INFO - Training model: original-bottom_left
2025-04-26 20:16:17 - INFO - Model original-bottom_left completed in 15.68 seconds.
2025-04-26 20:16:17 - INFO - >>> Model original-bottom_left trained. Accuracy: 0.8834 (15.68 sec.)
2025-04-26 20:16:17 - INFO - Training model: top_right-original-bottom_right
2025-04-26 20:16:39 - INFO - Model top_right-original-bottom_right completed in 21.30 seconds.
2025-04-26 20:16:39 - INFO - >>> Model top_right-original-bottom_right trained. Accuracy: 0.8991 (21.30 sec.)
2025-04-26 20:16:39 - INFO - Training model: top_right-original-top_left
2025-04-26 20:16:59 - INFO - Model top_right-original-top_left completed in 20.65 seconds.
2025-04-26 20:16:59 - INFO - >>> Model top_right-original-top_left trained. Accuracy: 0.9027 (20.65 sec.)
2025-04-26 20:16:59 - INFO - Training model: top_right-original-tda
2025-04-26 20:17:38 - INFO - Model top_right-original-tda completed in 38.78 seconds.
2025-04-26 20:17:38 - INFO - >>> Model top_right-original-tda trained. Accuracy: 0.8871 (38.78 sec.)
2025-04-26 20:17:38 - INFO - Training model: top_right-original-bottom_left
2025-04-26 20:17:59 - INFO - Model top_right-original-bottom_left completed in 21.17 seconds.
2025-04-26 20:17:59 - INFO - >>> Model top_right-original-bottom_left trained. Accuracy: 0.8979 (21.17 sec.)
2025-04-26 20:17:59 - INFO - Training model: bottom_right-original-top_left
2025-04-26 20:18:20 - INFO - Model bottom_right-original-top_left completed in 20.75 seconds.
2025-04-26 20:18:20 - INFO - >>> Model bottom_right-original-top_left trained. Accuracy: 0.8986 (20.75 sec.)
2025-04-26 20:18:20 - INFO - Training model: bottom_right-original-tda
2025-04-26 20:18:59 - INFO - Model bottom_right-original-tda completed in 38.56 seconds.
2025-04-26 20:18:59 - INFO - >>> Model bottom_right-original-tda trained. Accuracy: 0.8822 (38.56 sec.)
2025-04-26 20:18:59 - INFO - Training model: bottom_right-original-bottom_left
2025-04-26 20:19:20 - INFO - Model bottom_right-original-bottom_left completed in 21.23 seconds.
2025-04-26 20:19:20 - INFO - >>> Model bottom_right-original-bottom_left trained. Accuracy: 0.8916 (21.23 sec.)
2025-04-26 20:19:20 - INFO - Training model: original-top_left-tda
2025-04-26 20:19:59 - INFO - Model original-top_left-tda completed in 38.89 seconds.
2025-04-26 20:19:59 - INFO - >>> Model original-top_left-tda trained. Accuracy: 0.8846 (38.89 sec.)
2025-04-26 20:19:59 - INFO - Training model: original-top_left-bottom_left
2025-04-26 20:20:19 - INFO - Model original-top_left-bottom_left completed in 20.61 seconds.
2025-04-26 20:20:19 - INFO - >>> Model original-top_left-bottom_left trained. Accuracy: 0.8948 (20.61 sec.)
2025-04-26 20:20:19 - INFO - Training model: original-tda-bottom_left
2025-04-26 20:20:57 - INFO - Model original-tda-bottom_left completed in 37.86 seconds.
2025-04-26 20:20:57 - INFO - >>> Model original-tda-bottom_left trained. Accuracy: 0.8800 (37.86 sec.)
2025-04-26 20:20:57 - INFO - Training model: top_right-original-bottom_right-top_left
2025-04-26 20:21:23 - INFO - Model top_right-original-bottom_right-top_left completed in 26.21 seconds.
2025-04-26 20:21:23 - INFO - >>> Model top_right-original-bottom_right-top_left trained. Accuracy: 0.9126 (26.21 sec.)
2025-04-26 20:21:23 - INFO - Training model: top_right-original-bottom_right-tda
2025-04-26 20:22:07 - INFO - Model top_right-original-bottom_right-tda completed in 44.03 seconds.
2025-04-26 20:22:07 - INFO - >>> Model top_right-original-bottom_right-tda trained. Accuracy: 0.8962 (44.03 sec.)
2025-04-26 20:22:07 - INFO - Training model: top_right-original-bottom_right-bottom_left
2025-04-26 20:22:34 - INFO - Model top_right-original-bottom_right-bottom_left completed in 26.51 seconds.
2025-04-26 20:22:34 - INFO - >>> Model top_right-original-bottom_right-bottom_left trained. Accuracy: 0.9081 (26.51 sec.)
2025-04-26 20:22:34 - INFO - Training model: top_right-original-top_left-tda
2025-04-26 20:23:17 - INFO - Model top_right-original-top_left-tda completed in 43.45 seconds.
2025-04-26 20:23:17 - INFO - >>> Model top_right-original-top_left-tda trained. Accuracy: 0.8996 (43.45 sec.)
2025-04-26 20:23:17 - INFO - Training model: top_right-original-top_left-bottom_left
2025-04-26 20:23:44 - INFO - Model top_right-original-top_left-bottom_left completed in 26.29 seconds.
2025-04-26 20:23:44 - INFO - >>> Model top_right-original-top_left-bottom_left trained. Accuracy: 0.9105 (26.29 sec.)
2025-04-26 20:23:44 - INFO - Training model: top_right-original-tda-bottom_left
2025-04-26 20:24:28 - INFO - Model top_right-original-tda-bottom_left completed in 44.28 seconds.
2025-04-26 20:24:28 - INFO - >>> Model top_right-original-tda-bottom_left trained. Accuracy: 0.8956 (44.28 sec.)
2025-04-26 20:24:28 - INFO - Training model: bottom_right-original-top_left-tda
2025-04-26 20:25:12 - INFO - Model bottom_right-original-top_left-tda completed in 44.22 seconds.
2025-04-26 20:25:12 - INFO - >>> Model bottom_right-original-top_left-tda trained. Accuracy: 0.8957 (44.22 sec.)
2025-04-26 20:25:12 - INFO - Training model: bottom_right-original-top_left-bottom_left
2025-04-26 20:25:38 - INFO - Model bottom_right-original-top_left-bottom_left completed in 26.20 seconds.
2025-04-26 20:25:38 - INFO - >>> Model bottom_right-original-top_left-bottom_left trained. Accuracy: 0.9048 (26.20 sec.)
2025-04-26 20:25:38 - INFO - Training model: bottom_right-original-tda-bottom_left
2025-04-26 20:26:23 - INFO - Model bottom_right-original-tda-bottom_left completed in 44.35 seconds.
2025-04-26 20:26:23 - INFO - >>> Model bottom_right-original-tda-bottom_left trained. Accuracy: 0.8899 (44.35 sec.)
2025-04-26 20:26:23 - INFO - Training model: original-top_left-tda-bottom_left
2025-04-26 20:27:07 - INFO - Model original-top_left-tda-bottom_left completed in 43.97 seconds.
2025-04-26 20:27:07 - INFO - >>> Model original-top_left-tda-bottom_left trained. Accuracy: 0.8914 (43.97 sec.)
2025-04-26 20:27:07 - INFO - Training model: top_right-original-bottom_right-top_left-tda
2025-04-26 20:27:56 - INFO - Model top_right-original-bottom_right-top_left-tda completed in 49.45 seconds.
2025-04-26 20:27:56 - INFO - >>> Model top_right-original-bottom_right-top_left-tda trained. Accuracy: 0.9095 (49.45 sec.)
2025-04-26 20:27:56 - INFO - Training model: top_right-original-bottom_right-top_left-bottom_left
2025-04-26 20:28:28 - INFO - Model top_right-original-bottom_right-top_left-bottom_left completed in 31.75 seconds.
2025-04-26 20:28:28 - INFO - >>> Model top_right-original-bottom_right-top_left-bottom_left trained. Accuracy: 0.9214 (31.75 sec.)
2025-04-26 20:28:28 - INFO - Training model: top_right-original-bottom_right-tda-bottom_left
2025-04-26 20:29:18 - INFO - Model top_right-original-bottom_right-tda-bottom_left completed in 50.21 seconds.
2025-04-26 20:29:18 - INFO - >>> Model top_right-original-bottom_right-tda-bottom_left trained. Accuracy: 0.9052 (50.21 sec.)
2025-04-26 20:29:18 - INFO - Training model: top_right-original-top_left-tda-bottom_left
2025-04-26 20:30:08 - INFO - Model top_right-original-top_left-tda-bottom_left completed in 49.41 seconds.
2025-04-26 20:30:08 - INFO - >>> Model top_right-original-top_left-tda-bottom_left trained. Accuracy: 0.9096 (49.41 sec.)
2025-04-26 20:30:08 - INFO - Training model: original-bottom_right-top_left-tda-bottom_left
2025-04-26 20:30:57 - INFO - Model original-bottom_right-top_left-tda-bottom_left completed in 49.31 seconds.
2025-04-26 20:30:57 - INFO - >>> Model original-bottom_right-top_left-tda-bottom_left trained. Accuracy: 0.9009 (49.31 sec.)
2025-04-26 20:30:57 - INFO - Training model: top_right-original-bottom_right-top_left-tda-bottom_left
2025-04-26 20:31:51 - INFO - Model top_right-original-bottom_right-top_left-tda-bottom_left completed in 54.49 seconds.
2025-04-26 20:31:51 - INFO - >>> Model top_right-original-bottom_right-top_left-tda-bottom_left trained. Accuracy: 0.9175 (54.49 sec.)
2025-04-26 20:31:51 - INFO - All models trained successfully.
2025-04-26 20:31:51 - INFO - ========== [Model Training Completed] in 17.19 minutes ==========
2025-04-26 20:31:51 - INFO - ========== [Experiment Training Complete] ==========
2025-04-26 20:31:51 - INFO - Results saved to /home/jovyan/Workspace/workspace_mnist/results/exp_noise_lines_30_trainsplit_vary_noise/experiment_trainsize_predictions_2025-04-26_20-31-51.json
2025-04-26 20:31:51 - INFO - Results successfully saved to /home/jovyan/Workspace/workspace_mnist/results/exp_noise_lines_30_trainsplit_vary_noise/experiment_trainsize_predictions_2025-04-26_20-31-51.json
2025-04-26 20:31:51 - INFO - Forced Garbage collection executed to Free Memory.
2025-04-26 20:31:52 - INFO - ========== [Experiment Completed] in 30.65 minutes ==========
