2025-05-03 03:36:17 - INFO - Logging initialized.
 Writing to /home/jovyan/Workspace/workspace_mnist/logs/exp_noise_lines_30_trainsplit_vary_noise/experiment_logs_2025-05-03_03-36-17.log
2025-05-03 03:36:17 - INFO - ========== [Experiment Start] ==========
2025-05-03 03:36:17 - INFO - Views combinations successfully generated.
2025-05-03 03:36:17 - INFO - Topological Data Analysis pipeline generated.
2025-05-03 03:36:17 - INFO - Folder to save results has been created.
2025-05-03 03:36:17 - INFO - Reading dataset from mnist_784.csv (chunk size: 70000).
2025-05-03 03:36:18 - INFO - Starting multiview data preparation for a chunk of size (70000, 784)...
2025-05-03 03:36:18 - INFO - Running using 20 jobs.
2025-05-03 03:36:18 - INFO - Contaminating dataset with lines, quantity=29, transparency=1.0.
2025-05-03 03:36:31 - INFO - Splitting data: 50.0% train / 20.0% test (random_state=101577605)
2025-05-03 03:36:31 - INFO - Using full training data without second split.
2025-05-03 03:36:31 - INFO - Data split complete. Train size: (56000, 784), Test size: (14000, 784)
2025-05-03 03:36:31 - INFO - Reshaping train and test data into square images...
2025-05-03 03:36:31 - INFO - Reshaping complete. Train images shape: (56000, 28, 28), Test images shape: (14000, 28, 28)
2025-05-03 03:36:31 - INFO - Splitting images into quadrant views...
2025-05-03 03:36:31 - INFO - Quadrant view splitting complete. Train views: 4, Test views: 4
2025-05-03 03:36:31 - INFO - Saving sample images for each view...
2025-05-03 03:36:31 - INFO - Sample views saved successfully.
2025-05-03 03:36:31 - INFO - Starting TDA pipeline transformation on train data...
2025-05-03 03:46:52 - INFO - TDA transformation for train completed (10.34 minutes).
2025-05-03 03:46:52 - INFO - Applying TDA pipeline transformation on test data...
2025-05-03 03:49:25 - INFO - TDA transformation for test completed (2.56 minutes).
2025-05-03 03:49:25 - INFO - ========== [Model Training Start] ==========
2025-05-03 03:49:25 - INFO - Training model: original
2025-05-03 03:49:27 - INFO - Model original completed in 1.98 seconds.
2025-05-03 03:49:27 - INFO - >>> Model original trained. Accuracy: 0.8594 (1.98 sec.)
2025-05-03 03:49:27 - INFO - Training model: top_right-original
2025-05-03 03:49:43 - INFO - Model top_right-original completed in 16.11 seconds.
2025-05-03 03:49:43 - INFO - >>> Model top_right-original trained. Accuracy: 0.8801 (16.11 sec.)
2025-05-03 03:49:43 - INFO - Training model: bottom_right-original
2025-05-03 03:49:59 - INFO - Model bottom_right-original completed in 16.28 seconds.
2025-05-03 03:49:59 - INFO - >>> Model bottom_right-original trained. Accuracy: 0.8762 (16.28 sec.)
2025-05-03 03:49:59 - INFO - Training model: original-top_left
2025-05-03 03:50:15 - INFO - Model original-top_left completed in 15.86 seconds.
2025-05-03 03:50:15 - INFO - >>> Model original-top_left trained. Accuracy: 0.8781 (15.86 sec.)
2025-05-03 03:50:15 - INFO - Training model: original-tda
2025-05-03 03:50:49 - INFO - Model original-tda completed in 33.93 seconds.
2025-05-03 03:50:49 - INFO - >>> Model original-tda trained. Accuracy: 0.8621 (33.93 sec.)
2025-05-03 03:50:49 - INFO - Training model: original-bottom_left
2025-05-03 03:51:05 - INFO - Model original-bottom_left completed in 15.86 seconds.
2025-05-03 03:51:05 - INFO - >>> Model original-bottom_left trained. Accuracy: 0.8726 (15.86 sec.)
2025-05-03 03:51:05 - INFO - Training model: top_right-original-bottom_right
2025-05-03 03:51:27 - INFO - Model top_right-original-bottom_right completed in 22.33 seconds.
2025-05-03 03:51:27 - INFO - >>> Model top_right-original-bottom_right trained. Accuracy: 0.8901 (22.33 sec.)
2025-05-03 03:51:27 - INFO - Training model: top_right-original-top_left
2025-05-03 03:51:49 - INFO - Model top_right-original-top_left completed in 21.79 seconds.
2025-05-03 03:51:49 - INFO - >>> Model top_right-original-top_left trained. Accuracy: 0.8913 (21.79 sec.)
2025-05-03 03:51:49 - INFO - Training model: top_right-original-tda
2025-05-03 03:52:29 - INFO - Model top_right-original-tda completed in 39.62 seconds.
2025-05-03 03:52:29 - INFO - >>> Model top_right-original-tda trained. Accuracy: 0.8761 (39.62 sec.)
2025-05-03 03:52:29 - INFO - Training model: top_right-original-bottom_left
2025-05-03 03:52:51 - INFO - Model top_right-original-bottom_left completed in 21.83 seconds.
2025-05-03 03:52:51 - INFO - >>> Model top_right-original-bottom_left trained. Accuracy: 0.8885 (21.83 sec.)
2025-05-03 03:52:51 - INFO - Training model: bottom_right-original-top_left
2025-05-03 03:53:12 - INFO - Model bottom_right-original-top_left completed in 21.74 seconds.
2025-05-03 03:53:12 - INFO - >>> Model bottom_right-original-top_left trained. Accuracy: 0.8884 (21.74 sec.)
2025-05-03 03:53:12 - INFO - Training model: bottom_right-original-tda
2025-05-03 03:53:52 - INFO - Model bottom_right-original-tda completed in 39.59 seconds.
2025-05-03 03:53:52 - INFO - >>> Model bottom_right-original-tda trained. Accuracy: 0.8713 (39.59 sec.)
2025-05-03 03:53:52 - INFO - Training model: bottom_right-original-bottom_left
2025-05-03 03:54:14 - INFO - Model bottom_right-original-bottom_left completed in 22.35 seconds.
2025-05-03 03:54:14 - INFO - >>> Model bottom_right-original-bottom_left trained. Accuracy: 0.8813 (22.35 sec.)
2025-05-03 03:54:14 - INFO - Training model: original-top_left-tda
2025-05-03 03:54:53 - INFO - Model original-top_left-tda completed in 38.92 seconds.
2025-05-03 03:54:53 - INFO - >>> Model original-top_left-tda trained. Accuracy: 0.8726 (38.92 sec.)
2025-05-03 03:54:53 - INFO - Training model: original-top_left-bottom_left
2025-05-03 03:55:15 - INFO - Model original-top_left-bottom_left completed in 21.42 seconds.
2025-05-03 03:55:15 - INFO - >>> Model original-top_left-bottom_left trained. Accuracy: 0.8880 (21.42 sec.)
2025-05-03 03:55:15 - INFO - Training model: original-tda-bottom_left
2025-05-03 03:55:54 - INFO - Model original-tda-bottom_left completed in 39.52 seconds.
2025-05-03 03:55:54 - INFO - >>> Model original-tda-bottom_left trained. Accuracy: 0.8684 (39.52 sec.)
2025-05-03 03:55:54 - INFO - Training model: top_right-original-bottom_right-top_left
2025-05-03 03:56:22 - INFO - Model top_right-original-bottom_right-top_left completed in 27.74 seconds.
2025-05-03 03:56:22 - INFO - >>> Model top_right-original-bottom_right-top_left trained. Accuracy: 0.9021 (27.74 sec.)
2025-05-03 03:56:22 - INFO - Training model: top_right-original-bottom_right-tda
2025-05-03 03:57:07 - INFO - Model top_right-original-bottom_right-tda completed in 45.27 seconds.
2025-05-03 03:57:07 - INFO - >>> Model top_right-original-bottom_right-tda trained. Accuracy: 0.8874 (45.27 sec.)
2025-05-03 03:57:07 - INFO - Training model: top_right-original-bottom_right-bottom_left
2025-05-03 03:57:35 - INFO - Model top_right-original-bottom_right-bottom_left completed in 27.57 seconds.
2025-05-03 03:57:35 - INFO - >>> Model top_right-original-bottom_right-bottom_left trained. Accuracy: 0.8976 (27.57 sec.)
2025-05-03 03:57:35 - INFO - Training model: top_right-original-top_left-tda
2025-05-03 03:58:20 - INFO - Model top_right-original-top_left-tda completed in 45.06 seconds.
2025-05-03 03:58:20 - INFO - >>> Model top_right-original-top_left-tda trained. Accuracy: 0.8885 (45.06 sec.)
2025-05-03 03:58:20 - INFO - Training model: top_right-original-top_left-bottom_left
2025-05-03 03:58:47 - INFO - Model top_right-original-top_left-bottom_left completed in 27.31 seconds.
2025-05-03 03:58:47 - INFO - >>> Model top_right-original-top_left-bottom_left trained. Accuracy: 0.9034 (27.31 sec.)
2025-05-03 03:58:47 - INFO - Training model: top_right-original-tda-bottom_left
2025-05-03 03:59:32 - INFO - Model top_right-original-tda-bottom_left completed in 44.81 seconds.
2025-05-03 03:59:32 - INFO - >>> Model top_right-original-tda-bottom_left trained. Accuracy: 0.8854 (44.81 sec.)
2025-05-03 03:59:32 - INFO - Training model: bottom_right-original-top_left-tda
2025-05-03 04:00:17 - INFO - Model bottom_right-original-top_left-tda completed in 45.23 seconds.
2025-05-03 04:00:17 - INFO - >>> Model bottom_right-original-top_left-tda trained. Accuracy: 0.8841 (45.23 sec.)
2025-05-03 04:00:17 - INFO - Training model: bottom_right-original-top_left-bottom_left
2025-05-03 04:00:45 - INFO - Model bottom_right-original-top_left-bottom_left completed in 27.34 seconds.
2025-05-03 04:00:45 - INFO - >>> Model bottom_right-original-top_left-bottom_left trained. Accuracy: 0.8983 (27.34 sec.)
2025-05-03 04:00:45 - INFO - Training model: bottom_right-original-tda-bottom_left
2025-05-03 04:01:30 - INFO - Model bottom_right-original-tda-bottom_left completed in 45.23 seconds.
2025-05-03 04:01:30 - INFO - >>> Model bottom_right-original-tda-bottom_left trained. Accuracy: 0.8793 (45.23 sec.)
2025-05-03 04:01:30 - INFO - Training model: original-top_left-tda-bottom_left
2025-05-03 04:02:15 - INFO - Model original-top_left-tda-bottom_left completed in 44.83 seconds.
2025-05-03 04:02:15 - INFO - >>> Model original-top_left-tda-bottom_left trained. Accuracy: 0.8841 (44.83 sec.)
2025-05-03 04:02:15 - INFO - Training model: top_right-original-bottom_right-top_left-tda
2025-05-03 04:03:05 - INFO - Model top_right-original-bottom_right-top_left-tda completed in 50.50 seconds.
2025-05-03 04:03:05 - INFO - >>> Model top_right-original-bottom_right-top_left-tda trained. Accuracy: 0.8999 (50.50 sec.)
2025-05-03 04:03:05 - INFO - Training model: top_right-original-bottom_right-top_left-bottom_left
2025-05-03 04:03:39 - INFO - Model top_right-original-bottom_right-top_left-bottom_left completed in 34.02 seconds.
2025-05-03 04:03:39 - INFO - >>> Model top_right-original-bottom_right-top_left-bottom_left trained. Accuracy: 0.9134 (34.02 sec.)
2025-05-03 04:03:39 - INFO - Training model: top_right-original-bottom_right-tda-bottom_left
2025-05-03 04:04:30 - INFO - Model top_right-original-bottom_right-tda-bottom_left completed in 50.77 seconds.
2025-05-03 04:04:30 - INFO - >>> Model top_right-original-bottom_right-tda-bottom_left trained. Accuracy: 0.8961 (50.77 sec.)
2025-05-03 04:04:30 - INFO - Training model: top_right-original-top_left-tda-bottom_left
2025-05-03 04:05:21 - INFO - Model top_right-original-top_left-tda-bottom_left completed in 50.90 seconds.
2025-05-03 04:05:21 - INFO - >>> Model top_right-original-top_left-tda-bottom_left trained. Accuracy: 0.9011 (50.90 sec.)
2025-05-03 04:05:21 - INFO - Training model: original-bottom_right-top_left-tda-bottom_left
2025-05-03 04:06:11 - INFO - Model original-bottom_right-top_left-tda-bottom_left completed in 50.46 seconds.
2025-05-03 04:06:11 - INFO - >>> Model original-bottom_right-top_left-tda-bottom_left trained. Accuracy: 0.8930 (50.46 sec.)
2025-05-03 04:06:11 - INFO - Training model: top_right-original-bottom_right-top_left-tda-bottom_left
2025-05-03 04:07:09 - INFO - Model top_right-original-bottom_right-top_left-tda-bottom_left completed in 57.23 seconds.
2025-05-03 04:07:09 - INFO - >>> Model top_right-original-bottom_right-top_left-tda-bottom_left trained. Accuracy: 0.9107 (57.23 sec.)
2025-05-03 04:07:09 - INFO - All models trained successfully.
2025-05-03 04:07:09 - INFO - ========== [Model Training Completed] in 17.73 minutes ==========
2025-05-03 04:07:09 - INFO - ========== [Experiment Training Complete] ==========
2025-05-03 04:07:09 - INFO - Results saved to /home/jovyan/Workspace/workspace_mnist/results/exp_noise_lines_30_trainsplit_vary_noise/experiment_trainsize_predictions_2025-05-03_04-07-09.json
2025-05-03 04:07:09 - INFO - Results successfully saved to /home/jovyan/Workspace/workspace_mnist/results/exp_noise_lines_30_trainsplit_vary_noise/experiment_trainsize_predictions_2025-05-03_04-07-09.json
2025-05-03 04:07:09 - INFO - Forced Garbage collection executed to Free Memory.
2025-05-03 04:07:09 - INFO - ========== [Experiment Completed] in 30.86 minutes ==========
