2025-04-28 20:56:06 - INFO - Logging initialized.
 Writing to /home/jovyan/Workspace/workspace_mnist/logs/exp_noise_lines_30_trainsplit_vary_noise/experiment_logs_2025-04-28_20-56-06.log
2025-04-28 20:56:06 - INFO - ========== [Experiment Start] ==========
2025-04-28 20:56:06 - INFO - Views combinations successfully generated.
2025-04-28 20:56:06 - INFO - Topological Data Analysis pipeline generated.
2025-04-28 20:56:06 - INFO - Folder to save results has been created.
2025-04-28 20:56:06 - INFO - Reading dataset from mnist_784.csv (chunk size: 70000).
2025-04-28 20:56:07 - INFO - Starting multiview data preparation for a chunk of size (70000, 784)...
2025-04-28 20:56:07 - INFO - Running using 20 jobs.
2025-04-28 20:56:07 - INFO - Contaminating dataset with lines, quantity=23, transparency=1.0.
2025-04-28 20:56:17 - INFO - Splitting data: 50.0% train / 20.0% test (random_state=561967060)
2025-04-28 20:56:17 - INFO - Using full training data without second split.
2025-04-28 20:56:17 - INFO - Data split complete. Train size: (56000, 784), Test size: (14000, 784)
2025-04-28 20:56:17 - INFO - Reshaping train and test data into square images...
2025-04-28 20:56:17 - INFO - Reshaping complete. Train images shape: (56000, 28, 28), Test images shape: (14000, 28, 28)
2025-04-28 20:56:17 - INFO - Splitting images into quadrant views...
2025-04-28 20:56:17 - INFO - Quadrant view splitting complete. Train views: 4, Test views: 4
2025-04-28 20:56:17 - INFO - Saving sample images for each view...
2025-04-28 20:56:17 - INFO - Sample views saved successfully.
2025-04-28 20:56:17 - INFO - Starting TDA pipeline transformation on train data...
2025-04-28 21:07:02 - INFO - TDA transformation for train completed (10.74 minutes).
2025-04-28 21:07:02 - INFO - Applying TDA pipeline transformation on test data...
2025-04-28 21:09:30 - INFO - TDA transformation for test completed (2.48 minutes).
2025-04-28 21:09:30 - INFO - ========== [Model Training Start] ==========
2025-04-28 21:09:30 - INFO - Training model: original
2025-04-28 21:09:32 - INFO - Model original completed in 1.90 seconds.
2025-04-28 21:09:32 - INFO - >>> Model original trained. Accuracy: 0.8840 (1.90 sec.)
2025-04-28 21:09:32 - INFO - Training model: top_right-original
2025-04-28 21:09:48 - INFO - Model top_right-original completed in 15.72 seconds.
2025-04-28 21:09:48 - INFO - >>> Model top_right-original trained. Accuracy: 0.9012 (15.72 sec.)
2025-04-28 21:09:48 - INFO - Training model: bottom_right-original
2025-04-28 21:10:03 - INFO - Model bottom_right-original completed in 15.64 seconds.
2025-04-28 21:10:03 - INFO - >>> Model bottom_right-original trained. Accuracy: 0.8961 (15.64 sec.)
2025-04-28 21:10:03 - INFO - Training model: original-top_left
2025-04-28 21:10:18 - INFO - Model original-top_left completed in 14.98 seconds.
2025-04-28 21:10:18 - INFO - >>> Model original-top_left trained. Accuracy: 0.9002 (14.98 sec.)
2025-04-28 21:10:18 - INFO - Training model: original-tda
2025-04-28 21:10:51 - INFO - Model original-tda completed in 32.84 seconds.
2025-04-28 21:10:51 - INFO - >>> Model original-tda trained. Accuracy: 0.8866 (32.84 sec.)
2025-04-28 21:10:51 - INFO - Training model: original-bottom_left
2025-04-28 21:11:06 - INFO - Model original-bottom_left completed in 15.10 seconds.
2025-04-28 21:11:06 - INFO - >>> Model original-bottom_left trained. Accuracy: 0.8962 (15.10 sec.)
2025-04-28 21:11:06 - INFO - Training model: top_right-original-bottom_right
2025-04-28 21:11:27 - INFO - Model top_right-original-bottom_right completed in 20.81 seconds.
2025-04-28 21:11:27 - INFO - >>> Model top_right-original-bottom_right trained. Accuracy: 0.9085 (20.81 sec.)
2025-04-28 21:11:27 - INFO - Training model: top_right-original-top_left
2025-04-28 21:11:47 - INFO - Model top_right-original-top_left completed in 20.17 seconds.
2025-04-28 21:11:47 - INFO - >>> Model top_right-original-top_left trained. Accuracy: 0.9110 (20.17 sec.)
2025-04-28 21:11:47 - INFO - Training model: top_right-original-tda
2025-04-28 21:12:26 - INFO - Model top_right-original-tda completed in 39.09 seconds.
2025-04-28 21:12:26 - INFO - >>> Model top_right-original-tda trained. Accuracy: 0.8966 (39.09 sec.)
2025-04-28 21:12:26 - INFO - Training model: top_right-original-bottom_left
2025-04-28 21:12:47 - INFO - Model top_right-original-bottom_left completed in 20.85 seconds.
2025-04-28 21:12:47 - INFO - >>> Model top_right-original-bottom_left trained. Accuracy: 0.9110 (20.85 sec.)
2025-04-28 21:12:47 - INFO - Training model: bottom_right-original-top_left
2025-04-28 21:13:08 - INFO - Model bottom_right-original-top_left completed in 20.67 seconds.
2025-04-28 21:13:08 - INFO - >>> Model bottom_right-original-top_left trained. Accuracy: 0.9091 (20.67 sec.)
2025-04-28 21:13:08 - INFO - Training model: bottom_right-original-tda
2025-04-28 21:13:46 - INFO - Model bottom_right-original-tda completed in 38.40 seconds.
2025-04-28 21:13:46 - INFO - >>> Model bottom_right-original-tda trained. Accuracy: 0.8919 (38.40 sec.)
2025-04-28 21:13:46 - INFO - Training model: bottom_right-original-bottom_left
2025-04-28 21:14:07 - INFO - Model bottom_right-original-bottom_left completed in 20.46 seconds.
2025-04-28 21:14:07 - INFO - >>> Model bottom_right-original-bottom_left trained. Accuracy: 0.9046 (20.46 sec.)
2025-04-28 21:14:07 - INFO - Training model: original-top_left-tda
2025-04-28 21:14:45 - INFO - Model original-top_left-tda completed in 37.71 seconds.
2025-04-28 21:14:45 - INFO - >>> Model original-top_left-tda trained. Accuracy: 0.8976 (37.71 sec.)
2025-04-28 21:14:45 - INFO - Training model: original-top_left-bottom_left
2025-04-28 21:15:05 - INFO - Model original-top_left-bottom_left completed in 20.07 seconds.
2025-04-28 21:15:05 - INFO - >>> Model original-top_left-bottom_left trained. Accuracy: 0.9089 (20.07 sec.)
2025-04-28 21:15:05 - INFO - Training model: original-tda-bottom_left
2025-04-28 21:15:43 - INFO - Model original-tda-bottom_left completed in 38.70 seconds.
2025-04-28 21:15:43 - INFO - >>> Model original-tda-bottom_left trained. Accuracy: 0.8959 (38.70 sec.)
2025-04-28 21:15:43 - INFO - Training model: top_right-original-bottom_right-top_left
2025-04-28 21:16:09 - INFO - Model top_right-original-bottom_right-top_left completed in 25.65 seconds.
2025-04-28 21:16:09 - INFO - >>> Model top_right-original-bottom_right-top_left trained. Accuracy: 0.9196 (25.65 sec.)
2025-04-28 21:16:09 - INFO - Training model: top_right-original-bottom_right-tda
2025-04-28 21:16:53 - INFO - Model top_right-original-bottom_right-tda completed in 44.41 seconds.
2025-04-28 21:16:53 - INFO - >>> Model top_right-original-bottom_right-tda trained. Accuracy: 0.9069 (44.41 sec.)
2025-04-28 21:16:53 - INFO - Training model: top_right-original-bottom_right-bottom_left
2025-04-28 21:17:20 - INFO - Model top_right-original-bottom_right-bottom_left completed in 26.45 seconds.
2025-04-28 21:17:20 - INFO - >>> Model top_right-original-bottom_right-bottom_left trained. Accuracy: 0.9184 (26.45 sec.)
2025-04-28 21:17:20 - INFO - Training model: top_right-original-top_left-tda
2025-04-28 21:18:03 - INFO - Model top_right-original-top_left-tda completed in 42.71 seconds.
2025-04-28 21:18:03 - INFO - >>> Model top_right-original-top_left-tda trained. Accuracy: 0.9086 (42.71 sec.)
2025-04-28 21:18:03 - INFO - Training model: top_right-original-top_left-bottom_left
2025-04-28 21:18:28 - INFO - Model top_right-original-top_left-bottom_left completed in 25.31 seconds.
2025-04-28 21:18:28 - INFO - >>> Model top_right-original-top_left-bottom_left trained. Accuracy: 0.9221 (25.31 sec.)
2025-04-28 21:18:28 - INFO - Training model: top_right-original-tda-bottom_left
2025-04-28 21:19:12 - INFO - Model top_right-original-tda-bottom_left completed in 44.14 seconds.
2025-04-28 21:19:12 - INFO - >>> Model top_right-original-tda-bottom_left trained. Accuracy: 0.9086 (44.14 sec.)
2025-04-28 21:19:12 - INFO - Training model: bottom_right-original-top_left-tda
2025-04-28 21:19:55 - INFO - Model bottom_right-original-top_left-tda completed in 43.04 seconds.
2025-04-28 21:19:55 - INFO - >>> Model bottom_right-original-top_left-tda trained. Accuracy: 0.9048 (43.04 sec.)
2025-04-28 21:19:55 - INFO - Training model: bottom_right-original-top_left-bottom_left
2025-04-28 21:20:21 - INFO - Model bottom_right-original-top_left-bottom_left completed in 25.77 seconds.
2025-04-28 21:20:21 - INFO - >>> Model bottom_right-original-top_left-bottom_left trained. Accuracy: 0.9143 (25.77 sec.)
2025-04-28 21:20:21 - INFO - Training model: bottom_right-original-tda-bottom_left
2025-04-28 21:21:05 - INFO - Model bottom_right-original-tda-bottom_left completed in 43.74 seconds.
2025-04-28 21:21:05 - INFO - >>> Model bottom_right-original-tda-bottom_left trained. Accuracy: 0.9031 (43.74 sec.)
2025-04-28 21:21:05 - INFO - Training model: original-top_left-tda-bottom_left
2025-04-28 21:21:48 - INFO - Model original-top_left-tda-bottom_left completed in 43.05 seconds.
2025-04-28 21:21:48 - INFO - >>> Model original-top_left-tda-bottom_left trained. Accuracy: 0.9055 (43.05 sec.)
2025-04-28 21:21:48 - INFO - Training model: top_right-original-bottom_right-top_left-tda
2025-04-28 21:22:37 - INFO - Model top_right-original-bottom_right-top_left-tda completed in 49.20 seconds.
2025-04-28 21:22:37 - INFO - >>> Model top_right-original-bottom_right-top_left-tda trained. Accuracy: 0.9176 (49.20 sec.)
2025-04-28 21:22:37 - INFO - Training model: top_right-original-bottom_right-top_left-bottom_left
2025-04-28 21:23:08 - INFO - Model top_right-original-bottom_right-top_left-bottom_left completed in 31.66 seconds.
2025-04-28 21:23:08 - INFO - >>> Model top_right-original-bottom_right-top_left-bottom_left trained. Accuracy: 0.9298 (31.66 sec.)
2025-04-28 21:23:08 - INFO - Training model: top_right-original-bottom_right-tda-bottom_left
2025-04-28 21:23:58 - INFO - Model top_right-original-bottom_right-tda-bottom_left completed in 49.95 seconds.
2025-04-28 21:23:58 - INFO - >>> Model top_right-original-bottom_right-tda-bottom_left trained. Accuracy: 0.9166 (49.95 sec.)
2025-04-28 21:23:58 - INFO - Training model: top_right-original-top_left-tda-bottom_left
2025-04-28 21:24:47 - INFO - Model top_right-original-top_left-tda-bottom_left completed in 48.81 seconds.
2025-04-28 21:24:47 - INFO - >>> Model top_right-original-top_left-tda-bottom_left trained. Accuracy: 0.9209 (48.81 sec.)
2025-04-28 21:24:47 - INFO - Training model: original-bottom_right-top_left-tda-bottom_left
2025-04-28 21:25:37 - INFO - Model original-bottom_right-top_left-tda-bottom_left completed in 49.66 seconds.
2025-04-28 21:25:37 - INFO - >>> Model original-bottom_right-top_left-tda-bottom_left trained. Accuracy: 0.9138 (49.66 sec.)
2025-04-28 21:25:37 - INFO - Training model: top_right-original-bottom_right-top_left-tda-bottom_left
2025-04-28 21:26:32 - INFO - Model top_right-original-bottom_right-top_left-tda-bottom_left completed in 54.80 seconds.
2025-04-28 21:26:32 - INFO - >>> Model top_right-original-bottom_right-top_left-tda-bottom_left trained. Accuracy: 0.9274 (54.80 sec.)
2025-04-28 21:26:32 - INFO - All models trained successfully.
2025-04-28 21:26:32 - INFO - ========== [Model Training Completed] in 17.03 minutes ==========
2025-04-28 21:26:32 - INFO - ========== [Experiment Training Complete] ==========
2025-04-28 21:26:32 - INFO - Results saved to /home/jovyan/Workspace/workspace_mnist/results/exp_noise_lines_30_trainsplit_vary_noise/experiment_trainsize_predictions_2025-04-28_21-26-32.json
2025-04-28 21:26:32 - INFO - Results successfully saved to /home/jovyan/Workspace/workspace_mnist/results/exp_noise_lines_30_trainsplit_vary_noise/experiment_trainsize_predictions_2025-04-28_21-26-32.json
2025-04-28 21:26:32 - INFO - Forced Garbage collection executed to Free Memory.
2025-04-28 21:26:32 - INFO - ========== [Experiment Completed] in 30.43 minutes ==========
