2025-05-04 15:47:19 - INFO - Logging initialized.
 Writing to /home/jovyan/Workspace/workspace_mnist/logs/exp_noise_lines_30_trainsplit_vary_noise/experiment_logs_2025-05-04_15-47-19.log
2025-05-04 15:47:19 - INFO - ========== [Experiment Start] ==========
2025-05-04 15:47:19 - INFO - Views combinations successfully generated.
2025-05-04 15:47:19 - INFO - Topological Data Analysis pipeline generated.
2025-05-04 15:47:19 - INFO - Folder to save results has been created.
2025-05-04 15:47:19 - INFO - Reading dataset from mnist_784.csv (chunk size: 70000).
2025-05-04 15:47:20 - INFO - Starting multiview data preparation for a chunk of size (70000, 784)...
2025-05-04 15:47:20 - INFO - Running using 20 jobs.
2025-05-04 15:47:20 - INFO - Contaminating dataset with lines, quantity=21, transparency=1.0.
2025-05-04 15:47:30 - INFO - Splitting data: 50.0% train / 20.0% test (random_state=72789604)
2025-05-04 15:47:30 - INFO - Using full training data without second split.
2025-05-04 15:47:30 - INFO - Data split complete. Train size: (56000, 784), Test size: (14000, 784)
2025-05-04 15:47:30 - INFO - Reshaping train and test data into square images...
2025-05-04 15:47:30 - INFO - Reshaping complete. Train images shape: (56000, 28, 28), Test images shape: (14000, 28, 28)
2025-05-04 15:47:30 - INFO - Splitting images into quadrant views...
2025-05-04 15:47:30 - INFO - Quadrant view splitting complete. Train views: 4, Test views: 4
2025-05-04 15:47:30 - INFO - Saving sample images for each view...
2025-05-04 15:47:30 - INFO - Sample views saved successfully.
2025-05-04 15:47:30 - INFO - Starting TDA pipeline transformation on train data...
2025-05-04 15:58:25 - INFO - TDA transformation for train completed (10.91 minutes).
2025-05-04 15:58:25 - INFO - Applying TDA pipeline transformation on test data...
2025-05-04 16:00:59 - INFO - TDA transformation for test completed (2.57 minutes).
2025-05-04 16:00:59 - INFO - ========== [Model Training Start] ==========
2025-05-04 16:00:59 - INFO - Training model: original
2025-05-04 16:01:01 - INFO - Model original completed in 1.89 seconds.
2025-05-04 16:01:01 - INFO - >>> Model original trained. Accuracy: 0.8932 (1.89 sec.)
2025-05-04 16:01:01 - INFO - Training model: top_right-original
2025-05-04 16:01:16 - INFO - Model top_right-original completed in 15.32 seconds.
2025-05-04 16:01:16 - INFO - >>> Model top_right-original trained. Accuracy: 0.9085 (15.32 sec.)
2025-05-04 16:01:16 - INFO - Training model: bottom_right-original
2025-05-04 16:01:32 - INFO - Model bottom_right-original completed in 16.16 seconds.
2025-05-04 16:01:32 - INFO - >>> Model bottom_right-original trained. Accuracy: 0.9044 (16.16 sec.)
2025-05-04 16:01:32 - INFO - Training model: original-top_left
2025-05-04 16:01:48 - INFO - Model original-top_left completed in 15.33 seconds.
2025-05-04 16:01:48 - INFO - >>> Model original-top_left trained. Accuracy: 0.9074 (15.33 sec.)
2025-05-04 16:01:48 - INFO - Training model: original-tda
2025-05-04 16:02:20 - INFO - Model original-tda completed in 32.86 seconds.
2025-05-04 16:02:20 - INFO - >>> Model original-tda trained. Accuracy: 0.8965 (32.86 sec.)
2025-05-04 16:02:20 - INFO - Training model: original-bottom_left
2025-05-04 16:02:36 - INFO - Model original-bottom_left completed in 15.60 seconds.
2025-05-04 16:02:36 - INFO - >>> Model original-bottom_left trained. Accuracy: 0.9056 (15.60 sec.)
2025-05-04 16:02:36 - INFO - Training model: top_right-original-bottom_right
2025-05-04 16:02:58 - INFO - Model top_right-original-bottom_right completed in 21.58 seconds.
2025-05-04 16:02:58 - INFO - >>> Model top_right-original-bottom_right trained. Accuracy: 0.9149 (21.58 sec.)
2025-05-04 16:02:58 - INFO - Training model: top_right-original-top_left
2025-05-04 16:03:19 - INFO - Model top_right-original-top_left completed in 21.18 seconds.
2025-05-04 16:03:19 - INFO - >>> Model top_right-original-top_left trained. Accuracy: 0.9155 (21.18 sec.)
2025-05-04 16:03:19 - INFO - Training model: top_right-original-tda
2025-05-04 16:03:57 - INFO - Model top_right-original-tda completed in 38.43 seconds.
2025-05-04 16:03:57 - INFO - >>> Model top_right-original-tda trained. Accuracy: 0.9068 (38.43 sec.)
2025-05-04 16:03:57 - INFO - Training model: top_right-original-bottom_left
2025-05-04 16:04:18 - INFO - Model top_right-original-bottom_left completed in 20.67 seconds.
2025-05-04 16:04:18 - INFO - >>> Model top_right-original-bottom_left trained. Accuracy: 0.9171 (20.67 sec.)
2025-05-04 16:04:18 - INFO - Training model: bottom_right-original-top_left
2025-05-04 16:04:39 - INFO - Model bottom_right-original-top_left completed in 20.91 seconds.
2025-05-04 16:04:39 - INFO - >>> Model bottom_right-original-top_left trained. Accuracy: 0.9132 (20.91 sec.)
2025-05-04 16:04:39 - INFO - Training model: bottom_right-original-tda
2025-05-04 16:05:17 - INFO - Model bottom_right-original-tda completed in 38.11 seconds.
2025-05-04 16:05:17 - INFO - >>> Model bottom_right-original-tda trained. Accuracy: 0.9026 (38.11 sec.)
2025-05-04 16:05:17 - INFO - Training model: bottom_right-original-bottom_left
2025-05-04 16:05:38 - INFO - Model bottom_right-original-bottom_left completed in 21.23 seconds.
2025-05-04 16:05:38 - INFO - >>> Model bottom_right-original-bottom_left trained. Accuracy: 0.9114 (21.23 sec.)
2025-05-04 16:05:38 - INFO - Training model: original-top_left-tda
2025-05-04 16:06:16 - INFO - Model original-top_left-tda completed in 38.22 seconds.
2025-05-04 16:06:16 - INFO - >>> Model original-top_left-tda trained. Accuracy: 0.9045 (38.22 sec.)
2025-05-04 16:06:16 - INFO - Training model: original-top_left-bottom_left
2025-05-04 16:06:37 - INFO - Model original-top_left-bottom_left completed in 20.53 seconds.
2025-05-04 16:06:37 - INFO - >>> Model original-top_left-bottom_left trained. Accuracy: 0.9164 (20.53 sec.)
2025-05-04 16:06:37 - INFO - Training model: original-tda-bottom_left
2025-05-04 16:07:15 - INFO - Model original-tda-bottom_left completed in 37.95 seconds.
2025-05-04 16:07:15 - INFO - >>> Model original-tda-bottom_left trained. Accuracy: 0.9031 (37.95 sec.)
2025-05-04 16:07:15 - INFO - Training model: top_right-original-bottom_right-top_left
2025-05-04 16:07:41 - INFO - Model top_right-original-bottom_right-top_left completed in 26.56 seconds.
2025-05-04 16:07:41 - INFO - >>> Model top_right-original-bottom_right-top_left trained. Accuracy: 0.9234 (26.56 sec.)
2025-05-04 16:07:41 - INFO - Training model: top_right-original-bottom_right-tda
2025-05-04 16:08:26 - INFO - Model top_right-original-bottom_right-tda completed in 44.43 seconds.
2025-05-04 16:08:26 - INFO - >>> Model top_right-original-bottom_right-tda trained. Accuracy: 0.9149 (44.43 sec.)
2025-05-04 16:08:26 - INFO - Training model: top_right-original-bottom_right-bottom_left
2025-05-04 16:08:53 - INFO - Model top_right-original-bottom_right-bottom_left completed in 26.62 seconds.
2025-05-04 16:08:53 - INFO - >>> Model top_right-original-bottom_right-bottom_left trained. Accuracy: 0.9233 (26.62 sec.)
2025-05-04 16:08:53 - INFO - Training model: top_right-original-top_left-tda
2025-05-04 16:09:36 - INFO - Model top_right-original-top_left-tda completed in 43.64 seconds.
2025-05-04 16:09:36 - INFO - >>> Model top_right-original-top_left-tda trained. Accuracy: 0.9151 (43.64 sec.)
2025-05-04 16:09:36 - INFO - Training model: top_right-original-top_left-bottom_left
2025-05-04 16:10:02 - INFO - Model top_right-original-top_left-bottom_left completed in 25.63 seconds.
2025-05-04 16:10:02 - INFO - >>> Model top_right-original-top_left-bottom_left trained. Accuracy: 0.9279 (25.63 sec.)
2025-05-04 16:10:02 - INFO - Training model: top_right-original-tda-bottom_left
2025-05-04 16:10:46 - INFO - Model top_right-original-tda-bottom_left completed in 43.97 seconds.
2025-05-04 16:10:46 - INFO - >>> Model top_right-original-tda-bottom_left trained. Accuracy: 0.9152 (43.97 sec.)
2025-05-04 16:10:46 - INFO - Training model: bottom_right-original-top_left-tda
2025-05-04 16:11:29 - INFO - Model bottom_right-original-top_left-tda completed in 43.26 seconds.
2025-05-04 16:11:29 - INFO - >>> Model bottom_right-original-top_left-tda trained. Accuracy: 0.9127 (43.26 sec.)
2025-05-04 16:11:29 - INFO - Training model: bottom_right-original-top_left-bottom_left
2025-05-04 16:11:55 - INFO - Model bottom_right-original-top_left-bottom_left completed in 26.12 seconds.
2025-05-04 16:11:55 - INFO - >>> Model bottom_right-original-top_left-bottom_left trained. Accuracy: 0.9212 (26.12 sec.)
2025-05-04 16:11:55 - INFO - Training model: bottom_right-original-tda-bottom_left
2025-05-04 16:12:39 - INFO - Model bottom_right-original-tda-bottom_left completed in 43.67 seconds.
2025-05-04 16:12:39 - INFO - >>> Model bottom_right-original-tda-bottom_left trained. Accuracy: 0.9090 (43.67 sec.)
2025-05-04 16:12:39 - INFO - Training model: original-top_left-tda-bottom_left
2025-05-04 16:13:22 - INFO - Model original-top_left-tda-bottom_left completed in 43.03 seconds.
2025-05-04 16:13:22 - INFO - >>> Model original-top_left-tda-bottom_left trained. Accuracy: 0.9114 (43.03 sec.)
2025-05-04 16:13:22 - INFO - Training model: top_right-original-bottom_right-top_left-tda
2025-05-04 16:14:11 - INFO - Model top_right-original-bottom_right-top_left-tda completed in 49.40 seconds.
2025-05-04 16:14:11 - INFO - >>> Model top_right-original-bottom_right-top_left-tda trained. Accuracy: 0.9226 (49.40 sec.)
2025-05-04 16:14:11 - INFO - Training model: top_right-original-bottom_right-top_left-bottom_left
2025-05-04 16:14:43 - INFO - Model top_right-original-bottom_right-top_left-bottom_left completed in 31.51 seconds.
2025-05-04 16:14:43 - INFO - >>> Model top_right-original-bottom_right-top_left-bottom_left trained. Accuracy: 0.9332 (31.51 sec.)
2025-05-04 16:14:43 - INFO - Training model: top_right-original-bottom_right-tda-bottom_left
2025-05-04 16:15:31 - INFO - Model top_right-original-bottom_right-tda-bottom_left completed in 48.52 seconds.
2025-05-04 16:15:31 - INFO - >>> Model top_right-original-bottom_right-tda-bottom_left trained. Accuracy: 0.9221 (48.52 sec.)
2025-05-04 16:15:31 - INFO - Training model: top_right-original-top_left-tda-bottom_left
2025-05-04 16:16:21 - INFO - Model top_right-original-top_left-tda-bottom_left completed in 49.31 seconds.
2025-05-04 16:16:21 - INFO - >>> Model top_right-original-top_left-tda-bottom_left trained. Accuracy: 0.9259 (49.31 sec.)
2025-05-04 16:16:21 - INFO - Training model: original-bottom_right-top_left-tda-bottom_left
2025-05-04 16:17:09 - INFO - Model original-bottom_right-top_left-tda-bottom_left completed in 48.03 seconds.
2025-05-04 16:17:09 - INFO - >>> Model original-bottom_right-top_left-tda-bottom_left trained. Accuracy: 0.9204 (48.03 sec.)
2025-05-04 16:17:09 - INFO - Training model: top_right-original-bottom_right-top_left-tda-bottom_left
2025-05-04 16:18:03 - INFO - Model top_right-original-bottom_right-top_left-tda-bottom_left completed in 54.60 seconds.
2025-05-04 16:18:03 - INFO - >>> Model top_right-original-bottom_right-top_left-tda-bottom_left trained. Accuracy: 0.9331 (54.60 sec.)
2025-05-04 16:18:03 - INFO - All models trained successfully.
2025-05-04 16:18:03 - INFO - ========== [Model Training Completed] in 17.07 minutes ==========
2025-05-04 16:18:03 - INFO - ========== [Experiment Training Complete] ==========
2025-05-04 16:18:03 - INFO - Results saved to /home/jovyan/Workspace/workspace_mnist/results/exp_noise_lines_30_trainsplit_vary_noise/experiment_trainsize_predictions_2025-05-04_16-18-03.json
2025-05-04 16:18:03 - INFO - Results successfully saved to /home/jovyan/Workspace/workspace_mnist/results/exp_noise_lines_30_trainsplit_vary_noise/experiment_trainsize_predictions_2025-05-04_16-18-03.json
2025-05-04 16:18:03 - INFO - Forced Garbage collection executed to Free Memory.
2025-05-04 16:18:03 - INFO - ========== [Experiment Completed] in 30.73 minutes ==========
