2025-04-30 12:07:36 - INFO - Logging initialized.
 Writing to /home/jovyan/Workspace/workspace_mnist/logs/exp_noise_lines_30_trainsplit_vary_noise/experiment_logs_2025-04-30_12-07-36.log
2025-04-30 12:07:36 - INFO - ========== [Experiment Start] ==========
2025-04-30 12:07:36 - INFO - Views combinations successfully generated.
2025-04-30 12:07:36 - INFO - Topological Data Analysis pipeline generated.
2025-04-30 12:07:36 - INFO - Folder to save results has been created.
2025-04-30 12:07:36 - INFO - Reading dataset from mnist_784.csv (chunk size: 70000).
2025-04-30 12:07:37 - INFO - Starting multiview data preparation for a chunk of size (70000, 784)...
2025-04-30 12:07:37 - INFO - Running using 20 jobs.
2025-04-30 12:07:37 - INFO - Contaminating dataset with lines, quantity=29, transparency=1.0.
2025-04-30 12:07:50 - INFO - Splitting data: 50.0% train / 20.0% test (random_state=582848128)
2025-04-30 12:07:50 - INFO - Using full training data without second split.
2025-04-30 12:07:50 - INFO - Data split complete. Train size: (56000, 784), Test size: (14000, 784)
2025-04-30 12:07:50 - INFO - Reshaping train and test data into square images...
2025-04-30 12:07:50 - INFO - Reshaping complete. Train images shape: (56000, 28, 28), Test images shape: (14000, 28, 28)
2025-04-30 12:07:50 - INFO - Splitting images into quadrant views...
2025-04-30 12:07:50 - INFO - Quadrant view splitting complete. Train views: 4, Test views: 4
2025-04-30 12:07:50 - INFO - Saving sample images for each view...
2025-04-30 12:07:50 - INFO - Sample views saved successfully.
2025-04-30 12:07:50 - INFO - Starting TDA pipeline transformation on train data...
2025-04-30 12:18:02 - INFO - TDA transformation for train completed (10.20 minutes).
2025-04-30 12:18:02 - INFO - Applying TDA pipeline transformation on test data...
2025-04-30 12:20:32 - INFO - TDA transformation for test completed (2.51 minutes).
2025-04-30 12:20:32 - INFO - ========== [Model Training Start] ==========
2025-04-30 12:20:32 - INFO - Training model: original
2025-04-30 12:20:34 - INFO - Model original completed in 1.96 seconds.
2025-04-30 12:20:34 - INFO - >>> Model original trained. Accuracy: 0.8584 (1.96 sec.)
2025-04-30 12:20:34 - INFO - Training model: top_right-original
2025-04-30 12:20:50 - INFO - Model top_right-original completed in 16.05 seconds.
2025-04-30 12:20:50 - INFO - >>> Model top_right-original trained. Accuracy: 0.8761 (16.05 sec.)
2025-04-30 12:20:50 - INFO - Training model: bottom_right-original
2025-04-30 12:21:06 - INFO - Model bottom_right-original completed in 16.23 seconds.
2025-04-30 12:21:06 - INFO - >>> Model bottom_right-original trained. Accuracy: 0.8723 (16.23 sec.)
2025-04-30 12:21:06 - INFO - Training model: original-top_left
2025-04-30 12:21:22 - INFO - Model original-top_left completed in 15.99 seconds.
2025-04-30 12:21:22 - INFO - >>> Model original-top_left trained. Accuracy: 0.8789 (15.99 sec.)
2025-04-30 12:21:22 - INFO - Training model: original-tda
2025-04-30 12:21:55 - INFO - Model original-tda completed in 32.24 seconds.
2025-04-30 12:21:55 - INFO - >>> Model original-tda trained. Accuracy: 0.8596 (32.24 sec.)
2025-04-30 12:21:55 - INFO - Training model: original-bottom_left
2025-04-30 12:22:11 - INFO - Model original-bottom_left completed in 15.93 seconds.
2025-04-30 12:22:11 - INFO - >>> Model original-bottom_left trained. Accuracy: 0.8734 (15.93 sec.)
2025-04-30 12:22:11 - INFO - Training model: top_right-original-bottom_right
2025-04-30 12:22:33 - INFO - Model top_right-original-bottom_right completed in 22.02 seconds.
2025-04-30 12:22:33 - INFO - >>> Model top_right-original-bottom_right trained. Accuracy: 0.8884 (22.02 sec.)
2025-04-30 12:22:33 - INFO - Training model: top_right-original-top_left
2025-04-30 12:22:54 - INFO - Model top_right-original-top_left completed in 21.34 seconds.
2025-04-30 12:22:54 - INFO - >>> Model top_right-original-top_left trained. Accuracy: 0.8891 (21.34 sec.)
2025-04-30 12:22:54 - INFO - Training model: top_right-original-tda
2025-04-30 12:23:32 - INFO - Model top_right-original-tda completed in 38.52 seconds.
2025-04-30 12:23:32 - INFO - >>> Model top_right-original-tda trained. Accuracy: 0.8734 (38.52 sec.)
2025-04-30 12:23:32 - INFO - Training model: top_right-original-bottom_left
2025-04-30 12:23:54 - INFO - Model top_right-original-bottom_left completed in 21.75 seconds.
2025-04-30 12:23:54 - INFO - >>> Model top_right-original-bottom_left trained. Accuracy: 0.8846 (21.75 sec.)
2025-04-30 12:23:54 - INFO - Training model: bottom_right-original-top_left
2025-04-30 12:24:16 - INFO - Model bottom_right-original-top_left completed in 21.40 seconds.
2025-04-30 12:24:16 - INFO - >>> Model bottom_right-original-top_left trained. Accuracy: 0.8867 (21.40 sec.)
2025-04-30 12:24:16 - INFO - Training model: bottom_right-original-tda
2025-04-30 12:24:54 - INFO - Model bottom_right-original-tda completed in 38.25 seconds.
2025-04-30 12:24:54 - INFO - >>> Model bottom_right-original-tda trained. Accuracy: 0.8684 (38.25 sec.)
2025-04-30 12:24:54 - INFO - Training model: bottom_right-original-bottom_left
2025-04-30 12:25:15 - INFO - Model bottom_right-original-bottom_left completed in 21.54 seconds.
2025-04-30 12:25:15 - INFO - >>> Model bottom_right-original-bottom_left trained. Accuracy: 0.8792 (21.54 sec.)
2025-04-30 12:25:15 - INFO - Training model: original-top_left-tda
2025-04-30 12:25:54 - INFO - Model original-top_left-tda completed in 38.28 seconds.
2025-04-30 12:25:54 - INFO - >>> Model original-top_left-tda trained. Accuracy: 0.8734 (38.28 sec.)
2025-04-30 12:25:54 - INFO - Training model: original-top_left-bottom_left
2025-04-30 12:26:15 - INFO - Model original-top_left-bottom_left completed in 21.08 seconds.
2025-04-30 12:26:15 - INFO - >>> Model original-top_left-bottom_left trained. Accuracy: 0.8851 (21.08 sec.)
2025-04-30 12:26:15 - INFO - Training model: original-tda-bottom_left
2025-04-30 12:26:53 - INFO - Model original-tda-bottom_left completed in 37.68 seconds.
2025-04-30 12:26:53 - INFO - >>> Model original-tda-bottom_left trained. Accuracy: 0.8690 (37.68 sec.)
2025-04-30 12:26:53 - INFO - Training model: top_right-original-bottom_right-top_left
2025-04-30 12:27:19 - INFO - Model top_right-original-bottom_right-top_left completed in 26.93 seconds.
2025-04-30 12:27:19 - INFO - >>> Model top_right-original-bottom_right-top_left trained. Accuracy: 0.8994 (26.93 sec.)
2025-04-30 12:27:19 - INFO - Training model: top_right-original-bottom_right-tda
2025-04-30 12:28:04 - INFO - Model top_right-original-bottom_right-tda completed in 44.08 seconds.
2025-04-30 12:28:04 - INFO - >>> Model top_right-original-bottom_right-tda trained. Accuracy: 0.8851 (44.08 sec.)
2025-04-30 12:28:04 - INFO - Training model: top_right-original-bottom_right-bottom_left
2025-04-30 12:28:30 - INFO - Model top_right-original-bottom_right-bottom_left completed in 26.74 seconds.
2025-04-30 12:28:30 - INFO - >>> Model top_right-original-bottom_right-bottom_left trained. Accuracy: 0.8959 (26.74 sec.)
2025-04-30 12:28:30 - INFO - Training model: top_right-original-top_left-tda
2025-04-30 12:29:13 - INFO - Model top_right-original-top_left-tda completed in 43.06 seconds.
2025-04-30 12:29:13 - INFO - >>> Model top_right-original-top_left-tda trained. Accuracy: 0.8855 (43.06 sec.)
2025-04-30 12:29:13 - INFO - Training model: top_right-original-top_left-bottom_left
2025-04-30 12:29:40 - INFO - Model top_right-original-top_left-bottom_left completed in 27.01 seconds.
2025-04-30 12:29:40 - INFO - >>> Model top_right-original-top_left-bottom_left trained. Accuracy: 0.9008 (27.01 sec.)
2025-04-30 12:29:40 - INFO - Training model: top_right-original-tda-bottom_left
2025-04-30 12:30:24 - INFO - Model top_right-original-tda-bottom_left completed in 43.94 seconds.
2025-04-30 12:30:24 - INFO - >>> Model top_right-original-tda-bottom_left trained. Accuracy: 0.8823 (43.94 sec.)
2025-04-30 12:30:24 - INFO - Training model: bottom_right-original-top_left-tda
2025-04-30 12:31:07 - INFO - Model bottom_right-original-top_left-tda completed in 42.68 seconds.
2025-04-30 12:31:07 - INFO - >>> Model bottom_right-original-top_left-tda trained. Accuracy: 0.8826 (42.68 sec.)
2025-04-30 12:31:07 - INFO - Training model: bottom_right-original-top_left-bottom_left
2025-04-30 12:31:33 - INFO - Model bottom_right-original-top_left-bottom_left completed in 26.41 seconds.
2025-04-30 12:31:33 - INFO - >>> Model bottom_right-original-top_left-bottom_left trained. Accuracy: 0.8931 (26.41 sec.)
2025-04-30 12:31:33 - INFO - Training model: bottom_right-original-tda-bottom_left
2025-04-30 12:32:17 - INFO - Model bottom_right-original-tda-bottom_left completed in 43.23 seconds.
2025-04-30 12:32:17 - INFO - >>> Model bottom_right-original-tda-bottom_left trained. Accuracy: 0.8767 (43.23 sec.)
2025-04-30 12:32:17 - INFO - Training model: original-top_left-tda-bottom_left
2025-04-30 12:32:59 - INFO - Model original-top_left-tda-bottom_left completed in 42.86 seconds.
2025-04-30 12:32:59 - INFO - >>> Model original-top_left-tda-bottom_left trained. Accuracy: 0.8816 (42.86 sec.)
2025-04-30 12:32:59 - INFO - Training model: top_right-original-bottom_right-top_left-tda
2025-04-30 12:33:49 - INFO - Model top_right-original-bottom_right-top_left-tda completed in 49.17 seconds.
2025-04-30 12:33:49 - INFO - >>> Model top_right-original-bottom_right-top_left-tda trained. Accuracy: 0.8972 (49.17 sec.)
2025-04-30 12:33:49 - INFO - Training model: top_right-original-bottom_right-top_left-bottom_left
2025-04-30 12:34:21 - INFO - Model top_right-original-bottom_right-top_left-bottom_left completed in 32.46 seconds.
2025-04-30 12:34:21 - INFO - >>> Model top_right-original-bottom_right-top_left-bottom_left trained. Accuracy: 0.9084 (32.46 sec.)
2025-04-30 12:34:21 - INFO - Training model: top_right-original-bottom_right-tda-bottom_left
2025-04-30 12:35:11 - INFO - Model top_right-original-bottom_right-tda-bottom_left completed in 49.94 seconds.
2025-04-30 12:35:11 - INFO - >>> Model top_right-original-bottom_right-tda-bottom_left trained. Accuracy: 0.8924 (49.94 sec.)
2025-04-30 12:35:11 - INFO - Training model: top_right-original-top_left-tda-bottom_left
2025-04-30 12:36:00 - INFO - Model top_right-original-top_left-tda-bottom_left completed in 49.12 seconds.
2025-04-30 12:36:00 - INFO - >>> Model top_right-original-top_left-tda-bottom_left trained. Accuracy: 0.8972 (49.12 sec.)
2025-04-30 12:36:00 - INFO - Training model: original-bottom_right-top_left-tda-bottom_left
2025-04-30 12:36:49 - INFO - Model original-bottom_right-top_left-tda-bottom_left completed in 48.73 seconds.
2025-04-30 12:36:49 - INFO - >>> Model original-bottom_right-top_left-tda-bottom_left trained. Accuracy: 0.8917 (48.73 sec.)
2025-04-30 12:36:49 - INFO - Training model: top_right-original-bottom_right-top_left-tda-bottom_left
2025-04-30 12:37:43 - INFO - Model top_right-original-bottom_right-top_left-tda-bottom_left completed in 54.33 seconds.
2025-04-30 12:37:43 - INFO - >>> Model top_right-original-bottom_right-top_left-tda-bottom_left trained. Accuracy: 0.9051 (54.33 sec.)
2025-04-30 12:37:43 - INFO - All models trained successfully.
2025-04-30 12:37:43 - INFO - ========== [Model Training Completed] in 17.18 minutes ==========
2025-04-30 12:37:43 - INFO - ========== [Experiment Training Complete] ==========
2025-04-30 12:37:43 - INFO - Results saved to /home/jovyan/Workspace/workspace_mnist/results/exp_noise_lines_30_trainsplit_vary_noise/experiment_trainsize_predictions_2025-04-30_12-37-43.json
2025-04-30 12:37:43 - INFO - Results successfully saved to /home/jovyan/Workspace/workspace_mnist/results/exp_noise_lines_30_trainsplit_vary_noise/experiment_trainsize_predictions_2025-04-30_12-37-43.json
2025-04-30 12:37:43 - INFO - Forced Garbage collection executed to Free Memory.
2025-04-30 12:37:43 - INFO - ========== [Experiment Completed] in 30.13 minutes ==========
