2025-04-27 00:42:28 - INFO - Logging initialized.
 Writing to /home/jovyan/Workspace/workspace_mnist/logs/exp_noise_lines_30_trainsplit_vary_noise/experiment_logs_2025-04-27_00-42-28.log
2025-04-27 00:42:28 - INFO - ========== [Experiment Start] ==========
2025-04-27 00:42:28 - INFO - Views combinations successfully generated.
2025-04-27 00:42:28 - INFO - Topological Data Analysis pipeline generated.
2025-04-27 00:42:28 - INFO - Folder to save results has been created.
2025-04-27 00:42:28 - INFO - Reading dataset from mnist_784.csv (chunk size: 70000).
2025-04-27 00:42:29 - INFO - Starting multiview data preparation for a chunk of size (70000, 784)...
2025-04-27 00:42:29 - INFO - Running using 20 jobs.
2025-04-27 00:42:29 - INFO - Contaminating dataset with lines, quantity=45, transparency=1.0.
2025-04-27 00:42:48 - INFO - Splitting data: 50.0% train / 20.0% test (random_state=601133337)
2025-04-27 00:42:48 - INFO - Using full training data without second split.
2025-04-27 00:42:48 - INFO - Data split complete. Train size: (56000, 784), Test size: (14000, 784)
2025-04-27 00:42:48 - INFO - Reshaping train and test data into square images...
2025-04-27 00:42:48 - INFO - Reshaping complete. Train images shape: (56000, 28, 28), Test images shape: (14000, 28, 28)
2025-04-27 00:42:48 - INFO - Splitting images into quadrant views...
2025-04-27 00:42:48 - INFO - Quadrant view splitting complete. Train views: 4, Test views: 4
2025-04-27 00:42:48 - INFO - Saving sample images for each view...
2025-04-27 00:42:48 - INFO - Sample views saved successfully.
2025-04-27 00:42:48 - INFO - Starting TDA pipeline transformation on train data...
2025-04-27 00:54:00 - INFO - TDA transformation for train completed (11.20 minutes).
2025-04-27 00:54:00 - INFO - Applying TDA pipeline transformation on test data...
2025-04-27 00:56:44 - INFO - TDA transformation for test completed (2.75 minutes).
2025-04-27 00:56:44 - INFO - ========== [Model Training Start] ==========
2025-04-27 00:56:44 - INFO - Training model: original
2025-04-27 00:56:46 - INFO - Model original completed in 2.15 seconds.
2025-04-27 00:56:46 - INFO - >>> Model original trained. Accuracy: 0.7963 (2.15 sec.)
2025-04-27 00:56:46 - INFO - Training model: top_right-original
2025-04-27 00:57:04 - INFO - Model top_right-original completed in 17.23 seconds.
2025-04-27 00:57:04 - INFO - >>> Model top_right-original trained. Accuracy: 0.8258 (17.23 sec.)
2025-04-27 00:57:04 - INFO - Training model: bottom_right-original
2025-04-27 00:57:21 - INFO - Model bottom_right-original completed in 17.29 seconds.
2025-04-27 00:57:21 - INFO - >>> Model bottom_right-original trained. Accuracy: 0.8181 (17.29 sec.)
2025-04-27 00:57:21 - INFO - Training model: original-top_left
2025-04-27 00:57:38 - INFO - Model original-top_left completed in 16.56 seconds.
2025-04-27 00:57:38 - INFO - >>> Model original-top_left trained. Accuracy: 0.8236 (16.56 sec.)
2025-04-27 00:57:38 - INFO - Training model: original-tda
2025-04-27 00:58:10 - INFO - Model original-tda completed in 32.69 seconds.
2025-04-27 00:58:10 - INFO - >>> Model original-tda trained. Accuracy: 0.7990 (32.69 sec.)
2025-04-27 00:58:10 - INFO - Training model: original-bottom_left
2025-04-27 00:58:27 - INFO - Model original-bottom_left completed in 16.79 seconds.
2025-04-27 00:58:27 - INFO - >>> Model original-bottom_left trained. Accuracy: 0.8140 (16.79 sec.)
2025-04-27 00:58:27 - INFO - Training model: top_right-original-bottom_right
2025-04-27 00:58:50 - INFO - Model top_right-original-bottom_right completed in 22.86 seconds.
2025-04-27 00:58:50 - INFO - >>> Model top_right-original-bottom_right trained. Accuracy: 0.8392 (22.86 sec.)
2025-04-27 00:58:50 - INFO - Training model: top_right-original-top_left
2025-04-27 00:59:13 - INFO - Model top_right-original-top_left completed in 22.81 seconds.
2025-04-27 00:59:13 - INFO - >>> Model top_right-original-top_left trained. Accuracy: 0.8385 (22.81 sec.)
2025-04-27 00:59:13 - INFO - Training model: top_right-original-tda
2025-04-27 00:59:51 - INFO - Model top_right-original-tda completed in 38.24 seconds.
2025-04-27 00:59:51 - INFO - >>> Model top_right-original-tda trained. Accuracy: 0.8209 (38.24 sec.)
2025-04-27 00:59:51 - INFO - Training model: top_right-original-bottom_left
2025-04-27 01:00:13 - INFO - Model top_right-original-bottom_left completed in 22.42 seconds.
2025-04-27 01:00:13 - INFO - >>> Model top_right-original-bottom_left trained. Accuracy: 0.8366 (22.42 sec.)
2025-04-27 01:00:13 - INFO - Training model: bottom_right-original-top_left
2025-04-27 01:00:37 - INFO - Model bottom_right-original-top_left completed in 23.08 seconds.
2025-04-27 01:00:37 - INFO - >>> Model bottom_right-original-top_left trained. Accuracy: 0.8381 (23.08 sec.)
2025-04-27 01:00:37 - INFO - Training model: bottom_right-original-tda
2025-04-27 01:01:15 - INFO - Model bottom_right-original-tda completed in 38.95 seconds.
2025-04-27 01:01:15 - INFO - >>> Model bottom_right-original-tda trained. Accuracy: 0.8142 (38.95 sec.)
2025-04-27 01:01:15 - INFO - Training model: bottom_right-original-bottom_left
2025-04-27 01:01:38 - INFO - Model bottom_right-original-bottom_left completed in 22.69 seconds.
2025-04-27 01:01:38 - INFO - >>> Model bottom_right-original-bottom_left trained. Accuracy: 0.8303 (22.69 sec.)
2025-04-27 01:01:38 - INFO - Training model: original-top_left-tda
2025-04-27 01:02:17 - INFO - Model original-top_left-tda completed in 38.47 seconds.
2025-04-27 01:02:17 - INFO - >>> Model original-top_left-tda trained. Accuracy: 0.8176 (38.47 sec.)
2025-04-27 01:02:17 - INFO - Training model: original-top_left-bottom_left
2025-04-27 01:02:39 - INFO - Model original-top_left-bottom_left completed in 22.39 seconds.
2025-04-27 01:02:39 - INFO - >>> Model original-top_left-bottom_left trained. Accuracy: 0.8344 (22.39 sec.)
2025-04-27 01:02:39 - INFO - Training model: original-tda-bottom_left
2025-04-27 01:03:18 - INFO - Model original-tda-bottom_left completed in 38.65 seconds.
2025-04-27 01:03:18 - INFO - >>> Model original-tda-bottom_left trained. Accuracy: 0.8105 (38.65 sec.)
2025-04-27 01:03:18 - INFO - Training model: top_right-original-bottom_right-top_left
2025-04-27 01:03:47 - INFO - Model top_right-original-bottom_right-top_left completed in 29.24 seconds.
2025-04-27 01:03:47 - INFO - >>> Model top_right-original-bottom_right-top_left trained. Accuracy: 0.8562 (29.24 sec.)
2025-04-27 01:03:47 - INFO - Training model: top_right-original-bottom_right-tda
2025-04-27 01:04:32 - INFO - Model top_right-original-bottom_right-tda completed in 45.01 seconds.
2025-04-27 01:04:32 - INFO - >>> Model top_right-original-bottom_right-tda trained. Accuracy: 0.8354 (45.01 sec.)
2025-04-27 01:04:32 - INFO - Training model: top_right-original-bottom_right-bottom_left
2025-04-27 01:05:00 - INFO - Model top_right-original-bottom_right-bottom_left completed in 28.46 seconds.
2025-04-27 01:05:00 - INFO - >>> Model top_right-original-bottom_right-bottom_left trained. Accuracy: 0.8533 (28.46 sec.)
2025-04-27 01:05:00 - INFO - Training model: top_right-original-top_left-tda
2025-04-27 01:05:44 - INFO - Model top_right-original-top_left-tda completed in 43.92 seconds.
2025-04-27 01:05:44 - INFO - >>> Model top_right-original-top_left-tda trained. Accuracy: 0.8376 (43.92 sec.)
2025-04-27 01:05:44 - INFO - Training model: top_right-original-top_left-bottom_left
2025-04-27 01:06:13 - INFO - Model top_right-original-top_left-bottom_left completed in 28.41 seconds.
2025-04-27 01:06:13 - INFO - >>> Model top_right-original-top_left-bottom_left trained. Accuracy: 0.8555 (28.41 sec.)
2025-04-27 01:06:13 - INFO - Training model: top_right-original-tda-bottom_left
2025-04-27 01:06:57 - INFO - Model top_right-original-tda-bottom_left completed in 44.77 seconds.
2025-04-27 01:06:57 - INFO - >>> Model top_right-original-tda-bottom_left trained. Accuracy: 0.8321 (44.77 sec.)
2025-04-27 01:06:57 - INFO - Training model: bottom_right-original-top_left-tda
2025-04-27 01:07:43 - INFO - Model bottom_right-original-top_left-tda completed in 45.04 seconds.
2025-04-27 01:07:43 - INFO - >>> Model bottom_right-original-top_left-tda trained. Accuracy: 0.8330 (45.04 sec.)
2025-04-27 01:07:43 - INFO - Training model: bottom_right-original-top_left-bottom_left
2025-04-27 01:08:11 - INFO - Model bottom_right-original-top_left-bottom_left completed in 28.23 seconds.
2025-04-27 01:08:11 - INFO - >>> Model bottom_right-original-top_left-bottom_left trained. Accuracy: 0.8500 (28.23 sec.)
2025-04-27 01:08:11 - INFO - Training model: bottom_right-original-tda-bottom_left
2025-04-27 01:08:56 - INFO - Model bottom_right-original-tda-bottom_left completed in 44.98 seconds.
2025-04-27 01:08:56 - INFO - >>> Model bottom_right-original-tda-bottom_left trained. Accuracy: 0.8266 (44.98 sec.)
2025-04-27 01:08:56 - INFO - Training model: original-top_left-tda-bottom_left
2025-04-27 01:09:40 - INFO - Model original-top_left-tda-bottom_left completed in 43.91 seconds.
2025-04-27 01:09:40 - INFO - >>> Model original-top_left-tda-bottom_left trained. Accuracy: 0.8308 (43.91 sec.)
2025-04-27 01:09:40 - INFO - Training model: top_right-original-bottom_right-top_left-tda
2025-04-27 01:10:30 - INFO - Model top_right-original-bottom_right-top_left-tda completed in 50.62 seconds.
2025-04-27 01:10:30 - INFO - >>> Model top_right-original-bottom_right-top_left-tda trained. Accuracy: 0.8521 (50.62 sec.)
2025-04-27 01:10:30 - INFO - Training model: top_right-original-bottom_right-top_left-bottom_left
2025-04-27 01:11:05 - INFO - Model top_right-original-bottom_right-top_left-bottom_left completed in 35.15 seconds.
2025-04-27 01:11:05 - INFO - >>> Model top_right-original-bottom_right-top_left-bottom_left trained. Accuracy: 0.8701 (35.15 sec.)
2025-04-27 01:11:05 - INFO - Training model: top_right-original-bottom_right-tda-bottom_left
2025-04-27 01:11:57 - INFO - Model top_right-original-bottom_right-tda-bottom_left completed in 51.20 seconds.
2025-04-27 01:11:57 - INFO - >>> Model top_right-original-bottom_right-tda-bottom_left trained. Accuracy: 0.8508 (51.20 sec.)
2025-04-27 01:11:57 - INFO - Training model: top_right-original-top_left-tda-bottom_left
2025-04-27 01:12:47 - INFO - Model top_right-original-top_left-tda-bottom_left completed in 50.77 seconds.
2025-04-27 01:12:47 - INFO - >>> Model top_right-original-top_left-tda-bottom_left trained. Accuracy: 0.8537 (50.77 sec.)
2025-04-27 01:12:47 - INFO - Training model: original-bottom_right-top_left-tda-bottom_left
2025-04-27 01:13:39 - INFO - Model original-bottom_right-top_left-tda-bottom_left completed in 51.14 seconds.
2025-04-27 01:13:39 - INFO - >>> Model original-bottom_right-top_left-tda-bottom_left trained. Accuracy: 0.8476 (51.14 sec.)
2025-04-27 01:13:39 - INFO - Training model: top_right-original-bottom_right-top_left-tda-bottom_left
2025-04-27 01:14:35 - INFO - Model top_right-original-bottom_right-top_left-tda-bottom_left completed in 56.47 seconds.
2025-04-27 01:14:35 - INFO - >>> Model top_right-original-bottom_right-top_left-tda-bottom_left trained. Accuracy: 0.8690 (56.47 sec.)
2025-04-27 01:14:35 - INFO - All models trained successfully.
2025-04-27 01:14:35 - INFO - ========== [Model Training Completed] in 17.84 minutes ==========
2025-04-27 01:14:35 - INFO - ========== [Experiment Training Complete] ==========
2025-04-27 01:14:35 - INFO - Results saved to /home/jovyan/Workspace/workspace_mnist/results/exp_noise_lines_30_trainsplit_vary_noise/experiment_trainsize_predictions_2025-04-27_01-14-35.json
2025-04-27 01:14:35 - INFO - Results successfully saved to /home/jovyan/Workspace/workspace_mnist/results/exp_noise_lines_30_trainsplit_vary_noise/experiment_trainsize_predictions_2025-04-27_01-14-35.json
2025-04-27 01:14:35 - INFO - Forced Garbage collection executed to Free Memory.
2025-04-27 01:14:35 - INFO - ========== [Experiment Completed] in 32.12 minutes ==========
