2025-05-03 05:08:57 - INFO - Logging initialized.
 Writing to /home/jovyan/Workspace/workspace_mnist/logs/exp_noise_lines_30_trainsplit_vary_noise/experiment_logs_2025-05-03_05-08-57.log
2025-05-03 05:08:57 - INFO - ========== [Experiment Start] ==========
2025-05-03 05:08:57 - INFO - Views combinations successfully generated.
2025-05-03 05:08:57 - INFO - Topological Data Analysis pipeline generated.
2025-05-03 05:08:57 - INFO - Folder to save results has been created.
2025-05-03 05:08:57 - INFO - Reading dataset from mnist_784.csv (chunk size: 70000).
2025-05-03 05:08:58 - INFO - Starting multiview data preparation for a chunk of size (70000, 784)...
2025-05-03 05:08:58 - INFO - Running using 20 jobs.
2025-05-03 05:08:58 - INFO - Contaminating dataset with lines, quantity=35, transparency=1.0.
2025-05-03 05:09:13 - INFO - Splitting data: 50.0% train / 20.0% test (random_state=101577605)
2025-05-03 05:09:13 - INFO - Using full training data without second split.
2025-05-03 05:09:13 - INFO - Data split complete. Train size: (56000, 784), Test size: (14000, 784)
2025-05-03 05:09:13 - INFO - Reshaping train and test data into square images...
2025-05-03 05:09:13 - INFO - Reshaping complete. Train images shape: (56000, 28, 28), Test images shape: (14000, 28, 28)
2025-05-03 05:09:13 - INFO - Splitting images into quadrant views...
2025-05-03 05:09:13 - INFO - Quadrant view splitting complete. Train views: 4, Test views: 4
2025-05-03 05:09:13 - INFO - Saving sample images for each view...
2025-05-03 05:09:13 - INFO - Sample views saved successfully.
2025-05-03 05:09:13 - INFO - Starting TDA pipeline transformation on train data...
2025-05-03 05:19:19 - INFO - TDA transformation for train completed (10.10 minutes).
2025-05-03 05:19:19 - INFO - Applying TDA pipeline transformation on test data...
2025-05-03 05:21:46 - INFO - TDA transformation for test completed (2.45 minutes).
2025-05-03 05:21:46 - INFO - ========== [Model Training Start] ==========
2025-05-03 05:21:46 - INFO - Training model: original
2025-05-03 05:21:48 - INFO - Model original completed in 2.06 seconds.
2025-05-03 05:21:48 - INFO - >>> Model original trained. Accuracy: 0.8344 (2.06 sec.)
2025-05-03 05:21:48 - INFO - Training model: top_right-original
2025-05-03 05:22:04 - INFO - Model top_right-original completed in 16.82 seconds.
2025-05-03 05:22:04 - INFO - >>> Model top_right-original trained. Accuracy: 0.8578 (16.82 sec.)
2025-05-03 05:22:04 - INFO - Training model: bottom_right-original
2025-05-03 05:22:21 - INFO - Model bottom_right-original completed in 16.86 seconds.
2025-05-03 05:22:21 - INFO - >>> Model bottom_right-original trained. Accuracy: 0.8511 (16.86 sec.)
2025-05-03 05:22:21 - INFO - Training model: original-top_left
2025-05-03 05:22:38 - INFO - Model original-top_left completed in 16.38 seconds.
2025-05-03 05:22:38 - INFO - >>> Model original-top_left trained. Accuracy: 0.8542 (16.38 sec.)
2025-05-03 05:22:38 - INFO - Training model: original-tda
2025-05-03 05:23:12 - INFO - Model original-tda completed in 34.36 seconds.
2025-05-03 05:23:12 - INFO - >>> Model original-tda trained. Accuracy: 0.8362 (34.36 sec.)
2025-05-03 05:23:12 - INFO - Training model: original-bottom_left
2025-05-03 05:23:28 - INFO - Model original-bottom_left completed in 16.09 seconds.
2025-05-03 05:23:28 - INFO - >>> Model original-bottom_left trained. Accuracy: 0.8509 (16.09 sec.)
2025-05-03 05:23:28 - INFO - Training model: top_right-original-bottom_right
2025-05-03 05:23:51 - INFO - Model top_right-original-bottom_right completed in 23.00 seconds.
2025-05-03 05:23:51 - INFO - >>> Model top_right-original-bottom_right trained. Accuracy: 0.8717 (23.00 sec.)
2025-05-03 05:23:51 - INFO - Training model: top_right-original-top_left
2025-05-03 05:24:14 - INFO - Model top_right-original-top_left completed in 22.39 seconds.
2025-05-03 05:24:14 - INFO - >>> Model top_right-original-top_left trained. Accuracy: 0.8709 (22.39 sec.)
2025-05-03 05:24:14 - INFO - Training model: top_right-original-tda
2025-05-03 05:24:53 - INFO - Model top_right-original-tda completed in 39.27 seconds.
2025-05-03 05:24:53 - INFO - >>> Model top_right-original-tda trained. Accuracy: 0.8532 (39.27 sec.)
2025-05-03 05:24:53 - INFO - Training model: top_right-original-bottom_left
2025-05-03 05:25:16 - INFO - Model top_right-original-bottom_left completed in 22.80 seconds.
2025-05-03 05:25:16 - INFO - >>> Model top_right-original-bottom_left trained. Accuracy: 0.8704 (22.80 sec.)
2025-05-03 05:25:16 - INFO - Training model: bottom_right-original-top_left
2025-05-03 05:25:38 - INFO - Model bottom_right-original-top_left completed in 22.30 seconds.
2025-05-03 05:25:38 - INFO - >>> Model bottom_right-original-top_left trained. Accuracy: 0.8656 (22.30 sec.)
2025-05-03 05:25:38 - INFO - Training model: bottom_right-original-tda
2025-05-03 05:26:18 - INFO - Model bottom_right-original-tda completed in 39.70 seconds.
2025-05-03 05:26:18 - INFO - >>> Model bottom_right-original-tda trained. Accuracy: 0.8470 (39.70 sec.)
2025-05-03 05:26:18 - INFO - Training model: bottom_right-original-bottom_left
2025-05-03 05:26:41 - INFO - Model bottom_right-original-bottom_left completed in 23.19 seconds.
2025-05-03 05:26:41 - INFO - >>> Model bottom_right-original-bottom_left trained. Accuracy: 0.8621 (23.19 sec.)
2025-05-03 05:26:41 - INFO - Training model: original-top_left-tda
2025-05-03 05:27:20 - INFO - Model original-top_left-tda completed in 39.41 seconds.
2025-05-03 05:27:20 - INFO - >>> Model original-top_left-tda trained. Accuracy: 0.8487 (39.41 sec.)
2025-05-03 05:27:20 - INFO - Training model: original-top_left-bottom_left
2025-05-03 05:27:42 - INFO - Model original-top_left-bottom_left completed in 22.19 seconds.
2025-05-03 05:27:42 - INFO - >>> Model original-top_left-bottom_left trained. Accuracy: 0.8662 (22.19 sec.)
2025-05-03 05:27:42 - INFO - Training model: original-tda-bottom_left
2025-05-03 05:28:22 - INFO - Model original-tda-bottom_left completed in 39.38 seconds.
2025-05-03 05:28:22 - INFO - >>> Model original-tda-bottom_left trained. Accuracy: 0.8478 (39.38 sec.)
2025-05-03 05:28:22 - INFO - Training model: top_right-original-bottom_right-top_left
2025-05-03 05:28:50 - INFO - Model top_right-original-bottom_right-top_left completed in 28.17 seconds.
2025-05-03 05:28:50 - INFO - >>> Model top_right-original-bottom_right-top_left trained. Accuracy: 0.8845 (28.17 sec.)
2025-05-03 05:28:50 - INFO - Training model: top_right-original-bottom_right-tda
2025-05-03 05:29:35 - INFO - Model top_right-original-bottom_right-tda completed in 45.33 seconds.
2025-05-03 05:29:35 - INFO - >>> Model top_right-original-bottom_right-tda trained. Accuracy: 0.8661 (45.33 sec.)
2025-05-03 05:29:35 - INFO - Training model: top_right-original-bottom_right-bottom_left
2025-05-03 05:30:04 - INFO - Model top_right-original-bottom_right-bottom_left completed in 28.45 seconds.
2025-05-03 05:30:04 - INFO - >>> Model top_right-original-bottom_right-bottom_left trained. Accuracy: 0.8826 (28.45 sec.)
2025-05-03 05:30:04 - INFO - Training model: top_right-original-top_left-tda
2025-05-03 05:30:49 - INFO - Model top_right-original-top_left-tda completed in 45.39 seconds.
2025-05-03 05:30:49 - INFO - >>> Model top_right-original-top_left-tda trained. Accuracy: 0.8697 (45.39 sec.)
2025-05-03 05:30:49 - INFO - Training model: top_right-original-top_left-bottom_left
2025-05-03 05:31:17 - INFO - Model top_right-original-top_left-bottom_left completed in 28.15 seconds.
2025-05-03 05:31:17 - INFO - >>> Model top_right-original-top_left-bottom_left trained. Accuracy: 0.8871 (28.15 sec.)
2025-05-03 05:31:17 - INFO - Training model: top_right-original-tda-bottom_left
2025-05-03 05:32:03 - INFO - Model top_right-original-tda-bottom_left completed in 45.41 seconds.
2025-05-03 05:32:03 - INFO - >>> Model top_right-original-tda-bottom_left trained. Accuracy: 0.8669 (45.41 sec.)
2025-05-03 05:32:03 - INFO - Training model: bottom_right-original-top_left-tda
2025-05-03 05:32:49 - INFO - Model bottom_right-original-top_left-tda completed in 45.89 seconds.
2025-05-03 05:32:49 - INFO - >>> Model bottom_right-original-top_left-tda trained. Accuracy: 0.8607 (45.89 sec.)
2025-05-03 05:32:49 - INFO - Training model: bottom_right-original-top_left-bottom_left
2025-05-03 05:33:16 - INFO - Model bottom_right-original-top_left-bottom_left completed in 27.65 seconds.
2025-05-03 05:33:16 - INFO - >>> Model bottom_right-original-top_left-bottom_left trained. Accuracy: 0.8781 (27.65 sec.)
2025-05-03 05:33:16 - INFO - Training model: bottom_right-original-tda-bottom_left
2025-05-03 05:34:02 - INFO - Model bottom_right-original-tda-bottom_left completed in 45.59 seconds.
2025-05-03 05:34:02 - INFO - >>> Model bottom_right-original-tda-bottom_left trained. Accuracy: 0.8591 (45.59 sec.)
2025-05-03 05:34:02 - INFO - Training model: original-top_left-tda-bottom_left
2025-05-03 05:34:48 - INFO - Model original-top_left-tda-bottom_left completed in 45.66 seconds.
2025-05-03 05:34:48 - INFO - >>> Model original-top_left-tda-bottom_left trained. Accuracy: 0.8629 (45.66 sec.)
2025-05-03 05:34:48 - INFO - Training model: top_right-original-bottom_right-top_left-tda
2025-05-03 05:35:39 - INFO - Model top_right-original-bottom_right-top_left-tda completed in 51.03 seconds.
2025-05-03 05:35:39 - INFO - >>> Model top_right-original-bottom_right-top_left-tda trained. Accuracy: 0.8802 (51.03 sec.)
2025-05-03 05:35:39 - INFO - Training model: top_right-original-bottom_right-top_left-bottom_left
2025-05-03 05:36:13 - INFO - Model top_right-original-bottom_right-top_left-bottom_left completed in 34.38 seconds.
2025-05-03 05:36:13 - INFO - >>> Model top_right-original-bottom_right-top_left-bottom_left trained. Accuracy: 0.8961 (34.38 sec.)
2025-05-03 05:36:13 - INFO - Training model: top_right-original-bottom_right-tda-bottom_left
2025-05-03 05:37:04 - INFO - Model top_right-original-bottom_right-tda-bottom_left completed in 51.21 seconds.
2025-05-03 05:37:04 - INFO - >>> Model top_right-original-bottom_right-tda-bottom_left trained. Accuracy: 0.8789 (51.21 sec.)
2025-05-03 05:37:04 - INFO - Training model: top_right-original-top_left-tda-bottom_left
2025-05-03 05:37:55 - INFO - Model top_right-original-top_left-tda-bottom_left completed in 51.22 seconds.
2025-05-03 05:37:55 - INFO - >>> Model top_right-original-top_left-tda-bottom_left trained. Accuracy: 0.8811 (51.22 sec.)
2025-05-03 05:37:55 - INFO - Training model: original-bottom_right-top_left-tda-bottom_left
2025-05-03 05:38:47 - INFO - Model original-bottom_right-top_left-tda-bottom_left completed in 51.45 seconds.
2025-05-03 05:38:47 - INFO - >>> Model original-bottom_right-top_left-tda-bottom_left trained. Accuracy: 0.8759 (51.45 sec.)
2025-05-03 05:38:47 - INFO - Training model: top_right-original-bottom_right-top_left-tda-bottom_left
2025-05-03 05:39:45 - INFO - Model top_right-original-bottom_right-top_left-tda-bottom_left completed in 57.63 seconds.
2025-05-03 05:39:45 - INFO - >>> Model top_right-original-bottom_right-top_left-tda-bottom_left trained. Accuracy: 0.8939 (57.63 sec.)
2025-05-03 05:39:45 - INFO - All models trained successfully.
2025-05-03 05:39:45 - INFO - ========== [Model Training Completed] in 17.98 minutes ==========
2025-05-03 05:39:45 - INFO - ========== [Experiment Training Complete] ==========
2025-05-03 05:39:45 - INFO - Results saved to /home/jovyan/Workspace/workspace_mnist/results/exp_noise_lines_30_trainsplit_vary_noise/experiment_trainsize_predictions_2025-05-03_05-39-45.json
2025-05-03 05:39:45 - INFO - Results successfully saved to /home/jovyan/Workspace/workspace_mnist/results/exp_noise_lines_30_trainsplit_vary_noise/experiment_trainsize_predictions_2025-05-03_05-39-45.json
2025-05-03 05:39:45 - INFO - Forced Garbage collection executed to Free Memory.
2025-05-03 05:39:45 - INFO - ========== [Experiment Completed] in 30.80 minutes ==========
