2025-05-01 15:30:30 - INFO - Logging initialized.
 Writing to /home/jovyan/Workspace/workspace_mnist/logs/exp_noise_lines_30_trainsplit_vary_noise/experiment_logs_2025-05-01_15-30-30.log
2025-05-01 15:30:30 - INFO - ========== [Experiment Start] ==========
2025-05-01 15:30:30 - INFO - Views combinations successfully generated.
2025-05-01 15:30:30 - INFO - Topological Data Analysis pipeline generated.
2025-05-01 15:30:30 - INFO - Folder to save results has been created.
2025-05-01 15:30:30 - INFO - Reading dataset from mnist_784.csv (chunk size: 70000).
2025-05-01 15:30:31 - INFO - Starting multiview data preparation for a chunk of size (70000, 784)...
2025-05-01 15:30:31 - INFO - Running using 20 jobs.
2025-05-01 15:30:31 - INFO - Contaminating dataset with lines, quantity=37, transparency=1.0.
2025-05-01 15:30:47 - INFO - Splitting data: 50.0% train / 20.0% test (random_state=451678828)
2025-05-01 15:30:47 - INFO - Using full training data without second split.
2025-05-01 15:30:47 - INFO - Data split complete. Train size: (56000, 784), Test size: (14000, 784)
2025-05-01 15:30:47 - INFO - Reshaping train and test data into square images...
2025-05-01 15:30:47 - INFO - Reshaping complete. Train images shape: (56000, 28, 28), Test images shape: (14000, 28, 28)
2025-05-01 15:30:47 - INFO - Splitting images into quadrant views...
2025-05-01 15:30:47 - INFO - Quadrant view splitting complete. Train views: 4, Test views: 4
2025-05-01 15:30:47 - INFO - Saving sample images for each view...
2025-05-01 15:30:47 - INFO - Sample views saved successfully.
2025-05-01 15:30:47 - INFO - Starting TDA pipeline transformation on train data...
2025-05-01 15:41:25 - INFO - TDA transformation for train completed (10.63 minutes).
2025-05-01 15:41:25 - INFO - Applying TDA pipeline transformation on test data...
2025-05-01 15:43:55 - INFO - TDA transformation for test completed (2.50 minutes).
2025-05-01 15:43:55 - INFO - ========== [Model Training Start] ==========
2025-05-01 15:43:55 - INFO - Training model: original
2025-05-01 15:43:57 - INFO - Model original completed in 2.02 seconds.
2025-05-01 15:43:57 - INFO - >>> Model original trained. Accuracy: 0.8331 (2.02 sec.)
2025-05-01 15:43:57 - INFO - Training model: top_right-original
2025-05-01 15:44:14 - INFO - Model top_right-original completed in 16.57 seconds.
2025-05-01 15:44:14 - INFO - >>> Model top_right-original trained. Accuracy: 0.8561 (16.57 sec.)
2025-05-01 15:44:14 - INFO - Training model: bottom_right-original
2025-05-01 15:44:30 - INFO - Model bottom_right-original completed in 16.23 seconds.
2025-05-01 15:44:30 - INFO - >>> Model bottom_right-original trained. Accuracy: 0.8522 (16.23 sec.)
2025-05-01 15:44:30 - INFO - Training model: original-top_left
2025-05-01 15:44:46 - INFO - Model original-top_left completed in 16.29 seconds.
2025-05-01 15:44:46 - INFO - >>> Model original-top_left trained. Accuracy: 0.8510 (16.29 sec.)
2025-05-01 15:44:46 - INFO - Training model: original-tda
2025-05-01 15:45:21 - INFO - Model original-tda completed in 34.36 seconds.
2025-05-01 15:45:21 - INFO - >>> Model original-tda trained. Accuracy: 0.8375 (34.36 sec.)
2025-05-01 15:45:21 - INFO - Training model: original-bottom_left
2025-05-01 15:45:37 - INFO - Model original-bottom_left completed in 16.06 seconds.
2025-05-01 15:45:37 - INFO - >>> Model original-bottom_left trained. Accuracy: 0.8509 (16.06 sec.)
2025-05-01 15:45:37 - INFO - Training model: top_right-original-bottom_right
2025-05-01 15:45:59 - INFO - Model top_right-original-bottom_right completed in 22.67 seconds.
2025-05-01 15:45:59 - INFO - >>> Model top_right-original-bottom_right trained. Accuracy: 0.8693 (22.67 sec.)
2025-05-01 15:45:59 - INFO - Training model: top_right-original-top_left
2025-05-01 15:46:22 - INFO - Model top_right-original-top_left completed in 22.63 seconds.
2025-05-01 15:46:22 - INFO - >>> Model top_right-original-top_left trained. Accuracy: 0.8681 (22.63 sec.)
2025-05-01 15:46:22 - INFO - Training model: top_right-original-tda
2025-05-01 15:47:01 - INFO - Model top_right-original-tda completed in 39.16 seconds.
2025-05-01 15:47:01 - INFO - >>> Model top_right-original-tda trained. Accuracy: 0.8506 (39.16 sec.)
2025-05-01 15:47:01 - INFO - Training model: top_right-original-bottom_left
2025-05-01 15:47:24 - INFO - Model top_right-original-bottom_left completed in 22.73 seconds.
2025-05-01 15:47:24 - INFO - >>> Model top_right-original-bottom_left trained. Accuracy: 0.8673 (22.73 sec.)
2025-05-01 15:47:24 - INFO - Training model: bottom_right-original-top_left
2025-05-01 15:47:46 - INFO - Model bottom_right-original-top_left completed in 22.23 seconds.
2025-05-01 15:47:46 - INFO - >>> Model bottom_right-original-top_left trained. Accuracy: 0.8644 (22.23 sec.)
2025-05-01 15:47:46 - INFO - Training model: bottom_right-original-tda
2025-05-01 15:48:25 - INFO - Model bottom_right-original-tda completed in 39.48 seconds.
2025-05-01 15:48:25 - INFO - >>> Model bottom_right-original-tda trained. Accuracy: 0.8457 (39.48 sec.)
2025-05-01 15:48:25 - INFO - Training model: bottom_right-original-bottom_left
2025-05-01 15:48:47 - INFO - Model bottom_right-original-bottom_left completed in 21.87 seconds.
2025-05-01 15:48:47 - INFO - >>> Model bottom_right-original-bottom_left trained. Accuracy: 0.8594 (21.87 sec.)
2025-05-01 15:48:47 - INFO - Training model: original-top_left-tda
2025-05-01 15:49:27 - INFO - Model original-top_left-tda completed in 39.25 seconds.
2025-05-01 15:49:27 - INFO - >>> Model original-top_left-tda trained. Accuracy: 0.8469 (39.25 sec.)
2025-05-01 15:49:27 - INFO - Training model: original-top_left-bottom_left
2025-05-01 15:49:49 - INFO - Model original-top_left-bottom_left completed in 21.90 seconds.
2025-05-01 15:49:49 - INFO - >>> Model original-top_left-bottom_left trained. Accuracy: 0.8656 (21.90 sec.)
2025-05-01 15:49:49 - INFO - Training model: original-tda-bottom_left
2025-05-01 15:50:28 - INFO - Model original-tda-bottom_left completed in 39.37 seconds.
2025-05-01 15:50:28 - INFO - >>> Model original-tda-bottom_left trained. Accuracy: 0.8452 (39.37 sec.)
2025-05-01 15:50:28 - INFO - Training model: top_right-original-bottom_right-top_left
2025-05-01 15:50:56 - INFO - Model top_right-original-bottom_right-top_left completed in 28.53 seconds.
2025-05-01 15:50:56 - INFO - >>> Model top_right-original-bottom_right-top_left trained. Accuracy: 0.8826 (28.53 sec.)
2025-05-01 15:50:56 - INFO - Training model: top_right-original-bottom_right-tda
2025-05-01 15:51:42 - INFO - Model top_right-original-bottom_right-tda completed in 45.53 seconds.
2025-05-01 15:51:42 - INFO - >>> Model top_right-original-bottom_right-tda trained. Accuracy: 0.8641 (45.53 sec.)
2025-05-01 15:51:42 - INFO - Training model: top_right-original-bottom_right-bottom_left
2025-05-01 15:52:11 - INFO - Model top_right-original-bottom_right-bottom_left completed in 28.80 seconds.
2025-05-01 15:52:11 - INFO - >>> Model top_right-original-bottom_right-bottom_left trained. Accuracy: 0.8795 (28.80 sec.)
2025-05-01 15:52:11 - INFO - Training model: top_right-original-top_left-tda
2025-05-01 15:52:56 - INFO - Model top_right-original-top_left-tda completed in 44.95 seconds.
2025-05-01 15:52:56 - INFO - >>> Model top_right-original-top_left-tda trained. Accuracy: 0.8635 (44.95 sec.)
2025-05-01 15:52:56 - INFO - Training model: top_right-original-top_left-bottom_left
2025-05-01 15:53:24 - INFO - Model top_right-original-top_left-bottom_left completed in 28.14 seconds.
2025-05-01 15:53:24 - INFO - >>> Model top_right-original-top_left-bottom_left trained. Accuracy: 0.8839 (28.14 sec.)
2025-05-01 15:53:24 - INFO - Training model: top_right-original-tda-bottom_left
2025-05-01 15:54:09 - INFO - Model top_right-original-tda-bottom_left completed in 45.23 seconds.
2025-05-01 15:54:09 - INFO - >>> Model top_right-original-tda-bottom_left trained. Accuracy: 0.8654 (45.23 sec.)
2025-05-01 15:54:09 - INFO - Training model: bottom_right-original-top_left-tda
2025-05-01 15:54:55 - INFO - Model bottom_right-original-top_left-tda completed in 45.72 seconds.
2025-05-01 15:54:55 - INFO - >>> Model bottom_right-original-top_left-tda trained. Accuracy: 0.8609 (45.72 sec.)
2025-05-01 15:54:55 - INFO - Training model: bottom_right-original-top_left-bottom_left
2025-05-01 15:55:22 - INFO - Model bottom_right-original-top_left-bottom_left completed in 27.65 seconds.
2025-05-01 15:55:22 - INFO - >>> Model bottom_right-original-top_left-bottom_left trained. Accuracy: 0.8749 (27.65 sec.)
2025-05-01 15:55:22 - INFO - Training model: bottom_right-original-tda-bottom_left
2025-05-01 15:56:08 - INFO - Model bottom_right-original-tda-bottom_left completed in 45.55 seconds.
2025-05-01 15:56:08 - INFO - >>> Model bottom_right-original-tda-bottom_left trained. Accuracy: 0.8553 (45.55 sec.)
2025-05-01 15:56:08 - INFO - Training model: original-top_left-tda-bottom_left
2025-05-01 15:56:53 - INFO - Model original-top_left-tda-bottom_left completed in 44.59 seconds.
2025-05-01 15:56:53 - INFO - >>> Model original-top_left-tda-bottom_left trained. Accuracy: 0.8599 (44.59 sec.)
2025-05-01 15:56:53 - INFO - Training model: top_right-original-bottom_right-top_left-tda
2025-05-01 15:57:44 - INFO - Model top_right-original-bottom_right-top_left-tda completed in 51.79 seconds.
2025-05-01 15:57:44 - INFO - >>> Model top_right-original-bottom_right-top_left-tda trained. Accuracy: 0.8773 (51.79 sec.)
2025-05-01 15:57:44 - INFO - Training model: top_right-original-bottom_right-top_left-bottom_left
2025-05-01 15:58:19 - INFO - Model top_right-original-bottom_right-top_left-bottom_left completed in 34.08 seconds.
2025-05-01 15:58:19 - INFO - >>> Model top_right-original-bottom_right-top_left-bottom_left trained. Accuracy: 0.8949 (34.08 sec.)
2025-05-01 15:58:19 - INFO - Training model: top_right-original-bottom_right-tda-bottom_left
2025-05-01 15:59:10 - INFO - Model top_right-original-bottom_right-tda-bottom_left completed in 51.35 seconds.
2025-05-01 15:59:10 - INFO - >>> Model top_right-original-bottom_right-tda-bottom_left trained. Accuracy: 0.8771 (51.35 sec.)
2025-05-01 15:59:10 - INFO - Training model: top_right-original-top_left-tda-bottom_left
2025-05-01 16:00:01 - INFO - Model top_right-original-top_left-tda-bottom_left completed in 50.96 seconds.
2025-05-01 16:00:01 - INFO - >>> Model top_right-original-top_left-tda-bottom_left trained. Accuracy: 0.8796 (50.96 sec.)
2025-05-01 16:00:01 - INFO - Training model: original-bottom_right-top_left-tda-bottom_left
2025-05-01 16:00:53 - INFO - Model original-bottom_right-top_left-tda-bottom_left completed in 52.19 seconds.
2025-05-01 16:00:53 - INFO - >>> Model original-bottom_right-top_left-tda-bottom_left trained. Accuracy: 0.8709 (52.19 sec.)
2025-05-01 16:00:53 - INFO - Training model: top_right-original-bottom_right-top_left-tda-bottom_left
2025-05-01 16:01:50 - INFO - Model top_right-original-bottom_right-top_left-tda-bottom_left completed in 57.44 seconds.
2025-05-01 16:01:50 - INFO - >>> Model top_right-original-bottom_right-top_left-tda-bottom_left trained. Accuracy: 0.8914 (57.44 sec.)
2025-05-01 16:01:50 - INFO - All models trained successfully.
2025-05-01 16:01:50 - INFO - ========== [Model Training Completed] in 17.92 minutes ==========
2025-05-01 16:01:50 - INFO - ========== [Experiment Training Complete] ==========
2025-05-01 16:01:51 - INFO - Results saved to /home/jovyan/Workspace/workspace_mnist/results/exp_noise_lines_30_trainsplit_vary_noise/experiment_trainsize_predictions_2025-05-01_16-01-50.json
2025-05-01 16:01:51 - INFO - Results successfully saved to /home/jovyan/Workspace/workspace_mnist/results/exp_noise_lines_30_trainsplit_vary_noise/experiment_trainsize_predictions_2025-05-01_16-01-50.json
2025-05-01 16:01:51 - INFO - Forced Garbage collection executed to Free Memory.
2025-05-01 16:01:51 - INFO - ========== [Experiment Completed] in 31.34 minutes ==========
