2025-05-02 03:41:17 - INFO - Logging initialized.
 Writing to /home/jovyan/Workspace/workspace_mnist/logs/exp_noise_lines_30_trainsplit_vary_noise/experiment_logs_2025-05-02_03-41-17.log
2025-05-02 03:41:17 - INFO - ========== [Experiment Start] ==========
2025-05-02 03:41:17 - INFO - Views combinations successfully generated.
2025-05-02 03:41:17 - INFO - Topological Data Analysis pipeline generated.
2025-05-02 03:41:17 - INFO - Folder to save results has been created.
2025-05-02 03:41:17 - INFO - Reading dataset from mnist_784.csv (chunk size: 70000).
2025-05-02 03:41:18 - INFO - Starting multiview data preparation for a chunk of size (70000, 784)...
2025-05-02 03:41:18 - INFO - Running using 20 jobs.
2025-05-02 03:41:18 - INFO - Contaminating dataset with lines, quantity=35, transparency=1.0.
2025-05-02 03:41:34 - INFO - Splitting data: 50.0% train / 20.0% test (random_state=759596069)
2025-05-02 03:41:34 - INFO - Using full training data without second split.
2025-05-02 03:41:34 - INFO - Data split complete. Train size: (56000, 784), Test size: (14000, 784)
2025-05-02 03:41:34 - INFO - Reshaping train and test data into square images...
2025-05-02 03:41:34 - INFO - Reshaping complete. Train images shape: (56000, 28, 28), Test images shape: (14000, 28, 28)
2025-05-02 03:41:34 - INFO - Splitting images into quadrant views...
2025-05-02 03:41:34 - INFO - Quadrant view splitting complete. Train views: 4, Test views: 4
2025-05-02 03:41:34 - INFO - Saving sample images for each view...
2025-05-02 03:41:34 - INFO - Sample views saved successfully.
2025-05-02 03:41:34 - INFO - Starting TDA pipeline transformation on train data...
2025-05-02 03:52:55 - INFO - TDA transformation for train completed (11.35 minutes).
2025-05-02 03:52:55 - INFO - Applying TDA pipeline transformation on test data...
2025-05-02 03:55:32 - INFO - TDA transformation for test completed (2.61 minutes).
2025-05-02 03:55:32 - INFO - ========== [Model Training Start] ==========
2025-05-02 03:55:32 - INFO - Training model: original
2025-05-02 03:55:34 - INFO - Model original completed in 2.07 seconds.
2025-05-02 03:55:34 - INFO - >>> Model original trained. Accuracy: 0.8412 (2.07 sec.)
2025-05-02 03:55:34 - INFO - Training model: top_right-original
2025-05-02 03:55:50 - INFO - Model top_right-original completed in 16.67 seconds.
2025-05-02 03:55:50 - INFO - >>> Model top_right-original trained. Accuracy: 0.8651 (16.67 sec.)
2025-05-02 03:55:50 - INFO - Training model: bottom_right-original
2025-05-02 03:56:07 - INFO - Model bottom_right-original completed in 16.46 seconds.
2025-05-02 03:56:07 - INFO - >>> Model bottom_right-original trained. Accuracy: 0.8574 (16.46 sec.)
2025-05-02 03:56:07 - INFO - Training model: original-top_left
2025-05-02 03:56:23 - INFO - Model original-top_left completed in 15.97 seconds.
2025-05-02 03:56:23 - INFO - >>> Model original-top_left trained. Accuracy: 0.8594 (15.97 sec.)
2025-05-02 03:56:23 - INFO - Training model: original-tda
2025-05-02 03:56:57 - INFO - Model original-tda completed in 34.59 seconds.
2025-05-02 03:56:57 - INFO - >>> Model original-tda trained. Accuracy: 0.8439 (34.59 sec.)
2025-05-02 03:56:57 - INFO - Training model: original-bottom_left
2025-05-02 03:57:14 - INFO - Model original-bottom_left completed in 16.82 seconds.
2025-05-02 03:57:14 - INFO - >>> Model original-bottom_left trained. Accuracy: 0.8561 (16.82 sec.)
2025-05-02 03:57:14 - INFO - Training model: top_right-original-bottom_right
2025-05-02 03:57:37 - INFO - Model top_right-original-bottom_right completed in 22.80 seconds.
2025-05-02 03:57:37 - INFO - >>> Model top_right-original-bottom_right trained. Accuracy: 0.8740 (22.80 sec.)
2025-05-02 03:57:37 - INFO - Training model: top_right-original-top_left
2025-05-02 03:57:59 - INFO - Model top_right-original-top_left completed in 21.95 seconds.
2025-05-02 03:57:59 - INFO - >>> Model top_right-original-top_left trained. Accuracy: 0.8775 (21.95 sec.)
2025-05-02 03:57:59 - INFO - Training model: top_right-original-tda
2025-05-02 03:58:39 - INFO - Model top_right-original-tda completed in 39.53 seconds.
2025-05-02 03:58:39 - INFO - >>> Model top_right-original-tda trained. Accuracy: 0.8609 (39.53 sec.)
2025-05-02 03:58:39 - INFO - Training model: top_right-original-bottom_left
2025-05-02 03:59:01 - INFO - Model top_right-original-bottom_left completed in 22.16 seconds.
2025-05-02 03:59:01 - INFO - >>> Model top_right-original-bottom_left trained. Accuracy: 0.8726 (22.16 sec.)
2025-05-02 03:59:01 - INFO - Training model: bottom_right-original-top_left
2025-05-02 03:59:23 - INFO - Model bottom_right-original-top_left completed in 22.71 seconds.
2025-05-02 03:59:23 - INFO - >>> Model bottom_right-original-top_left trained. Accuracy: 0.8722 (22.71 sec.)
2025-05-02 03:59:23 - INFO - Training model: bottom_right-original-tda
2025-05-02 04:00:04 - INFO - Model bottom_right-original-tda completed in 40.08 seconds.
2025-05-02 04:00:04 - INFO - >>> Model bottom_right-original-tda trained. Accuracy: 0.8522 (40.08 sec.)
2025-05-02 04:00:04 - INFO - Training model: bottom_right-original-bottom_left
2025-05-02 04:00:27 - INFO - Model bottom_right-original-bottom_left completed in 23.25 seconds.
2025-05-02 04:00:27 - INFO - >>> Model bottom_right-original-bottom_left trained. Accuracy: 0.8651 (23.25 sec.)
2025-05-02 04:00:27 - INFO - Training model: original-top_left-tda
2025-05-02 04:01:07 - INFO - Model original-top_left-tda completed in 40.45 seconds.
2025-05-02 04:01:07 - INFO - >>> Model original-top_left-tda trained. Accuracy: 0.8566 (40.45 sec.)
2025-05-02 04:01:07 - INFO - Training model: original-top_left-bottom_left
2025-05-02 04:01:29 - INFO - Model original-top_left-bottom_left completed in 22.05 seconds.
2025-05-02 04:01:29 - INFO - >>> Model original-top_left-bottom_left trained. Accuracy: 0.8688 (22.05 sec.)
2025-05-02 04:01:29 - INFO - Training model: original-tda-bottom_left
2025-05-02 04:02:09 - INFO - Model original-tda-bottom_left completed in 39.80 seconds.
2025-05-02 04:02:09 - INFO - >>> Model original-tda-bottom_left trained. Accuracy: 0.8511 (39.80 sec.)
2025-05-02 04:02:09 - INFO - Training model: top_right-original-bottom_right-top_left
2025-05-02 04:02:37 - INFO - Model top_right-original-bottom_right-top_left completed in 27.88 seconds.
2025-05-02 04:02:37 - INFO - >>> Model top_right-original-bottom_right-top_left trained. Accuracy: 0.8909 (27.88 sec.)
2025-05-02 04:02:37 - INFO - Training model: top_right-original-bottom_right-tda
2025-05-02 04:03:23 - INFO - Model top_right-original-bottom_right-tda completed in 45.63 seconds.
2025-05-02 04:03:23 - INFO - >>> Model top_right-original-bottom_right-tda trained. Accuracy: 0.8709 (45.63 sec.)
2025-05-02 04:03:23 - INFO - Training model: top_right-original-bottom_right-bottom_left
2025-05-02 04:03:52 - INFO - Model top_right-original-bottom_right-bottom_left completed in 29.21 seconds.
2025-05-02 04:03:52 - INFO - >>> Model top_right-original-bottom_right-bottom_left trained. Accuracy: 0.8839 (29.21 sec.)
2025-05-02 04:03:52 - INFO - Training model: top_right-original-top_left-tda
2025-05-02 04:04:37 - INFO - Model top_right-original-top_left-tda completed in 45.21 seconds.
2025-05-02 04:04:37 - INFO - >>> Model top_right-original-top_left-tda trained. Accuracy: 0.8729 (45.21 sec.)
2025-05-02 04:04:37 - INFO - Training model: top_right-original-top_left-bottom_left
2025-05-02 04:05:06 - INFO - Model top_right-original-top_left-bottom_left completed in 28.52 seconds.
2025-05-02 04:05:06 - INFO - >>> Model top_right-original-top_left-bottom_left trained. Accuracy: 0.8892 (28.52 sec.)
2025-05-02 04:05:06 - INFO - Training model: top_right-original-tda-bottom_left
2025-05-02 04:05:51 - INFO - Model top_right-original-tda-bottom_left completed in 45.61 seconds.
2025-05-02 04:05:51 - INFO - >>> Model top_right-original-tda-bottom_left trained. Accuracy: 0.8688 (45.61 sec.)
2025-05-02 04:05:51 - INFO - Training model: bottom_right-original-top_left-tda
2025-05-02 04:06:37 - INFO - Model bottom_right-original-top_left-tda completed in 45.45 seconds.
2025-05-02 04:06:37 - INFO - >>> Model bottom_right-original-top_left-tda trained. Accuracy: 0.8656 (45.45 sec.)
2025-05-02 04:06:37 - INFO - Training model: bottom_right-original-top_left-bottom_left
2025-05-02 04:07:05 - INFO - Model bottom_right-original-top_left-bottom_left completed in 28.15 seconds.
2025-05-02 04:07:05 - INFO - >>> Model bottom_right-original-top_left-bottom_left trained. Accuracy: 0.8811 (28.15 sec.)
2025-05-02 04:07:05 - INFO - Training model: bottom_right-original-tda-bottom_left
2025-05-02 04:07:50 - INFO - Model bottom_right-original-tda-bottom_left completed in 45.39 seconds.
2025-05-02 04:07:50 - INFO - >>> Model bottom_right-original-tda-bottom_left trained. Accuracy: 0.8607 (45.39 sec.)
2025-05-02 04:07:50 - INFO - Training model: original-top_left-tda-bottom_left
2025-05-02 04:08:35 - INFO - Model original-top_left-tda-bottom_left completed in 44.97 seconds.
2025-05-02 04:08:35 - INFO - >>> Model original-top_left-tda-bottom_left trained. Accuracy: 0.8661 (44.97 sec.)
2025-05-02 04:08:35 - INFO - Training model: top_right-original-bottom_right-top_left-tda
2025-05-02 04:09:27 - INFO - Model top_right-original-bottom_right-top_left-tda completed in 51.84 seconds.
2025-05-02 04:09:27 - INFO - >>> Model top_right-original-bottom_right-top_left-tda trained. Accuracy: 0.8864 (51.84 sec.)
2025-05-02 04:09:27 - INFO - Training model: top_right-original-bottom_right-top_left-bottom_left
2025-05-02 04:10:01 - INFO - Model top_right-original-bottom_right-top_left-bottom_left completed in 34.20 seconds.
2025-05-02 04:10:01 - INFO - >>> Model top_right-original-bottom_right-top_left-bottom_left trained. Accuracy: 0.9004 (34.20 sec.)
2025-05-02 04:10:01 - INFO - Training model: top_right-original-bottom_right-tda-bottom_left
2025-05-02 04:10:52 - INFO - Model top_right-original-bottom_right-tda-bottom_left completed in 51.08 seconds.
2025-05-02 04:10:52 - INFO - >>> Model top_right-original-bottom_right-tda-bottom_left trained. Accuracy: 0.8796 (51.08 sec.)
2025-05-02 04:10:52 - INFO - Training model: top_right-original-top_left-tda-bottom_left
2025-05-02 04:11:43 - INFO - Model top_right-original-top_left-tda-bottom_left completed in 50.96 seconds.
2025-05-02 04:11:43 - INFO - >>> Model top_right-original-top_left-tda-bottom_left trained. Accuracy: 0.8874 (50.96 sec.)
2025-05-02 04:11:43 - INFO - Training model: original-bottom_right-top_left-tda-bottom_left
2025-05-02 04:12:34 - INFO - Model original-bottom_right-top_left-tda-bottom_left completed in 50.98 seconds.
2025-05-02 04:12:34 - INFO - >>> Model original-bottom_right-top_left-tda-bottom_left trained. Accuracy: 0.8774 (50.98 sec.)
2025-05-02 04:12:34 - INFO - Training model: top_right-original-bottom_right-top_left-tda-bottom_left
2025-05-02 04:13:31 - INFO - Model top_right-original-bottom_right-top_left-tda-bottom_left completed in 56.94 seconds.
2025-05-02 04:13:31 - INFO - >>> Model top_right-original-bottom_right-top_left-tda-bottom_left trained. Accuracy: 0.8966 (56.94 sec.)
2025-05-02 04:13:31 - INFO - All models trained successfully.
2025-05-02 04:13:31 - INFO - ========== [Model Training Completed] in 17.99 minutes ==========
2025-05-02 04:13:31 - INFO - ========== [Experiment Training Complete] ==========
2025-05-02 04:13:31 - INFO - Results saved to /home/jovyan/Workspace/workspace_mnist/results/exp_noise_lines_30_trainsplit_vary_noise/experiment_trainsize_predictions_2025-05-02_04-13-31.json
2025-05-02 04:13:31 - INFO - Results successfully saved to /home/jovyan/Workspace/workspace_mnist/results/exp_noise_lines_30_trainsplit_vary_noise/experiment_trainsize_predictions_2025-05-02_04-13-31.json
2025-05-02 04:13:31 - INFO - Forced Garbage collection executed to Free Memory.
2025-05-02 04:13:31 - INFO - ========== [Experiment Completed] in 32.23 minutes ==========
