2025-03-10 16:49:38 - INFO - Logging initialized.
 Writing to /home/jovyan/Workspace/workspace_mnist/logs/exp_low_trains/experiment_logs_2025-03-10_16-49-38.log
2025-03-10 16:49:38 - INFO - ========== [Experiment Start] ==========
2025-03-10 16:49:38 - INFO - Views combinations succesfully generated.
2025-03-10 16:49:38 - INFO - Topological Data Analysis pipeline generated.
2025-03-10 16:49:38 - INFO - Generating folder to save results.
2025-03-10 16:49:38 - INFO - Reading dataset in chunks from mnist_784.csv (chunk size: 70000)
2025-03-10 16:49:39 - INFO - Starting multiview data preparation for a chunk of size (70000, 784)...
2025-03-10 16:49:39 - INFO - Running using 8 jobs.
2025-03-10 16:49:39 - INFO - Splitting data: 0.8% train / 99.2% test (random_state=910968928)
2025-03-10 16:49:39 - INFO - Data split complete. Train size: (547, 784), Test size: (69453, 784)
2025-03-10 16:49:39 - INFO - Reshaping train and test data into square images...
2025-03-10 16:49:39 - INFO - Reshaping complete. Train images: (547, 28, 28), Test images: (69453, 28, 28)
2025-03-10 16:49:39 - INFO - Splitting images into quadrant views...
2025-03-10 16:49:39 - INFO - Quadrant view splitting complete. Train views: 4, Test views: 4
2025-03-10 16:49:39 - INFO - >> Starting TDA pipeline transformation on train data...
2025-03-10 16:49:48 - INFO - >> TDA transformation for train data completed (0.15 minutes).
2025-03-10 16:49:48 - INFO - >> Applying TDA pipeline transformation on test data...
2025-03-10 17:08:22 - INFO - >> TDA transformation for test data completed (18.55 minutes).
2025-03-10 17:08:22 - INFO - ========== [Model Training Start] ==========
2025-03-10 17:08:22 - INFO - Training model: original
2025-03-10 17:08:22 - INFO - Model original completed in 0.25 seconds.
2025-03-10 17:08:22 - INFO - >>> Model original trained. Accuracy: 0.8646 (0.25 sec.)
2025-03-10 17:08:22 - INFO - Training model: original-tda
2025-03-10 17:08:24 - INFO - Model original-tda completed in 1.82 seconds.
2025-03-10 17:08:24 - INFO - >>> Model original-tda trained. Accuracy: 0.9273 (1.82 sec.)
2025-03-10 17:08:24 - INFO - Training model: original-top_right
2025-03-10 17:08:26 - INFO - Model original-top_right completed in 1.90 seconds.
2025-03-10 17:08:26 - INFO - >>> Model original-top_right trained. Accuracy: 0.8732 (1.90 sec.)
2025-03-10 17:08:26 - INFO - Training model: original-top_left
2025-03-10 17:08:28 - INFO - Model original-top_left completed in 1.89 seconds.
2025-03-10 17:08:28 - INFO - >>> Model original-top_left trained. Accuracy: 0.8688 (1.89 sec.)
2025-03-10 17:08:28 - INFO - Training model: original-bottom_right
2025-03-10 17:08:29 - INFO - Model original-bottom_right completed in 1.89 seconds.
2025-03-10 17:08:29 - INFO - >>> Model original-bottom_right trained. Accuracy: 0.8703 (1.89 sec.)
2025-03-10 17:08:29 - INFO - Training model: original-bottom_left
2025-03-10 17:08:31 - INFO - Model original-bottom_left completed in 1.85 seconds.
2025-03-10 17:08:31 - INFO - >>> Model original-bottom_left trained. Accuracy: 0.8635 (1.85 sec.)
2025-03-10 17:08:31 - INFO - Training model: original-tda-top_right
2025-03-10 17:08:34 - INFO - Model original-tda-top_right completed in 2.62 seconds.
2025-03-10 17:08:34 - INFO - >>> Model original-tda-top_right trained. Accuracy: 0.9338 (2.62 sec.)
2025-03-10 17:08:34 - INFO - Training model: original-tda-top_left
2025-03-10 17:08:37 - INFO - Model original-tda-top_left completed in 2.63 seconds.
2025-03-10 17:08:37 - INFO - >>> Model original-tda-top_left trained. Accuracy: 0.9283 (2.63 sec.)
2025-03-10 17:08:37 - INFO - Training model: original-bottom_right-tda
2025-03-10 17:08:39 - INFO - Model original-bottom_right-tda completed in 2.64 seconds.
2025-03-10 17:08:39 - INFO - >>> Model original-bottom_right-tda trained. Accuracy: 0.9332 (2.64 sec.)
2025-03-10 17:08:39 - INFO - Training model: original-tda-bottom_left
2025-03-10 17:08:42 - INFO - Model original-tda-bottom_left completed in 2.66 seconds.
2025-03-10 17:08:42 - INFO - >>> Model original-tda-bottom_left trained. Accuracy: 0.9263 (2.66 sec.)
2025-03-10 17:08:42 - INFO - Training model: original-top_left-top_right
2025-03-10 17:08:45 - INFO - Model original-top_left-top_right completed in 2.70 seconds.
2025-03-10 17:08:45 - INFO - >>> Model original-top_left-top_right trained. Accuracy: 0.8774 (2.70 sec.)
2025-03-10 17:08:45 - INFO - Training model: original-bottom_right-top_right
2025-03-10 17:08:47 - INFO - Model original-bottom_right-top_right completed in 2.66 seconds.
2025-03-10 17:08:47 - INFO - >>> Model original-bottom_right-top_right trained. Accuracy: 0.8859 (2.66 sec.)
2025-03-10 17:08:47 - INFO - Training model: original-top_right-bottom_left
2025-03-10 17:08:50 - INFO - Model original-top_right-bottom_left completed in 2.70 seconds.
2025-03-10 17:08:50 - INFO - >>> Model original-top_right-bottom_left trained. Accuracy: 0.8842 (2.70 sec.)
2025-03-10 17:08:50 - INFO - Training model: original-bottom_right-top_left
2025-03-10 17:08:53 - INFO - Model original-bottom_right-top_left completed in 2.67 seconds.
2025-03-10 17:08:53 - INFO - >>> Model original-bottom_right-top_left trained. Accuracy: 0.8781 (2.67 sec.)
2025-03-10 17:08:53 - INFO - Training model: original-top_left-bottom_left
2025-03-10 17:08:55 - INFO - Model original-top_left-bottom_left completed in 2.71 seconds.
2025-03-10 17:08:55 - INFO - >>> Model original-top_left-bottom_left trained. Accuracy: 0.8765 (2.71 sec.)
2025-03-10 17:08:55 - INFO - Training model: original-bottom_right-bottom_left
2025-03-10 17:08:58 - INFO - Model original-bottom_right-bottom_left completed in 2.74 seconds.
2025-03-10 17:08:58 - INFO - >>> Model original-bottom_right-bottom_left trained. Accuracy: 0.8652 (2.74 sec.)
2025-03-10 17:08:58 - INFO - Training model: original-top_left-tda-top_right
2025-03-10 17:09:02 - INFO - Model original-top_left-tda-top_right completed in 3.49 seconds.
2025-03-10 17:09:02 - INFO - >>> Model original-top_left-tda-top_right trained. Accuracy: 0.9356 (3.49 sec.)
2025-03-10 17:09:02 - INFO - Training model: original-bottom_right-tda-top_right
2025-03-10 17:09:05 - INFO - Model original-bottom_right-tda-top_right completed in 3.44 seconds.
2025-03-10 17:09:05 - INFO - >>> Model original-bottom_right-tda-top_right trained. Accuracy: 0.9375 (3.44 sec.)
2025-03-10 17:09:05 - INFO - Training model: original-tda-top_right-bottom_left
2025-03-10 17:09:08 - INFO - Model original-tda-top_right-bottom_left completed in 3.48 seconds.
2025-03-10 17:09:08 - INFO - >>> Model original-tda-top_right-bottom_left trained. Accuracy: 0.9358 (3.48 sec.)
2025-03-10 17:09:08 - INFO - Training model: original-bottom_right-tda-top_left
2025-03-10 17:09:12 - INFO - Model original-bottom_right-tda-top_left completed in 3.44 seconds.
2025-03-10 17:09:12 - INFO - >>> Model original-bottom_right-tda-top_left trained. Accuracy: 0.9360 (3.44 sec.)
2025-03-10 17:09:12 - INFO - Training model: original-tda-top_left-bottom_left
2025-03-10 17:09:15 - INFO - Model original-tda-top_left-bottom_left completed in 3.46 seconds.
2025-03-10 17:09:15 - INFO - >>> Model original-tda-top_left-bottom_left trained. Accuracy: 0.9322 (3.46 sec.)
2025-03-10 17:09:15 - INFO - Training model: original-bottom_right-tda-bottom_left
2025-03-10 17:09:19 - INFO - Model original-bottom_right-tda-bottom_left completed in 3.40 seconds.
2025-03-10 17:09:19 - INFO - >>> Model original-bottom_right-tda-bottom_left trained. Accuracy: 0.9304 (3.40 sec.)
2025-03-10 17:09:19 - INFO - Training model: original-top_left-bottom_right-top_right
2025-03-10 17:09:22 - INFO - Model original-top_left-bottom_right-top_right completed in 3.45 seconds.
2025-03-10 17:09:22 - INFO - >>> Model original-top_left-bottom_right-top_right trained. Accuracy: 0.8949 (3.45 sec.)
2025-03-10 17:09:22 - INFO - Training model: original-top_left-top_right-bottom_left
2025-03-10 17:09:26 - INFO - Model original-top_left-top_right-bottom_left completed in 3.47 seconds.
2025-03-10 17:09:26 - INFO - >>> Model original-top_left-top_right-bottom_left trained. Accuracy: 0.8956 (3.47 sec.)
2025-03-10 17:09:26 - INFO - Training model: original-bottom_right-top_right-bottom_left
2025-03-10 17:09:29 - INFO - Model original-bottom_right-top_right-bottom_left completed in 3.49 seconds.
2025-03-10 17:09:29 - INFO - >>> Model original-bottom_right-top_right-bottom_left trained. Accuracy: 0.8895 (3.49 sec.)
2025-03-10 17:09:29 - INFO - Training model: original-bottom_right-top_left-bottom_left
2025-03-10 17:09:33 - INFO - Model original-bottom_right-top_left-bottom_left completed in 3.61 seconds.
2025-03-10 17:09:33 - INFO - >>> Model original-bottom_right-top_left-bottom_left trained. Accuracy: 0.8758 (3.61 sec.)
2025-03-10 17:09:33 - INFO - Training model: tda-top_right-top_left-original-bottom_right
2025-03-10 17:09:37 - INFO - Model tda-top_right-top_left-original-bottom_right completed in 4.28 seconds.
2025-03-10 17:09:37 - INFO - >>> Model tda-top_right-top_left-original-bottom_right trained. Accuracy: 0.9414 (4.28 sec.)
2025-03-10 17:09:37 - INFO - Training model: top_right-top_left-original-tda-bottom_left
2025-03-10 17:09:41 - INFO - Model top_right-top_left-original-tda-bottom_left completed in 4.24 seconds.
2025-03-10 17:09:41 - INFO - >>> Model top_right-top_left-original-tda-bottom_left trained. Accuracy: 0.9407 (4.24 sec.)
2025-03-10 17:09:41 - INFO - Training model: tda-top_right-original-bottom_right-bottom_left
2025-03-10 17:09:46 - INFO - Model tda-top_right-original-bottom_right-bottom_left completed in 4.28 seconds.
2025-03-10 17:09:46 - INFO - >>> Model tda-top_right-original-bottom_right-bottom_left trained. Accuracy: 0.9381 (4.28 sec.)
2025-03-10 17:09:46 - INFO - Training model: tda-top_left-original-bottom_right-bottom_left
2025-03-10 17:09:50 - INFO - Model tda-top_left-original-bottom_right-bottom_left completed in 4.18 seconds.
2025-03-10 17:09:50 - INFO - >>> Model tda-top_left-original-bottom_right-bottom_left trained. Accuracy: 0.9344 (4.18 sec.)
2025-03-10 17:09:50 - INFO - Training model: top_right-top_left-original-bottom_right-bottom_left
2025-03-10 17:09:54 - INFO - Model top_right-top_left-original-bottom_right-bottom_left completed in 4.28 seconds.
2025-03-10 17:09:54 - INFO - >>> Model top_right-top_left-original-bottom_right-bottom_left trained. Accuracy: 0.8953 (4.28 sec.)
2025-03-10 17:09:54 - INFO - Training model: tda-top_right-top_left-original-bottom_right-bottom_left
2025-03-10 17:09:59 - INFO - Model tda-top_right-top_left-original-bottom_right-bottom_left completed in 5.04 seconds.
2025-03-10 17:09:59 - INFO - >>> Model tda-top_right-top_left-original-bottom_right-bottom_left trained. Accuracy: 0.9410 (5.04 sec.)
2025-03-10 17:09:59 - INFO - All models trained successfully.
2025-03-10 17:09:59 - INFO - ========== [Model Training Completed] in 1.62 minutes ==========
2025-03-10 17:09:59 - INFO - ========== [Experiment Training Complete] ==========
2025-03-10 17:09:59 - INFO - ========== [Finished reading and processing chunks] ==========
2025-03-10 17:09:59 - INFO - Saving results...
2025-03-10 17:10:00 - INFO - Results saved to /home/jovyan/Workspace/workspace_mnist/results/exp_low_trains/experiment_trainsize_predictions_2025-03-10_17-09-59.json
2025-03-10 17:10:00 - INFO - Results successfully saved to /home/jovyan/Workspace/workspace_mnist/results/exp_low_trains/experiment_trainsize_predictions_2025-03-10_17-09-59.json
2025-03-10 17:10:00 - INFO - Garbage collection executed.
2025-03-10 17:10:00 - INFO - ========== [Experiment Completed] in 20.37 minutes ==========
