2025-03-11 01:03:01 - INFO - Logging initialized.
 Writing to /home/jovyan/Workspace/workspace_mnist/logs/exp_low_trains/experiment_logs_2025-03-11_01-03-01.log
2025-03-11 01:03:01 - INFO - ========== [Experiment Start] ==========
2025-03-11 01:03:01 - INFO - Views combinations succesfully generated.
2025-03-11 01:03:01 - INFO - Topological Data Analysis pipeline generated.
2025-03-11 01:03:01 - INFO - Generating folder to save results.
2025-03-11 01:03:01 - INFO - Reading dataset in chunks from mnist_784.csv (chunk size: 70000)
2025-03-11 01:03:01 - INFO - Starting multiview data preparation for a chunk of size (70000, 784)...
2025-03-11 01:03:01 - INFO - Running using 8 jobs.
2025-03-11 01:03:01 - INFO - Splitting data: 8.6% train / 91.4% test (random_state=910968928)
2025-03-11 01:03:02 - INFO - Data split complete. Train size: (6044, 784), Test size: (63956, 784)
2025-03-11 01:03:02 - INFO - Reshaping train and test data into square images...
2025-03-11 01:03:02 - INFO - Reshaping complete. Train images: (6044, 28, 28), Test images: (63956, 28, 28)
2025-03-11 01:03:02 - INFO - Splitting images into quadrant views...
2025-03-11 01:03:02 - INFO - Quadrant view splitting complete. Train views: 4, Test views: 4
2025-03-11 01:03:02 - INFO - >> Starting TDA pipeline transformation on train data...
2025-03-11 01:04:40 - INFO - >> TDA transformation for train data completed (1.64 minutes).
2025-03-11 01:04:40 - INFO - >> Applying TDA pipeline transformation on test data...
2025-03-11 01:22:04 - INFO - >> TDA transformation for test data completed (17.39 minutes).
2025-03-11 01:22:04 - INFO - ========== [Model Training Start] ==========
2025-03-11 01:22:04 - INFO - Training model: original
2025-03-11 01:22:04 - INFO - Model original completed in 0.42 seconds.
2025-03-11 01:22:04 - INFO - >>> Model original trained. Accuracy: 0.9422 (0.42 sec.)
2025-03-11 01:22:04 - INFO - Training model: original-tda
2025-03-11 01:22:08 - INFO - Model original-tda completed in 3.50 seconds.
2025-03-11 01:22:08 - INFO - >>> Model original-tda trained. Accuracy: 0.9696 (3.50 sec.)
2025-03-11 01:22:08 - INFO - Training model: original-top_right
2025-03-11 01:22:11 - INFO - Model original-top_right completed in 3.07 seconds.
2025-03-11 01:22:11 - INFO - >>> Model original-top_right trained. Accuracy: 0.9470 (3.07 sec.)
2025-03-11 01:22:11 - INFO - Training model: original-top_left
2025-03-11 01:22:14 - INFO - Model original-top_left completed in 2.99 seconds.
2025-03-11 01:22:14 - INFO - >>> Model original-top_left trained. Accuracy: 0.9444 (2.99 sec.)
2025-03-11 01:22:14 - INFO - Training model: original-bottom_right
2025-03-11 01:22:17 - INFO - Model original-bottom_right completed in 3.15 seconds.
2025-03-11 01:22:17 - INFO - >>> Model original-bottom_right trained. Accuracy: 0.9460 (3.15 sec.)
2025-03-11 01:22:17 - INFO - Training model: original-bottom_left
2025-03-11 01:22:20 - INFO - Model original-bottom_left completed in 3.04 seconds.
2025-03-11 01:22:20 - INFO - >>> Model original-bottom_left trained. Accuracy: 0.9443 (3.04 sec.)
2025-03-11 01:22:20 - INFO - Training model: original-tda-top_right
2025-03-11 01:22:25 - INFO - Model original-tda-top_right completed in 4.73 seconds.
2025-03-11 01:22:25 - INFO - >>> Model original-tda-top_right trained. Accuracy: 0.9707 (4.73 sec.)
2025-03-11 01:22:25 - INFO - Training model: original-tda-top_left
2025-03-11 01:22:29 - INFO - Model original-tda-top_left completed in 4.66 seconds.
2025-03-11 01:22:29 - INFO - >>> Model original-tda-top_left trained. Accuracy: 0.9689 (4.66 sec.)
2025-03-11 01:22:29 - INFO - Training model: original-bottom_right-tda
2025-03-11 01:22:34 - INFO - Model original-bottom_right-tda completed in 4.75 seconds.
2025-03-11 01:22:34 - INFO - >>> Model original-bottom_right-tda trained. Accuracy: 0.9700 (4.75 sec.)
2025-03-11 01:22:34 - INFO - Training model: original-tda-bottom_left
2025-03-11 01:22:39 - INFO - Model original-tda-bottom_left completed in 4.78 seconds.
2025-03-11 01:22:39 - INFO - >>> Model original-tda-bottom_left trained. Accuracy: 0.9670 (4.78 sec.)
2025-03-11 01:22:39 - INFO - Training model: original-top_left-top_right
2025-03-11 01:22:43 - INFO - Model original-top_left-top_right completed in 4.23 seconds.
2025-03-11 01:22:43 - INFO - >>> Model original-top_left-top_right trained. Accuracy: 0.9501 (4.23 sec.)
2025-03-11 01:22:43 - INFO - Training model: original-bottom_right-top_right
2025-03-11 01:22:48 - INFO - Model original-bottom_right-top_right completed in 4.38 seconds.
2025-03-11 01:22:48 - INFO - >>> Model original-bottom_right-top_right trained. Accuracy: 0.9507 (4.38 sec.)
2025-03-11 01:22:48 - INFO - Training model: original-top_right-bottom_left
2025-03-11 01:22:52 - INFO - Model original-top_right-bottom_left completed in 4.30 seconds.
2025-03-11 01:22:52 - INFO - >>> Model original-top_right-bottom_left trained. Accuracy: 0.9496 (4.30 sec.)
2025-03-11 01:22:52 - INFO - Training model: original-bottom_right-top_left
2025-03-11 01:22:56 - INFO - Model original-bottom_right-top_left completed in 4.26 seconds.
2025-03-11 01:22:56 - INFO - >>> Model original-bottom_right-top_left trained. Accuracy: 0.9478 (4.26 sec.)
2025-03-11 01:22:56 - INFO - Training model: original-top_left-bottom_left
2025-03-11 01:23:00 - INFO - Model original-top_left-bottom_left completed in 4.24 seconds.
2025-03-11 01:23:00 - INFO - >>> Model original-top_left-bottom_left trained. Accuracy: 0.9471 (4.24 sec.)
2025-03-11 01:23:00 - INFO - Training model: original-bottom_right-bottom_left
2025-03-11 01:23:05 - INFO - Model original-bottom_right-bottom_left completed in 4.33 seconds.
2025-03-11 01:23:05 - INFO - >>> Model original-bottom_right-bottom_left trained. Accuracy: 0.9478 (4.33 sec.)
2025-03-11 01:23:05 - INFO - Training model: original-top_left-tda-top_right
2025-03-11 01:23:11 - INFO - Model original-top_left-tda-top_right completed in 5.88 seconds.
2025-03-11 01:23:11 - INFO - >>> Model original-top_left-tda-top_right trained. Accuracy: 0.9702 (5.88 sec.)
2025-03-11 01:23:11 - INFO - Training model: original-bottom_right-tda-top_right
2025-03-11 01:23:17 - INFO - Model original-bottom_right-tda-top_right completed in 6.00 seconds.
2025-03-11 01:23:17 - INFO - >>> Model original-bottom_right-tda-top_right trained. Accuracy: 0.9716 (6.00 sec.)
2025-03-11 01:23:17 - INFO - Training model: original-tda-top_right-bottom_left
2025-03-11 01:23:22 - INFO - Model original-tda-top_right-bottom_left completed in 5.87 seconds.
2025-03-11 01:23:22 - INFO - >>> Model original-tda-top_right-bottom_left trained. Accuracy: 0.9711 (5.87 sec.)
2025-03-11 01:23:22 - INFO - Training model: original-bottom_right-tda-top_left
2025-03-11 01:23:28 - INFO - Model original-bottom_right-tda-top_left completed in 5.93 seconds.
2025-03-11 01:23:28 - INFO - >>> Model original-bottom_right-tda-top_left trained. Accuracy: 0.9709 (5.93 sec.)
2025-03-11 01:23:28 - INFO - Training model: original-tda-top_left-bottom_left
2025-03-11 01:23:34 - INFO - Model original-tda-top_left-bottom_left completed in 5.95 seconds.
2025-03-11 01:23:34 - INFO - >>> Model original-tda-top_left-bottom_left trained. Accuracy: 0.9687 (5.95 sec.)
2025-03-11 01:23:34 - INFO - Training model: original-bottom_right-tda-bottom_left
2025-03-11 01:23:40 - INFO - Model original-bottom_right-tda-bottom_left completed in 5.95 seconds.
2025-03-11 01:23:40 - INFO - >>> Model original-bottom_right-tda-bottom_left trained. Accuracy: 0.9691 (5.95 sec.)
2025-03-11 01:23:40 - INFO - Training model: original-top_left-bottom_right-top_right
2025-03-11 01:23:46 - INFO - Model original-top_left-bottom_right-top_right completed in 5.52 seconds.
2025-03-11 01:23:46 - INFO - >>> Model original-top_left-bottom_right-top_right trained. Accuracy: 0.9532 (5.52 sec.)
2025-03-11 01:23:46 - INFO - Training model: original-top_left-top_right-bottom_left
2025-03-11 01:23:51 - INFO - Model original-top_left-top_right-bottom_left completed in 5.50 seconds.
2025-03-11 01:23:51 - INFO - >>> Model original-top_left-top_right-bottom_left trained. Accuracy: 0.9532 (5.50 sec.)
2025-03-11 01:23:51 - INFO - Training model: original-bottom_right-top_right-bottom_left
2025-03-11 01:23:57 - INFO - Model original-bottom_right-top_right-bottom_left completed in 5.55 seconds.
2025-03-11 01:23:57 - INFO - >>> Model original-bottom_right-top_right-bottom_left trained. Accuracy: 0.9519 (5.55 sec.)
2025-03-11 01:23:57 - INFO - Training model: original-bottom_right-top_left-bottom_left
2025-03-11 01:24:02 - INFO - Model original-bottom_right-top_left-bottom_left completed in 5.60 seconds.
2025-03-11 01:24:02 - INFO - >>> Model original-bottom_right-top_left-bottom_left trained. Accuracy: 0.9505 (5.60 sec.)
2025-03-11 01:24:02 - INFO - Training model: tda-top_right-top_left-original-bottom_right
2025-03-11 01:24:10 - INFO - Model tda-top_right-top_left-original-bottom_right completed in 7.18 seconds.
2025-03-11 01:24:10 - INFO - >>> Model tda-top_right-top_left-original-bottom_right trained. Accuracy: 0.9734 (7.18 sec.)
2025-03-11 01:24:10 - INFO - Training model: top_right-top_left-original-tda-bottom_left
2025-03-11 01:24:17 - INFO - Model top_right-top_left-original-tda-bottom_left completed in 7.07 seconds.
2025-03-11 01:24:17 - INFO - >>> Model top_right-top_left-original-tda-bottom_left trained. Accuracy: 0.9717 (7.07 sec.)
2025-03-11 01:24:17 - INFO - Training model: tda-top_right-original-bottom_right-bottom_left
2025-03-11 01:24:24 - INFO - Model tda-top_right-original-bottom_right-bottom_left completed in 7.07 seconds.
2025-03-11 01:24:24 - INFO - >>> Model tda-top_right-original-bottom_right-bottom_left trained. Accuracy: 0.9717 (7.07 sec.)
2025-03-11 01:24:24 - INFO - Training model: tda-top_left-original-bottom_right-bottom_left
2025-03-11 01:24:31 - INFO - Model tda-top_left-original-bottom_right-bottom_left completed in 7.21 seconds.
2025-03-11 01:24:31 - INFO - >>> Model tda-top_left-original-bottom_right-bottom_left trained. Accuracy: 0.9705 (7.21 sec.)
2025-03-11 01:24:31 - INFO - Training model: top_right-top_left-original-bottom_right-bottom_left
2025-03-11 01:24:38 - INFO - Model top_right-top_left-original-bottom_right-bottom_left completed in 6.68 seconds.
2025-03-11 01:24:38 - INFO - >>> Model top_right-top_left-original-bottom_right-bottom_left trained. Accuracy: 0.9557 (6.68 sec.)
2025-03-11 01:24:38 - INFO - Training model: tda-top_right-top_left-original-bottom_right-bottom_left
2025-03-11 01:24:46 - INFO - Model tda-top_right-top_left-original-bottom_right-bottom_left completed in 8.38 seconds.
2025-03-11 01:24:46 - INFO - >>> Model tda-top_right-top_left-original-bottom_right-bottom_left trained. Accuracy: 0.9738 (8.38 sec.)
2025-03-11 01:24:46 - INFO - All models trained successfully.
2025-03-11 01:24:46 - INFO - ========== [Model Training Completed] in 2.70 minutes ==========
2025-03-11 01:24:46 - INFO - ========== [Experiment Training Complete] ==========
2025-03-11 01:24:46 - INFO - ========== [Finished reading and processing chunks] ==========
2025-03-11 01:24:46 - INFO - Saving results...
2025-03-11 01:24:47 - INFO - Results saved to /home/jovyan/Workspace/workspace_mnist/results/exp_low_trains/experiment_trainsize_predictions_2025-03-11_01-24-46.json
2025-03-11 01:24:47 - INFO - Results successfully saved to /home/jovyan/Workspace/workspace_mnist/results/exp_low_trains/experiment_trainsize_predictions_2025-03-11_01-24-46.json
2025-03-11 01:24:47 - INFO - Garbage collection executed.
2025-03-11 01:24:47 - INFO - ========== [Experiment Completed] in 21.77 minutes ==========
