2025-06-20 23:59:23 - INFO - Logging initialized.
 Writing to /home/jovyan/Workspace/workspace_mnist/logs/exp_icecream_100samples/experiment_logs_2025-06-20_23-59-23.log
2025-06-20 23:59:23 - INFO - ========== [Experiment Start] ==========
2025-06-20 23:59:23 - INFO - Views combinations successfully generated.
2025-06-20 23:59:23 - INFO - Topological Data Analysis pipeline generated.
2025-06-20 23:59:23 - INFO - Folder to save results has been created.
2025-06-20 23:59:23 - INFO - Reading dataset from mnist_784.csv (chunk size: 70000).
2025-06-20 23:59:24 - INFO - Starting multiview data preparation for a chunk of size (70000, 784)...
2025-06-20 23:59:24 - INFO - Running using 28 jobs.
2025-06-20 23:59:24 - INFO - Splitting data: 0.0% train / 30.0% test (random_state=413116357)
2025-06-20 23:59:24 - INFO - Using full training data without second split.
2025-06-20 23:59:24 - INFO - Data split complete. Train size: (70, 784), Test size: (30, 784)
2025-06-20 23:59:24 - INFO - Reshaping train and test data into square images...
2025-06-20 23:59:24 - INFO - Reshaping complete. Train images shape: (70, 28, 28), Test images shape: (30, 28, 28)
2025-06-20 23:59:24 - INFO - Splitting images into quadrant views...
2025-06-20 23:59:24 - INFO - Quadrant view splitting complete. Train views: 4, Test views: 4
2025-06-20 23:59:24 - INFO - Saving sample images for each view...
2025-06-20 23:59:24 - INFO - Sample views saved successfully.
2025-06-20 23:59:24 - INFO - Starting TDA pipeline transformation on train data...
2025-06-20 23:59:25 - INFO - TDA transformation for train completed (0.02 minutes).
2025-06-20 23:59:25 - INFO - Applying TDA pipeline transformation on test data...
2025-06-20 23:59:26 - INFO - TDA transformation for test completed (0.01 minutes).
2025-06-20 23:59:26 - INFO - ========== [Model Training Start] ==========
2025-06-20 23:59:26 - INFO - Training model: original
2025-06-20 23:59:26 - INFO - Model original completed in 0.29 seconds.
2025-06-20 23:59:26 - INFO - >>> Model original trained. Accuracy: 0.6333 (0.29 sec.)
2025-06-20 23:59:26 - INFO - Training model: bottom_left-original
2025-06-20 23:59:30 - INFO - Model bottom_left-original completed in 4.45 seconds.
2025-06-20 23:59:30 - INFO - >>> Model bottom_left-original trained. Accuracy: 0.6333 (4.45 sec.)
2025-06-20 23:59:30 - INFO - Training model: top_right-original
2025-06-20 23:59:35 - INFO - Model top_right-original completed in 4.29 seconds.
2025-06-20 23:59:35 - INFO - >>> Model top_right-original trained. Accuracy: 0.6333 (4.29 sec.)
2025-06-20 23:59:35 - INFO - Training model: tda-original
2025-06-20 23:59:39 - INFO - Model tda-original completed in 4.32 seconds.
2025-06-20 23:59:39 - INFO - >>> Model tda-original trained. Accuracy: 0.7333 (4.32 sec.)
2025-06-20 23:59:39 - INFO - Training model: bottom_right-original
2025-06-20 23:59:43 - INFO - Model bottom_right-original completed in 4.27 seconds.
2025-06-20 23:59:43 - INFO - >>> Model bottom_right-original trained. Accuracy: 0.6000 (4.27 sec.)
2025-06-20 23:59:43 - INFO - Training model: top_left-original
2025-06-20 23:59:48 - INFO - Model top_left-original completed in 4.34 seconds.
2025-06-20 23:59:48 - INFO - >>> Model top_left-original trained. Accuracy: 0.6667 (4.34 sec.)
2025-06-20 23:59:48 - INFO - Training model: bottom_left-top_right-original
2025-06-20 23:59:54 - INFO - Model bottom_left-top_right-original completed in 6.62 seconds.
2025-06-20 23:59:54 - INFO - >>> Model bottom_left-top_right-original trained. Accuracy: 0.6667 (6.62 sec.)
2025-06-20 23:59:54 - INFO - Training model: bottom_left-tda-original
2025-06-21 00:00:01 - INFO - Model bottom_left-tda-original completed in 6.50 seconds.
2025-06-21 00:00:01 - INFO - >>> Model bottom_left-tda-original trained. Accuracy: 0.7333 (6.50 sec.)
2025-06-21 00:00:01 - INFO - Training model: bottom_right-bottom_left-original
2025-06-21 00:00:03 - INFO - Model bottom_right-bottom_left-original completed in 2.61 seconds.
2025-06-21 00:00:03 - INFO - >>> Model bottom_right-bottom_left-original trained. Accuracy: 0.5000 (2.61 sec.)
2025-06-21 00:00:03 - INFO - Training model: bottom_left-top_left-original
2025-06-21 00:00:06 - INFO - Model bottom_left-top_left-original completed in 2.55 seconds.
2025-06-21 00:00:06 - INFO - >>> Model bottom_left-top_left-original trained. Accuracy: 0.6000 (2.55 sec.)
2025-06-21 00:00:06 - INFO - Training model: top_right-tda-original
2025-06-21 00:00:11 - INFO - Model top_right-tda-original completed in 5.00 seconds.
2025-06-21 00:00:11 - INFO - >>> Model top_right-tda-original trained. Accuracy: 0.7333 (5.00 sec.)
2025-06-21 00:00:11 - INFO - Training model: bottom_right-top_right-original
2025-06-21 00:00:17 - INFO - Model bottom_right-top_right-original completed in 6.19 seconds.
2025-06-21 00:00:17 - INFO - >>> Model bottom_right-top_right-original trained. Accuracy: 0.6000 (6.19 sec.)
2025-06-21 00:00:17 - INFO - Training model: top_right-top_left-original
2025-06-21 00:00:22 - INFO - Model top_right-top_left-original completed in 5.08 seconds.
2025-06-21 00:00:22 - INFO - >>> Model top_right-top_left-original trained. Accuracy: 0.6333 (5.08 sec.)
2025-06-21 00:00:22 - INFO - Training model: bottom_right-tda-original
2025-06-21 00:00:28 - INFO - Model bottom_right-tda-original completed in 6.10 seconds.
2025-06-21 00:00:28 - INFO - >>> Model bottom_right-tda-original trained. Accuracy: 0.7333 (6.10 sec.)
2025-06-21 00:00:28 - INFO - Training model: tda-top_left-original
2025-06-21 00:00:35 - INFO - Model tda-top_left-original completed in 6.17 seconds.
2025-06-21 00:00:35 - INFO - >>> Model tda-top_left-original trained. Accuracy: 0.7667 (6.17 sec.)
2025-06-21 00:00:35 - INFO - Training model: bottom_right-top_left-original
2025-06-21 00:00:41 - INFO - Model bottom_right-top_left-original completed in 6.55 seconds.
2025-06-21 00:00:41 - INFO - >>> Model bottom_right-top_left-original trained. Accuracy: 0.6667 (6.55 sec.)
2025-06-21 00:00:41 - INFO - Training model: bottom_left-top_right-tda-original
2025-06-21 00:00:50 - INFO - Model bottom_left-top_right-tda-original completed in 8.44 seconds.
2025-06-21 00:00:50 - INFO - >>> Model bottom_left-top_right-tda-original trained. Accuracy: 0.7333 (8.44 sec.)
2025-06-21 00:00:50 - INFO - Training model: bottom_right-bottom_left-top_right-original
2025-06-21 00:00:58 - INFO - Model bottom_right-bottom_left-top_right-original completed in 8.51 seconds.
2025-06-21 00:00:58 - INFO - >>> Model bottom_right-bottom_left-top_right-original trained. Accuracy: 0.6333 (8.51 sec.)
2025-06-21 00:00:58 - INFO - Training model: bottom_left-top_right-top_left-original
2025-06-21 00:01:06 - INFO - Model bottom_left-top_right-top_left-original completed in 8.13 seconds.
2025-06-21 00:01:06 - INFO - >>> Model bottom_left-top_right-top_left-original trained. Accuracy: 0.7000 (8.13 sec.)
2025-06-21 00:01:06 - INFO - Training model: bottom_right-bottom_left-tda-original
2025-06-21 00:01:15 - INFO - Model bottom_right-bottom_left-tda-original completed in 8.34 seconds.
2025-06-21 00:01:15 - INFO - >>> Model bottom_right-bottom_left-tda-original trained. Accuracy: 0.7333 (8.34 sec.)
2025-06-21 00:01:15 - INFO - Training model: bottom_left-tda-top_left-original
2025-06-21 00:01:23 - INFO - Model bottom_left-tda-top_left-original completed in 8.72 seconds.
2025-06-21 00:01:23 - INFO - >>> Model bottom_left-tda-top_left-original trained. Accuracy: 0.8000 (8.72 sec.)
2025-06-21 00:01:23 - INFO - Training model: bottom_right-bottom_left-top_left-original
2025-06-21 00:01:31 - INFO - Model bottom_right-bottom_left-top_left-original completed in 8.24 seconds.
2025-06-21 00:01:31 - INFO - >>> Model bottom_right-bottom_left-top_left-original trained. Accuracy: 0.6667 (8.24 sec.)
2025-06-21 00:01:31 - INFO - Training model: bottom_right-top_right-tda-original
2025-06-21 00:01:40 - INFO - Model bottom_right-top_right-tda-original completed in 8.54 seconds.
2025-06-21 00:01:40 - INFO - >>> Model bottom_right-top_right-tda-original trained. Accuracy: 0.7667 (8.54 sec.)
2025-06-21 00:01:40 - INFO - Training model: top_right-tda-top_left-original
2025-06-21 00:01:48 - INFO - Model top_right-tda-top_left-original completed in 8.30 seconds.
2025-06-21 00:01:48 - INFO - >>> Model top_right-tda-top_left-original trained. Accuracy: 0.7667 (8.30 sec.)
2025-06-21 00:01:48 - INFO - Training model: bottom_right-top_right-top_left-original
2025-06-21 00:01:57 - INFO - Model bottom_right-top_right-top_left-original completed in 8.48 seconds.
2025-06-21 00:01:57 - INFO - >>> Model bottom_right-top_right-top_left-original trained. Accuracy: 0.6667 (8.48 sec.)
2025-06-21 00:01:57 - INFO - Training model: bottom_right-tda-top_left-original
2025-06-21 00:02:05 - INFO - Model bottom_right-tda-top_left-original completed in 8.53 seconds.
2025-06-21 00:02:05 - INFO - >>> Model bottom_right-tda-top_left-original trained. Accuracy: 0.8000 (8.53 sec.)
2025-06-21 00:02:05 - INFO - Training model: bottom_left-top_right-tda-bottom_right-original
2025-06-21 00:02:16 - INFO - Model bottom_left-top_right-tda-bottom_right-original completed in 10.63 seconds.
2025-06-21 00:02:16 - INFO - >>> Model bottom_left-top_right-tda-bottom_right-original trained. Accuracy: 0.7333 (10.63 sec.)
2025-06-21 00:02:16 - INFO - Training model: bottom_left-top_right-tda-original-top_left
2025-06-21 00:02:26 - INFO - Model bottom_left-top_right-tda-original-top_left completed in 10.26 seconds.
2025-06-21 00:02:26 - INFO - >>> Model bottom_left-top_right-tda-original-top_left trained. Accuracy: 0.7667 (10.26 sec.)
2025-06-21 00:02:26 - INFO - Training model: bottom_left-top_right-bottom_right-original-top_left
2025-06-21 00:02:37 - INFO - Model bottom_left-top_right-bottom_right-original-top_left completed in 10.36 seconds.
2025-06-21 00:02:37 - INFO - >>> Model bottom_left-top_right-bottom_right-original-top_left trained. Accuracy: 0.7000 (10.36 sec.)
2025-06-21 00:02:37 - INFO - Training model: bottom_left-tda-bottom_right-original-top_left
2025-06-21 00:02:47 - INFO - Model bottom_left-tda-bottom_right-original-top_left completed in 10.64 seconds.
2025-06-21 00:02:47 - INFO - >>> Model bottom_left-tda-bottom_right-original-top_left trained. Accuracy: 0.8667 (10.64 sec.)
2025-06-21 00:02:47 - INFO - Training model: top_right-tda-bottom_right-original-top_left
2025-06-21 00:02:58 - INFO - Model top_right-tda-bottom_right-original-top_left completed in 10.42 seconds.
2025-06-21 00:02:58 - INFO - >>> Model top_right-tda-bottom_right-original-top_left trained. Accuracy: 0.7667 (10.42 sec.)
2025-06-21 00:02:58 - INFO - Training model: bottom_left-top_right-tda-bottom_right-original-top_left
2025-06-21 00:03:08 - INFO - Model bottom_left-top_right-tda-bottom_right-original-top_left completed in 10.56 seconds.
2025-06-21 00:03:08 - INFO - >>> Model bottom_left-top_right-tda-bottom_right-original-top_left trained. Accuracy: 0.7667 (10.56 sec.)
2025-06-21 00:03:08 - INFO - All models trained successfully.
2025-06-21 00:03:08 - INFO - ========== [Model Training Completed] in 3.71 minutes ==========
2025-06-21 00:03:08 - INFO - ========== [Experiment Training Complete] ==========
2025-06-21 00:03:08 - INFO - Results saved to /home/jovyan/Workspace/workspace_mnist/results/exp_icecream_100samples/exp_icecream_100samples_2025-06-21_00-03-08.json
2025-06-21 00:03:08 - INFO - Results successfully saved to /home/jovyan/Workspace/workspace_mnist/results/exp_icecream_100samples/exp_icecream_100samples_2025-06-21_00-03-08.json
2025-06-21 00:03:08 - INFO - Forced Garbage collection executed to Free Memory.
2025-06-21 00:03:08 - INFO - ========== [Experiment Completed] in 3.75 minutes ==========
