2025-06-21 00:07:05 - INFO - Logging initialized.
 Writing to /home/jovyan/Workspace/workspace_mnist/logs/exp_icecream_100samples/experiment_logs_2025-06-21_00-07-05.log
2025-06-21 00:07:05 - INFO - ========== [Experiment Start] ==========
2025-06-21 00:07:05 - INFO - Views combinations successfully generated.
2025-06-21 00:07:05 - INFO - Topological Data Analysis pipeline generated.
2025-06-21 00:07:05 - INFO - Folder to save results has been created.
2025-06-21 00:07:05 - INFO - Reading dataset from mnist_784.csv (chunk size: 70000).
2025-06-21 00:07:06 - INFO - Starting multiview data preparation for a chunk of size (70000, 784)...
2025-06-21 00:07:06 - INFO - Running using 28 jobs.
2025-06-21 00:07:06 - INFO - Splitting data: 0.0% train / 30.0% test (random_state=32683279)
2025-06-21 00:07:06 - INFO - Using full training data without second split.
2025-06-21 00:07:06 - INFO - Data split complete. Train size: (70, 784), Test size: (30, 784)
2025-06-21 00:07:06 - INFO - Reshaping train and test data into square images...
2025-06-21 00:07:06 - INFO - Reshaping complete. Train images shape: (70, 28, 28), Test images shape: (30, 28, 28)
2025-06-21 00:07:06 - INFO - Splitting images into quadrant views...
2025-06-21 00:07:06 - INFO - Quadrant view splitting complete. Train views: 4, Test views: 4
2025-06-21 00:07:06 - INFO - Saving sample images for each view...
2025-06-21 00:07:06 - INFO - Sample views saved successfully.
2025-06-21 00:07:06 - INFO - Starting TDA pipeline transformation on train data...
2025-06-21 00:07:07 - INFO - TDA transformation for train completed (0.01 minutes).
2025-06-21 00:07:07 - INFO - Applying TDA pipeline transformation on test data...
2025-06-21 00:07:07 - INFO - TDA transformation for test completed (0.01 minutes).
2025-06-21 00:07:07 - INFO - ========== [Model Training Start] ==========
2025-06-21 00:07:07 - INFO - Training model: original
2025-06-21 00:07:07 - INFO - Model original completed in 0.32 seconds.
2025-06-21 00:07:07 - INFO - >>> Model original trained. Accuracy: 0.6667 (0.32 sec.)
2025-06-21 00:07:07 - INFO - Training model: bottom_left-original
2025-06-21 00:07:12 - INFO - Model bottom_left-original completed in 4.24 seconds.
2025-06-21 00:07:12 - INFO - >>> Model bottom_left-original trained. Accuracy: 0.6333 (4.24 sec.)
2025-06-21 00:07:12 - INFO - Training model: top_right-original
2025-06-21 00:07:16 - INFO - Model top_right-original completed in 4.32 seconds.
2025-06-21 00:07:16 - INFO - >>> Model top_right-original trained. Accuracy: 0.7000 (4.32 sec.)
2025-06-21 00:07:16 - INFO - Training model: tda-original
2025-06-21 00:07:20 - INFO - Model tda-original completed in 4.43 seconds.
2025-06-21 00:07:20 - INFO - >>> Model tda-original trained. Accuracy: 0.8000 (4.43 sec.)
2025-06-21 00:07:20 - INFO - Training model: bottom_right-original
2025-06-21 00:07:25 - INFO - Model bottom_right-original completed in 4.52 seconds.
2025-06-21 00:07:25 - INFO - >>> Model bottom_right-original trained. Accuracy: 0.6000 (4.52 sec.)
2025-06-21 00:07:25 - INFO - Training model: top_left-original
2025-06-21 00:07:29 - INFO - Model top_left-original completed in 4.32 seconds.
2025-06-21 00:07:29 - INFO - >>> Model top_left-original trained. Accuracy: 0.5333 (4.32 sec.)
2025-06-21 00:07:29 - INFO - Training model: bottom_left-top_right-original
2025-06-21 00:07:36 - INFO - Model bottom_left-top_right-original completed in 6.36 seconds.
2025-06-21 00:07:36 - INFO - >>> Model bottom_left-top_right-original trained. Accuracy: 0.6667 (6.36 sec.)
2025-06-21 00:07:36 - INFO - Training model: bottom_left-tda-original
2025-06-21 00:07:42 - INFO - Model bottom_left-tda-original completed in 6.23 seconds.
2025-06-21 00:07:42 - INFO - >>> Model bottom_left-tda-original trained. Accuracy: 0.7667 (6.23 sec.)
2025-06-21 00:07:42 - INFO - Training model: bottom_right-bottom_left-original
2025-06-21 00:07:48 - INFO - Model bottom_right-bottom_left-original completed in 6.43 seconds.
2025-06-21 00:07:48 - INFO - >>> Model bottom_right-bottom_left-original trained. Accuracy: 0.6667 (6.43 sec.)
2025-06-21 00:07:48 - INFO - Training model: bottom_left-top_left-original
2025-06-21 00:07:55 - INFO - Model bottom_left-top_left-original completed in 6.24 seconds.
2025-06-21 00:07:55 - INFO - >>> Model bottom_left-top_left-original trained. Accuracy: 0.6000 (6.24 sec.)
2025-06-21 00:07:55 - INFO - Training model: top_right-tda-original
2025-06-21 00:08:01 - INFO - Model top_right-tda-original completed in 6.55 seconds.
2025-06-21 00:08:01 - INFO - >>> Model top_right-tda-original trained. Accuracy: 0.8000 (6.55 sec.)
2025-06-21 00:08:01 - INFO - Training model: bottom_right-top_right-original
2025-06-21 00:08:07 - INFO - Model bottom_right-top_right-original completed in 6.07 seconds.
2025-06-21 00:08:07 - INFO - >>> Model bottom_right-top_right-original trained. Accuracy: 0.5333 (6.07 sec.)
2025-06-21 00:08:07 - INFO - Training model: top_right-top_left-original
2025-06-21 00:08:14 - INFO - Model top_right-top_left-original completed in 6.41 seconds.
2025-06-21 00:08:14 - INFO - >>> Model top_right-top_left-original trained. Accuracy: 0.6333 (6.41 sec.)
2025-06-21 00:08:14 - INFO - Training model: bottom_right-tda-original
2025-06-21 00:08:20 - INFO - Model bottom_right-tda-original completed in 6.23 seconds.
2025-06-21 00:08:20 - INFO - >>> Model bottom_right-tda-original trained. Accuracy: 0.8000 (6.23 sec.)
2025-06-21 00:08:20 - INFO - Training model: tda-top_left-original
2025-06-21 00:08:26 - INFO - Model tda-top_left-original completed in 6.28 seconds.
2025-06-21 00:08:26 - INFO - >>> Model tda-top_left-original trained. Accuracy: 0.8333 (6.28 sec.)
2025-06-21 00:08:26 - INFO - Training model: bottom_right-top_left-original
2025-06-21 00:08:33 - INFO - Model bottom_right-top_left-original completed in 6.28 seconds.
2025-06-21 00:08:33 - INFO - >>> Model bottom_right-top_left-original trained. Accuracy: 0.6333 (6.28 sec.)
2025-06-21 00:08:33 - INFO - Training model: bottom_left-top_right-tda-original
2025-06-21 00:08:41 - INFO - Model bottom_left-top_right-tda-original completed in 8.14 seconds.
2025-06-21 00:08:41 - INFO - >>> Model bottom_left-top_right-tda-original trained. Accuracy: 0.7000 (8.14 sec.)
2025-06-21 00:08:41 - INFO - Training model: bottom_right-bottom_left-top_right-original
2025-06-21 00:08:49 - INFO - Model bottom_right-bottom_left-top_right-original completed in 8.54 seconds.
2025-06-21 00:08:49 - INFO - >>> Model bottom_right-bottom_left-top_right-original trained. Accuracy: 0.6000 (8.54 sec.)
2025-06-21 00:08:49 - INFO - Training model: bottom_left-top_right-top_left-original
2025-06-21 00:08:58 - INFO - Model bottom_left-top_right-top_left-original completed in 8.54 seconds.
2025-06-21 00:08:58 - INFO - >>> Model bottom_left-top_right-top_left-original trained. Accuracy: 0.6333 (8.54 sec.)
2025-06-21 00:08:58 - INFO - Training model: bottom_right-bottom_left-tda-original
2025-06-21 00:09:06 - INFO - Model bottom_right-bottom_left-tda-original completed in 8.34 seconds.
2025-06-21 00:09:06 - INFO - >>> Model bottom_right-bottom_left-tda-original trained. Accuracy: 0.8000 (8.34 sec.)
2025-06-21 00:09:06 - INFO - Training model: bottom_left-tda-top_left-original
2025-06-21 00:09:15 - INFO - Model bottom_left-tda-top_left-original completed in 8.70 seconds.
2025-06-21 00:09:15 - INFO - >>> Model bottom_left-tda-top_left-original trained. Accuracy: 0.8000 (8.70 sec.)
2025-06-21 00:09:15 - INFO - Training model: bottom_right-bottom_left-top_left-original
2025-06-21 00:09:23 - INFO - Model bottom_right-bottom_left-top_left-original completed in 8.45 seconds.
2025-06-21 00:09:23 - INFO - >>> Model bottom_right-bottom_left-top_left-original trained. Accuracy: 0.7000 (8.45 sec.)
2025-06-21 00:09:23 - INFO - Training model: bottom_right-top_right-tda-original
2025-06-21 00:09:32 - INFO - Model bottom_right-top_right-tda-original completed in 8.41 seconds.
2025-06-21 00:09:32 - INFO - >>> Model bottom_right-top_right-tda-original trained. Accuracy: 0.7667 (8.41 sec.)
2025-06-21 00:09:32 - INFO - Training model: top_right-tda-top_left-original
2025-06-21 00:09:40 - INFO - Model top_right-tda-top_left-original completed in 8.66 seconds.
2025-06-21 00:09:40 - INFO - >>> Model top_right-tda-top_left-original trained. Accuracy: 0.8667 (8.66 sec.)
2025-06-21 00:09:40 - INFO - Training model: bottom_right-top_right-top_left-original
2025-06-21 00:09:49 - INFO - Model bottom_right-top_right-top_left-original completed in 8.39 seconds.
2025-06-21 00:09:49 - INFO - >>> Model bottom_right-top_right-top_left-original trained. Accuracy: 0.6667 (8.39 sec.)
2025-06-21 00:09:49 - INFO - Training model: bottom_right-tda-top_left-original
2025-06-21 00:09:57 - INFO - Model bottom_right-tda-top_left-original completed in 8.59 seconds.
2025-06-21 00:09:57 - INFO - >>> Model bottom_right-tda-top_left-original trained. Accuracy: 0.8667 (8.59 sec.)
2025-06-21 00:09:57 - INFO - Training model: bottom_left-top_right-tda-bottom_right-original
2025-06-21 00:10:08 - INFO - Model bottom_left-top_right-tda-bottom_right-original completed in 10.34 seconds.
2025-06-21 00:10:08 - INFO - >>> Model bottom_left-top_right-tda-bottom_right-original trained. Accuracy: 0.7667 (10.34 sec.)
2025-06-21 00:10:08 - INFO - Training model: bottom_left-top_right-tda-original-top_left
2025-06-21 00:10:18 - INFO - Model bottom_left-top_right-tda-original-top_left completed in 10.24 seconds.
2025-06-21 00:10:18 - INFO - >>> Model bottom_left-top_right-tda-original-top_left trained. Accuracy: 0.7667 (10.24 sec.)
2025-06-21 00:10:18 - INFO - Training model: bottom_left-top_right-bottom_right-original-top_left
2025-06-21 00:10:28 - INFO - Model bottom_left-top_right-bottom_right-original-top_left completed in 10.07 seconds.
2025-06-21 00:10:28 - INFO - >>> Model bottom_left-top_right-bottom_right-original-top_left trained. Accuracy: 0.6333 (10.07 sec.)
2025-06-21 00:10:28 - INFO - Training model: bottom_left-tda-bottom_right-original-top_left
2025-06-21 00:10:38 - INFO - Model bottom_left-tda-bottom_right-original-top_left completed in 10.34 seconds.
2025-06-21 00:10:38 - INFO - >>> Model bottom_left-tda-bottom_right-original-top_left trained. Accuracy: 0.8000 (10.34 sec.)
2025-06-21 00:10:38 - INFO - Training model: top_right-tda-bottom_right-original-top_left
2025-06-21 00:10:49 - INFO - Model top_right-tda-bottom_right-original-top_left completed in 10.28 seconds.
2025-06-21 00:10:49 - INFO - >>> Model top_right-tda-bottom_right-original-top_left trained. Accuracy: 0.8000 (10.28 sec.)
2025-06-21 00:10:49 - INFO - Training model: bottom_left-top_right-tda-bottom_right-original-top_left
2025-06-21 00:11:01 - INFO - Model bottom_left-top_right-tda-bottom_right-original-top_left completed in 12.53 seconds.
2025-06-21 00:11:01 - INFO - >>> Model bottom_left-top_right-tda-bottom_right-original-top_left trained. Accuracy: 0.7667 (12.53 sec.)
2025-06-21 00:11:01 - INFO - All models trained successfully.
2025-06-21 00:11:01 - INFO - ========== [Model Training Completed] in 3.90 minutes ==========
2025-06-21 00:11:01 - INFO - ========== [Experiment Training Complete] ==========
2025-06-21 00:11:01 - INFO - Results saved to /home/jovyan/Workspace/workspace_mnist/results/exp_icecream_100samples/exp_icecream_100samples_2025-06-21_00-11-01.json
2025-06-21 00:11:01 - INFO - Results successfully saved to /home/jovyan/Workspace/workspace_mnist/results/exp_icecream_100samples/exp_icecream_100samples_2025-06-21_00-11-01.json
2025-06-21 00:11:01 - INFO - Forced Garbage collection executed to Free Memory.
2025-06-21 00:11:01 - INFO - ========== [Experiment Completed] in 3.94 minutes ==========
