2025-06-20 23:20:02 - INFO - Logging initialized.
 Writing to /home/jovyan/Workspace/workspace_mnist/logs/exp_icecream_100samples/experiment_logs_2025-06-20_23-20-02.log
2025-06-20 23:20:02 - INFO - ========== [Experiment Start] ==========
2025-06-20 23:20:02 - INFO - Views combinations successfully generated.
2025-06-20 23:20:02 - INFO - Topological Data Analysis pipeline generated.
2025-06-20 23:20:02 - INFO - Folder to save results has been created.
2025-06-20 23:20:02 - INFO - Reading dataset from mnist_784.csv (chunk size: 70000).
2025-06-20 23:20:02 - INFO - Starting multiview data preparation for a chunk of size (70000, 784)...
2025-06-20 23:20:02 - INFO - Running using 28 jobs.
2025-06-20 23:20:03 - INFO - Splitting data: 0.0% train / 30.0% test (random_state=222597373)
2025-06-20 23:20:03 - INFO - Using full training data without second split.
2025-06-20 23:20:03 - INFO - Data split complete. Train size: (70, 784), Test size: (30, 784)
2025-06-20 23:20:03 - INFO - Reshaping train and test data into square images...
2025-06-20 23:20:03 - INFO - Reshaping complete. Train images shape: (70, 28, 28), Test images shape: (30, 28, 28)
2025-06-20 23:20:03 - INFO - Splitting images into quadrant views...
2025-06-20 23:20:03 - INFO - Quadrant view splitting complete. Train views: 4, Test views: 4
2025-06-20 23:20:03 - INFO - Saving sample images for each view...
2025-06-20 23:20:03 - INFO - Sample views saved successfully.
2025-06-20 23:20:03 - INFO - Starting TDA pipeline transformation on train data...
2025-06-20 23:20:03 - INFO - TDA transformation for train completed (0.01 minutes).
2025-06-20 23:20:03 - INFO - Applying TDA pipeline transformation on test data...
2025-06-20 23:20:04 - INFO - TDA transformation for test completed (0.01 minutes).
2025-06-20 23:20:04 - INFO - ========== [Model Training Start] ==========
2025-06-20 23:20:04 - INFO - Training model: original
2025-06-20 23:20:04 - INFO - Model original completed in 0.33 seconds.
2025-06-20 23:20:04 - INFO - >>> Model original trained. Accuracy: 0.6667 (0.33 sec.)
2025-06-20 23:20:04 - INFO - Training model: bottom_left-original
2025-06-20 23:20:09 - INFO - Model bottom_left-original completed in 4.50 seconds.
2025-06-20 23:20:09 - INFO - >>> Model bottom_left-original trained. Accuracy: 0.6000 (4.50 sec.)
2025-06-20 23:20:09 - INFO - Training model: top_right-original
2025-06-20 23:20:13 - INFO - Model top_right-original completed in 4.47 seconds.
2025-06-20 23:20:13 - INFO - >>> Model top_right-original trained. Accuracy: 0.7000 (4.47 sec.)
2025-06-20 23:20:13 - INFO - Training model: tda-original
2025-06-20 23:20:18 - INFO - Model tda-original completed in 4.48 seconds.
2025-06-20 23:20:18 - INFO - >>> Model tda-original trained. Accuracy: 0.8000 (4.48 sec.)
2025-06-20 23:20:18 - INFO - Training model: bottom_right-original
2025-06-20 23:20:22 - INFO - Model bottom_right-original completed in 4.28 seconds.
2025-06-20 23:20:22 - INFO - >>> Model bottom_right-original trained. Accuracy: 0.5667 (4.28 sec.)
2025-06-20 23:20:22 - INFO - Training model: top_left-original
2025-06-20 23:20:26 - INFO - Model top_left-original completed in 4.12 seconds.
2025-06-20 23:20:26 - INFO - >>> Model top_left-original trained. Accuracy: 0.6333 (4.12 sec.)
2025-06-20 23:20:26 - INFO - Training model: bottom_left-top_right-original
2025-06-20 23:20:32 - INFO - Model bottom_left-top_right-original completed in 6.11 seconds.
2025-06-20 23:20:32 - INFO - >>> Model bottom_left-top_right-original trained. Accuracy: 0.7333 (6.11 sec.)
2025-06-20 23:20:32 - INFO - Training model: bottom_left-tda-original
2025-06-20 23:20:39 - INFO - Model bottom_left-tda-original completed in 6.51 seconds.
2025-06-20 23:20:39 - INFO - >>> Model bottom_left-tda-original trained. Accuracy: 0.7667 (6.51 sec.)
2025-06-20 23:20:39 - INFO - Training model: bottom_right-bottom_left-original
2025-06-20 23:20:45 - INFO - Model bottom_right-bottom_left-original completed in 6.21 seconds.
2025-06-20 23:20:45 - INFO - >>> Model bottom_right-bottom_left-original trained. Accuracy: 0.6000 (6.21 sec.)
2025-06-20 23:20:45 - INFO - Training model: bottom_left-top_left-original
2025-06-20 23:20:51 - INFO - Model bottom_left-top_left-original completed in 6.47 seconds.
2025-06-20 23:20:51 - INFO - >>> Model bottom_left-top_left-original trained. Accuracy: 0.6667 (6.47 sec.)
2025-06-20 23:20:51 - INFO - Training model: top_right-tda-original
2025-06-20 23:20:58 - INFO - Model top_right-tda-original completed in 6.45 seconds.
2025-06-20 23:20:58 - INFO - >>> Model top_right-tda-original trained. Accuracy: 0.8000 (6.45 sec.)
2025-06-20 23:20:58 - INFO - Training model: bottom_right-top_right-original
2025-06-20 23:21:04 - INFO - Model bottom_right-top_right-original completed in 6.43 seconds.
2025-06-20 23:21:04 - INFO - >>> Model bottom_right-top_right-original trained. Accuracy: 0.7000 (6.43 sec.)
2025-06-20 23:21:04 - INFO - Training model: top_right-top_left-original
2025-06-20 23:21:11 - INFO - Model top_right-top_left-original completed in 6.20 seconds.
2025-06-20 23:21:11 - INFO - >>> Model top_right-top_left-original trained. Accuracy: 0.7667 (6.20 sec.)
2025-06-20 23:21:11 - INFO - Training model: bottom_right-tda-original
2025-06-20 23:21:17 - INFO - Model bottom_right-tda-original completed in 6.71 seconds.
2025-06-20 23:21:17 - INFO - >>> Model bottom_right-tda-original trained. Accuracy: 0.7667 (6.71 sec.)
2025-06-20 23:21:17 - INFO - Training model: tda-top_left-original
2025-06-20 23:21:23 - INFO - Model tda-top_left-original completed in 6.11 seconds.
2025-06-20 23:21:23 - INFO - >>> Model tda-top_left-original trained. Accuracy: 0.8000 (6.11 sec.)
2025-06-20 23:21:23 - INFO - Training model: bottom_right-top_left-original
2025-06-20 23:21:30 - INFO - Model bottom_right-top_left-original completed in 6.55 seconds.
2025-06-20 23:21:30 - INFO - >>> Model bottom_right-top_left-original trained. Accuracy: 0.6333 (6.55 sec.)
2025-06-20 23:21:30 - INFO - Training model: bottom_left-top_right-tda-original
2025-06-20 23:21:38 - INFO - Model bottom_left-top_right-tda-original completed in 8.40 seconds.
2025-06-20 23:21:38 - INFO - >>> Model bottom_left-top_right-tda-original trained. Accuracy: 0.8000 (8.40 sec.)
2025-06-20 23:21:38 - INFO - Training model: bottom_right-bottom_left-top_right-original
2025-06-20 23:21:47 - INFO - Model bottom_right-bottom_left-top_right-original completed in 8.36 seconds.
2025-06-20 23:21:47 - INFO - >>> Model bottom_right-bottom_left-top_right-original trained. Accuracy: 0.6667 (8.36 sec.)
2025-06-20 23:21:47 - INFO - Training model: bottom_left-top_right-top_left-original
2025-06-20 23:21:55 - INFO - Model bottom_left-top_right-top_left-original completed in 8.56 seconds.
2025-06-20 23:21:55 - INFO - >>> Model bottom_left-top_right-top_left-original trained. Accuracy: 0.7667 (8.56 sec.)
2025-06-20 23:21:55 - INFO - Training model: bottom_right-bottom_left-tda-original
2025-06-20 23:22:04 - INFO - Model bottom_right-bottom_left-tda-original completed in 8.60 seconds.
2025-06-20 23:22:04 - INFO - >>> Model bottom_right-bottom_left-tda-original trained. Accuracy: 0.7000 (8.60 sec.)
2025-06-20 23:22:04 - INFO - Training model: bottom_left-tda-top_left-original
2025-06-20 23:22:12 - INFO - Model bottom_left-tda-top_left-original completed in 8.15 seconds.
2025-06-20 23:22:12 - INFO - >>> Model bottom_left-tda-top_left-original trained. Accuracy: 0.8000 (8.15 sec.)
2025-06-20 23:22:12 - INFO - Training model: bottom_right-bottom_left-top_left-original
2025-06-20 23:22:20 - INFO - Model bottom_right-bottom_left-top_left-original completed in 8.25 seconds.
2025-06-20 23:22:20 - INFO - >>> Model bottom_right-bottom_left-top_left-original trained. Accuracy: 0.5333 (8.25 sec.)
2025-06-20 23:22:20 - INFO - Training model: bottom_right-top_right-tda-original
2025-06-20 23:22:28 - INFO - Model bottom_right-top_right-tda-original completed in 8.09 seconds.
2025-06-20 23:22:28 - INFO - >>> Model bottom_right-top_right-tda-original trained. Accuracy: 0.8000 (8.09 sec.)
2025-06-20 23:22:28 - INFO - Training model: top_right-tda-top_left-original
2025-06-20 23:22:36 - INFO - Model top_right-tda-top_left-original completed in 7.72 seconds.
2025-06-20 23:22:36 - INFO - >>> Model top_right-tda-top_left-original trained. Accuracy: 0.7667 (7.72 sec.)
2025-06-20 23:22:36 - INFO - Training model: bottom_right-top_right-top_left-original
2025-06-20 23:22:44 - INFO - Model bottom_right-top_right-top_left-original completed in 8.37 seconds.
2025-06-20 23:22:44 - INFO - >>> Model bottom_right-top_right-top_left-original trained. Accuracy: 0.7667 (8.37 sec.)
2025-06-20 23:22:44 - INFO - Training model: bottom_right-tda-top_left-original
2025-06-20 23:22:53 - INFO - Model bottom_right-tda-top_left-original completed in 8.34 seconds.
2025-06-20 23:22:53 - INFO - >>> Model bottom_right-tda-top_left-original trained. Accuracy: 0.7333 (8.34 sec.)
2025-06-20 23:22:53 - INFO - Training model: bottom_left-top_right-tda-bottom_right-original
2025-06-20 23:23:02 - INFO - Model bottom_left-top_right-tda-bottom_right-original completed in 9.41 seconds.
2025-06-20 23:23:02 - INFO - >>> Model bottom_left-top_right-tda-bottom_right-original trained. Accuracy: 0.7667 (9.41 sec.)
2025-06-20 23:23:02 - INFO - Training model: bottom_left-top_right-tda-original-top_left
2025-06-20 23:23:12 - INFO - Model bottom_left-top_right-tda-original-top_left completed in 10.23 seconds.
2025-06-20 23:23:12 - INFO - >>> Model bottom_left-top_right-tda-original-top_left trained. Accuracy: 0.8333 (10.23 sec.)
2025-06-20 23:23:13 - INFO - Training model: bottom_left-top_right-bottom_right-original-top_left
2025-06-20 23:23:23 - INFO - Model bottom_left-top_right-bottom_right-original-top_left completed in 10.48 seconds.
2025-06-20 23:23:23 - INFO - >>> Model bottom_left-top_right-bottom_right-original-top_left trained. Accuracy: 0.7000 (10.48 sec.)
2025-06-20 23:23:23 - INFO - Training model: bottom_left-tda-bottom_right-original-top_left
2025-06-20 23:23:33 - INFO - Model bottom_left-tda-bottom_right-original-top_left completed in 10.24 seconds.
2025-06-20 23:23:33 - INFO - >>> Model bottom_left-tda-bottom_right-original-top_left trained. Accuracy: 0.7667 (10.24 sec.)
2025-06-20 23:23:33 - INFO - Training model: top_right-tda-bottom_right-original-top_left
2025-06-20 23:23:44 - INFO - Model top_right-tda-bottom_right-original-top_left completed in 10.57 seconds.
2025-06-20 23:23:44 - INFO - >>> Model top_right-tda-bottom_right-original-top_left trained. Accuracy: 0.7667 (10.57 sec.)
2025-06-20 23:23:44 - INFO - Training model: bottom_left-top_right-tda-bottom_right-original-top_left
2025-06-20 23:23:56 - INFO - Model bottom_left-top_right-tda-bottom_right-original-top_left completed in 12.64 seconds.
2025-06-20 23:23:56 - INFO - >>> Model bottom_left-top_right-tda-bottom_right-original-top_left trained. Accuracy: 0.7667 (12.64 sec.)
2025-06-20 23:23:56 - INFO - All models trained successfully.
2025-06-20 23:23:56 - INFO - ========== [Model Training Completed] in 3.88 minutes ==========
2025-06-20 23:23:56 - INFO - ========== [Experiment Training Complete] ==========
2025-06-20 23:23:56 - INFO - Results saved to /home/jovyan/Workspace/workspace_mnist/results/exp_icecream_100samples/exp_icecream_100samples_2025-06-20_23-23-56.json
2025-06-20 23:23:56 - INFO - Results successfully saved to /home/jovyan/Workspace/workspace_mnist/results/exp_icecream_100samples/exp_icecream_100samples_2025-06-20_23-23-56.json
2025-06-20 23:23:56 - INFO - Forced Garbage collection executed to Free Memory.
2025-06-20 23:23:57 - INFO - ========== [Experiment Completed] in 3.92 minutes ==========
