2025-06-20 23:16:04 - INFO - Logging initialized.
 Writing to /home/jovyan/Workspace/workspace_mnist/logs/exp_icecream_100samples/experiment_logs_2025-06-20_23-16-04.log
2025-06-20 23:16:04 - INFO - ========== [Experiment Start] ==========
2025-06-20 23:16:04 - INFO - Views combinations successfully generated.
2025-06-20 23:16:04 - INFO - Topological Data Analysis pipeline generated.
2025-06-20 23:16:04 - INFO - Folder to save results has been created.
2025-06-20 23:16:04 - INFO - Reading dataset from mnist_784.csv (chunk size: 70000).
2025-06-20 23:16:05 - INFO - Starting multiview data preparation for a chunk of size (70000, 784)...
2025-06-20 23:16:05 - INFO - Running using 28 jobs.
2025-06-20 23:16:05 - INFO - Splitting data: 0.0% train / 30.0% test (random_state=616210890)
2025-06-20 23:16:05 - INFO - Using full training data without second split.
2025-06-20 23:16:05 - INFO - Data split complete. Train size: (70, 784), Test size: (30, 784)
2025-06-20 23:16:05 - INFO - Reshaping train and test data into square images...
2025-06-20 23:16:05 - INFO - Reshaping complete. Train images shape: (70, 28, 28), Test images shape: (30, 28, 28)
2025-06-20 23:16:05 - INFO - Splitting images into quadrant views...
2025-06-20 23:16:05 - INFO - Quadrant view splitting complete. Train views: 4, Test views: 4
2025-06-20 23:16:05 - INFO - Saving sample images for each view...
2025-06-20 23:16:05 - INFO - Sample views saved successfully.
2025-06-20 23:16:05 - INFO - Starting TDA pipeline transformation on train data...
2025-06-20 23:16:06 - INFO - TDA transformation for train completed (0.02 minutes).
2025-06-20 23:16:06 - INFO - Applying TDA pipeline transformation on test data...
2025-06-20 23:16:07 - INFO - TDA transformation for test completed (0.01 minutes).
2025-06-20 23:16:07 - INFO - ========== [Model Training Start] ==========
2025-06-20 23:16:07 - INFO - Training model: original
2025-06-20 23:16:07 - INFO - Model original completed in 0.22 seconds.
2025-06-20 23:16:07 - INFO - >>> Model original trained. Accuracy: 0.6667 (0.22 sec.)
2025-06-20 23:16:07 - INFO - Training model: bottom_left-original
2025-06-20 23:16:12 - INFO - Model bottom_left-original completed in 4.58 seconds.
2025-06-20 23:16:12 - INFO - >>> Model bottom_left-original trained. Accuracy: 0.4333 (4.58 sec.)
2025-06-20 23:16:12 - INFO - Training model: top_right-original
2025-06-20 23:16:16 - INFO - Model top_right-original completed in 4.20 seconds.
2025-06-20 23:16:16 - INFO - >>> Model top_right-original trained. Accuracy: 0.4000 (4.20 sec.)
2025-06-20 23:16:16 - INFO - Training model: tda-original
2025-06-20 23:16:21 - INFO - Model tda-original completed in 4.39 seconds.
2025-06-20 23:16:21 - INFO - >>> Model tda-original trained. Accuracy: 0.8000 (4.39 sec.)
2025-06-20 23:16:21 - INFO - Training model: bottom_right-original
2025-06-20 23:16:25 - INFO - Model bottom_right-original completed in 4.34 seconds.
2025-06-20 23:16:25 - INFO - >>> Model bottom_right-original trained. Accuracy: 0.6000 (4.34 sec.)
2025-06-20 23:16:25 - INFO - Training model: top_left-original
2025-06-20 23:16:29 - INFO - Model top_left-original completed in 4.34 seconds.
2025-06-20 23:16:29 - INFO - >>> Model top_left-original trained. Accuracy: 0.5000 (4.34 sec.)
2025-06-20 23:16:29 - INFO - Training model: bottom_left-top_right-original
2025-06-20 23:16:36 - INFO - Model bottom_left-top_right-original completed in 6.30 seconds.
2025-06-20 23:16:36 - INFO - >>> Model bottom_left-top_right-original trained. Accuracy: 0.5000 (6.30 sec.)
2025-06-20 23:16:36 - INFO - Training model: bottom_left-tda-original
2025-06-20 23:16:42 - INFO - Model bottom_left-tda-original completed in 6.43 seconds.
2025-06-20 23:16:42 - INFO - >>> Model bottom_left-tda-original trained. Accuracy: 0.8000 (6.43 sec.)
2025-06-20 23:16:42 - INFO - Training model: bottom_right-bottom_left-original
2025-06-20 23:16:48 - INFO - Model bottom_right-bottom_left-original completed in 6.18 seconds.
2025-06-20 23:16:48 - INFO - >>> Model bottom_right-bottom_left-original trained. Accuracy: 0.6667 (6.18 sec.)
2025-06-20 23:16:48 - INFO - Training model: bottom_left-top_left-original
2025-06-20 23:16:54 - INFO - Model bottom_left-top_left-original completed in 6.23 seconds.
2025-06-20 23:16:54 - INFO - >>> Model bottom_left-top_left-original trained. Accuracy: 0.5333 (6.23 sec.)
2025-06-20 23:16:54 - INFO - Training model: top_right-tda-original
2025-06-20 23:17:01 - INFO - Model top_right-tda-original completed in 6.59 seconds.
2025-06-20 23:17:01 - INFO - >>> Model top_right-tda-original trained. Accuracy: 0.7667 (6.59 sec.)
2025-06-20 23:17:01 - INFO - Training model: bottom_right-top_right-original
2025-06-20 23:17:07 - INFO - Model bottom_right-top_right-original completed in 6.19 seconds.
2025-06-20 23:17:07 - INFO - >>> Model bottom_right-top_right-original trained. Accuracy: 0.5000 (6.19 sec.)
2025-06-20 23:17:07 - INFO - Training model: top_right-top_left-original
2025-06-20 23:17:14 - INFO - Model top_right-top_left-original completed in 6.57 seconds.
2025-06-20 23:17:14 - INFO - >>> Model top_right-top_left-original trained. Accuracy: 0.5333 (6.57 sec.)
2025-06-20 23:17:14 - INFO - Training model: bottom_right-tda-original
2025-06-20 23:17:20 - INFO - Model bottom_right-tda-original completed in 6.32 seconds.
2025-06-20 23:17:20 - INFO - >>> Model bottom_right-tda-original trained. Accuracy: 0.8000 (6.32 sec.)
2025-06-20 23:17:20 - INFO - Training model: tda-top_left-original
2025-06-20 23:17:27 - INFO - Model tda-top_left-original completed in 6.69 seconds.
2025-06-20 23:17:27 - INFO - >>> Model tda-top_left-original trained. Accuracy: 0.7333 (6.69 sec.)
2025-06-20 23:17:27 - INFO - Training model: bottom_right-top_left-original
2025-06-20 23:17:33 - INFO - Model bottom_right-top_left-original completed in 6.42 seconds.
2025-06-20 23:17:33 - INFO - >>> Model bottom_right-top_left-original trained. Accuracy: 0.6333 (6.42 sec.)
2025-06-20 23:17:33 - INFO - Training model: bottom_left-top_right-tda-original
2025-06-20 23:17:41 - INFO - Model bottom_left-top_right-tda-original completed in 8.16 seconds.
2025-06-20 23:17:41 - INFO - >>> Model bottom_left-top_right-tda-original trained. Accuracy: 0.8000 (8.16 sec.)
2025-06-20 23:17:41 - INFO - Training model: bottom_right-bottom_left-top_right-original
2025-06-20 23:17:50 - INFO - Model bottom_right-bottom_left-top_right-original completed in 8.45 seconds.
2025-06-20 23:17:50 - INFO - >>> Model bottom_right-bottom_left-top_right-original trained. Accuracy: 0.6333 (8.45 sec.)
2025-06-20 23:17:50 - INFO - Training model: bottom_left-top_right-top_left-original
2025-06-20 23:17:58 - INFO - Model bottom_left-top_right-top_left-original completed in 8.22 seconds.
2025-06-20 23:17:58 - INFO - >>> Model bottom_left-top_right-top_left-original trained. Accuracy: 0.6000 (8.22 sec.)
2025-06-20 23:17:58 - INFO - Training model: bottom_right-bottom_left-tda-original
2025-06-20 23:18:06 - INFO - Model bottom_right-bottom_left-tda-original completed in 8.39 seconds.
2025-06-20 23:18:06 - INFO - >>> Model bottom_right-bottom_left-tda-original trained. Accuracy: 0.7667 (8.39 sec.)
2025-06-20 23:18:06 - INFO - Training model: bottom_left-tda-top_left-original
2025-06-20 23:18:15 - INFO - Model bottom_left-tda-top_left-original completed in 8.82 seconds.
2025-06-20 23:18:15 - INFO - >>> Model bottom_left-tda-top_left-original trained. Accuracy: 0.8333 (8.82 sec.)
2025-06-20 23:18:15 - INFO - Training model: bottom_right-bottom_left-top_left-original
2025-06-20 23:18:23 - INFO - Model bottom_right-bottom_left-top_left-original completed in 7.70 seconds.
2025-06-20 23:18:23 - INFO - >>> Model bottom_right-bottom_left-top_left-original trained. Accuracy: 0.6333 (7.70 sec.)
2025-06-20 23:18:23 - INFO - Training model: bottom_right-top_right-tda-original
2025-06-20 23:18:31 - INFO - Model bottom_right-top_right-tda-original completed in 8.21 seconds.
2025-06-20 23:18:31 - INFO - >>> Model bottom_right-top_right-tda-original trained. Accuracy: 0.7667 (8.21 sec.)
2025-06-20 23:18:31 - INFO - Training model: top_right-tda-top_left-original
2025-06-20 23:18:40 - INFO - Model top_right-tda-top_left-original completed in 8.50 seconds.
2025-06-20 23:18:40 - INFO - >>> Model top_right-tda-top_left-original trained. Accuracy: 0.7000 (8.50 sec.)
2025-06-20 23:18:40 - INFO - Training model: bottom_right-top_right-top_left-original
2025-06-20 23:18:48 - INFO - Model bottom_right-top_right-top_left-original completed in 8.57 seconds.
2025-06-20 23:18:48 - INFO - >>> Model bottom_right-top_right-top_left-original trained. Accuracy: 0.5667 (8.57 sec.)
2025-06-20 23:18:48 - INFO - Training model: bottom_right-tda-top_left-original
2025-06-20 23:18:57 - INFO - Model bottom_right-tda-top_left-original completed in 8.52 seconds.
2025-06-20 23:18:57 - INFO - >>> Model bottom_right-tda-top_left-original trained. Accuracy: 0.8333 (8.52 sec.)
2025-06-20 23:18:57 - INFO - Training model: bottom_left-top_right-tda-bottom_right-original
2025-06-20 23:19:07 - INFO - Model bottom_left-top_right-tda-bottom_right-original completed in 10.22 seconds.
2025-06-20 23:19:07 - INFO - >>> Model bottom_left-top_right-tda-bottom_right-original trained. Accuracy: 0.8000 (10.22 sec.)
2025-06-20 23:19:07 - INFO - Training model: bottom_left-top_right-tda-original-top_left
2025-06-20 23:19:18 - INFO - Model bottom_left-top_right-tda-original-top_left completed in 10.49 seconds.
2025-06-20 23:19:18 - INFO - >>> Model bottom_left-top_right-tda-original-top_left trained. Accuracy: 0.8000 (10.49 sec.)
2025-06-20 23:19:18 - INFO - Training model: bottom_left-top_right-bottom_right-original-top_left
2025-06-20 23:19:28 - INFO - Model bottom_left-top_right-bottom_right-original-top_left completed in 10.75 seconds.
2025-06-20 23:19:28 - INFO - >>> Model bottom_left-top_right-bottom_right-original-top_left trained. Accuracy: 0.5667 (10.75 sec.)
2025-06-20 23:19:28 - INFO - Training model: bottom_left-tda-bottom_right-original-top_left
2025-06-20 23:19:38 - INFO - Model bottom_left-tda-bottom_right-original-top_left completed in 10.07 seconds.
2025-06-20 23:19:38 - INFO - >>> Model bottom_left-tda-bottom_right-original-top_left trained. Accuracy: 0.8333 (10.07 sec.)
2025-06-20 23:19:38 - INFO - Training model: top_right-tda-bottom_right-original-top_left
2025-06-20 23:19:49 - INFO - Model top_right-tda-bottom_right-original-top_left completed in 10.23 seconds.
2025-06-20 23:19:49 - INFO - >>> Model top_right-tda-bottom_right-original-top_left trained. Accuracy: 0.7667 (10.23 sec.)
2025-06-20 23:19:49 - INFO - Training model: bottom_left-top_right-tda-bottom_right-original-top_left
2025-06-20 23:20:01 - INFO - Model bottom_left-top_right-tda-bottom_right-original-top_left completed in 12.80 seconds.
2025-06-20 23:20:01 - INFO - >>> Model bottom_left-top_right-tda-bottom_right-original-top_left trained. Accuracy: 0.8000 (12.80 sec.)
2025-06-20 23:20:01 - INFO - All models trained successfully.
2025-06-20 23:20:01 - INFO - ========== [Model Training Completed] in 3.91 minutes ==========
2025-06-20 23:20:01 - INFO - ========== [Experiment Training Complete] ==========
2025-06-20 23:20:01 - INFO - Results saved to /home/jovyan/Workspace/workspace_mnist/results/exp_icecream_100samples/exp_icecream_100samples_2025-06-20_23-20-01.json
2025-06-20 23:20:01 - INFO - Results successfully saved to /home/jovyan/Workspace/workspace_mnist/results/exp_icecream_100samples/exp_icecream_100samples_2025-06-20_23-20-01.json
2025-06-20 23:20:01 - INFO - Forced Garbage collection executed to Free Memory.
2025-06-20 23:20:02 - INFO - ========== [Experiment Completed] in 3.96 minutes ==========
