2025-06-20 23:31:50 - INFO - Logging initialized.
 Writing to /home/jovyan/Workspace/workspace_mnist/logs/exp_icecream_100samples/experiment_logs_2025-06-20_23-31-50.log
2025-06-20 23:31:50 - INFO - ========== [Experiment Start] ==========
2025-06-20 23:31:50 - INFO - Views combinations successfully generated.
2025-06-20 23:31:50 - INFO - Topological Data Analysis pipeline generated.
2025-06-20 23:31:50 - INFO - Folder to save results has been created.
2025-06-20 23:31:50 - INFO - Reading dataset from mnist_784.csv (chunk size: 70000).
2025-06-20 23:31:51 - INFO - Starting multiview data preparation for a chunk of size (70000, 784)...
2025-06-20 23:31:51 - INFO - Running using 28 jobs.
2025-06-20 23:31:51 - INFO - Splitting data: 0.0% train / 30.0% test (random_state=615060020)
2025-06-20 23:31:51 - INFO - Using full training data without second split.
2025-06-20 23:31:51 - INFO - Data split complete. Train size: (70, 784), Test size: (30, 784)
2025-06-20 23:31:51 - INFO - Reshaping train and test data into square images...
2025-06-20 23:31:51 - INFO - Reshaping complete. Train images shape: (70, 28, 28), Test images shape: (30, 28, 28)
2025-06-20 23:31:51 - INFO - Splitting images into quadrant views...
2025-06-20 23:31:51 - INFO - Quadrant view splitting complete. Train views: 4, Test views: 4
2025-06-20 23:31:51 - INFO - Saving sample images for each view...
2025-06-20 23:31:51 - INFO - Sample views saved successfully.
2025-06-20 23:31:51 - INFO - Starting TDA pipeline transformation on train data...
2025-06-20 23:31:52 - INFO - TDA transformation for train completed (0.01 minutes).
2025-06-20 23:31:52 - INFO - Applying TDA pipeline transformation on test data...
2025-06-20 23:31:52 - INFO - TDA transformation for test completed (0.01 minutes).
2025-06-20 23:31:52 - INFO - ========== [Model Training Start] ==========
2025-06-20 23:31:52 - INFO - Training model: original
2025-06-20 23:31:53 - INFO - Model original completed in 0.33 seconds.
2025-06-20 23:31:53 - INFO - >>> Model original trained. Accuracy: 0.5667 (0.33 sec.)
2025-06-20 23:31:53 - INFO - Training model: bottom_left-original
2025-06-20 23:31:57 - INFO - Model bottom_left-original completed in 4.37 seconds.
2025-06-20 23:31:57 - INFO - >>> Model bottom_left-original trained. Accuracy: 0.5667 (4.37 sec.)
2025-06-20 23:31:57 - INFO - Training model: top_right-original
2025-06-20 23:32:01 - INFO - Model top_right-original completed in 4.28 seconds.
2025-06-20 23:32:01 - INFO - >>> Model top_right-original trained. Accuracy: 0.5333 (4.28 sec.)
2025-06-20 23:32:01 - INFO - Training model: tda-original
2025-06-20 23:32:06 - INFO - Model tda-original completed in 4.68 seconds.
2025-06-20 23:32:06 - INFO - >>> Model tda-original trained. Accuracy: 0.8333 (4.68 sec.)
2025-06-20 23:32:06 - INFO - Training model: bottom_right-original
2025-06-20 23:32:10 - INFO - Model bottom_right-original completed in 4.46 seconds.
2025-06-20 23:32:10 - INFO - >>> Model bottom_right-original trained. Accuracy: 0.5000 (4.46 sec.)
2025-06-20 23:32:10 - INFO - Training model: top_left-original
2025-06-20 23:32:15 - INFO - Model top_left-original completed in 4.39 seconds.
2025-06-20 23:32:15 - INFO - >>> Model top_left-original trained. Accuracy: 0.5667 (4.39 sec.)
2025-06-20 23:32:15 - INFO - Training model: bottom_left-top_right-original
2025-06-20 23:32:21 - INFO - Model bottom_left-top_right-original completed in 6.46 seconds.
2025-06-20 23:32:21 - INFO - >>> Model bottom_left-top_right-original trained. Accuracy: 0.6333 (6.46 sec.)
2025-06-20 23:32:21 - INFO - Training model: bottom_left-tda-original
2025-06-20 23:32:27 - INFO - Model bottom_left-tda-original completed in 6.25 seconds.
2025-06-20 23:32:27 - INFO - >>> Model bottom_left-tda-original trained. Accuracy: 0.7667 (6.25 sec.)
2025-06-20 23:32:27 - INFO - Training model: bottom_right-bottom_left-original
2025-06-20 23:32:34 - INFO - Model bottom_right-bottom_left-original completed in 6.43 seconds.
2025-06-20 23:32:34 - INFO - >>> Model bottom_right-bottom_left-original trained. Accuracy: 0.5333 (6.43 sec.)
2025-06-20 23:32:34 - INFO - Training model: bottom_left-top_left-original
2025-06-20 23:32:40 - INFO - Model bottom_left-top_left-original completed in 6.35 seconds.
2025-06-20 23:32:40 - INFO - >>> Model bottom_left-top_left-original trained. Accuracy: 0.6000 (6.35 sec.)
2025-06-20 23:32:40 - INFO - Training model: top_right-tda-original
2025-06-20 23:32:47 - INFO - Model top_right-tda-original completed in 6.66 seconds.
2025-06-20 23:32:47 - INFO - >>> Model top_right-tda-original trained. Accuracy: 0.8333 (6.66 sec.)
2025-06-20 23:32:47 - INFO - Training model: bottom_right-top_right-original
2025-06-20 23:32:53 - INFO - Model bottom_right-top_right-original completed in 6.26 seconds.
2025-06-20 23:32:53 - INFO - >>> Model bottom_right-top_right-original trained. Accuracy: 0.6667 (6.26 sec.)
2025-06-20 23:32:53 - INFO - Training model: top_right-top_left-original
2025-06-20 23:33:00 - INFO - Model top_right-top_left-original completed in 6.38 seconds.
2025-06-20 23:33:00 - INFO - >>> Model top_right-top_left-original trained. Accuracy: 0.6667 (6.38 sec.)
2025-06-20 23:33:00 - INFO - Training model: bottom_right-tda-original
2025-06-20 23:33:06 - INFO - Model bottom_right-tda-original completed in 6.39 seconds.
2025-06-20 23:33:06 - INFO - >>> Model bottom_right-tda-original trained. Accuracy: 0.9000 (6.39 sec.)
2025-06-20 23:33:06 - INFO - Training model: tda-top_left-original
2025-06-20 23:33:12 - INFO - Model tda-top_left-original completed in 6.44 seconds.
2025-06-20 23:33:12 - INFO - >>> Model tda-top_left-original trained. Accuracy: 0.9000 (6.44 sec.)
2025-06-20 23:33:12 - INFO - Training model: bottom_right-top_left-original
2025-06-20 23:33:18 - INFO - Model bottom_right-top_left-original completed in 6.00 seconds.
2025-06-20 23:33:18 - INFO - >>> Model bottom_right-top_left-original trained. Accuracy: 0.5667 (6.00 sec.)
2025-06-20 23:33:18 - INFO - Training model: bottom_left-top_right-tda-original
2025-06-20 23:33:27 - INFO - Model bottom_left-top_right-tda-original completed in 8.49 seconds.
2025-06-20 23:33:27 - INFO - >>> Model bottom_left-top_right-tda-original trained. Accuracy: 0.8000 (8.49 sec.)
2025-06-20 23:33:27 - INFO - Training model: bottom_right-bottom_left-top_right-original
2025-06-20 23:33:35 - INFO - Model bottom_right-bottom_left-top_right-original completed in 8.25 seconds.
2025-06-20 23:33:35 - INFO - >>> Model bottom_right-bottom_left-top_right-original trained. Accuracy: 0.6667 (8.25 sec.)
2025-06-20 23:33:35 - INFO - Training model: bottom_left-top_right-top_left-original
2025-06-20 23:33:44 - INFO - Model bottom_left-top_right-top_left-original completed in 8.48 seconds.
2025-06-20 23:33:44 - INFO - >>> Model bottom_left-top_right-top_left-original trained. Accuracy: 0.6333 (8.48 sec.)
2025-06-20 23:33:44 - INFO - Training model: bottom_right-bottom_left-tda-original
2025-06-20 23:33:52 - INFO - Model bottom_right-bottom_left-tda-original completed in 8.38 seconds.
2025-06-20 23:33:52 - INFO - >>> Model bottom_right-bottom_left-tda-original trained. Accuracy: 0.8333 (8.38 sec.)
2025-06-20 23:33:52 - INFO - Training model: bottom_left-tda-top_left-original
2025-06-20 23:34:01 - INFO - Model bottom_left-tda-top_left-original completed in 8.55 seconds.
2025-06-20 23:34:01 - INFO - >>> Model bottom_left-tda-top_left-original trained. Accuracy: 0.8000 (8.55 sec.)
2025-06-20 23:34:01 - INFO - Training model: bottom_right-bottom_left-top_left-original
2025-06-20 23:34:09 - INFO - Model bottom_right-bottom_left-top_left-original completed in 8.37 seconds.
2025-06-20 23:34:09 - INFO - >>> Model bottom_right-bottom_left-top_left-original trained. Accuracy: 0.6667 (8.37 sec.)
2025-06-20 23:34:09 - INFO - Training model: bottom_right-top_right-tda-original
2025-06-20 23:34:17 - INFO - Model bottom_right-top_right-tda-original completed in 7.57 seconds.
2025-06-20 23:34:17 - INFO - >>> Model bottom_right-top_right-tda-original trained. Accuracy: 0.8667 (7.57 sec.)
2025-06-20 23:34:17 - INFO - Training model: top_right-tda-top_left-original
2025-06-20 23:34:25 - INFO - Model top_right-tda-top_left-original completed in 8.31 seconds.
2025-06-20 23:34:25 - INFO - >>> Model top_right-tda-top_left-original trained. Accuracy: 0.8333 (8.31 sec.)
2025-06-20 23:34:25 - INFO - Training model: bottom_right-top_right-top_left-original
2025-06-20 23:34:33 - INFO - Model bottom_right-top_right-top_left-original completed in 8.50 seconds.
2025-06-20 23:34:33 - INFO - >>> Model bottom_right-top_right-top_left-original trained. Accuracy: 0.6000 (8.50 sec.)
2025-06-20 23:34:33 - INFO - Training model: bottom_right-tda-top_left-original
2025-06-20 23:34:42 - INFO - Model bottom_right-tda-top_left-original completed in 8.51 seconds.
2025-06-20 23:34:42 - INFO - >>> Model bottom_right-tda-top_left-original trained. Accuracy: 0.8333 (8.51 sec.)
2025-06-20 23:34:42 - INFO - Training model: bottom_left-top_right-tda-bottom_right-original
2025-06-20 23:34:52 - INFO - Model bottom_left-top_right-tda-bottom_right-original completed in 10.43 seconds.
2025-06-20 23:34:52 - INFO - >>> Model bottom_left-top_right-tda-bottom_right-original trained. Accuracy: 0.8667 (10.43 sec.)
2025-06-20 23:34:52 - INFO - Training model: bottom_left-top_right-tda-original-top_left
2025-06-20 23:35:03 - INFO - Model bottom_left-top_right-tda-original-top_left completed in 10.50 seconds.
2025-06-20 23:35:03 - INFO - >>> Model bottom_left-top_right-tda-original-top_left trained. Accuracy: 0.8000 (10.50 sec.)
2025-06-20 23:35:03 - INFO - Training model: bottom_left-top_right-bottom_right-original-top_left
2025-06-20 23:35:13 - INFO - Model bottom_left-top_right-bottom_right-original-top_left completed in 10.31 seconds.
2025-06-20 23:35:13 - INFO - >>> Model bottom_left-top_right-bottom_right-original-top_left trained. Accuracy: 0.6667 (10.31 sec.)
2025-06-20 23:35:13 - INFO - Training model: bottom_left-tda-bottom_right-original-top_left
2025-06-20 23:35:23 - INFO - Model bottom_left-tda-bottom_right-original-top_left completed in 10.03 seconds.
2025-06-20 23:35:23 - INFO - >>> Model bottom_left-tda-bottom_right-original-top_left trained. Accuracy: 0.8667 (10.03 sec.)
2025-06-20 23:35:23 - INFO - Training model: top_right-tda-bottom_right-original-top_left
2025-06-20 23:35:34 - INFO - Model top_right-tda-bottom_right-original-top_left completed in 10.28 seconds.
2025-06-20 23:35:34 - INFO - >>> Model top_right-tda-bottom_right-original-top_left trained. Accuracy: 0.8333 (10.28 sec.)
2025-06-20 23:35:34 - INFO - Training model: bottom_left-top_right-tda-bottom_right-original-top_left
2025-06-20 23:35:46 - INFO - Model bottom_left-top_right-tda-bottom_right-original-top_left completed in 12.63 seconds.
2025-06-20 23:35:46 - INFO - >>> Model bottom_left-top_right-tda-bottom_right-original-top_left trained. Accuracy: 0.8667 (12.63 sec.)
2025-06-20 23:35:46 - INFO - All models trained successfully.
2025-06-20 23:35:46 - INFO - ========== [Model Training Completed] in 3.90 minutes ==========
2025-06-20 23:35:46 - INFO - ========== [Experiment Training Complete] ==========
2025-06-20 23:35:46 - INFO - Results saved to /home/jovyan/Workspace/workspace_mnist/results/exp_icecream_100samples/exp_icecream_100samples_2025-06-20_23-35-46.json
2025-06-20 23:35:46 - INFO - Results successfully saved to /home/jovyan/Workspace/workspace_mnist/results/exp_icecream_100samples/exp_icecream_100samples_2025-06-20_23-35-46.json
2025-06-20 23:35:46 - INFO - Forced Garbage collection executed to Free Memory.
2025-06-20 23:35:46 - INFO - ========== [Experiment Completed] in 3.94 minutes ==========
