2025-06-21 00:26:46 - INFO - Logging initialized.
 Writing to /home/jovyan/Workspace/workspace_mnist/logs/exp_icecream_100samples/experiment_logs_2025-06-21_00-26-46.log
2025-06-21 00:26:46 - INFO - ========== [Experiment Start] ==========
2025-06-21 00:26:46 - INFO - Views combinations successfully generated.
2025-06-21 00:26:46 - INFO - Topological Data Analysis pipeline generated.
2025-06-21 00:26:46 - INFO - Folder to save results has been created.
2025-06-21 00:26:46 - INFO - Reading dataset from mnist_784.csv (chunk size: 70000).
2025-06-21 00:26:47 - INFO - Starting multiview data preparation for a chunk of size (70000, 784)...
2025-06-21 00:26:47 - INFO - Running using 28 jobs.
2025-06-21 00:26:47 - INFO - Splitting data: 0.0% train / 30.0% test (random_state=264958721)
2025-06-21 00:26:47 - INFO - Using full training data without second split.
2025-06-21 00:26:47 - INFO - Data split complete. Train size: (70, 784), Test size: (30, 784)
2025-06-21 00:26:47 - INFO - Reshaping train and test data into square images...
2025-06-21 00:26:47 - INFO - Reshaping complete. Train images shape: (70, 28, 28), Test images shape: (30, 28, 28)
2025-06-21 00:26:47 - INFO - Splitting images into quadrant views...
2025-06-21 00:26:47 - INFO - Quadrant view splitting complete. Train views: 4, Test views: 4
2025-06-21 00:26:47 - INFO - Saving sample images for each view...
2025-06-21 00:26:47 - INFO - Sample views saved successfully.
2025-06-21 00:26:47 - INFO - Starting TDA pipeline transformation on train data...
2025-06-21 00:26:48 - INFO - TDA transformation for train completed (0.01 minutes).
2025-06-21 00:26:48 - INFO - Applying TDA pipeline transformation on test data...
2025-06-21 00:26:49 - INFO - TDA transformation for test completed (0.01 minutes).
2025-06-21 00:26:49 - INFO - ========== [Model Training Start] ==========
2025-06-21 00:26:49 - INFO - Training model: original
2025-06-21 00:26:49 - INFO - Model original completed in 0.30 seconds.
2025-06-21 00:26:49 - INFO - >>> Model original trained. Accuracy: 0.6333 (0.30 sec.)
2025-06-21 00:26:49 - INFO - Training model: bottom_left-original
2025-06-21 00:26:53 - INFO - Model bottom_left-original completed in 4.22 seconds.
2025-06-21 00:26:53 - INFO - >>> Model bottom_left-original trained. Accuracy: 0.4333 (4.22 sec.)
2025-06-21 00:26:53 - INFO - Training model: top_right-original
2025-06-21 00:26:58 - INFO - Model top_right-original completed in 4.54 seconds.
2025-06-21 00:26:58 - INFO - >>> Model top_right-original trained. Accuracy: 0.6667 (4.54 sec.)
2025-06-21 00:26:58 - INFO - Training model: tda-original
2025-06-21 00:27:02 - INFO - Model tda-original completed in 4.48 seconds.
2025-06-21 00:27:02 - INFO - >>> Model tda-original trained. Accuracy: 0.7000 (4.48 sec.)
2025-06-21 00:27:02 - INFO - Training model: bottom_right-original
2025-06-21 00:27:06 - INFO - Model bottom_right-original completed in 4.02 seconds.
2025-06-21 00:27:06 - INFO - >>> Model bottom_right-original trained. Accuracy: 0.3667 (4.02 sec.)
2025-06-21 00:27:06 - INFO - Training model: top_left-original
2025-06-21 00:27:11 - INFO - Model top_left-original completed in 4.16 seconds.
2025-06-21 00:27:11 - INFO - >>> Model top_left-original trained. Accuracy: 0.5333 (4.16 sec.)
2025-06-21 00:27:11 - INFO - Training model: bottom_left-top_right-original
2025-06-21 00:27:17 - INFO - Model bottom_left-top_right-original completed in 6.48 seconds.
2025-06-21 00:27:17 - INFO - >>> Model bottom_left-top_right-original trained. Accuracy: 0.4667 (6.48 sec.)
2025-06-21 00:27:17 - INFO - Training model: bottom_left-tda-original
2025-06-21 00:27:23 - INFO - Model bottom_left-tda-original completed in 6.11 seconds.
2025-06-21 00:27:23 - INFO - >>> Model bottom_left-tda-original trained. Accuracy: 0.7000 (6.11 sec.)
2025-06-21 00:27:23 - INFO - Training model: bottom_right-bottom_left-original
2025-06-21 00:27:29 - INFO - Model bottom_right-bottom_left-original completed in 6.32 seconds.
2025-06-21 00:27:29 - INFO - >>> Model bottom_right-bottom_left-original trained. Accuracy: 0.3333 (6.32 sec.)
2025-06-21 00:27:29 - INFO - Training model: bottom_left-top_left-original
2025-06-21 00:27:36 - INFO - Model bottom_left-top_left-original completed in 6.48 seconds.
2025-06-21 00:27:36 - INFO - >>> Model bottom_left-top_left-original trained. Accuracy: 0.5333 (6.48 sec.)
2025-06-21 00:27:36 - INFO - Training model: top_right-tda-original
2025-06-21 00:27:43 - INFO - Model top_right-tda-original completed in 6.72 seconds.
2025-06-21 00:27:43 - INFO - >>> Model top_right-tda-original trained. Accuracy: 0.6667 (6.72 sec.)
2025-06-21 00:27:43 - INFO - Training model: bottom_right-top_right-original
2025-06-21 00:27:49 - INFO - Model bottom_right-top_right-original completed in 6.44 seconds.
2025-06-21 00:27:49 - INFO - >>> Model bottom_right-top_right-original trained. Accuracy: 0.5667 (6.44 sec.)
2025-06-21 00:27:49 - INFO - Training model: top_right-top_left-original
2025-06-21 00:27:55 - INFO - Model top_right-top_left-original completed in 6.29 seconds.
2025-06-21 00:27:55 - INFO - >>> Model top_right-top_left-original trained. Accuracy: 0.6333 (6.29 sec.)
2025-06-21 00:27:55 - INFO - Training model: bottom_right-tda-original
2025-06-21 00:28:02 - INFO - Model bottom_right-tda-original completed in 6.51 seconds.
2025-06-21 00:28:02 - INFO - >>> Model bottom_right-tda-original trained. Accuracy: 0.6333 (6.51 sec.)
2025-06-21 00:28:02 - INFO - Training model: tda-top_left-original
2025-06-21 00:28:08 - INFO - Model tda-top_left-original completed in 6.24 seconds.
2025-06-21 00:28:08 - INFO - >>> Model tda-top_left-original trained. Accuracy: 0.7333 (6.24 sec.)
2025-06-21 00:28:08 - INFO - Training model: bottom_right-top_left-original
2025-06-21 00:28:15 - INFO - Model bottom_right-top_left-original completed in 6.53 seconds.
2025-06-21 00:28:15 - INFO - >>> Model bottom_right-top_left-original trained. Accuracy: 0.5000 (6.53 sec.)
2025-06-21 00:28:15 - INFO - Training model: bottom_left-top_right-tda-original
2025-06-21 00:28:23 - INFO - Model bottom_left-top_right-tda-original completed in 8.39 seconds.
2025-06-21 00:28:23 - INFO - >>> Model bottom_left-top_right-tda-original trained. Accuracy: 0.6667 (8.39 sec.)
2025-06-21 00:28:23 - INFO - Training model: bottom_right-bottom_left-top_right-original
2025-06-21 00:28:31 - INFO - Model bottom_right-bottom_left-top_right-original completed in 8.00 seconds.
2025-06-21 00:28:31 - INFO - >>> Model bottom_right-bottom_left-top_right-original trained. Accuracy: 0.5000 (8.00 sec.)
2025-06-21 00:28:31 - INFO - Training model: bottom_left-top_right-top_left-original
2025-06-21 00:28:40 - INFO - Model bottom_left-top_right-top_left-original completed in 8.47 seconds.
2025-06-21 00:28:40 - INFO - >>> Model bottom_left-top_right-top_left-original trained. Accuracy: 0.5333 (8.47 sec.)
2025-06-21 00:28:40 - INFO - Training model: bottom_right-bottom_left-tda-original
2025-06-21 00:28:48 - INFO - Model bottom_right-bottom_left-tda-original completed in 8.10 seconds.
2025-06-21 00:28:48 - INFO - >>> Model bottom_right-bottom_left-tda-original trained. Accuracy: 0.7333 (8.10 sec.)
2025-06-21 00:28:48 - INFO - Training model: bottom_left-tda-top_left-original
2025-06-21 00:28:56 - INFO - Model bottom_left-tda-top_left-original completed in 8.29 seconds.
2025-06-21 00:28:56 - INFO - >>> Model bottom_left-tda-top_left-original trained. Accuracy: 0.7333 (8.29 sec.)
2025-06-21 00:28:56 - INFO - Training model: bottom_right-bottom_left-top_left-original
2025-06-21 00:29:05 - INFO - Model bottom_right-bottom_left-top_left-original completed in 8.58 seconds.
2025-06-21 00:29:05 - INFO - >>> Model bottom_right-bottom_left-top_left-original trained. Accuracy: 0.5333 (8.58 sec.)
2025-06-21 00:29:05 - INFO - Training model: bottom_right-top_right-tda-original
2025-06-21 00:29:13 - INFO - Model bottom_right-top_right-tda-original completed in 8.17 seconds.
2025-06-21 00:29:13 - INFO - >>> Model bottom_right-top_right-tda-original trained. Accuracy: 0.6333 (8.17 sec.)
2025-06-21 00:29:13 - INFO - Training model: top_right-tda-top_left-original
2025-06-21 00:29:21 - INFO - Model top_right-tda-top_left-original completed in 8.32 seconds.
2025-06-21 00:29:21 - INFO - >>> Model top_right-tda-top_left-original trained. Accuracy: 0.7667 (8.32 sec.)
2025-06-21 00:29:21 - INFO - Training model: bottom_right-top_right-top_left-original
2025-06-21 00:29:30 - INFO - Model bottom_right-top_right-top_left-original completed in 8.56 seconds.
2025-06-21 00:29:30 - INFO - >>> Model bottom_right-top_right-top_left-original trained. Accuracy: 0.6000 (8.56 sec.)
2025-06-21 00:29:30 - INFO - Training model: bottom_right-tda-top_left-original
2025-06-21 00:29:38 - INFO - Model bottom_right-tda-top_left-original completed in 8.41 seconds.
2025-06-21 00:29:38 - INFO - >>> Model bottom_right-tda-top_left-original trained. Accuracy: 0.7333 (8.41 sec.)
2025-06-21 00:29:38 - INFO - Training model: bottom_left-top_right-tda-bottom_right-original
2025-06-21 00:29:49 - INFO - Model bottom_left-top_right-tda-bottom_right-original completed in 10.49 seconds.
2025-06-21 00:29:49 - INFO - >>> Model bottom_left-top_right-tda-bottom_right-original trained. Accuracy: 0.6333 (10.49 sec.)
2025-06-21 00:29:49 - INFO - Training model: bottom_left-top_right-tda-original-top_left
2025-06-21 00:29:59 - INFO - Model bottom_left-top_right-tda-original-top_left completed in 10.67 seconds.
2025-06-21 00:29:59 - INFO - >>> Model bottom_left-top_right-tda-original-top_left trained. Accuracy: 0.6667 (10.67 sec.)
2025-06-21 00:29:59 - INFO - Training model: bottom_left-top_right-bottom_right-original-top_left
2025-06-21 00:30:10 - INFO - Model bottom_left-top_right-bottom_right-original-top_left completed in 10.64 seconds.
2025-06-21 00:30:10 - INFO - >>> Model bottom_left-top_right-bottom_right-original-top_left trained. Accuracy: 0.5333 (10.64 sec.)
2025-06-21 00:30:10 - INFO - Training model: bottom_left-tda-bottom_right-original-top_left
2025-06-21 00:30:20 - INFO - Model bottom_left-tda-bottom_right-original-top_left completed in 9.79 seconds.
2025-06-21 00:30:20 - INFO - >>> Model bottom_left-tda-bottom_right-original-top_left trained. Accuracy: 0.7667 (9.79 sec.)
2025-06-21 00:30:20 - INFO - Training model: top_right-tda-bottom_right-original-top_left
2025-06-21 00:30:30 - INFO - Model top_right-tda-bottom_right-original-top_left completed in 10.39 seconds.
2025-06-21 00:30:30 - INFO - >>> Model top_right-tda-bottom_right-original-top_left trained. Accuracy: 0.7667 (10.39 sec.)
2025-06-21 00:30:30 - INFO - Training model: bottom_left-top_right-tda-bottom_right-original-top_left
2025-06-21 00:30:43 - INFO - Model bottom_left-top_right-tda-bottom_right-original-top_left completed in 12.52 seconds.
2025-06-21 00:30:43 - INFO - >>> Model bottom_left-top_right-tda-bottom_right-original-top_left trained. Accuracy: 0.7000 (12.52 sec.)
2025-06-21 00:30:43 - INFO - All models trained successfully.
2025-06-21 00:30:43 - INFO - ========== [Model Training Completed] in 3.90 minutes ==========
2025-06-21 00:30:43 - INFO - ========== [Experiment Training Complete] ==========
2025-06-21 00:30:43 - INFO - Results saved to /home/jovyan/Workspace/workspace_mnist/results/exp_icecream_100samples/exp_icecream_100samples_2025-06-21_00-30-43.json
2025-06-21 00:30:43 - INFO - Results successfully saved to /home/jovyan/Workspace/workspace_mnist/results/exp_icecream_100samples/exp_icecream_100samples_2025-06-21_00-30-43.json
2025-06-21 00:30:43 - INFO - Forced Garbage collection executed to Free Memory.
2025-06-21 00:30:43 - INFO - ========== [Experiment Completed] in 3.94 minutes ==========
