2025-07-11 16:36:25 - INFO - Logging initialized.
 Writing to /home/jovyan/Workspace/workspace_mnist/logs/exp_icecream_noise_saltpepper_10perc_pt3/experiment_logs_2025-07-11_16-36-25.log
2025-07-11 16:36:25 - INFO - ========== [Experiment Start] ==========
2025-07-11 16:36:25 - INFO - Views combinations successfully generated.
2025-07-11 16:36:25 - INFO - Topological Data Analysis pipeline generated.
2025-07-11 16:36:25 - INFO - Folder to save results has been created.
2025-07-11 16:36:25 - INFO - Reading dataset from mnist_784.csv (chunk size: 70000).
2025-07-11 16:36:26 - INFO - Starting multiview data preparation for a chunk of size (70000, 784)...
2025-07-11 16:36:26 - INFO - Running using 28 jobs.
2025-07-11 16:36:26 - INFO - Contaminating dataset with salt_pepper, quantity=0.1, transparency=0.
2025-07-11 16:36:30 - INFO - Splitting data: 80.0% train / 30.0% test (random_state=473333031)
2025-07-11 16:36:30 - INFO - Using full training data without second split.
2025-07-11 16:36:30 - INFO - Data split complete. Train size: (49000, 784), Test size: (21000, 784)
2025-07-11 16:36:30 - INFO - Reshaping train and test data into square images...
2025-07-11 16:36:30 - INFO - Reshaping complete. Train images shape: (49000, 28, 28), Test images shape: (21000, 28, 28)
2025-07-11 16:36:30 - INFO - Splitting images into quadrant views...
2025-07-11 16:36:30 - INFO - Quadrant view splitting complete. Train views: 4, Test views: 4
2025-07-11 16:36:30 - INFO - Saving sample images for each view...
2025-07-11 16:36:30 - INFO - Sample views saved successfully.
2025-07-11 16:36:30 - INFO - Starting TDA pipeline transformation on train data...
2025-07-11 16:44:17 - INFO - TDA transformation for train completed (7.79 minutes).
2025-07-11 16:44:17 - INFO - Applying TDA pipeline transformation on test data...
2025-07-11 16:47:36 - INFO - TDA transformation for test completed (3.32 minutes).
2025-07-11 16:47:36 - INFO - ========== [Model Training Start] ==========
2025-07-11 16:47:36 - INFO - Training model: original
2025-07-11 16:47:37 - INFO - Model original completed in 1.10 seconds.
2025-07-11 16:47:37 - INFO - >>> Model original trained. Accuracy: 0.9409 (1.10 sec.)
2025-07-11 16:47:37 - INFO - Training model: top_right-original
2025-07-11 16:47:47 - INFO - Model top_right-original completed in 9.07 seconds.
2025-07-11 16:47:47 - INFO - >>> Model top_right-original trained. Accuracy: 0.9487 (9.07 sec.)
2025-07-11 16:47:47 - INFO - Training model: original-tda
2025-07-11 16:48:05 - INFO - Model original-tda completed in 18.26 seconds.
2025-07-11 16:48:05 - INFO - >>> Model original-tda trained. Accuracy: 0.9476 (18.26 sec.)
2025-07-11 16:48:05 - INFO - Training model: bottom_left-original
2025-07-11 16:48:13 - INFO - Model bottom_left-original completed in 8.63 seconds.
2025-07-11 16:48:13 - INFO - >>> Model bottom_left-original trained. Accuracy: 0.9463 (8.63 sec.)
2025-07-11 16:48:13 - INFO - Training model: original-top_left
2025-07-11 16:48:22 - INFO - Model original-top_left completed in 8.66 seconds.
2025-07-11 16:48:22 - INFO - >>> Model original-top_left trained. Accuracy: 0.9495 (8.66 sec.)
2025-07-11 16:48:22 - INFO - Training model: original-bottom_right
2025-07-11 16:48:31 - INFO - Model original-bottom_right completed in 8.64 seconds.
2025-07-11 16:48:31 - INFO - >>> Model original-bottom_right trained. Accuracy: 0.9485 (8.64 sec.)
2025-07-11 16:48:31 - INFO - Training model: top_right-original-tda
2025-07-11 16:48:52 - INFO - Model top_right-original-tda completed in 21.69 seconds.
2025-07-11 16:48:52 - INFO - >>> Model top_right-original-tda trained. Accuracy: 0.9514 (21.69 sec.)
2025-07-11 16:48:52 - INFO - Training model: top_right-bottom_left-original
2025-07-11 16:49:04 - INFO - Model top_right-bottom_left-original completed in 12.02 seconds.
2025-07-11 16:49:04 - INFO - >>> Model top_right-bottom_left-original trained. Accuracy: 0.9510 (12.02 sec.)
2025-07-11 16:49:04 - INFO - Training model: top_right-original-top_left
2025-07-11 16:49:16 - INFO - Model top_right-original-top_left completed in 11.52 seconds.
2025-07-11 16:49:16 - INFO - >>> Model top_right-original-top_left trained. Accuracy: 0.9528 (11.52 sec.)
2025-07-11 16:49:16 - INFO - Training model: top_right-original-bottom_right
2025-07-11 16:49:28 - INFO - Model top_right-original-bottom_right completed in 12.24 seconds.
2025-07-11 16:49:28 - INFO - >>> Model top_right-original-bottom_right trained. Accuracy: 0.9531 (12.24 sec.)
2025-07-11 16:49:28 - INFO - Training model: bottom_left-original-tda
2025-07-11 16:49:50 - INFO - Model bottom_left-original-tda completed in 21.61 seconds.
2025-07-11 16:49:50 - INFO - >>> Model bottom_left-original-tda trained. Accuracy: 0.9486 (21.61 sec.)
2025-07-11 16:49:50 - INFO - Training model: original-tda-top_left
2025-07-11 16:50:12 - INFO - Model original-tda-top_left completed in 21.68 seconds.
2025-07-11 16:50:12 - INFO - >>> Model original-tda-top_left trained. Accuracy: 0.9518 (21.68 sec.)
2025-07-11 16:50:12 - INFO - Training model: original-tda-bottom_right
2025-07-11 16:50:33 - INFO - Model original-tda-bottom_right completed in 21.26 seconds.
2025-07-11 16:50:33 - INFO - >>> Model original-tda-bottom_right trained. Accuracy: 0.9523 (21.26 sec.)
2025-07-11 16:50:33 - INFO - Training model: bottom_left-original-top_left
2025-07-11 16:50:44 - INFO - Model bottom_left-original-top_left completed in 11.55 seconds.
2025-07-11 16:50:44 - INFO - >>> Model bottom_left-original-top_left trained. Accuracy: 0.9520 (11.55 sec.)
2025-07-11 16:50:44 - INFO - Training model: bottom_left-original-bottom_right
2025-07-11 16:50:56 - INFO - Model bottom_left-original-bottom_right completed in 12.04 seconds.
2025-07-11 16:50:56 - INFO - >>> Model bottom_left-original-bottom_right trained. Accuracy: 0.9510 (12.04 sec.)
2025-07-11 16:50:56 - INFO - Training model: original-bottom_right-top_left
2025-07-11 16:51:08 - INFO - Model original-bottom_right-top_left completed in 11.73 seconds.
2025-07-11 16:51:08 - INFO - >>> Model original-bottom_right-top_left trained. Accuracy: 0.9531 (11.73 sec.)
2025-07-11 16:51:08 - INFO - Training model: top_right-bottom_left-original-tda
2025-07-11 16:51:32 - INFO - Model top_right-bottom_left-original-tda completed in 24.25 seconds.
2025-07-11 16:51:32 - INFO - >>> Model top_right-bottom_left-original-tda trained. Accuracy: 0.9542 (24.25 sec.)
2025-07-11 16:51:32 - INFO - Training model: top_right-original-tda-top_left
2025-07-11 16:51:57 - INFO - Model top_right-original-tda-top_left completed in 24.22 seconds.
2025-07-11 16:51:57 - INFO - >>> Model top_right-original-tda-top_left trained. Accuracy: 0.9560 (24.22 sec.)
2025-07-11 16:51:57 - INFO - Training model: top_right-original-tda-bottom_right
2025-07-11 16:52:22 - INFO - Model top_right-original-tda-bottom_right completed in 24.99 seconds.
2025-07-11 16:52:22 - INFO - >>> Model top_right-original-tda-bottom_right trained. Accuracy: 0.9561 (24.99 sec.)
2025-07-11 16:52:22 - INFO - Training model: top_right-bottom_left-original-top_left
2025-07-11 16:52:36 - INFO - Model top_right-bottom_left-original-top_left completed in 14.76 seconds.
2025-07-11 16:52:36 - INFO - >>> Model top_right-bottom_left-original-top_left trained. Accuracy: 0.9570 (14.76 sec.)
2025-07-11 16:52:36 - INFO - Training model: top_right-bottom_left-original-bottom_right
2025-07-11 16:52:52 - INFO - Model top_right-bottom_left-original-bottom_right completed in 15.31 seconds.
2025-07-11 16:52:52 - INFO - >>> Model top_right-bottom_left-original-bottom_right trained. Accuracy: 0.9548 (15.31 sec.)
2025-07-11 16:52:52 - INFO - Training model: top_right-original-bottom_right-top_left
2025-07-11 16:53:07 - INFO - Model top_right-original-bottom_right-top_left completed in 14.96 seconds.
2025-07-11 16:53:07 - INFO - >>> Model top_right-original-bottom_right-top_left trained. Accuracy: 0.9572 (14.96 sec.)
2025-07-11 16:53:07 - INFO - Training model: bottom_left-original-tda-top_left
2025-07-11 16:53:31 - INFO - Model bottom_left-original-tda-top_left completed in 24.08 seconds.
2025-07-11 16:53:31 - INFO - >>> Model bottom_left-original-tda-top_left trained. Accuracy: 0.9535 (24.08 sec.)
2025-07-11 16:53:31 - INFO - Training model: bottom_left-original-tda-bottom_right
2025-07-11 16:53:55 - INFO - Model bottom_left-original-tda-bottom_right completed in 24.55 seconds.
2025-07-11 16:53:55 - INFO - >>> Model bottom_left-original-tda-bottom_right trained. Accuracy: 0.9530 (24.55 sec.)
2025-07-11 16:53:55 - INFO - Training model: original-tda-bottom_right-top_left
2025-07-11 16:54:20 - INFO - Model original-tda-bottom_right-top_left completed in 24.83 seconds.
2025-07-11 16:54:20 - INFO - >>> Model original-tda-bottom_right-top_left trained. Accuracy: 0.9573 (24.83 sec.)
2025-07-11 16:54:20 - INFO - Training model: bottom_left-original-bottom_right-top_left
2025-07-11 16:54:35 - INFO - Model bottom_left-original-bottom_right-top_left completed in 14.85 seconds.
2025-07-11 16:54:35 - INFO - >>> Model bottom_left-original-bottom_right-top_left trained. Accuracy: 0.9565 (14.85 sec.)
2025-07-11 16:54:35 - INFO - Training model: top_right-tda-bottom_left-top_left-original
2025-07-11 16:55:02 - INFO - Model top_right-tda-bottom_left-top_left-original completed in 27.53 seconds.
2025-07-11 16:55:02 - INFO - >>> Model top_right-tda-bottom_left-top_left-original trained. Accuracy: 0.9589 (27.53 sec.)
2025-07-11 16:55:02 - INFO - Training model: top_right-tda-bottom_left-bottom_right-original
2025-07-11 16:55:30 - INFO - Model top_right-tda-bottom_left-bottom_right-original completed in 27.38 seconds.
2025-07-11 16:55:30 - INFO - >>> Model top_right-tda-bottom_left-bottom_right-original trained. Accuracy: 0.9581 (27.38 sec.)
2025-07-11 16:55:30 - INFO - Training model: top_right-tda-top_left-bottom_right-original
2025-07-11 16:55:58 - INFO - Model top_right-tda-top_left-bottom_right-original completed in 27.80 seconds.
2025-07-11 16:55:58 - INFO - >>> Model top_right-tda-top_left-bottom_right-original trained. Accuracy: 0.9598 (27.80 sec.)
2025-07-11 16:55:58 - INFO - Training model: top_right-bottom_left-top_left-bottom_right-original
2025-07-11 16:56:16 - INFO - Model top_right-bottom_left-top_left-bottom_right-original completed in 18.04 seconds.
2025-07-11 16:56:16 - INFO - >>> Model top_right-bottom_left-top_left-bottom_right-original trained. Accuracy: 0.9605 (18.04 sec.)
2025-07-11 16:56:16 - INFO - Training model: tda-bottom_left-top_left-bottom_right-original
2025-07-11 16:56:43 - INFO - Model tda-bottom_left-top_left-bottom_right-original completed in 27.13 seconds.
2025-07-11 16:56:43 - INFO - >>> Model tda-bottom_left-top_left-bottom_right-original trained. Accuracy: 0.9589 (27.13 sec.)
2025-07-11 16:56:43 - INFO - Training model: top_right-tda-bottom_left-top_left-bottom_right-original
2025-07-11 16:57:12 - INFO - Model top_right-tda-bottom_left-top_left-bottom_right-original completed in 29.51 seconds.
2025-07-11 16:57:12 - INFO - >>> Model top_right-tda-bottom_left-top_left-bottom_right-original trained. Accuracy: 0.9630 (29.51 sec.)
2025-07-11 16:57:12 - INFO - All models trained successfully.
2025-07-11 16:57:12 - INFO - ========== [Model Training Completed] in 9.60 minutes ==========
2025-07-11 16:57:12 - INFO - ========== [Experiment Training Complete] ==========
2025-07-11 16:57:13 - INFO - Results saved to /home/jovyan/Workspace/workspace_mnist/results/exp_icecream_noise_saltpepper_10perc_pt3/exp_icecream_noise_saltpepper_10perc_pt3_2025-07-11_16-57-12.json
2025-07-11 16:57:13 - INFO - Results successfully saved to /home/jovyan/Workspace/workspace_mnist/results/exp_icecream_noise_saltpepper_10perc_pt3/exp_icecream_noise_saltpepper_10perc_pt3_2025-07-11_16-57-12.json
2025-07-11 16:57:13 - INFO - Forced Garbage collection executed to Free Memory.
2025-07-11 16:57:13 - INFO - ========== [Experiment Completed] in 20.79 minutes ==========
