2025-07-11 22:27:54 - INFO - Logging initialized.
 Writing to /home/jovyan/Workspace/workspace_mnist/logs/exp_icecream_noise_saltpepper_10perc_pt3/experiment_logs_2025-07-11_22-27-54.log
2025-07-11 22:27:54 - INFO - ========== [Experiment Start] ==========
2025-07-11 22:27:54 - INFO - Views combinations successfully generated.
2025-07-11 22:27:54 - INFO - Topological Data Analysis pipeline generated.
2025-07-11 22:27:54 - INFO - Folder to save results has been created.
2025-07-11 22:27:54 - INFO - Reading dataset from mnist_784.csv (chunk size: 70000).
2025-07-11 22:27:55 - INFO - Starting multiview data preparation for a chunk of size (70000, 784)...
2025-07-11 22:27:55 - INFO - Running using 28 jobs.
2025-07-11 22:27:55 - INFO - Contaminating dataset with salt_pepper, quantity=0.1, transparency=0.
2025-07-11 22:27:59 - INFO - Splitting data: 80.0% train / 30.0% test (random_state=847038258)
2025-07-11 22:27:59 - INFO - Using full training data without second split.
2025-07-11 22:27:59 - INFO - Data split complete. Train size: (49000, 784), Test size: (21000, 784)
2025-07-11 22:27:59 - INFO - Reshaping train and test data into square images...
2025-07-11 22:27:59 - INFO - Reshaping complete. Train images shape: (49000, 28, 28), Test images shape: (21000, 28, 28)
2025-07-11 22:27:59 - INFO - Splitting images into quadrant views...
2025-07-11 22:27:59 - INFO - Quadrant view splitting complete. Train views: 4, Test views: 4
2025-07-11 22:27:59 - INFO - Saving sample images for each view...
2025-07-11 22:27:59 - INFO - Sample views saved successfully.
2025-07-11 22:27:59 - INFO - Starting TDA pipeline transformation on train data...
2025-07-11 22:35:35 - INFO - TDA transformation for train completed (7.61 minutes).
2025-07-11 22:35:35 - INFO - Applying TDA pipeline transformation on test data...
2025-07-11 22:38:47 - INFO - TDA transformation for test completed (3.20 minutes).
2025-07-11 22:38:47 - INFO - ========== [Model Training Start] ==========
2025-07-11 22:38:47 - INFO - Training model: original
2025-07-11 22:38:48 - INFO - Model original completed in 1.08 seconds.
2025-07-11 22:38:48 - INFO - >>> Model original trained. Accuracy: 0.9410 (1.08 sec.)
2025-07-11 22:38:48 - INFO - Training model: top_right-original
2025-07-11 22:38:57 - INFO - Model top_right-original completed in 8.77 seconds.
2025-07-11 22:38:57 - INFO - >>> Model top_right-original trained. Accuracy: 0.9496 (8.77 sec.)
2025-07-11 22:38:57 - INFO - Training model: original-tda
2025-07-11 22:39:15 - INFO - Model original-tda completed in 18.15 seconds.
2025-07-11 22:39:15 - INFO - >>> Model original-tda trained. Accuracy: 0.9475 (18.15 sec.)
2025-07-11 22:39:15 - INFO - Training model: bottom_left-original
2025-07-11 22:39:24 - INFO - Model bottom_left-original completed in 8.57 seconds.
2025-07-11 22:39:24 - INFO - >>> Model bottom_left-original trained. Accuracy: 0.9473 (8.57 sec.)
2025-07-11 22:39:24 - INFO - Training model: original-top_left
2025-07-11 22:39:32 - INFO - Model original-top_left completed in 8.21 seconds.
2025-07-11 22:39:32 - INFO - >>> Model original-top_left trained. Accuracy: 0.9490 (8.21 sec.)
2025-07-11 22:39:32 - INFO - Training model: original-bottom_right
2025-07-11 22:39:41 - INFO - Model original-bottom_right completed in 9.16 seconds.
2025-07-11 22:39:41 - INFO - >>> Model original-bottom_right trained. Accuracy: 0.9498 (9.16 sec.)
2025-07-11 22:39:41 - INFO - Training model: top_right-original-tda
2025-07-11 22:40:02 - INFO - Model top_right-original-tda completed in 21.32 seconds.
2025-07-11 22:40:02 - INFO - >>> Model top_right-original-tda trained. Accuracy: 0.9541 (21.32 sec.)
2025-07-11 22:40:02 - INFO - Training model: top_right-bottom_left-original
2025-07-11 22:40:14 - INFO - Model top_right-bottom_left-original completed in 12.01 seconds.
2025-07-11 22:40:14 - INFO - >>> Model top_right-bottom_left-original trained. Accuracy: 0.9537 (12.01 sec.)
2025-07-11 22:40:14 - INFO - Training model: top_right-original-top_left
2025-07-11 22:40:26 - INFO - Model top_right-original-top_left completed in 11.52 seconds.
2025-07-11 22:40:26 - INFO - >>> Model top_right-original-top_left trained. Accuracy: 0.9552 (11.52 sec.)
2025-07-11 22:40:26 - INFO - Training model: top_right-original-bottom_right
2025-07-11 22:40:38 - INFO - Model top_right-original-bottom_right completed in 12.13 seconds.
2025-07-11 22:40:38 - INFO - >>> Model top_right-original-bottom_right trained. Accuracy: 0.9559 (12.13 sec.)
2025-07-11 22:40:38 - INFO - Training model: bottom_left-original-tda
2025-07-11 22:40:59 - INFO - Model bottom_left-original-tda completed in 21.44 seconds.
2025-07-11 22:40:59 - INFO - >>> Model bottom_left-original-tda trained. Accuracy: 0.9499 (21.44 sec.)
2025-07-11 22:40:59 - INFO - Training model: original-tda-top_left
2025-07-11 22:41:20 - INFO - Model original-tda-top_left completed in 21.00 seconds.
2025-07-11 22:41:20 - INFO - >>> Model original-tda-top_left trained. Accuracy: 0.9516 (21.00 sec.)
2025-07-11 22:41:20 - INFO - Training model: original-tda-bottom_right
2025-07-11 22:41:42 - INFO - Model original-tda-bottom_right completed in 21.35 seconds.
2025-07-11 22:41:42 - INFO - >>> Model original-tda-bottom_right trained. Accuracy: 0.9526 (21.35 sec.)
2025-07-11 22:41:42 - INFO - Training model: bottom_left-original-top_left
2025-07-11 22:41:53 - INFO - Model bottom_left-original-top_left completed in 11.42 seconds.
2025-07-11 22:41:53 - INFO - >>> Model bottom_left-original-top_left trained. Accuracy: 0.9524 (11.42 sec.)
2025-07-11 22:41:53 - INFO - Training model: bottom_left-original-bottom_right
2025-07-11 22:42:05 - INFO - Model bottom_left-original-bottom_right completed in 11.61 seconds.
2025-07-11 22:42:05 - INFO - >>> Model bottom_left-original-bottom_right trained. Accuracy: 0.9520 (11.61 sec.)
2025-07-11 22:42:05 - INFO - Training model: original-bottom_right-top_left
2025-07-11 22:42:17 - INFO - Model original-bottom_right-top_left completed in 11.93 seconds.
2025-07-11 22:42:17 - INFO - >>> Model original-bottom_right-top_left trained. Accuracy: 0.9534 (11.93 sec.)
2025-07-11 22:42:17 - INFO - Training model: top_right-bottom_left-original-tda
2025-07-11 22:42:41 - INFO - Model top_right-bottom_left-original-tda completed in 24.28 seconds.
2025-07-11 22:42:41 - INFO - >>> Model top_right-bottom_left-original-tda trained. Accuracy: 0.9570 (24.28 sec.)
2025-07-11 22:42:41 - INFO - Training model: top_right-original-tda-top_left
2025-07-11 22:43:05 - INFO - Model top_right-original-tda-top_left completed in 24.27 seconds.
2025-07-11 22:43:05 - INFO - >>> Model top_right-original-tda-top_left trained. Accuracy: 0.9583 (24.27 sec.)
2025-07-11 22:43:05 - INFO - Training model: top_right-original-tda-bottom_right
2025-07-11 22:43:30 - INFO - Model top_right-original-tda-bottom_right completed in 24.36 seconds.
2025-07-11 22:43:30 - INFO - >>> Model top_right-original-tda-bottom_right trained. Accuracy: 0.9575 (24.36 sec.)
2025-07-11 22:43:30 - INFO - Training model: top_right-bottom_left-original-top_left
2025-07-11 22:43:45 - INFO - Model top_right-bottom_left-original-top_left completed in 15.07 seconds.
2025-07-11 22:43:45 - INFO - >>> Model top_right-bottom_left-original-top_left trained. Accuracy: 0.9591 (15.07 sec.)
2025-07-11 22:43:45 - INFO - Training model: top_right-bottom_left-original-bottom_right
2025-07-11 22:44:00 - INFO - Model top_right-bottom_left-original-bottom_right completed in 14.91 seconds.
2025-07-11 22:44:00 - INFO - >>> Model top_right-bottom_left-original-bottom_right trained. Accuracy: 0.9582 (14.91 sec.)
2025-07-11 22:44:00 - INFO - Training model: top_right-original-bottom_right-top_left
2025-07-11 22:44:15 - INFO - Model top_right-original-bottom_right-top_left completed in 14.84 seconds.
2025-07-11 22:44:15 - INFO - >>> Model top_right-original-bottom_right-top_left trained. Accuracy: 0.9605 (14.84 sec.)
2025-07-11 22:44:15 - INFO - Training model: bottom_left-original-tda-top_left
2025-07-11 22:44:39 - INFO - Model bottom_left-original-tda-top_left completed in 24.26 seconds.
2025-07-11 22:44:39 - INFO - >>> Model bottom_left-original-tda-top_left trained. Accuracy: 0.9549 (24.26 sec.)
2025-07-11 22:44:39 - INFO - Training model: bottom_left-original-tda-bottom_right
2025-07-11 22:45:03 - INFO - Model bottom_left-original-tda-bottom_right completed in 24.41 seconds.
2025-07-11 22:45:03 - INFO - >>> Model bottom_left-original-tda-bottom_right trained. Accuracy: 0.9548 (24.41 sec.)
2025-07-11 22:45:03 - INFO - Training model: original-tda-bottom_right-top_left
2025-07-11 22:45:27 - INFO - Model original-tda-bottom_right-top_left completed in 24.13 seconds.
2025-07-11 22:45:27 - INFO - >>> Model original-tda-bottom_right-top_left trained. Accuracy: 0.9570 (24.13 sec.)
2025-07-11 22:45:27 - INFO - Training model: bottom_left-original-bottom_right-top_left
2025-07-11 22:45:42 - INFO - Model bottom_left-original-bottom_right-top_left completed in 14.82 seconds.
2025-07-11 22:45:42 - INFO - >>> Model bottom_left-original-bottom_right-top_left trained. Accuracy: 0.9569 (14.82 sec.)
2025-07-11 22:45:42 - INFO - Training model: top_right-tda-bottom_left-top_left-original
2025-07-11 22:46:10 - INFO - Model top_right-tda-bottom_left-top_left-original completed in 27.37 seconds.
2025-07-11 22:46:10 - INFO - >>> Model top_right-tda-bottom_left-top_left-original trained. Accuracy: 0.9614 (27.37 sec.)
2025-07-11 22:46:10 - INFO - Training model: top_right-tda-bottom_left-bottom_right-original
2025-07-11 22:46:37 - INFO - Model top_right-tda-bottom_left-bottom_right-original completed in 27.74 seconds.
2025-07-11 22:46:37 - INFO - >>> Model top_right-tda-bottom_left-bottom_right-original trained. Accuracy: 0.9601 (27.74 sec.)
2025-07-11 22:46:37 - INFO - Training model: top_right-tda-top_left-bottom_right-original
2025-07-11 22:47:04 - INFO - Model top_right-tda-top_left-bottom_right-original completed in 26.43 seconds.
2025-07-11 22:47:04 - INFO - >>> Model top_right-tda-top_left-bottom_right-original trained. Accuracy: 0.9621 (26.43 sec.)
2025-07-11 22:47:04 - INFO - Training model: top_right-bottom_left-top_left-bottom_right-original
2025-07-11 22:47:22 - INFO - Model top_right-bottom_left-top_left-bottom_right-original completed in 18.04 seconds.
2025-07-11 22:47:22 - INFO - >>> Model top_right-bottom_left-top_left-bottom_right-original trained. Accuracy: 0.9646 (18.04 sec.)
2025-07-11 22:47:22 - INFO - Training model: tda-bottom_left-top_left-bottom_right-original
2025-07-11 22:47:49 - INFO - Model tda-bottom_left-top_left-bottom_right-original completed in 27.18 seconds.
2025-07-11 22:47:49 - INFO - >>> Model tda-bottom_left-top_left-bottom_right-original trained. Accuracy: 0.9594 (27.18 sec.)
2025-07-11 22:47:49 - INFO - Training model: top_right-tda-bottom_left-top_left-bottom_right-original
2025-07-11 22:48:20 - INFO - Model top_right-tda-bottom_left-top_left-bottom_right-original completed in 30.78 seconds.
2025-07-11 22:48:20 - INFO - >>> Model top_right-tda-bottom_left-top_left-bottom_right-original trained. Accuracy: 0.9663 (30.78 sec.)
2025-07-11 22:48:20 - INFO - All models trained successfully.
2025-07-11 22:48:20 - INFO - ========== [Model Training Completed] in 9.54 minutes ==========
2025-07-11 22:48:20 - INFO - ========== [Experiment Training Complete] ==========
2025-07-11 22:48:20 - INFO - Results saved to /home/jovyan/Workspace/workspace_mnist/results/exp_icecream_noise_saltpepper_10perc_pt3/exp_icecream_noise_saltpepper_10perc_pt3_2025-07-11_22-48-20.json
2025-07-11 22:48:20 - INFO - Results successfully saved to /home/jovyan/Workspace/workspace_mnist/results/exp_icecream_noise_saltpepper_10perc_pt3/exp_icecream_noise_saltpepper_10perc_pt3_2025-07-11_22-48-20.json
2025-07-11 22:48:20 - INFO - Forced Garbage collection executed to Free Memory.
2025-07-11 22:48:20 - INFO - ========== [Experiment Completed] in 20.43 minutes ==========
