2025-07-12 00:51:29 - INFO - Logging initialized.
 Writing to /home/jovyan/Workspace/workspace_mnist/logs/exp_icecream_noise_saltpepper_10perc_pt3/experiment_logs_2025-07-12_00-51-29.log
2025-07-12 00:51:29 - INFO - ========== [Experiment Start] ==========
2025-07-12 00:51:29 - INFO - Views combinations successfully generated.
2025-07-12 00:51:29 - INFO - Topological Data Analysis pipeline generated.
2025-07-12 00:51:29 - INFO - Folder to save results has been created.
2025-07-12 00:51:29 - INFO - Reading dataset from mnist_784.csv (chunk size: 70000).
2025-07-12 00:51:30 - INFO - Starting multiview data preparation for a chunk of size (70000, 784)...
2025-07-12 00:51:30 - INFO - Running using 28 jobs.
2025-07-12 00:51:30 - INFO - Contaminating dataset with salt_pepper, quantity=0.1, transparency=0.
2025-07-12 00:51:33 - INFO - Splitting data: 80.0% train / 30.0% test (random_state=497830845)
2025-07-12 00:51:33 - INFO - Using full training data without second split.
2025-07-12 00:51:33 - INFO - Data split complete. Train size: (49000, 784), Test size: (21000, 784)
2025-07-12 00:51:33 - INFO - Reshaping train and test data into square images...
2025-07-12 00:51:33 - INFO - Reshaping complete. Train images shape: (49000, 28, 28), Test images shape: (21000, 28, 28)
2025-07-12 00:51:33 - INFO - Splitting images into quadrant views...
2025-07-12 00:51:33 - INFO - Quadrant view splitting complete. Train views: 4, Test views: 4
2025-07-12 00:51:33 - INFO - Saving sample images for each view...
2025-07-12 00:51:33 - INFO - Sample views saved successfully.
2025-07-12 00:51:33 - INFO - Starting TDA pipeline transformation on train data...
2025-07-12 00:59:15 - INFO - TDA transformation for train completed (7.69 minutes).
2025-07-12 00:59:15 - INFO - Applying TDA pipeline transformation on test data...
2025-07-12 01:02:28 - INFO - TDA transformation for test completed (3.22 minutes).
2025-07-12 01:02:28 - INFO - ========== [Model Training Start] ==========
2025-07-12 01:02:28 - INFO - Training model: original
2025-07-12 01:02:29 - INFO - Model original completed in 1.08 seconds.
2025-07-12 01:02:29 - INFO - >>> Model original trained. Accuracy: 0.9361 (1.08 sec.)
2025-07-12 01:02:29 - INFO - Training model: top_right-original
2025-07-12 01:02:38 - INFO - Model top_right-original completed in 8.62 seconds.
2025-07-12 01:02:38 - INFO - >>> Model top_right-original trained. Accuracy: 0.9449 (8.62 sec.)
2025-07-12 01:02:38 - INFO - Training model: original-tda
2025-07-12 01:02:56 - INFO - Model original-tda completed in 18.22 seconds.
2025-07-12 01:02:56 - INFO - >>> Model original-tda trained. Accuracy: 0.9442 (18.22 sec.)
2025-07-12 01:02:56 - INFO - Training model: bottom_left-original
2025-07-12 01:03:05 - INFO - Model bottom_left-original completed in 8.62 seconds.
2025-07-12 01:03:05 - INFO - >>> Model bottom_left-original trained. Accuracy: 0.9436 (8.62 sec.)
2025-07-12 01:03:05 - INFO - Training model: original-top_left
2025-07-12 01:03:13 - INFO - Model original-top_left completed in 8.58 seconds.
2025-07-12 01:03:13 - INFO - >>> Model original-top_left trained. Accuracy: 0.9452 (8.58 sec.)
2025-07-12 01:03:13 - INFO - Training model: original-bottom_right
2025-07-12 01:03:22 - INFO - Model original-bottom_right completed in 9.12 seconds.
2025-07-12 01:03:22 - INFO - >>> Model original-bottom_right trained. Accuracy: 0.9444 (9.12 sec.)
2025-07-12 01:03:22 - INFO - Training model: top_right-original-tda
2025-07-12 01:03:43 - INFO - Model top_right-original-tda completed in 21.19 seconds.
2025-07-12 01:03:43 - INFO - >>> Model top_right-original-tda trained. Accuracy: 0.9483 (21.19 sec.)
2025-07-12 01:03:43 - INFO - Training model: top_right-bottom_left-original
2025-07-12 01:03:55 - INFO - Model top_right-bottom_left-original completed in 12.03 seconds.
2025-07-12 01:03:55 - INFO - >>> Model top_right-bottom_left-original trained. Accuracy: 0.9485 (12.03 sec.)
2025-07-12 01:03:55 - INFO - Training model: top_right-original-top_left
2025-07-12 01:04:07 - INFO - Model top_right-original-top_left completed in 11.48 seconds.
2025-07-12 01:04:07 - INFO - >>> Model top_right-original-top_left trained. Accuracy: 0.9507 (11.48 sec.)
2025-07-12 01:04:07 - INFO - Training model: top_right-original-bottom_right
2025-07-12 01:04:19 - INFO - Model top_right-original-bottom_right completed in 11.74 seconds.
2025-07-12 01:04:19 - INFO - >>> Model top_right-original-bottom_right trained. Accuracy: 0.9496 (11.74 sec.)
2025-07-12 01:04:19 - INFO - Training model: bottom_left-original-tda
2025-07-12 01:04:40 - INFO - Model bottom_left-original-tda completed in 21.33 seconds.
2025-07-12 01:04:40 - INFO - >>> Model bottom_left-original-tda trained. Accuracy: 0.9454 (21.33 sec.)
2025-07-12 01:04:40 - INFO - Training model: original-tda-top_left
2025-07-12 01:05:01 - INFO - Model original-tda-top_left completed in 21.27 seconds.
2025-07-12 01:05:01 - INFO - >>> Model original-tda-top_left trained. Accuracy: 0.9469 (21.27 sec.)
2025-07-12 01:05:01 - INFO - Training model: original-tda-bottom_right
2025-07-12 01:05:23 - INFO - Model original-tda-bottom_right completed in 21.64 seconds.
2025-07-12 01:05:23 - INFO - >>> Model original-tda-bottom_right trained. Accuracy: 0.9469 (21.64 sec.)
2025-07-12 01:05:23 - INFO - Training model: bottom_left-original-top_left
2025-07-12 01:05:34 - INFO - Model bottom_left-original-top_left completed in 11.50 seconds.
2025-07-12 01:05:34 - INFO - >>> Model bottom_left-original-top_left trained. Accuracy: 0.9473 (11.50 sec.)
2025-07-12 01:05:34 - INFO - Training model: bottom_left-original-bottom_right
2025-07-12 01:05:47 - INFO - Model bottom_left-original-bottom_right completed in 12.08 seconds.
2025-07-12 01:05:47 - INFO - >>> Model bottom_left-original-bottom_right trained. Accuracy: 0.9468 (12.08 sec.)
2025-07-12 01:05:47 - INFO - Training model: original-bottom_right-top_left
2025-07-12 01:05:58 - INFO - Model original-bottom_right-top_left completed in 11.89 seconds.
2025-07-12 01:05:58 - INFO - >>> Model original-bottom_right-top_left trained. Accuracy: 0.9503 (11.89 sec.)
2025-07-12 01:05:58 - INFO - Training model: top_right-bottom_left-original-tda
2025-07-12 01:06:23 - INFO - Model top_right-bottom_left-original-tda completed in 24.56 seconds.
2025-07-12 01:06:23 - INFO - >>> Model top_right-bottom_left-original-tda trained. Accuracy: 0.9510 (24.56 sec.)
2025-07-12 01:06:23 - INFO - Training model: top_right-original-tda-top_left
2025-07-12 01:06:47 - INFO - Model top_right-original-tda-top_left completed in 24.21 seconds.
2025-07-12 01:06:47 - INFO - >>> Model top_right-original-tda-top_left trained. Accuracy: 0.9519 (24.21 sec.)
2025-07-12 01:06:47 - INFO - Training model: top_right-original-tda-bottom_right
2025-07-12 01:07:12 - INFO - Model top_right-original-tda-bottom_right completed in 24.66 seconds.
2025-07-12 01:07:12 - INFO - >>> Model top_right-original-tda-bottom_right trained. Accuracy: 0.9518 (24.66 sec.)
2025-07-12 01:07:12 - INFO - Training model: top_right-bottom_left-original-top_left
2025-07-12 01:07:27 - INFO - Model top_right-bottom_left-original-top_left completed in 14.82 seconds.
2025-07-12 01:07:27 - INFO - >>> Model top_right-bottom_left-original-top_left trained. Accuracy: 0.9547 (14.82 sec.)
2025-07-12 01:07:27 - INFO - Training model: top_right-bottom_left-original-bottom_right
2025-07-12 01:07:42 - INFO - Model top_right-bottom_left-original-bottom_right completed in 15.28 seconds.
2025-07-12 01:07:42 - INFO - >>> Model top_right-bottom_left-original-bottom_right trained. Accuracy: 0.9540 (15.28 sec.)
2025-07-12 01:07:42 - INFO - Training model: top_right-original-bottom_right-top_left
2025-07-12 01:07:57 - INFO - Model top_right-original-bottom_right-top_left completed in 15.07 seconds.
2025-07-12 01:07:57 - INFO - >>> Model top_right-original-bottom_right-top_left trained. Accuracy: 0.9554 (15.07 sec.)
2025-07-12 01:07:57 - INFO - Training model: bottom_left-original-tda-top_left
2025-07-12 01:08:21 - INFO - Model bottom_left-original-tda-top_left completed in 23.75 seconds.
2025-07-12 01:08:21 - INFO - >>> Model bottom_left-original-tda-top_left trained. Accuracy: 0.9512 (23.75 sec.)
2025-07-12 01:08:21 - INFO - Training model: bottom_left-original-tda-bottom_right
2025-07-12 01:08:45 - INFO - Model bottom_left-original-tda-bottom_right completed in 24.47 seconds.
2025-07-12 01:08:45 - INFO - >>> Model bottom_left-original-tda-bottom_right trained. Accuracy: 0.9496 (24.47 sec.)
2025-07-12 01:08:45 - INFO - Training model: original-tda-bottom_right-top_left
2025-07-12 01:09:10 - INFO - Model original-tda-bottom_right-top_left completed in 24.64 seconds.
2025-07-12 01:09:10 - INFO - >>> Model original-tda-bottom_right-top_left trained. Accuracy: 0.9526 (24.64 sec.)
2025-07-12 01:09:10 - INFO - Training model: bottom_left-original-bottom_right-top_left
2025-07-12 01:09:25 - INFO - Model bottom_left-original-bottom_right-top_left completed in 14.93 seconds.
2025-07-12 01:09:25 - INFO - >>> Model bottom_left-original-bottom_right-top_left trained. Accuracy: 0.9518 (14.93 sec.)
2025-07-12 01:09:25 - INFO - Training model: top_right-tda-bottom_left-top_left-original
2025-07-12 01:09:52 - INFO - Model top_right-tda-bottom_left-top_left-original completed in 27.41 seconds.
2025-07-12 01:09:52 - INFO - >>> Model top_right-tda-bottom_left-top_left-original trained. Accuracy: 0.9560 (27.41 sec.)
2025-07-12 01:09:52 - INFO - Training model: top_right-tda-bottom_left-bottom_right-original
2025-07-12 01:10:20 - INFO - Model top_right-tda-bottom_left-bottom_right-original completed in 27.79 seconds.
2025-07-12 01:10:20 - INFO - >>> Model top_right-tda-bottom_left-bottom_right-original trained. Accuracy: 0.9554 (27.79 sec.)
2025-07-12 01:10:20 - INFO - Training model: top_right-tda-top_left-bottom_right-original
2025-07-12 01:10:47 - INFO - Model top_right-tda-top_left-bottom_right-original completed in 27.42 seconds.
2025-07-12 01:10:47 - INFO - >>> Model top_right-tda-top_left-bottom_right-original trained. Accuracy: 0.9579 (27.42 sec.)
2025-07-12 01:10:47 - INFO - Training model: top_right-bottom_left-top_left-bottom_right-original
2025-07-12 01:11:05 - INFO - Model top_right-bottom_left-top_left-bottom_right-original completed in 17.44 seconds.
2025-07-12 01:11:05 - INFO - >>> Model top_right-bottom_left-top_left-bottom_right-original trained. Accuracy: 0.9588 (17.44 sec.)
2025-07-12 01:11:05 - INFO - Training model: tda-bottom_left-top_left-bottom_right-original
2025-07-12 01:11:31 - INFO - Model tda-bottom_left-top_left-bottom_right-original completed in 26.44 seconds.
2025-07-12 01:11:31 - INFO - >>> Model tda-bottom_left-top_left-bottom_right-original trained. Accuracy: 0.9545 (26.44 sec.)
2025-07-12 01:11:31 - INFO - Training model: top_right-tda-bottom_left-top_left-bottom_right-original
2025-07-12 01:12:02 - INFO - Model top_right-tda-bottom_left-top_left-bottom_right-original completed in 30.69 seconds.
2025-07-12 01:12:02 - INFO - >>> Model top_right-tda-bottom_left-top_left-bottom_right-original trained. Accuracy: 0.9590 (30.69 sec.)
2025-07-12 01:12:02 - INFO - All models trained successfully.
2025-07-12 01:12:02 - INFO - ========== [Model Training Completed] in 9.57 minutes ==========
2025-07-12 01:12:02 - INFO - ========== [Experiment Training Complete] ==========
2025-07-12 01:12:02 - INFO - Results saved to /home/jovyan/Workspace/workspace_mnist/results/exp_icecream_noise_saltpepper_10perc_pt3/exp_icecream_noise_saltpepper_10perc_pt3_2025-07-12_01-12-02.json
2025-07-12 01:12:02 - INFO - Results successfully saved to /home/jovyan/Workspace/workspace_mnist/results/exp_icecream_noise_saltpepper_10perc_pt3/exp_icecream_noise_saltpepper_10perc_pt3_2025-07-12_01-12-02.json
2025-07-12 01:12:02 - INFO - Forced Garbage collection executed to Free Memory.
2025-07-12 01:12:02 - INFO - ========== [Experiment Completed] in 20.56 minutes ==========
