2025-07-11 17:38:32 - INFO - Logging initialized.
 Writing to /home/jovyan/Workspace/workspace_mnist/logs/exp_icecream_noise_saltpepper_10perc_pt3/experiment_logs_2025-07-11_17-38-32.log
2025-07-11 17:38:32 - INFO - ========== [Experiment Start] ==========
2025-07-11 17:38:32 - INFO - Views combinations successfully generated.
2025-07-11 17:38:32 - INFO - Topological Data Analysis pipeline generated.
2025-07-11 17:38:32 - INFO - Folder to save results has been created.
2025-07-11 17:38:32 - INFO - Reading dataset from mnist_784.csv (chunk size: 70000).
2025-07-11 17:38:33 - INFO - Starting multiview data preparation for a chunk of size (70000, 784)...
2025-07-11 17:38:33 - INFO - Running using 28 jobs.
2025-07-11 17:38:33 - INFO - Contaminating dataset with salt_pepper, quantity=0.1, transparency=0.
2025-07-11 17:38:37 - INFO - Splitting data: 80.0% train / 30.0% test (random_state=97427825)
2025-07-11 17:38:37 - INFO - Using full training data without second split.
2025-07-11 17:38:37 - INFO - Data split complete. Train size: (49000, 784), Test size: (21000, 784)
2025-07-11 17:38:37 - INFO - Reshaping train and test data into square images...
2025-07-11 17:38:37 - INFO - Reshaping complete. Train images shape: (49000, 28, 28), Test images shape: (21000, 28, 28)
2025-07-11 17:38:37 - INFO - Splitting images into quadrant views...
2025-07-11 17:38:37 - INFO - Quadrant view splitting complete. Train views: 4, Test views: 4
2025-07-11 17:38:37 - INFO - Saving sample images for each view...
2025-07-11 17:38:37 - INFO - Sample views saved successfully.
2025-07-11 17:38:37 - INFO - Starting TDA pipeline transformation on train data...
2025-07-11 17:46:20 - INFO - TDA transformation for train completed (7.72 minutes).
2025-07-11 17:46:20 - INFO - Applying TDA pipeline transformation on test data...
2025-07-11 17:49:35 - INFO - TDA transformation for test completed (3.25 minutes).
2025-07-11 17:49:35 - INFO - ========== [Model Training Start] ==========
2025-07-11 17:49:35 - INFO - Training model: original
2025-07-11 17:49:37 - INFO - Model original completed in 1.06 seconds.
2025-07-11 17:49:37 - INFO - >>> Model original trained. Accuracy: 0.9412 (1.06 sec.)
2025-07-11 17:49:37 - INFO - Training model: top_right-original
2025-07-11 17:49:46 - INFO - Model top_right-original completed in 9.03 seconds.
2025-07-11 17:49:46 - INFO - >>> Model top_right-original trained. Accuracy: 0.9512 (9.03 sec.)
2025-07-11 17:49:46 - INFO - Training model: original-tda
2025-07-11 17:50:04 - INFO - Model original-tda completed in 18.55 seconds.
2025-07-11 17:50:04 - INFO - >>> Model original-tda trained. Accuracy: 0.9483 (18.55 sec.)
2025-07-11 17:50:04 - INFO - Training model: bottom_left-original
2025-07-11 17:50:13 - INFO - Model bottom_left-original completed in 8.62 seconds.
2025-07-11 17:50:13 - INFO - >>> Model bottom_left-original trained. Accuracy: 0.9477 (8.62 sec.)
2025-07-11 17:50:13 - INFO - Training model: original-top_left
2025-07-11 17:50:21 - INFO - Model original-top_left completed in 8.56 seconds.
2025-07-11 17:50:21 - INFO - >>> Model original-top_left trained. Accuracy: 0.9499 (8.56 sec.)
2025-07-11 17:50:21 - INFO - Training model: original-bottom_right
2025-07-11 17:50:30 - INFO - Model original-bottom_right completed in 9.08 seconds.
2025-07-11 17:50:30 - INFO - >>> Model original-bottom_right trained. Accuracy: 0.9498 (9.08 sec.)
2025-07-11 17:50:30 - INFO - Training model: top_right-original-tda
2025-07-11 17:50:52 - INFO - Model top_right-original-tda completed in 21.57 seconds.
2025-07-11 17:50:52 - INFO - >>> Model top_right-original-tda trained. Accuracy: 0.9536 (21.57 sec.)
2025-07-11 17:50:52 - INFO - Training model: top_right-bottom_left-original
2025-07-11 17:51:04 - INFO - Model top_right-bottom_left-original completed in 11.95 seconds.
2025-07-11 17:51:04 - INFO - >>> Model top_right-bottom_left-original trained. Accuracy: 0.9534 (11.95 sec.)
2025-07-11 17:51:04 - INFO - Training model: top_right-original-top_left
2025-07-11 17:51:16 - INFO - Model top_right-original-top_left completed in 11.81 seconds.
2025-07-11 17:51:16 - INFO - >>> Model top_right-original-top_left trained. Accuracy: 0.9548 (11.81 sec.)
2025-07-11 17:51:16 - INFO - Training model: top_right-original-bottom_right
2025-07-11 17:51:28 - INFO - Model top_right-original-bottom_right completed in 11.82 seconds.
2025-07-11 17:51:28 - INFO - >>> Model top_right-original-bottom_right trained. Accuracy: 0.9544 (11.82 sec.)
2025-07-11 17:51:28 - INFO - Training model: bottom_left-original-tda
2025-07-11 17:51:49 - INFO - Model bottom_left-original-tda completed in 21.62 seconds.
2025-07-11 17:51:49 - INFO - >>> Model bottom_left-original-tda trained. Accuracy: 0.9490 (21.62 sec.)
2025-07-11 17:51:49 - INFO - Training model: original-tda-top_left
2025-07-11 17:52:10 - INFO - Model original-tda-top_left completed in 20.72 seconds.
2025-07-11 17:52:10 - INFO - >>> Model original-tda-top_left trained. Accuracy: 0.9520 (20.72 sec.)
2025-07-11 17:52:10 - INFO - Training model: original-tda-bottom_right
2025-07-11 17:52:31 - INFO - Model original-tda-bottom_right completed in 21.60 seconds.
2025-07-11 17:52:31 - INFO - >>> Model original-tda-bottom_right trained. Accuracy: 0.9520 (21.60 sec.)
2025-07-11 17:52:31 - INFO - Training model: bottom_left-original-top_left
2025-07-11 17:52:43 - INFO - Model bottom_left-original-top_left completed in 11.62 seconds.
2025-07-11 17:52:43 - INFO - >>> Model bottom_left-original-top_left trained. Accuracy: 0.9530 (11.62 sec.)
2025-07-11 17:52:43 - INFO - Training model: bottom_left-original-bottom_right
2025-07-11 17:52:55 - INFO - Model bottom_left-original-bottom_right completed in 12.04 seconds.
2025-07-11 17:52:55 - INFO - >>> Model bottom_left-original-bottom_right trained. Accuracy: 0.9526 (12.04 sec.)
2025-07-11 17:52:55 - INFO - Training model: original-bottom_right-top_left
2025-07-11 17:53:07 - INFO - Model original-bottom_right-top_left completed in 11.88 seconds.
2025-07-11 17:53:07 - INFO - >>> Model original-bottom_right-top_left trained. Accuracy: 0.9536 (11.88 sec.)
2025-07-11 17:53:07 - INFO - Training model: top_right-bottom_left-original-tda
2025-07-11 17:53:32 - INFO - Model top_right-bottom_left-original-tda completed in 24.65 seconds.
2025-07-11 17:53:32 - INFO - >>> Model top_right-bottom_left-original-tda trained. Accuracy: 0.9553 (24.65 sec.)
2025-07-11 17:53:32 - INFO - Training model: top_right-original-tda-top_left
2025-07-11 17:53:56 - INFO - Model top_right-original-tda-top_left completed in 24.20 seconds.
2025-07-11 17:53:56 - INFO - >>> Model top_right-original-tda-top_left trained. Accuracy: 0.9580 (24.20 sec.)
2025-07-11 17:53:56 - INFO - Training model: top_right-original-tda-bottom_right
2025-07-11 17:54:20 - INFO - Model top_right-original-tda-bottom_right completed in 24.51 seconds.
2025-07-11 17:54:20 - INFO - >>> Model top_right-original-tda-bottom_right trained. Accuracy: 0.9575 (24.51 sec.)
2025-07-11 17:54:20 - INFO - Training model: top_right-bottom_left-original-top_left
2025-07-11 17:54:35 - INFO - Model top_right-bottom_left-original-top_left completed in 14.84 seconds.
2025-07-11 17:54:35 - INFO - >>> Model top_right-bottom_left-original-top_left trained. Accuracy: 0.9590 (14.84 sec.)
2025-07-11 17:54:35 - INFO - Training model: top_right-bottom_left-original-bottom_right
2025-07-11 17:54:51 - INFO - Model top_right-bottom_left-original-bottom_right completed in 15.34 seconds.
2025-07-11 17:54:51 - INFO - >>> Model top_right-bottom_left-original-bottom_right trained. Accuracy: 0.9582 (15.34 sec.)
2025-07-11 17:54:51 - INFO - Training model: top_right-original-bottom_right-top_left
2025-07-11 17:55:06 - INFO - Model top_right-original-bottom_right-top_left completed in 15.12 seconds.
2025-07-11 17:55:06 - INFO - >>> Model top_right-original-bottom_right-top_left trained. Accuracy: 0.9596 (15.12 sec.)
2025-07-11 17:55:06 - INFO - Training model: bottom_left-original-tda-top_left
2025-07-11 17:55:30 - INFO - Model bottom_left-original-tda-top_left completed in 24.41 seconds.
2025-07-11 17:55:30 - INFO - >>> Model bottom_left-original-tda-top_left trained. Accuracy: 0.9537 (24.41 sec.)
2025-07-11 17:55:30 - INFO - Training model: bottom_left-original-tda-bottom_right
2025-07-11 17:55:54 - INFO - Model bottom_left-original-tda-bottom_right completed in 23.96 seconds.
2025-07-11 17:55:54 - INFO - >>> Model bottom_left-original-tda-bottom_right trained. Accuracy: 0.9540 (23.96 sec.)
2025-07-11 17:55:54 - INFO - Training model: original-tda-bottom_right-top_left
2025-07-11 17:56:18 - INFO - Model original-tda-bottom_right-top_left completed in 24.41 seconds.
2025-07-11 17:56:18 - INFO - >>> Model original-tda-bottom_right-top_left trained. Accuracy: 0.9560 (24.41 sec.)
2025-07-11 17:56:18 - INFO - Training model: bottom_left-original-bottom_right-top_left
2025-07-11 17:56:33 - INFO - Model bottom_left-original-bottom_right-top_left completed in 14.78 seconds.
2025-07-11 17:56:33 - INFO - >>> Model bottom_left-original-bottom_right-top_left trained. Accuracy: 0.9563 (14.78 sec.)
2025-07-11 17:56:33 - INFO - Training model: top_right-tda-bottom_left-top_left-original
2025-07-11 17:57:00 - INFO - Model top_right-tda-bottom_left-top_left-original completed in 26.83 seconds.
2025-07-11 17:57:00 - INFO - >>> Model top_right-tda-bottom_left-top_left-original trained. Accuracy: 0.9604 (26.83 sec.)
2025-07-11 17:57:00 - INFO - Training model: top_right-tda-bottom_left-bottom_right-original
2025-07-11 17:57:27 - INFO - Model top_right-tda-bottom_left-bottom_right-original completed in 27.36 seconds.
2025-07-11 17:57:27 - INFO - >>> Model top_right-tda-bottom_left-bottom_right-original trained. Accuracy: 0.9590 (27.36 sec.)
2025-07-11 17:57:27 - INFO - Training model: top_right-tda-top_left-bottom_right-original
2025-07-11 17:57:55 - INFO - Model top_right-tda-top_left-bottom_right-original completed in 27.48 seconds.
2025-07-11 17:57:55 - INFO - >>> Model top_right-tda-top_left-bottom_right-original trained. Accuracy: 0.9608 (27.48 sec.)
2025-07-11 17:57:55 - INFO - Training model: top_right-bottom_left-top_left-bottom_right-original
2025-07-11 17:58:12 - INFO - Model top_right-bottom_left-top_left-bottom_right-original completed in 17.56 seconds.
2025-07-11 17:58:12 - INFO - >>> Model top_right-bottom_left-top_left-bottom_right-original trained. Accuracy: 0.9626 (17.56 sec.)
2025-07-11 17:58:12 - INFO - Training model: tda-bottom_left-top_left-bottom_right-original
2025-07-11 17:58:40 - INFO - Model tda-bottom_left-top_left-bottom_right-original completed in 27.35 seconds.
2025-07-11 17:58:40 - INFO - >>> Model tda-bottom_left-top_left-bottom_right-original trained. Accuracy: 0.9580 (27.35 sec.)
2025-07-11 17:58:40 - INFO - Training model: top_right-tda-bottom_left-top_left-bottom_right-original
2025-07-11 17:59:10 - INFO - Model top_right-tda-bottom_left-top_left-bottom_right-original completed in 30.21 seconds.
2025-07-11 17:59:10 - INFO - >>> Model top_right-tda-bottom_left-top_left-bottom_right-original trained. Accuracy: 0.9640 (30.21 sec.)
2025-07-11 17:59:10 - INFO - All models trained successfully.
2025-07-11 17:59:10 - INFO - ========== [Model Training Completed] in 9.58 minutes ==========
2025-07-11 17:59:10 - INFO - ========== [Experiment Training Complete] ==========
2025-07-11 17:59:10 - INFO - Results saved to /home/jovyan/Workspace/workspace_mnist/results/exp_icecream_noise_saltpepper_10perc_pt3/exp_icecream_noise_saltpepper_10perc_pt3_2025-07-11_17-59-10.json
2025-07-11 17:59:10 - INFO - Results successfully saved to /home/jovyan/Workspace/workspace_mnist/results/exp_icecream_noise_saltpepper_10perc_pt3/exp_icecream_noise_saltpepper_10perc_pt3_2025-07-11_17-59-10.json
2025-07-11 17:59:10 - INFO - Forced Garbage collection executed to Free Memory.
2025-07-11 17:59:10 - INFO - ========== [Experiment Completed] in 20.63 minutes ==========
