2025-03-08 03:31:55 - INFO - Logging initialized. Writing to /home/jovyan/Workspace/workspace_mnist/logs/experiment_logs_2025-03-08_03-31-55.log
2025-03-08 03:31:55 - INFO - ========== [Experiment Start] ==========
2025-03-08 03:31:55 - INFO - views generated
2025-03-08 03:31:55 - INFO - tda pipeline generated
2025-03-08 03:31:55 - INFO - Reading dataset in chunks from mnist_784.csv (chunk size: 70000)
2025-03-08 03:31:56 - INFO - Starting multiview data preparation for a chunk of size (70000, 784)...
2025-03-08 03:31:56 - INFO - Running using 8 jobs.
2025-03-08 03:31:56 - INFO - Splitting data: 75.8% train / 24.2% test (random_state=910968928)
2025-03-08 03:31:56 - INFO - Data split complete. Train size: (53089, 784), Test size: (16911, 784)
2025-03-08 03:31:56 - INFO - Reshaping train and test data into square images...
2025-03-08 03:31:56 - INFO - Reshaping complete. Train images: (53089, 28, 28), Test images: (16911, 28, 28)
2025-03-08 03:31:56 - INFO - Splitting images into quadrant views...
2025-03-08 03:31:56 - INFO - Quadrant view splitting complete. Train views: 4, Test views: 4
2025-03-08 03:31:56 - INFO - Starting TDA pipeline transformation on train data...
2025-03-08 03:46:07 - INFO - TDA transformation for train data completed.
2025-03-08 03:46:07 - INFO - Applying TDA pipeline transformation on test data...
2025-03-08 03:50:37 - INFO - TDA transformation for test data completed.
2025-03-08 03:50:37 - INFO - Starting model training...
2025-03-08 03:50:37 - INFO - Training model: original
2025-03-08 03:50:54 - INFO - Model original trained. Accuracy: 0.9685
2025-03-08 03:50:54 - INFO - Model original completed in 16.21 seconds.
2025-03-08 03:50:54 - INFO - Training model: original-bottom_right
2025-03-08 03:54:57 - INFO - Model original-bottom_right trained. Accuracy: 0.9733
2025-03-08 03:54:57 - INFO - Model original-bottom_right completed in 243.75 seconds.
2025-03-08 03:54:57 - INFO - Training model: original-top_right
2025-03-08 03:58:58 - INFO - Model original-top_right trained. Accuracy: 0.9713
2025-03-08 03:58:58 - INFO - Model original-top_right completed in 240.76 seconds.
2025-03-08 03:58:58 - INFO - Training model: original-top_left
2025-03-08 04:02:46 - INFO - Model original-top_left trained. Accuracy: 0.9710
2025-03-08 04:02:46 - INFO - Model original-top_left completed in 228.04 seconds.
2025-03-08 04:02:46 - INFO - Training model: original-bottom_left
2025-03-08 04:06:41 - INFO - Model original-bottom_left trained. Accuracy: 0.9712
2025-03-08 04:06:41 - INFO - Model original-bottom_left completed in 234.69 seconds.
2025-03-08 04:06:41 - INFO - Training model: original-tda
2025-03-08 04:12:19 - INFO - Model original-tda trained. Accuracy: 0.9838
2025-03-08 04:12:19 - INFO - Model original-tda completed in 337.99 seconds.
2025-03-08 04:12:19 - INFO - Training model: original-top_right-bottom_right
2025-03-08 04:17:44 - INFO - Model original-top_right-bottom_right trained. Accuracy: 0.9727
2025-03-08 04:17:44 - INFO - Model original-top_right-bottom_right completed in 324.84 seconds.
2025-03-08 04:17:44 - INFO - Training model: original-bottom_right-top_left
2025-03-08 04:22:57 - INFO - Model original-bottom_right-top_left trained. Accuracy: 0.9729
2025-03-08 04:22:57 - INFO - Model original-bottom_right-top_left completed in 313.16 seconds.
2025-03-08 04:22:57 - INFO - Training model: original-bottom_right-bottom_left
2025-03-08 04:28:16 - INFO - Model original-bottom_right-bottom_left trained. Accuracy: 0.9734
2025-03-08 04:28:16 - INFO - Model original-bottom_right-bottom_left completed in 318.88 seconds.
2025-03-08 04:28:16 - INFO - Training model: original-tda-bottom_right
2025-03-08 04:35:18 - INFO - Model original-tda-bottom_right trained. Accuracy: 0.9837
2025-03-08 04:35:18 - INFO - Model original-tda-bottom_right completed in 422.38 seconds.
2025-03-08 04:35:18 - INFO - Training model: original-top_right-top_left
2025-03-08 04:40:28 - INFO - Model original-top_right-top_left trained. Accuracy: 0.9719
2025-03-08 04:40:28 - INFO - Model original-top_right-top_left completed in 309.96 seconds.
2025-03-08 04:40:28 - INFO - Training model: original-top_right-bottom_left
2025-03-08 04:45:47 - INFO - Model original-top_right-bottom_left trained. Accuracy: 0.9726
2025-03-08 04:45:47 - INFO - Model original-top_right-bottom_left completed in 319.32 seconds.
2025-03-08 04:45:47 - INFO - Training model: original-tda-top_right
2025-03-08 04:52:46 - INFO - Model original-tda-top_right trained. Accuracy: 0.9831
2025-03-08 04:52:46 - INFO - Model original-tda-top_right completed in 419.08 seconds.
2025-03-08 04:52:46 - INFO - Training model: original-top_left-bottom_left
2025-03-08 04:57:52 - INFO - Model original-top_left-bottom_left trained. Accuracy: 0.9734
2025-03-08 04:57:52 - INFO - Model original-top_left-bottom_left completed in 305.35 seconds.
2025-03-08 04:57:52 - INFO - Training model: original-tda-top_left
2025-03-08 05:04:39 - INFO - Model original-tda-top_left trained. Accuracy: 0.9835
2025-03-08 05:04:39 - INFO - Model original-tda-top_left completed in 407.06 seconds.
2025-03-08 05:04:39 - INFO - Training model: original-tda-bottom_left
2025-03-08 05:11:33 - INFO - Model original-tda-bottom_left trained. Accuracy: 0.9826
2025-03-08 05:11:33 - INFO - Model original-tda-bottom_left completed in 414.66 seconds.
2025-03-08 05:11:33 - INFO - Training model: original-top_right-bottom_right-top_left
2025-03-08 05:18:10 - INFO - Model original-top_right-bottom_right-top_left trained. Accuracy: 0.9740
2025-03-08 05:18:10 - INFO - Model original-top_right-bottom_right-top_left completed in 396.27 seconds.
2025-03-08 05:18:10 - INFO - Training model: original-top_right-bottom_right-bottom_left
2025-03-08 05:24:53 - INFO - Model original-top_right-bottom_right-bottom_left trained. Accuracy: 0.9746
2025-03-08 05:24:53 - INFO - Model original-top_right-bottom_right-bottom_left completed in 403.33 seconds.
2025-03-08 05:24:53 - INFO - Training model: original-tda-top_right-bottom_right
2025-03-08 05:33:18 - INFO - Model original-tda-top_right-bottom_right trained. Accuracy: 0.9842
2025-03-08 05:33:18 - INFO - Model original-tda-top_right-bottom_right completed in 504.62 seconds.
2025-03-08 05:33:18 - INFO - Training model: original-bottom_left-bottom_right-top_left
2025-03-08 05:39:48 - INFO - Model original-bottom_left-bottom_right-top_left trained. Accuracy: 0.9753
2025-03-08 05:39:48 - INFO - Model original-bottom_left-bottom_right-top_left completed in 389.99 seconds.
2025-03-08 05:39:48 - INFO - Training model: original-tda-bottom_right-top_left
2025-03-08 05:48:00 - INFO - Model original-tda-bottom_right-top_left trained. Accuracy: 0.9843
2025-03-08 05:48:00 - INFO - Model original-tda-bottom_right-top_left completed in 491.95 seconds.
2025-03-08 05:48:00 - INFO - Training model: original-tda-bottom_right-bottom_left
2025-03-08 05:56:19 - INFO - Model original-tda-bottom_right-bottom_left trained. Accuracy: 0.9842
2025-03-08 05:56:19 - INFO - Model original-tda-bottom_right-bottom_left completed in 498.97 seconds.
2025-03-08 05:56:19 - INFO - Training model: original-top_right-top_left-bottom_left
2025-03-08 06:02:46 - INFO - Model original-top_right-top_left-bottom_left trained. Accuracy: 0.9745
2025-03-08 06:02:46 - INFO - Model original-top_right-top_left-bottom_left completed in 387.26 seconds.
2025-03-08 06:02:46 - INFO - Training model: original-tda-top_right-top_left
2025-03-08 06:10:55 - INFO - Model original-tda-top_right-top_left trained. Accuracy: 0.9843
2025-03-08 06:10:55 - INFO - Model original-tda-top_right-top_left completed in 489.52 seconds.
2025-03-08 06:10:55 - INFO - Training model: original-tda-top_right-bottom_left
2025-03-08 06:19:12 - INFO - Model original-tda-top_right-bottom_left trained. Accuracy: 0.9836
2025-03-08 06:19:12 - INFO - Model original-tda-top_right-bottom_left completed in 496.31 seconds.
2025-03-08 06:19:12 - INFO - Training model: original-tda-top_left-bottom_left
2025-03-08 06:27:15 - INFO - Model original-tda-top_left-bottom_left trained. Accuracy: 0.9837
2025-03-08 06:27:15 - INFO - Model original-tda-top_left-bottom_left completed in 483.59 seconds.
2025-03-08 06:27:15 - INFO - Training model: bottom_right-top_right-top_left-bottom_left-original
2025-03-08 06:35:09 - INFO - Model bottom_right-top_right-top_left-bottom_left-original trained. Accuracy: 0.9762
2025-03-08 06:35:09 - INFO - Model bottom_right-top_right-top_left-bottom_left-original completed in 474.04 seconds.
2025-03-08 06:35:09 - INFO - Training model: bottom_right-top_right-top_left-original-tda
2025-03-08 06:44:45 - INFO - Model bottom_right-top_right-top_left-original-tda trained. Accuracy: 0.9850
2025-03-08 06:44:45 - INFO - Model bottom_right-top_right-top_left-original-tda completed in 575.42 seconds.
2025-03-08 06:44:45 - INFO - Training model: bottom_right-top_right-bottom_left-original-tda
2025-03-08 06:54:27 - INFO - Model bottom_right-top_right-bottom_left-original-tda trained. Accuracy: 0.9849
2025-03-08 06:54:27 - INFO - Model bottom_right-top_right-bottom_left-original-tda completed in 582.18 seconds.
2025-03-08 06:54:27 - INFO - Training model: bottom_right-top_left-bottom_left-original-tda
2025-03-08 07:03:57 - INFO - Model bottom_right-top_left-bottom_left-original-tda trained. Accuracy: 0.9842
2025-03-08 07:03:57 - INFO - Model bottom_right-top_left-bottom_left-original-tda completed in 569.77 seconds.
2025-03-08 07:03:57 - INFO - Training model: top_right-top_left-bottom_left-original-tda
2025-03-08 07:13:26 - INFO - Model top_right-top_left-bottom_left-original-tda trained. Accuracy: 0.9838
2025-03-08 07:13:26 - INFO - Model top_right-top_left-bottom_left-original-tda completed in 569.28 seconds.
2025-03-08 07:13:26 - INFO - Training model: bottom_right-top_right-top_left-bottom_left-original-tda
2025-03-08 07:24:21 - INFO - Model bottom_right-top_right-top_left-bottom_left-original-tda trained. Accuracy: 0.9849
2025-03-08 07:24:21 - INFO - Model bottom_right-top_right-top_left-bottom_left-original-tda completed in 655.02 seconds.
2025-03-08 07:24:21 - INFO - All models trained successfully.
2025-03-08 07:24:21 - INFO - ========== [Model Training Completed] in 12823.67 seconds ==========
2025-03-08 07:24:21 - INFO - Model training completed successfully.
2025-03-08 07:24:21 - INFO - Finished reading and processing chunks.
2025-03-08 07:24:21 - INFO - Saving results...
2025-03-08 07:24:21 - INFO - Results saved to /home/jovyan/Workspace/workspace_mnist/results/experiment_trainsize_predictions_2025-03-08_07-24-21.json
2025-03-08 07:24:21 - INFO - Results successfully saved to /home/jovyan/Workspace/workspace_mnist/results/experiment_trainsize_predictions_2025-03-08_07-24-21.json
2025-03-08 07:24:21 - INFO - Garbage collection executed.
2025-03-08 07:24:21 - INFO - ========== [Experiment Completed] in 232.44 minutes ==========
