2025-03-07 17:16:46 - INFO - Logging initialized. Writing to /home/jovyan/Workspace/workspace_mnist/logs/experiment_logs_2025-03-07_17-16-46.log
2025-03-07 17:16:46 - INFO - ========== [Experiment Start] ==========
2025-03-07 17:16:46 - INFO - views generated
2025-03-07 17:16:46 - INFO - tda pipeline generated
2025-03-07 17:16:46 - INFO - Reading dataset in chunks from mnist_784.csv (chunk size: 70000)
2025-03-07 17:16:46 - INFO - Starting multiview data preparation for a chunk of size (70000, 784)...
2025-03-07 17:16:46 - INFO - Running using 8 jobs.
2025-03-07 17:16:46 - INFO - Splitting data: 63.4% train / 36.6% test (random_state=910968928)
2025-03-07 17:16:47 - INFO - Data split complete. Train size: (44357, 784), Test size: (25643, 784)
2025-03-07 17:16:47 - INFO - Reshaping train and test data into square images...
2025-03-07 17:16:47 - INFO - Reshaping complete. Train images: (44357, 28, 28), Test images: (25643, 28, 28)
2025-03-07 17:16:47 - INFO - Splitting images into quadrant views...
2025-03-07 17:16:47 - INFO - Quadrant view splitting complete. Train views: 4, Test views: 4
2025-03-07 17:16:47 - INFO - Starting TDA pipeline transformation on train data...
2025-03-07 17:28:34 - INFO - TDA transformation for train data completed.
2025-03-07 17:28:34 - INFO - Applying TDA pipeline transformation on test data...
2025-03-07 17:35:19 - INFO - TDA transformation for test data completed.
2025-03-07 17:35:19 - INFO - Starting model training...
2025-03-07 17:35:19 - INFO - Training model: original
2025-03-07 17:35:32 - INFO - Model original trained. Accuracy: 0.9676
2025-03-07 17:35:32 - INFO - Model original completed in 12.98 seconds.
2025-03-07 17:35:32 - INFO - Training model: original-bottom_right
2025-03-07 17:38:48 - INFO - Model original-bottom_right trained. Accuracy: 0.9715
2025-03-07 17:38:48 - INFO - Model original-bottom_right completed in 195.72 seconds.
2025-03-07 17:38:48 - INFO - Training model: original-top_right
2025-03-07 17:42:02 - INFO - Model original-top_right trained. Accuracy: 0.9707
2025-03-07 17:42:02 - INFO - Model original-top_right completed in 194.27 seconds.
2025-03-07 17:42:02 - INFO - Training model: original-top_left
2025-03-07 17:45:07 - INFO - Model original-top_left trained. Accuracy: 0.9709
2025-03-07 17:45:07 - INFO - Model original-top_left completed in 184.98 seconds.
2025-03-07 17:45:07 - INFO - Training model: original-bottom_left
2025-03-07 17:48:17 - INFO - Model original-bottom_left trained. Accuracy: 0.9710
2025-03-07 17:48:17 - INFO - Model original-bottom_left completed in 189.73 seconds.
2025-03-07 17:48:17 - INFO - Training model: original-tda
2025-03-07 17:52:50 - INFO - Model original-tda trained. Accuracy: 0.9833
2025-03-07 17:52:50 - INFO - Model original-tda completed in 273.42 seconds.
2025-03-07 17:52:50 - INFO - Training model: original-top_right-bottom_right
2025-03-07 17:57:15 - INFO - Model original-top_right-bottom_right trained. Accuracy: 0.9726
2025-03-07 17:57:15 - INFO - Model original-top_right-bottom_right completed in 264.67 seconds.
2025-03-07 17:57:15 - INFO - Training model: original-bottom_right-top_left
2025-03-07 18:01:33 - INFO - Model original-bottom_right-top_left trained. Accuracy: 0.9723
2025-03-07 18:01:33 - INFO - Model original-bottom_right-top_left completed in 257.62 seconds.
2025-03-07 18:01:33 - INFO - Training model: original-bottom_right-bottom_left
2025-03-07 18:05:53 - INFO - Model original-bottom_right-bottom_left trained. Accuracy: 0.9728
2025-03-07 18:05:53 - INFO - Model original-bottom_right-bottom_left completed in 260.07 seconds.
2025-03-07 18:05:53 - INFO - Training model: original-tda-bottom_right
2025-03-07 18:11:33 - INFO - Model original-tda-bottom_right trained. Accuracy: 0.9833
2025-03-07 18:11:33 - INFO - Model original-tda-bottom_right completed in 340.02 seconds.
2025-03-07 18:11:33 - INFO - Training model: original-top_right-top_left
2025-03-07 18:15:44 - INFO - Model original-top_right-top_left trained. Accuracy: 0.9723
2025-03-07 18:15:44 - INFO - Model original-top_right-top_left completed in 251.59 seconds.
2025-03-07 18:15:44 - INFO - Training model: original-top_right-bottom_left
2025-03-07 18:20:00 - INFO - Model original-top_right-bottom_left trained. Accuracy: 0.9730
2025-03-07 18:20:00 - INFO - Model original-top_right-bottom_left completed in 256.07 seconds.
2025-03-07 18:20:00 - INFO - Training model: original-tda-top_right
2025-03-07 18:25:37 - INFO - Model original-tda-top_right trained. Accuracy: 0.9832
2025-03-07 18:25:37 - INFO - Model original-tda-top_right completed in 337.01 seconds.
2025-03-07 18:25:37 - INFO - Training model: original-top_left-bottom_left
2025-03-07 18:29:45 - INFO - Model original-top_left-bottom_left trained. Accuracy: 0.9721
2025-03-07 18:29:45 - INFO - Model original-top_left-bottom_left completed in 247.67 seconds.
2025-03-07 18:29:45 - INFO - Training model: original-tda-top_left
2025-03-07 18:35:14 - INFO - Model original-tda-top_left trained. Accuracy: 0.9828
2025-03-07 18:35:14 - INFO - Model original-tda-top_left completed in 328.79 seconds.
2025-03-07 18:35:14 - INFO - Training model: original-tda-bottom_left
2025-03-07 18:40:49 - INFO - Model original-tda-bottom_left trained. Accuracy: 0.9821
2025-03-07 18:40:49 - INFO - Model original-tda-bottom_left completed in 334.80 seconds.
2025-03-07 18:40:49 - INFO - Training model: original-top_right-bottom_right-top_left
2025-03-07 18:46:10 - INFO - Model original-top_right-bottom_right-top_left trained. Accuracy: 0.9742
2025-03-07 18:46:10 - INFO - Model original-top_right-bottom_right-top_left completed in 321.68 seconds.
2025-03-07 18:46:10 - INFO - Training model: original-top_right-bottom_right-bottom_left
2025-03-07 18:51:36 - INFO - Model original-top_right-bottom_right-bottom_left trained. Accuracy: 0.9752
2025-03-07 18:51:36 - INFO - Model original-top_right-bottom_right-bottom_left completed in 326.06 seconds.
2025-03-07 18:51:36 - INFO - Training model: original-tda-top_right-bottom_right
2025-03-07 18:58:24 - INFO - Model original-tda-top_right-bottom_right trained. Accuracy: 0.9844
2025-03-07 18:58:24 - INFO - Model original-tda-top_right-bottom_right completed in 407.69 seconds.
2025-03-07 18:58:24 - INFO - Training model: original-bottom_left-bottom_right-top_left
2025-03-07 19:03:43 - INFO - Model original-bottom_left-bottom_right-top_left trained. Accuracy: 0.9739
2025-03-07 19:03:43 - INFO - Model original-bottom_left-bottom_right-top_left completed in 318.45 seconds.
2025-03-07 19:03:43 - INFO - Training model: original-tda-bottom_right-top_left
2025-03-07 19:10:20 - INFO - Model original-tda-bottom_right-top_left trained. Accuracy: 0.9837
2025-03-07 19:10:20 - INFO - Model original-tda-bottom_right-top_left completed in 397.78 seconds.
2025-03-07 19:10:20 - INFO - Training model: original-tda-bottom_right-bottom_left
2025-03-07 19:17:09 - INFO - Model original-tda-bottom_right-bottom_left trained. Accuracy: 0.9830
2025-03-07 19:17:09 - INFO - Model original-tda-bottom_right-bottom_left completed in 408.68 seconds.
2025-03-07 19:17:09 - INFO - Training model: original-top_right-top_left-bottom_left
2025-03-07 19:22:28 - INFO - Model original-top_right-top_left-bottom_left trained. Accuracy: 0.9746
2025-03-07 19:22:28 - INFO - Model original-top_right-top_left-bottom_left completed in 319.03 seconds.
2025-03-07 19:22:28 - INFO - Training model: original-tda-top_right-top_left
2025-03-07 19:29:12 - INFO - Model original-tda-top_right-top_left trained. Accuracy: 0.9837
2025-03-07 19:29:12 - INFO - Model original-tda-top_right-top_left completed in 404.29 seconds.
2025-03-07 19:29:12 - INFO - Training model: original-tda-top_right-bottom_left
2025-03-07 19:36:04 - INFO - Model original-tda-top_right-bottom_left trained. Accuracy: 0.9837
2025-03-07 19:36:04 - INFO - Model original-tda-top_right-bottom_left completed in 411.75 seconds.
2025-03-07 19:36:04 - INFO - Training model: original-tda-top_left-bottom_left
2025-03-07 19:42:44 - INFO - Model original-tda-top_left-bottom_left trained. Accuracy: 0.9829
2025-03-07 19:42:44 - INFO - Model original-tda-top_left-bottom_left completed in 400.02 seconds.
2025-03-07 19:42:44 - INFO - Training model: bottom_right-top_right-top_left-bottom_left-original
2025-03-07 19:49:14 - INFO - Model bottom_right-top_right-top_left-bottom_left-original trained. Accuracy: 0.9762
2025-03-07 19:49:14 - INFO - Model bottom_right-top_right-top_left-bottom_left-original completed in 389.64 seconds.
2025-03-07 19:49:14 - INFO - Training model: bottom_right-top_right-top_left-original-tda
2025-03-07 19:57:06 - INFO - Model bottom_right-top_right-top_left-original-tda trained. Accuracy: 0.9843
2025-03-07 19:57:06 - INFO - Model bottom_right-top_right-top_left-original-tda completed in 472.18 seconds.
2025-03-07 19:57:06 - INFO - Training model: bottom_right-top_right-bottom_left-original-tda
2025-03-07 20:04:59 - INFO - Model bottom_right-top_right-bottom_left-original-tda trained. Accuracy: 0.9851
2025-03-07 20:04:59 - INFO - Model bottom_right-top_right-bottom_left-original-tda completed in 473.04 seconds.
2025-03-07 20:04:59 - INFO - Training model: bottom_right-top_left-bottom_left-original-tda
2025-03-07 20:12:38 - INFO - Model bottom_right-top_left-bottom_left-original-tda trained. Accuracy: 0.9840
2025-03-07 20:12:38 - INFO - Model bottom_right-top_left-bottom_left-original-tda completed in 459.47 seconds.
2025-03-07 20:12:38 - INFO - Training model: top_right-top_left-bottom_left-original-tda
2025-03-07 20:20:19 - INFO - Model top_right-top_left-bottom_left-original-tda trained. Accuracy: 0.9841
2025-03-07 20:20:19 - INFO - Model top_right-top_left-bottom_left-original-tda completed in 460.20 seconds.
2025-03-07 20:20:19 - INFO - Training model: bottom_right-top_right-top_left-bottom_left-original-tda
2025-03-07 20:29:04 - INFO - Model bottom_right-top_right-top_left-bottom_left-original-tda trained. Accuracy: 0.9849
2025-03-07 20:29:04 - INFO - Model bottom_right-top_right-top_left-bottom_left-original-tda completed in 525.15 seconds.
2025-03-07 20:29:04 - INFO - All models trained successfully.
2025-03-07 20:29:04 - INFO - ========== [Model Training Completed] in 10424.54 seconds ==========
2025-03-07 20:29:04 - INFO - Model training completed successfully.
2025-03-07 20:29:04 - INFO - Finished reading and processing chunks.
2025-03-07 20:29:04 - INFO - Saving results...
2025-03-07 20:29:04 - INFO - Results saved to /home/jovyan/Workspace/workspace_mnist/results/experiment_trainsize_predictions_2025-03-07_20-29-04.json
2025-03-07 20:29:04 - INFO - Results successfully saved to /home/jovyan/Workspace/workspace_mnist/results/experiment_trainsize_predictions_2025-03-07_20-29-04.json
2025-03-07 20:29:04 - INFO - Garbage collection executed.
2025-03-07 20:29:04 - INFO - ========== [Experiment Completed] in 192.31 minutes ==========
