2025-03-07 14:17:25 - INFO - Logging initialized. Writing to /home/jovyan/Workspace/workspace_mnist/logs/experiment_logs_2025-03-07_14-17-25.log
2025-03-07 14:17:25 - INFO - ========== [Experiment Start] ==========
2025-03-07 14:17:25 - INFO - views generated
2025-03-07 14:17:25 - INFO - tda pipeline generated
2025-03-07 14:17:25 - INFO - Reading dataset in chunks from mnist_784.csv (chunk size: 70000)
2025-03-07 14:17:26 - INFO - Starting multiview data preparation for a chunk of size (70000, 784)...
2025-03-07 14:17:26 - INFO - Running using 8 jobs.
2025-03-07 14:17:26 - INFO - Splitting data: 59.2% train / 40.8% test (random_state=910968928)
2025-03-07 14:17:26 - INFO - Data split complete. Train size: (41447, 784), Test size: (28553, 784)
2025-03-07 14:17:26 - INFO - Reshaping train and test data into square images...
2025-03-07 14:17:26 - INFO - Reshaping complete. Train images: (41447, 28, 28), Test images: (28553, 28, 28)
2025-03-07 14:17:26 - INFO - Splitting images into quadrant views...
2025-03-07 14:17:26 - INFO - Quadrant view splitting complete. Train views: 4, Test views: 4
2025-03-07 14:17:26 - INFO - Starting TDA pipeline transformation on train data...
2025-03-07 14:28:24 - INFO - TDA transformation for train data completed.
2025-03-07 14:28:24 - INFO - Applying TDA pipeline transformation on test data...
2025-03-07 14:35:54 - INFO - TDA transformation for test data completed.
2025-03-07 14:35:54 - INFO - Starting model training...
2025-03-07 14:35:54 - INFO - Training model: original
2025-03-07 14:36:06 - INFO - Model original trained. Accuracy: 0.9673
2025-03-07 14:36:06 - INFO - Model original completed in 12.31 seconds.
2025-03-07 14:36:06 - INFO - Training model: original-bottom_right
2025-03-07 14:39:10 - INFO - Model original-bottom_right trained. Accuracy: 0.9716
2025-03-07 14:39:10 - INFO - Model original-bottom_right completed in 183.94 seconds.
2025-03-07 14:39:10 - INFO - Training model: original-top_right
2025-03-07 14:42:11 - INFO - Model original-top_right trained. Accuracy: 0.9696
2025-03-07 14:42:11 - INFO - Model original-top_right completed in 180.68 seconds.
2025-03-07 14:42:11 - INFO - Training model: original-top_left
2025-03-07 14:45:02 - INFO - Model original-top_left trained. Accuracy: 0.9704
2025-03-07 14:45:02 - INFO - Model original-top_left completed in 171.43 seconds.
2025-03-07 14:45:02 - INFO - Training model: original-bottom_left
2025-03-07 14:47:58 - INFO - Model original-bottom_left trained. Accuracy: 0.9698
2025-03-07 14:47:58 - INFO - Model original-bottom_left completed in 176.16 seconds.
2025-03-07 14:47:58 - INFO - Training model: original-tda
2025-03-07 14:52:11 - INFO - Model original-tda trained. Accuracy: 0.9835
2025-03-07 14:52:11 - INFO - Model original-tda completed in 252.83 seconds.
2025-03-07 14:52:11 - INFO - Training model: original-top_right-bottom_right
2025-03-07 14:56:16 - INFO - Model original-top_right-bottom_right trained. Accuracy: 0.9720
2025-03-07 14:56:16 - INFO - Model original-top_right-bottom_right completed in 244.92 seconds.
2025-03-07 14:56:16 - INFO - Training model: original-bottom_right-top_left
2025-03-07 15:00:12 - INFO - Model original-bottom_right-top_left trained. Accuracy: 0.9730
2025-03-07 15:00:12 - INFO - Model original-bottom_right-top_left completed in 235.72 seconds.
2025-03-07 15:00:12 - INFO - Training model: original-bottom_right-bottom_left
2025-03-07 15:04:13 - INFO - Model original-bottom_right-bottom_left trained. Accuracy: 0.9722
2025-03-07 15:04:13 - INFO - Model original-bottom_right-bottom_left completed in 241.14 seconds.
2025-03-07 15:04:13 - INFO - Training model: original-tda-bottom_right
2025-03-07 15:09:29 - INFO - Model original-tda-bottom_right trained. Accuracy: 0.9837
2025-03-07 15:09:29 - INFO - Model original-tda-bottom_right completed in 316.40 seconds.
2025-03-07 15:09:29 - INFO - Training model: original-top_right-top_left
2025-03-07 15:13:23 - INFO - Model original-top_right-top_left trained. Accuracy: 0.9712
2025-03-07 15:13:23 - INFO - Model original-top_right-top_left completed in 233.89 seconds.
2025-03-07 15:13:23 - INFO - Training model: original-top_right-bottom_left
2025-03-07 15:17:22 - INFO - Model original-top_right-bottom_left trained. Accuracy: 0.9719
2025-03-07 15:17:22 - INFO - Model original-top_right-bottom_left completed in 238.42 seconds.
2025-03-07 15:17:22 - INFO - Training model: original-tda-top_right
2025-03-07 15:22:38 - INFO - Model original-tda-top_right trained. Accuracy: 0.9831
2025-03-07 15:22:38 - INFO - Model original-tda-top_right completed in 316.21 seconds.
2025-03-07 15:22:38 - INFO - Training model: original-top_left-bottom_left
2025-03-07 15:26:30 - INFO - Model original-top_left-bottom_left trained. Accuracy: 0.9728
2025-03-07 15:26:30 - INFO - Model original-top_left-bottom_left completed in 232.66 seconds.
2025-03-07 15:26:30 - INFO - Training model: original-tda-top_left
2025-03-07 15:31:33 - INFO - Model original-tda-top_left trained. Accuracy: 0.9828
2025-03-07 15:31:33 - INFO - Model original-tda-top_left completed in 302.24 seconds.
2025-03-07 15:31:33 - INFO - Training model: original-tda-bottom_left
2025-03-07 15:36:40 - INFO - Model original-tda-bottom_left trained. Accuracy: 0.9829
2025-03-07 15:36:40 - INFO - Model original-tda-bottom_left completed in 307.65 seconds.
2025-03-07 15:36:40 - INFO - Training model: original-top_right-bottom_right-top_left
2025-03-07 15:41:38 - INFO - Model original-top_right-bottom_right-top_left trained. Accuracy: 0.9745
2025-03-07 15:41:38 - INFO - Model original-top_right-bottom_right-top_left completed in 297.90 seconds.
2025-03-07 15:41:38 - INFO - Training model: original-top_right-bottom_right-bottom_left
2025-03-07 15:46:44 - INFO - Model original-top_right-bottom_right-bottom_left trained. Accuracy: 0.9743
2025-03-07 15:46:44 - INFO - Model original-top_right-bottom_right-bottom_left completed in 305.40 seconds.
2025-03-07 15:46:44 - INFO - Training model: original-tda-top_right-bottom_right
2025-03-07 15:53:02 - INFO - Model original-tda-top_right-bottom_right trained. Accuracy: 0.9841
2025-03-07 15:53:02 - INFO - Model original-tda-top_right-bottom_right completed in 378.35 seconds.
2025-03-07 15:53:02 - INFO - Training model: original-bottom_left-bottom_right-top_left
2025-03-07 15:57:57 - INFO - Model original-bottom_left-bottom_right-top_left trained. Accuracy: 0.9748
2025-03-07 15:57:57 - INFO - Model original-bottom_left-bottom_right-top_left completed in 294.68 seconds.
2025-03-07 15:57:57 - INFO - Training model: original-tda-bottom_right-top_left
2025-03-07 16:04:07 - INFO - Model original-tda-bottom_right-top_left trained. Accuracy: 0.9836
2025-03-07 16:04:07 - INFO - Model original-tda-bottom_right-top_left completed in 370.04 seconds.
2025-03-07 16:04:07 - INFO - Training model: original-tda-bottom_right-bottom_left
2025-03-07 16:10:21 - INFO - Model original-tda-bottom_right-bottom_left trained. Accuracy: 0.9835
2025-03-07 16:10:21 - INFO - Model original-tda-bottom_right-bottom_left completed in 374.03 seconds.
2025-03-07 16:10:21 - INFO - Training model: original-top_right-top_left-bottom_left
2025-03-07 16:15:12 - INFO - Model original-top_right-top_left-bottom_left trained. Accuracy: 0.9740
2025-03-07 16:15:12 - INFO - Model original-top_right-top_left-bottom_left completed in 291.15 seconds.
2025-03-07 16:15:12 - INFO - Training model: original-tda-top_right-top_left
2025-03-07 16:21:20 - INFO - Model original-tda-top_right-top_left trained. Accuracy: 0.9829
2025-03-07 16:21:20 - INFO - Model original-tda-top_right-top_left completed in 368.40 seconds.
2025-03-07 16:21:20 - INFO - Training model: original-tda-top_right-bottom_left
2025-03-07 16:27:34 - INFO - Model original-tda-top_right-bottom_left trained. Accuracy: 0.9836
2025-03-07 16:27:34 - INFO - Model original-tda-top_right-bottom_left completed in 373.95 seconds.
2025-03-07 16:27:34 - INFO - Training model: original-tda-top_left-bottom_left
2025-03-07 16:33:40 - INFO - Model original-tda-top_left-bottom_left trained. Accuracy: 0.9827
2025-03-07 16:33:40 - INFO - Model original-tda-top_left-bottom_left completed in 365.58 seconds.
2025-03-07 16:33:40 - INFO - Training model: bottom_right-top_right-top_left-bottom_left-original
2025-03-07 16:39:40 - INFO - Model bottom_right-top_right-top_left-bottom_left-original trained. Accuracy: 0.9765
2025-03-07 16:39:40 - INFO - Model bottom_right-top_right-top_left-bottom_left-original completed in 359.77 seconds.
2025-03-07 16:39:40 - INFO - Training model: bottom_right-top_right-top_left-original-tda
2025-03-07 16:46:56 - INFO - Model bottom_right-top_right-top_left-original-tda trained. Accuracy: 0.9846
2025-03-07 16:46:56 - INFO - Model bottom_right-top_right-top_left-original-tda completed in 436.68 seconds.
2025-03-07 16:46:56 - INFO - Training model: bottom_right-top_right-bottom_left-original-tda
2025-03-07 16:54:13 - INFO - Model bottom_right-top_right-bottom_left-original-tda trained. Accuracy: 0.9843
2025-03-07 16:54:13 - INFO - Model bottom_right-top_right-bottom_left-original-tda completed in 436.79 seconds.
2025-03-07 16:54:13 - INFO - Training model: bottom_right-top_left-bottom_left-original-tda
2025-03-07 17:01:22 - INFO - Model bottom_right-top_left-bottom_left-original-tda trained. Accuracy: 0.9841
2025-03-07 17:01:22 - INFO - Model bottom_right-top_left-bottom_left-original-tda completed in 428.92 seconds.
2025-03-07 17:01:22 - INFO - Training model: top_right-top_left-bottom_left-original-tda
2025-03-07 17:08:28 - INFO - Model top_right-top_left-bottom_left-original-tda trained. Accuracy: 0.9840
2025-03-07 17:08:28 - INFO - Model top_right-top_left-bottom_left-original-tda completed in 426.53 seconds.
2025-03-07 17:08:28 - INFO - Training model: bottom_right-top_right-top_left-bottom_left-original-tda
2025-03-07 17:16:45 - INFO - Model bottom_right-top_right-top_left-bottom_left-original-tda trained. Accuracy: 0.9850
2025-03-07 17:16:45 - INFO - Model bottom_right-top_right-top_left-bottom_left-original-tda completed in 496.75 seconds.
2025-03-07 17:16:45 - INFO - All models trained successfully.
2025-03-07 17:16:45 - INFO - ========== [Model Training Completed] in 9651.52 seconds ==========
2025-03-07 17:16:45 - INFO - Model training completed successfully.
2025-03-07 17:16:45 - INFO - Finished reading and processing chunks.
2025-03-07 17:16:45 - INFO - Saving results...
2025-03-07 17:16:46 - INFO - Results saved to /home/jovyan/Workspace/workspace_mnist/results/experiment_trainsize_predictions_2025-03-07_17-16-45.json
2025-03-07 17:16:46 - INFO - Results successfully saved to /home/jovyan/Workspace/workspace_mnist/results/experiment_trainsize_predictions_2025-03-07_17-16-45.json
2025-03-07 17:16:46 - INFO - Garbage collection executed.
2025-03-07 17:16:46 - INFO - ========== [Experiment Completed] in 179.34 minutes ==========
