2025-03-07 02:30:37 - INFO - Logging initialized. Writing to /home/jovyan/Workspace/workspace_mnist/logs/experiment_logs_2025-03-07_02-30-37.log
2025-03-07 02:30:37 - INFO - ========== [Experiment Start] ==========
2025-03-07 02:30:37 - INFO - views generated
2025-03-07 02:30:37 - INFO - tda pipeline generated
2025-03-07 02:30:37 - INFO - Reading dataset in chunks from mnist_784.csv (chunk size: 70000)
2025-03-07 02:30:38 - INFO - Starting multiview data preparation for a chunk of size (70000, 784)...
2025-03-07 02:30:38 - INFO - Running using 8 jobs.
2025-03-07 02:30:38 - INFO - Splitting data: 38.4% train / 61.6% test (random_state=910968928)
2025-03-07 02:30:38 - INFO - Data split complete. Train size: (26894, 784), Test size: (43106, 784)
2025-03-07 02:30:38 - INFO - Reshaping train and test data into square images...
2025-03-07 02:30:38 - INFO - Reshaping complete. Train images: (26894, 28, 28), Test images: (43106, 28, 28)
2025-03-07 02:30:38 - INFO - Splitting images into quadrant views...
2025-03-07 02:30:38 - INFO - Quadrant view splitting complete. Train views: 4, Test views: 4
2025-03-07 02:30:38 - INFO - Starting TDA pipeline transformation on train data...
2025-03-07 02:37:50 - INFO - TDA transformation for train data completed.
2025-03-07 02:37:50 - INFO - Applying TDA pipeline transformation on test data...
2025-03-07 02:49:35 - INFO - TDA transformation for test data completed.
2025-03-07 02:49:35 - INFO - Starting model training...
2025-03-07 02:49:35 - INFO - Training model: original
2025-03-07 02:49:43 - INFO - Model original trained. Accuracy: 0.9615
2025-03-07 02:49:43 - INFO - Model original completed in 7.79 seconds.
2025-03-07 02:49:43 - INFO - Training model: original-bottom_right
2025-03-07 02:51:36 - INFO - Model original-bottom_right trained. Accuracy: 0.9659
2025-03-07 02:51:36 - INFO - Model original-bottom_right completed in 113.26 seconds.
2025-03-07 02:51:36 - INFO - Training model: original-top_right
2025-03-07 02:53:29 - INFO - Model original-top_right trained. Accuracy: 0.9643
2025-03-07 02:53:29 - INFO - Model original-top_right completed in 112.64 seconds.
2025-03-07 02:53:29 - INFO - Training model: original-top_left
2025-03-07 02:55:15 - INFO - Model original-top_left trained. Accuracy: 0.9643
2025-03-07 02:55:15 - INFO - Model original-top_left completed in 106.12 seconds.
2025-03-07 02:55:15 - INFO - Training model: original-bottom_left
2025-03-07 02:57:04 - INFO - Model original-bottom_left trained. Accuracy: 0.9642
2025-03-07 02:57:04 - INFO - Model original-bottom_left completed in 109.78 seconds.
2025-03-07 02:57:04 - INFO - Training model: original-tda
2025-03-07 02:59:37 - INFO - Model original-tda trained. Accuracy: 0.9805
2025-03-07 02:59:37 - INFO - Model original-tda completed in 153.07 seconds.
2025-03-07 02:59:37 - INFO - Training model: original-top_right-bottom_right
2025-03-07 03:02:10 - INFO - Model original-top_right-bottom_right trained. Accuracy: 0.9673
2025-03-07 03:02:10 - INFO - Model original-top_right-bottom_right completed in 152.62 seconds.
2025-03-07 03:02:10 - INFO - Training model: original-bottom_right-top_left
2025-03-07 03:04:38 - INFO - Model original-bottom_right-top_left trained. Accuracy: 0.9673
2025-03-07 03:04:38 - INFO - Model original-bottom_right-top_left completed in 147.67 seconds.
2025-03-07 03:04:38 - INFO - Training model: original-bottom_right-bottom_left
2025-03-07 03:07:09 - INFO - Model original-bottom_right-bottom_left trained. Accuracy: 0.9664
2025-03-07 03:07:09 - INFO - Model original-bottom_right-bottom_left completed in 151.19 seconds.
2025-03-07 03:07:09 - INFO - Training model: original-tda-bottom_right
2025-03-07 03:10:22 - INFO - Model original-tda-bottom_right trained. Accuracy: 0.9813
2025-03-07 03:10:22 - INFO - Model original-tda-bottom_right completed in 193.28 seconds.
2025-03-07 03:10:22 - INFO - Training model: original-top_right-top_left
2025-03-07 03:12:48 - INFO - Model original-top_right-top_left trained. Accuracy: 0.9661
2025-03-07 03:12:48 - INFO - Model original-top_right-top_left completed in 145.67 seconds.
2025-03-07 03:12:48 - INFO - Training model: original-top_right-bottom_left
2025-03-07 03:15:17 - INFO - Model original-top_right-bottom_left trained. Accuracy: 0.9662
2025-03-07 03:15:17 - INFO - Model original-top_right-bottom_left completed in 149.25 seconds.
2025-03-07 03:15:17 - INFO - Training model: original-tda-top_right
2025-03-07 03:18:31 - INFO - Model original-tda-top_right trained. Accuracy: 0.9803
2025-03-07 03:18:31 - INFO - Model original-tda-top_right completed in 193.59 seconds.
2025-03-07 03:18:31 - INFO - Training model: original-top_left-bottom_left
2025-03-07 03:20:54 - INFO - Model original-top_left-bottom_left trained. Accuracy: 0.9657
2025-03-07 03:20:54 - INFO - Model original-top_left-bottom_left completed in 142.73 seconds.
2025-03-07 03:20:54 - INFO - Training model: original-tda-top_left
2025-03-07 03:23:58 - INFO - Model original-tda-top_left trained. Accuracy: 0.9798
2025-03-07 03:23:58 - INFO - Model original-tda-top_left completed in 184.86 seconds.
2025-03-07 03:23:58 - INFO - Training model: original-tda-bottom_left
2025-03-07 03:27:07 - INFO - Model original-tda-bottom_left trained. Accuracy: 0.9793
2025-03-07 03:27:07 - INFO - Model original-tda-bottom_left completed in 188.54 seconds.
2025-03-07 03:27:07 - INFO - Training model: original-top_right-bottom_right-top_left
2025-03-07 03:30:12 - INFO - Model original-top_right-bottom_right-top_left trained. Accuracy: 0.9700
2025-03-07 03:30:12 - INFO - Model original-top_right-bottom_right-top_left completed in 184.83 seconds.
2025-03-07 03:30:12 - INFO - Training model: original-top_right-bottom_right-bottom_left
2025-03-07 03:33:20 - INFO - Model original-top_right-bottom_right-bottom_left trained. Accuracy: 0.9685
2025-03-07 03:33:20 - INFO - Model original-top_right-bottom_right-bottom_left completed in 188.58 seconds.
2025-03-07 03:33:20 - INFO - Training model: original-tda-top_right-bottom_right
2025-03-07 03:37:12 - INFO - Model original-tda-top_right-bottom_right trained. Accuracy: 0.9817
2025-03-07 03:37:12 - INFO - Model original-tda-top_right-bottom_right completed in 231.53 seconds.
2025-03-07 03:37:12 - INFO - Training model: original-bottom_left-bottom_right-top_left
2025-03-07 03:40:14 - INFO - Model original-bottom_left-bottom_right-top_left trained. Accuracy: 0.9686
2025-03-07 03:40:14 - INFO - Model original-bottom_left-bottom_right-top_left completed in 181.95 seconds.
2025-03-07 03:40:14 - INFO - Training model: original-tda-bottom_right-top_left
2025-03-07 03:44:00 - INFO - Model original-tda-bottom_right-top_left trained. Accuracy: 0.9815
2025-03-07 03:44:00 - INFO - Model original-tda-bottom_right-top_left completed in 226.24 seconds.
2025-03-07 03:44:00 - INFO - Training model: original-tda-bottom_right-bottom_left
2025-03-07 03:47:49 - INFO - Model original-tda-bottom_right-bottom_left trained. Accuracy: 0.9809
2025-03-07 03:47:49 - INFO - Model original-tda-bottom_right-bottom_left completed in 228.59 seconds.
2025-03-07 03:47:49 - INFO - Training model: original-top_right-top_left-bottom_left
2025-03-07 03:50:50 - INFO - Model original-top_right-top_left-bottom_left trained. Accuracy: 0.9683
2025-03-07 03:50:50 - INFO - Model original-top_right-top_left-bottom_left completed in 181.82 seconds.
2025-03-07 03:50:50 - INFO - Training model: original-tda-top_right-top_left
2025-03-07 03:54:35 - INFO - Model original-tda-top_right-top_left trained. Accuracy: 0.9810
2025-03-07 03:54:35 - INFO - Model original-tda-top_right-top_left completed in 224.86 seconds.
2025-03-07 03:54:35 - INFO - Training model: original-tda-top_right-bottom_left
2025-03-07 03:58:24 - INFO - Model original-tda-top_right-bottom_left trained. Accuracy: 0.9808
2025-03-07 03:58:24 - INFO - Model original-tda-top_right-bottom_left completed in 228.38 seconds.
2025-03-07 03:58:24 - INFO - Training model: original-tda-top_left-bottom_left
2025-03-07 04:02:06 - INFO - Model original-tda-top_left-bottom_left trained. Accuracy: 0.9794
2025-03-07 04:02:06 - INFO - Model original-tda-top_left-bottom_left completed in 222.25 seconds.
2025-03-07 04:02:06 - INFO - Training model: bottom_right-top_right-top_left-bottom_left-original
2025-03-07 04:05:48 - INFO - Model bottom_right-top_right-top_left-bottom_left-original trained. Accuracy: 0.9711
2025-03-07 04:05:48 - INFO - Model bottom_right-top_right-top_left-bottom_left-original completed in 222.39 seconds.
2025-03-07 04:05:48 - INFO - Training model: bottom_right-top_right-top_left-original-tda
2025-03-07 04:10:14 - INFO - Model bottom_right-top_right-top_left-original-tda trained. Accuracy: 0.9823
2025-03-07 04:10:14 - INFO - Model bottom_right-top_right-top_left-original-tda completed in 265.30 seconds.
2025-03-07 04:10:14 - INFO - Training model: bottom_right-top_right-bottom_left-original-tda
2025-03-07 04:14:42 - INFO - Model bottom_right-top_right-bottom_left-original-tda trained. Accuracy: 0.9820
2025-03-07 04:14:42 - INFO - Model bottom_right-top_right-bottom_left-original-tda completed in 268.80 seconds.
2025-03-07 04:14:42 - INFO - Training model: bottom_right-top_left-bottom_left-original-tda
2025-03-07 04:19:06 - INFO - Model bottom_right-top_left-bottom_left-original-tda trained. Accuracy: 0.9816
2025-03-07 04:19:06 - INFO - Model bottom_right-top_left-bottom_left-original-tda completed in 263.88 seconds.
2025-03-07 04:19:06 - INFO - Training model: top_right-top_left-bottom_left-original-tda
2025-03-07 04:23:27 - INFO - Model top_right-top_left-bottom_left-original-tda trained. Accuracy: 0.9814
2025-03-07 04:23:27 - INFO - Model top_right-top_left-bottom_left-original-tda completed in 261.02 seconds.
2025-03-07 04:23:27 - INFO - Training model: bottom_right-top_right-top_left-bottom_left-original-tda
2025-03-07 04:28:31 - INFO - Model bottom_right-top_right-top_left-bottom_left-original-tda trained. Accuracy: 0.9822
2025-03-07 04:28:31 - INFO - Model bottom_right-top_right-top_left-bottom_left-original-tda completed in 303.77 seconds.
2025-03-07 04:28:31 - INFO - All models trained successfully.
2025-03-07 04:28:31 - INFO - ========== [Model Training Completed] in 5936.29 seconds ==========
2025-03-07 04:28:31 - INFO - Model training completed successfully.
2025-03-07 04:28:31 - INFO - Finished reading and processing chunks.
2025-03-07 04:28:31 - INFO - Saving results...
2025-03-07 04:28:32 - INFO - Results saved to /home/jovyan/Workspace/workspace_mnist/results/experiment_trainsize_predictions_2025-03-07_04-28-31.json
2025-03-07 04:28:32 - INFO - Results successfully saved to /home/jovyan/Workspace/workspace_mnist/results/experiment_trainsize_predictions_2025-03-07_04-28-31.json
2025-03-07 04:28:32 - INFO - Garbage collection executed.
2025-03-07 04:28:32 - INFO - ========== [Experiment Completed] in 117.90 minutes ==========
