2025-08-07 13:45:42 - INFO - Logging initialized.
 Writing to /home/jovyan/Workspace/workspace_mnist/logs/exp_icecream_noise_saltpepper_40_part2/experiment_logs_2025-08-07_13-45-42.log
2025-08-07 13:45:42 - INFO - ========== [Experiment Start] ==========
2025-08-07 13:45:42 - INFO - Views combinations successfully generated.
2025-08-07 13:45:42 - INFO - Topological Data Analysis pipeline generated.
2025-08-07 13:45:42 - INFO - Folder to save results has been created.
2025-08-07 13:45:42 - INFO - Reading dataset from mnist_784.csv (chunk size: 70000).
2025-08-07 13:45:43 - INFO - Starting multiview data preparation for a chunk of size (70000, 784)...
2025-08-07 13:45:43 - INFO - Running using 20 jobs.
2025-08-07 13:45:43 - INFO - Contaminating dataset with salt_pepper, quantity=0.4, transparency=0.
2025-08-07 13:45:47 - INFO - Splitting data: 80.0% train / 30.0% test (random_state=851108922)
2025-08-07 13:45:47 - INFO - Using full training data without second split.
2025-08-07 13:45:47 - INFO - Data split complete. Train size: (49000, 784), Test size: (21000, 784)
2025-08-07 13:45:47 - INFO - Reshaping train and test data into square images...
2025-08-07 13:45:47 - INFO - Reshaping complete. Train images shape: (49000, 28, 28), Test images shape: (21000, 28, 28)
2025-08-07 13:45:47 - INFO - Splitting images into quadrant views...
2025-08-07 13:45:47 - INFO - Quadrant view splitting complete. Train views: 4, Test views: 4
2025-08-07 13:45:47 - INFO - Starting TDA pipeline transformation on train data...
2025-08-07 13:56:21 - INFO - TDA transformation for train completed (10.57 minutes).
2025-08-07 13:56:21 - INFO - Applying TDA pipeline transformation on test data...
2025-08-07 14:01:07 - INFO - TDA transformation for test completed (4.77 minutes).
2025-08-07 14:01:07 - INFO - ========== [Model Training Start] ==========
2025-08-07 14:01:07 - INFO - Training model: original
2025-08-07 14:01:09 - INFO - Model original completed in 1.36 seconds.
2025-08-07 14:01:09 - INFO - >>> Model original trained. Accuracy: 0.7783 (1.36 sec.)
2025-08-07 14:01:09 - INFO - Training model: top_right-original
2025-08-07 14:01:20 - INFO - Model top_right-original completed in 11.76 seconds.
2025-08-07 14:01:20 - INFO - >>> Model top_right-original trained. Accuracy: 0.8259 (11.76 sec.)
2025-08-07 14:01:20 - INFO - Training model: top_left-original
2025-08-07 14:01:32 - INFO - Model top_left-original completed in 11.69 seconds.
2025-08-07 14:01:32 - INFO - >>> Model top_left-original trained. Accuracy: 0.8107 (11.69 sec.)
2025-08-07 14:01:32 - INFO - Training model: bottom_right-original
2025-08-07 14:01:44 - INFO - Model bottom_right-original completed in 11.61 seconds.
2025-08-07 14:01:44 - INFO - >>> Model bottom_right-original trained. Accuracy: 0.8039 (11.61 sec.)
2025-08-07 14:01:44 - INFO - Training model: bottom_left-original
2025-08-07 14:01:55 - INFO - Model bottom_left-original completed in 11.49 seconds.
2025-08-07 14:01:55 - INFO - >>> Model bottom_left-original trained. Accuracy: 0.8047 (11.49 sec.)
2025-08-07 14:01:55 - INFO - Training model: tda-original
2025-08-07 14:02:20 - INFO - Model tda-original completed in 25.39 seconds.
2025-08-07 14:02:20 - INFO - >>> Model tda-original trained. Accuracy: 0.7970 (25.39 sec.)
2025-08-07 14:02:20 - INFO - Training model: top_right-top_left-original
2025-08-07 14:02:36 - INFO - Model top_right-top_left-original completed in 15.33 seconds.
2025-08-07 14:02:36 - INFO - >>> Model top_right-top_left-original trained. Accuracy: 0.8440 (15.33 sec.)
2025-08-07 14:02:36 - INFO - Training model: top_right-bottom_right-original
2025-08-07 14:02:52 - INFO - Model top_right-bottom_right-original completed in 15.81 seconds.
2025-08-07 14:02:52 - INFO - >>> Model top_right-bottom_right-original trained. Accuracy: 0.8412 (15.81 sec.)
2025-08-07 14:02:52 - INFO - Training model: bottom_left-top_right-original
2025-08-07 14:03:07 - INFO - Model bottom_left-top_right-original completed in 15.63 seconds.
2025-08-07 14:03:07 - INFO - >>> Model bottom_left-top_right-original trained. Accuracy: 0.8412 (15.63 sec.)
2025-08-07 14:03:07 - INFO - Training model: tda-top_right-original
2025-08-07 14:03:36 - INFO - Model tda-top_right-original completed in 28.86 seconds.
2025-08-07 14:03:36 - INFO - >>> Model tda-top_right-original trained. Accuracy: 0.8315 (28.86 sec.)
2025-08-07 14:03:36 - INFO - Training model: bottom_right-top_left-original
2025-08-07 14:03:51 - INFO - Model bottom_right-top_left-original completed in 15.35 seconds.
2025-08-07 14:03:51 - INFO - >>> Model bottom_right-top_left-original trained. Accuracy: 0.8241 (15.35 sec.)
2025-08-07 14:03:51 - INFO - Training model: bottom_left-top_left-original
2025-08-07 14:04:07 - INFO - Model bottom_left-top_left-original completed in 15.11 seconds.
2025-08-07 14:04:07 - INFO - >>> Model bottom_left-top_left-original trained. Accuracy: 0.8292 (15.11 sec.)
2025-08-07 14:04:07 - INFO - Training model: tda-top_left-original
2025-08-07 14:04:36 - INFO - Model tda-top_left-original completed in 29.02 seconds.
2025-08-07 14:04:36 - INFO - >>> Model tda-top_left-original trained. Accuracy: 0.8145 (29.02 sec.)
2025-08-07 14:04:36 - INFO - Training model: bottom_left-bottom_right-original
2025-08-07 14:04:51 - INFO - Model bottom_left-bottom_right-original completed in 15.60 seconds.
2025-08-07 14:04:51 - INFO - >>> Model bottom_left-bottom_right-original trained. Accuracy: 0.8180 (15.60 sec.)
2025-08-07 14:04:51 - INFO - Training model: tda-bottom_right-original
2025-08-07 14:05:21 - INFO - Model tda-bottom_right-original completed in 29.78 seconds.
2025-08-07 14:05:21 - INFO - >>> Model tda-bottom_right-original trained. Accuracy: 0.8119 (29.78 sec.)
2025-08-07 14:05:21 - INFO - Training model: bottom_left-tda-original
2025-08-07 14:05:51 - INFO - Model bottom_left-tda-original completed in 29.72 seconds.
2025-08-07 14:05:51 - INFO - >>> Model bottom_left-tda-original trained. Accuracy: 0.8093 (29.72 sec.)
2025-08-07 14:05:51 - INFO - Training model: bottom_right-top_right-top_left-original
2025-08-07 14:06:11 - INFO - Model bottom_right-top_right-top_left-original completed in 20.23 seconds.
2025-08-07 14:06:11 - INFO - >>> Model bottom_right-top_right-top_left-original trained. Accuracy: 0.8599 (20.23 sec.)
2025-08-07 14:06:11 - INFO - Training model: bottom_left-top_right-top_left-original
2025-08-07 14:06:30 - INFO - Model bottom_left-top_right-top_left-original completed in 19.21 seconds.
2025-08-07 14:06:30 - INFO - >>> Model bottom_left-top_right-top_left-original trained. Accuracy: 0.8657 (19.21 sec.)
2025-08-07 14:06:30 - INFO - Training model: tda-top_right-top_left-original
2025-08-07 14:07:03 - INFO - Model tda-top_right-top_left-original completed in 33.07 seconds.
2025-08-07 14:07:03 - INFO - >>> Model tda-top_right-top_left-original trained. Accuracy: 0.8483 (33.07 sec.)
2025-08-07 14:07:03 - INFO - Training model: bottom_left-top_right-bottom_right-original
2025-08-07 14:07:23 - INFO - Model bottom_left-top_right-bottom_right-original completed in 20.08 seconds.
2025-08-07 14:07:23 - INFO - >>> Model bottom_left-top_right-bottom_right-original trained. Accuracy: 0.8561 (20.08 sec.)
2025-08-07 14:07:23 - INFO - Training model: tda-top_right-bottom_right-original
2025-08-07 14:07:57 - INFO - Model tda-top_right-bottom_right-original completed in 33.39 seconds.
2025-08-07 14:07:57 - INFO - >>> Model tda-top_right-bottom_right-original trained. Accuracy: 0.8444 (33.39 sec.)
2025-08-07 14:07:57 - INFO - Training model: bottom_left-top_right-tda-original
2025-08-07 14:08:30 - INFO - Model bottom_left-top_right-tda-original completed in 33.47 seconds.
2025-08-07 14:08:30 - INFO - >>> Model bottom_left-top_right-tda-original trained. Accuracy: 0.8465 (33.47 sec.)
2025-08-07 14:08:30 - INFO - Training model: bottom_left-bottom_right-top_left-original
2025-08-07 14:08:49 - INFO - Model bottom_left-bottom_right-top_left-original completed in 19.09 seconds.
2025-08-07 14:08:49 - INFO - >>> Model bottom_left-bottom_right-top_left-original trained. Accuracy: 0.8426 (19.09 sec.)
2025-08-07 14:08:49 - INFO - Training model: bottom_right-top_left-original-tda
2025-08-07 14:09:22 - INFO - Model bottom_right-top_left-original-tda completed in 33.13 seconds.
2025-08-07 14:09:22 - INFO - >>> Model bottom_right-top_left-original-tda trained. Accuracy: 0.8314 (33.13 sec.)
2025-08-07 14:09:22 - INFO - Training model: bottom_left-top_left-original-tda
2025-08-07 14:09:56 - INFO - Model bottom_left-top_left-original-tda completed in 33.21 seconds.
2025-08-07 14:09:56 - INFO - >>> Model bottom_left-top_left-original-tda trained. Accuracy: 0.8320 (33.21 sec.)
2025-08-07 14:09:56 - INFO - Training model: bottom_left-bottom_right-original-tda
2025-08-07 14:10:29 - INFO - Model bottom_left-bottom_right-original-tda completed in 33.69 seconds.
2025-08-07 14:10:29 - INFO - >>> Model bottom_left-bottom_right-original-tda trained. Accuracy: 0.8231 (33.69 sec.)
2025-08-07 14:10:29 - INFO - Training model: top_right-bottom_right-top_left-bottom_left-original
2025-08-07 14:10:53 - INFO - Model top_right-bottom_right-top_left-bottom_left-original completed in 24.12 seconds.
2025-08-07 14:10:53 - INFO - >>> Model top_right-bottom_right-top_left-bottom_left-original trained. Accuracy: 0.8774 (24.12 sec.)
2025-08-07 14:10:53 - INFO - Training model: top_right-bottom_right-top_left-tda-original
2025-08-07 14:11:31 - INFO - Model top_right-bottom_right-top_left-tda-original completed in 37.76 seconds.
2025-08-07 14:11:31 - INFO - >>> Model top_right-bottom_right-top_left-tda-original trained. Accuracy: 0.8636 (37.76 sec.)
2025-08-07 14:11:31 - INFO - Training model: top_right-top_left-bottom_left-tda-original
2025-08-07 14:12:09 - INFO - Model top_right-top_left-bottom_left-tda-original completed in 37.91 seconds.
2025-08-07 14:12:09 - INFO - >>> Model top_right-top_left-bottom_left-tda-original trained. Accuracy: 0.8660 (37.91 sec.)
2025-08-07 14:12:09 - INFO - Training model: top_right-bottom_right-bottom_left-tda-original
2025-08-07 14:12:47 - INFO - Model top_right-bottom_right-bottom_left-tda-original completed in 38.24 seconds.
2025-08-07 14:12:47 - INFO - >>> Model top_right-bottom_right-bottom_left-tda-original trained. Accuracy: 0.8578 (38.24 sec.)
2025-08-07 14:12:47 - INFO - Training model: bottom_right-top_left-bottom_left-tda-original
2025-08-07 14:13:24 - INFO - Model bottom_right-top_left-bottom_left-tda-original completed in 36.71 seconds.
2025-08-07 14:13:24 - INFO - >>> Model bottom_right-top_left-bottom_left-tda-original trained. Accuracy: 0.8440 (36.71 sec.)
2025-08-07 14:13:24 - INFO - Training model: top_right-bottom_right-top_left-bottom_left-tda-original
2025-08-07 14:14:05 - INFO - Model top_right-bottom_right-top_left-bottom_left-tda-original completed in 41.31 seconds.
2025-08-07 14:14:05 - INFO - >>> Model top_right-bottom_right-top_left-bottom_left-tda-original trained. Accuracy: 0.8769 (41.31 sec.)
2025-08-07 14:14:05 - INFO - All models trained successfully.
2025-08-07 14:14:05 - INFO - ========== [Model Training Completed] in 12.97 minutes ==========
2025-08-07 14:14:05 - INFO - ========== [Experiment Training Complete] ==========
2025-08-07 14:14:06 - INFO - Results saved to /home/jovyan/Workspace/workspace_mnist/results/exp_icecream_noise_saltpepper_40_part2/exp_icecream_noise_saltpepper_40_part2_2025-08-07_14-14-05.json
2025-08-07 14:14:06 - INFO - Results successfully saved to /home/jovyan/Workspace/workspace_mnist/results/exp_icecream_noise_saltpepper_40_part2/exp_icecream_noise_saltpepper_40_part2_2025-08-07_14-14-05.json
2025-08-07 14:14:06 - INFO - Forced Garbage collection executed to Free Memory.
2025-08-07 14:14:06 - INFO - ========== [Experiment Completed] in 28.39 minutes ==========
