2025-08-07 11:51:08 - INFO - Logging initialized.
 Writing to /home/jovyan/Workspace/workspace_mnist/logs/exp_icecream_noise_saltpepper_40_part2/experiment_logs_2025-08-07_11-51-08.log
2025-08-07 11:51:08 - INFO - ========== [Experiment Start] ==========
2025-08-07 11:51:08 - INFO - Views combinations successfully generated.
2025-08-07 11:51:08 - INFO - Topological Data Analysis pipeline generated.
2025-08-07 11:51:08 - INFO - Folder to save results has been created.
2025-08-07 11:51:08 - INFO - Reading dataset from mnist_784.csv (chunk size: 70000).
2025-08-07 11:51:09 - INFO - Starting multiview data preparation for a chunk of size (70000, 784)...
2025-08-07 11:51:09 - INFO - Running using 20 jobs.
2025-08-07 11:51:09 - INFO - Contaminating dataset with salt_pepper, quantity=0.4, transparency=0.
2025-08-07 11:51:13 - INFO - Splitting data: 80.0% train / 30.0% test (random_state=395739315)
2025-08-07 11:51:13 - INFO - Using full training data without second split.
2025-08-07 11:51:13 - INFO - Data split complete. Train size: (49000, 784), Test size: (21000, 784)
2025-08-07 11:51:13 - INFO - Reshaping train and test data into square images...
2025-08-07 11:51:13 - INFO - Reshaping complete. Train images shape: (49000, 28, 28), Test images shape: (21000, 28, 28)
2025-08-07 11:51:13 - INFO - Splitting images into quadrant views...
2025-08-07 11:51:13 - INFO - Quadrant view splitting complete. Train views: 4, Test views: 4
2025-08-07 11:51:13 - INFO - Starting TDA pipeline transformation on train data...
2025-08-07 12:01:58 - INFO - TDA transformation for train completed (10.74 minutes).
2025-08-07 12:01:58 - INFO - Applying TDA pipeline transformation on test data...
2025-08-07 12:06:26 - INFO - TDA transformation for test completed (4.47 minutes).
2025-08-07 12:06:26 - INFO - ========== [Model Training Start] ==========
2025-08-07 12:06:26 - INFO - Training model: original
2025-08-07 12:06:27 - INFO - Model original completed in 1.34 seconds.
2025-08-07 12:06:27 - INFO - >>> Model original trained. Accuracy: 0.7791 (1.34 sec.)
2025-08-07 12:06:27 - INFO - Training model: top_right-original
2025-08-07 12:06:39 - INFO - Model top_right-original completed in 11.73 seconds.
2025-08-07 12:06:39 - INFO - >>> Model top_right-original trained. Accuracy: 0.8241 (11.73 sec.)
2025-08-07 12:06:39 - INFO - Training model: top_left-original
2025-08-07 12:06:50 - INFO - Model top_left-original completed in 11.72 seconds.
2025-08-07 12:06:50 - INFO - >>> Model top_left-original trained. Accuracy: 0.8063 (11.72 sec.)
2025-08-07 12:06:50 - INFO - Training model: bottom_right-original
2025-08-07 12:07:02 - INFO - Model bottom_right-original completed in 11.89 seconds.
2025-08-07 12:07:02 - INFO - >>> Model bottom_right-original trained. Accuracy: 0.8011 (11.89 sec.)
2025-08-07 12:07:02 - INFO - Training model: bottom_left-original
2025-08-07 12:07:14 - INFO - Model bottom_left-original completed in 11.95 seconds.
2025-08-07 12:07:14 - INFO - >>> Model bottom_left-original trained. Accuracy: 0.8003 (11.95 sec.)
2025-08-07 12:07:14 - INFO - Training model: tda-original
2025-08-07 12:07:40 - INFO - Model tda-original completed in 25.27 seconds.
2025-08-07 12:07:40 - INFO - >>> Model tda-original trained. Accuracy: 0.7968 (25.27 sec.)
2025-08-07 12:07:40 - INFO - Training model: top_right-top_left-original
2025-08-07 12:07:56 - INFO - Model top_right-top_left-original completed in 16.18 seconds.
2025-08-07 12:07:56 - INFO - >>> Model top_right-top_left-original trained. Accuracy: 0.8412 (16.18 sec.)
2025-08-07 12:07:56 - INFO - Training model: top_right-bottom_right-original
2025-08-07 12:08:12 - INFO - Model top_right-bottom_right-original completed in 16.23 seconds.
2025-08-07 12:08:12 - INFO - >>> Model top_right-bottom_right-original trained. Accuracy: 0.8379 (16.23 sec.)
2025-08-07 12:08:12 - INFO - Training model: bottom_left-top_right-original
2025-08-07 12:08:28 - INFO - Model bottom_left-top_right-original completed in 16.11 seconds.
2025-08-07 12:08:28 - INFO - >>> Model bottom_left-top_right-original trained. Accuracy: 0.8425 (16.11 sec.)
2025-08-07 12:08:28 - INFO - Training model: tda-top_right-original
2025-08-07 12:08:58 - INFO - Model tda-top_right-original completed in 29.71 seconds.
2025-08-07 12:08:58 - INFO - >>> Model tda-top_right-original trained. Accuracy: 0.8301 (29.71 sec.)
2025-08-07 12:08:58 - INFO - Training model: bottom_right-top_left-original
2025-08-07 12:09:14 - INFO - Model bottom_right-top_left-original completed in 15.97 seconds.
2025-08-07 12:09:14 - INFO - >>> Model bottom_right-top_left-original trained. Accuracy: 0.8208 (15.97 sec.)
2025-08-07 12:09:14 - INFO - Training model: bottom_left-top_left-original
2025-08-07 12:09:29 - INFO - Model bottom_left-top_left-original completed in 15.68 seconds.
2025-08-07 12:09:29 - INFO - >>> Model bottom_left-top_left-original trained. Accuracy: 0.8237 (15.68 sec.)
2025-08-07 12:09:29 - INFO - Training model: tda-top_left-original
2025-08-07 12:09:58 - INFO - Model tda-top_left-original completed in 28.82 seconds.
2025-08-07 12:09:58 - INFO - >>> Model tda-top_left-original trained. Accuracy: 0.8142 (28.82 sec.)
2025-08-07 12:09:58 - INFO - Training model: bottom_left-bottom_right-original
2025-08-07 12:10:14 - INFO - Model bottom_left-bottom_right-original completed in 16.08 seconds.
2025-08-07 12:10:14 - INFO - >>> Model bottom_left-bottom_right-original trained. Accuracy: 0.8148 (16.08 sec.)
2025-08-07 12:10:14 - INFO - Training model: tda-bottom_right-original
2025-08-07 12:10:45 - INFO - Model tda-bottom_right-original completed in 30.33 seconds.
2025-08-07 12:10:45 - INFO - >>> Model tda-bottom_right-original trained. Accuracy: 0.8081 (30.33 sec.)
2025-08-07 12:10:45 - INFO - Training model: bottom_left-tda-original
2025-08-07 12:11:15 - INFO - Model bottom_left-tda-original completed in 30.10 seconds.
2025-08-07 12:11:15 - INFO - >>> Model bottom_left-tda-original trained. Accuracy: 0.8071 (30.10 sec.)
2025-08-07 12:11:15 - INFO - Training model: bottom_right-top_right-top_left-original
2025-08-07 12:11:35 - INFO - Model bottom_right-top_right-top_left-original completed in 20.12 seconds.
2025-08-07 12:11:35 - INFO - >>> Model bottom_right-top_right-top_left-original trained. Accuracy: 0.8576 (20.12 sec.)
2025-08-07 12:11:35 - INFO - Training model: bottom_left-top_right-top_left-original
2025-08-07 12:11:55 - INFO - Model bottom_left-top_right-top_left-original completed in 19.82 seconds.
2025-08-07 12:11:55 - INFO - >>> Model bottom_left-top_right-top_left-original trained. Accuracy: 0.8615 (19.82 sec.)
2025-08-07 12:11:55 - INFO - Training model: tda-top_right-top_left-original
2025-08-07 12:12:28 - INFO - Model tda-top_right-top_left-original completed in 33.29 seconds.
2025-08-07 12:12:28 - INFO - >>> Model tda-top_right-top_left-original trained. Accuracy: 0.8461 (33.29 sec.)
2025-08-07 12:12:28 - INFO - Training model: bottom_left-top_right-bottom_right-original
2025-08-07 12:12:48 - INFO - Model bottom_left-top_right-bottom_right-original completed in 20.28 seconds.
2025-08-07 12:12:48 - INFO - >>> Model bottom_left-top_right-bottom_right-original trained. Accuracy: 0.8534 (20.28 sec.)
2025-08-07 12:12:48 - INFO - Training model: tda-top_right-bottom_right-original
2025-08-07 12:13:22 - INFO - Model tda-top_right-bottom_right-original completed in 33.89 seconds.
2025-08-07 12:13:22 - INFO - >>> Model tda-top_right-bottom_right-original trained. Accuracy: 0.8419 (33.89 sec.)
2025-08-07 12:13:22 - INFO - Training model: bottom_left-top_right-tda-original
2025-08-07 12:13:56 - INFO - Model bottom_left-top_right-tda-original completed in 33.94 seconds.
2025-08-07 12:13:56 - INFO - >>> Model bottom_left-top_right-tda-original trained. Accuracy: 0.8446 (33.94 sec.)
2025-08-07 12:13:56 - INFO - Training model: bottom_left-bottom_right-top_left-original
2025-08-07 12:14:16 - INFO - Model bottom_left-bottom_right-top_left-original completed in 19.86 seconds.
2025-08-07 12:14:16 - INFO - >>> Model bottom_left-bottom_right-top_left-original trained. Accuracy: 0.8380 (19.86 sec.)
2025-08-07 12:14:16 - INFO - Training model: bottom_right-top_left-original-tda
2025-08-07 12:14:50 - INFO - Model bottom_right-top_left-original-tda completed in 33.91 seconds.
2025-08-07 12:14:50 - INFO - >>> Model bottom_right-top_left-original-tda trained. Accuracy: 0.8283 (33.91 sec.)
2025-08-07 12:14:50 - INFO - Training model: bottom_left-top_left-original-tda
2025-08-07 12:15:23 - INFO - Model bottom_left-top_left-original-tda completed in 33.35 seconds.
2025-08-07 12:15:23 - INFO - >>> Model bottom_left-top_left-original-tda trained. Accuracy: 0.8284 (33.35 sec.)
2025-08-07 12:15:23 - INFO - Training model: bottom_left-bottom_right-original-tda
2025-08-07 12:15:58 - INFO - Model bottom_left-bottom_right-original-tda completed in 34.26 seconds.
2025-08-07 12:15:58 - INFO - >>> Model bottom_left-bottom_right-original-tda trained. Accuracy: 0.8198 (34.26 sec.)
2025-08-07 12:15:58 - INFO - Training model: top_right-bottom_right-top_left-bottom_left-original
2025-08-07 12:16:22 - INFO - Model top_right-bottom_right-top_left-bottom_left-original completed in 24.11 seconds.
2025-08-07 12:16:22 - INFO - >>> Model top_right-bottom_right-top_left-bottom_left-original trained. Accuracy: 0.8723 (24.11 sec.)
2025-08-07 12:16:22 - INFO - Training model: top_right-bottom_right-top_left-tda-original
2025-08-07 12:17:00 - INFO - Model top_right-bottom_right-top_left-tda-original completed in 37.91 seconds.
2025-08-07 12:17:00 - INFO - >>> Model top_right-bottom_right-top_left-tda-original trained. Accuracy: 0.8590 (37.91 sec.)
2025-08-07 12:17:00 - INFO - Training model: top_right-top_left-bottom_left-tda-original
2025-08-07 12:17:37 - INFO - Model top_right-top_left-bottom_left-tda-original completed in 37.67 seconds.
2025-08-07 12:17:37 - INFO - >>> Model top_right-top_left-bottom_left-tda-original trained. Accuracy: 0.8606 (37.67 sec.)
2025-08-07 12:17:37 - INFO - Training model: top_right-bottom_right-bottom_left-tda-original
2025-08-07 12:18:15 - INFO - Model top_right-bottom_right-bottom_left-tda-original completed in 37.78 seconds.
2025-08-07 12:18:15 - INFO - >>> Model top_right-bottom_right-bottom_left-tda-original trained. Accuracy: 0.8555 (37.78 sec.)
2025-08-07 12:18:15 - INFO - Training model: bottom_right-top_left-bottom_left-tda-original
2025-08-07 12:18:53 - INFO - Model bottom_right-top_left-bottom_left-tda-original completed in 37.75 seconds.
2025-08-07 12:18:53 - INFO - >>> Model bottom_right-top_left-bottom_left-tda-original trained. Accuracy: 0.8398 (37.75 sec.)
2025-08-07 12:18:53 - INFO - Training model: top_right-bottom_right-top_left-bottom_left-tda-original
2025-08-07 12:19:35 - INFO - Model top_right-bottom_right-top_left-bottom_left-tda-original completed in 42.67 seconds.
2025-08-07 12:19:35 - INFO - >>> Model top_right-bottom_right-top_left-bottom_left-tda-original trained. Accuracy: 0.8729 (42.67 sec.)
2025-08-07 12:19:35 - INFO - All models trained successfully.
2025-08-07 12:19:35 - INFO - ========== [Model Training Completed] in 13.16 minutes ==========
2025-08-07 12:19:35 - INFO - ========== [Experiment Training Complete] ==========
2025-08-07 12:19:36 - INFO - Results saved to /home/jovyan/Workspace/workspace_mnist/results/exp_icecream_noise_saltpepper_40_part2/exp_icecream_noise_saltpepper_40_part2_2025-08-07_12-19-35.json
2025-08-07 12:19:36 - INFO - Results successfully saved to /home/jovyan/Workspace/workspace_mnist/results/exp_icecream_noise_saltpepper_40_part2/exp_icecream_noise_saltpepper_40_part2_2025-08-07_12-19-35.json
2025-08-07 12:19:36 - INFO - Forced Garbage collection executed to Free Memory.
2025-08-07 12:19:36 - INFO - ========== [Experiment Completed] in 28.46 minutes ==========
