2025-08-07 15:11:23 - INFO - Logging initialized.
 Writing to /home/jovyan/Workspace/workspace_mnist/logs/exp_icecream_noise_saltpepper_40_part2/experiment_logs_2025-08-07_15-11-23.log
2025-08-07 15:11:23 - INFO - ========== [Experiment Start] ==========
2025-08-07 15:11:23 - INFO - Views combinations successfully generated.
2025-08-07 15:11:23 - INFO - Topological Data Analysis pipeline generated.
2025-08-07 15:11:23 - INFO - Folder to save results has been created.
2025-08-07 15:11:23 - INFO - Reading dataset from mnist_784.csv (chunk size: 70000).
2025-08-07 15:11:24 - INFO - Starting multiview data preparation for a chunk of size (70000, 784)...
2025-08-07 15:11:24 - INFO - Running using 20 jobs.
2025-08-07 15:11:24 - INFO - Contaminating dataset with salt_pepper, quantity=0.4, transparency=0.
2025-08-07 15:11:28 - INFO - Splitting data: 80.0% train / 30.0% test (random_state=61261524)
2025-08-07 15:11:28 - INFO - Using full training data without second split.
2025-08-07 15:11:28 - INFO - Data split complete. Train size: (49000, 784), Test size: (21000, 784)
2025-08-07 15:11:28 - INFO - Reshaping train and test data into square images...
2025-08-07 15:11:28 - INFO - Reshaping complete. Train images shape: (49000, 28, 28), Test images shape: (21000, 28, 28)
2025-08-07 15:11:28 - INFO - Splitting images into quadrant views...
2025-08-07 15:11:28 - INFO - Quadrant view splitting complete. Train views: 4, Test views: 4
2025-08-07 15:11:28 - INFO - Starting TDA pipeline transformation on train data...
2025-08-07 15:22:54 - INFO - TDA transformation for train completed (11.43 minutes).
2025-08-07 15:22:54 - INFO - Applying TDA pipeline transformation on test data...
2025-08-07 15:27:33 - INFO - TDA transformation for test completed (4.66 minutes).
2025-08-07 15:27:33 - INFO - ========== [Model Training Start] ==========
2025-08-07 15:27:33 - INFO - Training model: original
2025-08-07 15:27:35 - INFO - Model original completed in 1.36 seconds.
2025-08-07 15:27:35 - INFO - >>> Model original trained. Accuracy: 0.7784 (1.36 sec.)
2025-08-07 15:27:35 - INFO - Training model: top_right-original
2025-08-07 15:27:46 - INFO - Model top_right-original completed in 11.52 seconds.
2025-08-07 15:27:46 - INFO - >>> Model top_right-original trained. Accuracy: 0.8249 (11.52 sec.)
2025-08-07 15:27:46 - INFO - Training model: top_left-original
2025-08-07 15:27:58 - INFO - Model top_left-original completed in 11.63 seconds.
2025-08-07 15:27:58 - INFO - >>> Model top_left-original trained. Accuracy: 0.8118 (11.63 sec.)
2025-08-07 15:27:58 - INFO - Training model: bottom_right-original
2025-08-07 15:28:09 - INFO - Model bottom_right-original completed in 11.48 seconds.
2025-08-07 15:28:09 - INFO - >>> Model bottom_right-original trained. Accuracy: 0.8033 (11.48 sec.)
2025-08-07 15:28:09 - INFO - Training model: bottom_left-original
2025-08-07 15:28:21 - INFO - Model bottom_left-original completed in 11.71 seconds.
2025-08-07 15:28:21 - INFO - >>> Model bottom_left-original trained. Accuracy: 0.8053 (11.71 sec.)
2025-08-07 15:28:21 - INFO - Training model: tda-original
2025-08-07 15:28:46 - INFO - Model tda-original completed in 25.58 seconds.
2025-08-07 15:28:46 - INFO - >>> Model tda-original trained. Accuracy: 0.7990 (25.58 sec.)
2025-08-07 15:28:46 - INFO - Training model: top_right-top_left-original
2025-08-07 15:29:02 - INFO - Model top_right-top_left-original completed in 15.43 seconds.
2025-08-07 15:29:02 - INFO - >>> Model top_right-top_left-original trained. Accuracy: 0.8433 (15.43 sec.)
2025-08-07 15:29:02 - INFO - Training model: top_right-bottom_right-original
2025-08-07 15:29:18 - INFO - Model top_right-bottom_right-original completed in 15.90 seconds.
2025-08-07 15:29:18 - INFO - >>> Model top_right-bottom_right-original trained. Accuracy: 0.8380 (15.90 sec.)
2025-08-07 15:29:18 - INFO - Training model: bottom_left-top_right-original
2025-08-07 15:29:34 - INFO - Model bottom_left-top_right-original completed in 16.04 seconds.
2025-08-07 15:29:34 - INFO - >>> Model bottom_left-top_right-original trained. Accuracy: 0.8402 (16.04 sec.)
2025-08-07 15:29:34 - INFO - Training model: tda-top_right-original
2025-08-07 15:30:04 - INFO - Model tda-top_right-original completed in 30.10 seconds.
2025-08-07 15:30:04 - INFO - >>> Model tda-top_right-original trained. Accuracy: 0.8285 (30.10 sec.)
2025-08-07 15:30:04 - INFO - Training model: bottom_right-top_left-original
2025-08-07 15:30:20 - INFO - Model bottom_right-top_left-original completed in 15.71 seconds.
2025-08-07 15:30:20 - INFO - >>> Model bottom_right-top_left-original trained. Accuracy: 0.8243 (15.71 sec.)
2025-08-07 15:30:20 - INFO - Training model: bottom_left-top_left-original
2025-08-07 15:30:35 - INFO - Model bottom_left-top_left-original completed in 15.79 seconds.
2025-08-07 15:30:35 - INFO - >>> Model bottom_left-top_left-original trained. Accuracy: 0.8288 (15.79 sec.)
2025-08-07 15:30:35 - INFO - Training model: tda-top_left-original
2025-08-07 15:31:05 - INFO - Model tda-top_left-original completed in 29.43 seconds.
2025-08-07 15:31:05 - INFO - >>> Model tda-top_left-original trained. Accuracy: 0.8159 (29.43 sec.)
2025-08-07 15:31:05 - INFO - Training model: bottom_left-bottom_right-original
2025-08-07 15:31:21 - INFO - Model bottom_left-bottom_right-original completed in 16.28 seconds.
2025-08-07 15:31:21 - INFO - >>> Model bottom_left-bottom_right-original trained. Accuracy: 0.8183 (16.28 sec.)
2025-08-07 15:31:21 - INFO - Training model: tda-bottom_right-original
2025-08-07 15:31:52 - INFO - Model tda-bottom_right-original completed in 30.35 seconds.
2025-08-07 15:31:52 - INFO - >>> Model tda-bottom_right-original trained. Accuracy: 0.8100 (30.35 sec.)
2025-08-07 15:31:52 - INFO - Training model: bottom_left-tda-original
2025-08-07 15:32:21 - INFO - Model bottom_left-tda-original completed in 29.83 seconds.
2025-08-07 15:32:21 - INFO - >>> Model bottom_left-tda-original trained. Accuracy: 0.8083 (29.83 sec.)
2025-08-07 15:32:21 - INFO - Training model: bottom_right-top_right-top_left-original
2025-08-07 15:32:41 - INFO - Model bottom_right-top_right-top_left-original completed in 20.10 seconds.
2025-08-07 15:32:41 - INFO - >>> Model bottom_right-top_right-top_left-original trained. Accuracy: 0.8582 (20.10 sec.)
2025-08-07 15:32:41 - INFO - Training model: bottom_left-top_right-top_left-original
2025-08-07 15:33:01 - INFO - Model bottom_left-top_right-top_left-original completed in 19.98 seconds.
2025-08-07 15:33:01 - INFO - >>> Model bottom_left-top_right-top_left-original trained. Accuracy: 0.8623 (19.98 sec.)
2025-08-07 15:33:01 - INFO - Training model: tda-top_right-top_left-original
2025-08-07 15:33:35 - INFO - Model tda-top_right-top_left-original completed in 33.53 seconds.
2025-08-07 15:33:35 - INFO - >>> Model tda-top_right-top_left-original trained. Accuracy: 0.8482 (33.53 sec.)
2025-08-07 15:33:35 - INFO - Training model: bottom_left-top_right-bottom_right-original
2025-08-07 15:33:55 - INFO - Model bottom_left-top_right-bottom_right-original completed in 20.34 seconds.
2025-08-07 15:33:55 - INFO - >>> Model bottom_left-top_right-bottom_right-original trained. Accuracy: 0.8536 (20.34 sec.)
2025-08-07 15:33:55 - INFO - Training model: tda-top_right-bottom_right-original
2025-08-07 15:34:29 - INFO - Model tda-top_right-bottom_right-original completed in 33.79 seconds.
2025-08-07 15:34:29 - INFO - >>> Model tda-top_right-bottom_right-original trained. Accuracy: 0.8438 (33.79 sec.)
2025-08-07 15:34:29 - INFO - Training model: bottom_left-top_right-tda-original
2025-08-07 15:35:03 - INFO - Model bottom_left-top_right-tda-original completed in 33.59 seconds.
2025-08-07 15:35:03 - INFO - >>> Model bottom_left-top_right-tda-original trained. Accuracy: 0.8440 (33.59 sec.)
2025-08-07 15:35:03 - INFO - Training model: bottom_left-bottom_right-top_left-original
2025-08-07 15:35:23 - INFO - Model bottom_left-bottom_right-top_left-original completed in 19.82 seconds.
2025-08-07 15:35:23 - INFO - >>> Model bottom_left-bottom_right-top_left-original trained. Accuracy: 0.8431 (19.82 sec.)
2025-08-07 15:35:23 - INFO - Training model: bottom_right-top_left-original-tda
2025-08-07 15:35:56 - INFO - Model bottom_right-top_left-original-tda completed in 33.32 seconds.
2025-08-07 15:35:56 - INFO - >>> Model bottom_right-top_left-original-tda trained. Accuracy: 0.8303 (33.32 sec.)
2025-08-07 15:35:56 - INFO - Training model: bottom_left-top_left-original-tda
2025-08-07 15:36:30 - INFO - Model bottom_left-top_left-original-tda completed in 33.84 seconds.
2025-08-07 15:36:30 - INFO - >>> Model bottom_left-top_left-original-tda trained. Accuracy: 0.8328 (33.84 sec.)
2025-08-07 15:36:30 - INFO - Training model: bottom_left-bottom_right-original-tda
2025-08-07 15:37:04 - INFO - Model bottom_left-bottom_right-original-tda completed in 33.97 seconds.
2025-08-07 15:37:04 - INFO - >>> Model bottom_left-bottom_right-original-tda trained. Accuracy: 0.8241 (33.97 sec.)
2025-08-07 15:37:04 - INFO - Training model: top_right-bottom_right-top_left-bottom_left-original
2025-08-07 15:37:28 - INFO - Model top_right-bottom_right-top_left-bottom_left-original completed in 24.48 seconds.
2025-08-07 15:37:28 - INFO - >>> Model top_right-bottom_right-top_left-bottom_left-original trained. Accuracy: 0.8754 (24.48 sec.)
2025-08-07 15:37:28 - INFO - Training model: top_right-bottom_right-top_left-tda-original
2025-08-07 15:38:06 - INFO - Model top_right-bottom_right-top_left-tda-original completed in 38.08 seconds.
2025-08-07 15:38:06 - INFO - >>> Model top_right-bottom_right-top_left-tda-original trained. Accuracy: 0.8612 (38.08 sec.)
2025-08-07 15:38:06 - INFO - Training model: top_right-top_left-bottom_left-tda-original
2025-08-07 15:38:44 - INFO - Model top_right-top_left-bottom_left-tda-original completed in 38.17 seconds.
2025-08-07 15:38:44 - INFO - >>> Model top_right-top_left-bottom_left-tda-original trained. Accuracy: 0.8625 (38.17 sec.)
2025-08-07 15:38:44 - INFO - Training model: top_right-bottom_right-bottom_left-tda-original
2025-08-07 15:39:23 - INFO - Model top_right-bottom_right-bottom_left-tda-original completed in 38.69 seconds.
2025-08-07 15:39:23 - INFO - >>> Model top_right-bottom_right-bottom_left-tda-original trained. Accuracy: 0.8573 (38.69 sec.)
2025-08-07 15:39:23 - INFO - Training model: bottom_right-top_left-bottom_left-tda-original
2025-08-07 15:40:01 - INFO - Model bottom_right-top_left-bottom_left-tda-original completed in 38.06 seconds.
2025-08-07 15:40:01 - INFO - >>> Model bottom_right-top_left-bottom_left-tda-original trained. Accuracy: 0.8474 (38.06 sec.)
2025-08-07 15:40:01 - INFO - Training model: top_right-bottom_right-top_left-bottom_left-tda-original
2025-08-07 15:40:44 - INFO - Model top_right-bottom_right-top_left-bottom_left-tda-original completed in 42.39 seconds.
2025-08-07 15:40:44 - INFO - >>> Model top_right-bottom_right-top_left-bottom_left-tda-original trained. Accuracy: 0.8733 (42.39 sec.)
2025-08-07 15:40:44 - INFO - All models trained successfully.
2025-08-07 15:40:44 - INFO - ========== [Model Training Completed] in 13.17 minutes ==========
2025-08-07 15:40:44 - INFO - ========== [Experiment Training Complete] ==========
2025-08-07 15:40:44 - INFO - Results saved to /home/jovyan/Workspace/workspace_mnist/results/exp_icecream_noise_saltpepper_40_part2/exp_icecream_noise_saltpepper_40_part2_2025-08-07_15-40-44.json
2025-08-07 15:40:44 - INFO - Results successfully saved to /home/jovyan/Workspace/workspace_mnist/results/exp_icecream_noise_saltpepper_40_part2/exp_icecream_noise_saltpepper_40_part2_2025-08-07_15-40-44.json
2025-08-07 15:40:44 - INFO - Forced Garbage collection executed to Free Memory.
2025-08-07 15:40:44 - INFO - ========== [Experiment Completed] in 29.35 minutes ==========
