2025-08-08 02:17:04 - INFO - Logging initialized.
 Writing to /home/jovyan/Workspace/workspace_mnist/logs/exp_icecream_noise_saltpepper_40_part2/experiment_logs_2025-08-08_02-17-04.log
2025-08-08 02:17:04 - INFO - ========== [Experiment Start] ==========
2025-08-08 02:17:04 - INFO - Views combinations successfully generated.
2025-08-08 02:17:04 - INFO - Topological Data Analysis pipeline generated.
2025-08-08 02:17:04 - INFO - Folder to save results has been created.
2025-08-08 02:17:04 - INFO - Reading dataset from mnist_784.csv (chunk size: 70000).
2025-08-08 02:17:05 - INFO - Starting multiview data preparation for a chunk of size (70000, 784)...
2025-08-08 02:17:05 - INFO - Running using 20 jobs.
2025-08-08 02:17:05 - INFO - Contaminating dataset with salt_pepper, quantity=0.4, transparency=0.
2025-08-08 02:17:09 - INFO - Splitting data: 80.0% train / 30.0% test (random_state=402522088)
2025-08-08 02:17:09 - INFO - Using full training data without second split.
2025-08-08 02:17:09 - INFO - Data split complete. Train size: (49000, 784), Test size: (21000, 784)
2025-08-08 02:17:09 - INFO - Reshaping train and test data into square images...
2025-08-08 02:17:09 - INFO - Reshaping complete. Train images shape: (49000, 28, 28), Test images shape: (21000, 28, 28)
2025-08-08 02:17:09 - INFO - Splitting images into quadrant views...
2025-08-08 02:17:09 - INFO - Quadrant view splitting complete. Train views: 4, Test views: 4
2025-08-08 02:17:09 - INFO - Starting TDA pipeline transformation on train data...
2025-08-08 02:28:19 - INFO - TDA transformation for train completed (11.17 minutes).
2025-08-08 02:28:19 - INFO - Applying TDA pipeline transformation on test data...
2025-08-08 02:32:52 - INFO - TDA transformation for test completed (4.55 minutes).
2025-08-08 02:32:52 - INFO - ========== [Model Training Start] ==========
2025-08-08 02:32:52 - INFO - Training model: original
2025-08-08 02:32:54 - INFO - Model original completed in 1.56 seconds.
2025-08-08 02:32:54 - INFO - >>> Model original trained. Accuracy: 0.7751 (1.56 sec.)
2025-08-08 02:32:54 - INFO - Training model: top_right-original
2025-08-08 02:33:05 - INFO - Model top_right-original completed in 11.85 seconds.
2025-08-08 02:33:05 - INFO - >>> Model top_right-original trained. Accuracy: 0.8246 (11.85 sec.)
2025-08-08 02:33:05 - INFO - Training model: top_left-original
2025-08-08 02:33:17 - INFO - Model top_left-original completed in 11.66 seconds.
2025-08-08 02:33:17 - INFO - >>> Model top_left-original trained. Accuracy: 0.8082 (11.66 sec.)
2025-08-08 02:33:17 - INFO - Training model: bottom_right-original
2025-08-08 02:33:29 - INFO - Model bottom_right-original completed in 12.21 seconds.
2025-08-08 02:33:29 - INFO - >>> Model bottom_right-original trained. Accuracy: 0.8001 (12.21 sec.)
2025-08-08 02:33:29 - INFO - Training model: bottom_left-original
2025-08-08 02:33:41 - INFO - Model bottom_left-original completed in 11.99 seconds.
2025-08-08 02:33:41 - INFO - >>> Model bottom_left-original trained. Accuracy: 0.7995 (11.99 sec.)
2025-08-08 02:33:41 - INFO - Training model: tda-original
2025-08-08 02:34:07 - INFO - Model tda-original completed in 25.49 seconds.
2025-08-08 02:34:07 - INFO - >>> Model tda-original trained. Accuracy: 0.7958 (25.49 sec.)
2025-08-08 02:34:07 - INFO - Training model: top_right-top_left-original
2025-08-08 02:34:23 - INFO - Model top_right-top_left-original completed in 15.94 seconds.
2025-08-08 02:34:23 - INFO - >>> Model top_right-top_left-original trained. Accuracy: 0.8439 (15.94 sec.)
2025-08-08 02:34:23 - INFO - Training model: top_right-bottom_right-original
2025-08-08 02:34:39 - INFO - Model top_right-bottom_right-original completed in 16.30 seconds.
2025-08-08 02:34:39 - INFO - >>> Model top_right-bottom_right-original trained. Accuracy: 0.8378 (16.30 sec.)
2025-08-08 02:34:39 - INFO - Training model: bottom_left-top_right-original
2025-08-08 02:34:55 - INFO - Model bottom_left-top_right-original completed in 16.41 seconds.
2025-08-08 02:34:55 - INFO - >>> Model bottom_left-top_right-original trained. Accuracy: 0.8405 (16.41 sec.)
2025-08-08 02:34:55 - INFO - Training model: tda-top_right-original
2025-08-08 02:35:26 - INFO - Model tda-top_right-original completed in 30.55 seconds.
2025-08-08 02:35:26 - INFO - >>> Model tda-top_right-original trained. Accuracy: 0.8301 (30.55 sec.)
2025-08-08 02:35:26 - INFO - Training model: bottom_right-top_left-original
2025-08-08 02:35:42 - INFO - Model bottom_right-top_left-original completed in 16.41 seconds.
2025-08-08 02:35:42 - INFO - >>> Model bottom_right-top_left-original trained. Accuracy: 0.8210 (16.41 sec.)
2025-08-08 02:35:42 - INFO - Training model: bottom_left-top_left-original
2025-08-08 02:35:59 - INFO - Model bottom_left-top_left-original completed in 16.13 seconds.
2025-08-08 02:35:59 - INFO - >>> Model bottom_left-top_left-original trained. Accuracy: 0.8214 (16.13 sec.)
2025-08-08 02:35:59 - INFO - Training model: tda-top_left-original
2025-08-08 02:36:28 - INFO - Model tda-top_left-original completed in 29.59 seconds.
2025-08-08 02:36:28 - INFO - >>> Model tda-top_left-original trained. Accuracy: 0.8148 (29.59 sec.)
2025-08-08 02:36:28 - INFO - Training model: bottom_left-bottom_right-original
2025-08-08 02:36:44 - INFO - Model bottom_left-bottom_right-original completed in 16.15 seconds.
2025-08-08 02:36:44 - INFO - >>> Model bottom_left-bottom_right-original trained. Accuracy: 0.8139 (16.15 sec.)
2025-08-08 02:36:44 - INFO - Training model: tda-bottom_right-original
2025-08-08 02:37:14 - INFO - Model tda-bottom_right-original completed in 29.85 seconds.
2025-08-08 02:37:14 - INFO - >>> Model tda-bottom_right-original trained. Accuracy: 0.8085 (29.85 sec.)
2025-08-08 02:37:14 - INFO - Training model: bottom_left-tda-original
2025-08-08 02:37:44 - INFO - Model bottom_left-tda-original completed in 29.59 seconds.
2025-08-08 02:37:44 - INFO - >>> Model bottom_left-tda-original trained. Accuracy: 0.8042 (29.59 sec.)
2025-08-08 02:37:44 - INFO - Training model: bottom_right-top_right-top_left-original
2025-08-08 02:38:04 - INFO - Model bottom_right-top_right-top_left-original completed in 20.57 seconds.
2025-08-08 02:38:04 - INFO - >>> Model bottom_right-top_right-top_left-original trained. Accuracy: 0.8569 (20.57 sec.)
2025-08-08 02:38:04 - INFO - Training model: bottom_left-top_right-top_left-original
2025-08-08 02:38:25 - INFO - Model bottom_left-top_right-top_left-original completed in 20.28 seconds.
2025-08-08 02:38:25 - INFO - >>> Model bottom_left-top_right-top_left-original trained. Accuracy: 0.8627 (20.28 sec.)
2025-08-08 02:38:25 - INFO - Training model: tda-top_right-top_left-original
2025-08-08 02:38:59 - INFO - Model tda-top_right-top_left-original completed in 34.05 seconds.
2025-08-08 02:38:59 - INFO - >>> Model tda-top_right-top_left-original trained. Accuracy: 0.8480 (34.05 sec.)
2025-08-08 02:38:59 - INFO - Training model: bottom_left-top_right-bottom_right-original
2025-08-08 02:39:19 - INFO - Model bottom_left-top_right-bottom_right-original completed in 20.78 seconds.
2025-08-08 02:39:19 - INFO - >>> Model bottom_left-top_right-bottom_right-original trained. Accuracy: 0.8534 (20.78 sec.)
2025-08-08 02:39:19 - INFO - Training model: tda-top_right-bottom_right-original
2025-08-08 02:39:54 - INFO - Model tda-top_right-bottom_right-original completed in 34.09 seconds.
2025-08-08 02:39:54 - INFO - >>> Model tda-top_right-bottom_right-original trained. Accuracy: 0.8435 (34.09 sec.)
2025-08-08 02:39:54 - INFO - Training model: bottom_left-top_right-tda-original
2025-08-08 02:40:27 - INFO - Model bottom_left-top_right-tda-original completed in 33.81 seconds.
2025-08-08 02:40:27 - INFO - >>> Model bottom_left-top_right-tda-original trained. Accuracy: 0.8427 (33.81 sec.)
2025-08-08 02:40:27 - INFO - Training model: bottom_left-bottom_right-top_left-original
2025-08-08 02:40:47 - INFO - Model bottom_left-bottom_right-top_left-original completed in 20.07 seconds.
2025-08-08 02:40:47 - INFO - >>> Model bottom_left-bottom_right-top_left-original trained. Accuracy: 0.8365 (20.07 sec.)
2025-08-08 02:40:47 - INFO - Training model: bottom_right-top_left-original-tda
2025-08-08 02:41:22 - INFO - Model bottom_right-top_left-original-tda completed in 34.27 seconds.
2025-08-08 02:41:22 - INFO - >>> Model bottom_right-top_left-original-tda trained. Accuracy: 0.8278 (34.27 sec.)
2025-08-08 02:41:22 - INFO - Training model: bottom_left-top_left-original-tda
2025-08-08 02:41:56 - INFO - Model bottom_left-top_left-original-tda completed in 34.09 seconds.
2025-08-08 02:41:56 - INFO - >>> Model bottom_left-top_left-original-tda trained. Accuracy: 0.8290 (34.09 sec.)
2025-08-08 02:41:56 - INFO - Training model: bottom_left-bottom_right-original-tda
2025-08-08 02:42:30 - INFO - Model bottom_left-bottom_right-original-tda completed in 33.96 seconds.
2025-08-08 02:42:30 - INFO - >>> Model bottom_left-bottom_right-original-tda trained. Accuracy: 0.8205 (33.96 sec.)
2025-08-08 02:42:30 - INFO - Training model: top_right-bottom_right-top_left-bottom_left-original
2025-08-08 02:42:54 - INFO - Model top_right-bottom_right-top_left-bottom_left-original completed in 24.63 seconds.
2025-08-08 02:42:54 - INFO - >>> Model top_right-bottom_right-top_left-bottom_left-original trained. Accuracy: 0.8721 (24.63 sec.)
2025-08-08 02:42:54 - INFO - Training model: top_right-bottom_right-top_left-tda-original
2025-08-08 02:43:33 - INFO - Model top_right-bottom_right-top_left-tda-original completed in 38.22 seconds.
2025-08-08 02:43:33 - INFO - >>> Model top_right-bottom_right-top_left-tda-original trained. Accuracy: 0.8611 (38.22 sec.)
2025-08-08 02:43:33 - INFO - Training model: top_right-top_left-bottom_left-tda-original
2025-08-08 02:44:10 - INFO - Model top_right-top_left-bottom_left-tda-original completed in 37.75 seconds.
2025-08-08 02:44:10 - INFO - >>> Model top_right-top_left-bottom_left-tda-original trained. Accuracy: 0.8604 (37.75 sec.)
2025-08-08 02:44:10 - INFO - Training model: top_right-bottom_right-bottom_left-tda-original
2025-08-08 02:44:49 - INFO - Model top_right-bottom_right-bottom_left-tda-original completed in 38.41 seconds.
2025-08-08 02:44:49 - INFO - >>> Model top_right-bottom_right-bottom_left-tda-original trained. Accuracy: 0.8542 (38.41 sec.)
2025-08-08 02:44:49 - INFO - Training model: bottom_right-top_left-bottom_left-tda-original
2025-08-08 02:45:27 - INFO - Model bottom_right-top_left-bottom_left-tda-original completed in 38.31 seconds.
2025-08-08 02:45:27 - INFO - >>> Model bottom_right-top_left-bottom_left-tda-original trained. Accuracy: 0.8430 (38.31 sec.)
2025-08-08 02:45:27 - INFO - Training model: top_right-bottom_right-top_left-bottom_left-tda-original
2025-08-08 02:46:09 - INFO - Model top_right-bottom_right-top_left-bottom_left-tda-original completed in 42.34 seconds.
2025-08-08 02:46:09 - INFO - >>> Model top_right-bottom_right-top_left-bottom_left-tda-original trained. Accuracy: 0.8718 (42.34 sec.)
2025-08-08 02:46:09 - INFO - All models trained successfully.
2025-08-08 02:46:09 - INFO - ========== [Model Training Completed] in 13.29 minutes ==========
2025-08-08 02:46:09 - INFO - ========== [Experiment Training Complete] ==========
2025-08-08 02:46:10 - INFO - Results saved to /home/jovyan/Workspace/workspace_mnist/results/exp_icecream_noise_saltpepper_40_part2/exp_icecream_noise_saltpepper_40_part2_2025-08-08_02-46-09.json
2025-08-08 02:46:10 - INFO - Results successfully saved to /home/jovyan/Workspace/workspace_mnist/results/exp_icecream_noise_saltpepper_40_part2/exp_icecream_noise_saltpepper_40_part2_2025-08-08_02-46-09.json
2025-08-08 02:46:10 - INFO - Forced Garbage collection executed to Free Memory.
2025-08-08 02:46:10 - INFO - ========== [Experiment Completed] in 29.09 minutes ==========
