2025-08-07 18:04:49 - INFO - Logging initialized.
 Writing to /home/jovyan/Workspace/workspace_mnist/logs/exp_icecream_noise_saltpepper_40_part2/experiment_logs_2025-08-07_18-04-49.log
2025-08-07 18:04:49 - INFO - ========== [Experiment Start] ==========
2025-08-07 18:04:49 - INFO - Views combinations successfully generated.
2025-08-07 18:04:49 - INFO - Topological Data Analysis pipeline generated.
2025-08-07 18:04:49 - INFO - Folder to save results has been created.
2025-08-07 18:04:49 - INFO - Reading dataset from mnist_784.csv (chunk size: 70000).
2025-08-07 18:04:50 - INFO - Starting multiview data preparation for a chunk of size (70000, 784)...
2025-08-07 18:04:50 - INFO - Running using 20 jobs.
2025-08-07 18:04:50 - INFO - Contaminating dataset with salt_pepper, quantity=0.4, transparency=0.
2025-08-07 18:04:54 - INFO - Splitting data: 80.0% train / 30.0% test (random_state=747376416)
2025-08-07 18:04:54 - INFO - Using full training data without second split.
2025-08-07 18:04:54 - INFO - Data split complete. Train size: (49000, 784), Test size: (21000, 784)
2025-08-07 18:04:54 - INFO - Reshaping train and test data into square images...
2025-08-07 18:04:54 - INFO - Reshaping complete. Train images shape: (49000, 28, 28), Test images shape: (21000, 28, 28)
2025-08-07 18:04:54 - INFO - Splitting images into quadrant views...
2025-08-07 18:04:54 - INFO - Quadrant view splitting complete. Train views: 4, Test views: 4
2025-08-07 18:04:54 - INFO - Starting TDA pipeline transformation on train data...
2025-08-07 18:16:21 - INFO - TDA transformation for train completed (11.45 minutes).
2025-08-07 18:16:21 - INFO - Applying TDA pipeline transformation on test data...
2025-08-07 18:20:55 - INFO - TDA transformation for test completed (4.57 minutes).
2025-08-07 18:20:55 - INFO - ========== [Model Training Start] ==========
2025-08-07 18:20:55 - INFO - Training model: original
2025-08-07 18:20:57 - INFO - Model original completed in 1.36 seconds.
2025-08-07 18:20:57 - INFO - >>> Model original trained. Accuracy: 0.7740 (1.36 sec.)
2025-08-07 18:20:57 - INFO - Training model: top_right-original
2025-08-07 18:21:08 - INFO - Model top_right-original completed in 11.47 seconds.
2025-08-07 18:21:08 - INFO - >>> Model top_right-original trained. Accuracy: 0.8248 (11.47 sec.)
2025-08-07 18:21:08 - INFO - Training model: top_left-original
2025-08-07 18:21:20 - INFO - Model top_left-original completed in 11.59 seconds.
2025-08-07 18:21:20 - INFO - >>> Model top_left-original trained. Accuracy: 0.8044 (11.59 sec.)
2025-08-07 18:21:20 - INFO - Training model: bottom_right-original
2025-08-07 18:21:32 - INFO - Model bottom_right-original completed in 11.82 seconds.
2025-08-07 18:21:32 - INFO - >>> Model bottom_right-original trained. Accuracy: 0.7989 (11.82 sec.)
2025-08-07 18:21:32 - INFO - Training model: bottom_left-original
2025-08-07 18:21:43 - INFO - Model bottom_left-original completed in 11.66 seconds.
2025-08-07 18:21:43 - INFO - >>> Model bottom_left-original trained. Accuracy: 0.7980 (11.66 sec.)
2025-08-07 18:21:43 - INFO - Training model: tda-original
2025-08-07 18:22:08 - INFO - Model tda-original completed in 25.22 seconds.
2025-08-07 18:22:08 - INFO - >>> Model tda-original trained. Accuracy: 0.7969 (25.22 sec.)
2025-08-07 18:22:08 - INFO - Training model: top_right-top_left-original
2025-08-07 18:22:24 - INFO - Model top_right-top_left-original completed in 15.56 seconds.
2025-08-07 18:22:24 - INFO - >>> Model top_right-top_left-original trained. Accuracy: 0.8414 (15.56 sec.)
2025-08-07 18:22:24 - INFO - Training model: top_right-bottom_right-original
2025-08-07 18:22:40 - INFO - Model top_right-bottom_right-original completed in 15.81 seconds.
2025-08-07 18:22:40 - INFO - >>> Model top_right-bottom_right-original trained. Accuracy: 0.8386 (15.81 sec.)
2025-08-07 18:22:40 - INFO - Training model: bottom_left-top_right-original
2025-08-07 18:22:55 - INFO - Model bottom_left-top_right-original completed in 15.55 seconds.
2025-08-07 18:22:55 - INFO - >>> Model bottom_left-top_right-original trained. Accuracy: 0.8392 (15.55 sec.)
2025-08-07 18:22:55 - INFO - Training model: tda-top_right-original
2025-08-07 18:23:25 - INFO - Model tda-top_right-original completed in 29.68 seconds.
2025-08-07 18:23:25 - INFO - >>> Model tda-top_right-original trained. Accuracy: 0.8284 (29.68 sec.)
2025-08-07 18:23:25 - INFO - Training model: bottom_right-top_left-original
2025-08-07 18:23:41 - INFO - Model bottom_right-top_left-original completed in 15.85 seconds.
2025-08-07 18:23:41 - INFO - >>> Model bottom_right-top_left-original trained. Accuracy: 0.8197 (15.85 sec.)
2025-08-07 18:23:41 - INFO - Training model: bottom_left-top_left-original
2025-08-07 18:23:57 - INFO - Model bottom_left-top_left-original completed in 15.85 seconds.
2025-08-07 18:23:57 - INFO - >>> Model bottom_left-top_left-original trained. Accuracy: 0.8207 (15.85 sec.)
2025-08-07 18:23:57 - INFO - Training model: tda-top_left-original
2025-08-07 18:24:27 - INFO - Model tda-top_left-original completed in 29.86 seconds.
2025-08-07 18:24:27 - INFO - >>> Model tda-top_left-original trained. Accuracy: 0.8098 (29.86 sec.)
2025-08-07 18:24:27 - INFO - Training model: bottom_left-bottom_right-original
2025-08-07 18:24:42 - INFO - Model bottom_left-bottom_right-original completed in 15.61 seconds.
2025-08-07 18:24:42 - INFO - >>> Model bottom_left-bottom_right-original trained. Accuracy: 0.8147 (15.61 sec.)
2025-08-07 18:24:42 - INFO - Training model: tda-bottom_right-original
2025-08-07 18:25:12 - INFO - Model tda-bottom_right-original completed in 29.69 seconds.
2025-08-07 18:25:12 - INFO - >>> Model tda-bottom_right-original trained. Accuracy: 0.8100 (29.69 sec.)
2025-08-07 18:25:12 - INFO - Training model: bottom_left-tda-original
2025-08-07 18:25:41 - INFO - Model bottom_left-tda-original completed in 29.52 seconds.
2025-08-07 18:25:41 - INFO - >>> Model bottom_left-tda-original trained. Accuracy: 0.8067 (29.52 sec.)
2025-08-07 18:25:41 - INFO - Training model: bottom_right-top_right-top_left-original
2025-08-07 18:26:02 - INFO - Model bottom_right-top_right-top_left-original completed in 20.10 seconds.
2025-08-07 18:26:02 - INFO - >>> Model bottom_right-top_right-top_left-original trained. Accuracy: 0.8576 (20.10 sec.)
2025-08-07 18:26:02 - INFO - Training model: bottom_left-top_right-top_left-original
2025-08-07 18:26:22 - INFO - Model bottom_left-top_right-top_left-original completed in 19.96 seconds.
2025-08-07 18:26:22 - INFO - >>> Model bottom_left-top_right-top_left-original trained. Accuracy: 0.8598 (19.96 sec.)
2025-08-07 18:26:22 - INFO - Training model: tda-top_right-top_left-original
2025-08-07 18:26:55 - INFO - Model tda-top_right-top_left-original completed in 33.46 seconds.
2025-08-07 18:26:55 - INFO - >>> Model tda-top_right-top_left-original trained. Accuracy: 0.8449 (33.46 sec.)
2025-08-07 18:26:55 - INFO - Training model: bottom_left-top_right-bottom_right-original
2025-08-07 18:27:15 - INFO - Model bottom_left-top_right-bottom_right-original completed in 19.96 seconds.
2025-08-07 18:27:15 - INFO - >>> Model bottom_left-top_right-bottom_right-original trained. Accuracy: 0.8533 (19.96 sec.)
2025-08-07 18:27:15 - INFO - Training model: tda-top_right-bottom_right-original
2025-08-07 18:27:49 - INFO - Model tda-top_right-bottom_right-original completed in 33.95 seconds.
2025-08-07 18:27:49 - INFO - >>> Model tda-top_right-bottom_right-original trained. Accuracy: 0.8425 (33.95 sec.)
2025-08-07 18:27:49 - INFO - Training model: bottom_left-top_right-tda-original
2025-08-07 18:28:23 - INFO - Model bottom_left-top_right-tda-original completed in 33.81 seconds.
2025-08-07 18:28:23 - INFO - >>> Model bottom_left-top_right-tda-original trained. Accuracy: 0.8436 (33.81 sec.)
2025-08-07 18:28:23 - INFO - Training model: bottom_left-bottom_right-top_left-original
2025-08-07 18:28:43 - INFO - Model bottom_left-bottom_right-top_left-original completed in 20.45 seconds.
2025-08-07 18:28:43 - INFO - >>> Model bottom_left-bottom_right-top_left-original trained. Accuracy: 0.8338 (20.45 sec.)
2025-08-07 18:28:43 - INFO - Training model: bottom_right-top_left-original-tda
2025-08-07 18:29:17 - INFO - Model bottom_right-top_left-original-tda completed in 33.93 seconds.
2025-08-07 18:29:17 - INFO - >>> Model bottom_right-top_left-original-tda trained. Accuracy: 0.8280 (33.93 sec.)
2025-08-07 18:29:17 - INFO - Training model: bottom_left-top_left-original-tda
2025-08-07 18:29:50 - INFO - Model bottom_left-top_left-original-tda completed in 33.30 seconds.
2025-08-07 18:29:50 - INFO - >>> Model bottom_left-top_left-original-tda trained. Accuracy: 0.8261 (33.30 sec.)
2025-08-07 18:29:50 - INFO - Training model: bottom_left-bottom_right-original-tda
2025-08-07 18:30:24 - INFO - Model bottom_left-bottom_right-original-tda completed in 33.68 seconds.
2025-08-07 18:30:24 - INFO - >>> Model bottom_left-bottom_right-original-tda trained. Accuracy: 0.8200 (33.68 sec.)
2025-08-07 18:30:24 - INFO - Training model: top_right-bottom_right-top_left-bottom_left-original
2025-08-07 18:30:48 - INFO - Model top_right-bottom_right-top_left-bottom_left-original completed in 24.28 seconds.
2025-08-07 18:30:48 - INFO - >>> Model top_right-bottom_right-top_left-bottom_left-original trained. Accuracy: 0.8730 (24.28 sec.)
2025-08-07 18:30:48 - INFO - Training model: top_right-bottom_right-top_left-tda-original
2025-08-07 18:31:26 - INFO - Model top_right-bottom_right-top_left-tda-original completed in 37.92 seconds.
2025-08-07 18:31:26 - INFO - >>> Model top_right-bottom_right-top_left-tda-original trained. Accuracy: 0.8590 (37.92 sec.)
2025-08-07 18:31:26 - INFO - Training model: top_right-top_left-bottom_left-tda-original
2025-08-07 18:32:04 - INFO - Model top_right-top_left-bottom_left-tda-original completed in 37.38 seconds.
2025-08-07 18:32:04 - INFO - >>> Model top_right-top_left-bottom_left-tda-original trained. Accuracy: 0.8615 (37.38 sec.)
2025-08-07 18:32:04 - INFO - Training model: top_right-bottom_right-bottom_left-tda-original
2025-08-07 18:32:42 - INFO - Model top_right-bottom_right-bottom_left-tda-original completed in 38.47 seconds.
2025-08-07 18:32:42 - INFO - >>> Model top_right-bottom_right-bottom_left-tda-original trained. Accuracy: 0.8560 (38.47 sec.)
2025-08-07 18:32:42 - INFO - Training model: bottom_right-top_left-bottom_left-tda-original
2025-08-07 18:33:20 - INFO - Model bottom_right-top_left-bottom_left-tda-original completed in 38.06 seconds.
2025-08-07 18:33:20 - INFO - >>> Model bottom_right-top_left-bottom_left-tda-original trained. Accuracy: 0.8406 (38.06 sec.)
2025-08-07 18:33:20 - INFO - Training model: top_right-bottom_right-top_left-bottom_left-tda-original
2025-08-07 18:34:03 - INFO - Model top_right-bottom_right-top_left-bottom_left-tda-original completed in 42.33 seconds.
2025-08-07 18:34:03 - INFO - >>> Model top_right-bottom_right-top_left-bottom_left-tda-original trained. Accuracy: 0.8728 (42.33 sec.)
2025-08-07 18:34:03 - INFO - All models trained successfully.
2025-08-07 18:34:03 - INFO - ========== [Model Training Completed] in 13.12 minutes ==========
2025-08-07 18:34:03 - INFO - ========== [Experiment Training Complete] ==========
2025-08-07 18:34:03 - INFO - Results saved to /home/jovyan/Workspace/workspace_mnist/results/exp_icecream_noise_saltpepper_40_part2/exp_icecream_noise_saltpepper_40_part2_2025-08-07_18-34-03.json
2025-08-07 18:34:03 - INFO - Results successfully saved to /home/jovyan/Workspace/workspace_mnist/results/exp_icecream_noise_saltpepper_40_part2/exp_icecream_noise_saltpepper_40_part2_2025-08-07_18-34-03.json
2025-08-07 18:34:03 - INFO - Forced Garbage collection executed to Free Memory.
2025-08-07 18:34:03 - INFO - ========== [Experiment Completed] in 29.22 minutes ==========
