2025-07-17 06:31:33 - INFO - Logging initialized.
 Writing to /home/jovyan/Workspace/workspace_mnist/logs/exp_icecream_noise_saltpepper_20/experiment_logs_2025-07-17_06-31-33.log
2025-07-17 06:31:33 - INFO - ========== [Experiment Start] ==========
2025-07-17 06:31:33 - INFO - Views combinations successfully generated.
2025-07-17 06:31:33 - INFO - Topological Data Analysis pipeline generated.
2025-07-17 06:31:33 - INFO - Folder to save results has been created.
2025-07-17 06:31:33 - INFO - Reading dataset from mnist_784.csv (chunk size: 70000).
2025-07-17 06:31:34 - INFO - Starting multiview data preparation for a chunk of size (70000, 784)...
2025-07-17 06:31:34 - INFO - Running using 20 jobs.
2025-07-17 06:31:34 - INFO - Contaminating dataset with salt_pepper, quantity=0.2, transparency=0.
2025-07-17 06:31:37 - INFO - Splitting data: 80.0% train / 30.0% test (random_state=554485556)
2025-07-17 06:31:37 - INFO - Using full training data without second split.
2025-07-17 06:31:37 - INFO - Data split complete. Train size: (49000, 784), Test size: (21000, 784)
2025-07-17 06:31:37 - INFO - Reshaping train and test data into square images...
2025-07-17 06:31:37 - INFO - Reshaping complete. Train images shape: (49000, 28, 28), Test images shape: (21000, 28, 28)
2025-07-17 06:31:37 - INFO - Splitting images into quadrant views...
2025-07-17 06:31:37 - INFO - Quadrant view splitting complete. Train views: 4, Test views: 4
2025-07-17 06:31:37 - INFO - Starting TDA pipeline transformation on train data...
2025-07-17 06:41:49 - INFO - TDA transformation for train completed (10.19 minutes).
2025-07-17 06:41:49 - INFO - Applying TDA pipeline transformation on test data...
2025-07-17 06:46:02 - INFO - TDA transformation for test completed (4.23 minutes).
2025-07-17 06:46:02 - INFO - ========== [Model Training Start] ==========
2025-07-17 06:46:02 - INFO - Training model: original
2025-07-17 06:46:04 - INFO - Model original completed in 1.21 seconds.
2025-07-17 06:46:04 - INFO - >>> Model original trained. Accuracy: 0.9053 (1.21 sec.)
2025-07-17 06:46:04 - INFO - Training model: top_right-original
2025-07-17 06:46:13 - INFO - Model top_right-original completed in 9.66 seconds.
2025-07-17 06:46:13 - INFO - >>> Model top_right-original trained. Accuracy: 0.9235 (9.66 sec.)
2025-07-17 06:46:13 - INFO - Training model: original-bottom_right
2025-07-17 06:46:23 - INFO - Model original-bottom_right completed in 9.91 seconds.
2025-07-17 06:46:23 - INFO - >>> Model original-bottom_right trained. Accuracy: 0.9198 (9.91 sec.)
2025-07-17 06:46:23 - INFO - Training model: original-bottom_left
2025-07-17 06:46:33 - INFO - Model original-bottom_left completed in 9.80 seconds.
2025-07-17 06:46:33 - INFO - >>> Model original-bottom_left trained. Accuracy: 0.9170 (9.80 sec.)
2025-07-17 06:46:33 - INFO - Training model: top_left-original
2025-07-17 06:46:43 - INFO - Model top_left-original completed in 9.94 seconds.
2025-07-17 06:46:43 - INFO - >>> Model top_left-original trained. Accuracy: 0.9202 (9.94 sec.)
2025-07-17 06:46:43 - INFO - Training model: tda-original
2025-07-17 06:47:06 - INFO - Model tda-original completed in 23.08 seconds.
2025-07-17 06:47:06 - INFO - >>> Model tda-original trained. Accuracy: 0.9145 (23.08 sec.)
2025-07-17 06:47:06 - INFO - Training model: top_right-original-bottom_right
2025-07-17 06:47:19 - INFO - Model top_right-original-bottom_right completed in 13.39 seconds.
2025-07-17 06:47:19 - INFO - >>> Model top_right-original-bottom_right trained. Accuracy: 0.9308 (13.39 sec.)
2025-07-17 06:47:19 - INFO - Training model: top_right-original-bottom_left
2025-07-17 06:47:33 - INFO - Model top_right-original-bottom_left completed in 13.35 seconds.
2025-07-17 06:47:33 - INFO - >>> Model top_right-original-bottom_left trained. Accuracy: 0.9267 (13.35 sec.)
2025-07-17 06:47:33 - INFO - Training model: top_right-original-top_left
2025-07-17 06:47:46 - INFO - Model top_right-original-top_left completed in 13.37 seconds.
2025-07-17 06:47:46 - INFO - >>> Model top_right-original-top_left trained. Accuracy: 0.9302 (13.37 sec.)
2025-07-17 06:47:46 - INFO - Training model: top_right-tda-original
2025-07-17 06:48:12 - INFO - Model top_right-tda-original completed in 26.27 seconds.
2025-07-17 06:48:12 - INFO - >>> Model top_right-tda-original trained. Accuracy: 0.9287 (26.27 sec.)
2025-07-17 06:48:12 - INFO - Training model: bottom_left-original-bottom_right
2025-07-17 06:48:26 - INFO - Model bottom_left-original-bottom_right completed in 13.36 seconds.
2025-07-17 06:48:26 - INFO - >>> Model bottom_left-original-bottom_right trained. Accuracy: 0.9236 (13.36 sec.)
2025-07-17 06:48:26 - INFO - Training model: top_left-original-bottom_right
2025-07-17 06:48:39 - INFO - Model top_left-original-bottom_right completed in 13.15 seconds.
2025-07-17 06:48:39 - INFO - >>> Model top_left-original-bottom_right trained. Accuracy: 0.9256 (13.15 sec.)
2025-07-17 06:48:39 - INFO - Training model: tda-original-bottom_right
2025-07-17 06:49:05 - INFO - Model tda-original-bottom_right completed in 26.38 seconds.
2025-07-17 06:49:05 - INFO - >>> Model tda-original-bottom_right trained. Accuracy: 0.9223 (26.38 sec.)
2025-07-17 06:49:05 - INFO - Training model: top_left-original-bottom_left
2025-07-17 06:49:19 - INFO - Model top_left-original-bottom_left completed in 13.32 seconds.
2025-07-17 06:49:19 - INFO - >>> Model top_left-original-bottom_left trained. Accuracy: 0.9256 (13.32 sec.)
2025-07-17 06:49:19 - INFO - Training model: tda-original-bottom_left
2025-07-17 06:49:45 - INFO - Model tda-original-bottom_left completed in 25.99 seconds.
2025-07-17 06:49:45 - INFO - >>> Model tda-original-bottom_left trained. Accuracy: 0.9189 (25.99 sec.)
2025-07-17 06:49:45 - INFO - Training model: top_left-tda-original
2025-07-17 06:50:11 - INFO - Model top_left-tda-original completed in 26.22 seconds.
2025-07-17 06:50:11 - INFO - >>> Model top_left-tda-original trained. Accuracy: 0.9231 (26.22 sec.)
2025-07-17 06:50:11 - INFO - Training model: top_right-bottom_left-original-bottom_right
2025-07-17 06:50:28 - INFO - Model top_right-bottom_left-original-bottom_right completed in 17.31 seconds.
2025-07-17 06:50:28 - INFO - >>> Model top_right-bottom_left-original-bottom_right trained. Accuracy: 0.9352 (17.31 sec.)
2025-07-17 06:50:28 - INFO - Training model: top_right-top_left-original-bottom_right
2025-07-17 06:50:45 - INFO - Model top_right-top_left-original-bottom_right completed in 17.16 seconds.
2025-07-17 06:50:45 - INFO - >>> Model top_right-top_left-original-bottom_right trained. Accuracy: 0.9389 (17.16 sec.)
2025-07-17 06:50:45 - INFO - Training model: top_right-tda-original-bottom_right
2025-07-17 06:51:15 - INFO - Model top_right-tda-original-bottom_right completed in 30.08 seconds.
2025-07-17 06:51:15 - INFO - >>> Model top_right-tda-original-bottom_right trained. Accuracy: 0.9342 (30.08 sec.)
2025-07-17 06:51:15 - INFO - Training model: top_right-top_left-original-bottom_left
2025-07-17 06:51:32 - INFO - Model top_right-top_left-original-bottom_left completed in 16.90 seconds.
2025-07-17 06:51:32 - INFO - >>> Model top_right-top_left-original-bottom_left trained. Accuracy: 0.9389 (16.90 sec.)
2025-07-17 06:51:32 - INFO - Training model: top_right-tda-original-bottom_left
2025-07-17 06:52:02 - INFO - Model top_right-tda-original-bottom_left completed in 29.95 seconds.
2025-07-17 06:52:02 - INFO - >>> Model top_right-tda-original-bottom_left trained. Accuracy: 0.9309 (29.95 sec.)
2025-07-17 06:52:02 - INFO - Training model: top_right-tda-original-top_left
2025-07-17 06:52:32 - INFO - Model top_right-tda-original-top_left completed in 29.61 seconds.
2025-07-17 06:52:32 - INFO - >>> Model top_right-tda-original-top_left trained. Accuracy: 0.9348 (29.61 sec.)
2025-07-17 06:52:32 - INFO - Training model: top_left-bottom_left-original-bottom_right
2025-07-17 06:52:49 - INFO - Model top_left-bottom_left-original-bottom_right completed in 16.88 seconds.
2025-07-17 06:52:49 - INFO - >>> Model top_left-bottom_left-original-bottom_right trained. Accuracy: 0.9332 (16.88 sec.)
2025-07-17 06:52:49 - INFO - Training model: tda-bottom_left-original-bottom_right
2025-07-17 06:53:18 - INFO - Model tda-bottom_left-original-bottom_right completed in 29.81 seconds.
2025-07-17 06:53:18 - INFO - >>> Model tda-bottom_left-original-bottom_right trained. Accuracy: 0.9279 (29.81 sec.)
2025-07-17 06:53:18 - INFO - Training model: top_left-tda-original-bottom_right
2025-07-17 06:53:48 - INFO - Model top_left-tda-original-bottom_right completed in 29.42 seconds.
2025-07-17 06:53:48 - INFO - >>> Model top_left-tda-original-bottom_right trained. Accuracy: 0.9308 (29.42 sec.)
2025-07-17 06:53:48 - INFO - Training model: top_left-tda-original-bottom_left
2025-07-17 06:54:18 - INFO - Model top_left-tda-original-bottom_left completed in 29.76 seconds.
2025-07-17 06:54:18 - INFO - >>> Model top_left-tda-original-bottom_left trained. Accuracy: 0.9282 (29.76 sec.)
2025-07-17 06:54:18 - INFO - Training model: top_right-bottom_right-original-bottom_left-top_left
2025-07-17 06:54:38 - INFO - Model top_right-bottom_right-original-bottom_left-top_left completed in 20.36 seconds.
2025-07-17 06:54:38 - INFO - >>> Model top_right-bottom_right-original-bottom_left-top_left trained. Accuracy: 0.9435 (20.36 sec.)
2025-07-17 06:54:38 - INFO - Training model: top_right-bottom_right-original-bottom_left-tda
2025-07-17 06:55:12 - INFO - Model top_right-bottom_right-original-bottom_left-tda completed in 33.60 seconds.
2025-07-17 06:55:12 - INFO - >>> Model top_right-bottom_right-original-bottom_left-tda trained. Accuracy: 0.9384 (33.60 sec.)
2025-07-17 06:55:12 - INFO - Training model: top_right-bottom_right-original-top_left-tda
2025-07-17 06:55:45 - INFO - Model top_right-bottom_right-original-top_left-tda completed in 33.00 seconds.
2025-07-17 06:55:45 - INFO - >>> Model top_right-bottom_right-original-top_left-tda trained. Accuracy: 0.9414 (33.00 sec.)
2025-07-17 06:55:45 - INFO - Training model: top_right-original-bottom_left-top_left-tda
2025-07-17 06:56:18 - INFO - Model top_right-original-bottom_left-top_left-tda completed in 32.97 seconds.
2025-07-17 06:56:18 - INFO - >>> Model top_right-original-bottom_left-top_left-tda trained. Accuracy: 0.9390 (32.97 sec.)
2025-07-17 06:56:18 - INFO - Training model: bottom_right-original-bottom_left-top_left-tda
2025-07-17 06:56:50 - INFO - Model bottom_right-original-bottom_left-top_left-tda completed in 32.53 seconds.
2025-07-17 06:56:50 - INFO - >>> Model bottom_right-original-bottom_left-top_left-tda trained. Accuracy: 0.9363 (32.53 sec.)
2025-07-17 06:56:50 - INFO - Training model: top_right-bottom_right-original-bottom_left-top_left-tda
2025-07-17 06:57:27 - INFO - Model top_right-bottom_right-original-bottom_left-top_left-tda completed in 36.95 seconds.
2025-07-17 06:57:27 - INFO - >>> Model top_right-bottom_right-original-bottom_left-top_left-tda trained. Accuracy: 0.9461 (36.95 sec.)
2025-07-17 06:57:27 - INFO - All models trained successfully.
2025-07-17 06:57:27 - INFO - ========== [Model Training Completed] in 11.41 minutes ==========
2025-07-17 06:57:27 - INFO - ========== [Experiment Training Complete] ==========
2025-07-17 06:57:27 - INFO - Results saved to /home/jovyan/Workspace/workspace_mnist/results/exp_icecream_noise_saltpepper_20/exp_icecream_noise_saltpepper_20_2025-07-17_06-57-27.json
2025-07-17 06:57:27 - INFO - Results successfully saved to /home/jovyan/Workspace/workspace_mnist/results/exp_icecream_noise_saltpepper_20/exp_icecream_noise_saltpepper_20_2025-07-17_06-57-27.json
2025-07-17 06:57:27 - INFO - Forced Garbage collection executed to Free Memory.
2025-07-17 06:57:27 - INFO - ========== [Experiment Completed] in 25.91 minutes ==========
