2025-07-17 14:13:51 - INFO - Logging initialized.
 Writing to /home/jovyan/Workspace/workspace_mnist/logs/exp_icecream_noise_saltpepper_20/experiment_logs_2025-07-17_14-13-51.log
2025-07-17 14:13:51 - INFO - ========== [Experiment Start] ==========
2025-07-17 14:13:51 - INFO - Views combinations successfully generated.
2025-07-17 14:13:51 - INFO - Topological Data Analysis pipeline generated.
2025-07-17 14:13:51 - INFO - Folder to save results has been created.
2025-07-17 14:13:51 - INFO - Reading dataset from mnist_784.csv (chunk size: 70000).
2025-07-17 14:13:52 - INFO - Starting multiview data preparation for a chunk of size (70000, 784)...
2025-07-17 14:13:52 - INFO - Running using 20 jobs.
2025-07-17 14:13:52 - INFO - Contaminating dataset with salt_pepper, quantity=0.2, transparency=0.
2025-07-17 14:13:56 - INFO - Splitting data: 80.0% train / 30.0% test (random_state=325860213)
2025-07-17 14:13:56 - INFO - Using full training data without second split.
2025-07-17 14:13:56 - INFO - Data split complete. Train size: (49000, 784), Test size: (21000, 784)
2025-07-17 14:13:56 - INFO - Reshaping train and test data into square images...
2025-07-17 14:13:56 - INFO - Reshaping complete. Train images shape: (49000, 28, 28), Test images shape: (21000, 28, 28)
2025-07-17 14:13:56 - INFO - Splitting images into quadrant views...
2025-07-17 14:13:56 - INFO - Quadrant view splitting complete. Train views: 4, Test views: 4
2025-07-17 14:13:56 - INFO - Starting TDA pipeline transformation on train data...
2025-07-17 14:24:02 - INFO - TDA transformation for train completed (10.10 minutes).
2025-07-17 14:24:02 - INFO - Applying TDA pipeline transformation on test data...
2025-07-17 14:28:11 - INFO - TDA transformation for test completed (4.14 minutes).
2025-07-17 14:28:11 - INFO - ========== [Model Training Start] ==========
2025-07-17 14:28:11 - INFO - Training model: original
2025-07-17 14:28:12 - INFO - Model original completed in 1.21 seconds.
2025-07-17 14:28:12 - INFO - >>> Model original trained. Accuracy: 0.9029 (1.21 sec.)
2025-07-17 14:28:12 - INFO - Training model: top_right-original
2025-07-17 14:28:21 - INFO - Model top_right-original completed in 9.65 seconds.
2025-07-17 14:28:21 - INFO - >>> Model top_right-original trained. Accuracy: 0.9215 (9.65 sec.)
2025-07-17 14:28:21 - INFO - Training model: original-bottom_right
2025-07-17 14:28:31 - INFO - Model original-bottom_right completed in 9.90 seconds.
2025-07-17 14:28:31 - INFO - >>> Model original-bottom_right trained. Accuracy: 0.9177 (9.90 sec.)
2025-07-17 14:28:31 - INFO - Training model: original-bottom_left
2025-07-17 14:28:41 - INFO - Model original-bottom_left completed in 9.50 seconds.
2025-07-17 14:28:41 - INFO - >>> Model original-bottom_left trained. Accuracy: 0.9135 (9.50 sec.)
2025-07-17 14:28:41 - INFO - Training model: top_left-original
2025-07-17 14:28:50 - INFO - Model top_left-original completed in 9.42 seconds.
2025-07-17 14:28:50 - INFO - >>> Model top_left-original trained. Accuracy: 0.9168 (9.42 sec.)
2025-07-17 14:28:50 - INFO - Training model: tda-original
2025-07-17 14:29:13 - INFO - Model tda-original completed in 22.66 seconds.
2025-07-17 14:29:13 - INFO - >>> Model tda-original trained. Accuracy: 0.9148 (22.66 sec.)
2025-07-17 14:29:13 - INFO - Training model: top_right-original-bottom_right
2025-07-17 14:29:26 - INFO - Model top_right-original-bottom_right completed in 13.05 seconds.
2025-07-17 14:29:26 - INFO - >>> Model top_right-original-bottom_right trained. Accuracy: 0.9285 (13.05 sec.)
2025-07-17 14:29:26 - INFO - Training model: top_right-original-bottom_left
2025-07-17 14:29:39 - INFO - Model top_right-original-bottom_left completed in 12.89 seconds.
2025-07-17 14:29:39 - INFO - >>> Model top_right-original-bottom_left trained. Accuracy: 0.9259 (12.89 sec.)
2025-07-17 14:29:39 - INFO - Training model: top_right-original-top_left
2025-07-17 14:29:52 - INFO - Model top_right-original-top_left completed in 13.40 seconds.
2025-07-17 14:29:52 - INFO - >>> Model top_right-original-top_left trained. Accuracy: 0.9285 (13.40 sec.)
2025-07-17 14:29:52 - INFO - Training model: top_right-tda-original
2025-07-17 14:30:19 - INFO - Model top_right-tda-original completed in 26.40 seconds.
2025-07-17 14:30:19 - INFO - >>> Model top_right-tda-original trained. Accuracy: 0.9251 (26.40 sec.)
2025-07-17 14:30:19 - INFO - Training model: bottom_left-original-bottom_right
2025-07-17 14:30:32 - INFO - Model bottom_left-original-bottom_right completed in 12.98 seconds.
2025-07-17 14:30:32 - INFO - >>> Model bottom_left-original-bottom_right trained. Accuracy: 0.9211 (12.98 sec.)
2025-07-17 14:30:32 - INFO - Training model: top_left-original-bottom_right
2025-07-17 14:30:45 - INFO - Model top_left-original-bottom_right completed in 13.11 seconds.
2025-07-17 14:30:45 - INFO - >>> Model top_left-original-bottom_right trained. Accuracy: 0.9248 (13.11 sec.)
2025-07-17 14:30:45 - INFO - Training model: tda-original-bottom_right
2025-07-17 14:31:11 - INFO - Model tda-original-bottom_right completed in 26.55 seconds.
2025-07-17 14:31:11 - INFO - >>> Model tda-original-bottom_right trained. Accuracy: 0.9217 (26.55 sec.)
2025-07-17 14:31:11 - INFO - Training model: top_left-original-bottom_left
2025-07-17 14:31:25 - INFO - Model top_left-original-bottom_left completed in 13.26 seconds.
2025-07-17 14:31:25 - INFO - >>> Model top_left-original-bottom_left trained. Accuracy: 0.9226 (13.26 sec.)
2025-07-17 14:31:25 - INFO - Training model: tda-original-bottom_left
2025-07-17 14:31:50 - INFO - Model tda-original-bottom_left completed in 25.84 seconds.
2025-07-17 14:31:50 - INFO - >>> Model tda-original-bottom_left trained. Accuracy: 0.9162 (25.84 sec.)
2025-07-17 14:31:50 - INFO - Training model: top_left-tda-original
2025-07-17 14:32:16 - INFO - Model top_left-tda-original completed in 25.47 seconds.
2025-07-17 14:32:16 - INFO - >>> Model top_left-tda-original trained. Accuracy: 0.9224 (25.47 sec.)
2025-07-17 14:32:16 - INFO - Training model: top_right-bottom_left-original-bottom_right
2025-07-17 14:32:32 - INFO - Model top_right-bottom_left-original-bottom_right completed in 16.65 seconds.
2025-07-17 14:32:32 - INFO - >>> Model top_right-bottom_left-original-bottom_right trained. Accuracy: 0.9330 (16.65 sec.)
2025-07-17 14:32:32 - INFO - Training model: top_right-top_left-original-bottom_right
2025-07-17 14:32:49 - INFO - Model top_right-top_left-original-bottom_right completed in 16.68 seconds.
2025-07-17 14:32:49 - INFO - >>> Model top_right-top_left-original-bottom_right trained. Accuracy: 0.9355 (16.68 sec.)
2025-07-17 14:32:49 - INFO - Training model: top_right-tda-original-bottom_right
2025-07-17 14:33:19 - INFO - Model top_right-tda-original-bottom_right completed in 30.04 seconds.
2025-07-17 14:33:19 - INFO - >>> Model top_right-tda-original-bottom_right trained. Accuracy: 0.9317 (30.04 sec.)
2025-07-17 14:33:19 - INFO - Training model: top_right-top_left-original-bottom_left
2025-07-17 14:33:36 - INFO - Model top_right-top_left-original-bottom_left completed in 17.02 seconds.
2025-07-17 14:33:36 - INFO - >>> Model top_right-top_left-original-bottom_left trained. Accuracy: 0.9351 (17.02 sec.)
2025-07-17 14:33:36 - INFO - Training model: top_right-tda-original-bottom_left
2025-07-17 14:34:06 - INFO - Model top_right-tda-original-bottom_left completed in 29.62 seconds.
2025-07-17 14:34:06 - INFO - >>> Model top_right-tda-original-bottom_left trained. Accuracy: 0.9286 (29.62 sec.)
2025-07-17 14:34:06 - INFO - Training model: top_right-tda-original-top_left
2025-07-17 14:34:36 - INFO - Model top_right-tda-original-top_left completed in 29.74 seconds.
2025-07-17 14:34:36 - INFO - >>> Model top_right-tda-original-top_left trained. Accuracy: 0.9335 (29.74 sec.)
2025-07-17 14:34:36 - INFO - Training model: top_left-bottom_left-original-bottom_right
2025-07-17 14:34:52 - INFO - Model top_left-bottom_left-original-bottom_right completed in 16.60 seconds.
2025-07-17 14:34:52 - INFO - >>> Model top_left-bottom_left-original-bottom_right trained. Accuracy: 0.9297 (16.60 sec.)
2025-07-17 14:34:52 - INFO - Training model: tda-bottom_left-original-bottom_right
2025-07-17 14:35:22 - INFO - Model tda-bottom_left-original-bottom_right completed in 29.33 seconds.
2025-07-17 14:35:22 - INFO - >>> Model tda-bottom_left-original-bottom_right trained. Accuracy: 0.9250 (29.33 sec.)
2025-07-17 14:35:22 - INFO - Training model: top_left-tda-original-bottom_right
2025-07-17 14:35:50 - INFO - Model top_left-tda-original-bottom_right completed in 28.95 seconds.
2025-07-17 14:35:50 - INFO - >>> Model top_left-tda-original-bottom_right trained. Accuracy: 0.9291 (28.95 sec.)
2025-07-17 14:35:50 - INFO - Training model: top_left-tda-original-bottom_left
2025-07-17 14:36:19 - INFO - Model top_left-tda-original-bottom_left completed in 28.89 seconds.
2025-07-17 14:36:19 - INFO - >>> Model top_left-tda-original-bottom_left trained. Accuracy: 0.9260 (28.89 sec.)
2025-07-17 14:36:19 - INFO - Training model: top_right-bottom_right-original-bottom_left-top_left
2025-07-17 14:36:39 - INFO - Model top_right-bottom_right-original-bottom_left-top_left completed in 19.35 seconds.
2025-07-17 14:36:39 - INFO - >>> Model top_right-bottom_right-original-bottom_left-top_left trained. Accuracy: 0.9425 (19.35 sec.)
2025-07-17 14:36:39 - INFO - Training model: top_right-bottom_right-original-bottom_left-tda
2025-07-17 14:37:12 - INFO - Model top_right-bottom_right-original-bottom_left-tda completed in 33.46 seconds.
2025-07-17 14:37:12 - INFO - >>> Model top_right-bottom_right-original-bottom_left-tda trained. Accuracy: 0.9358 (33.46 sec.)
2025-07-17 14:37:12 - INFO - Training model: top_right-bottom_right-original-top_left-tda
2025-07-17 14:37:45 - INFO - Model top_right-bottom_right-original-top_left-tda completed in 32.63 seconds.
2025-07-17 14:37:45 - INFO - >>> Model top_right-bottom_right-original-top_left-tda trained. Accuracy: 0.9397 (32.63 sec.)
2025-07-17 14:37:45 - INFO - Training model: top_right-original-bottom_left-top_left-tda
2025-07-17 14:38:17 - INFO - Model top_right-original-bottom_left-top_left-tda completed in 32.70 seconds.
2025-07-17 14:38:17 - INFO - >>> Model top_right-original-bottom_left-top_left-tda trained. Accuracy: 0.9369 (32.70 sec.)
2025-07-17 14:38:17 - INFO - Training model: bottom_right-original-bottom_left-top_left-tda
2025-07-17 14:38:51 - INFO - Model bottom_right-original-bottom_left-top_left-tda completed in 33.07 seconds.
2025-07-17 14:38:51 - INFO - >>> Model bottom_right-original-bottom_left-top_left-tda trained. Accuracy: 0.9326 (33.07 sec.)
2025-07-17 14:38:51 - INFO - Training model: top_right-bottom_right-original-bottom_left-top_left-tda
2025-07-17 14:39:27 - INFO - Model top_right-bottom_right-original-bottom_left-top_left-tda completed in 36.24 seconds.
2025-07-17 14:39:27 - INFO - >>> Model top_right-bottom_right-original-bottom_left-top_left-tda trained. Accuracy: 0.9433 (36.24 sec.)
2025-07-17 14:39:27 - INFO - All models trained successfully.
2025-07-17 14:39:27 - INFO - ========== [Model Training Completed] in 11.27 minutes ==========
2025-07-17 14:39:27 - INFO - ========== [Experiment Training Complete] ==========
2025-07-17 14:39:27 - INFO - Results saved to /home/jovyan/Workspace/workspace_mnist/results/exp_icecream_noise_saltpepper_20/exp_icecream_noise_saltpepper_20_2025-07-17_14-39-27.json
2025-07-17 14:39:27 - INFO - Results successfully saved to /home/jovyan/Workspace/workspace_mnist/results/exp_icecream_noise_saltpepper_20/exp_icecream_noise_saltpepper_20_2025-07-17_14-39-27.json
2025-07-17 14:39:27 - INFO - Forced Garbage collection executed to Free Memory.
2025-07-17 14:39:27 - INFO - ========== [Experiment Completed] in 25.59 minutes ==========
