2025-07-17 00:32:23 - INFO - Logging initialized.
 Writing to /home/jovyan/Workspace/workspace_mnist/logs/exp_icecream_noise_saltpepper_20/experiment_logs_2025-07-17_00-32-23.log
2025-07-17 00:32:23 - INFO - ========== [Experiment Start] ==========
2025-07-17 00:32:23 - INFO - Views combinations successfully generated.
2025-07-17 00:32:23 - INFO - Topological Data Analysis pipeline generated.
2025-07-17 00:32:23 - INFO - Folder to save results has been created.
2025-07-17 00:32:23 - INFO - Reading dataset from mnist_784.csv (chunk size: 70000).
2025-07-17 00:32:24 - INFO - Starting multiview data preparation for a chunk of size (70000, 784)...
2025-07-17 00:32:24 - INFO - Running using 20 jobs.
2025-07-17 00:32:24 - INFO - Contaminating dataset with salt_pepper, quantity=0.2, transparency=0.
2025-07-17 00:32:28 - INFO - Splitting data: 80.0% train / 30.0% test (random_state=999612284)
2025-07-17 00:32:28 - INFO - Using full training data without second split.
2025-07-17 00:32:28 - INFO - Data split complete. Train size: (49000, 784), Test size: (21000, 784)
2025-07-17 00:32:28 - INFO - Reshaping train and test data into square images...
2025-07-17 00:32:28 - INFO - Reshaping complete. Train images shape: (49000, 28, 28), Test images shape: (21000, 28, 28)
2025-07-17 00:32:28 - INFO - Splitting images into quadrant views...
2025-07-17 00:32:28 - INFO - Quadrant view splitting complete. Train views: 4, Test views: 4
2025-07-17 00:32:28 - INFO - Starting TDA pipeline transformation on train data...
2025-07-17 00:42:26 - INFO - TDA transformation for train completed (9.97 minutes).
2025-07-17 00:42:26 - INFO - Applying TDA pipeline transformation on test data...
2025-07-17 00:46:35 - INFO - TDA transformation for test completed (4.16 minutes).
2025-07-17 00:46:35 - INFO - ========== [Model Training Start] ==========
2025-07-17 00:46:35 - INFO - Training model: original
2025-07-17 00:46:36 - INFO - Model original completed in 1.24 seconds.
2025-07-17 00:46:36 - INFO - >>> Model original trained. Accuracy: 0.9033 (1.24 sec.)
2025-07-17 00:46:36 - INFO - Training model: top_right-original
2025-07-17 00:46:46 - INFO - Model top_right-original completed in 9.70 seconds.
2025-07-17 00:46:46 - INFO - >>> Model top_right-original trained. Accuracy: 0.9206 (9.70 sec.)
2025-07-17 00:46:46 - INFO - Training model: original-bottom_right
2025-07-17 00:46:56 - INFO - Model original-bottom_right completed in 9.97 seconds.
2025-07-17 00:46:56 - INFO - >>> Model original-bottom_right trained. Accuracy: 0.9185 (9.97 sec.)
2025-07-17 00:46:56 - INFO - Training model: original-bottom_left
2025-07-17 00:47:06 - INFO - Model original-bottom_left completed in 10.17 seconds.
2025-07-17 00:47:06 - INFO - >>> Model original-bottom_left trained. Accuracy: 0.9139 (10.17 sec.)
2025-07-17 00:47:06 - INFO - Training model: top_left-original
2025-07-17 00:47:16 - INFO - Model top_left-original completed in 9.67 seconds.
2025-07-17 00:47:16 - INFO - >>> Model top_left-original trained. Accuracy: 0.9189 (9.67 sec.)
2025-07-17 00:47:16 - INFO - Training model: tda-original
2025-07-17 00:47:38 - INFO - Model tda-original completed in 22.54 seconds.
2025-07-17 00:47:38 - INFO - >>> Model tda-original trained. Accuracy: 0.9128 (22.54 sec.)
2025-07-17 00:47:38 - INFO - Training model: top_right-original-bottom_right
2025-07-17 00:47:52 - INFO - Model top_right-original-bottom_right completed in 13.94 seconds.
2025-07-17 00:47:52 - INFO - >>> Model top_right-original-bottom_right trained. Accuracy: 0.9265 (13.94 sec.)
2025-07-17 00:47:52 - INFO - Training model: top_right-original-bottom_left
2025-07-17 00:48:06 - INFO - Model top_right-original-bottom_left completed in 13.30 seconds.
2025-07-17 00:48:06 - INFO - >>> Model top_right-original-bottom_left trained. Accuracy: 0.9256 (13.30 sec.)
2025-07-17 00:48:06 - INFO - Training model: top_right-original-top_left
2025-07-17 00:48:19 - INFO - Model top_right-original-top_left completed in 13.60 seconds.
2025-07-17 00:48:19 - INFO - >>> Model top_right-original-top_left trained. Accuracy: 0.9291 (13.60 sec.)
2025-07-17 00:48:19 - INFO - Training model: top_right-tda-original
2025-07-17 00:48:46 - INFO - Model top_right-tda-original completed in 26.33 seconds.
2025-07-17 00:48:46 - INFO - >>> Model top_right-tda-original trained. Accuracy: 0.9239 (26.33 sec.)
2025-07-17 00:48:46 - INFO - Training model: bottom_left-original-bottom_right
2025-07-17 00:48:59 - INFO - Model bottom_left-original-bottom_right completed in 13.74 seconds.
2025-07-17 00:48:59 - INFO - >>> Model bottom_left-original-bottom_right trained. Accuracy: 0.9224 (13.74 sec.)
2025-07-17 00:48:59 - INFO - Training model: top_left-original-bottom_right
2025-07-17 00:49:13 - INFO - Model top_left-original-bottom_right completed in 13.35 seconds.
2025-07-17 00:49:13 - INFO - >>> Model top_left-original-bottom_right trained. Accuracy: 0.9265 (13.35 sec.)
2025-07-17 00:49:13 - INFO - Training model: tda-original-bottom_right
2025-07-17 00:49:39 - INFO - Model tda-original-bottom_right completed in 26.48 seconds.
2025-07-17 00:49:39 - INFO - >>> Model tda-original-bottom_right trained. Accuracy: 0.9236 (26.48 sec.)
2025-07-17 00:49:39 - INFO - Training model: top_left-original-bottom_left
2025-07-17 00:49:53 - INFO - Model top_left-original-bottom_left completed in 13.31 seconds.
2025-07-17 00:49:53 - INFO - >>> Model top_left-original-bottom_left trained. Accuracy: 0.9227 (13.31 sec.)
2025-07-17 00:49:53 - INFO - Training model: tda-original-bottom_left
2025-07-17 00:50:19 - INFO - Model tda-original-bottom_left completed in 26.22 seconds.
2025-07-17 00:50:19 - INFO - >>> Model tda-original-bottom_left trained. Accuracy: 0.9168 (26.22 sec.)
2025-07-17 00:50:19 - INFO - Training model: top_left-tda-original
2025-07-17 00:50:45 - INFO - Model top_left-tda-original completed in 25.87 seconds.
2025-07-17 00:50:45 - INFO - >>> Model top_left-tda-original trained. Accuracy: 0.9204 (25.87 sec.)
2025-07-17 00:50:45 - INFO - Training model: top_right-bottom_left-original-bottom_right
2025-07-17 00:51:02 - INFO - Model top_right-bottom_left-original-bottom_right completed in 16.93 seconds.
2025-07-17 00:51:02 - INFO - >>> Model top_right-bottom_left-original-bottom_right trained. Accuracy: 0.9329 (16.93 sec.)
2025-07-17 00:51:02 - INFO - Training model: top_right-top_left-original-bottom_right
2025-07-17 00:51:18 - INFO - Model top_right-top_left-original-bottom_right completed in 16.45 seconds.
2025-07-17 00:51:18 - INFO - >>> Model top_right-top_left-original-bottom_right trained. Accuracy: 0.9359 (16.45 sec.)
2025-07-17 00:51:18 - INFO - Training model: top_right-tda-original-bottom_right
2025-07-17 00:51:48 - INFO - Model top_right-tda-original-bottom_right completed in 30.26 seconds.
2025-07-17 00:51:48 - INFO - >>> Model top_right-tda-original-bottom_right trained. Accuracy: 0.9321 (30.26 sec.)
2025-07-17 00:51:48 - INFO - Training model: top_right-top_left-original-bottom_left
2025-07-17 00:52:05 - INFO - Model top_right-top_left-original-bottom_left completed in 16.92 seconds.
2025-07-17 00:52:05 - INFO - >>> Model top_right-top_left-original-bottom_left trained. Accuracy: 0.9360 (16.92 sec.)
2025-07-17 00:52:05 - INFO - Training model: top_right-tda-original-bottom_left
2025-07-17 00:52:35 - INFO - Model top_right-tda-original-bottom_left completed in 29.68 seconds.
2025-07-17 00:52:35 - INFO - >>> Model top_right-tda-original-bottom_left trained. Accuracy: 0.9285 (29.68 sec.)
2025-07-17 00:52:35 - INFO - Training model: top_right-tda-original-top_left
2025-07-17 00:53:04 - INFO - Model top_right-tda-original-top_left completed in 29.18 seconds.
2025-07-17 00:53:04 - INFO - >>> Model top_right-tda-original-top_left trained. Accuracy: 0.9320 (29.18 sec.)
2025-07-17 00:53:04 - INFO - Training model: top_left-bottom_left-original-bottom_right
2025-07-17 00:53:21 - INFO - Model top_left-bottom_left-original-bottom_right completed in 16.67 seconds.
2025-07-17 00:53:21 - INFO - >>> Model top_left-bottom_left-original-bottom_right trained. Accuracy: 0.9303 (16.67 sec.)
2025-07-17 00:53:21 - INFO - Training model: tda-bottom_left-original-bottom_right
2025-07-17 00:53:51 - INFO - Model tda-bottom_left-original-bottom_right completed in 30.29 seconds.
2025-07-17 00:53:51 - INFO - >>> Model tda-bottom_left-original-bottom_right trained. Accuracy: 0.9258 (30.29 sec.)
2025-07-17 00:53:51 - INFO - Training model: top_left-tda-original-bottom_right
2025-07-17 00:54:21 - INFO - Model top_left-tda-original-bottom_right completed in 30.10 seconds.
2025-07-17 00:54:21 - INFO - >>> Model top_left-tda-original-bottom_right trained. Accuracy: 0.9311 (30.10 sec.)
2025-07-17 00:54:21 - INFO - Training model: top_left-tda-original-bottom_left
2025-07-17 00:54:51 - INFO - Model top_left-tda-original-bottom_left completed in 30.13 seconds.
2025-07-17 00:54:51 - INFO - >>> Model top_left-tda-original-bottom_left trained. Accuracy: 0.9247 (30.13 sec.)
2025-07-17 00:54:51 - INFO - Training model: top_right-bottom_right-original-bottom_left-top_left
2025-07-17 00:55:12 - INFO - Model top_right-bottom_right-original-bottom_left-top_left completed in 20.70 seconds.
2025-07-17 00:55:12 - INFO - >>> Model top_right-bottom_right-original-bottom_left-top_left trained. Accuracy: 0.9427 (20.70 sec.)
2025-07-17 00:55:12 - INFO - Training model: top_right-bottom_right-original-bottom_left-tda
2025-07-17 00:55:45 - INFO - Model top_right-bottom_right-original-bottom_left-tda completed in 33.20 seconds.
2025-07-17 00:55:45 - INFO - >>> Model top_right-bottom_right-original-bottom_left-tda trained. Accuracy: 0.9362 (33.20 sec.)
2025-07-17 00:55:45 - INFO - Training model: top_right-bottom_right-original-top_left-tda
2025-07-17 00:56:18 - INFO - Model top_right-bottom_right-original-top_left-tda completed in 33.21 seconds.
2025-07-17 00:56:18 - INFO - >>> Model top_right-bottom_right-original-top_left-tda trained. Accuracy: 0.9392 (33.21 sec.)
2025-07-17 00:56:18 - INFO - Training model: top_right-original-bottom_left-top_left-tda
2025-07-17 00:56:51 - INFO - Model top_right-original-bottom_left-top_left-tda completed in 32.82 seconds.
2025-07-17 00:56:51 - INFO - >>> Model top_right-original-bottom_left-top_left-tda trained. Accuracy: 0.9380 (32.82 sec.)
2025-07-17 00:56:51 - INFO - Training model: bottom_right-original-bottom_left-top_left-tda
2025-07-17 00:57:25 - INFO - Model bottom_right-original-bottom_left-top_left-tda completed in 33.40 seconds.
2025-07-17 00:57:25 - INFO - >>> Model bottom_right-original-bottom_left-top_left-tda trained. Accuracy: 0.9332 (33.40 sec.)
2025-07-17 00:57:25 - INFO - Training model: top_right-bottom_right-original-bottom_left-top_left-tda
2025-07-17 00:58:02 - INFO - Model top_right-bottom_right-original-bottom_left-top_left-tda completed in 37.06 seconds.
2025-07-17 00:58:02 - INFO - >>> Model top_right-bottom_right-original-bottom_left-top_left-tda trained. Accuracy: 0.9459 (37.06 sec.)
2025-07-17 00:58:02 - INFO - All models trained successfully.
2025-07-17 00:58:02 - INFO - ========== [Model Training Completed] in 11.44 minutes ==========
2025-07-17 00:58:02 - INFO - ========== [Experiment Training Complete] ==========
2025-07-17 00:58:02 - INFO - Results saved to /home/jovyan/Workspace/workspace_mnist/results/exp_icecream_noise_saltpepper_20/exp_icecream_noise_saltpepper_20_2025-07-17_00-58-02.json
2025-07-17 00:58:02 - INFO - Results successfully saved to /home/jovyan/Workspace/workspace_mnist/results/exp_icecream_noise_saltpepper_20/exp_icecream_noise_saltpepper_20_2025-07-17_00-58-02.json
2025-07-17 00:58:02 - INFO - Forced Garbage collection executed to Free Memory.
2025-07-17 00:58:02 - INFO - ========== [Experiment Completed] in 25.65 minutes ==========
