2025-07-16 22:49:55 - INFO - Logging initialized.
 Writing to /home/jovyan/Workspace/workspace_mnist/logs/exp_icecream_noise_saltpepper_20/experiment_logs_2025-07-16_22-49-55.log
2025-07-16 22:49:55 - INFO - ========== [Experiment Start] ==========
2025-07-16 22:49:55 - INFO - Views combinations successfully generated.
2025-07-16 22:49:55 - INFO - Topological Data Analysis pipeline generated.
2025-07-16 22:49:55 - INFO - Folder to save results has been created.
2025-07-16 22:49:55 - INFO - Reading dataset from mnist_784.csv (chunk size: 70000).
2025-07-16 22:49:56 - INFO - Starting multiview data preparation for a chunk of size (70000, 784)...
2025-07-16 22:49:56 - INFO - Running using 20 jobs.
2025-07-16 22:49:56 - INFO - Contaminating dataset with salt_pepper, quantity=0.2, transparency=0.
2025-07-16 22:50:00 - INFO - Splitting data: 80.0% train / 30.0% test (random_state=172589524)
2025-07-16 22:50:00 - INFO - Using full training data without second split.
2025-07-16 22:50:00 - INFO - Data split complete. Train size: (49000, 784), Test size: (21000, 784)
2025-07-16 22:50:00 - INFO - Reshaping train and test data into square images...
2025-07-16 22:50:00 - INFO - Reshaping complete. Train images shape: (49000, 28, 28), Test images shape: (21000, 28, 28)
2025-07-16 22:50:00 - INFO - Splitting images into quadrant views...
2025-07-16 22:50:00 - INFO - Quadrant view splitting complete. Train views: 4, Test views: 4
2025-07-16 22:50:00 - INFO - Starting TDA pipeline transformation on train data...
2025-07-16 23:00:22 - INFO - TDA transformation for train completed (10.37 minutes).
2025-07-16 23:00:22 - INFO - Applying TDA pipeline transformation on test data...
2025-07-16 23:04:33 - INFO - TDA transformation for test completed (4.19 minutes).
2025-07-16 23:04:33 - INFO - ========== [Model Training Start] ==========
2025-07-16 23:04:33 - INFO - Training model: original
2025-07-16 23:04:34 - INFO - Model original completed in 1.21 seconds.
2025-07-16 23:04:34 - INFO - >>> Model original trained. Accuracy: 0.9052 (1.21 sec.)
2025-07-16 23:04:34 - INFO - Training model: top_right-original
2025-07-16 23:04:44 - INFO - Model top_right-original completed in 10.08 seconds.
2025-07-16 23:04:44 - INFO - >>> Model top_right-original trained. Accuracy: 0.9228 (10.08 sec.)
2025-07-16 23:04:44 - INFO - Training model: original-bottom_right
2025-07-16 23:04:54 - INFO - Model original-bottom_right completed in 10.00 seconds.
2025-07-16 23:04:54 - INFO - >>> Model original-bottom_right trained. Accuracy: 0.9189 (10.00 sec.)
2025-07-16 23:04:54 - INFO - Training model: original-bottom_left
2025-07-16 23:05:04 - INFO - Model original-bottom_left completed in 10.07 seconds.
2025-07-16 23:05:04 - INFO - >>> Model original-bottom_left trained. Accuracy: 0.9163 (10.07 sec.)
2025-07-16 23:05:04 - INFO - Training model: top_left-original
2025-07-16 23:05:14 - INFO - Model top_left-original completed in 9.99 seconds.
2025-07-16 23:05:14 - INFO - >>> Model top_left-original trained. Accuracy: 0.9199 (9.99 sec.)
2025-07-16 23:05:14 - INFO - Training model: tda-original
2025-07-16 23:05:37 - INFO - Model tda-original completed in 22.70 seconds.
2025-07-16 23:05:37 - INFO - >>> Model tda-original trained. Accuracy: 0.9182 (22.70 sec.)
2025-07-16 23:05:37 - INFO - Training model: top_right-original-bottom_right
2025-07-16 23:05:51 - INFO - Model top_right-original-bottom_right completed in 13.90 seconds.
2025-07-16 23:05:51 - INFO - >>> Model top_right-original-bottom_right trained. Accuracy: 0.9317 (13.90 sec.)
2025-07-16 23:05:51 - INFO - Training model: top_right-original-bottom_left
2025-07-16 23:06:04 - INFO - Model top_right-original-bottom_left completed in 13.22 seconds.
2025-07-16 23:06:04 - INFO - >>> Model top_right-original-bottom_left trained. Accuracy: 0.9285 (13.22 sec.)
2025-07-16 23:06:04 - INFO - Training model: top_right-original-top_left
2025-07-16 23:06:18 - INFO - Model top_right-original-top_left completed in 13.38 seconds.
2025-07-16 23:06:18 - INFO - >>> Model top_right-original-top_left trained. Accuracy: 0.9308 (13.38 sec.)
2025-07-16 23:06:18 - INFO - Training model: top_right-tda-original
2025-07-16 23:06:44 - INFO - Model top_right-tda-original completed in 26.77 seconds.
2025-07-16 23:06:44 - INFO - >>> Model top_right-tda-original trained. Accuracy: 0.9275 (26.77 sec.)
2025-07-16 23:06:44 - INFO - Training model: bottom_left-original-bottom_right
2025-07-16 23:06:58 - INFO - Model bottom_left-original-bottom_right completed in 13.53 seconds.
2025-07-16 23:06:58 - INFO - >>> Model bottom_left-original-bottom_right trained. Accuracy: 0.9240 (13.53 sec.)
2025-07-16 23:06:58 - INFO - Training model: top_left-original-bottom_right
2025-07-16 23:07:11 - INFO - Model top_left-original-bottom_right completed in 13.45 seconds.
2025-07-16 23:07:11 - INFO - >>> Model top_left-original-bottom_right trained. Accuracy: 0.9266 (13.45 sec.)
2025-07-16 23:07:11 - INFO - Training model: tda-original-bottom_right
2025-07-16 23:07:38 - INFO - Model tda-original-bottom_right completed in 26.15 seconds.
2025-07-16 23:07:38 - INFO - >>> Model tda-original-bottom_right trained. Accuracy: 0.9246 (26.15 sec.)
2025-07-16 23:07:38 - INFO - Training model: top_left-original-bottom_left
2025-07-16 23:07:51 - INFO - Model top_left-original-bottom_left completed in 13.09 seconds.
2025-07-16 23:07:51 - INFO - >>> Model top_left-original-bottom_left trained. Accuracy: 0.9265 (13.09 sec.)
2025-07-16 23:07:51 - INFO - Training model: tda-original-bottom_left
2025-07-16 23:08:17 - INFO - Model tda-original-bottom_left completed in 26.50 seconds.
2025-07-16 23:08:17 - INFO - >>> Model tda-original-bottom_left trained. Accuracy: 0.9195 (26.50 sec.)
2025-07-16 23:08:17 - INFO - Training model: top_left-tda-original
2025-07-16 23:08:44 - INFO - Model top_left-tda-original completed in 26.46 seconds.
2025-07-16 23:08:44 - INFO - >>> Model top_left-tda-original trained. Accuracy: 0.9237 (26.46 sec.)
2025-07-16 23:08:44 - INFO - Training model: top_right-bottom_left-original-bottom_right
2025-07-16 23:09:01 - INFO - Model top_right-bottom_left-original-bottom_right completed in 17.34 seconds.
2025-07-16 23:09:01 - INFO - >>> Model top_right-bottom_left-original-bottom_right trained. Accuracy: 0.9353 (17.34 sec.)
2025-07-16 23:09:01 - INFO - Training model: top_right-top_left-original-bottom_right
2025-07-16 23:09:18 - INFO - Model top_right-top_left-original-bottom_right completed in 16.57 seconds.
2025-07-16 23:09:18 - INFO - >>> Model top_right-top_left-original-bottom_right trained. Accuracy: 0.9387 (16.57 sec.)
2025-07-16 23:09:18 - INFO - Training model: top_right-tda-original-bottom_right
2025-07-16 23:09:47 - INFO - Model top_right-tda-original-bottom_right completed in 29.86 seconds.
2025-07-16 23:09:47 - INFO - >>> Model top_right-tda-original-bottom_right trained. Accuracy: 0.9346 (29.86 sec.)
2025-07-16 23:09:47 - INFO - Training model: top_right-top_left-original-bottom_left
2025-07-16 23:10:04 - INFO - Model top_right-top_left-original-bottom_left completed in 17.01 seconds.
2025-07-16 23:10:04 - INFO - >>> Model top_right-top_left-original-bottom_left trained. Accuracy: 0.9369 (17.01 sec.)
2025-07-16 23:10:04 - INFO - Training model: top_right-tda-original-bottom_left
2025-07-16 23:10:35 - INFO - Model top_right-tda-original-bottom_left completed in 30.41 seconds.
2025-07-16 23:10:35 - INFO - >>> Model top_right-tda-original-bottom_left trained. Accuracy: 0.9310 (30.41 sec.)
2025-07-16 23:10:35 - INFO - Training model: top_right-tda-original-top_left
2025-07-16 23:11:05 - INFO - Model top_right-tda-original-top_left completed in 30.07 seconds.
2025-07-16 23:11:05 - INFO - >>> Model top_right-tda-original-top_left trained. Accuracy: 0.9342 (30.07 sec.)
2025-07-16 23:11:05 - INFO - Training model: top_left-bottom_left-original-bottom_right
2025-07-16 23:11:22 - INFO - Model top_left-bottom_left-original-bottom_right completed in 17.14 seconds.
2025-07-16 23:11:22 - INFO - >>> Model top_left-bottom_left-original-bottom_right trained. Accuracy: 0.9319 (17.14 sec.)
2025-07-16 23:11:22 - INFO - Training model: tda-bottom_left-original-bottom_right
2025-07-16 23:11:52 - INFO - Model tda-bottom_left-original-bottom_right completed in 30.03 seconds.
2025-07-16 23:11:52 - INFO - >>> Model tda-bottom_left-original-bottom_right trained. Accuracy: 0.9264 (30.03 sec.)
2025-07-16 23:11:52 - INFO - Training model: top_left-tda-original-bottom_right
2025-07-16 23:12:22 - INFO - Model top_left-tda-original-bottom_right completed in 29.86 seconds.
2025-07-16 23:12:22 - INFO - >>> Model top_left-tda-original-bottom_right trained. Accuracy: 0.9313 (29.86 sec.)
2025-07-16 23:12:22 - INFO - Training model: top_left-tda-original-bottom_left
2025-07-16 23:12:51 - INFO - Model top_left-tda-original-bottom_left completed in 29.24 seconds.
2025-07-16 23:12:51 - INFO - >>> Model top_left-tda-original-bottom_left trained. Accuracy: 0.9284 (29.24 sec.)
2025-07-16 23:12:51 - INFO - Training model: top_right-bottom_right-original-bottom_left-top_left
2025-07-16 23:13:11 - INFO - Model top_right-bottom_right-original-bottom_left-top_left completed in 20.10 seconds.
2025-07-16 23:13:11 - INFO - >>> Model top_right-bottom_right-original-bottom_left-top_left trained. Accuracy: 0.9439 (20.10 sec.)
2025-07-16 23:13:11 - INFO - Training model: top_right-bottom_right-original-bottom_left-tda
2025-07-16 23:13:45 - INFO - Model top_right-bottom_right-original-bottom_left-tda completed in 33.70 seconds.
2025-07-16 23:13:45 - INFO - >>> Model top_right-bottom_right-original-bottom_left-tda trained. Accuracy: 0.9380 (33.70 sec.)
2025-07-16 23:13:45 - INFO - Training model: top_right-bottom_right-original-top_left-tda
2025-07-16 23:14:18 - INFO - Model top_right-bottom_right-original-top_left-tda completed in 33.26 seconds.
2025-07-16 23:14:18 - INFO - >>> Model top_right-bottom_right-original-top_left-tda trained. Accuracy: 0.9424 (33.26 sec.)
2025-07-16 23:14:18 - INFO - Training model: top_right-original-bottom_left-top_left-tda
2025-07-16 23:14:51 - INFO - Model top_right-original-bottom_left-top_left-tda completed in 32.90 seconds.
2025-07-16 23:14:51 - INFO - >>> Model top_right-original-bottom_left-top_left-tda trained. Accuracy: 0.9401 (32.90 sec.)
2025-07-16 23:14:51 - INFO - Training model: bottom_right-original-bottom_left-top_left-tda
2025-07-16 23:15:24 - INFO - Model bottom_right-original-bottom_left-top_left-tda completed in 32.56 seconds.
2025-07-16 23:15:24 - INFO - >>> Model bottom_right-original-bottom_left-top_left-tda trained. Accuracy: 0.9354 (32.56 sec.)
2025-07-16 23:15:24 - INFO - Training model: top_right-bottom_right-original-bottom_left-top_left-tda
2025-07-16 23:16:00 - INFO - Model top_right-bottom_right-original-bottom_left-top_left-tda completed in 36.67 seconds.
2025-07-16 23:16:00 - INFO - >>> Model top_right-bottom_right-original-bottom_left-top_left-tda trained. Accuracy: 0.9460 (36.67 sec.)
2025-07-16 23:16:00 - INFO - All models trained successfully.
2025-07-16 23:16:00 - INFO - ========== [Model Training Completed] in 11.45 minutes ==========
2025-07-16 23:16:00 - INFO - ========== [Experiment Training Complete] ==========
2025-07-16 23:16:01 - INFO - Results saved to /home/jovyan/Workspace/workspace_mnist/results/exp_icecream_noise_saltpepper_20/exp_icecream_noise_saltpepper_20_2025-07-16_23-16-00.json
2025-07-16 23:16:01 - INFO - Results successfully saved to /home/jovyan/Workspace/workspace_mnist/results/exp_icecream_noise_saltpepper_20/exp_icecream_noise_saltpepper_20_2025-07-16_23-16-00.json
2025-07-16 23:16:01 - INFO - Forced Garbage collection executed to Free Memory.
2025-07-16 23:16:01 - INFO - ========== [Experiment Completed] in 26.09 minutes ==========
