2025-03-28 12:51:20 - INFO - Logging initialized.
 Writing to /home/jovyan/Workspace/workspace_mnist/logs/exp_noise_icecream_salt_q50/experiment_logs_2025-03-28_12-51-20.log
2025-03-28 12:51:20 - INFO - ========== [Experiment Start] ==========
2025-03-28 12:51:20 - INFO - Views combinations succesfully generated.
2025-03-28 12:51:20 - INFO - Topological Data Analysis pipeline generated.
2025-03-28 12:51:20 - INFO - Generating folder to save results.
2025-03-28 12:51:20 - INFO - Reading dataset in chunks from mnist_784.csv (chunk size: 70000)
2025-03-28 12:51:21 - INFO - Starting multiview data preparation for a chunk of size (70000, 784)...
2025-03-28 12:51:21 - INFO - Running using 22 jobs.
2025-03-28 12:51:21 - INFO - Contaminating dataset with salt using 3.
2025-03-28 12:51:26 - INFO - Splitting data: 48.9% train / 20.0% test (random_state=508701318)
2025-03-28 12:51:26 - INFO - Data split complete. Train size: (27377, 784), Test size: (14000, 784)
2025-03-28 12:51:26 - INFO - Reshaping train and test data into square images...
2025-03-28 12:51:26 - INFO - Reshaping complete. Train images: (27377, 28, 28), Test images: (14000, 28, 28)
2025-03-28 12:51:26 - INFO - Splitting images into quadrant views...
2025-03-28 12:51:26 - INFO - Quadrant view splitting complete. Train views: 4, Test views: 4
2025-03-28 12:51:26 - INFO - >> Starting TDA pipeline transformation on train data...
2025-03-28 12:55:31 - INFO - >> TDA transformation for train data completed (4.09 minutes).
2025-03-28 12:55:31 - INFO - >> Applying TDA pipeline transformation on test data...
2025-03-28 12:57:35 - INFO - >> TDA transformation for test data completed (2.07 minutes).
2025-03-28 12:57:35 - INFO - ========== [Model Training Start] ==========
2025-03-28 12:57:35 - INFO - Training model: original
2025-03-28 12:57:36 - INFO - Model original completed in 0.63 seconds.
2025-03-28 12:57:36 - INFO - >>> Model original trained. Accuracy: 0.9592 (0.63 sec.)
2025-03-28 12:57:36 - INFO - Training model: original-bottom_left
2025-03-28 12:57:41 - INFO - Model original-bottom_left completed in 5.66 seconds.
2025-03-28 12:57:41 - INFO - >>> Model original-bottom_left trained. Accuracy: 0.9621 (5.66 sec.)
2025-03-28 12:57:41 - INFO - Training model: original-bottom_right
2025-03-28 12:57:47 - INFO - Model original-bottom_right completed in 5.80 seconds.
2025-03-28 12:57:47 - INFO - >>> Model original-bottom_right trained. Accuracy: 0.9644 (5.80 sec.)
2025-03-28 12:57:47 - INFO - Training model: original-tda
2025-03-28 12:57:56 - INFO - Model original-tda completed in 8.41 seconds.
2025-03-28 12:57:56 - INFO - >>> Model original-tda trained. Accuracy: 0.9694 (8.41 sec.)
2025-03-28 12:57:56 - INFO - Training model: top_left-original
2025-03-28 12:58:01 - INFO - Model top_left-original completed in 5.70 seconds.
2025-03-28 12:58:01 - INFO - >>> Model top_left-original trained. Accuracy: 0.9626 (5.70 sec.)
2025-03-28 12:58:01 - INFO - Training model: original-top_right
2025-03-28 12:58:07 - INFO - Model original-top_right completed in 5.63 seconds.
2025-03-28 12:58:07 - INFO - >>> Model original-top_right trained. Accuracy: 0.9637 (5.63 sec.)
2025-03-28 12:58:07 - INFO - Training model: original-bottom_right-bottom_left
2025-03-28 12:58:15 - INFO - Model original-bottom_right-bottom_left completed in 7.92 seconds.
2025-03-28 12:58:15 - INFO - >>> Model original-bottom_right-bottom_left trained. Accuracy: 0.9654 (7.92 sec.)
2025-03-28 12:58:15 - INFO - Training model: original-tda-bottom_left
2025-03-28 12:58:26 - INFO - Model original-tda-bottom_left completed in 10.76 seconds.
2025-03-28 12:58:26 - INFO - >>> Model original-tda-bottom_left trained. Accuracy: 0.9686 (10.76 sec.)
2025-03-28 12:58:26 - INFO - Training model: top_left-original-bottom_left
2025-03-28 12:58:33 - INFO - Model top_left-original-bottom_left completed in 7.84 seconds.
2025-03-28 12:58:33 - INFO - >>> Model top_left-original-bottom_left trained. Accuracy: 0.9646 (7.84 sec.)
2025-03-28 12:58:33 - INFO - Training model: original-top_right-bottom_left
2025-03-28 12:58:41 - INFO - Model original-top_right-bottom_left completed in 7.90 seconds.
2025-03-28 12:58:41 - INFO - >>> Model original-top_right-bottom_left trained. Accuracy: 0.9658 (7.90 sec.)
2025-03-28 12:58:41 - INFO - Training model: original-bottom_right-tda
2025-03-28 12:58:52 - INFO - Model original-bottom_right-tda completed in 10.86 seconds.
2025-03-28 12:58:52 - INFO - >>> Model original-bottom_right-tda trained. Accuracy: 0.9729 (10.86 sec.)
2025-03-28 12:58:52 - INFO - Training model: top_left-original-bottom_right
2025-03-28 12:59:00 - INFO - Model top_left-original-bottom_right completed in 7.84 seconds.
2025-03-28 12:59:00 - INFO - >>> Model top_left-original-bottom_right trained. Accuracy: 0.9669 (7.84 sec.)
2025-03-28 12:59:00 - INFO - Training model: original-bottom_right-top_right
2025-03-28 12:59:08 - INFO - Model original-bottom_right-top_right completed in 7.96 seconds.
2025-03-28 12:59:08 - INFO - >>> Model original-bottom_right-top_right trained. Accuracy: 0.9663 (7.96 sec.)
2025-03-28 12:59:08 - INFO - Training model: top_left-original-tda
2025-03-28 12:59:19 - INFO - Model top_left-original-tda completed in 10.56 seconds.
2025-03-28 12:59:19 - INFO - >>> Model top_left-original-tda trained. Accuracy: 0.9715 (10.56 sec.)
2025-03-28 12:59:19 - INFO - Training model: original-top_right-tda
2025-03-28 12:59:29 - INFO - Model original-top_right-tda completed in 10.54 seconds.
2025-03-28 12:59:29 - INFO - >>> Model original-top_right-tda trained. Accuracy: 0.9714 (10.54 sec.)
2025-03-28 12:59:29 - INFO - Training model: top_left-original-top_right
2025-03-28 12:59:37 - INFO - Model top_left-original-top_right completed in 7.73 seconds.
2025-03-28 12:59:37 - INFO - >>> Model top_left-original-top_right trained. Accuracy: 0.9661 (7.73 sec.)
2025-03-28 12:59:37 - INFO - Training model: original-bottom_right-tda-bottom_left
2025-03-28 12:59:50 - INFO - Model original-bottom_right-tda-bottom_left completed in 12.79 seconds.
2025-03-28 12:59:50 - INFO - >>> Model original-bottom_right-tda-bottom_left trained. Accuracy: 0.9712 (12.79 sec.)
2025-03-28 12:59:50 - INFO - Training model: top_left-original-bottom_right-bottom_left
2025-03-28 13:00:00 - INFO - Model top_left-original-bottom_right-bottom_left completed in 10.33 seconds.
2025-03-28 13:00:00 - INFO - >>> Model top_left-original-bottom_right-bottom_left trained. Accuracy: 0.9666 (10.33 sec.)
2025-03-28 13:00:00 - INFO - Training model: original-bottom_right-top_right-bottom_left
2025-03-28 13:00:10 - INFO - Model original-bottom_right-top_right-bottom_left completed in 9.57 seconds.
2025-03-28 13:00:10 - INFO - >>> Model original-bottom_right-top_right-bottom_left trained. Accuracy: 0.9676 (9.57 sec.)
2025-03-28 13:00:10 - INFO - Training model: top_left-original-tda-bottom_left
2025-03-28 13:00:22 - INFO - Model top_left-original-tda-bottom_left completed in 12.58 seconds.
2025-03-28 13:00:22 - INFO - >>> Model top_left-original-tda-bottom_left trained. Accuracy: 0.9714 (12.58 sec.)
2025-03-28 13:00:22 - INFO - Training model: original-top_right-tda-bottom_left
2025-03-28 13:00:35 - INFO - Model original-top_right-tda-bottom_left completed in 12.68 seconds.
2025-03-28 13:00:35 - INFO - >>> Model original-top_right-tda-bottom_left trained. Accuracy: 0.9719 (12.68 sec.)
2025-03-28 13:00:35 - INFO - Training model: top_left-original-top_right-bottom_left
2025-03-28 13:00:45 - INFO - Model top_left-original-top_right-bottom_left completed in 10.04 seconds.
2025-03-28 13:00:45 - INFO - >>> Model top_left-original-top_right-bottom_left trained. Accuracy: 0.9676 (10.04 sec.)
2025-03-28 13:00:45 - INFO - Training model: top_left-original-bottom_right-tda
2025-03-28 13:00:58 - INFO - Model top_left-original-bottom_right-tda completed in 13.01 seconds.
2025-03-28 13:00:58 - INFO - >>> Model top_left-original-bottom_right-tda trained. Accuracy: 0.9744 (13.01 sec.)
2025-03-28 13:00:58 - INFO - Training model: original-bottom_right-top_right-tda
2025-03-28 13:01:11 - INFO - Model original-bottom_right-top_right-tda completed in 13.16 seconds.
2025-03-28 13:01:11 - INFO - >>> Model original-bottom_right-top_right-tda trained. Accuracy: 0.9737 (13.16 sec.)
2025-03-28 13:01:11 - INFO - Training model: top_left-original-bottom_right-top_right
2025-03-28 13:01:21 - INFO - Model top_left-original-bottom_right-top_right completed in 10.12 seconds.
2025-03-28 13:01:21 - INFO - >>> Model top_left-original-bottom_right-top_right trained. Accuracy: 0.9690 (10.12 sec.)
2025-03-28 13:01:21 - INFO - Training model: top_left-original-top_right-tda
2025-03-28 13:01:34 - INFO - Model top_left-original-top_right-tda completed in 13.02 seconds.
2025-03-28 13:01:34 - INFO - >>> Model top_left-original-top_right-tda trained. Accuracy: 0.9732 (13.02 sec.)
2025-03-28 13:01:34 - INFO - Training model: bottom_left-bottom_right-tda-top_left-original
2025-03-28 13:01:49 - INFO - Model bottom_left-bottom_right-tda-top_left-original completed in 15.17 seconds.
2025-03-28 13:01:49 - INFO - >>> Model bottom_left-bottom_right-tda-top_left-original trained. Accuracy: 0.9741 (15.17 sec.)
2025-03-28 13:01:49 - INFO - Training model: bottom_left-bottom_right-tda-original-top_right
2025-03-28 13:02:05 - INFO - Model bottom_left-bottom_right-tda-original-top_right completed in 15.15 seconds.
2025-03-28 13:02:05 - INFO - >>> Model bottom_left-bottom_right-tda-original-top_right trained. Accuracy: 0.9738 (15.15 sec.)
2025-03-28 13:02:05 - INFO - Training model: bottom_left-bottom_right-top_left-original-top_right
2025-03-28 13:02:17 - INFO - Model bottom_left-bottom_right-top_left-original-top_right completed in 12.32 seconds.
2025-03-28 13:02:17 - INFO - >>> Model bottom_left-bottom_right-top_left-original-top_right trained. Accuracy: 0.9697 (12.32 sec.)
2025-03-28 13:02:17 - INFO - Training model: bottom_left-tda-top_left-original-top_right
2025-03-28 13:02:32 - INFO - Model bottom_left-tda-top_left-original-top_right completed in 15.03 seconds.
2025-03-28 13:02:32 - INFO - >>> Model bottom_left-tda-top_left-original-top_right trained. Accuracy: 0.9734 (15.03 sec.)
2025-03-28 13:02:32 - INFO - Training model: bottom_right-tda-top_left-original-top_right
2025-03-28 13:02:46 - INFO - Model bottom_right-tda-top_left-original-top_right completed in 14.54 seconds.
2025-03-28 13:02:46 - INFO - >>> Model bottom_right-tda-top_left-original-top_right trained. Accuracy: 0.9756 (14.54 sec.)
2025-03-28 13:02:46 - INFO - Training model: bottom_left-bottom_right-tda-top_left-original-top_right
2025-03-28 13:03:04 - INFO - Model bottom_left-bottom_right-tda-top_left-original-top_right completed in 17.52 seconds.
2025-03-28 13:03:04 - INFO - >>> Model bottom_left-bottom_right-tda-top_left-original-top_right trained. Accuracy: 0.9766 (17.52 sec.)
2025-03-28 13:03:04 - INFO - All models trained successfully.
2025-03-28 13:03:04 - INFO - ========== [Model Training Completed] in 5.48 minutes ==========
2025-03-28 13:03:04 - INFO - ========== [Experiment Training Complete] ==========
2025-03-28 13:03:04 - INFO - Results saved to /home/jovyan/Workspace/workspace_mnist/results/exp_noise_icecream_salt_q50/experiment_trainsize_predictions_2025-03-28_13-03-04.json
2025-03-28 13:03:04 - INFO - Results successfully saved to /home/jovyan/Workspace/workspace_mnist/results/exp_noise_icecream_salt_q50/experiment_trainsize_predictions_2025-03-28_13-03-04.json
2025-03-28 13:03:04 - INFO - Garbage collection executed.
2025-03-28 13:03:04 - INFO - ========== [Experiment Completed] in 11.73 minutes ==========
