2025-04-01 02:09:45 - INFO - Logging initialized.
 Writing to /home/jovyan/Workspace/workspace_mnist/logs/exp_noise_icecream_salt_q50/experiment_logs_2025-04-01_02-09-45.log
2025-04-01 02:09:45 - INFO - ========== [Experiment Start] ==========
2025-04-01 02:09:45 - INFO - Views combinations succesfully generated.
2025-04-01 02:09:45 - INFO - Topological Data Analysis pipeline generated.
2025-04-01 02:09:45 - INFO - Generating folder to save results.
2025-04-01 02:09:45 - INFO - Reading dataset in chunks from mnist_784.csv (chunk size: 70000)
2025-04-01 02:09:46 - INFO - Starting multiview data preparation for a chunk of size (70000, 784)...
2025-04-01 02:09:46 - INFO - Running using 22 jobs.
2025-04-01 02:09:46 - INFO - Contaminating dataset with salt using 3.
2025-04-01 02:09:50 - INFO - Splitting data: 17.8% train / 20.0% test (random_state=508701318)
2025-04-01 02:09:50 - INFO - Data split complete. Train size: (9955, 784), Test size: (14000, 784)
2025-04-01 02:09:50 - INFO - Reshaping train and test data into square images...
2025-04-01 02:09:50 - INFO - Reshaping complete. Train images: (9955, 28, 28), Test images: (14000, 28, 28)
2025-04-01 02:09:50 - INFO - Splitting images into quadrant views...
2025-04-01 02:09:50 - INFO - Quadrant view splitting complete. Train views: 4, Test views: 4
2025-04-01 02:09:50 - INFO - >> Starting TDA pipeline transformation on train data...
2025-04-01 02:11:23 - INFO - >> TDA transformation for train data completed (1.56 minutes).
2025-04-01 02:11:23 - INFO - >> Applying TDA pipeline transformation on test data...
2025-04-01 02:13:37 - INFO - >> TDA transformation for test data completed (2.23 minutes).
2025-04-01 02:13:37 - INFO - ========== [Model Training Start] ==========
2025-04-01 02:13:37 - INFO - Training model: original
2025-04-01 02:13:38 - INFO - Model original completed in 0.27 seconds.
2025-04-01 02:13:38 - INFO - >>> Model original trained. Accuracy: 0.9460 (0.27 sec.)
2025-04-01 02:13:38 - INFO - Training model: tda-original
2025-04-01 02:13:42 - INFO - Model tda-original completed in 4.40 seconds.
2025-04-01 02:13:42 - INFO - >>> Model tda-original trained. Accuracy: 0.9608 (4.40 sec.)
2025-04-01 02:13:42 - INFO - Training model: original-top_left
2025-04-01 02:13:46 - INFO - Model original-top_left completed in 3.88 seconds.
2025-04-01 02:13:46 - INFO - >>> Model original-top_left trained. Accuracy: 0.9493 (3.88 sec.)
2025-04-01 02:13:46 - INFO - Training model: original-top_right
2025-04-01 02:13:50 - INFO - Model original-top_right completed in 3.74 seconds.
2025-04-01 02:13:50 - INFO - >>> Model original-top_right trained. Accuracy: 0.9504 (3.74 sec.)
2025-04-01 02:13:50 - INFO - Training model: bottom_right-original
2025-04-01 02:13:53 - INFO - Model bottom_right-original completed in 3.93 seconds.
2025-04-01 02:13:54 - INFO - >>> Model bottom_right-original trained. Accuracy: 0.9509 (3.93 sec.)
2025-04-01 02:13:54 - INFO - Training model: original-bottom_left
2025-04-01 02:13:57 - INFO - Model original-bottom_left completed in 3.94 seconds.
2025-04-01 02:13:57 - INFO - >>> Model original-bottom_left trained. Accuracy: 0.9481 (3.94 sec.)
2025-04-01 02:13:57 - INFO - Training model: tda-original-top_left
2025-04-01 02:14:04 - INFO - Model tda-original-top_left completed in 6.47 seconds.
2025-04-01 02:14:04 - INFO - >>> Model tda-original-top_left trained. Accuracy: 0.9620 (6.47 sec.)
2025-04-01 02:14:04 - INFO - Training model: tda-original-top_right
2025-04-01 02:14:10 - INFO - Model tda-original-top_right completed in 6.21 seconds.
2025-04-01 02:14:10 - INFO - >>> Model tda-original-top_right trained. Accuracy: 0.9627 (6.21 sec.)
2025-04-01 02:14:10 - INFO - Training model: tda-original-bottom_right
2025-04-01 02:14:16 - INFO - Model tda-original-bottom_right completed in 6.21 seconds.
2025-04-01 02:14:16 - INFO - >>> Model tda-original-bottom_right trained. Accuracy: 0.9626 (6.21 sec.)
2025-04-01 02:14:16 - INFO - Training model: tda-original-bottom_left
2025-04-01 02:14:22 - INFO - Model tda-original-bottom_left completed in 5.96 seconds.
2025-04-01 02:14:22 - INFO - >>> Model tda-original-bottom_left trained. Accuracy: 0.9584 (5.96 sec.)
2025-04-01 02:14:22 - INFO - Training model: original-top_right-top_left
2025-04-01 02:14:28 - INFO - Model original-top_right-top_left completed in 5.70 seconds.
2025-04-01 02:14:28 - INFO - >>> Model original-top_right-top_left trained. Accuracy: 0.9559 (5.70 sec.)
2025-04-01 02:14:28 - INFO - Training model: bottom_right-original-top_left
2025-04-01 02:14:34 - INFO - Model bottom_right-original-top_left completed in 5.78 seconds.
2025-04-01 02:14:34 - INFO - >>> Model bottom_right-original-top_left trained. Accuracy: 0.9538 (5.78 sec.)
2025-04-01 02:14:34 - INFO - Training model: original-bottom_left-top_left
2025-04-01 02:14:39 - INFO - Model original-bottom_left-top_left completed in 5.67 seconds.
2025-04-01 02:14:39 - INFO - >>> Model original-bottom_left-top_left trained. Accuracy: 0.9519 (5.67 sec.)
2025-04-01 02:14:39 - INFO - Training model: bottom_right-original-top_right
2025-04-01 02:14:45 - INFO - Model bottom_right-original-top_right completed in 5.61 seconds.
2025-04-01 02:14:45 - INFO - >>> Model bottom_right-original-top_right trained. Accuracy: 0.9546 (5.61 sec.)
2025-04-01 02:14:45 - INFO - Training model: bottom_left-original-top_right
2025-04-01 02:14:51 - INFO - Model bottom_left-original-top_right completed in 5.61 seconds.
2025-04-01 02:14:51 - INFO - >>> Model bottom_left-original-top_right trained. Accuracy: 0.9533 (5.61 sec.)
2025-04-01 02:14:51 - INFO - Training model: bottom_right-original-bottom_left
2025-04-01 02:14:56 - INFO - Model bottom_right-original-bottom_left completed in 5.75 seconds.
2025-04-01 02:14:56 - INFO - >>> Model bottom_right-original-bottom_left trained. Accuracy: 0.9518 (5.75 sec.)
2025-04-01 02:14:56 - INFO - Training model: tda-original-top_right-top_left
2025-04-01 02:15:04 - INFO - Model tda-original-top_right-top_left completed in 8.03 seconds.
2025-04-01 02:15:05 - INFO - >>> Model tda-original-top_right-top_left trained. Accuracy: 0.9645 (8.03 sec.)
2025-04-01 02:15:05 - INFO - Training model: tda-original-bottom_right-top_left
2025-04-01 02:15:13 - INFO - Model tda-original-bottom_right-top_left completed in 8.32 seconds.
2025-04-01 02:15:13 - INFO - >>> Model tda-original-bottom_right-top_left trained. Accuracy: 0.9659 (8.32 sec.)
2025-04-01 02:15:13 - INFO - Training model: tda-original-bottom_left-top_left
2025-04-01 02:15:21 - INFO - Model tda-original-bottom_left-top_left completed in 7.70 seconds.
2025-04-01 02:15:21 - INFO - >>> Model tda-original-bottom_left-top_left trained. Accuracy: 0.9611 (7.70 sec.)
2025-04-01 02:15:21 - INFO - Training model: tda-original-top_right-bottom_right
2025-04-01 02:15:28 - INFO - Model tda-original-top_right-bottom_right completed in 7.95 seconds.
2025-04-01 02:15:28 - INFO - >>> Model tda-original-top_right-bottom_right trained. Accuracy: 0.9656 (7.95 sec.)
2025-04-01 02:15:28 - INFO - Training model: tda-bottom_left-original-top_right
2025-04-01 02:15:36 - INFO - Model tda-bottom_left-original-top_right completed in 8.01 seconds.
2025-04-01 02:15:36 - INFO - >>> Model tda-bottom_left-original-top_right trained. Accuracy: 0.9629 (8.01 sec.)
2025-04-01 02:15:36 - INFO - Training model: tda-bottom_left-original-bottom_right
2025-04-01 02:15:44 - INFO - Model tda-bottom_left-original-bottom_right completed in 7.90 seconds.
2025-04-01 02:15:44 - INFO - >>> Model tda-bottom_left-original-bottom_right trained. Accuracy: 0.9621 (7.90 sec.)
2025-04-01 02:15:44 - INFO - Training model: bottom_right-original-top_right-top_left
2025-04-01 02:15:52 - INFO - Model bottom_right-original-top_right-top_left completed in 7.62 seconds.
2025-04-01 02:15:52 - INFO - >>> Model bottom_right-original-top_right-top_left trained. Accuracy: 0.9576 (7.62 sec.)
2025-04-01 02:15:52 - INFO - Training model: bottom_left-original-top_right-top_left
2025-04-01 02:16:00 - INFO - Model bottom_left-original-top_right-top_left completed in 7.52 seconds.
2025-04-01 02:16:00 - INFO - >>> Model bottom_left-original-top_right-top_left trained. Accuracy: 0.9562 (7.52 sec.)
2025-04-01 02:16:00 - INFO - Training model: bottom_right-original-bottom_left-top_left
2025-04-01 02:16:07 - INFO - Model bottom_right-original-bottom_left-top_left completed in 7.78 seconds.
2025-04-01 02:16:07 - INFO - >>> Model bottom_right-original-bottom_left-top_left trained. Accuracy: 0.9545 (7.78 sec.)
2025-04-01 02:16:07 - INFO - Training model: bottom_right-bottom_left-original-top_right
2025-04-01 02:16:15 - INFO - Model bottom_right-bottom_left-original-top_right completed in 7.73 seconds.
2025-04-01 02:16:15 - INFO - >>> Model bottom_right-bottom_left-original-top_right trained. Accuracy: 0.9556 (7.73 sec.)
2025-04-01 02:16:15 - INFO - Training model: tda-top_left-original-top_right-bottom_right
2025-04-01 02:16:25 - INFO - Model tda-top_left-original-top_right-bottom_right completed in 9.86 seconds.
2025-04-01 02:16:25 - INFO - >>> Model tda-top_left-original-top_right-bottom_right trained. Accuracy: 0.9664 (9.86 sec.)
2025-04-01 02:16:25 - INFO - Training model: tda-top_left-original-top_right-bottom_left
2025-04-01 02:16:35 - INFO - Model tda-top_left-original-top_right-bottom_left completed in 10.30 seconds.
2025-04-01 02:16:35 - INFO - >>> Model tda-top_left-original-top_right-bottom_left trained. Accuracy: 0.9651 (10.30 sec.)
2025-04-01 02:16:35 - INFO - Training model: tda-top_left-original-bottom_right-bottom_left
2025-04-01 02:16:45 - INFO - Model tda-top_left-original-bottom_right-bottom_left completed in 9.99 seconds.
2025-04-01 02:16:45 - INFO - >>> Model tda-top_left-original-bottom_right-bottom_left trained. Accuracy: 0.9648 (9.99 sec.)
2025-04-01 02:16:45 - INFO - Training model: tda-original-top_right-bottom_right-bottom_left
2025-04-01 02:16:55 - INFO - Model tda-original-top_right-bottom_right-bottom_left completed in 9.90 seconds.
2025-04-01 02:16:55 - INFO - >>> Model tda-original-top_right-bottom_right-bottom_left trained. Accuracy: 0.9671 (9.90 sec.)
2025-04-01 02:16:55 - INFO - Training model: top_left-original-top_right-bottom_right-bottom_left
2025-04-01 02:17:05 - INFO - Model top_left-original-top_right-bottom_right-bottom_left completed in 9.60 seconds.
2025-04-01 02:17:05 - INFO - >>> Model top_left-original-top_right-bottom_right-bottom_left trained. Accuracy: 0.9589 (9.60 sec.)
2025-04-01 02:17:05 - INFO - Training model: tda-top_left-original-top_right-bottom_right-bottom_left
2025-04-01 02:17:17 - INFO - Model tda-top_left-original-top_right-bottom_right-bottom_left completed in 11.99 seconds.
2025-04-01 02:17:17 - INFO - >>> Model tda-top_left-original-top_right-bottom_right-bottom_left trained. Accuracy: 0.9689 (11.99 sec.)
2025-04-01 02:17:17 - INFO - All models trained successfully.
2025-04-01 02:17:17 - INFO - ========== [Model Training Completed] in 3.66 minutes ==========
2025-04-01 02:17:17 - INFO - ========== [Experiment Training Complete] ==========
2025-04-01 02:17:17 - INFO - Results saved to /home/jovyan/Workspace/workspace_mnist/results/exp_noise_icecream_salt_q50/experiment_trainsize_predictions_2025-04-01_02-17-17.json
2025-04-01 02:17:17 - INFO - Results successfully saved to /home/jovyan/Workspace/workspace_mnist/results/exp_noise_icecream_salt_q50/experiment_trainsize_predictions_2025-04-01_02-17-17.json
2025-04-01 02:17:17 - INFO - Garbage collection executed.
2025-04-01 02:17:17 - INFO - ========== [Experiment Completed] in 7.53 minutes ==========
