2025-04-01 03:58:34 - INFO - Logging initialized.
 Writing to /home/jovyan/Workspace/workspace_mnist/logs/exp_noise_icecream_salt_q50/experiment_logs_2025-04-01_03-58-34.log
2025-04-01 03:58:34 - INFO - ========== [Experiment Start] ==========
2025-04-01 03:58:34 - INFO - Views combinations succesfully generated.
2025-04-01 03:58:34 - INFO - Topological Data Analysis pipeline generated.
2025-04-01 03:58:34 - INFO - Generating folder to save results.
2025-04-01 03:58:34 - INFO - Reading dataset in chunks from mnist_784.csv (chunk size: 70000)
2025-04-01 03:58:35 - INFO - Starting multiview data preparation for a chunk of size (70000, 784)...
2025-04-01 03:58:35 - INFO - Running using 22 jobs.
2025-04-01 03:58:35 - INFO - Contaminating dataset with salt using 3.
2025-04-01 03:58:39 - INFO - Splitting data: 10.0% train / 20.0% test (random_state=701363565)
2025-04-01 03:58:39 - INFO - Data split complete. Train size: (5600, 784), Test size: (14000, 784)
2025-04-01 03:58:39 - INFO - Reshaping train and test data into square images...
2025-04-01 03:58:39 - INFO - Reshaping complete. Train images: (5600, 28, 28), Test images: (14000, 28, 28)
2025-04-01 03:58:39 - INFO - Splitting images into quadrant views...
2025-04-01 03:58:39 - INFO - Quadrant view splitting complete. Train views: 4, Test views: 4
2025-04-01 03:58:39 - INFO - >> Starting TDA pipeline transformation on train data...
2025-04-01 03:59:32 - INFO - >> TDA transformation for train data completed (0.88 minutes).
2025-04-01 03:59:32 - INFO - >> Applying TDA pipeline transformation on test data...
2025-04-01 04:01:39 - INFO - >> TDA transformation for test data completed (2.12 minutes).
2025-04-01 04:01:39 - INFO - ========== [Model Training Start] ==========
2025-04-01 04:01:39 - INFO - Training model: original
2025-04-01 04:01:39 - INFO - Model original completed in 0.25 seconds.
2025-04-01 04:01:39 - INFO - >>> Model original trained. Accuracy: 0.9388 (0.25 sec.)
2025-04-01 04:01:39 - INFO - Training model: tda-original
2025-04-01 04:01:43 - INFO - Model tda-original completed in 3.91 seconds.
2025-04-01 04:01:43 - INFO - >>> Model tda-original trained. Accuracy: 0.9547 (3.91 sec.)
2025-04-01 04:01:43 - INFO - Training model: original-top_left
2025-04-01 04:01:47 - INFO - Model original-top_left completed in 4.41 seconds.
2025-04-01 04:01:47 - INFO - >>> Model original-top_left trained. Accuracy: 0.9434 (4.41 sec.)
2025-04-01 04:01:47 - INFO - Training model: original-top_right
2025-04-01 04:01:52 - INFO - Model original-top_right completed in 4.30 seconds.
2025-04-01 04:01:52 - INFO - >>> Model original-top_right trained. Accuracy: 0.9434 (4.30 sec.)
2025-04-01 04:01:52 - INFO - Training model: bottom_right-original
2025-04-01 04:01:56 - INFO - Model bottom_right-original completed in 4.17 seconds.
2025-04-01 04:01:56 - INFO - >>> Model bottom_right-original trained. Accuracy: 0.9416 (4.17 sec.)
2025-04-01 04:01:56 - INFO - Training model: original-bottom_left
2025-04-01 04:02:00 - INFO - Model original-bottom_left completed in 4.20 seconds.
2025-04-01 04:02:00 - INFO - >>> Model original-bottom_left trained. Accuracy: 0.9401 (4.20 sec.)
2025-04-01 04:02:00 - INFO - Training model: tda-original-top_left
2025-04-01 04:02:06 - INFO - Model tda-original-top_left completed in 5.99 seconds.
2025-04-01 04:02:06 - INFO - >>> Model tda-original-top_left trained. Accuracy: 0.9550 (5.99 sec.)
2025-04-01 04:02:06 - INFO - Training model: tda-original-top_right
2025-04-01 04:02:12 - INFO - Model tda-original-top_right completed in 5.63 seconds.
2025-04-01 04:02:12 - INFO - >>> Model tda-original-top_right trained. Accuracy: 0.9579 (5.63 sec.)
2025-04-01 04:02:12 - INFO - Training model: tda-original-bottom_right
2025-04-01 04:02:17 - INFO - Model tda-original-bottom_right completed in 5.70 seconds.
2025-04-01 04:02:17 - INFO - >>> Model tda-original-bottom_right trained. Accuracy: 0.9561 (5.70 sec.)
2025-04-01 04:02:17 - INFO - Training model: tda-original-bottom_left
2025-04-01 04:02:23 - INFO - Model tda-original-bottom_left completed in 5.94 seconds.
2025-04-01 04:02:23 - INFO - >>> Model tda-original-bottom_left trained. Accuracy: 0.9526 (5.94 sec.)
2025-04-01 04:02:23 - INFO - Training model: original-top_right-top_left
2025-04-01 04:02:30 - INFO - Model original-top_right-top_left completed in 6.35 seconds.
2025-04-01 04:02:30 - INFO - >>> Model original-top_right-top_left trained. Accuracy: 0.9465 (6.35 sec.)
2025-04-01 04:02:30 - INFO - Training model: bottom_right-original-top_left
2025-04-01 04:02:36 - INFO - Model bottom_right-original-top_left completed in 6.25 seconds.
2025-04-01 04:02:36 - INFO - >>> Model bottom_right-original-top_left trained. Accuracy: 0.9447 (6.25 sec.)
2025-04-01 04:02:36 - INFO - Training model: original-bottom_left-top_left
2025-04-01 04:02:42 - INFO - Model original-bottom_left-top_left completed in 6.28 seconds.
2025-04-01 04:02:42 - INFO - >>> Model original-bottom_left-top_left trained. Accuracy: 0.9439 (6.28 sec.)
2025-04-01 04:02:42 - INFO - Training model: bottom_right-original-top_right
2025-04-01 04:02:48 - INFO - Model bottom_right-original-top_right completed in 6.11 seconds.
2025-04-01 04:02:48 - INFO - >>> Model bottom_right-original-top_right trained. Accuracy: 0.9455 (6.11 sec.)
2025-04-01 04:02:48 - INFO - Training model: bottom_left-original-top_right
2025-04-01 04:02:55 - INFO - Model bottom_left-original-top_right completed in 6.46 seconds.
2025-04-01 04:02:55 - INFO - >>> Model bottom_left-original-top_right trained. Accuracy: 0.9463 (6.46 sec.)
2025-04-01 04:02:55 - INFO - Training model: bottom_right-original-bottom_left
2025-04-01 04:03:01 - INFO - Model bottom_right-original-bottom_left completed in 6.36 seconds.
2025-04-01 04:03:01 - INFO - >>> Model bottom_right-original-bottom_left trained. Accuracy: 0.9436 (6.36 sec.)
2025-04-01 04:03:01 - INFO - Training model: tda-original-top_right-top_left
2025-04-01 04:03:09 - INFO - Model tda-original-top_right-top_left completed in 7.91 seconds.
2025-04-01 04:03:09 - INFO - >>> Model tda-original-top_right-top_left trained. Accuracy: 0.9586 (7.91 sec.)
2025-04-01 04:03:09 - INFO - Training model: tda-original-bottom_right-top_left
2025-04-01 04:03:17 - INFO - Model tda-original-bottom_right-top_left completed in 7.89 seconds.
2025-04-01 04:03:17 - INFO - >>> Model tda-original-bottom_right-top_left trained. Accuracy: 0.9583 (7.89 sec.)
2025-04-01 04:03:17 - INFO - Training model: tda-original-bottom_left-top_left
2025-04-01 04:03:25 - INFO - Model tda-original-bottom_left-top_left completed in 8.17 seconds.
2025-04-01 04:03:25 - INFO - >>> Model tda-original-bottom_left-top_left trained. Accuracy: 0.9555 (8.17 sec.)
2025-04-01 04:03:25 - INFO - Training model: tda-original-top_right-bottom_right
2025-04-01 04:03:33 - INFO - Model tda-original-top_right-bottom_right completed in 8.04 seconds.
2025-04-01 04:03:33 - INFO - >>> Model tda-original-top_right-bottom_right trained. Accuracy: 0.9591 (8.04 sec.)
2025-04-01 04:03:33 - INFO - Training model: tda-bottom_left-original-top_right
2025-04-01 04:03:41 - INFO - Model tda-bottom_left-original-top_right completed in 8.07 seconds.
2025-04-01 04:03:41 - INFO - >>> Model tda-bottom_left-original-top_right trained. Accuracy: 0.9571 (8.07 sec.)
2025-04-01 04:03:41 - INFO - Training model: tda-bottom_left-original-bottom_right
2025-04-01 04:03:49 - INFO - Model tda-bottom_left-original-bottom_right completed in 7.83 seconds.
2025-04-01 04:03:49 - INFO - >>> Model tda-bottom_left-original-bottom_right trained. Accuracy: 0.9543 (7.83 sec.)
2025-04-01 04:03:49 - INFO - Training model: bottom_right-original-top_right-top_left
2025-04-01 04:03:57 - INFO - Model bottom_right-original-top_right-top_left completed in 8.40 seconds.
2025-04-01 04:03:57 - INFO - >>> Model bottom_right-original-top_right-top_left trained. Accuracy: 0.9499 (8.40 sec.)
2025-04-01 04:03:57 - INFO - Training model: bottom_left-original-top_right-top_left
2025-04-01 04:04:06 - INFO - Model bottom_left-original-top_right-top_left completed in 8.48 seconds.
2025-04-01 04:04:06 - INFO - >>> Model bottom_left-original-top_right-top_left trained. Accuracy: 0.9494 (8.48 sec.)
2025-04-01 04:04:06 - INFO - Training model: bottom_right-original-bottom_left-top_left
2025-04-01 04:04:14 - INFO - Model bottom_right-original-bottom_left-top_left completed in 8.13 seconds.
2025-04-01 04:04:14 - INFO - >>> Model bottom_right-original-bottom_left-top_left trained. Accuracy: 0.9462 (8.13 sec.)
2025-04-01 04:04:14 - INFO - Training model: bottom_right-bottom_left-original-top_right
2025-04-01 04:04:22 - INFO - Model bottom_right-bottom_left-original-top_right completed in 8.25 seconds.
2025-04-01 04:04:22 - INFO - >>> Model bottom_right-bottom_left-original-top_right trained. Accuracy: 0.9493 (8.25 sec.)
2025-04-01 04:04:22 - INFO - Training model: tda-top_left-original-top_right-bottom_right
2025-04-01 04:04:32 - INFO - Model tda-top_left-original-top_right-bottom_right completed in 9.87 seconds.
2025-04-01 04:04:32 - INFO - >>> Model tda-top_left-original-top_right-bottom_right trained. Accuracy: 0.9617 (9.87 sec.)
2025-04-01 04:04:32 - INFO - Training model: tda-top_left-original-top_right-bottom_left
2025-04-01 04:04:42 - INFO - Model tda-top_left-original-top_right-bottom_left completed in 9.97 seconds.
2025-04-01 04:04:42 - INFO - >>> Model tda-top_left-original-top_right-bottom_left trained. Accuracy: 0.9594 (9.97 sec.)
2025-04-01 04:04:42 - INFO - Training model: tda-top_left-original-bottom_right-bottom_left
2025-04-01 04:04:52 - INFO - Model tda-top_left-original-bottom_right-bottom_left completed in 10.14 seconds.
2025-04-01 04:04:52 - INFO - >>> Model tda-top_left-original-bottom_right-bottom_left trained. Accuracy: 0.9586 (10.14 sec.)
2025-04-01 04:04:52 - INFO - Training model: tda-original-top_right-bottom_right-bottom_left
2025-04-01 04:05:02 - INFO - Model tda-original-top_right-bottom_right-bottom_left completed in 9.96 seconds.
2025-04-01 04:05:02 - INFO - >>> Model tda-original-top_right-bottom_right-bottom_left trained. Accuracy: 0.9602 (9.96 sec.)
2025-04-01 04:05:02 - INFO - Training model: top_left-original-top_right-bottom_right-bottom_left
2025-04-01 04:05:12 - INFO - Model top_left-original-top_right-bottom_right-bottom_left completed in 10.22 seconds.
2025-04-01 04:05:12 - INFO - >>> Model top_left-original-top_right-bottom_right-bottom_left trained. Accuracy: 0.9519 (10.22 sec.)
2025-04-01 04:05:12 - INFO - Training model: tda-top_left-original-top_right-bottom_right-bottom_left
2025-04-01 04:05:25 - INFO - Model tda-top_left-original-top_right-bottom_right-bottom_left completed in 12.68 seconds.
2025-04-01 04:05:25 - INFO - >>> Model tda-top_left-original-top_right-bottom_right-bottom_left trained. Accuracy: 0.9627 (12.68 sec.)
2025-04-01 04:05:25 - INFO - All models trained successfully.
2025-04-01 04:05:25 - INFO - ========== [Model Training Completed] in 3.78 minutes ==========
2025-04-01 04:05:25 - INFO - ========== [Experiment Training Complete] ==========
2025-04-01 04:05:25 - INFO - Results saved to /home/jovyan/Workspace/workspace_mnist/results/exp_noise_icecream_salt_q50/experiment_trainsize_predictions_2025-04-01_04-05-25.json
2025-04-01 04:05:25 - INFO - Results successfully saved to /home/jovyan/Workspace/workspace_mnist/results/exp_noise_icecream_salt_q50/experiment_trainsize_predictions_2025-04-01_04-05-25.json
2025-04-01 04:05:25 - INFO - Garbage collection executed.
2025-04-01 04:05:25 - INFO - ========== [Experiment Completed] in 6.85 minutes ==========
