2025-03-28 08:32:44 - INFO - Logging initialized.
 Writing to /home/jovyan/Workspace/workspace_mnist/logs/exp_noise_icecream_salt_q50/experiment_logs_2025-03-28_08-32-44.log
2025-03-28 08:32:44 - INFO - ========== [Experiment Start] ==========
2025-03-28 08:32:44 - INFO - Views combinations succesfully generated.
2025-03-28 08:32:44 - INFO - Topological Data Analysis pipeline generated.
2025-03-28 08:32:44 - INFO - Generating folder to save results.
2025-03-28 08:32:44 - INFO - Reading dataset in chunks from mnist_784.csv (chunk size: 70000)
2025-03-28 08:32:45 - INFO - Starting multiview data preparation for a chunk of size (70000, 784)...
2025-03-28 08:32:45 - INFO - Running using 22 jobs.
2025-03-28 08:32:45 - INFO - Contaminating dataset with salt using 3.
2025-03-28 08:32:49 - INFO - Splitting data: 25.6% train / 20.0% test (random_state=601133337)
2025-03-28 08:32:49 - INFO - Data split complete. Train size: (14311, 784), Test size: (14000, 784)
2025-03-28 08:32:49 - INFO - Reshaping train and test data into square images...
2025-03-28 08:32:49 - INFO - Reshaping complete. Train images: (14311, 28, 28), Test images: (14000, 28, 28)
2025-03-28 08:32:49 - INFO - Splitting images into quadrant views...
2025-03-28 08:32:49 - INFO - Quadrant view splitting complete. Train views: 4, Test views: 4
2025-03-28 08:32:49 - INFO - >> Starting TDA pipeline transformation on train data...
2025-03-28 08:34:56 - INFO - >> TDA transformation for train data completed (2.12 minutes).
2025-03-28 08:34:56 - INFO - >> Applying TDA pipeline transformation on test data...
2025-03-28 08:37:08 - INFO - >> TDA transformation for test data completed (2.20 minutes).
2025-03-28 08:37:08 - INFO - ========== [Model Training Start] ==========
2025-03-28 08:37:08 - INFO - Training model: original
2025-03-28 08:37:08 - INFO - Model original completed in 0.40 seconds.
2025-03-28 08:37:08 - INFO - >>> Model original trained. Accuracy: 0.9514 (0.40 sec.)
2025-03-28 08:37:08 - INFO - Training model: original-bottom_left
2025-03-28 08:37:12 - INFO - Model original-bottom_left completed in 4.09 seconds.
2025-03-28 08:37:12 - INFO - >>> Model original-bottom_left trained. Accuracy: 0.9541 (4.09 sec.)
2025-03-28 08:37:12 - INFO - Training model: original-bottom_right
2025-03-28 08:37:17 - INFO - Model original-bottom_right completed in 4.23 seconds.
2025-03-28 08:37:17 - INFO - >>> Model original-bottom_right trained. Accuracy: 0.9571 (4.23 sec.)
2025-03-28 08:37:17 - INFO - Training model: original-tda
2025-03-28 08:37:22 - INFO - Model original-tda completed in 5.07 seconds.
2025-03-28 08:37:22 - INFO - >>> Model original-tda trained. Accuracy: 0.9651 (5.07 sec.)
2025-03-28 08:37:22 - INFO - Training model: top_left-original
2025-03-28 08:37:25 - INFO - Model top_left-original completed in 3.90 seconds.
2025-03-28 08:37:25 - INFO - >>> Model top_left-original trained. Accuracy: 0.9554 (3.90 sec.)
2025-03-28 08:37:25 - INFO - Training model: original-top_right
2025-03-28 08:37:30 - INFO - Model original-top_right completed in 4.12 seconds.
2025-03-28 08:37:30 - INFO - >>> Model original-top_right trained. Accuracy: 0.9553 (4.12 sec.)
2025-03-28 08:37:30 - INFO - Training model: original-bottom_right-bottom_left
2025-03-28 08:37:35 - INFO - Model original-bottom_right-bottom_left completed in 5.70 seconds.
2025-03-28 08:37:35 - INFO - >>> Model original-bottom_right-bottom_left trained. Accuracy: 0.9581 (5.70 sec.)
2025-03-28 08:37:35 - INFO - Training model: original-tda-bottom_left
2025-03-28 08:37:42 - INFO - Model original-tda-bottom_left completed in 6.98 seconds.
2025-03-28 08:37:42 - INFO - >>> Model original-tda-bottom_left trained. Accuracy: 0.9652 (6.98 sec.)
2025-03-28 08:37:42 - INFO - Training model: top_left-original-bottom_left
2025-03-28 08:37:48 - INFO - Model top_left-original-bottom_left completed in 6.04 seconds.
2025-03-28 08:37:48 - INFO - >>> Model top_left-original-bottom_left trained. Accuracy: 0.9570 (6.04 sec.)
2025-03-28 08:37:48 - INFO - Training model: original-top_right-bottom_left
2025-03-28 08:37:54 - INFO - Model original-top_right-bottom_left completed in 5.97 seconds.
2025-03-28 08:37:54 - INFO - >>> Model original-top_right-bottom_left trained. Accuracy: 0.9566 (5.97 sec.)
2025-03-28 08:37:54 - INFO - Training model: original-bottom_right-tda
2025-03-28 08:38:01 - INFO - Model original-bottom_right-tda completed in 7.07 seconds.
2025-03-28 08:38:01 - INFO - >>> Model original-bottom_right-tda trained. Accuracy: 0.9664 (7.07 sec.)
2025-03-28 08:38:01 - INFO - Training model: top_left-original-bottom_right
2025-03-28 08:38:08 - INFO - Model top_left-original-bottom_right completed in 6.17 seconds.
2025-03-28 08:38:08 - INFO - >>> Model top_left-original-bottom_right trained. Accuracy: 0.9590 (6.17 sec.)
2025-03-28 08:38:08 - INFO - Training model: original-bottom_right-top_right
2025-03-28 08:38:14 - INFO - Model original-bottom_right-top_right completed in 5.97 seconds.
2025-03-28 08:38:14 - INFO - >>> Model original-bottom_right-top_right trained. Accuracy: 0.9579 (5.97 sec.)
2025-03-28 08:38:14 - INFO - Training model: top_left-original-tda
2025-03-28 08:38:20 - INFO - Model top_left-original-tda completed in 6.87 seconds.
2025-03-28 08:38:20 - INFO - >>> Model top_left-original-tda trained. Accuracy: 0.9656 (6.87 sec.)
2025-03-28 08:38:20 - INFO - Training model: original-top_right-tda
2025-03-28 08:38:27 - INFO - Model original-top_right-tda completed in 7.03 seconds.
2025-03-28 08:38:27 - INFO - >>> Model original-top_right-tda trained. Accuracy: 0.9677 (7.03 sec.)
2025-03-28 08:38:27 - INFO - Training model: top_left-original-top_right
2025-03-28 08:38:33 - INFO - Model top_left-original-top_right completed in 5.96 seconds.
2025-03-28 08:38:33 - INFO - >>> Model top_left-original-top_right trained. Accuracy: 0.9581 (5.96 sec.)
2025-03-28 08:38:33 - INFO - Training model: original-bottom_right-tda-bottom_left
2025-03-28 08:38:42 - INFO - Model original-bottom_right-tda-bottom_left completed in 8.66 seconds.
2025-03-28 08:38:42 - INFO - >>> Model original-bottom_right-tda-bottom_left trained. Accuracy: 0.9656 (8.66 sec.)
2025-03-28 08:38:42 - INFO - Training model: top_left-original-bottom_right-bottom_left
2025-03-28 08:38:50 - INFO - Model top_left-original-bottom_right-bottom_left completed in 7.75 seconds.
2025-03-28 08:38:50 - INFO - >>> Model top_left-original-bottom_right-bottom_left trained. Accuracy: 0.9607 (7.75 sec.)
2025-03-28 08:38:50 - INFO - Training model: original-bottom_right-top_right-bottom_left
2025-03-28 08:38:57 - INFO - Model original-bottom_right-top_right-bottom_left completed in 7.56 seconds.
2025-03-28 08:38:57 - INFO - >>> Model original-bottom_right-top_right-bottom_left trained. Accuracy: 0.9595 (7.56 sec.)
2025-03-28 08:38:57 - INFO - Training model: top_left-original-tda-bottom_left
2025-03-28 08:39:06 - INFO - Model top_left-original-tda-bottom_left completed in 8.70 seconds.
2025-03-28 08:39:06 - INFO - >>> Model top_left-original-tda-bottom_left trained. Accuracy: 0.9659 (8.70 sec.)
2025-03-28 08:39:06 - INFO - Training model: original-top_right-tda-bottom_left
2025-03-28 08:39:15 - INFO - Model original-top_right-tda-bottom_left completed in 8.71 seconds.
2025-03-28 08:39:15 - INFO - >>> Model original-top_right-tda-bottom_left trained. Accuracy: 0.9690 (8.71 sec.)
2025-03-28 08:39:15 - INFO - Training model: top_left-original-top_right-bottom_left
2025-03-28 08:39:23 - INFO - Model top_left-original-top_right-bottom_left completed in 7.90 seconds.
2025-03-28 08:39:23 - INFO - >>> Model top_left-original-top_right-bottom_left trained. Accuracy: 0.9604 (7.90 sec.)
2025-03-28 08:39:23 - INFO - Training model: top_left-original-bottom_right-tda
2025-03-28 08:39:32 - INFO - Model top_left-original-bottom_right-tda completed in 8.78 seconds.
2025-03-28 08:39:32 - INFO - >>> Model top_left-original-bottom_right-tda trained. Accuracy: 0.9701 (8.78 sec.)
2025-03-28 08:39:32 - INFO - Training model: original-bottom_right-top_right-tda
2025-03-28 08:39:41 - INFO - Model original-bottom_right-top_right-tda completed in 8.99 seconds.
2025-03-28 08:39:41 - INFO - >>> Model original-bottom_right-top_right-tda trained. Accuracy: 0.9686 (8.99 sec.)
2025-03-28 08:39:41 - INFO - Training model: top_left-original-bottom_right-top_right
2025-03-28 08:39:48 - INFO - Model top_left-original-bottom_right-top_right completed in 7.92 seconds.
2025-03-28 08:39:48 - INFO - >>> Model top_left-original-bottom_right-top_right trained. Accuracy: 0.9615 (7.92 sec.)
2025-03-28 08:39:48 - INFO - Training model: top_left-original-top_right-tda
2025-03-28 08:39:57 - INFO - Model top_left-original-top_right-tda completed in 8.79 seconds.
2025-03-28 08:39:57 - INFO - >>> Model top_left-original-top_right-tda trained. Accuracy: 0.9694 (8.79 sec.)
2025-03-28 08:39:57 - INFO - Training model: bottom_left-bottom_right-tda-top_left-original
2025-03-28 08:40:08 - INFO - Model bottom_left-bottom_right-tda-top_left-original completed in 10.79 seconds.
2025-03-28 08:40:08 - INFO - >>> Model bottom_left-bottom_right-tda-top_left-original trained. Accuracy: 0.9699 (10.79 sec.)
2025-03-28 08:40:08 - INFO - Training model: bottom_left-bottom_right-tda-original-top_right
2025-03-28 08:40:18 - INFO - Model bottom_left-bottom_right-tda-original-top_right completed in 10.34 seconds.
2025-03-28 08:40:18 - INFO - >>> Model bottom_left-bottom_right-tda-original-top_right trained. Accuracy: 0.9696 (10.34 sec.)
2025-03-28 08:40:18 - INFO - Training model: bottom_left-bottom_right-top_left-original-top_right
2025-03-28 08:40:28 - INFO - Model bottom_left-bottom_right-top_left-original-top_right completed in 9.53 seconds.
2025-03-28 08:40:28 - INFO - >>> Model bottom_left-bottom_right-top_left-original-top_right trained. Accuracy: 0.9646 (9.53 sec.)
2025-03-28 08:40:28 - INFO - Training model: bottom_left-tda-top_left-original-top_right
2025-03-28 08:40:38 - INFO - Model bottom_left-tda-top_left-original-top_right completed in 10.38 seconds.
2025-03-28 08:40:38 - INFO - >>> Model bottom_left-tda-top_left-original-top_right trained. Accuracy: 0.9701 (10.38 sec.)
2025-03-28 08:40:38 - INFO - Training model: bottom_right-tda-top_left-original-top_right
2025-03-28 08:40:49 - INFO - Model bottom_right-tda-top_left-original-top_right completed in 10.61 seconds.
2025-03-28 08:40:49 - INFO - >>> Model bottom_right-tda-top_left-original-top_right trained. Accuracy: 0.9718 (10.61 sec.)
2025-03-28 08:40:49 - INFO - Training model: bottom_left-bottom_right-tda-top_left-original-top_right
2025-03-28 08:41:01 - INFO - Model bottom_left-bottom_right-tda-top_left-original-top_right completed in 12.47 seconds.
2025-03-28 08:41:01 - INFO - >>> Model bottom_left-bottom_right-tda-top_left-original-top_right trained. Accuracy: 0.9724 (12.47 sec.)
2025-03-28 08:41:01 - INFO - All models trained successfully.
2025-03-28 08:41:01 - INFO - ========== [Model Training Completed] in 3.89 minutes ==========
2025-03-28 08:41:01 - INFO - ========== [Experiment Training Complete] ==========
2025-03-28 08:41:02 - INFO - Results saved to /home/jovyan/Workspace/workspace_mnist/results/exp_noise_icecream_salt_q50/experiment_trainsize_predictions_2025-03-28_08-41-01.json
2025-03-28 08:41:02 - INFO - Results successfully saved to /home/jovyan/Workspace/workspace_mnist/results/exp_noise_icecream_salt_q50/experiment_trainsize_predictions_2025-03-28_08-41-01.json
2025-03-28 08:41:02 - INFO - Garbage collection executed.
2025-03-28 08:41:02 - INFO - ========== [Experiment Completed] in 8.29 minutes ==========
