2025-03-31 23:47:56 - INFO - Logging initialized.
 Writing to /home/jovyan/Workspace/workspace_mnist/logs/exp_noise_icecream_salt_q50/experiment_logs_2025-03-31_23-47-56.log
2025-03-31 23:47:56 - INFO - ========== [Experiment Start] ==========
2025-03-31 23:47:56 - INFO - Views combinations succesfully generated.
2025-03-31 23:47:56 - INFO - Topological Data Analysis pipeline generated.
2025-03-31 23:47:56 - INFO - Generating folder to save results.
2025-03-31 23:47:56 - INFO - Reading dataset in chunks from mnist_784.csv (chunk size: 70000)
2025-03-31 23:47:56 - INFO - Starting multiview data preparation for a chunk of size (70000, 784)...
2025-03-31 23:47:56 - INFO - Running using 22 jobs.
2025-03-31 23:47:56 - INFO - Contaminating dataset with salt using 3.
2025-03-31 23:48:00 - INFO - Splitting data: 80.0% train / 20.0% test (random_state=601133337)
2025-03-31 23:48:00 - INFO - Data split complete. Train size: (44800, 784), Test size: (14000, 784)
2025-03-31 23:48:00 - INFO - Reshaping train and test data into square images...
2025-03-31 23:48:00 - INFO - Reshaping complete. Train images: (44800, 28, 28), Test images: (14000, 28, 28)
2025-03-31 23:48:00 - INFO - Splitting images into quadrant views...
2025-03-31 23:48:00 - INFO - Quadrant view splitting complete. Train views: 4, Test views: 4
2025-03-31 23:48:00 - INFO - >> Starting TDA pipeline transformation on train data...
2025-03-31 23:55:03 - INFO - >> TDA transformation for train data completed (7.04 minutes).
2025-03-31 23:55:03 - INFO - >> Applying TDA pipeline transformation on test data...
2025-03-31 23:57:12 - INFO - >> TDA transformation for test data completed (2.15 minutes).
2025-03-31 23:57:12 - INFO - ========== [Model Training Start] ==========
2025-03-31 23:57:12 - INFO - Training model: original
2025-03-31 23:57:13 - INFO - Model original completed in 0.99 seconds.
2025-03-31 23:57:13 - INFO - >>> Model original trained. Accuracy: 0.9658 (0.99 sec.)
2025-03-31 23:57:13 - INFO - Training model: tda-original
2025-03-31 23:57:27 - INFO - Model tda-original completed in 14.02 seconds.
2025-03-31 23:57:27 - INFO - >>> Model tda-original trained. Accuracy: 0.9751 (14.02 sec.)
2025-03-31 23:57:27 - INFO - Training model: original-top_left
2025-03-31 23:57:36 - INFO - Model original-top_left completed in 8.94 seconds.
2025-03-31 23:57:36 - INFO - >>> Model original-top_left trained. Accuracy: 0.9704 (8.94 sec.)
2025-03-31 23:57:36 - INFO - Training model: original-top_right
2025-03-31 23:57:45 - INFO - Model original-top_right completed in 8.82 seconds.
2025-03-31 23:57:45 - INFO - >>> Model original-top_right trained. Accuracy: 0.9684 (8.82 sec.)
2025-03-31 23:57:45 - INFO - Training model: bottom_right-original
2025-03-31 23:57:54 - INFO - Model bottom_right-original completed in 8.88 seconds.
2025-03-31 23:57:54 - INFO - >>> Model bottom_right-original trained. Accuracy: 0.9706 (8.88 sec.)
2025-03-31 23:57:54 - INFO - Training model: original-bottom_left
2025-03-31 23:58:02 - INFO - Model original-bottom_left completed in 8.53 seconds.
2025-03-31 23:58:02 - INFO - >>> Model original-bottom_left trained. Accuracy: 0.9686 (8.53 sec.)
2025-03-31 23:58:02 - INFO - Training model: tda-original-top_left
2025-03-31 23:58:19 - INFO - Model tda-original-top_left completed in 17.14 seconds.
2025-03-31 23:58:19 - INFO - >>> Model tda-original-top_left trained. Accuracy: 0.9753 (17.14 sec.)
2025-03-31 23:58:19 - INFO - Training model: tda-original-top_right
2025-03-31 23:58:36 - INFO - Model tda-original-top_right completed in 16.99 seconds.
2025-03-31 23:58:36 - INFO - >>> Model tda-original-top_right trained. Accuracy: 0.9768 (16.99 sec.)
2025-03-31 23:58:36 - INFO - Training model: tda-original-bottom_right
2025-03-31 23:58:54 - INFO - Model tda-original-bottom_right completed in 17.34 seconds.
2025-03-31 23:58:54 - INFO - >>> Model tda-original-bottom_right trained. Accuracy: 0.9761 (17.34 sec.)
2025-03-31 23:58:54 - INFO - Training model: tda-original-bottom_left
2025-03-31 23:59:11 - INFO - Model tda-original-bottom_left completed in 17.29 seconds.
2025-03-31 23:59:11 - INFO - >>> Model tda-original-bottom_left trained. Accuracy: 0.9747 (17.29 sec.)
2025-03-31 23:59:11 - INFO - Training model: original-top_right-top_left
2025-03-31 23:59:23 - INFO - Model original-top_right-top_left completed in 11.67 seconds.
2025-03-31 23:59:23 - INFO - >>> Model original-top_right-top_left trained. Accuracy: 0.9706 (11.67 sec.)
2025-03-31 23:59:23 - INFO - Training model: bottom_right-original-top_left
2025-03-31 23:59:35 - INFO - Model bottom_right-original-top_left completed in 12.08 seconds.
2025-03-31 23:59:35 - INFO - >>> Model bottom_right-original-top_left trained. Accuracy: 0.9731 (12.08 sec.)
2025-03-31 23:59:35 - INFO - Training model: original-bottom_left-top_left
2025-03-31 23:59:47 - INFO - Model original-bottom_left-top_left completed in 11.89 seconds.
2025-03-31 23:59:47 - INFO - >>> Model original-bottom_left-top_left trained. Accuracy: 0.9711 (11.89 sec.)
2025-03-31 23:59:47 - INFO - Training model: bottom_right-original-top_right
2025-03-31 23:59:59 - INFO - Model bottom_right-original-top_right completed in 11.88 seconds.
2025-03-31 23:59:59 - INFO - >>> Model bottom_right-original-top_right trained. Accuracy: 0.9716 (11.88 sec.)
2025-03-31 23:59:59 - INFO - Training model: bottom_left-original-top_right
2025-04-01 00:00:10 - INFO - Model bottom_left-original-top_right completed in 11.66 seconds.
2025-04-01 00:00:10 - INFO - >>> Model bottom_left-original-top_right trained. Accuracy: 0.9702 (11.66 sec.)
2025-04-01 00:00:10 - INFO - Training model: bottom_right-original-bottom_left
2025-04-01 00:00:22 - INFO - Model bottom_right-original-bottom_left completed in 11.77 seconds.
2025-04-01 00:00:22 - INFO - >>> Model bottom_right-original-bottom_left trained. Accuracy: 0.9708 (11.77 sec.)
2025-04-01 00:00:22 - INFO - Training model: tda-original-top_right-top_left
2025-04-01 00:00:43 - INFO - Model tda-original-top_right-top_left completed in 20.74 seconds.
2025-04-01 00:00:43 - INFO - >>> Model tda-original-top_right-top_left trained. Accuracy: 0.9757 (20.74 sec.)
2025-04-01 00:00:43 - INFO - Training model: tda-original-bottom_right-top_left
2025-04-01 00:01:03 - INFO - Model tda-original-bottom_right-top_left completed in 20.17 seconds.
2025-04-01 00:01:03 - INFO - >>> Model tda-original-bottom_right-top_left trained. Accuracy: 0.9781 (20.17 sec.)
2025-04-01 00:01:03 - INFO - Training model: tda-original-bottom_left-top_left
2025-04-01 00:01:23 - INFO - Model tda-original-bottom_left-top_left completed in 20.32 seconds.
2025-04-01 00:01:23 - INFO - >>> Model tda-original-bottom_left-top_left trained. Accuracy: 0.9770 (20.32 sec.)
2025-04-01 00:01:23 - INFO - Training model: tda-original-top_right-bottom_right
2025-04-01 00:01:44 - INFO - Model tda-original-top_right-bottom_right completed in 21.05 seconds.
2025-04-01 00:01:44 - INFO - >>> Model tda-original-top_right-bottom_right trained. Accuracy: 0.9779 (21.05 sec.)
2025-04-01 00:01:44 - INFO - Training model: tda-bottom_left-original-top_right
2025-04-01 00:02:05 - INFO - Model tda-bottom_left-original-top_right completed in 20.51 seconds.
2025-04-01 00:02:05 - INFO - >>> Model tda-bottom_left-original-top_right trained. Accuracy: 0.9771 (20.51 sec.)
2025-04-01 00:02:05 - INFO - Training model: tda-bottom_left-original-bottom_right
2025-04-01 00:02:26 - INFO - Model tda-bottom_left-original-bottom_right completed in 20.93 seconds.
2025-04-01 00:02:26 - INFO - >>> Model tda-bottom_left-original-bottom_right trained. Accuracy: 0.9761 (20.93 sec.)
2025-04-01 00:02:26 - INFO - Training model: bottom_right-original-top_right-top_left
2025-04-01 00:02:41 - INFO - Model bottom_right-original-top_right-top_left completed in 15.46 seconds.
2025-04-01 00:02:41 - INFO - >>> Model bottom_right-original-top_right-top_left trained. Accuracy: 0.9738 (15.46 sec.)
2025-04-01 00:02:41 - INFO - Training model: bottom_left-original-top_right-top_left
2025-04-01 00:02:57 - INFO - Model bottom_left-original-top_right-top_left completed in 15.33 seconds.
2025-04-01 00:02:57 - INFO - >>> Model bottom_left-original-top_right-top_left trained. Accuracy: 0.9732 (15.33 sec.)
2025-04-01 00:02:57 - INFO - Training model: bottom_right-original-bottom_left-top_left
2025-04-01 00:03:12 - INFO - Model bottom_right-original-bottom_left-top_left completed in 15.24 seconds.
2025-04-01 00:03:12 - INFO - >>> Model bottom_right-original-bottom_left-top_left trained. Accuracy: 0.9744 (15.24 sec.)
2025-04-01 00:03:12 - INFO - Training model: bottom_right-bottom_left-original-top_right
2025-04-01 00:03:27 - INFO - Model bottom_right-bottom_left-original-top_right completed in 15.37 seconds.
2025-04-01 00:03:27 - INFO - >>> Model bottom_right-bottom_left-original-top_right trained. Accuracy: 0.9727 (15.37 sec.)
2025-04-01 00:03:27 - INFO - Training model: tda-top_left-original-top_right-bottom_right
2025-04-01 00:03:51 - INFO - Model tda-top_left-original-top_right-bottom_right completed in 24.06 seconds.
2025-04-01 00:03:51 - INFO - >>> Model tda-top_left-original-top_right-bottom_right trained. Accuracy: 0.9783 (24.06 sec.)
2025-04-01 00:03:51 - INFO - Training model: tda-top_left-original-top_right-bottom_left
2025-04-01 00:04:15 - INFO - Model tda-top_left-original-top_right-bottom_left completed in 23.80 seconds.
2025-04-01 00:04:15 - INFO - >>> Model tda-top_left-original-top_right-bottom_left trained. Accuracy: 0.9776 (23.80 sec.)
2025-04-01 00:04:15 - INFO - Training model: tda-top_left-original-bottom_right-bottom_left
2025-04-01 00:04:39 - INFO - Model tda-top_left-original-bottom_right-bottom_left completed in 23.96 seconds.
2025-04-01 00:04:39 - INFO - >>> Model tda-top_left-original-bottom_right-bottom_left trained. Accuracy: 0.9791 (23.96 sec.)
2025-04-01 00:04:39 - INFO - Training model: tda-original-top_right-bottom_right-bottom_left
2025-04-01 00:05:03 - INFO - Model tda-original-top_right-bottom_right-bottom_left completed in 23.78 seconds.
2025-04-01 00:05:03 - INFO - >>> Model tda-original-top_right-bottom_right-bottom_left trained. Accuracy: 0.9779 (23.78 sec.)
2025-04-01 00:05:03 - INFO - Training model: top_left-original-top_right-bottom_right-bottom_left
2025-04-01 00:05:21 - INFO - Model top_left-original-top_right-bottom_right-bottom_left completed in 18.47 seconds.
2025-04-01 00:05:21 - INFO - >>> Model top_left-original-top_right-bottom_right-bottom_left trained. Accuracy: 0.9759 (18.47 sec.)
2025-04-01 00:05:21 - INFO - Training model: tda-top_left-original-top_right-bottom_right-bottom_left
2025-04-01 00:05:49 - INFO - Model tda-top_left-original-top_right-bottom_right-bottom_left completed in 27.23 seconds.
2025-04-01 00:05:49 - INFO - >>> Model tda-top_left-original-top_right-bottom_right-bottom_left trained. Accuracy: 0.9793 (27.23 sec.)
2025-04-01 00:05:49 - INFO - All models trained successfully.
2025-04-01 00:05:49 - INFO - ========== [Model Training Completed] in 8.61 minutes ==========
2025-04-01 00:05:49 - INFO - ========== [Experiment Training Complete] ==========
2025-04-01 00:05:49 - INFO - Results saved to /home/jovyan/Workspace/workspace_mnist/results/exp_noise_icecream_salt_q50/experiment_trainsize_predictions_2025-04-01_00-05-49.json
2025-04-01 00:05:49 - INFO - Results successfully saved to /home/jovyan/Workspace/workspace_mnist/results/exp_noise_icecream_salt_q50/experiment_trainsize_predictions_2025-04-01_00-05-49.json
2025-04-01 00:05:49 - INFO - Garbage collection executed.
2025-04-01 00:05:49 - INFO - ========== [Experiment Completed] in 17.88 minutes ==========
