2025-03-28 08:50:23 - INFO - Logging initialized.
 Writing to /home/jovyan/Workspace/workspace_mnist/logs/exp_noise_icecream_salt_q50/experiment_logs_2025-03-28_08-50-23.log
2025-03-28 08:50:23 - INFO - ========== [Experiment Start] ==========
2025-03-28 08:50:23 - INFO - Views combinations succesfully generated.
2025-03-28 08:50:23 - INFO - Topological Data Analysis pipeline generated.
2025-03-28 08:50:23 - INFO - Generating folder to save results.
2025-03-28 08:50:23 - INFO - Reading dataset in chunks from mnist_784.csv (chunk size: 70000)
2025-03-28 08:50:24 - INFO - Starting multiview data preparation for a chunk of size (70000, 784)...
2025-03-28 08:50:24 - INFO - Running using 22 jobs.
2025-03-28 08:50:24 - INFO - Contaminating dataset with salt using 3.
2025-03-28 08:50:28 - INFO - Splitting data: 41.1% train / 20.0% test (random_state=601133337)
2025-03-28 08:50:28 - INFO - Data split complete. Train size: (23022, 784), Test size: (14000, 784)
2025-03-28 08:50:28 - INFO - Reshaping train and test data into square images...
2025-03-28 08:50:28 - INFO - Reshaping complete. Train images: (23022, 28, 28), Test images: (14000, 28, 28)
2025-03-28 08:50:28 - INFO - Splitting images into quadrant views...
2025-03-28 08:50:28 - INFO - Quadrant view splitting complete. Train views: 4, Test views: 4
2025-03-28 08:50:28 - INFO - >> Starting TDA pipeline transformation on train data...
2025-03-28 08:53:55 - INFO - >> TDA transformation for train data completed (3.45 minutes).
2025-03-28 08:53:55 - INFO - >> Applying TDA pipeline transformation on test data...
2025-03-28 08:56:04 - INFO - >> TDA transformation for test data completed (2.15 minutes).
2025-03-28 08:56:04 - INFO - ========== [Model Training Start] ==========
2025-03-28 08:56:04 - INFO - Training model: original
2025-03-28 08:56:04 - INFO - Model original completed in 0.52 seconds.
2025-03-28 08:56:04 - INFO - >>> Model original trained. Accuracy: 0.9589 (0.52 sec.)
2025-03-28 08:56:04 - INFO - Training model: original-bottom_left
2025-03-28 08:56:09 - INFO - Model original-bottom_left completed in 4.97 seconds.
2025-03-28 08:56:09 - INFO - >>> Model original-bottom_left trained. Accuracy: 0.9614 (4.97 sec.)
2025-03-28 08:56:09 - INFO - Training model: original-bottom_right
2025-03-28 08:56:14 - INFO - Model original-bottom_right completed in 5.14 seconds.
2025-03-28 08:56:14 - INFO - >>> Model original-bottom_right trained. Accuracy: 0.9637 (5.14 sec.)
2025-03-28 08:56:14 - INFO - Training model: original-tda
2025-03-28 08:56:22 - INFO - Model original-tda completed in 7.31 seconds.
2025-03-28 08:56:22 - INFO - >>> Model original-tda trained. Accuracy: 0.9693 (7.31 sec.)
2025-03-28 08:56:22 - INFO - Training model: top_left-original
2025-03-28 08:56:27 - INFO - Model top_left-original completed in 5.04 seconds.
2025-03-28 08:56:27 - INFO - >>> Model top_left-original trained. Accuracy: 0.9626 (5.04 sec.)
2025-03-28 08:56:27 - INFO - Training model: original-top_right
2025-03-28 08:56:32 - INFO - Model original-top_right completed in 5.04 seconds.
2025-03-28 08:56:32 - INFO - >>> Model original-top_right trained. Accuracy: 0.9612 (5.04 sec.)
2025-03-28 08:56:32 - INFO - Training model: original-bottom_right-bottom_left
2025-03-28 08:56:39 - INFO - Model original-bottom_right-bottom_left completed in 7.13 seconds.
2025-03-28 08:56:39 - INFO - >>> Model original-bottom_right-bottom_left trained. Accuracy: 0.9647 (7.13 sec.)
2025-03-28 08:56:39 - INFO - Training model: original-tda-bottom_left
2025-03-28 08:56:48 - INFO - Model original-tda-bottom_left completed in 9.31 seconds.
2025-03-28 08:56:48 - INFO - >>> Model original-tda-bottom_left trained. Accuracy: 0.9686 (9.31 sec.)
2025-03-28 08:56:48 - INFO - Training model: top_left-original-bottom_left
2025-03-28 08:56:55 - INFO - Model top_left-original-bottom_left completed in 6.96 seconds.
2025-03-28 08:56:55 - INFO - >>> Model top_left-original-bottom_left trained. Accuracy: 0.9641 (6.96 sec.)
2025-03-28 08:56:55 - INFO - Training model: original-top_right-bottom_left
2025-03-28 08:57:02 - INFO - Model original-top_right-bottom_left completed in 7.28 seconds.
2025-03-28 08:57:02 - INFO - >>> Model original-top_right-bottom_left trained. Accuracy: 0.9626 (7.28 sec.)
2025-03-28 08:57:02 - INFO - Training model: original-bottom_right-tda
2025-03-28 08:57:12 - INFO - Model original-bottom_right-tda completed in 9.45 seconds.
2025-03-28 08:57:12 - INFO - >>> Model original-bottom_right-tda trained. Accuracy: 0.9709 (9.45 sec.)
2025-03-28 08:57:12 - INFO - Training model: top_left-original-bottom_right
2025-03-28 08:57:19 - INFO - Model top_left-original-bottom_right completed in 7.10 seconds.
2025-03-28 08:57:19 - INFO - >>> Model top_left-original-bottom_right trained. Accuracy: 0.9664 (7.10 sec.)
2025-03-28 08:57:19 - INFO - Training model: original-bottom_right-top_right
2025-03-28 08:57:26 - INFO - Model original-bottom_right-top_right completed in 6.90 seconds.
2025-03-28 08:57:26 - INFO - >>> Model original-bottom_right-top_right trained. Accuracy: 0.9658 (6.90 sec.)
2025-03-28 08:57:26 - INFO - Training model: top_left-original-tda
2025-03-28 08:57:35 - INFO - Model top_left-original-tda completed in 9.35 seconds.
2025-03-28 08:57:35 - INFO - >>> Model top_left-original-tda trained. Accuracy: 0.9701 (9.35 sec.)
2025-03-28 08:57:35 - INFO - Training model: original-top_right-tda
2025-03-28 08:57:45 - INFO - Model original-top_right-tda completed in 9.50 seconds.
2025-03-28 08:57:45 - INFO - >>> Model original-top_right-tda trained. Accuracy: 0.9710 (9.50 sec.)
2025-03-28 08:57:45 - INFO - Training model: top_left-original-top_right
2025-03-28 08:57:52 - INFO - Model top_left-original-top_right completed in 7.16 seconds.
2025-03-28 08:57:52 - INFO - >>> Model top_left-original-top_right trained. Accuracy: 0.9638 (7.16 sec.)
2025-03-28 08:57:52 - INFO - Training model: original-bottom_right-tda-bottom_left
2025-03-28 08:58:03 - INFO - Model original-bottom_right-tda-bottom_left completed in 11.39 seconds.
2025-03-28 08:58:03 - INFO - >>> Model original-bottom_right-tda-bottom_left trained. Accuracy: 0.9700 (11.39 sec.)
2025-03-28 08:58:03 - INFO - Training model: top_left-original-bottom_right-bottom_left
2025-03-28 08:58:13 - INFO - Model top_left-original-bottom_right-bottom_left completed in 9.32 seconds.
2025-03-28 08:58:13 - INFO - >>> Model top_left-original-bottom_right-bottom_left trained. Accuracy: 0.9664 (9.32 sec.)
2025-03-28 08:58:13 - INFO - Training model: original-bottom_right-top_right-bottom_left
2025-03-28 08:58:22 - INFO - Model original-bottom_right-top_right-bottom_left completed in 9.30 seconds.
2025-03-28 08:58:22 - INFO - >>> Model original-bottom_right-top_right-bottom_left trained. Accuracy: 0.9670 (9.30 sec.)
2025-03-28 08:58:22 - INFO - Training model: top_left-original-tda-bottom_left
2025-03-28 08:58:33 - INFO - Model top_left-original-tda-bottom_left completed in 11.27 seconds.
2025-03-28 08:58:33 - INFO - >>> Model top_left-original-tda-bottom_left trained. Accuracy: 0.9707 (11.27 sec.)
2025-03-28 08:58:33 - INFO - Training model: original-top_right-tda-bottom_left
2025-03-28 08:58:45 - INFO - Model original-top_right-tda-bottom_left completed in 11.41 seconds.
2025-03-28 08:58:45 - INFO - >>> Model original-top_right-tda-bottom_left trained. Accuracy: 0.9726 (11.41 sec.)
2025-03-28 08:58:45 - INFO - Training model: top_left-original-top_right-bottom_left
2025-03-28 08:58:54 - INFO - Model top_left-original-top_right-bottom_left completed in 9.21 seconds.
2025-03-28 08:58:54 - INFO - >>> Model top_left-original-top_right-bottom_left trained. Accuracy: 0.9659 (9.21 sec.)
2025-03-28 08:58:54 - INFO - Training model: top_left-original-bottom_right-tda
2025-03-28 08:59:06 - INFO - Model top_left-original-bottom_right-tda completed in 11.68 seconds.
2025-03-28 08:59:06 - INFO - >>> Model top_left-original-bottom_right-tda trained. Accuracy: 0.9731 (11.68 sec.)
2025-03-28 08:59:06 - INFO - Training model: original-bottom_right-top_right-tda
2025-03-28 08:59:17 - INFO - Model original-bottom_right-top_right-tda completed in 11.67 seconds.
2025-03-28 08:59:17 - INFO - >>> Model original-bottom_right-top_right-tda trained. Accuracy: 0.9720 (11.67 sec.)
2025-03-28 08:59:17 - INFO - Training model: top_left-original-bottom_right-top_right
2025-03-28 08:59:27 - INFO - Model top_left-original-bottom_right-top_right completed in 9.28 seconds.
2025-03-28 08:59:27 - INFO - >>> Model top_left-original-bottom_right-top_right trained. Accuracy: 0.9672 (9.28 sec.)
2025-03-28 08:59:27 - INFO - Training model: top_left-original-top_right-tda
2025-03-28 08:59:38 - INFO - Model top_left-original-top_right-tda completed in 11.49 seconds.
2025-03-28 08:59:38 - INFO - >>> Model top_left-original-top_right-tda trained. Accuracy: 0.9720 (11.49 sec.)
2025-03-28 08:59:38 - INFO - Training model: bottom_left-bottom_right-tda-top_left-original
2025-03-28 08:59:52 - INFO - Model bottom_left-bottom_right-tda-top_left-original completed in 13.49 seconds.
2025-03-28 08:59:52 - INFO - >>> Model bottom_left-bottom_right-tda-top_left-original trained. Accuracy: 0.9733 (13.49 sec.)
2025-03-28 08:59:52 - INFO - Training model: bottom_left-bottom_right-tda-original-top_right
2025-03-28 09:00:04 - INFO - Model bottom_left-bottom_right-tda-original-top_right completed in 12.86 seconds.
2025-03-28 09:00:04 - INFO - >>> Model bottom_left-bottom_right-tda-original-top_right trained. Accuracy: 0.9737 (12.86 sec.)
2025-03-28 09:00:04 - INFO - Training model: bottom_left-bottom_right-top_left-original-top_right
2025-03-28 09:00:15 - INFO - Model bottom_left-bottom_right-top_left-original-top_right completed in 10.99 seconds.
2025-03-28 09:00:15 - INFO - >>> Model bottom_left-bottom_right-top_left-original-top_right trained. Accuracy: 0.9689 (10.99 sec.)
2025-03-28 09:00:15 - INFO - Training model: bottom_left-tda-top_left-original-top_right
2025-03-28 09:00:28 - INFO - Model bottom_left-tda-top_left-original-top_right completed in 13.00 seconds.
2025-03-28 09:00:28 - INFO - >>> Model bottom_left-tda-top_left-original-top_right trained. Accuracy: 0.9726 (13.00 sec.)
2025-03-28 09:00:28 - INFO - Training model: bottom_right-tda-top_left-original-top_right
2025-03-28 09:00:42 - INFO - Model bottom_right-tda-top_left-original-top_right completed in 13.54 seconds.
2025-03-28 09:00:42 - INFO - >>> Model bottom_right-tda-top_left-original-top_right trained. Accuracy: 0.9740 (13.54 sec.)
2025-03-28 09:00:42 - INFO - Training model: bottom_left-bottom_right-tda-top_left-original-top_right
2025-03-28 09:00:58 - INFO - Model bottom_left-bottom_right-tda-top_left-original-top_right completed in 15.73 seconds.
2025-03-28 09:00:58 - INFO - >>> Model bottom_left-bottom_right-tda-top_left-original-top_right trained. Accuracy: 0.9752 (15.73 sec.)
2025-03-28 09:00:58 - INFO - All models trained successfully.
2025-03-28 09:00:58 - INFO - ========== [Model Training Completed] in 4.90 minutes ==========
2025-03-28 09:00:58 - INFO - ========== [Experiment Training Complete] ==========
2025-03-28 09:00:58 - INFO - Results saved to /home/jovyan/Workspace/workspace_mnist/results/exp_noise_icecream_salt_q50/experiment_trainsize_predictions_2025-03-28_09-00-58.json
2025-03-28 09:00:58 - INFO - Results successfully saved to /home/jovyan/Workspace/workspace_mnist/results/exp_noise_icecream_salt_q50/experiment_trainsize_predictions_2025-03-28_09-00-58.json
2025-03-28 09:00:58 - INFO - Garbage collection executed.
2025-03-28 09:00:58 - INFO - ========== [Experiment Completed] in 10.57 minutes ==========
