2025-03-28 08:25:20 - INFO - Logging initialized.
 Writing to /home/jovyan/Workspace/workspace_mnist/logs/exp_noise_icecream_salt_q50/experiment_logs_2025-03-28_08-25-20.log
2025-03-28 08:25:20 - INFO - ========== [Experiment Start] ==========
2025-03-28 08:25:20 - INFO - Views combinations succesfully generated.
2025-03-28 08:25:20 - INFO - Topological Data Analysis pipeline generated.
2025-03-28 08:25:20 - INFO - Generating folder to save results.
2025-03-28 08:25:20 - INFO - Reading dataset in chunks from mnist_784.csv (chunk size: 70000)
2025-03-28 08:25:21 - INFO - Starting multiview data preparation for a chunk of size (70000, 784)...
2025-03-28 08:25:21 - INFO - Running using 22 jobs.
2025-03-28 08:25:21 - INFO - Contaminating dataset with salt using 3.
2025-03-28 08:25:25 - INFO - Splitting data: 17.8% train / 20.0% test (random_state=601133337)
2025-03-28 08:25:25 - INFO - Data split complete. Train size: (9955, 784), Test size: (14000, 784)
2025-03-28 08:25:25 - INFO - Reshaping train and test data into square images...
2025-03-28 08:25:25 - INFO - Reshaping complete. Train images: (9955, 28, 28), Test images: (14000, 28, 28)
2025-03-28 08:25:25 - INFO - Splitting images into quadrant views...
2025-03-28 08:25:25 - INFO - Quadrant view splitting complete. Train views: 4, Test views: 4
2025-03-28 08:25:25 - INFO - >> Starting TDA pipeline transformation on train data...
2025-03-28 08:26:57 - INFO - >> TDA transformation for train data completed (1.53 minutes).
2025-03-28 08:26:57 - INFO - >> Applying TDA pipeline transformation on test data...
2025-03-28 08:29:06 - INFO - >> TDA transformation for test data completed (2.16 minutes).
2025-03-28 08:29:06 - INFO - ========== [Model Training Start] ==========
2025-03-28 08:29:06 - INFO - Training model: original
2025-03-28 08:29:06 - INFO - Model original completed in 0.26 seconds.
2025-03-28 08:29:06 - INFO - >>> Model original trained. Accuracy: 0.9486 (0.26 sec.)
2025-03-28 08:29:06 - INFO - Training model: original-bottom_left
2025-03-28 08:29:10 - INFO - Model original-bottom_left completed in 3.78 seconds.
2025-03-28 08:29:10 - INFO - >>> Model original-bottom_left trained. Accuracy: 0.9516 (3.78 sec.)
2025-03-28 08:29:10 - INFO - Training model: original-bottom_right
2025-03-28 08:29:14 - INFO - Model original-bottom_right completed in 3.78 seconds.
2025-03-28 08:29:14 - INFO - >>> Model original-bottom_right trained. Accuracy: 0.9524 (3.78 sec.)
2025-03-28 08:29:14 - INFO - Training model: original-tda
2025-03-28 08:29:18 - INFO - Model original-tda completed in 4.16 seconds.
2025-03-28 08:29:18 - INFO - >>> Model original-tda trained. Accuracy: 0.9629 (4.16 sec.)
2025-03-28 08:29:18 - INFO - Training model: top_left-original
2025-03-28 08:29:22 - INFO - Model top_left-original completed in 3.95 seconds.
2025-03-28 08:29:22 - INFO - >>> Model top_left-original trained. Accuracy: 0.9538 (3.95 sec.)
2025-03-28 08:29:22 - INFO - Training model: original-top_right
2025-03-28 08:29:26 - INFO - Model original-top_right completed in 3.76 seconds.
2025-03-28 08:29:26 - INFO - >>> Model original-top_right trained. Accuracy: 0.9521 (3.76 sec.)
2025-03-28 08:29:26 - INFO - Training model: original-bottom_right-bottom_left
2025-03-28 08:29:31 - INFO - Model original-bottom_right-bottom_left completed in 5.83 seconds.
2025-03-28 08:29:31 - INFO - >>> Model original-bottom_right-bottom_left trained. Accuracy: 0.9534 (5.83 sec.)
2025-03-28 08:29:31 - INFO - Training model: original-tda-bottom_left
2025-03-28 08:29:37 - INFO - Model original-tda-bottom_left completed in 6.00 seconds.
2025-03-28 08:29:37 - INFO - >>> Model original-tda-bottom_left trained. Accuracy: 0.9606 (6.00 sec.)
2025-03-28 08:29:37 - INFO - Training model: top_left-original-bottom_left
2025-03-28 08:29:43 - INFO - Model top_left-original-bottom_left completed in 5.81 seconds.
2025-03-28 08:29:43 - INFO - >>> Model top_left-original-bottom_left trained. Accuracy: 0.9551 (5.81 sec.)
2025-03-28 08:29:43 - INFO - Training model: original-top_right-bottom_left
2025-03-28 08:29:49 - INFO - Model original-top_right-bottom_left completed in 5.65 seconds.
2025-03-28 08:29:49 - INFO - >>> Model original-top_right-bottom_left trained. Accuracy: 0.9551 (5.65 sec.)
2025-03-28 08:29:49 - INFO - Training model: original-bottom_right-tda
2025-03-28 08:29:55 - INFO - Model original-bottom_right-tda completed in 6.24 seconds.
2025-03-28 08:29:55 - INFO - >>> Model original-bottom_right-tda trained. Accuracy: 0.9644 (6.24 sec.)
2025-03-28 08:29:55 - INFO - Training model: top_left-original-bottom_right
2025-03-28 08:30:01 - INFO - Model top_left-original-bottom_right completed in 6.04 seconds.
2025-03-28 08:30:01 - INFO - >>> Model top_left-original-bottom_right trained. Accuracy: 0.9556 (6.04 sec.)
2025-03-28 08:30:01 - INFO - Training model: original-bottom_right-top_right
2025-03-28 08:30:07 - INFO - Model original-bottom_right-top_right completed in 5.96 seconds.
2025-03-28 08:30:07 - INFO - >>> Model original-bottom_right-top_right trained. Accuracy: 0.9559 (5.96 sec.)
2025-03-28 08:30:07 - INFO - Training model: top_left-original-tda
2025-03-28 08:30:13 - INFO - Model top_left-original-tda completed in 6.32 seconds.
2025-03-28 08:30:13 - INFO - >>> Model top_left-original-tda trained. Accuracy: 0.9634 (6.32 sec.)
2025-03-28 08:30:13 - INFO - Training model: original-top_right-tda
2025-03-28 08:30:20 - INFO - Model original-top_right-tda completed in 6.18 seconds.
2025-03-28 08:30:20 - INFO - >>> Model original-top_right-tda trained. Accuracy: 0.9656 (6.18 sec.)
2025-03-28 08:30:20 - INFO - Training model: top_left-original-top_right
2025-03-28 08:30:26 - INFO - Model top_left-original-top_right completed in 6.17 seconds.
2025-03-28 08:30:26 - INFO - >>> Model top_left-original-top_right trained. Accuracy: 0.9564 (6.17 sec.)
2025-03-28 08:30:26 - INFO - Training model: original-bottom_right-tda-bottom_left
2025-03-28 08:30:34 - INFO - Model original-bottom_right-tda-bottom_left completed in 8.01 seconds.
2025-03-28 08:30:34 - INFO - >>> Model original-bottom_right-tda-bottom_left trained. Accuracy: 0.9630 (8.01 sec.)
2025-03-28 08:30:34 - INFO - Training model: top_left-original-bottom_right-bottom_left
2025-03-28 08:30:41 - INFO - Model top_left-original-bottom_right-bottom_left completed in 7.62 seconds.
2025-03-28 08:30:41 - INFO - >>> Model top_left-original-bottom_right-bottom_left trained. Accuracy: 0.9566 (7.62 sec.)
2025-03-28 08:30:41 - INFO - Training model: original-bottom_right-top_right-bottom_left
2025-03-28 08:30:49 - INFO - Model original-bottom_right-top_right-bottom_left completed in 7.55 seconds.
2025-03-28 08:30:49 - INFO - >>> Model original-bottom_right-top_right-bottom_left trained. Accuracy: 0.9574 (7.55 sec.)
2025-03-28 08:30:49 - INFO - Training model: top_left-original-tda-bottom_left
2025-03-28 08:30:57 - INFO - Model top_left-original-tda-bottom_left completed in 8.16 seconds.
2025-03-28 08:30:57 - INFO - >>> Model top_left-original-tda-bottom_left trained. Accuracy: 0.9644 (8.16 sec.)
2025-03-28 08:30:57 - INFO - Training model: original-top_right-tda-bottom_left
2025-03-28 08:31:05 - INFO - Model original-top_right-tda-bottom_left completed in 7.73 seconds.
2025-03-28 08:31:05 - INFO - >>> Model original-top_right-tda-bottom_left trained. Accuracy: 0.9672 (7.73 sec.)
2025-03-28 08:31:05 - INFO - Training model: top_left-original-top_right-bottom_left
2025-03-28 08:31:13 - INFO - Model top_left-original-top_right-bottom_left completed in 7.63 seconds.
2025-03-28 08:31:13 - INFO - >>> Model top_left-original-top_right-bottom_left trained. Accuracy: 0.9584 (7.63 sec.)
2025-03-28 08:31:13 - INFO - Training model: top_left-original-bottom_right-tda
2025-03-28 08:31:20 - INFO - Model top_left-original-bottom_right-tda completed in 7.86 seconds.
2025-03-28 08:31:20 - INFO - >>> Model top_left-original-bottom_right-tda trained. Accuracy: 0.9659 (7.86 sec.)
2025-03-28 08:31:20 - INFO - Training model: original-bottom_right-top_right-tda
2025-03-28 08:31:28 - INFO - Model original-bottom_right-top_right-tda completed in 7.87 seconds.
2025-03-28 08:31:28 - INFO - >>> Model original-bottom_right-top_right-tda trained. Accuracy: 0.9660 (7.87 sec.)
2025-03-28 08:31:28 - INFO - Training model: top_left-original-bottom_right-top_right
2025-03-28 08:31:36 - INFO - Model top_left-original-bottom_right-top_right completed in 7.61 seconds.
2025-03-28 08:31:36 - INFO - >>> Model top_left-original-bottom_right-top_right trained. Accuracy: 0.9593 (7.61 sec.)
2025-03-28 08:31:36 - INFO - Training model: top_left-original-top_right-tda
2025-03-28 08:31:44 - INFO - Model top_left-original-top_right-tda completed in 7.89 seconds.
2025-03-28 08:31:44 - INFO - >>> Model top_left-original-top_right-tda trained. Accuracy: 0.9661 (7.89 sec.)
2025-03-28 08:31:44 - INFO - Training model: bottom_left-bottom_right-tda-top_left-original
2025-03-28 08:31:54 - INFO - Model bottom_left-bottom_right-tda-top_left-original completed in 9.78 seconds.
2025-03-28 08:31:54 - INFO - >>> Model bottom_left-bottom_right-tda-top_left-original trained. Accuracy: 0.9669 (9.78 sec.)
2025-03-28 08:31:54 - INFO - Training model: bottom_left-bottom_right-tda-original-top_right
2025-03-28 08:32:03 - INFO - Model bottom_left-bottom_right-tda-original-top_right completed in 9.64 seconds.
2025-03-28 08:32:03 - INFO - >>> Model bottom_left-bottom_right-tda-original-top_right trained. Accuracy: 0.9689 (9.64 sec.)
2025-03-28 08:32:03 - INFO - Training model: bottom_left-bottom_right-top_left-original-top_right
2025-03-28 08:32:13 - INFO - Model bottom_left-bottom_right-top_left-original-top_right completed in 9.53 seconds.
2025-03-28 08:32:13 - INFO - >>> Model bottom_left-bottom_right-top_left-original-top_right trained. Accuracy: 0.9608 (9.53 sec.)
2025-03-28 08:32:13 - INFO - Training model: bottom_left-tda-top_left-original-top_right
2025-03-28 08:32:22 - INFO - Model bottom_left-tda-top_left-original-top_right completed in 9.71 seconds.
2025-03-28 08:32:22 - INFO - >>> Model bottom_left-tda-top_left-original-top_right trained. Accuracy: 0.9676 (9.71 sec.)
2025-03-28 08:32:22 - INFO - Training model: bottom_right-tda-top_left-original-top_right
2025-03-28 08:32:32 - INFO - Model bottom_right-tda-top_left-original-top_right completed in 10.00 seconds.
2025-03-28 08:32:32 - INFO - >>> Model bottom_right-tda-top_left-original-top_right trained. Accuracy: 0.9688 (10.00 sec.)
2025-03-28 08:32:32 - INFO - Training model: bottom_left-bottom_right-tda-top_left-original-top_right
2025-03-28 08:32:44 - INFO - Model bottom_left-bottom_right-tda-top_left-original-top_right completed in 11.58 seconds.
2025-03-28 08:32:44 - INFO - >>> Model bottom_left-bottom_right-tda-top_left-original-top_right trained. Accuracy: 0.9693 (11.58 sec.)
2025-03-28 08:32:44 - INFO - All models trained successfully.
2025-03-28 08:32:44 - INFO - ========== [Model Training Completed] in 3.64 minutes ==========
2025-03-28 08:32:44 - INFO - ========== [Experiment Training Complete] ==========
2025-03-28 08:32:44 - INFO - Results saved to /home/jovyan/Workspace/workspace_mnist/results/exp_noise_icecream_salt_q50/experiment_trainsize_predictions_2025-03-28_08-32-44.json
2025-03-28 08:32:44 - INFO - Results successfully saved to /home/jovyan/Workspace/workspace_mnist/results/exp_noise_icecream_salt_q50/experiment_trainsize_predictions_2025-03-28_08-32-44.json
2025-03-28 08:32:44 - INFO - Garbage collection executed.
2025-03-28 08:32:44 - INFO - ========== [Experiment Completed] in 7.40 minutes ==========
