2025-03-28 07:30:00 - INFO - Logging initialized.
 Writing to /home/jovyan/Workspace/workspace_mnist/logs/exp_noise_icecream_salt_q50/experiment_logs_2025-03-28_07-30-00.log
2025-03-28 07:30:00 - INFO - ========== [Experiment Start] ==========
2025-03-28 07:30:00 - INFO - Views combinations succesfully generated.
2025-03-28 07:30:00 - INFO - Topological Data Analysis pipeline generated.
2025-03-28 07:30:00 - INFO - Generating folder to save results.
2025-03-28 07:30:00 - INFO - Reading dataset in chunks from mnist_784.csv (chunk size: 70000)
2025-03-28 07:30:01 - INFO - Starting multiview data preparation for a chunk of size (70000, 784)...
2025-03-28 07:30:01 - INFO - Running using 22 jobs.
2025-03-28 07:30:01 - INFO - Contaminating dataset with salt using 3.
2025-03-28 07:30:05 - INFO - Splitting data: 64.4% train / 20.0% test (random_state=910968928)
2025-03-28 07:30:05 - INFO - Data split complete. Train size: (36088, 784), Test size: (14000, 784)
2025-03-28 07:30:05 - INFO - Reshaping train and test data into square images...
2025-03-28 07:30:05 - INFO - Reshaping complete. Train images: (36088, 28, 28), Test images: (14000, 28, 28)
2025-03-28 07:30:05 - INFO - Splitting images into quadrant views...
2025-03-28 07:30:05 - INFO - Quadrant view splitting complete. Train views: 4, Test views: 4
2025-03-28 07:30:05 - INFO - >> Starting TDA pipeline transformation on train data...
2025-03-28 07:35:31 - INFO - >> TDA transformation for train data completed (5.44 minutes).
2025-03-28 07:35:31 - INFO - >> Applying TDA pipeline transformation on test data...
2025-03-28 07:37:35 - INFO - >> TDA transformation for test data completed (2.07 minutes).
2025-03-28 07:37:35 - INFO - ========== [Model Training Start] ==========
2025-03-28 07:37:35 - INFO - Training model: original
2025-03-28 07:37:36 - INFO - Model original completed in 0.84 seconds.
2025-03-28 07:37:36 - INFO - >>> Model original trained. Accuracy: 0.9632 (0.84 sec.)
2025-03-28 07:37:36 - INFO - Training model: original-bottom_left
2025-03-28 07:37:43 - INFO - Model original-bottom_left completed in 6.74 seconds.
2025-03-28 07:37:43 - INFO - >>> Model original-bottom_left trained. Accuracy: 0.9669 (6.74 sec.)
2025-03-28 07:37:43 - INFO - Training model: original-bottom_right
2025-03-28 07:37:50 - INFO - Model original-bottom_right completed in 7.27 seconds.
2025-03-28 07:37:50 - INFO - >>> Model original-bottom_right trained. Accuracy: 0.9677 (7.27 sec.)
2025-03-28 07:37:50 - INFO - Training model: original-tda
2025-03-28 07:38:01 - INFO - Model original-tda completed in 11.27 seconds.
2025-03-28 07:38:01 - INFO - >>> Model original-tda trained. Accuracy: 0.9730 (11.27 sec.)
2025-03-28 07:38:01 - INFO - Training model: top_left-original
2025-03-28 07:38:08 - INFO - Model top_left-original completed in 7.10 seconds.
2025-03-28 07:38:08 - INFO - >>> Model top_left-original trained. Accuracy: 0.9671 (7.10 sec.)
2025-03-28 07:38:08 - INFO - Training model: original-top_right
2025-03-28 07:38:15 - INFO - Model original-top_right completed in 7.06 seconds.
2025-03-28 07:38:15 - INFO - >>> Model original-top_right trained. Accuracy: 0.9662 (7.06 sec.)
2025-03-28 07:38:15 - INFO - Training model: original-bottom_right-bottom_left
2025-03-28 07:38:25 - INFO - Model original-bottom_right-bottom_left completed in 9.98 seconds.
2025-03-28 07:38:25 - INFO - >>> Model original-bottom_right-bottom_left trained. Accuracy: 0.9680 (9.98 sec.)
2025-03-28 07:38:25 - INFO - Training model: original-tda-bottom_left
2025-03-28 07:38:39 - INFO - Model original-tda-bottom_left completed in 13.72 seconds.
2025-03-28 07:38:39 - INFO - >>> Model original-tda-bottom_left trained. Accuracy: 0.9727 (13.72 sec.)
2025-03-28 07:38:39 - INFO - Training model: top_left-original-bottom_left
2025-03-28 07:38:48 - INFO - Model top_left-original-bottom_left completed in 9.49 seconds.
2025-03-28 07:38:48 - INFO - >>> Model top_left-original-bottom_left trained. Accuracy: 0.9684 (9.49 sec.)
2025-03-28 07:38:48 - INFO - Training model: original-top_right-bottom_left
2025-03-28 07:38:58 - INFO - Model original-top_right-bottom_left completed in 9.78 seconds.
2025-03-28 07:38:58 - INFO - >>> Model original-top_right-bottom_left trained. Accuracy: 0.9678 (9.78 sec.)
2025-03-28 07:38:58 - INFO - Training model: original-bottom_right-tda
2025-03-28 07:39:12 - INFO - Model original-bottom_right-tda completed in 13.88 seconds.
2025-03-28 07:39:12 - INFO - >>> Model original-bottom_right-tda trained. Accuracy: 0.9734 (13.88 sec.)
2025-03-28 07:39:12 - INFO - Training model: top_left-original-bottom_right
2025-03-28 07:39:22 - INFO - Model top_left-original-bottom_right completed in 10.01 seconds.
2025-03-28 07:39:22 - INFO - >>> Model top_left-original-bottom_right trained. Accuracy: 0.9690 (10.01 sec.)
2025-03-28 07:39:22 - INFO - Training model: original-bottom_right-top_right
2025-03-28 07:39:32 - INFO - Model original-bottom_right-top_right completed in 9.87 seconds.
2025-03-28 07:39:32 - INFO - >>> Model original-bottom_right-top_right trained. Accuracy: 0.9679 (9.87 sec.)
2025-03-28 07:39:32 - INFO - Training model: top_left-original-tda
2025-03-28 07:39:46 - INFO - Model top_left-original-tda completed in 13.65 seconds.
2025-03-28 07:39:46 - INFO - >>> Model top_left-original-tda trained. Accuracy: 0.9743 (13.65 sec.)
2025-03-28 07:39:46 - INFO - Training model: original-top_right-tda
2025-03-28 07:39:59 - INFO - Model original-top_right-tda completed in 13.72 seconds.
2025-03-28 07:39:59 - INFO - >>> Model original-top_right-tda trained. Accuracy: 0.9742 (13.72 sec.)
2025-03-28 07:39:59 - INFO - Training model: top_left-original-top_right
2025-03-28 07:40:09 - INFO - Model top_left-original-top_right completed in 9.75 seconds.
2025-03-28 07:40:09 - INFO - >>> Model top_left-original-top_right trained. Accuracy: 0.9695 (9.75 sec.)
2025-03-28 07:40:09 - INFO - Training model: original-bottom_right-tda-bottom_left
2025-03-28 07:40:25 - INFO - Model original-bottom_right-tda-bottom_left completed in 16.28 seconds.
2025-03-28 07:40:25 - INFO - >>> Model original-bottom_right-tda-bottom_left trained. Accuracy: 0.9737 (16.28 sec.)
2025-03-28 07:40:25 - INFO - Training model: top_left-original-bottom_right-bottom_left
2025-03-28 07:40:38 - INFO - Model top_left-original-bottom_right-bottom_left completed in 12.34 seconds.
2025-03-28 07:40:38 - INFO - >>> Model top_left-original-bottom_right-bottom_left trained. Accuracy: 0.9714 (12.34 sec.)
2025-03-28 07:40:38 - INFO - Training model: original-bottom_right-top_right-bottom_left
2025-03-28 07:40:50 - INFO - Model original-bottom_right-top_right-bottom_left completed in 12.58 seconds.
2025-03-28 07:40:50 - INFO - >>> Model original-bottom_right-top_right-bottom_left trained. Accuracy: 0.9701 (12.58 sec.)
2025-03-28 07:40:50 - INFO - Training model: top_left-original-tda-bottom_left
2025-03-28 07:41:06 - INFO - Model top_left-original-tda-bottom_left completed in 16.04 seconds.
2025-03-28 07:41:06 - INFO - >>> Model top_left-original-tda-bottom_left trained. Accuracy: 0.9739 (16.04 sec.)
2025-03-28 07:41:06 - INFO - Training model: original-top_right-tda-bottom_left
2025-03-28 07:41:23 - INFO - Model original-top_right-tda-bottom_left completed in 16.24 seconds.
2025-03-28 07:41:23 - INFO - >>> Model original-top_right-tda-bottom_left trained. Accuracy: 0.9754 (16.24 sec.)
2025-03-28 07:41:23 - INFO - Training model: top_left-original-top_right-bottom_left
2025-03-28 07:41:35 - INFO - Model top_left-original-top_right-bottom_left completed in 12.45 seconds.
2025-03-28 07:41:35 - INFO - >>> Model top_left-original-top_right-bottom_left trained. Accuracy: 0.9711 (12.45 sec.)
2025-03-28 07:41:35 - INFO - Training model: top_left-original-bottom_right-tda
2025-03-28 07:41:51 - INFO - Model top_left-original-bottom_right-tda completed in 16.29 seconds.
2025-03-28 07:41:51 - INFO - >>> Model top_left-original-bottom_right-tda trained. Accuracy: 0.9751 (16.29 sec.)
2025-03-28 07:41:51 - INFO - Training model: original-bottom_right-top_right-tda
2025-03-28 07:42:08 - INFO - Model original-bottom_right-top_right-tda completed in 16.41 seconds.
2025-03-28 07:42:08 - INFO - >>> Model original-bottom_right-top_right-tda trained. Accuracy: 0.9751 (16.41 sec.)
2025-03-28 07:42:08 - INFO - Training model: top_left-original-bottom_right-top_right
2025-03-28 07:42:20 - INFO - Model top_left-original-bottom_right-top_right completed in 12.54 seconds.
2025-03-28 07:42:20 - INFO - >>> Model top_left-original-bottom_right-top_right trained. Accuracy: 0.9716 (12.54 sec.)
2025-03-28 07:42:20 - INFO - Training model: top_left-original-top_right-tda
2025-03-28 07:42:37 - INFO - Model top_left-original-top_right-tda completed in 16.34 seconds.
2025-03-28 07:42:37 - INFO - >>> Model top_left-original-top_right-tda trained. Accuracy: 0.9763 (16.34 sec.)
2025-03-28 07:42:37 - INFO - Training model: bottom_left-bottom_right-tda-top_left-original
2025-03-28 07:42:56 - INFO - Model bottom_left-bottom_right-tda-top_left-original completed in 19.41 seconds.
2025-03-28 07:42:56 - INFO - >>> Model bottom_left-bottom_right-tda-top_left-original trained. Accuracy: 0.9757 (19.41 sec.)
2025-03-28 07:42:56 - INFO - Training model: bottom_left-bottom_right-tda-original-top_right
2025-03-28 07:43:15 - INFO - Model bottom_left-bottom_right-tda-original-top_right completed in 19.07 seconds.
2025-03-28 07:43:15 - INFO - >>> Model bottom_left-bottom_right-tda-original-top_right trained. Accuracy: 0.9761 (19.07 sec.)
2025-03-28 07:43:15 - INFO - Training model: bottom_left-bottom_right-top_left-original-top_right
2025-03-28 07:43:31 - INFO - Model bottom_left-bottom_right-top_left-original-top_right completed in 15.28 seconds.
2025-03-28 07:43:31 - INFO - >>> Model bottom_left-bottom_right-top_left-original-top_right trained. Accuracy: 0.9731 (15.28 sec.)
2025-03-28 07:43:31 - INFO - Training model: bottom_left-tda-top_left-original-top_right
2025-03-28 07:43:50 - INFO - Model bottom_left-tda-top_left-original-top_right completed in 19.11 seconds.
2025-03-28 07:43:50 - INFO - >>> Model bottom_left-tda-top_left-original-top_right trained. Accuracy: 0.9769 (19.11 sec.)
2025-03-28 07:43:50 - INFO - Training model: bottom_right-tda-top_left-original-top_right
2025-03-28 07:44:09 - INFO - Model bottom_right-tda-top_left-original-top_right completed in 19.01 seconds.
2025-03-28 07:44:09 - INFO - >>> Model bottom_right-tda-top_left-original-top_right trained. Accuracy: 0.9779 (19.01 sec.)
2025-03-28 07:44:09 - INFO - Training model: bottom_left-bottom_right-tda-top_left-original-top_right
2025-03-28 07:44:30 - INFO - Model bottom_left-bottom_right-tda-top_left-original-top_right completed in 21.76 seconds.
2025-03-28 07:44:30 - INFO - >>> Model bottom_left-bottom_right-tda-top_left-original-top_right trained. Accuracy: 0.9786 (21.76 sec.)
2025-03-28 07:44:30 - INFO - All models trained successfully.
2025-03-28 07:44:30 - INFO - ========== [Model Training Completed] in 6.92 minutes ==========
2025-03-28 07:44:30 - INFO - ========== [Experiment Training Complete] ==========
2025-03-28 07:44:31 - INFO - Results saved to /home/jovyan/Workspace/workspace_mnist/results/exp_noise_icecream_salt_q50/experiment_trainsize_predictions_2025-03-28_07-44-30.json
2025-03-28 07:44:31 - INFO - Results successfully saved to /home/jovyan/Workspace/workspace_mnist/results/exp_noise_icecream_salt_q50/experiment_trainsize_predictions_2025-03-28_07-44-30.json
2025-03-28 07:44:31 - INFO - Garbage collection executed.
2025-03-28 07:44:31 - INFO - ========== [Experiment Completed] in 14.51 minutes ==========
