2025-04-01 06:09:15 - INFO - Logging initialized.
 Writing to /home/jovyan/Workspace/workspace_mnist/logs/exp_noise_icecream_salt_q50/experiment_logs_2025-04-01_06-09-15.log
2025-04-01 06:09:15 - INFO - ========== [Experiment Start] ==========
2025-04-01 06:09:15 - INFO - Views combinations succesfully generated.
2025-04-01 06:09:15 - INFO - Topological Data Analysis pipeline generated.
2025-04-01 06:09:15 - INFO - Generating folder to save results.
2025-04-01 06:09:15 - INFO - Reading dataset in chunks from mnist_784.csv (chunk size: 70000)
2025-04-01 06:09:16 - INFO - Starting multiview data preparation for a chunk of size (70000, 784)...
2025-04-01 06:09:16 - INFO - Running using 22 jobs.
2025-04-01 06:09:16 - INFO - Contaminating dataset with salt using 3.
2025-04-01 06:09:20 - INFO - Splitting data: 25.6% train / 20.0% test (random_state=561967060)
2025-04-01 06:09:20 - INFO - Data split complete. Train size: (14311, 784), Test size: (14000, 784)
2025-04-01 06:09:20 - INFO - Reshaping train and test data into square images...
2025-04-01 06:09:20 - INFO - Reshaping complete. Train images: (14311, 28, 28), Test images: (14000, 28, 28)
2025-04-01 06:09:20 - INFO - Splitting images into quadrant views...
2025-04-01 06:09:20 - INFO - Quadrant view splitting complete. Train views: 4, Test views: 4
2025-04-01 06:09:20 - INFO - >> Starting TDA pipeline transformation on train data...
2025-04-01 06:11:32 - INFO - >> TDA transformation for train data completed (2.20 minutes).
2025-04-01 06:11:32 - INFO - >> Applying TDA pipeline transformation on test data...
2025-04-01 06:13:42 - INFO - >> TDA transformation for test data completed (2.17 minutes).
2025-04-01 06:13:42 - INFO - ========== [Model Training Start] ==========
2025-04-01 06:13:42 - INFO - Training model: original
2025-04-01 06:13:43 - INFO - Model original completed in 0.34 seconds.
2025-04-01 06:13:43 - INFO - >>> Model original trained. Accuracy: 0.9543 (0.34 sec.)
2025-04-01 06:13:43 - INFO - Training model: tda-original
2025-04-01 06:13:48 - INFO - Model tda-original completed in 5.16 seconds.
2025-04-01 06:13:48 - INFO - >>> Model tda-original trained. Accuracy: 0.9661 (5.16 sec.)
2025-04-01 06:13:48 - INFO - Training model: original-top_left
2025-04-01 06:13:52 - INFO - Model original-top_left completed in 4.13 seconds.
2025-04-01 06:13:52 - INFO - >>> Model original-top_left trained. Accuracy: 0.9589 (4.13 sec.)
2025-04-01 06:13:52 - INFO - Training model: original-top_right
2025-04-01 06:13:56 - INFO - Model original-top_right completed in 4.03 seconds.
2025-04-01 06:13:56 - INFO - >>> Model original-top_right trained. Accuracy: 0.9582 (4.03 sec.)
2025-04-01 06:13:56 - INFO - Training model: bottom_right-original
2025-04-01 06:14:00 - INFO - Model bottom_right-original completed in 4.08 seconds.
2025-04-01 06:14:00 - INFO - >>> Model bottom_right-original trained. Accuracy: 0.9584 (4.08 sec.)
2025-04-01 06:14:00 - INFO - Training model: original-bottom_left
2025-04-01 06:14:04 - INFO - Model original-bottom_left completed in 4.05 seconds.
2025-04-01 06:14:04 - INFO - >>> Model original-bottom_left trained. Accuracy: 0.9572 (4.05 sec.)
2025-04-01 06:14:04 - INFO - Training model: tda-original-top_left
2025-04-01 06:14:11 - INFO - Model tda-original-top_left completed in 7.00 seconds.
2025-04-01 06:14:11 - INFO - >>> Model tda-original-top_left trained. Accuracy: 0.9678 (7.00 sec.)
2025-04-01 06:14:11 - INFO - Training model: tda-original-top_right
2025-04-01 06:14:18 - INFO - Model tda-original-top_right completed in 6.99 seconds.
2025-04-01 06:14:18 - INFO - >>> Model tda-original-top_right trained. Accuracy: 0.9682 (6.99 sec.)
2025-04-01 06:14:18 - INFO - Training model: tda-original-bottom_right
2025-04-01 06:14:25 - INFO - Model tda-original-bottom_right completed in 7.05 seconds.
2025-04-01 06:14:25 - INFO - >>> Model tda-original-bottom_right trained. Accuracy: 0.9675 (7.05 sec.)
2025-04-01 06:14:25 - INFO - Training model: tda-original-bottom_left
2025-04-01 06:14:32 - INFO - Model tda-original-bottom_left completed in 7.10 seconds.
2025-04-01 06:14:32 - INFO - >>> Model tda-original-bottom_left trained. Accuracy: 0.9654 (7.10 sec.)
2025-04-01 06:14:32 - INFO - Training model: original-top_right-top_left
2025-04-01 06:14:38 - INFO - Model original-top_right-top_left completed in 5.79 seconds.
2025-04-01 06:14:38 - INFO - >>> Model original-top_right-top_left trained. Accuracy: 0.9616 (5.79 sec.)
2025-04-01 06:14:38 - INFO - Training model: bottom_right-original-top_left
2025-04-01 06:14:44 - INFO - Model bottom_right-original-top_left completed in 5.87 seconds.
2025-04-01 06:14:44 - INFO - >>> Model bottom_right-original-top_left trained. Accuracy: 0.9612 (5.87 sec.)
2025-04-01 06:14:44 - INFO - Training model: original-bottom_left-top_left
2025-04-01 06:14:50 - INFO - Model original-bottom_left-top_left completed in 6.18 seconds.
2025-04-01 06:14:50 - INFO - >>> Model original-bottom_left-top_left trained. Accuracy: 0.9612 (6.18 sec.)
2025-04-01 06:14:50 - INFO - Training model: bottom_right-original-top_right
2025-04-01 06:14:56 - INFO - Model bottom_right-original-top_right completed in 5.59 seconds.
2025-04-01 06:14:56 - INFO - >>> Model bottom_right-original-top_right trained. Accuracy: 0.9615 (5.59 sec.)
2025-04-01 06:14:56 - INFO - Training model: bottom_left-original-top_right
2025-04-01 06:15:02 - INFO - Model bottom_left-original-top_right completed in 5.79 seconds.
2025-04-01 06:15:02 - INFO - >>> Model bottom_left-original-top_right trained. Accuracy: 0.9606 (5.79 sec.)
2025-04-01 06:15:02 - INFO - Training model: bottom_right-original-bottom_left
2025-04-01 06:15:07 - INFO - Model bottom_right-original-bottom_left completed in 5.75 seconds.
2025-04-01 06:15:07 - INFO - >>> Model bottom_right-original-bottom_left trained. Accuracy: 0.9596 (5.75 sec.)
2025-04-01 06:15:07 - INFO - Training model: tda-original-top_right-top_left
2025-04-01 06:15:16 - INFO - Model tda-original-top_right-top_left completed in 8.70 seconds.
2025-04-01 06:15:16 - INFO - >>> Model tda-original-top_right-top_left trained. Accuracy: 0.9697 (8.70 sec.)
2025-04-01 06:15:16 - INFO - Training model: tda-original-bottom_right-top_left
2025-04-01 06:15:25 - INFO - Model tda-original-bottom_right-top_left completed in 8.77 seconds.
2025-04-01 06:15:25 - INFO - >>> Model tda-original-bottom_right-top_left trained. Accuracy: 0.9695 (8.77 sec.)
2025-04-01 06:15:25 - INFO - Training model: tda-original-bottom_left-top_left
2025-04-01 06:15:34 - INFO - Model tda-original-bottom_left-top_left completed in 8.79 seconds.
2025-04-01 06:15:34 - INFO - >>> Model tda-original-bottom_left-top_left trained. Accuracy: 0.9681 (8.79 sec.)
2025-04-01 06:15:34 - INFO - Training model: tda-original-top_right-bottom_right
2025-04-01 06:15:42 - INFO - Model tda-original-top_right-bottom_right completed in 8.93 seconds.
2025-04-01 06:15:42 - INFO - >>> Model tda-original-top_right-bottom_right trained. Accuracy: 0.9706 (8.93 sec.)
2025-04-01 06:15:42 - INFO - Training model: tda-bottom_left-original-top_right
2025-04-01 06:15:51 - INFO - Model tda-bottom_left-original-top_right completed in 8.95 seconds.
2025-04-01 06:15:51 - INFO - >>> Model tda-bottom_left-original-top_right trained. Accuracy: 0.9700 (8.95 sec.)
2025-04-01 06:15:51 - INFO - Training model: tda-bottom_left-original-bottom_right
2025-04-01 06:16:00 - INFO - Model tda-bottom_left-original-bottom_right completed in 8.65 seconds.
2025-04-01 06:16:00 - INFO - >>> Model tda-bottom_left-original-bottom_right trained. Accuracy: 0.9673 (8.65 sec.)
2025-04-01 06:16:00 - INFO - Training model: bottom_right-original-top_right-top_left
2025-04-01 06:16:08 - INFO - Model bottom_right-original-top_right-top_left completed in 7.75 seconds.
2025-04-01 06:16:08 - INFO - >>> Model bottom_right-original-top_right-top_left trained. Accuracy: 0.9646 (7.75 sec.)
2025-04-01 06:16:08 - INFO - Training model: bottom_left-original-top_right-top_left
2025-04-01 06:16:16 - INFO - Model bottom_left-original-top_right-top_left completed in 7.71 seconds.
2025-04-01 06:16:16 - INFO - >>> Model bottom_left-original-top_right-top_left trained. Accuracy: 0.9648 (7.71 sec.)
2025-04-01 06:16:16 - INFO - Training model: bottom_right-original-bottom_left-top_left
2025-04-01 06:16:23 - INFO - Model bottom_right-original-bottom_left-top_left completed in 7.78 seconds.
2025-04-01 06:16:23 - INFO - >>> Model bottom_right-original-bottom_left-top_left trained. Accuracy: 0.9639 (7.78 sec.)
2025-04-01 06:16:23 - INFO - Training model: bottom_right-bottom_left-original-top_right
2025-04-01 06:16:31 - INFO - Model bottom_right-bottom_left-original-top_right completed in 7.86 seconds.
2025-04-01 06:16:31 - INFO - >>> Model bottom_right-bottom_left-original-top_right trained. Accuracy: 0.9627 (7.86 sec.)
2025-04-01 06:16:31 - INFO - Training model: tda-top_left-original-top_right-bottom_right
2025-04-01 06:16:41 - INFO - Model tda-top_left-original-top_right-bottom_right completed in 10.24 seconds.
2025-04-01 06:16:41 - INFO - >>> Model tda-top_left-original-top_right-bottom_right trained. Accuracy: 0.9725 (10.24 sec.)
2025-04-01 06:16:41 - INFO - Training model: tda-top_left-original-top_right-bottom_left
2025-04-01 06:16:52 - INFO - Model tda-top_left-original-top_right-bottom_left completed in 10.47 seconds.
2025-04-01 06:16:52 - INFO - >>> Model tda-top_left-original-top_right-bottom_left trained. Accuracy: 0.9714 (10.47 sec.)
2025-04-01 06:16:52 - INFO - Training model: tda-top_left-original-bottom_right-bottom_left
2025-04-01 06:17:02 - INFO - Model tda-top_left-original-bottom_right-bottom_left completed in 10.36 seconds.
2025-04-01 06:17:02 - INFO - >>> Model tda-top_left-original-bottom_right-bottom_left trained. Accuracy: 0.9696 (10.36 sec.)
2025-04-01 06:17:02 - INFO - Training model: tda-original-top_right-bottom_right-bottom_left
2025-04-01 06:17:13 - INFO - Model tda-original-top_right-bottom_right-bottom_left completed in 10.55 seconds.
2025-04-01 06:17:13 - INFO - >>> Model tda-original-top_right-bottom_right-bottom_left trained. Accuracy: 0.9714 (10.55 sec.)
2025-04-01 06:17:13 - INFO - Training model: top_left-original-top_right-bottom_right-bottom_left
2025-04-01 06:17:22 - INFO - Model top_left-original-top_right-bottom_right-bottom_left completed in 9.60 seconds.
2025-04-01 06:17:22 - INFO - >>> Model top_left-original-top_right-bottom_right-bottom_left trained. Accuracy: 0.9660 (9.60 sec.)
2025-04-01 06:17:22 - INFO - Training model: tda-top_left-original-top_right-bottom_right-bottom_left
2025-04-01 06:17:35 - INFO - Model tda-top_left-original-top_right-bottom_right-bottom_left completed in 12.27 seconds.
2025-04-01 06:17:35 - INFO - >>> Model tda-top_left-original-top_right-bottom_right-bottom_left trained. Accuracy: 0.9722 (12.27 sec.)
2025-04-01 06:17:35 - INFO - All models trained successfully.
2025-04-01 06:17:35 - INFO - ========== [Model Training Completed] in 3.87 minutes ==========
2025-04-01 06:17:35 - INFO - ========== [Experiment Training Complete] ==========
2025-04-01 06:17:35 - INFO - Results saved to /home/jovyan/Workspace/workspace_mnist/results/exp_noise_icecream_salt_q50/experiment_trainsize_predictions_2025-04-01_06-17-35.json
2025-04-01 06:17:35 - INFO - Results successfully saved to /home/jovyan/Workspace/workspace_mnist/results/exp_noise_icecream_salt_q50/experiment_trainsize_predictions_2025-04-01_06-17-35.json
2025-04-01 06:17:35 - INFO - Garbage collection executed.
2025-04-01 06:17:35 - INFO - ========== [Experiment Completed] in 8.32 minutes ==========
