2025-04-01 10:55:36 - INFO - Logging initialized.
 Writing to /home/jovyan/Workspace/workspace_mnist/logs/exp_noise_icecream_salt_q50/experiment_logs_2025-04-01_10-55-36.log
2025-04-01 10:55:36 - INFO - ========== [Experiment Start] ==========
2025-04-01 10:55:36 - INFO - Views combinations succesfully generated.
2025-04-01 10:55:36 - INFO - Topological Data Analysis pipeline generated.
2025-04-01 10:55:36 - INFO - Generating folder to save results.
2025-04-01 10:55:36 - INFO - Reading dataset in chunks from mnist_784.csv (chunk size: 70000)
2025-04-01 10:55:37 - INFO - Starting multiview data preparation for a chunk of size (70000, 784)...
2025-04-01 10:55:37 - INFO - Running using 22 jobs.
2025-04-01 10:55:37 - INFO - Contaminating dataset with salt using 3.
2025-04-01 10:55:41 - INFO - Splitting data: 64.4% train / 20.0% test (random_state=824368717)
2025-04-01 10:55:41 - INFO - Data split complete. Train size: (36088, 784), Test size: (14000, 784)
2025-04-01 10:55:41 - INFO - Reshaping train and test data into square images...
2025-04-01 10:55:41 - INFO - Reshaping complete. Train images: (36088, 28, 28), Test images: (14000, 28, 28)
2025-04-01 10:55:41 - INFO - Splitting images into quadrant views...
2025-04-01 10:55:41 - INFO - Quadrant view splitting complete. Train views: 4, Test views: 4
2025-04-01 10:55:41 - INFO - >> Starting TDA pipeline transformation on train data...
2025-04-01 11:01:13 - INFO - >> TDA transformation for train data completed (5.55 minutes).
2025-04-01 11:01:13 - INFO - >> Applying TDA pipeline transformation on test data...
2025-04-01 11:03:19 - INFO - >> TDA transformation for test data completed (2.09 minutes).
2025-04-01 11:03:19 - INFO - ========== [Model Training Start] ==========
2025-04-01 11:03:19 - INFO - Training model: original
2025-04-01 11:03:20 - INFO - Model original completed in 0.80 seconds.
2025-04-01 11:03:20 - INFO - >>> Model original trained. Accuracy: 0.9634 (0.80 sec.)
2025-04-01 11:03:20 - INFO - Training model: tda-original
2025-04-01 11:03:31 - INFO - Model tda-original completed in 10.99 seconds.
2025-04-01 11:03:31 - INFO - >>> Model tda-original trained. Accuracy: 0.9761 (10.99 sec.)
2025-04-01 11:03:31 - INFO - Training model: original-top_left
2025-04-01 11:03:38 - INFO - Model original-top_left completed in 7.02 seconds.
2025-04-01 11:03:38 - INFO - >>> Model original-top_left trained. Accuracy: 0.9671 (7.02 sec.)
2025-04-01 11:03:38 - INFO - Training model: original-top_right
2025-04-01 11:03:45 - INFO - Model original-top_right completed in 7.15 seconds.
2025-04-01 11:03:45 - INFO - >>> Model original-top_right trained. Accuracy: 0.9672 (7.15 sec.)
2025-04-01 11:03:45 - INFO - Training model: bottom_right-original
2025-04-01 11:03:52 - INFO - Model bottom_right-original completed in 7.16 seconds.
2025-04-01 11:03:52 - INFO - >>> Model bottom_right-original trained. Accuracy: 0.9676 (7.16 sec.)
2025-04-01 11:03:52 - INFO - Training model: original-bottom_left
2025-04-01 11:03:59 - INFO - Model original-bottom_left completed in 7.13 seconds.
2025-04-01 11:03:59 - INFO - >>> Model original-bottom_left trained. Accuracy: 0.9666 (7.13 sec.)
2025-04-01 11:03:59 - INFO - Training model: tda-original-top_left
2025-04-01 11:04:13 - INFO - Model tda-original-top_left completed in 13.49 seconds.
2025-04-01 11:04:13 - INFO - >>> Model tda-original-top_left trained. Accuracy: 0.9750 (13.49 sec.)
2025-04-01 11:04:13 - INFO - Training model: tda-original-top_right
2025-04-01 11:04:26 - INFO - Model tda-original-top_right completed in 13.61 seconds.
2025-04-01 11:04:26 - INFO - >>> Model tda-original-top_right trained. Accuracy: 0.9761 (13.61 sec.)
2025-04-01 11:04:26 - INFO - Training model: tda-original-bottom_right
2025-04-01 11:04:40 - INFO - Model tda-original-bottom_right completed in 13.82 seconds.
2025-04-01 11:04:40 - INFO - >>> Model tda-original-bottom_right trained. Accuracy: 0.9779 (13.82 sec.)
2025-04-01 11:04:40 - INFO - Training model: tda-original-bottom_left
2025-04-01 11:04:53 - INFO - Model tda-original-bottom_left completed in 13.40 seconds.
2025-04-01 11:04:53 - INFO - >>> Model tda-original-bottom_left trained. Accuracy: 0.9751 (13.40 sec.)
2025-04-01 11:04:53 - INFO - Training model: original-top_right-top_left
2025-04-01 11:05:03 - INFO - Model original-top_right-top_left completed in 9.93 seconds.
2025-04-01 11:05:03 - INFO - >>> Model original-top_right-top_left trained. Accuracy: 0.9689 (9.93 sec.)
2025-04-01 11:05:03 - INFO - Training model: bottom_right-original-top_left
2025-04-01 11:05:13 - INFO - Model bottom_right-original-top_left completed in 9.82 seconds.
2025-04-01 11:05:13 - INFO - >>> Model bottom_right-original-top_left trained. Accuracy: 0.9690 (9.82 sec.)
2025-04-01 11:05:13 - INFO - Training model: original-bottom_left-top_left
2025-04-01 11:05:23 - INFO - Model original-bottom_left-top_left completed in 9.32 seconds.
2025-04-01 11:05:23 - INFO - >>> Model original-bottom_left-top_left trained. Accuracy: 0.9695 (9.32 sec.)
2025-04-01 11:05:23 - INFO - Training model: bottom_right-original-top_right
2025-04-01 11:05:33 - INFO - Model bottom_right-original-top_right completed in 9.96 seconds.
2025-04-01 11:05:33 - INFO - >>> Model bottom_right-original-top_right trained. Accuracy: 0.9696 (9.96 sec.)
2025-04-01 11:05:33 - INFO - Training model: bottom_left-original-top_right
2025-04-01 11:05:42 - INFO - Model bottom_left-original-top_right completed in 9.68 seconds.
2025-04-01 11:05:42 - INFO - >>> Model bottom_left-original-top_right trained. Accuracy: 0.9693 (9.68 sec.)
2025-04-01 11:05:42 - INFO - Training model: bottom_right-original-bottom_left
2025-04-01 11:05:52 - INFO - Model bottom_right-original-bottom_left completed in 9.75 seconds.
2025-04-01 11:05:52 - INFO - >>> Model bottom_right-original-bottom_left trained. Accuracy: 0.9686 (9.75 sec.)
2025-04-01 11:05:52 - INFO - Training model: tda-original-top_right-top_left
2025-04-01 11:06:08 - INFO - Model tda-original-top_right-top_left completed in 16.16 seconds.
2025-04-01 11:06:08 - INFO - >>> Model tda-original-top_right-top_left trained. Accuracy: 0.9772 (16.16 sec.)
2025-04-01 11:06:08 - INFO - Training model: tda-original-bottom_right-top_left
2025-04-01 11:06:25 - INFO - Model tda-original-bottom_right-top_left completed in 16.41 seconds.
2025-04-01 11:06:25 - INFO - >>> Model tda-original-bottom_right-top_left trained. Accuracy: 0.9784 (16.41 sec.)
2025-04-01 11:06:25 - INFO - Training model: tda-original-bottom_left-top_left
2025-04-01 11:06:41 - INFO - Model tda-original-bottom_left-top_left completed in 16.06 seconds.
2025-04-01 11:06:41 - INFO - >>> Model tda-original-bottom_left-top_left trained. Accuracy: 0.9765 (16.06 sec.)
2025-04-01 11:06:41 - INFO - Training model: tda-original-top_right-bottom_right
2025-04-01 11:06:57 - INFO - Model tda-original-top_right-bottom_right completed in 16.41 seconds.
2025-04-01 11:06:57 - INFO - >>> Model tda-original-top_right-bottom_right trained. Accuracy: 0.9777 (16.41 sec.)
2025-04-01 11:06:57 - INFO - Training model: tda-bottom_left-original-top_right
2025-04-01 11:07:13 - INFO - Model tda-bottom_left-original-top_right completed in 16.26 seconds.
2025-04-01 11:07:13 - INFO - >>> Model tda-bottom_left-original-top_right trained. Accuracy: 0.9771 (16.26 sec.)
2025-04-01 11:07:13 - INFO - Training model: tda-bottom_left-original-bottom_right
2025-04-01 11:07:30 - INFO - Model tda-bottom_left-original-bottom_right completed in 16.63 seconds.
2025-04-01 11:07:30 - INFO - >>> Model tda-bottom_left-original-bottom_right trained. Accuracy: 0.9758 (16.63 sec.)
2025-04-01 11:07:30 - INFO - Training model: bottom_right-original-top_right-top_left
2025-04-01 11:07:42 - INFO - Model bottom_right-original-top_right-top_left completed in 12.32 seconds.
2025-04-01 11:07:42 - INFO - >>> Model bottom_right-original-top_right-top_left trained. Accuracy: 0.9716 (12.32 sec.)
2025-04-01 11:07:42 - INFO - Training model: bottom_left-original-top_right-top_left
2025-04-01 11:07:55 - INFO - Model bottom_left-original-top_right-top_left completed in 12.28 seconds.
2025-04-01 11:07:55 - INFO - >>> Model bottom_left-original-top_right-top_left trained. Accuracy: 0.9715 (12.28 sec.)
2025-04-01 11:07:55 - INFO - Training model: bottom_right-original-bottom_left-top_left
2025-04-01 11:08:07 - INFO - Model bottom_right-original-bottom_left-top_left completed in 12.14 seconds.
2025-04-01 11:08:07 - INFO - >>> Model bottom_right-original-bottom_left-top_left trained. Accuracy: 0.9726 (12.14 sec.)
2025-04-01 11:08:07 - INFO - Training model: bottom_right-bottom_left-original-top_right
2025-04-01 11:08:19 - INFO - Model bottom_right-bottom_left-original-top_right completed in 12.44 seconds.
2025-04-01 11:08:19 - INFO - >>> Model bottom_right-bottom_left-original-top_right trained. Accuracy: 0.9726 (12.44 sec.)
2025-04-01 11:08:19 - INFO - Training model: tda-top_left-original-top_right-bottom_right
2025-04-01 11:08:38 - INFO - Model tda-top_left-original-top_right-bottom_right completed in 18.66 seconds.
2025-04-01 11:08:38 - INFO - >>> Model tda-top_left-original-top_right-bottom_right trained. Accuracy: 0.9794 (18.66 sec.)
2025-04-01 11:08:38 - INFO - Training model: tda-top_left-original-top_right-bottom_left
2025-04-01 11:08:57 - INFO - Model tda-top_left-original-top_right-bottom_left completed in 18.95 seconds.
2025-04-01 11:08:57 - INFO - >>> Model tda-top_left-original-top_right-bottom_left trained. Accuracy: 0.9785 (18.95 sec.)
2025-04-01 11:08:57 - INFO - Training model: tda-top_left-original-bottom_right-bottom_left
2025-04-01 11:09:16 - INFO - Model tda-top_left-original-bottom_right-bottom_left completed in 18.85 seconds.
2025-04-01 11:09:16 - INFO - >>> Model tda-top_left-original-bottom_right-bottom_left trained. Accuracy: 0.9781 (18.85 sec.)
2025-04-01 11:09:16 - INFO - Training model: tda-original-top_right-bottom_right-bottom_left
2025-04-01 11:09:35 - INFO - Model tda-original-top_right-bottom_right-bottom_left completed in 19.02 seconds.
2025-04-01 11:09:35 - INFO - >>> Model tda-original-top_right-bottom_right-bottom_left trained. Accuracy: 0.9799 (19.02 sec.)
2025-04-01 11:09:35 - INFO - Training model: top_left-original-top_right-bottom_right-bottom_left
2025-04-01 11:09:49 - INFO - Model top_left-original-top_right-bottom_right-bottom_left completed in 14.82 seconds.
2025-04-01 11:09:49 - INFO - >>> Model top_left-original-top_right-bottom_right-bottom_left trained. Accuracy: 0.9749 (14.82 sec.)
2025-04-01 11:09:49 - INFO - Training model: tda-top_left-original-top_right-bottom_right-bottom_left
2025-04-01 11:10:11 - INFO - Model tda-top_left-original-top_right-bottom_right-bottom_left completed in 21.52 seconds.
2025-04-01 11:10:11 - INFO - >>> Model tda-top_left-original-top_right-bottom_right-bottom_left trained. Accuracy: 0.9802 (21.52 sec.)
2025-04-01 11:10:11 - INFO - All models trained successfully.
2025-04-01 11:10:11 - INFO - ========== [Model Training Completed] in 6.87 minutes ==========
2025-04-01 11:10:11 - INFO - ========== [Experiment Training Complete] ==========
2025-04-01 11:10:11 - INFO - Results saved to /home/jovyan/Workspace/workspace_mnist/results/exp_noise_icecream_salt_q50/experiment_trainsize_predictions_2025-04-01_11-10-11.json
2025-04-01 11:10:11 - INFO - Results successfully saved to /home/jovyan/Workspace/workspace_mnist/results/exp_noise_icecream_salt_q50/experiment_trainsize_predictions_2025-04-01_11-10-11.json
2025-04-01 11:10:11 - INFO - Garbage collection executed.
2025-04-01 11:10:11 - INFO - ========== [Experiment Completed] in 14.59 minutes ==========
