2025-03-28 13:03:04 - INFO - Logging initialized.
 Writing to /home/jovyan/Workspace/workspace_mnist/logs/exp_noise_icecream_salt_q50/experiment_logs_2025-03-28_13-03-04.log
2025-03-28 13:03:04 - INFO - ========== [Experiment Start] ==========
2025-03-28 13:03:04 - INFO - Views combinations succesfully generated.
2025-03-28 13:03:04 - INFO - Topological Data Analysis pipeline generated.
2025-03-28 13:03:04 - INFO - Generating folder to save results.
2025-03-28 13:03:04 - INFO - Reading dataset in chunks from mnist_784.csv (chunk size: 70000)
2025-03-28 13:03:05 - INFO - Starting multiview data preparation for a chunk of size (70000, 784)...
2025-03-28 13:03:05 - INFO - Running using 22 jobs.
2025-03-28 13:03:05 - INFO - Contaminating dataset with salt using 3.
2025-03-28 13:03:09 - INFO - Splitting data: 56.7% train / 20.0% test (random_state=508701318)
2025-03-28 13:03:09 - INFO - Data split complete. Train size: (31733, 784), Test size: (14000, 784)
2025-03-28 13:03:09 - INFO - Reshaping train and test data into square images...
2025-03-28 13:03:09 - INFO - Reshaping complete. Train images: (31733, 28, 28), Test images: (14000, 28, 28)
2025-03-28 13:03:09 - INFO - Splitting images into quadrant views...
2025-03-28 13:03:09 - INFO - Quadrant view splitting complete. Train views: 4, Test views: 4
2025-03-28 13:03:09 - INFO - >> Starting TDA pipeline transformation on train data...
2025-03-28 13:07:53 - INFO - >> TDA transformation for train data completed (4.73 minutes).
2025-03-28 13:07:53 - INFO - >> Applying TDA pipeline transformation on test data...
2025-03-28 13:09:57 - INFO - >> TDA transformation for test data completed (2.07 minutes).
2025-03-28 13:09:57 - INFO - ========== [Model Training Start] ==========
2025-03-28 13:09:57 - INFO - Training model: original
2025-03-28 13:09:58 - INFO - Model original completed in 0.73 seconds.
2025-03-28 13:09:58 - INFO - >>> Model original trained. Accuracy: 0.9585 (0.73 sec.)
2025-03-28 13:09:58 - INFO - Training model: original-bottom_left
2025-03-28 13:10:04 - INFO - Model original-bottom_left completed in 6.22 seconds.
2025-03-28 13:10:04 - INFO - >>> Model original-bottom_left trained. Accuracy: 0.9614 (6.22 sec.)
2025-03-28 13:10:04 - INFO - Training model: original-bottom_right
2025-03-28 13:10:11 - INFO - Model original-bottom_right completed in 6.54 seconds.
2025-03-28 13:10:11 - INFO - >>> Model original-bottom_right trained. Accuracy: 0.9646 (6.54 sec.)
2025-03-28 13:10:11 - INFO - Training model: original-tda
2025-03-28 13:10:20 - INFO - Model original-tda completed in 9.60 seconds.
2025-03-28 13:10:20 - INFO - >>> Model original-tda trained. Accuracy: 0.9694 (9.60 sec.)
2025-03-28 13:10:20 - INFO - Training model: top_left-original
2025-03-28 13:10:27 - INFO - Model top_left-original completed in 6.26 seconds.
2025-03-28 13:10:27 - INFO - >>> Model top_left-original trained. Accuracy: 0.9630 (6.26 sec.)
2025-03-28 13:10:27 - INFO - Training model: original-top_right
2025-03-28 13:10:33 - INFO - Model original-top_right completed in 6.41 seconds.
2025-03-28 13:10:33 - INFO - >>> Model original-top_right trained. Accuracy: 0.9622 (6.41 sec.)
2025-03-28 13:10:33 - INFO - Training model: original-bottom_right-bottom_left
2025-03-28 13:10:42 - INFO - Model original-bottom_right-bottom_left completed in 8.87 seconds.
2025-03-28 13:10:42 - INFO - >>> Model original-bottom_right-bottom_left trained. Accuracy: 0.9651 (8.87 sec.)
2025-03-28 13:10:42 - INFO - Training model: original-tda-bottom_left
2025-03-28 13:10:54 - INFO - Model original-tda-bottom_left completed in 12.01 seconds.
2025-03-28 13:10:54 - INFO - >>> Model original-tda-bottom_left trained. Accuracy: 0.9693 (12.01 sec.)
2025-03-28 13:10:54 - INFO - Training model: top_left-original-bottom_left
2025-03-28 13:11:03 - INFO - Model top_left-original-bottom_left completed in 8.50 seconds.
2025-03-28 13:11:03 - INFO - >>> Model top_left-original-bottom_left trained. Accuracy: 0.9648 (8.50 sec.)
2025-03-28 13:11:03 - INFO - Training model: original-top_right-bottom_left
2025-03-28 13:11:11 - INFO - Model original-top_right-bottom_left completed in 8.89 seconds.
2025-03-28 13:11:11 - INFO - >>> Model original-top_right-bottom_left trained. Accuracy: 0.9638 (8.89 sec.)
2025-03-28 13:11:11 - INFO - Training model: original-bottom_right-tda
2025-03-28 13:11:23 - INFO - Model original-bottom_right-tda completed in 11.99 seconds.
2025-03-28 13:11:23 - INFO - >>> Model original-bottom_right-tda trained. Accuracy: 0.9729 (11.99 sec.)
2025-03-28 13:11:23 - INFO - Training model: top_left-original-bottom_right
2025-03-28 13:11:32 - INFO - Model top_left-original-bottom_right completed in 8.72 seconds.
2025-03-28 13:11:32 - INFO - >>> Model top_left-original-bottom_right trained. Accuracy: 0.9652 (8.72 sec.)
2025-03-28 13:11:32 - INFO - Training model: original-bottom_right-top_right
2025-03-28 13:11:41 - INFO - Model original-bottom_right-top_right completed in 8.88 seconds.
2025-03-28 13:11:41 - INFO - >>> Model original-bottom_right-top_right trained. Accuracy: 0.9652 (8.88 sec.)
2025-03-28 13:11:41 - INFO - Training model: top_left-original-tda
2025-03-28 13:11:53 - INFO - Model top_left-original-tda completed in 11.97 seconds.
2025-03-28 13:11:53 - INFO - >>> Model top_left-original-tda trained. Accuracy: 0.9706 (11.97 sec.)
2025-03-28 13:11:53 - INFO - Training model: original-top_right-tda
2025-03-28 13:12:05 - INFO - Model original-top_right-tda completed in 12.08 seconds.
2025-03-28 13:12:05 - INFO - >>> Model original-top_right-tda trained. Accuracy: 0.9726 (12.08 sec.)
2025-03-28 13:12:05 - INFO - Training model: top_left-original-top_right
2025-03-28 13:12:14 - INFO - Model top_left-original-top_right completed in 8.91 seconds.
2025-03-28 13:12:14 - INFO - >>> Model top_left-original-top_right trained. Accuracy: 0.9657 (8.91 sec.)
2025-03-28 13:12:14 - INFO - Training model: original-bottom_right-tda-bottom_left
2025-03-28 13:12:29 - INFO - Model original-bottom_right-tda-bottom_left completed in 14.65 seconds.
2025-03-28 13:12:29 - INFO - >>> Model original-bottom_right-tda-bottom_left trained. Accuracy: 0.9719 (14.65 sec.)
2025-03-28 13:12:29 - INFO - Training model: top_left-original-bottom_right-bottom_left
2025-03-28 13:12:40 - INFO - Model top_left-original-bottom_right-bottom_left completed in 10.98 seconds.
2025-03-28 13:12:40 - INFO - >>> Model top_left-original-bottom_right-bottom_left trained. Accuracy: 0.9683 (10.98 sec.)
2025-03-28 13:12:40 - INFO - Training model: original-bottom_right-top_right-bottom_left
2025-03-28 13:12:51 - INFO - Model original-bottom_right-top_right-bottom_left completed in 11.14 seconds.
2025-03-28 13:12:51 - INFO - >>> Model original-bottom_right-top_right-bottom_left trained. Accuracy: 0.9666 (11.14 sec.)
2025-03-28 13:12:51 - INFO - Training model: top_left-original-tda-bottom_left
2025-03-28 13:13:05 - INFO - Model top_left-original-tda-bottom_left completed in 14.48 seconds.
2025-03-28 13:13:05 - INFO - >>> Model top_left-original-tda-bottom_left trained. Accuracy: 0.9710 (14.48 sec.)
2025-03-28 13:13:05 - INFO - Training model: original-top_right-tda-bottom_left
2025-03-28 13:13:20 - INFO - Model original-top_right-tda-bottom_left completed in 14.40 seconds.
2025-03-28 13:13:20 - INFO - >>> Model original-top_right-tda-bottom_left trained. Accuracy: 0.9724 (14.40 sec.)
2025-03-28 13:13:20 - INFO - Training model: top_left-original-top_right-bottom_left
2025-03-28 13:13:31 - INFO - Model top_left-original-top_right-bottom_left completed in 11.12 seconds.
2025-03-28 13:13:31 - INFO - >>> Model top_left-original-top_right-bottom_left trained. Accuracy: 0.9674 (11.12 sec.)
2025-03-28 13:13:31 - INFO - Training model: top_left-original-bottom_right-tda
2025-03-28 13:13:45 - INFO - Model top_left-original-bottom_right-tda completed in 14.50 seconds.
2025-03-28 13:13:45 - INFO - >>> Model top_left-original-bottom_right-tda trained. Accuracy: 0.9741 (14.50 sec.)
2025-03-28 13:13:45 - INFO - Training model: original-bottom_right-top_right-tda
2025-03-28 13:14:00 - INFO - Model original-bottom_right-top_right-tda completed in 14.69 seconds.
2025-03-28 13:14:00 - INFO - >>> Model original-bottom_right-top_right-tda trained. Accuracy: 0.9734 (14.69 sec.)
2025-03-28 13:14:00 - INFO - Training model: top_left-original-bottom_right-top_right
2025-03-28 13:14:11 - INFO - Model top_left-original-bottom_right-top_right completed in 11.04 seconds.
2025-03-28 13:14:11 - INFO - >>> Model top_left-original-bottom_right-top_right trained. Accuracy: 0.9686 (11.04 sec.)
2025-03-28 13:14:11 - INFO - Training model: top_left-original-top_right-tda
2025-03-28 13:14:25 - INFO - Model top_left-original-top_right-tda completed in 14.25 seconds.
2025-03-28 13:14:25 - INFO - >>> Model top_left-original-top_right-tda trained. Accuracy: 0.9736 (14.25 sec.)
2025-03-28 13:14:25 - INFO - Training model: bottom_left-bottom_right-tda-top_left-original
2025-03-28 13:14:42 - INFO - Model bottom_left-bottom_right-tda-top_left-original completed in 16.99 seconds.
2025-03-28 13:14:42 - INFO - >>> Model bottom_left-bottom_right-tda-top_left-original trained. Accuracy: 0.9746 (16.99 sec.)
2025-03-28 13:14:42 - INFO - Training model: bottom_left-bottom_right-tda-original-top_right
2025-03-28 13:14:59 - INFO - Model bottom_left-bottom_right-tda-original-top_right completed in 17.13 seconds.
2025-03-28 13:14:59 - INFO - >>> Model bottom_left-bottom_right-tda-original-top_right trained. Accuracy: 0.9748 (17.13 sec.)
2025-03-28 13:14:59 - INFO - Training model: bottom_left-bottom_right-top_left-original-top_right
2025-03-28 13:15:13 - INFO - Model bottom_left-bottom_right-top_left-original-top_right completed in 13.49 seconds.
2025-03-28 13:15:13 - INFO - >>> Model bottom_left-bottom_right-top_left-original-top_right trained. Accuracy: 0.9705 (13.49 sec.)
2025-03-28 13:15:13 - INFO - Training model: bottom_left-tda-top_left-original-top_right
2025-03-28 13:15:30 - INFO - Model bottom_left-tda-top_left-original-top_right completed in 16.74 seconds.
2025-03-28 13:15:30 - INFO - >>> Model bottom_left-tda-top_left-original-top_right trained. Accuracy: 0.9739 (16.74 sec.)
2025-03-28 13:15:30 - INFO - Training model: bottom_right-tda-top_left-original-top_right
2025-03-28 13:15:47 - INFO - Model bottom_right-tda-top_left-original-top_right completed in 17.08 seconds.
2025-03-28 13:15:47 - INFO - >>> Model bottom_right-tda-top_left-original-top_right trained. Accuracy: 0.9750 (17.08 sec.)
2025-03-28 13:15:47 - INFO - Training model: bottom_left-bottom_right-tda-top_left-original-top_right
2025-03-28 13:16:06 - INFO - Model bottom_left-bottom_right-tda-top_left-original-top_right completed in 19.31 seconds.
2025-03-28 13:16:06 - INFO - >>> Model bottom_left-bottom_right-tda-top_left-original-top_right trained. Accuracy: 0.9764 (19.31 sec.)
2025-03-28 13:16:06 - INFO - All models trained successfully.
2025-03-28 13:16:06 - INFO - ========== [Model Training Completed] in 6.15 minutes ==========
2025-03-28 13:16:06 - INFO - ========== [Experiment Training Complete] ==========
2025-03-28 13:16:06 - INFO - Results saved to /home/jovyan/Workspace/workspace_mnist/results/exp_noise_icecream_salt_q50/experiment_trainsize_predictions_2025-03-28_13-16-06.json
2025-03-28 13:16:06 - INFO - Results successfully saved to /home/jovyan/Workspace/workspace_mnist/results/exp_noise_icecream_salt_q50/experiment_trainsize_predictions_2025-03-28_13-16-06.json
2025-03-28 13:16:06 - INFO - Garbage collection executed.
2025-03-28 13:16:06 - INFO - ========== [Experiment Completed] in 13.03 minutes ==========
