2025-04-01 14:34:27 - INFO - Logging initialized.
 Writing to /home/jovyan/Workspace/workspace_mnist/logs/exp_noise_icecream_salt_q50/experiment_logs_2025-04-01_14-34-27.log
2025-04-01 14:34:27 - INFO - ========== [Experiment Start] ==========
2025-04-01 14:34:27 - INFO - Views combinations succesfully generated.
2025-04-01 14:34:27 - INFO - Topological Data Analysis pipeline generated.
2025-04-01 14:34:27 - INFO - Generating folder to save results.
2025-04-01 14:34:27 - INFO - Reading dataset in chunks from mnist_784.csv (chunk size: 70000)
2025-04-01 14:34:28 - INFO - Starting multiview data preparation for a chunk of size (70000, 784)...
2025-04-01 14:34:28 - INFO - Running using 22 jobs.
2025-04-01 14:34:28 - INFO - Contaminating dataset with salt using 3.
2025-04-01 14:34:32 - INFO - Splitting data: 56.7% train / 20.0% test (random_state=999719309)
2025-04-01 14:34:32 - INFO - Data split complete. Train size: (31733, 784), Test size: (14000, 784)
2025-04-01 14:34:32 - INFO - Reshaping train and test data into square images...
2025-04-01 14:34:32 - INFO - Reshaping complete. Train images: (31733, 28, 28), Test images: (14000, 28, 28)
2025-04-01 14:34:32 - INFO - Splitting images into quadrant views...
2025-04-01 14:34:32 - INFO - Quadrant view splitting complete. Train views: 4, Test views: 4
2025-04-01 14:34:32 - INFO - >> Starting TDA pipeline transformation on train data...
2025-04-01 14:39:26 - INFO - >> TDA transformation for train data completed (4.91 minutes).
2025-04-01 14:39:26 - INFO - >> Applying TDA pipeline transformation on test data...
2025-04-01 14:41:32 - INFO - >> TDA transformation for test data completed (2.10 minutes).
2025-04-01 14:41:32 - INFO - ========== [Model Training Start] ==========
2025-04-01 14:41:32 - INFO - Training model: original
2025-04-01 14:41:33 - INFO - Model original completed in 0.69 seconds.
2025-04-01 14:41:33 - INFO - >>> Model original trained. Accuracy: 0.9594 (0.69 sec.)
2025-04-01 14:41:33 - INFO - Training model: tda-original
2025-04-01 14:41:42 - INFO - Model tda-original completed in 9.65 seconds.
2025-04-01 14:41:42 - INFO - >>> Model tda-original trained. Accuracy: 0.9699 (9.65 sec.)
2025-04-01 14:41:42 - INFO - Training model: original-top_left
2025-04-01 14:41:49 - INFO - Model original-top_left completed in 6.30 seconds.
2025-04-01 14:41:49 - INFO - >>> Model original-top_left trained. Accuracy: 0.9629 (6.30 sec.)
2025-04-01 14:41:49 - INFO - Training model: original-top_right
2025-04-01 14:41:55 - INFO - Model original-top_right completed in 6.40 seconds.
2025-04-01 14:41:55 - INFO - >>> Model original-top_right trained. Accuracy: 0.9629 (6.40 sec.)
2025-04-01 14:41:55 - INFO - Training model: bottom_right-original
2025-04-01 14:42:02 - INFO - Model bottom_right-original completed in 6.35 seconds.
2025-04-01 14:42:02 - INFO - >>> Model bottom_right-original trained. Accuracy: 0.9631 (6.35 sec.)
2025-04-01 14:42:02 - INFO - Training model: original-bottom_left
2025-04-01 14:42:08 - INFO - Model original-bottom_left completed in 6.05 seconds.
2025-04-01 14:42:08 - INFO - >>> Model original-bottom_left trained. Accuracy: 0.9618 (6.05 sec.)
2025-04-01 14:42:08 - INFO - Training model: tda-original-top_left
2025-04-01 14:42:19 - INFO - Model tda-original-top_left completed in 11.88 seconds.
2025-04-01 14:42:19 - INFO - >>> Model tda-original-top_left trained. Accuracy: 0.9710 (11.88 sec.)
2025-04-01 14:42:19 - INFO - Training model: tda-original-top_right
2025-04-01 14:42:32 - INFO - Model tda-original-top_right completed in 12.21 seconds.
2025-04-01 14:42:32 - INFO - >>> Model tda-original-top_right trained. Accuracy: 0.9706 (12.21 sec.)
2025-04-01 14:42:32 - INFO - Training model: tda-original-bottom_right
2025-04-01 14:42:44 - INFO - Model tda-original-bottom_right completed in 12.24 seconds.
2025-04-01 14:42:44 - INFO - >>> Model tda-original-bottom_right trained. Accuracy: 0.9710 (12.24 sec.)
2025-04-01 14:42:44 - INFO - Training model: tda-original-bottom_left
2025-04-01 14:42:56 - INFO - Model tda-original-bottom_left completed in 12.04 seconds.
2025-04-01 14:42:56 - INFO - >>> Model tda-original-bottom_left trained. Accuracy: 0.9686 (12.04 sec.)
2025-04-01 14:42:56 - INFO - Training model: original-top_right-top_left
2025-04-01 14:43:05 - INFO - Model original-top_right-top_left completed in 8.72 seconds.
2025-04-01 14:43:05 - INFO - >>> Model original-top_right-top_left trained. Accuracy: 0.9657 (8.72 sec.)
2025-04-01 14:43:05 - INFO - Training model: bottom_right-original-top_left
2025-04-01 14:43:13 - INFO - Model bottom_right-original-top_left completed in 8.59 seconds.
2025-04-01 14:43:13 - INFO - >>> Model bottom_right-original-top_left trained. Accuracy: 0.9664 (8.59 sec.)
2025-04-01 14:43:13 - INFO - Training model: original-bottom_left-top_left
2025-04-01 14:43:22 - INFO - Model original-bottom_left-top_left completed in 8.76 seconds.
2025-04-01 14:43:22 - INFO - >>> Model original-bottom_left-top_left trained. Accuracy: 0.9647 (8.76 sec.)
2025-04-01 14:43:22 - INFO - Training model: bottom_right-original-top_right
2025-04-01 14:43:31 - INFO - Model bottom_right-original-top_right completed in 8.62 seconds.
2025-04-01 14:43:31 - INFO - >>> Model bottom_right-original-top_right trained. Accuracy: 0.9655 (8.62 sec.)
2025-04-01 14:43:31 - INFO - Training model: bottom_left-original-top_right
2025-04-01 14:43:39 - INFO - Model bottom_left-original-top_right completed in 8.81 seconds.
2025-04-01 14:43:39 - INFO - >>> Model bottom_left-original-top_right trained. Accuracy: 0.9645 (8.81 sec.)
2025-04-01 14:43:40 - INFO - Training model: bottom_right-original-bottom_left
2025-04-01 14:43:48 - INFO - Model bottom_right-original-bottom_left completed in 8.88 seconds.
2025-04-01 14:43:48 - INFO - >>> Model bottom_right-original-bottom_left trained. Accuracy: 0.9643 (8.88 sec.)
2025-04-01 14:43:48 - INFO - Training model: tda-original-top_right-top_left
2025-04-01 14:44:03 - INFO - Model tda-original-top_right-top_left completed in 14.71 seconds.
2025-04-01 14:44:03 - INFO - >>> Model tda-original-top_right-top_left trained. Accuracy: 0.9719 (14.71 sec.)
2025-04-01 14:44:03 - INFO - Training model: tda-original-bottom_right-top_left
2025-04-01 14:44:17 - INFO - Model tda-original-bottom_right-top_left completed in 14.33 seconds.
2025-04-01 14:44:17 - INFO - >>> Model tda-original-bottom_right-top_left trained. Accuracy: 0.9726 (14.33 sec.)
2025-04-01 14:44:17 - INFO - Training model: tda-original-bottom_left-top_left
2025-04-01 14:44:32 - INFO - Model tda-original-bottom_left-top_left completed in 14.54 seconds.
2025-04-01 14:44:32 - INFO - >>> Model tda-original-bottom_left-top_left trained. Accuracy: 0.9720 (14.54 sec.)
2025-04-01 14:44:32 - INFO - Training model: tda-original-top_right-bottom_right
2025-04-01 14:44:47 - INFO - Model tda-original-top_right-bottom_right completed in 14.57 seconds.
2025-04-01 14:44:47 - INFO - >>> Model tda-original-top_right-bottom_right trained. Accuracy: 0.9736 (14.57 sec.)
2025-04-01 14:44:47 - INFO - Training model: tda-bottom_left-original-top_right
2025-04-01 14:45:01 - INFO - Model tda-bottom_left-original-top_right completed in 14.49 seconds.
2025-04-01 14:45:01 - INFO - >>> Model tda-bottom_left-original-top_right trained. Accuracy: 0.9716 (14.49 sec.)
2025-04-01 14:45:01 - INFO - Training model: tda-bottom_left-original-bottom_right
2025-04-01 14:45:16 - INFO - Model tda-bottom_left-original-bottom_right completed in 14.52 seconds.
2025-04-01 14:45:16 - INFO - >>> Model tda-bottom_left-original-bottom_right trained. Accuracy: 0.9708 (14.52 sec.)
2025-04-01 14:45:16 - INFO - Training model: bottom_right-original-top_right-top_left
2025-04-01 14:45:27 - INFO - Model bottom_right-original-top_right-top_left completed in 11.24 seconds.
2025-04-01 14:45:27 - INFO - >>> Model bottom_right-original-top_right-top_left trained. Accuracy: 0.9695 (11.24 sec.)
2025-04-01 14:45:27 - INFO - Training model: bottom_left-original-top_right-top_left
2025-04-01 14:45:38 - INFO - Model bottom_left-original-top_right-top_left completed in 11.13 seconds.
2025-04-01 14:45:38 - INFO - >>> Model bottom_left-original-top_right-top_left trained. Accuracy: 0.9670 (11.13 sec.)
2025-04-01 14:45:38 - INFO - Training model: bottom_right-original-bottom_left-top_left
2025-04-01 14:45:49 - INFO - Model bottom_right-original-bottom_left-top_left completed in 11.17 seconds.
2025-04-01 14:45:49 - INFO - >>> Model bottom_right-original-bottom_left-top_left trained. Accuracy: 0.9677 (11.17 sec.)
2025-04-01 14:45:49 - INFO - Training model: bottom_right-bottom_left-original-top_right
2025-04-01 14:46:00 - INFO - Model bottom_right-bottom_left-original-top_right completed in 10.91 seconds.
2025-04-01 14:46:00 - INFO - >>> Model bottom_right-bottom_left-original-top_right trained. Accuracy: 0.9681 (10.91 sec.)
2025-04-01 14:46:00 - INFO - Training model: tda-top_left-original-top_right-bottom_right
2025-04-01 14:46:17 - INFO - Model tda-top_left-original-top_right-bottom_right completed in 17.04 seconds.
2025-04-01 14:46:17 - INFO - >>> Model tda-top_left-original-top_right-bottom_right trained. Accuracy: 0.9746 (17.04 sec.)
2025-04-01 14:46:17 - INFO - Training model: tda-top_left-original-top_right-bottom_left
2025-04-01 14:46:34 - INFO - Model tda-top_left-original-top_right-bottom_left completed in 16.68 seconds.
2025-04-01 14:46:34 - INFO - >>> Model tda-top_left-original-top_right-bottom_left trained. Accuracy: 0.9736 (16.68 sec.)
2025-04-01 14:46:34 - INFO - Training model: tda-top_left-original-bottom_right-bottom_left
2025-04-01 14:46:50 - INFO - Model tda-top_left-original-bottom_right-bottom_left completed in 16.72 seconds.
2025-04-01 14:46:50 - INFO - >>> Model tda-top_left-original-bottom_right-bottom_left trained. Accuracy: 0.9731 (16.72 sec.)
2025-04-01 14:46:50 - INFO - Training model: tda-original-top_right-bottom_right-bottom_left
2025-04-01 14:47:08 - INFO - Model tda-original-top_right-bottom_right-bottom_left completed in 17.11 seconds.
2025-04-01 14:47:08 - INFO - >>> Model tda-original-top_right-bottom_right-bottom_left trained. Accuracy: 0.9731 (17.11 sec.)
2025-04-01 14:47:08 - INFO - Training model: top_left-original-top_right-bottom_right-bottom_left
2025-04-01 14:47:21 - INFO - Model top_left-original-top_right-bottom_right-bottom_left completed in 13.51 seconds.
2025-04-01 14:47:21 - INFO - >>> Model top_left-original-top_right-bottom_right-bottom_left trained. Accuracy: 0.9715 (13.51 sec.)
2025-04-01 14:47:21 - INFO - Training model: tda-top_left-original-top_right-bottom_right-bottom_left
2025-04-01 14:47:41 - INFO - Model tda-top_left-original-top_right-bottom_right-bottom_left completed in 19.42 seconds.
2025-04-01 14:47:41 - INFO - >>> Model tda-top_left-original-top_right-bottom_right-bottom_left trained. Accuracy: 0.9755 (19.42 sec.)
2025-04-01 14:47:41 - INFO - All models trained successfully.
2025-04-01 14:47:41 - INFO - ========== [Model Training Completed] in 6.14 minutes ==========
2025-04-01 14:47:41 - INFO - ========== [Experiment Training Complete] ==========
2025-04-01 14:47:41 - INFO - Results saved to /home/jovyan/Workspace/workspace_mnist/results/exp_noise_icecream_salt_q50/experiment_trainsize_predictions_2025-04-01_14-47-41.json
2025-04-01 14:47:41 - INFO - Results successfully saved to /home/jovyan/Workspace/workspace_mnist/results/exp_noise_icecream_salt_q50/experiment_trainsize_predictions_2025-04-01_14-47-41.json
2025-04-01 14:47:41 - INFO - Garbage collection executed.
2025-04-01 14:47:41 - INFO - ========== [Experiment Completed] in 13.23 minutes ==========
