2025-04-01 10:10:20 - INFO - Logging initialized.
 Writing to /home/jovyan/Workspace/workspace_mnist/logs/exp_noise_icecream_salt_q50/experiment_logs_2025-04-01_10-10-20.log
2025-04-01 10:10:20 - INFO - ========== [Experiment Start] ==========
2025-04-01 10:10:20 - INFO - Views combinations succesfully generated.
2025-04-01 10:10:20 - INFO - Topological Data Analysis pipeline generated.
2025-04-01 10:10:20 - INFO - Generating folder to save results.
2025-04-01 10:10:20 - INFO - Reading dataset in chunks from mnist_784.csv (chunk size: 70000)
2025-04-01 10:10:21 - INFO - Starting multiview data preparation for a chunk of size (70000, 784)...
2025-04-01 10:10:21 - INFO - Running using 22 jobs.
2025-04-01 10:10:21 - INFO - Contaminating dataset with salt using 3.
2025-04-01 10:10:25 - INFO - Splitting data: 33.3% train / 20.0% test (random_state=824368717)
2025-04-01 10:10:25 - INFO - Data split complete. Train size: (18666, 784), Test size: (14000, 784)
2025-04-01 10:10:25 - INFO - Reshaping train and test data into square images...
2025-04-01 10:10:25 - INFO - Reshaping complete. Train images: (18666, 28, 28), Test images: (14000, 28, 28)
2025-04-01 10:10:25 - INFO - Splitting images into quadrant views...
2025-04-01 10:10:25 - INFO - Quadrant view splitting complete. Train views: 4, Test views: 4
2025-04-01 10:10:25 - INFO - >> Starting TDA pipeline transformation on train data...
2025-04-01 10:13:14 - INFO - >> TDA transformation for train data completed (2.82 minutes).
2025-04-01 10:13:14 - INFO - >> Applying TDA pipeline transformation on test data...
2025-04-01 10:15:24 - INFO - >> TDA transformation for test data completed (2.17 minutes).
2025-04-01 10:15:24 - INFO - ========== [Model Training Start] ==========
2025-04-01 10:15:24 - INFO - Training model: original
2025-04-01 10:15:25 - INFO - Model original completed in 0.43 seconds.
2025-04-01 10:15:25 - INFO - >>> Model original trained. Accuracy: 0.9545 (0.43 sec.)
2025-04-01 10:15:25 - INFO - Training model: tda-original
2025-04-01 10:15:31 - INFO - Model tda-original completed in 6.24 seconds.
2025-04-01 10:15:31 - INFO - >>> Model tda-original trained. Accuracy: 0.9681 (6.24 sec.)
2025-04-01 10:15:31 - INFO - Training model: original-top_left
2025-04-01 10:15:35 - INFO - Model original-top_left completed in 4.50 seconds.
2025-04-01 10:15:35 - INFO - >>> Model original-top_left trained. Accuracy: 0.9589 (4.50 sec.)
2025-04-01 10:15:35 - INFO - Training model: original-top_right
2025-04-01 10:15:40 - INFO - Model original-top_right completed in 4.59 seconds.
2025-04-01 10:15:40 - INFO - >>> Model original-top_right trained. Accuracy: 0.9586 (4.59 sec.)
2025-04-01 10:15:40 - INFO - Training model: bottom_right-original
2025-04-01 10:15:45 - INFO - Model bottom_right-original completed in 4.46 seconds.
2025-04-01 10:15:45 - INFO - >>> Model bottom_right-original trained. Accuracy: 0.9591 (4.46 sec.)
2025-04-01 10:15:45 - INFO - Training model: original-bottom_left
2025-04-01 10:15:49 - INFO - Model original-bottom_left completed in 4.52 seconds.
2025-04-01 10:15:49 - INFO - >>> Model original-bottom_left trained. Accuracy: 0.9571 (4.52 sec.)
2025-04-01 10:15:49 - INFO - Training model: tda-original-top_left
2025-04-01 10:15:57 - INFO - Model tda-original-top_left completed in 8.14 seconds.
2025-04-01 10:15:57 - INFO - >>> Model tda-original-top_left trained. Accuracy: 0.9686 (8.14 sec.)
2025-04-01 10:15:57 - INFO - Training model: tda-original-top_right
2025-04-01 10:16:05 - INFO - Model tda-original-top_right completed in 8.02 seconds.
2025-04-01 10:16:05 - INFO - >>> Model tda-original-top_right trained. Accuracy: 0.9699 (8.02 sec.)
2025-04-01 10:16:05 - INFO - Training model: tda-original-bottom_right
2025-04-01 10:16:13 - INFO - Model tda-original-bottom_right completed in 8.17 seconds.
2025-04-01 10:16:13 - INFO - >>> Model tda-original-bottom_right trained. Accuracy: 0.9705 (8.17 sec.)
2025-04-01 10:16:13 - INFO - Training model: tda-original-bottom_left
2025-04-01 10:16:21 - INFO - Model tda-original-bottom_left completed in 8.08 seconds.
2025-04-01 10:16:21 - INFO - >>> Model tda-original-bottom_left trained. Accuracy: 0.9658 (8.08 sec.)
2025-04-01 10:16:21 - INFO - Training model: original-top_right-top_left
2025-04-01 10:16:28 - INFO - Model original-top_right-top_left completed in 6.58 seconds.
2025-04-01 10:16:28 - INFO - >>> Model original-top_right-top_left trained. Accuracy: 0.9618 (6.58 sec.)
2025-04-01 10:16:28 - INFO - Training model: bottom_right-original-top_left
2025-04-01 10:16:35 - INFO - Model bottom_right-original-top_left completed in 6.48 seconds.
2025-04-01 10:16:35 - INFO - >>> Model bottom_right-original-top_left trained. Accuracy: 0.9625 (6.48 sec.)
2025-04-01 10:16:35 - INFO - Training model: original-bottom_left-top_left
2025-04-01 10:16:41 - INFO - Model original-bottom_left-top_left completed in 6.64 seconds.
2025-04-01 10:16:41 - INFO - >>> Model original-bottom_left-top_left trained. Accuracy: 0.9591 (6.64 sec.)
2025-04-01 10:16:41 - INFO - Training model: bottom_right-original-top_right
2025-04-01 10:16:48 - INFO - Model bottom_right-original-top_right completed in 6.56 seconds.
2025-04-01 10:16:48 - INFO - >>> Model bottom_right-original-top_right trained. Accuracy: 0.9624 (6.56 sec.)
2025-04-01 10:16:48 - INFO - Training model: bottom_left-original-top_right
2025-04-01 10:16:54 - INFO - Model bottom_left-original-top_right completed in 6.59 seconds.
2025-04-01 10:16:54 - INFO - >>> Model bottom_left-original-top_right trained. Accuracy: 0.9619 (6.59 sec.)
2025-04-01 10:16:54 - INFO - Training model: bottom_right-original-bottom_left
2025-04-01 10:17:01 - INFO - Model bottom_right-original-bottom_left completed in 6.45 seconds.
2025-04-01 10:17:01 - INFO - >>> Model bottom_right-original-bottom_left trained. Accuracy: 0.9602 (6.45 sec.)
2025-04-01 10:17:01 - INFO - Training model: tda-original-top_right-top_left
2025-04-01 10:17:11 - INFO - Model tda-original-top_right-top_left completed in 10.11 seconds.
2025-04-01 10:17:11 - INFO - >>> Model tda-original-top_right-top_left trained. Accuracy: 0.9712 (10.11 sec.)
2025-04-01 10:17:11 - INFO - Training model: tda-original-bottom_right-top_left
2025-04-01 10:17:21 - INFO - Model tda-original-bottom_right-top_left completed in 10.04 seconds.
2025-04-01 10:17:21 - INFO - >>> Model tda-original-bottom_right-top_left trained. Accuracy: 0.9714 (10.04 sec.)
2025-04-01 10:17:21 - INFO - Training model: tda-original-bottom_left-top_left
2025-04-01 10:17:31 - INFO - Model tda-original-bottom_left-top_left completed in 10.05 seconds.
2025-04-01 10:17:31 - INFO - >>> Model tda-original-bottom_left-top_left trained. Accuracy: 0.9693 (10.05 sec.)
2025-04-01 10:17:31 - INFO - Training model: tda-original-top_right-bottom_right
2025-04-01 10:17:41 - INFO - Model tda-original-top_right-bottom_right completed in 10.05 seconds.
2025-04-01 10:17:41 - INFO - >>> Model tda-original-top_right-bottom_right trained. Accuracy: 0.9719 (10.05 sec.)
2025-04-01 10:17:41 - INFO - Training model: tda-bottom_left-original-top_right
2025-04-01 10:17:51 - INFO - Model tda-bottom_left-original-top_right completed in 9.97 seconds.
2025-04-01 10:17:51 - INFO - >>> Model tda-bottom_left-original-top_right trained. Accuracy: 0.9705 (9.97 sec.)
2025-04-01 10:17:51 - INFO - Training model: tda-bottom_left-original-bottom_right
2025-04-01 10:18:01 - INFO - Model tda-bottom_left-original-bottom_right completed in 10.07 seconds.
2025-04-01 10:18:01 - INFO - >>> Model tda-bottom_left-original-bottom_right trained. Accuracy: 0.9703 (10.07 sec.)
2025-04-01 10:18:01 - INFO - Training model: bottom_right-original-top_right-top_left
2025-04-01 10:18:10 - INFO - Model bottom_right-original-top_right-top_left completed in 8.42 seconds.
2025-04-01 10:18:10 - INFO - >>> Model bottom_right-original-top_right-top_left trained. Accuracy: 0.9653 (8.42 sec.)
2025-04-01 10:18:10 - INFO - Training model: bottom_left-original-top_right-top_left
2025-04-01 10:18:18 - INFO - Model bottom_left-original-top_right-top_left completed in 8.56 seconds.
2025-04-01 10:18:18 - INFO - >>> Model bottom_left-original-top_right-top_left trained. Accuracy: 0.9634 (8.56 sec.)
2025-04-01 10:18:18 - INFO - Training model: bottom_right-original-bottom_left-top_left
2025-04-01 10:18:27 - INFO - Model bottom_right-original-bottom_left-top_left completed in 8.53 seconds.
2025-04-01 10:18:27 - INFO - >>> Model bottom_right-original-bottom_left-top_left trained. Accuracy: 0.9624 (8.53 sec.)
2025-04-01 10:18:27 - INFO - Training model: bottom_right-bottom_left-original-top_right
2025-04-01 10:18:35 - INFO - Model bottom_right-bottom_left-original-top_right completed in 8.20 seconds.
2025-04-01 10:18:35 - INFO - >>> Model bottom_right-bottom_left-original-top_right trained. Accuracy: 0.9643 (8.20 sec.)
2025-04-01 10:18:35 - INFO - Training model: tda-top_left-original-top_right-bottom_right
2025-04-01 10:18:47 - INFO - Model tda-top_left-original-top_right-bottom_right completed in 12.10 seconds.
2025-04-01 10:18:47 - INFO - >>> Model tda-top_left-original-top_right-bottom_right trained. Accuracy: 0.9734 (12.10 sec.)
2025-04-01 10:18:47 - INFO - Training model: tda-top_left-original-top_right-bottom_left
2025-04-01 10:18:59 - INFO - Model tda-top_left-original-top_right-bottom_left completed in 11.64 seconds.
2025-04-01 10:18:59 - INFO - >>> Model tda-top_left-original-top_right-bottom_left trained. Accuracy: 0.9721 (11.64 sec.)
2025-04-01 10:18:59 - INFO - Training model: tda-top_left-original-bottom_right-bottom_left
2025-04-01 10:19:11 - INFO - Model tda-top_left-original-bottom_right-bottom_left completed in 11.97 seconds.
2025-04-01 10:19:11 - INFO - >>> Model tda-top_left-original-bottom_right-bottom_left trained. Accuracy: 0.9721 (11.97 sec.)
2025-04-01 10:19:11 - INFO - Training model: tda-original-top_right-bottom_right-bottom_left
2025-04-01 10:19:23 - INFO - Model tda-original-top_right-bottom_right-bottom_left completed in 11.97 seconds.
2025-04-01 10:19:23 - INFO - >>> Model tda-original-top_right-bottom_right-bottom_left trained. Accuracy: 0.9730 (11.97 sec.)
2025-04-01 10:19:23 - INFO - Training model: top_left-original-top_right-bottom_right-bottom_left
2025-04-01 10:19:33 - INFO - Model top_left-original-top_right-bottom_right-bottom_left completed in 10.22 seconds.
2025-04-01 10:19:33 - INFO - >>> Model top_left-original-top_right-bottom_right-bottom_left trained. Accuracy: 0.9656 (10.22 sec.)
2025-04-01 10:19:33 - INFO - Training model: tda-top_left-original-top_right-bottom_right-bottom_left
2025-04-01 10:19:46 - INFO - Model tda-top_left-original-top_right-bottom_right-bottom_left completed in 13.34 seconds.
2025-04-01 10:19:46 - INFO - >>> Model tda-top_left-original-top_right-bottom_right-bottom_left trained. Accuracy: 0.9741 (13.34 sec.)
2025-04-01 10:19:46 - INFO - All models trained successfully.
2025-04-01 10:19:46 - INFO - ========== [Model Training Completed] in 4.36 minutes ==========
2025-04-01 10:19:46 - INFO - ========== [Experiment Training Complete] ==========
2025-04-01 10:19:46 - INFO - Results saved to /home/jovyan/Workspace/workspace_mnist/results/exp_noise_icecream_salt_q50/experiment_trainsize_predictions_2025-04-01_10-19-46.json
2025-04-01 10:19:46 - INFO - Results successfully saved to /home/jovyan/Workspace/workspace_mnist/results/exp_noise_icecream_salt_q50/experiment_trainsize_predictions_2025-04-01_10-19-46.json
2025-04-01 10:19:46 - INFO - Garbage collection executed.
2025-04-01 10:19:46 - INFO - ========== [Experiment Completed] in 9.44 minutes ==========
