2025-04-01 12:26:42 - INFO - Logging initialized.
 Writing to /home/jovyan/Workspace/workspace_mnist/logs/exp_noise_icecream_salt_q50/experiment_logs_2025-04-01_12-26-42.log
2025-04-01 12:26:42 - INFO - ========== [Experiment Start] ==========
2025-04-01 12:26:42 - INFO - Views combinations succesfully generated.
2025-04-01 12:26:42 - INFO - Topological Data Analysis pipeline generated.
2025-04-01 12:26:42 - INFO - Generating folder to save results.
2025-04-01 12:26:42 - INFO - Reading dataset in chunks from mnist_784.csv (chunk size: 70000)
2025-04-01 12:26:43 - INFO - Starting multiview data preparation for a chunk of size (70000, 784)...
2025-04-01 12:26:43 - INFO - Running using 22 jobs.
2025-04-01 12:26:43 - INFO - Contaminating dataset with salt using 3.
2025-04-01 12:26:47 - INFO - Splitting data: 48.9% train / 20.0% test (random_state=582848128)
2025-04-01 12:26:47 - INFO - Data split complete. Train size: (27377, 784), Test size: (14000, 784)
2025-04-01 12:26:47 - INFO - Reshaping train and test data into square images...
2025-04-01 12:26:47 - INFO - Reshaping complete. Train images: (27377, 28, 28), Test images: (14000, 28, 28)
2025-04-01 12:26:47 - INFO - Splitting images into quadrant views...
2025-04-01 12:26:47 - INFO - Quadrant view splitting complete. Train views: 4, Test views: 4
2025-04-01 12:26:47 - INFO - >> Starting TDA pipeline transformation on train data...
2025-04-01 12:30:59 - INFO - >> TDA transformation for train data completed (4.20 minutes).
2025-04-01 12:30:59 - INFO - >> Applying TDA pipeline transformation on test data...
2025-04-01 12:33:04 - INFO - >> TDA transformation for test data completed (2.09 minutes).
2025-04-01 12:33:04 - INFO - ========== [Model Training Start] ==========
2025-04-01 12:33:04 - INFO - Training model: original
2025-04-01 12:33:05 - INFO - Model original completed in 0.65 seconds.
2025-04-01 12:33:05 - INFO - >>> Model original trained. Accuracy: 0.9587 (0.65 sec.)
2025-04-01 12:33:05 - INFO - Training model: tda-original
2025-04-01 12:33:13 - INFO - Model tda-original completed in 8.14 seconds.
2025-04-01 12:33:13 - INFO - >>> Model tda-original trained. Accuracy: 0.9699 (8.14 sec.)
2025-04-01 12:33:13 - INFO - Training model: original-top_left
2025-04-01 12:33:19 - INFO - Model original-top_left completed in 5.66 seconds.
2025-04-01 12:33:19 - INFO - >>> Model original-top_left trained. Accuracy: 0.9633 (5.66 sec.)
2025-04-01 12:33:19 - INFO - Training model: original-top_right
2025-04-01 12:33:24 - INFO - Model original-top_right completed in 5.63 seconds.
2025-04-01 12:33:24 - INFO - >>> Model original-top_right trained. Accuracy: 0.9631 (5.63 sec.)
2025-04-01 12:33:24 - INFO - Training model: bottom_right-original
2025-04-01 12:33:30 - INFO - Model bottom_right-original completed in 5.60 seconds.
2025-04-01 12:33:30 - INFO - >>> Model bottom_right-original trained. Accuracy: 0.9626 (5.60 sec.)
2025-04-01 12:33:30 - INFO - Training model: original-bottom_left
2025-04-01 12:33:36 - INFO - Model original-bottom_left completed in 5.67 seconds.
2025-04-01 12:33:36 - INFO - >>> Model original-bottom_left trained. Accuracy: 0.9622 (5.67 sec.)
2025-04-01 12:33:36 - INFO - Training model: tda-original-top_left
2025-04-01 12:33:47 - INFO - Model tda-original-top_left completed in 10.77 seconds.
2025-04-01 12:33:47 - INFO - >>> Model tda-original-top_left trained. Accuracy: 0.9716 (10.77 sec.)
2025-04-01 12:33:47 - INFO - Training model: tda-original-top_right
2025-04-01 12:33:57 - INFO - Model tda-original-top_right completed in 10.67 seconds.
2025-04-01 12:33:57 - INFO - >>> Model tda-original-top_right trained. Accuracy: 0.9719 (10.67 sec.)
2025-04-01 12:33:57 - INFO - Training model: tda-original-bottom_right
2025-04-01 12:34:08 - INFO - Model tda-original-bottom_right completed in 10.64 seconds.
2025-04-01 12:34:08 - INFO - >>> Model tda-original-bottom_right trained. Accuracy: 0.9715 (10.64 sec.)
2025-04-01 12:34:08 - INFO - Training model: tda-original-bottom_left
2025-04-01 12:34:19 - INFO - Model tda-original-bottom_left completed in 10.77 seconds.
2025-04-01 12:34:19 - INFO - >>> Model tda-original-bottom_left trained. Accuracy: 0.9692 (10.77 sec.)
2025-04-01 12:34:19 - INFO - Training model: original-top_right-top_left
2025-04-01 12:34:27 - INFO - Model original-top_right-top_left completed in 7.89 seconds.
2025-04-01 12:34:27 - INFO - >>> Model original-top_right-top_left trained. Accuracy: 0.9667 (7.89 sec.)
2025-04-01 12:34:27 - INFO - Training model: bottom_right-original-top_left
2025-04-01 12:34:34 - INFO - Model bottom_right-original-top_left completed in 7.86 seconds.
2025-04-01 12:34:34 - INFO - >>> Model bottom_right-original-top_left trained. Accuracy: 0.9657 (7.86 sec.)
2025-04-01 12:34:34 - INFO - Training model: original-bottom_left-top_left
2025-04-01 12:34:42 - INFO - Model original-bottom_left-top_left completed in 7.76 seconds.
2025-04-01 12:34:42 - INFO - >>> Model original-bottom_left-top_left trained. Accuracy: 0.9639 (7.76 sec.)
2025-04-01 12:34:42 - INFO - Training model: bottom_right-original-top_right
2025-04-01 12:34:50 - INFO - Model bottom_right-original-top_right completed in 8.14 seconds.
2025-04-01 12:34:50 - INFO - >>> Model bottom_right-original-top_right trained. Accuracy: 0.9649 (8.14 sec.)
2025-04-01 12:34:50 - INFO - Training model: bottom_left-original-top_right
2025-04-01 12:34:58 - INFO - Model bottom_left-original-top_right completed in 7.81 seconds.
2025-04-01 12:34:58 - INFO - >>> Model bottom_left-original-top_right trained. Accuracy: 0.9649 (7.81 sec.)
2025-04-01 12:34:58 - INFO - Training model: bottom_right-original-bottom_left
2025-04-01 12:35:06 - INFO - Model bottom_right-original-bottom_left completed in 7.82 seconds.
2025-04-01 12:35:06 - INFO - >>> Model bottom_right-original-bottom_left trained. Accuracy: 0.9646 (7.82 sec.)
2025-04-01 12:35:06 - INFO - Training model: tda-original-top_right-top_left
2025-04-01 12:35:19 - INFO - Model tda-original-top_right-top_left completed in 12.82 seconds.
2025-04-01 12:35:19 - INFO - >>> Model tda-original-top_right-top_left trained. Accuracy: 0.9721 (12.82 sec.)
2025-04-01 12:35:19 - INFO - Training model: tda-original-bottom_right-top_left
2025-04-01 12:35:32 - INFO - Model tda-original-bottom_right-top_left completed in 12.74 seconds.
2025-04-01 12:35:32 - INFO - >>> Model tda-original-bottom_right-top_left trained. Accuracy: 0.9724 (12.74 sec.)
2025-04-01 12:35:32 - INFO - Training model: tda-original-bottom_left-top_left
2025-04-01 12:35:44 - INFO - Model tda-original-bottom_left-top_left completed in 12.67 seconds.
2025-04-01 12:35:44 - INFO - >>> Model tda-original-bottom_left-top_left trained. Accuracy: 0.9718 (12.67 sec.)
2025-04-01 12:35:44 - INFO - Training model: tda-original-top_right-bottom_right
2025-04-01 12:35:57 - INFO - Model tda-original-top_right-bottom_right completed in 13.00 seconds.
2025-04-01 12:35:57 - INFO - >>> Model tda-original-top_right-bottom_right trained. Accuracy: 0.9732 (13.00 sec.)
2025-04-01 12:35:57 - INFO - Training model: tda-bottom_left-original-top_right
2025-04-01 12:36:10 - INFO - Model tda-bottom_left-original-top_right completed in 12.98 seconds.
2025-04-01 12:36:10 - INFO - >>> Model tda-bottom_left-original-top_right trained. Accuracy: 0.9718 (12.98 sec.)
2025-04-01 12:36:10 - INFO - Training model: tda-bottom_left-original-bottom_right
2025-04-01 12:36:23 - INFO - Model tda-bottom_left-original-bottom_right completed in 13.05 seconds.
2025-04-01 12:36:23 - INFO - >>> Model tda-bottom_left-original-bottom_right trained. Accuracy: 0.9706 (13.05 sec.)
2025-04-01 12:36:23 - INFO - Training model: bottom_right-original-top_right-top_left
2025-04-01 12:36:33 - INFO - Model bottom_right-original-top_right-top_left completed in 9.83 seconds.
2025-04-01 12:36:33 - INFO - >>> Model bottom_right-original-top_right-top_left trained. Accuracy: 0.9685 (9.83 sec.)
2025-04-01 12:36:33 - INFO - Training model: bottom_left-original-top_right-top_left
2025-04-01 12:36:43 - INFO - Model bottom_left-original-top_right-top_left completed in 10.02 seconds.
2025-04-01 12:36:43 - INFO - >>> Model bottom_left-original-top_right-top_left trained. Accuracy: 0.9676 (10.02 sec.)
2025-04-01 12:36:43 - INFO - Training model: bottom_right-original-bottom_left-top_left
2025-04-01 12:36:53 - INFO - Model bottom_right-original-bottom_left-top_left completed in 9.99 seconds.
2025-04-01 12:36:53 - INFO - >>> Model bottom_right-original-bottom_left-top_left trained. Accuracy: 0.9675 (9.99 sec.)
2025-04-01 12:36:53 - INFO - Training model: bottom_right-bottom_left-original-top_right
2025-04-01 12:37:03 - INFO - Model bottom_right-bottom_left-original-top_right completed in 10.10 seconds.
2025-04-01 12:37:03 - INFO - >>> Model bottom_right-bottom_left-original-top_right trained. Accuracy: 0.9669 (10.10 sec.)
2025-04-01 12:37:03 - INFO - Training model: tda-top_left-original-top_right-bottom_right
2025-04-01 12:37:18 - INFO - Model tda-top_left-original-top_right-bottom_right completed in 14.77 seconds.
2025-04-01 12:37:18 - INFO - >>> Model tda-top_left-original-top_right-bottom_right trained. Accuracy: 0.9751 (14.77 sec.)
2025-04-01 12:37:18 - INFO - Training model: tda-top_left-original-top_right-bottom_left
2025-04-01 12:37:33 - INFO - Model tda-top_left-original-top_right-bottom_left completed in 14.98 seconds.
2025-04-01 12:37:33 - INFO - >>> Model tda-top_left-original-top_right-bottom_left trained. Accuracy: 0.9731 (14.98 sec.)
2025-04-01 12:37:33 - INFO - Training model: tda-top_left-original-bottom_right-bottom_left
2025-04-01 12:37:48 - INFO - Model tda-top_left-original-bottom_right-bottom_left completed in 14.69 seconds.
2025-04-01 12:37:48 - INFO - >>> Model tda-top_left-original-bottom_right-bottom_left trained. Accuracy: 0.9731 (14.69 sec.)
2025-04-01 12:37:48 - INFO - Training model: tda-original-top_right-bottom_right-bottom_left
2025-04-01 12:38:03 - INFO - Model tda-original-top_right-bottom_right-bottom_left completed in 14.97 seconds.
2025-04-01 12:38:03 - INFO - >>> Model tda-original-top_right-bottom_right-bottom_left trained. Accuracy: 0.9735 (14.97 sec.)
2025-04-01 12:38:03 - INFO - Training model: top_left-original-top_right-bottom_right-bottom_left
2025-04-01 12:38:15 - INFO - Model top_left-original-top_right-bottom_right-bottom_left completed in 12.61 seconds.
2025-04-01 12:38:15 - INFO - >>> Model top_left-original-top_right-bottom_right-bottom_left trained. Accuracy: 0.9699 (12.61 sec.)
2025-04-01 12:38:15 - INFO - Training model: tda-top_left-original-top_right-bottom_right-bottom_left
2025-04-01 12:38:32 - INFO - Model tda-top_left-original-top_right-bottom_right-bottom_left completed in 17.19 seconds.
2025-04-01 12:38:32 - INFO - >>> Model tda-top_left-original-top_right-bottom_right-bottom_left trained. Accuracy: 0.9752 (17.19 sec.)
2025-04-01 12:38:32 - INFO - All models trained successfully.
2025-04-01 12:38:32 - INFO - ========== [Model Training Completed] in 5.47 minutes ==========
2025-04-01 12:38:32 - INFO - ========== [Experiment Training Complete] ==========
2025-04-01 12:38:33 - INFO - Results saved to /home/jovyan/Workspace/workspace_mnist/results/exp_noise_icecream_salt_q50/experiment_trainsize_predictions_2025-04-01_12-38-32.json
2025-04-01 12:38:33 - INFO - Results successfully saved to /home/jovyan/Workspace/workspace_mnist/results/exp_noise_icecream_salt_q50/experiment_trainsize_predictions_2025-04-01_12-38-32.json
2025-04-01 12:38:33 - INFO - Garbage collection executed.
2025-04-01 12:38:33 - INFO - ========== [Experiment Completed] in 11.85 minutes ==========
