2025-03-31 21:06:08 - INFO - Logging initialized.
 Writing to /home/jovyan/Workspace/workspace_mnist/logs/exp_noise_icecream_salt_q50/experiment_logs_2025-03-31_21-06-08.log
2025-03-31 21:06:08 - INFO - ========== [Experiment Start] ==========
2025-03-31 21:06:08 - INFO - Views combinations succesfully generated.
2025-03-31 21:06:08 - INFO - Topological Data Analysis pipeline generated.
2025-03-31 21:06:08 - INFO - Generating folder to save results.
2025-03-31 21:06:08 - INFO - Reading dataset in chunks from mnist_784.csv (chunk size: 70000)
2025-03-31 21:06:08 - INFO - Starting multiview data preparation for a chunk of size (70000, 784)...
2025-03-31 21:06:08 - INFO - Running using 22 jobs.
2025-03-31 21:06:08 - INFO - Contaminating dataset with salt using 3.
2025-03-31 21:06:12 - INFO - Splitting data: 56.7% train / 20.0% test (random_state=910968928)
2025-03-31 21:06:12 - INFO - Data split complete. Train size: (31733, 784), Test size: (14000, 784)
2025-03-31 21:06:12 - INFO - Reshaping train and test data into square images...
2025-03-31 21:06:12 - INFO - Reshaping complete. Train images: (31733, 28, 28), Test images: (14000, 28, 28)
2025-03-31 21:06:12 - INFO - Splitting images into quadrant views...
2025-03-31 21:06:12 - INFO - Quadrant view splitting complete. Train views: 4, Test views: 4
2025-03-31 21:06:12 - INFO - >> Starting TDA pipeline transformation on train data...
2025-03-31 21:11:14 - INFO - >> TDA transformation for train data completed (5.04 minutes).
2025-03-31 21:11:14 - INFO - >> Applying TDA pipeline transformation on test data...
2025-03-31 21:13:26 - INFO - >> TDA transformation for test data completed (2.19 minutes).
2025-03-31 21:13:26 - INFO - ========== [Model Training Start] ==========
2025-03-31 21:13:26 - INFO - Training model: original
2025-03-31 21:13:26 - INFO - Model original completed in 0.69 seconds.
2025-03-31 21:13:26 - INFO - >>> Model original trained. Accuracy: 0.9609 (0.69 sec.)
2025-03-31 21:13:26 - INFO - Training model: tda-original
2025-03-31 21:13:36 - INFO - Model tda-original completed in 9.78 seconds.
2025-03-31 21:13:36 - INFO - >>> Model tda-original trained. Accuracy: 0.9719 (9.78 sec.)
2025-03-31 21:13:36 - INFO - Training model: original-top_left
2025-03-31 21:13:42 - INFO - Model original-top_left completed in 6.23 seconds.
2025-03-31 21:13:42 - INFO - >>> Model original-top_left trained. Accuracy: 0.9654 (6.23 sec.)
2025-03-31 21:13:42 - INFO - Training model: original-top_right
2025-03-31 21:13:49 - INFO - Model original-top_right completed in 6.32 seconds.
2025-03-31 21:13:49 - INFO - >>> Model original-top_right trained. Accuracy: 0.9641 (6.32 sec.)
2025-03-31 21:13:49 - INFO - Training model: bottom_right-original
2025-03-31 21:13:55 - INFO - Model bottom_right-original completed in 6.40 seconds.
2025-03-31 21:13:55 - INFO - >>> Model bottom_right-original trained. Accuracy: 0.9656 (6.40 sec.)
2025-03-31 21:13:55 - INFO - Training model: original-bottom_left
2025-03-31 21:14:01 - INFO - Model original-bottom_left completed in 6.19 seconds.
2025-03-31 21:14:01 - INFO - >>> Model original-bottom_left trained. Accuracy: 0.9648 (6.19 sec.)
2025-03-31 21:14:01 - INFO - Training model: tda-original-top_left
2025-03-31 21:14:13 - INFO - Model tda-original-top_left completed in 12.06 seconds.
2025-03-31 21:14:13 - INFO - >>> Model tda-original-top_left trained. Accuracy: 0.9716 (12.06 sec.)
2025-03-31 21:14:13 - INFO - Training model: tda-original-top_right
2025-03-31 21:14:26 - INFO - Model tda-original-top_right completed in 12.35 seconds.
2025-03-31 21:14:26 - INFO - >>> Model tda-original-top_right trained. Accuracy: 0.9735 (12.35 sec.)
2025-03-31 21:14:26 - INFO - Training model: tda-original-bottom_right
2025-03-31 21:14:38 - INFO - Model tda-original-bottom_right completed in 12.36 seconds.
2025-03-31 21:14:38 - INFO - >>> Model tda-original-bottom_right trained. Accuracy: 0.9728 (12.36 sec.)
2025-03-31 21:14:38 - INFO - Training model: tda-original-bottom_left
2025-03-31 21:14:50 - INFO - Model tda-original-bottom_left completed in 12.32 seconds.
2025-03-31 21:14:50 - INFO - >>> Model tda-original-bottom_left trained. Accuracy: 0.9706 (12.32 sec.)
2025-03-31 21:14:50 - INFO - Training model: original-top_right-top_left
2025-03-31 21:14:59 - INFO - Model original-top_right-top_left completed in 8.58 seconds.
2025-03-31 21:14:59 - INFO - >>> Model original-top_right-top_left trained. Accuracy: 0.9675 (8.58 sec.)
2025-03-31 21:14:59 - INFO - Training model: bottom_right-original-top_left
2025-03-31 21:15:08 - INFO - Model bottom_right-original-top_left completed in 8.82 seconds.
2025-03-31 21:15:08 - INFO - >>> Model bottom_right-original-top_left trained. Accuracy: 0.9676 (8.82 sec.)
2025-03-31 21:15:08 - INFO - Training model: original-bottom_left-top_left
2025-03-31 21:15:17 - INFO - Model original-bottom_left-top_left completed in 9.03 seconds.
2025-03-31 21:15:17 - INFO - >>> Model original-bottom_left-top_left trained. Accuracy: 0.9683 (9.03 sec.)
2025-03-31 21:15:17 - INFO - Training model: bottom_right-original-top_right
2025-03-31 21:15:26 - INFO - Model bottom_right-original-top_right completed in 8.96 seconds.
2025-03-31 21:15:26 - INFO - >>> Model bottom_right-original-top_right trained. Accuracy: 0.9671 (8.96 sec.)
2025-03-31 21:15:26 - INFO - Training model: bottom_left-original-top_right
2025-03-31 21:15:35 - INFO - Model bottom_left-original-top_right completed in 8.90 seconds.
2025-03-31 21:15:35 - INFO - >>> Model bottom_left-original-top_right trained. Accuracy: 0.9668 (8.90 sec.)
2025-03-31 21:15:35 - INFO - Training model: bottom_right-original-bottom_left
2025-03-31 21:15:44 - INFO - Model bottom_right-original-bottom_left completed in 8.91 seconds.
2025-03-31 21:15:44 - INFO - >>> Model bottom_right-original-bottom_left trained. Accuracy: 0.9669 (8.91 sec.)
2025-03-31 21:15:44 - INFO - Training model: tda-original-top_right-top_left
2025-03-31 21:15:58 - INFO - Model tda-original-top_right-top_left completed in 14.22 seconds.
2025-03-31 21:15:58 - INFO - >>> Model tda-original-top_right-top_left trained. Accuracy: 0.9729 (14.22 sec.)
2025-03-31 21:15:58 - INFO - Training model: tda-original-bottom_right-top_left
2025-03-31 21:16:13 - INFO - Model tda-original-bottom_right-top_left completed in 14.80 seconds.
2025-03-31 21:16:13 - INFO - >>> Model tda-original-bottom_right-top_left trained. Accuracy: 0.9746 (14.80 sec.)
2025-03-31 21:16:13 - INFO - Training model: tda-original-bottom_left-top_left
2025-03-31 21:16:27 - INFO - Model tda-original-bottom_left-top_left completed in 14.62 seconds.
2025-03-31 21:16:27 - INFO - >>> Model tda-original-bottom_left-top_left trained. Accuracy: 0.9735 (14.62 sec.)
2025-03-31 21:16:27 - INFO - Training model: tda-original-top_right-bottom_right
2025-03-31 21:16:42 - INFO - Model tda-original-top_right-bottom_right completed in 14.79 seconds.
2025-03-31 21:16:42 - INFO - >>> Model tda-original-top_right-bottom_right trained. Accuracy: 0.9746 (14.79 sec.)
2025-03-31 21:16:42 - INFO - Training model: tda-bottom_left-original-top_right
2025-03-31 21:16:57 - INFO - Model tda-bottom_left-original-top_right completed in 14.68 seconds.
2025-03-31 21:16:57 - INFO - >>> Model tda-bottom_left-original-top_right trained. Accuracy: 0.9737 (14.68 sec.)
2025-03-31 21:16:57 - INFO - Training model: tda-bottom_left-original-bottom_right
2025-03-31 21:17:11 - INFO - Model tda-bottom_left-original-bottom_right completed in 14.20 seconds.
2025-03-31 21:17:11 - INFO - >>> Model tda-bottom_left-original-bottom_right trained. Accuracy: 0.9727 (14.20 sec.)
2025-03-31 21:17:11 - INFO - Training model: bottom_right-original-top_right-top_left
2025-03-31 21:17:22 - INFO - Model bottom_right-original-top_right-top_left completed in 11.38 seconds.
2025-03-31 21:17:22 - INFO - >>> Model bottom_right-original-top_right-top_left trained. Accuracy: 0.9701 (11.38 sec.)
2025-03-31 21:17:22 - INFO - Training model: bottom_left-original-top_right-top_left
2025-03-31 21:17:33 - INFO - Model bottom_left-original-top_right-top_left completed in 11.03 seconds.
2025-03-31 21:17:33 - INFO - >>> Model bottom_left-original-top_right-top_left trained. Accuracy: 0.9706 (11.03 sec.)
2025-03-31 21:17:33 - INFO - Training model: bottom_right-original-bottom_left-top_left
2025-03-31 21:17:45 - INFO - Model bottom_right-original-bottom_left-top_left completed in 11.24 seconds.
2025-03-31 21:17:45 - INFO - >>> Model bottom_right-original-bottom_left-top_left trained. Accuracy: 0.9703 (11.24 sec.)
2025-03-31 21:17:45 - INFO - Training model: bottom_right-bottom_left-original-top_right
2025-03-31 21:17:56 - INFO - Model bottom_right-bottom_left-original-top_right completed in 11.07 seconds.
2025-03-31 21:17:56 - INFO - >>> Model bottom_right-bottom_left-original-top_right trained. Accuracy: 0.9688 (11.07 sec.)
2025-03-31 21:17:56 - INFO - Training model: tda-top_left-original-top_right-bottom_right
2025-03-31 21:18:13 - INFO - Model tda-top_left-original-top_right-bottom_right completed in 17.17 seconds.
2025-03-31 21:18:13 - INFO - >>> Model tda-top_left-original-top_right-bottom_right trained. Accuracy: 0.9756 (17.17 sec.)
2025-03-31 21:18:13 - INFO - Training model: tda-top_left-original-top_right-bottom_left
2025-03-31 21:18:30 - INFO - Model tda-top_left-original-top_right-bottom_left completed in 17.01 seconds.
2025-03-31 21:18:30 - INFO - >>> Model tda-top_left-original-top_right-bottom_left trained. Accuracy: 0.9756 (17.01 sec.)
2025-03-31 21:18:30 - INFO - Training model: tda-top_left-original-bottom_right-bottom_left
2025-03-31 21:18:47 - INFO - Model tda-top_left-original-bottom_right-bottom_left completed in 16.88 seconds.
2025-03-31 21:18:47 - INFO - >>> Model tda-top_left-original-bottom_right-bottom_left trained. Accuracy: 0.9752 (16.88 sec.)
2025-03-31 21:18:47 - INFO - Training model: tda-original-top_right-bottom_right-bottom_left
2025-03-31 21:19:04 - INFO - Model tda-original-top_right-bottom_right-bottom_left completed in 17.43 seconds.
2025-03-31 21:19:04 - INFO - >>> Model tda-original-top_right-bottom_right-bottom_left trained. Accuracy: 0.9754 (17.43 sec.)
2025-03-31 21:19:04 - INFO - Training model: top_left-original-top_right-bottom_right-bottom_left
2025-03-31 21:19:18 - INFO - Model top_left-original-top_right-bottom_right-bottom_left completed in 13.70 seconds.
2025-03-31 21:19:18 - INFO - >>> Model top_left-original-top_right-bottom_right-bottom_left trained. Accuracy: 0.9726 (13.70 sec.)
2025-03-31 21:19:18 - INFO - Training model: tda-top_left-original-top_right-bottom_right-bottom_left
2025-03-31 21:19:38 - INFO - Model tda-top_left-original-top_right-bottom_right-bottom_left completed in 19.65 seconds.
2025-03-31 21:19:38 - INFO - >>> Model tda-top_left-original-top_right-bottom_right-bottom_left trained. Accuracy: 0.9769 (19.65 sec.)
2025-03-31 21:19:38 - INFO - All models trained successfully.
2025-03-31 21:19:38 - INFO - ========== [Model Training Completed] in 6.20 minutes ==========
2025-03-31 21:19:38 - INFO - ========== [Experiment Training Complete] ==========
2025-03-31 21:19:38 - INFO - Results saved to /home/jovyan/Workspace/workspace_mnist/results/exp_noise_icecream_salt_q50/experiment_trainsize_predictions_2025-03-31_21-19-38.json
2025-03-31 21:19:38 - INFO - Results successfully saved to /home/jovyan/Workspace/workspace_mnist/results/exp_noise_icecream_salt_q50/experiment_trainsize_predictions_2025-03-31_21-19-38.json
2025-03-31 21:19:38 - INFO - Garbage collection executed.
2025-03-31 21:19:38 - INFO - ========== [Experiment Completed] in 13.50 minutes ==========
