2025-03-28 09:56:10 - INFO - Logging initialized.
 Writing to /home/jovyan/Workspace/workspace_mnist/logs/exp_noise_icecream_salt_q50/experiment_logs_2025-03-28_09-56-10.log
2025-03-28 09:56:10 - INFO - ========== [Experiment Start] ==========
2025-03-28 09:56:10 - INFO - Views combinations succesfully generated.
2025-03-28 09:56:10 - INFO - Topological Data Analysis pipeline generated.
2025-03-28 09:56:10 - INFO - Generating folder to save results.
2025-03-28 09:56:10 - INFO - Reading dataset in chunks from mnist_784.csv (chunk size: 70000)
2025-03-28 09:56:11 - INFO - Starting multiview data preparation for a chunk of size (70000, 784)...
2025-03-28 09:56:11 - INFO - Running using 22 jobs.
2025-03-28 09:56:11 - INFO - Contaminating dataset with salt using 3.
2025-03-28 09:56:15 - INFO - Splitting data: 80.0% train / 20.0% test (random_state=601133337)
2025-03-28 09:56:15 - INFO - Data split complete. Train size: (44800, 784), Test size: (14000, 784)
2025-03-28 09:56:15 - INFO - Reshaping train and test data into square images...
2025-03-28 09:56:15 - INFO - Reshaping complete. Train images: (44800, 28, 28), Test images: (14000, 28, 28)
2025-03-28 09:56:15 - INFO - Splitting images into quadrant views...
2025-03-28 09:56:15 - INFO - Quadrant view splitting complete. Train views: 4, Test views: 4
2025-03-28 09:56:15 - INFO - >> Starting TDA pipeline transformation on train data...
2025-03-28 10:02:57 - INFO - >> TDA transformation for train data completed (6.69 minutes).
2025-03-28 10:02:57 - INFO - >> Applying TDA pipeline transformation on test data...
2025-03-28 10:05:00 - INFO - >> TDA transformation for test data completed (2.06 minutes).
2025-03-28 10:05:00 - INFO - ========== [Model Training Start] ==========
2025-03-28 10:05:00 - INFO - Training model: original
2025-03-28 10:05:01 - INFO - Model original completed in 1.01 seconds.
2025-03-28 10:05:01 - INFO - >>> Model original trained. Accuracy: 0.9658 (1.01 sec.)
2025-03-28 10:05:01 - INFO - Training model: original-bottom_left
2025-03-28 10:05:10 - INFO - Model original-bottom_left completed in 8.68 seconds.
2025-03-28 10:05:10 - INFO - >>> Model original-bottom_left trained. Accuracy: 0.9686 (8.68 sec.)
2025-03-28 10:05:10 - INFO - Training model: original-bottom_right
2025-03-28 10:05:19 - INFO - Model original-bottom_right completed in 8.89 seconds.
2025-03-28 10:05:19 - INFO - >>> Model original-bottom_right trained. Accuracy: 0.9706 (8.89 sec.)
2025-03-28 10:05:19 - INFO - Training model: original-tda
2025-03-28 10:05:33 - INFO - Model original-tda completed in 13.99 seconds.
2025-03-28 10:05:33 - INFO - >>> Model original-tda trained. Accuracy: 0.9751 (13.99 sec.)
2025-03-28 10:05:33 - INFO - Training model: top_left-original
2025-03-28 10:05:42 - INFO - Model top_left-original completed in 8.64 seconds.
2025-03-28 10:05:42 - INFO - >>> Model top_left-original trained. Accuracy: 0.9704 (8.64 sec.)
2025-03-28 10:05:42 - INFO - Training model: original-top_right
2025-03-28 10:05:50 - INFO - Model original-top_right completed in 8.80 seconds.
2025-03-28 10:05:50 - INFO - >>> Model original-top_right trained. Accuracy: 0.9684 (8.80 sec.)
2025-03-28 10:05:50 - INFO - Training model: original-bottom_right-bottom_left
2025-03-28 10:06:03 - INFO - Model original-bottom_right-bottom_left completed in 12.07 seconds.
2025-03-28 10:06:03 - INFO - >>> Model original-bottom_right-bottom_left trained. Accuracy: 0.9708 (12.07 sec.)
2025-03-28 10:06:03 - INFO - Training model: original-tda-bottom_left
2025-03-28 10:06:20 - INFO - Model original-tda-bottom_left completed in 17.30 seconds.
2025-03-28 10:06:20 - INFO - >>> Model original-tda-bottom_left trained. Accuracy: 0.9747 (17.30 sec.)
2025-03-28 10:06:20 - INFO - Training model: top_left-original-bottom_left
2025-03-28 10:06:31 - INFO - Model top_left-original-bottom_left completed in 11.67 seconds.
2025-03-28 10:06:31 - INFO - >>> Model top_left-original-bottom_left trained. Accuracy: 0.9711 (11.67 sec.)
2025-03-28 10:06:31 - INFO - Training model: original-top_right-bottom_left
2025-03-28 10:06:43 - INFO - Model original-top_right-bottom_left completed in 12.00 seconds.
2025-03-28 10:06:43 - INFO - >>> Model original-top_right-bottom_left trained. Accuracy: 0.9702 (12.00 sec.)
2025-03-28 10:06:44 - INFO - Training model: original-bottom_right-tda
2025-03-28 10:07:01 - INFO - Model original-bottom_right-tda completed in 17.32 seconds.
2025-03-28 10:07:01 - INFO - >>> Model original-bottom_right-tda trained. Accuracy: 0.9761 (17.32 sec.)
2025-03-28 10:07:01 - INFO - Training model: top_left-original-bottom_right
2025-03-28 10:07:13 - INFO - Model top_left-original-bottom_right completed in 11.82 seconds.
2025-03-28 10:07:13 - INFO - >>> Model top_left-original-bottom_right trained. Accuracy: 0.9731 (11.82 sec.)
2025-03-28 10:07:13 - INFO - Training model: original-bottom_right-top_right
2025-03-28 10:07:25 - INFO - Model original-bottom_right-top_right completed in 12.44 seconds.
2025-03-28 10:07:25 - INFO - >>> Model original-bottom_right-top_right trained. Accuracy: 0.9716 (12.44 sec.)
2025-03-28 10:07:25 - INFO - Training model: top_left-original-tda
2025-03-28 10:07:42 - INFO - Model top_left-original-tda completed in 17.32 seconds.
2025-03-28 10:07:42 - INFO - >>> Model top_left-original-tda trained. Accuracy: 0.9753 (17.32 sec.)
2025-03-28 10:07:42 - INFO - Training model: original-top_right-tda
2025-03-28 10:08:00 - INFO - Model original-top_right-tda completed in 17.42 seconds.
2025-03-28 10:08:00 - INFO - >>> Model original-top_right-tda trained. Accuracy: 0.9768 (17.42 sec.)
2025-03-28 10:08:00 - INFO - Training model: top_left-original-top_right
2025-03-28 10:08:12 - INFO - Model top_left-original-top_right completed in 11.91 seconds.
2025-03-28 10:08:12 - INFO - >>> Model top_left-original-top_right trained. Accuracy: 0.9706 (11.91 sec.)
2025-03-28 10:08:12 - INFO - Training model: original-bottom_right-tda-bottom_left
2025-03-28 10:08:32 - INFO - Model original-bottom_right-tda-bottom_left completed in 20.46 seconds.
2025-03-28 10:08:32 - INFO - >>> Model original-bottom_right-tda-bottom_left trained. Accuracy: 0.9761 (20.46 sec.)
2025-03-28 10:08:32 - INFO - Training model: top_left-original-bottom_right-bottom_left
2025-03-28 10:08:48 - INFO - Model top_left-original-bottom_right-bottom_left completed in 15.29 seconds.
2025-03-28 10:08:48 - INFO - >>> Model top_left-original-bottom_right-bottom_left trained. Accuracy: 0.9744 (15.29 sec.)
2025-03-28 10:08:48 - INFO - Training model: original-bottom_right-top_right-bottom_left
2025-03-28 10:09:03 - INFO - Model original-bottom_right-top_right-bottom_left completed in 15.36 seconds.
2025-03-28 10:09:03 - INFO - >>> Model original-bottom_right-top_right-bottom_left trained. Accuracy: 0.9727 (15.36 sec.)
2025-03-28 10:09:03 - INFO - Training model: top_left-original-tda-bottom_left
2025-03-28 10:09:23 - INFO - Model top_left-original-tda-bottom_left completed in 20.26 seconds.
2025-03-28 10:09:23 - INFO - >>> Model top_left-original-tda-bottom_left trained. Accuracy: 0.9770 (20.26 sec.)
2025-03-28 10:09:23 - INFO - Training model: original-top_right-tda-bottom_left
2025-03-28 10:09:43 - INFO - Model original-top_right-tda-bottom_left completed in 20.32 seconds.
2025-03-28 10:09:43 - INFO - >>> Model original-top_right-tda-bottom_left trained. Accuracy: 0.9771 (20.32 sec.)
2025-03-28 10:09:43 - INFO - Training model: top_left-original-top_right-bottom_left
2025-03-28 10:09:59 - INFO - Model top_left-original-top_right-bottom_left completed in 15.10 seconds.
2025-03-28 10:09:59 - INFO - >>> Model top_left-original-top_right-bottom_left trained. Accuracy: 0.9732 (15.10 sec.)
2025-03-28 10:09:59 - INFO - Training model: top_left-original-bottom_right-tda
2025-03-28 10:10:19 - INFO - Model top_left-original-bottom_right-tda completed in 20.28 seconds.
2025-03-28 10:10:19 - INFO - >>> Model top_left-original-bottom_right-tda trained. Accuracy: 0.9781 (20.28 sec.)
2025-03-28 10:10:19 - INFO - Training model: original-bottom_right-top_right-tda
2025-03-28 10:10:39 - INFO - Model original-bottom_right-top_right-tda completed in 20.34 seconds.
2025-03-28 10:10:39 - INFO - >>> Model original-bottom_right-top_right-tda trained. Accuracy: 0.9779 (20.34 sec.)
2025-03-28 10:10:39 - INFO - Training model: top_left-original-bottom_right-top_right
2025-03-28 10:10:55 - INFO - Model top_left-original-bottom_right-top_right completed in 15.38 seconds.
2025-03-28 10:10:55 - INFO - >>> Model top_left-original-bottom_right-top_right trained. Accuracy: 0.9738 (15.38 sec.)
2025-03-28 10:10:55 - INFO - Training model: top_left-original-top_right-tda
2025-03-28 10:11:15 - INFO - Model top_left-original-top_right-tda completed in 20.42 seconds.
2025-03-28 10:11:15 - INFO - >>> Model top_left-original-top_right-tda trained. Accuracy: 0.9757 (20.42 sec.)
2025-03-28 10:11:15 - INFO - Training model: bottom_left-bottom_right-tda-top_left-original
2025-03-28 10:11:39 - INFO - Model bottom_left-bottom_right-tda-top_left-original completed in 23.52 seconds.
2025-03-28 10:11:39 - INFO - >>> Model bottom_left-bottom_right-tda-top_left-original trained. Accuracy: 0.9791 (23.52 sec.)
2025-03-28 10:11:39 - INFO - Training model: bottom_left-bottom_right-tda-original-top_right
2025-03-28 10:12:02 - INFO - Model bottom_left-bottom_right-tda-original-top_right completed in 23.58 seconds.
2025-03-28 10:12:02 - INFO - >>> Model bottom_left-bottom_right-tda-original-top_right trained. Accuracy: 0.9779 (23.58 sec.)
2025-03-28 10:12:02 - INFO - Training model: bottom_left-bottom_right-top_left-original-top_right
2025-03-28 10:12:21 - INFO - Model bottom_left-bottom_right-top_left-original-top_right completed in 18.70 seconds.
2025-03-28 10:12:21 - INFO - >>> Model bottom_left-bottom_right-top_left-original-top_right trained. Accuracy: 0.9759 (18.70 sec.)
2025-03-28 10:12:21 - INFO - Training model: bottom_left-tda-top_left-original-top_right
2025-03-28 10:12:44 - INFO - Model bottom_left-tda-top_left-original-top_right completed in 23.36 seconds.
2025-03-28 10:12:44 - INFO - >>> Model bottom_left-tda-top_left-original-top_right trained. Accuracy: 0.9776 (23.36 sec.)
2025-03-28 10:12:44 - INFO - Training model: bottom_right-tda-top_left-original-top_right
2025-03-28 10:13:08 - INFO - Model bottom_right-tda-top_left-original-top_right completed in 23.81 seconds.
2025-03-28 10:13:08 - INFO - >>> Model bottom_right-tda-top_left-original-top_right trained. Accuracy: 0.9783 (23.81 sec.)
2025-03-28 10:13:08 - INFO - Training model: bottom_left-bottom_right-tda-top_left-original-top_right
2025-03-28 10:13:35 - INFO - Model bottom_left-bottom_right-tda-top_left-original-top_right completed in 26.91 seconds.
2025-03-28 10:13:35 - INFO - >>> Model bottom_left-bottom_right-tda-top_left-original-top_right trained. Accuracy: 0.9793 (26.91 sec.)
2025-03-28 10:13:35 - INFO - All models trained successfully.
2025-03-28 10:13:35 - INFO - ========== [Model Training Completed] in 8.58 minutes ==========
2025-03-28 10:13:35 - INFO - ========== [Experiment Training Complete] ==========
2025-03-28 10:13:35 - INFO - Results saved to /home/jovyan/Workspace/workspace_mnist/results/exp_noise_icecream_salt_q50/experiment_trainsize_predictions_2025-03-28_10-13-35.json
2025-03-28 10:13:35 - INFO - Results successfully saved to /home/jovyan/Workspace/workspace_mnist/results/exp_noise_icecream_salt_q50/experiment_trainsize_predictions_2025-03-28_10-13-35.json
2025-03-28 10:13:35 - INFO - Garbage collection executed.
2025-03-28 10:13:35 - INFO - ========== [Experiment Completed] in 17.41 minutes ==========
