2025-03-28 15:26:16 - INFO - Logging initialized.
 Writing to /home/jovyan/Workspace/workspace_mnist/logs/exp_noise_icecream_salt_q50/experiment_logs_2025-03-28_15-26-16.log
2025-03-28 15:26:16 - INFO - ========== [Experiment Start] ==========
2025-03-28 15:26:16 - INFO - Views combinations succesfully generated.
2025-03-28 15:26:16 - INFO - Topological Data Analysis pipeline generated.
2025-03-28 15:26:16 - INFO - Generating folder to save results.
2025-03-28 15:26:16 - INFO - Reading dataset in chunks from mnist_784.csv (chunk size: 70000)
2025-03-28 15:26:17 - INFO - Starting multiview data preparation for a chunk of size (70000, 784)...
2025-03-28 15:26:17 - INFO - Running using 22 jobs.
2025-03-28 15:26:17 - INFO - Contaminating dataset with salt using 3.
2025-03-28 15:26:21 - INFO - Splitting data: 72.2% train / 20.0% test (random_state=701363565)
2025-03-28 15:26:21 - INFO - Data split complete. Train size: (40444, 784), Test size: (14000, 784)
2025-03-28 15:26:21 - INFO - Reshaping train and test data into square images...
2025-03-28 15:26:21 - INFO - Reshaping complete. Train images: (40444, 28, 28), Test images: (14000, 28, 28)
2025-03-28 15:26:21 - INFO - Splitting images into quadrant views...
2025-03-28 15:26:21 - INFO - Quadrant view splitting complete. Train views: 4, Test views: 4
2025-03-28 15:26:21 - INFO - >> Starting TDA pipeline transformation on train data...
2025-03-28 15:32:25 - INFO - >> TDA transformation for train data completed (6.07 minutes).
2025-03-28 15:32:25 - INFO - >> Applying TDA pipeline transformation on test data...
2025-03-28 15:34:35 - INFO - >> TDA transformation for test data completed (2.17 minutes).
2025-03-28 15:34:35 - INFO - ========== [Model Training Start] ==========
2025-03-28 15:34:35 - INFO - Training model: original
2025-03-28 15:34:36 - INFO - Model original completed in 0.98 seconds.
2025-03-28 15:34:36 - INFO - >>> Model original trained. Accuracy: 0.9636 (0.98 sec.)
2025-03-28 15:34:36 - INFO - Training model: original-bottom_left
2025-03-28 15:34:44 - INFO - Model original-bottom_left completed in 7.84 seconds.
2025-03-28 15:34:44 - INFO - >>> Model original-bottom_left trained. Accuracy: 0.9669 (7.84 sec.)
2025-03-28 15:34:44 - INFO - Training model: original-bottom_right
2025-03-28 15:34:52 - INFO - Model original-bottom_right completed in 8.26 seconds.
2025-03-28 15:34:52 - INFO - >>> Model original-bottom_right trained. Accuracy: 0.9677 (8.26 sec.)
2025-03-28 15:34:52 - INFO - Training model: original-tda
2025-03-28 15:35:05 - INFO - Model original-tda completed in 12.42 seconds.
2025-03-28 15:35:05 - INFO - >>> Model original-tda trained. Accuracy: 0.9736 (12.42 sec.)
2025-03-28 15:35:05 - INFO - Training model: top_left-original
2025-03-28 15:35:13 - INFO - Model top_left-original completed in 7.99 seconds.
2025-03-28 15:35:13 - INFO - >>> Model top_left-original trained. Accuracy: 0.9674 (7.99 sec.)
2025-03-28 15:35:13 - INFO - Training model: original-top_right
2025-03-28 15:35:21 - INFO - Model original-top_right completed in 8.14 seconds.
2025-03-28 15:35:21 - INFO - >>> Model original-top_right trained. Accuracy: 0.9669 (8.14 sec.)
2025-03-28 15:35:21 - INFO - Training model: original-bottom_right-bottom_left
2025-03-28 15:35:32 - INFO - Model original-bottom_right-bottom_left completed in 10.97 seconds.
2025-03-28 15:35:32 - INFO - >>> Model original-bottom_right-bottom_left trained. Accuracy: 0.9688 (10.97 sec.)
2025-03-28 15:35:32 - INFO - Training model: original-tda-bottom_left
2025-03-28 15:35:47 - INFO - Model original-tda-bottom_left completed in 15.52 seconds.
2025-03-28 15:35:47 - INFO - >>> Model original-tda-bottom_left trained. Accuracy: 0.9725 (15.52 sec.)
2025-03-28 15:35:47 - INFO - Training model: top_left-original-bottom_left
2025-03-28 15:35:58 - INFO - Model top_left-original-bottom_left completed in 10.64 seconds.
2025-03-28 15:35:58 - INFO - >>> Model top_left-original-bottom_left trained. Accuracy: 0.9686 (10.64 sec.)
2025-03-28 15:35:58 - INFO - Training model: original-top_right-bottom_left
2025-03-28 15:36:09 - INFO - Model original-top_right-bottom_left completed in 10.90 seconds.
2025-03-28 15:36:09 - INFO - >>> Model original-top_right-bottom_left trained. Accuracy: 0.9682 (10.90 sec.)
2025-03-28 15:36:09 - INFO - Training model: original-bottom_right-tda
2025-03-28 15:36:24 - INFO - Model original-bottom_right-tda completed in 15.52 seconds.
2025-03-28 15:36:24 - INFO - >>> Model original-bottom_right-tda trained. Accuracy: 0.9755 (15.52 sec.)
2025-03-28 15:36:24 - INFO - Training model: top_left-original-bottom_right
2025-03-28 15:36:35 - INFO - Model top_left-original-bottom_right completed in 10.75 seconds.
2025-03-28 15:36:35 - INFO - >>> Model top_left-original-bottom_right trained. Accuracy: 0.9704 (10.75 sec.)
2025-03-28 15:36:35 - INFO - Training model: original-bottom_right-top_right
2025-03-28 15:36:46 - INFO - Model original-bottom_right-top_right completed in 10.72 seconds.
2025-03-28 15:36:46 - INFO - >>> Model original-bottom_right-top_right trained. Accuracy: 0.9700 (10.72 sec.)
2025-03-28 15:36:46 - INFO - Training model: top_left-original-tda
2025-03-28 15:37:01 - INFO - Model top_left-original-tda completed in 15.38 seconds.
2025-03-28 15:37:01 - INFO - >>> Model top_left-original-tda trained. Accuracy: 0.9738 (15.38 sec.)
2025-03-28 15:37:01 - INFO - Training model: original-top_right-tda
2025-03-28 15:37:17 - INFO - Model original-top_right-tda completed in 15.82 seconds.
2025-03-28 15:37:17 - INFO - >>> Model original-top_right-tda trained. Accuracy: 0.9758 (15.82 sec.)
2025-03-28 15:37:17 - INFO - Training model: top_left-original-top_right
2025-03-28 15:37:28 - INFO - Model top_left-original-top_right completed in 10.86 seconds.
2025-03-28 15:37:28 - INFO - >>> Model top_left-original-top_right trained. Accuracy: 0.9692 (10.86 sec.)
2025-03-28 15:37:28 - INFO - Training model: original-bottom_right-tda-bottom_left
2025-03-28 15:37:46 - INFO - Model original-bottom_right-tda-bottom_left completed in 18.37 seconds.
2025-03-28 15:37:46 - INFO - >>> Model original-bottom_right-tda-bottom_left trained. Accuracy: 0.9754 (18.37 sec.)
2025-03-28 15:37:46 - INFO - Training model: top_left-original-bottom_right-bottom_left
2025-03-28 15:38:00 - INFO - Model top_left-original-bottom_right-bottom_left completed in 14.05 seconds.
2025-03-28 15:38:00 - INFO - >>> Model top_left-original-bottom_right-bottom_left trained. Accuracy: 0.9708 (14.05 sec.)
2025-03-28 15:38:00 - INFO - Training model: original-bottom_right-top_right-bottom_left
2025-03-28 15:38:14 - INFO - Model original-bottom_right-top_right-bottom_left completed in 13.80 seconds.
2025-03-28 15:38:14 - INFO - >>> Model original-bottom_right-top_right-bottom_left trained. Accuracy: 0.9712 (13.80 sec.)
2025-03-28 15:38:14 - INFO - Training model: top_left-original-tda-bottom_left
2025-03-28 15:38:33 - INFO - Model top_left-original-tda-bottom_left completed in 18.28 seconds.
2025-03-28 15:38:33 - INFO - >>> Model top_left-original-tda-bottom_left trained. Accuracy: 0.9740 (18.28 sec.)
2025-03-28 15:38:33 - INFO - Training model: original-top_right-tda-bottom_left
2025-03-28 15:38:51 - INFO - Model original-top_right-tda-bottom_left completed in 18.30 seconds.
2025-03-28 15:38:51 - INFO - >>> Model original-top_right-tda-bottom_left trained. Accuracy: 0.9774 (18.30 sec.)
2025-03-28 15:38:51 - INFO - Training model: top_left-original-top_right-bottom_left
2025-03-28 15:39:04 - INFO - Model top_left-original-top_right-bottom_left completed in 13.58 seconds.
2025-03-28 15:39:04 - INFO - >>> Model top_left-original-top_right-bottom_left trained. Accuracy: 0.9716 (13.58 sec.)
2025-03-28 15:39:04 - INFO - Training model: top_left-original-bottom_right-tda
2025-03-28 15:39:23 - INFO - Model top_left-original-bottom_right-tda completed in 18.50 seconds.
2025-03-28 15:39:23 - INFO - >>> Model top_left-original-bottom_right-tda trained. Accuracy: 0.9761 (18.50 sec.)
2025-03-28 15:39:23 - INFO - Training model: original-bottom_right-top_right-tda
2025-03-28 15:39:42 - INFO - Model original-bottom_right-top_right-tda completed in 18.68 seconds.
2025-03-28 15:39:42 - INFO - >>> Model original-bottom_right-top_right-tda trained. Accuracy: 0.9768 (18.68 sec.)
2025-03-28 15:39:42 - INFO - Training model: top_left-original-bottom_right-top_right
2025-03-28 15:39:56 - INFO - Model top_left-original-bottom_right-top_right completed in 13.95 seconds.
2025-03-28 15:39:56 - INFO - >>> Model top_left-original-bottom_right-top_right trained. Accuracy: 0.9727 (13.95 sec.)
2025-03-28 15:39:56 - INFO - Training model: top_left-original-top_right-tda
2025-03-28 15:40:14 - INFO - Model top_left-original-top_right-tda completed in 18.55 seconds.
2025-03-28 15:40:14 - INFO - >>> Model top_left-original-top_right-tda trained. Accuracy: 0.9771 (18.55 sec.)
2025-03-28 15:40:14 - INFO - Training model: bottom_left-bottom_right-tda-top_left-original
2025-03-28 15:40:35 - INFO - Model bottom_left-bottom_right-tda-top_left-original completed in 21.34 seconds.
2025-03-28 15:40:35 - INFO - >>> Model bottom_left-bottom_right-tda-top_left-original trained. Accuracy: 0.9766 (21.34 sec.)
2025-03-28 15:40:35 - INFO - Training model: bottom_left-bottom_right-tda-original-top_right
2025-03-28 15:40:57 - INFO - Model bottom_left-bottom_right-tda-original-top_right completed in 21.75 seconds.
2025-03-28 15:40:57 - INFO - >>> Model bottom_left-bottom_right-tda-original-top_right trained. Accuracy: 0.9784 (21.75 sec.)
2025-03-28 15:40:57 - INFO - Training model: bottom_left-bottom_right-top_left-original-top_right
2025-03-28 15:41:14 - INFO - Model bottom_left-bottom_right-top_left-original-top_right completed in 16.97 seconds.
2025-03-28 15:41:14 - INFO - >>> Model bottom_left-bottom_right-top_left-original-top_right trained. Accuracy: 0.9739 (16.97 sec.)
2025-03-28 15:41:14 - INFO - Training model: bottom_left-tda-top_left-original-top_right
2025-03-28 15:41:35 - INFO - Model bottom_left-tda-top_left-original-top_right completed in 20.68 seconds.
2025-03-28 15:41:35 - INFO - >>> Model bottom_left-tda-top_left-original-top_right trained. Accuracy: 0.9774 (20.68 sec.)
2025-03-28 15:41:35 - INFO - Training model: bottom_right-tda-top_left-original-top_right
2025-03-28 15:41:56 - INFO - Model bottom_right-tda-top_left-original-top_right completed in 21.26 seconds.
2025-03-28 15:41:56 - INFO - >>> Model bottom_right-tda-top_left-original-top_right trained. Accuracy: 0.9784 (21.26 sec.)
2025-03-28 15:41:56 - INFO - Training model: bottom_left-bottom_right-tda-top_left-original-top_right
2025-03-28 15:42:21 - INFO - Model bottom_left-bottom_right-tda-top_left-original-top_right completed in 24.51 seconds.
2025-03-28 15:42:21 - INFO - >>> Model bottom_left-bottom_right-tda-top_left-original-top_right trained. Accuracy: 0.9796 (24.51 sec.)
2025-03-28 15:42:21 - INFO - All models trained successfully.
2025-03-28 15:42:21 - INFO - ========== [Model Training Completed] in 7.76 minutes ==========
2025-03-28 15:42:21 - INFO - ========== [Experiment Training Complete] ==========
2025-03-28 15:42:21 - INFO - Results saved to /home/jovyan/Workspace/workspace_mnist/results/exp_noise_icecream_salt_q50/experiment_trainsize_predictions_2025-03-28_15-42-21.json
2025-03-28 15:42:21 - INFO - Results successfully saved to /home/jovyan/Workspace/workspace_mnist/results/exp_noise_icecream_salt_q50/experiment_trainsize_predictions_2025-03-28_15-42-21.json
2025-03-28 15:42:21 - INFO - Garbage collection executed.
2025-03-28 15:42:21 - INFO - ========== [Experiment Completed] in 16.09 minutes ==========
