2025-03-13 07:21:09 - INFO - Logging initialized.
 Writing to /home/jovyan/Workspace/workspace_mnist/logs/exp_icecream/experiment_logs_2025-03-13_07-21-09.log
2025-03-13 07:21:09 - INFO - ========== [Experiment Start] ==========
2025-03-13 07:21:09 - INFO - Views combinations succesfully generated.
2025-03-13 07:21:09 - INFO - Topological Data Analysis pipeline generated.
2025-03-13 07:21:09 - INFO - Generating folder to save results.
2025-03-13 07:21:09 - INFO - Reading dataset in chunks from mnist_784.csv (chunk size: 70000)
2025-03-13 07:21:10 - INFO - Starting multiview data preparation for a chunk of size (70000, 784)...
2025-03-13 07:21:10 - INFO - Running using 20 jobs.
2025-03-13 07:21:10 - INFO - Splitting data: 25.6% train / 20.0% test (random_state=910968928)
2025-03-13 07:21:10 - INFO - Data split complete. Train size: (14311, 784), Test size: (14000, 784)
2025-03-13 07:21:10 - INFO - Reshaping train and test data into square images...
2025-03-13 07:21:10 - INFO - Reshaping complete. Train images: (14311, 28, 28), Test images: (14000, 28, 28)
2025-03-13 07:21:10 - INFO - Splitting images into quadrant views...
2025-03-13 07:21:10 - INFO - Quadrant view splitting complete. Train views: 4, Test views: 4
2025-03-13 07:21:10 - INFO - >> Starting TDA pipeline transformation on train data...
2025-03-13 07:23:51 - INFO - >> TDA transformation for train data completed (2.68 minutes).
2025-03-13 07:23:51 - INFO - >> Applying TDA pipeline transformation on test data...
2025-03-13 07:26:28 - INFO - >> TDA transformation for test data completed (2.62 minutes).
2025-03-13 07:26:28 - INFO - ========== [Model Training Start] ==========
2025-03-13 07:26:28 - INFO - Training model: original
2025-03-13 07:26:28 - INFO - Model original completed in 0.36 seconds.
2025-03-13 07:26:28 - INFO - >>> Model original trained. Accuracy: 0.9552 (0.36 sec.)
2025-03-13 07:26:28 - INFO - Training model: top_right-original
2025-03-13 07:26:32 - INFO - Model top_right-original completed in 4.01 seconds.
2025-03-13 07:26:32 - INFO - >>> Model top_right-original trained. Accuracy: 0.9586 (4.01 sec.)
2025-03-13 07:26:32 - INFO - Training model: original-bottom_left
2025-03-13 07:26:36 - INFO - Model original-bottom_left completed in 3.95 seconds.
2025-03-13 07:26:36 - INFO - >>> Model original-bottom_left trained. Accuracy: 0.9594 (3.95 sec.)
2025-03-13 07:26:36 - INFO - Training model: top_left-original
2025-03-13 07:26:40 - INFO - Model top_left-original completed in 4.09 seconds.
2025-03-13 07:26:40 - INFO - >>> Model top_left-original trained. Accuracy: 0.9610 (4.09 sec.)
2025-03-13 07:26:40 - INFO - Training model: original-bottom_right
2025-03-13 07:26:44 - INFO - Model original-bottom_right completed in 4.28 seconds.
2025-03-13 07:26:44 - INFO - >>> Model original-bottom_right trained. Accuracy: 0.9599 (4.28 sec.)
2025-03-13 07:26:44 - INFO - Training model: original-tda
2025-03-13 07:26:49 - INFO - Model original-tda completed in 4.41 seconds.
2025-03-13 07:26:49 - INFO - >>> Model original-tda trained. Accuracy: 0.9783 (4.41 sec.)
2025-03-13 07:26:49 - INFO - Training model: top_right-original-bottom_left
2025-03-13 07:26:55 - INFO - Model top_right-original-bottom_left completed in 5.73 seconds.
2025-03-13 07:26:55 - INFO - >>> Model top_right-original-bottom_left trained. Accuracy: 0.9625 (5.73 sec.)
2025-03-13 07:26:55 - INFO - Training model: top_left-top_right-original
2025-03-13 07:27:00 - INFO - Model top_left-top_right-original completed in 5.73 seconds.
2025-03-13 07:27:00 - INFO - >>> Model top_left-top_right-original trained. Accuracy: 0.9631 (5.73 sec.)
2025-03-13 07:27:00 - INFO - Training model: top_right-original-bottom_right
2025-03-13 07:27:06 - INFO - Model top_right-original-bottom_right completed in 5.66 seconds.
2025-03-13 07:27:06 - INFO - >>> Model top_right-original-bottom_right trained. Accuracy: 0.9626 (5.66 sec.)
2025-03-13 07:27:06 - INFO - Training model: top_right-original-tda
2025-03-13 07:27:12 - INFO - Model top_right-original-tda completed in 6.20 seconds.
2025-03-13 07:27:12 - INFO - >>> Model top_right-original-tda trained. Accuracy: 0.9779 (6.20 sec.)
2025-03-13 07:27:12 - INFO - Training model: top_left-original-bottom_left
2025-03-13 07:27:18 - INFO - Model top_left-original-bottom_left completed in 5.74 seconds.
2025-03-13 07:27:18 - INFO - >>> Model top_left-original-bottom_left trained. Accuracy: 0.9621 (5.74 sec.)
2025-03-13 07:27:18 - INFO - Training model: original-bottom_left-bottom_right
2025-03-13 07:27:23 - INFO - Model original-bottom_left-bottom_right completed in 5.39 seconds.
2025-03-13 07:27:23 - INFO - >>> Model original-bottom_left-bottom_right trained. Accuracy: 0.9606 (5.39 sec.)
2025-03-13 07:27:23 - INFO - Training model: original-bottom_left-tda
2025-03-13 07:27:29 - INFO - Model original-bottom_left-tda completed in 5.99 seconds.
2025-03-13 07:27:29 - INFO - >>> Model original-bottom_left-tda trained. Accuracy: 0.9766 (5.99 sec.)
2025-03-13 07:27:29 - INFO - Training model: top_left-original-bottom_right
2025-03-13 07:27:35 - INFO - Model top_left-original-bottom_right completed in 5.78 seconds.
2025-03-13 07:27:35 - INFO - >>> Model top_left-original-bottom_right trained. Accuracy: 0.9635 (5.78 sec.)
2025-03-13 07:27:35 - INFO - Training model: top_left-original-tda
2025-03-13 07:27:41 - INFO - Model top_left-original-tda completed in 6.04 seconds.
2025-03-13 07:27:41 - INFO - >>> Model top_left-original-tda trained. Accuracy: 0.9775 (6.04 sec.)
2025-03-13 07:27:41 - INFO - Training model: original-bottom_right-tda
2025-03-13 07:27:47 - INFO - Model original-bottom_right-tda completed in 6.09 seconds.
2025-03-13 07:27:47 - INFO - >>> Model original-bottom_right-tda trained. Accuracy: 0.9779 (6.09 sec.)
2025-03-13 07:27:47 - INFO - Training model: top_left-top_right-original-bottom_left
2025-03-13 07:27:55 - INFO - Model top_left-top_right-original-bottom_left completed in 7.58 seconds.
2025-03-13 07:27:55 - INFO - >>> Model top_left-top_right-original-bottom_left trained. Accuracy: 0.9652 (7.58 sec.)
2025-03-13 07:27:55 - INFO - Training model: top_right-original-bottom_left-bottom_right
2025-03-13 07:28:02 - INFO - Model top_right-original-bottom_left-bottom_right completed in 7.41 seconds.
2025-03-13 07:28:02 - INFO - >>> Model top_right-original-bottom_left-bottom_right trained. Accuracy: 0.9646 (7.41 sec.)
2025-03-13 07:28:02 - INFO - Training model: top_right-original-bottom_left-tda
2025-03-13 07:28:10 - INFO - Model top_right-original-bottom_left-tda completed in 7.63 seconds.
2025-03-13 07:28:10 - INFO - >>> Model top_right-original-bottom_left-tda trained. Accuracy: 0.9781 (7.63 sec.)
2025-03-13 07:28:10 - INFO - Training model: top_left-top_right-original-bottom_right
2025-03-13 07:28:17 - INFO - Model top_left-top_right-original-bottom_right completed in 7.26 seconds.
2025-03-13 07:28:17 - INFO - >>> Model top_left-top_right-original-bottom_right trained. Accuracy: 0.9664 (7.26 sec.)
2025-03-13 07:28:17 - INFO - Training model: top_left-top_right-original-tda
2025-03-13 07:28:25 - INFO - Model top_left-top_right-original-tda completed in 7.88 seconds.
2025-03-13 07:28:25 - INFO - >>> Model top_left-top_right-original-tda trained. Accuracy: 0.9783 (7.88 sec.)
2025-03-13 07:28:25 - INFO - Training model: top_right-original-bottom_right-tda
2025-03-13 07:28:33 - INFO - Model top_right-original-bottom_right-tda completed in 7.74 seconds.
2025-03-13 07:28:33 - INFO - >>> Model top_right-original-bottom_right-tda trained. Accuracy: 0.9788 (7.74 sec.)
2025-03-13 07:28:33 - INFO - Training model: top_left-original-bottom_left-bottom_right
2025-03-13 07:28:40 - INFO - Model top_left-original-bottom_left-bottom_right completed in 7.43 seconds.
2025-03-13 07:28:40 - INFO - >>> Model top_left-original-bottom_left-bottom_right trained. Accuracy: 0.9646 (7.43 sec.)
2025-03-13 07:28:40 - INFO - Training model: top_left-original-bottom_left-tda
2025-03-13 07:28:48 - INFO - Model top_left-original-bottom_left-tda completed in 7.77 seconds.
2025-03-13 07:28:48 - INFO - >>> Model top_left-original-bottom_left-tda trained. Accuracy: 0.9778 (7.77 sec.)
2025-03-13 07:28:48 - INFO - Training model: tda-original-bottom_left-bottom_right
2025-03-13 07:28:56 - INFO - Model tda-original-bottom_left-bottom_right completed in 7.61 seconds.
2025-03-13 07:28:56 - INFO - >>> Model tda-original-bottom_left-bottom_right trained. Accuracy: 0.9769 (7.61 sec.)
2025-03-13 07:28:56 - INFO - Training model: top_left-original-bottom_right-tda
2025-03-13 07:29:03 - INFO - Model top_left-original-bottom_right-tda completed in 7.57 seconds.
2025-03-13 07:29:03 - INFO - >>> Model top_left-original-bottom_right-tda trained. Accuracy: 0.9789 (7.57 sec.)
2025-03-13 07:29:03 - INFO - Training model: top_right-bottom_left-top_left-original-bottom_right
2025-03-13 07:29:12 - INFO - Model top_right-bottom_left-top_left-original-bottom_right completed in 9.07 seconds.
2025-03-13 07:29:12 - INFO - >>> Model top_right-bottom_left-top_left-original-bottom_right trained. Accuracy: 0.9703 (9.07 sec.)
2025-03-13 07:29:12 - INFO - Training model: top_right-bottom_left-top_left-original-tda
2025-03-13 07:29:21 - INFO - Model top_right-bottom_left-top_left-original-tda completed in 9.10 seconds.
2025-03-13 07:29:21 - INFO - >>> Model top_right-bottom_left-top_left-original-tda trained. Accuracy: 0.9790 (9.10 sec.)
2025-03-13 07:29:21 - INFO - Training model: top_right-bottom_left-original-bottom_right-tda
2025-03-13 07:29:31 - INFO - Model top_right-bottom_left-original-bottom_right-tda completed in 9.68 seconds.
2025-03-13 07:29:31 - INFO - >>> Model top_right-bottom_left-original-bottom_right-tda trained. Accuracy: 0.9784 (9.68 sec.)
2025-03-13 07:29:31 - INFO - Training model: top_right-top_left-original-bottom_right-tda
2025-03-13 07:29:41 - INFO - Model top_right-top_left-original-bottom_right-tda completed in 9.56 seconds.
2025-03-13 07:29:41 - INFO - >>> Model top_right-top_left-original-bottom_right-tda trained. Accuracy: 0.9789 (9.56 sec.)
2025-03-13 07:29:41 - INFO - Training model: bottom_left-top_left-original-bottom_right-tda
2025-03-13 07:29:50 - INFO - Model bottom_left-top_left-original-bottom_right-tda completed in 9.41 seconds.
2025-03-13 07:29:50 - INFO - >>> Model bottom_left-top_left-original-bottom_right-tda trained. Accuracy: 0.9790 (9.41 sec.)
2025-03-13 07:29:50 - INFO - Training model: top_right-bottom_left-top_left-original-bottom_right-tda
2025-03-13 07:30:01 - INFO - Model top_right-bottom_left-top_left-original-bottom_right-tda completed in 11.16 seconds.
2025-03-13 07:30:01 - INFO - >>> Model top_right-bottom_left-top_left-original-bottom_right-tda trained. Accuracy: 0.9798 (11.16 sec.)
2025-03-13 07:30:01 - INFO - All models trained successfully.
2025-03-13 07:30:01 - INFO - ========== [Model Training Completed] in 3.56 minutes ==========
2025-03-13 07:30:01 - INFO - ========== [Experiment Training Complete] ==========
2025-03-13 07:30:01 - INFO - ========== [Finished reading and processing chunks] ==========
2025-03-13 07:30:01 - INFO - Saving results...
2025-03-13 07:30:01 - INFO - Results saved to /home/jovyan/Workspace/workspace_mnist/results/exp_icecream/experiment_trainsize_predictions_2025-03-13_07-30-01.json
2025-03-13 07:30:01 - INFO - Results successfully saved to /home/jovyan/Workspace/workspace_mnist/results/exp_icecream/experiment_trainsize_predictions_2025-03-13_07-30-01.json
2025-03-13 07:30:01 - INFO - Garbage collection executed.
2025-03-13 07:30:01 - INFO - ========== [Experiment Completed] in 8.88 minutes ==========
