2025-03-13 18:49:04 - INFO - Logging initialized.
 Writing to /home/jovyan/Workspace/workspace_mnist/logs/exp_icecream/experiment_logs_2025-03-13_18-49-04.log
2025-03-13 18:49:04 - INFO - ========== [Experiment Start] ==========
2025-03-13 18:49:04 - INFO - Views combinations succesfully generated.
2025-03-13 18:49:04 - INFO - Topological Data Analysis pipeline generated.
2025-03-13 18:49:04 - INFO - Generating folder to save results.
2025-03-13 18:49:04 - INFO - Reading dataset in chunks from mnist_784.csv (chunk size: 70000)
2025-03-13 18:49:05 - INFO - Starting multiview data preparation for a chunk of size (70000, 784)...
2025-03-13 18:49:05 - INFO - Running using 29 jobs.
2025-03-13 18:49:05 - INFO - Splitting data: 48.9% train / 20.0% test (random_state=910968928)
2025-03-13 18:49:05 - INFO - Data split complete. Train size: (27377, 784), Test size: (14000, 784)
2025-03-13 18:49:05 - INFO - Reshaping train and test data into square images...
2025-03-13 18:49:05 - INFO - Reshaping complete. Train images: (27377, 28, 28), Test images: (14000, 28, 28)
2025-03-13 18:49:05 - INFO - Splitting images into quadrant views...
2025-03-13 18:49:05 - INFO - Quadrant view splitting complete. Train views: 4, Test views: 4
2025-03-13 18:49:05 - INFO - >> Starting TDA pipeline transformation on train data...
2025-03-13 18:52:57 - INFO - >> TDA transformation for train data completed (3.86 minutes).
2025-03-13 18:52:57 - INFO - >> Applying TDA pipeline transformation on test data...
2025-03-13 18:54:56 - INFO - >> TDA transformation for test data completed (2.00 minutes).
2025-03-13 18:54:56 - INFO - ========== [Model Training Start] ==========
2025-03-13 18:54:56 - INFO - Training model: original
2025-03-13 18:54:57 - INFO - Model original completed in 0.53 seconds.
2025-03-13 18:54:57 - INFO - >>> Model original trained. Accuracy: 0.9634 (0.53 sec.)
2025-03-13 18:54:57 - INFO - Training model: original-bottom_left
2025-03-13 18:55:02 - INFO - Model original-bottom_left completed in 5.30 seconds.
2025-03-13 18:55:02 - INFO - >>> Model original-bottom_left trained. Accuracy: 0.9667 (5.30 sec.)
2025-03-13 18:55:02 - INFO - Training model: tda-original
2025-03-13 18:55:09 - INFO - Model tda-original completed in 6.40 seconds.
2025-03-13 18:55:09 - INFO - >>> Model tda-original trained. Accuracy: 0.9811 (6.40 sec.)
2025-03-13 18:55:09 - INFO - Training model: top_left-original
2025-03-13 18:55:14 - INFO - Model top_left-original completed in 5.45 seconds.
2025-03-13 18:55:14 - INFO - >>> Model top_left-original trained. Accuracy: 0.9664 (5.45 sec.)
2025-03-13 18:55:14 - INFO - Training model: original-bottom_right
2025-03-13 18:55:20 - INFO - Model original-bottom_right completed in 5.48 seconds.
2025-03-13 18:55:20 - INFO - >>> Model original-bottom_right trained. Accuracy: 0.9664 (5.48 sec.)
2025-03-13 18:55:20 - INFO - Training model: top_right-original
2025-03-13 18:55:25 - INFO - Model top_right-original completed in 5.45 seconds.
2025-03-13 18:55:25 - INFO - >>> Model top_right-original trained. Accuracy: 0.9661 (5.45 sec.)
2025-03-13 18:55:25 - INFO - Training model: tda-original-bottom_left
2025-03-13 18:55:33 - INFO - Model tda-original-bottom_left completed in 8.41 seconds.
2025-03-13 18:55:33 - INFO - >>> Model tda-original-bottom_left trained. Accuracy: 0.9797 (8.41 sec.)
2025-03-13 18:55:33 - INFO - Training model: top_left-original-bottom_left
2025-03-13 18:55:41 - INFO - Model top_left-original-bottom_left completed in 7.43 seconds.
2025-03-13 18:55:41 - INFO - >>> Model top_left-original-bottom_left trained. Accuracy: 0.9687 (7.43 sec.)
2025-03-13 18:55:41 - INFO - Training model: original-bottom_left-bottom_right
2025-03-13 18:55:49 - INFO - Model original-bottom_left-bottom_right completed in 7.69 seconds.
2025-03-13 18:55:49 - INFO - >>> Model original-bottom_left-bottom_right trained. Accuracy: 0.9676 (7.69 sec.)
2025-03-13 18:55:49 - INFO - Training model: top_right-original-bottom_left
2025-03-13 18:55:56 - INFO - Model top_right-original-bottom_left completed in 7.68 seconds.
2025-03-13 18:55:56 - INFO - >>> Model top_right-original-bottom_left trained. Accuracy: 0.9676 (7.68 sec.)
2025-03-13 18:55:56 - INFO - Training model: tda-top_left-original
2025-03-13 18:56:05 - INFO - Model tda-top_left-original completed in 8.44 seconds.
2025-03-13 18:56:05 - INFO - >>> Model tda-top_left-original trained. Accuracy: 0.9810 (8.44 sec.)
2025-03-13 18:56:05 - INFO - Training model: tda-original-bottom_right
2025-03-13 18:56:13 - INFO - Model tda-original-bottom_right completed in 8.34 seconds.
2025-03-13 18:56:13 - INFO - >>> Model tda-original-bottom_right trained. Accuracy: 0.9805 (8.34 sec.)
2025-03-13 18:56:13 - INFO - Training model: top_right-tda-original
2025-03-13 18:56:21 - INFO - Model top_right-tda-original completed in 8.43 seconds.
2025-03-13 18:56:21 - INFO - >>> Model top_right-tda-original trained. Accuracy: 0.9806 (8.43 sec.)
2025-03-13 18:56:21 - INFO - Training model: top_left-original-bottom_right
2025-03-13 18:56:29 - INFO - Model top_left-original-bottom_right completed in 7.66 seconds.
2025-03-13 18:56:29 - INFO - >>> Model top_left-original-bottom_right trained. Accuracy: 0.9698 (7.66 sec.)
2025-03-13 18:56:29 - INFO - Training model: top_right-top_left-original
2025-03-13 18:56:37 - INFO - Model top_right-top_left-original completed in 7.45 seconds.
2025-03-13 18:56:37 - INFO - >>> Model top_right-top_left-original trained. Accuracy: 0.9687 (7.45 sec.)
2025-03-13 18:56:37 - INFO - Training model: top_right-original-bottom_right
2025-03-13 18:56:44 - INFO - Model top_right-original-bottom_right completed in 7.79 seconds.
2025-03-13 18:56:44 - INFO - >>> Model top_right-original-bottom_right trained. Accuracy: 0.9679 (7.79 sec.)
2025-03-13 18:56:44 - INFO - Training model: tda-top_left-original-bottom_left
2025-03-13 18:56:55 - INFO - Model tda-top_left-original-bottom_left completed in 10.72 seconds.
2025-03-13 18:56:55 - INFO - >>> Model tda-top_left-original-bottom_left trained. Accuracy: 0.9814 (10.72 sec.)
2025-03-13 18:56:55 - INFO - Training model: tda-original-bottom_left-bottom_right
2025-03-13 18:57:06 - INFO - Model tda-original-bottom_left-bottom_right completed in 10.95 seconds.
2025-03-13 18:57:06 - INFO - >>> Model tda-original-bottom_left-bottom_right trained. Accuracy: 0.9804 (10.95 sec.)
2025-03-13 18:57:06 - INFO - Training model: top_right-tda-original-bottom_left
2025-03-13 18:57:17 - INFO - Model top_right-tda-original-bottom_left completed in 10.51 seconds.
2025-03-13 18:57:17 - INFO - >>> Model top_right-tda-original-bottom_left trained. Accuracy: 0.9811 (10.51 sec.)
2025-03-13 18:57:17 - INFO - Training model: top_left-original-bottom_left-bottom_right
2025-03-13 18:57:26 - INFO - Model top_left-original-bottom_left-bottom_right completed in 9.82 seconds.
2025-03-13 18:57:26 - INFO - >>> Model top_left-original-bottom_left-bottom_right trained. Accuracy: 0.9707 (9.82 sec.)
2025-03-13 18:57:26 - INFO - Training model: top_right-top_left-original-bottom_left
2025-03-13 18:57:36 - INFO - Model top_right-top_left-original-bottom_left completed in 9.74 seconds.
2025-03-13 18:57:36 - INFO - >>> Model top_right-top_left-original-bottom_left trained. Accuracy: 0.9706 (9.74 sec.)
2025-03-13 18:57:36 - INFO - Training model: top_right-original-bottom_left-bottom_right
2025-03-13 18:57:46 - INFO - Model top_right-original-bottom_left-bottom_right completed in 9.93 seconds.
2025-03-13 18:57:46 - INFO - >>> Model top_right-original-bottom_left-bottom_right trained. Accuracy: 0.9696 (9.93 sec.)
2025-03-13 18:57:46 - INFO - Training model: tda-top_left-original-bottom_right
2025-03-13 18:57:57 - INFO - Model tda-top_left-original-bottom_right completed in 10.74 seconds.
2025-03-13 18:57:57 - INFO - >>> Model tda-top_left-original-bottom_right trained. Accuracy: 0.9816 (10.74 sec.)
2025-03-13 18:57:57 - INFO - Training model: top_right-tda-top_left-original
2025-03-13 18:58:08 - INFO - Model top_right-tda-top_left-original completed in 10.67 seconds.
2025-03-13 18:58:08 - INFO - >>> Model top_right-tda-top_left-original trained. Accuracy: 0.9816 (10.67 sec.)
2025-03-13 18:58:08 - INFO - Training model: top_right-tda-original-bottom_right
2025-03-13 18:58:18 - INFO - Model top_right-tda-original-bottom_right completed in 10.84 seconds.
2025-03-13 18:58:18 - INFO - >>> Model top_right-tda-original-bottom_right trained. Accuracy: 0.9816 (10.84 sec.)
2025-03-13 18:58:18 - INFO - Training model: top_right-top_left-original-bottom_right
2025-03-13 18:58:28 - INFO - Model top_right-top_left-original-bottom_right completed in 9.82 seconds.
2025-03-13 18:58:28 - INFO - >>> Model top_right-top_left-original-bottom_right trained. Accuracy: 0.9716 (9.82 sec.)
2025-03-13 18:58:28 - INFO - Training model: bottom_left-tda-top_left-original-bottom_right
2025-03-13 18:58:41 - INFO - Model bottom_left-tda-top_left-original-bottom_right completed in 12.79 seconds.
2025-03-13 18:58:41 - INFO - >>> Model bottom_left-tda-top_left-original-bottom_right trained. Accuracy: 0.9821 (12.79 sec.)
2025-03-13 18:58:41 - INFO - Training model: bottom_left-tda-top_left-original-top_right
2025-03-13 18:58:54 - INFO - Model bottom_left-tda-top_left-original-top_right completed in 12.74 seconds.
2025-03-13 18:58:54 - INFO - >>> Model bottom_left-tda-top_left-original-top_right trained. Accuracy: 0.9824 (12.74 sec.)
2025-03-13 18:58:54 - INFO - Training model: bottom_left-tda-original-bottom_right-top_right
2025-03-13 18:59:07 - INFO - Model bottom_left-tda-original-bottom_right-top_right completed in 12.98 seconds.
2025-03-13 18:59:07 - INFO - >>> Model bottom_left-tda-original-bottom_right-top_right trained. Accuracy: 0.9812 (12.98 sec.)
2025-03-13 18:59:07 - INFO - Training model: bottom_left-top_left-original-bottom_right-top_right
2025-03-13 18:59:19 - INFO - Model bottom_left-top_left-original-bottom_right-top_right completed in 12.32 seconds.
2025-03-13 18:59:19 - INFO - >>> Model bottom_left-top_left-original-bottom_right-top_right trained. Accuracy: 0.9737 (12.32 sec.)
2025-03-13 18:59:19 - INFO - Training model: tda-top_left-original-bottom_right-top_right
2025-03-13 18:59:32 - INFO - Model tda-top_left-original-bottom_right-top_right completed in 12.70 seconds.
2025-03-13 18:59:32 - INFO - >>> Model tda-top_left-original-bottom_right-top_right trained. Accuracy: 0.9821 (12.70 sec.)
2025-03-13 18:59:32 - INFO - Training model: bottom_left-tda-top_left-original-bottom_right-top_right
2025-03-13 18:59:46 - INFO - Model bottom_left-tda-top_left-original-bottom_right-top_right completed in 14.69 seconds.
2025-03-13 18:59:46 - INFO - >>> Model bottom_left-tda-top_left-original-bottom_right-top_right trained. Accuracy: 0.9826 (14.69 sec.)
2025-03-13 18:59:46 - INFO - All models trained successfully.
2025-03-13 18:59:46 - INFO - ========== [Model Training Completed] in 4.83 minutes ==========
2025-03-13 18:59:46 - INFO - ========== [Experiment Training Complete] ==========
2025-03-13 18:59:46 - INFO - ========== [Finished reading and processing chunks] ==========
2025-03-13 18:59:46 - INFO - Saving results...
2025-03-13 18:59:47 - INFO - Results saved to /home/jovyan/Workspace/workspace_mnist/results/exp_icecream/experiment_trainsize_predictions_2025-03-13_18-59-46.json
2025-03-13 18:59:47 - INFO - Results successfully saved to /home/jovyan/Workspace/workspace_mnist/results/exp_icecream/experiment_trainsize_predictions_2025-03-13_18-59-46.json
2025-03-13 18:59:47 - INFO - Garbage collection executed.
2025-03-13 18:59:47 - INFO - ========== [Experiment Completed] in 10.71 minutes ==========
