2025-03-12 01:21:23 - INFO - Logging initialized.
 Writing to /home/jovyan/Workspace/workspace_mnist/logs/exp_icecream/experiment_logs_2025-03-12_01-21-23.log
2025-03-12 01:21:23 - INFO - ========== [Experiment Start] ==========
2025-03-12 01:21:23 - INFO - Views combinations succesfully generated.
2025-03-12 01:21:23 - INFO - Topological Data Analysis pipeline generated.
2025-03-12 01:21:23 - INFO - Generating folder to save results.
2025-03-12 01:21:23 - INFO - Reading dataset in chunks from mnist_784.csv (chunk size: 70000)
2025-03-12 01:21:24 - INFO - Starting multiview data preparation for a chunk of size (70000, 784)...
2025-03-12 01:21:24 - INFO - Running using 8 jobs.
2025-03-12 01:21:24 - INFO - Splitting data: 80.0% train / 20.0% test (random_state=601133337)
2025-03-12 01:21:24 - INFO - Data split complete. Train size: (44800, 784), Test size: (14000, 784)
2025-03-12 01:21:24 - INFO - Reshaping train and test data into square images...
2025-03-12 01:21:24 - INFO - Reshaping complete. Train images: (44800, 28, 28), Test images: (14000, 28, 28)
2025-03-12 01:21:24 - INFO - Splitting images into quadrant views...
2025-03-12 01:21:24 - INFO - Quadrant view splitting complete. Train views: 4, Test views: 4
2025-03-12 01:21:24 - INFO - >> Starting TDA pipeline transformation on train data...
2025-03-12 01:32:59 - INFO - >> TDA transformation for train data completed (11.58 minutes).
2025-03-12 01:32:59 - INFO - >> Applying TDA pipeline transformation on test data...
2025-03-12 01:36:36 - INFO - >> TDA transformation for test data completed (3.61 minutes).
2025-03-12 01:36:36 - INFO - ========== [Model Training Start] ==========
2025-03-12 01:36:36 - INFO - Training model: original
2025-03-12 01:36:37 - INFO - Model original completed in 1.82 seconds.
2025-03-12 01:36:37 - INFO - >>> Model original trained. Accuracy: 0.9673 (1.82 sec.)
2025-03-12 01:36:37 - INFO - Training model: tda-original
2025-03-12 01:36:57 - INFO - Model tda-original completed in 19.20 seconds.
2025-03-12 01:36:57 - INFO - >>> Model tda-original trained. Accuracy: 0.9848 (19.20 sec.)
2025-03-12 01:36:57 - INFO - Training model: top_left-original
2025-03-12 01:37:10 - INFO - Model top_left-original completed in 13.61 seconds.
2025-03-12 01:37:10 - INFO - >>> Model top_left-original trained. Accuracy: 0.9701 (13.61 sec.)
2025-03-12 01:37:10 - INFO - Training model: bottom_left-original
2025-03-12 01:37:24 - INFO - Model bottom_left-original completed in 13.95 seconds.
2025-03-12 01:37:24 - INFO - >>> Model bottom_left-original trained. Accuracy: 0.9703 (13.95 sec.)
2025-03-12 01:37:24 - INFO - Training model: original-top_right
2025-03-12 01:37:38 - INFO - Model original-top_right completed in 14.25 seconds.
2025-03-12 01:37:38 - INFO - >>> Model original-top_right trained. Accuracy: 0.9701 (14.25 sec.)
2025-03-12 01:37:38 - INFO - Training model: original-bottom_right
2025-03-12 01:37:53 - INFO - Model original-bottom_right completed in 14.36 seconds.
2025-03-12 01:37:53 - INFO - >>> Model original-bottom_right trained. Accuracy: 0.9728 (14.36 sec.)
2025-03-12 01:37:53 - INFO - Training model: tda-original-top_left
2025-03-12 01:38:16 - INFO - Model tda-original-top_left completed in 23.58 seconds.
2025-03-12 01:38:16 - INFO - >>> Model tda-original-top_left trained. Accuracy: 0.9834 (23.58 sec.)
2025-03-12 01:38:16 - INFO - Training model: tda-bottom_left-original
2025-03-12 01:38:40 - INFO - Model tda-bottom_left-original completed in 23.96 seconds.
2025-03-12 01:38:40 - INFO - >>> Model tda-bottom_left-original trained. Accuracy: 0.9836 (23.96 sec.)
2025-03-12 01:38:40 - INFO - Training model: tda-original-top_right
2025-03-12 01:39:05 - INFO - Model tda-original-top_right completed in 24.17 seconds.
2025-03-12 01:39:05 - INFO - >>> Model tda-original-top_right trained. Accuracy: 0.9845 (24.17 sec.)
2025-03-12 01:39:05 - INFO - Training model: tda-original-bottom_right
2025-03-12 01:39:29 - INFO - Model tda-original-bottom_right completed in 24.30 seconds.
2025-03-12 01:39:29 - INFO - >>> Model tda-original-bottom_right trained. Accuracy: 0.9847 (24.30 sec.)
2025-03-12 01:39:29 - INFO - Training model: top_left-bottom_left-original
2025-03-12 01:39:47 - INFO - Model top_left-bottom_left-original completed in 18.29 seconds.
2025-03-12 01:39:47 - INFO - >>> Model top_left-bottom_left-original trained. Accuracy: 0.9724 (18.29 sec.)
2025-03-12 01:39:47 - INFO - Training model: top_left-original-top_right
2025-03-12 01:40:06 - INFO - Model top_left-original-top_right completed in 18.60 seconds.
2025-03-12 01:40:06 - INFO - >>> Model top_left-original-top_right trained. Accuracy: 0.9716 (18.60 sec.)
2025-03-12 01:40:06 - INFO - Training model: top_left-original-bottom_right
2025-03-12 01:40:24 - INFO - Model top_left-original-bottom_right completed in 18.71 seconds.
2025-03-12 01:40:24 - INFO - >>> Model top_left-original-bottom_right trained. Accuracy: 0.9739 (18.71 sec.)
2025-03-12 01:40:24 - INFO - Training model: bottom_left-original-top_right
2025-03-12 01:40:43 - INFO - Model bottom_left-original-top_right completed in 19.02 seconds.
2025-03-12 01:40:43 - INFO - >>> Model bottom_left-original-top_right trained. Accuracy: 0.9714 (19.02 sec.)
2025-03-12 01:40:43 - INFO - Training model: bottom_left-original-bottom_right
2025-03-12 01:41:02 - INFO - Model bottom_left-original-bottom_right completed in 19.02 seconds.
2025-03-12 01:41:02 - INFO - >>> Model bottom_left-original-bottom_right trained. Accuracy: 0.9728 (19.02 sec.)
2025-03-12 01:41:02 - INFO - Training model: bottom_right-original-top_right
2025-03-12 01:41:22 - INFO - Model bottom_right-original-top_right completed in 19.37 seconds.
2025-03-12 01:41:22 - INFO - >>> Model bottom_right-original-top_right trained. Accuracy: 0.9734 (19.37 sec.)
2025-03-12 01:41:22 - INFO - Training model: tda-bottom_left-original-top_left
2025-03-12 01:41:50 - INFO - Model tda-bottom_left-original-top_left completed in 28.20 seconds.
2025-03-12 01:41:50 - INFO - >>> Model tda-bottom_left-original-top_left trained. Accuracy: 0.9839 (28.20 sec.)
2025-03-12 01:41:50 - INFO - Training model: tda-original-top_right-top_left
2025-03-12 01:42:19 - INFO - Model tda-original-top_right-top_left completed in 28.49 seconds.
2025-03-12 01:42:19 - INFO - >>> Model tda-original-top_right-top_left trained. Accuracy: 0.9840 (28.49 sec.)
2025-03-12 01:42:19 - INFO - Training model: tda-bottom_right-original-top_left
2025-03-12 01:42:47 - INFO - Model tda-bottom_right-original-top_left completed in 28.65 seconds.
2025-03-12 01:42:47 - INFO - >>> Model tda-bottom_right-original-top_left trained. Accuracy: 0.9841 (28.65 sec.)
2025-03-12 01:42:47 - INFO - Training model: tda-bottom_left-original-top_right
2025-03-12 01:43:16 - INFO - Model tda-bottom_left-original-top_right completed in 28.93 seconds.
2025-03-12 01:43:16 - INFO - >>> Model tda-bottom_left-original-top_right trained. Accuracy: 0.9840 (28.93 sec.)
2025-03-12 01:43:16 - INFO - Training model: tda-bottom_left-original-bottom_right
2025-03-12 01:43:45 - INFO - Model tda-bottom_left-original-bottom_right completed in 29.02 seconds.
2025-03-12 01:43:45 - INFO - >>> Model tda-bottom_left-original-bottom_right trained. Accuracy: 0.9843 (29.02 sec.)
2025-03-12 01:43:45 - INFO - Training model: tda-bottom_right-original-top_right
2025-03-12 01:44:14 - INFO - Model tda-bottom_right-original-top_right completed in 29.29 seconds.
2025-03-12 01:44:14 - INFO - >>> Model tda-bottom_right-original-top_right trained. Accuracy: 0.9849 (29.29 sec.)
2025-03-12 01:44:14 - INFO - Training model: top_left-bottom_left-original-top_right
2025-03-12 01:44:38 - INFO - Model top_left-bottom_left-original-top_right completed in 23.30 seconds.
2025-03-12 01:44:38 - INFO - >>> Model top_left-bottom_left-original-top_right trained. Accuracy: 0.9744 (23.30 sec.)
2025-03-12 01:44:38 - INFO - Training model: top_left-bottom_left-original-bottom_right
2025-03-12 01:45:01 - INFO - Model top_left-bottom_left-original-bottom_right completed in 23.36 seconds.
2025-03-12 01:45:01 - INFO - >>> Model top_left-bottom_left-original-bottom_right trained. Accuracy: 0.9754 (23.36 sec.)
2025-03-12 01:45:01 - INFO - Training model: top_left-bottom_right-original-top_right
2025-03-12 01:45:25 - INFO - Model top_left-bottom_right-original-top_right completed in 23.63 seconds.
2025-03-12 01:45:25 - INFO - >>> Model top_left-bottom_right-original-top_right trained. Accuracy: 0.9746 (23.63 sec.)
2025-03-12 01:45:25 - INFO - Training model: bottom_right-bottom_left-original-top_right
2025-03-12 01:45:49 - INFO - Model bottom_right-bottom_left-original-top_right completed in 23.93 seconds.
2025-03-12 01:45:49 - INFO - >>> Model bottom_right-bottom_left-original-top_right trained. Accuracy: 0.9748 (23.93 sec.)
2025-03-12 01:45:49 - INFO - Training model: tda-top_left-original-bottom_left-top_right
2025-03-12 01:46:22 - INFO - Model tda-top_left-original-bottom_left-top_right completed in 33.33 seconds.
2025-03-12 01:46:22 - INFO - >>> Model tda-top_left-original-bottom_left-top_right trained. Accuracy: 0.9842 (33.33 sec.)
2025-03-12 01:46:22 - INFO - Training model: tda-top_left-original-bottom_left-bottom_right
2025-03-12 01:46:55 - INFO - Model tda-top_left-original-bottom_left-bottom_right completed in 33.36 seconds.
2025-03-12 01:46:55 - INFO - >>> Model tda-top_left-original-bottom_left-bottom_right trained. Accuracy: 0.9851 (33.36 sec.)
2025-03-12 01:46:55 - INFO - Training model: tda-top_left-original-top_right-bottom_right
2025-03-12 01:47:29 - INFO - Model tda-top_left-original-top_right-bottom_right completed in 33.59 seconds.
2025-03-12 01:47:29 - INFO - >>> Model tda-top_left-original-top_right-bottom_right trained. Accuracy: 0.9849 (33.59 sec.)
2025-03-12 01:47:29 - INFO - Training model: tda-original-bottom_left-top_right-bottom_right
2025-03-12 01:48:03 - INFO - Model tda-original-bottom_left-top_right-bottom_right completed in 34.01 seconds.
2025-03-12 01:48:03 - INFO - >>> Model tda-original-bottom_left-top_right-bottom_right trained. Accuracy: 0.9855 (34.01 sec.)
2025-03-12 01:48:03 - INFO - Training model: top_left-original-bottom_left-top_right-bottom_right
2025-03-12 01:48:31 - INFO - Model top_left-original-bottom_left-top_right-bottom_right completed in 28.30 seconds.
2025-03-12 01:48:31 - INFO - >>> Model top_left-original-bottom_left-top_right-bottom_right trained. Accuracy: 0.9773 (28.30 sec.)
2025-03-12 01:48:31 - INFO - Training model: tda-top_left-original-bottom_left-bottom_right-top_right
2025-03-12 01:49:10 - INFO - Model tda-top_left-original-bottom_left-bottom_right-top_right completed in 38.42 seconds.
2025-03-12 01:49:10 - INFO - >>> Model tda-top_left-original-bottom_left-bottom_right-top_right trained. Accuracy: 0.9854 (38.42 sec.)
2025-03-12 01:49:10 - INFO - All models trained successfully.
2025-03-12 01:49:10 - INFO - ========== [Model Training Completed] in 12.57 minutes ==========
2025-03-12 01:49:10 - INFO - ========== [Experiment Training Complete] ==========
2025-03-12 01:49:10 - INFO - ========== [Finished reading and processing chunks] ==========
2025-03-12 01:49:10 - INFO - Saving results...
2025-03-12 01:49:10 - INFO - Results saved to /home/jovyan/Workspace/workspace_mnist/results/exp_icecream/experiment_trainsize_predictions_2025-03-12_01-49-10.json
2025-03-12 01:49:10 - INFO - Results successfully saved to /home/jovyan/Workspace/workspace_mnist/results/exp_icecream/experiment_trainsize_predictions_2025-03-12_01-49-10.json
2025-03-12 01:49:10 - INFO - Garbage collection executed.
2025-03-12 01:49:10 - INFO - ========== [Experiment Completed] in 27.77 minutes ==========
