2025-04-09 01:20:14 - INFO - Logging initialized.
 Writing to /home/jovyan/Workspace/workspace_mnist/logs/exp_icecream/experiment_logs_2025-04-09_01-20-14.log
2025-04-09 01:20:14 - INFO - ========== [Experiment Start] ==========
2025-04-09 01:20:14 - INFO - Views combinations succesfully generated.
2025-04-09 01:20:14 - INFO - Topological Data Analysis pipeline generated.
2025-04-09 01:20:14 - INFO - Generating folder to save results.
2025-04-09 01:20:14 - INFO - Reading dataset in chunks from mnist_784.csv (chunk size: 70000)
2025-04-09 01:20:15 - INFO - Starting multiview data preparation for a chunk of size (70000, 784)...
2025-04-09 01:20:15 - INFO - Running using 24 jobs.
2025-04-09 01:20:15 - INFO - Contaminating dataset with circles using 2.
2025-04-09 01:20:15 - INFO - Splitting data: 17.8% train / 20.0% test (random_state=323447783)
2025-04-09 01:20:15 - INFO - Data split complete. Train size: (9955, 784), Test size: (14000, 784)
2025-04-09 01:20:15 - INFO - Reshaping train and test data into square images...
2025-04-09 01:20:15 - INFO - Reshaping complete. Train images: (9955, 28, 28), Test images: (14000, 28, 28)
2025-04-09 01:20:15 - INFO - Splitting images into quadrant views...
2025-04-09 01:20:15 - INFO - Quadrant view splitting complete. Train views: 4, Test views: 4
2025-04-09 01:20:15 - INFO - >> Starting TDA pipeline transformation on train data...
2025-04-09 01:21:42 - INFO - >> TDA transformation for train data completed (1.45 minutes).
2025-04-09 01:21:42 - INFO - >> Applying TDA pipeline transformation on test data...
2025-04-09 01:23:47 - INFO - >> TDA transformation for test data completed (2.08 minutes).
2025-04-09 01:23:47 - INFO - ========== [Model Training Start] ==========
2025-04-09 01:23:47 - INFO - Training model: original
2025-04-09 01:23:47 - INFO - Model original completed in 0.28 seconds.
2025-04-09 01:23:47 - INFO - >>> Model original trained. Accuracy: 0.9483 (0.28 sec.)
2025-04-09 01:23:47 - INFO - Training model: bottom_right-original
2025-04-09 01:23:51 - INFO - Model bottom_right-original completed in 4.05 seconds.
2025-04-09 01:23:51 - INFO - >>> Model bottom_right-original trained. Accuracy: 0.9536 (4.05 sec.)
2025-04-09 01:23:51 - INFO - Training model: original-top_left
2025-04-09 01:23:55 - INFO - Model original-top_left completed in 3.96 seconds.
2025-04-09 01:23:55 - INFO - >>> Model original-top_left trained. Accuracy: 0.9529 (3.96 sec.)
2025-04-09 01:23:55 - INFO - Training model: tda-original
2025-04-09 01:23:59 - INFO - Model tda-original completed in 3.72 seconds.
2025-04-09 01:23:59 - INFO - >>> Model tda-original trained. Accuracy: 0.9765 (3.72 sec.)
2025-04-09 01:23:59 - INFO - Training model: bottom_left-original
2025-04-09 01:24:02 - INFO - Model bottom_left-original completed in 3.52 seconds.
2025-04-09 01:24:02 - INFO - >>> Model bottom_left-original trained. Accuracy: 0.9519 (3.52 sec.)
2025-04-09 01:24:02 - INFO - Training model: top_right-original
2025-04-09 01:24:06 - INFO - Model top_right-original completed in 3.85 seconds.
2025-04-09 01:24:06 - INFO - >>> Model top_right-original trained. Accuracy: 0.9526 (3.85 sec.)
2025-04-09 01:24:06 - INFO - Training model: bottom_right-original-top_left
2025-04-09 01:24:12 - INFO - Model bottom_right-original-top_left completed in 5.88 seconds.
2025-04-09 01:24:12 - INFO - >>> Model bottom_right-original-top_left trained. Accuracy: 0.9557 (5.88 sec.)
2025-04-09 01:24:12 - INFO - Training model: bottom_right-original-tda
2025-04-09 01:24:18 - INFO - Model bottom_right-original-tda completed in 5.65 seconds.
2025-04-09 01:24:18 - INFO - >>> Model bottom_right-original-tda trained. Accuracy: 0.9764 (5.65 sec.)
2025-04-09 01:24:18 - INFO - Training model: bottom_left-bottom_right-original
2025-04-09 01:24:23 - INFO - Model bottom_left-bottom_right-original completed in 5.96 seconds.
2025-04-09 01:24:24 - INFO - >>> Model bottom_left-bottom_right-original trained. Accuracy: 0.9555 (5.96 sec.)
2025-04-09 01:24:24 - INFO - Training model: bottom_right-original-top_right
2025-04-09 01:24:30 - INFO - Model bottom_right-original-top_right completed in 6.11 seconds.
2025-04-09 01:24:30 - INFO - >>> Model bottom_right-original-top_right trained. Accuracy: 0.9571 (6.11 sec.)
2025-04-09 01:24:30 - INFO - Training model: tda-original-top_left
2025-04-09 01:24:35 - INFO - Model tda-original-top_left completed in 5.83 seconds.
2025-04-09 01:24:35 - INFO - >>> Model tda-original-top_left trained. Accuracy: 0.9756 (5.83 sec.)
2025-04-09 01:24:35 - INFO - Training model: bottom_left-original-top_left
2025-04-09 01:24:41 - INFO - Model bottom_left-original-top_left completed in 5.96 seconds.
2025-04-09 01:24:41 - INFO - >>> Model bottom_left-original-top_left trained. Accuracy: 0.9546 (5.96 sec.)
2025-04-09 01:24:41 - INFO - Training model: top_right-original-top_left
2025-04-09 01:24:47 - INFO - Model top_right-original-top_left completed in 6.00 seconds.
2025-04-09 01:24:47 - INFO - >>> Model top_right-original-top_left trained. Accuracy: 0.9560 (6.00 sec.)
2025-04-09 01:24:47 - INFO - Training model: bottom_left-tda-original
2025-04-09 01:24:53 - INFO - Model bottom_left-tda-original completed in 5.75 seconds.
2025-04-09 01:24:53 - INFO - >>> Model bottom_left-tda-original trained. Accuracy: 0.9748 (5.75 sec.)
2025-04-09 01:24:53 - INFO - Training model: tda-original-top_right
2025-04-09 01:24:59 - INFO - Model tda-original-top_right completed in 5.56 seconds.
2025-04-09 01:24:59 - INFO - >>> Model tda-original-top_right trained. Accuracy: 0.9770 (5.56 sec.)
2025-04-09 01:24:59 - INFO - Training model: bottom_left-top_right-original
2025-04-09 01:25:05 - INFO - Model bottom_left-top_right-original completed in 5.85 seconds.
2025-04-09 01:25:05 - INFO - >>> Model bottom_left-top_right-original trained. Accuracy: 0.9569 (5.85 sec.)
2025-04-09 01:25:05 - INFO - Training model: bottom_right-original-top_left-tda
2025-04-09 01:25:12 - INFO - Model bottom_right-original-top_left-tda completed in 7.72 seconds.
2025-04-09 01:25:12 - INFO - >>> Model bottom_right-original-top_left-tda trained. Accuracy: 0.9775 (7.72 sec.)
2025-04-09 01:25:12 - INFO - Training model: bottom_left-bottom_right-original-top_left
2025-04-09 01:25:20 - INFO - Model bottom_left-bottom_right-original-top_left completed in 7.55 seconds.
2025-04-09 01:25:20 - INFO - >>> Model bottom_left-bottom_right-original-top_left trained. Accuracy: 0.9588 (7.55 sec.)
2025-04-09 01:25:20 - INFO - Training model: top_right-bottom_right-original-top_left
2025-04-09 01:25:28 - INFO - Model top_right-bottom_right-original-top_left completed in 7.65 seconds.
2025-04-09 01:25:28 - INFO - >>> Model top_right-bottom_right-original-top_left trained. Accuracy: 0.9591 (7.65 sec.)
2025-04-09 01:25:28 - INFO - Training model: bottom_left-bottom_right-original-tda
2025-04-09 01:25:35 - INFO - Model bottom_left-bottom_right-original-tda completed in 7.67 seconds.
2025-04-09 01:25:35 - INFO - >>> Model bottom_left-bottom_right-original-tda trained. Accuracy: 0.9751 (7.67 sec.)
2025-04-09 01:25:35 - INFO - Training model: bottom_right-original-top_right-tda
2025-04-09 01:25:43 - INFO - Model bottom_right-original-top_right-tda completed in 7.65 seconds.
2025-04-09 01:25:43 - INFO - >>> Model bottom_right-original-top_right-tda trained. Accuracy: 0.9786 (7.65 sec.)
2025-04-09 01:25:43 - INFO - Training model: bottom_left-bottom_right-original-top_right
2025-04-09 01:25:50 - INFO - Model bottom_left-bottom_right-original-top_right completed in 7.55 seconds.
2025-04-09 01:25:50 - INFO - >>> Model bottom_left-bottom_right-original-top_right trained. Accuracy: 0.9599 (7.55 sec.)
2025-04-09 01:25:50 - INFO - Training model: bottom_left-tda-original-top_left
2025-04-09 01:25:58 - INFO - Model bottom_left-tda-original-top_left completed in 7.55 seconds.
2025-04-09 01:25:58 - INFO - >>> Model bottom_left-tda-original-top_left trained. Accuracy: 0.9750 (7.55 sec.)
2025-04-09 01:25:58 - INFO - Training model: top_right-tda-original-top_left
2025-04-09 01:26:06 - INFO - Model top_right-tda-original-top_left completed in 7.66 seconds.
2025-04-09 01:26:06 - INFO - >>> Model top_right-tda-original-top_left trained. Accuracy: 0.9770 (7.66 sec.)
2025-04-09 01:26:06 - INFO - Training model: bottom_left-top_right-original-top_left
2025-04-09 01:26:14 - INFO - Model bottom_left-top_right-original-top_left completed in 7.98 seconds.
2025-04-09 01:26:14 - INFO - >>> Model bottom_left-top_right-original-top_left trained. Accuracy: 0.9593 (7.98 sec.)
2025-04-09 01:26:14 - INFO - Training model: bottom_left-tda-original-top_right
2025-04-09 01:26:21 - INFO - Model bottom_left-tda-original-top_right completed in 7.67 seconds.
2025-04-09 01:26:21 - INFO - >>> Model bottom_left-tda-original-top_right trained. Accuracy: 0.9776 (7.67 sec.)
2025-04-09 01:26:21 - INFO - Training model: bottom_right-top_left-bottom_left-tda-original
2025-04-09 01:26:31 - INFO - Model bottom_right-top_left-bottom_left-tda-original completed in 9.50 seconds.
2025-04-09 01:26:31 - INFO - >>> Model bottom_right-top_left-bottom_left-tda-original trained. Accuracy: 0.9774 (9.50 sec.)
2025-04-09 01:26:31 - INFO - Training model: bottom_right-top_left-tda-top_right-original
2025-04-09 01:26:40 - INFO - Model bottom_right-top_left-tda-top_right-original completed in 9.46 seconds.
2025-04-09 01:26:40 - INFO - >>> Model bottom_right-top_left-tda-top_right-original trained. Accuracy: 0.9787 (9.46 sec.)
2025-04-09 01:26:40 - INFO - Training model: bottom_right-top_left-bottom_left-top_right-original
2025-04-09 01:26:50 - INFO - Model bottom_right-top_left-bottom_left-top_right-original completed in 9.73 seconds.
2025-04-09 01:26:50 - INFO - >>> Model bottom_right-top_left-bottom_left-top_right-original trained. Accuracy: 0.9636 (9.73 sec.)
2025-04-09 01:26:50 - INFO - Training model: bottom_right-tda-bottom_left-top_right-original
2025-04-09 01:26:59 - INFO - Model bottom_right-tda-bottom_left-top_right-original completed in 9.17 seconds.
2025-04-09 01:26:59 - INFO - >>> Model bottom_right-tda-bottom_left-top_right-original trained. Accuracy: 0.9781 (9.17 sec.)
2025-04-09 01:26:59 - INFO - Training model: top_left-tda-bottom_left-top_right-original
2025-04-09 01:27:09 - INFO - Model top_left-tda-bottom_left-top_right-original completed in 9.54 seconds.
2025-04-09 01:27:09 - INFO - >>> Model top_left-tda-bottom_left-top_right-original trained. Accuracy: 0.9781 (9.54 sec.)
2025-04-09 01:27:09 - INFO - Training model: bottom_right-top_left-bottom_left-tda-original-top_right
2025-04-09 01:27:20 - INFO - Model bottom_right-top_left-bottom_left-tda-original-top_right completed in 11.36 seconds.
2025-04-09 01:27:20 - INFO - >>> Model bottom_right-top_left-bottom_left-tda-original-top_right trained. Accuracy: 0.9796 (11.36 sec.)
2025-04-09 01:27:20 - INFO - All models trained successfully.
2025-04-09 01:27:20 - INFO - ========== [Model Training Completed] in 3.56 minutes ==========
2025-04-09 01:27:20 - INFO - ========== [Experiment Training Complete] ==========
2025-04-09 01:27:20 - INFO - Results saved to /home/jovyan/Workspace/workspace_mnist/results/exp_icecream/experiment_trainsize_predictions_2025-04-09_01-27-20.json
2025-04-09 01:27:20 - INFO - Results successfully saved to /home/jovyan/Workspace/workspace_mnist/results/exp_icecream/experiment_trainsize_predictions_2025-04-09_01-27-20.json
2025-04-09 01:27:20 - INFO - Garbage collection executed.
2025-04-09 01:27:20 - INFO - ========== [Experiment Completed] in 7.11 minutes ==========
