2025-03-12 23:06:59 - INFO - Logging initialized.
 Writing to /home/jovyan/Workspace/workspace_mnist/logs/exp_icecream/experiment_logs_2025-03-12_23-06-59.log
2025-03-12 23:06:59 - INFO - ========== [Experiment Start] ==========
2025-03-12 23:06:59 - INFO - Views combinations succesfully generated.
2025-03-12 23:06:59 - INFO - Topological Data Analysis pipeline generated.
2025-03-12 23:06:59 - INFO - Generating folder to save results.
2025-03-12 23:06:59 - INFO - Reading dataset in chunks from mnist_784.csv (chunk size: 70000)
2025-03-12 23:07:00 - INFO - Starting multiview data preparation for a chunk of size (70000, 784)...
2025-03-12 23:07:00 - INFO - Running using 8 jobs.
2025-03-12 23:07:00 - INFO - Splitting data: 41.1% train / 20.0% test (random_state=999719309)
2025-03-12 23:07:00 - INFO - Data split complete. Train size: (23022, 784), Test size: (14000, 784)
2025-03-12 23:07:00 - INFO - Reshaping train and test data into square images...
2025-03-12 23:07:00 - INFO - Reshaping complete. Train images: (23022, 28, 28), Test images: (14000, 28, 28)
2025-03-12 23:07:00 - INFO - Splitting images into quadrant views...
2025-03-12 23:07:00 - INFO - Quadrant view splitting complete. Train views: 4, Test views: 4
2025-03-12 23:07:00 - INFO - >> Starting TDA pipeline transformation on train data...
2025-03-12 23:13:05 - INFO - >> TDA transformation for train data completed (6.08 minutes).
2025-03-12 23:13:05 - INFO - >> Applying TDA pipeline transformation on test data...
2025-03-12 23:16:46 - INFO - >> TDA transformation for test data completed (3.68 minutes).
2025-03-12 23:16:46 - INFO - ========== [Model Training Start] ==========
2025-03-12 23:16:46 - INFO - Training model: original
2025-03-12 23:16:47 - INFO - Model original completed in 0.94 seconds.
2025-03-12 23:16:47 - INFO - >>> Model original trained. Accuracy: 0.9594 (0.94 sec.)
2025-03-12 23:16:47 - INFO - Training model: tda-original
2025-03-12 23:16:56 - INFO - Model tda-original completed in 9.52 seconds.
2025-03-12 23:16:56 - INFO - >>> Model tda-original trained. Accuracy: 0.9797 (9.52 sec.)
2025-03-12 23:16:56 - INFO - Training model: top_left-original
2025-03-12 23:17:03 - INFO - Model top_left-original completed in 7.04 seconds.
2025-03-12 23:17:03 - INFO - >>> Model top_left-original trained. Accuracy: 0.9624 (7.04 sec.)
2025-03-12 23:17:03 - INFO - Training model: bottom_left-original
2025-03-12 23:17:11 - INFO - Model bottom_left-original completed in 7.19 seconds.
2025-03-12 23:17:11 - INFO - >>> Model bottom_left-original trained. Accuracy: 0.9606 (7.19 sec.)
2025-03-12 23:17:11 - INFO - Training model: original-top_right
2025-03-12 23:17:18 - INFO - Model original-top_right completed in 7.22 seconds.
2025-03-12 23:17:18 - INFO - >>> Model original-top_right trained. Accuracy: 0.9613 (7.22 sec.)
2025-03-12 23:17:18 - INFO - Training model: original-bottom_right
2025-03-12 23:17:25 - INFO - Model original-bottom_right completed in 7.28 seconds.
2025-03-12 23:17:25 - INFO - >>> Model original-bottom_right trained. Accuracy: 0.9634 (7.28 sec.)
2025-03-12 23:17:25 - INFO - Training model: tda-original-top_left
2025-03-12 23:17:37 - INFO - Model tda-original-top_left completed in 11.94 seconds.
2025-03-12 23:17:37 - INFO - >>> Model tda-original-top_left trained. Accuracy: 0.9786 (11.94 sec.)
2025-03-12 23:17:37 - INFO - Training model: tda-bottom_left-original
2025-03-12 23:17:49 - INFO - Model tda-bottom_left-original completed in 12.01 seconds.
2025-03-12 23:17:49 - INFO - >>> Model tda-bottom_left-original trained. Accuracy: 0.9779 (12.01 sec.)
2025-03-12 23:17:49 - INFO - Training model: tda-original-top_right
2025-03-12 23:18:01 - INFO - Model tda-original-top_right completed in 12.15 seconds.
2025-03-12 23:18:01 - INFO - >>> Model tda-original-top_right trained. Accuracy: 0.9785 (12.15 sec.)
2025-03-12 23:18:01 - INFO - Training model: tda-original-bottom_right
2025-03-12 23:18:13 - INFO - Model tda-original-bottom_right completed in 12.25 seconds.
2025-03-12 23:18:13 - INFO - >>> Model tda-original-bottom_right trained. Accuracy: 0.9791 (12.25 sec.)
2025-03-12 23:18:13 - INFO - Training model: top_left-bottom_left-original
2025-03-12 23:18:23 - INFO - Model top_left-bottom_left-original completed in 9.40 seconds.
2025-03-12 23:18:23 - INFO - >>> Model top_left-bottom_left-original trained. Accuracy: 0.9644 (9.40 sec.)
2025-03-12 23:18:23 - INFO - Training model: top_left-original-top_right
2025-03-12 23:18:32 - INFO - Model top_left-original-top_right completed in 9.54 seconds.
2025-03-12 23:18:32 - INFO - >>> Model top_left-original-top_right trained. Accuracy: 0.9654 (9.54 sec.)
2025-03-12 23:18:32 - INFO - Training model: top_left-original-bottom_right
2025-03-12 23:18:42 - INFO - Model top_left-original-bottom_right completed in 9.66 seconds.
2025-03-12 23:18:42 - INFO - >>> Model top_left-original-bottom_right trained. Accuracy: 0.9665 (9.66 sec.)
2025-03-12 23:18:42 - INFO - Training model: bottom_left-original-top_right
2025-03-12 23:18:52 - INFO - Model bottom_left-original-top_right completed in 9.73 seconds.
2025-03-12 23:18:52 - INFO - >>> Model bottom_left-original-top_right trained. Accuracy: 0.9639 (9.73 sec.)
2025-03-12 23:18:52 - INFO - Training model: bottom_left-original-bottom_right
2025-03-12 23:19:02 - INFO - Model bottom_left-original-bottom_right completed in 9.78 seconds.
2025-03-12 23:19:02 - INFO - >>> Model bottom_left-original-bottom_right trained. Accuracy: 0.9633 (9.78 sec.)
2025-03-12 23:19:02 - INFO - Training model: bottom_right-original-top_right
2025-03-12 23:19:11 - INFO - Model bottom_right-original-top_right completed in 9.99 seconds.
2025-03-12 23:19:11 - INFO - >>> Model bottom_right-original-top_right trained. Accuracy: 0.9664 (9.99 sec.)
2025-03-12 23:19:11 - INFO - Training model: tda-bottom_left-original-top_left
2025-03-12 23:19:26 - INFO - Model tda-bottom_left-original-top_left completed in 14.37 seconds.
2025-03-12 23:19:26 - INFO - >>> Model tda-bottom_left-original-top_left trained. Accuracy: 0.9781 (14.37 sec.)
2025-03-12 23:19:26 - INFO - Training model: tda-original-top_right-top_left
2025-03-12 23:19:40 - INFO - Model tda-original-top_right-top_left completed in 14.49 seconds.
2025-03-12 23:19:40 - INFO - >>> Model tda-original-top_right-top_left trained. Accuracy: 0.9784 (14.49 sec.)
2025-03-12 23:19:40 - INFO - Training model: tda-bottom_right-original-top_left
2025-03-12 23:19:55 - INFO - Model tda-bottom_right-original-top_left completed in 14.47 seconds.
2025-03-12 23:19:55 - INFO - >>> Model tda-bottom_right-original-top_left trained. Accuracy: 0.9799 (14.47 sec.)
2025-03-12 23:19:55 - INFO - Training model: tda-bottom_left-original-top_right
2025-03-12 23:20:09 - INFO - Model tda-bottom_left-original-top_right completed in 14.51 seconds.
2025-03-12 23:20:09 - INFO - >>> Model tda-bottom_left-original-top_right trained. Accuracy: 0.9793 (14.51 sec.)
2025-03-12 23:20:09 - INFO - Training model: tda-bottom_left-original-bottom_right
2025-03-12 23:20:24 - INFO - Model tda-bottom_left-original-bottom_right completed in 14.62 seconds.
2025-03-12 23:20:24 - INFO - >>> Model tda-bottom_left-original-bottom_right trained. Accuracy: 0.9776 (14.62 sec.)
2025-03-12 23:20:24 - INFO - Training model: tda-bottom_right-original-top_right
2025-03-12 23:20:39 - INFO - Model tda-bottom_right-original-top_right completed in 14.88 seconds.
2025-03-12 23:20:39 - INFO - >>> Model tda-bottom_right-original-top_right trained. Accuracy: 0.9789 (14.88 sec.)
2025-03-12 23:20:39 - INFO - Training model: top_left-bottom_left-original-top_right
2025-03-12 23:20:51 - INFO - Model top_left-bottom_left-original-top_right completed in 11.96 seconds.
2025-03-12 23:20:51 - INFO - >>> Model top_left-bottom_left-original-top_right trained. Accuracy: 0.9667 (11.96 sec.)
2025-03-12 23:20:51 - INFO - Training model: top_left-bottom_left-original-bottom_right
2025-03-12 23:21:03 - INFO - Model top_left-bottom_left-original-bottom_right completed in 12.07 seconds.
2025-03-12 23:21:03 - INFO - >>> Model top_left-bottom_left-original-bottom_right trained. Accuracy: 0.9671 (12.07 sec.)
2025-03-12 23:21:03 - INFO - Training model: top_left-bottom_right-original-top_right
2025-03-12 23:21:15 - INFO - Model top_left-bottom_right-original-top_right completed in 12.22 seconds.
2025-03-12 23:21:15 - INFO - >>> Model top_left-bottom_right-original-top_right trained. Accuracy: 0.9691 (12.22 sec.)
2025-03-12 23:21:15 - INFO - Training model: bottom_right-bottom_left-original-top_right
2025-03-12 23:21:28 - INFO - Model bottom_right-bottom_left-original-top_right completed in 12.47 seconds.
2025-03-12 23:21:28 - INFO - >>> Model bottom_right-bottom_left-original-top_right trained. Accuracy: 0.9669 (12.47 sec.)
2025-03-12 23:21:28 - INFO - Training model: tda-top_left-original-bottom_left-top_right
2025-03-12 23:21:45 - INFO - Model tda-top_left-original-bottom_left-top_right completed in 16.98 seconds.
2025-03-12 23:21:45 - INFO - >>> Model tda-top_left-original-bottom_left-top_right trained. Accuracy: 0.9789 (16.98 sec.)
2025-03-12 23:21:45 - INFO - Training model: tda-top_left-original-bottom_left-bottom_right
2025-03-12 23:22:02 - INFO - Model tda-top_left-original-bottom_left-bottom_right completed in 16.97 seconds.
2025-03-12 23:22:02 - INFO - >>> Model tda-top_left-original-bottom_left-bottom_right trained. Accuracy: 0.9796 (16.97 sec.)
2025-03-12 23:22:02 - INFO - Training model: tda-top_left-original-top_right-bottom_right
2025-03-12 23:22:19 - INFO - Model tda-top_left-original-top_right-bottom_right completed in 17.13 seconds.
2025-03-12 23:22:19 - INFO - >>> Model tda-top_left-original-top_right-bottom_right trained. Accuracy: 0.9795 (17.13 sec.)
2025-03-12 23:22:19 - INFO - Training model: tda-original-bottom_left-top_right-bottom_right
2025-03-12 23:22:36 - INFO - Model tda-original-bottom_left-top_right-bottom_right completed in 17.39 seconds.
2025-03-12 23:22:36 - INFO - >>> Model tda-original-bottom_left-top_right-bottom_right trained. Accuracy: 0.9799 (17.39 sec.)
2025-03-12 23:22:36 - INFO - Training model: top_left-original-bottom_left-top_right-bottom_right
2025-03-12 23:22:51 - INFO - Model top_left-original-bottom_left-top_right-bottom_right completed in 14.70 seconds.
2025-03-12 23:22:51 - INFO - >>> Model top_left-original-bottom_left-top_right-bottom_right trained. Accuracy: 0.9699 (14.70 sec.)
2025-03-12 23:22:51 - INFO - Training model: tda-top_left-original-bottom_left-bottom_right-top_right
2025-03-12 23:23:10 - INFO - Model tda-top_left-original-bottom_left-bottom_right-top_right completed in 19.63 seconds.
2025-03-12 23:23:10 - INFO - >>> Model tda-top_left-original-bottom_left-bottom_right-top_right trained. Accuracy: 0.9799 (19.63 sec.)
2025-03-12 23:23:10 - INFO - All models trained successfully.
2025-03-12 23:23:10 - INFO - ========== [Model Training Completed] in 6.41 minutes ==========
2025-03-12 23:23:10 - INFO - ========== [Experiment Training Complete] ==========
2025-03-12 23:23:10 - INFO - ========== [Finished reading and processing chunks] ==========
2025-03-12 23:23:10 - INFO - Saving results...
2025-03-12 23:23:11 - INFO - Results saved to /home/jovyan/Workspace/workspace_mnist/results/exp_icecream/experiment_trainsize_predictions_2025-03-12_23-23-10.json
2025-03-12 23:23:11 - INFO - Results successfully saved to /home/jovyan/Workspace/workspace_mnist/results/exp_icecream/experiment_trainsize_predictions_2025-03-12_23-23-10.json
2025-03-12 23:23:11 - INFO - Garbage collection executed.
2025-03-12 23:23:11 - INFO - ========== [Experiment Completed] in 16.19 minutes ==========
