2025-03-13 12:55:30 - INFO - Logging initialized.
 Writing to /home/jovyan/Workspace/workspace_mnist/logs/exp_icecream/experiment_logs_2025-03-13_12-55-30.log
2025-03-13 12:55:30 - INFO - ========== [Experiment Start] ==========
2025-03-13 12:55:30 - INFO - Views combinations succesfully generated.
2025-03-13 12:55:30 - INFO - Topological Data Analysis pipeline generated.
2025-03-13 12:55:30 - INFO - Generating folder to save results.
2025-03-13 12:55:30 - INFO - Reading dataset in chunks from mnist_784.csv (chunk size: 70000)
2025-03-13 12:55:31 - INFO - Starting multiview data preparation for a chunk of size (70000, 784)...
2025-03-13 12:55:31 - INFO - Running using 20 jobs.
2025-03-13 12:55:31 - INFO - Splitting data: 80.0% train / 20.0% test (random_state=12444143)
2025-03-13 12:55:31 - INFO - Data split complete. Train size: (44800, 784), Test size: (14000, 784)
2025-03-13 12:55:31 - INFO - Reshaping train and test data into square images...
2025-03-13 12:55:31 - INFO - Reshaping complete. Train images: (44800, 28, 28), Test images: (14000, 28, 28)
2025-03-13 12:55:31 - INFO - Splitting images into quadrant views...
2025-03-13 12:55:31 - INFO - Quadrant view splitting complete. Train views: 4, Test views: 4
2025-03-13 12:55:31 - INFO - >> Starting TDA pipeline transformation on train data...
2025-03-13 13:03:58 - INFO - >> TDA transformation for train data completed (8.44 minutes).
2025-03-13 13:03:58 - INFO - >> Applying TDA pipeline transformation on test data...
2025-03-13 13:06:29 - INFO - >> TDA transformation for test data completed (2.52 minutes).
2025-03-13 13:06:29 - INFO - ========== [Model Training Start] ==========
2025-03-13 13:06:29 - INFO - Training model: original
2025-03-13 13:06:30 - INFO - Model original completed in 1.07 seconds.
2025-03-13 13:06:30 - INFO - >>> Model original trained. Accuracy: 0.9663 (1.07 sec.)
2025-03-13 13:06:30 - INFO - Training model: top_right-original
2025-03-13 13:06:39 - INFO - Model top_right-original completed in 9.01 seconds.
2025-03-13 13:06:39 - INFO - >>> Model top_right-original trained. Accuracy: 0.9687 (9.01 sec.)
2025-03-13 13:06:39 - INFO - Training model: original-bottom_left
2025-03-13 13:06:47 - INFO - Model original-bottom_left completed in 8.82 seconds.
2025-03-13 13:06:47 - INFO - >>> Model original-bottom_left trained. Accuracy: 0.9681 (8.82 sec.)
2025-03-13 13:06:47 - INFO - Training model: top_left-original
2025-03-13 13:06:56 - INFO - Model top_left-original completed in 8.72 seconds.
2025-03-13 13:06:56 - INFO - >>> Model top_left-original trained. Accuracy: 0.9691 (8.72 sec.)
2025-03-13 13:06:56 - INFO - Training model: original-bottom_right
2025-03-13 13:07:05 - INFO - Model original-bottom_right completed in 8.84 seconds.
2025-03-13 13:07:05 - INFO - >>> Model original-bottom_right trained. Accuracy: 0.9716 (8.84 sec.)
2025-03-13 13:07:05 - INFO - Training model: original-tda
2025-03-13 13:07:16 - INFO - Model original-tda completed in 11.25 seconds.
2025-03-13 13:07:16 - INFO - >>> Model original-tda trained. Accuracy: 0.9824 (11.25 sec.)
2025-03-13 13:07:16 - INFO - Training model: top_right-original-bottom_left
2025-03-13 13:07:28 - INFO - Model top_right-original-bottom_left completed in 11.93 seconds.
2025-03-13 13:07:28 - INFO - >>> Model top_right-original-bottom_left trained. Accuracy: 0.9709 (11.93 sec.)
2025-03-13 13:07:28 - INFO - Training model: top_left-top_right-original
2025-03-13 13:07:40 - INFO - Model top_left-top_right-original completed in 11.72 seconds.
2025-03-13 13:07:40 - INFO - >>> Model top_left-top_right-original trained. Accuracy: 0.9713 (11.72 sec.)
2025-03-13 13:07:40 - INFO - Training model: top_right-original-bottom_right
2025-03-13 13:07:52 - INFO - Model top_right-original-bottom_right completed in 12.22 seconds.
2025-03-13 13:07:52 - INFO - >>> Model top_right-original-bottom_right trained. Accuracy: 0.9714 (12.22 sec.)
2025-03-13 13:07:52 - INFO - Training model: top_right-original-tda
2025-03-13 13:08:07 - INFO - Model top_right-original-tda completed in 14.57 seconds.
2025-03-13 13:08:07 - INFO - >>> Model top_right-original-tda trained. Accuracy: 0.9836 (14.57 sec.)
2025-03-13 13:08:07 - INFO - Training model: top_left-original-bottom_left
2025-03-13 13:08:19 - INFO - Model top_left-original-bottom_left completed in 11.79 seconds.
2025-03-13 13:08:19 - INFO - >>> Model top_left-original-bottom_left trained. Accuracy: 0.9701 (11.79 sec.)
2025-03-13 13:08:19 - INFO - Training model: original-bottom_left-bottom_right
2025-03-13 13:08:31 - INFO - Model original-bottom_left-bottom_right completed in 12.09 seconds.
2025-03-13 13:08:31 - INFO - >>> Model original-bottom_left-bottom_right trained. Accuracy: 0.9708 (12.09 sec.)
2025-03-13 13:08:31 - INFO - Training model: original-bottom_left-tda
2025-03-13 13:08:45 - INFO - Model original-bottom_left-tda completed in 14.40 seconds.
2025-03-13 13:08:45 - INFO - >>> Model original-bottom_left-tda trained. Accuracy: 0.9819 (14.40 sec.)
2025-03-13 13:08:45 - INFO - Training model: top_left-original-bottom_right
2025-03-13 13:08:57 - INFO - Model top_left-original-bottom_right completed in 11.70 seconds.
2025-03-13 13:08:57 - INFO - >>> Model top_left-original-bottom_right trained. Accuracy: 0.9716 (11.70 sec.)
2025-03-13 13:08:57 - INFO - Training model: top_left-original-tda
2025-03-13 13:09:11 - INFO - Model top_left-original-tda completed in 14.33 seconds.
2025-03-13 13:09:11 - INFO - >>> Model top_left-original-tda trained. Accuracy: 0.9824 (14.33 sec.)
2025-03-13 13:09:11 - INFO - Training model: original-bottom_right-tda
2025-03-13 13:09:26 - INFO - Model original-bottom_right-tda completed in 14.88 seconds.
2025-03-13 13:09:26 - INFO - >>> Model original-bottom_right-tda trained. Accuracy: 0.9834 (14.88 sec.)
2025-03-13 13:09:26 - INFO - Training model: top_left-top_right-original-bottom_left
2025-03-13 13:09:41 - INFO - Model top_left-top_right-original-bottom_left completed in 15.07 seconds.
2025-03-13 13:09:41 - INFO - >>> Model top_left-top_right-original-bottom_left trained. Accuracy: 0.9734 (15.07 sec.)
2025-03-13 13:09:41 - INFO - Training model: top_right-original-bottom_left-bottom_right
2025-03-13 13:09:56 - INFO - Model top_right-original-bottom_left-bottom_right completed in 15.41 seconds.
2025-03-13 13:09:56 - INFO - >>> Model top_right-original-bottom_left-bottom_right trained. Accuracy: 0.9736 (15.41 sec.)
2025-03-13 13:09:56 - INFO - Training model: top_right-original-bottom_left-tda
2025-03-13 13:10:14 - INFO - Model top_right-original-bottom_left-tda completed in 17.44 seconds.
2025-03-13 13:10:14 - INFO - >>> Model top_right-original-bottom_left-tda trained. Accuracy: 0.9829 (17.44 sec.)
2025-03-13 13:10:14 - INFO - Training model: top_left-top_right-original-bottom_right
2025-03-13 13:10:29 - INFO - Model top_left-top_right-original-bottom_right completed in 15.01 seconds.
2025-03-13 13:10:29 - INFO - >>> Model top_left-top_right-original-bottom_right trained. Accuracy: 0.9743 (15.01 sec.)
2025-03-13 13:10:29 - INFO - Training model: top_left-top_right-original-tda
2025-03-13 13:10:47 - INFO - Model top_left-top_right-original-tda completed in 17.76 seconds.
2025-03-13 13:10:47 - INFO - >>> Model top_left-top_right-original-tda trained. Accuracy: 0.9826 (17.76 sec.)
2025-03-13 13:10:47 - INFO - Training model: top_right-original-bottom_right-tda
2025-03-13 13:11:04 - INFO - Model top_right-original-bottom_right-tda completed in 17.82 seconds.
2025-03-13 13:11:04 - INFO - >>> Model top_right-original-bottom_right-tda trained. Accuracy: 0.9834 (17.82 sec.)
2025-03-13 13:11:04 - INFO - Training model: top_left-original-bottom_left-bottom_right
2025-03-13 13:11:20 - INFO - Model top_left-original-bottom_left-bottom_right completed in 15.08 seconds.
2025-03-13 13:11:20 - INFO - >>> Model top_left-original-bottom_left-bottom_right trained. Accuracy: 0.9721 (15.08 sec.)
2025-03-13 13:11:20 - INFO - Training model: top_left-original-bottom_left-tda
2025-03-13 13:11:37 - INFO - Model top_left-original-bottom_left-tda completed in 17.18 seconds.
2025-03-13 13:11:37 - INFO - >>> Model top_left-original-bottom_left-tda trained. Accuracy: 0.9821 (17.18 sec.)
2025-03-13 13:11:37 - INFO - Training model: tda-original-bottom_left-bottom_right
2025-03-13 13:11:54 - INFO - Model tda-original-bottom_left-bottom_right completed in 17.49 seconds.
2025-03-13 13:11:54 - INFO - >>> Model tda-original-bottom_left-bottom_right trained. Accuracy: 0.9829 (17.49 sec.)
2025-03-13 13:11:54 - INFO - Training model: top_left-original-bottom_right-tda
2025-03-13 13:12:12 - INFO - Model top_left-original-bottom_right-tda completed in 17.75 seconds.
2025-03-13 13:12:12 - INFO - >>> Model top_left-original-bottom_right-tda trained. Accuracy: 0.9839 (17.75 sec.)
2025-03-13 13:12:12 - INFO - Training model: top_right-bottom_left-top_left-original-bottom_right
2025-03-13 13:12:30 - INFO - Model top_right-bottom_left-top_left-original-bottom_right completed in 18.28 seconds.
2025-03-13 13:12:30 - INFO - >>> Model top_right-bottom_left-top_left-original-bottom_right trained. Accuracy: 0.9756 (18.28 sec.)
2025-03-13 13:12:30 - INFO - Training model: top_right-bottom_left-top_left-original-tda
2025-03-13 13:12:51 - INFO - Model top_right-bottom_left-top_left-original-tda completed in 20.46 seconds.
2025-03-13 13:12:51 - INFO - >>> Model top_right-bottom_left-top_left-original-tda trained. Accuracy: 0.9835 (20.46 sec.)
2025-03-13 13:12:51 - INFO - Training model: top_right-bottom_left-original-bottom_right-tda
2025-03-13 13:13:12 - INFO - Model top_right-bottom_left-original-bottom_right-tda completed in 21.15 seconds.
2025-03-13 13:13:12 - INFO - >>> Model top_right-bottom_left-original-bottom_right-tda trained. Accuracy: 0.9839 (21.15 sec.)
2025-03-13 13:13:12 - INFO - Training model: top_right-top_left-original-bottom_right-tda
2025-03-13 13:13:33 - INFO - Model top_right-top_left-original-bottom_right-tda completed in 20.76 seconds.
2025-03-13 13:13:33 - INFO - >>> Model top_right-top_left-original-bottom_right-tda trained. Accuracy: 0.9846 (20.76 sec.)
2025-03-13 13:13:33 - INFO - Training model: bottom_left-top_left-original-bottom_right-tda
2025-03-13 13:13:53 - INFO - Model bottom_left-top_left-original-bottom_right-tda completed in 20.48 seconds.
2025-03-13 13:13:53 - INFO - >>> Model bottom_left-top_left-original-bottom_right-tda trained. Accuracy: 0.9831 (20.48 sec.)
2025-03-13 13:13:53 - INFO - Training model: top_right-bottom_left-top_left-original-bottom_right-tda
2025-03-13 13:14:17 - INFO - Model top_right-bottom_left-top_left-original-bottom_right-tda completed in 23.92 seconds.
2025-03-13 13:14:17 - INFO - >>> Model top_right-bottom_left-top_left-original-bottom_right-tda trained. Accuracy: 0.9852 (23.92 sec.)
2025-03-13 13:14:17 - INFO - All models trained successfully.
2025-03-13 13:14:17 - INFO - ========== [Model Training Completed] in 7.81 minutes ==========
2025-03-13 13:14:17 - INFO - ========== [Experiment Training Complete] ==========
2025-03-13 13:14:17 - INFO - ========== [Finished reading and processing chunks] ==========
2025-03-13 13:14:17 - INFO - Saving results...
2025-03-13 13:14:17 - INFO - Results saved to /home/jovyan/Workspace/workspace_mnist/results/exp_icecream/experiment_trainsize_predictions_2025-03-13_13-14-17.json
2025-03-13 13:14:17 - INFO - Results successfully saved to /home/jovyan/Workspace/workspace_mnist/results/exp_icecream/experiment_trainsize_predictions_2025-03-13_13-14-17.json
2025-03-13 13:14:17 - INFO - Garbage collection executed.
2025-03-13 13:14:17 - INFO - ========== [Experiment Completed] in 18.78 minutes ==========
