2025-04-09 06:43:49 - INFO - Logging initialized.
 Writing to /home/jovyan/Workspace/workspace_mnist/logs/exp_icecream/experiment_logs_2025-04-09_06-43-49.log
2025-04-09 06:43:49 - INFO - ========== [Experiment Start] ==========
2025-04-09 06:43:49 - INFO - Views combinations succesfully generated.
2025-04-09 06:43:49 - INFO - Topological Data Analysis pipeline generated.
2025-04-09 06:43:49 - INFO - Generating folder to save results.
2025-04-09 06:43:49 - INFO - Reading dataset in chunks from mnist_784.csv (chunk size: 70000)
2025-04-09 06:43:50 - INFO - Starting multiview data preparation for a chunk of size (70000, 784)...
2025-04-09 06:43:50 - INFO - Running using 24 jobs.
2025-04-09 06:43:50 - INFO - Contaminating dataset with circles using 2.
2025-04-09 06:43:50 - INFO - Splitting data: 17.8% train / 20.0% test (random_state=999719309)
2025-04-09 06:43:50 - INFO - Data split complete. Train size: (9955, 784), Test size: (14000, 784)
2025-04-09 06:43:50 - INFO - Reshaping train and test data into square images...
2025-04-09 06:43:50 - INFO - Reshaping complete. Train images: (9955, 28, 28), Test images: (14000, 28, 28)
2025-04-09 06:43:50 - INFO - Splitting images into quadrant views...
2025-04-09 06:43:50 - INFO - Quadrant view splitting complete. Train views: 4, Test views: 4
2025-04-09 06:43:50 - INFO - >> Starting TDA pipeline transformation on train data...
2025-04-09 06:45:18 - INFO - >> TDA transformation for train data completed (1.47 minutes).
2025-04-09 06:45:18 - INFO - >> Applying TDA pipeline transformation on test data...
2025-04-09 06:47:22 - INFO - >> TDA transformation for test data completed (2.07 minutes).
2025-04-09 06:47:22 - INFO - ========== [Model Training Start] ==========
2025-04-09 06:47:22 - INFO - Training model: original
2025-04-09 06:47:22 - INFO - Model original completed in 0.30 seconds.
2025-04-09 06:47:22 - INFO - >>> Model original trained. Accuracy: 0.9479 (0.30 sec.)
2025-04-09 06:47:22 - INFO - Training model: bottom_right-original
2025-04-09 06:47:26 - INFO - Model bottom_right-original completed in 3.79 seconds.
2025-04-09 06:47:26 - INFO - >>> Model bottom_right-original trained. Accuracy: 0.9514 (3.79 sec.)
2025-04-09 06:47:26 - INFO - Training model: original-top_left
2025-04-09 06:47:30 - INFO - Model original-top_left completed in 3.81 seconds.
2025-04-09 06:47:30 - INFO - >>> Model original-top_left trained. Accuracy: 0.9519 (3.81 sec.)
2025-04-09 06:47:30 - INFO - Training model: tda-original
2025-04-09 06:47:34 - INFO - Model tda-original completed in 3.70 seconds.
2025-04-09 06:47:34 - INFO - >>> Model tda-original trained. Accuracy: 0.9734 (3.70 sec.)
2025-04-09 06:47:34 - INFO - Training model: bottom_left-original
2025-04-09 06:47:38 - INFO - Model bottom_left-original completed in 4.19 seconds.
2025-04-09 06:47:38 - INFO - >>> Model bottom_left-original trained. Accuracy: 0.9486 (4.19 sec.)
2025-04-09 06:47:38 - INFO - Training model: top_right-original
2025-04-09 06:47:42 - INFO - Model top_right-original completed in 3.66 seconds.
2025-04-09 06:47:42 - INFO - >>> Model top_right-original trained. Accuracy: 0.9529 (3.66 sec.)
2025-04-09 06:47:42 - INFO - Training model: bottom_right-original-top_left
2025-04-09 06:47:47 - INFO - Model bottom_right-original-top_left completed in 5.64 seconds.
2025-04-09 06:47:47 - INFO - >>> Model bottom_right-original-top_left trained. Accuracy: 0.9559 (5.64 sec.)
2025-04-09 06:47:47 - INFO - Training model: bottom_right-original-tda
2025-04-09 06:47:53 - INFO - Model bottom_right-original-tda completed in 5.76 seconds.
2025-04-09 06:47:53 - INFO - >>> Model bottom_right-original-tda trained. Accuracy: 0.9744 (5.76 sec.)
2025-04-09 06:47:53 - INFO - Training model: bottom_left-bottom_right-original
2025-04-09 06:47:59 - INFO - Model bottom_left-bottom_right-original completed in 5.68 seconds.
2025-04-09 06:47:59 - INFO - >>> Model bottom_left-bottom_right-original trained. Accuracy: 0.9517 (5.68 sec.)
2025-04-09 06:47:59 - INFO - Training model: bottom_right-original-top_right
2025-04-09 06:48:05 - INFO - Model bottom_right-original-top_right completed in 6.06 seconds.
2025-04-09 06:48:05 - INFO - >>> Model bottom_right-original-top_right trained. Accuracy: 0.9554 (6.06 sec.)
2025-04-09 06:48:05 - INFO - Training model: tda-original-top_left
2025-04-09 06:48:11 - INFO - Model tda-original-top_left completed in 5.79 seconds.
2025-04-09 06:48:11 - INFO - >>> Model tda-original-top_left trained. Accuracy: 0.9729 (5.79 sec.)
2025-04-09 06:48:11 - INFO - Training model: bottom_left-original-top_left
2025-04-09 06:48:17 - INFO - Model bottom_left-original-top_left completed in 6.06 seconds.
2025-04-09 06:48:17 - INFO - >>> Model bottom_left-original-top_left trained. Accuracy: 0.9524 (6.06 sec.)
2025-04-09 06:48:17 - INFO - Training model: top_right-original-top_left
2025-04-09 06:48:23 - INFO - Model top_right-original-top_left completed in 5.98 seconds.
2025-04-09 06:48:23 - INFO - >>> Model top_right-original-top_left trained. Accuracy: 0.9559 (5.98 sec.)
2025-04-09 06:48:23 - INFO - Training model: bottom_left-tda-original
2025-04-09 06:48:28 - INFO - Model bottom_left-tda-original completed in 5.89 seconds.
2025-04-09 06:48:28 - INFO - >>> Model bottom_left-tda-original trained. Accuracy: 0.9714 (5.89 sec.)
2025-04-09 06:48:28 - INFO - Training model: tda-original-top_right
2025-04-09 06:48:34 - INFO - Model tda-original-top_right completed in 5.49 seconds.
2025-04-09 06:48:34 - INFO - >>> Model tda-original-top_right trained. Accuracy: 0.9739 (5.49 sec.)
2025-04-09 06:48:34 - INFO - Training model: bottom_left-top_right-original
2025-04-09 06:48:40 - INFO - Model bottom_left-top_right-original completed in 5.95 seconds.
2025-04-09 06:48:40 - INFO - >>> Model bottom_left-top_right-original trained. Accuracy: 0.9553 (5.95 sec.)
2025-04-09 06:48:40 - INFO - Training model: bottom_right-original-top_left-tda
2025-04-09 06:48:48 - INFO - Model bottom_right-original-top_left-tda completed in 7.81 seconds.
2025-04-09 06:48:48 - INFO - >>> Model bottom_right-original-top_left-tda trained. Accuracy: 0.9745 (7.81 sec.)
2025-04-09 06:48:48 - INFO - Training model: bottom_left-bottom_right-original-top_left
2025-04-09 06:48:56 - INFO - Model bottom_left-bottom_right-original-top_left completed in 8.04 seconds.
2025-04-09 06:48:56 - INFO - >>> Model bottom_left-bottom_right-original-top_left trained. Accuracy: 0.9561 (8.04 sec.)
2025-04-09 06:48:56 - INFO - Training model: top_right-bottom_right-original-top_left
2025-04-09 06:49:04 - INFO - Model top_right-bottom_right-original-top_left completed in 7.80 seconds.
2025-04-09 06:49:04 - INFO - >>> Model top_right-bottom_right-original-top_left trained. Accuracy: 0.9589 (7.80 sec.)
2025-04-09 06:49:04 - INFO - Training model: bottom_left-bottom_right-original-tda
2025-04-09 06:49:11 - INFO - Model bottom_left-bottom_right-original-tda completed in 7.51 seconds.
2025-04-09 06:49:11 - INFO - >>> Model bottom_left-bottom_right-original-tda trained. Accuracy: 0.9714 (7.51 sec.)
2025-04-09 06:49:11 - INFO - Training model: bottom_right-original-top_right-tda
2025-04-09 06:49:19 - INFO - Model bottom_right-original-top_right-tda completed in 7.65 seconds.
2025-04-09 06:49:19 - INFO - >>> Model bottom_right-original-top_right-tda trained. Accuracy: 0.9754 (7.65 sec.)
2025-04-09 06:49:19 - INFO - Training model: bottom_left-bottom_right-original-top_right
2025-04-09 06:49:26 - INFO - Model bottom_left-bottom_right-original-top_right completed in 7.43 seconds.
2025-04-09 06:49:26 - INFO - >>> Model bottom_left-bottom_right-original-top_right trained. Accuracy: 0.9575 (7.43 sec.)
2025-04-09 06:49:26 - INFO - Training model: bottom_left-tda-original-top_left
2025-04-09 06:49:34 - INFO - Model bottom_left-tda-original-top_left completed in 7.72 seconds.
2025-04-09 06:49:34 - INFO - >>> Model bottom_left-tda-original-top_left trained. Accuracy: 0.9716 (7.72 sec.)
2025-04-09 06:49:34 - INFO - Training model: top_right-tda-original-top_left
2025-04-09 06:49:41 - INFO - Model top_right-tda-original-top_left completed in 7.43 seconds.
2025-04-09 06:49:41 - INFO - >>> Model top_right-tda-original-top_left trained. Accuracy: 0.9741 (7.43 sec.)
2025-04-09 06:49:41 - INFO - Training model: bottom_left-top_right-original-top_left
2025-04-09 06:49:49 - INFO - Model bottom_left-top_right-original-top_left completed in 8.00 seconds.
2025-04-09 06:49:49 - INFO - >>> Model bottom_left-top_right-original-top_left trained. Accuracy: 0.9588 (8.00 sec.)
2025-04-09 06:49:49 - INFO - Training model: bottom_left-tda-original-top_right
2025-04-09 06:49:57 - INFO - Model bottom_left-tda-original-top_right completed in 7.32 seconds.
2025-04-09 06:49:57 - INFO - >>> Model bottom_left-tda-original-top_right trained. Accuracy: 0.9750 (7.32 sec.)
2025-04-09 06:49:57 - INFO - Training model: bottom_right-top_left-bottom_left-tda-original
2025-04-09 06:50:07 - INFO - Model bottom_right-top_left-bottom_left-tda-original completed in 9.93 seconds.
2025-04-09 06:50:07 - INFO - >>> Model bottom_right-top_left-bottom_left-tda-original trained. Accuracy: 0.9724 (9.93 sec.)
2025-04-09 06:50:07 - INFO - Training model: bottom_right-top_left-tda-top_right-original
2025-04-09 06:50:16 - INFO - Model bottom_right-top_left-tda-top_right-original completed in 9.25 seconds.
2025-04-09 06:50:16 - INFO - >>> Model bottom_right-top_left-tda-top_right-original trained. Accuracy: 0.9749 (9.25 sec.)
2025-04-09 06:50:16 - INFO - Training model: bottom_right-top_left-bottom_left-top_right-original
2025-04-09 06:50:26 - INFO - Model bottom_right-top_left-bottom_left-top_right-original completed in 9.80 seconds.
2025-04-09 06:50:26 - INFO - >>> Model bottom_right-top_left-bottom_left-top_right-original trained. Accuracy: 0.9613 (9.80 sec.)
2025-04-09 06:50:26 - INFO - Training model: bottom_right-tda-bottom_left-top_right-original
2025-04-09 06:50:35 - INFO - Model bottom_right-tda-bottom_left-top_right-original completed in 9.53 seconds.
2025-04-09 06:50:35 - INFO - >>> Model bottom_right-tda-bottom_left-top_right-original trained. Accuracy: 0.9756 (9.53 sec.)
2025-04-09 06:50:35 - INFO - Training model: top_left-tda-bottom_left-top_right-original
2025-04-09 06:50:45 - INFO - Model top_left-tda-bottom_left-top_right-original completed in 9.53 seconds.
2025-04-09 06:50:45 - INFO - >>> Model top_left-tda-bottom_left-top_right-original trained. Accuracy: 0.9742 (9.53 sec.)
2025-04-09 06:50:45 - INFO - Training model: bottom_right-top_left-bottom_left-tda-original-top_right
2025-04-09 06:50:56 - INFO - Model bottom_right-top_left-bottom_left-tda-original-top_right completed in 11.16 seconds.
2025-04-09 06:50:56 - INFO - >>> Model bottom_right-top_left-bottom_left-tda-original-top_right trained. Accuracy: 0.9753 (11.16 sec.)
2025-04-09 06:50:56 - INFO - All models trained successfully.
2025-04-09 06:50:56 - INFO - ========== [Model Training Completed] in 3.56 minutes ==========
2025-04-09 06:50:56 - INFO - ========== [Experiment Training Complete] ==========
2025-04-09 06:50:56 - INFO - Results saved to /home/jovyan/Workspace/workspace_mnist/results/exp_icecream/experiment_trainsize_predictions_2025-04-09_06-50-56.json
2025-04-09 06:50:56 - INFO - Results successfully saved to /home/jovyan/Workspace/workspace_mnist/results/exp_icecream/experiment_trainsize_predictions_2025-04-09_06-50-56.json
2025-04-09 06:50:56 - INFO - Garbage collection executed.
2025-04-09 06:50:56 - INFO - ========== [Experiment Completed] in 7.12 minutes ==========
