2025-03-12 17:48:50 - INFO - Logging initialized.
 Writing to /home/jovyan/Workspace/workspace_mnist/logs/exp_icecream/experiment_logs_2025-03-12_17-48-50.log
2025-03-12 17:48:50 - INFO - ========== [Experiment Start] ==========
2025-03-12 17:48:50 - INFO - Views combinations succesfully generated.
2025-03-12 17:48:50 - INFO - Topological Data Analysis pipeline generated.
2025-03-12 17:48:50 - INFO - Generating folder to save results.
2025-03-12 17:48:50 - INFO - Reading dataset in chunks from mnist_784.csv (chunk size: 70000)
2025-03-12 17:48:51 - INFO - Starting multiview data preparation for a chunk of size (70000, 784)...
2025-03-12 17:48:51 - INFO - Running using 8 jobs.
2025-03-12 17:48:51 - INFO - Splitting data: 56.7% train / 20.0% test (random_state=824368717)
2025-03-12 17:48:51 - INFO - Data split complete. Train size: (31733, 784), Test size: (14000, 784)
2025-03-12 17:48:51 - INFO - Reshaping train and test data into square images...
2025-03-12 17:48:51 - INFO - Reshaping complete. Train images: (31733, 28, 28), Test images: (14000, 28, 28)
2025-03-12 17:48:51 - INFO - Splitting images into quadrant views...
2025-03-12 17:48:51 - INFO - Quadrant view splitting complete. Train views: 4, Test views: 4
2025-03-12 17:48:51 - INFO - >> Starting TDA pipeline transformation on train data...
2025-03-12 17:57:15 - INFO - >> TDA transformation for train data completed (8.39 minutes).
2025-03-12 17:57:15 - INFO - >> Applying TDA pipeline transformation on test data...
2025-03-12 18:00:56 - INFO - >> TDA transformation for test data completed (3.69 minutes).
2025-03-12 18:00:56 - INFO - ========== [Model Training Start] ==========
2025-03-12 18:00:56 - INFO - Training model: original
2025-03-12 18:00:58 - INFO - Model original completed in 1.24 seconds.
2025-03-12 18:00:58 - INFO - >>> Model original trained. Accuracy: 0.9641 (1.24 sec.)
2025-03-12 18:00:58 - INFO - Training model: tda-original
2025-03-12 18:01:11 - INFO - Model tda-original completed in 13.14 seconds.
2025-03-12 18:01:11 - INFO - >>> Model tda-original trained. Accuracy: 0.9823 (13.14 sec.)
2025-03-12 18:01:11 - INFO - Training model: top_left-original
2025-03-12 18:01:20 - INFO - Model top_left-original completed in 9.38 seconds.
2025-03-12 18:01:20 - INFO - >>> Model top_left-original trained. Accuracy: 0.9661 (9.38 sec.)
2025-03-12 18:01:20 - INFO - Training model: bottom_left-original
2025-03-12 18:01:30 - INFO - Model bottom_left-original completed in 9.68 seconds.
2025-03-12 18:01:30 - INFO - >>> Model bottom_left-original trained. Accuracy: 0.9667 (9.68 sec.)
2025-03-12 18:01:30 - INFO - Training model: original-top_right
2025-03-12 18:01:40 - INFO - Model original-top_right completed in 9.89 seconds.
2025-03-12 18:01:40 - INFO - >>> Model original-top_right trained. Accuracy: 0.9675 (9.89 sec.)
2025-03-12 18:01:40 - INFO - Training model: original-bottom_right
2025-03-12 18:01:50 - INFO - Model original-bottom_right completed in 10.04 seconds.
2025-03-12 18:01:50 - INFO - >>> Model original-bottom_right trained. Accuracy: 0.9673 (10.04 sec.)
2025-03-12 18:01:50 - INFO - Training model: tda-original-top_left
2025-03-12 18:02:06 - INFO - Model tda-original-top_left completed in 16.19 seconds.
2025-03-12 18:02:06 - INFO - >>> Model tda-original-top_left trained. Accuracy: 0.9826 (16.19 sec.)
2025-03-12 18:02:06 - INFO - Training model: tda-bottom_left-original
2025-03-12 18:02:22 - INFO - Model tda-bottom_left-original completed in 16.45 seconds.
2025-03-12 18:02:22 - INFO - >>> Model tda-bottom_left-original trained. Accuracy: 0.9814 (16.45 sec.)
2025-03-12 18:02:22 - INFO - Training model: tda-original-top_right
2025-03-12 18:02:39 - INFO - Model tda-original-top_right completed in 16.69 seconds.
2025-03-12 18:02:39 - INFO - >>> Model tda-original-top_right trained. Accuracy: 0.9819 (16.69 sec.)
2025-03-12 18:02:39 - INFO - Training model: tda-original-bottom_right
2025-03-12 18:02:56 - INFO - Model tda-original-bottom_right completed in 16.81 seconds.
2025-03-12 18:02:56 - INFO - >>> Model tda-original-bottom_right trained. Accuracy: 0.9822 (16.81 sec.)
2025-03-12 18:02:56 - INFO - Training model: top_left-bottom_left-original
2025-03-12 18:03:09 - INFO - Model top_left-bottom_left-original completed in 12.74 seconds.
2025-03-12 18:03:09 - INFO - >>> Model top_left-bottom_left-original trained. Accuracy: 0.9686 (12.74 sec.)
2025-03-12 18:03:09 - INFO - Training model: top_left-original-top_right
2025-03-12 18:03:22 - INFO - Model top_left-original-top_right completed in 12.84 seconds.
2025-03-12 18:03:22 - INFO - >>> Model top_left-original-top_right trained. Accuracy: 0.9688 (12.84 sec.)
2025-03-12 18:03:22 - INFO - Training model: top_left-original-bottom_right
2025-03-12 18:03:35 - INFO - Model top_left-original-bottom_right completed in 12.96 seconds.
2025-03-12 18:03:35 - INFO - >>> Model top_left-original-bottom_right trained. Accuracy: 0.9677 (12.96 sec.)
2025-03-12 18:03:35 - INFO - Training model: bottom_left-original-top_right
2025-03-12 18:03:48 - INFO - Model bottom_left-original-top_right completed in 13.12 seconds.
2025-03-12 18:03:48 - INFO - >>> Model bottom_left-original-top_right trained. Accuracy: 0.9691 (13.12 sec.)
2025-03-12 18:03:48 - INFO - Training model: bottom_left-original-bottom_right
2025-03-12 18:04:01 - INFO - Model bottom_left-original-bottom_right completed in 13.37 seconds.
2025-03-12 18:04:01 - INFO - >>> Model bottom_left-original-bottom_right trained. Accuracy: 0.9691 (13.37 sec.)
2025-03-12 18:04:01 - INFO - Training model: bottom_right-original-top_right
2025-03-12 18:04:14 - INFO - Model bottom_right-original-top_right completed in 13.40 seconds.
2025-03-12 18:04:14 - INFO - >>> Model bottom_right-original-top_right trained. Accuracy: 0.9697 (13.40 sec.)
2025-03-12 18:04:14 - INFO - Training model: tda-bottom_left-original-top_left
2025-03-12 18:04:34 - INFO - Model tda-bottom_left-original-top_left completed in 19.62 seconds.
2025-03-12 18:04:34 - INFO - >>> Model tda-bottom_left-original-top_left trained. Accuracy: 0.9826 (19.62 sec.)
2025-03-12 18:04:34 - INFO - Training model: tda-original-top_right-top_left
2025-03-12 18:04:54 - INFO - Model tda-original-top_right-top_left completed in 19.78 seconds.
2025-03-12 18:04:54 - INFO - >>> Model tda-original-top_right-top_left trained. Accuracy: 0.9823 (19.78 sec.)
2025-03-12 18:04:54 - INFO - Training model: tda-bottom_right-original-top_left
2025-03-12 18:05:14 - INFO - Model tda-bottom_right-original-top_left completed in 19.93 seconds.
2025-03-12 18:05:14 - INFO - >>> Model tda-bottom_right-original-top_left trained. Accuracy: 0.9831 (19.93 sec.)
2025-03-12 18:05:14 - INFO - Training model: tda-bottom_left-original-top_right
2025-03-12 18:05:34 - INFO - Model tda-bottom_left-original-top_right completed in 19.98 seconds.
2025-03-12 18:05:34 - INFO - >>> Model tda-bottom_left-original-top_right trained. Accuracy: 0.9826 (19.98 sec.)
2025-03-12 18:05:34 - INFO - Training model: tda-bottom_left-original-bottom_right
2025-03-12 18:05:54 - INFO - Model tda-bottom_left-original-bottom_right completed in 20.04 seconds.
2025-03-12 18:05:54 - INFO - >>> Model tda-bottom_left-original-bottom_right trained. Accuracy: 0.9826 (20.04 sec.)
2025-03-12 18:05:54 - INFO - Training model: tda-bottom_right-original-top_right
2025-03-12 18:06:14 - INFO - Model tda-bottom_right-original-top_right completed in 20.27 seconds.
2025-03-12 18:06:14 - INFO - >>> Model tda-bottom_right-original-top_right trained. Accuracy: 0.9830 (20.27 sec.)
2025-03-12 18:06:14 - INFO - Training model: top_left-bottom_left-original-top_right
2025-03-12 18:06:30 - INFO - Model top_left-bottom_left-original-top_right completed in 16.23 seconds.
2025-03-12 18:06:30 - INFO - >>> Model top_left-bottom_left-original-top_right trained. Accuracy: 0.9717 (16.23 sec.)
2025-03-12 18:06:30 - INFO - Training model: top_left-bottom_left-original-bottom_right
2025-03-12 18:06:47 - INFO - Model top_left-bottom_left-original-bottom_right completed in 16.39 seconds.
2025-03-12 18:06:47 - INFO - >>> Model top_left-bottom_left-original-bottom_right trained. Accuracy: 0.9716 (16.39 sec.)
2025-03-12 18:06:47 - INFO - Training model: top_left-bottom_right-original-top_right
2025-03-12 18:07:03 - INFO - Model top_left-bottom_right-original-top_right completed in 16.53 seconds.
2025-03-12 18:07:03 - INFO - >>> Model top_left-bottom_right-original-top_right trained. Accuracy: 0.9713 (16.53 sec.)
2025-03-12 18:07:03 - INFO - Training model: bottom_right-bottom_left-original-top_right
2025-03-12 18:07:20 - INFO - Model bottom_right-bottom_left-original-top_right completed in 16.86 seconds.
2025-03-12 18:07:20 - INFO - >>> Model bottom_right-bottom_left-original-top_right trained. Accuracy: 0.9719 (16.86 sec.)
2025-03-12 18:07:20 - INFO - Training model: tda-top_left-original-bottom_left-top_right
2025-03-12 18:07:43 - INFO - Model tda-top_left-original-bottom_left-top_right completed in 22.90 seconds.
2025-03-12 18:07:43 - INFO - >>> Model tda-top_left-original-bottom_left-top_right trained. Accuracy: 0.9828 (22.90 sec.)
2025-03-12 18:07:43 - INFO - Training model: tda-top_left-original-bottom_left-bottom_right
2025-03-12 18:08:06 - INFO - Model tda-top_left-original-bottom_left-bottom_right completed in 23.08 seconds.
2025-03-12 18:08:06 - INFO - >>> Model tda-top_left-original-bottom_left-bottom_right trained. Accuracy: 0.9834 (23.08 sec.)
2025-03-12 18:08:06 - INFO - Training model: tda-top_left-original-top_right-bottom_right
2025-03-12 18:08:29 - INFO - Model tda-top_left-original-top_right-bottom_right completed in 23.41 seconds.
2025-03-12 18:08:29 - INFO - >>> Model tda-top_left-original-top_right-bottom_right trained. Accuracy: 0.9846 (23.41 sec.)
2025-03-12 18:08:29 - INFO - Training model: tda-original-bottom_left-top_right-bottom_right
2025-03-12 18:08:53 - INFO - Model tda-original-bottom_left-top_right-bottom_right completed in 23.59 seconds.
2025-03-12 18:08:53 - INFO - >>> Model tda-original-bottom_left-top_right-bottom_right trained. Accuracy: 0.9841 (23.59 sec.)
2025-03-12 18:08:53 - INFO - Training model: top_left-original-bottom_left-top_right-bottom_right
2025-03-12 18:09:13 - INFO - Model top_left-original-bottom_left-top_right-bottom_right completed in 19.83 seconds.
2025-03-12 18:09:13 - INFO - >>> Model top_left-original-bottom_left-top_right-bottom_right trained. Accuracy: 0.9739 (19.83 sec.)
2025-03-12 18:09:13 - INFO - Training model: tda-top_left-original-bottom_left-bottom_right-top_right
2025-03-12 18:09:40 - INFO - Model tda-top_left-original-bottom_left-bottom_right-top_right completed in 26.78 seconds.
2025-03-12 18:09:40 - INFO - >>> Model tda-top_left-original-bottom_left-bottom_right-top_right trained. Accuracy: 0.9849 (26.78 sec.)
2025-03-12 18:09:40 - INFO - All models trained successfully.
2025-03-12 18:09:40 - INFO - ========== [Model Training Completed] in 8.72 minutes ==========
2025-03-12 18:09:40 - INFO - ========== [Experiment Training Complete] ==========
2025-03-12 18:09:40 - INFO - ========== [Finished reading and processing chunks] ==========
2025-03-12 18:09:40 - INFO - Saving results...
2025-03-12 18:09:40 - INFO - Results saved to /home/jovyan/Workspace/workspace_mnist/results/exp_icecream/experiment_trainsize_predictions_2025-03-12_18-09-40.json
2025-03-12 18:09:40 - INFO - Results successfully saved to /home/jovyan/Workspace/workspace_mnist/results/exp_icecream/experiment_trainsize_predictions_2025-03-12_18-09-40.json
2025-03-12 18:09:40 - INFO - Garbage collection executed.
2025-03-12 18:09:40 - INFO - ========== [Experiment Completed] in 20.82 minutes ==========
