2025-04-08 21:21:27 - INFO - Logging initialized.
 Writing to /home/jovyan/Workspace/workspace_mnist/logs/exp_icecream/experiment_logs_2025-04-08_21-21-27.log
2025-04-08 21:21:27 - INFO - ========== [Experiment Start] ==========
2025-04-08 21:21:27 - INFO - Views combinations succesfully generated.
2025-04-08 21:21:27 - INFO - Topological Data Analysis pipeline generated.
2025-04-08 21:21:27 - INFO - Generating folder to save results.
2025-04-08 21:21:27 - INFO - Reading dataset in chunks from mnist_784.csv (chunk size: 70000)
2025-04-08 21:21:28 - INFO - Starting multiview data preparation for a chunk of size (70000, 784)...
2025-04-08 21:21:28 - INFO - Running using 24 jobs.
2025-04-08 21:21:28 - INFO - Contaminating dataset with circles using 2.
2025-04-08 21:21:28 - INFO - Splitting data: 80.0% train / 20.0% test (random_state=508701318)
2025-04-08 21:21:28 - INFO - Data split complete. Train size: (44800, 784), Test size: (14000, 784)
2025-04-08 21:21:28 - INFO - Reshaping train and test data into square images...
2025-04-08 21:21:28 - INFO - Reshaping complete. Train images: (44800, 28, 28), Test images: (14000, 28, 28)
2025-04-08 21:21:28 - INFO - Splitting images into quadrant views...
2025-04-08 21:21:28 - INFO - Quadrant view splitting complete. Train views: 4, Test views: 4
2025-04-08 21:21:28 - INFO - >> Starting TDA pipeline transformation on train data...
2025-04-08 21:28:04 - INFO - >> TDA transformation for train data completed (6.59 minutes).
2025-04-08 21:28:04 - INFO - >> Applying TDA pipeline transformation on test data...
2025-04-08 21:30:07 - INFO - >> TDA transformation for test data completed (2.06 minutes).
2025-04-08 21:30:07 - INFO - ========== [Model Training Start] ==========
2025-04-08 21:30:07 - INFO - Training model: original
2025-04-08 21:30:08 - INFO - Model original completed in 0.97 seconds.
2025-04-08 21:30:08 - INFO - >>> Model original trained. Accuracy: 0.9667 (0.97 sec.)
2025-04-08 21:30:08 - INFO - Training model: bottom_right-original
2025-04-08 21:30:16 - INFO - Model bottom_right-original completed in 8.38 seconds.
2025-04-08 21:30:16 - INFO - >>> Model bottom_right-original trained. Accuracy: 0.9702 (8.38 sec.)
2025-04-08 21:30:16 - INFO - Training model: original-top_left
2025-04-08 21:30:25 - INFO - Model original-top_left completed in 8.25 seconds.
2025-04-08 21:30:25 - INFO - >>> Model original-top_left trained. Accuracy: 0.9699 (8.25 sec.)
2025-04-08 21:30:25 - INFO - Training model: tda-original
2025-04-08 21:30:35 - INFO - Model tda-original completed in 10.40 seconds.
2025-04-08 21:30:35 - INFO - >>> Model tda-original trained. Accuracy: 0.9831 (10.40 sec.)
2025-04-08 21:30:35 - INFO - Training model: bottom_left-original
2025-04-08 21:30:44 - INFO - Model bottom_left-original completed in 8.50 seconds.
2025-04-08 21:30:44 - INFO - >>> Model bottom_left-original trained. Accuracy: 0.9691 (8.50 sec.)
2025-04-08 21:30:44 - INFO - Training model: top_right-original
2025-04-08 21:30:52 - INFO - Model top_right-original completed in 8.32 seconds.
2025-04-08 21:30:52 - INFO - >>> Model top_right-original trained. Accuracy: 0.9697 (8.32 sec.)
2025-04-08 21:30:52 - INFO - Training model: bottom_right-original-top_left
2025-04-08 21:31:04 - INFO - Model bottom_right-original-top_left completed in 11.66 seconds.
2025-04-08 21:31:04 - INFO - >>> Model bottom_right-original-top_left trained. Accuracy: 0.9719 (11.66 sec.)
2025-04-08 21:31:04 - INFO - Training model: bottom_right-original-tda
2025-04-08 21:31:17 - INFO - Model bottom_right-original-tda completed in 13.51 seconds.
2025-04-08 21:31:17 - INFO - >>> Model bottom_right-original-tda trained. Accuracy: 0.9836 (13.51 sec.)
2025-04-08 21:31:17 - INFO - Training model: bottom_left-bottom_right-original
2025-04-08 21:31:29 - INFO - Model bottom_left-bottom_right-original completed in 11.58 seconds.
2025-04-08 21:31:29 - INFO - >>> Model bottom_left-bottom_right-original trained. Accuracy: 0.9717 (11.58 sec.)
2025-04-08 21:31:29 - INFO - Training model: bottom_right-original-top_right
2025-04-08 21:31:40 - INFO - Model bottom_right-original-top_right completed in 11.82 seconds.
2025-04-08 21:31:40 - INFO - >>> Model bottom_right-original-top_right trained. Accuracy: 0.9724 (11.82 sec.)
2025-04-08 21:31:40 - INFO - Training model: tda-original-top_left
2025-04-08 21:31:54 - INFO - Model tda-original-top_left completed in 13.47 seconds.
2025-04-08 21:31:54 - INFO - >>> Model tda-original-top_left trained. Accuracy: 0.9824 (13.47 sec.)
2025-04-08 21:31:54 - INFO - Training model: bottom_left-original-top_left
2025-04-08 21:32:05 - INFO - Model bottom_left-original-top_left completed in 11.32 seconds.
2025-04-08 21:32:05 - INFO - >>> Model bottom_left-original-top_left trained. Accuracy: 0.9721 (11.32 sec.)
2025-04-08 21:32:05 - INFO - Training model: top_right-original-top_left
2025-04-08 21:32:17 - INFO - Model top_right-original-top_left completed in 11.59 seconds.
2025-04-08 21:32:17 - INFO - >>> Model top_right-original-top_left trained. Accuracy: 0.9709 (11.59 sec.)
2025-04-08 21:32:17 - INFO - Training model: bottom_left-tda-original
2025-04-08 21:32:30 - INFO - Model bottom_left-tda-original completed in 13.51 seconds.
2025-04-08 21:32:30 - INFO - >>> Model bottom_left-tda-original trained. Accuracy: 0.9825 (13.51 sec.)
2025-04-08 21:32:30 - INFO - Training model: tda-original-top_right
2025-04-08 21:32:44 - INFO - Model tda-original-top_right completed in 13.55 seconds.
2025-04-08 21:32:44 - INFO - >>> Model tda-original-top_right trained. Accuracy: 0.9822 (13.55 sec.)
2025-04-08 21:32:44 - INFO - Training model: bottom_left-top_right-original
2025-04-08 21:32:55 - INFO - Model bottom_left-top_right-original completed in 11.48 seconds.
2025-04-08 21:32:55 - INFO - >>> Model bottom_left-top_right-original trained. Accuracy: 0.9720 (11.48 sec.)
2025-04-08 21:32:55 - INFO - Training model: bottom_right-original-top_left-tda
2025-04-08 21:33:12 - INFO - Model bottom_right-original-top_left-tda completed in 16.56 seconds.
2025-04-08 21:33:12 - INFO - >>> Model bottom_right-original-top_left-tda trained. Accuracy: 0.9844 (16.56 sec.)
2025-04-08 21:33:12 - INFO - Training model: bottom_left-bottom_right-original-top_left
2025-04-08 21:33:26 - INFO - Model bottom_left-bottom_right-original-top_left completed in 14.46 seconds.
2025-04-08 21:33:26 - INFO - >>> Model bottom_left-bottom_right-original-top_left trained. Accuracy: 0.9740 (14.46 sec.)
2025-04-08 21:33:26 - INFO - Training model: top_right-bottom_right-original-top_left
2025-04-08 21:33:41 - INFO - Model top_right-bottom_right-original-top_left completed in 14.59 seconds.
2025-04-08 21:33:41 - INFO - >>> Model top_right-bottom_right-original-top_left trained. Accuracy: 0.9730 (14.59 sec.)
2025-04-08 21:33:41 - INFO - Training model: bottom_left-bottom_right-original-tda
2025-04-08 21:33:58 - INFO - Model bottom_left-bottom_right-original-tda completed in 16.79 seconds.
2025-04-08 21:33:58 - INFO - >>> Model bottom_left-bottom_right-original-tda trained. Accuracy: 0.9826 (16.79 sec.)
2025-04-08 21:33:58 - INFO - Training model: bottom_right-original-top_right-tda
2025-04-08 21:34:14 - INFO - Model bottom_right-original-top_right-tda completed in 16.60 seconds.
2025-04-08 21:34:14 - INFO - >>> Model bottom_right-original-top_right-tda trained. Accuracy: 0.9834 (16.60 sec.)
2025-04-08 21:34:14 - INFO - Training model: bottom_left-bottom_right-original-top_right
2025-04-08 21:34:29 - INFO - Model bottom_left-bottom_right-original-top_right completed in 14.62 seconds.
2025-04-08 21:34:29 - INFO - >>> Model bottom_left-bottom_right-original-top_right trained. Accuracy: 0.9730 (14.62 sec.)
2025-04-08 21:34:29 - INFO - Training model: bottom_left-tda-original-top_left
2025-04-08 21:34:45 - INFO - Model bottom_left-tda-original-top_left completed in 16.20 seconds.
2025-04-08 21:34:45 - INFO - >>> Model bottom_left-tda-original-top_left trained. Accuracy: 0.9824 (16.20 sec.)
2025-04-08 21:34:45 - INFO - Training model: top_right-tda-original-top_left
2025-04-08 21:35:02 - INFO - Model top_right-tda-original-top_left completed in 16.51 seconds.
2025-04-08 21:35:02 - INFO - >>> Model top_right-tda-original-top_left trained. Accuracy: 0.9829 (16.51 sec.)
2025-04-08 21:35:02 - INFO - Training model: bottom_left-top_right-original-top_left
2025-04-08 21:35:16 - INFO - Model bottom_left-top_right-original-top_left completed in 14.62 seconds.
2025-04-08 21:35:16 - INFO - >>> Model bottom_left-top_right-original-top_left trained. Accuracy: 0.9732 (14.62 sec.)
2025-04-08 21:35:16 - INFO - Training model: bottom_left-tda-original-top_right
2025-04-08 21:35:33 - INFO - Model bottom_left-tda-original-top_right completed in 16.46 seconds.
2025-04-08 21:35:33 - INFO - >>> Model bottom_left-tda-original-top_right trained. Accuracy: 0.9824 (16.46 sec.)
2025-04-08 21:35:33 - INFO - Training model: bottom_right-top_left-bottom_left-tda-original
2025-04-08 21:35:53 - INFO - Model bottom_right-top_left-bottom_left-tda-original completed in 19.62 seconds.
2025-04-08 21:35:53 - INFO - >>> Model bottom_right-top_left-bottom_left-tda-original trained. Accuracy: 0.9834 (19.62 sec.)
2025-04-08 21:35:53 - INFO - Training model: bottom_right-top_left-tda-top_right-original
2025-04-08 21:36:12 - INFO - Model bottom_right-top_left-tda-top_right-original completed in 19.89 seconds.
2025-04-08 21:36:12 - INFO - >>> Model bottom_right-top_left-tda-top_right-original trained. Accuracy: 0.9842 (19.89 sec.)
2025-04-08 21:36:12 - INFO - Training model: bottom_right-top_left-bottom_left-top_right-original
2025-04-08 21:36:30 - INFO - Model bottom_right-top_left-bottom_left-top_right-original completed in 17.84 seconds.
2025-04-08 21:36:30 - INFO - >>> Model bottom_right-top_left-bottom_left-top_right-original trained. Accuracy: 0.9754 (17.84 sec.)
2025-04-08 21:36:30 - INFO - Training model: bottom_right-tda-bottom_left-top_right-original
2025-04-08 21:36:50 - INFO - Model bottom_right-tda-bottom_left-top_right-original completed in 19.87 seconds.
2025-04-08 21:36:50 - INFO - >>> Model bottom_right-tda-bottom_left-top_right-original trained. Accuracy: 0.9839 (19.87 sec.)
2025-04-08 21:36:50 - INFO - Training model: top_left-tda-bottom_left-top_right-original
2025-04-08 21:37:10 - INFO - Model top_left-tda-bottom_left-top_right-original completed in 19.60 seconds.
2025-04-08 21:37:10 - INFO - >>> Model top_left-tda-bottom_left-top_right-original trained. Accuracy: 0.9833 (19.60 sec.)
2025-04-08 21:37:10 - INFO - Training model: bottom_right-top_left-bottom_left-tda-original-top_right
2025-04-08 21:37:33 - INFO - Model bottom_right-top_left-bottom_left-tda-original-top_right completed in 22.91 seconds.
2025-04-08 21:37:33 - INFO - >>> Model bottom_right-top_left-bottom_left-tda-original-top_right trained. Accuracy: 0.9840 (22.91 sec.)
2025-04-08 21:37:33 - INFO - All models trained successfully.
2025-04-08 21:37:33 - INFO - ========== [Model Training Completed] in 7.43 minutes ==========
2025-04-08 21:37:33 - INFO - ========== [Experiment Training Complete] ==========
2025-04-08 21:37:33 - INFO - Results saved to /home/jovyan/Workspace/workspace_mnist/results/exp_icecream/experiment_trainsize_predictions_2025-04-08_21-37-33.json
2025-04-08 21:37:33 - INFO - Results successfully saved to /home/jovyan/Workspace/workspace_mnist/results/exp_icecream/experiment_trainsize_predictions_2025-04-08_21-37-33.json
2025-04-08 21:37:33 - INFO - Garbage collection executed.
2025-04-08 21:37:33 - INFO - ========== [Experiment Completed] in 16.10 minutes ==========
