2025-03-11 20:06:39 - INFO - Logging initialized.
 Writing to /home/jovyan/Workspace/workspace_mnist/logs/exp_icecream/experiment_logs_2025-03-11_20-06-39.log
2025-03-11 20:06:39 - INFO - ========== [Experiment Start] ==========
2025-03-11 20:06:39 - INFO - Views combinations succesfully generated.
2025-03-11 20:06:39 - INFO - Topological Data Analysis pipeline generated.
2025-03-11 20:06:39 - INFO - Generating folder to save results.
2025-03-11 20:06:39 - INFO - Reading dataset in chunks from mnist_784.csv (chunk size: 70000)
2025-03-11 20:06:40 - INFO - Starting multiview data preparation for a chunk of size (70000, 784)...
2025-03-11 20:06:40 - INFO - Running using 8 jobs.
2025-03-11 20:06:40 - INFO - Splitting data: 17.8% train / 20.0% test (random_state=910968928)
2025-03-11 20:06:40 - INFO - Data split complete. Train size: (9955, 784), Test size: (14000, 784)
2025-03-11 20:06:40 - INFO - Reshaping train and test data into square images...
2025-03-11 20:06:40 - INFO - Reshaping complete. Train images: (9955, 28, 28), Test images: (14000, 28, 28)
2025-03-11 20:06:40 - INFO - Splitting images into quadrant views...
2025-03-11 20:06:40 - INFO - Quadrant view splitting complete. Train views: 4, Test views: 4
2025-03-11 20:06:40 - INFO - >> Starting TDA pipeline transformation on train data...
2025-03-11 20:09:16 - INFO - >> TDA transformation for train data completed (2.59 minutes).
2025-03-11 20:09:16 - INFO - >> Applying TDA pipeline transformation on test data...
2025-03-11 20:12:54 - INFO - >> TDA transformation for test data completed (3.65 minutes).
2025-03-11 20:12:54 - INFO - ========== [Model Training Start] ==========
2025-03-11 20:12:55 - INFO - Training model: original
2025-03-11 20:12:55 - INFO - Model original completed in 0.38 seconds.
2025-03-11 20:12:55 - INFO - >>> Model original trained. Accuracy: 0.9499 (0.38 sec.)
2025-03-11 20:12:55 - INFO - Training model: tda-original
2025-03-11 20:13:00 - INFO - Model tda-original completed in 4.74 seconds.
2025-03-11 20:13:00 - INFO - >>> Model tda-original trained. Accuracy: 0.9762 (4.74 sec.)
2025-03-11 20:13:00 - INFO - Training model: top_left-original
2025-03-11 20:13:03 - INFO - Model top_left-original completed in 3.85 seconds.
2025-03-11 20:13:03 - INFO - >>> Model top_left-original trained. Accuracy: 0.9549 (3.85 sec.)
2025-03-11 20:13:03 - INFO - Training model: bottom_left-original
2025-03-11 20:13:07 - INFO - Model bottom_left-original completed in 3.82 seconds.
2025-03-11 20:13:07 - INFO - >>> Model bottom_left-original trained. Accuracy: 0.9526 (3.82 sec.)
2025-03-11 20:13:07 - INFO - Training model: original-top_right
2025-03-11 20:13:11 - INFO - Model original-top_right completed in 4.04 seconds.
2025-03-11 20:13:11 - INFO - >>> Model original-top_right trained. Accuracy: 0.9549 (4.04 sec.)
2025-03-11 20:13:11 - INFO - Training model: original-bottom_right
2025-03-11 20:13:15 - INFO - Model original-bottom_right completed in 4.05 seconds.
2025-03-11 20:13:15 - INFO - >>> Model original-bottom_right trained. Accuracy: 0.9548 (4.05 sec.)
2025-03-11 20:13:15 - INFO - Training model: tda-original-top_left
2025-03-11 20:13:22 - INFO - Model tda-original-top_left completed in 6.23 seconds.
2025-03-11 20:13:22 - INFO - >>> Model tda-original-top_left trained. Accuracy: 0.9757 (6.23 sec.)
2025-03-11 20:13:22 - INFO - Training model: tda-bottom_left-original
2025-03-11 20:13:28 - INFO - Model tda-bottom_left-original completed in 6.38 seconds.
2025-03-11 20:13:28 - INFO - >>> Model tda-bottom_left-original trained. Accuracy: 0.9752 (6.38 sec.)
2025-03-11 20:13:28 - INFO - Training model: tda-original-top_right
2025-03-11 20:13:34 - INFO - Model tda-original-top_right completed in 6.29 seconds.
2025-03-11 20:13:34 - INFO - >>> Model tda-original-top_right trained. Accuracy: 0.9761 (6.29 sec.)
2025-03-11 20:13:34 - INFO - Training model: tda-original-bottom_right
2025-03-11 20:13:41 - INFO - Model tda-original-bottom_right completed in 6.41 seconds.
2025-03-11 20:13:41 - INFO - >>> Model tda-original-bottom_right trained. Accuracy: 0.9746 (6.41 sec.)
2025-03-11 20:13:41 - INFO - Training model: top_left-bottom_left-original
2025-03-11 20:13:46 - INFO - Model top_left-bottom_left-original completed in 5.47 seconds.
2025-03-11 20:13:46 - INFO - >>> Model top_left-bottom_left-original trained. Accuracy: 0.9554 (5.47 sec.)
2025-03-11 20:13:46 - INFO - Training model: top_left-original-top_right
2025-03-11 20:13:52 - INFO - Model top_left-original-top_right completed in 5.46 seconds.
2025-03-11 20:13:52 - INFO - >>> Model top_left-original-top_right trained. Accuracy: 0.9585 (5.46 sec.)
2025-03-11 20:13:52 - INFO - Training model: top_left-original-bottom_right
2025-03-11 20:13:57 - INFO - Model top_left-original-bottom_right completed in 5.60 seconds.
2025-03-11 20:13:57 - INFO - >>> Model top_left-original-bottom_right trained. Accuracy: 0.9582 (5.60 sec.)
2025-03-11 20:13:57 - INFO - Training model: bottom_left-original-top_right
2025-03-11 20:14:03 - INFO - Model bottom_left-original-top_right completed in 5.45 seconds.
2025-03-11 20:14:03 - INFO - >>> Model bottom_left-original-top_right trained. Accuracy: 0.9571 (5.45 sec.)
2025-03-11 20:14:03 - INFO - Training model: bottom_left-original-bottom_right
2025-03-11 20:14:08 - INFO - Model bottom_left-original-bottom_right completed in 5.33 seconds.
2025-03-11 20:14:08 - INFO - >>> Model bottom_left-original-bottom_right trained. Accuracy: 0.9556 (5.33 sec.)
2025-03-11 20:14:08 - INFO - Training model: bottom_right-original-top_right
2025-03-11 20:14:14 - INFO - Model bottom_right-original-top_right completed in 5.54 seconds.
2025-03-11 20:14:14 - INFO - >>> Model bottom_right-original-top_right trained. Accuracy: 0.9573 (5.54 sec.)
2025-03-11 20:14:14 - INFO - Training model: tda-bottom_left-original-top_left
2025-03-11 20:14:21 - INFO - Model tda-bottom_left-original-top_left completed in 7.72 seconds.
2025-03-11 20:14:21 - INFO - >>> Model tda-bottom_left-original-top_left trained. Accuracy: 0.9749 (7.72 sec.)
2025-03-11 20:14:21 - INFO - Training model: tda-original-top_right-top_left
2025-03-11 20:14:29 - INFO - Model tda-original-top_right-top_left completed in 7.75 seconds.
2025-03-11 20:14:29 - INFO - >>> Model tda-original-top_right-top_left trained. Accuracy: 0.9755 (7.75 sec.)
2025-03-11 20:14:29 - INFO - Training model: tda-bottom_right-original-top_left
2025-03-11 20:14:37 - INFO - Model tda-bottom_right-original-top_left completed in 7.76 seconds.
2025-03-11 20:14:37 - INFO - >>> Model tda-bottom_right-original-top_left trained. Accuracy: 0.9763 (7.76 sec.)
2025-03-11 20:14:37 - INFO - Training model: tda-bottom_left-original-top_right
2025-03-11 20:14:45 - INFO - Model tda-bottom_left-original-top_right completed in 7.76 seconds.
2025-03-11 20:14:45 - INFO - >>> Model tda-bottom_left-original-top_right trained. Accuracy: 0.9761 (7.76 sec.)
2025-03-11 20:14:45 - INFO - Training model: tda-bottom_left-original-bottom_right
2025-03-11 20:14:52 - INFO - Model tda-bottom_left-original-bottom_right completed in 7.72 seconds.
2025-03-11 20:14:52 - INFO - >>> Model tda-bottom_left-original-bottom_right trained. Accuracy: 0.9747 (7.72 sec.)
2025-03-11 20:14:52 - INFO - Training model: tda-bottom_right-original-top_right
2025-03-11 20:15:00 - INFO - Model tda-bottom_right-original-top_right completed in 7.79 seconds.
2025-03-11 20:15:00 - INFO - >>> Model tda-bottom_right-original-top_right trained. Accuracy: 0.9758 (7.79 sec.)
2025-03-11 20:15:00 - INFO - Training model: top_left-bottom_left-original-top_right
2025-03-11 20:15:07 - INFO - Model top_left-bottom_left-original-top_right completed in 6.92 seconds.
2025-03-11 20:15:07 - INFO - >>> Model top_left-bottom_left-original-top_right trained. Accuracy: 0.9608 (6.92 sec.)
2025-03-11 20:15:07 - INFO - Training model: top_left-bottom_left-original-bottom_right
2025-03-11 20:15:14 - INFO - Model top_left-bottom_left-original-bottom_right completed in 6.89 seconds.
2025-03-11 20:15:14 - INFO - >>> Model top_left-bottom_left-original-bottom_right trained. Accuracy: 0.9587 (6.89 sec.)
2025-03-11 20:15:14 - INFO - Training model: top_left-bottom_right-original-top_right
2025-03-11 20:15:21 - INFO - Model top_left-bottom_right-original-top_right completed in 6.75 seconds.
2025-03-11 20:15:21 - INFO - >>> Model top_left-bottom_right-original-top_right trained. Accuracy: 0.9612 (6.75 sec.)
2025-03-11 20:15:21 - INFO - Training model: bottom_right-bottom_left-original-top_right
2025-03-11 20:15:28 - INFO - Model bottom_right-bottom_left-original-top_right completed in 7.05 seconds.
2025-03-11 20:15:28 - INFO - >>> Model bottom_right-bottom_left-original-top_right trained. Accuracy: 0.9601 (7.05 sec.)
2025-03-11 20:15:28 - INFO - Training model: tda-top_left-original-bottom_left-top_right
2025-03-11 20:15:37 - INFO - Model tda-top_left-original-bottom_left-top_right completed in 9.36 seconds.
2025-03-11 20:15:37 - INFO - >>> Model tda-top_left-original-bottom_left-top_right trained. Accuracy: 0.9767 (9.36 sec.)
2025-03-11 20:15:37 - INFO - Training model: tda-top_left-original-bottom_left-bottom_right
2025-03-11 20:15:46 - INFO - Model tda-top_left-original-bottom_left-bottom_right completed in 9.22 seconds.
2025-03-11 20:15:46 - INFO - >>> Model tda-top_left-original-bottom_left-bottom_right trained. Accuracy: 0.9755 (9.22 sec.)
2025-03-11 20:15:46 - INFO - Training model: tda-top_left-original-top_right-bottom_right
2025-03-11 20:15:56 - INFO - Model tda-top_left-original-top_right-bottom_right completed in 9.30 seconds.
2025-03-11 20:15:56 - INFO - >>> Model tda-top_left-original-top_right-bottom_right trained. Accuracy: 0.9775 (9.30 sec.)
2025-03-11 20:15:56 - INFO - Training model: tda-original-bottom_left-top_right-bottom_right
2025-03-11 20:16:05 - INFO - Model tda-original-bottom_left-top_right-bottom_right completed in 9.55 seconds.
2025-03-11 20:16:05 - INFO - >>> Model tda-original-bottom_left-top_right-bottom_right trained. Accuracy: 0.9763 (9.55 sec.)
2025-03-11 20:16:05 - INFO - Training model: top_left-original-bottom_left-top_right-bottom_right
2025-03-11 20:16:14 - INFO - Model top_left-original-bottom_left-top_right-bottom_right completed in 8.39 seconds.
2025-03-11 20:16:14 - INFO - >>> Model top_left-original-bottom_left-top_right-bottom_right trained. Accuracy: 0.9644 (8.39 sec.)
2025-03-11 20:16:14 - INFO - Training model: tda-top_left-original-bottom_left-bottom_right-top_right
2025-03-11 20:16:24 - INFO - Model tda-top_left-original-bottom_left-bottom_right-top_right completed in 10.96 seconds.
2025-03-11 20:16:25 - INFO - >>> Model tda-top_left-original-bottom_left-bottom_right-top_right trained. Accuracy: 0.9774 (10.96 sec.)
2025-03-11 20:16:25 - INFO - All models trained successfully.
2025-03-11 20:16:25 - INFO - ========== [Model Training Completed] in 3.50 minutes ==========
2025-03-11 20:16:25 - INFO - ========== [Experiment Training Complete] ==========
2025-03-11 20:16:25 - INFO - ========== [Finished reading and processing chunks] ==========
2025-03-11 20:16:25 - INFO - Saving results...
2025-03-11 20:16:25 - INFO - Results saved to /home/jovyan/Workspace/workspace_mnist/results/exp_icecream/experiment_trainsize_predictions_2025-03-11_20-16-25.json
2025-03-11 20:16:25 - INFO - Results successfully saved to /home/jovyan/Workspace/workspace_mnist/results/exp_icecream/experiment_trainsize_predictions_2025-03-11_20-16-25.json
2025-03-11 20:16:25 - INFO - Garbage collection executed.
2025-03-11 20:16:25 - INFO - ========== [Experiment Completed] in 9.76 minutes ==========
