2025-03-13 11:18:10 - INFO - Logging initialized.
 Writing to /home/jovyan/Workspace/workspace_mnist/logs/exp_icecream/experiment_logs_2025-03-13_11-18-10.log
2025-03-13 11:18:10 - INFO - ========== [Experiment Start] ==========
2025-03-13 11:18:10 - INFO - Views combinations succesfully generated.
2025-03-13 11:18:10 - INFO - Topological Data Analysis pipeline generated.
2025-03-13 11:18:10 - INFO - Generating folder to save results.
2025-03-13 11:18:10 - INFO - Reading dataset in chunks from mnist_784.csv (chunk size: 70000)
2025-03-13 11:18:10 - INFO - Starting multiview data preparation for a chunk of size (70000, 784)...
2025-03-13 11:18:10 - INFO - Running using 20 jobs.
2025-03-13 11:18:10 - INFO - Splitting data: 17.8% train / 20.0% test (random_state=12444143)
2025-03-13 11:18:11 - INFO - Data split complete. Train size: (9955, 784), Test size: (14000, 784)
2025-03-13 11:18:11 - INFO - Reshaping train and test data into square images...
2025-03-13 11:18:11 - INFO - Reshaping complete. Train images: (9955, 28, 28), Test images: (14000, 28, 28)
2025-03-13 11:18:11 - INFO - Splitting images into quadrant views...
2025-03-13 11:18:11 - INFO - Quadrant view splitting complete. Train views: 4, Test views: 4
2025-03-13 11:18:11 - INFO - >> Starting TDA pipeline transformation on train data...
2025-03-13 11:20:01 - INFO - >> TDA transformation for train data completed (1.84 minutes).
2025-03-13 11:20:01 - INFO - >> Applying TDA pipeline transformation on test data...
2025-03-13 11:22:35 - INFO - >> TDA transformation for test data completed (2.57 minutes).
2025-03-13 11:22:35 - INFO - ========== [Model Training Start] ==========
2025-03-13 11:22:35 - INFO - Training model: original
2025-03-13 11:22:35 - INFO - Model original completed in 0.25 seconds.
2025-03-13 11:22:35 - INFO - >>> Model original trained. Accuracy: 0.9499 (0.25 sec.)
2025-03-13 11:22:35 - INFO - Training model: top_right-original
2025-03-13 11:22:39 - INFO - Model top_right-original completed in 3.53 seconds.
2025-03-13 11:22:39 - INFO - >>> Model top_right-original trained. Accuracy: 0.9534 (3.53 sec.)
2025-03-13 11:22:39 - INFO - Training model: original-bottom_left
2025-03-13 11:22:42 - INFO - Model original-bottom_left completed in 3.48 seconds.
2025-03-13 11:22:42 - INFO - >>> Model original-bottom_left trained. Accuracy: 0.9517 (3.48 sec.)
2025-03-13 11:22:42 - INFO - Training model: top_left-original
2025-03-13 11:22:46 - INFO - Model top_left-original completed in 3.56 seconds.
2025-03-13 11:22:46 - INFO - >>> Model top_left-original trained. Accuracy: 0.9531 (3.56 sec.)
2025-03-13 11:22:46 - INFO - Training model: original-bottom_right
2025-03-13 11:22:50 - INFO - Model original-bottom_right completed in 3.60 seconds.
2025-03-13 11:22:50 - INFO - >>> Model original-bottom_right trained. Accuracy: 0.9526 (3.60 sec.)
2025-03-13 11:22:50 - INFO - Training model: original-tda
2025-03-13 11:22:53 - INFO - Model original-tda completed in 3.58 seconds.
2025-03-13 11:22:53 - INFO - >>> Model original-tda trained. Accuracy: 0.9743 (3.58 sec.)
2025-03-13 11:22:53 - INFO - Training model: top_right-original-bottom_left
2025-03-13 11:22:59 - INFO - Model top_right-original-bottom_left completed in 5.44 seconds.
2025-03-13 11:22:59 - INFO - >>> Model top_right-original-bottom_left trained. Accuracy: 0.9548 (5.44 sec.)
2025-03-13 11:22:59 - INFO - Training model: top_left-top_right-original
2025-03-13 11:23:04 - INFO - Model top_left-top_right-original completed in 5.47 seconds.
2025-03-13 11:23:04 - INFO - >>> Model top_left-top_right-original trained. Accuracy: 0.9564 (5.47 sec.)
2025-03-13 11:23:04 - INFO - Training model: top_right-original-bottom_right
2025-03-13 11:23:09 - INFO - Model top_right-original-bottom_right completed in 5.01 seconds.
2025-03-13 11:23:09 - INFO - >>> Model top_right-original-bottom_right trained. Accuracy: 0.9566 (5.01 sec.)
2025-03-13 11:23:09 - INFO - Training model: top_right-original-tda
2025-03-13 11:23:15 - INFO - Model top_right-original-tda completed in 5.48 seconds.
2025-03-13 11:23:15 - INFO - >>> Model top_right-original-tda trained. Accuracy: 0.9760 (5.48 sec.)
2025-03-13 11:23:15 - INFO - Training model: top_left-original-bottom_left
2025-03-13 11:23:20 - INFO - Model top_left-original-bottom_left completed in 5.29 seconds.
2025-03-13 11:23:20 - INFO - >>> Model top_left-original-bottom_left trained. Accuracy: 0.9545 (5.29 sec.)
2025-03-13 11:23:20 - INFO - Training model: original-bottom_left-bottom_right
2025-03-13 11:23:25 - INFO - Model original-bottom_left-bottom_right completed in 5.22 seconds.
2025-03-13 11:23:25 - INFO - >>> Model original-bottom_left-bottom_right trained. Accuracy: 0.9544 (5.22 sec.)
2025-03-13 11:23:25 - INFO - Training model: original-bottom_left-tda
2025-03-13 11:23:30 - INFO - Model original-bottom_left-tda completed in 5.30 seconds.
2025-03-13 11:23:30 - INFO - >>> Model original-bottom_left-tda trained. Accuracy: 0.9710 (5.30 sec.)
2025-03-13 11:23:30 - INFO - Training model: top_left-original-bottom_right
2025-03-13 11:23:36 - INFO - Model top_left-original-bottom_right completed in 5.57 seconds.
2025-03-13 11:23:36 - INFO - >>> Model top_left-original-bottom_right trained. Accuracy: 0.9565 (5.57 sec.)
2025-03-13 11:23:36 - INFO - Training model: top_left-original-tda
2025-03-13 11:23:41 - INFO - Model top_left-original-tda completed in 5.25 seconds.
2025-03-13 11:23:41 - INFO - >>> Model top_left-original-tda trained. Accuracy: 0.9731 (5.25 sec.)
2025-03-13 11:23:41 - INFO - Training model: original-bottom_right-tda
2025-03-13 11:23:47 - INFO - Model original-bottom_right-tda completed in 5.45 seconds.
2025-03-13 11:23:47 - INFO - >>> Model original-bottom_right-tda trained. Accuracy: 0.9761 (5.45 sec.)
2025-03-13 11:23:47 - INFO - Training model: top_left-top_right-original-bottom_left
2025-03-13 11:23:54 - INFO - Model top_left-top_right-original-bottom_left completed in 6.87 seconds.
2025-03-13 11:23:54 - INFO - >>> Model top_left-top_right-original-bottom_left trained. Accuracy: 0.9583 (6.87 sec.)
2025-03-13 11:23:54 - INFO - Training model: top_right-original-bottom_left-bottom_right
2025-03-13 11:24:00 - INFO - Model top_right-original-bottom_left-bottom_right completed in 6.83 seconds.
2025-03-13 11:24:00 - INFO - >>> Model top_right-original-bottom_left-bottom_right trained. Accuracy: 0.9587 (6.83 sec.)
2025-03-13 11:24:00 - INFO - Training model: top_right-original-bottom_left-tda
2025-03-13 11:24:07 - INFO - Model top_right-original-bottom_left-tda completed in 6.90 seconds.
2025-03-13 11:24:07 - INFO - >>> Model top_right-original-bottom_left-tda trained. Accuracy: 0.9744 (6.90 sec.)
2025-03-13 11:24:07 - INFO - Training model: top_left-top_right-original-bottom_right
2025-03-13 11:24:14 - INFO - Model top_left-top_right-original-bottom_right completed in 7.01 seconds.
2025-03-13 11:24:14 - INFO - >>> Model top_left-top_right-original-bottom_right trained. Accuracy: 0.9596 (7.01 sec.)
2025-03-13 11:24:14 - INFO - Training model: top_left-top_right-original-tda
2025-03-13 11:24:21 - INFO - Model top_left-top_right-original-tda completed in 7.07 seconds.
2025-03-13 11:24:21 - INFO - >>> Model top_left-top_right-original-tda trained. Accuracy: 0.9753 (7.07 sec.)
2025-03-13 11:24:21 - INFO - Training model: top_right-original-bottom_right-tda
2025-03-13 11:24:28 - INFO - Model top_right-original-bottom_right-tda completed in 6.85 seconds.
2025-03-13 11:24:28 - INFO - >>> Model top_right-original-bottom_right-tda trained. Accuracy: 0.9764 (6.85 sec.)
2025-03-13 11:24:28 - INFO - Training model: top_left-original-bottom_left-bottom_right
2025-03-13 11:24:35 - INFO - Model top_left-original-bottom_left-bottom_right completed in 6.83 seconds.
2025-03-13 11:24:35 - INFO - >>> Model top_left-original-bottom_left-bottom_right trained. Accuracy: 0.9564 (6.83 sec.)
2025-03-13 11:24:35 - INFO - Training model: top_left-original-bottom_left-tda
2025-03-13 11:24:42 - INFO - Model top_left-original-bottom_left-tda completed in 7.04 seconds.
2025-03-13 11:24:42 - INFO - >>> Model top_left-original-bottom_left-tda trained. Accuracy: 0.9716 (7.04 sec.)
2025-03-13 11:24:42 - INFO - Training model: tda-original-bottom_left-bottom_right
2025-03-13 11:24:49 - INFO - Model tda-original-bottom_left-bottom_right completed in 6.98 seconds.
2025-03-13 11:24:49 - INFO - >>> Model tda-original-bottom_left-bottom_right trained. Accuracy: 0.9730 (6.98 sec.)
2025-03-13 11:24:49 - INFO - Training model: top_left-original-bottom_right-tda
2025-03-13 11:24:56 - INFO - Model top_left-original-bottom_right-tda completed in 7.10 seconds.
2025-03-13 11:24:56 - INFO - >>> Model top_left-original-bottom_right-tda trained. Accuracy: 0.9757 (7.10 sec.)
2025-03-13 11:24:56 - INFO - Training model: top_right-bottom_left-top_left-original-bottom_right
2025-03-13 11:25:05 - INFO - Model top_right-bottom_left-top_left-original-bottom_right completed in 8.81 seconds.
2025-03-13 11:25:05 - INFO - >>> Model top_right-bottom_left-top_left-original-bottom_right trained. Accuracy: 0.9621 (8.81 sec.)
2025-03-13 11:25:05 - INFO - Training model: top_right-bottom_left-top_left-original-tda
2025-03-13 11:25:14 - INFO - Model top_right-bottom_left-top_left-original-tda completed in 8.66 seconds.
2025-03-13 11:25:14 - INFO - >>> Model top_right-bottom_left-top_left-original-tda trained. Accuracy: 0.9749 (8.66 sec.)
2025-03-13 11:25:14 - INFO - Training model: top_right-bottom_left-original-bottom_right-tda
2025-03-13 11:25:23 - INFO - Model top_right-bottom_left-original-bottom_right-tda completed in 8.96 seconds.
2025-03-13 11:25:23 - INFO - >>> Model top_right-bottom_left-original-bottom_right-tda trained. Accuracy: 0.9765 (8.96 sec.)
2025-03-13 11:25:23 - INFO - Training model: top_right-top_left-original-bottom_right-tda
2025-03-13 11:25:31 - INFO - Model top_right-top_left-original-bottom_right-tda completed in 8.63 seconds.
2025-03-13 11:25:31 - INFO - >>> Model top_right-top_left-original-bottom_right-tda trained. Accuracy: 0.9769 (8.63 sec.)
2025-03-13 11:25:31 - INFO - Training model: bottom_left-top_left-original-bottom_right-tda
2025-03-13 11:25:40 - INFO - Model bottom_left-top_left-original-bottom_right-tda completed in 8.51 seconds.
2025-03-13 11:25:40 - INFO - >>> Model bottom_left-top_left-original-bottom_right-tda trained. Accuracy: 0.9752 (8.51 sec.)
2025-03-13 11:25:40 - INFO - Training model: top_right-bottom_left-top_left-original-bottom_right-tda
2025-03-13 11:25:50 - INFO - Model top_right-bottom_left-top_left-original-bottom_right-tda completed in 10.57 seconds.
2025-03-13 11:25:50 - INFO - >>> Model top_right-bottom_left-top_left-original-bottom_right-tda trained. Accuracy: 0.9770 (10.57 sec.)
2025-03-13 11:25:50 - INFO - All models trained successfully.
2025-03-13 11:25:50 - INFO - ========== [Model Training Completed] in 3.25 minutes ==========
2025-03-13 11:25:50 - INFO - ========== [Experiment Training Complete] ==========
2025-03-13 11:25:50 - INFO - ========== [Finished reading and processing chunks] ==========
2025-03-13 11:25:50 - INFO - Saving results...
2025-03-13 11:25:51 - INFO - Results saved to /home/jovyan/Workspace/workspace_mnist/results/exp_icecream/experiment_trainsize_predictions_2025-03-13_11-25-50.json
2025-03-13 11:25:51 - INFO - Results successfully saved to /home/jovyan/Workspace/workspace_mnist/results/exp_icecream/experiment_trainsize_predictions_2025-03-13_11-25-50.json
2025-03-13 11:25:51 - INFO - Garbage collection executed.
2025-03-13 11:25:51 - INFO - ========== [Experiment Completed] in 7.68 minutes ==========
