2025-03-12 01:57:11 - INFO - Logging initialized.
 Writing to /home/jovyan/Workspace/workspace_mnist/logs/exp_icecream/experiment_logs_2025-03-12_01-57-11.log
2025-03-12 01:57:11 - INFO - ========== [Experiment Start] ==========
2025-03-12 01:57:11 - INFO - Views combinations succesfully generated.
2025-03-12 01:57:11 - INFO - Topological Data Analysis pipeline generated.
2025-03-12 01:57:11 - INFO - Generating folder to save results.
2025-03-12 01:57:11 - INFO - Reading dataset in chunks from mnist_784.csv (chunk size: 70000)
2025-03-12 01:57:12 - INFO - Starting multiview data preparation for a chunk of size (70000, 784)...
2025-03-12 01:57:12 - INFO - Running using 8 jobs.
2025-03-12 01:57:12 - INFO - Splitting data: 17.8% train / 20.0% test (random_state=12444143)
2025-03-12 01:57:12 - INFO - Data split complete. Train size: (9955, 784), Test size: (14000, 784)
2025-03-12 01:57:12 - INFO - Reshaping train and test data into square images...
2025-03-12 01:57:12 - INFO - Reshaping complete. Train images: (9955, 28, 28), Test images: (14000, 28, 28)
2025-03-12 01:57:12 - INFO - Splitting images into quadrant views...
2025-03-12 01:57:12 - INFO - Quadrant view splitting complete. Train views: 4, Test views: 4
2025-03-12 01:57:12 - INFO - >> Starting TDA pipeline transformation on train data...
2025-03-12 01:59:50 - INFO - >> TDA transformation for train data completed (2.63 minutes).
2025-03-12 01:59:50 - INFO - >> Applying TDA pipeline transformation on test data...
2025-03-12 02:03:32 - INFO - >> TDA transformation for test data completed (3.71 minutes).
2025-03-12 02:03:32 - INFO - ========== [Model Training Start] ==========
2025-03-12 02:03:32 - INFO - Training model: original
2025-03-12 02:03:33 - INFO - Model original completed in 0.39 seconds.
2025-03-12 02:03:33 - INFO - >>> Model original trained. Accuracy: 0.9499 (0.39 sec.)
2025-03-12 02:03:33 - INFO - Training model: tda-original
2025-03-12 02:03:37 - INFO - Model tda-original completed in 4.65 seconds.
2025-03-12 02:03:37 - INFO - >>> Model tda-original trained. Accuracy: 0.9743 (4.65 sec.)
2025-03-12 02:03:37 - INFO - Training model: top_left-original
2025-03-12 02:03:41 - INFO - Model top_left-original completed in 3.75 seconds.
2025-03-12 02:03:41 - INFO - >>> Model top_left-original trained. Accuracy: 0.9531 (3.75 sec.)
2025-03-12 02:03:41 - INFO - Training model: bottom_left-original
2025-03-12 02:03:45 - INFO - Model bottom_left-original completed in 3.85 seconds.
2025-03-12 02:03:45 - INFO - >>> Model bottom_left-original trained. Accuracy: 0.9517 (3.85 sec.)
2025-03-12 02:03:45 - INFO - Training model: original-top_right
2025-03-12 02:03:49 - INFO - Model original-top_right completed in 3.80 seconds.
2025-03-12 02:03:49 - INFO - >>> Model original-top_right trained. Accuracy: 0.9534 (3.80 sec.)
2025-03-12 02:03:49 - INFO - Training model: original-bottom_right
2025-03-12 02:03:53 - INFO - Model original-bottom_right completed in 3.84 seconds.
2025-03-12 02:03:53 - INFO - >>> Model original-bottom_right trained. Accuracy: 0.9526 (3.84 sec.)
2025-03-12 02:03:53 - INFO - Training model: tda-original-top_left
2025-03-12 02:03:59 - INFO - Model tda-original-top_left completed in 6.01 seconds.
2025-03-12 02:03:59 - INFO - >>> Model tda-original-top_left trained. Accuracy: 0.9731 (6.01 sec.)
2025-03-12 02:03:59 - INFO - Training model: tda-bottom_left-original
2025-03-12 02:04:05 - INFO - Model tda-bottom_left-original completed in 6.12 seconds.
2025-03-12 02:04:05 - INFO - >>> Model tda-bottom_left-original trained. Accuracy: 0.9710 (6.12 sec.)
2025-03-12 02:04:05 - INFO - Training model: tda-original-top_right
2025-03-12 02:04:11 - INFO - Model tda-original-top_right completed in 6.42 seconds.
2025-03-12 02:04:11 - INFO - >>> Model tda-original-top_right trained. Accuracy: 0.9760 (6.42 sec.)
2025-03-12 02:04:11 - INFO - Training model: tda-original-bottom_right
2025-03-12 02:04:18 - INFO - Model tda-original-bottom_right completed in 6.42 seconds.
2025-03-12 02:04:18 - INFO - >>> Model tda-original-bottom_right trained. Accuracy: 0.9761 (6.42 sec.)
2025-03-12 02:04:18 - INFO - Training model: top_left-bottom_left-original
2025-03-12 02:04:23 - INFO - Model top_left-bottom_left-original completed in 5.32 seconds.
2025-03-12 02:04:23 - INFO - >>> Model top_left-bottom_left-original trained. Accuracy: 0.9545 (5.32 sec.)
2025-03-12 02:04:23 - INFO - Training model: top_left-original-top_right
2025-03-12 02:04:28 - INFO - Model top_left-original-top_right completed in 5.29 seconds.
2025-03-12 02:04:28 - INFO - >>> Model top_left-original-top_right trained. Accuracy: 0.9564 (5.29 sec.)
2025-03-12 02:04:28 - INFO - Training model: top_left-original-bottom_right
2025-03-12 02:04:34 - INFO - Model top_left-original-bottom_right completed in 5.36 seconds.
2025-03-12 02:04:34 - INFO - >>> Model top_left-original-bottom_right trained. Accuracy: 0.9565 (5.36 sec.)
2025-03-12 02:04:34 - INFO - Training model: bottom_left-original-top_right
2025-03-12 02:04:39 - INFO - Model bottom_left-original-top_right completed in 5.35 seconds.
2025-03-12 02:04:39 - INFO - >>> Model bottom_left-original-top_right trained. Accuracy: 0.9548 (5.35 sec.)
2025-03-12 02:04:39 - INFO - Training model: bottom_left-original-bottom_right
2025-03-12 02:04:44 - INFO - Model bottom_left-original-bottom_right completed in 5.49 seconds.
2025-03-12 02:04:44 - INFO - >>> Model bottom_left-original-bottom_right trained. Accuracy: 0.9544 (5.49 sec.)
2025-03-12 02:04:44 - INFO - Training model: bottom_right-original-top_right
2025-03-12 02:04:50 - INFO - Model bottom_right-original-top_right completed in 5.51 seconds.
2025-03-12 02:04:50 - INFO - >>> Model bottom_right-original-top_right trained. Accuracy: 0.9566 (5.51 sec.)
2025-03-12 02:04:50 - INFO - Training model: tda-bottom_left-original-top_left
2025-03-12 02:04:58 - INFO - Model tda-bottom_left-original-top_left completed in 7.64 seconds.
2025-03-12 02:04:58 - INFO - >>> Model tda-bottom_left-original-top_left trained. Accuracy: 0.9716 (7.64 sec.)
2025-03-12 02:04:58 - INFO - Training model: tda-original-top_right-top_left
2025-03-12 02:05:05 - INFO - Model tda-original-top_right-top_left completed in 7.46 seconds.
2025-03-12 02:05:05 - INFO - >>> Model tda-original-top_right-top_left trained. Accuracy: 0.9753 (7.46 sec.)
2025-03-12 02:05:05 - INFO - Training model: tda-bottom_right-original-top_left
2025-03-12 02:05:13 - INFO - Model tda-bottom_right-original-top_left completed in 7.64 seconds.
2025-03-12 02:05:13 - INFO - >>> Model tda-bottom_right-original-top_left trained. Accuracy: 0.9757 (7.64 sec.)
2025-03-12 02:05:13 - INFO - Training model: tda-bottom_left-original-top_right
2025-03-12 02:05:20 - INFO - Model tda-bottom_left-original-top_right completed in 7.70 seconds.
2025-03-12 02:05:20 - INFO - >>> Model tda-bottom_left-original-top_right trained. Accuracy: 0.9744 (7.70 sec.)
2025-03-12 02:05:20 - INFO - Training model: tda-bottom_left-original-bottom_right
2025-03-12 02:05:28 - INFO - Model tda-bottom_left-original-bottom_right completed in 7.74 seconds.
2025-03-12 02:05:28 - INFO - >>> Model tda-bottom_left-original-bottom_right trained. Accuracy: 0.9730 (7.74 sec.)
2025-03-12 02:05:28 - INFO - Training model: tda-bottom_right-original-top_right
2025-03-12 02:05:36 - INFO - Model tda-bottom_right-original-top_right completed in 7.72 seconds.
2025-03-12 02:05:36 - INFO - >>> Model tda-bottom_right-original-top_right trained. Accuracy: 0.9764 (7.72 sec.)
2025-03-12 02:05:36 - INFO - Training model: top_left-bottom_left-original-top_right
2025-03-12 02:05:43 - INFO - Model top_left-bottom_left-original-top_right completed in 6.76 seconds.
2025-03-12 02:05:43 - INFO - >>> Model top_left-bottom_left-original-top_right trained. Accuracy: 0.9583 (6.76 sec.)
2025-03-12 02:05:43 - INFO - Training model: top_left-bottom_left-original-bottom_right
2025-03-12 02:05:49 - INFO - Model top_left-bottom_left-original-bottom_right completed in 6.86 seconds.
2025-03-12 02:05:49 - INFO - >>> Model top_left-bottom_left-original-bottom_right trained. Accuracy: 0.9564 (6.86 sec.)
2025-03-12 02:05:49 - INFO - Training model: top_left-bottom_right-original-top_right
2025-03-12 02:05:56 - INFO - Model top_left-bottom_right-original-top_right completed in 6.78 seconds.
2025-03-12 02:05:56 - INFO - >>> Model top_left-bottom_right-original-top_right trained. Accuracy: 0.9596 (6.78 sec.)
2025-03-12 02:05:56 - INFO - Training model: bottom_right-bottom_left-original-top_right
2025-03-12 02:06:03 - INFO - Model bottom_right-bottom_left-original-top_right completed in 6.89 seconds.
2025-03-12 02:06:03 - INFO - >>> Model bottom_right-bottom_left-original-top_right trained. Accuracy: 0.9587 (6.89 sec.)
2025-03-12 02:06:03 - INFO - Training model: tda-top_left-original-bottom_left-top_right
2025-03-12 02:06:12 - INFO - Model tda-top_left-original-bottom_left-top_right completed in 9.08 seconds.
2025-03-12 02:06:12 - INFO - >>> Model tda-top_left-original-bottom_left-top_right trained. Accuracy: 0.9749 (9.08 sec.)
2025-03-12 02:06:12 - INFO - Training model: tda-top_left-original-bottom_left-bottom_right
2025-03-12 02:06:21 - INFO - Model tda-top_left-original-bottom_left-bottom_right completed in 8.85 seconds.
2025-03-12 02:06:21 - INFO - >>> Model tda-top_left-original-bottom_left-bottom_right trained. Accuracy: 0.9752 (8.85 sec.)
2025-03-12 02:06:21 - INFO - Training model: tda-top_left-original-top_right-bottom_right
2025-03-12 02:06:30 - INFO - Model tda-top_left-original-top_right-bottom_right completed in 9.04 seconds.
2025-03-12 02:06:30 - INFO - >>> Model tda-top_left-original-top_right-bottom_right trained. Accuracy: 0.9769 (9.04 sec.)
2025-03-12 02:06:30 - INFO - Training model: tda-original-bottom_left-top_right-bottom_right
2025-03-12 02:06:39 - INFO - Model tda-original-bottom_left-top_right-bottom_right completed in 9.36 seconds.
2025-03-12 02:06:39 - INFO - >>> Model tda-original-bottom_left-top_right-bottom_right trained. Accuracy: 0.9765 (9.36 sec.)
2025-03-12 02:06:39 - INFO - Training model: top_left-original-bottom_left-top_right-bottom_right
2025-03-12 02:06:48 - INFO - Model top_left-original-bottom_left-top_right-bottom_right completed in 8.39 seconds.
2025-03-12 02:06:48 - INFO - >>> Model top_left-original-bottom_left-top_right-bottom_right trained. Accuracy: 0.9621 (8.39 sec.)
2025-03-12 02:06:48 - INFO - Training model: tda-top_left-original-bottom_left-bottom_right-top_right
2025-03-12 02:06:59 - INFO - Model tda-top_left-original-bottom_left-bottom_right-top_right completed in 10.64 seconds.
2025-03-12 02:06:59 - INFO - >>> Model tda-top_left-original-bottom_left-bottom_right-top_right trained. Accuracy: 0.9770 (10.64 sec.)
2025-03-12 02:06:59 - INFO - All models trained successfully.
2025-03-12 02:06:59 - INFO - ========== [Model Training Completed] in 3.44 minutes ==========
2025-03-12 02:06:59 - INFO - ========== [Experiment Training Complete] ==========
2025-03-12 02:06:59 - INFO - ========== [Finished reading and processing chunks] ==========
2025-03-12 02:06:59 - INFO - Saving results...
2025-03-12 02:06:59 - INFO - Results saved to /home/jovyan/Workspace/workspace_mnist/results/exp_icecream/experiment_trainsize_predictions_2025-03-12_02-06-59.json
2025-03-12 02:06:59 - INFO - Results successfully saved to /home/jovyan/Workspace/workspace_mnist/results/exp_icecream/experiment_trainsize_predictions_2025-03-12_02-06-59.json
2025-03-12 02:06:59 - INFO - Garbage collection executed.
2025-03-12 02:06:59 - INFO - ========== [Experiment Completed] in 9.80 minutes ==========
