2025-03-13 12:08:35 - INFO - Logging initialized.
 Writing to /home/jovyan/Workspace/workspace_mnist/logs/exp_icecream/experiment_logs_2025-03-13_12-08-35.log
2025-03-13 12:08:35 - INFO - ========== [Experiment Start] ==========
2025-03-13 12:08:35 - INFO - Views combinations succesfully generated.
2025-03-13 12:08:35 - INFO - Topological Data Analysis pipeline generated.
2025-03-13 12:08:35 - INFO - Generating folder to save results.
2025-03-13 12:08:35 - INFO - Reading dataset in chunks from mnist_784.csv (chunk size: 70000)
2025-03-13 12:08:36 - INFO - Starting multiview data preparation for a chunk of size (70000, 784)...
2025-03-13 12:08:36 - INFO - Running using 20 jobs.
2025-03-13 12:08:36 - INFO - Splitting data: 56.7% train / 20.0% test (random_state=12444143)
2025-03-13 12:08:36 - INFO - Data split complete. Train size: (31733, 784), Test size: (14000, 784)
2025-03-13 12:08:36 - INFO - Reshaping train and test data into square images...
2025-03-13 12:08:36 - INFO - Reshaping complete. Train images: (31733, 28, 28), Test images: (14000, 28, 28)
2025-03-13 12:08:36 - INFO - Splitting images into quadrant views...
2025-03-13 12:08:36 - INFO - Quadrant view splitting complete. Train views: 4, Test views: 4
2025-03-13 12:08:36 - INFO - >> Starting TDA pipeline transformation on train data...
2025-03-13 12:14:21 - INFO - >> TDA transformation for train data completed (5.75 minutes).
2025-03-13 12:14:21 - INFO - >> Applying TDA pipeline transformation on test data...
2025-03-13 12:16:57 - INFO - >> TDA transformation for test data completed (2.59 minutes).
2025-03-13 12:16:57 - INFO - ========== [Model Training Start] ==========
2025-03-13 12:16:57 - INFO - Training model: original
2025-03-13 12:16:57 - INFO - Model original completed in 0.71 seconds.
2025-03-13 12:16:57 - INFO - >>> Model original trained. Accuracy: 0.9629 (0.71 sec.)
2025-03-13 12:16:57 - INFO - Training model: top_right-original
2025-03-13 12:17:04 - INFO - Model top_right-original completed in 6.42 seconds.
2025-03-13 12:17:04 - INFO - >>> Model top_right-original trained. Accuracy: 0.9657 (6.42 sec.)
2025-03-13 12:17:04 - INFO - Training model: original-bottom_left
2025-03-13 12:17:10 - INFO - Model original-bottom_left completed in 6.37 seconds.
2025-03-13 12:17:10 - INFO - >>> Model original-bottom_left trained. Accuracy: 0.9647 (6.37 sec.)
2025-03-13 12:17:10 - INFO - Training model: top_left-original
2025-03-13 12:17:16 - INFO - Model top_left-original completed in 6.22 seconds.
2025-03-13 12:17:16 - INFO - >>> Model top_left-original trained. Accuracy: 0.9649 (6.22 sec.)
2025-03-13 12:17:16 - INFO - Training model: original-bottom_right
2025-03-13 12:17:23 - INFO - Model original-bottom_right completed in 6.47 seconds.
2025-03-13 12:17:23 - INFO - >>> Model original-bottom_right trained. Accuracy: 0.9666 (6.47 sec.)
2025-03-13 12:17:23 - INFO - Training model: original-tda
2025-03-13 12:17:31 - INFO - Model original-tda completed in 8.04 seconds.
2025-03-13 12:17:31 - INFO - >>> Model original-tda trained. Accuracy: 0.9806 (8.04 sec.)
2025-03-13 12:17:31 - INFO - Training model: top_right-original-bottom_left
2025-03-13 12:17:40 - INFO - Model top_right-original-bottom_left completed in 8.68 seconds.
2025-03-13 12:17:40 - INFO - >>> Model top_right-original-bottom_left trained. Accuracy: 0.9677 (8.68 sec.)
2025-03-13 12:17:40 - INFO - Training model: top_left-top_right-original
2025-03-13 12:17:48 - INFO - Model top_left-top_right-original completed in 8.82 seconds.
2025-03-13 12:17:48 - INFO - >>> Model top_left-top_right-original trained. Accuracy: 0.9682 (8.82 sec.)
2025-03-13 12:17:48 - INFO - Training model: top_right-original-bottom_right
2025-03-13 12:17:57 - INFO - Model top_right-original-bottom_right completed in 8.81 seconds.
2025-03-13 12:17:57 - INFO - >>> Model top_right-original-bottom_right trained. Accuracy: 0.9678 (8.81 sec.)
2025-03-13 12:17:57 - INFO - Training model: top_right-original-tda
2025-03-13 12:18:08 - INFO - Model top_right-original-tda completed in 10.48 seconds.
2025-03-13 12:18:08 - INFO - >>> Model top_right-original-tda trained. Accuracy: 0.9814 (10.48 sec.)
2025-03-13 12:18:08 - INFO - Training model: top_left-original-bottom_left
2025-03-13 12:18:16 - INFO - Model top_left-original-bottom_left completed in 8.63 seconds.
2025-03-13 12:18:16 - INFO - >>> Model top_left-original-bottom_left trained. Accuracy: 0.9660 (8.63 sec.)
2025-03-13 12:18:16 - INFO - Training model: original-bottom_left-bottom_right
2025-03-13 12:18:25 - INFO - Model original-bottom_left-bottom_right completed in 8.81 seconds.
2025-03-13 12:18:25 - INFO - >>> Model original-bottom_left-bottom_right trained. Accuracy: 0.9674 (8.81 sec.)
2025-03-13 12:18:25 - INFO - Training model: original-bottom_left-tda
2025-03-13 12:18:36 - INFO - Model original-bottom_left-tda completed in 10.45 seconds.
2025-03-13 12:18:36 - INFO - >>> Model original-bottom_left-tda trained. Accuracy: 0.9796 (10.45 sec.)
2025-03-13 12:18:36 - INFO - Training model: top_left-original-bottom_right
2025-03-13 12:18:44 - INFO - Model top_left-original-bottom_right completed in 8.70 seconds.
2025-03-13 12:18:44 - INFO - >>> Model top_left-original-bottom_right trained. Accuracy: 0.9669 (8.70 sec.)
2025-03-13 12:18:44 - INFO - Training model: top_left-original-tda
2025-03-13 12:18:55 - INFO - Model top_left-original-tda completed in 10.30 seconds.
2025-03-13 12:18:55 - INFO - >>> Model top_left-original-tda trained. Accuracy: 0.9801 (10.30 sec.)
2025-03-13 12:18:55 - INFO - Training model: original-bottom_right-tda
2025-03-13 12:19:05 - INFO - Model original-bottom_right-tda completed in 10.31 seconds.
2025-03-13 12:19:05 - INFO - >>> Model original-bottom_right-tda trained. Accuracy: 0.9826 (10.31 sec.)
2025-03-13 12:19:05 - INFO - Training model: top_left-top_right-original-bottom_left
2025-03-13 12:19:16 - INFO - Model top_left-top_right-original-bottom_left completed in 11.00 seconds.
2025-03-13 12:19:16 - INFO - >>> Model top_left-top_right-original-bottom_left trained. Accuracy: 0.9698 (11.00 sec.)
2025-03-13 12:19:16 - INFO - Training model: top_right-original-bottom_left-bottom_right
2025-03-13 12:19:27 - INFO - Model top_right-original-bottom_left-bottom_right completed in 11.28 seconds.
2025-03-13 12:19:27 - INFO - >>> Model top_right-original-bottom_left-bottom_right trained. Accuracy: 0.9699 (11.28 sec.)
2025-03-13 12:19:27 - INFO - Training model: top_right-original-bottom_left-tda
2025-03-13 12:19:40 - INFO - Model top_right-original-bottom_left-tda completed in 12.57 seconds.
2025-03-13 12:19:40 - INFO - >>> Model top_right-original-bottom_left-tda trained. Accuracy: 0.9812 (12.57 sec.)
2025-03-13 12:19:40 - INFO - Training model: top_left-top_right-original-bottom_right
2025-03-13 12:19:51 - INFO - Model top_left-top_right-original-bottom_right completed in 11.28 seconds.
2025-03-13 12:19:51 - INFO - >>> Model top_left-top_right-original-bottom_right trained. Accuracy: 0.9696 (11.28 sec.)
2025-03-13 12:19:51 - INFO - Training model: top_left-top_right-original-tda
2025-03-13 12:20:04 - INFO - Model top_left-top_right-original-tda completed in 12.73 seconds.
2025-03-13 12:20:04 - INFO - >>> Model top_left-top_right-original-tda trained. Accuracy: 0.9806 (12.73 sec.)
2025-03-13 12:20:04 - INFO - Training model: top_right-original-bottom_right-tda
2025-03-13 12:20:16 - INFO - Model top_right-original-bottom_right-tda completed in 12.64 seconds.
2025-03-13 12:20:16 - INFO - >>> Model top_right-original-bottom_right-tda trained. Accuracy: 0.9819 (12.64 sec.)
2025-03-13 12:20:16 - INFO - Training model: top_left-original-bottom_left-bottom_right
2025-03-13 12:20:28 - INFO - Model top_left-original-bottom_left-bottom_right completed in 11.10 seconds.
2025-03-13 12:20:28 - INFO - >>> Model top_left-original-bottom_left-bottom_right trained. Accuracy: 0.9687 (11.10 sec.)
2025-03-13 12:20:28 - INFO - Training model: top_left-original-bottom_left-tda
2025-03-13 12:20:40 - INFO - Model top_left-original-bottom_left-tda completed in 12.62 seconds.
2025-03-13 12:20:40 - INFO - >>> Model top_left-original-bottom_left-tda trained. Accuracy: 0.9799 (12.62 sec.)
2025-03-13 12:20:40 - INFO - Training model: tda-original-bottom_left-bottom_right
2025-03-13 12:20:53 - INFO - Model tda-original-bottom_left-bottom_right completed in 12.92 seconds.
2025-03-13 12:20:53 - INFO - >>> Model tda-original-bottom_left-bottom_right trained. Accuracy: 0.9814 (12.92 sec.)
2025-03-13 12:20:53 - INFO - Training model: top_left-original-bottom_right-tda
2025-03-13 12:21:06 - INFO - Model top_left-original-bottom_right-tda completed in 12.99 seconds.
2025-03-13 12:21:06 - INFO - >>> Model top_left-original-bottom_right-tda trained. Accuracy: 0.9817 (12.99 sec.)
2025-03-13 12:21:06 - INFO - Training model: top_right-bottom_left-top_left-original-bottom_right
2025-03-13 12:21:20 - INFO - Model top_right-bottom_left-top_left-original-bottom_right completed in 13.80 seconds.
2025-03-13 12:21:20 - INFO - >>> Model top_right-bottom_left-top_left-original-bottom_right trained. Accuracy: 0.9723 (13.80 sec.)
2025-03-13 12:21:20 - INFO - Training model: top_right-bottom_left-top_left-original-tda
2025-03-13 12:21:35 - INFO - Model top_right-bottom_left-top_left-original-tda completed in 14.83 seconds.
2025-03-13 12:21:35 - INFO - >>> Model top_right-bottom_left-top_left-original-tda trained. Accuracy: 0.9821 (14.83 sec.)
2025-03-13 12:21:35 - INFO - Training model: top_right-bottom_left-original-bottom_right-tda
2025-03-13 12:21:50 - INFO - Model top_right-bottom_left-original-bottom_right-tda completed in 15.37 seconds.
2025-03-13 12:21:50 - INFO - >>> Model top_right-bottom_left-original-bottom_right-tda trained. Accuracy: 0.9824 (15.37 sec.)
2025-03-13 12:21:50 - INFO - Training model: top_right-top_left-original-bottom_right-tda
2025-03-13 12:22:05 - INFO - Model top_right-top_left-original-bottom_right-tda completed in 14.76 seconds.
2025-03-13 12:22:05 - INFO - >>> Model top_right-top_left-original-bottom_right-tda trained. Accuracy: 0.9821 (14.76 sec.)
2025-03-13 12:22:05 - INFO - Training model: bottom_left-top_left-original-bottom_right-tda
2025-03-13 12:22:20 - INFO - Model bottom_left-top_left-original-bottom_right-tda completed in 15.35 seconds.
2025-03-13 12:22:20 - INFO - >>> Model bottom_left-top_left-original-bottom_right-tda trained. Accuracy: 0.9819 (15.35 sec.)
2025-03-13 12:22:20 - INFO - Training model: top_right-bottom_left-top_left-original-bottom_right-tda
2025-03-13 12:22:38 - INFO - Model top_right-bottom_left-top_left-original-bottom_right-tda completed in 17.92 seconds.
2025-03-13 12:22:38 - INFO - >>> Model top_right-bottom_left-top_left-original-bottom_right-tda trained. Accuracy: 0.9826 (17.92 sec.)
2025-03-13 12:22:38 - INFO - All models trained successfully.
2025-03-13 12:22:38 - INFO - ========== [Model Training Completed] in 5.69 minutes ==========
2025-03-13 12:22:38 - INFO - ========== [Experiment Training Complete] ==========
2025-03-13 12:22:38 - INFO - ========== [Finished reading and processing chunks] ==========
2025-03-13 12:22:38 - INFO - Saving results...
2025-03-13 12:22:38 - INFO - Results saved to /home/jovyan/Workspace/workspace_mnist/results/exp_icecream/experiment_trainsize_predictions_2025-03-13_12-22-38.json
2025-03-13 12:22:38 - INFO - Results successfully saved to /home/jovyan/Workspace/workspace_mnist/results/exp_icecream/experiment_trainsize_predictions_2025-03-13_12-22-38.json
2025-03-13 12:22:38 - INFO - Garbage collection executed.
2025-03-13 12:22:38 - INFO - ========== [Experiment Completed] in 14.05 minutes ==========
