2025-03-12 18:32:55 - INFO - Logging initialized.
 Writing to /home/jovyan/Workspace/workspace_mnist/logs/exp_icecream/experiment_logs_2025-03-12_18-32-55.log
2025-03-12 18:32:55 - INFO - ========== [Experiment Start] ==========
2025-03-12 18:32:55 - INFO - Views combinations succesfully generated.
2025-03-12 18:32:55 - INFO - Topological Data Analysis pipeline generated.
2025-03-12 18:32:55 - INFO - Generating folder to save results.
2025-03-12 18:32:55 - INFO - Reading dataset in chunks from mnist_784.csv (chunk size: 70000)
2025-03-12 18:32:56 - INFO - Starting multiview data preparation for a chunk of size (70000, 784)...
2025-03-12 18:32:56 - INFO - Running using 8 jobs.
2025-03-12 18:32:56 - INFO - Splitting data: 72.2% train / 20.0% test (random_state=824368717)
2025-03-12 18:32:56 - INFO - Data split complete. Train size: (40444, 784), Test size: (14000, 784)
2025-03-12 18:32:56 - INFO - Reshaping train and test data into square images...
2025-03-12 18:32:56 - INFO - Reshaping complete. Train images: (40444, 28, 28), Test images: (14000, 28, 28)
2025-03-12 18:32:56 - INFO - Splitting images into quadrant views...
2025-03-12 18:32:56 - INFO - Quadrant view splitting complete. Train views: 4, Test views: 4
2025-03-12 18:32:56 - INFO - >> Starting TDA pipeline transformation on train data...
2025-03-12 18:43:37 - INFO - >> TDA transformation for train data completed (10.69 minutes).
2025-03-12 18:43:37 - INFO - >> Applying TDA pipeline transformation on test data...
2025-03-12 18:47:18 - INFO - >> TDA transformation for test data completed (3.68 minutes).
2025-03-12 18:47:18 - INFO - ========== [Model Training Start] ==========
2025-03-12 18:47:18 - INFO - Training model: original
2025-03-12 18:47:20 - INFO - Model original completed in 1.66 seconds.
2025-03-12 18:47:20 - INFO - >>> Model original trained. Accuracy: 0.9666 (1.66 sec.)
2025-03-12 18:47:20 - INFO - Training model: tda-original
2025-03-12 18:47:37 - INFO - Model tda-original completed in 17.16 seconds.
2025-03-12 18:47:37 - INFO - >>> Model tda-original trained. Accuracy: 0.9841 (17.16 sec.)
2025-03-12 18:47:37 - INFO - Training model: top_left-original
2025-03-12 18:47:49 - INFO - Model top_left-original completed in 12.23 seconds.
2025-03-12 18:47:49 - INFO - >>> Model top_left-original trained. Accuracy: 0.9694 (12.23 sec.)
2025-03-12 18:47:49 - INFO - Training model: bottom_left-original
2025-03-12 18:48:02 - INFO - Model bottom_left-original completed in 12.51 seconds.
2025-03-12 18:48:02 - INFO - >>> Model bottom_left-original trained. Accuracy: 0.9692 (12.51 sec.)
2025-03-12 18:48:02 - INFO - Training model: original-top_right
2025-03-12 18:48:15 - INFO - Model original-top_right completed in 12.76 seconds.
2025-03-12 18:48:15 - INFO - >>> Model original-top_right trained. Accuracy: 0.9704 (12.76 sec.)
2025-03-12 18:48:15 - INFO - Training model: original-bottom_right
2025-03-12 18:48:27 - INFO - Model original-bottom_right completed in 12.90 seconds.
2025-03-12 18:48:27 - INFO - >>> Model original-bottom_right trained. Accuracy: 0.9714 (12.90 sec.)
2025-03-12 18:48:27 - INFO - Training model: tda-original-top_left
2025-03-12 18:48:49 - INFO - Model tda-original-top_left completed in 21.13 seconds.
2025-03-12 18:48:49 - INFO - >>> Model tda-original-top_left trained. Accuracy: 0.9833 (21.13 sec.)
2025-03-12 18:48:49 - INFO - Training model: tda-bottom_left-original
2025-03-12 18:49:10 - INFO - Model tda-bottom_left-original completed in 21.33 seconds.
2025-03-12 18:49:10 - INFO - >>> Model tda-bottom_left-original trained. Accuracy: 0.9825 (21.33 sec.)
2025-03-12 18:49:10 - INFO - Training model: tda-original-top_right
2025-03-12 18:49:32 - INFO - Model tda-original-top_right completed in 21.64 seconds.
2025-03-12 18:49:32 - INFO - >>> Model tda-original-top_right trained. Accuracy: 0.9843 (21.64 sec.)
2025-03-12 18:49:32 - INFO - Training model: tda-original-bottom_right
2025-03-12 18:49:53 - INFO - Model tda-original-bottom_right completed in 21.80 seconds.
2025-03-12 18:49:53 - INFO - >>> Model tda-original-bottom_right trained. Accuracy: 0.9846 (21.80 sec.)
2025-03-12 18:49:53 - INFO - Training model: top_left-bottom_left-original
2025-03-12 18:50:10 - INFO - Model top_left-bottom_left-original completed in 16.36 seconds.
2025-03-12 18:50:10 - INFO - >>> Model top_left-bottom_left-original trained. Accuracy: 0.9714 (16.36 sec.)
2025-03-12 18:50:10 - INFO - Training model: top_left-original-top_right
2025-03-12 18:50:26 - INFO - Model top_left-original-top_right completed in 16.61 seconds.
2025-03-12 18:50:26 - INFO - >>> Model top_left-original-top_right trained. Accuracy: 0.9719 (16.61 sec.)
2025-03-12 18:50:26 - INFO - Training model: top_left-original-bottom_right
2025-03-12 18:50:43 - INFO - Model top_left-original-bottom_right completed in 16.67 seconds.
2025-03-12 18:50:43 - INFO - >>> Model top_left-original-bottom_right trained. Accuracy: 0.9720 (16.67 sec.)
2025-03-12 18:50:43 - INFO - Training model: bottom_left-original-top_right
2025-03-12 18:51:00 - INFO - Model bottom_left-original-top_right completed in 16.99 seconds.
2025-03-12 18:51:00 - INFO - >>> Model bottom_left-original-top_right trained. Accuracy: 0.9713 (16.99 sec.)
2025-03-12 18:51:00 - INFO - Training model: bottom_left-original-bottom_right
2025-03-12 18:51:17 - INFO - Model bottom_left-original-bottom_right completed in 17.09 seconds.
2025-03-12 18:51:17 - INFO - >>> Model bottom_left-original-bottom_right trained. Accuracy: 0.9719 (17.09 sec.)
2025-03-12 18:51:17 - INFO - Training model: bottom_right-original-top_right
2025-03-12 18:51:34 - INFO - Model bottom_right-original-top_right completed in 17.36 seconds.
2025-03-12 18:51:34 - INFO - >>> Model bottom_right-original-top_right trained. Accuracy: 0.9729 (17.36 sec.)
2025-03-12 18:51:34 - INFO - Training model: tda-bottom_left-original-top_left
2025-03-12 18:52:00 - INFO - Model tda-bottom_left-original-top_left completed in 25.35 seconds.
2025-03-12 18:52:00 - INFO - >>> Model tda-bottom_left-original-top_left trained. Accuracy: 0.9840 (25.35 sec.)
2025-03-12 18:52:00 - INFO - Training model: tda-original-top_right-top_left
2025-03-12 18:52:25 - INFO - Model tda-original-top_right-top_left completed in 25.45 seconds.
2025-03-12 18:52:25 - INFO - >>> Model tda-original-top_right-top_left trained. Accuracy: 0.9848 (25.45 sec.)
2025-03-12 18:52:25 - INFO - Training model: tda-bottom_right-original-top_left
2025-03-12 18:52:51 - INFO - Model tda-bottom_right-original-top_left completed in 25.76 seconds.
2025-03-12 18:52:51 - INFO - >>> Model tda-bottom_right-original-top_left trained. Accuracy: 0.9854 (25.76 sec.)
2025-03-12 18:52:51 - INFO - Training model: tda-bottom_left-original-top_right
2025-03-12 18:53:17 - INFO - Model tda-bottom_left-original-top_right completed in 25.89 seconds.
2025-03-12 18:53:17 - INFO - >>> Model tda-bottom_left-original-top_right trained. Accuracy: 0.9846 (25.89 sec.)
2025-03-12 18:53:17 - INFO - Training model: tda-bottom_left-original-bottom_right
2025-03-12 18:53:43 - INFO - Model tda-bottom_left-original-bottom_right completed in 25.95 seconds.
2025-03-12 18:53:43 - INFO - >>> Model tda-bottom_left-original-bottom_right trained. Accuracy: 0.9833 (25.95 sec.)
2025-03-12 18:53:43 - INFO - Training model: tda-bottom_right-original-top_right
2025-03-12 18:54:09 - INFO - Model tda-bottom_right-original-top_right completed in 26.26 seconds.
2025-03-12 18:54:09 - INFO - >>> Model tda-bottom_right-original-top_right trained. Accuracy: 0.9858 (26.26 sec.)
2025-03-12 18:54:09 - INFO - Training model: top_left-bottom_left-original-top_right
2025-03-12 18:54:30 - INFO - Model top_left-bottom_left-original-top_right completed in 20.90 seconds.
2025-03-12 18:54:30 - INFO - >>> Model top_left-bottom_left-original-top_right trained. Accuracy: 0.9740 (20.90 sec.)
2025-03-12 18:54:30 - INFO - Training model: top_left-bottom_left-original-bottom_right
2025-03-12 18:54:51 - INFO - Model top_left-bottom_left-original-bottom_right completed in 21.07 seconds.
2025-03-12 18:54:51 - INFO - >>> Model top_left-bottom_left-original-bottom_right trained. Accuracy: 0.9731 (21.07 sec.)
2025-03-12 18:54:51 - INFO - Training model: top_left-bottom_right-original-top_right
2025-03-12 18:55:12 - INFO - Model top_left-bottom_right-original-top_right completed in 21.30 seconds.
2025-03-12 18:55:12 - INFO - >>> Model top_left-bottom_right-original-top_right trained. Accuracy: 0.9746 (21.30 sec.)
2025-03-12 18:55:12 - INFO - Training model: bottom_right-bottom_left-original-top_right
2025-03-12 18:55:34 - INFO - Model bottom_right-bottom_left-original-top_right completed in 21.60 seconds.
2025-03-12 18:55:34 - INFO - >>> Model bottom_right-bottom_left-original-top_right trained. Accuracy: 0.9738 (21.60 sec.)
2025-03-12 18:55:34 - INFO - Training model: tda-top_left-original-bottom_left-top_right
2025-03-12 18:56:04 - INFO - Model tda-top_left-original-bottom_left-top_right completed in 29.71 seconds.
2025-03-12 18:56:04 - INFO - >>> Model tda-top_left-original-bottom_left-top_right trained. Accuracy: 0.9853 (29.71 sec.)
2025-03-12 18:56:04 - INFO - Training model: tda-top_left-original-bottom_left-bottom_right
2025-03-12 18:56:34 - INFO - Model tda-top_left-original-bottom_left-bottom_right completed in 29.91 seconds.
2025-03-12 18:56:34 - INFO - >>> Model tda-top_left-original-bottom_left-bottom_right trained. Accuracy: 0.9849 (29.91 sec.)
2025-03-12 18:56:34 - INFO - Training model: tda-top_left-original-top_right-bottom_right
2025-03-12 18:57:04 - INFO - Model tda-top_left-original-top_right-bottom_right completed in 30.14 seconds.
2025-03-12 18:57:04 - INFO - >>> Model tda-top_left-original-top_right-bottom_right trained. Accuracy: 0.9865 (30.14 sec.)
2025-03-12 18:57:04 - INFO - Training model: tda-original-bottom_left-top_right-bottom_right
2025-03-12 18:57:34 - INFO - Model tda-original-bottom_left-top_right-bottom_right completed in 30.64 seconds.
2025-03-12 18:57:34 - INFO - >>> Model tda-original-bottom_left-top_right-bottom_right trained. Accuracy: 0.9861 (30.64 sec.)
2025-03-12 18:57:34 - INFO - Training model: top_left-original-bottom_left-top_right-bottom_right
2025-03-12 18:58:00 - INFO - Model top_left-original-bottom_left-top_right-bottom_right completed in 25.49 seconds.
2025-03-12 18:58:00 - INFO - >>> Model top_left-original-bottom_left-top_right-bottom_right trained. Accuracy: 0.9758 (25.49 sec.)
2025-03-12 18:58:00 - INFO - Training model: tda-top_left-original-bottom_left-bottom_right-top_right
2025-03-12 18:58:34 - INFO - Model tda-top_left-original-bottom_left-bottom_right-top_right completed in 34.28 seconds.
2025-03-12 18:58:34 - INFO - >>> Model tda-top_left-original-bottom_left-bottom_right-top_right trained. Accuracy: 0.9865 (34.28 sec.)
2025-03-12 18:58:34 - INFO - All models trained successfully.
2025-03-12 18:58:34 - INFO - ========== [Model Training Completed] in 11.27 minutes ==========
2025-03-12 18:58:34 - INFO - ========== [Experiment Training Complete] ==========
2025-03-12 18:58:34 - INFO - ========== [Finished reading and processing chunks] ==========
2025-03-12 18:58:34 - INFO - Saving results...
2025-03-12 18:58:34 - INFO - Results saved to /home/jovyan/Workspace/workspace_mnist/results/exp_icecream/experiment_trainsize_predictions_2025-03-12_18-58-34.json
2025-03-12 18:58:34 - INFO - Results successfully saved to /home/jovyan/Workspace/workspace_mnist/results/exp_icecream/experiment_trainsize_predictions_2025-03-12_18-58-34.json
2025-03-12 18:58:34 - INFO - Garbage collection executed.
2025-03-12 18:58:34 - INFO - ========== [Experiment Completed] in 25.66 minutes ==========
