2025-04-08 21:44:16 - INFO - Logging initialized.
 Writing to /home/jovyan/Workspace/workspace_mnist/logs/exp_icecream/experiment_logs_2025-04-08_21-44-16.log
2025-04-08 21:44:16 - INFO - ========== [Experiment Start] ==========
2025-04-08 21:44:16 - INFO - Views combinations succesfully generated.
2025-04-08 21:44:16 - INFO - Topological Data Analysis pipeline generated.
2025-04-08 21:44:16 - INFO - Generating folder to save results.
2025-04-08 21:44:16 - INFO - Reading dataset in chunks from mnist_784.csv (chunk size: 70000)
2025-04-08 21:44:17 - INFO - Starting multiview data preparation for a chunk of size (70000, 784)...
2025-04-08 21:44:17 - INFO - Running using 24 jobs.
2025-04-08 21:44:17 - INFO - Contaminating dataset with circles using 2.
2025-04-08 21:44:17 - INFO - Splitting data: 17.8% train / 20.0% test (random_state=701363565)
2025-04-08 21:44:17 - INFO - Data split complete. Train size: (9955, 784), Test size: (14000, 784)
2025-04-08 21:44:17 - INFO - Reshaping train and test data into square images...
2025-04-08 21:44:17 - INFO - Reshaping complete. Train images: (9955, 28, 28), Test images: (14000, 28, 28)
2025-04-08 21:44:17 - INFO - Splitting images into quadrant views...
2025-04-08 21:44:17 - INFO - Quadrant view splitting complete. Train views: 4, Test views: 4
2025-04-08 21:44:17 - INFO - >> Starting TDA pipeline transformation on train data...
2025-04-08 21:45:45 - INFO - >> TDA transformation for train data completed (1.47 minutes).
2025-04-08 21:45:45 - INFO - >> Applying TDA pipeline transformation on test data...
2025-04-08 21:47:48 - INFO - >> TDA transformation for test data completed (2.04 minutes).
2025-04-08 21:47:48 - INFO - ========== [Model Training Start] ==========
2025-04-08 21:47:48 - INFO - Training model: original
2025-04-08 21:47:48 - INFO - Model original completed in 0.29 seconds.
2025-04-08 21:47:48 - INFO - >>> Model original trained. Accuracy: 0.9505 (0.29 sec.)
2025-04-08 21:47:48 - INFO - Training model: bottom_right-original
2025-04-08 21:47:52 - INFO - Model bottom_right-original completed in 4.09 seconds.
2025-04-08 21:47:52 - INFO - >>> Model bottom_right-original trained. Accuracy: 0.9534 (4.09 sec.)
2025-04-08 21:47:52 - INFO - Training model: original-top_left
2025-04-08 21:47:56 - INFO - Model original-top_left completed in 4.07 seconds.
2025-04-08 21:47:56 - INFO - >>> Model original-top_left trained. Accuracy: 0.9542 (4.07 sec.)
2025-04-08 21:47:56 - INFO - Training model: tda-original
2025-04-08 21:48:00 - INFO - Model tda-original completed in 3.79 seconds.
2025-04-08 21:48:00 - INFO - >>> Model tda-original trained. Accuracy: 0.9747 (3.79 sec.)
2025-04-08 21:48:00 - INFO - Training model: bottom_left-original
2025-04-08 21:48:04 - INFO - Model bottom_left-original completed in 4.03 seconds.
2025-04-08 21:48:04 - INFO - >>> Model bottom_left-original trained. Accuracy: 0.9524 (4.03 sec.)
2025-04-08 21:48:04 - INFO - Training model: top_right-original
2025-04-08 21:48:08 - INFO - Model top_right-original completed in 3.78 seconds.
2025-04-08 21:48:08 - INFO - >>> Model top_right-original trained. Accuracy: 0.9549 (3.78 sec.)
2025-04-08 21:48:08 - INFO - Training model: bottom_right-original-top_left
2025-04-08 21:48:14 - INFO - Model bottom_right-original-top_left completed in 6.01 seconds.
2025-04-08 21:48:14 - INFO - >>> Model bottom_right-original-top_left trained. Accuracy: 0.9570 (6.01 sec.)
2025-04-08 21:48:14 - INFO - Training model: bottom_right-original-tda
2025-04-08 21:48:19 - INFO - Model bottom_right-original-tda completed in 5.56 seconds.
2025-04-08 21:48:19 - INFO - >>> Model bottom_right-original-tda trained. Accuracy: 0.9764 (5.56 sec.)
2025-04-08 21:48:19 - INFO - Training model: bottom_left-bottom_right-original
2025-04-08 21:48:25 - INFO - Model bottom_left-bottom_right-original completed in 5.76 seconds.
2025-04-08 21:48:25 - INFO - >>> Model bottom_left-bottom_right-original trained. Accuracy: 0.9551 (5.76 sec.)
2025-04-08 21:48:25 - INFO - Training model: bottom_right-original-top_right
2025-04-08 21:48:31 - INFO - Model bottom_right-original-top_right completed in 5.64 seconds.
2025-04-08 21:48:31 - INFO - >>> Model bottom_right-original-top_right trained. Accuracy: 0.9568 (5.64 sec.)
2025-04-08 21:48:31 - INFO - Training model: tda-original-top_left
2025-04-08 21:48:36 - INFO - Model tda-original-top_left completed in 5.48 seconds.
2025-04-08 21:48:36 - INFO - >>> Model tda-original-top_left trained. Accuracy: 0.9761 (5.48 sec.)
2025-04-08 21:48:36 - INFO - Training model: bottom_left-original-top_left
2025-04-08 21:48:42 - INFO - Model bottom_left-original-top_left completed in 6.14 seconds.
2025-04-08 21:48:42 - INFO - >>> Model bottom_left-original-top_left trained. Accuracy: 0.9563 (6.14 sec.)
2025-04-08 21:48:42 - INFO - Training model: top_right-original-top_left
2025-04-08 21:48:48 - INFO - Model top_right-original-top_left completed in 5.83 seconds.
2025-04-08 21:48:48 - INFO - >>> Model top_right-original-top_left trained. Accuracy: 0.9564 (5.83 sec.)
2025-04-08 21:48:48 - INFO - Training model: bottom_left-tda-original
2025-04-08 21:48:54 - INFO - Model bottom_left-tda-original completed in 5.80 seconds.
2025-04-08 21:48:54 - INFO - >>> Model bottom_left-tda-original trained. Accuracy: 0.9744 (5.80 sec.)
2025-04-08 21:48:54 - INFO - Training model: tda-original-top_right
2025-04-08 21:49:00 - INFO - Model tda-original-top_right completed in 5.52 seconds.
2025-04-08 21:49:00 - INFO - >>> Model tda-original-top_right trained. Accuracy: 0.9759 (5.52 sec.)
2025-04-08 21:49:00 - INFO - Training model: bottom_left-top_right-original
2025-04-08 21:49:05 - INFO - Model bottom_left-top_right-original completed in 5.60 seconds.
2025-04-08 21:49:05 - INFO - >>> Model bottom_left-top_right-original trained. Accuracy: 0.9564 (5.60 sec.)
2025-04-08 21:49:05 - INFO - Training model: bottom_right-original-top_left-tda
2025-04-08 21:49:13 - INFO - Model bottom_right-original-top_left-tda completed in 7.96 seconds.
2025-04-08 21:49:13 - INFO - >>> Model bottom_right-original-top_left-tda trained. Accuracy: 0.9764 (7.96 sec.)
2025-04-08 21:49:13 - INFO - Training model: bottom_left-bottom_right-original-top_left
2025-04-08 21:49:21 - INFO - Model bottom_left-bottom_right-original-top_left completed in 7.86 seconds.
2025-04-08 21:49:21 - INFO - >>> Model bottom_left-bottom_right-original-top_left trained. Accuracy: 0.9594 (7.86 sec.)
2025-04-08 21:49:21 - INFO - Training model: top_right-bottom_right-original-top_left
2025-04-08 21:49:29 - INFO - Model top_right-bottom_right-original-top_left completed in 7.78 seconds.
2025-04-08 21:49:29 - INFO - >>> Model top_right-bottom_right-original-top_left trained. Accuracy: 0.9611 (7.78 sec.)
2025-04-08 21:49:29 - INFO - Training model: bottom_left-bottom_right-original-tda
2025-04-08 21:49:36 - INFO - Model bottom_left-bottom_right-original-tda completed in 7.69 seconds.
2025-04-08 21:49:36 - INFO - >>> Model bottom_left-bottom_right-original-tda trained. Accuracy: 0.9760 (7.69 sec.)
2025-04-08 21:49:36 - INFO - Training model: bottom_right-original-top_right-tda
2025-04-08 21:49:44 - INFO - Model bottom_right-original-top_right-tda completed in 7.94 seconds.
2025-04-08 21:49:44 - INFO - >>> Model bottom_right-original-top_right-tda trained. Accuracy: 0.9774 (7.94 sec.)
2025-04-08 21:49:44 - INFO - Training model: bottom_left-bottom_right-original-top_right
2025-04-08 21:49:52 - INFO - Model bottom_left-bottom_right-original-top_right completed in 7.83 seconds.
2025-04-08 21:49:52 - INFO - >>> Model bottom_left-bottom_right-original-top_right trained. Accuracy: 0.9598 (7.83 sec.)
2025-04-08 21:49:52 - INFO - Training model: bottom_left-tda-original-top_left
2025-04-08 21:50:00 - INFO - Model bottom_left-tda-original-top_left completed in 7.58 seconds.
2025-04-08 21:50:00 - INFO - >>> Model bottom_left-tda-original-top_left trained. Accuracy: 0.9753 (7.58 sec.)
2025-04-08 21:50:00 - INFO - Training model: top_right-tda-original-top_left
2025-04-08 21:50:07 - INFO - Model top_right-tda-original-top_left completed in 7.61 seconds.
2025-04-08 21:50:07 - INFO - >>> Model top_right-tda-original-top_left trained. Accuracy: 0.9764 (7.61 sec.)
2025-04-08 21:50:07 - INFO - Training model: bottom_left-top_right-original-top_left
2025-04-08 21:50:15 - INFO - Model bottom_left-top_right-original-top_left completed in 7.78 seconds.
2025-04-08 21:50:15 - INFO - >>> Model bottom_left-top_right-original-top_left trained. Accuracy: 0.9596 (7.78 sec.)
2025-04-08 21:50:15 - INFO - Training model: bottom_left-tda-original-top_right
2025-04-08 21:50:23 - INFO - Model bottom_left-tda-original-top_right completed in 7.71 seconds.
2025-04-08 21:50:23 - INFO - >>> Model bottom_left-tda-original-top_right trained. Accuracy: 0.9766 (7.71 sec.)
2025-04-08 21:50:23 - INFO - Training model: bottom_right-top_left-bottom_left-tda-original
2025-04-08 21:50:33 - INFO - Model bottom_right-top_left-bottom_left-tda-original completed in 9.95 seconds.
2025-04-08 21:50:33 - INFO - >>> Model bottom_right-top_left-bottom_left-tda-original trained. Accuracy: 0.9771 (9.95 sec.)
2025-04-08 21:50:33 - INFO - Training model: bottom_right-top_left-tda-top_right-original
2025-04-08 21:50:43 - INFO - Model bottom_right-top_left-tda-top_right-original completed in 9.78 seconds.
2025-04-08 21:50:43 - INFO - >>> Model bottom_right-top_left-tda-top_right-original trained. Accuracy: 0.9776 (9.78 sec.)
2025-04-08 21:50:43 - INFO - Training model: bottom_right-top_left-bottom_left-top_right-original
2025-04-08 21:50:53 - INFO - Model bottom_right-top_left-bottom_left-top_right-original completed in 9.88 seconds.
2025-04-08 21:50:53 - INFO - >>> Model bottom_right-top_left-bottom_left-top_right-original trained. Accuracy: 0.9635 (9.88 sec.)
2025-04-08 21:50:53 - INFO - Training model: bottom_right-tda-bottom_left-top_right-original
2025-04-08 21:51:02 - INFO - Model bottom_right-tda-bottom_left-top_right-original completed in 9.55 seconds.
2025-04-08 21:51:02 - INFO - >>> Model bottom_right-tda-bottom_left-top_right-original trained. Accuracy: 0.9766 (9.55 sec.)
2025-04-08 21:51:02 - INFO - Training model: top_left-tda-bottom_left-top_right-original
2025-04-08 21:51:12 - INFO - Model top_left-tda-bottom_left-top_right-original completed in 9.70 seconds.
2025-04-08 21:51:12 - INFO - >>> Model top_left-tda-bottom_left-top_right-original trained. Accuracy: 0.9772 (9.70 sec.)
2025-04-08 21:51:12 - INFO - Training model: bottom_right-top_left-bottom_left-tda-original-top_right
2025-04-08 21:51:24 - INFO - Model bottom_right-top_left-bottom_left-tda-original-top_right completed in 11.83 seconds.
2025-04-08 21:51:24 - INFO - >>> Model bottom_right-top_left-bottom_left-tda-original-top_right trained. Accuracy: 0.9771 (11.83 sec.)
2025-04-08 21:51:24 - INFO - All models trained successfully.
2025-04-08 21:51:24 - INFO - ========== [Model Training Completed] in 3.60 minutes ==========
2025-04-08 21:51:24 - INFO - ========== [Experiment Training Complete] ==========
2025-04-08 21:51:24 - INFO - Results saved to /home/jovyan/Workspace/workspace_mnist/results/exp_icecream/experiment_trainsize_predictions_2025-04-08_21-51-24.json
2025-04-08 21:51:24 - INFO - Results successfully saved to /home/jovyan/Workspace/workspace_mnist/results/exp_icecream/experiment_trainsize_predictions_2025-04-08_21-51-24.json
2025-04-08 21:51:24 - INFO - Garbage collection executed.
2025-04-08 21:51:24 - INFO - ========== [Experiment Completed] in 7.13 minutes ==========
