2025-04-09 03:42:07 - INFO - Logging initialized.
 Writing to /home/jovyan/Workspace/workspace_mnist/logs/exp_icecream/experiment_logs_2025-04-09_03-42-07.log
2025-04-09 03:42:07 - INFO - ========== [Experiment Start] ==========
2025-04-09 03:42:07 - INFO - Views combinations succesfully generated.
2025-04-09 03:42:07 - INFO - Topological Data Analysis pipeline generated.
2025-04-09 03:42:07 - INFO - Generating folder to save results.
2025-04-09 03:42:07 - INFO - Reading dataset in chunks from mnist_784.csv (chunk size: 70000)
2025-04-09 03:42:08 - INFO - Starting multiview data preparation for a chunk of size (70000, 784)...
2025-04-09 03:42:08 - INFO - Running using 24 jobs.
2025-04-09 03:42:08 - INFO - Contaminating dataset with circles using 2.
2025-04-09 03:42:08 - INFO - Splitting data: 48.9% train / 20.0% test (random_state=824368717)
2025-04-09 03:42:08 - INFO - Data split complete. Train size: (27377, 784), Test size: (14000, 784)
2025-04-09 03:42:08 - INFO - Reshaping train and test data into square images...
2025-04-09 03:42:08 - INFO - Reshaping complete. Train images: (27377, 28, 28), Test images: (14000, 28, 28)
2025-04-09 03:42:08 - INFO - Splitting images into quadrant views...
2025-04-09 03:42:08 - INFO - Quadrant view splitting complete. Train views: 4, Test views: 4
2025-04-09 03:42:08 - INFO - >> Starting TDA pipeline transformation on train data...
2025-04-09 03:46:10 - INFO - >> TDA transformation for train data completed (4.04 minutes).
2025-04-09 03:46:10 - INFO - >> Applying TDA pipeline transformation on test data...
2025-04-09 03:48:17 - INFO - >> TDA transformation for test data completed (2.12 minutes).
2025-04-09 03:48:17 - INFO - ========== [Model Training Start] ==========
2025-04-09 03:48:17 - INFO - Training model: original
2025-04-09 03:48:18 - INFO - Model original completed in 0.63 seconds.
2025-04-09 03:48:18 - INFO - >>> Model original trained. Accuracy: 0.9626 (0.63 sec.)
2025-04-09 03:48:18 - INFO - Training model: bottom_right-original
2025-04-09 03:48:23 - INFO - Model bottom_right-original completed in 5.35 seconds.
2025-04-09 03:48:23 - INFO - >>> Model bottom_right-original trained. Accuracy: 0.9664 (5.35 sec.)
2025-04-09 03:48:23 - INFO - Training model: original-top_left
2025-04-09 03:48:29 - INFO - Model original-top_left completed in 5.32 seconds.
2025-04-09 03:48:29 - INFO - >>> Model original-top_left trained. Accuracy: 0.9657 (5.32 sec.)
2025-04-09 03:48:29 - INFO - Training model: tda-original
2025-04-09 03:48:35 - INFO - Model tda-original completed in 6.54 seconds.
2025-04-09 03:48:35 - INFO - >>> Model tda-original trained. Accuracy: 0.9811 (6.54 sec.)
2025-04-09 03:48:35 - INFO - Training model: bottom_left-original
2025-04-09 03:48:41 - INFO - Model bottom_left-original completed in 5.54 seconds.
2025-04-09 03:48:41 - INFO - >>> Model bottom_left-original trained. Accuracy: 0.9652 (5.54 sec.)
2025-04-09 03:48:41 - INFO - Training model: top_right-original
2025-04-09 03:48:46 - INFO - Model top_right-original completed in 5.62 seconds.
2025-04-09 03:48:46 - INFO - >>> Model top_right-original trained. Accuracy: 0.9658 (5.62 sec.)
2025-04-09 03:48:46 - INFO - Training model: bottom_right-original-top_left
2025-04-09 03:48:54 - INFO - Model bottom_right-original-top_left completed in 7.82 seconds.
2025-04-09 03:48:54 - INFO - >>> Model bottom_right-original-top_left trained. Accuracy: 0.9682 (7.82 sec.)
2025-04-09 03:48:54 - INFO - Training model: bottom_right-original-tda
2025-04-09 03:49:03 - INFO - Model bottom_right-original-tda completed in 8.62 seconds.
2025-04-09 03:49:03 - INFO - >>> Model bottom_right-original-tda trained. Accuracy: 0.9819 (8.62 sec.)
2025-04-09 03:49:03 - INFO - Training model: bottom_left-bottom_right-original
2025-04-09 03:49:11 - INFO - Model bottom_left-bottom_right-original completed in 7.75 seconds.
2025-04-09 03:49:11 - INFO - >>> Model bottom_left-bottom_right-original trained. Accuracy: 0.9679 (7.75 sec.)
2025-04-09 03:49:11 - INFO - Training model: bottom_right-original-top_right
2025-04-09 03:49:18 - INFO - Model bottom_right-original-top_right completed in 7.80 seconds.
2025-04-09 03:49:18 - INFO - >>> Model bottom_right-original-top_right trained. Accuracy: 0.9677 (7.80 sec.)
2025-04-09 03:49:18 - INFO - Training model: tda-original-top_left
2025-04-09 03:49:27 - INFO - Model tda-original-top_left completed in 8.65 seconds.
2025-04-09 03:49:27 - INFO - >>> Model tda-original-top_left trained. Accuracy: 0.9815 (8.65 sec.)
2025-04-09 03:49:27 - INFO - Training model: bottom_left-original-top_left
2025-04-09 03:49:35 - INFO - Model bottom_left-original-top_left completed in 7.60 seconds.
2025-04-09 03:49:35 - INFO - >>> Model bottom_left-original-top_left trained. Accuracy: 0.9677 (7.60 sec.)
2025-04-09 03:49:35 - INFO - Training model: top_right-original-top_left
2025-04-09 03:49:42 - INFO - Model top_right-original-top_left completed in 7.46 seconds.
2025-04-09 03:49:42 - INFO - >>> Model top_right-original-top_left trained. Accuracy: 0.9690 (7.46 sec.)
2025-04-09 03:49:42 - INFO - Training model: bottom_left-tda-original
2025-04-09 03:49:51 - INFO - Model bottom_left-tda-original completed in 8.46 seconds.
2025-04-09 03:49:51 - INFO - >>> Model bottom_left-tda-original trained. Accuracy: 0.9813 (8.46 sec.)
2025-04-09 03:49:51 - INFO - Training model: tda-original-top_right
2025-04-09 03:49:59 - INFO - Model tda-original-top_right completed in 8.57 seconds.
2025-04-09 03:49:59 - INFO - >>> Model tda-original-top_right trained. Accuracy: 0.9820 (8.57 sec.)
2025-04-09 03:49:59 - INFO - Training model: bottom_left-top_right-original
2025-04-09 03:50:07 - INFO - Model bottom_left-top_right-original completed in 7.89 seconds.
2025-04-09 03:50:07 - INFO - >>> Model bottom_left-top_right-original trained. Accuracy: 0.9681 (7.89 sec.)
2025-04-09 03:50:07 - INFO - Training model: bottom_right-original-top_left-tda
2025-04-09 03:50:18 - INFO - Model bottom_right-original-top_left-tda completed in 11.24 seconds.
2025-04-09 03:50:18 - INFO - >>> Model bottom_right-original-top_left-tda trained. Accuracy: 0.9831 (11.24 sec.)
2025-04-09 03:50:18 - INFO - Training model: bottom_left-bottom_right-original-top_left
2025-04-09 03:50:28 - INFO - Model bottom_left-bottom_right-original-top_left completed in 9.65 seconds.
2025-04-09 03:50:28 - INFO - >>> Model bottom_left-bottom_right-original-top_left trained. Accuracy: 0.9691 (9.65 sec.)
2025-04-09 03:50:28 - INFO - Training model: top_right-bottom_right-original-top_left
2025-04-09 03:50:38 - INFO - Model top_right-bottom_right-original-top_left completed in 9.65 seconds.
2025-04-09 03:50:38 - INFO - >>> Model top_right-bottom_right-original-top_left trained. Accuracy: 0.9704 (9.65 sec.)
2025-04-09 03:50:38 - INFO - Training model: bottom_left-bottom_right-original-tda
2025-04-09 03:50:49 - INFO - Model bottom_left-bottom_right-original-tda completed in 10.81 seconds.
2025-04-09 03:50:49 - INFO - >>> Model bottom_left-bottom_right-original-tda trained. Accuracy: 0.9816 (10.81 sec.)
2025-04-09 03:50:49 - INFO - Training model: bottom_right-original-top_right-tda
2025-04-09 03:50:59 - INFO - Model bottom_right-original-top_right-tda completed in 10.68 seconds.
2025-04-09 03:50:59 - INFO - >>> Model bottom_right-original-top_right-tda trained. Accuracy: 0.9820 (10.68 sec.)
2025-04-09 03:50:59 - INFO - Training model: bottom_left-bottom_right-original-top_right
2025-04-09 03:51:09 - INFO - Model bottom_left-bottom_right-original-top_right completed in 9.85 seconds.
2025-04-09 03:51:09 - INFO - >>> Model bottom_left-bottom_right-original-top_right trained. Accuracy: 0.9704 (9.85 sec.)
2025-04-09 03:51:09 - INFO - Training model: bottom_left-tda-original-top_left
2025-04-09 03:51:20 - INFO - Model bottom_left-tda-original-top_left completed in 10.81 seconds.
2025-04-09 03:51:20 - INFO - >>> Model bottom_left-tda-original-top_left trained. Accuracy: 0.9818 (10.81 sec.)
2025-04-09 03:51:20 - INFO - Training model: top_right-tda-original-top_left
2025-04-09 03:51:31 - INFO - Model top_right-tda-original-top_left completed in 10.69 seconds.
2025-04-09 03:51:31 - INFO - >>> Model top_right-tda-original-top_left trained. Accuracy: 0.9821 (10.69 sec.)
2025-04-09 03:51:31 - INFO - Training model: bottom_left-top_right-original-top_left
2025-04-09 03:51:40 - INFO - Model bottom_left-top_right-original-top_left completed in 9.48 seconds.
2025-04-09 03:51:40 - INFO - >>> Model bottom_left-top_right-original-top_left trained. Accuracy: 0.9704 (9.48 sec.)
2025-04-09 03:51:40 - INFO - Training model: bottom_left-tda-original-top_right
2025-04-09 03:51:51 - INFO - Model bottom_left-tda-original-top_right completed in 10.97 seconds.
2025-04-09 03:51:51 - INFO - >>> Model bottom_left-tda-original-top_right trained. Accuracy: 0.9821 (10.97 sec.)
2025-04-09 03:51:51 - INFO - Training model: bottom_right-top_left-bottom_left-tda-original
2025-04-09 03:52:04 - INFO - Model bottom_right-top_left-bottom_left-tda-original completed in 12.83 seconds.
2025-04-09 03:52:04 - INFO - >>> Model bottom_right-top_left-bottom_left-tda-original trained. Accuracy: 0.9834 (12.83 sec.)
2025-04-09 03:52:04 - INFO - Training model: bottom_right-top_left-tda-top_right-original
2025-04-09 03:52:17 - INFO - Model bottom_right-top_left-tda-top_right-original completed in 12.78 seconds.
2025-04-09 03:52:17 - INFO - >>> Model bottom_right-top_left-tda-top_right-original trained. Accuracy: 0.9830 (12.78 sec.)
2025-04-09 03:52:17 - INFO - Training model: bottom_right-top_left-bottom_left-top_right-original
2025-04-09 03:52:28 - INFO - Model bottom_right-top_left-bottom_left-top_right-original completed in 11.75 seconds.
2025-04-09 03:52:28 - INFO - >>> Model bottom_right-top_left-bottom_left-top_right-original trained. Accuracy: 0.9724 (11.75 sec.)
2025-04-09 03:52:28 - INFO - Training model: bottom_right-tda-bottom_left-top_right-original
2025-04-09 03:52:41 - INFO - Model bottom_right-tda-bottom_left-top_right-original completed in 12.69 seconds.
2025-04-09 03:52:41 - INFO - >>> Model bottom_right-tda-bottom_left-top_right-original trained. Accuracy: 0.9831 (12.69 sec.)
2025-04-09 03:52:41 - INFO - Training model: top_left-tda-bottom_left-top_right-original
2025-04-09 03:52:54 - INFO - Model top_left-tda-bottom_left-top_right-original completed in 12.68 seconds.
2025-04-09 03:52:54 - INFO - >>> Model top_left-tda-bottom_left-top_right-original trained. Accuracy: 0.9836 (12.68 sec.)
2025-04-09 03:52:54 - INFO - Training model: bottom_right-top_left-bottom_left-tda-original-top_right
2025-04-09 03:53:09 - INFO - Model bottom_right-top_left-bottom_left-tda-original-top_right completed in 15.07 seconds.
2025-04-09 03:53:09 - INFO - >>> Model bottom_right-top_left-bottom_left-tda-original-top_right trained. Accuracy: 0.9848 (15.07 sec.)
2025-04-09 03:53:09 - INFO - All models trained successfully.
2025-04-09 03:53:09 - INFO - ========== [Model Training Completed] in 4.86 minutes ==========
2025-04-09 03:53:09 - INFO - ========== [Experiment Training Complete] ==========
2025-04-09 03:53:09 - INFO - Results saved to /home/jovyan/Workspace/workspace_mnist/results/exp_icecream/experiment_trainsize_predictions_2025-04-09_03-53-09.json
2025-04-09 03:53:09 - INFO - Results successfully saved to /home/jovyan/Workspace/workspace_mnist/results/exp_icecream/experiment_trainsize_predictions_2025-04-09_03-53-09.json
2025-04-09 03:53:09 - INFO - Garbage collection executed.
2025-04-09 03:53:09 - INFO - ========== [Experiment Completed] in 11.04 minutes ==========
