2025-04-08 15:17:12 - INFO - Logging initialized.
 Writing to /home/jovyan/Workspace/workspace_mnist/logs/exp_icecream/experiment_logs_2025-04-08_15-17-12.log
2025-04-08 15:17:12 - INFO - ========== [Experiment Start] ==========
2025-04-08 15:17:12 - INFO - Views combinations succesfully generated.
2025-04-08 15:17:12 - INFO - Topological Data Analysis pipeline generated.
2025-04-08 15:17:12 - INFO - Generating folder to save results.
2025-04-08 15:17:12 - INFO - Reading dataset in chunks from mnist_784.csv (chunk size: 70000)
2025-04-08 15:17:13 - INFO - Starting multiview data preparation for a chunk of size (70000, 784)...
2025-04-08 15:17:13 - INFO - Running using 24 jobs.
2025-04-08 15:17:13 - INFO - Contaminating dataset with circles using 2.
2025-04-08 15:17:13 - INFO - Splitting data: 56.7% train / 20.0% test (random_state=910968928)
2025-04-08 15:17:13 - INFO - Data split complete. Train size: (31733, 784), Test size: (14000, 784)
2025-04-08 15:17:13 - INFO - Reshaping train and test data into square images...
2025-04-08 15:17:13 - INFO - Reshaping complete. Train images: (31733, 28, 28), Test images: (14000, 28, 28)
2025-04-08 15:17:13 - INFO - Splitting images into quadrant views...
2025-04-08 15:17:13 - INFO - Quadrant view splitting complete. Train views: 4, Test views: 4
2025-04-08 15:17:13 - INFO - >> Starting TDA pipeline transformation on train data...
2025-04-08 15:22:01 - INFO - >> TDA transformation for train data completed (4.80 minutes).
2025-04-08 15:22:01 - INFO - >> Applying TDA pipeline transformation on test data...
2025-04-08 15:24:06 - INFO - >> TDA transformation for test data completed (2.09 minutes).
2025-04-08 15:24:06 - INFO - ========== [Model Training Start] ==========
2025-04-08 15:24:06 - INFO - Training model: original
2025-04-08 15:24:07 - INFO - Model original completed in 0.65 seconds.
2025-04-08 15:24:07 - INFO - >>> Model original trained. Accuracy: 0.9645 (0.65 sec.)
2025-04-08 15:24:07 - INFO - Training model: bottom_right-original
2025-04-08 15:24:13 - INFO - Model bottom_right-original completed in 6.14 seconds.
2025-04-08 15:24:13 - INFO - >>> Model bottom_right-original trained. Accuracy: 0.9682 (6.14 sec.)
2025-04-08 15:24:13 - INFO - Training model: original-top_left
2025-04-08 15:24:19 - INFO - Model original-top_left completed in 6.07 seconds.
2025-04-08 15:24:19 - INFO - >>> Model original-top_left trained. Accuracy: 0.9680 (6.07 sec.)
2025-04-08 15:24:19 - INFO - Training model: tda-original
2025-04-08 15:24:26 - INFO - Model tda-original completed in 7.35 seconds.
2025-04-08 15:24:26 - INFO - >>> Model tda-original trained. Accuracy: 0.9822 (7.35 sec.)
2025-04-08 15:24:26 - INFO - Training model: bottom_left-original
2025-04-08 15:24:33 - INFO - Model bottom_left-original completed in 6.14 seconds.
2025-04-08 15:24:33 - INFO - >>> Model bottom_left-original trained. Accuracy: 0.9681 (6.14 sec.)
2025-04-08 15:24:33 - INFO - Training model: top_right-original
2025-04-08 15:24:39 - INFO - Model top_right-original completed in 6.29 seconds.
2025-04-08 15:24:39 - INFO - >>> Model top_right-original trained. Accuracy: 0.9672 (6.29 sec.)
2025-04-08 15:24:39 - INFO - Training model: bottom_right-original-top_left
2025-04-08 15:24:48 - INFO - Model bottom_right-original-top_left completed in 8.64 seconds.
2025-04-08 15:24:48 - INFO - >>> Model bottom_right-original-top_left trained. Accuracy: 0.9702 (8.64 sec.)
2025-04-08 15:24:48 - INFO - Training model: bottom_right-original-tda
2025-04-08 15:24:57 - INFO - Model bottom_right-original-tda completed in 9.72 seconds.
2025-04-08 15:24:57 - INFO - >>> Model bottom_right-original-tda trained. Accuracy: 0.9823 (9.72 sec.)
2025-04-08 15:24:57 - INFO - Training model: bottom_left-bottom_right-original
2025-04-08 15:25:06 - INFO - Model bottom_left-bottom_right-original completed in 8.41 seconds.
2025-04-08 15:25:06 - INFO - >>> Model bottom_left-bottom_right-original trained. Accuracy: 0.9696 (8.41 sec.)
2025-04-08 15:25:06 - INFO - Training model: bottom_right-original-top_right
2025-04-08 15:25:14 - INFO - Model bottom_right-original-top_right completed in 8.61 seconds.
2025-04-08 15:25:14 - INFO - >>> Model bottom_right-original-top_right trained. Accuracy: 0.9691 (8.61 sec.)
2025-04-08 15:25:14 - INFO - Training model: tda-original-top_left
2025-04-08 15:25:24 - INFO - Model tda-original-top_left completed in 9.73 seconds.
2025-04-08 15:25:24 - INFO - >>> Model tda-original-top_left trained. Accuracy: 0.9814 (9.73 sec.)
2025-04-08 15:25:24 - INFO - Training model: bottom_left-original-top_left
2025-04-08 15:25:33 - INFO - Model bottom_left-original-top_left completed in 8.64 seconds.
2025-04-08 15:25:33 - INFO - >>> Model bottom_left-original-top_left trained. Accuracy: 0.9706 (8.64 sec.)
2025-04-08 15:25:33 - INFO - Training model: top_right-original-top_left
2025-04-08 15:25:41 - INFO - Model top_right-original-top_left completed in 8.57 seconds.
2025-04-08 15:25:41 - INFO - >>> Model top_right-original-top_left trained. Accuracy: 0.9704 (8.57 sec.)
2025-04-08 15:25:41 - INFO - Training model: bottom_left-tda-original
2025-04-08 15:25:51 - INFO - Model bottom_left-tda-original completed in 9.66 seconds.
2025-04-08 15:25:51 - INFO - >>> Model bottom_left-tda-original trained. Accuracy: 0.9813 (9.66 sec.)
2025-04-08 15:25:51 - INFO - Training model: tda-original-top_right
2025-04-08 15:26:01 - INFO - Model tda-original-top_right completed in 9.67 seconds.
2025-04-08 15:26:01 - INFO - >>> Model tda-original-top_right trained. Accuracy: 0.9814 (9.67 sec.)
2025-04-08 15:26:01 - INFO - Training model: bottom_left-top_right-original
2025-04-08 15:26:09 - INFO - Model bottom_left-top_right-original completed in 8.67 seconds.
2025-04-08 15:26:09 - INFO - >>> Model bottom_left-top_right-original trained. Accuracy: 0.9691 (8.67 sec.)
2025-04-08 15:26:09 - INFO - Training model: bottom_right-original-top_left-tda
2025-04-08 15:26:21 - INFO - Model bottom_right-original-top_left-tda completed in 12.07 seconds.
2025-04-08 15:26:21 - INFO - >>> Model bottom_right-original-top_left-tda trained. Accuracy: 0.9829 (12.07 sec.)
2025-04-08 15:26:21 - INFO - Training model: bottom_left-bottom_right-original-top_left
2025-04-08 15:26:32 - INFO - Model bottom_left-bottom_right-original-top_left completed in 10.80 seconds.
2025-04-08 15:26:32 - INFO - >>> Model bottom_left-bottom_right-original-top_left trained. Accuracy: 0.9724 (10.80 sec.)
2025-04-08 15:26:32 - INFO - Training model: top_right-bottom_right-original-top_left
2025-04-08 15:26:43 - INFO - Model top_right-bottom_right-original-top_left completed in 11.21 seconds.
2025-04-08 15:26:43 - INFO - >>> Model top_right-bottom_right-original-top_left trained. Accuracy: 0.9724 (11.21 sec.)
2025-04-08 15:26:43 - INFO - Training model: bottom_left-bottom_right-original-tda
2025-04-08 15:26:56 - INFO - Model bottom_left-bottom_right-original-tda completed in 12.29 seconds.
2025-04-08 15:26:56 - INFO - >>> Model bottom_left-bottom_right-original-tda trained. Accuracy: 0.9817 (12.29 sec.)
2025-04-08 15:26:56 - INFO - Training model: bottom_right-original-top_right-tda
2025-04-08 15:27:08 - INFO - Model bottom_right-original-top_right-tda completed in 12.14 seconds.
2025-04-08 15:27:08 - INFO - >>> Model bottom_right-original-top_right-tda trained. Accuracy: 0.9818 (12.14 sec.)
2025-04-08 15:27:08 - INFO - Training model: bottom_left-bottom_right-original-top_right
2025-04-08 15:27:19 - INFO - Model bottom_left-bottom_right-original-top_right completed in 11.04 seconds.
2025-04-08 15:27:19 - INFO - >>> Model bottom_left-bottom_right-original-top_right trained. Accuracy: 0.9711 (11.04 sec.)
2025-04-08 15:27:19 - INFO - Training model: bottom_left-tda-original-top_left
2025-04-08 15:27:31 - INFO - Model bottom_left-tda-original-top_left completed in 12.10 seconds.
2025-04-08 15:27:31 - INFO - >>> Model bottom_left-tda-original-top_left trained. Accuracy: 0.9811 (12.10 sec.)
2025-04-08 15:27:31 - INFO - Training model: top_right-tda-original-top_left
2025-04-08 15:27:43 - INFO - Model top_right-tda-original-top_left completed in 12.20 seconds.
2025-04-08 15:27:43 - INFO - >>> Model top_right-tda-original-top_left trained. Accuracy: 0.9822 (12.20 sec.)
2025-04-08 15:27:43 - INFO - Training model: bottom_left-top_right-original-top_left
2025-04-08 15:27:54 - INFO - Model bottom_left-top_right-original-top_left completed in 10.81 seconds.
2025-04-08 15:27:54 - INFO - >>> Model bottom_left-top_right-original-top_left trained. Accuracy: 0.9721 (10.81 sec.)
2025-04-08 15:27:54 - INFO - Training model: bottom_left-tda-original-top_right
2025-04-08 15:28:06 - INFO - Model bottom_left-tda-original-top_right completed in 12.20 seconds.
2025-04-08 15:28:06 - INFO - >>> Model bottom_left-tda-original-top_right trained. Accuracy: 0.9820 (12.20 sec.)
2025-04-08 15:28:06 - INFO - Training model: bottom_right-top_left-bottom_left-tda-original
2025-04-08 15:28:21 - INFO - Model bottom_right-top_left-bottom_left-tda-original completed in 14.67 seconds.
2025-04-08 15:28:21 - INFO - >>> Model bottom_right-top_left-bottom_left-tda-original trained. Accuracy: 0.9824 (14.67 sec.)
2025-04-08 15:28:21 - INFO - Training model: bottom_right-top_left-tda-top_right-original
2025-04-08 15:28:35 - INFO - Model bottom_right-top_left-tda-top_right-original completed in 14.52 seconds.
2025-04-08 15:28:35 - INFO - >>> Model bottom_right-top_left-tda-top_right-original trained. Accuracy: 0.9833 (14.52 sec.)
2025-04-08 15:28:35 - INFO - Training model: bottom_right-top_left-bottom_left-top_right-original
2025-04-08 15:28:49 - INFO - Model bottom_right-top_left-bottom_left-top_right-original completed in 13.42 seconds.
2025-04-08 15:28:49 - INFO - >>> Model bottom_right-top_left-bottom_left-top_right-original trained. Accuracy: 0.9741 (13.42 sec.)
2025-04-08 15:28:49 - INFO - Training model: bottom_right-tda-bottom_left-top_right-original
2025-04-08 15:29:03 - INFO - Model bottom_right-tda-bottom_left-top_right-original completed in 14.51 seconds.
2025-04-08 15:29:03 - INFO - >>> Model bottom_right-tda-bottom_left-top_right-original trained. Accuracy: 0.9819 (14.51 sec.)
2025-04-08 15:29:03 - INFO - Training model: top_left-tda-bottom_left-top_right-original
2025-04-08 15:29:17 - INFO - Model top_left-tda-bottom_left-top_right-original completed in 14.22 seconds.
2025-04-08 15:29:18 - INFO - >>> Model top_left-tda-bottom_left-top_right-original trained. Accuracy: 0.9825 (14.22 sec.)
2025-04-08 15:29:18 - INFO - Training model: bottom_right-top_left-bottom_left-tda-original-top_right
2025-04-08 15:29:34 - INFO - Model bottom_right-top_left-bottom_left-tda-original-top_right completed in 16.63 seconds.
2025-04-08 15:29:34 - INFO - >>> Model bottom_right-top_left-bottom_left-tda-original-top_right trained. Accuracy: 0.9822 (16.63 sec.)
2025-04-08 15:29:34 - INFO - All models trained successfully.
2025-04-08 15:29:34 - INFO - ========== [Model Training Completed] in 5.47 minutes ==========
2025-04-08 15:29:34 - INFO - ========== [Experiment Training Complete] ==========
2025-04-08 15:29:34 - INFO - Results saved to /home/jovyan/Workspace/workspace_mnist/results/exp_icecream/experiment_trainsize_predictions_2025-04-08_15-29-34.json
2025-04-08 15:29:34 - INFO - Results successfully saved to /home/jovyan/Workspace/workspace_mnist/results/exp_icecream/experiment_trainsize_predictions_2025-04-08_15-29-34.json
2025-04-08 15:29:34 - INFO - Garbage collection executed.
2025-04-08 15:29:34 - INFO - ========== [Experiment Completed] in 12.37 minutes ==========
