2025-03-13 18:30:33 - INFO - Logging initialized.
 Writing to /home/jovyan/Workspace/workspace_mnist/logs/exp_icecream/experiment_logs_2025-03-13_18-30-33.log
2025-03-13 18:30:33 - INFO - ========== [Experiment Start] ==========
2025-03-13 18:30:33 - INFO - Views combinations succesfully generated.
2025-03-13 18:30:33 - INFO - Topological Data Analysis pipeline generated.
2025-03-13 18:30:33 - INFO - Generating folder to save results.
2025-03-13 18:30:33 - INFO - Reading dataset in chunks from mnist_784.csv (chunk size: 70000)
2025-03-13 18:30:34 - INFO - Starting multiview data preparation for a chunk of size (70000, 784)...
2025-03-13 18:30:34 - INFO - Running using 29 jobs.
2025-03-13 18:30:34 - INFO - Splitting data: 33.3% train / 20.0% test (random_state=910968928)
2025-03-13 18:30:34 - INFO - Data split complete. Train size: (18666, 784), Test size: (14000, 784)
2025-03-13 18:30:34 - INFO - Reshaping train and test data into square images...
2025-03-13 18:30:34 - INFO - Reshaping complete. Train images: (18666, 28, 28), Test images: (14000, 28, 28)
2025-03-13 18:30:34 - INFO - Splitting images into quadrant views...
2025-03-13 18:30:34 - INFO - Quadrant view splitting complete. Train views: 4, Test views: 4
2025-03-13 18:30:34 - INFO - >> Starting TDA pipeline transformation on train data...
2025-03-13 18:33:15 - INFO - >> TDA transformation for train data completed (2.68 minutes).
2025-03-13 18:33:15 - INFO - >> Applying TDA pipeline transformation on test data...
2025-03-13 18:35:16 - INFO - >> TDA transformation for test data completed (2.01 minutes).
2025-03-13 18:35:16 - INFO - ========== [Model Training Start] ==========
2025-03-13 18:35:16 - INFO - Training model: original
2025-03-13 18:35:16 - INFO - Model original completed in 0.38 seconds.
2025-03-13 18:35:16 - INFO - >>> Model original trained. Accuracy: 0.9606 (0.38 sec.)
2025-03-13 18:35:16 - INFO - Training model: original-bottom_left
2025-03-13 18:35:21 - INFO - Model original-bottom_left completed in 4.53 seconds.
2025-03-13 18:35:21 - INFO - >>> Model original-bottom_left trained. Accuracy: 0.9630 (4.53 sec.)
2025-03-13 18:35:21 - INFO - Training model: tda-original
2025-03-13 18:35:26 - INFO - Model tda-original completed in 4.86 seconds.
2025-03-13 18:35:26 - INFO - >>> Model tda-original trained. Accuracy: 0.9785 (4.86 sec.)
2025-03-13 18:35:26 - INFO - Training model: top_left-original
2025-03-13 18:35:30 - INFO - Model top_left-original completed in 4.61 seconds.
2025-03-13 18:35:30 - INFO - >>> Model top_left-original trained. Accuracy: 0.9641 (4.61 sec.)
2025-03-13 18:35:30 - INFO - Training model: original-bottom_right
2025-03-13 18:35:35 - INFO - Model original-bottom_right completed in 4.78 seconds.
2025-03-13 18:35:35 - INFO - >>> Model original-bottom_right trained. Accuracy: 0.9642 (4.78 sec.)
2025-03-13 18:35:35 - INFO - Training model: top_right-original
2025-03-13 18:35:39 - INFO - Model top_right-original completed in 4.53 seconds.
2025-03-13 18:35:39 - INFO - >>> Model top_right-original trained. Accuracy: 0.9641 (4.53 sec.)
2025-03-13 18:35:39 - INFO - Training model: tda-original-bottom_left
2025-03-13 18:35:47 - INFO - Model tda-original-bottom_left completed in 7.11 seconds.
2025-03-13 18:35:47 - INFO - >>> Model tda-original-bottom_left trained. Accuracy: 0.9789 (7.11 sec.)
2025-03-13 18:35:47 - INFO - Training model: top_left-original-bottom_left
2025-03-13 18:35:53 - INFO - Model top_left-original-bottom_left completed in 6.51 seconds.
2025-03-13 18:35:53 - INFO - >>> Model top_left-original-bottom_left trained. Accuracy: 0.9651 (6.51 sec.)
2025-03-13 18:35:53 - INFO - Training model: original-bottom_left-bottom_right
2025-03-13 18:36:00 - INFO - Model original-bottom_left-bottom_right completed in 6.61 seconds.
2025-03-13 18:36:00 - INFO - >>> Model original-bottom_left-bottom_right trained. Accuracy: 0.9654 (6.61 sec.)
2025-03-13 18:36:00 - INFO - Training model: top_right-original-bottom_left
2025-03-13 18:36:06 - INFO - Model top_right-original-bottom_left completed in 6.50 seconds.
2025-03-13 18:36:06 - INFO - >>> Model top_right-original-bottom_left trained. Accuracy: 0.9656 (6.50 sec.)
2025-03-13 18:36:06 - INFO - Training model: tda-top_left-original
2025-03-13 18:36:13 - INFO - Model tda-top_left-original completed in 6.87 seconds.
2025-03-13 18:36:13 - INFO - >>> Model tda-top_left-original trained. Accuracy: 0.9799 (6.87 sec.)
2025-03-13 18:36:13 - INFO - Training model: tda-original-bottom_right
2025-03-13 18:36:20 - INFO - Model tda-original-bottom_right completed in 6.91 seconds.
2025-03-13 18:36:20 - INFO - >>> Model tda-original-bottom_right trained. Accuracy: 0.9786 (6.91 sec.)
2025-03-13 18:36:20 - INFO - Training model: top_right-tda-original
2025-03-13 18:36:27 - INFO - Model top_right-tda-original completed in 6.71 seconds.
2025-03-13 18:36:27 - INFO - >>> Model top_right-tda-original trained. Accuracy: 0.9791 (6.71 sec.)
2025-03-13 18:36:27 - INFO - Training model: top_left-original-bottom_right
2025-03-13 18:36:33 - INFO - Model top_left-original-bottom_right completed in 6.74 seconds.
2025-03-13 18:36:33 - INFO - >>> Model top_left-original-bottom_right trained. Accuracy: 0.9669 (6.74 sec.)
2025-03-13 18:36:33 - INFO - Training model: top_right-top_left-original
2025-03-13 18:36:40 - INFO - Model top_right-top_left-original completed in 6.66 seconds.
2025-03-13 18:36:40 - INFO - >>> Model top_right-top_left-original trained. Accuracy: 0.9662 (6.66 sec.)
2025-03-13 18:36:40 - INFO - Training model: top_right-original-bottom_right
2025-03-13 18:36:47 - INFO - Model top_right-original-bottom_right completed in 6.70 seconds.
2025-03-13 18:36:47 - INFO - >>> Model top_right-original-bottom_right trained. Accuracy: 0.9653 (6.70 sec.)
2025-03-13 18:36:47 - INFO - Training model: tda-top_left-original-bottom_left
2025-03-13 18:36:56 - INFO - Model tda-top_left-original-bottom_left completed in 8.90 seconds.
2025-03-13 18:36:56 - INFO - >>> Model tda-top_left-original-bottom_left trained. Accuracy: 0.9806 (8.90 sec.)
2025-03-13 18:36:56 - INFO - Training model: tda-original-bottom_left-bottom_right
2025-03-13 18:37:05 - INFO - Model tda-original-bottom_left-bottom_right completed in 8.82 seconds.
2025-03-13 18:37:05 - INFO - >>> Model tda-original-bottom_left-bottom_right trained. Accuracy: 0.9794 (8.82 sec.)
2025-03-13 18:37:05 - INFO - Training model: top_right-tda-original-bottom_left
2025-03-13 18:37:14 - INFO - Model top_right-tda-original-bottom_left completed in 9.01 seconds.
2025-03-13 18:37:14 - INFO - >>> Model top_right-tda-original-bottom_left trained. Accuracy: 0.9791 (9.01 sec.)
2025-03-13 18:37:14 - INFO - Training model: top_left-original-bottom_left-bottom_right
2025-03-13 18:37:22 - INFO - Model top_left-original-bottom_left-bottom_right completed in 8.43 seconds.
2025-03-13 18:37:22 - INFO - >>> Model top_left-original-bottom_left-bottom_right trained. Accuracy: 0.9686 (8.43 sec.)
2025-03-13 18:37:22 - INFO - Training model: top_right-top_left-original-bottom_left
2025-03-13 18:37:31 - INFO - Model top_right-top_left-original-bottom_left completed in 8.51 seconds.
2025-03-13 18:37:31 - INFO - >>> Model top_right-top_left-original-bottom_left trained. Accuracy: 0.9673 (8.51 sec.)
2025-03-13 18:37:31 - INFO - Training model: top_right-original-bottom_left-bottom_right
2025-03-13 18:37:39 - INFO - Model top_right-original-bottom_left-bottom_right completed in 8.65 seconds.
2025-03-13 18:37:39 - INFO - >>> Model top_right-original-bottom_left-bottom_right trained. Accuracy: 0.9663 (8.65 sec.)
2025-03-13 18:37:39 - INFO - Training model: tda-top_left-original-bottom_right
2025-03-13 18:37:48 - INFO - Model tda-top_left-original-bottom_right completed in 9.12 seconds.
2025-03-13 18:37:48 - INFO - >>> Model tda-top_left-original-bottom_right trained. Accuracy: 0.9808 (9.12 sec.)
2025-03-13 18:37:48 - INFO - Training model: top_right-tda-top_left-original
2025-03-13 18:37:57 - INFO - Model top_right-tda-top_left-original completed in 9.03 seconds.
2025-03-13 18:37:57 - INFO - >>> Model top_right-tda-top_left-original trained. Accuracy: 0.9796 (9.03 sec.)
2025-03-13 18:37:57 - INFO - Training model: top_right-tda-original-bottom_right
2025-03-13 18:38:06 - INFO - Model top_right-tda-original-bottom_right completed in 8.78 seconds.
2025-03-13 18:38:06 - INFO - >>> Model top_right-tda-original-bottom_right trained. Accuracy: 0.9793 (8.78 sec.)
2025-03-13 18:38:06 - INFO - Training model: top_right-top_left-original-bottom_right
2025-03-13 18:38:14 - INFO - Model top_right-top_left-original-bottom_right completed in 8.33 seconds.
2025-03-13 18:38:14 - INFO - >>> Model top_right-top_left-original-bottom_right trained. Accuracy: 0.9693 (8.33 sec.)
2025-03-13 18:38:14 - INFO - Training model: bottom_left-tda-top_left-original-bottom_right
2025-03-13 18:38:26 - INFO - Model bottom_left-tda-top_left-original-bottom_right completed in 11.09 seconds.
2025-03-13 18:38:26 - INFO - >>> Model bottom_left-tda-top_left-original-bottom_right trained. Accuracy: 0.9807 (11.09 sec.)
2025-03-13 18:38:26 - INFO - Training model: bottom_left-tda-top_left-original-top_right
2025-03-13 18:38:37 - INFO - Model bottom_left-tda-top_left-original-top_right completed in 11.09 seconds.
2025-03-13 18:38:37 - INFO - >>> Model bottom_left-tda-top_left-original-top_right trained. Accuracy: 0.9810 (11.09 sec.)
2025-03-13 18:38:37 - INFO - Training model: bottom_left-tda-original-bottom_right-top_right
2025-03-13 18:38:48 - INFO - Model bottom_left-tda-original-bottom_right-top_right completed in 11.01 seconds.
2025-03-13 18:38:48 - INFO - >>> Model bottom_left-tda-original-bottom_right-top_right trained. Accuracy: 0.9791 (11.01 sec.)
2025-03-13 18:38:48 - INFO - Training model: bottom_left-top_left-original-bottom_right-top_right
2025-03-13 18:38:58 - INFO - Model bottom_left-top_left-original-bottom_right-top_right completed in 10.25 seconds.
2025-03-13 18:38:58 - INFO - >>> Model bottom_left-top_left-original-bottom_right-top_right trained. Accuracy: 0.9696 (10.25 sec.)
2025-03-13 18:38:58 - INFO - Training model: tda-top_left-original-bottom_right-top_right
2025-03-13 18:39:09 - INFO - Model tda-top_left-original-bottom_right-top_right completed in 11.07 seconds.
2025-03-13 18:39:09 - INFO - >>> Model tda-top_left-original-bottom_right-top_right trained. Accuracy: 0.9806 (11.07 sec.)
2025-03-13 18:39:09 - INFO - Training model: bottom_left-tda-top_left-original-bottom_right-top_right
2025-03-13 18:39:21 - INFO - Model bottom_left-tda-top_left-original-bottom_right-top_right completed in 12.15 seconds.
2025-03-13 18:39:21 - INFO - >>> Model bottom_left-tda-top_left-original-bottom_right-top_right trained. Accuracy: 0.9821 (12.15 sec.)
2025-03-13 18:39:21 - INFO - All models trained successfully.
2025-03-13 18:39:21 - INFO - ========== [Model Training Completed] in 4.09 minutes ==========
2025-03-13 18:39:21 - INFO - ========== [Experiment Training Complete] ==========
2025-03-13 18:39:21 - INFO - ========== [Finished reading and processing chunks] ==========
2025-03-13 18:39:21 - INFO - Saving results...
2025-03-13 18:39:21 - INFO - Results saved to /home/jovyan/Workspace/workspace_mnist/results/exp_icecream/experiment_trainsize_predictions_2025-03-13_18-39-21.json
2025-03-13 18:39:21 - INFO - Results successfully saved to /home/jovyan/Workspace/workspace_mnist/results/exp_icecream/experiment_trainsize_predictions_2025-03-13_18-39-21.json
2025-03-13 18:39:21 - INFO - Garbage collection executed.
2025-03-13 18:39:21 - INFO - ========== [Experiment Completed] in 8.80 minutes ==========
