2025-03-13 23:39:05 - INFO - Logging initialized.
 Writing to /home/jovyan/Workspace/workspace_mnist/logs/exp_icecream/experiment_logs_2025-03-13_23-39-05.log
2025-03-13 23:39:05 - INFO - ========== [Experiment Start] ==========
2025-03-13 23:39:05 - INFO - Views combinations succesfully generated.
2025-03-13 23:39:05 - INFO - Topological Data Analysis pipeline generated.
2025-03-13 23:39:05 - INFO - Generating folder to save results.
2025-03-13 23:39:05 - INFO - Reading dataset in chunks from mnist_784.csv (chunk size: 70000)
2025-03-13 23:39:06 - INFO - Starting multiview data preparation for a chunk of size (70000, 784)...
2025-03-13 23:39:06 - INFO - Running using 29 jobs.
2025-03-13 23:39:06 - INFO - Splitting data: 25.6% train / 20.0% test (random_state=508701318)
2025-03-13 23:39:06 - INFO - Data split complete. Train size: (14311, 784), Test size: (14000, 784)
2025-03-13 23:39:06 - INFO - Reshaping train and test data into square images...
2025-03-13 23:39:06 - INFO - Reshaping complete. Train images: (14311, 28, 28), Test images: (14000, 28, 28)
2025-03-13 23:39:06 - INFO - Splitting images into quadrant views...
2025-03-13 23:39:06 - INFO - Quadrant view splitting complete. Train views: 4, Test views: 4
2025-03-13 23:39:06 - INFO - >> Starting TDA pipeline transformation on train data...
2025-03-13 23:41:08 - INFO - >> TDA transformation for train data completed (2.03 minutes).
2025-03-13 23:41:08 - INFO - >> Applying TDA pipeline transformation on test data...
2025-03-13 23:43:09 - INFO - >> TDA transformation for test data completed (2.02 minutes).
2025-03-13 23:43:09 - INFO - ========== [Model Training Start] ==========
2025-03-13 23:43:09 - INFO - Training model: original
2025-03-13 23:43:09 - INFO - Model original completed in 0.34 seconds.
2025-03-13 23:43:09 - INFO - >>> Model original trained. Accuracy: 0.9504 (0.34 sec.)
2025-03-13 23:43:09 - INFO - Training model: original-bottom_left
2025-03-13 23:43:14 - INFO - Model original-bottom_left completed in 4.22 seconds.
2025-03-13 23:43:14 - INFO - >>> Model original-bottom_left trained. Accuracy: 0.9530 (4.22 sec.)
2025-03-13 23:43:14 - INFO - Training model: tda-original
2025-03-13 23:43:18 - INFO - Model tda-original completed in 4.46 seconds.
2025-03-13 23:43:18 - INFO - >>> Model tda-original trained. Accuracy: 0.9764 (4.46 sec.)
2025-03-13 23:43:18 - INFO - Training model: top_left-original
2025-03-13 23:43:22 - INFO - Model top_left-original completed in 4.08 seconds.
2025-03-13 23:43:22 - INFO - >>> Model top_left-original trained. Accuracy: 0.9546 (4.08 sec.)
2025-03-13 23:43:22 - INFO - Training model: original-bottom_right
2025-03-13 23:43:27 - INFO - Model original-bottom_right completed in 4.41 seconds.
2025-03-13 23:43:27 - INFO - >>> Model original-bottom_right trained. Accuracy: 0.9556 (4.41 sec.)
2025-03-13 23:43:27 - INFO - Training model: top_right-original
2025-03-13 23:43:31 - INFO - Model top_right-original completed in 4.24 seconds.
2025-03-13 23:43:31 - INFO - >>> Model top_right-original trained. Accuracy: 0.9549 (4.24 sec.)
2025-03-13 23:43:31 - INFO - Training model: tda-original-bottom_left
2025-03-13 23:43:37 - INFO - Model tda-original-bottom_left completed in 6.00 seconds.
2025-03-13 23:43:37 - INFO - >>> Model tda-original-bottom_left trained. Accuracy: 0.9759 (6.00 sec.)
2025-03-13 23:43:37 - INFO - Training model: top_left-original-bottom_left
2025-03-13 23:43:43 - INFO - Model top_left-original-bottom_left completed in 6.16 seconds.
2025-03-13 23:43:43 - INFO - >>> Model top_left-original-bottom_left trained. Accuracy: 0.9564 (6.16 sec.)
2025-03-13 23:43:43 - INFO - Training model: original-bottom_left-bottom_right
2025-03-13 23:43:49 - INFO - Model original-bottom_left-bottom_right completed in 5.85 seconds.
2025-03-13 23:43:49 - INFO - >>> Model original-bottom_left-bottom_right trained. Accuracy: 0.9568 (5.85 sec.)
2025-03-13 23:43:49 - INFO - Training model: top_right-original-bottom_left
2025-03-13 23:43:55 - INFO - Model top_right-original-bottom_left completed in 6.27 seconds.
2025-03-13 23:43:55 - INFO - >>> Model top_right-original-bottom_left trained. Accuracy: 0.9573 (6.27 sec.)
2025-03-13 23:43:55 - INFO - Training model: tda-top_left-original
2025-03-13 23:44:01 - INFO - Model tda-top_left-original completed in 6.27 seconds.
2025-03-13 23:44:01 - INFO - >>> Model tda-top_left-original trained. Accuracy: 0.9766 (6.27 sec.)
2025-03-13 23:44:01 - INFO - Training model: tda-original-bottom_right
2025-03-13 23:44:08 - INFO - Model tda-original-bottom_right completed in 6.40 seconds.
2025-03-13 23:44:08 - INFO - >>> Model tda-original-bottom_right trained. Accuracy: 0.9772 (6.40 sec.)
2025-03-13 23:44:08 - INFO - Training model: top_right-tda-original
2025-03-13 23:44:14 - INFO - Model top_right-tda-original completed in 6.49 seconds.
2025-03-13 23:44:14 - INFO - >>> Model top_right-tda-original trained. Accuracy: 0.9786 (6.49 sec.)
2025-03-13 23:44:14 - INFO - Training model: top_left-original-bottom_right
2025-03-13 23:44:20 - INFO - Model top_left-original-bottom_right completed in 6.14 seconds.
2025-03-13 23:44:20 - INFO - >>> Model top_left-original-bottom_right trained. Accuracy: 0.9580 (6.14 sec.)
2025-03-13 23:44:20 - INFO - Training model: top_right-top_left-original
2025-03-13 23:44:27 - INFO - Model top_right-top_left-original completed in 6.23 seconds.
2025-03-13 23:44:27 - INFO - >>> Model top_right-top_left-original trained. Accuracy: 0.9581 (6.23 sec.)
2025-03-13 23:44:27 - INFO - Training model: top_right-original-bottom_right
2025-03-13 23:44:33 - INFO - Model top_right-original-bottom_right completed in 6.23 seconds.
2025-03-13 23:44:33 - INFO - >>> Model top_right-original-bottom_right trained. Accuracy: 0.9584 (6.23 sec.)
2025-03-13 23:44:33 - INFO - Training model: tda-top_left-original-bottom_left
2025-03-13 23:44:41 - INFO - Model tda-top_left-original-bottom_left completed in 7.83 seconds.
2025-03-13 23:44:41 - INFO - >>> Model tda-top_left-original-bottom_left trained. Accuracy: 0.9761 (7.83 sec.)
2025-03-13 23:44:41 - INFO - Training model: tda-original-bottom_left-bottom_right
2025-03-13 23:44:49 - INFO - Model tda-original-bottom_left-bottom_right completed in 8.33 seconds.
2025-03-13 23:44:49 - INFO - >>> Model tda-original-bottom_left-bottom_right trained. Accuracy: 0.9764 (8.33 sec.)
2025-03-13 23:44:49 - INFO - Training model: top_right-tda-original-bottom_left
2025-03-13 23:44:57 - INFO - Model top_right-tda-original-bottom_left completed in 7.82 seconds.
2025-03-13 23:44:57 - INFO - >>> Model top_right-tda-original-bottom_left trained. Accuracy: 0.9772 (7.82 sec.)
2025-03-13 23:44:57 - INFO - Training model: top_left-original-bottom_left-bottom_right
2025-03-13 23:45:05 - INFO - Model top_left-original-bottom_left-bottom_right completed in 8.22 seconds.
2025-03-13 23:45:05 - INFO - >>> Model top_left-original-bottom_left-bottom_right trained. Accuracy: 0.9599 (8.22 sec.)
2025-03-13 23:45:05 - INFO - Training model: top_right-top_left-original-bottom_left
2025-03-13 23:45:13 - INFO - Model top_right-top_left-original-bottom_left completed in 7.70 seconds.
2025-03-13 23:45:13 - INFO - >>> Model top_right-top_left-original-bottom_left trained. Accuracy: 0.9611 (7.70 sec.)
2025-03-13 23:45:13 - INFO - Training model: top_right-original-bottom_left-bottom_right
2025-03-13 23:45:21 - INFO - Model top_right-original-bottom_left-bottom_right completed in 7.77 seconds.
2025-03-13 23:45:21 - INFO - >>> Model top_right-original-bottom_left-bottom_right trained. Accuracy: 0.9604 (7.77 sec.)
2025-03-13 23:45:21 - INFO - Training model: tda-top_left-original-bottom_right
2025-03-13 23:45:29 - INFO - Model tda-top_left-original-bottom_right completed in 8.05 seconds.
2025-03-13 23:45:29 - INFO - >>> Model tda-top_left-original-bottom_right trained. Accuracy: 0.9779 (8.05 sec.)
2025-03-13 23:45:29 - INFO - Training model: top_right-tda-top_left-original
2025-03-13 23:45:36 - INFO - Model top_right-tda-top_left-original completed in 7.68 seconds.
2025-03-13 23:45:36 - INFO - >>> Model top_right-tda-top_left-original trained. Accuracy: 0.9783 (7.68 sec.)
2025-03-13 23:45:36 - INFO - Training model: top_right-tda-original-bottom_right
2025-03-13 23:45:44 - INFO - Model top_right-tda-original-bottom_right completed in 8.11 seconds.
2025-03-13 23:45:44 - INFO - >>> Model top_right-tda-original-bottom_right trained. Accuracy: 0.9789 (8.11 sec.)
2025-03-13 23:45:44 - INFO - Training model: top_right-top_left-original-bottom_right
2025-03-13 23:45:52 - INFO - Model top_right-top_left-original-bottom_right completed in 7.98 seconds.
2025-03-13 23:45:52 - INFO - >>> Model top_right-top_left-original-bottom_right trained. Accuracy: 0.9613 (7.98 sec.)
2025-03-13 23:45:52 - INFO - Training model: bottom_left-tda-top_left-original-bottom_right
2025-03-13 23:46:03 - INFO - Model bottom_left-tda-top_left-original-bottom_right completed in 10.25 seconds.
2025-03-13 23:46:03 - INFO - >>> Model bottom_left-tda-top_left-original-bottom_right trained. Accuracy: 0.9781 (10.25 sec.)
2025-03-13 23:46:03 - INFO - Training model: bottom_left-tda-top_left-original-top_right
2025-03-13 23:46:13 - INFO - Model bottom_left-tda-top_left-original-top_right completed in 10.10 seconds.
2025-03-13 23:46:13 - INFO - >>> Model bottom_left-tda-top_left-original-top_right trained. Accuracy: 0.9784 (10.10 sec.)
2025-03-13 23:46:13 - INFO - Training model: bottom_left-tda-original-bottom_right-top_right
2025-03-13 23:46:23 - INFO - Model bottom_left-tda-original-bottom_right-top_right completed in 10.27 seconds.
2025-03-13 23:46:23 - INFO - >>> Model bottom_left-tda-original-bottom_right-top_right trained. Accuracy: 0.9783 (10.27 sec.)
2025-03-13 23:46:23 - INFO - Training model: bottom_left-top_left-original-bottom_right-top_right
2025-03-13 23:46:33 - INFO - Model bottom_left-top_left-original-bottom_right-top_right completed in 10.15 seconds.
2025-03-13 23:46:33 - INFO - >>> Model bottom_left-top_left-original-bottom_right-top_right trained. Accuracy: 0.9634 (10.15 sec.)
2025-03-13 23:46:33 - INFO - Training model: tda-top_left-original-bottom_right-top_right
2025-03-13 23:46:43 - INFO - Model tda-top_left-original-bottom_right-top_right completed in 10.10 seconds.
2025-03-13 23:46:43 - INFO - >>> Model tda-top_left-original-bottom_right-top_right trained. Accuracy: 0.9784 (10.10 sec.)
2025-03-13 23:46:43 - INFO - Training model: bottom_left-tda-top_left-original-bottom_right-top_right
2025-03-13 23:46:56 - INFO - Model bottom_left-tda-top_left-original-bottom_right-top_right completed in 12.35 seconds.
2025-03-13 23:46:56 - INFO - >>> Model bottom_left-tda-top_left-original-bottom_right-top_right trained. Accuracy: 0.9798 (12.35 sec.)
2025-03-13 23:46:56 - INFO - All models trained successfully.
2025-03-13 23:46:56 - INFO - ========== [Model Training Completed] in 3.78 minutes ==========
2025-03-13 23:46:56 - INFO - ========== [Experiment Training Complete] ==========
2025-03-13 23:46:56 - INFO - ========== [Finished reading and processing chunks] ==========
2025-03-13 23:46:56 - INFO - Saving results...
2025-03-13 23:46:56 - INFO - Results saved to /home/jovyan/Workspace/workspace_mnist/results/exp_icecream/experiment_trainsize_predictions_2025-03-13_23-46-56.json
2025-03-13 23:46:56 - INFO - Results successfully saved to /home/jovyan/Workspace/workspace_mnist/results/exp_icecream/experiment_trainsize_predictions_2025-03-13_23-46-56.json
2025-03-13 23:46:56 - INFO - Garbage collection executed.
2025-03-13 23:46:56 - INFO - ========== [Experiment Completed] in 7.85 minutes ==========
