2025-04-09 01:13:29 - INFO - Logging initialized.
 Writing to /home/jovyan/Workspace/workspace_mnist/logs/exp_icecream/experiment_logs_2025-04-09_01-13-29.log
2025-04-09 01:13:29 - INFO - ========== [Experiment Start] ==========
2025-04-09 01:13:29 - INFO - Views combinations succesfully generated.
2025-04-09 01:13:29 - INFO - Topological Data Analysis pipeline generated.
2025-04-09 01:13:29 - INFO - Generating folder to save results.
2025-04-09 01:13:29 - INFO - Reading dataset in chunks from mnist_784.csv (chunk size: 70000)
2025-04-09 01:13:30 - INFO - Starting multiview data preparation for a chunk of size (70000, 784)...
2025-04-09 01:13:30 - INFO - Running using 24 jobs.
2025-04-09 01:13:30 - INFO - Contaminating dataset with circles using 2.
2025-04-09 01:13:30 - INFO - Splitting data: 10.0% train / 20.0% test (random_state=323447783)
2025-04-09 01:13:30 - INFO - Data split complete. Train size: (5600, 784), Test size: (14000, 784)
2025-04-09 01:13:30 - INFO - Reshaping train and test data into square images...
2025-04-09 01:13:30 - INFO - Reshaping complete. Train images: (5600, 28, 28), Test images: (14000, 28, 28)
2025-04-09 01:13:30 - INFO - Splitting images into quadrant views...
2025-04-09 01:13:30 - INFO - Quadrant view splitting complete. Train views: 4, Test views: 4
2025-04-09 01:13:30 - INFO - >> Starting TDA pipeline transformation on train data...
2025-04-09 01:14:21 - INFO - >> TDA transformation for train data completed (0.84 minutes).
2025-04-09 01:14:21 - INFO - >> Applying TDA pipeline transformation on test data...
2025-04-09 01:16:22 - INFO - >> TDA transformation for test data completed (2.02 minutes).
2025-04-09 01:16:22 - INFO - ========== [Model Training Start] ==========
2025-04-09 01:16:22 - INFO - Training model: original
2025-04-09 01:16:22 - INFO - Model original completed in 0.29 seconds.
2025-04-09 01:16:22 - INFO - >>> Model original trained. Accuracy: 0.9392 (0.29 sec.)
2025-04-09 01:16:22 - INFO - Training model: bottom_right-original
2025-04-09 01:16:26 - INFO - Model bottom_right-original completed in 4.17 seconds.
2025-04-09 01:16:26 - INFO - >>> Model bottom_right-original trained. Accuracy: 0.9437 (4.17 sec.)
2025-04-09 01:16:26 - INFO - Training model: original-top_left
2025-04-09 01:16:31 - INFO - Model original-top_left completed in 4.44 seconds.
2025-04-09 01:16:31 - INFO - >>> Model original-top_left trained. Accuracy: 0.9426 (4.44 sec.)
2025-04-09 01:16:31 - INFO - Training model: tda-original
2025-04-09 01:16:35 - INFO - Model tda-original completed in 3.73 seconds.
2025-04-09 01:16:35 - INFO - >>> Model tda-original trained. Accuracy: 0.9719 (3.73 sec.)
2025-04-09 01:16:35 - INFO - Training model: bottom_left-original
2025-04-09 01:16:39 - INFO - Model bottom_left-original completed in 4.12 seconds.
2025-04-09 01:16:39 - INFO - >>> Model bottom_left-original trained. Accuracy: 0.9411 (4.12 sec.)
2025-04-09 01:16:39 - INFO - Training model: top_right-original
2025-04-09 01:16:43 - INFO - Model top_right-original completed in 4.52 seconds.
2025-04-09 01:16:43 - INFO - >>> Model top_right-original trained. Accuracy: 0.9466 (4.52 sec.)
2025-04-09 01:16:43 - INFO - Training model: bottom_right-original-top_left
2025-04-09 01:16:50 - INFO - Model bottom_right-original-top_left completed in 6.49 seconds.
2025-04-09 01:16:50 - INFO - >>> Model bottom_right-original-top_left trained. Accuracy: 0.9449 (6.49 sec.)
2025-04-09 01:16:50 - INFO - Training model: bottom_right-original-tda
2025-04-09 01:16:56 - INFO - Model bottom_right-original-tda completed in 5.89 seconds.
2025-04-09 01:16:56 - INFO - >>> Model bottom_right-original-tda trained. Accuracy: 0.9721 (5.89 sec.)
2025-04-09 01:16:56 - INFO - Training model: bottom_left-bottom_right-original
2025-04-09 01:17:02 - INFO - Model bottom_left-bottom_right-original completed in 6.56 seconds.
2025-04-09 01:17:02 - INFO - >>> Model bottom_left-bottom_right-original trained. Accuracy: 0.9451 (6.56 sec.)
2025-04-09 01:17:02 - INFO - Training model: bottom_right-original-top_right
2025-04-09 01:17:08 - INFO - Model bottom_right-original-top_right completed in 6.26 seconds.
2025-04-09 01:17:08 - INFO - >>> Model bottom_right-original-top_right trained. Accuracy: 0.9491 (6.26 sec.)
2025-04-09 01:17:08 - INFO - Training model: tda-original-top_left
2025-04-09 01:17:15 - INFO - Model tda-original-top_left completed in 6.10 seconds.
2025-04-09 01:17:15 - INFO - >>> Model tda-original-top_left trained. Accuracy: 0.9699 (6.10 sec.)
2025-04-09 01:17:15 - INFO - Training model: bottom_left-original-top_left
2025-04-09 01:17:21 - INFO - Model bottom_left-original-top_left completed in 6.28 seconds.
2025-04-09 01:17:21 - INFO - >>> Model bottom_left-original-top_left trained. Accuracy: 0.9448 (6.28 sec.)
2025-04-09 01:17:21 - INFO - Training model: top_right-original-top_left
2025-04-09 01:17:27 - INFO - Model top_right-original-top_left completed in 6.51 seconds.
2025-04-09 01:17:27 - INFO - >>> Model top_right-original-top_left trained. Accuracy: 0.9487 (6.51 sec.)
2025-04-09 01:17:27 - INFO - Training model: bottom_left-tda-original
2025-04-09 01:17:33 - INFO - Model bottom_left-tda-original completed in 6.07 seconds.
2025-04-09 01:17:33 - INFO - >>> Model bottom_left-tda-original trained. Accuracy: 0.9697 (6.07 sec.)
2025-04-09 01:17:33 - INFO - Training model: tda-original-top_right
2025-04-09 01:17:39 - INFO - Model tda-original-top_right completed in 6.02 seconds.
2025-04-09 01:17:39 - INFO - >>> Model tda-original-top_right trained. Accuracy: 0.9714 (6.02 sec.)
2025-04-09 01:17:39 - INFO - Training model: bottom_left-top_right-original
2025-04-09 01:17:46 - INFO - Model bottom_left-top_right-original completed in 6.53 seconds.
2025-04-09 01:17:46 - INFO - >>> Model bottom_left-top_right-original trained. Accuracy: 0.9487 (6.53 sec.)
2025-04-09 01:17:46 - INFO - Training model: bottom_right-original-top_left-tda
2025-04-09 01:17:55 - INFO - Model bottom_right-original-top_left-tda completed in 8.61 seconds.
2025-04-09 01:17:55 - INFO - >>> Model bottom_right-original-top_left-tda trained. Accuracy: 0.9732 (8.61 sec.)
2025-04-09 01:17:55 - INFO - Training model: bottom_left-bottom_right-original-top_left
2025-04-09 01:18:03 - INFO - Model bottom_left-bottom_right-original-top_left completed in 8.66 seconds.
2025-04-09 01:18:03 - INFO - >>> Model bottom_left-bottom_right-original-top_left trained. Accuracy: 0.9492 (8.66 sec.)
2025-04-09 01:18:03 - INFO - Training model: top_right-bottom_right-original-top_left
2025-04-09 01:18:12 - INFO - Model top_right-bottom_right-original-top_left completed in 8.64 seconds.
2025-04-09 01:18:12 - INFO - >>> Model top_right-bottom_right-original-top_left trained. Accuracy: 0.9529 (8.64 sec.)
2025-04-09 01:18:12 - INFO - Training model: bottom_left-bottom_right-original-tda
2025-04-09 01:18:20 - INFO - Model bottom_left-bottom_right-original-tda completed in 7.71 seconds.
2025-04-09 01:18:20 - INFO - >>> Model bottom_left-bottom_right-original-tda trained. Accuracy: 0.9713 (7.71 sec.)
2025-04-09 01:18:20 - INFO - Training model: bottom_right-original-top_right-tda
2025-04-09 01:18:28 - INFO - Model bottom_right-original-top_right-tda completed in 8.17 seconds.
2025-04-09 01:18:28 - INFO - >>> Model bottom_right-original-top_right-tda trained. Accuracy: 0.9739 (8.17 sec.)
2025-04-09 01:18:28 - INFO - Training model: bottom_left-bottom_right-original-top_right
2025-04-09 01:18:36 - INFO - Model bottom_left-bottom_right-original-top_right completed in 8.38 seconds.
2025-04-09 01:18:36 - INFO - >>> Model bottom_left-bottom_right-original-top_right trained. Accuracy: 0.9516 (8.38 sec.)
2025-04-09 01:18:36 - INFO - Training model: bottom_left-tda-original-top_left
2025-04-09 01:18:44 - INFO - Model bottom_left-tda-original-top_left completed in 8.12 seconds.
2025-04-09 01:18:44 - INFO - >>> Model bottom_left-tda-original-top_left trained. Accuracy: 0.9711 (8.12 sec.)
2025-04-09 01:18:44 - INFO - Training model: top_right-tda-original-top_left
2025-04-09 01:18:52 - INFO - Model top_right-tda-original-top_left completed in 7.97 seconds.
2025-04-09 01:18:52 - INFO - >>> Model top_right-tda-original-top_left trained. Accuracy: 0.9724 (7.97 sec.)
2025-04-09 01:18:52 - INFO - Training model: bottom_left-top_right-original-top_left
2025-04-09 01:19:01 - INFO - Model bottom_left-top_right-original-top_left completed in 8.80 seconds.
2025-04-09 01:19:01 - INFO - >>> Model bottom_left-top_right-original-top_left trained. Accuracy: 0.9516 (8.80 sec.)
2025-04-09 01:19:01 - INFO - Training model: bottom_left-tda-original-top_right
2025-04-09 01:19:09 - INFO - Model bottom_left-tda-original-top_right completed in 7.91 seconds.
2025-04-09 01:19:09 - INFO - >>> Model bottom_left-tda-original-top_right trained. Accuracy: 0.9727 (7.91 sec.)
2025-04-09 01:19:09 - INFO - Training model: bottom_right-top_left-bottom_left-tda-original
2025-04-09 01:19:19 - INFO - Model bottom_right-top_left-bottom_left-tda-original completed in 9.71 seconds.
2025-04-09 01:19:19 - INFO - >>> Model bottom_right-top_left-bottom_left-tda-original trained. Accuracy: 0.9726 (9.71 sec.)
2025-04-09 01:19:19 - INFO - Training model: bottom_right-top_left-tda-top_right-original
2025-04-09 01:19:29 - INFO - Model bottom_right-top_left-tda-top_right-original completed in 10.60 seconds.
2025-04-09 01:19:29 - INFO - >>> Model bottom_right-top_left-tda-top_right-original trained. Accuracy: 0.9752 (10.60 sec.)
2025-04-09 01:19:29 - INFO - Training model: bottom_right-top_left-bottom_left-top_right-original
2025-04-09 01:19:40 - INFO - Model bottom_right-top_left-bottom_left-top_right-original completed in 10.75 seconds.
2025-04-09 01:19:40 - INFO - >>> Model bottom_right-top_left-bottom_left-top_right-original trained. Accuracy: 0.9556 (10.75 sec.)
2025-04-09 01:19:40 - INFO - Training model: bottom_right-tda-bottom_left-top_right-original
2025-04-09 01:19:51 - INFO - Model bottom_right-tda-bottom_left-top_right-original completed in 10.55 seconds.
2025-04-09 01:19:51 - INFO - >>> Model bottom_right-tda-bottom_left-top_right-original trained. Accuracy: 0.9731 (10.55 sec.)
2025-04-09 01:19:51 - INFO - Training model: top_left-tda-bottom_left-top_right-original
2025-04-09 01:20:01 - INFO - Model top_left-tda-bottom_left-top_right-original completed in 10.57 seconds.
2025-04-09 01:20:01 - INFO - >>> Model top_left-tda-bottom_left-top_right-original trained. Accuracy: 0.9733 (10.57 sec.)
2025-04-09 01:20:01 - INFO - Training model: bottom_right-top_left-bottom_left-tda-original-top_right
2025-04-09 01:20:14 - INFO - Model bottom_right-top_left-bottom_left-tda-original-top_right completed in 12.37 seconds.
2025-04-09 01:20:14 - INFO - >>> Model bottom_right-top_left-bottom_left-tda-original-top_right trained. Accuracy: 0.9749 (12.37 sec.)
2025-04-09 01:20:14 - INFO - All models trained successfully.
2025-04-09 01:20:14 - INFO - ========== [Model Training Completed] in 3.86 minutes ==========
2025-04-09 01:20:14 - INFO - ========== [Experiment Training Complete] ==========
2025-04-09 01:20:14 - INFO - Results saved to /home/jovyan/Workspace/workspace_mnist/results/exp_icecream/experiment_trainsize_predictions_2025-04-09_01-20-14.json
2025-04-09 01:20:14 - INFO - Results successfully saved to /home/jovyan/Workspace/workspace_mnist/results/exp_icecream/experiment_trainsize_predictions_2025-04-09_01-20-14.json
2025-04-09 01:20:14 - INFO - Garbage collection executed.
2025-04-09 01:20:14 - INFO - ========== [Experiment Completed] in 6.75 minutes ==========
