2025-04-08 17:04:52 - INFO - Logging initialized.
 Writing to /home/jovyan/Workspace/workspace_mnist/logs/exp_icecream/experiment_logs_2025-04-08_17-04-52.log
2025-04-08 17:04:52 - INFO - ========== [Experiment Start] ==========
2025-04-08 17:04:52 - INFO - Views combinations succesfully generated.
2025-04-08 17:04:52 - INFO - Topological Data Analysis pipeline generated.
2025-04-08 17:04:52 - INFO - Generating folder to save results.
2025-04-08 17:04:52 - INFO - Reading dataset in chunks from mnist_784.csv (chunk size: 70000)
2025-04-08 17:04:53 - INFO - Starting multiview data preparation for a chunk of size (70000, 784)...
2025-04-08 17:04:53 - INFO - Running using 24 jobs.
2025-04-08 17:04:53 - INFO - Contaminating dataset with circles using 2.
2025-04-08 17:04:53 - INFO - Splitting data: 56.7% train / 20.0% test (random_state=601133337)
2025-04-08 17:04:53 - INFO - Data split complete. Train size: (31733, 784), Test size: (14000, 784)
2025-04-08 17:04:53 - INFO - Reshaping train and test data into square images...
2025-04-08 17:04:53 - INFO - Reshaping complete. Train images: (31733, 28, 28), Test images: (14000, 28, 28)
2025-04-08 17:04:53 - INFO - Splitting images into quadrant views...
2025-04-08 17:04:53 - INFO - Quadrant view splitting complete. Train views: 4, Test views: 4
2025-04-08 17:04:53 - INFO - >> Starting TDA pipeline transformation on train data...
2025-04-08 17:09:33 - INFO - >> TDA transformation for train data completed (4.67 minutes).
2025-04-08 17:09:33 - INFO - >> Applying TDA pipeline transformation on test data...
2025-04-08 17:11:34 - INFO - >> TDA transformation for test data completed (2.02 minutes).
2025-04-08 17:11:34 - INFO - ========== [Model Training Start] ==========
2025-04-08 17:11:34 - INFO - Training model: original
2025-04-08 17:11:35 - INFO - Model original completed in 0.67 seconds.
2025-04-08 17:11:35 - INFO - >>> Model original trained. Accuracy: 0.9623 (0.67 sec.)
2025-04-08 17:11:35 - INFO - Training model: bottom_right-original
2025-04-08 17:11:41 - INFO - Model bottom_right-original completed in 6.20 seconds.
2025-04-08 17:11:41 - INFO - >>> Model bottom_right-original trained. Accuracy: 0.9672 (6.20 sec.)
2025-04-08 17:11:41 - INFO - Training model: original-top_left
2025-04-08 17:11:47 - INFO - Model original-top_left completed in 6.09 seconds.
2025-04-08 17:11:47 - INFO - >>> Model original-top_left trained. Accuracy: 0.9661 (6.09 sec.)
2025-04-08 17:11:47 - INFO - Training model: tda-original
2025-04-08 17:11:54 - INFO - Model tda-original completed in 7.48 seconds.
2025-04-08 17:11:54 - INFO - >>> Model tda-original trained. Accuracy: 0.9814 (7.48 sec.)
2025-04-08 17:11:54 - INFO - Training model: bottom_left-original
2025-04-08 17:12:01 - INFO - Model bottom_left-original completed in 6.16 seconds.
2025-04-08 17:12:01 - INFO - >>> Model bottom_left-original trained. Accuracy: 0.9659 (6.16 sec.)
2025-04-08 17:12:01 - INFO - Training model: top_right-original
2025-04-08 17:12:07 - INFO - Model top_right-original completed in 6.11 seconds.
2025-04-08 17:12:07 - INFO - >>> Model top_right-original trained. Accuracy: 0.9671 (6.11 sec.)
2025-04-08 17:12:07 - INFO - Training model: bottom_right-original-top_left
2025-04-08 17:12:15 - INFO - Model bottom_right-original-top_left completed in 8.42 seconds.
2025-04-08 17:12:15 - INFO - >>> Model bottom_right-original-top_left trained. Accuracy: 0.9708 (8.42 sec.)
2025-04-08 17:12:15 - INFO - Training model: bottom_right-original-tda
2025-04-08 17:12:25 - INFO - Model bottom_right-original-tda completed in 10.04 seconds.
2025-04-08 17:12:25 - INFO - >>> Model bottom_right-original-tda trained. Accuracy: 0.9813 (10.04 sec.)
2025-04-08 17:12:25 - INFO - Training model: bottom_left-bottom_right-original
2025-04-08 17:12:34 - INFO - Model bottom_left-bottom_right-original completed in 8.57 seconds.
2025-04-08 17:12:34 - INFO - >>> Model bottom_left-bottom_right-original trained. Accuracy: 0.9689 (8.57 sec.)
2025-04-08 17:12:34 - INFO - Training model: bottom_right-original-top_right
2025-04-08 17:12:42 - INFO - Model bottom_right-original-top_right completed in 8.65 seconds.
2025-04-08 17:12:42 - INFO - >>> Model bottom_right-original-top_right trained. Accuracy: 0.9689 (8.65 sec.)
2025-04-08 17:12:42 - INFO - Training model: tda-original-top_left
2025-04-08 17:12:52 - INFO - Model tda-original-top_left completed in 9.73 seconds.
2025-04-08 17:12:52 - INFO - >>> Model tda-original-top_left trained. Accuracy: 0.9821 (9.73 sec.)
2025-04-08 17:12:52 - INFO - Training model: bottom_left-original-top_left
2025-04-08 17:13:01 - INFO - Model bottom_left-original-top_left completed in 8.53 seconds.
2025-04-08 17:13:01 - INFO - >>> Model bottom_left-original-top_left trained. Accuracy: 0.9694 (8.53 sec.)
2025-04-08 17:13:01 - INFO - Training model: top_right-original-top_left
2025-04-08 17:13:09 - INFO - Model top_right-original-top_left completed in 8.68 seconds.
2025-04-08 17:13:09 - INFO - >>> Model top_right-original-top_left trained. Accuracy: 0.9680 (8.68 sec.)
2025-04-08 17:13:09 - INFO - Training model: bottom_left-tda-original
2025-04-08 17:13:19 - INFO - Model bottom_left-tda-original completed in 9.73 seconds.
2025-04-08 17:13:19 - INFO - >>> Model bottom_left-tda-original trained. Accuracy: 0.9797 (9.73 sec.)
2025-04-08 17:13:19 - INFO - Training model: tda-original-top_right
2025-04-08 17:13:29 - INFO - Model tda-original-top_right completed in 9.89 seconds.
2025-04-08 17:13:29 - INFO - >>> Model tda-original-top_right trained. Accuracy: 0.9812 (9.89 sec.)
2025-04-08 17:13:29 - INFO - Training model: bottom_left-top_right-original
2025-04-08 17:13:38 - INFO - Model bottom_left-top_right-original completed in 8.57 seconds.
2025-04-08 17:13:38 - INFO - >>> Model bottom_left-top_right-original trained. Accuracy: 0.9675 (8.57 sec.)
2025-04-08 17:13:38 - INFO - Training model: bottom_right-original-top_left-tda
2025-04-08 17:13:50 - INFO - Model bottom_right-original-top_left-tda completed in 12.23 seconds.
2025-04-08 17:13:50 - INFO - >>> Model bottom_right-original-top_left-tda trained. Accuracy: 0.9820 (12.23 sec.)
2025-04-08 17:13:50 - INFO - Training model: bottom_left-bottom_right-original-top_left
2025-04-08 17:14:00 - INFO - Model bottom_left-bottom_right-original-top_left completed in 10.41 seconds.
2025-04-08 17:14:00 - INFO - >>> Model bottom_left-bottom_right-original-top_left trained. Accuracy: 0.9718 (10.41 sec.)
2025-04-08 17:14:00 - INFO - Training model: top_right-bottom_right-original-top_left
2025-04-08 17:14:11 - INFO - Model top_right-bottom_right-original-top_left completed in 10.97 seconds.
2025-04-08 17:14:11 - INFO - >>> Model top_right-bottom_right-original-top_left trained. Accuracy: 0.9724 (10.97 sec.)
2025-04-08 17:14:11 - INFO - Training model: bottom_left-bottom_right-original-tda
2025-04-08 17:14:23 - INFO - Model bottom_left-bottom_right-original-tda completed in 12.13 seconds.
2025-04-08 17:14:23 - INFO - >>> Model bottom_left-bottom_right-original-tda trained. Accuracy: 0.9820 (12.13 sec.)
2025-04-08 17:14:23 - INFO - Training model: bottom_right-original-top_right-tda
2025-04-08 17:14:35 - INFO - Model bottom_right-original-top_right-tda completed in 12.19 seconds.
2025-04-08 17:14:35 - INFO - >>> Model bottom_right-original-top_right-tda trained. Accuracy: 0.9823 (12.19 sec.)
2025-04-08 17:14:35 - INFO - Training model: bottom_left-bottom_right-original-top_right
2025-04-08 17:14:46 - INFO - Model bottom_left-bottom_right-original-top_right completed in 10.93 seconds.
2025-04-08 17:14:46 - INFO - >>> Model bottom_left-bottom_right-original-top_right trained. Accuracy: 0.9700 (10.93 sec.)
2025-04-08 17:14:46 - INFO - Training model: bottom_left-tda-original-top_left
2025-04-08 17:14:59 - INFO - Model bottom_left-tda-original-top_left completed in 12.22 seconds.
2025-04-08 17:14:59 - INFO - >>> Model bottom_left-tda-original-top_left trained. Accuracy: 0.9812 (12.22 sec.)
2025-04-08 17:14:59 - INFO - Training model: top_right-tda-original-top_left
2025-04-08 17:15:11 - INFO - Model top_right-tda-original-top_left completed in 12.11 seconds.
2025-04-08 17:15:11 - INFO - >>> Model top_right-tda-original-top_left trained. Accuracy: 0.9821 (12.11 sec.)
2025-04-08 17:15:11 - INFO - Training model: bottom_left-top_right-original-top_left
2025-04-08 17:15:22 - INFO - Model bottom_left-top_right-original-top_left completed in 10.90 seconds.
2025-04-08 17:15:22 - INFO - >>> Model bottom_left-top_right-original-top_left trained. Accuracy: 0.9713 (10.90 sec.)
2025-04-08 17:15:22 - INFO - Training model: bottom_left-tda-original-top_right
2025-04-08 17:15:34 - INFO - Model bottom_left-tda-original-top_right completed in 12.23 seconds.
2025-04-08 17:15:34 - INFO - >>> Model bottom_left-tda-original-top_right trained. Accuracy: 0.9821 (12.23 sec.)
2025-04-08 17:15:34 - INFO - Training model: bottom_right-top_left-bottom_left-tda-original
2025-04-08 17:15:48 - INFO - Model bottom_right-top_left-bottom_left-tda-original completed in 14.45 seconds.
2025-04-08 17:15:48 - INFO - >>> Model bottom_right-top_left-bottom_left-tda-original trained. Accuracy: 0.9821 (14.45 sec.)
2025-04-08 17:15:48 - INFO - Training model: bottom_right-top_left-tda-top_right-original
2025-04-08 17:16:02 - INFO - Model bottom_right-top_left-tda-top_right-original completed in 14.15 seconds.
2025-04-08 17:16:02 - INFO - >>> Model bottom_right-top_left-tda-top_right-original trained. Accuracy: 0.9828 (14.15 sec.)
2025-04-08 17:16:03 - INFO - Training model: bottom_right-top_left-bottom_left-top_right-original
2025-04-08 17:16:16 - INFO - Model bottom_right-top_left-bottom_left-top_right-original completed in 13.21 seconds.
2025-04-08 17:16:16 - INFO - >>> Model bottom_right-top_left-bottom_left-top_right-original trained. Accuracy: 0.9734 (13.21 sec.)
2025-04-08 17:16:16 - INFO - Training model: bottom_right-tda-bottom_left-top_right-original
2025-04-08 17:16:30 - INFO - Model bottom_right-tda-bottom_left-top_right-original completed in 14.71 seconds.
2025-04-08 17:16:30 - INFO - >>> Model bottom_right-tda-bottom_left-top_right-original trained. Accuracy: 0.9834 (14.71 sec.)
2025-04-08 17:16:30 - INFO - Training model: top_left-tda-bottom_left-top_right-original
2025-04-08 17:16:45 - INFO - Model top_left-tda-bottom_left-top_right-original completed in 14.47 seconds.
2025-04-08 17:16:45 - INFO - >>> Model top_left-tda-bottom_left-top_right-original trained. Accuracy: 0.9822 (14.47 sec.)
2025-04-08 17:16:45 - INFO - Training model: bottom_right-top_left-bottom_left-tda-original-top_right
2025-04-08 17:17:02 - INFO - Model bottom_right-top_left-bottom_left-tda-original-top_right completed in 16.88 seconds.
2025-04-08 17:17:02 - INFO - >>> Model bottom_right-top_left-bottom_left-tda-original-top_right trained. Accuracy: 0.9832 (16.88 sec.)
2025-04-08 17:17:02 - INFO - All models trained successfully.
2025-04-08 17:17:02 - INFO - ========== [Model Training Completed] in 5.46 minutes ==========
2025-04-08 17:17:02 - INFO - ========== [Experiment Training Complete] ==========
2025-04-08 17:17:02 - INFO - Results saved to /home/jovyan/Workspace/workspace_mnist/results/exp_icecream/experiment_trainsize_predictions_2025-04-08_17-17-02.json
2025-04-08 17:17:02 - INFO - Results successfully saved to /home/jovyan/Workspace/workspace_mnist/results/exp_icecream/experiment_trainsize_predictions_2025-04-08_17-17-02.json
2025-04-08 17:17:02 - INFO - Garbage collection executed.
2025-04-08 17:17:02 - INFO - ========== [Experiment Completed] in 12.17 minutes ==========
