2025-03-13 19:54:36 - INFO - Logging initialized.
 Writing to /home/jovyan/Workspace/workspace_mnist/logs/exp_icecream/experiment_logs_2025-03-13_19-54-36.log
2025-03-13 19:54:36 - INFO - ========== [Experiment Start] ==========
2025-03-13 19:54:36 - INFO - Views combinations succesfully generated.
2025-03-13 19:54:36 - INFO - Topological Data Analysis pipeline generated.
2025-03-13 19:54:36 - INFO - Generating folder to save results.
2025-03-13 19:54:36 - INFO - Reading dataset in chunks from mnist_784.csv (chunk size: 70000)
2025-03-13 19:54:37 - INFO - Starting multiview data preparation for a chunk of size (70000, 784)...
2025-03-13 19:54:37 - INFO - Running using 29 jobs.
2025-03-13 19:54:37 - INFO - Splitting data: 10.0% train / 20.0% test (random_state=601133337)
2025-03-13 19:54:37 - INFO - Data split complete. Train size: (5600, 784), Test size: (14000, 784)
2025-03-13 19:54:37 - INFO - Reshaping train and test data into square images...
2025-03-13 19:54:37 - INFO - Reshaping complete. Train images: (5600, 28, 28), Test images: (14000, 28, 28)
2025-03-13 19:54:37 - INFO - Splitting images into quadrant views...
2025-03-13 19:54:37 - INFO - Quadrant view splitting complete. Train views: 4, Test views: 4
2025-03-13 19:54:37 - INFO - >> Starting TDA pipeline transformation on train data...
2025-03-13 19:55:27 - INFO - >> TDA transformation for train data completed (0.83 minutes).
2025-03-13 19:55:27 - INFO - >> Applying TDA pipeline transformation on test data...
2025-03-13 19:57:30 - INFO - >> TDA transformation for test data completed (2.05 minutes).
2025-03-13 19:57:30 - INFO - ========== [Model Training Start] ==========
2025-03-13 19:57:30 - INFO - Training model: original
2025-03-13 19:57:30 - INFO - Model original completed in 0.19 seconds.
2025-03-13 19:57:30 - INFO - >>> Model original trained. Accuracy: 0.9416 (0.19 sec.)
2025-03-13 19:57:30 - INFO - Training model: original-bottom_left
2025-03-13 19:57:34 - INFO - Model original-bottom_left completed in 3.98 seconds.
2025-03-13 19:57:34 - INFO - >>> Model original-bottom_left trained. Accuracy: 0.9440 (3.98 sec.)
2025-03-13 19:57:34 - INFO - Training model: tda-original
2025-03-13 19:57:38 - INFO - Model tda-original completed in 3.61 seconds.
2025-03-13 19:57:38 - INFO - >>> Model tda-original trained. Accuracy: 0.9689 (3.61 sec.)
2025-03-13 19:57:38 - INFO - Training model: top_left-original
2025-03-13 19:57:42 - INFO - Model top_left-original completed in 3.79 seconds.
2025-03-13 19:57:42 - INFO - >>> Model top_left-original trained. Accuracy: 0.9459 (3.79 sec.)
2025-03-13 19:57:42 - INFO - Training model: original-bottom_right
2025-03-13 19:57:45 - INFO - Model original-bottom_right completed in 3.85 seconds.
2025-03-13 19:57:45 - INFO - >>> Model original-bottom_right trained. Accuracy: 0.9460 (3.85 sec.)
2025-03-13 19:57:45 - INFO - Training model: top_right-original
2025-03-13 19:57:50 - INFO - Model top_right-original completed in 4.22 seconds.
2025-03-13 19:57:50 - INFO - >>> Model top_right-original trained. Accuracy: 0.9469 (4.22 sec.)
2025-03-13 19:57:50 - INFO - Training model: tda-original-bottom_left
2025-03-13 19:57:55 - INFO - Model tda-original-bottom_left completed in 5.46 seconds.
2025-03-13 19:57:55 - INFO - >>> Model tda-original-bottom_left trained. Accuracy: 0.9678 (5.46 sec.)
2025-03-13 19:57:55 - INFO - Training model: top_left-original-bottom_left
2025-03-13 19:58:01 - INFO - Model top_left-original-bottom_left completed in 5.66 seconds.
2025-03-13 19:58:01 - INFO - >>> Model top_left-original-bottom_left trained. Accuracy: 0.9470 (5.66 sec.)
2025-03-13 19:58:01 - INFO - Training model: original-bottom_left-bottom_right
2025-03-13 19:58:07 - INFO - Model original-bottom_left-bottom_right completed in 5.77 seconds.
2025-03-13 19:58:07 - INFO - >>> Model original-bottom_left-bottom_right trained. Accuracy: 0.9459 (5.77 sec.)
2025-03-13 19:58:07 - INFO - Training model: top_right-original-bottom_left
2025-03-13 19:58:12 - INFO - Model top_right-original-bottom_left completed in 5.56 seconds.
2025-03-13 19:58:12 - INFO - >>> Model top_right-original-bottom_left trained. Accuracy: 0.9479 (5.56 sec.)
2025-03-13 19:58:12 - INFO - Training model: tda-top_left-original
2025-03-13 19:58:18 - INFO - Model tda-top_left-original completed in 5.65 seconds.
2025-03-13 19:58:18 - INFO - >>> Model tda-top_left-original trained. Accuracy: 0.9682 (5.65 sec.)
2025-03-13 19:58:18 - INFO - Training model: tda-original-bottom_right
2025-03-13 19:58:23 - INFO - Model tda-original-bottom_right completed in 5.52 seconds.
2025-03-13 19:58:23 - INFO - >>> Model tda-original-bottom_right trained. Accuracy: 0.9719 (5.52 sec.)
2025-03-13 19:58:23 - INFO - Training model: top_right-tda-original
2025-03-13 19:58:29 - INFO - Model top_right-tda-original completed in 5.68 seconds.
2025-03-13 19:58:29 - INFO - >>> Model top_right-tda-original trained. Accuracy: 0.9701 (5.68 sec.)
2025-03-13 19:58:29 - INFO - Training model: top_left-original-bottom_right
2025-03-13 19:58:35 - INFO - Model top_left-original-bottom_right completed in 5.63 seconds.
2025-03-13 19:58:35 - INFO - >>> Model top_left-original-bottom_right trained. Accuracy: 0.9486 (5.63 sec.)
2025-03-13 19:58:35 - INFO - Training model: top_right-top_left-original
2025-03-13 19:58:41 - INFO - Model top_right-top_left-original completed in 6.15 seconds.
2025-03-13 19:58:41 - INFO - >>> Model top_right-top_left-original trained. Accuracy: 0.9488 (6.15 sec.)
2025-03-13 19:58:41 - INFO - Training model: top_right-original-bottom_right
2025-03-13 19:58:47 - INFO - Model top_right-original-bottom_right completed in 5.98 seconds.
2025-03-13 19:58:47 - INFO - >>> Model top_right-original-bottom_right trained. Accuracy: 0.9493 (5.98 sec.)
2025-03-13 19:58:47 - INFO - Training model: tda-top_left-original-bottom_left
2025-03-13 19:58:55 - INFO - Model tda-top_left-original-bottom_left completed in 8.07 seconds.
2025-03-13 19:58:55 - INFO - >>> Model tda-top_left-original-bottom_left trained. Accuracy: 0.9687 (8.07 sec.)
2025-03-13 19:58:55 - INFO - Training model: tda-original-bottom_left-bottom_right
2025-03-13 19:59:02 - INFO - Model tda-original-bottom_left-bottom_right completed in 7.50 seconds.
2025-03-13 19:59:02 - INFO - >>> Model tda-original-bottom_left-bottom_right trained. Accuracy: 0.9696 (7.50 sec.)
2025-03-13 19:59:02 - INFO - Training model: top_right-tda-original-bottom_left
2025-03-13 19:59:10 - INFO - Model top_right-tda-original-bottom_left completed in 7.41 seconds.
2025-03-13 19:59:10 - INFO - >>> Model top_right-tda-original-bottom_left trained. Accuracy: 0.9707 (7.41 sec.)
2025-03-13 19:59:10 - INFO - Training model: top_left-original-bottom_left-bottom_right
2025-03-13 19:59:17 - INFO - Model top_left-original-bottom_left-bottom_right completed in 7.78 seconds.
2025-03-13 19:59:17 - INFO - >>> Model top_left-original-bottom_left-bottom_right trained. Accuracy: 0.9496 (7.78 sec.)
2025-03-13 19:59:17 - INFO - Training model: top_right-top_left-original-bottom_left
2025-03-13 19:59:26 - INFO - Model top_right-top_left-original-bottom_left completed in 8.17 seconds.
2025-03-13 19:59:26 - INFO - >>> Model top_right-top_left-original-bottom_left trained. Accuracy: 0.9506 (8.17 sec.)
2025-03-13 19:59:26 - INFO - Training model: top_right-original-bottom_left-bottom_right
2025-03-13 19:59:33 - INFO - Model top_right-original-bottom_left-bottom_right completed in 7.78 seconds.
2025-03-13 19:59:33 - INFO - >>> Model top_right-original-bottom_left-bottom_right trained. Accuracy: 0.9504 (7.78 sec.)
2025-03-13 19:59:33 - INFO - Training model: tda-top_left-original-bottom_right
2025-03-13 19:59:41 - INFO - Model tda-top_left-original-bottom_right completed in 7.62 seconds.
2025-03-13 19:59:41 - INFO - >>> Model tda-top_left-original-bottom_right trained. Accuracy: 0.9715 (7.62 sec.)
2025-03-13 19:59:41 - INFO - Training model: top_right-tda-top_left-original
2025-03-13 19:59:49 - INFO - Model top_right-tda-top_left-original completed in 7.82 seconds.
2025-03-13 19:59:49 - INFO - >>> Model top_right-tda-top_left-original trained. Accuracy: 0.9707 (7.82 sec.)
2025-03-13 19:59:49 - INFO - Training model: top_right-tda-original-bottom_right
2025-03-13 19:59:57 - INFO - Model top_right-tda-original-bottom_right completed in 8.24 seconds.
2025-03-13 19:59:57 - INFO - >>> Model top_right-tda-original-bottom_right trained. Accuracy: 0.9727 (8.24 sec.)
2025-03-13 19:59:57 - INFO - Training model: top_right-top_left-original-bottom_right
2025-03-13 20:00:03 - INFO - Model top_right-top_left-original-bottom_right completed in 6.21 seconds.
2025-03-13 20:00:03 - INFO - >>> Model top_right-top_left-original-bottom_right trained. Accuracy: 0.9513 (6.21 sec.)
2025-03-13 20:00:03 - INFO - Training model: bottom_left-tda-top_left-original-bottom_right
2025-03-13 20:00:12 - INFO - Model bottom_left-tda-top_left-original-bottom_right completed in 8.54 seconds.
2025-03-13 20:00:12 - INFO - >>> Model bottom_left-tda-top_left-original-bottom_right trained. Accuracy: 0.9699 (8.54 sec.)
2025-03-13 20:00:12 - INFO - Training model: bottom_left-tda-top_left-original-top_right
2025-03-13 20:00:22 - INFO - Model bottom_left-tda-top_left-original-top_right completed in 9.74 seconds.
2025-03-13 20:00:22 - INFO - >>> Model bottom_left-tda-top_left-original-top_right trained. Accuracy: 0.9722 (9.74 sec.)
2025-03-13 20:00:22 - INFO - Training model: bottom_left-tda-original-bottom_right-top_right
2025-03-13 20:00:31 - INFO - Model bottom_left-tda-original-bottom_right-top_right completed in 9.22 seconds.
2025-03-13 20:00:31 - INFO - >>> Model bottom_left-tda-original-bottom_right-top_right trained. Accuracy: 0.9723 (9.22 sec.)
2025-03-13 20:00:31 - INFO - Training model: bottom_left-top_left-original-bottom_right-top_right
2025-03-13 20:00:41 - INFO - Model bottom_left-top_left-original-bottom_right-top_right completed in 10.48 seconds.
2025-03-13 20:00:41 - INFO - >>> Model bottom_left-top_left-original-bottom_right-top_right trained. Accuracy: 0.9536 (10.48 sec.)
2025-03-13 20:00:41 - INFO - Training model: tda-top_left-original-bottom_right-top_right
2025-03-13 20:00:51 - INFO - Model tda-top_left-original-bottom_right-top_right completed in 9.96 seconds.
2025-03-13 20:00:51 - INFO - >>> Model tda-top_left-original-bottom_right-top_right trained. Accuracy: 0.9734 (9.96 sec.)
2025-03-13 20:00:51 - INFO - Training model: bottom_left-tda-top_left-original-bottom_right-top_right
2025-03-13 20:01:03 - INFO - Model bottom_left-tda-top_left-original-bottom_right-top_right completed in 11.84 seconds.
2025-03-13 20:01:03 - INFO - >>> Model bottom_left-tda-top_left-original-bottom_right-top_right trained. Accuracy: 0.9733 (11.84 sec.)
2025-03-13 20:01:03 - INFO - All models trained successfully.
2025-03-13 20:01:03 - INFO - ========== [Model Training Completed] in 3.55 minutes ==========
2025-03-13 20:01:03 - INFO - ========== [Experiment Training Complete] ==========
2025-03-13 20:01:03 - INFO - ========== [Finished reading and processing chunks] ==========
2025-03-13 20:01:03 - INFO - Saving results...
2025-03-13 20:01:03 - INFO - Results saved to /home/jovyan/Workspace/workspace_mnist/results/exp_icecream/experiment_trainsize_predictions_2025-03-13_20-01-03.json
2025-03-13 20:01:03 - INFO - Results successfully saved to /home/jovyan/Workspace/workspace_mnist/results/exp_icecream/experiment_trainsize_predictions_2025-03-13_20-01-03.json
2025-03-13 20:01:03 - INFO - Garbage collection executed.
2025-03-13 20:01:03 - INFO - ========== [Experiment Completed] in 6.45 minutes ==========
