2025-03-14 01:40:20 - INFO - Logging initialized.
 Writing to /home/jovyan/Workspace/workspace_mnist/logs/exp_icecream/experiment_logs_2025-03-14_01-40-20.log
2025-03-14 01:40:20 - INFO - ========== [Experiment Start] ==========
2025-03-14 01:40:20 - INFO - Views combinations succesfully generated.
2025-03-14 01:40:20 - INFO - Topological Data Analysis pipeline generated.
2025-03-14 01:40:20 - INFO - Generating folder to save results.
2025-03-14 01:40:20 - INFO - Reading dataset in chunks from mnist_784.csv (chunk size: 70000)
2025-03-14 01:40:21 - INFO - Starting multiview data preparation for a chunk of size (70000, 784)...
2025-03-14 01:40:21 - INFO - Running using 29 jobs.
2025-03-14 01:40:21 - INFO - Splitting data: 41.1% train / 20.0% test (random_state=701363565)
2025-03-14 01:40:21 - INFO - Data split complete. Train size: (23022, 784), Test size: (14000, 784)
2025-03-14 01:40:21 - INFO - Reshaping train and test data into square images...
2025-03-14 01:40:21 - INFO - Reshaping complete. Train images: (23022, 28, 28), Test images: (14000, 28, 28)
2025-03-14 01:40:21 - INFO - Splitting images into quadrant views...
2025-03-14 01:40:21 - INFO - Quadrant view splitting complete. Train views: 4, Test views: 4
2025-03-14 01:40:21 - INFO - >> Starting TDA pipeline transformation on train data...
2025-03-14 01:43:37 - INFO - >> TDA transformation for train data completed (3.27 minutes).
2025-03-14 01:43:37 - INFO - >> Applying TDA pipeline transformation on test data...
2025-03-14 01:45:43 - INFO - >> TDA transformation for test data completed (2.09 minutes).
2025-03-14 01:45:43 - INFO - ========== [Model Training Start] ==========
2025-03-14 01:45:43 - INFO - Training model: original
2025-03-14 01:45:43 - INFO - Model original completed in 0.47 seconds.
2025-03-14 01:45:43 - INFO - >>> Model original trained. Accuracy: 0.9605 (0.47 sec.)
2025-03-14 01:45:43 - INFO - Training model: original-bottom_left
2025-03-14 01:45:47 - INFO - Model original-bottom_left completed in 4.43 seconds.
2025-03-14 01:45:47 - INFO - >>> Model original-bottom_left trained. Accuracy: 0.9621 (4.43 sec.)
2025-03-14 01:45:47 - INFO - Training model: tda-original
2025-03-14 01:45:53 - INFO - Model tda-original completed in 5.48 seconds.
2025-03-14 01:45:53 - INFO - >>> Model tda-original trained. Accuracy: 0.9805 (5.48 sec.)
2025-03-14 01:45:53 - INFO - Training model: top_left-original
2025-03-14 01:45:58 - INFO - Model top_left-original completed in 5.01 seconds.
2025-03-14 01:45:58 - INFO - >>> Model top_left-original trained. Accuracy: 0.9640 (5.01 sec.)
2025-03-14 01:45:58 - INFO - Training model: original-bottom_right
2025-03-14 01:46:03 - INFO - Model original-bottom_right completed in 4.98 seconds.
2025-03-14 01:46:03 - INFO - >>> Model original-bottom_right trained. Accuracy: 0.9645 (4.98 sec.)
2025-03-14 01:46:03 - INFO - Training model: top_right-original
2025-03-14 01:46:08 - INFO - Model top_right-original completed in 4.93 seconds.
2025-03-14 01:46:08 - INFO - >>> Model top_right-original trained. Accuracy: 0.9634 (4.93 sec.)
2025-03-14 01:46:08 - INFO - Training model: tda-original-bottom_left
2025-03-14 01:46:15 - INFO - Model tda-original-bottom_left completed in 7.52 seconds.
2025-03-14 01:46:15 - INFO - >>> Model tda-original-bottom_left trained. Accuracy: 0.9793 (7.52 sec.)
2025-03-14 01:46:15 - INFO - Training model: top_left-original-bottom_left
2025-03-14 01:46:22 - INFO - Model top_left-original-bottom_left completed in 6.80 seconds.
2025-03-14 01:46:22 - INFO - >>> Model top_left-original-bottom_left trained. Accuracy: 0.9656 (6.80 sec.)
2025-03-14 01:46:22 - INFO - Training model: original-bottom_left-bottom_right
2025-03-14 01:46:29 - INFO - Model original-bottom_left-bottom_right completed in 6.60 seconds.
2025-03-14 01:46:29 - INFO - >>> Model original-bottom_left-bottom_right trained. Accuracy: 0.9646 (6.60 sec.)
2025-03-14 01:46:29 - INFO - Training model: top_right-original-bottom_left
2025-03-14 01:46:36 - INFO - Model top_right-original-bottom_left completed in 6.78 seconds.
2025-03-14 01:46:36 - INFO - >>> Model top_right-original-bottom_left trained. Accuracy: 0.9663 (6.78 sec.)
2025-03-14 01:46:36 - INFO - Training model: tda-top_left-original
2025-03-14 01:46:43 - INFO - Model tda-top_left-original completed in 7.12 seconds.
2025-03-14 01:46:43 - INFO - >>> Model tda-top_left-original trained. Accuracy: 0.9801 (7.12 sec.)
2025-03-14 01:46:43 - INFO - Training model: tda-original-bottom_right
2025-03-14 01:46:50 - INFO - Model tda-original-bottom_right completed in 7.55 seconds.
2025-03-14 01:46:50 - INFO - >>> Model tda-original-bottom_right trained. Accuracy: 0.9805 (7.55 sec.)
2025-03-14 01:46:50 - INFO - Training model: top_right-tda-original
2025-03-14 01:46:58 - INFO - Model top_right-tda-original completed in 7.60 seconds.
2025-03-14 01:46:58 - INFO - >>> Model top_right-tda-original trained. Accuracy: 0.9807 (7.60 sec.)
2025-03-14 01:46:58 - INFO - Training model: top_left-original-bottom_right
2025-03-14 01:47:05 - INFO - Model top_left-original-bottom_right completed in 6.74 seconds.
2025-03-14 01:47:05 - INFO - >>> Model top_left-original-bottom_right trained. Accuracy: 0.9665 (6.74 sec.)
2025-03-14 01:47:05 - INFO - Training model: top_right-top_left-original
2025-03-14 01:47:12 - INFO - Model top_right-top_left-original completed in 6.93 seconds.
2025-03-14 01:47:12 - INFO - >>> Model top_right-top_left-original trained. Accuracy: 0.9664 (6.93 sec.)
2025-03-14 01:47:12 - INFO - Training model: top_right-original-bottom_right
2025-03-14 01:47:18 - INFO - Model top_right-original-bottom_right completed in 6.78 seconds.
2025-03-14 01:47:18 - INFO - >>> Model top_right-original-bottom_right trained. Accuracy: 0.9655 (6.78 sec.)
2025-03-14 01:47:18 - INFO - Training model: tda-top_left-original-bottom_left
2025-03-14 01:47:28 - INFO - Model tda-top_left-original-bottom_left completed in 9.57 seconds.
2025-03-14 01:47:28 - INFO - >>> Model tda-top_left-original-bottom_left trained. Accuracy: 0.9801 (9.57 sec.)
2025-03-14 01:47:28 - INFO - Training model: tda-original-bottom_left-bottom_right
2025-03-14 01:47:37 - INFO - Model tda-original-bottom_left-bottom_right completed in 9.43 seconds.
2025-03-14 01:47:37 - INFO - >>> Model tda-original-bottom_left-bottom_right trained. Accuracy: 0.9806 (9.43 sec.)
2025-03-14 01:47:37 - INFO - Training model: top_right-tda-original-bottom_left
2025-03-14 01:47:47 - INFO - Model top_right-tda-original-bottom_left completed in 9.27 seconds.
2025-03-14 01:47:47 - INFO - >>> Model top_right-tda-original-bottom_left trained. Accuracy: 0.9807 (9.27 sec.)
2025-03-14 01:47:47 - INFO - Training model: top_left-original-bottom_left-bottom_right
2025-03-14 01:47:55 - INFO - Model top_left-original-bottom_left-bottom_right completed in 8.76 seconds.
2025-03-14 01:47:55 - INFO - >>> Model top_left-original-bottom_left-bottom_right trained. Accuracy: 0.9677 (8.76 sec.)
2025-03-14 01:47:55 - INFO - Training model: top_right-top_left-original-bottom_left
2025-03-14 01:48:04 - INFO - Model top_right-top_left-original-bottom_left completed in 8.99 seconds.
2025-03-14 01:48:04 - INFO - >>> Model top_right-top_left-original-bottom_left trained. Accuracy: 0.9688 (8.99 sec.)
2025-03-14 01:48:04 - INFO - Training model: top_right-original-bottom_left-bottom_right
2025-03-14 01:48:13 - INFO - Model top_right-original-bottom_left-bottom_right completed in 8.88 seconds.
2025-03-14 01:48:13 - INFO - >>> Model top_right-original-bottom_left-bottom_right trained. Accuracy: 0.9685 (8.88 sec.)
2025-03-14 01:48:13 - INFO - Training model: tda-top_left-original-bottom_right
2025-03-14 01:48:23 - INFO - Model tda-top_left-original-bottom_right completed in 9.45 seconds.
2025-03-14 01:48:23 - INFO - >>> Model tda-top_left-original-bottom_right trained. Accuracy: 0.9814 (9.45 sec.)
2025-03-14 01:48:23 - INFO - Training model: top_right-tda-top_left-original
2025-03-14 01:48:32 - INFO - Model top_right-tda-top_left-original completed in 9.73 seconds.
2025-03-14 01:48:32 - INFO - >>> Model top_right-tda-top_left-original trained. Accuracy: 0.9800 (9.73 sec.)
2025-03-14 01:48:32 - INFO - Training model: top_right-tda-original-bottom_right
2025-03-14 01:48:42 - INFO - Model top_right-tda-original-bottom_right completed in 9.46 seconds.
2025-03-14 01:48:42 - INFO - >>> Model top_right-tda-original-bottom_right trained. Accuracy: 0.9815 (9.46 sec.)
2025-03-14 01:48:42 - INFO - Training model: top_right-top_left-original-bottom_right
2025-03-14 01:48:51 - INFO - Model top_right-top_left-original-bottom_right completed in 8.76 seconds.
2025-03-14 01:48:51 - INFO - >>> Model top_right-top_left-original-bottom_right trained. Accuracy: 0.9690 (8.76 sec.)
2025-03-14 01:48:51 - INFO - Training model: bottom_left-tda-top_left-original-bottom_right
2025-03-14 01:49:02 - INFO - Model bottom_left-tda-top_left-original-bottom_right completed in 11.69 seconds.
2025-03-14 01:49:02 - INFO - >>> Model bottom_left-tda-top_left-original-bottom_right trained. Accuracy: 0.9809 (11.69 sec.)
2025-03-14 01:49:02 - INFO - Training model: bottom_left-tda-top_left-original-top_right
2025-03-14 01:49:14 - INFO - Model bottom_left-tda-top_left-original-top_right completed in 11.33 seconds.
2025-03-14 01:49:14 - INFO - >>> Model bottom_left-tda-top_left-original-top_right trained. Accuracy: 0.9807 (11.33 sec.)
2025-03-14 01:49:14 - INFO - Training model: bottom_left-tda-original-bottom_right-top_right
2025-03-14 01:49:25 - INFO - Model bottom_left-tda-original-bottom_right-top_right completed in 11.78 seconds.
2025-03-14 01:49:25 - INFO - >>> Model bottom_left-tda-original-bottom_right-top_right trained. Accuracy: 0.9808 (11.78 sec.)
2025-03-14 01:49:25 - INFO - Training model: bottom_left-top_left-original-bottom_right-top_right
2025-03-14 01:49:36 - INFO - Model bottom_left-top_left-original-bottom_right-top_right completed in 10.40 seconds.
2025-03-14 01:49:36 - INFO - >>> Model bottom_left-top_left-original-bottom_right-top_right trained. Accuracy: 0.9701 (10.40 sec.)
2025-03-14 01:49:36 - INFO - Training model: tda-top_left-original-bottom_right-top_right
2025-03-14 01:49:47 - INFO - Model tda-top_left-original-bottom_right-top_right completed in 10.96 seconds.
2025-03-14 01:49:47 - INFO - >>> Model tda-top_left-original-bottom_right-top_right trained. Accuracy: 0.9822 (10.96 sec.)
2025-03-14 01:49:47 - INFO - Training model: bottom_left-tda-top_left-original-bottom_right-top_right
2025-03-14 01:50:00 - INFO - Model bottom_left-tda-top_left-original-bottom_right-top_right completed in 13.56 seconds.
2025-03-14 01:50:00 - INFO - >>> Model bottom_left-tda-top_left-original-bottom_right-top_right trained. Accuracy: 0.9831 (13.56 sec.)
2025-03-14 01:50:00 - INFO - All models trained successfully.
2025-03-14 01:50:00 - INFO - ========== [Model Training Completed] in 4.30 minutes ==========
2025-03-14 01:50:00 - INFO - ========== [Experiment Training Complete] ==========
2025-03-14 01:50:00 - INFO - ========== [Finished reading and processing chunks] ==========
2025-03-14 01:50:00 - INFO - Saving results...
2025-03-14 01:50:01 - INFO - Results saved to /home/jovyan/Workspace/workspace_mnist/results/exp_icecream/experiment_trainsize_predictions_2025-03-14_01-50-00.json
2025-03-14 01:50:01 - INFO - Results successfully saved to /home/jovyan/Workspace/workspace_mnist/results/exp_icecream/experiment_trainsize_predictions_2025-03-14_01-50-00.json
2025-03-14 01:50:01 - INFO - Garbage collection executed.
2025-03-14 01:50:01 - INFO - ========== [Experiment Completed] in 9.68 minutes ==========
