2025-03-12 07:48:43 - INFO - Logging initialized.
 Writing to /home/jovyan/Workspace/workspace_mnist/logs/exp_icecream/experiment_logs_2025-03-12_07-48-43.log
2025-03-12 07:48:43 - INFO - ========== [Experiment Start] ==========
2025-03-12 07:48:43 - INFO - Views combinations succesfully generated.
2025-03-12 07:48:43 - INFO - Topological Data Analysis pipeline generated.
2025-03-12 07:48:43 - INFO - Generating folder to save results.
2025-03-12 07:48:43 - INFO - Reading dataset in chunks from mnist_784.csv (chunk size: 70000)
2025-03-12 07:48:44 - INFO - Starting multiview data preparation for a chunk of size (70000, 784)...
2025-03-12 07:48:44 - INFO - Running using 8 jobs.
2025-03-12 07:48:44 - INFO - Splitting data: 17.8% train / 20.0% test (random_state=701363565)
2025-03-12 07:48:44 - INFO - Data split complete. Train size: (9955, 784), Test size: (14000, 784)
2025-03-12 07:48:44 - INFO - Reshaping train and test data into square images...
2025-03-12 07:48:44 - INFO - Reshaping complete. Train images: (9955, 28, 28), Test images: (14000, 28, 28)
2025-03-12 07:48:44 - INFO - Splitting images into quadrant views...
2025-03-12 07:48:44 - INFO - Quadrant view splitting complete. Train views: 4, Test views: 4
2025-03-12 07:48:44 - INFO - >> Starting TDA pipeline transformation on train data...
2025-03-12 07:51:25 - INFO - >> TDA transformation for train data completed (2.69 minutes).
2025-03-12 07:51:25 - INFO - >> Applying TDA pipeline transformation on test data...
2025-03-12 07:55:11 - INFO - >> TDA transformation for test data completed (3.77 minutes).
2025-03-12 07:55:11 - INFO - ========== [Model Training Start] ==========
2025-03-12 07:55:11 - INFO - Training model: original
2025-03-12 07:55:12 - INFO - Model original completed in 0.41 seconds.
2025-03-12 07:55:12 - INFO - >>> Model original trained. Accuracy: 0.9505 (0.41 sec.)
2025-03-12 07:55:12 - INFO - Training model: tda-original
2025-03-12 07:55:16 - INFO - Model tda-original completed in 4.68 seconds.
2025-03-12 07:55:16 - INFO - >>> Model tda-original trained. Accuracy: 0.9747 (4.68 sec.)
2025-03-12 07:55:16 - INFO - Training model: top_left-original
2025-03-12 07:55:20 - INFO - Model top_left-original completed in 3.72 seconds.
2025-03-12 07:55:20 - INFO - >>> Model top_left-original trained. Accuracy: 0.9542 (3.72 sec.)
2025-03-12 07:55:20 - INFO - Training model: bottom_left-original
2025-03-12 07:55:24 - INFO - Model bottom_left-original completed in 3.75 seconds.
2025-03-12 07:55:24 - INFO - >>> Model bottom_left-original trained. Accuracy: 0.9524 (3.75 sec.)
2025-03-12 07:55:24 - INFO - Training model: original-top_right
2025-03-12 07:55:28 - INFO - Model original-top_right completed in 3.87 seconds.
2025-03-12 07:55:28 - INFO - >>> Model original-top_right trained. Accuracy: 0.9549 (3.87 sec.)
2025-03-12 07:55:28 - INFO - Training model: original-bottom_right
2025-03-12 07:55:32 - INFO - Model original-bottom_right completed in 3.93 seconds.
2025-03-12 07:55:32 - INFO - >>> Model original-bottom_right trained. Accuracy: 0.9534 (3.93 sec.)
2025-03-12 07:55:32 - INFO - Training model: tda-original-top_left
2025-03-12 07:55:38 - INFO - Model tda-original-top_left completed in 6.16 seconds.
2025-03-12 07:55:38 - INFO - >>> Model tda-original-top_left trained. Accuracy: 0.9761 (6.16 sec.)
2025-03-12 07:55:38 - INFO - Training model: tda-bottom_left-original
2025-03-12 07:55:44 - INFO - Model tda-bottom_left-original completed in 6.11 seconds.
2025-03-12 07:55:44 - INFO - >>> Model tda-bottom_left-original trained. Accuracy: 0.9744 (6.11 sec.)
2025-03-12 07:55:44 - INFO - Training model: tda-original-top_right
2025-03-12 07:55:50 - INFO - Model tda-original-top_right completed in 6.16 seconds.
2025-03-12 07:55:50 - INFO - >>> Model tda-original-top_right trained. Accuracy: 0.9759 (6.16 sec.)
2025-03-12 07:55:50 - INFO - Training model: tda-original-bottom_right
2025-03-12 07:55:56 - INFO - Model tda-original-bottom_right completed in 6.26 seconds.
2025-03-12 07:55:56 - INFO - >>> Model tda-original-bottom_right trained. Accuracy: 0.9764 (6.26 sec.)
2025-03-12 07:55:56 - INFO - Training model: top_left-bottom_left-original
2025-03-12 07:56:01 - INFO - Model top_left-bottom_left-original completed in 5.20 seconds.
2025-03-12 07:56:01 - INFO - >>> Model top_left-bottom_left-original trained. Accuracy: 0.9563 (5.20 sec.)
2025-03-12 07:56:01 - INFO - Training model: top_left-original-top_right
2025-03-12 07:56:07 - INFO - Model top_left-original-top_right completed in 5.26 seconds.
2025-03-12 07:56:07 - INFO - >>> Model top_left-original-top_right trained. Accuracy: 0.9564 (5.26 sec.)
2025-03-12 07:56:07 - INFO - Training model: top_left-original-bottom_right
2025-03-12 07:56:12 - INFO - Model top_left-original-bottom_right completed in 5.28 seconds.
2025-03-12 07:56:12 - INFO - >>> Model top_left-original-bottom_right trained. Accuracy: 0.9570 (5.28 sec.)
2025-03-12 07:56:12 - INFO - Training model: bottom_left-original-top_right
2025-03-12 07:56:17 - INFO - Model bottom_left-original-top_right completed in 5.34 seconds.
2025-03-12 07:56:17 - INFO - >>> Model bottom_left-original-top_right trained. Accuracy: 0.9564 (5.34 sec.)
2025-03-12 07:56:17 - INFO - Training model: bottom_left-original-bottom_right
2025-03-12 07:56:23 - INFO - Model bottom_left-original-bottom_right completed in 5.47 seconds.
2025-03-12 07:56:23 - INFO - >>> Model bottom_left-original-bottom_right trained. Accuracy: 0.9551 (5.47 sec.)
2025-03-12 07:56:23 - INFO - Training model: bottom_right-original-top_right
2025-03-12 07:56:28 - INFO - Model bottom_right-original-top_right completed in 5.45 seconds.
2025-03-12 07:56:28 - INFO - >>> Model bottom_right-original-top_right trained. Accuracy: 0.9568 (5.45 sec.)
2025-03-12 07:56:28 - INFO - Training model: tda-bottom_left-original-top_left
2025-03-12 07:56:36 - INFO - Model tda-bottom_left-original-top_left completed in 7.51 seconds.
2025-03-12 07:56:36 - INFO - >>> Model tda-bottom_left-original-top_left trained. Accuracy: 0.9753 (7.51 sec.)
2025-03-12 07:56:36 - INFO - Training model: tda-original-top_right-top_left
2025-03-12 07:56:43 - INFO - Model tda-original-top_right-top_left completed in 7.55 seconds.
2025-03-12 07:56:43 - INFO - >>> Model tda-original-top_right-top_left trained. Accuracy: 0.9764 (7.55 sec.)
2025-03-12 07:56:43 - INFO - Training model: tda-bottom_right-original-top_left
2025-03-12 07:56:51 - INFO - Model tda-bottom_right-original-top_left completed in 7.54 seconds.
2025-03-12 07:56:51 - INFO - >>> Model tda-bottom_right-original-top_left trained. Accuracy: 0.9764 (7.54 sec.)
2025-03-12 07:56:51 - INFO - Training model: tda-bottom_left-original-top_right
2025-03-12 07:56:59 - INFO - Model tda-bottom_left-original-top_right completed in 7.79 seconds.
2025-03-12 07:56:59 - INFO - >>> Model tda-bottom_left-original-top_right trained. Accuracy: 0.9766 (7.79 sec.)
2025-03-12 07:56:59 - INFO - Training model: tda-bottom_left-original-bottom_right
2025-03-12 07:57:06 - INFO - Model tda-bottom_left-original-bottom_right completed in 7.75 seconds.
2025-03-12 07:57:06 - INFO - >>> Model tda-bottom_left-original-bottom_right trained. Accuracy: 0.9760 (7.75 sec.)
2025-03-12 07:57:06 - INFO - Training model: tda-bottom_right-original-top_right
2025-03-12 07:57:14 - INFO - Model tda-bottom_right-original-top_right completed in 7.74 seconds.
2025-03-12 07:57:14 - INFO - >>> Model tda-bottom_right-original-top_right trained. Accuracy: 0.9774 (7.74 sec.)
2025-03-12 07:57:14 - INFO - Training model: top_left-bottom_left-original-top_right
2025-03-12 07:57:21 - INFO - Model top_left-bottom_left-original-top_right completed in 6.86 seconds.
2025-03-12 07:57:21 - INFO - >>> Model top_left-bottom_left-original-top_right trained. Accuracy: 0.9596 (6.86 sec.)
2025-03-12 07:57:21 - INFO - Training model: top_left-bottom_left-original-bottom_right
2025-03-12 07:57:28 - INFO - Model top_left-bottom_left-original-bottom_right completed in 6.81 seconds.
2025-03-12 07:57:28 - INFO - >>> Model top_left-bottom_left-original-bottom_right trained. Accuracy: 0.9594 (6.81 sec.)
2025-03-12 07:57:28 - INFO - Training model: top_left-bottom_right-original-top_right
2025-03-12 07:57:35 - INFO - Model top_left-bottom_right-original-top_right completed in 6.92 seconds.
2025-03-12 07:57:35 - INFO - >>> Model top_left-bottom_right-original-top_right trained. Accuracy: 0.9611 (6.92 sec.)
2025-03-12 07:57:35 - INFO - Training model: bottom_right-bottom_left-original-top_right
2025-03-12 07:57:41 - INFO - Model bottom_right-bottom_left-original-top_right completed in 6.76 seconds.
2025-03-12 07:57:41 - INFO - >>> Model bottom_right-bottom_left-original-top_right trained. Accuracy: 0.9598 (6.76 sec.)
2025-03-12 07:57:41 - INFO - Training model: tda-top_left-original-bottom_left-top_right
2025-03-12 07:57:51 - INFO - Model tda-top_left-original-bottom_left-top_right completed in 9.19 seconds.
2025-03-12 07:57:51 - INFO - >>> Model tda-top_left-original-bottom_left-top_right trained. Accuracy: 0.9772 (9.19 sec.)
2025-03-12 07:57:51 - INFO - Training model: tda-top_left-original-bottom_left-bottom_right
2025-03-12 07:58:00 - INFO - Model tda-top_left-original-bottom_left-bottom_right completed in 9.13 seconds.
2025-03-12 07:58:00 - INFO - >>> Model tda-top_left-original-bottom_left-bottom_right trained. Accuracy: 0.9771 (9.13 sec.)
2025-03-12 07:58:00 - INFO - Training model: tda-top_left-original-top_right-bottom_right
2025-03-12 07:58:09 - INFO - Model tda-top_left-original-top_right-bottom_right completed in 9.44 seconds.
2025-03-12 07:58:09 - INFO - >>> Model tda-top_left-original-top_right-bottom_right trained. Accuracy: 0.9776 (9.44 sec.)
2025-03-12 07:58:09 - INFO - Training model: tda-original-bottom_left-top_right-bottom_right
2025-03-12 07:58:18 - INFO - Model tda-original-bottom_left-top_right-bottom_right completed in 9.25 seconds.
2025-03-12 07:58:18 - INFO - >>> Model tda-original-bottom_left-top_right-bottom_right trained. Accuracy: 0.9766 (9.25 sec.)
2025-03-12 07:58:18 - INFO - Training model: top_left-original-bottom_left-top_right-bottom_right
2025-03-12 07:58:27 - INFO - Model top_left-original-bottom_left-top_right-bottom_right completed in 8.39 seconds.
2025-03-12 07:58:27 - INFO - >>> Model top_left-original-bottom_left-top_right-bottom_right trained. Accuracy: 0.9635 (8.39 sec.)
2025-03-12 07:58:27 - INFO - Training model: tda-top_left-original-bottom_left-bottom_right-top_right
2025-03-12 07:58:37 - INFO - Model tda-top_left-original-bottom_left-bottom_right-top_right completed in 10.52 seconds.
2025-03-12 07:58:37 - INFO - >>> Model tda-top_left-original-bottom_left-bottom_right-top_right trained. Accuracy: 0.9771 (10.52 sec.)
2025-03-12 07:58:37 - INFO - All models trained successfully.
2025-03-12 07:58:37 - INFO - ========== [Model Training Completed] in 3.44 minutes ==========
2025-03-12 07:58:37 - INFO - ========== [Experiment Training Complete] ==========
2025-03-12 07:58:37 - INFO - ========== [Finished reading and processing chunks] ==========
2025-03-12 07:58:37 - INFO - Saving results...
2025-03-12 07:58:38 - INFO - Results saved to /home/jovyan/Workspace/workspace_mnist/results/exp_icecream/experiment_trainsize_predictions_2025-03-12_07-58-37.json
2025-03-12 07:58:38 - INFO - Results successfully saved to /home/jovyan/Workspace/workspace_mnist/results/exp_icecream/experiment_trainsize_predictions_2025-03-12_07-58-37.json
2025-03-12 07:58:38 - INFO - Garbage collection executed.
2025-03-12 07:58:38 - INFO - ========== [Experiment Completed] in 9.91 minutes ==========
