2025-03-12 10:36:37 - INFO - Logging initialized.
 Writing to /home/jovyan/Workspace/workspace_mnist/logs/exp_icecream/experiment_logs_2025-03-12_10-36-37.log
2025-03-12 10:36:37 - INFO - ========== [Experiment Start] ==========
2025-03-12 10:36:37 - INFO - Views combinations succesfully generated.
2025-03-12 10:36:37 - INFO - Topological Data Analysis pipeline generated.
2025-03-12 10:36:37 - INFO - Generating folder to save results.
2025-03-12 10:36:37 - INFO - Reading dataset in chunks from mnist_784.csv (chunk size: 70000)
2025-03-12 10:36:38 - INFO - Starting multiview data preparation for a chunk of size (70000, 784)...
2025-03-12 10:36:38 - INFO - Running using 8 jobs.
2025-03-12 10:36:38 - INFO - Splitting data: 10.0% train / 20.0% test (random_state=561967060)
2025-03-12 10:36:38 - INFO - Data split complete. Train size: (5600, 784), Test size: (14000, 784)
2025-03-12 10:36:38 - INFO - Reshaping train and test data into square images...
2025-03-12 10:36:38 - INFO - Reshaping complete. Train images: (5600, 28, 28), Test images: (14000, 28, 28)
2025-03-12 10:36:38 - INFO - Splitting images into quadrant views...
2025-03-12 10:36:38 - INFO - Quadrant view splitting complete. Train views: 4, Test views: 4
2025-03-12 10:36:38 - INFO - >> Starting TDA pipeline transformation on train data...
2025-03-12 10:38:10 - INFO - >> TDA transformation for train data completed (1.53 minutes).
2025-03-12 10:38:10 - INFO - >> Applying TDA pipeline transformation on test data...
2025-03-12 10:41:59 - INFO - >> TDA transformation for test data completed (3.82 minutes).
2025-03-12 10:41:59 - INFO - ========== [Model Training Start] ==========
2025-03-12 10:41:59 - INFO - Training model: original
2025-03-12 10:42:00 - INFO - Model original completed in 0.28 seconds.
2025-03-12 10:42:00 - INFO - >>> Model original trained. Accuracy: 0.9410 (0.28 sec.)
2025-03-12 10:42:00 - INFO - Training model: tda-original
2025-03-12 10:42:03 - INFO - Model tda-original completed in 3.23 seconds.
2025-03-12 10:42:03 - INFO - >>> Model tda-original trained. Accuracy: 0.9711 (3.23 sec.)
2025-03-12 10:42:03 - INFO - Training model: top_left-original
2025-03-12 10:42:06 - INFO - Model top_left-original completed in 2.86 seconds.
2025-03-12 10:42:06 - INFO - >>> Model top_left-original trained. Accuracy: 0.9466 (2.86 sec.)
2025-03-12 10:42:06 - INFO - Training model: bottom_left-original
2025-03-12 10:42:08 - INFO - Model bottom_left-original completed in 2.84 seconds.
2025-03-12 10:42:08 - INFO - >>> Model bottom_left-original trained. Accuracy: 0.9436 (2.84 sec.)
2025-03-12 10:42:08 - INFO - Training model: original-top_right
2025-03-12 10:42:11 - INFO - Model original-top_right completed in 2.89 seconds.
2025-03-12 10:42:11 - INFO - >>> Model original-top_right trained. Accuracy: 0.9471 (2.89 sec.)
2025-03-12 10:42:11 - INFO - Training model: original-bottom_right
2025-03-12 10:42:14 - INFO - Model original-bottom_right completed in 2.89 seconds.
2025-03-12 10:42:14 - INFO - >>> Model original-bottom_right trained. Accuracy: 0.9446 (2.89 sec.)
2025-03-12 10:42:14 - INFO - Training model: tda-original-top_left
2025-03-12 10:42:19 - INFO - Model tda-original-top_left completed in 4.37 seconds.
2025-03-12 10:42:19 - INFO - >>> Model tda-original-top_left trained. Accuracy: 0.9706 (4.37 sec.)
2025-03-12 10:42:19 - INFO - Training model: tda-bottom_left-original
2025-03-12 10:42:23 - INFO - Model tda-bottom_left-original completed in 4.48 seconds.
2025-03-12 10:42:23 - INFO - >>> Model tda-bottom_left-original trained. Accuracy: 0.9711 (4.48 sec.)
2025-03-12 10:42:23 - INFO - Training model: tda-original-top_right
2025-03-12 10:42:27 - INFO - Model tda-original-top_right completed in 4.36 seconds.
2025-03-12 10:42:27 - INFO - >>> Model tda-original-top_right trained. Accuracy: 0.9721 (4.36 sec.)
2025-03-12 10:42:27 - INFO - Training model: tda-original-bottom_right
2025-03-12 10:42:32 - INFO - Model tda-original-bottom_right completed in 4.53 seconds.
2025-03-12 10:42:32 - INFO - >>> Model tda-original-bottom_right trained. Accuracy: 0.9720 (4.53 sec.)
2025-03-12 10:42:32 - INFO - Training model: top_left-bottom_left-original
2025-03-12 10:42:36 - INFO - Model top_left-bottom_left-original completed in 4.08 seconds.
2025-03-12 10:42:36 - INFO - >>> Model top_left-bottom_left-original trained. Accuracy: 0.9484 (4.08 sec.)
2025-03-12 10:42:36 - INFO - Training model: top_left-original-top_right
2025-03-12 10:42:40 - INFO - Model top_left-original-top_right completed in 4.11 seconds.
2025-03-12 10:42:40 - INFO - >>> Model top_left-original-top_right trained. Accuracy: 0.9492 (4.11 sec.)
2025-03-12 10:42:40 - INFO - Training model: top_left-original-bottom_right
2025-03-12 10:42:44 - INFO - Model top_left-original-bottom_right completed in 4.13 seconds.
2025-03-12 10:42:44 - INFO - >>> Model top_left-original-bottom_right trained. Accuracy: 0.9485 (4.13 sec.)
2025-03-12 10:42:44 - INFO - Training model: bottom_left-original-top_right
2025-03-12 10:42:48 - INFO - Model bottom_left-original-top_right completed in 4.13 seconds.
2025-03-12 10:42:48 - INFO - >>> Model bottom_left-original-top_right trained. Accuracy: 0.9501 (4.13 sec.)
2025-03-12 10:42:48 - INFO - Training model: bottom_left-original-bottom_right
2025-03-12 10:42:53 - INFO - Model bottom_left-original-bottom_right completed in 4.22 seconds.
2025-03-12 10:42:53 - INFO - >>> Model bottom_left-original-bottom_right trained. Accuracy: 0.9462 (4.22 sec.)
2025-03-12 10:42:53 - INFO - Training model: bottom_right-original-top_right
2025-03-12 10:42:57 - INFO - Model bottom_right-original-top_right completed in 4.14 seconds.
2025-03-12 10:42:57 - INFO - >>> Model bottom_right-original-top_right trained. Accuracy: 0.9489 (4.14 sec.)
2025-03-12 10:42:57 - INFO - Training model: tda-bottom_left-original-top_left
2025-03-12 10:43:02 - INFO - Model tda-bottom_left-original-top_left completed in 5.63 seconds.
2025-03-12 10:43:02 - INFO - >>> Model tda-bottom_left-original-top_left trained. Accuracy: 0.9710 (5.63 sec.)
2025-03-12 10:43:02 - INFO - Training model: tda-original-top_right-top_left
2025-03-12 10:43:08 - INFO - Model tda-original-top_right-top_left completed in 5.72 seconds.
2025-03-12 10:43:08 - INFO - >>> Model tda-original-top_right-top_left trained. Accuracy: 0.9733 (5.72 sec.)
2025-03-12 10:43:08 - INFO - Training model: tda-bottom_right-original-top_left
2025-03-12 10:43:14 - INFO - Model tda-bottom_right-original-top_left completed in 5.70 seconds.
2025-03-12 10:43:14 - INFO - >>> Model tda-bottom_right-original-top_left trained. Accuracy: 0.9733 (5.70 sec.)
2025-03-12 10:43:14 - INFO - Training model: tda-bottom_left-original-top_right
2025-03-12 10:43:20 - INFO - Model tda-bottom_left-original-top_right completed in 5.67 seconds.
2025-03-12 10:43:20 - INFO - >>> Model tda-bottom_left-original-top_right trained. Accuracy: 0.9735 (5.67 sec.)
2025-03-12 10:43:20 - INFO - Training model: tda-bottom_left-original-bottom_right
2025-03-12 10:43:25 - INFO - Model tda-bottom_left-original-bottom_right completed in 5.65 seconds.
2025-03-12 10:43:25 - INFO - >>> Model tda-bottom_left-original-bottom_right trained. Accuracy: 0.9721 (5.65 sec.)
2025-03-12 10:43:25 - INFO - Training model: tda-bottom_right-original-top_right
2025-03-12 10:43:31 - INFO - Model tda-bottom_right-original-top_right completed in 5.82 seconds.
2025-03-12 10:43:31 - INFO - >>> Model tda-bottom_right-original-top_right trained. Accuracy: 0.9741 (5.82 sec.)
2025-03-12 10:43:31 - INFO - Training model: top_left-bottom_left-original-top_right
2025-03-12 10:43:36 - INFO - Model top_left-bottom_left-original-top_right completed in 5.46 seconds.
2025-03-12 10:43:36 - INFO - >>> Model top_left-bottom_left-original-top_right trained. Accuracy: 0.9536 (5.46 sec.)
2025-03-12 10:43:36 - INFO - Training model: top_left-bottom_left-original-bottom_right
2025-03-12 10:43:42 - INFO - Model top_left-bottom_left-original-bottom_right completed in 5.34 seconds.
2025-03-12 10:43:42 - INFO - >>> Model top_left-bottom_left-original-bottom_right trained. Accuracy: 0.9508 (5.34 sec.)
2025-03-12 10:43:42 - INFO - Training model: top_left-bottom_right-original-top_right
2025-03-12 10:43:47 - INFO - Model top_left-bottom_right-original-top_right completed in 5.38 seconds.
2025-03-12 10:43:47 - INFO - >>> Model top_left-bottom_right-original-top_right trained. Accuracy: 0.9530 (5.38 sec.)
2025-03-12 10:43:47 - INFO - Training model: bottom_right-bottom_left-original-top_right
2025-03-12 10:43:52 - INFO - Model bottom_right-bottom_left-original-top_right completed in 5.27 seconds.
2025-03-12 10:43:52 - INFO - >>> Model bottom_right-bottom_left-original-top_right trained. Accuracy: 0.9525 (5.27 sec.)
2025-03-12 10:43:52 - INFO - Training model: tda-top_left-original-bottom_left-top_right
2025-03-12 10:43:59 - INFO - Model tda-top_left-original-bottom_left-top_right completed in 6.91 seconds.
2025-03-12 10:43:59 - INFO - >>> Model tda-top_left-original-bottom_left-top_right trained. Accuracy: 0.9737 (6.91 sec.)
2025-03-12 10:43:59 - INFO - Training model: tda-top_left-original-bottom_left-bottom_right
2025-03-12 10:44:06 - INFO - Model tda-top_left-original-bottom_left-bottom_right completed in 6.84 seconds.
2025-03-12 10:44:06 - INFO - >>> Model tda-top_left-original-bottom_left-bottom_right trained. Accuracy: 0.9733 (6.84 sec.)
2025-03-12 10:44:06 - INFO - Training model: tda-top_left-original-top_right-bottom_right
2025-03-12 10:44:13 - INFO - Model tda-top_left-original-top_right-bottom_right completed in 6.81 seconds.
2025-03-12 10:44:13 - INFO - >>> Model tda-top_left-original-top_right-bottom_right trained. Accuracy: 0.9749 (6.81 sec.)
2025-03-12 10:44:13 - INFO - Training model: tda-original-bottom_left-top_right-bottom_right
2025-03-12 10:44:20 - INFO - Model tda-original-bottom_left-top_right-bottom_right completed in 6.91 seconds.
2025-03-12 10:44:20 - INFO - >>> Model tda-original-bottom_left-top_right-bottom_right trained. Accuracy: 0.9742 (6.91 sec.)
2025-03-12 10:44:20 - INFO - Training model: top_left-original-bottom_left-top_right-bottom_right
2025-03-12 10:44:27 - INFO - Model top_left-original-bottom_left-top_right-bottom_right completed in 6.57 seconds.
2025-03-12 10:44:27 - INFO - >>> Model top_left-original-bottom_left-top_right-bottom_right trained. Accuracy: 0.9557 (6.57 sec.)
2025-03-12 10:44:27 - INFO - Training model: tda-top_left-original-bottom_left-bottom_right-top_right
2025-03-12 10:44:35 - INFO - Model tda-top_left-original-bottom_left-bottom_right-top_right completed in 8.04 seconds.
2025-03-12 10:44:35 - INFO - >>> Model tda-top_left-original-bottom_left-bottom_right-top_right trained. Accuracy: 0.9744 (8.04 sec.)
2025-03-12 10:44:35 - INFO - All models trained successfully.
2025-03-12 10:44:35 - INFO - ========== [Model Training Completed] in 2.59 minutes ==========
2025-03-12 10:44:35 - INFO - ========== [Experiment Training Complete] ==========
2025-03-12 10:44:35 - INFO - ========== [Finished reading and processing chunks] ==========
2025-03-12 10:44:35 - INFO - Saving results...
2025-03-12 10:44:35 - INFO - Results saved to /home/jovyan/Workspace/workspace_mnist/results/exp_icecream/experiment_trainsize_predictions_2025-03-12_10-44-35.json
2025-03-12 10:44:35 - INFO - Results successfully saved to /home/jovyan/Workspace/workspace_mnist/results/exp_icecream/experiment_trainsize_predictions_2025-03-12_10-44-35.json
2025-03-12 10:44:35 - INFO - Garbage collection executed.
2025-03-12 10:44:35 - INFO - ========== [Experiment Completed] in 7.96 minutes ==========
