2025-03-12 10:54:22 - INFO - Logging initialized.
 Writing to /home/jovyan/Workspace/workspace_mnist/logs/exp_icecream/experiment_logs_2025-03-12_10-54-22.log
2025-03-12 10:54:22 - INFO - ========== [Experiment Start] ==========
2025-03-12 10:54:22 - INFO - Views combinations succesfully generated.
2025-03-12 10:54:22 - INFO - Topological Data Analysis pipeline generated.
2025-03-12 10:54:22 - INFO - Generating folder to save results.
2025-03-12 10:54:22 - INFO - Reading dataset in chunks from mnist_784.csv (chunk size: 70000)
2025-03-12 10:54:22 - INFO - Starting multiview data preparation for a chunk of size (70000, 784)...
2025-03-12 10:54:22 - INFO - Running using 8 jobs.
2025-03-12 10:54:22 - INFO - Splitting data: 25.6% train / 20.0% test (random_state=561967060)
2025-03-12 10:54:22 - INFO - Data split complete. Train size: (14311, 784), Test size: (14000, 784)
2025-03-12 10:54:23 - INFO - Reshaping train and test data into square images...
2025-03-12 10:54:23 - INFO - Reshaping complete. Train images: (14311, 28, 28), Test images: (14000, 28, 28)
2025-03-12 10:54:23 - INFO - Splitting images into quadrant views...
2025-03-12 10:54:23 - INFO - Quadrant view splitting complete. Train views: 4, Test views: 4
2025-03-12 10:54:23 - INFO - >> Starting TDA pipeline transformation on train data...
2025-03-12 10:58:09 - INFO - >> TDA transformation for train data completed (3.78 minutes).
2025-03-12 10:58:09 - INFO - >> Applying TDA pipeline transformation on test data...
2025-03-12 11:01:52 - INFO - >> TDA transformation for test data completed (3.71 minutes).
2025-03-12 11:01:52 - INFO - ========== [Model Training Start] ==========
2025-03-12 11:01:52 - INFO - Training model: original
2025-03-12 11:01:52 - INFO - Model original completed in 0.58 seconds.
2025-03-12 11:01:52 - INFO - >>> Model original trained. Accuracy: 0.9556 (0.58 sec.)
2025-03-12 11:01:52 - INFO - Training model: tda-original
2025-03-12 11:01:58 - INFO - Model tda-original completed in 6.10 seconds.
2025-03-12 11:01:58 - INFO - >>> Model tda-original trained. Accuracy: 0.9767 (6.10 sec.)
2025-03-12 11:01:58 - INFO - Training model: top_left-original
2025-03-12 11:02:03 - INFO - Model top_left-original completed in 4.72 seconds.
2025-03-12 11:02:03 - INFO - >>> Model top_left-original trained. Accuracy: 0.9601 (4.72 sec.)
2025-03-12 11:02:03 - INFO - Training model: bottom_left-original
2025-03-12 11:02:08 - INFO - Model bottom_left-original completed in 4.85 seconds.
2025-03-12 11:02:08 - INFO - >>> Model bottom_left-original trained. Accuracy: 0.9582 (4.85 sec.)
2025-03-12 11:02:08 - INFO - Training model: original-top_right
2025-03-12 11:02:13 - INFO - Model original-top_right completed in 4.90 seconds.
2025-03-12 11:02:13 - INFO - >>> Model original-top_right trained. Accuracy: 0.9599 (4.90 sec.)
2025-03-12 11:02:13 - INFO - Training model: original-bottom_right
2025-03-12 11:02:18 - INFO - Model original-bottom_right completed in 4.95 seconds.
2025-03-12 11:02:18 - INFO - >>> Model original-bottom_right trained. Accuracy: 0.9603 (4.95 sec.)
2025-03-12 11:02:18 - INFO - Training model: tda-original-top_left
2025-03-12 11:02:26 - INFO - Model tda-original-top_left completed in 7.94 seconds.
2025-03-12 11:02:26 - INFO - >>> Model tda-original-top_left trained. Accuracy: 0.9762 (7.94 sec.)
2025-03-12 11:02:26 - INFO - Training model: tda-bottom_left-original
2025-03-12 11:02:34 - INFO - Model tda-bottom_left-original completed in 7.98 seconds.
2025-03-12 11:02:34 - INFO - >>> Model tda-bottom_left-original trained. Accuracy: 0.9774 (7.98 sec.)
2025-03-12 11:02:34 - INFO - Training model: tda-original-top_right
2025-03-12 11:02:42 - INFO - Model tda-original-top_right completed in 8.09 seconds.
2025-03-12 11:02:42 - INFO - >>> Model tda-original-top_right trained. Accuracy: 0.9769 (8.09 sec.)
2025-03-12 11:02:42 - INFO - Training model: tda-original-bottom_right
2025-03-12 11:02:50 - INFO - Model tda-original-bottom_right completed in 8.10 seconds.
2025-03-12 11:02:50 - INFO - >>> Model tda-original-bottom_right trained. Accuracy: 0.9776 (8.10 sec.)
2025-03-12 11:02:50 - INFO - Training model: top_left-bottom_left-original
2025-03-12 11:02:56 - INFO - Model top_left-bottom_left-original completed in 6.44 seconds.
2025-03-12 11:02:56 - INFO - >>> Model top_left-bottom_left-original trained. Accuracy: 0.9614 (6.44 sec.)
2025-03-12 11:02:56 - INFO - Training model: top_left-original-top_right
2025-03-12 11:03:03 - INFO - Model top_left-original-top_right completed in 6.62 seconds.
2025-03-12 11:03:03 - INFO - >>> Model top_left-original-top_right trained. Accuracy: 0.9620 (6.62 sec.)
2025-03-12 11:03:03 - INFO - Training model: top_left-original-bottom_right
2025-03-12 11:03:10 - INFO - Model top_left-original-bottom_right completed in 6.65 seconds.
2025-03-12 11:03:10 - INFO - >>> Model top_left-original-bottom_right trained. Accuracy: 0.9618 (6.65 sec.)
2025-03-12 11:03:10 - INFO - Training model: bottom_left-original-top_right
2025-03-12 11:03:16 - INFO - Model bottom_left-original-top_right completed in 6.80 seconds.
2025-03-12 11:03:16 - INFO - >>> Model bottom_left-original-top_right trained. Accuracy: 0.9621 (6.80 sec.)
2025-03-12 11:03:16 - INFO - Training model: bottom_left-original-bottom_right
2025-03-12 11:03:23 - INFO - Model bottom_left-original-bottom_right completed in 6.75 seconds.
2025-03-12 11:03:23 - INFO - >>> Model bottom_left-original-bottom_right trained. Accuracy: 0.9620 (6.75 sec.)
2025-03-12 11:03:23 - INFO - Training model: bottom_right-original-top_right
2025-03-12 11:03:30 - INFO - Model bottom_right-original-top_right completed in 6.80 seconds.
2025-03-12 11:03:30 - INFO - >>> Model bottom_right-original-top_right trained. Accuracy: 0.9615 (6.80 sec.)
2025-03-12 11:03:30 - INFO - Training model: tda-bottom_left-original-top_left
2025-03-12 11:03:40 - INFO - Model tda-bottom_left-original-top_left completed in 9.61 seconds.
2025-03-12 11:03:40 - INFO - >>> Model tda-bottom_left-original-top_left trained. Accuracy: 0.9776 (9.61 sec.)
2025-03-12 11:03:40 - INFO - Training model: tda-original-top_right-top_left
2025-03-12 11:03:49 - INFO - Model tda-original-top_right-top_left completed in 9.79 seconds.
2025-03-12 11:03:49 - INFO - >>> Model tda-original-top_right-top_left trained. Accuracy: 0.9768 (9.79 sec.)
2025-03-12 11:03:49 - INFO - Training model: tda-bottom_right-original-top_left
2025-03-12 11:03:59 - INFO - Model tda-bottom_right-original-top_left completed in 9.88 seconds.
2025-03-12 11:03:59 - INFO - >>> Model tda-bottom_right-original-top_left trained. Accuracy: 0.9779 (9.88 sec.)
2025-03-12 11:03:59 - INFO - Training model: tda-bottom_left-original-top_right
2025-03-12 11:04:09 - INFO - Model tda-bottom_left-original-top_right completed in 10.02 seconds.
2025-03-12 11:04:09 - INFO - >>> Model tda-bottom_left-original-top_right trained. Accuracy: 0.9776 (10.02 sec.)
2025-03-12 11:04:09 - INFO - Training model: tda-bottom_left-original-bottom_right
2025-03-12 11:04:19 - INFO - Model tda-bottom_left-original-bottom_right completed in 9.88 seconds.
2025-03-12 11:04:19 - INFO - >>> Model tda-bottom_left-original-bottom_right trained. Accuracy: 0.9781 (9.88 sec.)
2025-03-12 11:04:19 - INFO - Training model: tda-bottom_right-original-top_right
2025-03-12 11:04:29 - INFO - Model tda-bottom_right-original-top_right completed in 9.98 seconds.
2025-03-12 11:04:29 - INFO - >>> Model tda-bottom_right-original-top_right trained. Accuracy: 0.9788 (9.98 sec.)
2025-03-12 11:04:29 - INFO - Training model: top_left-bottom_left-original-top_right
2025-03-12 11:04:38 - INFO - Model top_left-bottom_left-original-top_right completed in 8.37 seconds.
2025-03-12 11:04:38 - INFO - >>> Model top_left-bottom_left-original-top_right trained. Accuracy: 0.9646 (8.37 sec.)
2025-03-12 11:04:38 - INFO - Training model: top_left-bottom_left-original-bottom_right
2025-03-12 11:04:46 - INFO - Model top_left-bottom_left-original-bottom_right completed in 8.45 seconds.
2025-03-12 11:04:46 - INFO - >>> Model top_left-bottom_left-original-bottom_right trained. Accuracy: 0.9627 (8.45 sec.)
2025-03-12 11:04:46 - INFO - Training model: top_left-bottom_right-original-top_right
2025-03-12 11:04:54 - INFO - Model top_left-bottom_right-original-top_right completed in 8.49 seconds.
2025-03-12 11:04:54 - INFO - >>> Model top_left-bottom_right-original-top_right trained. Accuracy: 0.9647 (8.49 sec.)
2025-03-12 11:04:54 - INFO - Training model: bottom_right-bottom_left-original-top_right
2025-03-12 11:05:03 - INFO - Model bottom_right-bottom_left-original-top_right completed in 8.77 seconds.
2025-03-12 11:05:03 - INFO - >>> Model bottom_right-bottom_left-original-top_right trained. Accuracy: 0.9641 (8.77 sec.)
2025-03-12 11:05:03 - INFO - Training model: tda-top_left-original-bottom_left-top_right
2025-03-12 11:05:15 - INFO - Model tda-top_left-original-bottom_left-top_right completed in 11.54 seconds.
2025-03-12 11:05:15 - INFO - >>> Model tda-top_left-original-bottom_left-top_right trained. Accuracy: 0.9784 (11.54 sec.)
2025-03-12 11:05:15 - INFO - Training model: tda-top_left-original-bottom_left-bottom_right
2025-03-12 11:05:26 - INFO - Model tda-top_left-original-bottom_left-bottom_right completed in 11.59 seconds.
2025-03-12 11:05:26 - INFO - >>> Model tda-top_left-original-bottom_left-bottom_right trained. Accuracy: 0.9790 (11.59 sec.)
2025-03-12 11:05:26 - INFO - Training model: tda-top_left-original-top_right-bottom_right
2025-03-12 11:05:38 - INFO - Model tda-top_left-original-top_right-bottom_right completed in 11.66 seconds.
2025-03-12 11:05:38 - INFO - >>> Model tda-top_left-original-top_right-bottom_right trained. Accuracy: 0.9794 (11.66 sec.)
2025-03-12 11:05:38 - INFO - Training model: tda-original-bottom_left-top_right-bottom_right
2025-03-12 11:05:50 - INFO - Model tda-original-bottom_left-top_right-bottom_right completed in 11.84 seconds.
2025-03-12 11:05:50 - INFO - >>> Model tda-original-bottom_left-top_right-bottom_right trained. Accuracy: 0.9788 (11.84 sec.)
2025-03-12 11:05:50 - INFO - Training model: top_left-original-bottom_left-top_right-bottom_right
2025-03-12 11:06:00 - INFO - Model top_left-original-bottom_left-top_right-bottom_right completed in 10.37 seconds.
2025-03-12 11:06:00 - INFO - >>> Model top_left-original-bottom_left-top_right-bottom_right trained. Accuracy: 0.9669 (10.37 sec.)
2025-03-12 11:06:00 - INFO - Training model: tda-top_left-original-bottom_left-bottom_right-top_right
2025-03-12 11:06:14 - INFO - Model tda-top_left-original-bottom_left-bottom_right-top_right completed in 13.53 seconds.
2025-03-12 11:06:14 - INFO - >>> Model tda-top_left-original-bottom_left-bottom_right-top_right trained. Accuracy: 0.9799 (13.53 sec.)
2025-03-12 11:06:14 - INFO - All models trained successfully.
2025-03-12 11:06:14 - INFO - ========== [Model Training Completed] in 4.37 minutes ==========
2025-03-12 11:06:14 - INFO - ========== [Experiment Training Complete] ==========
2025-03-12 11:06:14 - INFO - ========== [Finished reading and processing chunks] ==========
2025-03-12 11:06:14 - INFO - Saving results...
2025-03-12 11:06:14 - INFO - Results saved to /home/jovyan/Workspace/workspace_mnist/results/exp_icecream/experiment_trainsize_predictions_2025-03-12_11-06-14.json
2025-03-12 11:06:14 - INFO - Results successfully saved to /home/jovyan/Workspace/workspace_mnist/results/exp_icecream/experiment_trainsize_predictions_2025-03-12_11-06-14.json
2025-03-12 11:06:14 - INFO - Garbage collection executed.
2025-03-12 11:06:14 - INFO - ========== [Experiment Completed] in 11.87 minutes ==========
