2025-04-09 04:05:19 - INFO - Logging initialized.
 Writing to /home/jovyan/Workspace/workspace_mnist/logs/exp_icecream/experiment_logs_2025-04-09_04-05-19.log
2025-04-09 04:05:19 - INFO - ========== [Experiment Start] ==========
2025-04-09 04:05:19 - INFO - Views combinations succesfully generated.
2025-04-09 04:05:19 - INFO - Topological Data Analysis pipeline generated.
2025-04-09 04:05:19 - INFO - Generating folder to save results.
2025-04-09 04:05:19 - INFO - Reading dataset in chunks from mnist_784.csv (chunk size: 70000)
2025-04-09 04:05:20 - INFO - Starting multiview data preparation for a chunk of size (70000, 784)...
2025-04-09 04:05:20 - INFO - Running using 24 jobs.
2025-04-09 04:05:20 - INFO - Contaminating dataset with circles using 2.
2025-04-09 04:05:20 - INFO - Splitting data: 64.4% train / 20.0% test (random_state=824368717)
2025-04-09 04:05:20 - INFO - Data split complete. Train size: (36088, 784), Test size: (14000, 784)
2025-04-09 04:05:20 - INFO - Reshaping train and test data into square images...
2025-04-09 04:05:20 - INFO - Reshaping complete. Train images: (36088, 28, 28), Test images: (14000, 28, 28)
2025-04-09 04:05:20 - INFO - Splitting images into quadrant views...
2025-04-09 04:05:20 - INFO - Quadrant view splitting complete. Train views: 4, Test views: 4
2025-04-09 04:05:20 - INFO - >> Starting TDA pipeline transformation on train data...
2025-04-09 04:10:40 - INFO - >> TDA transformation for train data completed (5.34 minutes).
2025-04-09 04:10:40 - INFO - >> Applying TDA pipeline transformation on test data...
2025-04-09 04:12:43 - INFO - >> TDA transformation for test data completed (2.04 minutes).
2025-04-09 04:12:43 - INFO - ========== [Model Training Start] ==========
2025-04-09 04:12:43 - INFO - Training model: original
2025-04-09 04:12:44 - INFO - Model original completed in 0.76 seconds.
2025-04-09 04:12:44 - INFO - >>> Model original trained. Accuracy: 0.9648 (0.76 sec.)
2025-04-09 04:12:44 - INFO - Training model: bottom_right-original
2025-04-09 04:12:51 - INFO - Model bottom_right-original completed in 7.02 seconds.
2025-04-09 04:12:51 - INFO - >>> Model bottom_right-original trained. Accuracy: 0.9694 (7.02 sec.)
2025-04-09 04:12:51 - INFO - Training model: original-top_left
2025-04-09 04:12:57 - INFO - Model original-top_left completed in 6.74 seconds.
2025-04-09 04:12:57 - INFO - >>> Model original-top_left trained. Accuracy: 0.9666 (6.74 sec.)
2025-04-09 04:12:57 - INFO - Training model: tda-original
2025-04-09 04:13:06 - INFO - Model tda-original completed in 8.43 seconds.
2025-04-09 04:13:06 - INFO - >>> Model tda-original trained. Accuracy: 0.9826 (8.43 sec.)
2025-04-09 04:13:06 - INFO - Training model: bottom_left-original
2025-04-09 04:13:13 - INFO - Model bottom_left-original completed in 6.87 seconds.
2025-04-09 04:13:13 - INFO - >>> Model bottom_left-original trained. Accuracy: 0.9685 (6.87 sec.)
2025-04-09 04:13:13 - INFO - Training model: top_right-original
2025-04-09 04:13:20 - INFO - Model top_right-original completed in 7.04 seconds.
2025-04-09 04:13:20 - INFO - >>> Model top_right-original trained. Accuracy: 0.9677 (7.04 sec.)
2025-04-09 04:13:20 - INFO - Training model: bottom_right-original-top_left
2025-04-09 04:13:29 - INFO - Model bottom_right-original-top_left completed in 9.27 seconds.
2025-04-09 04:13:29 - INFO - >>> Model bottom_right-original-top_left trained. Accuracy: 0.9704 (9.27 sec.)
2025-04-09 04:13:29 - INFO - Training model: bottom_right-original-tda
2025-04-09 04:13:40 - INFO - Model bottom_right-original-tda completed in 11.10 seconds.
2025-04-09 04:13:40 - INFO - >>> Model bottom_right-original-tda trained. Accuracy: 0.9831 (11.10 sec.)
2025-04-09 04:13:40 - INFO - Training model: bottom_left-bottom_right-original
2025-04-09 04:13:50 - INFO - Model bottom_left-bottom_right-original completed in 9.40 seconds.
2025-04-09 04:13:50 - INFO - >>> Model bottom_left-bottom_right-original trained. Accuracy: 0.9703 (9.40 sec.)
2025-04-09 04:13:50 - INFO - Training model: bottom_right-original-top_right
2025-04-09 04:13:59 - INFO - Model bottom_right-original-top_right completed in 9.46 seconds.
2025-04-09 04:13:59 - INFO - >>> Model bottom_right-original-top_right trained. Accuracy: 0.9709 (9.46 sec.)
2025-04-09 04:13:59 - INFO - Training model: tda-original-top_left
2025-04-09 04:14:10 - INFO - Model tda-original-top_left completed in 11.03 seconds.
2025-04-09 04:14:10 - INFO - >>> Model tda-original-top_left trained. Accuracy: 0.9829 (11.03 sec.)
2025-04-09 04:14:10 - INFO - Training model: bottom_left-original-top_left
2025-04-09 04:14:19 - INFO - Model bottom_left-original-top_left completed in 9.21 seconds.
2025-04-09 04:14:19 - INFO - >>> Model bottom_left-original-top_left trained. Accuracy: 0.9708 (9.21 sec.)
2025-04-09 04:14:19 - INFO - Training model: top_right-original-top_left
2025-04-09 04:14:29 - INFO - Model top_right-original-top_left completed in 9.36 seconds.
2025-04-09 04:14:29 - INFO - >>> Model top_right-original-top_left trained. Accuracy: 0.9690 (9.36 sec.)
2025-04-09 04:14:29 - INFO - Training model: bottom_left-tda-original
2025-04-09 04:14:39 - INFO - Model bottom_left-tda-original completed in 10.81 seconds.
2025-04-09 04:14:39 - INFO - >>> Model bottom_left-tda-original trained. Accuracy: 0.9829 (10.81 sec.)
2025-04-09 04:14:39 - INFO - Training model: tda-original-top_right
2025-04-09 04:14:50 - INFO - Model tda-original-top_right completed in 10.68 seconds.
2025-04-09 04:14:50 - INFO - >>> Model tda-original-top_right trained. Accuracy: 0.9830 (10.68 sec.)
2025-04-09 04:14:50 - INFO - Training model: bottom_left-top_right-original
2025-04-09 04:14:59 - INFO - Model bottom_left-top_right-original completed in 9.24 seconds.
2025-04-09 04:14:59 - INFO - >>> Model bottom_left-top_right-original trained. Accuracy: 0.9709 (9.24 sec.)
2025-04-09 04:14:59 - INFO - Training model: bottom_right-original-top_left-tda
2025-04-09 04:15:13 - INFO - Model bottom_right-original-top_left-tda completed in 13.52 seconds.
2025-04-09 04:15:13 - INFO - >>> Model bottom_right-original-top_left-tda trained. Accuracy: 0.9841 (13.52 sec.)
2025-04-09 04:15:13 - INFO - Training model: bottom_left-bottom_right-original-top_left
2025-04-09 04:15:25 - INFO - Model bottom_left-bottom_right-original-top_left completed in 11.93 seconds.
2025-04-09 04:15:25 - INFO - >>> Model bottom_left-bottom_right-original-top_left trained. Accuracy: 0.9728 (11.93 sec.)
2025-04-09 04:15:25 - INFO - Training model: top_right-bottom_right-original-top_left
2025-04-09 04:15:37 - INFO - Model top_right-bottom_right-original-top_left completed in 12.07 seconds.
2025-04-09 04:15:37 - INFO - >>> Model top_right-bottom_right-original-top_left trained. Accuracy: 0.9721 (12.07 sec.)
2025-04-09 04:15:37 - INFO - Training model: bottom_left-bottom_right-original-tda
2025-04-09 04:15:50 - INFO - Model bottom_left-bottom_right-original-tda completed in 13.57 seconds.
2025-04-09 04:15:50 - INFO - >>> Model bottom_left-bottom_right-original-tda trained. Accuracy: 0.9836 (13.57 sec.)
2025-04-09 04:15:50 - INFO - Training model: bottom_right-original-top_right-tda
2025-04-09 04:16:04 - INFO - Model bottom_right-original-top_right-tda completed in 13.73 seconds.
2025-04-09 04:16:04 - INFO - >>> Model bottom_right-original-top_right-tda trained. Accuracy: 0.9842 (13.73 sec.)
2025-04-09 04:16:04 - INFO - Training model: bottom_left-bottom_right-original-top_right
2025-04-09 04:16:16 - INFO - Model bottom_left-bottom_right-original-top_right completed in 11.86 seconds.
2025-04-09 04:16:16 - INFO - >>> Model bottom_left-bottom_right-original-top_right trained. Accuracy: 0.9734 (11.86 sec.)
2025-04-09 04:16:16 - INFO - Training model: bottom_left-tda-original-top_left
2025-04-09 04:16:29 - INFO - Model bottom_left-tda-original-top_left completed in 13.13 seconds.
2025-04-09 04:16:29 - INFO - >>> Model bottom_left-tda-original-top_left trained. Accuracy: 0.9834 (13.13 sec.)
2025-04-09 04:16:29 - INFO - Training model: top_right-tda-original-top_left
2025-04-09 04:16:43 - INFO - Model top_right-tda-original-top_left completed in 13.34 seconds.
2025-04-09 04:16:43 - INFO - >>> Model top_right-tda-original-top_left trained. Accuracy: 0.9826 (13.34 sec.)
2025-04-09 04:16:43 - INFO - Training model: bottom_left-top_right-original-top_left
2025-04-09 04:16:54 - INFO - Model bottom_left-top_right-original-top_left completed in 11.67 seconds.
2025-04-09 04:16:54 - INFO - >>> Model bottom_left-top_right-original-top_left trained. Accuracy: 0.9731 (11.67 sec.)
2025-04-09 04:16:54 - INFO - Training model: bottom_left-tda-original-top_right
2025-04-09 04:17:07 - INFO - Model bottom_left-tda-original-top_right completed in 13.21 seconds.
2025-04-09 04:17:07 - INFO - >>> Model bottom_left-tda-original-top_right trained. Accuracy: 0.9839 (13.21 sec.)
2025-04-09 04:17:07 - INFO - Training model: bottom_right-top_left-bottom_left-tda-original
2025-04-09 04:17:23 - INFO - Model bottom_right-top_left-bottom_left-tda-original completed in 15.75 seconds.
2025-04-09 04:17:23 - INFO - >>> Model bottom_right-top_left-bottom_left-tda-original trained. Accuracy: 0.9849 (15.75 sec.)
2025-04-09 04:17:23 - INFO - Training model: bottom_right-top_left-tda-top_right-original
2025-04-09 04:17:39 - INFO - Model bottom_right-top_left-tda-top_right-original completed in 15.69 seconds.
2025-04-09 04:17:39 - INFO - >>> Model bottom_right-top_left-tda-top_right-original trained. Accuracy: 0.9853 (15.69 sec.)
2025-04-09 04:17:39 - INFO - Training model: bottom_right-top_left-bottom_left-top_right-original
2025-04-09 04:17:53 - INFO - Model bottom_right-top_left-bottom_left-top_right-original completed in 14.20 seconds.
2025-04-09 04:17:53 - INFO - >>> Model bottom_right-top_left-bottom_left-top_right-original trained. Accuracy: 0.9748 (14.20 sec.)
2025-04-09 04:17:53 - INFO - Training model: bottom_right-tda-bottom_left-top_right-original
2025-04-09 04:18:09 - INFO - Model bottom_right-tda-bottom_left-top_right-original completed in 15.91 seconds.
2025-04-09 04:18:09 - INFO - >>> Model bottom_right-tda-bottom_left-top_right-original trained. Accuracy: 0.9849 (15.91 sec.)
2025-04-09 04:18:09 - INFO - Training model: top_left-tda-bottom_left-top_right-original
2025-04-09 04:18:25 - INFO - Model top_left-tda-bottom_left-top_right-original completed in 16.16 seconds.
2025-04-09 04:18:25 - INFO - >>> Model top_left-tda-bottom_left-top_right-original trained. Accuracy: 0.9844 (16.16 sec.)
2025-04-09 04:18:25 - INFO - Training model: bottom_right-top_left-bottom_left-tda-original-top_right
2025-04-09 04:18:44 - INFO - Model bottom_right-top_left-bottom_left-tda-original-top_right completed in 18.77 seconds.
2025-04-09 04:18:44 - INFO - >>> Model bottom_right-top_left-bottom_left-tda-original-top_right trained. Accuracy: 0.9859 (18.77 sec.)
2025-04-09 04:18:44 - INFO - All models trained successfully.
2025-04-09 04:18:44 - INFO - ========== [Model Training Completed] in 6.02 minutes ==========
2025-04-09 04:18:44 - INFO - ========== [Experiment Training Complete] ==========
2025-04-09 04:18:44 - INFO - Results saved to /home/jovyan/Workspace/workspace_mnist/results/exp_icecream/experiment_trainsize_predictions_2025-04-09_04-18-44.json
2025-04-09 04:18:44 - INFO - Results successfully saved to /home/jovyan/Workspace/workspace_mnist/results/exp_icecream/experiment_trainsize_predictions_2025-04-09_04-18-44.json
2025-04-09 04:18:44 - INFO - Garbage collection executed.
2025-04-09 04:18:44 - INFO - ========== [Experiment Completed] in 13.42 minutes ==========
