2025-03-11 20:58:13 - INFO - Logging initialized.
 Writing to /home/jovyan/Workspace/workspace_mnist/logs/exp_icecream/experiment_logs_2025-03-11_20-58-13.log
2025-03-11 20:58:13 - INFO - ========== [Experiment Start] ==========
2025-03-11 20:58:13 - INFO - Views combinations succesfully generated.
2025-03-11 20:58:13 - INFO - Topological Data Analysis pipeline generated.
2025-03-11 20:58:13 - INFO - Generating folder to save results.
2025-03-11 20:58:13 - INFO - Reading dataset in chunks from mnist_784.csv (chunk size: 70000)
2025-03-11 20:58:13 - INFO - Starting multiview data preparation for a chunk of size (70000, 784)...
2025-03-11 20:58:13 - INFO - Running using 8 jobs.
2025-03-11 20:58:13 - INFO - Splitting data: 48.9% train / 20.0% test (random_state=910968928)
2025-03-11 20:58:14 - INFO - Data split complete. Train size: (27377, 784), Test size: (14000, 784)
2025-03-11 20:58:14 - INFO - Reshaping train and test data into square images...
2025-03-11 20:58:14 - INFO - Reshaping complete. Train images: (27377, 28, 28), Test images: (14000, 28, 28)
2025-03-11 20:58:14 - INFO - Splitting images into quadrant views...
2025-03-11 20:58:14 - INFO - Quadrant view splitting complete. Train views: 4, Test views: 4
2025-03-11 20:58:14 - INFO - >> Starting TDA pipeline transformation on train data...
2025-03-11 21:05:24 - INFO - >> TDA transformation for train data completed (7.17 minutes).
2025-03-11 21:05:24 - INFO - >> Applying TDA pipeline transformation on test data...
2025-03-11 21:09:03 - INFO - >> TDA transformation for test data completed (3.66 minutes).
2025-03-11 21:09:03 - INFO - ========== [Model Training Start] ==========
2025-03-11 21:09:03 - INFO - Training model: original
2025-03-11 21:09:04 - INFO - Model original completed in 1.11 seconds.
2025-03-11 21:09:04 - INFO - >>> Model original trained. Accuracy: 0.9634 (1.11 sec.)
2025-03-11 21:09:04 - INFO - Training model: tda-original
2025-03-11 21:09:16 - INFO - Model tda-original completed in 11.76 seconds.
2025-03-11 21:09:16 - INFO - >>> Model tda-original trained. Accuracy: 0.9811 (11.76 sec.)
2025-03-11 21:09:16 - INFO - Training model: top_left-original
2025-03-11 21:09:24 - INFO - Model top_left-original completed in 8.30 seconds.
2025-03-11 21:09:24 - INFO - >>> Model top_left-original trained. Accuracy: 0.9664 (8.30 sec.)
2025-03-11 21:09:24 - INFO - Training model: bottom_left-original
2025-03-11 21:09:33 - INFO - Model bottom_left-original completed in 8.35 seconds.
2025-03-11 21:09:33 - INFO - >>> Model bottom_left-original trained. Accuracy: 0.9667 (8.35 sec.)
2025-03-11 21:09:33 - INFO - Training model: original-top_right
2025-03-11 21:09:41 - INFO - Model original-top_right completed in 8.50 seconds.
2025-03-11 21:09:41 - INFO - >>> Model original-top_right trained. Accuracy: 0.9661 (8.50 sec.)
2025-03-11 21:09:41 - INFO - Training model: original-bottom_right
2025-03-11 21:09:50 - INFO - Model original-bottom_right completed in 8.72 seconds.
2025-03-11 21:09:50 - INFO - >>> Model original-bottom_right trained. Accuracy: 0.9664 (8.72 sec.)
2025-03-11 21:09:50 - INFO - Training model: tda-original-top_left
2025-03-11 21:10:04 - INFO - Model tda-original-top_left completed in 14.01 seconds.
2025-03-11 21:10:04 - INFO - >>> Model tda-original-top_left trained. Accuracy: 0.9810 (14.01 sec.)
2025-03-11 21:10:04 - INFO - Training model: tda-bottom_left-original
2025-03-11 21:10:18 - INFO - Model tda-bottom_left-original completed in 14.23 seconds.
2025-03-11 21:10:18 - INFO - >>> Model tda-bottom_left-original trained. Accuracy: 0.9797 (14.23 sec.)
2025-03-11 21:10:18 - INFO - Training model: tda-original-top_right
2025-03-11 21:10:33 - INFO - Model tda-original-top_right completed in 14.35 seconds.
2025-03-11 21:10:33 - INFO - >>> Model tda-original-top_right trained. Accuracy: 0.9806 (14.35 sec.)
2025-03-11 21:10:33 - INFO - Training model: tda-original-bottom_right
2025-03-11 21:10:47 - INFO - Model tda-original-bottom_right completed in 14.49 seconds.
2025-03-11 21:10:47 - INFO - >>> Model tda-original-bottom_right trained. Accuracy: 0.9805 (14.49 sec.)
2025-03-11 21:10:47 - INFO - Training model: top_left-bottom_left-original
2025-03-11 21:10:58 - INFO - Model top_left-bottom_left-original completed in 11.10 seconds.
2025-03-11 21:10:58 - INFO - >>> Model top_left-bottom_left-original trained. Accuracy: 0.9687 (11.10 sec.)
2025-03-11 21:10:58 - INFO - Training model: top_left-original-top_right
2025-03-11 21:11:09 - INFO - Model top_left-original-top_right completed in 11.22 seconds.
2025-03-11 21:11:09 - INFO - >>> Model top_left-original-top_right trained. Accuracy: 0.9687 (11.22 sec.)
2025-03-11 21:11:09 - INFO - Training model: top_left-original-bottom_right
2025-03-11 21:11:21 - INFO - Model top_left-original-bottom_right completed in 11.30 seconds.
2025-03-11 21:11:21 - INFO - >>> Model top_left-original-bottom_right trained. Accuracy: 0.9698 (11.30 sec.)
2025-03-11 21:11:21 - INFO - Training model: bottom_left-original-top_right
2025-03-11 21:11:32 - INFO - Model bottom_left-original-top_right completed in 11.44 seconds.
2025-03-11 21:11:32 - INFO - >>> Model bottom_left-original-top_right trained. Accuracy: 0.9676 (11.44 sec.)
2025-03-11 21:11:32 - INFO - Training model: bottom_left-original-bottom_right
2025-03-11 21:11:44 - INFO - Model bottom_left-original-bottom_right completed in 11.53 seconds.
2025-03-11 21:11:44 - INFO - >>> Model bottom_left-original-bottom_right trained. Accuracy: 0.9676 (11.53 sec.)
2025-03-11 21:11:44 - INFO - Training model: bottom_right-original-top_right
2025-03-11 21:11:55 - INFO - Model bottom_right-original-top_right completed in 11.70 seconds.
2025-03-11 21:11:55 - INFO - >>> Model bottom_right-original-top_right trained. Accuracy: 0.9679 (11.70 sec.)
2025-03-11 21:11:55 - INFO - Training model: tda-bottom_left-original-top_left
2025-03-11 21:12:12 - INFO - Model tda-bottom_left-original-top_left completed in 16.83 seconds.
2025-03-11 21:12:12 - INFO - >>> Model tda-bottom_left-original-top_left trained. Accuracy: 0.9814 (16.83 sec.)
2025-03-11 21:12:12 - INFO - Training model: tda-original-top_right-top_left
2025-03-11 21:12:29 - INFO - Model tda-original-top_right-top_left completed in 17.08 seconds.
2025-03-11 21:12:29 - INFO - >>> Model tda-original-top_right-top_left trained. Accuracy: 0.9816 (17.08 sec.)
2025-03-11 21:12:29 - INFO - Training model: tda-bottom_right-original-top_left
2025-03-11 21:12:47 - INFO - Model tda-bottom_right-original-top_left completed in 17.17 seconds.
2025-03-11 21:12:47 - INFO - >>> Model tda-bottom_right-original-top_left trained. Accuracy: 0.9816 (17.17 sec.)
2025-03-11 21:12:47 - INFO - Training model: tda-bottom_left-original-top_right
2025-03-11 21:13:04 - INFO - Model tda-bottom_left-original-top_right completed in 17.34 seconds.
2025-03-11 21:13:04 - INFO - >>> Model tda-bottom_left-original-top_right trained. Accuracy: 0.9811 (17.34 sec.)
2025-03-11 21:13:04 - INFO - Training model: tda-bottom_left-original-bottom_right
2025-03-11 21:13:21 - INFO - Model tda-bottom_left-original-bottom_right completed in 17.33 seconds.
2025-03-11 21:13:21 - INFO - >>> Model tda-bottom_left-original-bottom_right trained. Accuracy: 0.9804 (17.33 sec.)
2025-03-11 21:13:21 - INFO - Training model: tda-bottom_right-original-top_right
2025-03-11 21:13:39 - INFO - Model tda-bottom_right-original-top_right completed in 17.49 seconds.
2025-03-11 21:13:39 - INFO - >>> Model tda-bottom_right-original-top_right trained. Accuracy: 0.9816 (17.49 sec.)
2025-03-11 21:13:39 - INFO - Training model: top_left-bottom_left-original-top_right
2025-03-11 21:13:53 - INFO - Model top_left-bottom_left-original-top_right completed in 14.27 seconds.
2025-03-11 21:13:53 - INFO - >>> Model top_left-bottom_left-original-top_right trained. Accuracy: 0.9706 (14.27 sec.)
2025-03-11 21:13:53 - INFO - Training model: top_left-bottom_left-original-bottom_right
2025-03-11 21:14:07 - INFO - Model top_left-bottom_left-original-bottom_right completed in 14.27 seconds.
2025-03-11 21:14:07 - INFO - >>> Model top_left-bottom_left-original-bottom_right trained. Accuracy: 0.9707 (14.27 sec.)
2025-03-11 21:14:07 - INFO - Training model: top_left-bottom_right-original-top_right
2025-03-11 21:14:22 - INFO - Model top_left-bottom_right-original-top_right completed in 14.38 seconds.
2025-03-11 21:14:22 - INFO - >>> Model top_left-bottom_right-original-top_right trained. Accuracy: 0.9716 (14.38 sec.)
2025-03-11 21:14:22 - INFO - Training model: bottom_right-bottom_left-original-top_right
2025-03-11 21:14:36 - INFO - Model bottom_right-bottom_left-original-top_right completed in 14.51 seconds.
2025-03-11 21:14:36 - INFO - >>> Model bottom_right-bottom_left-original-top_right trained. Accuracy: 0.9696 (14.51 sec.)
2025-03-11 21:14:36 - INFO - Training model: tda-top_left-original-bottom_left-top_right
2025-03-11 21:14:56 - INFO - Model tda-top_left-original-bottom_left-top_right completed in 19.98 seconds.
2025-03-11 21:14:56 - INFO - >>> Model tda-top_left-original-bottom_left-top_right trained. Accuracy: 0.9824 (19.98 sec.)
2025-03-11 21:14:56 - INFO - Training model: tda-top_left-original-bottom_left-bottom_right
2025-03-11 21:15:16 - INFO - Model tda-top_left-original-bottom_left-bottom_right completed in 20.23 seconds.
2025-03-11 21:15:16 - INFO - >>> Model tda-top_left-original-bottom_left-bottom_right trained. Accuracy: 0.9821 (20.23 sec.)
2025-03-11 21:15:16 - INFO - Training model: tda-top_left-original-top_right-bottom_right
2025-03-11 21:15:37 - INFO - Model tda-top_left-original-top_right-bottom_right completed in 20.50 seconds.
2025-03-11 21:15:37 - INFO - >>> Model tda-top_left-original-top_right-bottom_right trained. Accuracy: 0.9821 (20.50 sec.)
2025-03-11 21:15:37 - INFO - Training model: tda-original-bottom_left-top_right-bottom_right
2025-03-11 21:15:57 - INFO - Model tda-original-bottom_left-top_right-bottom_right completed in 20.65 seconds.
2025-03-11 21:15:57 - INFO - >>> Model tda-original-bottom_left-top_right-bottom_right trained. Accuracy: 0.9812 (20.65 sec.)
2025-03-11 21:15:57 - INFO - Training model: top_left-original-bottom_left-top_right-bottom_right
2025-03-11 21:16:15 - INFO - Model top_left-original-bottom_left-top_right-bottom_right completed in 17.68 seconds.
2025-03-11 21:16:15 - INFO - >>> Model top_left-original-bottom_left-top_right-bottom_right trained. Accuracy: 0.9737 (17.68 sec.)
2025-03-11 21:16:15 - INFO - Training model: tda-top_left-original-bottom_left-bottom_right-top_right
2025-03-11 21:16:38 - INFO - Model tda-top_left-original-bottom_left-bottom_right-top_right completed in 23.15 seconds.
2025-03-11 21:16:38 - INFO - >>> Model tda-top_left-original-bottom_left-bottom_right-top_right trained. Accuracy: 0.9826 (23.15 sec.)
2025-03-11 21:16:38 - INFO - All models trained successfully.
2025-03-11 21:16:38 - INFO - ========== [Model Training Completed] in 7.58 minutes ==========
2025-03-11 21:16:38 - INFO - ========== [Experiment Training Complete] ==========
2025-03-11 21:16:38 - INFO - ========== [Finished reading and processing chunks] ==========
2025-03-11 21:16:38 - INFO - Saving results...
2025-03-11 21:16:38 - INFO - Results saved to /home/jovyan/Workspace/workspace_mnist/results/exp_icecream/experiment_trainsize_predictions_2025-03-11_21-16-38.json
2025-03-11 21:16:38 - INFO - Results successfully saved to /home/jovyan/Workspace/workspace_mnist/results/exp_icecream/experiment_trainsize_predictions_2025-03-11_21-16-38.json
2025-03-11 21:16:38 - INFO - Garbage collection executed.
2025-03-11 21:16:38 - INFO - ========== [Experiment Completed] in 18.43 minutes ==========
