2025-03-13 13:47:36 - INFO - Logging initialized.
 Writing to /home/jovyan/Workspace/workspace_mnist/logs/exp_icecream/experiment_logs_2025-03-13_13-47-36.log
2025-03-13 13:47:36 - INFO - ========== [Experiment Start] ==========
2025-03-13 13:47:36 - INFO - Views combinations succesfully generated.
2025-03-13 13:47:36 - INFO - Topological Data Analysis pipeline generated.
2025-03-13 13:47:36 - INFO - Generating folder to save results.
2025-03-13 13:47:36 - INFO - Reading dataset in chunks from mnist_784.csv (chunk size: 70000)
2025-03-13 13:47:37 - INFO - Starting multiview data preparation for a chunk of size (70000, 784)...
2025-03-13 13:47:37 - INFO - Running using 20 jobs.
2025-03-13 13:47:37 - INFO - Splitting data: 41.1% train / 20.0% test (random_state=508701318)
2025-03-13 13:47:37 - INFO - Data split complete. Train size: (23022, 784), Test size: (14000, 784)
2025-03-13 13:47:37 - INFO - Reshaping train and test data into square images...
2025-03-13 13:47:37 - INFO - Reshaping complete. Train images: (23022, 28, 28), Test images: (14000, 28, 28)
2025-03-13 13:47:37 - INFO - Splitting images into quadrant views...
2025-03-13 13:47:37 - INFO - Quadrant view splitting complete. Train views: 4, Test views: 4
2025-03-13 13:47:37 - INFO - >> Starting TDA pipeline transformation on train data...
2025-03-13 13:51:52 - INFO - >> TDA transformation for train data completed (4.25 minutes).
2025-03-13 13:51:52 - INFO - >> Applying TDA pipeline transformation on test data...
2025-03-13 13:54:25 - INFO - >> TDA transformation for test data completed (2.55 minutes).
2025-03-13 13:54:25 - INFO - ========== [Model Training Start] ==========
2025-03-13 13:54:25 - INFO - Training model: original
2025-03-13 13:54:26 - INFO - Model original completed in 0.54 seconds.
2025-03-13 13:54:26 - INFO - >>> Model original trained. Accuracy: 0.9591 (0.54 sec.)
2025-03-13 13:54:26 - INFO - Training model: top_right-original
2025-03-13 13:54:31 - INFO - Model top_right-original completed in 5.06 seconds.
2025-03-13 13:54:31 - INFO - >>> Model top_right-original trained. Accuracy: 0.9626 (5.06 sec.)
2025-03-13 13:54:31 - INFO - Training model: original-bottom_left
2025-03-13 13:54:36 - INFO - Model original-bottom_left completed in 4.93 seconds.
2025-03-13 13:54:36 - INFO - >>> Model original-bottom_left trained. Accuracy: 0.9616 (4.93 sec.)
2025-03-13 13:54:36 - INFO - Training model: top_left-original
2025-03-13 13:54:41 - INFO - Model top_left-original completed in 4.96 seconds.
2025-03-13 13:54:41 - INFO - >>> Model top_left-original trained. Accuracy: 0.9632 (4.96 sec.)
2025-03-13 13:54:41 - INFO - Training model: original-bottom_right
2025-03-13 13:54:45 - INFO - Model original-bottom_right completed in 4.92 seconds.
2025-03-13 13:54:45 - INFO - >>> Model original-bottom_right trained. Accuracy: 0.9644 (4.92 sec.)
2025-03-13 13:54:45 - INFO - Training model: original-tda
2025-03-13 13:54:52 - INFO - Model original-tda completed in 6.09 seconds.
2025-03-13 13:54:52 - INFO - >>> Model original-tda trained. Accuracy: 0.9804 (6.09 sec.)
2025-03-13 13:54:52 - INFO - Training model: top_right-original-bottom_left
2025-03-13 13:54:59 - INFO - Model top_right-original-bottom_left completed in 6.98 seconds.
2025-03-13 13:54:59 - INFO - >>> Model top_right-original-bottom_left trained. Accuracy: 0.9646 (6.98 sec.)
2025-03-13 13:54:59 - INFO - Training model: top_left-top_right-original
2025-03-13 13:55:05 - INFO - Model top_left-top_right-original completed in 6.91 seconds.
2025-03-13 13:55:05 - INFO - >>> Model top_left-top_right-original trained. Accuracy: 0.9667 (6.91 sec.)
2025-03-13 13:55:05 - INFO - Training model: top_right-original-bottom_right
2025-03-13 13:55:12 - INFO - Model top_right-original-bottom_right completed in 6.96 seconds.
2025-03-13 13:55:12 - INFO - >>> Model top_right-original-bottom_right trained. Accuracy: 0.9651 (6.96 sec.)
2025-03-13 13:55:12 - INFO - Training model: top_right-original-tda
2025-03-13 13:55:21 - INFO - Model top_right-original-tda completed in 8.16 seconds.
2025-03-13 13:55:21 - INFO - >>> Model top_right-original-tda trained. Accuracy: 0.9795 (8.16 sec.)
2025-03-13 13:55:21 - INFO - Training model: top_left-original-bottom_left
2025-03-13 13:55:27 - INFO - Model top_left-original-bottom_left completed in 6.91 seconds.
2025-03-13 13:55:27 - INFO - >>> Model top_left-original-bottom_left trained. Accuracy: 0.9649 (6.91 sec.)
2025-03-13 13:55:27 - INFO - Training model: original-bottom_left-bottom_right
2025-03-13 13:55:35 - INFO - Model original-bottom_left-bottom_right completed in 7.03 seconds.
2025-03-13 13:55:35 - INFO - >>> Model original-bottom_left-bottom_right trained. Accuracy: 0.9642 (7.03 sec.)
2025-03-13 13:55:35 - INFO - Training model: original-bottom_left-tda
2025-03-13 13:55:43 - INFO - Model original-bottom_left-tda completed in 8.06 seconds.
2025-03-13 13:55:43 - INFO - >>> Model original-bottom_left-tda trained. Accuracy: 0.9793 (8.06 sec.)
2025-03-13 13:55:43 - INFO - Training model: top_left-original-bottom_right
2025-03-13 13:55:50 - INFO - Model top_left-original-bottom_right completed in 7.16 seconds.
2025-03-13 13:55:50 - INFO - >>> Model top_left-original-bottom_right trained. Accuracy: 0.9669 (7.16 sec.)
2025-03-13 13:55:50 - INFO - Training model: top_left-original-tda
2025-03-13 13:55:58 - INFO - Model top_left-original-tda completed in 8.04 seconds.
2025-03-13 13:55:58 - INFO - >>> Model top_left-original-tda trained. Accuracy: 0.9801 (8.04 sec.)
2025-03-13 13:55:58 - INFO - Training model: original-bottom_right-tda
2025-03-13 13:56:06 - INFO - Model original-bottom_right-tda completed in 8.23 seconds.
2025-03-13 13:56:06 - INFO - >>> Model original-bottom_right-tda trained. Accuracy: 0.9806 (8.23 sec.)
2025-03-13 13:56:06 - INFO - Training model: top_left-top_right-original-bottom_left
2025-03-13 13:56:15 - INFO - Model top_left-top_right-original-bottom_left completed in 9.12 seconds.
2025-03-13 13:56:15 - INFO - >>> Model top_left-top_right-original-bottom_left trained. Accuracy: 0.9666 (9.12 sec.)
2025-03-13 13:56:15 - INFO - Training model: top_right-original-bottom_left-bottom_right
2025-03-13 13:56:24 - INFO - Model top_right-original-bottom_left-bottom_right completed in 8.95 seconds.
2025-03-13 13:56:24 - INFO - >>> Model top_right-original-bottom_left-bottom_right trained. Accuracy: 0.9671 (8.95 sec.)
2025-03-13 13:56:24 - INFO - Training model: top_right-original-bottom_left-tda
2025-03-13 13:56:34 - INFO - Model top_right-original-bottom_left-tda completed in 10.07 seconds.
2025-03-13 13:56:34 - INFO - >>> Model top_right-original-bottom_left-tda trained. Accuracy: 0.9797 (10.07 sec.)
2025-03-13 13:56:34 - INFO - Training model: top_left-top_right-original-bottom_right
2025-03-13 13:56:43 - INFO - Model top_left-top_right-original-bottom_right completed in 9.11 seconds.
2025-03-13 13:56:43 - INFO - >>> Model top_left-top_right-original-bottom_right trained. Accuracy: 0.9679 (9.11 sec.)
2025-03-13 13:56:43 - INFO - Training model: top_left-top_right-original-tda
2025-03-13 13:56:53 - INFO - Model top_left-top_right-original-tda completed in 10.03 seconds.
2025-03-13 13:56:53 - INFO - >>> Model top_left-top_right-original-tda trained. Accuracy: 0.9804 (10.03 sec.)
2025-03-13 13:56:53 - INFO - Training model: top_right-original-bottom_right-tda
2025-03-13 13:57:03 - INFO - Model top_right-original-bottom_right-tda completed in 9.81 seconds.
2025-03-13 13:57:03 - INFO - >>> Model top_right-original-bottom_right-tda trained. Accuracy: 0.9814 (9.81 sec.)
2025-03-13 13:57:03 - INFO - Training model: top_left-original-bottom_left-bottom_right
2025-03-13 13:57:12 - INFO - Model top_left-original-bottom_left-bottom_right completed in 8.90 seconds.
2025-03-13 13:57:12 - INFO - >>> Model top_left-original-bottom_left-bottom_right trained. Accuracy: 0.9665 (8.90 sec.)
2025-03-13 13:57:12 - INFO - Training model: top_left-original-bottom_left-tda
2025-03-13 13:57:22 - INFO - Model top_left-original-bottom_left-tda completed in 9.91 seconds.
2025-03-13 13:57:22 - INFO - >>> Model top_left-original-bottom_left-tda trained. Accuracy: 0.9799 (9.91 sec.)
2025-03-13 13:57:22 - INFO - Training model: tda-original-bottom_left-bottom_right
2025-03-13 13:57:32 - INFO - Model tda-original-bottom_left-bottom_right completed in 10.23 seconds.
2025-03-13 13:57:32 - INFO - >>> Model tda-original-bottom_left-bottom_right trained. Accuracy: 0.9797 (10.23 sec.)
2025-03-13 13:57:32 - INFO - Training model: top_left-original-bottom_right-tda
2025-03-13 13:57:42 - INFO - Model top_left-original-bottom_right-tda completed in 10.10 seconds.
2025-03-13 13:57:42 - INFO - >>> Model top_left-original-bottom_right-tda trained. Accuracy: 0.9809 (10.10 sec.)
2025-03-13 13:57:42 - INFO - Training model: top_right-bottom_left-top_left-original-bottom_right
2025-03-13 13:57:53 - INFO - Model top_right-bottom_left-top_left-original-bottom_right completed in 10.87 seconds.
2025-03-13 13:57:53 - INFO - >>> Model top_right-bottom_left-top_left-original-bottom_right trained. Accuracy: 0.9700 (10.87 sec.)
2025-03-13 13:57:53 - INFO - Training model: top_right-bottom_left-top_left-original-tda
2025-03-13 13:58:05 - INFO - Model top_right-bottom_left-top_left-original-tda completed in 11.71 seconds.
2025-03-13 13:58:05 - INFO - >>> Model top_right-bottom_left-top_left-original-tda trained. Accuracy: 0.9810 (11.71 sec.)
2025-03-13 13:58:05 - INFO - Training model: top_right-bottom_left-original-bottom_right-tda
2025-03-13 13:58:17 - INFO - Model top_right-bottom_left-original-bottom_right-tda completed in 11.89 seconds.
2025-03-13 13:58:17 - INFO - >>> Model top_right-bottom_left-original-bottom_right-tda trained. Accuracy: 0.9809 (11.89 sec.)
2025-03-13 13:58:17 - INFO - Training model: top_right-top_left-original-bottom_right-tda
2025-03-13 13:58:29 - INFO - Model top_right-top_left-original-bottom_right-tda completed in 11.97 seconds.
2025-03-13 13:58:29 - INFO - >>> Model top_right-top_left-original-bottom_right-tda trained. Accuracy: 0.9820 (11.97 sec.)
2025-03-13 13:58:29 - INFO - Training model: bottom_left-top_left-original-bottom_right-tda
2025-03-13 13:58:41 - INFO - Model bottom_left-top_left-original-bottom_right-tda completed in 11.85 seconds.
2025-03-13 13:58:41 - INFO - >>> Model bottom_left-top_left-original-bottom_right-tda trained. Accuracy: 0.9811 (11.85 sec.)
2025-03-13 13:58:41 - INFO - Training model: top_right-bottom_left-top_left-original-bottom_right-tda
2025-03-13 13:58:55 - INFO - Model top_right-bottom_left-top_left-original-bottom_right-tda completed in 13.97 seconds.
2025-03-13 13:58:55 - INFO - >>> Model top_right-bottom_left-top_left-original-bottom_right-tda trained. Accuracy: 0.9821 (13.97 sec.)
2025-03-13 13:58:55 - INFO - All models trained successfully.
2025-03-13 13:58:55 - INFO - ========== [Model Training Completed] in 4.49 minutes ==========
2025-03-13 13:58:55 - INFO - ========== [Experiment Training Complete] ==========
2025-03-13 13:58:55 - INFO - ========== [Finished reading and processing chunks] ==========
2025-03-13 13:58:55 - INFO - Saving results...
2025-03-13 13:58:55 - INFO - Results saved to /home/jovyan/Workspace/workspace_mnist/results/exp_icecream/experiment_trainsize_predictions_2025-03-13_13-58-55.json
2025-03-13 13:58:55 - INFO - Results successfully saved to /home/jovyan/Workspace/workspace_mnist/results/exp_icecream/experiment_trainsize_predictions_2025-03-13_13-58-55.json
2025-03-13 13:58:55 - INFO - Garbage collection executed.
2025-03-13 13:58:55 - INFO - ========== [Experiment Completed] in 11.31 minutes ==========
