2025-03-12 10:08:33 - INFO - Logging initialized.
 Writing to /home/jovyan/Workspace/workspace_mnist/logs/exp_icecream/experiment_logs_2025-03-12_10-08-33.log
2025-03-12 10:08:33 - INFO - ========== [Experiment Start] ==========
2025-03-12 10:08:33 - INFO - Views combinations succesfully generated.
2025-03-12 10:08:33 - INFO - Topological Data Analysis pipeline generated.
2025-03-12 10:08:33 - INFO - Generating folder to save results.
2025-03-12 10:08:33 - INFO - Reading dataset in chunks from mnist_784.csv (chunk size: 70000)
2025-03-12 10:08:33 - INFO - Starting multiview data preparation for a chunk of size (70000, 784)...
2025-03-12 10:08:33 - INFO - Running using 8 jobs.
2025-03-12 10:08:33 - INFO - Splitting data: 80.0% train / 20.0% test (random_state=701363565)
2025-03-12 10:08:34 - INFO - Data split complete. Train size: (44800, 784), Test size: (14000, 784)
2025-03-12 10:08:34 - INFO - Reshaping train and test data into square images...
2025-03-12 10:08:34 - INFO - Reshaping complete. Train images: (44800, 28, 28), Test images: (14000, 28, 28)
2025-03-12 10:08:34 - INFO - Splitting images into quadrant views...
2025-03-12 10:08:34 - INFO - Quadrant view splitting complete. Train views: 4, Test views: 4
2025-03-12 10:08:34 - INFO - >> Starting TDA pipeline transformation on train data...
2025-03-12 10:20:23 - INFO - >> TDA transformation for train data completed (11.83 minutes).
2025-03-12 10:20:23 - INFO - >> Applying TDA pipeline transformation on test data...
2025-03-12 10:24:04 - INFO - >> TDA transformation for test data completed (3.68 minutes).
2025-03-12 10:24:04 - INFO - ========== [Model Training Start] ==========
2025-03-12 10:24:04 - INFO - Training model: original
2025-03-12 10:24:06 - INFO - Model original completed in 1.83 seconds.
2025-03-12 10:24:06 - INFO - >>> Model original trained. Accuracy: 0.9661 (1.83 sec.)
2025-03-12 10:24:06 - INFO - Training model: tda-original
2025-03-12 10:24:25 - INFO - Model tda-original completed in 19.19 seconds.
2025-03-12 10:24:25 - INFO - >>> Model tda-original trained. Accuracy: 0.9835 (19.19 sec.)
2025-03-12 10:24:25 - INFO - Training model: top_left-original
2025-03-12 10:24:39 - INFO - Model top_left-original completed in 13.63 seconds.
2025-03-12 10:24:39 - INFO - >>> Model top_left-original trained. Accuracy: 0.9699 (13.63 sec.)
2025-03-12 10:24:39 - INFO - Training model: bottom_left-original
2025-03-12 10:24:53 - INFO - Model bottom_left-original completed in 13.98 seconds.
2025-03-12 10:24:53 - INFO - >>> Model bottom_left-original trained. Accuracy: 0.9691 (13.98 sec.)
2025-03-12 10:24:53 - INFO - Training model: original-top_right
2025-03-12 10:25:07 - INFO - Model original-top_right completed in 14.24 seconds.
2025-03-12 10:25:07 - INFO - >>> Model original-top_right trained. Accuracy: 0.9684 (14.24 sec.)
2025-03-12 10:25:07 - INFO - Training model: original-bottom_right
2025-03-12 10:25:22 - INFO - Model original-bottom_right completed in 14.37 seconds.
2025-03-12 10:25:22 - INFO - >>> Model original-bottom_right trained. Accuracy: 0.9702 (14.37 sec.)
2025-03-12 10:25:22 - INFO - Training model: tda-original-top_left
2025-03-12 10:25:45 - INFO - Model tda-original-top_left completed in 23.40 seconds.
2025-03-12 10:25:45 - INFO - >>> Model tda-original-top_left trained. Accuracy: 0.9836 (23.40 sec.)
2025-03-12 10:25:45 - INFO - Training model: tda-bottom_left-original
2025-03-12 10:26:09 - INFO - Model tda-bottom_left-original completed in 23.77 seconds.
2025-03-12 10:26:09 - INFO - >>> Model tda-bottom_left-original trained. Accuracy: 0.9824 (23.77 sec.)
2025-03-12 10:26:09 - INFO - Training model: tda-original-top_right
2025-03-12 10:26:33 - INFO - Model tda-original-top_right completed in 24.06 seconds.
2025-03-12 10:26:33 - INFO - >>> Model tda-original-top_right trained. Accuracy: 0.9851 (24.06 sec.)
2025-03-12 10:26:33 - INFO - Training model: tda-original-bottom_right
2025-03-12 10:26:57 - INFO - Model tda-original-bottom_right completed in 24.26 seconds.
2025-03-12 10:26:57 - INFO - >>> Model tda-original-bottom_right trained. Accuracy: 0.9845 (24.26 sec.)
2025-03-12 10:26:57 - INFO - Training model: top_left-bottom_left-original
2025-03-12 10:27:15 - INFO - Model top_left-bottom_left-original completed in 18.33 seconds.
2025-03-12 10:27:15 - INFO - >>> Model top_left-bottom_left-original trained. Accuracy: 0.9706 (18.33 sec.)
2025-03-12 10:27:15 - INFO - Training model: top_left-original-top_right
2025-03-12 10:27:34 - INFO - Model top_left-original-top_right completed in 18.59 seconds.
2025-03-12 10:27:34 - INFO - >>> Model top_left-original-top_right trained. Accuracy: 0.9713 (18.59 sec.)
2025-03-12 10:27:34 - INFO - Training model: top_left-original-bottom_right
2025-03-12 10:27:53 - INFO - Model top_left-original-bottom_right completed in 18.63 seconds.
2025-03-12 10:27:53 - INFO - >>> Model top_left-original-bottom_right trained. Accuracy: 0.9719 (18.63 sec.)
2025-03-12 10:27:53 - INFO - Training model: bottom_left-original-top_right
2025-03-12 10:28:12 - INFO - Model bottom_left-original-top_right completed in 18.88 seconds.
2025-03-12 10:28:12 - INFO - >>> Model bottom_left-original-top_right trained. Accuracy: 0.9712 (18.88 sec.)
2025-03-12 10:28:12 - INFO - Training model: bottom_left-original-bottom_right
2025-03-12 10:28:31 - INFO - Model bottom_left-original-bottom_right completed in 19.05 seconds.
2025-03-12 10:28:31 - INFO - >>> Model bottom_left-original-bottom_right trained. Accuracy: 0.9703 (19.05 sec.)
2025-03-12 10:28:31 - INFO - Training model: bottom_right-original-top_right
2025-03-12 10:28:50 - INFO - Model bottom_right-original-top_right completed in 19.39 seconds.
2025-03-12 10:28:50 - INFO - >>> Model bottom_right-original-top_right trained. Accuracy: 0.9721 (19.39 sec.)
2025-03-12 10:28:50 - INFO - Training model: tda-bottom_left-original-top_left
2025-03-12 10:29:18 - INFO - Model tda-bottom_left-original-top_left completed in 28.27 seconds.
2025-03-12 10:29:18 - INFO - >>> Model tda-bottom_left-original-top_left trained. Accuracy: 0.9833 (28.27 sec.)
2025-03-12 10:29:18 - INFO - Training model: tda-original-top_right-top_left
2025-03-12 10:29:47 - INFO - Model tda-original-top_right-top_left completed in 28.41 seconds.
2025-03-12 10:29:47 - INFO - >>> Model tda-original-top_right-top_left trained. Accuracy: 0.9839 (28.41 sec.)
2025-03-12 10:29:47 - INFO - Training model: tda-bottom_right-original-top_left
2025-03-12 10:30:15 - INFO - Model tda-bottom_right-original-top_left completed in 28.55 seconds.
2025-03-12 10:30:15 - INFO - >>> Model tda-bottom_right-original-top_left trained. Accuracy: 0.9847 (28.55 sec.)
2025-03-12 10:30:15 - INFO - Training model: tda-bottom_left-original-top_right
2025-03-12 10:30:44 - INFO - Model tda-bottom_left-original-top_right completed in 28.71 seconds.
2025-03-12 10:30:44 - INFO - >>> Model tda-bottom_left-original-top_right trained. Accuracy: 0.9841 (28.71 sec.)
2025-03-12 10:30:44 - INFO - Training model: tda-bottom_left-original-bottom_right
2025-03-12 10:31:13 - INFO - Model tda-bottom_left-original-bottom_right completed in 28.91 seconds.
2025-03-12 10:31:13 - INFO - >>> Model tda-bottom_left-original-bottom_right trained. Accuracy: 0.9834 (28.91 sec.)
2025-03-12 10:31:13 - INFO - Training model: tda-bottom_right-original-top_right
2025-03-12 10:31:42 - INFO - Model tda-bottom_right-original-top_right completed in 29.21 seconds.
2025-03-12 10:31:42 - INFO - >>> Model tda-bottom_right-original-top_right trained. Accuracy: 0.9853 (29.21 sec.)
2025-03-12 10:31:42 - INFO - Training model: top_left-bottom_left-original-top_right
2025-03-12 10:32:05 - INFO - Model top_left-bottom_left-original-top_right completed in 23.27 seconds.
2025-03-12 10:32:05 - INFO - >>> Model top_left-bottom_left-original-top_right trained. Accuracy: 0.9734 (23.27 sec.)
2025-03-12 10:32:05 - INFO - Training model: top_left-bottom_left-original-bottom_right
2025-03-12 10:32:29 - INFO - Model top_left-bottom_left-original-bottom_right completed in 23.35 seconds.
2025-03-12 10:32:29 - INFO - >>> Model top_left-bottom_left-original-bottom_right trained. Accuracy: 0.9733 (23.35 sec.)
2025-03-12 10:32:29 - INFO - Training model: top_left-bottom_right-original-top_right
2025-03-12 10:32:52 - INFO - Model top_left-bottom_right-original-top_right completed in 23.62 seconds.
2025-03-12 10:32:52 - INFO - >>> Model top_left-bottom_right-original-top_right trained. Accuracy: 0.9745 (23.62 sec.)
2025-03-12 10:32:52 - INFO - Training model: bottom_right-bottom_left-original-top_right
2025-03-12 10:33:16 - INFO - Model bottom_right-bottom_left-original-top_right completed in 24.11 seconds.
2025-03-12 10:33:16 - INFO - >>> Model bottom_right-bottom_left-original-top_right trained. Accuracy: 0.9735 (24.11 sec.)
2025-03-12 10:33:16 - INFO - Training model: tda-top_left-original-bottom_left-top_right
2025-03-12 10:33:50 - INFO - Model tda-top_left-original-bottom_left-top_right completed in 33.20 seconds.
2025-03-12 10:33:50 - INFO - >>> Model tda-top_left-original-bottom_left-top_right trained. Accuracy: 0.9850 (33.20 sec.)
2025-03-12 10:33:50 - INFO - Training model: tda-top_left-original-bottom_left-bottom_right
2025-03-12 10:34:23 - INFO - Model tda-top_left-original-bottom_left-bottom_right completed in 33.22 seconds.
2025-03-12 10:34:23 - INFO - >>> Model tda-top_left-original-bottom_left-bottom_right trained. Accuracy: 0.9845 (33.22 sec.)
2025-03-12 10:34:23 - INFO - Training model: tda-top_left-original-top_right-bottom_right
2025-03-12 10:34:56 - INFO - Model tda-top_left-original-top_right-bottom_right completed in 33.49 seconds.
2025-03-12 10:34:56 - INFO - >>> Model tda-top_left-original-top_right-bottom_right trained. Accuracy: 0.9854 (33.49 sec.)
2025-03-12 10:34:56 - INFO - Training model: tda-original-bottom_left-top_right-bottom_right
2025-03-12 10:35:30 - INFO - Model tda-original-bottom_left-top_right-bottom_right completed in 33.92 seconds.
2025-03-12 10:35:30 - INFO - >>> Model tda-original-bottom_left-top_right-bottom_right trained. Accuracy: 0.9843 (33.92 sec.)
2025-03-12 10:35:30 - INFO - Training model: top_left-original-bottom_left-top_right-bottom_right
2025-03-12 10:35:59 - INFO - Model top_left-original-bottom_left-top_right-bottom_right completed in 28.43 seconds.
2025-03-12 10:35:59 - INFO - >>> Model top_left-original-bottom_left-top_right-bottom_right trained. Accuracy: 0.9761 (28.43 sec.)
2025-03-12 10:35:59 - INFO - Training model: tda-top_left-original-bottom_left-bottom_right-top_right
2025-03-12 10:36:37 - INFO - Model tda-top_left-original-bottom_left-bottom_right-top_right completed in 38.22 seconds.
2025-03-12 10:36:37 - INFO - >>> Model tda-top_left-original-bottom_left-bottom_right-top_right trained. Accuracy: 0.9845 (38.22 sec.)
2025-03-12 10:36:37 - INFO - All models trained successfully.
2025-03-12 10:36:37 - INFO - ========== [Model Training Completed] in 12.54 minutes ==========
2025-03-12 10:36:37 - INFO - ========== [Experiment Training Complete] ==========
2025-03-12 10:36:37 - INFO - ========== [Finished reading and processing chunks] ==========
2025-03-12 10:36:37 - INFO - Saving results...
2025-03-12 10:36:37 - INFO - Results saved to /home/jovyan/Workspace/workspace_mnist/results/exp_icecream/experiment_trainsize_predictions_2025-03-12_10-36-37.json
2025-03-12 10:36:37 - INFO - Results successfully saved to /home/jovyan/Workspace/workspace_mnist/results/exp_icecream/experiment_trainsize_predictions_2025-03-12_10-36-37.json
2025-03-12 10:36:37 - INFO - Garbage collection executed.
2025-03-12 10:36:37 - INFO - ========== [Experiment Completed] in 28.07 minutes ==========
