2025-03-13 13:58:55 - INFO - Logging initialized.
 Writing to /home/jovyan/Workspace/workspace_mnist/logs/exp_icecream/experiment_logs_2025-03-13_13-58-55.log
2025-03-13 13:58:55 - INFO - ========== [Experiment Start] ==========
2025-03-13 13:58:55 - INFO - Views combinations succesfully generated.
2025-03-13 13:58:55 - INFO - Topological Data Analysis pipeline generated.
2025-03-13 13:58:55 - INFO - Generating folder to save results.
2025-03-13 13:58:55 - INFO - Reading dataset in chunks from mnist_784.csv (chunk size: 70000)
2025-03-13 13:58:56 - INFO - Starting multiview data preparation for a chunk of size (70000, 784)...
2025-03-13 13:58:56 - INFO - Running using 20 jobs.
2025-03-13 13:58:56 - INFO - Splitting data: 48.9% train / 20.0% test (random_state=508701318)
2025-03-13 13:58:56 - INFO - Data split complete. Train size: (27377, 784), Test size: (14000, 784)
2025-03-13 13:58:56 - INFO - Reshaping train and test data into square images...
2025-03-13 13:58:56 - INFO - Reshaping complete. Train images: (27377, 28, 28), Test images: (14000, 28, 28)
2025-03-13 13:58:56 - INFO - Splitting images into quadrant views...
2025-03-13 13:58:56 - INFO - Quadrant view splitting complete. Train views: 4, Test views: 4
2025-03-13 13:58:56 - INFO - >> Starting TDA pipeline transformation on train data...
2025-03-13 14:04:07 - INFO - >> TDA transformation for train data completed (5.19 minutes).
2025-03-13 14:04:07 - INFO - >> Applying TDA pipeline transformation on test data...
2025-03-13 14:06:41 - INFO - >> TDA transformation for test data completed (2.57 minutes).
2025-03-13 14:06:41 - INFO - ========== [Model Training Start] ==========
2025-03-13 14:06:41 - INFO - Training model: original
2025-03-13 14:06:42 - INFO - Model original completed in 0.62 seconds.
2025-03-13 14:06:42 - INFO - >>> Model original trained. Accuracy: 0.9603 (0.62 sec.)
2025-03-13 14:06:42 - INFO - Training model: top_right-original
2025-03-13 14:06:48 - INFO - Model top_right-original completed in 5.70 seconds.
2025-03-13 14:06:48 - INFO - >>> Model top_right-original trained. Accuracy: 0.9635 (5.70 sec.)
2025-03-13 14:06:48 - INFO - Training model: original-bottom_left
2025-03-13 14:06:53 - INFO - Model original-bottom_left completed in 5.72 seconds.
2025-03-13 14:06:53 - INFO - >>> Model original-bottom_left trained. Accuracy: 0.9616 (5.72 sec.)
2025-03-13 14:06:53 - INFO - Training model: top_left-original
2025-03-13 14:06:59 - INFO - Model top_left-original completed in 5.49 seconds.
2025-03-13 14:06:59 - INFO - >>> Model top_left-original trained. Accuracy: 0.9641 (5.49 sec.)
2025-03-13 14:06:59 - INFO - Training model: original-bottom_right
2025-03-13 14:07:05 - INFO - Model original-bottom_right completed in 5.75 seconds.
2025-03-13 14:07:05 - INFO - >>> Model original-bottom_right trained. Accuracy: 0.9649 (5.75 sec.)
2025-03-13 14:07:05 - INFO - Training model: original-tda
2025-03-13 14:07:12 - INFO - Model original-tda completed in 7.07 seconds.
2025-03-13 14:07:12 - INFO - >>> Model original-tda trained. Accuracy: 0.9809 (7.07 sec.)
2025-03-13 14:07:12 - INFO - Training model: top_right-original-bottom_left
2025-03-13 14:07:19 - INFO - Model top_right-original-bottom_left completed in 7.69 seconds.
2025-03-13 14:07:19 - INFO - >>> Model top_right-original-bottom_left trained. Accuracy: 0.9654 (7.69 sec.)
2025-03-13 14:07:19 - INFO - Training model: top_left-top_right-original
2025-03-13 14:07:27 - INFO - Model top_left-top_right-original completed in 7.62 seconds.
2025-03-13 14:07:27 - INFO - >>> Model top_left-top_right-original trained. Accuracy: 0.9663 (7.62 sec.)
2025-03-13 14:07:27 - INFO - Training model: top_right-original-bottom_right
2025-03-13 14:07:35 - INFO - Model top_right-original-bottom_right completed in 7.84 seconds.
2025-03-13 14:07:35 - INFO - >>> Model top_right-original-bottom_right trained. Accuracy: 0.9656 (7.84 sec.)
2025-03-13 14:07:35 - INFO - Training model: top_right-original-tda
2025-03-13 14:07:44 - INFO - Model top_right-original-tda completed in 9.22 seconds.
2025-03-13 14:07:44 - INFO - >>> Model top_right-original-tda trained. Accuracy: 0.9810 (9.22 sec.)
2025-03-13 14:07:44 - INFO - Training model: top_left-original-bottom_left
2025-03-13 14:07:51 - INFO - Model top_left-original-bottom_left completed in 7.45 seconds.
2025-03-13 14:07:51 - INFO - >>> Model top_left-original-bottom_left trained. Accuracy: 0.9661 (7.45 sec.)
2025-03-13 14:07:51 - INFO - Training model: original-bottom_left-bottom_right
2025-03-13 14:07:59 - INFO - Model original-bottom_left-bottom_right completed in 7.68 seconds.
2025-03-13 14:07:59 - INFO - >>> Model original-bottom_left-bottom_right trained. Accuracy: 0.9669 (7.68 sec.)
2025-03-13 14:07:59 - INFO - Training model: original-bottom_left-tda
2025-03-13 14:08:08 - INFO - Model original-bottom_left-tda completed in 9.17 seconds.
2025-03-13 14:08:08 - INFO - >>> Model original-bottom_left-tda trained. Accuracy: 0.9795 (9.17 sec.)
2025-03-13 14:08:08 - INFO - Training model: top_left-original-bottom_right
2025-03-13 14:08:16 - INFO - Model top_left-original-bottom_right completed in 7.61 seconds.
2025-03-13 14:08:16 - INFO - >>> Model top_left-original-bottom_right trained. Accuracy: 0.9664 (7.61 sec.)
2025-03-13 14:08:16 - INFO - Training model: top_left-original-tda
2025-03-13 14:08:25 - INFO - Model top_left-original-tda completed in 9.12 seconds.
2025-03-13 14:08:25 - INFO - >>> Model top_left-original-tda trained. Accuracy: 0.9806 (9.12 sec.)
2025-03-13 14:08:25 - INFO - Training model: original-bottom_right-tda
2025-03-13 14:08:34 - INFO - Model original-bottom_right-tda completed in 9.37 seconds.
2025-03-13 14:08:34 - INFO - >>> Model original-bottom_right-tda trained. Accuracy: 0.9819 (9.37 sec.)
2025-03-13 14:08:34 - INFO - Training model: top_left-top_right-original-bottom_left
2025-03-13 14:08:44 - INFO - Model top_left-top_right-original-bottom_left completed in 9.99 seconds.
2025-03-13 14:08:44 - INFO - >>> Model top_left-top_right-original-bottom_left trained. Accuracy: 0.9684 (9.99 sec.)
2025-03-13 14:08:44 - INFO - Training model: top_right-original-bottom_left-bottom_right
2025-03-13 14:08:54 - INFO - Model top_right-original-bottom_left-bottom_right completed in 9.98 seconds.
2025-03-13 14:08:54 - INFO - >>> Model top_right-original-bottom_left-bottom_right trained. Accuracy: 0.9681 (9.98 sec.)
2025-03-13 14:08:54 - INFO - Training model: top_right-original-bottom_left-tda
2025-03-13 14:09:06 - INFO - Model top_right-original-bottom_left-tda completed in 11.10 seconds.
2025-03-13 14:09:06 - INFO - >>> Model top_right-original-bottom_left-tda trained. Accuracy: 0.9808 (11.10 sec.)
2025-03-13 14:09:06 - INFO - Training model: top_left-top_right-original-bottom_right
2025-03-13 14:09:15 - INFO - Model top_left-top_right-original-bottom_right completed in 9.92 seconds.
2025-03-13 14:09:15 - INFO - >>> Model top_left-top_right-original-bottom_right trained. Accuracy: 0.9685 (9.92 sec.)
2025-03-13 14:09:15 - INFO - Training model: top_left-top_right-original-tda
2025-03-13 14:09:27 - INFO - Model top_left-top_right-original-tda completed in 11.28 seconds.
2025-03-13 14:09:27 - INFO - >>> Model top_left-top_right-original-tda trained. Accuracy: 0.9808 (11.28 sec.)
2025-03-13 14:09:27 - INFO - Training model: top_right-original-bottom_right-tda
2025-03-13 14:09:38 - INFO - Model top_right-original-bottom_right-tda completed in 11.33 seconds.
2025-03-13 14:09:38 - INFO - >>> Model top_right-original-bottom_right-tda trained. Accuracy: 0.9823 (11.33 sec.)
2025-03-13 14:09:38 - INFO - Training model: top_left-original-bottom_left-bottom_right
2025-03-13 14:09:48 - INFO - Model top_left-original-bottom_left-bottom_right completed in 9.59 seconds.
2025-03-13 14:09:48 - INFO - >>> Model top_left-original-bottom_left-bottom_right trained. Accuracy: 0.9681 (9.59 sec.)
2025-03-13 14:09:48 - INFO - Training model: top_left-original-bottom_left-tda
2025-03-13 14:09:59 - INFO - Model top_left-original-bottom_left-tda completed in 11.24 seconds.
2025-03-13 14:09:59 - INFO - >>> Model top_left-original-bottom_left-tda trained. Accuracy: 0.9806 (11.24 sec.)
2025-03-13 14:09:59 - INFO - Training model: tda-original-bottom_left-bottom_right
2025-03-13 14:10:10 - INFO - Model tda-original-bottom_left-bottom_right completed in 11.18 seconds.
2025-03-13 14:10:10 - INFO - >>> Model tda-original-bottom_left-bottom_right trained. Accuracy: 0.9808 (11.18 sec.)
2025-03-13 14:10:10 - INFO - Training model: top_left-original-bottom_right-tda
2025-03-13 14:10:22 - INFO - Model top_left-original-bottom_right-tda completed in 11.49 seconds.
2025-03-13 14:10:22 - INFO - >>> Model top_left-original-bottom_right-tda trained. Accuracy: 0.9817 (11.49 sec.)
2025-03-13 14:10:22 - INFO - Training model: top_right-bottom_left-top_left-original-bottom_right
2025-03-13 14:10:34 - INFO - Model top_right-bottom_left-top_left-original-bottom_right completed in 12.21 seconds.
2025-03-13 14:10:34 - INFO - >>> Model top_right-bottom_left-top_left-original-bottom_right trained. Accuracy: 0.9702 (12.21 sec.)
2025-03-13 14:10:34 - INFO - Training model: top_right-bottom_left-top_left-original-tda
2025-03-13 14:10:47 - INFO - Model top_right-bottom_left-top_left-original-tda completed in 13.19 seconds.
2025-03-13 14:10:47 - INFO - >>> Model top_right-bottom_left-top_left-original-tda trained. Accuracy: 0.9814 (13.19 sec.)
2025-03-13 14:10:47 - INFO - Training model: top_right-bottom_left-original-bottom_right-tda
2025-03-13 14:11:00 - INFO - Model top_right-bottom_left-original-bottom_right-tda completed in 13.15 seconds.
2025-03-13 14:11:00 - INFO - >>> Model top_right-bottom_left-original-bottom_right-tda trained. Accuracy: 0.9817 (13.15 sec.)
2025-03-13 14:11:00 - INFO - Training model: top_right-top_left-original-bottom_right-tda
2025-03-13 14:11:14 - INFO - Model top_right-top_left-original-bottom_right-tda completed in 13.65 seconds.
2025-03-13 14:11:14 - INFO - >>> Model top_right-top_left-original-bottom_right-tda trained. Accuracy: 0.9823 (13.65 sec.)
2025-03-13 14:11:14 - INFO - Training model: bottom_left-top_left-original-bottom_right-tda
2025-03-13 14:11:27 - INFO - Model bottom_left-top_left-original-bottom_right-tda completed in 13.28 seconds.
2025-03-13 14:11:27 - INFO - >>> Model bottom_left-top_left-original-bottom_right-tda trained. Accuracy: 0.9819 (13.28 sec.)
2025-03-13 14:11:27 - INFO - Training model: top_right-bottom_left-top_left-original-bottom_right-tda
2025-03-13 14:11:42 - INFO - Model top_right-bottom_left-top_left-original-bottom_right-tda completed in 15.23 seconds.
2025-03-13 14:11:42 - INFO - >>> Model top_right-bottom_left-top_left-original-bottom_right-tda trained. Accuracy: 0.9818 (15.23 sec.)
2025-03-13 14:11:42 - INFO - All models trained successfully.
2025-03-13 14:11:42 - INFO - ========== [Model Training Completed] in 5.02 minutes ==========
2025-03-13 14:11:42 - INFO - ========== [Experiment Training Complete] ==========
2025-03-13 14:11:42 - INFO - ========== [Finished reading and processing chunks] ==========
2025-03-13 14:11:42 - INFO - Saving results...
2025-03-13 14:11:42 - INFO - Results saved to /home/jovyan/Workspace/workspace_mnist/results/exp_icecream/experiment_trainsize_predictions_2025-03-13_14-11-42.json
2025-03-13 14:11:42 - INFO - Results successfully saved to /home/jovyan/Workspace/workspace_mnist/results/exp_icecream/experiment_trainsize_predictions_2025-03-13_14-11-42.json
2025-03-13 14:11:42 - INFO - Garbage collection executed.
2025-03-13 14:11:42 - INFO - ========== [Experiment Completed] in 12.80 minutes ==========
