2025-03-13 12:38:19 - INFO - Logging initialized.
 Writing to /home/jovyan/Workspace/workspace_mnist/logs/exp_icecream/experiment_logs_2025-03-13_12-38-19.log
2025-03-13 12:38:19 - INFO - ========== [Experiment Start] ==========
2025-03-13 12:38:19 - INFO - Views combinations succesfully generated.
2025-03-13 12:38:19 - INFO - Topological Data Analysis pipeline generated.
2025-03-13 12:38:19 - INFO - Generating folder to save results.
2025-03-13 12:38:19 - INFO - Reading dataset in chunks from mnist_784.csv (chunk size: 70000)
2025-03-13 12:38:19 - INFO - Starting multiview data preparation for a chunk of size (70000, 784)...
2025-03-13 12:38:19 - INFO - Running using 20 jobs.
2025-03-13 12:38:19 - INFO - Splitting data: 72.2% train / 20.0% test (random_state=12444143)
2025-03-13 12:38:20 - INFO - Data split complete. Train size: (40444, 784), Test size: (14000, 784)
2025-03-13 12:38:20 - INFO - Reshaping train and test data into square images...
2025-03-13 12:38:20 - INFO - Reshaping complete. Train images: (40444, 28, 28), Test images: (14000, 28, 28)
2025-03-13 12:38:20 - INFO - Splitting images into quadrant views...
2025-03-13 12:38:20 - INFO - Quadrant view splitting complete. Train views: 4, Test views: 4
2025-03-13 12:38:20 - INFO - >> Starting TDA pipeline transformation on train data...
2025-03-13 12:45:50 - INFO - >> TDA transformation for train data completed (7.51 minutes).
2025-03-13 12:45:50 - INFO - >> Applying TDA pipeline transformation on test data...
2025-03-13 12:48:24 - INFO - >> TDA transformation for test data completed (2.57 minutes).
2025-03-13 12:48:24 - INFO - ========== [Model Training Start] ==========
2025-03-13 12:48:24 - INFO - Training model: original
2025-03-13 12:48:25 - INFO - Model original completed in 0.97 seconds.
2025-03-13 12:48:25 - INFO - >>> Model original trained. Accuracy: 0.9656 (0.97 sec.)
2025-03-13 12:48:25 - INFO - Training model: top_right-original
2025-03-13 12:48:34 - INFO - Model top_right-original completed in 8.10 seconds.
2025-03-13 12:48:34 - INFO - >>> Model top_right-original trained. Accuracy: 0.9674 (8.10 sec.)
2025-03-13 12:48:34 - INFO - Training model: original-bottom_left
2025-03-13 12:48:41 - INFO - Model original-bottom_left completed in 7.77 seconds.
2025-03-13 12:48:41 - INFO - >>> Model original-bottom_left trained. Accuracy: 0.9676 (7.77 sec.)
2025-03-13 12:48:41 - INFO - Training model: top_left-original
2025-03-13 12:48:49 - INFO - Model top_left-original completed in 7.67 seconds.
2025-03-13 12:48:49 - INFO - >>> Model top_left-original trained. Accuracy: 0.9681 (7.67 sec.)
2025-03-13 12:48:49 - INFO - Training model: original-bottom_right
2025-03-13 12:48:57 - INFO - Model original-bottom_right completed in 8.04 seconds.
2025-03-13 12:48:57 - INFO - >>> Model original-bottom_right trained. Accuracy: 0.9697 (8.04 sec.)
2025-03-13 12:48:57 - INFO - Training model: original-tda
2025-03-13 12:49:07 - INFO - Model original-tda completed in 10.11 seconds.
2025-03-13 12:49:07 - INFO - >>> Model original-tda trained. Accuracy: 0.9813 (10.11 sec.)
2025-03-13 12:49:07 - INFO - Training model: top_right-original-bottom_left
2025-03-13 12:49:18 - INFO - Model top_right-original-bottom_left completed in 10.87 seconds.
2025-03-13 12:49:18 - INFO - >>> Model top_right-original-bottom_left trained. Accuracy: 0.9692 (10.87 sec.)
2025-03-13 12:49:18 - INFO - Training model: top_left-top_right-original
2025-03-13 12:49:29 - INFO - Model top_left-top_right-original completed in 10.97 seconds.
2025-03-13 12:49:29 - INFO - >>> Model top_left-top_right-original trained. Accuracy: 0.9698 (10.97 sec.)
2025-03-13 12:49:29 - INFO - Training model: top_right-original-bottom_right
2025-03-13 12:49:40 - INFO - Model top_right-original-bottom_right completed in 11.11 seconds.
2025-03-13 12:49:40 - INFO - >>> Model top_right-original-bottom_right trained. Accuracy: 0.9706 (11.11 sec.)
2025-03-13 12:49:40 - INFO - Training model: top_right-original-tda
2025-03-13 12:49:53 - INFO - Model top_right-original-tda completed in 13.00 seconds.
2025-03-13 12:49:53 - INFO - >>> Model top_right-original-tda trained. Accuracy: 0.9820 (13.00 sec.)
2025-03-13 12:49:53 - INFO - Training model: top_left-original-bottom_left
2025-03-13 12:50:04 - INFO - Model top_left-original-bottom_left completed in 10.90 seconds.
2025-03-13 12:50:04 - INFO - >>> Model top_left-original-bottom_left trained. Accuracy: 0.9704 (10.90 sec.)
2025-03-13 12:50:04 - INFO - Training model: original-bottom_left-bottom_right
2025-03-13 12:50:15 - INFO - Model original-bottom_left-bottom_right completed in 11.16 seconds.
2025-03-13 12:50:15 - INFO - >>> Model original-bottom_left-bottom_right trained. Accuracy: 0.9706 (11.16 sec.)
2025-03-13 12:50:15 - INFO - Training model: original-bottom_left-tda
2025-03-13 12:50:28 - INFO - Model original-bottom_left-tda completed in 12.96 seconds.
2025-03-13 12:50:28 - INFO - >>> Model original-bottom_left-tda trained. Accuracy: 0.9803 (12.96 sec.)
2025-03-13 12:50:28 - INFO - Training model: top_left-original-bottom_right
2025-03-13 12:50:39 - INFO - Model top_left-original-bottom_right completed in 10.84 seconds.
2025-03-13 12:50:39 - INFO - >>> Model top_left-original-bottom_right trained. Accuracy: 0.9714 (10.84 sec.)
2025-03-13 12:50:39 - INFO - Training model: top_left-original-tda
2025-03-13 12:50:52 - INFO - Model top_left-original-tda completed in 13.03 seconds.
2025-03-13 12:50:52 - INFO - >>> Model top_left-original-tda trained. Accuracy: 0.9814 (13.03 sec.)
2025-03-13 12:50:52 - INFO - Training model: original-bottom_right-tda
2025-03-13 12:51:05 - INFO - Model original-bottom_right-tda completed in 13.04 seconds.
2025-03-13 12:51:05 - INFO - >>> Model original-bottom_right-tda trained. Accuracy: 0.9826 (13.04 sec.)
2025-03-13 12:51:05 - INFO - Training model: top_left-top_right-original-bottom_left
2025-03-13 12:51:19 - INFO - Model top_left-top_right-original-bottom_left completed in 13.59 seconds.
2025-03-13 12:51:19 - INFO - >>> Model top_left-top_right-original-bottom_left trained. Accuracy: 0.9721 (13.59 sec.)
2025-03-13 12:51:19 - INFO - Training model: top_right-original-bottom_left-bottom_right
2025-03-13 12:51:33 - INFO - Model top_right-original-bottom_left-bottom_right completed in 13.82 seconds.
2025-03-13 12:51:33 - INFO - >>> Model top_right-original-bottom_left-bottom_right trained. Accuracy: 0.9725 (13.82 sec.)
2025-03-13 12:51:33 - INFO - Training model: top_right-original-bottom_left-tda
2025-03-13 12:51:49 - INFO - Model top_right-original-bottom_left-tda completed in 16.00 seconds.
2025-03-13 12:51:49 - INFO - >>> Model top_right-original-bottom_left-tda trained. Accuracy: 0.9820 (16.00 sec.)
2025-03-13 12:51:49 - INFO - Training model: top_left-top_right-original-bottom_right
2025-03-13 12:52:02 - INFO - Model top_left-top_right-original-bottom_right completed in 13.91 seconds.
2025-03-13 12:52:02 - INFO - >>> Model top_left-top_right-original-bottom_right trained. Accuracy: 0.9736 (13.91 sec.)
2025-03-13 12:52:02 - INFO - Training model: top_left-top_right-original-tda
2025-03-13 12:52:18 - INFO - Model top_left-top_right-original-tda completed in 15.68 seconds.
2025-03-13 12:52:18 - INFO - >>> Model top_left-top_right-original-tda trained. Accuracy: 0.9821 (15.68 sec.)
2025-03-13 12:52:18 - INFO - Training model: top_right-original-bottom_right-tda
2025-03-13 12:52:34 - INFO - Model top_right-original-bottom_right-tda completed in 16.33 seconds.
2025-03-13 12:52:34 - INFO - >>> Model top_right-original-bottom_right-tda trained. Accuracy: 0.9836 (16.33 sec.)
2025-03-13 12:52:34 - INFO - Training model: top_left-original-bottom_left-bottom_right
2025-03-13 12:52:48 - INFO - Model top_left-original-bottom_left-bottom_right completed in 13.71 seconds.
2025-03-13 12:52:48 - INFO - >>> Model top_left-original-bottom_left-bottom_right trained. Accuracy: 0.9723 (13.71 sec.)
2025-03-13 12:52:48 - INFO - Training model: top_left-original-bottom_left-tda
2025-03-13 12:53:04 - INFO - Model top_left-original-bottom_left-tda completed in 15.86 seconds.
2025-03-13 12:53:04 - INFO - >>> Model top_left-original-bottom_left-tda trained. Accuracy: 0.9812 (15.86 sec.)
2025-03-13 12:53:04 - INFO - Training model: tda-original-bottom_left-bottom_right
2025-03-13 12:53:20 - INFO - Model tda-original-bottom_left-bottom_right completed in 16.04 seconds.
2025-03-13 12:53:20 - INFO - >>> Model tda-original-bottom_left-bottom_right trained. Accuracy: 0.9810 (16.04 sec.)
2025-03-13 12:53:20 - INFO - Training model: top_left-original-bottom_right-tda
2025-03-13 12:53:36 - INFO - Model top_left-original-bottom_right-tda completed in 16.02 seconds.
2025-03-13 12:53:36 - INFO - >>> Model top_left-original-bottom_right-tda trained. Accuracy: 0.9839 (16.02 sec.)
2025-03-13 12:53:36 - INFO - Training model: top_right-bottom_left-top_left-original-bottom_right
2025-03-13 12:53:53 - INFO - Model top_right-bottom_left-top_left-original-bottom_right completed in 16.91 seconds.
2025-03-13 12:53:53 - INFO - >>> Model top_right-bottom_left-top_left-original-bottom_right trained. Accuracy: 0.9744 (16.91 sec.)
2025-03-13 12:53:53 - INFO - Training model: top_right-bottom_left-top_left-original-tda
2025-03-13 12:54:11 - INFO - Model top_right-bottom_left-top_left-original-tda completed in 18.45 seconds.
2025-03-13 12:54:11 - INFO - >>> Model top_right-bottom_left-top_left-original-tda trained. Accuracy: 0.9829 (18.45 sec.)
2025-03-13 12:54:11 - INFO - Training model: top_right-bottom_left-original-bottom_right-tda
2025-03-13 12:54:31 - INFO - Model top_right-bottom_left-original-bottom_right-tda completed in 19.15 seconds.
2025-03-13 12:54:31 - INFO - >>> Model top_right-bottom_left-original-bottom_right-tda trained. Accuracy: 0.9827 (19.15 sec.)
2025-03-13 12:54:31 - INFO - Training model: top_right-top_left-original-bottom_right-tda
2025-03-13 12:54:50 - INFO - Model top_right-top_left-original-bottom_right-tda completed in 18.94 seconds.
2025-03-13 12:54:50 - INFO - >>> Model top_right-top_left-original-bottom_right-tda trained. Accuracy: 0.9829 (18.94 sec.)
2025-03-13 12:54:50 - INFO - Training model: bottom_left-top_left-original-bottom_right-tda
2025-03-13 12:55:08 - INFO - Model bottom_left-top_left-original-bottom_right-tda completed in 18.91 seconds.
2025-03-13 12:55:08 - INFO - >>> Model bottom_left-top_left-original-bottom_right-tda trained. Accuracy: 0.9825 (18.91 sec.)
2025-03-13 12:55:08 - INFO - Training model: top_right-bottom_left-top_left-original-bottom_right-tda
2025-03-13 12:55:30 - INFO - Model top_right-bottom_left-top_left-original-bottom_right-tda completed in 21.63 seconds.
2025-03-13 12:55:30 - INFO - >>> Model top_right-bottom_left-top_left-original-bottom_right-tda trained. Accuracy: 0.9838 (21.63 sec.)
2025-03-13 12:55:30 - INFO - All models trained successfully.
2025-03-13 12:55:30 - INFO - ========== [Model Training Completed] in 7.09 minutes ==========
2025-03-13 12:55:30 - INFO - ========== [Experiment Training Complete] ==========
2025-03-13 12:55:30 - INFO - ========== [Finished reading and processing chunks] ==========
2025-03-13 12:55:30 - INFO - Saving results...
2025-03-13 12:55:30 - INFO - Results saved to /home/jovyan/Workspace/workspace_mnist/results/exp_icecream/experiment_trainsize_predictions_2025-03-13_12-55-30.json
2025-03-13 12:55:30 - INFO - Results successfully saved to /home/jovyan/Workspace/workspace_mnist/results/exp_icecream/experiment_trainsize_predictions_2025-03-13_12-55-30.json
2025-03-13 12:55:30 - INFO - Garbage collection executed.
2025-03-13 12:55:30 - INFO - ========== [Experiment Completed] in 17.19 minutes ==========
