2025-04-01 22:50:05 - INFO - Logging initialized.
 Writing to /home/jovyan/Workspace/workspace_mnist/logs/exp_noise_icecream_salt_q50_lowdata/experiment_logs_2025-04-01_22-50-05.log
2025-04-01 22:50:05 - INFO - ========== [Experiment Start] ==========
2025-04-01 22:50:05 - INFO - Views combinations succesfully generated.
2025-04-01 22:50:05 - INFO - Topological Data Analysis pipeline generated.
2025-04-01 22:50:05 - INFO - Generating folder to save results.
2025-04-01 22:50:05 - INFO - Reading dataset in chunks from mnist_784.csv (chunk size: 70000)
2025-04-01 22:50:06 - INFO - Starting multiview data preparation for a chunk of size (70000, 784)...
2025-04-01 22:50:06 - INFO - Running using 22 jobs.
2025-04-01 22:50:06 - INFO - Contaminating dataset with salt using 3.
2025-04-01 22:50:10 - INFO - Splitting data: 3.0% train / 20.0% test (random_state=910968928)
2025-04-01 22:50:10 - INFO - Data split complete. Train size: (1680, 784), Test size: (14000, 784)
2025-04-01 22:50:10 - INFO - Reshaping train and test data into square images...
2025-04-01 22:50:10 - INFO - Reshaping complete. Train images: (1680, 28, 28), Test images: (14000, 28, 28)
2025-04-01 22:50:10 - INFO - Splitting images into quadrant views...
2025-04-01 22:50:10 - INFO - Quadrant view splitting complete. Train views: 4, Test views: 4
2025-04-01 22:50:10 - INFO - >> Starting TDA pipeline transformation on train data...
2025-04-01 22:50:26 - INFO - >> TDA transformation for train data completed (0.28 minutes).
2025-04-01 22:50:26 - INFO - >> Applying TDA pipeline transformation on test data...
2025-04-01 22:52:38 - INFO - >> TDA transformation for test data completed (2.20 minutes).
2025-04-01 22:52:38 - INFO - ========== [Model Training Start] ==========
2025-04-01 22:52:38 - INFO - Training model: original
2025-04-01 22:52:39 - INFO - Model original completed in 0.37 seconds.
2025-04-01 22:52:39 - INFO - >>> Model original trained. Accuracy: 0.9139 (0.37 sec.)
2025-04-01 22:52:39 - INFO - Training model: original-top_right
2025-04-01 22:52:44 - INFO - Model original-top_right completed in 5.69 seconds.
2025-04-01 22:52:44 - INFO - >>> Model original-top_right trained. Accuracy: 0.9160 (5.69 sec.)
2025-04-01 22:52:44 - INFO - Training model: original-top_left
2025-04-01 22:52:50 - INFO - Model original-top_left completed in 5.75 seconds.
2025-04-01 22:52:50 - INFO - >>> Model original-top_left trained. Accuracy: 0.9191 (5.75 sec.)
2025-04-01 22:52:50 - INFO - Training model: tda-original
2025-04-01 22:52:55 - INFO - Model tda-original completed in 4.92 seconds.
2025-04-01 22:52:55 - INFO - >>> Model tda-original trained. Accuracy: 0.9341 (4.92 sec.)
2025-04-01 22:52:55 - INFO - Training model: original-bottom_left
2025-04-01 22:53:01 - INFO - Model original-bottom_left completed in 5.65 seconds.
2025-04-01 22:53:01 - INFO - >>> Model original-bottom_left trained. Accuracy: 0.9151 (5.65 sec.)
2025-04-01 22:53:01 - INFO - Training model: bottom_right-original
2025-04-01 22:53:06 - INFO - Model bottom_right-original completed in 5.70 seconds.
2025-04-01 22:53:06 - INFO - >>> Model bottom_right-original trained. Accuracy: 0.9173 (5.70 sec.)
2025-04-01 22:53:06 - INFO - Training model: original-top_left-top_right
2025-04-01 22:53:15 - INFO - Model original-top_left-top_right completed in 8.96 seconds.
2025-04-01 22:53:15 - INFO - >>> Model original-top_left-top_right trained. Accuracy: 0.9245 (8.96 sec.)
2025-04-01 22:53:15 - INFO - Training model: tda-original-top_right
2025-04-01 22:53:23 - INFO - Model tda-original-top_right completed in 7.71 seconds.
2025-04-01 22:53:23 - INFO - >>> Model tda-original-top_right trained. Accuracy: 0.9404 (7.71 sec.)
2025-04-01 22:53:23 - INFO - Training model: original-bottom_left-top_right
2025-04-01 22:53:31 - INFO - Model original-bottom_left-top_right completed in 8.24 seconds.
2025-04-01 22:53:31 - INFO - >>> Model original-bottom_left-top_right trained. Accuracy: 0.9210 (8.24 sec.)
2025-04-01 22:53:31 - INFO - Training model: bottom_right-original-top_right
2025-04-01 22:53:39 - INFO - Model bottom_right-original-top_right completed in 8.18 seconds.
2025-04-01 22:53:39 - INFO - >>> Model bottom_right-original-top_right trained. Accuracy: 0.9219 (8.18 sec.)
2025-04-01 22:53:39 - INFO - Training model: tda-original-top_left
2025-04-01 22:53:47 - INFO - Model tda-original-top_left completed in 7.54 seconds.
2025-04-01 22:53:47 - INFO - >>> Model tda-original-top_left trained. Accuracy: 0.9401 (7.54 sec.)
2025-04-01 22:53:47 - INFO - Training model: bottom_left-original-top_left
2025-04-01 22:53:55 - INFO - Model bottom_left-original-top_left completed in 8.53 seconds.
2025-04-01 22:53:55 - INFO - >>> Model bottom_left-original-top_left trained. Accuracy: 0.9217 (8.53 sec.)
2025-04-01 22:53:55 - INFO - Training model: bottom_right-original-top_left
2025-04-01 22:54:04 - INFO - Model bottom_right-original-top_left completed in 8.38 seconds.
2025-04-01 22:54:04 - INFO - >>> Model bottom_right-original-top_left trained. Accuracy: 0.9209 (8.38 sec.)
2025-04-01 22:54:04 - INFO - Training model: tda-original-bottom_left
2025-04-01 22:54:12 - INFO - Model tda-original-bottom_left completed in 8.05 seconds.
2025-04-01 22:54:12 - INFO - >>> Model tda-original-bottom_left trained. Accuracy: 0.9321 (8.05 sec.)
2025-04-01 22:54:12 - INFO - Training model: tda-bottom_right-original
2025-04-01 22:54:20 - INFO - Model tda-bottom_right-original completed in 7.83 seconds.
2025-04-01 22:54:20 - INFO - >>> Model tda-bottom_right-original trained. Accuracy: 0.9331 (7.83 sec.)
2025-04-01 22:54:20 - INFO - Training model: bottom_right-original-bottom_left
2025-04-01 22:54:28 - INFO - Model bottom_right-original-bottom_left completed in 8.21 seconds.
2025-04-01 22:54:28 - INFO - >>> Model bottom_right-original-bottom_left trained. Accuracy: 0.9184 (8.21 sec.)
2025-04-01 22:54:28 - INFO - Training model: tda-original-top_left-top_right
2025-04-01 22:54:38 - INFO - Model tda-original-top_left-top_right completed in 10.42 seconds.
2025-04-01 22:54:38 - INFO - >>> Model tda-original-top_left-top_right trained. Accuracy: 0.9436 (10.42 sec.)
2025-04-01 22:54:38 - INFO - Training model: bottom_left-original-top_left-top_right
2025-04-01 22:54:50 - INFO - Model bottom_left-original-top_left-top_right completed in 11.29 seconds.
2025-04-01 22:54:50 - INFO - >>> Model bottom_left-original-top_left-top_right trained. Accuracy: 0.9286 (11.29 sec.)
2025-04-01 22:54:50 - INFO - Training model: bottom_right-original-top_left-top_right
2025-04-01 22:55:01 - INFO - Model bottom_right-original-top_left-top_right completed in 11.10 seconds.
2025-04-01 22:55:01 - INFO - >>> Model bottom_right-original-top_left-top_right trained. Accuracy: 0.9306 (11.10 sec.)
2025-04-01 22:55:01 - INFO - Training model: tda-original-bottom_left-top_right
2025-04-01 22:55:11 - INFO - Model tda-original-bottom_left-top_right completed in 10.49 seconds.
2025-04-01 22:55:11 - INFO - >>> Model tda-original-bottom_left-top_right trained. Accuracy: 0.9389 (10.49 sec.)
2025-04-01 22:55:11 - INFO - Training model: tda-bottom_right-original-top_right
2025-04-01 22:55:22 - INFO - Model tda-bottom_right-original-top_right completed in 10.50 seconds.
2025-04-01 22:55:22 - INFO - >>> Model tda-bottom_right-original-top_right trained. Accuracy: 0.9415 (10.50 sec.)
2025-04-01 22:55:22 - INFO - Training model: bottom_right-original-bottom_left-top_right
2025-04-01 22:55:33 - INFO - Model bottom_right-original-bottom_left-top_right completed in 10.98 seconds.
2025-04-01 22:55:33 - INFO - >>> Model bottom_right-original-bottom_left-top_right trained. Accuracy: 0.9259 (10.98 sec.)
2025-04-01 22:55:33 - INFO - Training model: tda-bottom_left-original-top_left
2025-04-01 22:55:43 - INFO - Model tda-bottom_left-original-top_left completed in 9.93 seconds.
2025-04-01 22:55:43 - INFO - >>> Model tda-bottom_left-original-top_left trained. Accuracy: 0.9391 (9.93 sec.)
2025-04-01 22:55:43 - INFO - Training model: tda-bottom_right-original-top_left
2025-04-01 22:55:53 - INFO - Model tda-bottom_right-original-top_left completed in 10.31 seconds.
2025-04-01 22:55:53 - INFO - >>> Model tda-bottom_right-original-top_left trained. Accuracy: 0.9401 (10.31 sec.)
2025-04-01 22:55:53 - INFO - Training model: bottom_right-bottom_left-original-top_left
2025-04-01 22:56:04 - INFO - Model bottom_right-bottom_left-original-top_left completed in 11.09 seconds.
2025-04-01 22:56:04 - INFO - >>> Model bottom_right-bottom_left-original-top_left trained. Accuracy: 0.9247 (11.09 sec.)
2025-04-01 22:56:04 - INFO - Training model: tda-bottom_right-original-bottom_left
2025-04-01 22:56:15 - INFO - Model tda-bottom_right-original-bottom_left completed in 10.81 seconds.
2025-04-01 22:56:15 - INFO - >>> Model tda-bottom_right-original-bottom_left trained. Accuracy: 0.9334 (10.81 sec.)
2025-04-01 22:56:15 - INFO - Training model: top_right-top_left-tda-bottom_left-original
2025-04-01 22:56:29 - INFO - Model top_right-top_left-tda-bottom_left-original completed in 13.66 seconds.
2025-04-01 22:56:29 - INFO - >>> Model top_right-top_left-tda-bottom_left-original trained. Accuracy: 0.9436 (13.66 sec.)
2025-04-01 22:56:29 - INFO - Training model: top_right-top_left-tda-bottom_right-original
2025-04-01 22:56:42 - INFO - Model top_right-top_left-tda-bottom_right-original completed in 13.24 seconds.
2025-04-01 22:56:42 - INFO - >>> Model top_right-top_left-tda-bottom_right-original trained. Accuracy: 0.9444 (13.24 sec.)
2025-04-01 22:56:42 - INFO - Training model: top_right-top_left-bottom_left-bottom_right-original
2025-04-01 22:56:55 - INFO - Model top_right-top_left-bottom_left-bottom_right-original completed in 13.24 seconds.
2025-04-01 22:56:55 - INFO - >>> Model top_right-top_left-bottom_left-bottom_right-original trained. Accuracy: 0.9314 (13.24 sec.)
2025-04-01 22:56:55 - INFO - Training model: top_right-tda-bottom_left-bottom_right-original
2025-04-01 22:57:07 - INFO - Model top_right-tda-bottom_left-bottom_right-original completed in 12.17 seconds.
2025-04-01 22:57:07 - INFO - >>> Model top_right-tda-bottom_left-bottom_right-original trained. Accuracy: 0.9414 (12.17 sec.)
2025-04-01 22:57:07 - INFO - Training model: top_left-tda-bottom_left-bottom_right-original
2025-04-01 22:57:20 - INFO - Model top_left-tda-bottom_left-bottom_right-original completed in 12.36 seconds.
2025-04-01 22:57:20 - INFO - >>> Model top_left-tda-bottom_left-bottom_right-original trained. Accuracy: 0.9404 (12.36 sec.)
2025-04-01 22:57:20 - INFO - Training model: top_right-top_left-tda-bottom_left-bottom_right-original
2025-04-01 22:57:35 - INFO - Model top_right-top_left-tda-bottom_left-bottom_right-original completed in 15.06 seconds.
2025-04-01 22:57:35 - INFO - >>> Model top_right-top_left-tda-bottom_left-bottom_right-original trained. Accuracy: 0.9457 (15.06 sec.)
2025-04-01 22:57:35 - INFO - All models trained successfully.
2025-04-01 22:57:35 - INFO - ========== [Model Training Completed] in 4.94 minutes ==========
2025-04-01 22:57:35 - INFO - ========== [Experiment Training Complete] ==========
2025-04-01 22:57:35 - INFO - Results saved to /home/jovyan/Workspace/workspace_mnist/results/exp_noise_icecream_salt_q50_lowdata/experiment_trainsize_predictions_2025-04-01_22-57-35.json
2025-04-01 22:57:35 - INFO - Results successfully saved to /home/jovyan/Workspace/workspace_mnist/results/exp_noise_icecream_salt_q50_lowdata/experiment_trainsize_predictions_2025-04-01_22-57-35.json
2025-04-01 22:57:35 - INFO - Garbage collection executed.
2025-04-01 22:57:35 - INFO - ========== [Experiment Completed] in 7.50 minutes ==========
