2025-04-02 09:49:27 - INFO - Logging initialized.
 Writing to /home/jovyan/Workspace/workspace_mnist/logs/exp_noise_icecream_salt_q50_lowdata/experiment_logs_2025-04-02_09-49-27.log
2025-04-02 09:49:27 - INFO - ========== [Experiment Start] ==========
2025-04-02 09:49:27 - INFO - Views combinations succesfully generated.
2025-04-02 09:49:27 - INFO - Topological Data Analysis pipeline generated.
2025-04-02 09:49:27 - INFO - Generating folder to save results.
2025-04-02 09:49:27 - INFO - Reading dataset in chunks from mnist_784.csv (chunk size: 70000)
2025-04-02 09:49:27 - INFO - Starting multiview data preparation for a chunk of size (70000, 784)...
2025-04-02 09:49:27 - INFO - Running using 22 jobs.
2025-04-02 09:49:27 - INFO - Contaminating dataset with circles using 2.
2025-04-02 09:49:31 - INFO - Splitting data: 56.7% train / 20.0% test (random_state=12444143)
2025-04-02 09:49:31 - INFO - Data split complete. Train size: (31733, 784), Test size: (14000, 784)
2025-04-02 09:49:31 - INFO - Reshaping train and test data into square images...
2025-04-02 09:49:31 - INFO - Reshaping complete. Train images: (31733, 28, 28), Test images: (14000, 28, 28)
2025-04-02 09:49:31 - INFO - Splitting images into quadrant views...
2025-04-02 09:49:31 - INFO - Quadrant view splitting complete. Train views: 4, Test views: 4
2025-04-02 09:49:31 - INFO - >> Starting TDA pipeline transformation on train data...
2025-04-02 09:54:11 - INFO - >> TDA transformation for train data completed (4.66 minutes).
2025-04-02 09:54:11 - INFO - >> Applying TDA pipeline transformation on test data...
2025-04-02 09:56:14 - INFO - >> TDA transformation for test data completed (2.04 minutes).
2025-04-02 09:56:14 - INFO - ========== [Model Training Start] ==========
2025-04-02 09:56:14 - INFO - Training model: original
2025-04-02 09:56:15 - INFO - Model original completed in 0.86 seconds.
2025-04-02 09:56:15 - INFO - >>> Model original trained. Accuracy: 0.8504 (0.86 sec.)
2025-04-02 09:56:15 - INFO - Training model: original-tda
2025-04-02 09:56:25 - INFO - Model original-tda completed in 10.12 seconds.
2025-04-02 09:56:25 - INFO - >>> Model original-tda trained. Accuracy: 0.8648 (10.12 sec.)
2025-04-02 09:56:25 - INFO - Training model: original-bottom_right
2025-04-02 09:56:32 - INFO - Model original-bottom_right completed in 7.36 seconds.
2025-04-02 09:56:32 - INFO - >>> Model original-bottom_right trained. Accuracy: 0.8550 (7.36 sec.)
2025-04-02 09:56:32 - INFO - Training model: original-top_right
2025-04-02 09:56:39 - INFO - Model original-top_right completed in 7.24 seconds.
2025-04-02 09:56:39 - INFO - >>> Model original-top_right trained. Accuracy: 0.8588 (7.24 sec.)
2025-04-02 09:56:39 - INFO - Training model: original-top_left
2025-04-02 09:56:47 - INFO - Model original-top_left completed in 7.09 seconds.
2025-04-02 09:56:47 - INFO - >>> Model original-top_left trained. Accuracy: 0.8558 (7.09 sec.)
2025-04-02 09:56:47 - INFO - Training model: original-bottom_left
2025-04-02 09:56:54 - INFO - Model original-bottom_left completed in 7.27 seconds.
2025-04-02 09:56:54 - INFO - >>> Model original-bottom_left trained. Accuracy: 0.8516 (7.27 sec.)
2025-04-02 09:56:54 - INFO - Training model: original-bottom_right-tda
2025-04-02 09:57:07 - INFO - Model original-bottom_right-tda completed in 12.82 seconds.
2025-04-02 09:57:07 - INFO - >>> Model original-bottom_right-tda trained. Accuracy: 0.8669 (12.82 sec.)
2025-04-02 09:57:07 - INFO - Training model: original-top_right-tda
2025-04-02 09:57:20 - INFO - Model original-top_right-tda completed in 13.05 seconds.
2025-04-02 09:57:20 - INFO - >>> Model original-top_right-tda trained. Accuracy: 0.8701 (13.05 sec.)
2025-04-02 09:57:20 - INFO - Training model: original-top_left-tda
2025-04-02 09:57:32 - INFO - Model original-top_left-tda completed in 12.76 seconds.
2025-04-02 09:57:32 - INFO - >>> Model original-top_left-tda trained. Accuracy: 0.8683 (12.76 sec.)
2025-04-02 09:57:32 - INFO - Training model: original-tda-bottom_left
2025-04-02 09:57:45 - INFO - Model original-tda-bottom_left completed in 12.95 seconds.
2025-04-02 09:57:45 - INFO - >>> Model original-tda-bottom_left trained. Accuracy: 0.8651 (12.95 sec.)
2025-04-02 09:57:45 - INFO - Training model: original-bottom_right-top_right
2025-04-02 09:57:56 - INFO - Model original-bottom_right-top_right completed in 10.18 seconds.
2025-04-02 09:57:56 - INFO - >>> Model original-bottom_right-top_right trained. Accuracy: 0.8616 (10.18 sec.)
2025-04-02 09:57:56 - INFO - Training model: original-bottom_right-top_left
2025-04-02 09:58:05 - INFO - Model original-bottom_right-top_left completed in 9.82 seconds.
2025-04-02 09:58:05 - INFO - >>> Model original-bottom_right-top_left trained. Accuracy: 0.8596 (9.82 sec.)
2025-04-02 09:58:05 - INFO - Training model: original-bottom_right-bottom_left
2025-04-02 09:58:15 - INFO - Model original-bottom_right-bottom_left completed in 9.98 seconds.
2025-04-02 09:58:15 - INFO - >>> Model original-bottom_right-bottom_left trained. Accuracy: 0.8564 (9.98 sec.)
2025-04-02 09:58:15 - INFO - Training model: original-top_left-top_right
2025-04-02 09:58:25 - INFO - Model original-top_left-top_right completed in 9.99 seconds.
2025-04-02 09:58:25 - INFO - >>> Model original-top_left-top_right trained. Accuracy: 0.8624 (9.99 sec.)
2025-04-02 09:58:25 - INFO - Training model: original-top_right-bottom_left
2025-04-02 09:58:36 - INFO - Model original-top_right-bottom_left completed in 10.10 seconds.
2025-04-02 09:58:36 - INFO - >>> Model original-top_right-bottom_left trained. Accuracy: 0.8654 (10.10 sec.)
2025-04-02 09:58:36 - INFO - Training model: original-top_left-bottom_left
2025-04-02 09:58:46 - INFO - Model original-top_left-bottom_left completed in 10.01 seconds.
2025-04-02 09:58:46 - INFO - >>> Model original-top_left-bottom_left trained. Accuracy: 0.8585 (10.01 sec.)
2025-04-02 09:58:46 - INFO - Training model: original-bottom_right-top_right-tda
2025-04-02 09:59:01 - INFO - Model original-bottom_right-top_right-tda completed in 15.78 seconds.
2025-04-02 09:59:01 - INFO - >>> Model original-bottom_right-top_right-tda trained. Accuracy: 0.8759 (15.78 sec.)
2025-04-02 09:59:01 - INFO - Training model: original-bottom_right-top_left-tda
2025-04-02 09:59:17 - INFO - Model original-bottom_right-top_left-tda completed in 15.31 seconds.
2025-04-02 09:59:17 - INFO - >>> Model original-bottom_right-top_left-tda trained. Accuracy: 0.8746 (15.31 sec.)
2025-04-02 09:59:17 - INFO - Training model: original-bottom_right-tda-bottom_left
2025-04-02 09:59:32 - INFO - Model original-bottom_right-tda-bottom_left completed in 15.69 seconds.
2025-04-02 09:59:32 - INFO - >>> Model original-bottom_right-tda-bottom_left trained. Accuracy: 0.8695 (15.69 sec.)
2025-04-02 09:59:32 - INFO - Training model: original-top_left-top_right-tda
2025-04-02 09:59:48 - INFO - Model original-top_left-top_right-tda completed in 15.47 seconds.
2025-04-02 09:59:48 - INFO - >>> Model original-top_left-top_right-tda trained. Accuracy: 0.8727 (15.47 sec.)
2025-04-02 09:59:48 - INFO - Training model: original-top_right-tda-bottom_left
2025-04-02 10:00:03 - INFO - Model original-top_right-tda-bottom_left completed in 15.08 seconds.
2025-04-02 10:00:03 - INFO - >>> Model original-top_right-tda-bottom_left trained. Accuracy: 0.8745 (15.08 sec.)
2025-04-02 10:00:03 - INFO - Training model: original-top_left-tda-bottom_left
2025-04-02 10:00:18 - INFO - Model original-top_left-tda-bottom_left completed in 15.38 seconds.
2025-04-02 10:00:18 - INFO - >>> Model original-top_left-tda-bottom_left trained. Accuracy: 0.8704 (15.38 sec.)
2025-04-02 10:00:18 - INFO - Training model: original-bottom_right-top_left-top_right
2025-04-02 10:00:31 - INFO - Model original-bottom_right-top_left-top_right completed in 12.59 seconds.
2025-04-02 10:00:31 - INFO - >>> Model original-bottom_right-top_left-top_right trained. Accuracy: 0.8697 (12.59 sec.)
2025-04-02 10:00:31 - INFO - Training model: original-bottom_right-top_right-bottom_left
2025-04-02 10:00:44 - INFO - Model original-bottom_right-top_right-bottom_left completed in 12.71 seconds.
2025-04-02 10:00:44 - INFO - >>> Model original-bottom_right-top_right-bottom_left trained. Accuracy: 0.8671 (12.71 sec.)
2025-04-02 10:00:44 - INFO - Training model: original-bottom_right-top_left-bottom_left
2025-04-02 10:00:56 - INFO - Model original-bottom_right-top_left-bottom_left completed in 12.29 seconds.
2025-04-02 10:00:56 - INFO - >>> Model original-bottom_right-top_left-bottom_left trained. Accuracy: 0.8635 (12.29 sec.)
2025-04-02 10:00:56 - INFO - Training model: original-top_left-top_right-bottom_left
2025-04-02 10:01:08 - INFO - Model original-top_left-top_right-bottom_left completed in 12.49 seconds.
2025-04-02 10:01:08 - INFO - >>> Model original-top_left-top_right-bottom_left trained. Accuracy: 0.8671 (12.49 sec.)
2025-04-02 10:01:08 - INFO - Training model: tda-bottom_right-top_right-top_left-original
2025-04-02 10:01:26 - INFO - Model tda-bottom_right-top_right-top_left-original completed in 18.06 seconds.
2025-04-02 10:01:26 - INFO - >>> Model tda-bottom_right-top_right-top_left-original trained. Accuracy: 0.8825 (18.06 sec.)
2025-04-02 10:01:26 - INFO - Training model: tda-bottom_right-top_right-bottom_left-original
2025-04-02 10:01:44 - INFO - Model tda-bottom_right-top_right-bottom_left-original completed in 18.04 seconds.
2025-04-02 10:01:44 - INFO - >>> Model tda-bottom_right-top_right-bottom_left-original trained. Accuracy: 0.8784 (18.04 sec.)
2025-04-02 10:01:44 - INFO - Training model: tda-bottom_right-top_left-bottom_left-original
2025-04-02 10:02:03 - INFO - Model tda-bottom_right-top_left-bottom_left-original completed in 18.48 seconds.
2025-04-02 10:02:03 - INFO - >>> Model tda-bottom_right-top_left-bottom_left-original trained. Accuracy: 0.8766 (18.48 sec.)
2025-04-02 10:02:03 - INFO - Training model: tda-top_right-top_left-bottom_left-original
2025-04-02 10:02:21 - INFO - Model tda-top_right-top_left-bottom_left-original completed in 18.24 seconds.
2025-04-02 10:02:21 - INFO - >>> Model tda-top_right-top_left-bottom_left-original trained. Accuracy: 0.8801 (18.24 sec.)
2025-04-02 10:02:21 - INFO - Training model: bottom_right-top_right-top_left-bottom_left-original
2025-04-02 10:02:37 - INFO - Model bottom_right-top_right-top_left-bottom_left-original completed in 15.30 seconds.
2025-04-02 10:02:37 - INFO - >>> Model bottom_right-top_right-top_left-bottom_left-original trained. Accuracy: 0.8741 (15.30 sec.)
2025-04-02 10:02:37 - INFO - Training model: tda-bottom_right-top_right-top_left-bottom_left-original
2025-04-02 10:02:58 - INFO - Model tda-bottom_right-top_right-top_left-bottom_left-original completed in 21.11 seconds.
2025-04-02 10:02:58 - INFO - >>> Model tda-bottom_right-top_right-top_left-bottom_left-original trained. Accuracy: 0.8853 (21.11 sec.)
2025-04-02 10:02:58 - INFO - All models trained successfully.
2025-04-02 10:02:58 - INFO - ========== [Model Training Completed] in 6.73 minutes ==========
2025-04-02 10:02:58 - INFO - ========== [Experiment Training Complete] ==========
2025-04-02 10:02:58 - INFO - Results saved to /home/jovyan/Workspace/workspace_mnist/results/exp_noise_icecream_salt_q50_lowdata/experiment_trainsize_predictions_2025-04-02_10-02-58.json
2025-04-02 10:02:58 - INFO - Results successfully saved to /home/jovyan/Workspace/workspace_mnist/results/exp_noise_icecream_salt_q50_lowdata/experiment_trainsize_predictions_2025-04-02_10-02-58.json
2025-04-02 10:02:58 - INFO - Garbage collection executed.
2025-04-02 10:02:58 - INFO - ========== [Experiment Completed] in 13.52 minutes ==========
