2025-04-02 13:03:53 - INFO - Logging initialized.
 Writing to /home/jovyan/Workspace/workspace_mnist/logs/exp_noise_icecream_salt_q50_lowdata/experiment_logs_2025-04-02_13-03-53.log
2025-04-02 13:03:53 - INFO - ========== [Experiment Start] ==========
2025-04-02 13:03:53 - INFO - Views combinations succesfully generated.
2025-04-02 13:03:53 - INFO - Topological Data Analysis pipeline generated.
2025-04-02 13:03:53 - INFO - Generating folder to save results.
2025-04-02 13:03:53 - INFO - Reading dataset in chunks from mnist_784.csv (chunk size: 70000)
2025-04-02 13:03:54 - INFO - Starting multiview data preparation for a chunk of size (70000, 784)...
2025-04-02 13:03:54 - INFO - Running using 22 jobs.
2025-04-02 13:03:54 - INFO - Contaminating dataset with circles using 2.
2025-04-02 13:03:57 - INFO - Splitting data: 25.6% train / 20.0% test (random_state=701363565)
2025-04-02 13:03:57 - INFO - Data split complete. Train size: (14311, 784), Test size: (14000, 784)
2025-04-02 13:03:57 - INFO - Reshaping train and test data into square images...
2025-04-02 13:03:57 - INFO - Reshaping complete. Train images: (14311, 28, 28), Test images: (14000, 28, 28)
2025-04-02 13:03:57 - INFO - Splitting images into quadrant views...
2025-04-02 13:03:57 - INFO - Quadrant view splitting complete. Train views: 4, Test views: 4
2025-04-02 13:03:57 - INFO - >> Starting TDA pipeline transformation on train data...
2025-04-02 13:06:02 - INFO - >> TDA transformation for train data completed (2.08 minutes).
2025-04-02 13:06:02 - INFO - >> Applying TDA pipeline transformation on test data...
2025-04-02 13:08:06 - INFO - >> TDA transformation for test data completed (2.06 minutes).
2025-04-02 13:08:06 - INFO - ========== [Model Training Start] ==========
2025-04-02 13:08:06 - INFO - Training model: original
2025-04-02 13:08:06 - INFO - Model original completed in 0.44 seconds.
2025-04-02 13:08:06 - INFO - >>> Model original trained. Accuracy: 0.8214 (0.44 sec.)
2025-04-02 13:08:06 - INFO - Training model: original-tda
2025-04-02 13:08:12 - INFO - Model original-tda completed in 5.44 seconds.
2025-04-02 13:08:12 - INFO - >>> Model original-tda trained. Accuracy: 0.8399 (5.44 sec.)
2025-04-02 13:08:12 - INFO - Training model: original-bottom_right
2025-04-02 13:08:16 - INFO - Model original-bottom_right completed in 4.56 seconds.
2025-04-02 13:08:16 - INFO - >>> Model original-bottom_right trained. Accuracy: 0.8299 (4.56 sec.)
2025-04-02 13:08:16 - INFO - Training model: original-top_right
2025-04-02 13:08:21 - INFO - Model original-top_right completed in 4.34 seconds.
2025-04-02 13:08:21 - INFO - >>> Model original-top_right trained. Accuracy: 0.8286 (4.34 sec.)
2025-04-02 13:08:21 - INFO - Training model: original-top_left
2025-04-02 13:08:25 - INFO - Model original-top_left completed in 4.29 seconds.
2025-04-02 13:08:25 - INFO - >>> Model original-top_left trained. Accuracy: 0.8232 (4.29 sec.)
2025-04-02 13:08:25 - INFO - Training model: original-bottom_left
2025-04-02 13:08:29 - INFO - Model original-bottom_left completed in 4.51 seconds.
2025-04-02 13:08:29 - INFO - >>> Model original-bottom_left trained. Accuracy: 0.8241 (4.51 sec.)
2025-04-02 13:08:29 - INFO - Training model: original-bottom_right-tda
2025-04-02 13:08:37 - INFO - Model original-bottom_right-tda completed in 7.22 seconds.
2025-04-02 13:08:37 - INFO - >>> Model original-bottom_right-tda trained. Accuracy: 0.8446 (7.22 sec.)
2025-04-02 13:08:37 - INFO - Training model: original-top_right-tda
2025-04-02 13:08:44 - INFO - Model original-top_right-tda completed in 7.32 seconds.
2025-04-02 13:08:44 - INFO - >>> Model original-top_right-tda trained. Accuracy: 0.8449 (7.32 sec.)
2025-04-02 13:08:44 - INFO - Training model: original-top_left-tda
2025-04-02 13:08:51 - INFO - Model original-top_left-tda completed in 7.48 seconds.
2025-04-02 13:08:51 - INFO - >>> Model original-top_left-tda trained. Accuracy: 0.8425 (7.48 sec.)
2025-04-02 13:08:51 - INFO - Training model: original-tda-bottom_left
2025-04-02 13:08:59 - INFO - Model original-tda-bottom_left completed in 7.28 seconds.
2025-04-02 13:08:59 - INFO - >>> Model original-tda-bottom_left trained. Accuracy: 0.8384 (7.28 sec.)
2025-04-02 13:08:59 - INFO - Training model: original-bottom_right-top_right
2025-04-02 13:09:05 - INFO - Model original-bottom_right-top_right completed in 6.29 seconds.
2025-04-02 13:09:05 - INFO - >>> Model original-bottom_right-top_right trained. Accuracy: 0.8364 (6.29 sec.)
2025-04-02 13:09:05 - INFO - Training model: original-bottom_right-top_left
2025-04-02 13:09:11 - INFO - Model original-bottom_right-top_left completed in 6.43 seconds.
2025-04-02 13:09:11 - INFO - >>> Model original-bottom_right-top_left trained. Accuracy: 0.8313 (6.43 sec.)
2025-04-02 13:09:11 - INFO - Training model: original-bottom_right-bottom_left
2025-04-02 13:09:18 - INFO - Model original-bottom_right-bottom_left completed in 6.44 seconds.
2025-04-02 13:09:18 - INFO - >>> Model original-bottom_right-bottom_left trained. Accuracy: 0.8319 (6.44 sec.)
2025-04-02 13:09:18 - INFO - Training model: original-top_left-top_right
2025-04-02 13:09:24 - INFO - Model original-top_left-top_right completed in 6.47 seconds.
2025-04-02 13:09:24 - INFO - >>> Model original-top_left-top_right trained. Accuracy: 0.8299 (6.47 sec.)
2025-04-02 13:09:24 - INFO - Training model: original-top_right-bottom_left
2025-04-02 13:09:30 - INFO - Model original-top_right-bottom_left completed in 5.99 seconds.
2025-04-02 13:09:30 - INFO - >>> Model original-top_right-bottom_left trained. Accuracy: 0.8347 (5.99 sec.)
2025-04-02 13:09:30 - INFO - Training model: original-top_left-bottom_left
2025-04-02 13:09:37 - INFO - Model original-top_left-bottom_left completed in 6.14 seconds.
2025-04-02 13:09:37 - INFO - >>> Model original-top_left-bottom_left trained. Accuracy: 0.8271 (6.14 sec.)
2025-04-02 13:09:37 - INFO - Training model: original-bottom_right-top_right-tda
2025-04-02 13:09:46 - INFO - Model original-bottom_right-top_right-tda completed in 9.18 seconds.
2025-04-02 13:09:46 - INFO - >>> Model original-bottom_right-top_right-tda trained. Accuracy: 0.8521 (9.18 sec.)
2025-04-02 13:09:46 - INFO - Training model: original-bottom_right-top_left-tda
2025-04-02 13:09:55 - INFO - Model original-bottom_right-top_left-tda completed in 9.08 seconds.
2025-04-02 13:09:55 - INFO - >>> Model original-bottom_right-top_left-tda trained. Accuracy: 0.8476 (9.08 sec.)
2025-04-02 13:09:55 - INFO - Training model: original-bottom_right-tda-bottom_left
2025-04-02 13:10:04 - INFO - Model original-bottom_right-tda-bottom_left completed in 9.07 seconds.
2025-04-02 13:10:04 - INFO - >>> Model original-bottom_right-tda-bottom_left trained. Accuracy: 0.8474 (9.07 sec.)
2025-04-02 13:10:04 - INFO - Training model: original-top_left-top_right-tda
2025-04-02 13:10:13 - INFO - Model original-top_left-top_right-tda completed in 9.39 seconds.
2025-04-02 13:10:13 - INFO - >>> Model original-top_left-top_right-tda trained. Accuracy: 0.8457 (9.39 sec.)
2025-04-02 13:10:13 - INFO - Training model: original-top_right-tda-bottom_left
2025-04-02 13:10:22 - INFO - Model original-top_right-tda-bottom_left completed in 9.13 seconds.
2025-04-02 13:10:22 - INFO - >>> Model original-top_right-tda-bottom_left trained. Accuracy: 0.8506 (9.13 sec.)
2025-04-02 13:10:22 - INFO - Training model: original-top_left-tda-bottom_left
2025-04-02 13:10:32 - INFO - Model original-top_left-tda-bottom_left completed in 9.15 seconds.
2025-04-02 13:10:32 - INFO - >>> Model original-top_left-tda-bottom_left trained. Accuracy: 0.8409 (9.15 sec.)
2025-04-02 13:10:32 - INFO - Training model: original-bottom_right-top_left-top_right
2025-04-02 13:10:40 - INFO - Model original-bottom_right-top_left-top_right completed in 8.29 seconds.
2025-04-02 13:10:40 - INFO - >>> Model original-bottom_right-top_left-top_right trained. Accuracy: 0.8396 (8.29 sec.)
2025-04-02 13:10:40 - INFO - Training model: original-bottom_right-top_right-bottom_left
2025-04-02 13:10:48 - INFO - Model original-bottom_right-top_right-bottom_left completed in 8.38 seconds.
2025-04-02 13:10:48 - INFO - >>> Model original-bottom_right-top_right-bottom_left trained. Accuracy: 0.8436 (8.38 sec.)
2025-04-02 13:10:48 - INFO - Training model: original-bottom_right-top_left-bottom_left
2025-04-02 13:10:56 - INFO - Model original-bottom_right-top_left-bottom_left completed in 8.19 seconds.
2025-04-02 13:10:56 - INFO - >>> Model original-bottom_right-top_left-bottom_left trained. Accuracy: 0.8383 (8.19 sec.)
2025-04-02 13:10:56 - INFO - Training model: original-top_left-top_right-bottom_left
2025-04-02 13:11:04 - INFO - Model original-top_left-top_right-bottom_left completed in 8.06 seconds.
2025-04-02 13:11:04 - INFO - >>> Model original-top_left-top_right-bottom_left trained. Accuracy: 0.8368 (8.06 sec.)
2025-04-02 13:11:04 - INFO - Training model: tda-bottom_right-top_right-top_left-original
2025-04-02 13:11:16 - INFO - Model tda-bottom_right-top_right-top_left-original completed in 11.36 seconds.
2025-04-02 13:11:16 - INFO - >>> Model tda-bottom_right-top_right-top_left-original trained. Accuracy: 0.8550 (11.36 sec.)
2025-04-02 13:11:16 - INFO - Training model: tda-bottom_right-top_right-bottom_left-original
2025-04-02 13:11:27 - INFO - Model tda-bottom_right-top_right-bottom_left-original completed in 11.36 seconds.
2025-04-02 13:11:27 - INFO - >>> Model tda-bottom_right-top_right-bottom_left-original trained. Accuracy: 0.8586 (11.36 sec.)
2025-04-02 13:11:27 - INFO - Training model: tda-bottom_right-top_left-bottom_left-original
2025-04-02 13:11:38 - INFO - Model tda-bottom_right-top_left-bottom_left-original completed in 10.86 seconds.
2025-04-02 13:11:38 - INFO - >>> Model tda-bottom_right-top_left-bottom_left-original trained. Accuracy: 0.8499 (10.86 sec.)
2025-04-02 13:11:38 - INFO - Training model: tda-top_right-top_left-bottom_left-original
2025-04-02 13:11:49 - INFO - Model tda-top_right-top_left-bottom_left-original completed in 11.06 seconds.
2025-04-02 13:11:49 - INFO - >>> Model tda-top_right-top_left-bottom_left-original trained. Accuracy: 0.8534 (11.06 sec.)
2025-04-02 13:11:49 - INFO - Training model: bottom_right-top_right-top_left-bottom_left-original
2025-04-02 13:11:59 - INFO - Model bottom_right-top_right-top_left-bottom_left-original completed in 10.04 seconds.
2025-04-02 13:11:59 - INFO - >>> Model bottom_right-top_right-top_left-bottom_left-original trained. Accuracy: 0.8471 (10.04 sec.)
2025-04-02 13:11:59 - INFO - Training model: tda-bottom_right-top_right-top_left-bottom_left-original
2025-04-02 13:12:12 - INFO - Model tda-bottom_right-top_right-top_left-bottom_left-original completed in 12.85 seconds.
2025-04-02 13:12:12 - INFO - >>> Model tda-bottom_right-top_right-top_left-bottom_left-original trained. Accuracy: 0.8614 (12.85 sec.)
2025-04-02 13:12:12 - INFO - All models trained successfully.
2025-04-02 13:12:12 - INFO - ========== [Model Training Completed] in 4.10 minutes ==========
2025-04-02 13:12:12 - INFO - ========== [Experiment Training Complete] ==========
2025-04-02 13:12:12 - INFO - Results saved to /home/jovyan/Workspace/workspace_mnist/results/exp_noise_icecream_salt_q50_lowdata/experiment_trainsize_predictions_2025-04-02_13-12-12.json
2025-04-02 13:12:12 - INFO - Results successfully saved to /home/jovyan/Workspace/workspace_mnist/results/exp_noise_icecream_salt_q50_lowdata/experiment_trainsize_predictions_2025-04-02_13-12-12.json
2025-04-02 13:12:12 - INFO - Garbage collection executed.
2025-04-02 13:12:12 - INFO - ========== [Experiment Completed] in 8.32 minutes ==========
