2025-04-02 01:26:32 - INFO - Logging initialized.
 Writing to /home/jovyan/Workspace/workspace_mnist/logs/exp_noise_icecream_salt_q50_lowdata/experiment_logs_2025-04-02_01-26-32.log
2025-04-02 01:26:32 - INFO - ========== [Experiment Start] ==========
2025-04-02 01:26:32 - INFO - Views combinations succesfully generated.
2025-04-02 01:26:32 - INFO - Topological Data Analysis pipeline generated.
2025-04-02 01:26:32 - INFO - Generating folder to save results.
2025-04-02 01:26:32 - INFO - Reading dataset in chunks from mnist_784.csv (chunk size: 70000)
2025-04-02 01:26:32 - INFO - Starting multiview data preparation for a chunk of size (70000, 784)...
2025-04-02 01:26:32 - INFO - Running using 22 jobs.
2025-04-02 01:26:32 - INFO - Contaminating dataset with salt using 3.
2025-04-02 01:26:36 - INFO - Splitting data: 5.0% train / 20.0% test (random_state=12444143)
2025-04-02 01:26:36 - INFO - Data split complete. Train size: (2800, 784), Test size: (14000, 784)
2025-04-02 01:26:36 - INFO - Reshaping train and test data into square images...
2025-04-02 01:26:36 - INFO - Reshaping complete. Train images: (2800, 28, 28), Test images: (14000, 28, 28)
2025-04-02 01:26:36 - INFO - Splitting images into quadrant views...
2025-04-02 01:26:36 - INFO - Quadrant view splitting complete. Train views: 4, Test views: 4
2025-04-02 01:26:36 - INFO - >> Starting TDA pipeline transformation on train data...
2025-04-02 01:27:04 - INFO - >> TDA transformation for train data completed (0.46 minutes).
2025-04-02 01:27:04 - INFO - >> Applying TDA pipeline transformation on test data...
2025-04-02 01:29:15 - INFO - >> TDA transformation for test data completed (2.19 minutes).
2025-04-02 01:29:15 - INFO - ========== [Model Training Start] ==========
2025-04-02 01:29:15 - INFO - Training model: original
2025-04-02 01:29:16 - INFO - Model original completed in 0.24 seconds.
2025-04-02 01:29:16 - INFO - >>> Model original trained. Accuracy: 0.9234 (0.24 sec.)
2025-04-02 01:29:16 - INFO - Training model: original-top_right
2025-04-02 01:29:21 - INFO - Model original-top_right completed in 5.37 seconds.
2025-04-02 01:29:21 - INFO - >>> Model original-top_right trained. Accuracy: 0.9312 (5.37 sec.)
2025-04-02 01:29:21 - INFO - Training model: original-top_left
2025-04-02 01:29:26 - INFO - Model original-top_left completed in 5.37 seconds.
2025-04-02 01:29:26 - INFO - >>> Model original-top_left trained. Accuracy: 0.9302 (5.37 sec.)
2025-04-02 01:29:26 - INFO - Training model: tda-original
2025-04-02 01:29:31 - INFO - Model tda-original completed in 4.50 seconds.
2025-04-02 01:29:31 - INFO - >>> Model tda-original trained. Accuracy: 0.9426 (4.50 sec.)
2025-04-02 01:29:31 - INFO - Training model: original-bottom_left
2025-04-02 01:29:36 - INFO - Model original-bottom_left completed in 5.26 seconds.
2025-04-02 01:29:36 - INFO - >>> Model original-bottom_left trained. Accuracy: 0.9264 (5.26 sec.)
2025-04-02 01:29:36 - INFO - Training model: bottom_right-original
2025-04-02 01:29:41 - INFO - Model bottom_right-original completed in 5.39 seconds.
2025-04-02 01:29:41 - INFO - >>> Model bottom_right-original trained. Accuracy: 0.9281 (5.39 sec.)
2025-04-02 01:29:41 - INFO - Training model: original-top_left-top_right
2025-04-02 01:29:50 - INFO - Model original-top_left-top_right completed in 8.10 seconds.
2025-04-02 01:29:50 - INFO - >>> Model original-top_left-top_right trained. Accuracy: 0.9354 (8.10 sec.)
2025-04-02 01:29:50 - INFO - Training model: tda-original-top_right
2025-04-02 01:29:57 - INFO - Model tda-original-top_right completed in 7.19 seconds.
2025-04-02 01:29:57 - INFO - >>> Model tda-original-top_right trained. Accuracy: 0.9471 (7.19 sec.)
2025-04-02 01:29:57 - INFO - Training model: original-bottom_left-top_right
2025-04-02 01:30:05 - INFO - Model original-bottom_left-top_right completed in 8.03 seconds.
2025-04-02 01:30:05 - INFO - >>> Model original-bottom_left-top_right trained. Accuracy: 0.9318 (8.03 sec.)
2025-04-02 01:30:05 - INFO - Training model: bottom_right-original-top_right
2025-04-02 01:30:12 - INFO - Model bottom_right-original-top_right completed in 7.45 seconds.
2025-04-02 01:30:12 - INFO - >>> Model bottom_right-original-top_right trained. Accuracy: 0.9364 (7.45 sec.)
2025-04-02 01:30:12 - INFO - Training model: tda-original-top_left
2025-04-02 01:30:18 - INFO - Model tda-original-top_left completed in 6.13 seconds.
2025-04-02 01:30:18 - INFO - >>> Model tda-original-top_left trained. Accuracy: 0.9459 (6.13 sec.)
2025-04-02 01:30:18 - INFO - Training model: bottom_left-original-top_left
2025-04-02 01:30:26 - INFO - Model bottom_left-original-top_left completed in 7.90 seconds.
2025-04-02 01:30:26 - INFO - >>> Model bottom_left-original-top_left trained. Accuracy: 0.9312 (7.90 sec.)
2025-04-02 01:30:26 - INFO - Training model: bottom_right-original-top_left
2025-04-02 01:30:34 - INFO - Model bottom_right-original-top_left completed in 7.82 seconds.
2025-04-02 01:30:34 - INFO - >>> Model bottom_right-original-top_left trained. Accuracy: 0.9319 (7.82 sec.)
2025-04-02 01:30:34 - INFO - Training model: tda-original-bottom_left
2025-04-02 01:30:42 - INFO - Model tda-original-bottom_left completed in 7.58 seconds.
2025-04-02 01:30:42 - INFO - >>> Model tda-original-bottom_left trained. Accuracy: 0.9392 (7.58 sec.)
2025-04-02 01:30:42 - INFO - Training model: tda-bottom_right-original
2025-04-02 01:30:49 - INFO - Model tda-bottom_right-original completed in 7.01 seconds.
2025-04-02 01:30:49 - INFO - >>> Model tda-bottom_right-original trained. Accuracy: 0.9451 (7.01 sec.)
2025-04-02 01:30:49 - INFO - Training model: bottom_right-original-bottom_left
2025-04-02 01:30:57 - INFO - Model bottom_right-original-bottom_left completed in 7.82 seconds.
2025-04-02 01:30:57 - INFO - >>> Model bottom_right-original-bottom_left trained. Accuracy: 0.9294 (7.82 sec.)
2025-04-02 01:30:57 - INFO - Training model: tda-original-top_left-top_right
2025-04-02 01:31:06 - INFO - Model tda-original-top_left-top_right completed in 9.79 seconds.
2025-04-02 01:31:06 - INFO - >>> Model tda-original-top_left-top_right trained. Accuracy: 0.9493 (9.79 sec.)
2025-04-02 01:31:06 - INFO - Training model: bottom_left-original-top_left-top_right
2025-04-02 01:31:17 - INFO - Model bottom_left-original-top_left-top_right completed in 10.36 seconds.
2025-04-02 01:31:17 - INFO - >>> Model bottom_left-original-top_left-top_right trained. Accuracy: 0.9362 (10.36 sec.)
2025-04-02 01:31:17 - INFO - Training model: bottom_right-original-top_left-top_right
2025-04-02 01:31:27 - INFO - Model bottom_right-original-top_left-top_right completed in 10.58 seconds.
2025-04-02 01:31:27 - INFO - >>> Model bottom_right-original-top_left-top_right trained. Accuracy: 0.9402 (10.58 sec.)
2025-04-02 01:31:27 - INFO - Training model: tda-original-bottom_left-top_right
2025-04-02 01:31:37 - INFO - Model tda-original-bottom_left-top_right completed in 9.42 seconds.
2025-04-02 01:31:37 - INFO - >>> Model tda-original-bottom_left-top_right trained. Accuracy: 0.9479 (9.42 sec.)
2025-04-02 01:31:37 - INFO - Training model: tda-bottom_right-original-top_right
2025-04-02 01:31:46 - INFO - Model tda-bottom_right-original-top_right completed in 9.64 seconds.
2025-04-02 01:31:46 - INFO - >>> Model tda-bottom_right-original-top_right trained. Accuracy: 0.9506 (9.64 sec.)
2025-04-02 01:31:46 - INFO - Training model: bottom_right-original-bottom_left-top_right
2025-04-02 01:31:57 - INFO - Model bottom_right-original-bottom_left-top_right completed in 10.78 seconds.
2025-04-02 01:31:57 - INFO - >>> Model bottom_right-original-bottom_left-top_right trained. Accuracy: 0.9370 (10.78 sec.)
2025-04-02 01:31:57 - INFO - Training model: tda-bottom_left-original-top_left
2025-04-02 01:32:07 - INFO - Model tda-bottom_left-original-top_left completed in 9.43 seconds.
2025-04-02 01:32:07 - INFO - >>> Model tda-bottom_left-original-top_left trained. Accuracy: 0.9435 (9.43 sec.)
2025-04-02 01:32:07 - INFO - Training model: tda-bottom_right-original-top_left
2025-04-02 01:32:16 - INFO - Model tda-bottom_right-original-top_left completed in 9.66 seconds.
2025-04-02 01:32:16 - INFO - >>> Model tda-bottom_right-original-top_left trained. Accuracy: 0.9491 (9.66 sec.)
2025-04-02 01:32:16 - INFO - Training model: bottom_right-bottom_left-original-top_left
2025-04-02 01:32:27 - INFO - Model bottom_right-bottom_left-original-top_left completed in 10.75 seconds.
2025-04-02 01:32:27 - INFO - >>> Model bottom_right-bottom_left-original-top_left trained. Accuracy: 0.9336 (10.75 sec.)
2025-04-02 01:32:27 - INFO - Training model: tda-bottom_right-original-bottom_left
2025-04-02 01:32:37 - INFO - Model tda-bottom_right-original-bottom_left completed in 9.84 seconds.
2025-04-02 01:32:37 - INFO - >>> Model tda-bottom_right-original-bottom_left trained. Accuracy: 0.9425 (9.84 sec.)
2025-04-02 01:32:37 - INFO - Training model: top_right-top_left-tda-bottom_left-original
2025-04-02 01:32:49 - INFO - Model top_right-top_left-tda-bottom_left-original completed in 12.61 seconds.
2025-04-02 01:32:49 - INFO - >>> Model top_right-top_left-tda-bottom_left-original trained. Accuracy: 0.9509 (12.61 sec.)
2025-04-02 01:32:49 - INFO - Training model: top_right-top_left-tda-bottom_right-original
2025-04-02 01:33:02 - INFO - Model top_right-top_left-tda-bottom_right-original completed in 12.31 seconds.
2025-04-02 01:33:02 - INFO - >>> Model top_right-top_left-tda-bottom_right-original trained. Accuracy: 0.9539 (12.31 sec.)
2025-04-02 01:33:02 - INFO - Training model: top_right-top_left-bottom_left-bottom_right-original
2025-04-02 01:33:15 - INFO - Model top_right-top_left-bottom_left-bottom_right-original completed in 12.83 seconds.
2025-04-02 01:33:15 - INFO - >>> Model top_right-top_left-bottom_left-bottom_right-original trained. Accuracy: 0.9409 (12.83 sec.)
2025-04-02 01:33:15 - INFO - Training model: top_right-tda-bottom_left-bottom_right-original
2025-04-02 01:33:27 - INFO - Model top_right-tda-bottom_left-bottom_right-original completed in 12.16 seconds.
2025-04-02 01:33:27 - INFO - >>> Model top_right-tda-bottom_left-bottom_right-original trained. Accuracy: 0.9502 (12.16 sec.)
2025-04-02 01:33:27 - INFO - Training model: top_left-tda-bottom_left-bottom_right-original
2025-04-02 01:33:39 - INFO - Model top_left-tda-bottom_left-bottom_right-original completed in 11.94 seconds.
2025-04-02 01:33:39 - INFO - >>> Model top_left-tda-bottom_left-bottom_right-original trained. Accuracy: 0.9474 (11.94 sec.)
2025-04-02 01:33:39 - INFO - Training model: top_right-top_left-tda-bottom_left-bottom_right-original
2025-04-02 01:33:53 - INFO - Model top_right-top_left-tda-bottom_left-bottom_right-original completed in 14.33 seconds.
2025-04-02 01:33:53 - INFO - >>> Model top_right-top_left-tda-bottom_left-bottom_right-original trained. Accuracy: 0.9533 (14.33 sec.)
2025-04-02 01:33:53 - INFO - All models trained successfully.
2025-04-02 01:33:53 - INFO - ========== [Model Training Completed] in 4.63 minutes ==========
2025-04-02 01:33:53 - INFO - ========== [Experiment Training Complete] ==========
2025-04-02 01:33:53 - INFO - Results saved to /home/jovyan/Workspace/workspace_mnist/results/exp_noise_icecream_salt_q50_lowdata/experiment_trainsize_predictions_2025-04-02_01-33-53.json
2025-04-02 01:33:53 - INFO - Results successfully saved to /home/jovyan/Workspace/workspace_mnist/results/exp_noise_icecream_salt_q50_lowdata/experiment_trainsize_predictions_2025-04-02_01-33-53.json
2025-04-02 01:33:53 - INFO - Garbage collection executed.
2025-04-02 01:33:53 - INFO - ========== [Experiment Completed] in 7.36 minutes ==========
