2025-04-02 09:17:02 - INFO - Logging initialized.
 Writing to /home/jovyan/Workspace/workspace_mnist/logs/exp_noise_icecream_salt_q50_lowdata/experiment_logs_2025-04-02_09-17-02.log
2025-04-02 09:17:02 - INFO - ========== [Experiment Start] ==========
2025-04-02 09:17:02 - INFO - Views combinations succesfully generated.
2025-04-02 09:17:02 - INFO - Topological Data Analysis pipeline generated.
2025-04-02 09:17:02 - INFO - Generating folder to save results.
2025-04-02 09:17:02 - INFO - Reading dataset in chunks from mnist_784.csv (chunk size: 70000)
2025-04-02 09:17:02 - INFO - Starting multiview data preparation for a chunk of size (70000, 784)...
2025-04-02 09:17:02 - INFO - Running using 22 jobs.
2025-04-02 09:17:02 - INFO - Contaminating dataset with circles using 2.
2025-04-02 09:17:07 - INFO - Splitting data: 33.3% train / 20.0% test (random_state=12444143)
2025-04-02 09:17:07 - INFO - Data split complete. Train size: (18666, 784), Test size: (14000, 784)
2025-04-02 09:17:07 - INFO - Reshaping train and test data into square images...
2025-04-02 09:17:07 - INFO - Reshaping complete. Train images: (18666, 28, 28), Test images: (14000, 28, 28)
2025-04-02 09:17:07 - INFO - Splitting images into quadrant views...
2025-04-02 09:17:07 - INFO - Quadrant view splitting complete. Train views: 4, Test views: 4
2025-04-02 09:17:07 - INFO - >> Starting TDA pipeline transformation on train data...
2025-04-02 09:19:52 - INFO - >> TDA transformation for train data completed (2.76 minutes).
2025-04-02 09:19:52 - INFO - >> Applying TDA pipeline transformation on test data...
2025-04-02 09:21:54 - INFO - >> TDA transformation for test data completed (2.03 minutes).
2025-04-02 09:21:54 - INFO - ========== [Model Training Start] ==========
2025-04-02 09:21:54 - INFO - Training model: original
2025-04-02 09:21:55 - INFO - Model original completed in 0.57 seconds.
2025-04-02 09:21:55 - INFO - >>> Model original trained. Accuracy: 0.8359 (0.57 sec.)
2025-04-02 09:21:55 - INFO - Training model: original-tda
2025-04-02 09:22:01 - INFO - Model original-tda completed in 6.37 seconds.
2025-04-02 09:22:01 - INFO - >>> Model original-tda trained. Accuracy: 0.8521 (6.37 sec.)
2025-04-02 09:22:01 - INFO - Training model: original-bottom_right
2025-04-02 09:22:07 - INFO - Model original-bottom_right completed in 5.20 seconds.
2025-04-02 09:22:07 - INFO - >>> Model original-bottom_right trained. Accuracy: 0.8396 (5.20 sec.)
2025-04-02 09:22:07 - INFO - Training model: original-top_right
2025-04-02 09:22:12 - INFO - Model original-top_right completed in 5.03 seconds.
2025-04-02 09:22:12 - INFO - >>> Model original-top_right trained. Accuracy: 0.8431 (5.03 sec.)
2025-04-02 09:22:12 - INFO - Training model: original-top_left
2025-04-02 09:22:17 - INFO - Model original-top_left completed in 5.05 seconds.
2025-04-02 09:22:17 - INFO - >>> Model original-top_left trained. Accuracy: 0.8411 (5.05 sec.)
2025-04-02 09:22:17 - INFO - Training model: original-bottom_left
2025-04-02 09:22:22 - INFO - Model original-bottom_left completed in 4.86 seconds.
2025-04-02 09:22:22 - INFO - >>> Model original-bottom_left trained. Accuracy: 0.8386 (4.86 sec.)
2025-04-02 09:22:22 - INFO - Training model: original-bottom_right-tda
2025-04-02 09:22:30 - INFO - Model original-bottom_right-tda completed in 8.61 seconds.
2025-04-02 09:22:30 - INFO - >>> Model original-bottom_right-tda trained. Accuracy: 0.8557 (8.61 sec.)
2025-04-02 09:22:30 - INFO - Training model: original-top_right-tda
2025-04-02 09:22:39 - INFO - Model original-top_right-tda completed in 8.57 seconds.
2025-04-02 09:22:39 - INFO - >>> Model original-top_right-tda trained. Accuracy: 0.8569 (8.57 sec.)
2025-04-02 09:22:39 - INFO - Training model: original-top_left-tda
2025-04-02 09:22:47 - INFO - Model original-top_left-tda completed in 8.40 seconds.
2025-04-02 09:22:47 - INFO - >>> Model original-top_left-tda trained. Accuracy: 0.8542 (8.40 sec.)
2025-04-02 09:22:47 - INFO - Training model: original-tda-bottom_left
2025-04-02 09:22:56 - INFO - Model original-tda-bottom_left completed in 8.62 seconds.
2025-04-02 09:22:56 - INFO - >>> Model original-tda-bottom_left trained. Accuracy: 0.8511 (8.62 sec.)
2025-04-02 09:22:56 - INFO - Training model: original-bottom_right-top_right
2025-04-02 09:23:03 - INFO - Model original-bottom_right-top_right completed in 7.06 seconds.
2025-04-02 09:23:03 - INFO - >>> Model original-bottom_right-top_right trained. Accuracy: 0.8462 (7.06 sec.)
2025-04-02 09:23:03 - INFO - Training model: original-bottom_right-top_left
2025-04-02 09:23:10 - INFO - Model original-bottom_right-top_left completed in 6.95 seconds.
2025-04-02 09:23:10 - INFO - >>> Model original-bottom_right-top_left trained. Accuracy: 0.8454 (6.95 sec.)
2025-04-02 09:23:10 - INFO - Training model: original-bottom_right-bottom_left
2025-04-02 09:23:17 - INFO - Model original-bottom_right-bottom_left completed in 6.91 seconds.
2025-04-02 09:23:17 - INFO - >>> Model original-bottom_right-bottom_left trained. Accuracy: 0.8399 (6.91 sec.)
2025-04-02 09:23:17 - INFO - Training model: original-top_left-top_right
2025-04-02 09:23:24 - INFO - Model original-top_left-top_right completed in 7.02 seconds.
2025-04-02 09:23:24 - INFO - >>> Model original-top_left-top_right trained. Accuracy: 0.8454 (7.02 sec.)
2025-04-02 09:23:24 - INFO - Training model: original-top_right-bottom_left
2025-04-02 09:23:31 - INFO - Model original-top_right-bottom_left completed in 6.79 seconds.
2025-04-02 09:23:31 - INFO - >>> Model original-top_right-bottom_left trained. Accuracy: 0.8463 (6.79 sec.)
2025-04-02 09:23:31 - INFO - Training model: original-top_left-bottom_left
2025-04-02 09:23:38 - INFO - Model original-top_left-bottom_left completed in 7.00 seconds.
2025-04-02 09:23:38 - INFO - >>> Model original-top_left-bottom_left trained. Accuracy: 0.8404 (7.00 sec.)
2025-04-02 09:23:38 - INFO - Training model: original-bottom_right-top_right-tda
2025-04-02 09:23:48 - INFO - Model original-bottom_right-top_right-tda completed in 10.74 seconds.
2025-04-02 09:23:48 - INFO - >>> Model original-bottom_right-top_right-tda trained. Accuracy: 0.8647 (10.74 sec.)
2025-04-02 09:23:48 - INFO - Training model: original-bottom_right-top_left-tda
2025-04-02 09:23:59 - INFO - Model original-bottom_right-top_left-tda completed in 10.84 seconds.
2025-04-02 09:23:59 - INFO - >>> Model original-bottom_right-top_left-tda trained. Accuracy: 0.8594 (10.84 sec.)
2025-04-02 09:23:59 - INFO - Training model: original-bottom_right-tda-bottom_left
2025-04-02 09:24:10 - INFO - Model original-bottom_right-tda-bottom_left completed in 10.55 seconds.
2025-04-02 09:24:10 - INFO - >>> Model original-bottom_right-tda-bottom_left trained. Accuracy: 0.8559 (10.55 sec.)
2025-04-02 09:24:10 - INFO - Training model: original-top_left-top_right-tda
2025-04-02 09:24:20 - INFO - Model original-top_left-top_right-tda completed in 10.75 seconds.
2025-04-02 09:24:21 - INFO - >>> Model original-top_left-top_right-tda trained. Accuracy: 0.8604 (10.75 sec.)
2025-04-02 09:24:21 - INFO - Training model: original-top_right-tda-bottom_left
2025-04-02 09:24:31 - INFO - Model original-top_right-tda-bottom_left completed in 10.45 seconds.
2025-04-02 09:24:31 - INFO - >>> Model original-top_right-tda-bottom_left trained. Accuracy: 0.8628 (10.45 sec.)
2025-04-02 09:24:31 - INFO - Training model: original-top_left-tda-bottom_left
2025-04-02 09:24:42 - INFO - Model original-top_left-tda-bottom_left completed in 10.56 seconds.
2025-04-02 09:24:42 - INFO - >>> Model original-top_left-tda-bottom_left trained. Accuracy: 0.8537 (10.56 sec.)
2025-04-02 09:24:42 - INFO - Training model: original-bottom_right-top_left-top_right
2025-04-02 09:24:51 - INFO - Model original-bottom_right-top_left-top_right completed in 9.10 seconds.
2025-04-02 09:24:51 - INFO - >>> Model original-bottom_right-top_left-top_right trained. Accuracy: 0.8548 (9.10 sec.)
2025-04-02 09:24:51 - INFO - Training model: original-bottom_right-top_right-bottom_left
2025-04-02 09:25:00 - INFO - Model original-bottom_right-top_right-bottom_left completed in 9.13 seconds.
2025-04-02 09:25:00 - INFO - >>> Model original-bottom_right-top_right-bottom_left trained. Accuracy: 0.8532 (9.13 sec.)
2025-04-02 09:25:00 - INFO - Training model: original-bottom_right-top_left-bottom_left
2025-04-02 09:25:09 - INFO - Model original-bottom_right-top_left-bottom_left completed in 8.97 seconds.
2025-04-02 09:25:09 - INFO - >>> Model original-bottom_right-top_left-bottom_left trained. Accuracy: 0.8474 (8.97 sec.)
2025-04-02 09:25:09 - INFO - Training model: original-top_left-top_right-bottom_left
2025-04-02 09:25:18 - INFO - Model original-top_left-top_right-bottom_left completed in 8.95 seconds.
2025-04-02 09:25:18 - INFO - >>> Model original-top_left-top_right-bottom_left trained. Accuracy: 0.8529 (8.95 sec.)
2025-04-02 09:25:18 - INFO - Training model: tda-bottom_right-top_right-top_left-original
2025-04-02 09:25:30 - INFO - Model tda-bottom_right-top_right-top_left-original completed in 12.51 seconds.
2025-04-02 09:25:30 - INFO - >>> Model tda-bottom_right-top_right-top_left-original trained. Accuracy: 0.8689 (12.51 sec.)
2025-04-02 09:25:30 - INFO - Training model: tda-bottom_right-top_right-bottom_left-original
2025-04-02 09:25:43 - INFO - Model tda-bottom_right-top_right-bottom_left-original completed in 12.41 seconds.
2025-04-02 09:25:43 - INFO - >>> Model tda-bottom_right-top_right-bottom_left-original trained. Accuracy: 0.8694 (12.41 sec.)
2025-04-02 09:25:43 - INFO - Training model: tda-bottom_right-top_left-bottom_left-original
2025-04-02 09:25:55 - INFO - Model tda-bottom_right-top_left-bottom_left-original completed in 12.43 seconds.
2025-04-02 09:25:55 - INFO - >>> Model tda-bottom_right-top_left-bottom_left-original trained. Accuracy: 0.8647 (12.43 sec.)
2025-04-02 09:25:55 - INFO - Training model: tda-top_right-top_left-bottom_left-original
2025-04-02 09:26:08 - INFO - Model tda-top_right-top_left-bottom_left-original completed in 12.55 seconds.
2025-04-02 09:26:08 - INFO - >>> Model tda-top_right-top_left-bottom_left-original trained. Accuracy: 0.8663 (12.55 sec.)
2025-04-02 09:26:08 - INFO - Training model: bottom_right-top_right-top_left-bottom_left-original
2025-04-02 09:26:18 - INFO - Model bottom_right-top_right-top_left-bottom_left-original completed in 10.81 seconds.
2025-04-02 09:26:18 - INFO - >>> Model bottom_right-top_right-top_left-bottom_left-original trained. Accuracy: 0.8626 (10.81 sec.)
2025-04-02 09:26:18 - INFO - Training model: tda-bottom_right-top_right-top_left-bottom_left-original
2025-04-02 09:26:33 - INFO - Model tda-bottom_right-top_right-top_left-bottom_left-original completed in 14.45 seconds.
2025-04-02 09:26:33 - INFO - >>> Model tda-bottom_right-top_right-top_left-bottom_left-original trained. Accuracy: 0.8758 (14.45 sec.)
2025-04-02 09:26:33 - INFO - All models trained successfully.
2025-04-02 09:26:33 - INFO - ========== [Model Training Completed] in 4.64 minutes ==========
2025-04-02 09:26:33 - INFO - ========== [Experiment Training Complete] ==========
2025-04-02 09:26:33 - INFO - Results saved to /home/jovyan/Workspace/workspace_mnist/results/exp_noise_icecream_salt_q50_lowdata/experiment_trainsize_predictions_2025-04-02_09-26-33.json
2025-04-02 09:26:33 - INFO - Results successfully saved to /home/jovyan/Workspace/workspace_mnist/results/exp_noise_icecream_salt_q50_lowdata/experiment_trainsize_predictions_2025-04-02_09-26-33.json
2025-04-02 09:26:33 - INFO - Garbage collection executed.
2025-04-02 09:26:33 - INFO - ========== [Experiment Completed] in 9.52 minutes ==========
