2025-04-02 02:16:18 - INFO - Logging initialized.
 Writing to /home/jovyan/Workspace/workspace_mnist/logs/exp_noise_icecream_salt_q50_lowdata/experiment_logs_2025-04-02_02-16-18.log
2025-04-02 02:16:18 - INFO - ========== [Experiment Start] ==========
2025-04-02 02:16:18 - INFO - Views combinations succesfully generated.
2025-04-02 02:16:18 - INFO - Topological Data Analysis pipeline generated.
2025-04-02 02:16:18 - INFO - Generating folder to save results.
2025-04-02 02:16:18 - INFO - Reading dataset in chunks from mnist_784.csv (chunk size: 70000)
2025-04-02 02:16:19 - INFO - Starting multiview data preparation for a chunk of size (70000, 784)...
2025-04-02 02:16:19 - INFO - Running using 22 jobs.
2025-04-02 02:16:19 - INFO - Contaminating dataset with salt using 3.
2025-04-02 02:16:23 - INFO - Splitting data: 2.0% train / 20.0% test (random_state=508701318)
2025-04-02 02:16:24 - INFO - Data split complete. Train size: (1120, 784), Test size: (14000, 784)
2025-04-02 02:16:24 - INFO - Reshaping train and test data into square images...
2025-04-02 02:16:24 - INFO - Reshaping complete. Train images: (1120, 28, 28), Test images: (14000, 28, 28)
2025-04-02 02:16:24 - INFO - Splitting images into quadrant views...
2025-04-02 02:16:24 - INFO - Quadrant view splitting complete. Train views: 4, Test views: 4
2025-04-02 02:16:24 - INFO - >> Starting TDA pipeline transformation on train data...
2025-04-02 02:16:36 - INFO - >> TDA transformation for train data completed (0.20 minutes).
2025-04-02 02:16:36 - INFO - >> Applying TDA pipeline transformation on test data...
2025-04-02 02:18:45 - INFO - >> TDA transformation for test data completed (2.17 minutes).
2025-04-02 02:18:45 - INFO - ========== [Model Training Start] ==========
2025-04-02 02:18:45 - INFO - Training model: original
2025-04-02 02:18:46 - INFO - Model original completed in 0.42 seconds.
2025-04-02 02:18:46 - INFO - >>> Model original trained. Accuracy: 0.8934 (0.42 sec.)
2025-04-02 02:18:46 - INFO - Training model: original-top_right
2025-04-02 02:18:51 - INFO - Model original-top_right completed in 5.64 seconds.
2025-04-02 02:18:52 - INFO - >>> Model original-top_right trained. Accuracy: 0.9070 (5.64 sec.)
2025-04-02 02:18:52 - INFO - Training model: original-top_left
2025-04-02 02:18:57 - INFO - Model original-top_left completed in 5.94 seconds.
2025-04-02 02:18:57 - INFO - >>> Model original-top_left trained. Accuracy: 0.8974 (5.94 sec.)
2025-04-02 02:18:57 - INFO - Training model: tda-original
2025-04-02 02:19:02 - INFO - Model tda-original completed in 4.99 seconds.
2025-04-02 02:19:02 - INFO - >>> Model tda-original trained. Accuracy: 0.9210 (4.99 sec.)
2025-04-02 02:19:02 - INFO - Training model: original-bottom_left
2025-04-02 02:19:08 - INFO - Model original-bottom_left completed in 5.88 seconds.
2025-04-02 02:19:08 - INFO - >>> Model original-bottom_left trained. Accuracy: 0.8895 (5.88 sec.)
2025-04-02 02:19:08 - INFO - Training model: bottom_right-original
2025-04-02 02:19:14 - INFO - Model bottom_right-original completed in 5.53 seconds.
2025-04-02 02:19:14 - INFO - >>> Model bottom_right-original trained. Accuracy: 0.8988 (5.53 sec.)
2025-04-02 02:19:14 - INFO - Training model: original-top_left-top_right
2025-04-02 02:19:22 - INFO - Model original-top_left-top_right completed in 8.51 seconds.
2025-04-02 02:19:22 - INFO - >>> Model original-top_left-top_right trained. Accuracy: 0.9096 (8.51 sec.)
2025-04-02 02:19:22 - INFO - Training model: tda-original-top_right
2025-04-02 02:19:30 - INFO - Model tda-original-top_right completed in 7.97 seconds.
2025-04-02 02:19:30 - INFO - >>> Model tda-original-top_right trained. Accuracy: 0.9291 (7.97 sec.)
2025-04-02 02:19:30 - INFO - Training model: original-bottom_left-top_right
2025-04-02 02:19:39 - INFO - Model original-bottom_left-top_right completed in 8.72 seconds.
2025-04-02 02:19:39 - INFO - >>> Model original-bottom_left-top_right trained. Accuracy: 0.9084 (8.72 sec.)
2025-04-02 02:19:39 - INFO - Training model: bottom_right-original-top_right
2025-04-02 02:19:47 - INFO - Model bottom_right-original-top_right completed in 8.30 seconds.
2025-04-02 02:19:47 - INFO - >>> Model bottom_right-original-top_right trained. Accuracy: 0.9110 (8.30 sec.)
2025-04-02 02:19:47 - INFO - Training model: tda-original-top_left
2025-04-02 02:19:55 - INFO - Model tda-original-top_left completed in 7.80 seconds.
2025-04-02 02:19:55 - INFO - >>> Model tda-original-top_left trained. Accuracy: 0.9248 (7.80 sec.)
2025-04-02 02:19:55 - INFO - Training model: bottom_left-original-top_left
2025-04-02 02:20:04 - INFO - Model bottom_left-original-top_left completed in 8.89 seconds.
2025-04-02 02:20:04 - INFO - >>> Model bottom_left-original-top_left trained. Accuracy: 0.8994 (8.89 sec.)
2025-04-02 02:20:04 - INFO - Training model: bottom_right-original-top_left
2025-04-02 02:20:13 - INFO - Model bottom_right-original-top_left completed in 8.49 seconds.
2025-04-02 02:20:13 - INFO - >>> Model bottom_right-original-top_left trained. Accuracy: 0.9003 (8.49 sec.)
2025-04-02 02:20:13 - INFO - Training model: tda-original-bottom_left
2025-04-02 02:20:21 - INFO - Model tda-original-bottom_left completed in 8.08 seconds.
2025-04-02 02:20:21 - INFO - >>> Model tda-original-bottom_left trained. Accuracy: 0.9131 (8.08 sec.)
2025-04-02 02:20:21 - INFO - Training model: tda-bottom_right-original
2025-04-02 02:20:29 - INFO - Model tda-bottom_right-original completed in 8.46 seconds.
2025-04-02 02:20:29 - INFO - >>> Model tda-bottom_right-original trained. Accuracy: 0.9234 (8.46 sec.)
2025-04-02 02:20:29 - INFO - Training model: bottom_right-original-bottom_left
2025-04-02 02:20:38 - INFO - Model bottom_right-original-bottom_left completed in 8.47 seconds.
2025-04-02 02:20:38 - INFO - >>> Model bottom_right-original-bottom_left trained. Accuracy: 0.8968 (8.47 sec.)
2025-04-02 02:20:38 - INFO - Training model: tda-original-top_left-top_right
2025-04-02 02:20:49 - INFO - Model tda-original-top_left-top_right completed in 11.09 seconds.
2025-04-02 02:20:49 - INFO - >>> Model tda-original-top_left-top_right trained. Accuracy: 0.9342 (11.09 sec.)
2025-04-02 02:20:49 - INFO - Training model: bottom_left-original-top_left-top_right
2025-04-02 02:21:00 - INFO - Model bottom_left-original-top_left-top_right completed in 11.09 seconds.
2025-04-02 02:21:00 - INFO - >>> Model bottom_left-original-top_left-top_right trained. Accuracy: 0.9121 (11.09 sec.)
2025-04-02 02:21:00 - INFO - Training model: bottom_right-original-top_left-top_right
2025-04-02 02:21:11 - INFO - Model bottom_right-original-top_left-top_right completed in 11.27 seconds.
2025-04-02 02:21:11 - INFO - >>> Model bottom_right-original-top_left-top_right trained. Accuracy: 0.9146 (11.27 sec.)
2025-04-02 02:21:11 - INFO - Training model: tda-original-bottom_left-top_right
2025-04-02 02:21:22 - INFO - Model tda-original-bottom_left-top_right completed in 10.86 seconds.
2025-04-02 02:21:22 - INFO - >>> Model tda-original-bottom_left-top_right trained. Accuracy: 0.9287 (10.86 sec.)
2025-04-02 02:21:22 - INFO - Training model: tda-bottom_right-original-top_right
2025-04-02 02:21:33 - INFO - Model tda-bottom_right-original-top_right completed in 10.57 seconds.
2025-04-02 02:21:33 - INFO - >>> Model tda-bottom_right-original-top_right trained. Accuracy: 0.9323 (10.57 sec.)
2025-04-02 02:21:33 - INFO - Training model: bottom_right-original-bottom_left-top_right
2025-04-02 02:21:43 - INFO - Model bottom_right-original-bottom_left-top_right completed in 10.81 seconds.
2025-04-02 02:21:43 - INFO - >>> Model bottom_right-original-bottom_left-top_right trained. Accuracy: 0.9108 (10.81 sec.)
2025-04-02 02:21:43 - INFO - Training model: tda-bottom_left-original-top_left
2025-04-02 02:21:54 - INFO - Model tda-bottom_left-original-top_left completed in 10.90 seconds.
2025-04-02 02:21:54 - INFO - >>> Model tda-bottom_left-original-top_left trained. Accuracy: 0.9214 (10.90 sec.)
2025-04-02 02:21:54 - INFO - Training model: tda-bottom_right-original-top_left
2025-04-02 02:22:05 - INFO - Model tda-bottom_right-original-top_left completed in 10.63 seconds.
2025-04-02 02:22:05 - INFO - >>> Model tda-bottom_right-original-top_left trained. Accuracy: 0.9273 (10.63 sec.)
2025-04-02 02:22:05 - INFO - Training model: bottom_right-bottom_left-original-top_left
2025-04-02 02:22:16 - INFO - Model bottom_right-bottom_left-original-top_left completed in 11.26 seconds.
2025-04-02 02:22:16 - INFO - >>> Model bottom_right-bottom_left-original-top_left trained. Accuracy: 0.9034 (11.26 sec.)
2025-04-02 02:22:16 - INFO - Training model: tda-bottom_right-original-bottom_left
2025-04-02 02:22:27 - INFO - Model tda-bottom_right-original-bottom_left completed in 11.17 seconds.
2025-04-02 02:22:27 - INFO - >>> Model tda-bottom_right-original-bottom_left trained. Accuracy: 0.9185 (11.17 sec.)
2025-04-02 02:22:27 - INFO - Training model: top_right-top_left-tda-bottom_left-original
2025-04-02 02:22:41 - INFO - Model top_right-top_left-tda-bottom_left-original completed in 13.56 seconds.
2025-04-02 02:22:41 - INFO - >>> Model top_right-top_left-tda-bottom_left-original trained. Accuracy: 0.9347 (13.56 sec.)
2025-04-02 02:22:41 - INFO - Training model: top_right-top_left-tda-bottom_right-original
2025-04-02 02:22:54 - INFO - Model top_right-top_left-tda-bottom_right-original completed in 13.42 seconds.
2025-04-02 02:22:54 - INFO - >>> Model top_right-top_left-tda-bottom_right-original trained. Accuracy: 0.9381 (13.42 sec.)
2025-04-02 02:22:54 - INFO - Training model: top_right-top_left-bottom_left-bottom_right-original
2025-04-02 02:23:07 - INFO - Model top_right-top_left-bottom_left-bottom_right-original completed in 12.66 seconds.
2025-04-02 02:23:07 - INFO - >>> Model top_right-top_left-bottom_left-bottom_right-original trained. Accuracy: 0.9153 (12.66 sec.)
2025-04-02 02:23:07 - INFO - Training model: top_right-tda-bottom_left-bottom_right-original
2025-04-02 02:23:20 - INFO - Model top_right-tda-bottom_left-bottom_right-original completed in 12.84 seconds.
2025-04-02 02:23:20 - INFO - >>> Model top_right-tda-bottom_left-bottom_right-original trained. Accuracy: 0.9309 (12.84 sec.)
2025-04-02 02:23:20 - INFO - Training model: top_left-tda-bottom_left-bottom_right-original
2025-04-02 02:23:33 - INFO - Model top_left-tda-bottom_left-bottom_right-original completed in 12.89 seconds.
2025-04-02 02:23:33 - INFO - >>> Model top_left-tda-bottom_left-bottom_right-original trained. Accuracy: 0.9261 (12.89 sec.)
2025-04-02 02:23:33 - INFO - Training model: top_right-top_left-tda-bottom_left-bottom_right-original
2025-04-02 02:23:48 - INFO - Model top_right-top_left-tda-bottom_left-bottom_right-original completed in 14.80 seconds.
2025-04-02 02:23:48 - INFO - >>> Model top_right-top_left-tda-bottom_left-bottom_right-original trained. Accuracy: 0.9362 (14.80 sec.)
2025-04-02 02:23:48 - INFO - All models trained successfully.
2025-04-02 02:23:48 - INFO - ========== [Model Training Completed] in 5.03 minutes ==========
2025-04-02 02:23:48 - INFO - ========== [Experiment Training Complete] ==========
2025-04-02 02:23:48 - INFO - Results saved to /home/jovyan/Workspace/workspace_mnist/results/exp_noise_icecream_salt_q50_lowdata/experiment_trainsize_predictions_2025-04-02_02-23-48.json
2025-04-02 02:23:48 - INFO - Results successfully saved to /home/jovyan/Workspace/workspace_mnist/results/exp_noise_icecream_salt_q50_lowdata/experiment_trainsize_predictions_2025-04-02_02-23-48.json
2025-04-02 02:23:48 - INFO - Garbage collection executed.
2025-04-02 02:23:48 - INFO - ========== [Experiment Completed] in 7.49 minutes ==========
