2025-04-01 22:42:33 - INFO - Logging initialized.
 Writing to /home/jovyan/Workspace/workspace_mnist/logs/exp_noise_icecream_salt_q50_lowdata/experiment_logs_2025-04-01_22-42-33.log
2025-04-01 22:42:33 - INFO - ========== [Experiment Start] ==========
2025-04-01 22:42:33 - INFO - Views combinations succesfully generated.
2025-04-01 22:42:33 - INFO - Topological Data Analysis pipeline generated.
2025-04-01 22:42:33 - INFO - Generating folder to save results.
2025-04-01 22:42:33 - INFO - Reading dataset in chunks from mnist_784.csv (chunk size: 70000)
2025-04-01 22:42:34 - INFO - Starting multiview data preparation for a chunk of size (70000, 784)...
2025-04-01 22:42:34 - INFO - Running using 22 jobs.
2025-04-01 22:42:34 - INFO - Contaminating dataset with salt using 3.
2025-04-01 22:42:37 - INFO - Splitting data: 2.0% train / 20.0% test (random_state=910968928)
2025-04-01 22:42:38 - INFO - Data split complete. Train size: (1120, 784), Test size: (14000, 784)
2025-04-01 22:42:38 - INFO - Reshaping train and test data into square images...
2025-04-01 22:42:38 - INFO - Reshaping complete. Train images: (1120, 28, 28), Test images: (14000, 28, 28)
2025-04-01 22:42:38 - INFO - Splitting images into quadrant views...
2025-04-01 22:42:38 - INFO - Quadrant view splitting complete. Train views: 4, Test views: 4
2025-04-01 22:42:38 - INFO - >> Starting TDA pipeline transformation on train data...
2025-04-01 22:42:49 - INFO - >> TDA transformation for train data completed (0.20 minutes).
2025-04-01 22:42:49 - INFO - >> Applying TDA pipeline transformation on test data...
2025-04-01 22:45:04 - INFO - >> TDA transformation for test data completed (2.24 minutes).
2025-04-01 22:45:04 - INFO - ========== [Model Training Start] ==========
2025-04-01 22:45:04 - INFO - Training model: original
2025-04-01 22:45:04 - INFO - Model original completed in 0.36 seconds.
2025-04-01 22:45:04 - INFO - >>> Model original trained. Accuracy: 0.8974 (0.36 sec.)
2025-04-01 22:45:04 - INFO - Training model: original-top_right
2025-04-01 22:45:10 - INFO - Model original-top_right completed in 5.71 seconds.
2025-04-01 22:45:10 - INFO - >>> Model original-top_right trained. Accuracy: 0.9044 (5.71 sec.)
2025-04-01 22:45:10 - INFO - Training model: original-top_left
2025-04-01 22:45:15 - INFO - Model original-top_left completed in 5.74 seconds.
2025-04-01 22:45:15 - INFO - >>> Model original-top_left trained. Accuracy: 0.9042 (5.74 sec.)
2025-04-01 22:45:15 - INFO - Training model: tda-original
2025-04-01 22:45:21 - INFO - Model tda-original completed in 5.36 seconds.
2025-04-01 22:45:21 - INFO - >>> Model tda-original trained. Accuracy: 0.9214 (5.36 sec.)
2025-04-01 22:45:21 - INFO - Training model: original-bottom_left
2025-04-01 22:45:26 - INFO - Model original-bottom_left completed in 5.66 seconds.
2025-04-01 22:45:26 - INFO - >>> Model original-bottom_left trained. Accuracy: 0.8988 (5.66 sec.)
2025-04-01 22:45:26 - INFO - Training model: bottom_right-original
2025-04-01 22:45:32 - INFO - Model bottom_right-original completed in 5.75 seconds.
2025-04-01 22:45:32 - INFO - >>> Model bottom_right-original trained. Accuracy: 0.8976 (5.75 sec.)
2025-04-01 22:45:32 - INFO - Training model: original-top_left-top_right
2025-04-01 22:45:41 - INFO - Model original-top_left-top_right completed in 8.40 seconds.
2025-04-01 22:45:41 - INFO - >>> Model original-top_left-top_right trained. Accuracy: 0.9120 (8.40 sec.)
2025-04-01 22:45:41 - INFO - Training model: tda-original-top_right
2025-04-01 22:45:49 - INFO - Model tda-original-top_right completed in 8.01 seconds.
2025-04-01 22:45:49 - INFO - >>> Model tda-original-top_right trained. Accuracy: 0.9256 (8.01 sec.)
2025-04-01 22:45:49 - INFO - Training model: original-bottom_left-top_right
2025-04-01 22:45:57 - INFO - Model original-bottom_left-top_right completed in 8.33 seconds.
2025-04-01 22:45:57 - INFO - >>> Model original-bottom_left-top_right trained. Accuracy: 0.9058 (8.33 sec.)
2025-04-01 22:45:57 - INFO - Training model: bottom_right-original-top_right
2025-04-01 22:46:05 - INFO - Model bottom_right-original-top_right completed in 8.52 seconds.
2025-04-01 22:46:05 - INFO - >>> Model bottom_right-original-top_right trained. Accuracy: 0.9061 (8.52 sec.)
2025-04-01 22:46:05 - INFO - Training model: tda-original-top_left
2025-04-01 22:46:14 - INFO - Model tda-original-top_left completed in 8.21 seconds.
2025-04-01 22:46:14 - INFO - >>> Model tda-original-top_left trained. Accuracy: 0.9315 (8.21 sec.)
2025-04-01 22:46:14 - INFO - Training model: bottom_left-original-top_left
2025-04-01 22:46:22 - INFO - Model bottom_left-original-top_left completed in 8.23 seconds.
2025-04-01 22:46:22 - INFO - >>> Model bottom_left-original-top_left trained. Accuracy: 0.9062 (8.23 sec.)
2025-04-01 22:46:22 - INFO - Training model: bottom_right-original-top_left
2025-04-01 22:46:31 - INFO - Model bottom_right-original-top_left completed in 8.73 seconds.
2025-04-01 22:46:31 - INFO - >>> Model bottom_right-original-top_left trained. Accuracy: 0.9077 (8.73 sec.)
2025-04-01 22:46:31 - INFO - Training model: tda-original-bottom_left
2025-04-01 22:46:39 - INFO - Model tda-original-bottom_left completed in 8.14 seconds.
2025-04-01 22:46:39 - INFO - >>> Model tda-original-bottom_left trained. Accuracy: 0.9181 (8.14 sec.)
2025-04-01 22:46:39 - INFO - Training model: tda-bottom_right-original
2025-04-01 22:46:47 - INFO - Model tda-bottom_right-original completed in 7.92 seconds.
2025-04-01 22:46:47 - INFO - >>> Model tda-bottom_right-original trained. Accuracy: 0.9183 (7.92 sec.)
2025-04-01 22:46:47 - INFO - Training model: bottom_right-original-bottom_left
2025-04-01 22:46:55 - INFO - Model bottom_right-original-bottom_left completed in 8.63 seconds.
2025-04-01 22:46:55 - INFO - >>> Model bottom_right-original-bottom_left trained. Accuracy: 0.8979 (8.63 sec.)
2025-04-01 22:46:55 - INFO - Training model: tda-original-top_left-top_right
2025-04-01 22:47:06 - INFO - Model tda-original-top_left-top_right completed in 10.77 seconds.
2025-04-01 22:47:06 - INFO - >>> Model tda-original-top_left-top_right trained. Accuracy: 0.9336 (10.77 sec.)
2025-04-01 22:47:06 - INFO - Training model: bottom_left-original-top_left-top_right
2025-04-01 22:47:17 - INFO - Model bottom_left-original-top_left-top_right completed in 11.02 seconds.
2025-04-01 22:47:17 - INFO - >>> Model bottom_left-original-top_left-top_right trained. Accuracy: 0.9165 (11.02 sec.)
2025-04-01 22:47:17 - INFO - Training model: bottom_right-original-top_left-top_right
2025-04-01 22:47:28 - INFO - Model bottom_right-original-top_left-top_right completed in 11.17 seconds.
2025-04-01 22:47:28 - INFO - >>> Model bottom_right-original-top_left-top_right trained. Accuracy: 0.9150 (11.17 sec.)
2025-04-01 22:47:28 - INFO - Training model: tda-original-bottom_left-top_right
2025-04-01 22:47:39 - INFO - Model tda-original-bottom_left-top_right completed in 10.83 seconds.
2025-04-01 22:47:39 - INFO - >>> Model tda-original-bottom_left-top_right trained. Accuracy: 0.9275 (10.83 sec.)
2025-04-01 22:47:39 - INFO - Training model: tda-bottom_right-original-top_right
2025-04-01 22:47:50 - INFO - Model tda-bottom_right-original-top_right completed in 10.83 seconds.
2025-04-01 22:47:50 - INFO - >>> Model tda-bottom_right-original-top_right trained. Accuracy: 0.9299 (10.83 sec.)
2025-04-01 22:47:50 - INFO - Training model: bottom_right-original-bottom_left-top_right
2025-04-01 22:48:01 - INFO - Model bottom_right-original-bottom_left-top_right completed in 11.17 seconds.
2025-04-01 22:48:01 - INFO - >>> Model bottom_right-original-bottom_left-top_right trained. Accuracy: 0.9102 (11.17 sec.)
2025-04-01 22:48:01 - INFO - Training model: tda-bottom_left-original-top_left
2025-04-01 22:48:12 - INFO - Model tda-bottom_left-original-top_left completed in 11.02 seconds.
2025-04-01 22:48:12 - INFO - >>> Model tda-bottom_left-original-top_left trained. Accuracy: 0.9291 (11.02 sec.)
2025-04-01 22:48:12 - INFO - Training model: tda-bottom_right-original-top_left
2025-04-01 22:48:23 - INFO - Model tda-bottom_right-original-top_left completed in 10.50 seconds.
2025-04-01 22:48:23 - INFO - >>> Model tda-bottom_right-original-top_left trained. Accuracy: 0.9314 (10.50 sec.)
2025-04-01 22:48:23 - INFO - Training model: bottom_right-bottom_left-original-top_left
2025-04-01 22:48:34 - INFO - Model bottom_right-bottom_left-original-top_left completed in 11.18 seconds.
2025-04-01 22:48:34 - INFO - >>> Model bottom_right-bottom_left-original-top_left trained. Accuracy: 0.9090 (11.18 sec.)
2025-04-01 22:48:34 - INFO - Training model: tda-bottom_right-original-bottom_left
2025-04-01 22:48:44 - INFO - Model tda-bottom_right-original-bottom_left completed in 10.52 seconds.
2025-04-01 22:48:44 - INFO - >>> Model tda-bottom_right-original-bottom_left trained. Accuracy: 0.9191 (10.52 sec.)
2025-04-01 22:48:44 - INFO - Training model: top_right-top_left-tda-bottom_left-original
2025-04-01 22:48:58 - INFO - Model top_right-top_left-tda-bottom_left-original completed in 13.25 seconds.
2025-04-01 22:48:58 - INFO - >>> Model top_right-top_left-tda-bottom_left-original trained. Accuracy: 0.9336 (13.25 sec.)
2025-04-01 22:48:58 - INFO - Training model: top_right-top_left-tda-bottom_right-original
2025-04-01 22:49:11 - INFO - Model top_right-top_left-tda-bottom_right-original completed in 13.45 seconds.
2025-04-01 22:49:11 - INFO - >>> Model top_right-top_left-tda-bottom_right-original trained. Accuracy: 0.9364 (13.45 sec.)
2025-04-01 22:49:11 - INFO - Training model: top_right-top_left-bottom_left-bottom_right-original
2025-04-01 22:49:24 - INFO - Model top_right-top_left-bottom_left-bottom_right-original completed in 13.08 seconds.
2025-04-01 22:49:24 - INFO - >>> Model top_right-top_left-bottom_left-bottom_right-original trained. Accuracy: 0.9238 (13.08 sec.)
2025-04-01 22:49:24 - INFO - Training model: top_right-tda-bottom_left-bottom_right-original
2025-04-01 22:49:36 - INFO - Model top_right-tda-bottom_left-bottom_right-original completed in 12.15 seconds.
2025-04-01 22:49:36 - INFO - >>> Model top_right-tda-bottom_left-bottom_right-original trained. Accuracy: 0.9302 (12.15 sec.)
2025-04-01 22:49:36 - INFO - Training model: top_left-tda-bottom_left-bottom_right-original
2025-04-01 22:49:50 - INFO - Model top_left-tda-bottom_left-bottom_right-original completed in 13.33 seconds.
2025-04-01 22:49:50 - INFO - >>> Model top_left-tda-bottom_left-bottom_right-original trained. Accuracy: 0.9299 (13.33 sec.)
2025-04-01 22:49:50 - INFO - Training model: top_right-top_left-tda-bottom_left-bottom_right-original
2025-04-01 22:50:05 - INFO - Model top_right-top_left-tda-bottom_left-bottom_right-original completed in 14.94 seconds.
2025-04-01 22:50:05 - INFO - >>> Model top_right-top_left-tda-bottom_left-bottom_right-original trained. Accuracy: 0.9352 (14.94 sec.)
2025-04-01 22:50:05 - INFO - All models trained successfully.
2025-04-01 22:50:05 - INFO - ========== [Model Training Completed] in 5.02 minutes ==========
2025-04-01 22:50:05 - INFO - ========== [Experiment Training Complete] ==========
2025-04-01 22:50:05 - INFO - Results saved to /home/jovyan/Workspace/workspace_mnist/results/exp_noise_icecream_salt_q50_lowdata/experiment_trainsize_predictions_2025-04-01_22-50-05.json
2025-04-01 22:50:05 - INFO - Results successfully saved to /home/jovyan/Workspace/workspace_mnist/results/exp_noise_icecream_salt_q50_lowdata/experiment_trainsize_predictions_2025-04-01_22-50-05.json
2025-04-01 22:50:05 - INFO - Garbage collection executed.
2025-04-01 22:50:05 - INFO - ========== [Experiment Completed] in 7.53 minutes ==========
