2025-04-02 02:31:21 - INFO - Logging initialized.
 Writing to /home/jovyan/Workspace/workspace_mnist/logs/exp_noise_icecream_salt_q50_lowdata/experiment_logs_2025-04-02_02-31-21.log
2025-04-02 02:31:21 - INFO - ========== [Experiment Start] ==========
2025-04-02 02:31:21 - INFO - Views combinations succesfully generated.
2025-04-02 02:31:21 - INFO - Topological Data Analysis pipeline generated.
2025-04-02 02:31:21 - INFO - Generating folder to save results.
2025-04-02 02:31:21 - INFO - Reading dataset in chunks from mnist_784.csv (chunk size: 70000)
2025-04-02 02:31:22 - INFO - Starting multiview data preparation for a chunk of size (70000, 784)...
2025-04-02 02:31:22 - INFO - Running using 22 jobs.
2025-04-02 02:31:22 - INFO - Contaminating dataset with salt using 3.
2025-04-02 02:31:25 - INFO - Splitting data: 4.0% train / 20.0% test (random_state=508701318)
2025-04-02 02:31:25 - INFO - Data split complete. Train size: (2240, 784), Test size: (14000, 784)
2025-04-02 02:31:25 - INFO - Reshaping train and test data into square images...
2025-04-02 02:31:25 - INFO - Reshaping complete. Train images: (2240, 28, 28), Test images: (14000, 28, 28)
2025-04-02 02:31:25 - INFO - Splitting images into quadrant views...
2025-04-02 02:31:25 - INFO - Quadrant view splitting complete. Train views: 4, Test views: 4
2025-04-02 02:31:25 - INFO - >> Starting TDA pipeline transformation on train data...
2025-04-02 02:31:49 - INFO - >> TDA transformation for train data completed (0.39 minutes).
2025-04-02 02:31:49 - INFO - >> Applying TDA pipeline transformation on test data...
2025-04-02 02:34:00 - INFO - >> TDA transformation for test data completed (2.19 minutes).
2025-04-02 02:34:00 - INFO - ========== [Model Training Start] ==========
2025-04-02 02:34:00 - INFO - Training model: original
2025-04-02 02:34:00 - INFO - Model original completed in 0.20 seconds.
2025-04-02 02:34:00 - INFO - >>> Model original trained. Accuracy: 0.9172 (0.20 sec.)
2025-04-02 02:34:00 - INFO - Training model: original-top_right
2025-04-02 02:34:05 - INFO - Model original-top_right completed in 5.42 seconds.
2025-04-02 02:34:05 - INFO - >>> Model original-top_right trained. Accuracy: 0.9268 (5.42 sec.)
2025-04-02 02:34:05 - INFO - Training model: original-top_left
2025-04-02 02:34:10 - INFO - Model original-top_left completed in 5.10 seconds.
2025-04-02 02:34:10 - INFO - >>> Model original-top_left trained. Accuracy: 0.9186 (5.10 sec.)
2025-04-02 02:34:10 - INFO - Training model: tda-original
2025-04-02 02:34:15 - INFO - Model tda-original completed in 4.82 seconds.
2025-04-02 02:34:15 - INFO - >>> Model tda-original trained. Accuracy: 0.9393 (4.82 sec.)
2025-04-02 02:34:15 - INFO - Training model: original-bottom_left
2025-04-02 02:34:21 - INFO - Model original-bottom_left completed in 5.35 seconds.
2025-04-02 02:34:21 - INFO - >>> Model original-bottom_left trained. Accuracy: 0.9154 (5.35 sec.)
2025-04-02 02:34:21 - INFO - Training model: bottom_right-original
2025-04-02 02:34:26 - INFO - Model bottom_right-original completed in 5.50 seconds.
2025-04-02 02:34:26 - INFO - >>> Model bottom_right-original trained. Accuracy: 0.9201 (5.50 sec.)
2025-04-02 02:34:26 - INFO - Training model: original-top_left-top_right
2025-04-02 02:34:35 - INFO - Model original-top_left-top_right completed in 8.44 seconds.
2025-04-02 02:34:35 - INFO - >>> Model original-top_left-top_right trained. Accuracy: 0.9289 (8.44 sec.)
2025-04-02 02:34:35 - INFO - Training model: tda-original-top_right
2025-04-02 02:34:42 - INFO - Model tda-original-top_right completed in 7.03 seconds.
2025-04-02 02:34:42 - INFO - >>> Model tda-original-top_right trained. Accuracy: 0.9439 (7.03 sec.)
2025-04-02 02:34:42 - INFO - Training model: original-bottom_left-top_right
2025-04-02 02:34:50 - INFO - Model original-bottom_left-top_right completed in 8.65 seconds.
2025-04-02 02:34:50 - INFO - >>> Model original-bottom_left-top_right trained. Accuracy: 0.9257 (8.65 sec.)
2025-04-02 02:34:50 - INFO - Training model: bottom_right-original-top_right
2025-04-02 02:34:58 - INFO - Model bottom_right-original-top_right completed in 7.91 seconds.
2025-04-02 02:34:58 - INFO - >>> Model bottom_right-original-top_right trained. Accuracy: 0.9279 (7.91 sec.)
2025-04-02 02:34:58 - INFO - Training model: tda-original-top_left
2025-04-02 02:35:06 - INFO - Model tda-original-top_left completed in 7.37 seconds.
2025-04-02 02:35:06 - INFO - >>> Model tda-original-top_left trained. Accuracy: 0.9389 (7.37 sec.)
2025-04-02 02:35:06 - INFO - Training model: bottom_left-original-top_left
2025-04-02 02:35:14 - INFO - Model bottom_left-original-top_left completed in 8.49 seconds.
2025-04-02 02:35:14 - INFO - >>> Model bottom_left-original-top_left trained. Accuracy: 0.9219 (8.49 sec.)
2025-04-02 02:35:14 - INFO - Training model: bottom_right-original-top_left
2025-04-02 02:35:22 - INFO - Model bottom_right-original-top_left completed in 7.91 seconds.
2025-04-02 02:35:22 - INFO - >>> Model bottom_right-original-top_left trained. Accuracy: 0.9260 (7.91 sec.)
2025-04-02 02:35:22 - INFO - Training model: tda-original-bottom_left
2025-04-02 02:35:29 - INFO - Model tda-original-bottom_left completed in 7.02 seconds.
2025-04-02 02:35:29 - INFO - >>> Model tda-original-bottom_left trained. Accuracy: 0.9309 (7.02 sec.)
2025-04-02 02:35:29 - INFO - Training model: tda-bottom_right-original
2025-04-02 02:35:36 - INFO - Model tda-bottom_right-original completed in 6.84 seconds.
2025-04-02 02:35:36 - INFO - >>> Model tda-bottom_right-original trained. Accuracy: 0.9414 (6.84 sec.)
2025-04-02 02:35:36 - INFO - Training model: bottom_right-original-bottom_left
2025-04-02 02:35:43 - INFO - Model bottom_right-original-bottom_left completed in 7.39 seconds.
2025-04-02 02:35:43 - INFO - >>> Model bottom_right-original-bottom_left trained. Accuracy: 0.9190 (7.39 sec.)
2025-04-02 02:35:43 - INFO - Training model: tda-original-top_left-top_right
2025-04-02 02:35:53 - INFO - Model tda-original-top_left-top_right completed in 9.93 seconds.
2025-04-02 02:35:53 - INFO - >>> Model tda-original-top_left-top_right trained. Accuracy: 0.9466 (9.93 sec.)
2025-04-02 02:35:53 - INFO - Training model: bottom_left-original-top_left-top_right
2025-04-02 02:36:04 - INFO - Model bottom_left-original-top_left-top_right completed in 11.19 seconds.
2025-04-02 02:36:04 - INFO - >>> Model bottom_left-original-top_left-top_right trained. Accuracy: 0.9292 (11.19 sec.)
2025-04-02 02:36:04 - INFO - Training model: bottom_right-original-top_left-top_right
2025-04-02 02:36:15 - INFO - Model bottom_right-original-top_left-top_right completed in 10.70 seconds.
2025-04-02 02:36:15 - INFO - >>> Model bottom_right-original-top_left-top_right trained. Accuracy: 0.9323 (10.70 sec.)
2025-04-02 02:36:15 - INFO - Training model: tda-original-bottom_left-top_right
2025-04-02 02:36:25 - INFO - Model tda-original-bottom_left-top_right completed in 9.82 seconds.
2025-04-02 02:36:25 - INFO - >>> Model tda-original-bottom_left-top_right trained. Accuracy: 0.9424 (9.82 sec.)
2025-04-02 02:36:25 - INFO - Training model: tda-bottom_right-original-top_right
2025-04-02 02:36:35 - INFO - Model tda-bottom_right-original-top_right completed in 10.10 seconds.
2025-04-02 02:36:35 - INFO - >>> Model tda-bottom_right-original-top_right trained. Accuracy: 0.9463 (10.10 sec.)
2025-04-02 02:36:35 - INFO - Training model: bottom_right-original-bottom_left-top_right
2025-04-02 02:36:46 - INFO - Model bottom_right-original-bottom_left-top_right completed in 10.52 seconds.
2025-04-02 02:36:46 - INFO - >>> Model bottom_right-original-bottom_left-top_right trained. Accuracy: 0.9301 (10.52 sec.)
2025-04-02 02:36:46 - INFO - Training model: tda-bottom_left-original-top_left
2025-04-02 02:36:55 - INFO - Model tda-bottom_left-original-top_left completed in 9.98 seconds.
2025-04-02 02:36:55 - INFO - >>> Model tda-bottom_left-original-top_left trained. Accuracy: 0.9366 (9.98 sec.)
2025-04-02 02:36:56 - INFO - Training model: tda-bottom_right-original-top_left
2025-04-02 02:37:06 - INFO - Model tda-bottom_right-original-top_left completed in 10.34 seconds.
2025-04-02 02:37:06 - INFO - >>> Model tda-bottom_right-original-top_left trained. Accuracy: 0.9433 (10.34 sec.)
2025-04-02 02:37:06 - INFO - Training model: bottom_right-bottom_left-original-top_left
2025-04-02 02:37:16 - INFO - Model bottom_right-bottom_left-original-top_left completed in 10.59 seconds.
2025-04-02 02:37:16 - INFO - >>> Model bottom_right-bottom_left-original-top_left trained. Accuracy: 0.9266 (10.59 sec.)
2025-04-02 02:37:16 - INFO - Training model: tda-bottom_right-original-bottom_left
2025-04-02 02:37:26 - INFO - Model tda-bottom_right-original-bottom_left completed in 9.92 seconds.
2025-04-02 02:37:26 - INFO - >>> Model tda-bottom_right-original-bottom_left trained. Accuracy: 0.9357 (9.92 sec.)
2025-04-02 02:37:26 - INFO - Training model: top_right-top_left-tda-bottom_left-original
2025-04-02 02:37:39 - INFO - Model top_right-top_left-tda-bottom_left-original completed in 12.86 seconds.
2025-04-02 02:37:39 - INFO - >>> Model top_right-top_left-tda-bottom_left-original trained. Accuracy: 0.9460 (12.86 sec.)
2025-04-02 02:37:39 - INFO - Training model: top_right-top_left-tda-bottom_right-original
2025-04-02 02:37:52 - INFO - Model top_right-top_left-tda-bottom_right-original completed in 12.41 seconds.
2025-04-02 02:37:52 - INFO - >>> Model top_right-top_left-tda-bottom_right-original trained. Accuracy: 0.9504 (12.41 sec.)
2025-04-02 02:37:52 - INFO - Training model: top_right-top_left-bottom_left-bottom_right-original
2025-04-02 02:38:05 - INFO - Model top_right-top_left-bottom_left-bottom_right-original completed in 13.24 seconds.
2025-04-02 02:38:05 - INFO - >>> Model top_right-top_left-bottom_left-bottom_right-original trained. Accuracy: 0.9339 (13.24 sec.)
2025-04-02 02:38:05 - INFO - Training model: top_right-tda-bottom_left-bottom_right-original
2025-04-02 02:38:18 - INFO - Model top_right-tda-bottom_left-bottom_right-original completed in 12.72 seconds.
2025-04-02 02:38:18 - INFO - >>> Model top_right-tda-bottom_left-bottom_right-original trained. Accuracy: 0.9447 (12.72 sec.)
2025-04-02 02:38:18 - INFO - Training model: top_left-tda-bottom_left-bottom_right-original
2025-04-02 02:38:30 - INFO - Model top_left-tda-bottom_left-bottom_right-original completed in 12.00 seconds.
2025-04-02 02:38:30 - INFO - >>> Model top_left-tda-bottom_left-bottom_right-original trained. Accuracy: 0.9404 (12.00 sec.)
2025-04-02 02:38:30 - INFO - Training model: top_right-top_left-tda-bottom_left-bottom_right-original
2025-04-02 02:38:44 - INFO - Model top_right-top_left-tda-bottom_left-bottom_right-original completed in 14.29 seconds.
2025-04-02 02:38:44 - INFO - >>> Model top_right-top_left-tda-bottom_left-bottom_right-original trained. Accuracy: 0.9492 (14.29 sec.)
2025-04-02 02:38:44 - INFO - All models trained successfully.
2025-04-02 02:38:44 - INFO - ========== [Model Training Completed] in 4.74 minutes ==========
2025-04-02 02:38:44 - INFO - ========== [Experiment Training Complete] ==========
2025-04-02 02:38:44 - INFO - Results saved to /home/jovyan/Workspace/workspace_mnist/results/exp_noise_icecream_salt_q50_lowdata/experiment_trainsize_predictions_2025-04-02_02-38-44.json
2025-04-02 02:38:44 - INFO - Results successfully saved to /home/jovyan/Workspace/workspace_mnist/results/exp_noise_icecream_salt_q50_lowdata/experiment_trainsize_predictions_2025-04-02_02-38-44.json
2025-04-02 02:38:44 - INFO - Garbage collection executed.
2025-04-02 02:38:44 - INFO - ========== [Experiment Completed] in 7.39 minutes ==========
