2025-04-02 08:20:52 - INFO - Logging initialized.
 Writing to /home/jovyan/Workspace/workspace_mnist/logs/exp_noise_icecream_salt_q50_lowdata/experiment_logs_2025-04-02_08-20-52.log
2025-04-02 08:20:52 - INFO - ========== [Experiment Start] ==========
2025-04-02 08:20:52 - INFO - Views combinations succesfully generated.
2025-04-02 08:20:52 - INFO - Topological Data Analysis pipeline generated.
2025-04-02 08:20:52 - INFO - Generating folder to save results.
2025-04-02 08:20:52 - INFO - Reading dataset in chunks from mnist_784.csv (chunk size: 70000)
2025-04-02 08:20:52 - INFO - Starting multiview data preparation for a chunk of size (70000, 784)...
2025-04-02 08:20:52 - INFO - Running using 22 jobs.
2025-04-02 08:20:52 - INFO - Contaminating dataset with circles using 2.
2025-04-02 08:20:56 - INFO - Splitting data: 72.2% train / 20.0% test (random_state=601133337)
2025-04-02 08:20:56 - INFO - Data split complete. Train size: (40444, 784), Test size: (14000, 784)
2025-04-02 08:20:56 - INFO - Reshaping train and test data into square images...
2025-04-02 08:20:56 - INFO - Reshaping complete. Train images: (40444, 28, 28), Test images: (14000, 28, 28)
2025-04-02 08:20:56 - INFO - Splitting images into quadrant views...
2025-04-02 08:20:56 - INFO - Quadrant view splitting complete. Train views: 4, Test views: 4
2025-04-02 08:20:56 - INFO - >> Starting TDA pipeline transformation on train data...
2025-04-02 08:26:46 - INFO - >> TDA transformation for train data completed (5.83 minutes).
2025-04-02 08:26:46 - INFO - >> Applying TDA pipeline transformation on test data...
2025-04-02 08:28:47 - INFO - >> TDA transformation for test data completed (2.01 minutes).
2025-04-02 08:28:47 - INFO - ========== [Model Training Start] ==========
2025-04-02 08:28:47 - INFO - Training model: original
2025-04-02 08:28:48 - INFO - Model original completed in 1.11 seconds.
2025-04-02 08:28:48 - INFO - >>> Model original trained. Accuracy: 0.8523 (1.11 sec.)
2025-04-02 08:28:48 - INFO - Training model: original-tda
2025-04-02 08:29:01 - INFO - Model original-tda completed in 13.26 seconds.
2025-04-02 08:29:01 - INFO - >>> Model original-tda trained. Accuracy: 0.8684 (13.26 sec.)
2025-04-02 08:29:01 - INFO - Training model: original-bottom_right
2025-04-02 08:29:10 - INFO - Model original-bottom_right completed in 9.21 seconds.
2025-04-02 08:29:10 - INFO - >>> Model original-bottom_right trained. Accuracy: 0.8591 (9.21 sec.)
2025-04-02 08:29:10 - INFO - Training model: original-top_right
2025-04-02 08:29:20 - INFO - Model original-top_right completed in 9.59 seconds.
2025-04-02 08:29:20 - INFO - >>> Model original-top_right trained. Accuracy: 0.8581 (9.59 sec.)
2025-04-02 08:29:20 - INFO - Training model: original-top_left
2025-04-02 08:29:29 - INFO - Model original-top_left completed in 9.33 seconds.
2025-04-02 08:29:29 - INFO - >>> Model original-top_left trained. Accuracy: 0.8578 (9.33 sec.)
2025-04-02 08:29:29 - INFO - Training model: original-bottom_left
2025-04-02 08:29:38 - INFO - Model original-bottom_left completed in 9.14 seconds.
2025-04-02 08:29:38 - INFO - >>> Model original-bottom_left trained. Accuracy: 0.8534 (9.14 sec.)
2025-04-02 08:29:38 - INFO - Training model: original-bottom_right-tda
2025-04-02 08:29:55 - INFO - Model original-bottom_right-tda completed in 16.80 seconds.
2025-04-02 08:29:55 - INFO - >>> Model original-bottom_right-tda trained. Accuracy: 0.8726 (16.80 sec.)
2025-04-02 08:29:55 - INFO - Training model: original-top_right-tda
2025-04-02 08:30:12 - INFO - Model original-top_right-tda completed in 16.81 seconds.
2025-04-02 08:30:12 - INFO - >>> Model original-top_right-tda trained. Accuracy: 0.8711 (16.81 sec.)
2025-04-02 08:30:12 - INFO - Training model: original-top_left-tda
2025-04-02 08:30:28 - INFO - Model original-top_left-tda completed in 16.39 seconds.
2025-04-02 08:30:28 - INFO - >>> Model original-top_left-tda trained. Accuracy: 0.8688 (16.39 sec.)
2025-04-02 08:30:28 - INFO - Training model: original-tda-bottom_left
2025-04-02 08:30:45 - INFO - Model original-tda-bottom_left completed in 16.51 seconds.
2025-04-02 08:30:45 - INFO - >>> Model original-tda-bottom_left trained. Accuracy: 0.8669 (16.51 sec.)
2025-04-02 08:30:45 - INFO - Training model: original-bottom_right-top_right
2025-04-02 08:30:58 - INFO - Model original-bottom_right-top_right completed in 12.86 seconds.
2025-04-02 08:30:58 - INFO - >>> Model original-bottom_right-top_right trained. Accuracy: 0.8621 (12.86 sec.)
2025-04-02 08:30:58 - INFO - Training model: original-bottom_right-top_left
2025-04-02 08:31:10 - INFO - Model original-bottom_right-top_left completed in 12.75 seconds.
2025-04-02 08:31:10 - INFO - >>> Model original-bottom_right-top_left trained. Accuracy: 0.8636 (12.75 sec.)
2025-04-02 08:31:10 - INFO - Training model: original-bottom_right-bottom_left
2025-04-02 08:31:23 - INFO - Model original-bottom_right-bottom_left completed in 12.87 seconds.
2025-04-02 08:31:23 - INFO - >>> Model original-bottom_right-bottom_left trained. Accuracy: 0.8612 (12.87 sec.)
2025-04-02 08:31:23 - INFO - Training model: original-top_left-top_right
2025-04-02 08:31:36 - INFO - Model original-top_left-top_right completed in 12.61 seconds.
2025-04-02 08:31:36 - INFO - >>> Model original-top_left-top_right trained. Accuracy: 0.8599 (12.61 sec.)
2025-04-02 08:31:36 - INFO - Training model: original-top_right-bottom_left
2025-04-02 08:31:49 - INFO - Model original-top_right-bottom_left completed in 12.74 seconds.
2025-04-02 08:31:49 - INFO - >>> Model original-top_right-bottom_left trained. Accuracy: 0.8629 (12.74 sec.)
2025-04-02 08:31:49 - INFO - Training model: original-top_left-bottom_left
2025-04-02 08:32:01 - INFO - Model original-top_left-bottom_left completed in 12.37 seconds.
2025-04-02 08:32:01 - INFO - >>> Model original-top_left-bottom_left trained. Accuracy: 0.8603 (12.37 sec.)
2025-04-02 08:32:01 - INFO - Training model: original-bottom_right-top_right-tda
2025-04-02 08:32:21 - INFO - Model original-bottom_right-top_right-tda completed in 20.19 seconds.
2025-04-02 08:32:21 - INFO - >>> Model original-bottom_right-top_right-tda trained. Accuracy: 0.8779 (20.19 sec.)
2025-04-02 08:32:21 - INFO - Training model: original-bottom_right-top_left-tda
2025-04-02 08:32:41 - INFO - Model original-bottom_right-top_left-tda completed in 19.77 seconds.
2025-04-02 08:32:41 - INFO - >>> Model original-bottom_right-top_left-tda trained. Accuracy: 0.8760 (19.77 sec.)
2025-04-02 08:32:41 - INFO - Training model: original-bottom_right-tda-bottom_left
2025-04-02 08:33:01 - INFO - Model original-bottom_right-tda-bottom_left completed in 19.84 seconds.
2025-04-02 08:33:01 - INFO - >>> Model original-bottom_right-tda-bottom_left trained. Accuracy: 0.8729 (19.84 sec.)
2025-04-02 08:33:01 - INFO - Training model: original-top_left-top_right-tda
2025-04-02 08:33:21 - INFO - Model original-top_left-top_right-tda completed in 20.13 seconds.
2025-04-02 08:33:21 - INFO - >>> Model original-top_left-top_right-tda trained. Accuracy: 0.8729 (20.13 sec.)
2025-04-02 08:33:21 - INFO - Training model: original-top_right-tda-bottom_left
2025-04-02 08:33:41 - INFO - Model original-top_right-tda-bottom_left completed in 20.23 seconds.
2025-04-02 08:33:41 - INFO - >>> Model original-top_right-tda-bottom_left trained. Accuracy: 0.8728 (20.23 sec.)
2025-04-02 08:33:41 - INFO - Training model: original-top_left-tda-bottom_left
2025-04-02 08:34:01 - INFO - Model original-top_left-tda-bottom_left completed in 19.86 seconds.
2025-04-02 08:34:01 - INFO - >>> Model original-top_left-tda-bottom_left trained. Accuracy: 0.8696 (19.86 sec.)
2025-04-02 08:34:01 - INFO - Training model: original-bottom_right-top_left-top_right
2025-04-02 08:34:17 - INFO - Model original-bottom_right-top_left-top_right completed in 16.22 seconds.
2025-04-02 08:34:17 - INFO - >>> Model original-bottom_right-top_left-top_right trained. Accuracy: 0.8674 (16.22 sec.)
2025-04-02 08:34:17 - INFO - Training model: original-bottom_right-top_right-bottom_left
2025-04-02 08:34:34 - INFO - Model original-bottom_right-top_right-bottom_left completed in 16.27 seconds.
2025-04-02 08:34:34 - INFO - >>> Model original-bottom_right-top_right-bottom_left trained. Accuracy: 0.8693 (16.27 sec.)
2025-04-02 08:34:34 - INFO - Training model: original-bottom_right-top_left-bottom_left
2025-04-02 08:34:50 - INFO - Model original-bottom_right-top_left-bottom_left completed in 16.54 seconds.
2025-04-02 08:34:50 - INFO - >>> Model original-bottom_right-top_left-bottom_left trained. Accuracy: 0.8685 (16.54 sec.)
2025-04-02 08:34:50 - INFO - Training model: original-top_left-top_right-bottom_left
2025-04-02 08:35:07 - INFO - Model original-top_left-top_right-bottom_left completed in 16.44 seconds.
2025-04-02 08:35:07 - INFO - >>> Model original-top_left-top_right-bottom_left trained. Accuracy: 0.8685 (16.44 sec.)
2025-04-02 08:35:07 - INFO - Training model: tda-bottom_right-top_right-top_left-original
2025-04-02 08:35:30 - INFO - Model tda-bottom_right-top_right-top_left-original completed in 23.80 seconds.
2025-04-02 08:35:30 - INFO - >>> Model tda-bottom_right-top_right-top_left-original trained. Accuracy: 0.8796 (23.80 sec.)
2025-04-02 08:35:30 - INFO - Training model: tda-bottom_right-top_right-bottom_left-original
2025-04-02 08:35:54 - INFO - Model tda-bottom_right-top_right-bottom_left-original completed in 23.46 seconds.
2025-04-02 08:35:54 - INFO - >>> Model tda-bottom_right-top_right-bottom_left-original trained. Accuracy: 0.8817 (23.46 sec.)
2025-04-02 08:35:54 - INFO - Training model: tda-bottom_right-top_left-bottom_left-original
2025-04-02 08:36:17 - INFO - Model tda-bottom_right-top_left-bottom_left-original completed in 23.24 seconds.
2025-04-02 08:36:17 - INFO - >>> Model tda-bottom_right-top_left-bottom_left-original trained. Accuracy: 0.8792 (23.24 sec.)
2025-04-02 08:36:17 - INFO - Training model: tda-top_right-top_left-bottom_left-original
2025-04-02 08:36:41 - INFO - Model tda-top_right-top_left-bottom_left-original completed in 23.59 seconds.
2025-04-02 08:36:41 - INFO - >>> Model tda-top_right-top_left-bottom_left-original trained. Accuracy: 0.8765 (23.59 sec.)
2025-04-02 08:36:41 - INFO - Training model: bottom_right-top_right-top_left-bottom_left-original
2025-04-02 08:37:01 - INFO - Model bottom_right-top_right-top_left-bottom_left-original completed in 19.86 seconds.
2025-04-02 08:37:01 - INFO - >>> Model bottom_right-top_right-top_left-bottom_left-original trained. Accuracy: 0.8758 (19.86 sec.)
2025-04-02 08:37:01 - INFO - Training model: tda-bottom_right-top_right-top_left-bottom_left-original
2025-04-02 08:37:27 - INFO - Model tda-bottom_right-top_right-top_left-bottom_left-original completed in 26.59 seconds.
2025-04-02 08:37:27 - INFO - >>> Model tda-bottom_right-top_right-top_left-bottom_left-original trained. Accuracy: 0.8854 (26.59 sec.)
2025-04-02 08:37:27 - INFO - All models trained successfully.
2025-04-02 08:37:27 - INFO - ========== [Model Training Completed] in 8.68 minutes ==========
2025-04-02 08:37:27 - INFO - ========== [Experiment Training Complete] ==========
2025-04-02 08:37:27 - INFO - Results saved to /home/jovyan/Workspace/workspace_mnist/results/exp_noise_icecream_salt_q50_lowdata/experiment_trainsize_predictions_2025-04-02_08-37-27.json
2025-04-02 08:37:27 - INFO - Results successfully saved to /home/jovyan/Workspace/workspace_mnist/results/exp_noise_icecream_salt_q50_lowdata/experiment_trainsize_predictions_2025-04-02_08-37-27.json
2025-04-02 08:37:27 - INFO - Garbage collection executed.
2025-04-02 08:37:27 - INFO - ========== [Experiment Completed] in 16.60 minutes ==========
