2025-04-02 09:02:16 - INFO - Logging initialized.
 Writing to /home/jovyan/Workspace/workspace_mnist/logs/exp_noise_icecream_salt_q50_lowdata/experiment_logs_2025-04-02_09-02-16.log
2025-04-02 09:02:16 - INFO - ========== [Experiment Start] ==========
2025-04-02 09:02:16 - INFO - Views combinations succesfully generated.
2025-04-02 09:02:16 - INFO - Topological Data Analysis pipeline generated.
2025-04-02 09:02:16 - INFO - Generating folder to save results.
2025-04-02 09:02:16 - INFO - Reading dataset in chunks from mnist_784.csv (chunk size: 70000)
2025-04-02 09:02:17 - INFO - Starting multiview data preparation for a chunk of size (70000, 784)...
2025-04-02 09:02:17 - INFO - Running using 22 jobs.
2025-04-02 09:02:17 - INFO - Contaminating dataset with circles using 2.
2025-04-02 09:02:21 - INFO - Splitting data: 17.8% train / 20.0% test (random_state=12444143)
2025-04-02 09:02:21 - INFO - Data split complete. Train size: (9955, 784), Test size: (14000, 784)
2025-04-02 09:02:21 - INFO - Reshaping train and test data into square images...
2025-04-02 09:02:21 - INFO - Reshaping complete. Train images: (9955, 28, 28), Test images: (14000, 28, 28)
2025-04-02 09:02:21 - INFO - Splitting images into quadrant views...
2025-04-02 09:02:21 - INFO - Quadrant view splitting complete. Train views: 4, Test views: 4
2025-04-02 09:02:21 - INFO - >> Starting TDA pipeline transformation on train data...
2025-04-02 09:03:46 - INFO - >> TDA transformation for train data completed (1.42 minutes).
2025-04-02 09:03:46 - INFO - >> Applying TDA pipeline transformation on test data...
2025-04-02 09:05:48 - INFO - >> TDA transformation for test data completed (2.04 minutes).
2025-04-02 09:05:48 - INFO - ========== [Model Training Start] ==========
2025-04-02 09:05:48 - INFO - Training model: original
2025-04-02 09:05:48 - INFO - Model original completed in 0.34 seconds.
2025-04-02 09:05:48 - INFO - >>> Model original trained. Accuracy: 0.8212 (0.34 sec.)
2025-04-02 09:05:48 - INFO - Training model: original-tda
2025-04-02 09:05:53 - INFO - Model original-tda completed in 4.38 seconds.
2025-04-02 09:05:53 - INFO - >>> Model original-tda trained. Accuracy: 0.8376 (4.38 sec.)
2025-04-02 09:05:53 - INFO - Training model: original-bottom_right
2025-04-02 09:05:57 - INFO - Model original-bottom_right completed in 3.86 seconds.
2025-04-02 09:05:57 - INFO - >>> Model original-bottom_right trained. Accuracy: 0.8240 (3.86 sec.)
2025-04-02 09:05:57 - INFO - Training model: original-top_right
2025-04-02 09:06:01 - INFO - Model original-top_right completed in 3.96 seconds.
2025-04-02 09:06:01 - INFO - >>> Model original-top_right trained. Accuracy: 0.8257 (3.96 sec.)
2025-04-02 09:06:01 - INFO - Training model: original-top_left
2025-04-02 09:06:05 - INFO - Model original-top_left completed in 4.09 seconds.
2025-04-02 09:06:05 - INFO - >>> Model original-top_left trained. Accuracy: 0.8224 (4.09 sec.)
2025-04-02 09:06:05 - INFO - Training model: original-bottom_left
2025-04-02 09:06:09 - INFO - Model original-bottom_left completed in 4.06 seconds.
2025-04-02 09:06:09 - INFO - >>> Model original-bottom_left trained. Accuracy: 0.8213 (4.06 sec.)
2025-04-02 09:06:09 - INFO - Training model: original-bottom_right-tda
2025-04-02 09:06:15 - INFO - Model original-bottom_right-tda completed in 6.31 seconds.
2025-04-02 09:06:15 - INFO - >>> Model original-bottom_right-tda trained. Accuracy: 0.8382 (6.31 sec.)
2025-04-02 09:06:15 - INFO - Training model: original-top_right-tda
2025-04-02 09:06:21 - INFO - Model original-top_right-tda completed in 6.04 seconds.
2025-04-02 09:06:21 - INFO - >>> Model original-top_right-tda trained. Accuracy: 0.8425 (6.04 sec.)
2025-04-02 09:06:21 - INFO - Training model: original-top_left-tda
2025-04-02 09:06:27 - INFO - Model original-top_left-tda completed in 6.24 seconds.
2025-04-02 09:06:27 - INFO - >>> Model original-top_left-tda trained. Accuracy: 0.8424 (6.24 sec.)
2025-04-02 09:06:27 - INFO - Training model: original-tda-bottom_left
2025-04-02 09:06:34 - INFO - Model original-tda-bottom_left completed in 6.31 seconds.
2025-04-02 09:06:34 - INFO - >>> Model original-tda-bottom_left trained. Accuracy: 0.8349 (6.31 sec.)
2025-04-02 09:06:34 - INFO - Training model: original-bottom_right-top_right
2025-04-02 09:06:40 - INFO - Model original-bottom_right-top_right completed in 5.91 seconds.
2025-04-02 09:06:40 - INFO - >>> Model original-bottom_right-top_right trained. Accuracy: 0.8314 (5.91 sec.)
2025-04-02 09:06:40 - INFO - Training model: original-bottom_right-top_left
2025-04-02 09:06:45 - INFO - Model original-bottom_right-top_left completed in 5.77 seconds.
2025-04-02 09:06:45 - INFO - >>> Model original-bottom_right-top_left trained. Accuracy: 0.8280 (5.77 sec.)
2025-04-02 09:06:45 - INFO - Training model: original-bottom_right-bottom_left
2025-04-02 09:06:51 - INFO - Model original-bottom_right-bottom_left completed in 5.99 seconds.
2025-04-02 09:06:51 - INFO - >>> Model original-bottom_right-bottom_left trained. Accuracy: 0.8234 (5.99 sec.)
2025-04-02 09:06:51 - INFO - Training model: original-top_left-top_right
2025-04-02 09:06:57 - INFO - Model original-top_left-top_right completed in 6.10 seconds.
2025-04-02 09:06:57 - INFO - >>> Model original-top_left-top_right trained. Accuracy: 0.8295 (6.10 sec.)
2025-04-02 09:06:57 - INFO - Training model: original-top_right-bottom_left
2025-04-02 09:07:03 - INFO - Model original-top_right-bottom_left completed in 5.74 seconds.
2025-04-02 09:07:03 - INFO - >>> Model original-top_right-bottom_left trained. Accuracy: 0.8319 (5.74 sec.)
2025-04-02 09:07:03 - INFO - Training model: original-top_left-bottom_left
2025-04-02 09:07:09 - INFO - Model original-top_left-bottom_left completed in 5.97 seconds.
2025-04-02 09:07:09 - INFO - >>> Model original-top_left-bottom_left trained. Accuracy: 0.8281 (5.97 sec.)
2025-04-02 09:07:09 - INFO - Training model: original-bottom_right-top_right-tda
2025-04-02 09:07:17 - INFO - Model original-bottom_right-top_right-tda completed in 8.27 seconds.
2025-04-02 09:07:17 - INFO - >>> Model original-bottom_right-top_right-tda trained. Accuracy: 0.8471 (8.27 sec.)
2025-04-02 09:07:17 - INFO - Training model: original-bottom_right-top_left-tda
2025-04-02 09:07:26 - INFO - Model original-bottom_right-top_left-tda completed in 8.10 seconds.
2025-04-02 09:07:26 - INFO - >>> Model original-bottom_right-top_left-tda trained. Accuracy: 0.8460 (8.10 sec.)
2025-04-02 09:07:26 - INFO - Training model: original-bottom_right-tda-bottom_left
2025-04-02 09:07:34 - INFO - Model original-bottom_right-tda-bottom_left completed in 8.11 seconds.
2025-04-02 09:07:34 - INFO - >>> Model original-bottom_right-tda-bottom_left trained. Accuracy: 0.8411 (8.11 sec.)
2025-04-02 09:07:34 - INFO - Training model: original-top_left-top_right-tda
2025-04-02 09:07:42 - INFO - Model original-top_left-top_right-tda completed in 7.99 seconds.
2025-04-02 09:07:42 - INFO - >>> Model original-top_left-top_right-tda trained. Accuracy: 0.8476 (7.99 sec.)
2025-04-02 09:07:42 - INFO - Training model: original-top_right-tda-bottom_left
2025-04-02 09:07:49 - INFO - Model original-top_right-tda-bottom_left completed in 7.81 seconds.
2025-04-02 09:07:49 - INFO - >>> Model original-top_right-tda-bottom_left trained. Accuracy: 0.8484 (7.81 sec.)
2025-04-02 09:07:49 - INFO - Training model: original-top_left-tda-bottom_left
2025-04-02 09:07:58 - INFO - Model original-top_left-tda-bottom_left completed in 8.33 seconds.
2025-04-02 09:07:58 - INFO - >>> Model original-top_left-tda-bottom_left trained. Accuracy: 0.8416 (8.33 sec.)
2025-04-02 09:07:58 - INFO - Training model: original-bottom_right-top_left-top_right
2025-04-02 09:08:05 - INFO - Model original-bottom_right-top_left-top_right completed in 7.69 seconds.
2025-04-02 09:08:05 - INFO - >>> Model original-bottom_right-top_left-top_right trained. Accuracy: 0.8366 (7.69 sec.)
2025-04-02 09:08:05 - INFO - Training model: original-bottom_right-top_right-bottom_left
2025-04-02 09:08:13 - INFO - Model original-bottom_right-top_right-bottom_left completed in 7.69 seconds.
2025-04-02 09:08:13 - INFO - >>> Model original-bottom_right-top_right-bottom_left trained. Accuracy: 0.8372 (7.69 sec.)
2025-04-02 09:08:13 - INFO - Training model: original-bottom_right-top_left-bottom_left
2025-04-02 09:08:20 - INFO - Model original-bottom_right-top_left-bottom_left completed in 7.25 seconds.
2025-04-02 09:08:20 - INFO - >>> Model original-bottom_right-top_left-bottom_left trained. Accuracy: 0.8349 (7.25 sec.)
2025-04-02 09:08:20 - INFO - Training model: original-top_left-top_right-bottom_left
2025-04-02 09:08:28 - INFO - Model original-top_left-top_right-bottom_left completed in 7.68 seconds.
2025-04-02 09:08:28 - INFO - >>> Model original-top_left-top_right-bottom_left trained. Accuracy: 0.8389 (7.68 sec.)
2025-04-02 09:08:28 - INFO - Training model: tda-bottom_right-top_right-top_left-original
2025-04-02 09:08:38 - INFO - Model tda-bottom_right-top_right-top_left-original completed in 9.93 seconds.
2025-04-02 09:08:38 - INFO - >>> Model tda-bottom_right-top_right-top_left-original trained. Accuracy: 0.8537 (9.93 sec.)
2025-04-02 09:08:38 - INFO - Training model: tda-bottom_right-top_right-bottom_left-original
2025-04-02 09:08:48 - INFO - Model tda-bottom_right-top_right-bottom_left-original completed in 10.19 seconds.
2025-04-02 09:08:48 - INFO - >>> Model tda-bottom_right-top_right-bottom_left-original trained. Accuracy: 0.8539 (10.19 sec.)
2025-04-02 09:08:48 - INFO - Training model: tda-bottom_right-top_left-bottom_left-original
2025-04-02 09:08:58 - INFO - Model tda-bottom_right-top_left-bottom_left-original completed in 10.03 seconds.
2025-04-02 09:08:58 - INFO - >>> Model tda-bottom_right-top_left-bottom_left-original trained. Accuracy: 0.8486 (10.03 sec.)
2025-04-02 09:08:58 - INFO - Training model: tda-top_right-top_left-bottom_left-original
2025-04-02 09:09:08 - INFO - Model tda-top_right-top_left-bottom_left-original completed in 10.04 seconds.
2025-04-02 09:09:08 - INFO - >>> Model tda-top_right-top_left-bottom_left-original trained. Accuracy: 0.8531 (10.04 sec.)
2025-04-02 09:09:08 - INFO - Training model: bottom_right-top_right-top_left-bottom_left-original
2025-04-02 09:09:18 - INFO - Model bottom_right-top_right-top_left-bottom_left-original completed in 9.59 seconds.
2025-04-02 09:09:18 - INFO - >>> Model bottom_right-top_right-top_left-bottom_left-original trained. Accuracy: 0.8485 (9.59 sec.)
2025-04-02 09:09:18 - INFO - Training model: tda-bottom_right-top_right-top_left-bottom_left-original
2025-04-02 09:09:30 - INFO - Model tda-bottom_right-top_right-top_left-bottom_left-original completed in 11.96 seconds.
2025-04-02 09:09:30 - INFO - >>> Model tda-bottom_right-top_right-top_left-bottom_left-original trained. Accuracy: 0.8626 (11.96 sec.)
2025-04-02 09:09:30 - INFO - All models trained successfully.
2025-04-02 09:09:30 - INFO - ========== [Model Training Completed] in 3.70 minutes ==========
2025-04-02 09:09:30 - INFO - ========== [Experiment Training Complete] ==========
2025-04-02 09:09:30 - INFO - Results saved to /home/jovyan/Workspace/workspace_mnist/results/exp_noise_icecream_salt_q50_lowdata/experiment_trainsize_predictions_2025-04-02_09-09-30.json
2025-04-02 09:09:30 - INFO - Results successfully saved to /home/jovyan/Workspace/workspace_mnist/results/exp_noise_icecream_salt_q50_lowdata/experiment_trainsize_predictions_2025-04-02_09-09-30.json
2025-04-02 09:09:30 - INFO - Garbage collection executed.
2025-04-02 09:09:30 - INFO - ========== [Experiment Completed] in 7.23 minutes ==========
