2025-04-01 23:03:47 - INFO - Logging initialized.
 Writing to /home/jovyan/Workspace/workspace_mnist/logs/exp_noise_icecream_salt_q50_lowdata/experiment_logs_2025-04-01_23-03-47.log
2025-04-01 23:03:47 - INFO - ========== [Experiment Start] ==========
2025-04-01 23:03:47 - INFO - Views combinations succesfully generated.
2025-04-01 23:03:47 - INFO - Topological Data Analysis pipeline generated.
2025-04-01 23:03:47 - INFO - Generating folder to save results.
2025-04-01 23:03:47 - INFO - Reading dataset in chunks from mnist_784.csv (chunk size: 70000)
2025-04-01 23:03:48 - INFO - Starting multiview data preparation for a chunk of size (70000, 784)...
2025-04-01 23:03:48 - INFO - Running using 22 jobs.
2025-04-01 23:03:48 - INFO - Contaminating dataset with salt using 3.
2025-04-01 23:03:51 - INFO - Splitting data: 5.0% train / 20.0% test (random_state=910968928)
2025-04-01 23:03:51 - INFO - Data split complete. Train size: (2800, 784), Test size: (14000, 784)
2025-04-01 23:03:51 - INFO - Reshaping train and test data into square images...
2025-04-01 23:03:51 - INFO - Reshaping complete. Train images: (2800, 28, 28), Test images: (14000, 28, 28)
2025-04-01 23:03:51 - INFO - Splitting images into quadrant views...
2025-04-01 23:03:51 - INFO - Quadrant view splitting complete. Train views: 4, Test views: 4
2025-04-01 23:03:51 - INFO - >> Starting TDA pipeline transformation on train data...
2025-04-01 23:04:19 - INFO - >> TDA transformation for train data completed (0.46 minutes).
2025-04-01 23:04:19 - INFO - >> Applying TDA pipeline transformation on test data...
2025-04-01 23:06:28 - INFO - >> TDA transformation for test data completed (2.15 minutes).
2025-04-01 23:06:28 - INFO - ========== [Model Training Start] ==========
2025-04-01 23:06:28 - INFO - Training model: original
2025-04-01 23:06:28 - INFO - Model original completed in 0.23 seconds.
2025-04-01 23:06:28 - INFO - >>> Model original trained. Accuracy: 0.9231 (0.23 sec.)
2025-04-01 23:06:28 - INFO - Training model: original-top_right
2025-04-01 23:06:33 - INFO - Model original-top_right completed in 5.25 seconds.
2025-04-01 23:06:33 - INFO - >>> Model original-top_right trained. Accuracy: 0.9312 (5.25 sec.)
2025-04-01 23:06:33 - INFO - Training model: original-top_left
2025-04-01 23:06:39 - INFO - Model original-top_left completed in 5.49 seconds.
2025-04-01 23:06:39 - INFO - >>> Model original-top_left trained. Accuracy: 0.9266 (5.49 sec.)
2025-04-01 23:06:39 - INFO - Training model: tda-original
2025-04-01 23:06:43 - INFO - Model tda-original completed in 4.16 seconds.
2025-04-01 23:06:43 - INFO - >>> Model tda-original trained. Accuracy: 0.9470 (4.16 sec.)
2025-04-01 23:06:43 - INFO - Training model: original-bottom_left
2025-04-01 23:06:48 - INFO - Model original-bottom_left completed in 5.26 seconds.
2025-04-01 23:06:48 - INFO - >>> Model original-bottom_left trained. Accuracy: 0.9263 (5.26 sec.)
2025-04-01 23:06:48 - INFO - Training model: bottom_right-original
2025-04-01 23:06:54 - INFO - Model bottom_right-original completed in 5.17 seconds.
2025-04-01 23:06:54 - INFO - >>> Model bottom_right-original trained. Accuracy: 0.9274 (5.17 sec.)
2025-04-01 23:06:54 - INFO - Training model: original-top_left-top_right
2025-04-01 23:07:01 - INFO - Model original-top_left-top_right completed in 7.90 seconds.
2025-04-01 23:07:01 - INFO - >>> Model original-top_left-top_right trained. Accuracy: 0.9329 (7.90 sec.)
2025-04-01 23:07:01 - INFO - Training model: tda-original-top_right
2025-04-01 23:07:08 - INFO - Model tda-original-top_right completed in 6.96 seconds.
2025-04-01 23:07:08 - INFO - >>> Model tda-original-top_right trained. Accuracy: 0.9489 (6.96 sec.)
2025-04-01 23:07:08 - INFO - Training model: original-bottom_left-top_right
2025-04-01 23:07:16 - INFO - Model original-bottom_left-top_right completed in 7.72 seconds.
2025-04-01 23:07:16 - INFO - >>> Model original-bottom_left-top_right trained. Accuracy: 0.9329 (7.72 sec.)
2025-04-01 23:07:16 - INFO - Training model: bottom_right-original-top_right
2025-04-01 23:07:24 - INFO - Model bottom_right-original-top_right completed in 7.53 seconds.
2025-04-01 23:07:24 - INFO - >>> Model bottom_right-original-top_right trained. Accuracy: 0.9341 (7.53 sec.)
2025-04-01 23:07:24 - INFO - Training model: tda-original-top_left
2025-04-01 23:07:31 - INFO - Model tda-original-top_left completed in 7.14 seconds.
2025-04-01 23:07:31 - INFO - >>> Model tda-original-top_left trained. Accuracy: 0.9466 (7.14 sec.)
2025-04-01 23:07:31 - INFO - Training model: bottom_left-original-top_left
2025-04-01 23:07:39 - INFO - Model bottom_left-original-top_left completed in 8.25 seconds.
2025-04-01 23:07:39 - INFO - >>> Model bottom_left-original-top_left trained. Accuracy: 0.9305 (8.25 sec.)
2025-04-01 23:07:39 - INFO - Training model: bottom_right-original-top_left
2025-04-01 23:07:47 - INFO - Model bottom_right-original-top_left completed in 8.07 seconds.
2025-04-01 23:07:47 - INFO - >>> Model bottom_right-original-top_left trained. Accuracy: 0.9324 (8.07 sec.)
2025-04-01 23:07:47 - INFO - Training model: tda-original-bottom_left
2025-04-01 23:07:55 - INFO - Model tda-original-bottom_left completed in 7.32 seconds.
2025-04-01 23:07:55 - INFO - >>> Model tda-original-bottom_left trained. Accuracy: 0.9404 (7.32 sec.)
2025-04-01 23:07:55 - INFO - Training model: tda-bottom_right-original
2025-04-01 23:08:02 - INFO - Model tda-bottom_right-original completed in 7.32 seconds.
2025-04-01 23:08:02 - INFO - >>> Model tda-bottom_right-original trained. Accuracy: 0.9444 (7.32 sec.)
2025-04-01 23:08:02 - INFO - Training model: bottom_right-original-bottom_left
2025-04-01 23:08:10 - INFO - Model bottom_right-original-bottom_left completed in 7.73 seconds.
2025-04-01 23:08:10 - INFO - >>> Model bottom_right-original-bottom_left trained. Accuracy: 0.9302 (7.73 sec.)
2025-04-01 23:08:10 - INFO - Training model: tda-original-top_left-top_right
2025-04-01 23:08:19 - INFO - Model tda-original-top_left-top_right completed in 9.49 seconds.
2025-04-01 23:08:19 - INFO - >>> Model tda-original-top_left-top_right trained. Accuracy: 0.9513 (9.49 sec.)
2025-04-01 23:08:19 - INFO - Training model: bottom_left-original-top_left-top_right
2025-04-01 23:08:30 - INFO - Model bottom_left-original-top_left-top_right completed in 10.57 seconds.
2025-04-01 23:08:30 - INFO - >>> Model bottom_left-original-top_left-top_right trained. Accuracy: 0.9368 (10.57 sec.)
2025-04-01 23:08:30 - INFO - Training model: bottom_right-original-top_left-top_right
2025-04-01 23:08:40 - INFO - Model bottom_right-original-top_left-top_right completed in 10.18 seconds.
2025-04-01 23:08:40 - INFO - >>> Model bottom_right-original-top_left-top_right trained. Accuracy: 0.9380 (10.18 sec.)
2025-04-01 23:08:40 - INFO - Training model: tda-original-bottom_left-top_right
2025-04-01 23:08:49 - INFO - Model tda-original-bottom_left-top_right completed in 9.48 seconds.
2025-04-01 23:08:49 - INFO - >>> Model tda-original-bottom_left-top_right trained. Accuracy: 0.9480 (9.48 sec.)
2025-04-01 23:08:49 - INFO - Training model: tda-bottom_right-original-top_right
2025-04-01 23:08:59 - INFO - Model tda-bottom_right-original-top_right completed in 9.37 seconds.
2025-04-01 23:08:59 - INFO - >>> Model tda-bottom_right-original-top_right trained. Accuracy: 0.9492 (9.37 sec.)
2025-04-01 23:08:59 - INFO - Training model: bottom_right-original-bottom_left-top_right
2025-04-01 23:09:09 - INFO - Model bottom_right-original-bottom_left-top_right completed in 10.40 seconds.
2025-04-01 23:09:09 - INFO - >>> Model bottom_right-original-bottom_left-top_right trained. Accuracy: 0.9357 (10.40 sec.)
2025-04-01 23:09:09 - INFO - Training model: tda-bottom_left-original-top_left
2025-04-01 23:09:19 - INFO - Model tda-bottom_left-original-top_left completed in 9.79 seconds.
2025-04-01 23:09:19 - INFO - >>> Model tda-bottom_left-original-top_left trained. Accuracy: 0.9461 (9.79 sec.)
2025-04-01 23:09:19 - INFO - Training model: tda-bottom_right-original-top_left
2025-04-01 23:09:28 - INFO - Model tda-bottom_right-original-top_left completed in 9.56 seconds.
2025-04-01 23:09:28 - INFO - >>> Model tda-bottom_right-original-top_left trained. Accuracy: 0.9490 (9.56 sec.)
2025-04-01 23:09:28 - INFO - Training model: bottom_right-bottom_left-original-top_left
2025-04-01 23:09:39 - INFO - Model bottom_right-bottom_left-original-top_left completed in 10.71 seconds.
2025-04-01 23:09:39 - INFO - >>> Model bottom_right-bottom_left-original-top_left trained. Accuracy: 0.9344 (10.71 sec.)
2025-04-01 23:09:39 - INFO - Training model: tda-bottom_right-original-bottom_left
2025-04-01 23:09:49 - INFO - Model tda-bottom_right-original-bottom_left completed in 9.55 seconds.
2025-04-01 23:09:49 - INFO - >>> Model tda-bottom_right-original-bottom_left trained. Accuracy: 0.9424 (9.55 sec.)
2025-04-01 23:09:49 - INFO - Training model: top_right-top_left-tda-bottom_left-original
2025-04-01 23:10:01 - INFO - Model top_right-top_left-tda-bottom_left-original completed in 12.06 seconds.
2025-04-01 23:10:01 - INFO - >>> Model top_right-top_left-tda-bottom_left-original trained. Accuracy: 0.9518 (12.06 sec.)
2025-04-01 23:10:01 - INFO - Training model: top_right-top_left-tda-bottom_right-original
2025-04-01 23:10:13 - INFO - Model top_right-top_left-tda-bottom_right-original completed in 12.27 seconds.
2025-04-01 23:10:13 - INFO - >>> Model top_right-top_left-tda-bottom_right-original trained. Accuracy: 0.9525 (12.27 sec.)
2025-04-01 23:10:13 - INFO - Training model: top_right-top_left-bottom_left-bottom_right-original
2025-04-01 23:10:26 - INFO - Model top_right-top_left-bottom_left-bottom_right-original completed in 13.09 seconds.
2025-04-01 23:10:26 - INFO - >>> Model top_right-top_left-bottom_left-bottom_right-original trained. Accuracy: 0.9402 (13.09 sec.)
2025-04-01 23:10:26 - INFO - Training model: top_right-tda-bottom_left-bottom_right-original
2025-04-01 23:10:39 - INFO - Model top_right-tda-bottom_left-bottom_right-original completed in 12.46 seconds.
2025-04-01 23:10:39 - INFO - >>> Model top_right-tda-bottom_left-bottom_right-original trained. Accuracy: 0.9482 (12.46 sec.)
2025-04-01 23:10:39 - INFO - Training model: top_left-tda-bottom_left-bottom_right-original
2025-04-01 23:10:51 - INFO - Model top_left-tda-bottom_left-bottom_right-original completed in 12.39 seconds.
2025-04-01 23:10:51 - INFO - >>> Model top_left-tda-bottom_left-bottom_right-original trained. Accuracy: 0.9487 (12.39 sec.)
2025-04-01 23:10:51 - INFO - Training model: top_right-top_left-tda-bottom_left-bottom_right-original
2025-04-01 23:11:05 - INFO - Model top_right-top_left-tda-bottom_left-bottom_right-original completed in 13.94 seconds.
2025-04-01 23:11:05 - INFO - >>> Model top_right-top_left-tda-bottom_left-bottom_right-original trained. Accuracy: 0.9536 (13.94 sec.)
2025-04-01 23:11:05 - INFO - All models trained successfully.
2025-04-01 23:11:05 - INFO - ========== [Model Training Completed] in 4.62 minutes ==========
2025-04-01 23:11:05 - INFO - ========== [Experiment Training Complete] ==========
2025-04-01 23:11:05 - INFO - Results saved to /home/jovyan/Workspace/workspace_mnist/results/exp_noise_icecream_salt_q50_lowdata/experiment_trainsize_predictions_2025-04-01_23-11-05.json
2025-04-01 23:11:05 - INFO - Results successfully saved to /home/jovyan/Workspace/workspace_mnist/results/exp_noise_icecream_salt_q50_lowdata/experiment_trainsize_predictions_2025-04-01_23-11-05.json
2025-04-01 23:11:05 - INFO - Garbage collection executed.
2025-04-01 23:11:05 - INFO - ========== [Experiment Completed] in 7.31 minutes ==========
