2025-07-18 20:41:49 - INFO - Logging initialized.
 Writing to /home/jovyan/Workspace/workspace_mnist/logs/exp_icecream_noise_saltpepper_20_pt3/experiment_logs_2025-07-18_20-41-49.log
2025-07-18 20:41:49 - INFO - ========== [Experiment Start] ==========
2025-07-18 20:41:49 - INFO - Views combinations successfully generated.
2025-07-18 20:41:49 - INFO - Topological Data Analysis pipeline generated.
2025-07-18 20:41:49 - INFO - Folder to save results has been created.
2025-07-18 20:41:49 - INFO - Reading dataset from mnist_784.csv (chunk size: 70000).
2025-07-18 20:41:50 - INFO - Starting multiview data preparation for a chunk of size (70000, 784)...
2025-07-18 20:41:50 - INFO - Running using 20 jobs.
2025-07-18 20:41:50 - INFO - Contaminating dataset with salt_pepper, quantity=0.2, transparency=0.
2025-07-18 20:41:54 - INFO - Splitting data: 80.0% train / 30.0% test (random_state=60829579)
2025-07-18 20:41:54 - INFO - Using full training data without second split.
2025-07-18 20:41:54 - INFO - Data split complete. Train size: (49000, 784), Test size: (21000, 784)
2025-07-18 20:41:54 - INFO - Reshaping train and test data into square images...
2025-07-18 20:41:54 - INFO - Reshaping complete. Train images shape: (49000, 28, 28), Test images shape: (21000, 28, 28)
2025-07-18 20:41:54 - INFO - Splitting images into quadrant views...
2025-07-18 20:41:54 - INFO - Quadrant view splitting complete. Train views: 4, Test views: 4
2025-07-18 20:41:54 - INFO - Starting TDA pipeline transformation on train data...
2025-07-18 20:51:59 - INFO - TDA transformation for train completed (10.09 minutes).
2025-07-18 20:51:59 - INFO - Applying TDA pipeline transformation on test data...
2025-07-18 20:56:07 - INFO - TDA transformation for test completed (4.14 minutes).
2025-07-18 20:56:07 - INFO - ========== [Model Training Start] ==========
2025-07-18 20:56:07 - INFO - Training model: original
2025-07-18 20:56:09 - INFO - Model original completed in 1.21 seconds.
2025-07-18 20:56:09 - INFO - >>> Model original trained. Accuracy: 0.9028 (1.21 sec.)
2025-07-18 20:56:09 - INFO - Training model: top_right-original
2025-07-18 20:56:18 - INFO - Model top_right-original completed in 9.63 seconds.
2025-07-18 20:56:18 - INFO - >>> Model top_right-original trained. Accuracy: 0.9204 (9.63 sec.)
2025-07-18 20:56:18 - INFO - Training model: original-bottom_right
2025-07-18 20:56:28 - INFO - Model original-bottom_right completed in 9.70 seconds.
2025-07-18 20:56:28 - INFO - >>> Model original-bottom_right trained. Accuracy: 0.9169 (9.70 sec.)
2025-07-18 20:56:28 - INFO - Training model: original-bottom_left
2025-07-18 20:56:38 - INFO - Model original-bottom_left completed in 9.55 seconds.
2025-07-18 20:56:38 - INFO - >>> Model original-bottom_left trained. Accuracy: 0.9140 (9.55 sec.)
2025-07-18 20:56:38 - INFO - Training model: top_left-original
2025-07-18 20:56:47 - INFO - Model top_left-original completed in 9.64 seconds.
2025-07-18 20:56:47 - INFO - >>> Model top_left-original trained. Accuracy: 0.9185 (9.64 sec.)
2025-07-18 20:56:47 - INFO - Training model: tda-original
2025-07-18 20:57:10 - INFO - Model tda-original completed in 22.62 seconds.
2025-07-18 20:57:10 - INFO - >>> Model tda-original trained. Accuracy: 0.9134 (22.62 sec.)
2025-07-18 20:57:10 - INFO - Training model: top_right-original-bottom_right
2025-07-18 20:57:23 - INFO - Model top_right-original-bottom_right completed in 13.67 seconds.
2025-07-18 20:57:23 - INFO - >>> Model top_right-original-bottom_right trained. Accuracy: 0.9273 (13.67 sec.)
2025-07-18 20:57:23 - INFO - Training model: top_right-original-bottom_left
2025-07-18 20:57:37 - INFO - Model top_right-original-bottom_left completed in 13.22 seconds.
2025-07-18 20:57:37 - INFO - >>> Model top_right-original-bottom_left trained. Accuracy: 0.9251 (13.22 sec.)
2025-07-18 20:57:37 - INFO - Training model: top_right-original-top_left
2025-07-18 20:57:50 - INFO - Model top_right-original-top_left completed in 13.09 seconds.
2025-07-18 20:57:50 - INFO - >>> Model top_right-original-top_left trained. Accuracy: 0.9292 (13.09 sec.)
2025-07-18 20:57:50 - INFO - Training model: top_right-tda-original
2025-07-18 20:58:16 - INFO - Model top_right-tda-original completed in 26.19 seconds.
2025-07-18 20:58:16 - INFO - >>> Model top_right-tda-original trained. Accuracy: 0.9238 (26.19 sec.)
2025-07-18 20:58:16 - INFO - Training model: bottom_left-original-bottom_right
2025-07-18 20:58:29 - INFO - Model bottom_left-original-bottom_right completed in 13.15 seconds.
2025-07-18 20:58:29 - INFO - >>> Model bottom_left-original-bottom_right trained. Accuracy: 0.9228 (13.15 sec.)
2025-07-18 20:58:29 - INFO - Training model: top_left-original-bottom_right
2025-07-18 20:58:43 - INFO - Model top_left-original-bottom_right completed in 13.52 seconds.
2025-07-18 20:58:43 - INFO - >>> Model top_left-original-bottom_right trained. Accuracy: 0.9249 (13.52 sec.)
2025-07-18 20:58:43 - INFO - Training model: tda-original-bottom_right
2025-07-18 20:59:09 - INFO - Model tda-original-bottom_right completed in 25.99 seconds.
2025-07-18 20:59:09 - INFO - >>> Model tda-original-bottom_right trained. Accuracy: 0.9220 (25.99 sec.)
2025-07-18 20:59:09 - INFO - Training model: top_left-original-bottom_left
2025-07-18 20:59:22 - INFO - Model top_left-original-bottom_left completed in 12.89 seconds.
2025-07-18 20:59:22 - INFO - >>> Model top_left-original-bottom_left trained. Accuracy: 0.9236 (12.89 sec.)
2025-07-18 20:59:22 - INFO - Training model: tda-original-bottom_left
2025-07-18 20:59:48 - INFO - Model tda-original-bottom_left completed in 26.33 seconds.
2025-07-18 20:59:48 - INFO - >>> Model tda-original-bottom_left trained. Accuracy: 0.9174 (26.33 sec.)
2025-07-18 20:59:48 - INFO - Training model: top_left-tda-original
2025-07-18 21:00:14 - INFO - Model top_left-tda-original completed in 26.34 seconds.
2025-07-18 21:00:14 - INFO - >>> Model top_left-tda-original trained. Accuracy: 0.9202 (26.34 sec.)
2025-07-18 21:00:14 - INFO - Training model: top_right-bottom_left-original-bottom_right
2025-07-18 21:00:31 - INFO - Model top_right-bottom_left-original-bottom_right completed in 17.00 seconds.
2025-07-18 21:00:31 - INFO - >>> Model top_right-bottom_left-original-bottom_right trained. Accuracy: 0.9329 (17.00 sec.)
2025-07-18 21:00:31 - INFO - Training model: top_right-top_left-original-bottom_right
2025-07-18 21:00:48 - INFO - Model top_right-top_left-original-bottom_right completed in 16.91 seconds.
2025-07-18 21:00:48 - INFO - >>> Model top_right-top_left-original-bottom_right trained. Accuracy: 0.9384 (16.91 sec.)
2025-07-18 21:00:48 - INFO - Training model: top_right-tda-original-bottom_right
2025-07-18 21:01:18 - INFO - Model top_right-tda-original-bottom_right completed in 30.15 seconds.
2025-07-18 21:01:18 - INFO - >>> Model top_right-tda-original-bottom_right trained. Accuracy: 0.9314 (30.15 sec.)
2025-07-18 21:01:18 - INFO - Training model: top_right-top_left-original-bottom_left
2025-07-18 21:01:35 - INFO - Model top_right-top_left-original-bottom_left completed in 16.63 seconds.
2025-07-18 21:01:35 - INFO - >>> Model top_right-top_left-original-bottom_left trained. Accuracy: 0.9364 (16.63 sec.)
2025-07-18 21:01:35 - INFO - Training model: top_right-tda-original-bottom_left
2025-07-18 21:02:05 - INFO - Model top_right-tda-original-bottom_left completed in 29.89 seconds.
2025-07-18 21:02:05 - INFO - >>> Model top_right-tda-original-bottom_left trained. Accuracy: 0.9274 (29.89 sec.)
2025-07-18 21:02:05 - INFO - Training model: top_right-tda-original-top_left
2025-07-18 21:02:34 - INFO - Model top_right-tda-original-top_left completed in 29.28 seconds.
2025-07-18 21:02:34 - INFO - >>> Model top_right-tda-original-top_left trained. Accuracy: 0.9325 (29.28 sec.)
2025-07-18 21:02:34 - INFO - Training model: top_left-bottom_left-original-bottom_right
2025-07-18 21:02:51 - INFO - Model top_left-bottom_left-original-bottom_right completed in 16.94 seconds.
2025-07-18 21:02:51 - INFO - >>> Model top_left-bottom_left-original-bottom_right trained. Accuracy: 0.9312 (16.94 sec.)
2025-07-18 21:02:51 - INFO - Training model: tda-bottom_left-original-bottom_right
2025-07-18 21:03:21 - INFO - Model tda-bottom_left-original-bottom_right completed in 29.69 seconds.
2025-07-18 21:03:21 - INFO - >>> Model tda-bottom_left-original-bottom_right trained. Accuracy: 0.9268 (29.69 sec.)
2025-07-18 21:03:21 - INFO - Training model: top_left-tda-original-bottom_right
2025-07-18 21:03:51 - INFO - Model top_left-tda-original-bottom_right completed in 30.03 seconds.
2025-07-18 21:03:51 - INFO - >>> Model top_left-tda-original-bottom_right trained. Accuracy: 0.9289 (30.03 sec.)
2025-07-18 21:03:51 - INFO - Training model: top_left-tda-original-bottom_left
2025-07-18 21:04:20 - INFO - Model top_left-tda-original-bottom_left completed in 29.72 seconds.
2025-07-18 21:04:20 - INFO - >>> Model top_left-tda-original-bottom_left trained. Accuracy: 0.9262 (29.72 sec.)
2025-07-18 21:04:20 - INFO - Training model: top_right-bottom_right-original-bottom_left-top_left
2025-07-18 21:04:41 - INFO - Model top_right-bottom_right-original-bottom_left-top_left completed in 20.61 seconds.
2025-07-18 21:04:41 - INFO - >>> Model top_right-bottom_right-original-bottom_left-top_left trained. Accuracy: 0.9452 (20.61 sec.)
2025-07-18 21:04:41 - INFO - Training model: top_right-bottom_right-original-bottom_left-tda
2025-07-18 21:05:15 - INFO - Model top_right-bottom_right-original-bottom_left-tda completed in 33.51 seconds.
2025-07-18 21:05:15 - INFO - >>> Model top_right-bottom_right-original-bottom_left-tda trained. Accuracy: 0.9360 (33.51 sec.)
2025-07-18 21:05:15 - INFO - Training model: top_right-bottom_right-original-top_left-tda
2025-07-18 21:05:48 - INFO - Model top_right-bottom_right-original-top_left-tda completed in 33.40 seconds.
2025-07-18 21:05:48 - INFO - >>> Model top_right-bottom_right-original-top_left-tda trained. Accuracy: 0.9414 (33.40 sec.)
2025-07-18 21:05:48 - INFO - Training model: top_right-original-bottom_left-top_left-tda
2025-07-18 21:06:21 - INFO - Model top_right-original-bottom_left-top_left-tda completed in 32.98 seconds.
2025-07-18 21:06:21 - INFO - >>> Model top_right-original-bottom_left-top_left-tda trained. Accuracy: 0.9390 (32.98 sec.)
2025-07-18 21:06:21 - INFO - Training model: bottom_right-original-bottom_left-top_left-tda
2025-07-18 21:06:54 - INFO - Model bottom_right-original-bottom_left-top_left-tda completed in 32.88 seconds.
2025-07-18 21:06:54 - INFO - >>> Model bottom_right-original-bottom_left-top_left-tda trained. Accuracy: 0.9339 (32.88 sec.)
2025-07-18 21:06:54 - INFO - Training model: top_right-bottom_right-original-bottom_left-top_left-tda
2025-07-18 21:07:30 - INFO - Model top_right-bottom_right-original-bottom_left-top_left-tda completed in 36.33 seconds.
2025-07-18 21:07:30 - INFO - >>> Model top_right-bottom_right-original-bottom_left-top_left-tda trained. Accuracy: 0.9443 (36.33 sec.)
2025-07-18 21:07:30 - INFO - All models trained successfully.
2025-07-18 21:07:30 - INFO - ========== [Model Training Completed] in 11.38 minutes ==========
2025-07-18 21:07:30 - INFO - ========== [Experiment Training Complete] ==========
2025-07-18 21:07:30 - INFO - Results saved to /home/jovyan/Workspace/workspace_mnist/results/exp_icecream_noise_saltpepper_20_pt3/exp_icecream_noise_saltpepper_20_pt3_2025-07-18_21-07-30.json
2025-07-18 21:07:30 - INFO - Results successfully saved to /home/jovyan/Workspace/workspace_mnist/results/exp_icecream_noise_saltpepper_20_pt3/exp_icecream_noise_saltpepper_20_pt3_2025-07-18_21-07-30.json
2025-07-18 21:07:30 - INFO - Forced Garbage collection executed to Free Memory.
2025-07-18 21:07:30 - INFO - ========== [Experiment Completed] in 25.69 minutes ==========
