2025-07-18 19:25:45 - INFO - Logging initialized.
 Writing to /home/jovyan/Workspace/workspace_mnist/logs/exp_icecream_noise_saltpepper_20_pt3/experiment_logs_2025-07-18_19-25-45.log
2025-07-18 19:25:45 - INFO - ========== [Experiment Start] ==========
2025-07-18 19:25:45 - INFO - Views combinations successfully generated.
2025-07-18 19:25:45 - INFO - Topological Data Analysis pipeline generated.
2025-07-18 19:25:45 - INFO - Folder to save results has been created.
2025-07-18 19:25:45 - INFO - Reading dataset from mnist_784.csv (chunk size: 70000).
2025-07-18 19:25:46 - INFO - Starting multiview data preparation for a chunk of size (70000, 784)...
2025-07-18 19:25:46 - INFO - Running using 20 jobs.
2025-07-18 19:25:46 - INFO - Contaminating dataset with salt_pepper, quantity=0.2, transparency=0.
2025-07-18 19:25:50 - INFO - Splitting data: 80.0% train / 30.0% test (random_state=830071047)
2025-07-18 19:25:50 - INFO - Using full training data without second split.
2025-07-18 19:25:50 - INFO - Data split complete. Train size: (49000, 784), Test size: (21000, 784)
2025-07-18 19:25:50 - INFO - Reshaping train and test data into square images...
2025-07-18 19:25:50 - INFO - Reshaping complete. Train images shape: (49000, 28, 28), Test images shape: (21000, 28, 28)
2025-07-18 19:25:50 - INFO - Splitting images into quadrant views...
2025-07-18 19:25:50 - INFO - Quadrant view splitting complete. Train views: 4, Test views: 4
2025-07-18 19:25:50 - INFO - Starting TDA pipeline transformation on train data...
2025-07-18 19:35:31 - INFO - TDA transformation for train completed (9.69 minutes).
2025-07-18 19:35:31 - INFO - Applying TDA pipeline transformation on test data...
2025-07-18 19:39:37 - INFO - TDA transformation for test completed (4.11 minutes).
2025-07-18 19:39:37 - INFO - ========== [Model Training Start] ==========
2025-07-18 19:39:37 - INFO - Training model: original
2025-07-18 19:39:39 - INFO - Model original completed in 1.23 seconds.
2025-07-18 19:39:39 - INFO - >>> Model original trained. Accuracy: 0.9039 (1.23 sec.)
2025-07-18 19:39:39 - INFO - Training model: top_right-original
2025-07-18 19:39:48 - INFO - Model top_right-original completed in 9.68 seconds.
2025-07-18 19:39:48 - INFO - >>> Model top_right-original trained. Accuracy: 0.9217 (9.68 sec.)
2025-07-18 19:39:48 - INFO - Training model: original-bottom_right
2025-07-18 19:39:58 - INFO - Model original-bottom_right completed in 9.96 seconds.
2025-07-18 19:39:58 - INFO - >>> Model original-bottom_right trained. Accuracy: 0.9166 (9.96 sec.)
2025-07-18 19:39:58 - INFO - Training model: original-bottom_left
2025-07-18 19:40:08 - INFO - Model original-bottom_left completed in 9.53 seconds.
2025-07-18 19:40:08 - INFO - >>> Model original-bottom_left trained. Accuracy: 0.9151 (9.53 sec.)
2025-07-18 19:40:08 - INFO - Training model: top_left-original
2025-07-18 19:40:18 - INFO - Model top_left-original completed in 9.66 seconds.
2025-07-18 19:40:18 - INFO - >>> Model top_left-original trained. Accuracy: 0.9183 (9.66 sec.)
2025-07-18 19:40:18 - INFO - Training model: tda-original
2025-07-18 19:40:40 - INFO - Model tda-original completed in 22.87 seconds.
2025-07-18 19:40:40 - INFO - >>> Model tda-original trained. Accuracy: 0.9154 (22.87 sec.)
2025-07-18 19:40:40 - INFO - Training model: top_right-original-bottom_right
2025-07-18 19:40:54 - INFO - Model top_right-original-bottom_right completed in 13.68 seconds.
2025-07-18 19:40:54 - INFO - >>> Model top_right-original-bottom_right trained. Accuracy: 0.9293 (13.68 sec.)
2025-07-18 19:40:54 - INFO - Training model: top_right-original-bottom_left
2025-07-18 19:41:07 - INFO - Model top_right-original-bottom_left completed in 13.35 seconds.
2025-07-18 19:41:07 - INFO - >>> Model top_right-original-bottom_left trained. Accuracy: 0.9270 (13.35 sec.)
2025-07-18 19:41:07 - INFO - Training model: top_right-original-top_left
2025-07-18 19:41:21 - INFO - Model top_right-original-top_left completed in 13.13 seconds.
2025-07-18 19:41:21 - INFO - >>> Model top_right-original-top_left trained. Accuracy: 0.9295 (13.13 sec.)
2025-07-18 19:41:21 - INFO - Training model: top_right-tda-original
2025-07-18 19:41:47 - INFO - Model top_right-tda-original completed in 26.09 seconds.
2025-07-18 19:41:47 - INFO - >>> Model top_right-tda-original trained. Accuracy: 0.9251 (26.09 sec.)
2025-07-18 19:41:47 - INFO - Training model: bottom_left-original-bottom_right
2025-07-18 19:42:00 - INFO - Model bottom_left-original-bottom_right completed in 13.25 seconds.
2025-07-18 19:42:00 - INFO - >>> Model bottom_left-original-bottom_right trained. Accuracy: 0.9227 (13.25 sec.)
2025-07-18 19:42:00 - INFO - Training model: top_left-original-bottom_right
2025-07-18 19:42:13 - INFO - Model top_left-original-bottom_right completed in 13.23 seconds.
2025-07-18 19:42:13 - INFO - >>> Model top_left-original-bottom_right trained. Accuracy: 0.9244 (13.23 sec.)
2025-07-18 19:42:13 - INFO - Training model: tda-original-bottom_right
2025-07-18 19:42:40 - INFO - Model tda-original-bottom_right completed in 26.83 seconds.
2025-07-18 19:42:40 - INFO - >>> Model tda-original-bottom_right trained. Accuracy: 0.9197 (26.83 sec.)
2025-07-18 19:42:40 - INFO - Training model: top_left-original-bottom_left
2025-07-18 19:42:53 - INFO - Model top_left-original-bottom_left completed in 13.23 seconds.
2025-07-18 19:42:53 - INFO - >>> Model top_left-original-bottom_left trained. Accuracy: 0.9246 (13.23 sec.)
2025-07-18 19:42:53 - INFO - Training model: tda-original-bottom_left
2025-07-18 19:43:20 - INFO - Model tda-original-bottom_left completed in 26.34 seconds.
2025-07-18 19:43:20 - INFO - >>> Model tda-original-bottom_left trained. Accuracy: 0.9178 (26.34 sec.)
2025-07-18 19:43:20 - INFO - Training model: top_left-tda-original
2025-07-18 19:43:45 - INFO - Model top_left-tda-original completed in 25.82 seconds.
2025-07-18 19:43:45 - INFO - >>> Model top_left-tda-original trained. Accuracy: 0.9215 (25.82 sec.)
2025-07-18 19:43:45 - INFO - Training model: top_right-bottom_left-original-bottom_right
2025-07-18 19:44:02 - INFO - Model top_right-bottom_left-original-bottom_right completed in 17.02 seconds.
2025-07-18 19:44:02 - INFO - >>> Model top_right-bottom_left-original-bottom_right trained. Accuracy: 0.9344 (17.02 sec.)
2025-07-18 19:44:02 - INFO - Training model: top_right-top_left-original-bottom_right
2025-07-18 19:44:19 - INFO - Model top_right-top_left-original-bottom_right completed in 16.67 seconds.
2025-07-18 19:44:19 - INFO - >>> Model top_right-top_left-original-bottom_right trained. Accuracy: 0.9370 (16.67 sec.)
2025-07-18 19:44:19 - INFO - Training model: top_right-tda-original-bottom_right
2025-07-18 19:44:49 - INFO - Model top_right-tda-original-bottom_right completed in 29.61 seconds.
2025-07-18 19:44:49 - INFO - >>> Model top_right-tda-original-bottom_right trained. Accuracy: 0.9324 (29.61 sec.)
2025-07-18 19:44:49 - INFO - Training model: top_right-top_left-original-bottom_left
2025-07-18 19:45:05 - INFO - Model top_right-top_left-original-bottom_left completed in 16.64 seconds.
2025-07-18 19:45:05 - INFO - >>> Model top_right-top_left-original-bottom_left trained. Accuracy: 0.9368 (16.64 sec.)
2025-07-18 19:45:05 - INFO - Training model: top_right-tda-original-bottom_left
2025-07-18 19:45:35 - INFO - Model top_right-tda-original-bottom_left completed in 29.65 seconds.
2025-07-18 19:45:35 - INFO - >>> Model top_right-tda-original-bottom_left trained. Accuracy: 0.9294 (29.65 sec.)
2025-07-18 19:45:35 - INFO - Training model: top_right-tda-original-top_left
2025-07-18 19:46:04 - INFO - Model top_right-tda-original-top_left completed in 29.12 seconds.
2025-07-18 19:46:04 - INFO - >>> Model top_right-tda-original-top_left trained. Accuracy: 0.9331 (29.12 sec.)
2025-07-18 19:46:04 - INFO - Training model: top_left-bottom_left-original-bottom_right
2025-07-18 19:46:21 - INFO - Model top_left-bottom_left-original-bottom_right completed in 16.82 seconds.
2025-07-18 19:46:21 - INFO - >>> Model top_left-bottom_left-original-bottom_right trained. Accuracy: 0.9303 (16.82 sec.)
2025-07-18 19:46:21 - INFO - Training model: tda-bottom_left-original-bottom_right
2025-07-18 19:46:51 - INFO - Model tda-bottom_left-original-bottom_right completed in 30.51 seconds.
2025-07-18 19:46:51 - INFO - >>> Model tda-bottom_left-original-bottom_right trained. Accuracy: 0.9240 (30.51 sec.)
2025-07-18 19:46:51 - INFO - Training model: top_left-tda-original-bottom_right
2025-07-18 19:47:22 - INFO - Model top_left-tda-original-bottom_right completed in 30.14 seconds.
2025-07-18 19:47:22 - INFO - >>> Model top_left-tda-original-bottom_right trained. Accuracy: 0.9288 (30.14 sec.)
2025-07-18 19:47:22 - INFO - Training model: top_left-tda-original-bottom_left
2025-07-18 19:47:52 - INFO - Model top_left-tda-original-bottom_left completed in 30.10 seconds.
2025-07-18 19:47:52 - INFO - >>> Model top_left-tda-original-bottom_left trained. Accuracy: 0.9267 (30.10 sec.)
2025-07-18 19:47:52 - INFO - Training model: top_right-bottom_right-original-bottom_left-top_left
2025-07-18 19:48:12 - INFO - Model top_right-bottom_right-original-bottom_left-top_left completed in 20.21 seconds.
2025-07-18 19:48:12 - INFO - >>> Model top_right-bottom_right-original-bottom_left-top_left trained. Accuracy: 0.9420 (20.21 sec.)
2025-07-18 19:48:12 - INFO - Training model: top_right-bottom_right-original-bottom_left-tda
2025-07-18 19:48:45 - INFO - Model top_right-bottom_right-original-bottom_left-tda completed in 33.47 seconds.
2025-07-18 19:48:45 - INFO - >>> Model top_right-bottom_right-original-bottom_left-tda trained. Accuracy: 0.9357 (33.47 sec.)
2025-07-18 19:48:45 - INFO - Training model: top_right-bottom_right-original-top_left-tda
2025-07-18 19:49:19 - INFO - Model top_right-bottom_right-original-top_left-tda completed in 33.39 seconds.
2025-07-18 19:49:19 - INFO - >>> Model top_right-bottom_right-original-top_left-tda trained. Accuracy: 0.9396 (33.39 sec.)
2025-07-18 19:49:19 - INFO - Training model: top_right-original-bottom_left-top_left-tda
2025-07-18 19:49:52 - INFO - Model top_right-original-bottom_left-top_left-tda completed in 32.95 seconds.
2025-07-18 19:49:52 - INFO - >>> Model top_right-original-bottom_left-top_left-tda trained. Accuracy: 0.9385 (32.95 sec.)
2025-07-18 19:49:52 - INFO - Training model: bottom_right-original-bottom_left-top_left-tda
2025-07-18 19:50:25 - INFO - Model bottom_right-original-bottom_left-top_left-tda completed in 33.24 seconds.
2025-07-18 19:50:25 - INFO - >>> Model bottom_right-original-bottom_left-top_left-tda trained. Accuracy: 0.9316 (33.24 sec.)
2025-07-18 19:50:25 - INFO - Training model: top_right-bottom_right-original-bottom_left-top_left-tda
2025-07-18 19:51:02 - INFO - Model top_right-bottom_right-original-bottom_left-top_left-tda completed in 37.20 seconds.
2025-07-18 19:51:02 - INFO - >>> Model top_right-bottom_right-original-bottom_left-top_left-tda trained. Accuracy: 0.9440 (37.20 sec.)
2025-07-18 19:51:02 - INFO - All models trained successfully.
2025-07-18 19:51:02 - INFO - ========== [Model Training Completed] in 11.41 minutes ==========
2025-07-18 19:51:02 - INFO - ========== [Experiment Training Complete] ==========
2025-07-18 19:51:02 - INFO - Results saved to /home/jovyan/Workspace/workspace_mnist/results/exp_icecream_noise_saltpepper_20_pt3/exp_icecream_noise_saltpepper_20_pt3_2025-07-18_19-51-02.json
2025-07-18 19:51:02 - INFO - Results successfully saved to /home/jovyan/Workspace/workspace_mnist/results/exp_icecream_noise_saltpepper_20_pt3/exp_icecream_noise_saltpepper_20_pt3_2025-07-18_19-51-02.json
2025-07-18 19:51:02 - INFO - Forced Garbage collection executed to Free Memory.
2025-07-18 19:51:02 - INFO - ========== [Experiment Completed] in 25.29 minutes ==========
