2025-07-18 18:08:03 - INFO - Logging initialized.
 Writing to /home/jovyan/Workspace/workspace_mnist/logs/exp_icecream_noise_saltpepper_20_pt3/experiment_logs_2025-07-18_18-08-03.log
2025-07-18 18:08:03 - INFO - ========== [Experiment Start] ==========
2025-07-18 18:08:03 - INFO - Views combinations successfully generated.
2025-07-18 18:08:03 - INFO - Topological Data Analysis pipeline generated.
2025-07-18 18:08:03 - INFO - Folder to save results has been created.
2025-07-18 18:08:03 - INFO - Reading dataset from mnist_784.csv (chunk size: 70000).
2025-07-18 18:08:04 - INFO - Starting multiview data preparation for a chunk of size (70000, 784)...
2025-07-18 18:08:04 - INFO - Running using 20 jobs.
2025-07-18 18:08:04 - INFO - Contaminating dataset with salt_pepper, quantity=0.2, transparency=0.
2025-07-18 18:08:08 - INFO - Splitting data: 80.0% train / 30.0% test (random_state=545278459)
2025-07-18 18:08:08 - INFO - Using full training data without second split.
2025-07-18 18:08:08 - INFO - Data split complete. Train size: (49000, 784), Test size: (21000, 784)
2025-07-18 18:08:08 - INFO - Reshaping train and test data into square images...
2025-07-18 18:08:08 - INFO - Reshaping complete. Train images shape: (49000, 28, 28), Test images shape: (21000, 28, 28)
2025-07-18 18:08:08 - INFO - Splitting images into quadrant views...
2025-07-18 18:08:08 - INFO - Quadrant view splitting complete. Train views: 4, Test views: 4
2025-07-18 18:08:08 - INFO - Starting TDA pipeline transformation on train data...
2025-07-18 18:18:18 - INFO - TDA transformation for train completed (10.16 minutes).
2025-07-18 18:18:18 - INFO - Applying TDA pipeline transformation on test data...
2025-07-18 18:22:29 - INFO - TDA transformation for test completed (4.19 minutes).
2025-07-18 18:22:29 - INFO - ========== [Model Training Start] ==========
2025-07-18 18:22:29 - INFO - Training model: original
2025-07-18 18:22:31 - INFO - Model original completed in 1.23 seconds.
2025-07-18 18:22:31 - INFO - >>> Model original trained. Accuracy: 0.9047 (1.23 sec.)
2025-07-18 18:22:31 - INFO - Training model: top_right-original
2025-07-18 18:22:40 - INFO - Model top_right-original completed in 9.67 seconds.
2025-07-18 18:22:40 - INFO - >>> Model top_right-original trained. Accuracy: 0.9218 (9.67 sec.)
2025-07-18 18:22:40 - INFO - Training model: original-bottom_right
2025-07-18 18:22:50 - INFO - Model original-bottom_right completed in 10.24 seconds.
2025-07-18 18:22:50 - INFO - >>> Model original-bottom_right trained. Accuracy: 0.9169 (10.24 sec.)
2025-07-18 18:22:50 - INFO - Training model: original-bottom_left
2025-07-18 18:23:00 - INFO - Model original-bottom_left completed in 9.86 seconds.
2025-07-18 18:23:00 - INFO - >>> Model original-bottom_left trained. Accuracy: 0.9147 (9.86 sec.)
2025-07-18 18:23:00 - INFO - Training model: top_left-original
2025-07-18 18:23:10 - INFO - Model top_left-original completed in 9.43 seconds.
2025-07-18 18:23:10 - INFO - >>> Model top_left-original trained. Accuracy: 0.9177 (9.43 sec.)
2025-07-18 18:23:10 - INFO - Training model: tda-original
2025-07-18 18:23:32 - INFO - Model tda-original completed in 22.47 seconds.
2025-07-18 18:23:32 - INFO - >>> Model tda-original trained. Accuracy: 0.9160 (22.47 sec.)
2025-07-18 18:23:32 - INFO - Training model: top_right-original-bottom_right
2025-07-18 18:23:46 - INFO - Model top_right-original-bottom_right completed in 13.27 seconds.
2025-07-18 18:23:46 - INFO - >>> Model top_right-original-bottom_right trained. Accuracy: 0.9278 (13.27 sec.)
2025-07-18 18:23:46 - INFO - Training model: top_right-original-bottom_left
2025-07-18 18:23:59 - INFO - Model top_right-original-bottom_left completed in 13.19 seconds.
2025-07-18 18:23:59 - INFO - >>> Model top_right-original-bottom_left trained. Accuracy: 0.9260 (13.19 sec.)
2025-07-18 18:23:59 - INFO - Training model: top_right-original-top_left
2025-07-18 18:24:12 - INFO - Model top_right-original-top_left completed in 13.51 seconds.
2025-07-18 18:24:12 - INFO - >>> Model top_right-original-top_left trained. Accuracy: 0.9288 (13.51 sec.)
2025-07-18 18:24:12 - INFO - Training model: top_right-tda-original
2025-07-18 18:24:38 - INFO - Model top_right-tda-original completed in 26.07 seconds.
2025-07-18 18:24:38 - INFO - >>> Model top_right-tda-original trained. Accuracy: 0.9273 (26.07 sec.)
2025-07-18 18:24:38 - INFO - Training model: bottom_left-original-bottom_right
2025-07-18 18:24:51 - INFO - Model bottom_left-original-bottom_right completed in 13.14 seconds.
2025-07-18 18:24:51 - INFO - >>> Model bottom_left-original-bottom_right trained. Accuracy: 0.9212 (13.14 sec.)
2025-07-18 18:24:51 - INFO - Training model: top_left-original-bottom_right
2025-07-18 18:25:05 - INFO - Model top_left-original-bottom_right completed in 13.51 seconds.
2025-07-18 18:25:05 - INFO - >>> Model top_left-original-bottom_right trained. Accuracy: 0.9259 (13.51 sec.)
2025-07-18 18:25:05 - INFO - Training model: tda-original-bottom_right
2025-07-18 18:25:31 - INFO - Model tda-original-bottom_right completed in 26.00 seconds.
2025-07-18 18:25:31 - INFO - >>> Model tda-original-bottom_right trained. Accuracy: 0.9211 (26.00 sec.)
2025-07-18 18:25:31 - INFO - Training model: top_left-original-bottom_left
2025-07-18 18:25:44 - INFO - Model top_left-original-bottom_left completed in 12.88 seconds.
2025-07-18 18:25:44 - INFO - >>> Model top_left-original-bottom_left trained. Accuracy: 0.9238 (12.88 sec.)
2025-07-18 18:25:44 - INFO - Training model: tda-original-bottom_left
2025-07-18 18:26:10 - INFO - Model tda-original-bottom_left completed in 26.18 seconds.
2025-07-18 18:26:10 - INFO - >>> Model tda-original-bottom_left trained. Accuracy: 0.9191 (26.18 sec.)
2025-07-18 18:26:10 - INFO - Training model: top_left-tda-original
2025-07-18 18:26:36 - INFO - Model top_left-tda-original completed in 26.08 seconds.
2025-07-18 18:26:36 - INFO - >>> Model top_left-tda-original trained. Accuracy: 0.9210 (26.08 sec.)
2025-07-18 18:26:36 - INFO - Training model: top_right-bottom_left-original-bottom_right
2025-07-18 18:26:53 - INFO - Model top_right-bottom_left-original-bottom_right completed in 16.90 seconds.
2025-07-18 18:26:53 - INFO - >>> Model top_right-bottom_left-original-bottom_right trained. Accuracy: 0.9332 (16.90 sec.)
2025-07-18 18:26:53 - INFO - Training model: top_right-top_left-original-bottom_right
2025-07-18 18:27:10 - INFO - Model top_right-top_left-original-bottom_right completed in 16.91 seconds.
2025-07-18 18:27:10 - INFO - >>> Model top_right-top_left-original-bottom_right trained. Accuracy: 0.9370 (16.91 sec.)
2025-07-18 18:27:10 - INFO - Training model: top_right-tda-original-bottom_right
2025-07-18 18:27:39 - INFO - Model top_right-tda-original-bottom_right completed in 29.52 seconds.
2025-07-18 18:27:39 - INFO - >>> Model top_right-tda-original-bottom_right trained. Accuracy: 0.9330 (29.52 sec.)
2025-07-18 18:27:39 - INFO - Training model: top_right-top_left-original-bottom_left
2025-07-18 18:27:56 - INFO - Model top_right-top_left-original-bottom_left completed in 16.72 seconds.
2025-07-18 18:27:56 - INFO - >>> Model top_right-top_left-original-bottom_left trained. Accuracy: 0.9363 (16.72 sec.)
2025-07-18 18:27:56 - INFO - Training model: top_right-tda-original-bottom_left
2025-07-18 18:28:26 - INFO - Model top_right-tda-original-bottom_left completed in 30.15 seconds.
2025-07-18 18:28:26 - INFO - >>> Model top_right-tda-original-bottom_left trained. Accuracy: 0.9297 (30.15 sec.)
2025-07-18 18:28:26 - INFO - Training model: top_right-tda-original-top_left
2025-07-18 18:28:56 - INFO - Model top_right-tda-original-top_left completed in 29.64 seconds.
2025-07-18 18:28:56 - INFO - >>> Model top_right-tda-original-top_left trained. Accuracy: 0.9334 (29.64 sec.)
2025-07-18 18:28:56 - INFO - Training model: top_left-bottom_left-original-bottom_right
2025-07-18 18:29:13 - INFO - Model top_left-bottom_left-original-bottom_right completed in 16.70 seconds.
2025-07-18 18:29:13 - INFO - >>> Model top_left-bottom_left-original-bottom_right trained. Accuracy: 0.9304 (16.70 sec.)
2025-07-18 18:29:13 - INFO - Training model: tda-bottom_left-original-bottom_right
2025-07-18 18:29:42 - INFO - Model tda-bottom_left-original-bottom_right completed in 29.46 seconds.
2025-07-18 18:29:42 - INFO - >>> Model tda-bottom_left-original-bottom_right trained. Accuracy: 0.9253 (29.46 sec.)
2025-07-18 18:29:42 - INFO - Training model: top_left-tda-original-bottom_right
2025-07-18 18:30:12 - INFO - Model top_left-tda-original-bottom_right completed in 29.64 seconds.
2025-07-18 18:30:12 - INFO - >>> Model top_left-tda-original-bottom_right trained. Accuracy: 0.9288 (29.64 sec.)
2025-07-18 18:30:12 - INFO - Training model: top_left-tda-original-bottom_left
2025-07-18 18:30:42 - INFO - Model top_left-tda-original-bottom_left completed in 29.76 seconds.
2025-07-18 18:30:42 - INFO - >>> Model top_left-tda-original-bottom_left trained. Accuracy: 0.9263 (29.76 sec.)
2025-07-18 18:30:42 - INFO - Training model: top_right-bottom_right-original-bottom_left-top_left
2025-07-18 18:31:01 - INFO - Model top_right-bottom_right-original-bottom_left-top_left completed in 19.91 seconds.
2025-07-18 18:31:01 - INFO - >>> Model top_right-bottom_right-original-bottom_left-top_left trained. Accuracy: 0.9428 (19.91 sec.)
2025-07-18 18:31:01 - INFO - Training model: top_right-bottom_right-original-bottom_left-tda
2025-07-18 18:31:34 - INFO - Model top_right-bottom_right-original-bottom_left-tda completed in 33.01 seconds.
2025-07-18 18:31:34 - INFO - >>> Model top_right-bottom_right-original-bottom_left-tda trained. Accuracy: 0.9367 (33.01 sec.)
2025-07-18 18:31:34 - INFO - Training model: top_right-bottom_right-original-top_left-tda
2025-07-18 18:32:08 - INFO - Model top_right-bottom_right-original-top_left-tda completed in 33.09 seconds.
2025-07-18 18:32:08 - INFO - >>> Model top_right-bottom_right-original-top_left-tda trained. Accuracy: 0.9411 (33.09 sec.)
2025-07-18 18:32:08 - INFO - Training model: top_right-original-bottom_left-top_left-tda
2025-07-18 18:32:41 - INFO - Model top_right-original-bottom_left-top_left-tda completed in 32.99 seconds.
2025-07-18 18:32:41 - INFO - >>> Model top_right-original-bottom_left-top_left-tda trained. Accuracy: 0.9374 (32.99 sec.)
2025-07-18 18:32:41 - INFO - Training model: bottom_right-original-bottom_left-top_left-tda
2025-07-18 18:33:13 - INFO - Model bottom_right-original-bottom_left-top_left-tda completed in 32.80 seconds.
2025-07-18 18:33:13 - INFO - >>> Model bottom_right-original-bottom_left-top_left-tda trained. Accuracy: 0.9326 (32.80 sec.)
2025-07-18 18:33:13 - INFO - Training model: top_right-bottom_right-original-bottom_left-top_left-tda
2025-07-18 18:33:50 - INFO - Model top_right-bottom_right-original-bottom_left-top_left-tda completed in 36.85 seconds.
2025-07-18 18:33:50 - INFO - >>> Model top_right-bottom_right-original-bottom_left-top_left-tda trained. Accuracy: 0.9445 (36.85 sec.)
2025-07-18 18:33:50 - INFO - All models trained successfully.
2025-07-18 18:33:50 - INFO - ========== [Model Training Completed] in 11.35 minutes ==========
2025-07-18 18:33:50 - INFO - ========== [Experiment Training Complete] ==========
2025-07-18 18:33:50 - INFO - Results saved to /home/jovyan/Workspace/workspace_mnist/results/exp_icecream_noise_saltpepper_20_pt3/exp_icecream_noise_saltpepper_20_pt3_2025-07-18_18-33-50.json
2025-07-18 18:33:50 - INFO - Results successfully saved to /home/jovyan/Workspace/workspace_mnist/results/exp_icecream_noise_saltpepper_20_pt3/exp_icecream_noise_saltpepper_20_pt3_2025-07-18_18-33-50.json
2025-07-18 18:33:50 - INFO - Forced Garbage collection executed to Free Memory.
2025-07-18 18:33:50 - INFO - ========== [Experiment Completed] in 25.79 minutes ==========
